[2021-03-17 16:32:16,104] {scheduler_job.py:182} INFO - Started process (PID=28213) to work on /Users/prathyusha/Desktop/pranathi/airflow_cnn_pipeline_final/airflow_test_env/lib/python3.7/site-packages/airflow/example_dags/example_bash_operator.py
[2021-03-17 16:32:16,106] {scheduler_job.py:629} INFO - Processing file /Users/prathyusha/Desktop/pranathi/airflow_cnn_pipeline_final/airflow_test_env/lib/python3.7/site-packages/airflow/example_dags/example_bash_operator.py for tasks to queue
[2021-03-17 16:32:16,107] {logging_mixin.py:104} INFO - [2021-03-17 16:32:16,107] {dagbag.py:448} INFO - Filling up the DagBag from /Users/prathyusha/Desktop/pranathi/airflow_cnn_pipeline_final/airflow_test_env/lib/python3.7/site-packages/airflow/example_dags/example_bash_operator.py
[2021-03-17 16:32:16,120] {scheduler_job.py:639} INFO - DAG(s) dict_keys(['example_bash_operator']) retrieved from /Users/prathyusha/Desktop/pranathi/airflow_cnn_pipeline_final/airflow_test_env/lib/python3.7/site-packages/airflow/example_dags/example_bash_operator.py
[2021-03-17 16:32:16,134] {logging_mixin.py:104} INFO - [2021-03-17 16:32:16,134] {dag.py:1818} INFO - Sync 1 DAGs
[2021-03-17 16:32:16,151] {logging_mixin.py:104} INFO - [2021-03-17 16:32:16,151] {dag.py:2273} INFO - Setting next_dagrun for example_bash_operator to 2021-03-15 00:00:00+00:00
[2021-03-17 16:32:16,158] {scheduler_job.py:190} INFO - Processing /Users/prathyusha/Desktop/pranathi/airflow_cnn_pipeline_final/airflow_test_env/lib/python3.7/site-packages/airflow/example_dags/example_bash_operator.py took 0.058 seconds
[2021-03-17 16:32:46,894] {scheduler_job.py:182} INFO - Started process (PID=28264) to work on /Users/prathyusha/Desktop/pranathi/airflow_cnn_pipeline_final/airflow_test_env/lib/python3.7/site-packages/airflow/example_dags/example_bash_operator.py
[2021-03-17 16:32:46,897] {scheduler_job.py:629} INFO - Processing file /Users/prathyusha/Desktop/pranathi/airflow_cnn_pipeline_final/airflow_test_env/lib/python3.7/site-packages/airflow/example_dags/example_bash_operator.py for tasks to queue
[2021-03-17 16:32:46,899] {logging_mixin.py:104} INFO - [2021-03-17 16:32:46,898] {dagbag.py:448} INFO - Filling up the DagBag from /Users/prathyusha/Desktop/pranathi/airflow_cnn_pipeline_final/airflow_test_env/lib/python3.7/site-packages/airflow/example_dags/example_bash_operator.py
[2021-03-17 16:32:46,915] {scheduler_job.py:639} INFO - DAG(s) dict_keys(['example_bash_operator']) retrieved from /Users/prathyusha/Desktop/pranathi/airflow_cnn_pipeline_final/airflow_test_env/lib/python3.7/site-packages/airflow/example_dags/example_bash_operator.py
[2021-03-17 16:32:46,929] {logging_mixin.py:104} INFO - [2021-03-17 16:32:46,928] {dag.py:1818} INFO - Sync 1 DAGs
[2021-03-17 16:32:46,946] {logging_mixin.py:104} INFO - [2021-03-17 16:32:46,946] {dag.py:2273} INFO - Setting next_dagrun for example_bash_operator to 2021-03-15 00:00:00+00:00
[2021-03-17 16:32:46,954] {scheduler_job.py:190} INFO - Processing /Users/prathyusha/Desktop/pranathi/airflow_cnn_pipeline_final/airflow_test_env/lib/python3.7/site-packages/airflow/example_dags/example_bash_operator.py took 0.064 seconds
[2021-03-17 16:33:17,731] {scheduler_job.py:182} INFO - Started process (PID=28293) to work on /Users/prathyusha/Desktop/pranathi/airflow_cnn_pipeline_final/airflow_test_env/lib/python3.7/site-packages/airflow/example_dags/example_bash_operator.py
[2021-03-17 16:33:17,733] {scheduler_job.py:629} INFO - Processing file /Users/prathyusha/Desktop/pranathi/airflow_cnn_pipeline_final/airflow_test_env/lib/python3.7/site-packages/airflow/example_dags/example_bash_operator.py for tasks to queue
[2021-03-17 16:33:17,734] {logging_mixin.py:104} INFO - [2021-03-17 16:33:17,734] {dagbag.py:448} INFO - Filling up the DagBag from /Users/prathyusha/Desktop/pranathi/airflow_cnn_pipeline_final/airflow_test_env/lib/python3.7/site-packages/airflow/example_dags/example_bash_operator.py
[2021-03-17 16:33:17,748] {scheduler_job.py:639} INFO - DAG(s) dict_keys(['example_bash_operator']) retrieved from /Users/prathyusha/Desktop/pranathi/airflow_cnn_pipeline_final/airflow_test_env/lib/python3.7/site-packages/airflow/example_dags/example_bash_operator.py
[2021-03-17 16:33:17,762] {logging_mixin.py:104} INFO - [2021-03-17 16:33:17,762] {dag.py:1818} INFO - Sync 1 DAGs
[2021-03-17 16:33:17,780] {logging_mixin.py:104} INFO - [2021-03-17 16:33:17,779] {dag.py:2273} INFO - Setting next_dagrun for example_bash_operator to 2021-03-15 00:00:00+00:00
[2021-03-17 16:33:17,787] {scheduler_job.py:190} INFO - Processing /Users/prathyusha/Desktop/pranathi/airflow_cnn_pipeline_final/airflow_test_env/lib/python3.7/site-packages/airflow/example_dags/example_bash_operator.py took 0.060 seconds
[2021-03-17 16:33:48,566] {scheduler_job.py:182} INFO - Started process (PID=28328) to work on /Users/prathyusha/Desktop/pranathi/airflow_cnn_pipeline_final/airflow_test_env/lib/python3.7/site-packages/airflow/example_dags/example_bash_operator.py
[2021-03-17 16:33:48,570] {scheduler_job.py:629} INFO - Processing file /Users/prathyusha/Desktop/pranathi/airflow_cnn_pipeline_final/airflow_test_env/lib/python3.7/site-packages/airflow/example_dags/example_bash_operator.py for tasks to queue
[2021-03-17 16:33:48,572] {logging_mixin.py:104} INFO - [2021-03-17 16:33:48,571] {dagbag.py:448} INFO - Filling up the DagBag from /Users/prathyusha/Desktop/pranathi/airflow_cnn_pipeline_final/airflow_test_env/lib/python3.7/site-packages/airflow/example_dags/example_bash_operator.py
[2021-03-17 16:33:48,588] {scheduler_job.py:639} INFO - DAG(s) dict_keys(['example_bash_operator']) retrieved from /Users/prathyusha/Desktop/pranathi/airflow_cnn_pipeline_final/airflow_test_env/lib/python3.7/site-packages/airflow/example_dags/example_bash_operator.py
[2021-03-17 16:33:48,602] {logging_mixin.py:104} INFO - [2021-03-17 16:33:48,602] {dag.py:1818} INFO - Sync 1 DAGs
[2021-03-17 16:33:48,620] {logging_mixin.py:104} INFO - [2021-03-17 16:33:48,620] {dag.py:2273} INFO - Setting next_dagrun for example_bash_operator to 2021-03-15 00:00:00+00:00
[2021-03-17 16:33:48,628] {scheduler_job.py:190} INFO - Processing /Users/prathyusha/Desktop/pranathi/airflow_cnn_pipeline_final/airflow_test_env/lib/python3.7/site-packages/airflow/example_dags/example_bash_operator.py took 0.066 seconds
[2021-03-17 16:34:19,295] {scheduler_job.py:182} INFO - Started process (PID=28357) to work on /Users/prathyusha/Desktop/pranathi/airflow_cnn_pipeline_final/airflow_test_env/lib/python3.7/site-packages/airflow/example_dags/example_bash_operator.py
[2021-03-17 16:34:19,296] {scheduler_job.py:629} INFO - Processing file /Users/prathyusha/Desktop/pranathi/airflow_cnn_pipeline_final/airflow_test_env/lib/python3.7/site-packages/airflow/example_dags/example_bash_operator.py for tasks to queue
[2021-03-17 16:34:19,299] {logging_mixin.py:104} INFO - [2021-03-17 16:34:19,298] {dagbag.py:448} INFO - Filling up the DagBag from /Users/prathyusha/Desktop/pranathi/airflow_cnn_pipeline_final/airflow_test_env/lib/python3.7/site-packages/airflow/example_dags/example_bash_operator.py
[2021-03-17 16:34:19,313] {scheduler_job.py:639} INFO - DAG(s) dict_keys(['example_bash_operator']) retrieved from /Users/prathyusha/Desktop/pranathi/airflow_cnn_pipeline_final/airflow_test_env/lib/python3.7/site-packages/airflow/example_dags/example_bash_operator.py
[2021-03-17 16:34:19,328] {logging_mixin.py:104} INFO - [2021-03-17 16:34:19,328] {dag.py:1818} INFO - Sync 1 DAGs
[2021-03-17 16:34:19,347] {logging_mixin.py:104} INFO - [2021-03-17 16:34:19,346] {dag.py:2273} INFO - Setting next_dagrun for example_bash_operator to 2021-03-15 00:00:00+00:00
[2021-03-17 16:34:19,354] {scheduler_job.py:190} INFO - Processing /Users/prathyusha/Desktop/pranathi/airflow_cnn_pipeline_final/airflow_test_env/lib/python3.7/site-packages/airflow/example_dags/example_bash_operator.py took 0.063 seconds
[2021-03-17 16:34:50,088] {scheduler_job.py:182} INFO - Started process (PID=28386) to work on /Users/prathyusha/Desktop/pranathi/airflow_cnn_pipeline_final/airflow_test_env/lib/python3.7/site-packages/airflow/example_dags/example_bash_operator.py
[2021-03-17 16:34:50,090] {scheduler_job.py:629} INFO - Processing file /Users/prathyusha/Desktop/pranathi/airflow_cnn_pipeline_final/airflow_test_env/lib/python3.7/site-packages/airflow/example_dags/example_bash_operator.py for tasks to queue
[2021-03-17 16:34:50,091] {logging_mixin.py:104} INFO - [2021-03-17 16:34:50,091] {dagbag.py:448} INFO - Filling up the DagBag from /Users/prathyusha/Desktop/pranathi/airflow_cnn_pipeline_final/airflow_test_env/lib/python3.7/site-packages/airflow/example_dags/example_bash_operator.py
[2021-03-17 16:34:50,106] {scheduler_job.py:639} INFO - DAG(s) dict_keys(['example_bash_operator']) retrieved from /Users/prathyusha/Desktop/pranathi/airflow_cnn_pipeline_final/airflow_test_env/lib/python3.7/site-packages/airflow/example_dags/example_bash_operator.py
[2021-03-17 16:34:50,121] {logging_mixin.py:104} INFO - [2021-03-17 16:34:50,120] {dag.py:1818} INFO - Sync 1 DAGs
[2021-03-17 16:34:50,138] {logging_mixin.py:104} INFO - [2021-03-17 16:34:50,138] {dag.py:2273} INFO - Setting next_dagrun for example_bash_operator to 2021-03-15 00:00:00+00:00
[2021-03-17 16:34:50,146] {scheduler_job.py:190} INFO - Processing /Users/prathyusha/Desktop/pranathi/airflow_cnn_pipeline_final/airflow_test_env/lib/python3.7/site-packages/airflow/example_dags/example_bash_operator.py took 0.062 seconds
[2021-03-17 16:35:20,816] {scheduler_job.py:182} INFO - Started process (PID=28422) to work on /Users/prathyusha/Desktop/pranathi/airflow_cnn_pipeline_final/airflow_test_env/lib/python3.7/site-packages/airflow/example_dags/example_bash_operator.py
[2021-03-17 16:35:20,818] {scheduler_job.py:629} INFO - Processing file /Users/prathyusha/Desktop/pranathi/airflow_cnn_pipeline_final/airflow_test_env/lib/python3.7/site-packages/airflow/example_dags/example_bash_operator.py for tasks to queue
[2021-03-17 16:35:20,819] {logging_mixin.py:104} INFO - [2021-03-17 16:35:20,819] {dagbag.py:448} INFO - Filling up the DagBag from /Users/prathyusha/Desktop/pranathi/airflow_cnn_pipeline_final/airflow_test_env/lib/python3.7/site-packages/airflow/example_dags/example_bash_operator.py
[2021-03-17 16:35:20,832] {scheduler_job.py:639} INFO - DAG(s) dict_keys(['example_bash_operator']) retrieved from /Users/prathyusha/Desktop/pranathi/airflow_cnn_pipeline_final/airflow_test_env/lib/python3.7/site-packages/airflow/example_dags/example_bash_operator.py
[2021-03-17 16:35:20,846] {logging_mixin.py:104} INFO - [2021-03-17 16:35:20,846] {dag.py:1818} INFO - Sync 1 DAGs
[2021-03-17 16:35:20,863] {logging_mixin.py:104} INFO - [2021-03-17 16:35:20,863] {dag.py:2273} INFO - Setting next_dagrun for example_bash_operator to 2021-03-15 00:00:00+00:00
[2021-03-17 16:35:20,873] {scheduler_job.py:190} INFO - Processing /Users/prathyusha/Desktop/pranathi/airflow_cnn_pipeline_final/airflow_test_env/lib/python3.7/site-packages/airflow/example_dags/example_bash_operator.py took 0.061 seconds
[2021-03-17 16:35:51,667] {scheduler_job.py:182} INFO - Started process (PID=28464) to work on /Users/prathyusha/Desktop/pranathi/airflow_cnn_pipeline_final/airflow_test_env/lib/python3.7/site-packages/airflow/example_dags/example_bash_operator.py
[2021-03-17 16:35:51,671] {scheduler_job.py:629} INFO - Processing file /Users/prathyusha/Desktop/pranathi/airflow_cnn_pipeline_final/airflow_test_env/lib/python3.7/site-packages/airflow/example_dags/example_bash_operator.py for tasks to queue
[2021-03-17 16:35:51,673] {logging_mixin.py:104} INFO - [2021-03-17 16:35:51,672] {dagbag.py:448} INFO - Filling up the DagBag from /Users/prathyusha/Desktop/pranathi/airflow_cnn_pipeline_final/airflow_test_env/lib/python3.7/site-packages/airflow/example_dags/example_bash_operator.py
[2021-03-17 16:35:51,687] {scheduler_job.py:639} INFO - DAG(s) dict_keys(['example_bash_operator']) retrieved from /Users/prathyusha/Desktop/pranathi/airflow_cnn_pipeline_final/airflow_test_env/lib/python3.7/site-packages/airflow/example_dags/example_bash_operator.py
[2021-03-17 16:35:51,706] {logging_mixin.py:104} INFO - [2021-03-17 16:35:51,705] {dag.py:1818} INFO - Sync 1 DAGs
[2021-03-17 16:35:51,733] {logging_mixin.py:104} INFO - [2021-03-17 16:35:51,733] {dag.py:2273} INFO - Setting next_dagrun for example_bash_operator to 2021-03-15 00:00:00+00:00
[2021-03-17 16:35:51,742] {scheduler_job.py:190} INFO - Processing /Users/prathyusha/Desktop/pranathi/airflow_cnn_pipeline_final/airflow_test_env/lib/python3.7/site-packages/airflow/example_dags/example_bash_operator.py took 0.078 seconds
[2021-03-17 16:36:22,467] {scheduler_job.py:182} INFO - Started process (PID=28499) to work on /Users/prathyusha/Desktop/pranathi/airflow_cnn_pipeline_final/airflow_test_env/lib/python3.7/site-packages/airflow/example_dags/example_bash_operator.py
[2021-03-17 16:36:22,469] {scheduler_job.py:629} INFO - Processing file /Users/prathyusha/Desktop/pranathi/airflow_cnn_pipeline_final/airflow_test_env/lib/python3.7/site-packages/airflow/example_dags/example_bash_operator.py for tasks to queue
[2021-03-17 16:36:22,471] {logging_mixin.py:104} INFO - [2021-03-17 16:36:22,470] {dagbag.py:448} INFO - Filling up the DagBag from /Users/prathyusha/Desktop/pranathi/airflow_cnn_pipeline_final/airflow_test_env/lib/python3.7/site-packages/airflow/example_dags/example_bash_operator.py
[2021-03-17 16:36:22,485] {scheduler_job.py:639} INFO - DAG(s) dict_keys(['example_bash_operator']) retrieved from /Users/prathyusha/Desktop/pranathi/airflow_cnn_pipeline_final/airflow_test_env/lib/python3.7/site-packages/airflow/example_dags/example_bash_operator.py
[2021-03-17 16:36:22,499] {logging_mixin.py:104} INFO - [2021-03-17 16:36:22,498] {dag.py:1818} INFO - Sync 1 DAGs
[2021-03-17 16:36:22,516] {logging_mixin.py:104} INFO - [2021-03-17 16:36:22,516] {dag.py:2273} INFO - Setting next_dagrun for example_bash_operator to 2021-03-15 00:00:00+00:00
[2021-03-17 16:36:22,524] {scheduler_job.py:190} INFO - Processing /Users/prathyusha/Desktop/pranathi/airflow_cnn_pipeline_final/airflow_test_env/lib/python3.7/site-packages/airflow/example_dags/example_bash_operator.py took 0.062 seconds
[2021-03-17 16:36:53,301] {scheduler_job.py:182} INFO - Started process (PID=28528) to work on /Users/prathyusha/Desktop/pranathi/airflow_cnn_pipeline_final/airflow_test_env/lib/python3.7/site-packages/airflow/example_dags/example_bash_operator.py
[2021-03-17 16:36:53,303] {scheduler_job.py:629} INFO - Processing file /Users/prathyusha/Desktop/pranathi/airflow_cnn_pipeline_final/airflow_test_env/lib/python3.7/site-packages/airflow/example_dags/example_bash_operator.py for tasks to queue
[2021-03-17 16:36:53,304] {logging_mixin.py:104} INFO - [2021-03-17 16:36:53,304] {dagbag.py:448} INFO - Filling up the DagBag from /Users/prathyusha/Desktop/pranathi/airflow_cnn_pipeline_final/airflow_test_env/lib/python3.7/site-packages/airflow/example_dags/example_bash_operator.py
[2021-03-17 16:36:53,319] {scheduler_job.py:639} INFO - DAG(s) dict_keys(['example_bash_operator']) retrieved from /Users/prathyusha/Desktop/pranathi/airflow_cnn_pipeline_final/airflow_test_env/lib/python3.7/site-packages/airflow/example_dags/example_bash_operator.py
[2021-03-17 16:36:53,335] {logging_mixin.py:104} INFO - [2021-03-17 16:36:53,334] {dag.py:1818} INFO - Sync 1 DAGs
[2021-03-17 16:36:53,353] {logging_mixin.py:104} INFO - [2021-03-17 16:36:53,353] {dag.py:2273} INFO - Setting next_dagrun for example_bash_operator to 2021-03-15 00:00:00+00:00
[2021-03-17 16:36:53,361] {scheduler_job.py:190} INFO - Processing /Users/prathyusha/Desktop/pranathi/airflow_cnn_pipeline_final/airflow_test_env/lib/python3.7/site-packages/airflow/example_dags/example_bash_operator.py took 0.064 seconds
[2021-03-17 16:37:24,149] {scheduler_job.py:182} INFO - Started process (PID=28558) to work on /Users/prathyusha/Desktop/pranathi/airflow_cnn_pipeline_final/airflow_test_env/lib/python3.7/site-packages/airflow/example_dags/example_bash_operator.py
[2021-03-17 16:37:24,150] {scheduler_job.py:629} INFO - Processing file /Users/prathyusha/Desktop/pranathi/airflow_cnn_pipeline_final/airflow_test_env/lib/python3.7/site-packages/airflow/example_dags/example_bash_operator.py for tasks to queue
[2021-03-17 16:37:24,152] {logging_mixin.py:104} INFO - [2021-03-17 16:37:24,151] {dagbag.py:448} INFO - Filling up the DagBag from /Users/prathyusha/Desktop/pranathi/airflow_cnn_pipeline_final/airflow_test_env/lib/python3.7/site-packages/airflow/example_dags/example_bash_operator.py
[2021-03-17 16:37:24,165] {scheduler_job.py:639} INFO - DAG(s) dict_keys(['example_bash_operator']) retrieved from /Users/prathyusha/Desktop/pranathi/airflow_cnn_pipeline_final/airflow_test_env/lib/python3.7/site-packages/airflow/example_dags/example_bash_operator.py
[2021-03-17 16:37:24,179] {logging_mixin.py:104} INFO - [2021-03-17 16:37:24,179] {dag.py:1818} INFO - Sync 1 DAGs
[2021-03-17 16:37:24,198] {logging_mixin.py:104} INFO - [2021-03-17 16:37:24,198] {dag.py:2273} INFO - Setting next_dagrun for example_bash_operator to 2021-03-15 00:00:00+00:00
[2021-03-17 16:37:24,206] {scheduler_job.py:190} INFO - Processing /Users/prathyusha/Desktop/pranathi/airflow_cnn_pipeline_final/airflow_test_env/lib/python3.7/site-packages/airflow/example_dags/example_bash_operator.py took 0.061 seconds
[2021-03-17 16:37:54,894] {scheduler_job.py:182} INFO - Started process (PID=28591) to work on /Users/prathyusha/Desktop/pranathi/airflow_cnn_pipeline_final/airflow_test_env/lib/python3.7/site-packages/airflow/example_dags/example_bash_operator.py
[2021-03-17 16:37:54,897] {scheduler_job.py:629} INFO - Processing file /Users/prathyusha/Desktop/pranathi/airflow_cnn_pipeline_final/airflow_test_env/lib/python3.7/site-packages/airflow/example_dags/example_bash_operator.py for tasks to queue
[2021-03-17 16:37:54,898] {logging_mixin.py:104} INFO - [2021-03-17 16:37:54,898] {dagbag.py:448} INFO - Filling up the DagBag from /Users/prathyusha/Desktop/pranathi/airflow_cnn_pipeline_final/airflow_test_env/lib/python3.7/site-packages/airflow/example_dags/example_bash_operator.py
[2021-03-17 16:37:54,912] {scheduler_job.py:639} INFO - DAG(s) dict_keys(['example_bash_operator']) retrieved from /Users/prathyusha/Desktop/pranathi/airflow_cnn_pipeline_final/airflow_test_env/lib/python3.7/site-packages/airflow/example_dags/example_bash_operator.py
[2021-03-17 16:37:54,927] {logging_mixin.py:104} INFO - [2021-03-17 16:37:54,927] {dag.py:1818} INFO - Sync 1 DAGs
[2021-03-17 16:37:54,945] {logging_mixin.py:104} INFO - [2021-03-17 16:37:54,945] {dag.py:2273} INFO - Setting next_dagrun for example_bash_operator to 2021-03-15 00:00:00+00:00
[2021-03-17 16:37:54,952] {scheduler_job.py:190} INFO - Processing /Users/prathyusha/Desktop/pranathi/airflow_cnn_pipeline_final/airflow_test_env/lib/python3.7/site-packages/airflow/example_dags/example_bash_operator.py took 0.062 seconds
[2021-03-17 16:38:25,725] {scheduler_job.py:182} INFO - Started process (PID=28621) to work on /Users/prathyusha/Desktop/pranathi/airflow_cnn_pipeline_final/airflow_test_env/lib/python3.7/site-packages/airflow/example_dags/example_bash_operator.py
[2021-03-17 16:38:25,726] {scheduler_job.py:629} INFO - Processing file /Users/prathyusha/Desktop/pranathi/airflow_cnn_pipeline_final/airflow_test_env/lib/python3.7/site-packages/airflow/example_dags/example_bash_operator.py for tasks to queue
[2021-03-17 16:38:25,728] {logging_mixin.py:104} INFO - [2021-03-17 16:38:25,727] {dagbag.py:448} INFO - Filling up the DagBag from /Users/prathyusha/Desktop/pranathi/airflow_cnn_pipeline_final/airflow_test_env/lib/python3.7/site-packages/airflow/example_dags/example_bash_operator.py
[2021-03-17 16:38:25,742] {scheduler_job.py:639} INFO - DAG(s) dict_keys(['example_bash_operator']) retrieved from /Users/prathyusha/Desktop/pranathi/airflow_cnn_pipeline_final/airflow_test_env/lib/python3.7/site-packages/airflow/example_dags/example_bash_operator.py
[2021-03-17 16:38:25,756] {logging_mixin.py:104} INFO - [2021-03-17 16:38:25,756] {dag.py:1818} INFO - Sync 1 DAGs
[2021-03-17 16:38:25,774] {logging_mixin.py:104} INFO - [2021-03-17 16:38:25,774] {dag.py:2273} INFO - Setting next_dagrun for example_bash_operator to 2021-03-15 00:00:00+00:00
[2021-03-17 16:38:25,783] {scheduler_job.py:190} INFO - Processing /Users/prathyusha/Desktop/pranathi/airflow_cnn_pipeline_final/airflow_test_env/lib/python3.7/site-packages/airflow/example_dags/example_bash_operator.py took 0.062 seconds
[2021-03-17 16:38:56,563] {scheduler_job.py:182} INFO - Started process (PID=28688) to work on /Users/prathyusha/Desktop/pranathi/airflow_cnn_pipeline_final/airflow_test_env/lib/python3.7/site-packages/airflow/example_dags/example_bash_operator.py
[2021-03-17 16:38:56,566] {scheduler_job.py:629} INFO - Processing file /Users/prathyusha/Desktop/pranathi/airflow_cnn_pipeline_final/airflow_test_env/lib/python3.7/site-packages/airflow/example_dags/example_bash_operator.py for tasks to queue
[2021-03-17 16:38:56,567] {logging_mixin.py:104} INFO - [2021-03-17 16:38:56,567] {dagbag.py:448} INFO - Filling up the DagBag from /Users/prathyusha/Desktop/pranathi/airflow_cnn_pipeline_final/airflow_test_env/lib/python3.7/site-packages/airflow/example_dags/example_bash_operator.py
[2021-03-17 16:38:56,585] {scheduler_job.py:639} INFO - DAG(s) dict_keys(['example_bash_operator']) retrieved from /Users/prathyusha/Desktop/pranathi/airflow_cnn_pipeline_final/airflow_test_env/lib/python3.7/site-packages/airflow/example_dags/example_bash_operator.py
[2021-03-17 16:38:56,600] {logging_mixin.py:104} INFO - [2021-03-17 16:38:56,600] {dag.py:1818} INFO - Sync 1 DAGs
[2021-03-17 16:38:56,621] {logging_mixin.py:104} INFO - [2021-03-17 16:38:56,620] {dag.py:2273} INFO - Setting next_dagrun for example_bash_operator to 2021-03-15 00:00:00+00:00
[2021-03-17 16:38:56,629] {scheduler_job.py:190} INFO - Processing /Users/prathyusha/Desktop/pranathi/airflow_cnn_pipeline_final/airflow_test_env/lib/python3.7/site-packages/airflow/example_dags/example_bash_operator.py took 0.070 seconds
[2021-03-17 16:39:27,298] {scheduler_job.py:182} INFO - Started process (PID=28736) to work on /Users/prathyusha/Desktop/pranathi/airflow_cnn_pipeline_final/airflow_test_env/lib/python3.7/site-packages/airflow/example_dags/example_bash_operator.py
[2021-03-17 16:39:27,300] {scheduler_job.py:629} INFO - Processing file /Users/prathyusha/Desktop/pranathi/airflow_cnn_pipeline_final/airflow_test_env/lib/python3.7/site-packages/airflow/example_dags/example_bash_operator.py for tasks to queue
[2021-03-17 16:39:27,301] {logging_mixin.py:104} INFO - [2021-03-17 16:39:27,300] {dagbag.py:448} INFO - Filling up the DagBag from /Users/prathyusha/Desktop/pranathi/airflow_cnn_pipeline_final/airflow_test_env/lib/python3.7/site-packages/airflow/example_dags/example_bash_operator.py
[2021-03-17 16:39:27,315] {scheduler_job.py:639} INFO - DAG(s) dict_keys(['example_bash_operator']) retrieved from /Users/prathyusha/Desktop/pranathi/airflow_cnn_pipeline_final/airflow_test_env/lib/python3.7/site-packages/airflow/example_dags/example_bash_operator.py
[2021-03-17 16:39:27,330] {logging_mixin.py:104} INFO - [2021-03-17 16:39:27,330] {dag.py:1818} INFO - Sync 1 DAGs
[2021-03-17 16:39:27,347] {logging_mixin.py:104} INFO - [2021-03-17 16:39:27,347] {dag.py:2273} INFO - Setting next_dagrun for example_bash_operator to 2021-03-15 00:00:00+00:00
[2021-03-17 16:39:27,355] {scheduler_job.py:190} INFO - Processing /Users/prathyusha/Desktop/pranathi/airflow_cnn_pipeline_final/airflow_test_env/lib/python3.7/site-packages/airflow/example_dags/example_bash_operator.py took 0.061 seconds
[2021-03-17 16:39:57,899] {scheduler_job.py:182} INFO - Started process (PID=28765) to work on /Users/prathyusha/Desktop/pranathi/airflow_cnn_pipeline_final/airflow_test_env/lib/python3.7/site-packages/airflow/example_dags/example_bash_operator.py
[2021-03-17 16:39:57,901] {scheduler_job.py:629} INFO - Processing file /Users/prathyusha/Desktop/pranathi/airflow_cnn_pipeline_final/airflow_test_env/lib/python3.7/site-packages/airflow/example_dags/example_bash_operator.py for tasks to queue
[2021-03-17 16:39:57,903] {logging_mixin.py:104} INFO - [2021-03-17 16:39:57,902] {dagbag.py:448} INFO - Filling up the DagBag from /Users/prathyusha/Desktop/pranathi/airflow_cnn_pipeline_final/airflow_test_env/lib/python3.7/site-packages/airflow/example_dags/example_bash_operator.py
[2021-03-17 16:39:57,918] {scheduler_job.py:639} INFO - DAG(s) dict_keys(['example_bash_operator']) retrieved from /Users/prathyusha/Desktop/pranathi/airflow_cnn_pipeline_final/airflow_test_env/lib/python3.7/site-packages/airflow/example_dags/example_bash_operator.py
[2021-03-17 16:39:57,933] {logging_mixin.py:104} INFO - [2021-03-17 16:39:57,933] {dag.py:1818} INFO - Sync 1 DAGs
[2021-03-17 16:39:57,951] {logging_mixin.py:104} INFO - [2021-03-17 16:39:57,950] {dag.py:2273} INFO - Setting next_dagrun for example_bash_operator to 2021-03-15 00:00:00+00:00
[2021-03-17 16:39:57,958] {scheduler_job.py:190} INFO - Processing /Users/prathyusha/Desktop/pranathi/airflow_cnn_pipeline_final/airflow_test_env/lib/python3.7/site-packages/airflow/example_dags/example_bash_operator.py took 0.063 seconds
[2021-03-17 16:40:28,735] {scheduler_job.py:182} INFO - Started process (PID=28815) to work on /Users/prathyusha/Desktop/pranathi/airflow_cnn_pipeline_final/airflow_test_env/lib/python3.7/site-packages/airflow/example_dags/example_bash_operator.py
[2021-03-17 16:40:28,739] {scheduler_job.py:629} INFO - Processing file /Users/prathyusha/Desktop/pranathi/airflow_cnn_pipeline_final/airflow_test_env/lib/python3.7/site-packages/airflow/example_dags/example_bash_operator.py for tasks to queue
[2021-03-17 16:40:28,741] {logging_mixin.py:104} INFO - [2021-03-17 16:40:28,740] {dagbag.py:448} INFO - Filling up the DagBag from /Users/prathyusha/Desktop/pranathi/airflow_cnn_pipeline_final/airflow_test_env/lib/python3.7/site-packages/airflow/example_dags/example_bash_operator.py
[2021-03-17 16:40:28,760] {scheduler_job.py:639} INFO - DAG(s) dict_keys(['example_bash_operator']) retrieved from /Users/prathyusha/Desktop/pranathi/airflow_cnn_pipeline_final/airflow_test_env/lib/python3.7/site-packages/airflow/example_dags/example_bash_operator.py
[2021-03-17 16:40:28,779] {logging_mixin.py:104} INFO - [2021-03-17 16:40:28,779] {dag.py:1818} INFO - Sync 1 DAGs
[2021-03-17 16:40:28,803] {logging_mixin.py:104} INFO - [2021-03-17 16:40:28,803] {dag.py:2273} INFO - Setting next_dagrun for example_bash_operator to 2021-03-15 00:00:00+00:00
[2021-03-17 16:40:28,816] {scheduler_job.py:190} INFO - Processing /Users/prathyusha/Desktop/pranathi/airflow_cnn_pipeline_final/airflow_test_env/lib/python3.7/site-packages/airflow/example_dags/example_bash_operator.py took 0.085 seconds
[2021-03-17 16:40:59,787] {scheduler_job.py:182} INFO - Started process (PID=28851) to work on /Users/prathyusha/Desktop/pranathi/airflow_cnn_pipeline_final/airflow_test_env/lib/python3.7/site-packages/airflow/example_dags/example_bash_operator.py
[2021-03-17 16:40:59,792] {scheduler_job.py:629} INFO - Processing file /Users/prathyusha/Desktop/pranathi/airflow_cnn_pipeline_final/airflow_test_env/lib/python3.7/site-packages/airflow/example_dags/example_bash_operator.py for tasks to queue
[2021-03-17 16:40:59,794] {logging_mixin.py:104} INFO - [2021-03-17 16:40:59,794] {dagbag.py:448} INFO - Filling up the DagBag from /Users/prathyusha/Desktop/pranathi/airflow_cnn_pipeline_final/airflow_test_env/lib/python3.7/site-packages/airflow/example_dags/example_bash_operator.py
[2021-03-17 16:40:59,810] {scheduler_job.py:639} INFO - DAG(s) dict_keys(['example_bash_operator']) retrieved from /Users/prathyusha/Desktop/pranathi/airflow_cnn_pipeline_final/airflow_test_env/lib/python3.7/site-packages/airflow/example_dags/example_bash_operator.py
[2021-03-17 16:40:59,827] {logging_mixin.py:104} INFO - [2021-03-17 16:40:59,827] {dag.py:1818} INFO - Sync 1 DAGs
[2021-03-17 16:40:59,847] {logging_mixin.py:104} INFO - [2021-03-17 16:40:59,846] {dag.py:2273} INFO - Setting next_dagrun for example_bash_operator to 2021-03-15 00:00:00+00:00
[2021-03-17 16:40:59,855] {scheduler_job.py:190} INFO - Processing /Users/prathyusha/Desktop/pranathi/airflow_cnn_pipeline_final/airflow_test_env/lib/python3.7/site-packages/airflow/example_dags/example_bash_operator.py took 0.072 seconds
[2021-03-17 16:41:30,628] {scheduler_job.py:182} INFO - Started process (PID=28881) to work on /Users/prathyusha/Desktop/pranathi/airflow_cnn_pipeline_final/airflow_test_env/lib/python3.7/site-packages/airflow/example_dags/example_bash_operator.py
[2021-03-17 16:41:30,630] {scheduler_job.py:629} INFO - Processing file /Users/prathyusha/Desktop/pranathi/airflow_cnn_pipeline_final/airflow_test_env/lib/python3.7/site-packages/airflow/example_dags/example_bash_operator.py for tasks to queue
[2021-03-17 16:41:30,632] {logging_mixin.py:104} INFO - [2021-03-17 16:41:30,631] {dagbag.py:448} INFO - Filling up the DagBag from /Users/prathyusha/Desktop/pranathi/airflow_cnn_pipeline_final/airflow_test_env/lib/python3.7/site-packages/airflow/example_dags/example_bash_operator.py
[2021-03-17 16:41:30,648] {scheduler_job.py:639} INFO - DAG(s) dict_keys(['example_bash_operator']) retrieved from /Users/prathyusha/Desktop/pranathi/airflow_cnn_pipeline_final/airflow_test_env/lib/python3.7/site-packages/airflow/example_dags/example_bash_operator.py
[2021-03-17 16:41:30,664] {logging_mixin.py:104} INFO - [2021-03-17 16:41:30,663] {dag.py:1818} INFO - Sync 1 DAGs
[2021-03-17 16:41:30,684] {logging_mixin.py:104} INFO - [2021-03-17 16:41:30,683] {dag.py:2273} INFO - Setting next_dagrun for example_bash_operator to 2021-03-15 00:00:00+00:00
[2021-03-17 16:41:30,691] {scheduler_job.py:190} INFO - Processing /Users/prathyusha/Desktop/pranathi/airflow_cnn_pipeline_final/airflow_test_env/lib/python3.7/site-packages/airflow/example_dags/example_bash_operator.py took 0.068 seconds
[2021-03-17 16:42:01,121] {scheduler_job.py:182} INFO - Started process (PID=28921) to work on /Users/prathyusha/Desktop/pranathi/airflow_cnn_pipeline_final/airflow_test_env/lib/python3.7/site-packages/airflow/example_dags/example_bash_operator.py
[2021-03-17 16:42:01,125] {scheduler_job.py:629} INFO - Processing file /Users/prathyusha/Desktop/pranathi/airflow_cnn_pipeline_final/airflow_test_env/lib/python3.7/site-packages/airflow/example_dags/example_bash_operator.py for tasks to queue
[2021-03-17 16:42:01,127] {logging_mixin.py:104} INFO - [2021-03-17 16:42:01,126] {dagbag.py:448} INFO - Filling up the DagBag from /Users/prathyusha/Desktop/pranathi/airflow_cnn_pipeline_final/airflow_test_env/lib/python3.7/site-packages/airflow/example_dags/example_bash_operator.py
[2021-03-17 16:42:01,148] {scheduler_job.py:639} INFO - DAG(s) dict_keys(['example_bash_operator']) retrieved from /Users/prathyusha/Desktop/pranathi/airflow_cnn_pipeline_final/airflow_test_env/lib/python3.7/site-packages/airflow/example_dags/example_bash_operator.py
[2021-03-17 16:42:01,170] {logging_mixin.py:104} INFO - [2021-03-17 16:42:01,169] {dag.py:1818} INFO - Sync 1 DAGs
[2021-03-17 16:42:01,207] {logging_mixin.py:104} INFO - [2021-03-17 16:42:01,206] {dag.py:2273} INFO - Setting next_dagrun for example_bash_operator to 2021-03-15 00:00:00+00:00
[2021-03-17 16:42:01,230] {scheduler_job.py:190} INFO - Processing /Users/prathyusha/Desktop/pranathi/airflow_cnn_pipeline_final/airflow_test_env/lib/python3.7/site-packages/airflow/example_dags/example_bash_operator.py took 0.116 seconds
[2021-03-17 16:42:31,856] {scheduler_job.py:182} INFO - Started process (PID=28952) to work on /Users/prathyusha/Desktop/pranathi/airflow_cnn_pipeline_final/airflow_test_env/lib/python3.7/site-packages/airflow/example_dags/example_bash_operator.py
[2021-03-17 16:42:31,858] {scheduler_job.py:629} INFO - Processing file /Users/prathyusha/Desktop/pranathi/airflow_cnn_pipeline_final/airflow_test_env/lib/python3.7/site-packages/airflow/example_dags/example_bash_operator.py for tasks to queue
[2021-03-17 16:42:31,860] {logging_mixin.py:104} INFO - [2021-03-17 16:42:31,859] {dagbag.py:448} INFO - Filling up the DagBag from /Users/prathyusha/Desktop/pranathi/airflow_cnn_pipeline_final/airflow_test_env/lib/python3.7/site-packages/airflow/example_dags/example_bash_operator.py
[2021-03-17 16:42:31,877] {scheduler_job.py:639} INFO - DAG(s) dict_keys(['example_bash_operator']) retrieved from /Users/prathyusha/Desktop/pranathi/airflow_cnn_pipeline_final/airflow_test_env/lib/python3.7/site-packages/airflow/example_dags/example_bash_operator.py
[2021-03-17 16:42:31,892] {logging_mixin.py:104} INFO - [2021-03-17 16:42:31,891] {dag.py:1818} INFO - Sync 1 DAGs
[2021-03-17 16:42:31,912] {logging_mixin.py:104} INFO - [2021-03-17 16:42:31,911] {dag.py:2273} INFO - Setting next_dagrun for example_bash_operator to 2021-03-15 00:00:00+00:00
[2021-03-17 16:42:31,920] {scheduler_job.py:190} INFO - Processing /Users/prathyusha/Desktop/pranathi/airflow_cnn_pipeline_final/airflow_test_env/lib/python3.7/site-packages/airflow/example_dags/example_bash_operator.py took 0.069 seconds
[2021-03-17 16:43:02,491] {scheduler_job.py:182} INFO - Started process (PID=28981) to work on /Users/prathyusha/Desktop/pranathi/airflow_cnn_pipeline_final/airflow_test_env/lib/python3.7/site-packages/airflow/example_dags/example_bash_operator.py
[2021-03-17 16:43:02,494] {scheduler_job.py:629} INFO - Processing file /Users/prathyusha/Desktop/pranathi/airflow_cnn_pipeline_final/airflow_test_env/lib/python3.7/site-packages/airflow/example_dags/example_bash_operator.py for tasks to queue
[2021-03-17 16:43:02,496] {logging_mixin.py:104} INFO - [2021-03-17 16:43:02,495] {dagbag.py:448} INFO - Filling up the DagBag from /Users/prathyusha/Desktop/pranathi/airflow_cnn_pipeline_final/airflow_test_env/lib/python3.7/site-packages/airflow/example_dags/example_bash_operator.py
[2021-03-17 16:43:02,511] {scheduler_job.py:639} INFO - DAG(s) dict_keys(['example_bash_operator']) retrieved from /Users/prathyusha/Desktop/pranathi/airflow_cnn_pipeline_final/airflow_test_env/lib/python3.7/site-packages/airflow/example_dags/example_bash_operator.py
[2021-03-17 16:43:02,527] {logging_mixin.py:104} INFO - [2021-03-17 16:43:02,526] {dag.py:1818} INFO - Sync 1 DAGs
[2021-03-17 16:43:02,546] {logging_mixin.py:104} INFO - [2021-03-17 16:43:02,546] {dag.py:2273} INFO - Setting next_dagrun for example_bash_operator to 2021-03-15 00:00:00+00:00
[2021-03-17 16:43:02,553] {scheduler_job.py:190} INFO - Processing /Users/prathyusha/Desktop/pranathi/airflow_cnn_pipeline_final/airflow_test_env/lib/python3.7/site-packages/airflow/example_dags/example_bash_operator.py took 0.067 seconds
[2021-03-17 16:43:33,153] {scheduler_job.py:182} INFO - Started process (PID=29014) to work on /Users/prathyusha/Desktop/pranathi/airflow_cnn_pipeline_final/airflow_test_env/lib/python3.7/site-packages/airflow/example_dags/example_bash_operator.py
[2021-03-17 16:43:33,156] {scheduler_job.py:629} INFO - Processing file /Users/prathyusha/Desktop/pranathi/airflow_cnn_pipeline_final/airflow_test_env/lib/python3.7/site-packages/airflow/example_dags/example_bash_operator.py for tasks to queue
[2021-03-17 16:43:33,158] {logging_mixin.py:104} INFO - [2021-03-17 16:43:33,157] {dagbag.py:448} INFO - Filling up the DagBag from /Users/prathyusha/Desktop/pranathi/airflow_cnn_pipeline_final/airflow_test_env/lib/python3.7/site-packages/airflow/example_dags/example_bash_operator.py
[2021-03-17 16:43:33,180] {scheduler_job.py:639} INFO - DAG(s) dict_keys(['example_bash_operator']) retrieved from /Users/prathyusha/Desktop/pranathi/airflow_cnn_pipeline_final/airflow_test_env/lib/python3.7/site-packages/airflow/example_dags/example_bash_operator.py
[2021-03-17 16:43:33,199] {logging_mixin.py:104} INFO - [2021-03-17 16:43:33,199] {dag.py:1818} INFO - Sync 1 DAGs
[2021-03-17 16:43:33,219] {logging_mixin.py:104} INFO - [2021-03-17 16:43:33,218] {dag.py:2273} INFO - Setting next_dagrun for example_bash_operator to 2021-03-15 00:00:00+00:00
[2021-03-17 16:43:33,227] {scheduler_job.py:190} INFO - Processing /Users/prathyusha/Desktop/pranathi/airflow_cnn_pipeline_final/airflow_test_env/lib/python3.7/site-packages/airflow/example_dags/example_bash_operator.py took 0.078 seconds
[2021-03-17 16:44:03,791] {scheduler_job.py:182} INFO - Started process (PID=29047) to work on /Users/prathyusha/Desktop/pranathi/airflow_cnn_pipeline_final/airflow_test_env/lib/python3.7/site-packages/airflow/example_dags/example_bash_operator.py
[2021-03-17 16:44:03,793] {scheduler_job.py:629} INFO - Processing file /Users/prathyusha/Desktop/pranathi/airflow_cnn_pipeline_final/airflow_test_env/lib/python3.7/site-packages/airflow/example_dags/example_bash_operator.py for tasks to queue
[2021-03-17 16:44:03,795] {logging_mixin.py:104} INFO - [2021-03-17 16:44:03,794] {dagbag.py:448} INFO - Filling up the DagBag from /Users/prathyusha/Desktop/pranathi/airflow_cnn_pipeline_final/airflow_test_env/lib/python3.7/site-packages/airflow/example_dags/example_bash_operator.py
[2021-03-17 16:44:03,809] {scheduler_job.py:639} INFO - DAG(s) dict_keys(['example_bash_operator']) retrieved from /Users/prathyusha/Desktop/pranathi/airflow_cnn_pipeline_final/airflow_test_env/lib/python3.7/site-packages/airflow/example_dags/example_bash_operator.py
[2021-03-17 16:44:03,825] {logging_mixin.py:104} INFO - [2021-03-17 16:44:03,825] {dag.py:1818} INFO - Sync 1 DAGs
[2021-03-17 16:44:03,854] {logging_mixin.py:104} INFO - [2021-03-17 16:44:03,854] {dag.py:2273} INFO - Setting next_dagrun for example_bash_operator to 2021-03-15 00:00:00+00:00
[2021-03-17 16:44:03,864] {scheduler_job.py:190} INFO - Processing /Users/prathyusha/Desktop/pranathi/airflow_cnn_pipeline_final/airflow_test_env/lib/python3.7/site-packages/airflow/example_dags/example_bash_operator.py took 0.077 seconds
[2021-03-17 16:44:34,318] {scheduler_job.py:182} INFO - Started process (PID=29078) to work on /Users/prathyusha/Desktop/pranathi/airflow_cnn_pipeline_final/airflow_test_env/lib/python3.7/site-packages/airflow/example_dags/example_bash_operator.py
[2021-03-17 16:44:34,321] {scheduler_job.py:629} INFO - Processing file /Users/prathyusha/Desktop/pranathi/airflow_cnn_pipeline_final/airflow_test_env/lib/python3.7/site-packages/airflow/example_dags/example_bash_operator.py for tasks to queue
[2021-03-17 16:44:34,322] {logging_mixin.py:104} INFO - [2021-03-17 16:44:34,322] {dagbag.py:448} INFO - Filling up the DagBag from /Users/prathyusha/Desktop/pranathi/airflow_cnn_pipeline_final/airflow_test_env/lib/python3.7/site-packages/airflow/example_dags/example_bash_operator.py
[2021-03-17 16:44:34,346] {scheduler_job.py:639} INFO - DAG(s) dict_keys(['example_bash_operator']) retrieved from /Users/prathyusha/Desktop/pranathi/airflow_cnn_pipeline_final/airflow_test_env/lib/python3.7/site-packages/airflow/example_dags/example_bash_operator.py
[2021-03-17 16:44:34,366] {logging_mixin.py:104} INFO - [2021-03-17 16:44:34,365] {dag.py:1818} INFO - Sync 1 DAGs
[2021-03-17 16:44:34,388] {logging_mixin.py:104} INFO - [2021-03-17 16:44:34,387] {dag.py:2273} INFO - Setting next_dagrun for example_bash_operator to 2021-03-15 00:00:00+00:00
[2021-03-17 16:44:34,396] {scheduler_job.py:190} INFO - Processing /Users/prathyusha/Desktop/pranathi/airflow_cnn_pipeline_final/airflow_test_env/lib/python3.7/site-packages/airflow/example_dags/example_bash_operator.py took 0.083 seconds
[2021-03-17 16:45:05,097] {scheduler_job.py:182} INFO - Started process (PID=29110) to work on /Users/prathyusha/Desktop/pranathi/airflow_cnn_pipeline_final/airflow_test_env/lib/python3.7/site-packages/airflow/example_dags/example_bash_operator.py
[2021-03-17 16:45:05,099] {scheduler_job.py:629} INFO - Processing file /Users/prathyusha/Desktop/pranathi/airflow_cnn_pipeline_final/airflow_test_env/lib/python3.7/site-packages/airflow/example_dags/example_bash_operator.py for tasks to queue
[2021-03-17 16:45:05,101] {logging_mixin.py:104} INFO - [2021-03-17 16:45:05,100] {dagbag.py:448} INFO - Filling up the DagBag from /Users/prathyusha/Desktop/pranathi/airflow_cnn_pipeline_final/airflow_test_env/lib/python3.7/site-packages/airflow/example_dags/example_bash_operator.py
[2021-03-17 16:45:05,119] {scheduler_job.py:639} INFO - DAG(s) dict_keys(['example_bash_operator']) retrieved from /Users/prathyusha/Desktop/pranathi/airflow_cnn_pipeline_final/airflow_test_env/lib/python3.7/site-packages/airflow/example_dags/example_bash_operator.py
[2021-03-17 16:45:05,134] {logging_mixin.py:104} INFO - [2021-03-17 16:45:05,134] {dag.py:1818} INFO - Sync 1 DAGs
[2021-03-17 16:45:05,155] {logging_mixin.py:104} INFO - [2021-03-17 16:45:05,154] {dag.py:2273} INFO - Setting next_dagrun for example_bash_operator to 2021-03-15 00:00:00+00:00
[2021-03-17 16:45:05,163] {scheduler_job.py:190} INFO - Processing /Users/prathyusha/Desktop/pranathi/airflow_cnn_pipeline_final/airflow_test_env/lib/python3.7/site-packages/airflow/example_dags/example_bash_operator.py took 0.074 seconds
[2021-03-17 16:45:35,762] {scheduler_job.py:182} INFO - Started process (PID=29154) to work on /Users/prathyusha/Desktop/pranathi/airflow_cnn_pipeline_final/airflow_test_env/lib/python3.7/site-packages/airflow/example_dags/example_bash_operator.py
[2021-03-17 16:45:35,765] {scheduler_job.py:629} INFO - Processing file /Users/prathyusha/Desktop/pranathi/airflow_cnn_pipeline_final/airflow_test_env/lib/python3.7/site-packages/airflow/example_dags/example_bash_operator.py for tasks to queue
[2021-03-17 16:45:35,768] {logging_mixin.py:104} INFO - [2021-03-17 16:45:35,767] {dagbag.py:448} INFO - Filling up the DagBag from /Users/prathyusha/Desktop/pranathi/airflow_cnn_pipeline_final/airflow_test_env/lib/python3.7/site-packages/airflow/example_dags/example_bash_operator.py
[2021-03-17 16:45:35,790] {scheduler_job.py:639} INFO - DAG(s) dict_keys(['example_bash_operator']) retrieved from /Users/prathyusha/Desktop/pranathi/airflow_cnn_pipeline_final/airflow_test_env/lib/python3.7/site-packages/airflow/example_dags/example_bash_operator.py
[2021-03-17 16:45:35,809] {logging_mixin.py:104} INFO - [2021-03-17 16:45:35,808] {dag.py:1818} INFO - Sync 1 DAGs
[2021-03-17 16:45:35,829] {logging_mixin.py:104} INFO - [2021-03-17 16:45:35,829] {dag.py:2273} INFO - Setting next_dagrun for example_bash_operator to 2021-03-15 00:00:00+00:00
[2021-03-17 16:45:35,838] {scheduler_job.py:190} INFO - Processing /Users/prathyusha/Desktop/pranathi/airflow_cnn_pipeline_final/airflow_test_env/lib/python3.7/site-packages/airflow/example_dags/example_bash_operator.py took 0.082 seconds
[2021-03-17 16:46:06,544] {scheduler_job.py:182} INFO - Started process (PID=29195) to work on /Users/prathyusha/Desktop/pranathi/airflow_cnn_pipeline_final/airflow_test_env/lib/python3.7/site-packages/airflow/example_dags/example_bash_operator.py
[2021-03-17 16:46:06,549] {scheduler_job.py:629} INFO - Processing file /Users/prathyusha/Desktop/pranathi/airflow_cnn_pipeline_final/airflow_test_env/lib/python3.7/site-packages/airflow/example_dags/example_bash_operator.py for tasks to queue
[2021-03-17 16:46:06,551] {logging_mixin.py:104} INFO - [2021-03-17 16:46:06,550] {dagbag.py:448} INFO - Filling up the DagBag from /Users/prathyusha/Desktop/pranathi/airflow_cnn_pipeline_final/airflow_test_env/lib/python3.7/site-packages/airflow/example_dags/example_bash_operator.py
[2021-03-17 16:46:06,570] {scheduler_job.py:639} INFO - DAG(s) dict_keys(['example_bash_operator']) retrieved from /Users/prathyusha/Desktop/pranathi/airflow_cnn_pipeline_final/airflow_test_env/lib/python3.7/site-packages/airflow/example_dags/example_bash_operator.py
[2021-03-17 16:46:06,587] {logging_mixin.py:104} INFO - [2021-03-17 16:46:06,587] {dag.py:1818} INFO - Sync 1 DAGs
[2021-03-17 16:46:06,608] {logging_mixin.py:104} INFO - [2021-03-17 16:46:06,607] {dag.py:2273} INFO - Setting next_dagrun for example_bash_operator to 2021-03-15 00:00:00+00:00
[2021-03-17 16:46:06,616] {scheduler_job.py:190} INFO - Processing /Users/prathyusha/Desktop/pranathi/airflow_cnn_pipeline_final/airflow_test_env/lib/python3.7/site-packages/airflow/example_dags/example_bash_operator.py took 0.076 seconds
[2021-03-17 16:46:36,918] {scheduler_job.py:182} INFO - Started process (PID=29300) to work on /Users/prathyusha/Desktop/pranathi/airflow_cnn_pipeline_final/airflow_test_env/lib/python3.7/site-packages/airflow/example_dags/example_bash_operator.py
[2021-03-17 16:46:36,921] {scheduler_job.py:629} INFO - Processing file /Users/prathyusha/Desktop/pranathi/airflow_cnn_pipeline_final/airflow_test_env/lib/python3.7/site-packages/airflow/example_dags/example_bash_operator.py for tasks to queue
[2021-03-17 16:46:36,923] {logging_mixin.py:104} INFO - [2021-03-17 16:46:36,922] {dagbag.py:448} INFO - Filling up the DagBag from /Users/prathyusha/Desktop/pranathi/airflow_cnn_pipeline_final/airflow_test_env/lib/python3.7/site-packages/airflow/example_dags/example_bash_operator.py
[2021-03-17 16:46:36,942] {scheduler_job.py:639} INFO - DAG(s) dict_keys(['example_bash_operator']) retrieved from /Users/prathyusha/Desktop/pranathi/airflow_cnn_pipeline_final/airflow_test_env/lib/python3.7/site-packages/airflow/example_dags/example_bash_operator.py
[2021-03-17 16:46:36,960] {logging_mixin.py:104} INFO - [2021-03-17 16:46:36,959] {dag.py:1818} INFO - Sync 1 DAGs
[2021-03-17 16:46:36,985] {logging_mixin.py:104} INFO - [2021-03-17 16:46:36,985] {dag.py:2273} INFO - Setting next_dagrun for example_bash_operator to 2021-03-15 00:00:00+00:00
[2021-03-17 16:46:36,993] {scheduler_job.py:190} INFO - Processing /Users/prathyusha/Desktop/pranathi/airflow_cnn_pipeline_final/airflow_test_env/lib/python3.7/site-packages/airflow/example_dags/example_bash_operator.py took 0.079 seconds
[2021-03-17 16:47:07,712] {scheduler_job.py:182} INFO - Started process (PID=29335) to work on /Users/prathyusha/Desktop/pranathi/airflow_cnn_pipeline_final/airflow_test_env/lib/python3.7/site-packages/airflow/example_dags/example_bash_operator.py
[2021-03-17 16:47:07,716] {scheduler_job.py:629} INFO - Processing file /Users/prathyusha/Desktop/pranathi/airflow_cnn_pipeline_final/airflow_test_env/lib/python3.7/site-packages/airflow/example_dags/example_bash_operator.py for tasks to queue
[2021-03-17 16:47:07,717] {logging_mixin.py:104} INFO - [2021-03-17 16:47:07,717] {dagbag.py:448} INFO - Filling up the DagBag from /Users/prathyusha/Desktop/pranathi/airflow_cnn_pipeline_final/airflow_test_env/lib/python3.7/site-packages/airflow/example_dags/example_bash_operator.py
[2021-03-17 16:47:07,733] {scheduler_job.py:639} INFO - DAG(s) dict_keys(['example_bash_operator']) retrieved from /Users/prathyusha/Desktop/pranathi/airflow_cnn_pipeline_final/airflow_test_env/lib/python3.7/site-packages/airflow/example_dags/example_bash_operator.py
[2021-03-17 16:47:07,749] {logging_mixin.py:104} INFO - [2021-03-17 16:47:07,748] {dag.py:1818} INFO - Sync 1 DAGs
[2021-03-17 16:47:07,784] {logging_mixin.py:104} INFO - [2021-03-17 16:47:07,784] {dag.py:2273} INFO - Setting next_dagrun for example_bash_operator to 2021-03-15 00:00:00+00:00
[2021-03-17 16:47:07,795] {scheduler_job.py:190} INFO - Processing /Users/prathyusha/Desktop/pranathi/airflow_cnn_pipeline_final/airflow_test_env/lib/python3.7/site-packages/airflow/example_dags/example_bash_operator.py took 0.088 seconds
[2021-03-17 16:47:38,461] {scheduler_job.py:182} INFO - Started process (PID=29370) to work on /Users/prathyusha/Desktop/pranathi/airflow_cnn_pipeline_final/airflow_test_env/lib/python3.7/site-packages/airflow/example_dags/example_bash_operator.py
[2021-03-17 16:47:38,465] {scheduler_job.py:629} INFO - Processing file /Users/prathyusha/Desktop/pranathi/airflow_cnn_pipeline_final/airflow_test_env/lib/python3.7/site-packages/airflow/example_dags/example_bash_operator.py for tasks to queue
[2021-03-17 16:47:38,467] {logging_mixin.py:104} INFO - [2021-03-17 16:47:38,467] {dagbag.py:448} INFO - Filling up the DagBag from /Users/prathyusha/Desktop/pranathi/airflow_cnn_pipeline_final/airflow_test_env/lib/python3.7/site-packages/airflow/example_dags/example_bash_operator.py
[2021-03-17 16:47:38,484] {scheduler_job.py:639} INFO - DAG(s) dict_keys(['example_bash_operator']) retrieved from /Users/prathyusha/Desktop/pranathi/airflow_cnn_pipeline_final/airflow_test_env/lib/python3.7/site-packages/airflow/example_dags/example_bash_operator.py
[2021-03-17 16:47:38,498] {logging_mixin.py:104} INFO - [2021-03-17 16:47:38,498] {dag.py:1818} INFO - Sync 1 DAGs
[2021-03-17 16:47:38,526] {logging_mixin.py:104} INFO - [2021-03-17 16:47:38,525] {dag.py:2273} INFO - Setting next_dagrun for example_bash_operator to 2021-03-15 00:00:00+00:00
[2021-03-17 16:47:38,535] {scheduler_job.py:190} INFO - Processing /Users/prathyusha/Desktop/pranathi/airflow_cnn_pipeline_final/airflow_test_env/lib/python3.7/site-packages/airflow/example_dags/example_bash_operator.py took 0.079 seconds
[2021-03-17 16:48:09,088] {scheduler_job.py:182} INFO - Started process (PID=29400) to work on /Users/prathyusha/Desktop/pranathi/airflow_cnn_pipeline_final/airflow_test_env/lib/python3.7/site-packages/airflow/example_dags/example_bash_operator.py
[2021-03-17 16:48:09,093] {scheduler_job.py:629} INFO - Processing file /Users/prathyusha/Desktop/pranathi/airflow_cnn_pipeline_final/airflow_test_env/lib/python3.7/site-packages/airflow/example_dags/example_bash_operator.py for tasks to queue
[2021-03-17 16:48:09,095] {logging_mixin.py:104} INFO - [2021-03-17 16:48:09,094] {dagbag.py:448} INFO - Filling up the DagBag from /Users/prathyusha/Desktop/pranathi/airflow_cnn_pipeline_final/airflow_test_env/lib/python3.7/site-packages/airflow/example_dags/example_bash_operator.py
[2021-03-17 16:48:09,116] {scheduler_job.py:639} INFO - DAG(s) dict_keys(['example_bash_operator']) retrieved from /Users/prathyusha/Desktop/pranathi/airflow_cnn_pipeline_final/airflow_test_env/lib/python3.7/site-packages/airflow/example_dags/example_bash_operator.py
[2021-03-17 16:48:09,137] {logging_mixin.py:104} INFO - [2021-03-17 16:48:09,137] {dag.py:1818} INFO - Sync 1 DAGs
[2021-03-17 16:48:09,161] {logging_mixin.py:104} INFO - [2021-03-17 16:48:09,160] {dag.py:2273} INFO - Setting next_dagrun for example_bash_operator to 2021-03-15 00:00:00+00:00
[2021-03-17 16:48:09,170] {scheduler_job.py:190} INFO - Processing /Users/prathyusha/Desktop/pranathi/airflow_cnn_pipeline_final/airflow_test_env/lib/python3.7/site-packages/airflow/example_dags/example_bash_operator.py took 0.086 seconds
[2021-03-17 16:48:40,755] {scheduler_job.py:182} INFO - Started process (PID=29432) to work on /Users/prathyusha/Desktop/pranathi/airflow_cnn_pipeline_final/airflow_test_env/lib/python3.7/site-packages/airflow/example_dags/example_bash_operator.py
[2021-03-17 16:48:40,758] {scheduler_job.py:629} INFO - Processing file /Users/prathyusha/Desktop/pranathi/airflow_cnn_pipeline_final/airflow_test_env/lib/python3.7/site-packages/airflow/example_dags/example_bash_operator.py for tasks to queue
[2021-03-17 16:48:40,760] {logging_mixin.py:104} INFO - [2021-03-17 16:48:40,759] {dagbag.py:448} INFO - Filling up the DagBag from /Users/prathyusha/Desktop/pranathi/airflow_cnn_pipeline_final/airflow_test_env/lib/python3.7/site-packages/airflow/example_dags/example_bash_operator.py
[2021-03-17 16:48:40,779] {scheduler_job.py:639} INFO - DAG(s) dict_keys(['example_bash_operator']) retrieved from /Users/prathyusha/Desktop/pranathi/airflow_cnn_pipeline_final/airflow_test_env/lib/python3.7/site-packages/airflow/example_dags/example_bash_operator.py
[2021-03-17 16:48:40,796] {logging_mixin.py:104} INFO - [2021-03-17 16:48:40,795] {dag.py:1818} INFO - Sync 1 DAGs
[2021-03-17 16:48:40,816] {logging_mixin.py:104} INFO - [2021-03-17 16:48:40,816] {dag.py:2273} INFO - Setting next_dagrun for example_bash_operator to 2021-03-15 00:00:00+00:00
[2021-03-17 16:48:40,827] {scheduler_job.py:190} INFO - Processing /Users/prathyusha/Desktop/pranathi/airflow_cnn_pipeline_final/airflow_test_env/lib/python3.7/site-packages/airflow/example_dags/example_bash_operator.py took 0.078 seconds
[2021-03-17 16:49:11,065] {scheduler_job.py:182} INFO - Started process (PID=29466) to work on /Users/prathyusha/Desktop/pranathi/airflow_cnn_pipeline_final/airflow_test_env/lib/python3.7/site-packages/airflow/example_dags/example_bash_operator.py
[2021-03-17 16:49:11,067] {scheduler_job.py:629} INFO - Processing file /Users/prathyusha/Desktop/pranathi/airflow_cnn_pipeline_final/airflow_test_env/lib/python3.7/site-packages/airflow/example_dags/example_bash_operator.py for tasks to queue
[2021-03-17 16:49:11,068] {logging_mixin.py:104} INFO - [2021-03-17 16:49:11,068] {dagbag.py:448} INFO - Filling up the DagBag from /Users/prathyusha/Desktop/pranathi/airflow_cnn_pipeline_final/airflow_test_env/lib/python3.7/site-packages/airflow/example_dags/example_bash_operator.py
[2021-03-17 16:49:11,084] {scheduler_job.py:639} INFO - DAG(s) dict_keys(['example_bash_operator']) retrieved from /Users/prathyusha/Desktop/pranathi/airflow_cnn_pipeline_final/airflow_test_env/lib/python3.7/site-packages/airflow/example_dags/example_bash_operator.py
[2021-03-17 16:49:11,107] {logging_mixin.py:104} INFO - [2021-03-17 16:49:11,107] {dag.py:1818} INFO - Sync 1 DAGs
[2021-03-17 16:49:11,129] {logging_mixin.py:104} INFO - [2021-03-17 16:49:11,129] {dag.py:2273} INFO - Setting next_dagrun for example_bash_operator to 2021-03-15 00:00:00+00:00
[2021-03-17 16:49:11,137] {scheduler_job.py:190} INFO - Processing /Users/prathyusha/Desktop/pranathi/airflow_cnn_pipeline_final/airflow_test_env/lib/python3.7/site-packages/airflow/example_dags/example_bash_operator.py took 0.077 seconds
[2021-03-17 16:49:43,677] {scheduler_job.py:182} INFO - Started process (PID=29498) to work on /Users/prathyusha/Desktop/pranathi/airflow_cnn_pipeline_final/airflow_test_env/lib/python3.7/site-packages/airflow/example_dags/example_bash_operator.py
[2021-03-17 16:49:43,682] {scheduler_job.py:629} INFO - Processing file /Users/prathyusha/Desktop/pranathi/airflow_cnn_pipeline_final/airflow_test_env/lib/python3.7/site-packages/airflow/example_dags/example_bash_operator.py for tasks to queue
[2021-03-17 16:49:43,684] {logging_mixin.py:104} INFO - [2021-03-17 16:49:43,684] {dagbag.py:448} INFO - Filling up the DagBag from /Users/prathyusha/Desktop/pranathi/airflow_cnn_pipeline_final/airflow_test_env/lib/python3.7/site-packages/airflow/example_dags/example_bash_operator.py
[2021-03-17 16:49:43,707] {scheduler_job.py:639} INFO - DAG(s) dict_keys(['example_bash_operator']) retrieved from /Users/prathyusha/Desktop/pranathi/airflow_cnn_pipeline_final/airflow_test_env/lib/python3.7/site-packages/airflow/example_dags/example_bash_operator.py
[2021-03-17 16:49:43,728] {logging_mixin.py:104} INFO - [2021-03-17 16:49:43,727] {dag.py:1818} INFO - Sync 1 DAGs
[2021-03-17 16:49:43,750] {logging_mixin.py:104} INFO - [2021-03-17 16:49:43,750] {dag.py:2273} INFO - Setting next_dagrun for example_bash_operator to 2021-03-15 00:00:00+00:00
[2021-03-17 16:49:43,758] {scheduler_job.py:190} INFO - Processing /Users/prathyusha/Desktop/pranathi/airflow_cnn_pipeline_final/airflow_test_env/lib/python3.7/site-packages/airflow/example_dags/example_bash_operator.py took 0.085 seconds
[2021-03-17 16:50:13,969] {scheduler_job.py:182} INFO - Started process (PID=29528) to work on /Users/prathyusha/Desktop/pranathi/airflow_cnn_pipeline_final/airflow_test_env/lib/python3.7/site-packages/airflow/example_dags/example_bash_operator.py
[2021-03-17 16:50:13,970] {scheduler_job.py:629} INFO - Processing file /Users/prathyusha/Desktop/pranathi/airflow_cnn_pipeline_final/airflow_test_env/lib/python3.7/site-packages/airflow/example_dags/example_bash_operator.py for tasks to queue
[2021-03-17 16:50:13,972] {logging_mixin.py:104} INFO - [2021-03-17 16:50:13,972] {dagbag.py:448} INFO - Filling up the DagBag from /Users/prathyusha/Desktop/pranathi/airflow_cnn_pipeline_final/airflow_test_env/lib/python3.7/site-packages/airflow/example_dags/example_bash_operator.py
[2021-03-17 16:50:13,989] {scheduler_job.py:639} INFO - DAG(s) dict_keys(['example_bash_operator']) retrieved from /Users/prathyusha/Desktop/pranathi/airflow_cnn_pipeline_final/airflow_test_env/lib/python3.7/site-packages/airflow/example_dags/example_bash_operator.py
[2021-03-17 16:50:14,005] {logging_mixin.py:104} INFO - [2021-03-17 16:50:14,005] {dag.py:1818} INFO - Sync 1 DAGs
[2021-03-17 16:50:14,025] {logging_mixin.py:104} INFO - [2021-03-17 16:50:14,024] {dag.py:2273} INFO - Setting next_dagrun for example_bash_operator to 2021-03-15 00:00:00+00:00
[2021-03-17 16:50:14,035] {scheduler_job.py:190} INFO - Processing /Users/prathyusha/Desktop/pranathi/airflow_cnn_pipeline_final/airflow_test_env/lib/python3.7/site-packages/airflow/example_dags/example_bash_operator.py took 0.072 seconds
[2021-03-17 16:50:45,050] {scheduler_job.py:182} INFO - Started process (PID=29561) to work on /Users/prathyusha/Desktop/pranathi/airflow_cnn_pipeline_final/airflow_test_env/lib/python3.7/site-packages/airflow/example_dags/example_bash_operator.py
[2021-03-17 16:50:45,055] {scheduler_job.py:629} INFO - Processing file /Users/prathyusha/Desktop/pranathi/airflow_cnn_pipeline_final/airflow_test_env/lib/python3.7/site-packages/airflow/example_dags/example_bash_operator.py for tasks to queue
[2021-03-17 16:50:45,056] {logging_mixin.py:104} INFO - [2021-03-17 16:50:45,056] {dagbag.py:448} INFO - Filling up the DagBag from /Users/prathyusha/Desktop/pranathi/airflow_cnn_pipeline_final/airflow_test_env/lib/python3.7/site-packages/airflow/example_dags/example_bash_operator.py
[2021-03-17 16:50:45,079] {scheduler_job.py:639} INFO - DAG(s) dict_keys(['example_bash_operator']) retrieved from /Users/prathyusha/Desktop/pranathi/airflow_cnn_pipeline_final/airflow_test_env/lib/python3.7/site-packages/airflow/example_dags/example_bash_operator.py
[2021-03-17 16:50:45,107] {logging_mixin.py:104} INFO - [2021-03-17 16:50:45,107] {dag.py:1818} INFO - Sync 1 DAGs
[2021-03-17 16:50:45,132] {logging_mixin.py:104} INFO - [2021-03-17 16:50:45,131] {dag.py:2273} INFO - Setting next_dagrun for example_bash_operator to 2021-03-15 00:00:00+00:00
[2021-03-17 16:50:45,143] {scheduler_job.py:190} INFO - Processing /Users/prathyusha/Desktop/pranathi/airflow_cnn_pipeline_final/airflow_test_env/lib/python3.7/site-packages/airflow/example_dags/example_bash_operator.py took 0.097 seconds
[2021-03-17 16:51:16,081] {scheduler_job.py:182} INFO - Started process (PID=29590) to work on /Users/prathyusha/Desktop/pranathi/airflow_cnn_pipeline_final/airflow_test_env/lib/python3.7/site-packages/airflow/example_dags/example_bash_operator.py
[2021-03-17 16:51:16,087] {scheduler_job.py:629} INFO - Processing file /Users/prathyusha/Desktop/pranathi/airflow_cnn_pipeline_final/airflow_test_env/lib/python3.7/site-packages/airflow/example_dags/example_bash_operator.py for tasks to queue
[2021-03-17 16:51:16,088] {logging_mixin.py:104} INFO - [2021-03-17 16:51:16,088] {dagbag.py:448} INFO - Filling up the DagBag from /Users/prathyusha/Desktop/pranathi/airflow_cnn_pipeline_final/airflow_test_env/lib/python3.7/site-packages/airflow/example_dags/example_bash_operator.py
[2021-03-17 16:51:16,103] {scheduler_job.py:639} INFO - DAG(s) dict_keys(['example_bash_operator']) retrieved from /Users/prathyusha/Desktop/pranathi/airflow_cnn_pipeline_final/airflow_test_env/lib/python3.7/site-packages/airflow/example_dags/example_bash_operator.py
[2021-03-17 16:51:16,120] {logging_mixin.py:104} INFO - [2021-03-17 16:51:16,120] {dag.py:1818} INFO - Sync 1 DAGs
[2021-03-17 16:51:16,144] {logging_mixin.py:104} INFO - [2021-03-17 16:51:16,143] {dag.py:2273} INFO - Setting next_dagrun for example_bash_operator to 2021-03-15 00:00:00+00:00
[2021-03-17 16:51:16,158] {scheduler_job.py:190} INFO - Processing /Users/prathyusha/Desktop/pranathi/airflow_cnn_pipeline_final/airflow_test_env/lib/python3.7/site-packages/airflow/example_dags/example_bash_operator.py took 0.081 seconds
[2021-03-17 16:51:46,919] {scheduler_job.py:182} INFO - Started process (PID=29621) to work on /Users/prathyusha/Desktop/pranathi/airflow_cnn_pipeline_final/airflow_test_env/lib/python3.7/site-packages/airflow/example_dags/example_bash_operator.py
[2021-03-17 16:51:46,921] {scheduler_job.py:629} INFO - Processing file /Users/prathyusha/Desktop/pranathi/airflow_cnn_pipeline_final/airflow_test_env/lib/python3.7/site-packages/airflow/example_dags/example_bash_operator.py for tasks to queue
[2021-03-17 16:51:46,922] {logging_mixin.py:104} INFO - [2021-03-17 16:51:46,922] {dagbag.py:448} INFO - Filling up the DagBag from /Users/prathyusha/Desktop/pranathi/airflow_cnn_pipeline_final/airflow_test_env/lib/python3.7/site-packages/airflow/example_dags/example_bash_operator.py
[2021-03-17 16:51:46,942] {scheduler_job.py:639} INFO - DAG(s) dict_keys(['example_bash_operator']) retrieved from /Users/prathyusha/Desktop/pranathi/airflow_cnn_pipeline_final/airflow_test_env/lib/python3.7/site-packages/airflow/example_dags/example_bash_operator.py
[2021-03-17 16:51:46,961] {logging_mixin.py:104} INFO - [2021-03-17 16:51:46,960] {dag.py:1818} INFO - Sync 1 DAGs
[2021-03-17 16:51:46,996] {logging_mixin.py:104} INFO - [2021-03-17 16:51:46,995] {dag.py:2273} INFO - Setting next_dagrun for example_bash_operator to 2021-03-15 00:00:00+00:00
[2021-03-17 16:51:47,011] {scheduler_job.py:190} INFO - Processing /Users/prathyusha/Desktop/pranathi/airflow_cnn_pipeline_final/airflow_test_env/lib/python3.7/site-packages/airflow/example_dags/example_bash_operator.py took 0.096 seconds
[2021-03-17 16:52:18,145] {scheduler_job.py:182} INFO - Started process (PID=29722) to work on /Users/prathyusha/Desktop/pranathi/airflow_cnn_pipeline_final/airflow_test_env/lib/python3.7/site-packages/airflow/example_dags/example_bash_operator.py
[2021-03-17 16:52:18,153] {scheduler_job.py:629} INFO - Processing file /Users/prathyusha/Desktop/pranathi/airflow_cnn_pipeline_final/airflow_test_env/lib/python3.7/site-packages/airflow/example_dags/example_bash_operator.py for tasks to queue
[2021-03-17 16:52:18,155] {logging_mixin.py:104} INFO - [2021-03-17 16:52:18,155] {dagbag.py:448} INFO - Filling up the DagBag from /Users/prathyusha/Desktop/pranathi/airflow_cnn_pipeline_final/airflow_test_env/lib/python3.7/site-packages/airflow/example_dags/example_bash_operator.py
[2021-03-17 16:52:18,179] {scheduler_job.py:639} INFO - DAG(s) dict_keys(['example_bash_operator']) retrieved from /Users/prathyusha/Desktop/pranathi/airflow_cnn_pipeline_final/airflow_test_env/lib/python3.7/site-packages/airflow/example_dags/example_bash_operator.py
[2021-03-17 16:52:18,201] {logging_mixin.py:104} INFO - [2021-03-17 16:52:18,201] {dag.py:1818} INFO - Sync 1 DAGs
[2021-03-17 16:52:18,230] {logging_mixin.py:104} INFO - [2021-03-17 16:52:18,229] {dag.py:2273} INFO - Setting next_dagrun for example_bash_operator to 2021-03-15 00:00:00+00:00
[2021-03-17 16:52:18,241] {scheduler_job.py:190} INFO - Processing /Users/prathyusha/Desktop/pranathi/airflow_cnn_pipeline_final/airflow_test_env/lib/python3.7/site-packages/airflow/example_dags/example_bash_operator.py took 0.104 seconds
[2021-03-17 16:52:48,958] {scheduler_job.py:182} INFO - Started process (PID=29793) to work on /Users/prathyusha/Desktop/pranathi/airflow_cnn_pipeline_final/airflow_test_env/lib/python3.7/site-packages/airflow/example_dags/example_bash_operator.py
[2021-03-17 16:52:48,960] {scheduler_job.py:629} INFO - Processing file /Users/prathyusha/Desktop/pranathi/airflow_cnn_pipeline_final/airflow_test_env/lib/python3.7/site-packages/airflow/example_dags/example_bash_operator.py for tasks to queue
[2021-03-17 16:52:48,962] {logging_mixin.py:104} INFO - [2021-03-17 16:52:48,962] {dagbag.py:448} INFO - Filling up the DagBag from /Users/prathyusha/Desktop/pranathi/airflow_cnn_pipeline_final/airflow_test_env/lib/python3.7/site-packages/airflow/example_dags/example_bash_operator.py
[2021-03-17 16:52:48,989] {scheduler_job.py:639} INFO - DAG(s) dict_keys(['example_bash_operator']) retrieved from /Users/prathyusha/Desktop/pranathi/airflow_cnn_pipeline_final/airflow_test_env/lib/python3.7/site-packages/airflow/example_dags/example_bash_operator.py
[2021-03-17 16:52:49,006] {logging_mixin.py:104} INFO - [2021-03-17 16:52:49,005] {dag.py:1818} INFO - Sync 1 DAGs
[2021-03-17 16:52:49,034] {logging_mixin.py:104} INFO - [2021-03-17 16:52:49,034] {dag.py:2273} INFO - Setting next_dagrun for example_bash_operator to 2021-03-15 00:00:00+00:00
[2021-03-17 16:52:49,042] {scheduler_job.py:190} INFO - Processing /Users/prathyusha/Desktop/pranathi/airflow_cnn_pipeline_final/airflow_test_env/lib/python3.7/site-packages/airflow/example_dags/example_bash_operator.py took 0.089 seconds
[2021-03-17 16:53:21,751] {scheduler_job.py:182} INFO - Started process (PID=29874) to work on /Users/prathyusha/Desktop/pranathi/airflow_cnn_pipeline_final/airflow_test_env/lib/python3.7/site-packages/airflow/example_dags/example_bash_operator.py
[2021-03-17 16:53:21,755] {scheduler_job.py:629} INFO - Processing file /Users/prathyusha/Desktop/pranathi/airflow_cnn_pipeline_final/airflow_test_env/lib/python3.7/site-packages/airflow/example_dags/example_bash_operator.py for tasks to queue
[2021-03-17 16:53:21,757] {logging_mixin.py:104} INFO - [2021-03-17 16:53:21,756] {dagbag.py:448} INFO - Filling up the DagBag from /Users/prathyusha/Desktop/pranathi/airflow_cnn_pipeline_final/airflow_test_env/lib/python3.7/site-packages/airflow/example_dags/example_bash_operator.py
[2021-03-17 16:53:21,773] {scheduler_job.py:639} INFO - DAG(s) dict_keys(['example_bash_operator']) retrieved from /Users/prathyusha/Desktop/pranathi/airflow_cnn_pipeline_final/airflow_test_env/lib/python3.7/site-packages/airflow/example_dags/example_bash_operator.py
[2021-03-17 16:53:21,793] {logging_mixin.py:104} INFO - [2021-03-17 16:53:21,793] {dag.py:1818} INFO - Sync 1 DAGs
[2021-03-17 16:53:21,820] {logging_mixin.py:104} INFO - [2021-03-17 16:53:21,820] {dag.py:2273} INFO - Setting next_dagrun for example_bash_operator to 2021-03-15 00:00:00+00:00
[2021-03-17 16:53:21,834] {scheduler_job.py:190} INFO - Processing /Users/prathyusha/Desktop/pranathi/airflow_cnn_pipeline_final/airflow_test_env/lib/python3.7/site-packages/airflow/example_dags/example_bash_operator.py took 0.090 seconds
[2021-03-17 16:53:52,722] {scheduler_job.py:182} INFO - Started process (PID=29915) to work on /Users/prathyusha/Desktop/pranathi/airflow_cnn_pipeline_final/airflow_test_env/lib/python3.7/site-packages/airflow/example_dags/example_bash_operator.py
[2021-03-17 16:53:52,724] {scheduler_job.py:629} INFO - Processing file /Users/prathyusha/Desktop/pranathi/airflow_cnn_pipeline_final/airflow_test_env/lib/python3.7/site-packages/airflow/example_dags/example_bash_operator.py for tasks to queue
[2021-03-17 16:53:52,727] {logging_mixin.py:104} INFO - [2021-03-17 16:53:52,726] {dagbag.py:448} INFO - Filling up the DagBag from /Users/prathyusha/Desktop/pranathi/airflow_cnn_pipeline_final/airflow_test_env/lib/python3.7/site-packages/airflow/example_dags/example_bash_operator.py
[2021-03-17 16:53:52,743] {scheduler_job.py:639} INFO - DAG(s) dict_keys(['example_bash_operator']) retrieved from /Users/prathyusha/Desktop/pranathi/airflow_cnn_pipeline_final/airflow_test_env/lib/python3.7/site-packages/airflow/example_dags/example_bash_operator.py
[2021-03-17 16:53:52,759] {logging_mixin.py:104} INFO - [2021-03-17 16:53:52,758] {dag.py:1818} INFO - Sync 1 DAGs
[2021-03-17 16:53:52,785] {logging_mixin.py:104} INFO - [2021-03-17 16:53:52,785] {dag.py:2273} INFO - Setting next_dagrun for example_bash_operator to 2021-03-15 00:00:00+00:00
[2021-03-17 16:53:52,795] {scheduler_job.py:190} INFO - Processing /Users/prathyusha/Desktop/pranathi/airflow_cnn_pipeline_final/airflow_test_env/lib/python3.7/site-packages/airflow/example_dags/example_bash_operator.py took 0.078 seconds
[2021-03-17 16:54:24,354] {scheduler_job.py:182} INFO - Started process (PID=29958) to work on /Users/prathyusha/Desktop/pranathi/airflow_cnn_pipeline_final/airflow_test_env/lib/python3.7/site-packages/airflow/example_dags/example_bash_operator.py
[2021-03-17 16:54:24,360] {scheduler_job.py:629} INFO - Processing file /Users/prathyusha/Desktop/pranathi/airflow_cnn_pipeline_final/airflow_test_env/lib/python3.7/site-packages/airflow/example_dags/example_bash_operator.py for tasks to queue
[2021-03-17 16:54:24,365] {logging_mixin.py:104} INFO - [2021-03-17 16:54:24,364] {dagbag.py:448} INFO - Filling up the DagBag from /Users/prathyusha/Desktop/pranathi/airflow_cnn_pipeline_final/airflow_test_env/lib/python3.7/site-packages/airflow/example_dags/example_bash_operator.py
[2021-03-17 16:54:24,439] {scheduler_job.py:639} INFO - DAG(s) dict_keys(['example_bash_operator']) retrieved from /Users/prathyusha/Desktop/pranathi/airflow_cnn_pipeline_final/airflow_test_env/lib/python3.7/site-packages/airflow/example_dags/example_bash_operator.py
[2021-03-17 16:54:24,465] {logging_mixin.py:104} INFO - [2021-03-17 16:54:24,464] {dag.py:1818} INFO - Sync 1 DAGs
[2021-03-17 16:54:24,520] {logging_mixin.py:104} INFO - [2021-03-17 16:54:24,520] {dag.py:2273} INFO - Setting next_dagrun for example_bash_operator to 2021-03-15 00:00:00+00:00
[2021-03-17 16:54:24,535] {scheduler_job.py:190} INFO - Processing /Users/prathyusha/Desktop/pranathi/airflow_cnn_pipeline_final/airflow_test_env/lib/python3.7/site-packages/airflow/example_dags/example_bash_operator.py took 0.192 seconds
[2021-03-17 16:54:55,225] {scheduler_job.py:182} INFO - Started process (PID=30008) to work on /Users/prathyusha/Desktop/pranathi/airflow_cnn_pipeline_final/airflow_test_env/lib/python3.7/site-packages/airflow/example_dags/example_bash_operator.py
[2021-03-17 16:54:55,229] {scheduler_job.py:629} INFO - Processing file /Users/prathyusha/Desktop/pranathi/airflow_cnn_pipeline_final/airflow_test_env/lib/python3.7/site-packages/airflow/example_dags/example_bash_operator.py for tasks to queue
[2021-03-17 16:54:55,230] {logging_mixin.py:104} INFO - [2021-03-17 16:54:55,230] {dagbag.py:448} INFO - Filling up the DagBag from /Users/prathyusha/Desktop/pranathi/airflow_cnn_pipeline_final/airflow_test_env/lib/python3.7/site-packages/airflow/example_dags/example_bash_operator.py
[2021-03-17 16:54:55,247] {scheduler_job.py:639} INFO - DAG(s) dict_keys(['example_bash_operator']) retrieved from /Users/prathyusha/Desktop/pranathi/airflow_cnn_pipeline_final/airflow_test_env/lib/python3.7/site-packages/airflow/example_dags/example_bash_operator.py
[2021-03-17 16:54:55,265] {logging_mixin.py:104} INFO - [2021-03-17 16:54:55,264] {dag.py:1818} INFO - Sync 1 DAGs
[2021-03-17 16:54:55,297] {logging_mixin.py:104} INFO - [2021-03-17 16:54:55,297] {dag.py:2273} INFO - Setting next_dagrun for example_bash_operator to 2021-03-15 00:00:00+00:00
[2021-03-17 16:54:55,306] {scheduler_job.py:190} INFO - Processing /Users/prathyusha/Desktop/pranathi/airflow_cnn_pipeline_final/airflow_test_env/lib/python3.7/site-packages/airflow/example_dags/example_bash_operator.py took 0.086 seconds
[2021-03-17 16:55:27,298] {scheduler_job.py:182} INFO - Started process (PID=30048) to work on /Users/prathyusha/Desktop/pranathi/airflow_cnn_pipeline_final/airflow_test_env/lib/python3.7/site-packages/airflow/example_dags/example_bash_operator.py
[2021-03-17 16:55:27,300] {scheduler_job.py:629} INFO - Processing file /Users/prathyusha/Desktop/pranathi/airflow_cnn_pipeline_final/airflow_test_env/lib/python3.7/site-packages/airflow/example_dags/example_bash_operator.py for tasks to queue
[2021-03-17 16:55:27,301] {logging_mixin.py:104} INFO - [2021-03-17 16:55:27,301] {dagbag.py:448} INFO - Filling up the DagBag from /Users/prathyusha/Desktop/pranathi/airflow_cnn_pipeline_final/airflow_test_env/lib/python3.7/site-packages/airflow/example_dags/example_bash_operator.py
[2021-03-17 16:55:27,322] {scheduler_job.py:639} INFO - DAG(s) dict_keys(['example_bash_operator']) retrieved from /Users/prathyusha/Desktop/pranathi/airflow_cnn_pipeline_final/airflow_test_env/lib/python3.7/site-packages/airflow/example_dags/example_bash_operator.py
[2021-03-17 16:55:27,339] {logging_mixin.py:104} INFO - [2021-03-17 16:55:27,338] {dag.py:1818} INFO - Sync 1 DAGs
[2021-03-17 16:55:27,367] {logging_mixin.py:104} INFO - [2021-03-17 16:55:27,366] {dag.py:2273} INFO - Setting next_dagrun for example_bash_operator to 2021-03-15 00:00:00+00:00
[2021-03-17 16:55:27,381] {scheduler_job.py:190} INFO - Processing /Users/prathyusha/Desktop/pranathi/airflow_cnn_pipeline_final/airflow_test_env/lib/python3.7/site-packages/airflow/example_dags/example_bash_operator.py took 0.087 seconds
[2021-03-17 16:55:58,201] {scheduler_job.py:182} INFO - Started process (PID=30093) to work on /Users/prathyusha/Desktop/pranathi/airflow_cnn_pipeline_final/airflow_test_env/lib/python3.7/site-packages/airflow/example_dags/example_bash_operator.py
[2021-03-17 16:55:58,203] {scheduler_job.py:629} INFO - Processing file /Users/prathyusha/Desktop/pranathi/airflow_cnn_pipeline_final/airflow_test_env/lib/python3.7/site-packages/airflow/example_dags/example_bash_operator.py for tasks to queue
[2021-03-17 16:55:58,205] {logging_mixin.py:104} INFO - [2021-03-17 16:55:58,205] {dagbag.py:448} INFO - Filling up the DagBag from /Users/prathyusha/Desktop/pranathi/airflow_cnn_pipeline_final/airflow_test_env/lib/python3.7/site-packages/airflow/example_dags/example_bash_operator.py
[2021-03-17 16:55:58,221] {scheduler_job.py:639} INFO - DAG(s) dict_keys(['example_bash_operator']) retrieved from /Users/prathyusha/Desktop/pranathi/airflow_cnn_pipeline_final/airflow_test_env/lib/python3.7/site-packages/airflow/example_dags/example_bash_operator.py
[2021-03-17 16:55:58,237] {logging_mixin.py:104} INFO - [2021-03-17 16:55:58,237] {dag.py:1818} INFO - Sync 1 DAGs
[2021-03-17 16:55:58,263] {logging_mixin.py:104} INFO - [2021-03-17 16:55:58,263] {dag.py:2273} INFO - Setting next_dagrun for example_bash_operator to 2021-03-15 00:00:00+00:00
[2021-03-17 16:55:58,273] {scheduler_job.py:190} INFO - Processing /Users/prathyusha/Desktop/pranathi/airflow_cnn_pipeline_final/airflow_test_env/lib/python3.7/site-packages/airflow/example_dags/example_bash_operator.py took 0.076 seconds
[2021-03-17 16:56:28,984] {scheduler_job.py:182} INFO - Started process (PID=30125) to work on /Users/prathyusha/Desktop/pranathi/airflow_cnn_pipeline_final/airflow_test_env/lib/python3.7/site-packages/airflow/example_dags/example_bash_operator.py
[2021-03-17 16:56:28,987] {scheduler_job.py:629} INFO - Processing file /Users/prathyusha/Desktop/pranathi/airflow_cnn_pipeline_final/airflow_test_env/lib/python3.7/site-packages/airflow/example_dags/example_bash_operator.py for tasks to queue
[2021-03-17 16:56:28,989] {logging_mixin.py:104} INFO - [2021-03-17 16:56:28,988] {dagbag.py:448} INFO - Filling up the DagBag from /Users/prathyusha/Desktop/pranathi/airflow_cnn_pipeline_final/airflow_test_env/lib/python3.7/site-packages/airflow/example_dags/example_bash_operator.py
[2021-03-17 16:56:29,004] {scheduler_job.py:639} INFO - DAG(s) dict_keys(['example_bash_operator']) retrieved from /Users/prathyusha/Desktop/pranathi/airflow_cnn_pipeline_final/airflow_test_env/lib/python3.7/site-packages/airflow/example_dags/example_bash_operator.py
[2021-03-17 16:56:29,021] {logging_mixin.py:104} INFO - [2021-03-17 16:56:29,020] {dag.py:1818} INFO - Sync 1 DAGs
[2021-03-17 16:56:29,042] {logging_mixin.py:104} INFO - [2021-03-17 16:56:29,042] {dag.py:2273} INFO - Setting next_dagrun for example_bash_operator to 2021-03-15 00:00:00+00:00
[2021-03-17 16:56:29,050] {scheduler_job.py:190} INFO - Processing /Users/prathyusha/Desktop/pranathi/airflow_cnn_pipeline_final/airflow_test_env/lib/python3.7/site-packages/airflow/example_dags/example_bash_operator.py took 0.070 seconds
[2021-03-17 16:57:00,168] {scheduler_job.py:182} INFO - Started process (PID=30160) to work on /Users/prathyusha/Desktop/pranathi/airflow_cnn_pipeline_final/airflow_test_env/lib/python3.7/site-packages/airflow/example_dags/example_bash_operator.py
[2021-03-17 16:57:00,172] {scheduler_job.py:629} INFO - Processing file /Users/prathyusha/Desktop/pranathi/airflow_cnn_pipeline_final/airflow_test_env/lib/python3.7/site-packages/airflow/example_dags/example_bash_operator.py for tasks to queue
[2021-03-17 16:57:00,175] {logging_mixin.py:104} INFO - [2021-03-17 16:57:00,174] {dagbag.py:448} INFO - Filling up the DagBag from /Users/prathyusha/Desktop/pranathi/airflow_cnn_pipeline_final/airflow_test_env/lib/python3.7/site-packages/airflow/example_dags/example_bash_operator.py
[2021-03-17 16:57:00,197] {scheduler_job.py:639} INFO - DAG(s) dict_keys(['example_bash_operator']) retrieved from /Users/prathyusha/Desktop/pranathi/airflow_cnn_pipeline_final/airflow_test_env/lib/python3.7/site-packages/airflow/example_dags/example_bash_operator.py
[2021-03-17 16:57:00,213] {logging_mixin.py:104} INFO - [2021-03-17 16:57:00,213] {dag.py:1818} INFO - Sync 1 DAGs
[2021-03-17 16:57:00,233] {logging_mixin.py:104} INFO - [2021-03-17 16:57:00,232] {dag.py:2273} INFO - Setting next_dagrun for example_bash_operator to 2021-03-15 00:00:00+00:00
[2021-03-17 16:57:00,243] {scheduler_job.py:190} INFO - Processing /Users/prathyusha/Desktop/pranathi/airflow_cnn_pipeline_final/airflow_test_env/lib/python3.7/site-packages/airflow/example_dags/example_bash_operator.py took 0.080 seconds
[2021-03-17 16:57:34,145] {scheduler_job.py:182} INFO - Started process (PID=30192) to work on /Users/prathyusha/Desktop/pranathi/airflow_cnn_pipeline_final/airflow_test_env/lib/python3.7/site-packages/airflow/example_dags/example_bash_operator.py
[2021-03-17 16:57:34,149] {scheduler_job.py:629} INFO - Processing file /Users/prathyusha/Desktop/pranathi/airflow_cnn_pipeline_final/airflow_test_env/lib/python3.7/site-packages/airflow/example_dags/example_bash_operator.py for tasks to queue
[2021-03-17 16:57:34,152] {logging_mixin.py:104} INFO - [2021-03-17 16:57:34,151] {dagbag.py:448} INFO - Filling up the DagBag from /Users/prathyusha/Desktop/pranathi/airflow_cnn_pipeline_final/airflow_test_env/lib/python3.7/site-packages/airflow/example_dags/example_bash_operator.py
[2021-03-17 16:57:34,171] {scheduler_job.py:639} INFO - DAG(s) dict_keys(['example_bash_operator']) retrieved from /Users/prathyusha/Desktop/pranathi/airflow_cnn_pipeline_final/airflow_test_env/lib/python3.7/site-packages/airflow/example_dags/example_bash_operator.py
[2021-03-17 16:57:34,188] {logging_mixin.py:104} INFO - [2021-03-17 16:57:34,188] {dag.py:1818} INFO - Sync 1 DAGs
[2021-03-17 16:57:34,215] {logging_mixin.py:104} INFO - [2021-03-17 16:57:34,215] {dag.py:2273} INFO - Setting next_dagrun for example_bash_operator to 2021-03-15 00:00:00+00:00
[2021-03-17 16:57:34,230] {scheduler_job.py:190} INFO - Processing /Users/prathyusha/Desktop/pranathi/airflow_cnn_pipeline_final/airflow_test_env/lib/python3.7/site-packages/airflow/example_dags/example_bash_operator.py took 0.090 seconds
[2021-03-17 16:58:09,374] {scheduler_job.py:182} INFO - Started process (PID=30248) to work on /Users/prathyusha/Desktop/pranathi/airflow_cnn_pipeline_final/airflow_test_env/lib/python3.7/site-packages/airflow/example_dags/example_bash_operator.py
[2021-03-17 16:58:09,379] {scheduler_job.py:629} INFO - Processing file /Users/prathyusha/Desktop/pranathi/airflow_cnn_pipeline_final/airflow_test_env/lib/python3.7/site-packages/airflow/example_dags/example_bash_operator.py for tasks to queue
[2021-03-17 16:58:09,380] {logging_mixin.py:104} INFO - [2021-03-17 16:58:09,380] {dagbag.py:448} INFO - Filling up the DagBag from /Users/prathyusha/Desktop/pranathi/airflow_cnn_pipeline_final/airflow_test_env/lib/python3.7/site-packages/airflow/example_dags/example_bash_operator.py
[2021-03-17 16:58:09,420] {scheduler_job.py:639} INFO - DAG(s) dict_keys(['example_bash_operator']) retrieved from /Users/prathyusha/Desktop/pranathi/airflow_cnn_pipeline_final/airflow_test_env/lib/python3.7/site-packages/airflow/example_dags/example_bash_operator.py
[2021-03-17 16:58:09,458] {logging_mixin.py:104} INFO - [2021-03-17 16:58:09,457] {dag.py:1818} INFO - Sync 1 DAGs
[2021-03-17 16:58:09,501] {logging_mixin.py:104} INFO - [2021-03-17 16:58:09,500] {dag.py:2273} INFO - Setting next_dagrun for example_bash_operator to 2021-03-15 00:00:00+00:00
[2021-03-17 16:58:09,517] {scheduler_job.py:190} INFO - Processing /Users/prathyusha/Desktop/pranathi/airflow_cnn_pipeline_final/airflow_test_env/lib/python3.7/site-packages/airflow/example_dags/example_bash_operator.py took 0.149 seconds
[2021-03-17 16:58:44,908] {scheduler_job.py:182} INFO - Started process (PID=30301) to work on /Users/prathyusha/Desktop/pranathi/airflow_cnn_pipeline_final/airflow_test_env/lib/python3.7/site-packages/airflow/example_dags/example_bash_operator.py
[2021-03-17 16:58:44,912] {scheduler_job.py:629} INFO - Processing file /Users/prathyusha/Desktop/pranathi/airflow_cnn_pipeline_final/airflow_test_env/lib/python3.7/site-packages/airflow/example_dags/example_bash_operator.py for tasks to queue
[2021-03-17 16:58:44,916] {logging_mixin.py:104} INFO - [2021-03-17 16:58:44,915] {dagbag.py:448} INFO - Filling up the DagBag from /Users/prathyusha/Desktop/pranathi/airflow_cnn_pipeline_final/airflow_test_env/lib/python3.7/site-packages/airflow/example_dags/example_bash_operator.py
[2021-03-17 16:58:44,954] {scheduler_job.py:639} INFO - DAG(s) dict_keys(['example_bash_operator']) retrieved from /Users/prathyusha/Desktop/pranathi/airflow_cnn_pipeline_final/airflow_test_env/lib/python3.7/site-packages/airflow/example_dags/example_bash_operator.py
[2021-03-17 16:58:44,998] {logging_mixin.py:104} INFO - [2021-03-17 16:58:44,998] {dag.py:1818} INFO - Sync 1 DAGs
[2021-03-17 16:58:45,077] {logging_mixin.py:104} INFO - [2021-03-17 16:58:45,077] {dag.py:2273} INFO - Setting next_dagrun for example_bash_operator to 2021-03-15 00:00:00+00:00
[2021-03-17 16:58:45,098] {scheduler_job.py:190} INFO - Processing /Users/prathyusha/Desktop/pranathi/airflow_cnn_pipeline_final/airflow_test_env/lib/python3.7/site-packages/airflow/example_dags/example_bash_operator.py took 0.200 seconds
[2021-03-17 16:59:18,081] {scheduler_job.py:182} INFO - Started process (PID=30358) to work on /Users/prathyusha/Desktop/pranathi/airflow_cnn_pipeline_final/airflow_test_env/lib/python3.7/site-packages/airflow/example_dags/example_bash_operator.py
[2021-03-17 16:59:18,085] {scheduler_job.py:629} INFO - Processing file /Users/prathyusha/Desktop/pranathi/airflow_cnn_pipeline_final/airflow_test_env/lib/python3.7/site-packages/airflow/example_dags/example_bash_operator.py for tasks to queue
[2021-03-17 16:59:18,087] {logging_mixin.py:104} INFO - [2021-03-17 16:59:18,086] {dagbag.py:448} INFO - Filling up the DagBag from /Users/prathyusha/Desktop/pranathi/airflow_cnn_pipeline_final/airflow_test_env/lib/python3.7/site-packages/airflow/example_dags/example_bash_operator.py
[2021-03-17 16:59:18,107] {scheduler_job.py:639} INFO - DAG(s) dict_keys(['example_bash_operator']) retrieved from /Users/prathyusha/Desktop/pranathi/airflow_cnn_pipeline_final/airflow_test_env/lib/python3.7/site-packages/airflow/example_dags/example_bash_operator.py
[2021-03-17 16:59:18,127] {logging_mixin.py:104} INFO - [2021-03-17 16:59:18,126] {dag.py:1818} INFO - Sync 1 DAGs
[2021-03-17 16:59:18,159] {logging_mixin.py:104} INFO - [2021-03-17 16:59:18,159] {dag.py:2273} INFO - Setting next_dagrun for example_bash_operator to 2021-03-15 00:00:00+00:00
[2021-03-17 16:59:18,173] {scheduler_job.py:190} INFO - Processing /Users/prathyusha/Desktop/pranathi/airflow_cnn_pipeline_final/airflow_test_env/lib/python3.7/site-packages/airflow/example_dags/example_bash_operator.py took 0.097 seconds
