[2021-03-17 16:32:35,441] {scheduler_job.py:182} INFO - Started process (PID=28237) to work on /Users/prathyusha/Desktop/pranathi/airflow_cnn_pipeline_final/airflow_test_env/lib/python3.7/site-packages/airflow/example_dags/example_xcomargs.py
[2021-03-17 16:32:35,444] {scheduler_job.py:629} INFO - Processing file /Users/prathyusha/Desktop/pranathi/airflow_cnn_pipeline_final/airflow_test_env/lib/python3.7/site-packages/airflow/example_dags/example_xcomargs.py for tasks to queue
[2021-03-17 16:32:35,446] {logging_mixin.py:104} INFO - [2021-03-17 16:32:35,445] {dagbag.py:448} INFO - Filling up the DagBag from /Users/prathyusha/Desktop/pranathi/airflow_cnn_pipeline_final/airflow_test_env/lib/python3.7/site-packages/airflow/example_dags/example_xcomargs.py
[2021-03-17 16:32:35,466] {scheduler_job.py:639} INFO - DAG(s) dict_keys(['example_xcom_args', 'example_xcom_args_with_operators']) retrieved from /Users/prathyusha/Desktop/pranathi/airflow_cnn_pipeline_final/airflow_test_env/lib/python3.7/site-packages/airflow/example_dags/example_xcomargs.py
[2021-03-17 16:32:35,491] {logging_mixin.py:104} INFO - [2021-03-17 16:32:35,490] {dag.py:1818} INFO - Sync 2 DAGs
[2021-03-17 16:32:35,504] {logging_mixin.py:104} INFO - [2021-03-17 16:32:35,504] {dag.py:2273} INFO - Setting next_dagrun for example_xcom_args to None
[2021-03-17 16:32:35,506] {logging_mixin.py:104} INFO - [2021-03-17 16:32:35,505] {dag.py:2273} INFO - Setting next_dagrun for example_xcom_args_with_operators to None
[2021-03-17 16:32:35,518] {scheduler_job.py:190} INFO - Processing /Users/prathyusha/Desktop/pranathi/airflow_cnn_pipeline_final/airflow_test_env/lib/python3.7/site-packages/airflow/example_dags/example_xcomargs.py took 0.081 seconds
[2021-03-17 16:33:07,511] {scheduler_job.py:182} INFO - Started process (PID=28286) to work on /Users/prathyusha/Desktop/pranathi/airflow_cnn_pipeline_final/airflow_test_env/lib/python3.7/site-packages/airflow/example_dags/example_xcomargs.py
[2021-03-17 16:33:07,514] {scheduler_job.py:629} INFO - Processing file /Users/prathyusha/Desktop/pranathi/airflow_cnn_pipeline_final/airflow_test_env/lib/python3.7/site-packages/airflow/example_dags/example_xcomargs.py for tasks to queue
[2021-03-17 16:33:07,516] {logging_mixin.py:104} INFO - [2021-03-17 16:33:07,515] {dagbag.py:448} INFO - Filling up the DagBag from /Users/prathyusha/Desktop/pranathi/airflow_cnn_pipeline_final/airflow_test_env/lib/python3.7/site-packages/airflow/example_dags/example_xcomargs.py
[2021-03-17 16:33:07,531] {scheduler_job.py:639} INFO - DAG(s) dict_keys(['example_xcom_args', 'example_xcom_args_with_operators']) retrieved from /Users/prathyusha/Desktop/pranathi/airflow_cnn_pipeline_final/airflow_test_env/lib/python3.7/site-packages/airflow/example_dags/example_xcomargs.py
[2021-03-17 16:33:07,549] {logging_mixin.py:104} INFO - [2021-03-17 16:33:07,549] {dag.py:1818} INFO - Sync 2 DAGs
[2021-03-17 16:33:07,559] {logging_mixin.py:104} INFO - [2021-03-17 16:33:07,559] {dag.py:2273} INFO - Setting next_dagrun for example_xcom_args to None
[2021-03-17 16:33:07,561] {logging_mixin.py:104} INFO - [2021-03-17 16:33:07,560] {dag.py:2273} INFO - Setting next_dagrun for example_xcom_args_with_operators to None
[2021-03-17 16:33:07,572] {scheduler_job.py:190} INFO - Processing /Users/prathyusha/Desktop/pranathi/airflow_cnn_pipeline_final/airflow_test_env/lib/python3.7/site-packages/airflow/example_dags/example_xcomargs.py took 0.065 seconds
[2021-03-17 16:33:38,359] {scheduler_job.py:182} INFO - Started process (PID=28315) to work on /Users/prathyusha/Desktop/pranathi/airflow_cnn_pipeline_final/airflow_test_env/lib/python3.7/site-packages/airflow/example_dags/example_xcomargs.py
[2021-03-17 16:33:38,363] {scheduler_job.py:629} INFO - Processing file /Users/prathyusha/Desktop/pranathi/airflow_cnn_pipeline_final/airflow_test_env/lib/python3.7/site-packages/airflow/example_dags/example_xcomargs.py for tasks to queue
[2021-03-17 16:33:38,364] {logging_mixin.py:104} INFO - [2021-03-17 16:33:38,364] {dagbag.py:448} INFO - Filling up the DagBag from /Users/prathyusha/Desktop/pranathi/airflow_cnn_pipeline_final/airflow_test_env/lib/python3.7/site-packages/airflow/example_dags/example_xcomargs.py
[2021-03-17 16:33:38,381] {scheduler_job.py:639} INFO - DAG(s) dict_keys(['example_xcom_args', 'example_xcom_args_with_operators']) retrieved from /Users/prathyusha/Desktop/pranathi/airflow_cnn_pipeline_final/airflow_test_env/lib/python3.7/site-packages/airflow/example_dags/example_xcomargs.py
[2021-03-17 16:33:38,399] {logging_mixin.py:104} INFO - [2021-03-17 16:33:38,398] {dag.py:1818} INFO - Sync 2 DAGs
[2021-03-17 16:33:38,409] {logging_mixin.py:104} INFO - [2021-03-17 16:33:38,409] {dag.py:2273} INFO - Setting next_dagrun for example_xcom_args to None
[2021-03-17 16:33:38,410] {logging_mixin.py:104} INFO - [2021-03-17 16:33:38,410] {dag.py:2273} INFO - Setting next_dagrun for example_xcom_args_with_operators to None
[2021-03-17 16:33:38,423] {scheduler_job.py:190} INFO - Processing /Users/prathyusha/Desktop/pranathi/airflow_cnn_pipeline_final/airflow_test_env/lib/python3.7/site-packages/airflow/example_dags/example_xcomargs.py took 0.067 seconds
[2021-03-17 16:34:09,074] {scheduler_job.py:182} INFO - Started process (PID=28350) to work on /Users/prathyusha/Desktop/pranathi/airflow_cnn_pipeline_final/airflow_test_env/lib/python3.7/site-packages/airflow/example_dags/example_xcomargs.py
[2021-03-17 16:34:09,078] {scheduler_job.py:629} INFO - Processing file /Users/prathyusha/Desktop/pranathi/airflow_cnn_pipeline_final/airflow_test_env/lib/python3.7/site-packages/airflow/example_dags/example_xcomargs.py for tasks to queue
[2021-03-17 16:34:09,079] {logging_mixin.py:104} INFO - [2021-03-17 16:34:09,079] {dagbag.py:448} INFO - Filling up the DagBag from /Users/prathyusha/Desktop/pranathi/airflow_cnn_pipeline_final/airflow_test_env/lib/python3.7/site-packages/airflow/example_dags/example_xcomargs.py
[2021-03-17 16:34:09,096] {scheduler_job.py:639} INFO - DAG(s) dict_keys(['example_xcom_args', 'example_xcom_args_with_operators']) retrieved from /Users/prathyusha/Desktop/pranathi/airflow_cnn_pipeline_final/airflow_test_env/lib/python3.7/site-packages/airflow/example_dags/example_xcomargs.py
[2021-03-17 16:34:09,116] {logging_mixin.py:104} INFO - [2021-03-17 16:34:09,115] {dag.py:1818} INFO - Sync 2 DAGs
[2021-03-17 16:34:09,126] {logging_mixin.py:104} INFO - [2021-03-17 16:34:09,126] {dag.py:2273} INFO - Setting next_dagrun for example_xcom_args to None
[2021-03-17 16:34:09,128] {logging_mixin.py:104} INFO - [2021-03-17 16:34:09,127] {dag.py:2273} INFO - Setting next_dagrun for example_xcom_args_with_operators to None
[2021-03-17 16:34:09,138] {scheduler_job.py:190} INFO - Processing /Users/prathyusha/Desktop/pranathi/airflow_cnn_pipeline_final/airflow_test_env/lib/python3.7/site-packages/airflow/example_dags/example_xcomargs.py took 0.068 seconds
[2021-03-17 16:34:39,918] {scheduler_job.py:182} INFO - Started process (PID=28379) to work on /Users/prathyusha/Desktop/pranathi/airflow_cnn_pipeline_final/airflow_test_env/lib/python3.7/site-packages/airflow/example_dags/example_xcomargs.py
[2021-03-17 16:34:39,919] {scheduler_job.py:629} INFO - Processing file /Users/prathyusha/Desktop/pranathi/airflow_cnn_pipeline_final/airflow_test_env/lib/python3.7/site-packages/airflow/example_dags/example_xcomargs.py for tasks to queue
[2021-03-17 16:34:39,920] {logging_mixin.py:104} INFO - [2021-03-17 16:34:39,920] {dagbag.py:448} INFO - Filling up the DagBag from /Users/prathyusha/Desktop/pranathi/airflow_cnn_pipeline_final/airflow_test_env/lib/python3.7/site-packages/airflow/example_dags/example_xcomargs.py
[2021-03-17 16:34:39,934] {scheduler_job.py:639} INFO - DAG(s) dict_keys(['example_xcom_args', 'example_xcom_args_with_operators']) retrieved from /Users/prathyusha/Desktop/pranathi/airflow_cnn_pipeline_final/airflow_test_env/lib/python3.7/site-packages/airflow/example_dags/example_xcomargs.py
[2021-03-17 16:34:39,952] {logging_mixin.py:104} INFO - [2021-03-17 16:34:39,951] {dag.py:1818} INFO - Sync 2 DAGs
[2021-03-17 16:34:39,962] {logging_mixin.py:104} INFO - [2021-03-17 16:34:39,962] {dag.py:2273} INFO - Setting next_dagrun for example_xcom_args to None
[2021-03-17 16:34:39,964] {logging_mixin.py:104} INFO - [2021-03-17 16:34:39,963] {dag.py:2273} INFO - Setting next_dagrun for example_xcom_args_with_operators to None
[2021-03-17 16:34:39,977] {scheduler_job.py:190} INFO - Processing /Users/prathyusha/Desktop/pranathi/airflow_cnn_pipeline_final/airflow_test_env/lib/python3.7/site-packages/airflow/example_dags/example_xcomargs.py took 0.063 seconds
[2021-03-17 16:35:10,610] {scheduler_job.py:182} INFO - Started process (PID=28415) to work on /Users/prathyusha/Desktop/pranathi/airflow_cnn_pipeline_final/airflow_test_env/lib/python3.7/site-packages/airflow/example_dags/example_xcomargs.py
[2021-03-17 16:35:10,612] {scheduler_job.py:629} INFO - Processing file /Users/prathyusha/Desktop/pranathi/airflow_cnn_pipeline_final/airflow_test_env/lib/python3.7/site-packages/airflow/example_dags/example_xcomargs.py for tasks to queue
[2021-03-17 16:35:10,613] {logging_mixin.py:104} INFO - [2021-03-17 16:35:10,612] {dagbag.py:448} INFO - Filling up the DagBag from /Users/prathyusha/Desktop/pranathi/airflow_cnn_pipeline_final/airflow_test_env/lib/python3.7/site-packages/airflow/example_dags/example_xcomargs.py
[2021-03-17 16:35:10,626] {scheduler_job.py:639} INFO - DAG(s) dict_keys(['example_xcom_args', 'example_xcom_args_with_operators']) retrieved from /Users/prathyusha/Desktop/pranathi/airflow_cnn_pipeline_final/airflow_test_env/lib/python3.7/site-packages/airflow/example_dags/example_xcomargs.py
[2021-03-17 16:35:10,644] {logging_mixin.py:104} INFO - [2021-03-17 16:35:10,644] {dag.py:1818} INFO - Sync 2 DAGs
[2021-03-17 16:35:10,655] {logging_mixin.py:104} INFO - [2021-03-17 16:35:10,655] {dag.py:2273} INFO - Setting next_dagrun for example_xcom_args to None
[2021-03-17 16:35:10,657] {logging_mixin.py:104} INFO - [2021-03-17 16:35:10,656] {dag.py:2273} INFO - Setting next_dagrun for example_xcom_args_with_operators to None
[2021-03-17 16:35:10,671] {scheduler_job.py:190} INFO - Processing /Users/prathyusha/Desktop/pranathi/airflow_cnn_pipeline_final/airflow_test_env/lib/python3.7/site-packages/airflow/example_dags/example_xcomargs.py took 0.065 seconds
[2021-03-17 16:35:41,563] {scheduler_job.py:182} INFO - Started process (PID=28455) to work on /Users/prathyusha/Desktop/pranathi/airflow_cnn_pipeline_final/airflow_test_env/lib/python3.7/site-packages/airflow/example_dags/example_xcomargs.py
[2021-03-17 16:35:41,567] {scheduler_job.py:629} INFO - Processing file /Users/prathyusha/Desktop/pranathi/airflow_cnn_pipeline_final/airflow_test_env/lib/python3.7/site-packages/airflow/example_dags/example_xcomargs.py for tasks to queue
[2021-03-17 16:35:41,568] {logging_mixin.py:104} INFO - [2021-03-17 16:35:41,568] {dagbag.py:448} INFO - Filling up the DagBag from /Users/prathyusha/Desktop/pranathi/airflow_cnn_pipeline_final/airflow_test_env/lib/python3.7/site-packages/airflow/example_dags/example_xcomargs.py
[2021-03-17 16:35:41,600] {scheduler_job.py:639} INFO - DAG(s) dict_keys(['example_xcom_args', 'example_xcom_args_with_operators']) retrieved from /Users/prathyusha/Desktop/pranathi/airflow_cnn_pipeline_final/airflow_test_env/lib/python3.7/site-packages/airflow/example_dags/example_xcomargs.py
[2021-03-17 16:35:41,617] {logging_mixin.py:104} INFO - [2021-03-17 16:35:41,617] {dag.py:1818} INFO - Sync 2 DAGs
[2021-03-17 16:35:41,628] {logging_mixin.py:104} INFO - [2021-03-17 16:35:41,627] {dag.py:2273} INFO - Setting next_dagrun for example_xcom_args to None
[2021-03-17 16:35:41,629] {logging_mixin.py:104} INFO - [2021-03-17 16:35:41,629] {dag.py:2273} INFO - Setting next_dagrun for example_xcom_args_with_operators to None
[2021-03-17 16:35:41,645] {scheduler_job.py:190} INFO - Processing /Users/prathyusha/Desktop/pranathi/airflow_cnn_pipeline_final/airflow_test_env/lib/python3.7/site-packages/airflow/example_dags/example_xcomargs.py took 0.085 seconds
[2021-03-17 16:36:12,351] {scheduler_job.py:182} INFO - Started process (PID=28492) to work on /Users/prathyusha/Desktop/pranathi/airflow_cnn_pipeline_final/airflow_test_env/lib/python3.7/site-packages/airflow/example_dags/example_xcomargs.py
[2021-03-17 16:36:12,354] {scheduler_job.py:629} INFO - Processing file /Users/prathyusha/Desktop/pranathi/airflow_cnn_pipeline_final/airflow_test_env/lib/python3.7/site-packages/airflow/example_dags/example_xcomargs.py for tasks to queue
[2021-03-17 16:36:12,356] {logging_mixin.py:104} INFO - [2021-03-17 16:36:12,355] {dagbag.py:448} INFO - Filling up the DagBag from /Users/prathyusha/Desktop/pranathi/airflow_cnn_pipeline_final/airflow_test_env/lib/python3.7/site-packages/airflow/example_dags/example_xcomargs.py
[2021-03-17 16:36:12,372] {scheduler_job.py:639} INFO - DAG(s) dict_keys(['example_xcom_args', 'example_xcom_args_with_operators']) retrieved from /Users/prathyusha/Desktop/pranathi/airflow_cnn_pipeline_final/airflow_test_env/lib/python3.7/site-packages/airflow/example_dags/example_xcomargs.py
[2021-03-17 16:36:12,390] {logging_mixin.py:104} INFO - [2021-03-17 16:36:12,389] {dag.py:1818} INFO - Sync 2 DAGs
[2021-03-17 16:36:12,401] {logging_mixin.py:104} INFO - [2021-03-17 16:36:12,400] {dag.py:2273} INFO - Setting next_dagrun for example_xcom_args to None
[2021-03-17 16:36:12,402] {logging_mixin.py:104} INFO - [2021-03-17 16:36:12,402] {dag.py:2273} INFO - Setting next_dagrun for example_xcom_args_with_operators to None
[2021-03-17 16:36:12,412] {scheduler_job.py:190} INFO - Processing /Users/prathyusha/Desktop/pranathi/airflow_cnn_pipeline_final/airflow_test_env/lib/python3.7/site-packages/airflow/example_dags/example_xcomargs.py took 0.065 seconds
[2021-03-17 16:36:43,103] {scheduler_job.py:182} INFO - Started process (PID=28521) to work on /Users/prathyusha/Desktop/pranathi/airflow_cnn_pipeline_final/airflow_test_env/lib/python3.7/site-packages/airflow/example_dags/example_xcomargs.py
[2021-03-17 16:36:43,105] {scheduler_job.py:629} INFO - Processing file /Users/prathyusha/Desktop/pranathi/airflow_cnn_pipeline_final/airflow_test_env/lib/python3.7/site-packages/airflow/example_dags/example_xcomargs.py for tasks to queue
[2021-03-17 16:36:43,107] {logging_mixin.py:104} INFO - [2021-03-17 16:36:43,106] {dagbag.py:448} INFO - Filling up the DagBag from /Users/prathyusha/Desktop/pranathi/airflow_cnn_pipeline_final/airflow_test_env/lib/python3.7/site-packages/airflow/example_dags/example_xcomargs.py
[2021-03-17 16:36:43,122] {scheduler_job.py:639} INFO - DAG(s) dict_keys(['example_xcom_args', 'example_xcom_args_with_operators']) retrieved from /Users/prathyusha/Desktop/pranathi/airflow_cnn_pipeline_final/airflow_test_env/lib/python3.7/site-packages/airflow/example_dags/example_xcomargs.py
[2021-03-17 16:36:43,142] {logging_mixin.py:104} INFO - [2021-03-17 16:36:43,142] {dag.py:1818} INFO - Sync 2 DAGs
[2021-03-17 16:36:43,155] {logging_mixin.py:104} INFO - [2021-03-17 16:36:43,154] {dag.py:2273} INFO - Setting next_dagrun for example_xcom_args to None
[2021-03-17 16:36:43,156] {logging_mixin.py:104} INFO - [2021-03-17 16:36:43,156] {dag.py:2273} INFO - Setting next_dagrun for example_xcom_args_with_operators to None
[2021-03-17 16:36:43,168] {scheduler_job.py:190} INFO - Processing /Users/prathyusha/Desktop/pranathi/airflow_cnn_pipeline_final/airflow_test_env/lib/python3.7/site-packages/airflow/example_dags/example_xcomargs.py took 0.069 seconds
[2021-03-17 16:37:13,768] {scheduler_job.py:182} INFO - Started process (PID=28551) to work on /Users/prathyusha/Desktop/pranathi/airflow_cnn_pipeline_final/airflow_test_env/lib/python3.7/site-packages/airflow/example_dags/example_xcomargs.py
[2021-03-17 16:37:13,770] {scheduler_job.py:629} INFO - Processing file /Users/prathyusha/Desktop/pranathi/airflow_cnn_pipeline_final/airflow_test_env/lib/python3.7/site-packages/airflow/example_dags/example_xcomargs.py for tasks to queue
[2021-03-17 16:37:13,771] {logging_mixin.py:104} INFO - [2021-03-17 16:37:13,770] {dagbag.py:448} INFO - Filling up the DagBag from /Users/prathyusha/Desktop/pranathi/airflow_cnn_pipeline_final/airflow_test_env/lib/python3.7/site-packages/airflow/example_dags/example_xcomargs.py
[2021-03-17 16:37:13,784] {scheduler_job.py:639} INFO - DAG(s) dict_keys(['example_xcom_args', 'example_xcom_args_with_operators']) retrieved from /Users/prathyusha/Desktop/pranathi/airflow_cnn_pipeline_final/airflow_test_env/lib/python3.7/site-packages/airflow/example_dags/example_xcomargs.py
[2021-03-17 16:37:13,801] {logging_mixin.py:104} INFO - [2021-03-17 16:37:13,801] {dag.py:1818} INFO - Sync 2 DAGs
[2021-03-17 16:37:13,813] {logging_mixin.py:104} INFO - [2021-03-17 16:37:13,812] {dag.py:2273} INFO - Setting next_dagrun for example_xcom_args to None
[2021-03-17 16:37:13,814] {logging_mixin.py:104} INFO - [2021-03-17 16:37:13,814] {dag.py:2273} INFO - Setting next_dagrun for example_xcom_args_with_operators to None
[2021-03-17 16:37:13,825] {scheduler_job.py:190} INFO - Processing /Users/prathyusha/Desktop/pranathi/airflow_cnn_pipeline_final/airflow_test_env/lib/python3.7/site-packages/airflow/example_dags/example_xcomargs.py took 0.061 seconds
[2021-03-17 16:37:44,789] {scheduler_job.py:182} INFO - Started process (PID=28583) to work on /Users/prathyusha/Desktop/pranathi/airflow_cnn_pipeline_final/airflow_test_env/lib/python3.7/site-packages/airflow/example_dags/example_xcomargs.py
[2021-03-17 16:37:44,791] {scheduler_job.py:629} INFO - Processing file /Users/prathyusha/Desktop/pranathi/airflow_cnn_pipeline_final/airflow_test_env/lib/python3.7/site-packages/airflow/example_dags/example_xcomargs.py for tasks to queue
[2021-03-17 16:37:44,793] {logging_mixin.py:104} INFO - [2021-03-17 16:37:44,792] {dagbag.py:448} INFO - Filling up the DagBag from /Users/prathyusha/Desktop/pranathi/airflow_cnn_pipeline_final/airflow_test_env/lib/python3.7/site-packages/airflow/example_dags/example_xcomargs.py
[2021-03-17 16:37:44,808] {scheduler_job.py:639} INFO - DAG(s) dict_keys(['example_xcom_args', 'example_xcom_args_with_operators']) retrieved from /Users/prathyusha/Desktop/pranathi/airflow_cnn_pipeline_final/airflow_test_env/lib/python3.7/site-packages/airflow/example_dags/example_xcomargs.py
[2021-03-17 16:37:44,827] {logging_mixin.py:104} INFO - [2021-03-17 16:37:44,827] {dag.py:1818} INFO - Sync 2 DAGs
[2021-03-17 16:37:44,838] {logging_mixin.py:104} INFO - [2021-03-17 16:37:44,838] {dag.py:2273} INFO - Setting next_dagrun for example_xcom_args to None
[2021-03-17 16:37:44,839] {logging_mixin.py:104} INFO - [2021-03-17 16:37:44,839] {dag.py:2273} INFO - Setting next_dagrun for example_xcom_args_with_operators to None
[2021-03-17 16:37:44,853] {scheduler_job.py:190} INFO - Processing /Users/prathyusha/Desktop/pranathi/airflow_cnn_pipeline_final/airflow_test_env/lib/python3.7/site-packages/airflow/example_dags/example_xcomargs.py took 0.068 seconds
[2021-03-17 16:38:16,453] {scheduler_job.py:182} INFO - Started process (PID=28615) to work on /Users/prathyusha/Desktop/pranathi/airflow_cnn_pipeline_final/airflow_test_env/lib/python3.7/site-packages/airflow/example_dags/example_xcomargs.py
[2021-03-17 16:38:16,455] {scheduler_job.py:629} INFO - Processing file /Users/prathyusha/Desktop/pranathi/airflow_cnn_pipeline_final/airflow_test_env/lib/python3.7/site-packages/airflow/example_dags/example_xcomargs.py for tasks to queue
[2021-03-17 16:38:16,456] {logging_mixin.py:104} INFO - [2021-03-17 16:38:16,456] {dagbag.py:448} INFO - Filling up the DagBag from /Users/prathyusha/Desktop/pranathi/airflow_cnn_pipeline_final/airflow_test_env/lib/python3.7/site-packages/airflow/example_dags/example_xcomargs.py
[2021-03-17 16:38:16,471] {scheduler_job.py:639} INFO - DAG(s) dict_keys(['example_xcom_args', 'example_xcom_args_with_operators']) retrieved from /Users/prathyusha/Desktop/pranathi/airflow_cnn_pipeline_final/airflow_test_env/lib/python3.7/site-packages/airflow/example_dags/example_xcomargs.py
[2021-03-17 16:38:16,489] {logging_mixin.py:104} INFO - [2021-03-17 16:38:16,489] {dag.py:1818} INFO - Sync 2 DAGs
[2021-03-17 16:38:16,500] {logging_mixin.py:104} INFO - [2021-03-17 16:38:16,500] {dag.py:2273} INFO - Setting next_dagrun for example_xcom_args to None
[2021-03-17 16:38:16,501] {logging_mixin.py:104} INFO - [2021-03-17 16:38:16,501] {dag.py:2273} INFO - Setting next_dagrun for example_xcom_args_with_operators to None
[2021-03-17 16:38:16,512] {scheduler_job.py:190} INFO - Processing /Users/prathyusha/Desktop/pranathi/airflow_cnn_pipeline_final/airflow_test_env/lib/python3.7/site-packages/airflow/example_dags/example_xcomargs.py took 0.063 seconds
[2021-03-17 16:38:46,956] {scheduler_job.py:182} INFO - Started process (PID=28682) to work on /Users/prathyusha/Desktop/pranathi/airflow_cnn_pipeline_final/airflow_test_env/lib/python3.7/site-packages/airflow/example_dags/example_xcomargs.py
[2021-03-17 16:38:46,961] {scheduler_job.py:629} INFO - Processing file /Users/prathyusha/Desktop/pranathi/airflow_cnn_pipeline_final/airflow_test_env/lib/python3.7/site-packages/airflow/example_dags/example_xcomargs.py for tasks to queue
[2021-03-17 16:38:46,962] {logging_mixin.py:104} INFO - [2021-03-17 16:38:46,962] {dagbag.py:448} INFO - Filling up the DagBag from /Users/prathyusha/Desktop/pranathi/airflow_cnn_pipeline_final/airflow_test_env/lib/python3.7/site-packages/airflow/example_dags/example_xcomargs.py
[2021-03-17 16:38:46,981] {scheduler_job.py:639} INFO - DAG(s) dict_keys(['example_xcom_args', 'example_xcom_args_with_operators']) retrieved from /Users/prathyusha/Desktop/pranathi/airflow_cnn_pipeline_final/airflow_test_env/lib/python3.7/site-packages/airflow/example_dags/example_xcomargs.py
[2021-03-17 16:38:47,002] {logging_mixin.py:104} INFO - [2021-03-17 16:38:47,001] {dag.py:1818} INFO - Sync 2 DAGs
[2021-03-17 16:38:47,014] {logging_mixin.py:104} INFO - [2021-03-17 16:38:47,013] {dag.py:2273} INFO - Setting next_dagrun for example_xcom_args to None
[2021-03-17 16:38:47,015] {logging_mixin.py:104} INFO - [2021-03-17 16:38:47,015] {dag.py:2273} INFO - Setting next_dagrun for example_xcom_args_with_operators to None
[2021-03-17 16:38:47,026] {scheduler_job.py:190} INFO - Processing /Users/prathyusha/Desktop/pranathi/airflow_cnn_pipeline_final/airflow_test_env/lib/python3.7/site-packages/airflow/example_dags/example_xcomargs.py took 0.074 seconds
[2021-03-17 16:39:17,558] {scheduler_job.py:182} INFO - Started process (PID=28730) to work on /Users/prathyusha/Desktop/pranathi/airflow_cnn_pipeline_final/airflow_test_env/lib/python3.7/site-packages/airflow/example_dags/example_xcomargs.py
[2021-03-17 16:39:17,560] {scheduler_job.py:629} INFO - Processing file /Users/prathyusha/Desktop/pranathi/airflow_cnn_pipeline_final/airflow_test_env/lib/python3.7/site-packages/airflow/example_dags/example_xcomargs.py for tasks to queue
[2021-03-17 16:39:17,561] {logging_mixin.py:104} INFO - [2021-03-17 16:39:17,561] {dagbag.py:448} INFO - Filling up the DagBag from /Users/prathyusha/Desktop/pranathi/airflow_cnn_pipeline_final/airflow_test_env/lib/python3.7/site-packages/airflow/example_dags/example_xcomargs.py
[2021-03-17 16:39:17,576] {scheduler_job.py:639} INFO - DAG(s) dict_keys(['example_xcom_args', 'example_xcom_args_with_operators']) retrieved from /Users/prathyusha/Desktop/pranathi/airflow_cnn_pipeline_final/airflow_test_env/lib/python3.7/site-packages/airflow/example_dags/example_xcomargs.py
[2021-03-17 16:39:17,595] {logging_mixin.py:104} INFO - [2021-03-17 16:39:17,594] {dag.py:1818} INFO - Sync 2 DAGs
[2021-03-17 16:39:17,605] {logging_mixin.py:104} INFO - [2021-03-17 16:39:17,605] {dag.py:2273} INFO - Setting next_dagrun for example_xcom_args to None
[2021-03-17 16:39:17,607] {logging_mixin.py:104} INFO - [2021-03-17 16:39:17,606] {dag.py:2273} INFO - Setting next_dagrun for example_xcom_args_with_operators to None
[2021-03-17 16:39:17,617] {scheduler_job.py:190} INFO - Processing /Users/prathyusha/Desktop/pranathi/airflow_cnn_pipeline_final/airflow_test_env/lib/python3.7/site-packages/airflow/example_dags/example_xcomargs.py took 0.063 seconds
[2021-03-17 16:39:48,047] {scheduler_job.py:182} INFO - Started process (PID=28759) to work on /Users/prathyusha/Desktop/pranathi/airflow_cnn_pipeline_final/airflow_test_env/lib/python3.7/site-packages/airflow/example_dags/example_xcomargs.py
[2021-03-17 16:39:48,049] {scheduler_job.py:629} INFO - Processing file /Users/prathyusha/Desktop/pranathi/airflow_cnn_pipeline_final/airflow_test_env/lib/python3.7/site-packages/airflow/example_dags/example_xcomargs.py for tasks to queue
[2021-03-17 16:39:48,051] {logging_mixin.py:104} INFO - [2021-03-17 16:39:48,050] {dagbag.py:448} INFO - Filling up the DagBag from /Users/prathyusha/Desktop/pranathi/airflow_cnn_pipeline_final/airflow_test_env/lib/python3.7/site-packages/airflow/example_dags/example_xcomargs.py
[2021-03-17 16:39:48,071] {scheduler_job.py:639} INFO - DAG(s) dict_keys(['example_xcom_args', 'example_xcom_args_with_operators']) retrieved from /Users/prathyusha/Desktop/pranathi/airflow_cnn_pipeline_final/airflow_test_env/lib/python3.7/site-packages/airflow/example_dags/example_xcomargs.py
[2021-03-17 16:39:48,094] {logging_mixin.py:104} INFO - [2021-03-17 16:39:48,093] {dag.py:1818} INFO - Sync 2 DAGs
[2021-03-17 16:39:48,106] {logging_mixin.py:104} INFO - [2021-03-17 16:39:48,105] {dag.py:2273} INFO - Setting next_dagrun for example_xcom_args to None
[2021-03-17 16:39:48,107] {logging_mixin.py:104} INFO - [2021-03-17 16:39:48,107] {dag.py:2273} INFO - Setting next_dagrun for example_xcom_args_with_operators to None
[2021-03-17 16:39:48,120] {scheduler_job.py:190} INFO - Processing /Users/prathyusha/Desktop/pranathi/airflow_cnn_pipeline_final/airflow_test_env/lib/python3.7/site-packages/airflow/example_dags/example_xcomargs.py took 0.079 seconds
[2021-03-17 16:40:20,231] {scheduler_job.py:182} INFO - Started process (PID=28808) to work on /Users/prathyusha/Desktop/pranathi/airflow_cnn_pipeline_final/airflow_test_env/lib/python3.7/site-packages/airflow/example_dags/example_xcomargs.py
[2021-03-17 16:40:20,235] {scheduler_job.py:629} INFO - Processing file /Users/prathyusha/Desktop/pranathi/airflow_cnn_pipeline_final/airflow_test_env/lib/python3.7/site-packages/airflow/example_dags/example_xcomargs.py for tasks to queue
[2021-03-17 16:40:20,236] {logging_mixin.py:104} INFO - [2021-03-17 16:40:20,236] {dagbag.py:448} INFO - Filling up the DagBag from /Users/prathyusha/Desktop/pranathi/airflow_cnn_pipeline_final/airflow_test_env/lib/python3.7/site-packages/airflow/example_dags/example_xcomargs.py
[2021-03-17 16:40:20,254] {scheduler_job.py:639} INFO - DAG(s) dict_keys(['example_xcom_args', 'example_xcom_args_with_operators']) retrieved from /Users/prathyusha/Desktop/pranathi/airflow_cnn_pipeline_final/airflow_test_env/lib/python3.7/site-packages/airflow/example_dags/example_xcomargs.py
[2021-03-17 16:40:20,274] {logging_mixin.py:104} INFO - [2021-03-17 16:40:20,274] {dag.py:1818} INFO - Sync 2 DAGs
[2021-03-17 16:40:20,286] {logging_mixin.py:104} INFO - [2021-03-17 16:40:20,286] {dag.py:2273} INFO - Setting next_dagrun for example_xcom_args to None
[2021-03-17 16:40:20,287] {logging_mixin.py:104} INFO - [2021-03-17 16:40:20,287] {dag.py:2273} INFO - Setting next_dagrun for example_xcom_args_with_operators to None
[2021-03-17 16:40:20,298] {scheduler_job.py:190} INFO - Processing /Users/prathyusha/Desktop/pranathi/airflow_cnn_pipeline_final/airflow_test_env/lib/python3.7/site-packages/airflow/example_dags/example_xcomargs.py took 0.072 seconds
[2021-03-17 16:40:51,197] {scheduler_job.py:182} INFO - Started process (PID=28846) to work on /Users/prathyusha/Desktop/pranathi/airflow_cnn_pipeline_final/airflow_test_env/lib/python3.7/site-packages/airflow/example_dags/example_xcomargs.py
[2021-03-17 16:40:51,200] {scheduler_job.py:629} INFO - Processing file /Users/prathyusha/Desktop/pranathi/airflow_cnn_pipeline_final/airflow_test_env/lib/python3.7/site-packages/airflow/example_dags/example_xcomargs.py for tasks to queue
[2021-03-17 16:40:51,201] {logging_mixin.py:104} INFO - [2021-03-17 16:40:51,201] {dagbag.py:448} INFO - Filling up the DagBag from /Users/prathyusha/Desktop/pranathi/airflow_cnn_pipeline_final/airflow_test_env/lib/python3.7/site-packages/airflow/example_dags/example_xcomargs.py
[2021-03-17 16:40:51,218] {scheduler_job.py:639} INFO - DAG(s) dict_keys(['example_xcom_args', 'example_xcom_args_with_operators']) retrieved from /Users/prathyusha/Desktop/pranathi/airflow_cnn_pipeline_final/airflow_test_env/lib/python3.7/site-packages/airflow/example_dags/example_xcomargs.py
[2021-03-17 16:40:51,257] {logging_mixin.py:104} INFO - [2021-03-17 16:40:51,256] {dag.py:1818} INFO - Sync 2 DAGs
[2021-03-17 16:40:51,280] {logging_mixin.py:104} INFO - [2021-03-17 16:40:51,280] {dag.py:2273} INFO - Setting next_dagrun for example_xcom_args to None
[2021-03-17 16:40:51,291] {logging_mixin.py:104} INFO - [2021-03-17 16:40:51,290] {dag.py:2273} INFO - Setting next_dagrun for example_xcom_args_with_operators to None
[2021-03-17 16:40:51,355] {scheduler_job.py:190} INFO - Processing /Users/prathyusha/Desktop/pranathi/airflow_cnn_pipeline_final/airflow_test_env/lib/python3.7/site-packages/airflow/example_dags/example_xcomargs.py took 0.162 seconds
[2021-03-17 16:41:22,141] {scheduler_job.py:182} INFO - Started process (PID=28875) to work on /Users/prathyusha/Desktop/pranathi/airflow_cnn_pipeline_final/airflow_test_env/lib/python3.7/site-packages/airflow/example_dags/example_xcomargs.py
[2021-03-17 16:41:22,145] {scheduler_job.py:629} INFO - Processing file /Users/prathyusha/Desktop/pranathi/airflow_cnn_pipeline_final/airflow_test_env/lib/python3.7/site-packages/airflow/example_dags/example_xcomargs.py for tasks to queue
[2021-03-17 16:41:22,146] {logging_mixin.py:104} INFO - [2021-03-17 16:41:22,146] {dagbag.py:448} INFO - Filling up the DagBag from /Users/prathyusha/Desktop/pranathi/airflow_cnn_pipeline_final/airflow_test_env/lib/python3.7/site-packages/airflow/example_dags/example_xcomargs.py
[2021-03-17 16:41:22,163] {scheduler_job.py:639} INFO - DAG(s) dict_keys(['example_xcom_args', 'example_xcom_args_with_operators']) retrieved from /Users/prathyusha/Desktop/pranathi/airflow_cnn_pipeline_final/airflow_test_env/lib/python3.7/site-packages/airflow/example_dags/example_xcomargs.py
[2021-03-17 16:41:22,183] {logging_mixin.py:104} INFO - [2021-03-17 16:41:22,183] {dag.py:1818} INFO - Sync 2 DAGs
[2021-03-17 16:41:22,195] {logging_mixin.py:104} INFO - [2021-03-17 16:41:22,195] {dag.py:2273} INFO - Setting next_dagrun for example_xcom_args to None
[2021-03-17 16:41:22,196] {logging_mixin.py:104} INFO - [2021-03-17 16:41:22,196] {dag.py:2273} INFO - Setting next_dagrun for example_xcom_args_with_operators to None
[2021-03-17 16:41:22,208] {scheduler_job.py:190} INFO - Processing /Users/prathyusha/Desktop/pranathi/airflow_cnn_pipeline_final/airflow_test_env/lib/python3.7/site-packages/airflow/example_dags/example_xcomargs.py took 0.072 seconds
[2021-03-17 16:41:54,701] {scheduler_job.py:182} INFO - Started process (PID=28914) to work on /Users/prathyusha/Desktop/pranathi/airflow_cnn_pipeline_final/airflow_test_env/lib/python3.7/site-packages/airflow/example_dags/example_xcomargs.py
[2021-03-17 16:41:54,705] {scheduler_job.py:629} INFO - Processing file /Users/prathyusha/Desktop/pranathi/airflow_cnn_pipeline_final/airflow_test_env/lib/python3.7/site-packages/airflow/example_dags/example_xcomargs.py for tasks to queue
[2021-03-17 16:41:54,706] {logging_mixin.py:104} INFO - [2021-03-17 16:41:54,706] {dagbag.py:448} INFO - Filling up the DagBag from /Users/prathyusha/Desktop/pranathi/airflow_cnn_pipeline_final/airflow_test_env/lib/python3.7/site-packages/airflow/example_dags/example_xcomargs.py
[2021-03-17 16:41:54,725] {scheduler_job.py:639} INFO - DAG(s) dict_keys(['example_xcom_args', 'example_xcom_args_with_operators']) retrieved from /Users/prathyusha/Desktop/pranathi/airflow_cnn_pipeline_final/airflow_test_env/lib/python3.7/site-packages/airflow/example_dags/example_xcomargs.py
[2021-03-17 16:41:54,747] {logging_mixin.py:104} INFO - [2021-03-17 16:41:54,747] {dag.py:1818} INFO - Sync 2 DAGs
[2021-03-17 16:41:54,760] {logging_mixin.py:104} INFO - [2021-03-17 16:41:54,760] {dag.py:2273} INFO - Setting next_dagrun for example_xcom_args to None
[2021-03-17 16:41:54,762] {logging_mixin.py:104} INFO - [2021-03-17 16:41:54,762] {dag.py:2273} INFO - Setting next_dagrun for example_xcom_args_with_operators to None
[2021-03-17 16:41:54,772] {scheduler_job.py:190} INFO - Processing /Users/prathyusha/Desktop/pranathi/airflow_cnn_pipeline_final/airflow_test_env/lib/python3.7/site-packages/airflow/example_dags/example_xcomargs.py took 0.076 seconds
[2021-03-17 16:42:25,645] {scheduler_job.py:182} INFO - Started process (PID=28946) to work on /Users/prathyusha/Desktop/pranathi/airflow_cnn_pipeline_final/airflow_test_env/lib/python3.7/site-packages/airflow/example_dags/example_xcomargs.py
[2021-03-17 16:42:25,647] {scheduler_job.py:629} INFO - Processing file /Users/prathyusha/Desktop/pranathi/airflow_cnn_pipeline_final/airflow_test_env/lib/python3.7/site-packages/airflow/example_dags/example_xcomargs.py for tasks to queue
[2021-03-17 16:42:25,648] {logging_mixin.py:104} INFO - [2021-03-17 16:42:25,648] {dagbag.py:448} INFO - Filling up the DagBag from /Users/prathyusha/Desktop/pranathi/airflow_cnn_pipeline_final/airflow_test_env/lib/python3.7/site-packages/airflow/example_dags/example_xcomargs.py
[2021-03-17 16:42:25,665] {scheduler_job.py:639} INFO - DAG(s) dict_keys(['example_xcom_args', 'example_xcom_args_with_operators']) retrieved from /Users/prathyusha/Desktop/pranathi/airflow_cnn_pipeline_final/airflow_test_env/lib/python3.7/site-packages/airflow/example_dags/example_xcomargs.py
[2021-03-17 16:42:25,686] {logging_mixin.py:104} INFO - [2021-03-17 16:42:25,686] {dag.py:1818} INFO - Sync 2 DAGs
[2021-03-17 16:42:25,703] {logging_mixin.py:104} INFO - [2021-03-17 16:42:25,702] {dag.py:2273} INFO - Setting next_dagrun for example_xcom_args to None
[2021-03-17 16:42:25,705] {logging_mixin.py:104} INFO - [2021-03-17 16:42:25,705] {dag.py:2273} INFO - Setting next_dagrun for example_xcom_args_with_operators to None
[2021-03-17 16:42:25,718] {scheduler_job.py:190} INFO - Processing /Users/prathyusha/Desktop/pranathi/airflow_cnn_pipeline_final/airflow_test_env/lib/python3.7/site-packages/airflow/example_dags/example_xcomargs.py took 0.077 seconds
[2021-03-17 16:42:56,279] {scheduler_job.py:182} INFO - Started process (PID=28976) to work on /Users/prathyusha/Desktop/pranathi/airflow_cnn_pipeline_final/airflow_test_env/lib/python3.7/site-packages/airflow/example_dags/example_xcomargs.py
[2021-03-17 16:42:56,281] {scheduler_job.py:629} INFO - Processing file /Users/prathyusha/Desktop/pranathi/airflow_cnn_pipeline_final/airflow_test_env/lib/python3.7/site-packages/airflow/example_dags/example_xcomargs.py for tasks to queue
[2021-03-17 16:42:56,282] {logging_mixin.py:104} INFO - [2021-03-17 16:42:56,282] {dagbag.py:448} INFO - Filling up the DagBag from /Users/prathyusha/Desktop/pranathi/airflow_cnn_pipeline_final/airflow_test_env/lib/python3.7/site-packages/airflow/example_dags/example_xcomargs.py
[2021-03-17 16:42:56,301] {scheduler_job.py:639} INFO - DAG(s) dict_keys(['example_xcom_args', 'example_xcom_args_with_operators']) retrieved from /Users/prathyusha/Desktop/pranathi/airflow_cnn_pipeline_final/airflow_test_env/lib/python3.7/site-packages/airflow/example_dags/example_xcomargs.py
[2021-03-17 16:42:56,323] {logging_mixin.py:104} INFO - [2021-03-17 16:42:56,322] {dag.py:1818} INFO - Sync 2 DAGs
[2021-03-17 16:42:56,336] {logging_mixin.py:104} INFO - [2021-03-17 16:42:56,335] {dag.py:2273} INFO - Setting next_dagrun for example_xcom_args to None
[2021-03-17 16:42:56,337] {logging_mixin.py:104} INFO - [2021-03-17 16:42:56,337] {dag.py:2273} INFO - Setting next_dagrun for example_xcom_args_with_operators to None
[2021-03-17 16:42:56,345] {scheduler_job.py:190} INFO - Processing /Users/prathyusha/Desktop/pranathi/airflow_cnn_pipeline_final/airflow_test_env/lib/python3.7/site-packages/airflow/example_dags/example_xcomargs.py took 0.070 seconds
[2021-03-17 16:43:26,943] {scheduler_job.py:182} INFO - Started process (PID=29009) to work on /Users/prathyusha/Desktop/pranathi/airflow_cnn_pipeline_final/airflow_test_env/lib/python3.7/site-packages/airflow/example_dags/example_xcomargs.py
[2021-03-17 16:43:26,945] {scheduler_job.py:629} INFO - Processing file /Users/prathyusha/Desktop/pranathi/airflow_cnn_pipeline_final/airflow_test_env/lib/python3.7/site-packages/airflow/example_dags/example_xcomargs.py for tasks to queue
[2021-03-17 16:43:26,946] {logging_mixin.py:104} INFO - [2021-03-17 16:43:26,946] {dagbag.py:448} INFO - Filling up the DagBag from /Users/prathyusha/Desktop/pranathi/airflow_cnn_pipeline_final/airflow_test_env/lib/python3.7/site-packages/airflow/example_dags/example_xcomargs.py
[2021-03-17 16:43:26,963] {scheduler_job.py:639} INFO - DAG(s) dict_keys(['example_xcom_args', 'example_xcom_args_with_operators']) retrieved from /Users/prathyusha/Desktop/pranathi/airflow_cnn_pipeline_final/airflow_test_env/lib/python3.7/site-packages/airflow/example_dags/example_xcomargs.py
[2021-03-17 16:43:26,985] {logging_mixin.py:104} INFO - [2021-03-17 16:43:26,984] {dag.py:1818} INFO - Sync 2 DAGs
[2021-03-17 16:43:27,002] {logging_mixin.py:104} INFO - [2021-03-17 16:43:27,002] {dag.py:2273} INFO - Setting next_dagrun for example_xcom_args to None
[2021-03-17 16:43:27,004] {logging_mixin.py:104} INFO - [2021-03-17 16:43:27,003] {dag.py:2273} INFO - Setting next_dagrun for example_xcom_args_with_operators to None
[2021-03-17 16:43:27,017] {scheduler_job.py:190} INFO - Processing /Users/prathyusha/Desktop/pranathi/airflow_cnn_pipeline_final/airflow_test_env/lib/python3.7/site-packages/airflow/example_dags/example_xcomargs.py took 0.078 seconds
[2021-03-17 16:43:57,600] {scheduler_job.py:182} INFO - Started process (PID=29041) to work on /Users/prathyusha/Desktop/pranathi/airflow_cnn_pipeline_final/airflow_test_env/lib/python3.7/site-packages/airflow/example_dags/example_xcomargs.py
[2021-03-17 16:43:57,602] {scheduler_job.py:629} INFO - Processing file /Users/prathyusha/Desktop/pranathi/airflow_cnn_pipeline_final/airflow_test_env/lib/python3.7/site-packages/airflow/example_dags/example_xcomargs.py for tasks to queue
[2021-03-17 16:43:57,603] {logging_mixin.py:104} INFO - [2021-03-17 16:43:57,603] {dagbag.py:448} INFO - Filling up the DagBag from /Users/prathyusha/Desktop/pranathi/airflow_cnn_pipeline_final/airflow_test_env/lib/python3.7/site-packages/airflow/example_dags/example_xcomargs.py
[2021-03-17 16:43:57,618] {scheduler_job.py:639} INFO - DAG(s) dict_keys(['example_xcom_args', 'example_xcom_args_with_operators']) retrieved from /Users/prathyusha/Desktop/pranathi/airflow_cnn_pipeline_final/airflow_test_env/lib/python3.7/site-packages/airflow/example_dags/example_xcomargs.py
[2021-03-17 16:43:57,644] {logging_mixin.py:104} INFO - [2021-03-17 16:43:57,644] {dag.py:1818} INFO - Sync 2 DAGs
[2021-03-17 16:43:57,658] {logging_mixin.py:104} INFO - [2021-03-17 16:43:57,658] {dag.py:2273} INFO - Setting next_dagrun for example_xcom_args to None
[2021-03-17 16:43:57,660] {logging_mixin.py:104} INFO - [2021-03-17 16:43:57,660] {dag.py:2273} INFO - Setting next_dagrun for example_xcom_args_with_operators to None
[2021-03-17 16:43:57,674] {scheduler_job.py:190} INFO - Processing /Users/prathyusha/Desktop/pranathi/airflow_cnn_pipeline_final/airflow_test_env/lib/python3.7/site-packages/airflow/example_dags/example_xcomargs.py took 0.078 seconds
[2021-03-17 16:44:28,123] {scheduler_job.py:182} INFO - Started process (PID=29072) to work on /Users/prathyusha/Desktop/pranathi/airflow_cnn_pipeline_final/airflow_test_env/lib/python3.7/site-packages/airflow/example_dags/example_xcomargs.py
[2021-03-17 16:44:28,126] {scheduler_job.py:629} INFO - Processing file /Users/prathyusha/Desktop/pranathi/airflow_cnn_pipeline_final/airflow_test_env/lib/python3.7/site-packages/airflow/example_dags/example_xcomargs.py for tasks to queue
[2021-03-17 16:44:28,127] {logging_mixin.py:104} INFO - [2021-03-17 16:44:28,127] {dagbag.py:448} INFO - Filling up the DagBag from /Users/prathyusha/Desktop/pranathi/airflow_cnn_pipeline_final/airflow_test_env/lib/python3.7/site-packages/airflow/example_dags/example_xcomargs.py
[2021-03-17 16:44:28,147] {scheduler_job.py:639} INFO - DAG(s) dict_keys(['example_xcom_args', 'example_xcom_args_with_operators']) retrieved from /Users/prathyusha/Desktop/pranathi/airflow_cnn_pipeline_final/airflow_test_env/lib/python3.7/site-packages/airflow/example_dags/example_xcomargs.py
[2021-03-17 16:44:28,169] {logging_mixin.py:104} INFO - [2021-03-17 16:44:28,168] {dag.py:1818} INFO - Sync 2 DAGs
[2021-03-17 16:44:28,183] {logging_mixin.py:104} INFO - [2021-03-17 16:44:28,183] {dag.py:2273} INFO - Setting next_dagrun for example_xcom_args to None
[2021-03-17 16:44:28,185] {logging_mixin.py:104} INFO - [2021-03-17 16:44:28,184] {dag.py:2273} INFO - Setting next_dagrun for example_xcom_args_with_operators to None
[2021-03-17 16:44:28,197] {scheduler_job.py:190} INFO - Processing /Users/prathyusha/Desktop/pranathi/airflow_cnn_pipeline_final/airflow_test_env/lib/python3.7/site-packages/airflow/example_dags/example_xcomargs.py took 0.080 seconds
[2021-03-17 16:44:58,876] {scheduler_job.py:182} INFO - Started process (PID=29105) to work on /Users/prathyusha/Desktop/pranathi/airflow_cnn_pipeline_final/airflow_test_env/lib/python3.7/site-packages/airflow/example_dags/example_xcomargs.py
[2021-03-17 16:44:58,878] {scheduler_job.py:629} INFO - Processing file /Users/prathyusha/Desktop/pranathi/airflow_cnn_pipeline_final/airflow_test_env/lib/python3.7/site-packages/airflow/example_dags/example_xcomargs.py for tasks to queue
[2021-03-17 16:44:58,879] {logging_mixin.py:104} INFO - [2021-03-17 16:44:58,879] {dagbag.py:448} INFO - Filling up the DagBag from /Users/prathyusha/Desktop/pranathi/airflow_cnn_pipeline_final/airflow_test_env/lib/python3.7/site-packages/airflow/example_dags/example_xcomargs.py
[2021-03-17 16:44:58,894] {scheduler_job.py:639} INFO - DAG(s) dict_keys(['example_xcom_args', 'example_xcom_args_with_operators']) retrieved from /Users/prathyusha/Desktop/pranathi/airflow_cnn_pipeline_final/airflow_test_env/lib/python3.7/site-packages/airflow/example_dags/example_xcomargs.py
[2021-03-17 16:44:58,920] {logging_mixin.py:104} INFO - [2021-03-17 16:44:58,919] {dag.py:1818} INFO - Sync 2 DAGs
[2021-03-17 16:44:58,934] {logging_mixin.py:104} INFO - [2021-03-17 16:44:58,934] {dag.py:2273} INFO - Setting next_dagrun for example_xcom_args to None
[2021-03-17 16:44:58,935] {logging_mixin.py:104} INFO - [2021-03-17 16:44:58,935] {dag.py:2273} INFO - Setting next_dagrun for example_xcom_args_with_operators to None
[2021-03-17 16:44:58,948] {scheduler_job.py:190} INFO - Processing /Users/prathyusha/Desktop/pranathi/airflow_cnn_pipeline_final/airflow_test_env/lib/python3.7/site-packages/airflow/example_dags/example_xcomargs.py took 0.076 seconds
[2021-03-17 16:45:29,539] {scheduler_job.py:182} INFO - Started process (PID=29149) to work on /Users/prathyusha/Desktop/pranathi/airflow_cnn_pipeline_final/airflow_test_env/lib/python3.7/site-packages/airflow/example_dags/example_xcomargs.py
[2021-03-17 16:45:29,542] {scheduler_job.py:629} INFO - Processing file /Users/prathyusha/Desktop/pranathi/airflow_cnn_pipeline_final/airflow_test_env/lib/python3.7/site-packages/airflow/example_dags/example_xcomargs.py for tasks to queue
[2021-03-17 16:45:29,544] {logging_mixin.py:104} INFO - [2021-03-17 16:45:29,543] {dagbag.py:448} INFO - Filling up the DagBag from /Users/prathyusha/Desktop/pranathi/airflow_cnn_pipeline_final/airflow_test_env/lib/python3.7/site-packages/airflow/example_dags/example_xcomargs.py
[2021-03-17 16:45:29,562] {scheduler_job.py:639} INFO - DAG(s) dict_keys(['example_xcom_args', 'example_xcom_args_with_operators']) retrieved from /Users/prathyusha/Desktop/pranathi/airflow_cnn_pipeline_final/airflow_test_env/lib/python3.7/site-packages/airflow/example_dags/example_xcomargs.py
[2021-03-17 16:45:29,582] {logging_mixin.py:104} INFO - [2021-03-17 16:45:29,581] {dag.py:1818} INFO - Sync 2 DAGs
[2021-03-17 16:45:29,594] {logging_mixin.py:104} INFO - [2021-03-17 16:45:29,593] {dag.py:2273} INFO - Setting next_dagrun for example_xcom_args to None
[2021-03-17 16:45:29,595] {logging_mixin.py:104} INFO - [2021-03-17 16:45:29,595] {dag.py:2273} INFO - Setting next_dagrun for example_xcom_args_with_operators to None
[2021-03-17 16:45:29,606] {scheduler_job.py:190} INFO - Processing /Users/prathyusha/Desktop/pranathi/airflow_cnn_pipeline_final/airflow_test_env/lib/python3.7/site-packages/airflow/example_dags/example_xcomargs.py took 0.071 seconds
[2021-03-17 16:46:00,333] {scheduler_job.py:182} INFO - Started process (PID=29187) to work on /Users/prathyusha/Desktop/pranathi/airflow_cnn_pipeline_final/airflow_test_env/lib/python3.7/site-packages/airflow/example_dags/example_xcomargs.py
[2021-03-17 16:46:00,335] {scheduler_job.py:629} INFO - Processing file /Users/prathyusha/Desktop/pranathi/airflow_cnn_pipeline_final/airflow_test_env/lib/python3.7/site-packages/airflow/example_dags/example_xcomargs.py for tasks to queue
[2021-03-17 16:46:00,338] {logging_mixin.py:104} INFO - [2021-03-17 16:46:00,338] {dagbag.py:448} INFO - Filling up the DagBag from /Users/prathyusha/Desktop/pranathi/airflow_cnn_pipeline_final/airflow_test_env/lib/python3.7/site-packages/airflow/example_dags/example_xcomargs.py
[2021-03-17 16:46:00,361] {scheduler_job.py:639} INFO - DAG(s) dict_keys(['example_xcom_args', 'example_xcom_args_with_operators']) retrieved from /Users/prathyusha/Desktop/pranathi/airflow_cnn_pipeline_final/airflow_test_env/lib/python3.7/site-packages/airflow/example_dags/example_xcomargs.py
[2021-03-17 16:46:00,386] {logging_mixin.py:104} INFO - [2021-03-17 16:46:00,385] {dag.py:1818} INFO - Sync 2 DAGs
[2021-03-17 16:46:00,399] {logging_mixin.py:104} INFO - [2021-03-17 16:46:00,398] {dag.py:2273} INFO - Setting next_dagrun for example_xcom_args to None
[2021-03-17 16:46:00,400] {logging_mixin.py:104} INFO - [2021-03-17 16:46:00,400] {dag.py:2273} INFO - Setting next_dagrun for example_xcom_args_with_operators to None
[2021-03-17 16:46:00,410] {scheduler_job.py:190} INFO - Processing /Users/prathyusha/Desktop/pranathi/airflow_cnn_pipeline_final/airflow_test_env/lib/python3.7/site-packages/airflow/example_dags/example_xcomargs.py took 0.081 seconds
[2021-03-17 16:46:30,703] {scheduler_job.py:182} INFO - Started process (PID=29295) to work on /Users/prathyusha/Desktop/pranathi/airflow_cnn_pipeline_final/airflow_test_env/lib/python3.7/site-packages/airflow/example_dags/example_xcomargs.py
[2021-03-17 16:46:30,707] {scheduler_job.py:629} INFO - Processing file /Users/prathyusha/Desktop/pranathi/airflow_cnn_pipeline_final/airflow_test_env/lib/python3.7/site-packages/airflow/example_dags/example_xcomargs.py for tasks to queue
[2021-03-17 16:46:30,709] {logging_mixin.py:104} INFO - [2021-03-17 16:46:30,708] {dagbag.py:448} INFO - Filling up the DagBag from /Users/prathyusha/Desktop/pranathi/airflow_cnn_pipeline_final/airflow_test_env/lib/python3.7/site-packages/airflow/example_dags/example_xcomargs.py
[2021-03-17 16:46:30,727] {scheduler_job.py:639} INFO - DAG(s) dict_keys(['example_xcom_args', 'example_xcom_args_with_operators']) retrieved from /Users/prathyusha/Desktop/pranathi/airflow_cnn_pipeline_final/airflow_test_env/lib/python3.7/site-packages/airflow/example_dags/example_xcomargs.py
[2021-03-17 16:46:30,758] {logging_mixin.py:104} INFO - [2021-03-17 16:46:30,757] {dag.py:1818} INFO - Sync 2 DAGs
[2021-03-17 16:46:30,774] {logging_mixin.py:104} INFO - [2021-03-17 16:46:30,773] {dag.py:2273} INFO - Setting next_dagrun for example_xcom_args to None
[2021-03-17 16:46:30,776] {logging_mixin.py:104} INFO - [2021-03-17 16:46:30,776] {dag.py:2273} INFO - Setting next_dagrun for example_xcom_args_with_operators to None
[2021-03-17 16:46:30,792] {scheduler_job.py:190} INFO - Processing /Users/prathyusha/Desktop/pranathi/airflow_cnn_pipeline_final/airflow_test_env/lib/python3.7/site-packages/airflow/example_dags/example_xcomargs.py took 0.093 seconds
[2021-03-17 16:47:01,496] {scheduler_job.py:182} INFO - Started process (PID=29330) to work on /Users/prathyusha/Desktop/pranathi/airflow_cnn_pipeline_final/airflow_test_env/lib/python3.7/site-packages/airflow/example_dags/example_xcomargs.py
[2021-03-17 16:47:01,501] {scheduler_job.py:629} INFO - Processing file /Users/prathyusha/Desktop/pranathi/airflow_cnn_pipeline_final/airflow_test_env/lib/python3.7/site-packages/airflow/example_dags/example_xcomargs.py for tasks to queue
[2021-03-17 16:47:01,504] {logging_mixin.py:104} INFO - [2021-03-17 16:47:01,503] {dagbag.py:448} INFO - Filling up the DagBag from /Users/prathyusha/Desktop/pranathi/airflow_cnn_pipeline_final/airflow_test_env/lib/python3.7/site-packages/airflow/example_dags/example_xcomargs.py
[2021-03-17 16:47:01,533] {scheduler_job.py:639} INFO - DAG(s) dict_keys(['example_xcom_args', 'example_xcom_args_with_operators']) retrieved from /Users/prathyusha/Desktop/pranathi/airflow_cnn_pipeline_final/airflow_test_env/lib/python3.7/site-packages/airflow/example_dags/example_xcomargs.py
[2021-03-17 16:47:01,570] {logging_mixin.py:104} INFO - [2021-03-17 16:47:01,569] {dag.py:1818} INFO - Sync 2 DAGs
[2021-03-17 16:47:01,589] {logging_mixin.py:104} INFO - [2021-03-17 16:47:01,588] {dag.py:2273} INFO - Setting next_dagrun for example_xcom_args to None
[2021-03-17 16:47:01,591] {logging_mixin.py:104} INFO - [2021-03-17 16:47:01,590] {dag.py:2273} INFO - Setting next_dagrun for example_xcom_args_with_operators to None
[2021-03-17 16:47:01,612] {scheduler_job.py:190} INFO - Processing /Users/prathyusha/Desktop/pranathi/airflow_cnn_pipeline_final/airflow_test_env/lib/python3.7/site-packages/airflow/example_dags/example_xcomargs.py took 0.122 seconds
[2021-03-17 16:47:32,257] {scheduler_job.py:182} INFO - Started process (PID=29363) to work on /Users/prathyusha/Desktop/pranathi/airflow_cnn_pipeline_final/airflow_test_env/lib/python3.7/site-packages/airflow/example_dags/example_xcomargs.py
[2021-03-17 16:47:32,261] {scheduler_job.py:629} INFO - Processing file /Users/prathyusha/Desktop/pranathi/airflow_cnn_pipeline_final/airflow_test_env/lib/python3.7/site-packages/airflow/example_dags/example_xcomargs.py for tasks to queue
[2021-03-17 16:47:32,263] {logging_mixin.py:104} INFO - [2021-03-17 16:47:32,262] {dagbag.py:448} INFO - Filling up the DagBag from /Users/prathyusha/Desktop/pranathi/airflow_cnn_pipeline_final/airflow_test_env/lib/python3.7/site-packages/airflow/example_dags/example_xcomargs.py
[2021-03-17 16:47:32,283] {scheduler_job.py:639} INFO - DAG(s) dict_keys(['example_xcom_args', 'example_xcom_args_with_operators']) retrieved from /Users/prathyusha/Desktop/pranathi/airflow_cnn_pipeline_final/airflow_test_env/lib/python3.7/site-packages/airflow/example_dags/example_xcomargs.py
[2021-03-17 16:47:32,308] {logging_mixin.py:104} INFO - [2021-03-17 16:47:32,308] {dag.py:1818} INFO - Sync 2 DAGs
[2021-03-17 16:47:32,320] {logging_mixin.py:104} INFO - [2021-03-17 16:47:32,319] {dag.py:2273} INFO - Setting next_dagrun for example_xcom_args to None
[2021-03-17 16:47:32,321] {logging_mixin.py:104} INFO - [2021-03-17 16:47:32,321] {dag.py:2273} INFO - Setting next_dagrun for example_xcom_args_with_operators to None
[2021-03-17 16:47:32,331] {scheduler_job.py:190} INFO - Processing /Users/prathyusha/Desktop/pranathi/airflow_cnn_pipeline_final/airflow_test_env/lib/python3.7/site-packages/airflow/example_dags/example_xcomargs.py took 0.078 seconds
[2021-03-17 16:48:02,867] {scheduler_job.py:182} INFO - Started process (PID=29394) to work on /Users/prathyusha/Desktop/pranathi/airflow_cnn_pipeline_final/airflow_test_env/lib/python3.7/site-packages/airflow/example_dags/example_xcomargs.py
[2021-03-17 16:48:02,871] {scheduler_job.py:629} INFO - Processing file /Users/prathyusha/Desktop/pranathi/airflow_cnn_pipeline_final/airflow_test_env/lib/python3.7/site-packages/airflow/example_dags/example_xcomargs.py for tasks to queue
[2021-03-17 16:48:02,872] {logging_mixin.py:104} INFO - [2021-03-17 16:48:02,872] {dagbag.py:448} INFO - Filling up the DagBag from /Users/prathyusha/Desktop/pranathi/airflow_cnn_pipeline_final/airflow_test_env/lib/python3.7/site-packages/airflow/example_dags/example_xcomargs.py
[2021-03-17 16:48:02,888] {scheduler_job.py:639} INFO - DAG(s) dict_keys(['example_xcom_args', 'example_xcom_args_with_operators']) retrieved from /Users/prathyusha/Desktop/pranathi/airflow_cnn_pipeline_final/airflow_test_env/lib/python3.7/site-packages/airflow/example_dags/example_xcomargs.py
[2021-03-17 16:48:02,915] {logging_mixin.py:104} INFO - [2021-03-17 16:48:02,914] {dag.py:1818} INFO - Sync 2 DAGs
[2021-03-17 16:48:02,928] {logging_mixin.py:104} INFO - [2021-03-17 16:48:02,928] {dag.py:2273} INFO - Setting next_dagrun for example_xcom_args to None
[2021-03-17 16:48:02,930] {logging_mixin.py:104} INFO - [2021-03-17 16:48:02,929] {dag.py:2273} INFO - Setting next_dagrun for example_xcom_args_with_operators to None
[2021-03-17 16:48:02,942] {scheduler_job.py:190} INFO - Processing /Users/prathyusha/Desktop/pranathi/airflow_cnn_pipeline_final/airflow_test_env/lib/python3.7/site-packages/airflow/example_dags/example_xcomargs.py took 0.079 seconds
[2021-03-17 16:48:33,619] {scheduler_job.py:182} INFO - Started process (PID=29425) to work on /Users/prathyusha/Desktop/pranathi/airflow_cnn_pipeline_final/airflow_test_env/lib/python3.7/site-packages/airflow/example_dags/example_xcomargs.py
[2021-03-17 16:48:33,624] {scheduler_job.py:629} INFO - Processing file /Users/prathyusha/Desktop/pranathi/airflow_cnn_pipeline_final/airflow_test_env/lib/python3.7/site-packages/airflow/example_dags/example_xcomargs.py for tasks to queue
[2021-03-17 16:48:33,625] {logging_mixin.py:104} INFO - [2021-03-17 16:48:33,625] {dagbag.py:448} INFO - Filling up the DagBag from /Users/prathyusha/Desktop/pranathi/airflow_cnn_pipeline_final/airflow_test_env/lib/python3.7/site-packages/airflow/example_dags/example_xcomargs.py
[2021-03-17 16:48:33,643] {scheduler_job.py:639} INFO - DAG(s) dict_keys(['example_xcom_args', 'example_xcom_args_with_operators']) retrieved from /Users/prathyusha/Desktop/pranathi/airflow_cnn_pipeline_final/airflow_test_env/lib/python3.7/site-packages/airflow/example_dags/example_xcomargs.py
[2021-03-17 16:48:33,667] {logging_mixin.py:104} INFO - [2021-03-17 16:48:33,666] {dag.py:1818} INFO - Sync 2 DAGs
[2021-03-17 16:48:33,687] {logging_mixin.py:104} INFO - [2021-03-17 16:48:33,687] {dag.py:2273} INFO - Setting next_dagrun for example_xcom_args to None
[2021-03-17 16:48:33,689] {logging_mixin.py:104} INFO - [2021-03-17 16:48:33,688] {dag.py:2273} INFO - Setting next_dagrun for example_xcom_args_with_operators to None
[2021-03-17 16:48:33,704] {scheduler_job.py:190} INFO - Processing /Users/prathyusha/Desktop/pranathi/airflow_cnn_pipeline_final/airflow_test_env/lib/python3.7/site-packages/airflow/example_dags/example_xcomargs.py took 0.090 seconds
[2021-03-17 16:49:04,677] {scheduler_job.py:182} INFO - Started process (PID=29457) to work on /Users/prathyusha/Desktop/pranathi/airflow_cnn_pipeline_final/airflow_test_env/lib/python3.7/site-packages/airflow/example_dags/example_xcomargs.py
[2021-03-17 16:49:04,679] {scheduler_job.py:629} INFO - Processing file /Users/prathyusha/Desktop/pranathi/airflow_cnn_pipeline_final/airflow_test_env/lib/python3.7/site-packages/airflow/example_dags/example_xcomargs.py for tasks to queue
[2021-03-17 16:49:04,681] {logging_mixin.py:104} INFO - [2021-03-17 16:49:04,680] {dagbag.py:448} INFO - Filling up the DagBag from /Users/prathyusha/Desktop/pranathi/airflow_cnn_pipeline_final/airflow_test_env/lib/python3.7/site-packages/airflow/example_dags/example_xcomargs.py
[2021-03-17 16:49:04,704] {scheduler_job.py:639} INFO - DAG(s) dict_keys(['example_xcom_args', 'example_xcom_args_with_operators']) retrieved from /Users/prathyusha/Desktop/pranathi/airflow_cnn_pipeline_final/airflow_test_env/lib/python3.7/site-packages/airflow/example_dags/example_xcomargs.py
[2021-03-17 16:49:04,731] {logging_mixin.py:104} INFO - [2021-03-17 16:49:04,731] {dag.py:1818} INFO - Sync 2 DAGs
[2021-03-17 16:49:04,746] {logging_mixin.py:104} INFO - [2021-03-17 16:49:04,746] {dag.py:2273} INFO - Setting next_dagrun for example_xcom_args to None
[2021-03-17 16:49:04,748] {logging_mixin.py:104} INFO - [2021-03-17 16:49:04,747] {dag.py:2273} INFO - Setting next_dagrun for example_xcom_args_with_operators to None
[2021-03-17 16:49:04,759] {scheduler_job.py:190} INFO - Processing /Users/prathyusha/Desktop/pranathi/airflow_cnn_pipeline_final/airflow_test_env/lib/python3.7/site-packages/airflow/example_dags/example_xcomargs.py took 0.087 seconds
[2021-03-17 16:49:35,504] {scheduler_job.py:182} INFO - Started process (PID=29489) to work on /Users/prathyusha/Desktop/pranathi/airflow_cnn_pipeline_final/airflow_test_env/lib/python3.7/site-packages/airflow/example_dags/example_xcomargs.py
[2021-03-17 16:49:35,508] {scheduler_job.py:629} INFO - Processing file /Users/prathyusha/Desktop/pranathi/airflow_cnn_pipeline_final/airflow_test_env/lib/python3.7/site-packages/airflow/example_dags/example_xcomargs.py for tasks to queue
[2021-03-17 16:49:35,510] {logging_mixin.py:104} INFO - [2021-03-17 16:49:35,509] {dagbag.py:448} INFO - Filling up the DagBag from /Users/prathyusha/Desktop/pranathi/airflow_cnn_pipeline_final/airflow_test_env/lib/python3.7/site-packages/airflow/example_dags/example_xcomargs.py
[2021-03-17 16:49:35,530] {scheduler_job.py:639} INFO - DAG(s) dict_keys(['example_xcom_args', 'example_xcom_args_with_operators']) retrieved from /Users/prathyusha/Desktop/pranathi/airflow_cnn_pipeline_final/airflow_test_env/lib/python3.7/site-packages/airflow/example_dags/example_xcomargs.py
[2021-03-17 16:49:35,552] {logging_mixin.py:104} INFO - [2021-03-17 16:49:35,552] {dag.py:1818} INFO - Sync 2 DAGs
[2021-03-17 16:49:35,565] {logging_mixin.py:104} INFO - [2021-03-17 16:49:35,564] {dag.py:2273} INFO - Setting next_dagrun for example_xcom_args to None
[2021-03-17 16:49:35,566] {logging_mixin.py:104} INFO - [2021-03-17 16:49:35,566] {dag.py:2273} INFO - Setting next_dagrun for example_xcom_args_with_operators to None
[2021-03-17 16:49:35,578] {scheduler_job.py:190} INFO - Processing /Users/prathyusha/Desktop/pranathi/airflow_cnn_pipeline_final/airflow_test_env/lib/python3.7/site-packages/airflow/example_dags/example_xcomargs.py took 0.079 seconds
[2021-03-17 16:50:06,514] {scheduler_job.py:182} INFO - Started process (PID=29519) to work on /Users/prathyusha/Desktop/pranathi/airflow_cnn_pipeline_final/airflow_test_env/lib/python3.7/site-packages/airflow/example_dags/example_xcomargs.py
[2021-03-17 16:50:06,516] {scheduler_job.py:629} INFO - Processing file /Users/prathyusha/Desktop/pranathi/airflow_cnn_pipeline_final/airflow_test_env/lib/python3.7/site-packages/airflow/example_dags/example_xcomargs.py for tasks to queue
[2021-03-17 16:50:06,517] {logging_mixin.py:104} INFO - [2021-03-17 16:50:06,517] {dagbag.py:448} INFO - Filling up the DagBag from /Users/prathyusha/Desktop/pranathi/airflow_cnn_pipeline_final/airflow_test_env/lib/python3.7/site-packages/airflow/example_dags/example_xcomargs.py
[2021-03-17 16:50:06,544] {scheduler_job.py:639} INFO - DAG(s) dict_keys(['example_xcom_args', 'example_xcom_args_with_operators']) retrieved from /Users/prathyusha/Desktop/pranathi/airflow_cnn_pipeline_final/airflow_test_env/lib/python3.7/site-packages/airflow/example_dags/example_xcomargs.py
[2021-03-17 16:50:06,568] {logging_mixin.py:104} INFO - [2021-03-17 16:50:06,568] {dag.py:1818} INFO - Sync 2 DAGs
[2021-03-17 16:50:06,579] {logging_mixin.py:104} INFO - [2021-03-17 16:50:06,579] {dag.py:2273} INFO - Setting next_dagrun for example_xcom_args to None
[2021-03-17 16:50:06,581] {logging_mixin.py:104} INFO - [2021-03-17 16:50:06,580] {dag.py:2273} INFO - Setting next_dagrun for example_xcom_args_with_operators to None
[2021-03-17 16:50:06,593] {scheduler_job.py:190} INFO - Processing /Users/prathyusha/Desktop/pranathi/airflow_cnn_pipeline_final/airflow_test_env/lib/python3.7/site-packages/airflow/example_dags/example_xcomargs.py took 0.083 seconds
[2021-03-17 16:50:37,373] {scheduler_job.py:182} INFO - Started process (PID=29553) to work on /Users/prathyusha/Desktop/pranathi/airflow_cnn_pipeline_final/airflow_test_env/lib/python3.7/site-packages/airflow/example_dags/example_xcomargs.py
[2021-03-17 16:50:37,377] {scheduler_job.py:629} INFO - Processing file /Users/prathyusha/Desktop/pranathi/airflow_cnn_pipeline_final/airflow_test_env/lib/python3.7/site-packages/airflow/example_dags/example_xcomargs.py for tasks to queue
[2021-03-17 16:50:37,379] {logging_mixin.py:104} INFO - [2021-03-17 16:50:37,379] {dagbag.py:448} INFO - Filling up the DagBag from /Users/prathyusha/Desktop/pranathi/airflow_cnn_pipeline_final/airflow_test_env/lib/python3.7/site-packages/airflow/example_dags/example_xcomargs.py
[2021-03-17 16:50:37,402] {scheduler_job.py:639} INFO - DAG(s) dict_keys(['example_xcom_args', 'example_xcom_args_with_operators']) retrieved from /Users/prathyusha/Desktop/pranathi/airflow_cnn_pipeline_final/airflow_test_env/lib/python3.7/site-packages/airflow/example_dags/example_xcomargs.py
[2021-03-17 16:50:37,423] {logging_mixin.py:104} INFO - [2021-03-17 16:50:37,422] {dag.py:1818} INFO - Sync 2 DAGs
[2021-03-17 16:50:37,448] {logging_mixin.py:104} INFO - [2021-03-17 16:50:37,447] {dag.py:2273} INFO - Setting next_dagrun for example_xcom_args to None
[2021-03-17 16:50:37,450] {logging_mixin.py:104} INFO - [2021-03-17 16:50:37,449] {dag.py:2273} INFO - Setting next_dagrun for example_xcom_args_with_operators to None
[2021-03-17 16:50:37,473] {scheduler_job.py:190} INFO - Processing /Users/prathyusha/Desktop/pranathi/airflow_cnn_pipeline_final/airflow_test_env/lib/python3.7/site-packages/airflow/example_dags/example_xcomargs.py took 0.109 seconds
[2021-03-17 16:51:08,527] {scheduler_job.py:182} INFO - Started process (PID=29583) to work on /Users/prathyusha/Desktop/pranathi/airflow_cnn_pipeline_final/airflow_test_env/lib/python3.7/site-packages/airflow/example_dags/example_xcomargs.py
[2021-03-17 16:51:08,530] {scheduler_job.py:629} INFO - Processing file /Users/prathyusha/Desktop/pranathi/airflow_cnn_pipeline_final/airflow_test_env/lib/python3.7/site-packages/airflow/example_dags/example_xcomargs.py for tasks to queue
[2021-03-17 16:51:08,534] {logging_mixin.py:104} INFO - [2021-03-17 16:51:08,533] {dagbag.py:448} INFO - Filling up the DagBag from /Users/prathyusha/Desktop/pranathi/airflow_cnn_pipeline_final/airflow_test_env/lib/python3.7/site-packages/airflow/example_dags/example_xcomargs.py
[2021-03-17 16:51:08,562] {scheduler_job.py:639} INFO - DAG(s) dict_keys(['example_xcom_args', 'example_xcom_args_with_operators']) retrieved from /Users/prathyusha/Desktop/pranathi/airflow_cnn_pipeline_final/airflow_test_env/lib/python3.7/site-packages/airflow/example_dags/example_xcomargs.py
[2021-03-17 16:51:08,597] {logging_mixin.py:104} INFO - [2021-03-17 16:51:08,597] {dag.py:1818} INFO - Sync 2 DAGs
[2021-03-17 16:51:08,628] {logging_mixin.py:104} INFO - [2021-03-17 16:51:08,628] {dag.py:2273} INFO - Setting next_dagrun for example_xcom_args to None
[2021-03-17 16:51:08,630] {logging_mixin.py:104} INFO - [2021-03-17 16:51:08,629] {dag.py:2273} INFO - Setting next_dagrun for example_xcom_args_with_operators to None
[2021-03-17 16:51:08,649] {scheduler_job.py:190} INFO - Processing /Users/prathyusha/Desktop/pranathi/airflow_cnn_pipeline_final/airflow_test_env/lib/python3.7/site-packages/airflow/example_dags/example_xcomargs.py took 0.131 seconds
[2021-03-17 16:51:39,458] {scheduler_job.py:182} INFO - Started process (PID=29612) to work on /Users/prathyusha/Desktop/pranathi/airflow_cnn_pipeline_final/airflow_test_env/lib/python3.7/site-packages/airflow/example_dags/example_xcomargs.py
[2021-03-17 16:51:39,460] {scheduler_job.py:629} INFO - Processing file /Users/prathyusha/Desktop/pranathi/airflow_cnn_pipeline_final/airflow_test_env/lib/python3.7/site-packages/airflow/example_dags/example_xcomargs.py for tasks to queue
[2021-03-17 16:51:39,461] {logging_mixin.py:104} INFO - [2021-03-17 16:51:39,461] {dagbag.py:448} INFO - Filling up the DagBag from /Users/prathyusha/Desktop/pranathi/airflow_cnn_pipeline_final/airflow_test_env/lib/python3.7/site-packages/airflow/example_dags/example_xcomargs.py
[2021-03-17 16:51:39,482] {scheduler_job.py:639} INFO - DAG(s) dict_keys(['example_xcom_args', 'example_xcom_args_with_operators']) retrieved from /Users/prathyusha/Desktop/pranathi/airflow_cnn_pipeline_final/airflow_test_env/lib/python3.7/site-packages/airflow/example_dags/example_xcomargs.py
[2021-03-17 16:51:39,507] {logging_mixin.py:104} INFO - [2021-03-17 16:51:39,507] {dag.py:1818} INFO - Sync 2 DAGs
[2021-03-17 16:51:39,519] {logging_mixin.py:104} INFO - [2021-03-17 16:51:39,519] {dag.py:2273} INFO - Setting next_dagrun for example_xcom_args to None
[2021-03-17 16:51:39,520] {logging_mixin.py:104} INFO - [2021-03-17 16:51:39,520] {dag.py:2273} INFO - Setting next_dagrun for example_xcom_args_with_operators to None
[2021-03-17 16:51:39,533] {scheduler_job.py:190} INFO - Processing /Users/prathyusha/Desktop/pranathi/airflow_cnn_pipeline_final/airflow_test_env/lib/python3.7/site-packages/airflow/example_dags/example_xcomargs.py took 0.078 seconds
[2021-03-17 16:52:10,636] {scheduler_job.py:182} INFO - Started process (PID=29690) to work on /Users/prathyusha/Desktop/pranathi/airflow_cnn_pipeline_final/airflow_test_env/lib/python3.7/site-packages/airflow/example_dags/example_xcomargs.py
[2021-03-17 16:52:10,641] {scheduler_job.py:629} INFO - Processing file /Users/prathyusha/Desktop/pranathi/airflow_cnn_pipeline_final/airflow_test_env/lib/python3.7/site-packages/airflow/example_dags/example_xcomargs.py for tasks to queue
[2021-03-17 16:52:10,643] {logging_mixin.py:104} INFO - [2021-03-17 16:52:10,642] {dagbag.py:448} INFO - Filling up the DagBag from /Users/prathyusha/Desktop/pranathi/airflow_cnn_pipeline_final/airflow_test_env/lib/python3.7/site-packages/airflow/example_dags/example_xcomargs.py
[2021-03-17 16:52:10,669] {scheduler_job.py:639} INFO - DAG(s) dict_keys(['example_xcom_args', 'example_xcom_args_with_operators']) retrieved from /Users/prathyusha/Desktop/pranathi/airflow_cnn_pipeline_final/airflow_test_env/lib/python3.7/site-packages/airflow/example_dags/example_xcomargs.py
[2021-03-17 16:52:10,700] {logging_mixin.py:104} INFO - [2021-03-17 16:52:10,699] {dag.py:1818} INFO - Sync 2 DAGs
[2021-03-17 16:52:10,731] {logging_mixin.py:104} INFO - [2021-03-17 16:52:10,730] {dag.py:2273} INFO - Setting next_dagrun for example_xcom_args to None
[2021-03-17 16:52:10,733] {logging_mixin.py:104} INFO - [2021-03-17 16:52:10,732] {dag.py:2273} INFO - Setting next_dagrun for example_xcom_args_with_operators to None
[2021-03-17 16:52:10,756] {scheduler_job.py:190} INFO - Processing /Users/prathyusha/Desktop/pranathi/airflow_cnn_pipeline_final/airflow_test_env/lib/python3.7/site-packages/airflow/example_dags/example_xcomargs.py took 0.128 seconds
[2021-03-17 16:52:41,498] {scheduler_job.py:182} INFO - Started process (PID=29786) to work on /Users/prathyusha/Desktop/pranathi/airflow_cnn_pipeline_final/airflow_test_env/lib/python3.7/site-packages/airflow/example_dags/example_xcomargs.py
[2021-03-17 16:52:41,500] {scheduler_job.py:629} INFO - Processing file /Users/prathyusha/Desktop/pranathi/airflow_cnn_pipeline_final/airflow_test_env/lib/python3.7/site-packages/airflow/example_dags/example_xcomargs.py for tasks to queue
[2021-03-17 16:52:41,502] {logging_mixin.py:104} INFO - [2021-03-17 16:52:41,501] {dagbag.py:448} INFO - Filling up the DagBag from /Users/prathyusha/Desktop/pranathi/airflow_cnn_pipeline_final/airflow_test_env/lib/python3.7/site-packages/airflow/example_dags/example_xcomargs.py
[2021-03-17 16:52:41,525] {scheduler_job.py:639} INFO - DAG(s) dict_keys(['example_xcom_args', 'example_xcom_args_with_operators']) retrieved from /Users/prathyusha/Desktop/pranathi/airflow_cnn_pipeline_final/airflow_test_env/lib/python3.7/site-packages/airflow/example_dags/example_xcomargs.py
[2021-03-17 16:52:41,545] {logging_mixin.py:104} INFO - [2021-03-17 16:52:41,544] {dag.py:1818} INFO - Sync 2 DAGs
[2021-03-17 16:52:41,557] {logging_mixin.py:104} INFO - [2021-03-17 16:52:41,556] {dag.py:2273} INFO - Setting next_dagrun for example_xcom_args to None
[2021-03-17 16:52:41,558] {logging_mixin.py:104} INFO - [2021-03-17 16:52:41,558] {dag.py:2273} INFO - Setting next_dagrun for example_xcom_args_with_operators to None
[2021-03-17 16:52:41,574] {scheduler_job.py:190} INFO - Processing /Users/prathyusha/Desktop/pranathi/airflow_cnn_pipeline_final/airflow_test_env/lib/python3.7/site-packages/airflow/example_dags/example_xcomargs.py took 0.081 seconds
[2021-03-17 16:53:15,105] {scheduler_job.py:182} INFO - Started process (PID=29863) to work on /Users/prathyusha/Desktop/pranathi/airflow_cnn_pipeline_final/airflow_test_env/lib/python3.7/site-packages/airflow/example_dags/example_xcomargs.py
[2021-03-17 16:53:15,108] {scheduler_job.py:629} INFO - Processing file /Users/prathyusha/Desktop/pranathi/airflow_cnn_pipeline_final/airflow_test_env/lib/python3.7/site-packages/airflow/example_dags/example_xcomargs.py for tasks to queue
[2021-03-17 16:53:15,111] {logging_mixin.py:104} INFO - [2021-03-17 16:53:15,110] {dagbag.py:448} INFO - Filling up the DagBag from /Users/prathyusha/Desktop/pranathi/airflow_cnn_pipeline_final/airflow_test_env/lib/python3.7/site-packages/airflow/example_dags/example_xcomargs.py
[2021-03-17 16:53:15,142] {scheduler_job.py:639} INFO - DAG(s) dict_keys(['example_xcom_args', 'example_xcom_args_with_operators']) retrieved from /Users/prathyusha/Desktop/pranathi/airflow_cnn_pipeline_final/airflow_test_env/lib/python3.7/site-packages/airflow/example_dags/example_xcomargs.py
[2021-03-17 16:53:15,173] {logging_mixin.py:104} INFO - [2021-03-17 16:53:15,172] {dag.py:1818} INFO - Sync 2 DAGs
[2021-03-17 16:53:15,188] {logging_mixin.py:104} INFO - [2021-03-17 16:53:15,188] {dag.py:2273} INFO - Setting next_dagrun for example_xcom_args to None
[2021-03-17 16:53:15,190] {logging_mixin.py:104} INFO - [2021-03-17 16:53:15,190] {dag.py:2273} INFO - Setting next_dagrun for example_xcom_args_with_operators to None
[2021-03-17 16:53:15,208] {scheduler_job.py:190} INFO - Processing /Users/prathyusha/Desktop/pranathi/airflow_cnn_pipeline_final/airflow_test_env/lib/python3.7/site-packages/airflow/example_dags/example_xcomargs.py took 0.108 seconds
[2021-03-17 16:53:45,573] {scheduler_job.py:182} INFO - Started process (PID=29907) to work on /Users/prathyusha/Desktop/pranathi/airflow_cnn_pipeline_final/airflow_test_env/lib/python3.7/site-packages/airflow/example_dags/example_xcomargs.py
[2021-03-17 16:53:45,576] {scheduler_job.py:629} INFO - Processing file /Users/prathyusha/Desktop/pranathi/airflow_cnn_pipeline_final/airflow_test_env/lib/python3.7/site-packages/airflow/example_dags/example_xcomargs.py for tasks to queue
[2021-03-17 16:53:45,580] {logging_mixin.py:104} INFO - [2021-03-17 16:53:45,579] {dagbag.py:448} INFO - Filling up the DagBag from /Users/prathyusha/Desktop/pranathi/airflow_cnn_pipeline_final/airflow_test_env/lib/python3.7/site-packages/airflow/example_dags/example_xcomargs.py
[2021-03-17 16:53:45,609] {scheduler_job.py:639} INFO - DAG(s) dict_keys(['example_xcom_args', 'example_xcom_args_with_operators']) retrieved from /Users/prathyusha/Desktop/pranathi/airflow_cnn_pipeline_final/airflow_test_env/lib/python3.7/site-packages/airflow/example_dags/example_xcomargs.py
[2021-03-17 16:53:45,637] {logging_mixin.py:104} INFO - [2021-03-17 16:53:45,636] {dag.py:1818} INFO - Sync 2 DAGs
[2021-03-17 16:53:45,650] {logging_mixin.py:104} INFO - [2021-03-17 16:53:45,650] {dag.py:2273} INFO - Setting next_dagrun for example_xcom_args to None
[2021-03-17 16:53:45,651] {logging_mixin.py:104} INFO - [2021-03-17 16:53:45,651] {dag.py:2273} INFO - Setting next_dagrun for example_xcom_args_with_operators to None
[2021-03-17 16:53:45,663] {scheduler_job.py:190} INFO - Processing /Users/prathyusha/Desktop/pranathi/airflow_cnn_pipeline_final/airflow_test_env/lib/python3.7/site-packages/airflow/example_dags/example_xcomargs.py took 0.095 seconds
[2021-03-17 16:54:17,327] {scheduler_job.py:182} INFO - Started process (PID=29947) to work on /Users/prathyusha/Desktop/pranathi/airflow_cnn_pipeline_final/airflow_test_env/lib/python3.7/site-packages/airflow/example_dags/example_xcomargs.py
[2021-03-17 16:54:17,330] {scheduler_job.py:629} INFO - Processing file /Users/prathyusha/Desktop/pranathi/airflow_cnn_pipeline_final/airflow_test_env/lib/python3.7/site-packages/airflow/example_dags/example_xcomargs.py for tasks to queue
[2021-03-17 16:54:17,331] {logging_mixin.py:104} INFO - [2021-03-17 16:54:17,331] {dagbag.py:448} INFO - Filling up the DagBag from /Users/prathyusha/Desktop/pranathi/airflow_cnn_pipeline_final/airflow_test_env/lib/python3.7/site-packages/airflow/example_dags/example_xcomargs.py
[2021-03-17 16:54:17,351] {scheduler_job.py:639} INFO - DAG(s) dict_keys(['example_xcom_args', 'example_xcom_args_with_operators']) retrieved from /Users/prathyusha/Desktop/pranathi/airflow_cnn_pipeline_final/airflow_test_env/lib/python3.7/site-packages/airflow/example_dags/example_xcomargs.py
[2021-03-17 16:54:17,378] {logging_mixin.py:104} INFO - [2021-03-17 16:54:17,377] {dag.py:1818} INFO - Sync 2 DAGs
[2021-03-17 16:54:17,396] {logging_mixin.py:104} INFO - [2021-03-17 16:54:17,396] {dag.py:2273} INFO - Setting next_dagrun for example_xcom_args to None
[2021-03-17 16:54:17,397] {logging_mixin.py:104} INFO - [2021-03-17 16:54:17,397] {dag.py:2273} INFO - Setting next_dagrun for example_xcom_args_with_operators to None
[2021-03-17 16:54:17,410] {scheduler_job.py:190} INFO - Processing /Users/prathyusha/Desktop/pranathi/airflow_cnn_pipeline_final/airflow_test_env/lib/python3.7/site-packages/airflow/example_dags/example_xcomargs.py took 0.089 seconds
[2021-03-17 16:54:49,943] {scheduler_job.py:182} INFO - Started process (PID=30003) to work on /Users/prathyusha/Desktop/pranathi/airflow_cnn_pipeline_final/airflow_test_env/lib/python3.7/site-packages/airflow/example_dags/example_xcomargs.py
[2021-03-17 16:54:49,947] {scheduler_job.py:629} INFO - Processing file /Users/prathyusha/Desktop/pranathi/airflow_cnn_pipeline_final/airflow_test_env/lib/python3.7/site-packages/airflow/example_dags/example_xcomargs.py for tasks to queue
[2021-03-17 16:54:49,950] {logging_mixin.py:104} INFO - [2021-03-17 16:54:49,949] {dagbag.py:448} INFO - Filling up the DagBag from /Users/prathyusha/Desktop/pranathi/airflow_cnn_pipeline_final/airflow_test_env/lib/python3.7/site-packages/airflow/example_dags/example_xcomargs.py
[2021-03-17 16:54:49,987] {scheduler_job.py:639} INFO - DAG(s) dict_keys(['example_xcom_args', 'example_xcom_args_with_operators']) retrieved from /Users/prathyusha/Desktop/pranathi/airflow_cnn_pipeline_final/airflow_test_env/lib/python3.7/site-packages/airflow/example_dags/example_xcomargs.py
[2021-03-17 16:54:50,022] {logging_mixin.py:104} INFO - [2021-03-17 16:54:50,021] {dag.py:1818} INFO - Sync 2 DAGs
[2021-03-17 16:54:50,039] {logging_mixin.py:104} INFO - [2021-03-17 16:54:50,038] {dag.py:2273} INFO - Setting next_dagrun for example_xcom_args to None
[2021-03-17 16:54:50,040] {logging_mixin.py:104} INFO - [2021-03-17 16:54:50,040] {dag.py:2273} INFO - Setting next_dagrun for example_xcom_args_with_operators to None
[2021-03-17 16:54:50,054] {scheduler_job.py:190} INFO - Processing /Users/prathyusha/Desktop/pranathi/airflow_cnn_pipeline_final/airflow_test_env/lib/python3.7/site-packages/airflow/example_dags/example_xcomargs.py took 0.116 seconds
[2021-03-17 16:55:22,153] {scheduler_job.py:182} INFO - Started process (PID=30042) to work on /Users/prathyusha/Desktop/pranathi/airflow_cnn_pipeline_final/airflow_test_env/lib/python3.7/site-packages/airflow/example_dags/example_xcomargs.py
[2021-03-17 16:55:22,156] {scheduler_job.py:629} INFO - Processing file /Users/prathyusha/Desktop/pranathi/airflow_cnn_pipeline_final/airflow_test_env/lib/python3.7/site-packages/airflow/example_dags/example_xcomargs.py for tasks to queue
[2021-03-17 16:55:22,158] {logging_mixin.py:104} INFO - [2021-03-17 16:55:22,157] {dagbag.py:448} INFO - Filling up the DagBag from /Users/prathyusha/Desktop/pranathi/airflow_cnn_pipeline_final/airflow_test_env/lib/python3.7/site-packages/airflow/example_dags/example_xcomargs.py
[2021-03-17 16:55:22,178] {scheduler_job.py:639} INFO - DAG(s) dict_keys(['example_xcom_args', 'example_xcom_args_with_operators']) retrieved from /Users/prathyusha/Desktop/pranathi/airflow_cnn_pipeline_final/airflow_test_env/lib/python3.7/site-packages/airflow/example_dags/example_xcomargs.py
[2021-03-17 16:55:22,203] {logging_mixin.py:104} INFO - [2021-03-17 16:55:22,202] {dag.py:1818} INFO - Sync 2 DAGs
[2021-03-17 16:55:22,215] {logging_mixin.py:104} INFO - [2021-03-17 16:55:22,215] {dag.py:2273} INFO - Setting next_dagrun for example_xcom_args to None
[2021-03-17 16:55:22,217] {logging_mixin.py:104} INFO - [2021-03-17 16:55:22,216] {dag.py:2273} INFO - Setting next_dagrun for example_xcom_args_with_operators to None
[2021-03-17 16:55:22,231] {scheduler_job.py:190} INFO - Processing /Users/prathyusha/Desktop/pranathi/airflow_cnn_pipeline_final/airflow_test_env/lib/python3.7/site-packages/airflow/example_dags/example_xcomargs.py took 0.084 seconds
[2021-03-17 16:55:53,040] {scheduler_job.py:182} INFO - Started process (PID=30088) to work on /Users/prathyusha/Desktop/pranathi/airflow_cnn_pipeline_final/airflow_test_env/lib/python3.7/site-packages/airflow/example_dags/example_xcomargs.py
[2021-03-17 16:55:53,042] {scheduler_job.py:629} INFO - Processing file /Users/prathyusha/Desktop/pranathi/airflow_cnn_pipeline_final/airflow_test_env/lib/python3.7/site-packages/airflow/example_dags/example_xcomargs.py for tasks to queue
[2021-03-17 16:55:53,044] {logging_mixin.py:104} INFO - [2021-03-17 16:55:53,043] {dagbag.py:448} INFO - Filling up the DagBag from /Users/prathyusha/Desktop/pranathi/airflow_cnn_pipeline_final/airflow_test_env/lib/python3.7/site-packages/airflow/example_dags/example_xcomargs.py
[2021-03-17 16:55:53,068] {scheduler_job.py:639} INFO - DAG(s) dict_keys(['example_xcom_args', 'example_xcom_args_with_operators']) retrieved from /Users/prathyusha/Desktop/pranathi/airflow_cnn_pipeline_final/airflow_test_env/lib/python3.7/site-packages/airflow/example_dags/example_xcomargs.py
[2021-03-17 16:55:53,095] {logging_mixin.py:104} INFO - [2021-03-17 16:55:53,095] {dag.py:1818} INFO - Sync 2 DAGs
[2021-03-17 16:55:53,109] {logging_mixin.py:104} INFO - [2021-03-17 16:55:53,108] {dag.py:2273} INFO - Setting next_dagrun for example_xcom_args to None
[2021-03-17 16:55:53,111] {logging_mixin.py:104} INFO - [2021-03-17 16:55:53,110] {dag.py:2273} INFO - Setting next_dagrun for example_xcom_args_with_operators to None
[2021-03-17 16:55:53,122] {scheduler_job.py:190} INFO - Processing /Users/prathyusha/Desktop/pranathi/airflow_cnn_pipeline_final/airflow_test_env/lib/python3.7/site-packages/airflow/example_dags/example_xcomargs.py took 0.088 seconds
[2021-03-17 16:56:23,834] {scheduler_job.py:182} INFO - Started process (PID=30120) to work on /Users/prathyusha/Desktop/pranathi/airflow_cnn_pipeline_final/airflow_test_env/lib/python3.7/site-packages/airflow/example_dags/example_xcomargs.py
[2021-03-17 16:56:23,838] {scheduler_job.py:629} INFO - Processing file /Users/prathyusha/Desktop/pranathi/airflow_cnn_pipeline_final/airflow_test_env/lib/python3.7/site-packages/airflow/example_dags/example_xcomargs.py for tasks to queue
[2021-03-17 16:56:23,841] {logging_mixin.py:104} INFO - [2021-03-17 16:56:23,840] {dagbag.py:448} INFO - Filling up the DagBag from /Users/prathyusha/Desktop/pranathi/airflow_cnn_pipeline_final/airflow_test_env/lib/python3.7/site-packages/airflow/example_dags/example_xcomargs.py
[2021-03-17 16:56:23,861] {scheduler_job.py:639} INFO - DAG(s) dict_keys(['example_xcom_args', 'example_xcom_args_with_operators']) retrieved from /Users/prathyusha/Desktop/pranathi/airflow_cnn_pipeline_final/airflow_test_env/lib/python3.7/site-packages/airflow/example_dags/example_xcomargs.py
[2021-03-17 16:56:23,890] {logging_mixin.py:104} INFO - [2021-03-17 16:56:23,890] {dag.py:1818} INFO - Sync 2 DAGs
[2021-03-17 16:56:23,916] {logging_mixin.py:104} INFO - [2021-03-17 16:56:23,915] {dag.py:2273} INFO - Setting next_dagrun for example_xcom_args to None
[2021-03-17 16:56:23,924] {logging_mixin.py:104} INFO - [2021-03-17 16:56:23,917] {dag.py:2273} INFO - Setting next_dagrun for example_xcom_args_with_operators to None
[2021-03-17 16:56:23,940] {scheduler_job.py:190} INFO - Processing /Users/prathyusha/Desktop/pranathi/airflow_cnn_pipeline_final/airflow_test_env/lib/python3.7/site-packages/airflow/example_dags/example_xcomargs.py took 0.112 seconds
[2021-03-17 16:56:55,106] {scheduler_job.py:182} INFO - Started process (PID=30155) to work on /Users/prathyusha/Desktop/pranathi/airflow_cnn_pipeline_final/airflow_test_env/lib/python3.7/site-packages/airflow/example_dags/example_xcomargs.py
[2021-03-17 16:56:55,109] {scheduler_job.py:629} INFO - Processing file /Users/prathyusha/Desktop/pranathi/airflow_cnn_pipeline_final/airflow_test_env/lib/python3.7/site-packages/airflow/example_dags/example_xcomargs.py for tasks to queue
[2021-03-17 16:56:55,111] {logging_mixin.py:104} INFO - [2021-03-17 16:56:55,111] {dagbag.py:448} INFO - Filling up the DagBag from /Users/prathyusha/Desktop/pranathi/airflow_cnn_pipeline_final/airflow_test_env/lib/python3.7/site-packages/airflow/example_dags/example_xcomargs.py
[2021-03-17 16:56:55,135] {scheduler_job.py:639} INFO - DAG(s) dict_keys(['example_xcom_args', 'example_xcom_args_with_operators']) retrieved from /Users/prathyusha/Desktop/pranathi/airflow_cnn_pipeline_final/airflow_test_env/lib/python3.7/site-packages/airflow/example_dags/example_xcomargs.py
[2021-03-17 16:56:55,160] {logging_mixin.py:104} INFO - [2021-03-17 16:56:55,159] {dag.py:1818} INFO - Sync 2 DAGs
[2021-03-17 16:56:55,178] {logging_mixin.py:104} INFO - [2021-03-17 16:56:55,177] {dag.py:2273} INFO - Setting next_dagrun for example_xcom_args to None
[2021-03-17 16:56:55,180] {logging_mixin.py:104} INFO - [2021-03-17 16:56:55,179] {dag.py:2273} INFO - Setting next_dagrun for example_xcom_args_with_operators to None
[2021-03-17 16:56:55,193] {scheduler_job.py:190} INFO - Processing /Users/prathyusha/Desktop/pranathi/airflow_cnn_pipeline_final/airflow_test_env/lib/python3.7/site-packages/airflow/example_dags/example_xcomargs.py took 0.092 seconds
[2021-03-17 16:57:26,501] {scheduler_job.py:182} INFO - Started process (PID=30186) to work on /Users/prathyusha/Desktop/pranathi/airflow_cnn_pipeline_final/airflow_test_env/lib/python3.7/site-packages/airflow/example_dags/example_xcomargs.py
[2021-03-17 16:57:26,503] {scheduler_job.py:629} INFO - Processing file /Users/prathyusha/Desktop/pranathi/airflow_cnn_pipeline_final/airflow_test_env/lib/python3.7/site-packages/airflow/example_dags/example_xcomargs.py for tasks to queue
[2021-03-17 16:57:26,505] {logging_mixin.py:104} INFO - [2021-03-17 16:57:26,505] {dagbag.py:448} INFO - Filling up the DagBag from /Users/prathyusha/Desktop/pranathi/airflow_cnn_pipeline_final/airflow_test_env/lib/python3.7/site-packages/airflow/example_dags/example_xcomargs.py
[2021-03-17 16:57:26,528] {scheduler_job.py:639} INFO - DAG(s) dict_keys(['example_xcom_args', 'example_xcom_args_with_operators']) retrieved from /Users/prathyusha/Desktop/pranathi/airflow_cnn_pipeline_final/airflow_test_env/lib/python3.7/site-packages/airflow/example_dags/example_xcomargs.py
[2021-03-17 16:57:26,552] {logging_mixin.py:104} INFO - [2021-03-17 16:57:26,552] {dag.py:1818} INFO - Sync 2 DAGs
[2021-03-17 16:57:26,574] {logging_mixin.py:104} INFO - [2021-03-17 16:57:26,573] {dag.py:2273} INFO - Setting next_dagrun for example_xcom_args to None
[2021-03-17 16:57:26,576] {logging_mixin.py:104} INFO - [2021-03-17 16:57:26,575] {dag.py:2273} INFO - Setting next_dagrun for example_xcom_args_with_operators to None
[2021-03-17 16:57:26,604] {scheduler_job.py:190} INFO - Processing /Users/prathyusha/Desktop/pranathi/airflow_cnn_pipeline_final/airflow_test_env/lib/python3.7/site-packages/airflow/example_dags/example_xcomargs.py took 0.108 seconds
[2021-03-17 16:57:59,062] {scheduler_job.py:182} INFO - Started process (PID=30234) to work on /Users/prathyusha/Desktop/pranathi/airflow_cnn_pipeline_final/airflow_test_env/lib/python3.7/site-packages/airflow/example_dags/example_xcomargs.py
[2021-03-17 16:57:59,065] {scheduler_job.py:629} INFO - Processing file /Users/prathyusha/Desktop/pranathi/airflow_cnn_pipeline_final/airflow_test_env/lib/python3.7/site-packages/airflow/example_dags/example_xcomargs.py for tasks to queue
[2021-03-17 16:57:59,067] {logging_mixin.py:104} INFO - [2021-03-17 16:57:59,066] {dagbag.py:448} INFO - Filling up the DagBag from /Users/prathyusha/Desktop/pranathi/airflow_cnn_pipeline_final/airflow_test_env/lib/python3.7/site-packages/airflow/example_dags/example_xcomargs.py
[2021-03-17 16:57:59,091] {scheduler_job.py:639} INFO - DAG(s) dict_keys(['example_xcom_args', 'example_xcom_args_with_operators']) retrieved from /Users/prathyusha/Desktop/pranathi/airflow_cnn_pipeline_final/airflow_test_env/lib/python3.7/site-packages/airflow/example_dags/example_xcomargs.py
[2021-03-17 16:57:59,117] {logging_mixin.py:104} INFO - [2021-03-17 16:57:59,117] {dag.py:1818} INFO - Sync 2 DAGs
[2021-03-17 16:57:59,135] {logging_mixin.py:104} INFO - [2021-03-17 16:57:59,134] {dag.py:2273} INFO - Setting next_dagrun for example_xcom_args to None
[2021-03-17 16:57:59,137] {logging_mixin.py:104} INFO - [2021-03-17 16:57:59,136] {dag.py:2273} INFO - Setting next_dagrun for example_xcom_args_with_operators to None
[2021-03-17 16:57:59,161] {scheduler_job.py:190} INFO - Processing /Users/prathyusha/Desktop/pranathi/airflow_cnn_pipeline_final/airflow_test_env/lib/python3.7/site-packages/airflow/example_dags/example_xcomargs.py took 0.103 seconds
[2021-03-17 16:58:32,572] {scheduler_job.py:182} INFO - Started process (PID=30282) to work on /Users/prathyusha/Desktop/pranathi/airflow_cnn_pipeline_final/airflow_test_env/lib/python3.7/site-packages/airflow/example_dags/example_xcomargs.py
[2021-03-17 16:58:32,574] {scheduler_job.py:629} INFO - Processing file /Users/prathyusha/Desktop/pranathi/airflow_cnn_pipeline_final/airflow_test_env/lib/python3.7/site-packages/airflow/example_dags/example_xcomargs.py for tasks to queue
[2021-03-17 16:58:32,577] {logging_mixin.py:104} INFO - [2021-03-17 16:58:32,576] {dagbag.py:448} INFO - Filling up the DagBag from /Users/prathyusha/Desktop/pranathi/airflow_cnn_pipeline_final/airflow_test_env/lib/python3.7/site-packages/airflow/example_dags/example_xcomargs.py
[2021-03-17 16:58:32,612] {scheduler_job.py:639} INFO - DAG(s) dict_keys(['example_xcom_args', 'example_xcom_args_with_operators']) retrieved from /Users/prathyusha/Desktop/pranathi/airflow_cnn_pipeline_final/airflow_test_env/lib/python3.7/site-packages/airflow/example_dags/example_xcomargs.py
[2021-03-17 16:58:32,644] {logging_mixin.py:104} INFO - [2021-03-17 16:58:32,643] {dag.py:1818} INFO - Sync 2 DAGs
[2021-03-17 16:58:32,667] {logging_mixin.py:104} INFO - [2021-03-17 16:58:32,667] {dag.py:2273} INFO - Setting next_dagrun for example_xcom_args to None
[2021-03-17 16:58:32,668] {logging_mixin.py:104} INFO - [2021-03-17 16:58:32,668] {dag.py:2273} INFO - Setting next_dagrun for example_xcom_args_with_operators to None
[2021-03-17 16:58:32,679] {scheduler_job.py:190} INFO - Processing /Users/prathyusha/Desktop/pranathi/airflow_cnn_pipeline_final/airflow_test_env/lib/python3.7/site-packages/airflow/example_dags/example_xcomargs.py took 0.117 seconds
[2021-03-17 16:59:07,169] {scheduler_job.py:182} INFO - Started process (PID=30337) to work on /Users/prathyusha/Desktop/pranathi/airflow_cnn_pipeline_final/airflow_test_env/lib/python3.7/site-packages/airflow/example_dags/example_xcomargs.py
[2021-03-17 16:59:07,174] {scheduler_job.py:629} INFO - Processing file /Users/prathyusha/Desktop/pranathi/airflow_cnn_pipeline_final/airflow_test_env/lib/python3.7/site-packages/airflow/example_dags/example_xcomargs.py for tasks to queue
[2021-03-17 16:59:07,176] {logging_mixin.py:104} INFO - [2021-03-17 16:59:07,175] {dagbag.py:448} INFO - Filling up the DagBag from /Users/prathyusha/Desktop/pranathi/airflow_cnn_pipeline_final/airflow_test_env/lib/python3.7/site-packages/airflow/example_dags/example_xcomargs.py
[2021-03-17 16:59:07,198] {scheduler_job.py:639} INFO - DAG(s) dict_keys(['example_xcom_args', 'example_xcom_args_with_operators']) retrieved from /Users/prathyusha/Desktop/pranathi/airflow_cnn_pipeline_final/airflow_test_env/lib/python3.7/site-packages/airflow/example_dags/example_xcomargs.py
[2021-03-17 16:59:07,246] {logging_mixin.py:104} INFO - [2021-03-17 16:59:07,245] {dag.py:1818} INFO - Sync 2 DAGs
[2021-03-17 16:59:07,281] {logging_mixin.py:104} INFO - [2021-03-17 16:59:07,280] {dag.py:2273} INFO - Setting next_dagrun for example_xcom_args to None
[2021-03-17 16:59:07,288] {logging_mixin.py:104} INFO - [2021-03-17 16:59:07,282] {dag.py:2273} INFO - Setting next_dagrun for example_xcom_args_with_operators to None
[2021-03-17 16:59:07,303] {scheduler_job.py:190} INFO - Processing /Users/prathyusha/Desktop/pranathi/airflow_cnn_pipeline_final/airflow_test_env/lib/python3.7/site-packages/airflow/example_dags/example_xcomargs.py took 0.140 seconds
[2021-03-17 16:59:39,189] {scheduler_job.py:182} INFO - Started process (PID=30388) to work on /Users/prathyusha/Desktop/pranathi/airflow_cnn_pipeline_final/airflow_test_env/lib/python3.7/site-packages/airflow/example_dags/example_xcomargs.py
[2021-03-17 16:59:39,192] {scheduler_job.py:629} INFO - Processing file /Users/prathyusha/Desktop/pranathi/airflow_cnn_pipeline_final/airflow_test_env/lib/python3.7/site-packages/airflow/example_dags/example_xcomargs.py for tasks to queue
[2021-03-17 16:59:39,194] {logging_mixin.py:104} INFO - [2021-03-17 16:59:39,193] {dagbag.py:448} INFO - Filling up the DagBag from /Users/prathyusha/Desktop/pranathi/airflow_cnn_pipeline_final/airflow_test_env/lib/python3.7/site-packages/airflow/example_dags/example_xcomargs.py
[2021-03-17 16:59:39,213] {scheduler_job.py:639} INFO - DAG(s) dict_keys(['example_xcom_args', 'example_xcom_args_with_operators']) retrieved from /Users/prathyusha/Desktop/pranathi/airflow_cnn_pipeline_final/airflow_test_env/lib/python3.7/site-packages/airflow/example_dags/example_xcomargs.py
[2021-03-17 16:59:39,253] {logging_mixin.py:104} INFO - [2021-03-17 16:59:39,253] {dag.py:1818} INFO - Sync 2 DAGs
[2021-03-17 16:59:39,288] {logging_mixin.py:104} INFO - [2021-03-17 16:59:39,287] {dag.py:2273} INFO - Setting next_dagrun for example_xcom_args to None
[2021-03-17 16:59:39,290] {logging_mixin.py:104} INFO - [2021-03-17 16:59:39,290] {dag.py:2273} INFO - Setting next_dagrun for example_xcom_args_with_operators to None
[2021-03-17 16:59:39,320] {scheduler_job.py:190} INFO - Processing /Users/prathyusha/Desktop/pranathi/airflow_cnn_pipeline_final/airflow_test_env/lib/python3.7/site-packages/airflow/example_dags/example_xcomargs.py took 0.135 seconds
