[2021-03-17 16:32:37,727] {scheduler_job.py:182} INFO - Started process (PID=28240) to work on /Users/prathyusha/Desktop/pranathi/airflow_cnn_pipeline_final/airflow_test_env/lib/python3.7/site-packages/airflow/example_dags/example_python_operator.py
[2021-03-17 16:32:37,728] {scheduler_job.py:629} INFO - Processing file /Users/prathyusha/Desktop/pranathi/airflow_cnn_pipeline_final/airflow_test_env/lib/python3.7/site-packages/airflow/example_dags/example_python_operator.py for tasks to queue
[2021-03-17 16:32:37,730] {logging_mixin.py:104} INFO - [2021-03-17 16:32:37,729] {dagbag.py:448} INFO - Filling up the DagBag from /Users/prathyusha/Desktop/pranathi/airflow_cnn_pipeline_final/airflow_test_env/lib/python3.7/site-packages/airflow/example_dags/example_python_operator.py
[2021-03-17 16:32:37,746] {scheduler_job.py:639} INFO - DAG(s) dict_keys(['example_python_operator']) retrieved from /Users/prathyusha/Desktop/pranathi/airflow_cnn_pipeline_final/airflow_test_env/lib/python3.7/site-packages/airflow/example_dags/example_python_operator.py
[2021-03-17 16:32:37,766] {logging_mixin.py:104} INFO - [2021-03-17 16:32:37,765] {dag.py:1818} INFO - Sync 1 DAGs
[2021-03-17 16:32:37,777] {logging_mixin.py:104} INFO - [2021-03-17 16:32:37,777] {dag.py:2273} INFO - Setting next_dagrun for example_python_operator to None
[2021-03-17 16:32:37,788] {scheduler_job.py:190} INFO - Processing /Users/prathyusha/Desktop/pranathi/airflow_cnn_pipeline_final/airflow_test_env/lib/python3.7/site-packages/airflow/example_dags/example_python_operator.py took 0.064 seconds
[2021-03-17 16:33:09,231] {scheduler_job.py:182} INFO - Started process (PID=28288) to work on /Users/prathyusha/Desktop/pranathi/airflow_cnn_pipeline_final/airflow_test_env/lib/python3.7/site-packages/airflow/example_dags/example_python_operator.py
[2021-03-17 16:33:09,235] {scheduler_job.py:629} INFO - Processing file /Users/prathyusha/Desktop/pranathi/airflow_cnn_pipeline_final/airflow_test_env/lib/python3.7/site-packages/airflow/example_dags/example_python_operator.py for tasks to queue
[2021-03-17 16:33:09,237] {logging_mixin.py:104} INFO - [2021-03-17 16:33:09,236] {dagbag.py:448} INFO - Filling up the DagBag from /Users/prathyusha/Desktop/pranathi/airflow_cnn_pipeline_final/airflow_test_env/lib/python3.7/site-packages/airflow/example_dags/example_python_operator.py
[2021-03-17 16:33:09,251] {scheduler_job.py:639} INFO - DAG(s) dict_keys(['example_python_operator']) retrieved from /Users/prathyusha/Desktop/pranathi/airflow_cnn_pipeline_final/airflow_test_env/lib/python3.7/site-packages/airflow/example_dags/example_python_operator.py
[2021-03-17 16:33:09,267] {logging_mixin.py:104} INFO - [2021-03-17 16:33:09,266] {dag.py:1818} INFO - Sync 1 DAGs
[2021-03-17 16:33:09,277] {logging_mixin.py:104} INFO - [2021-03-17 16:33:09,276] {dag.py:2273} INFO - Setting next_dagrun for example_python_operator to None
[2021-03-17 16:33:09,284] {scheduler_job.py:190} INFO - Processing /Users/prathyusha/Desktop/pranathi/airflow_cnn_pipeline_final/airflow_test_env/lib/python3.7/site-packages/airflow/example_dags/example_python_operator.py took 0.057 seconds
[2021-03-17 16:33:40,072] {scheduler_job.py:182} INFO - Started process (PID=28317) to work on /Users/prathyusha/Desktop/pranathi/airflow_cnn_pipeline_final/airflow_test_env/lib/python3.7/site-packages/airflow/example_dags/example_python_operator.py
[2021-03-17 16:33:40,074] {scheduler_job.py:629} INFO - Processing file /Users/prathyusha/Desktop/pranathi/airflow_cnn_pipeline_final/airflow_test_env/lib/python3.7/site-packages/airflow/example_dags/example_python_operator.py for tasks to queue
[2021-03-17 16:33:40,076] {logging_mixin.py:104} INFO - [2021-03-17 16:33:40,075] {dagbag.py:448} INFO - Filling up the DagBag from /Users/prathyusha/Desktop/pranathi/airflow_cnn_pipeline_final/airflow_test_env/lib/python3.7/site-packages/airflow/example_dags/example_python_operator.py
[2021-03-17 16:33:40,099] {scheduler_job.py:639} INFO - DAG(s) dict_keys(['example_python_operator']) retrieved from /Users/prathyusha/Desktop/pranathi/airflow_cnn_pipeline_final/airflow_test_env/lib/python3.7/site-packages/airflow/example_dags/example_python_operator.py
[2021-03-17 16:33:40,115] {logging_mixin.py:104} INFO - [2021-03-17 16:33:40,114] {dag.py:1818} INFO - Sync 1 DAGs
[2021-03-17 16:33:40,126] {logging_mixin.py:104} INFO - [2021-03-17 16:33:40,125] {dag.py:2273} INFO - Setting next_dagrun for example_python_operator to None
[2021-03-17 16:33:40,133] {scheduler_job.py:190} INFO - Processing /Users/prathyusha/Desktop/pranathi/airflow_cnn_pipeline_final/airflow_test_env/lib/python3.7/site-packages/airflow/example_dags/example_python_operator.py took 0.064 seconds
[2021-03-17 16:34:10,797] {scheduler_job.py:182} INFO - Started process (PID=28352) to work on /Users/prathyusha/Desktop/pranathi/airflow_cnn_pipeline_final/airflow_test_env/lib/python3.7/site-packages/airflow/example_dags/example_python_operator.py
[2021-03-17 16:34:10,801] {scheduler_job.py:629} INFO - Processing file /Users/prathyusha/Desktop/pranathi/airflow_cnn_pipeline_final/airflow_test_env/lib/python3.7/site-packages/airflow/example_dags/example_python_operator.py for tasks to queue
[2021-03-17 16:34:10,802] {logging_mixin.py:104} INFO - [2021-03-17 16:34:10,802] {dagbag.py:448} INFO - Filling up the DagBag from /Users/prathyusha/Desktop/pranathi/airflow_cnn_pipeline_final/airflow_test_env/lib/python3.7/site-packages/airflow/example_dags/example_python_operator.py
[2021-03-17 16:34:10,817] {scheduler_job.py:639} INFO - DAG(s) dict_keys(['example_python_operator']) retrieved from /Users/prathyusha/Desktop/pranathi/airflow_cnn_pipeline_final/airflow_test_env/lib/python3.7/site-packages/airflow/example_dags/example_python_operator.py
[2021-03-17 16:34:10,832] {logging_mixin.py:104} INFO - [2021-03-17 16:34:10,831] {dag.py:1818} INFO - Sync 1 DAGs
[2021-03-17 16:34:10,842] {logging_mixin.py:104} INFO - [2021-03-17 16:34:10,842] {dag.py:2273} INFO - Setting next_dagrun for example_python_operator to None
[2021-03-17 16:34:10,849] {scheduler_job.py:190} INFO - Processing /Users/prathyusha/Desktop/pranathi/airflow_cnn_pipeline_final/airflow_test_env/lib/python3.7/site-packages/airflow/example_dags/example_python_operator.py took 0.056 seconds
[2021-03-17 16:34:41,645] {scheduler_job.py:182} INFO - Started process (PID=28381) to work on /Users/prathyusha/Desktop/pranathi/airflow_cnn_pipeline_final/airflow_test_env/lib/python3.7/site-packages/airflow/example_dags/example_python_operator.py
[2021-03-17 16:34:41,646] {scheduler_job.py:629} INFO - Processing file /Users/prathyusha/Desktop/pranathi/airflow_cnn_pipeline_final/airflow_test_env/lib/python3.7/site-packages/airflow/example_dags/example_python_operator.py for tasks to queue
[2021-03-17 16:34:41,648] {logging_mixin.py:104} INFO - [2021-03-17 16:34:41,647] {dagbag.py:448} INFO - Filling up the DagBag from /Users/prathyusha/Desktop/pranathi/airflow_cnn_pipeline_final/airflow_test_env/lib/python3.7/site-packages/airflow/example_dags/example_python_operator.py
[2021-03-17 16:34:41,663] {scheduler_job.py:639} INFO - DAG(s) dict_keys(['example_python_operator']) retrieved from /Users/prathyusha/Desktop/pranathi/airflow_cnn_pipeline_final/airflow_test_env/lib/python3.7/site-packages/airflow/example_dags/example_python_operator.py
[2021-03-17 16:34:41,680] {logging_mixin.py:104} INFO - [2021-03-17 16:34:41,679] {dag.py:1818} INFO - Sync 1 DAGs
[2021-03-17 16:34:41,691] {logging_mixin.py:104} INFO - [2021-03-17 16:34:41,690] {dag.py:2273} INFO - Setting next_dagrun for example_python_operator to None
[2021-03-17 16:34:41,698] {scheduler_job.py:190} INFO - Processing /Users/prathyusha/Desktop/pranathi/airflow_cnn_pipeline_final/airflow_test_env/lib/python3.7/site-packages/airflow/example_dags/example_python_operator.py took 0.057 seconds
[2021-03-17 16:35:12,329] {scheduler_job.py:182} INFO - Started process (PID=28417) to work on /Users/prathyusha/Desktop/pranathi/airflow_cnn_pipeline_final/airflow_test_env/lib/python3.7/site-packages/airflow/example_dags/example_python_operator.py
[2021-03-17 16:35:12,330] {scheduler_job.py:629} INFO - Processing file /Users/prathyusha/Desktop/pranathi/airflow_cnn_pipeline_final/airflow_test_env/lib/python3.7/site-packages/airflow/example_dags/example_python_operator.py for tasks to queue
[2021-03-17 16:35:12,331] {logging_mixin.py:104} INFO - [2021-03-17 16:35:12,331] {dagbag.py:448} INFO - Filling up the DagBag from /Users/prathyusha/Desktop/pranathi/airflow_cnn_pipeline_final/airflow_test_env/lib/python3.7/site-packages/airflow/example_dags/example_python_operator.py
[2021-03-17 16:35:12,345] {scheduler_job.py:639} INFO - DAG(s) dict_keys(['example_python_operator']) retrieved from /Users/prathyusha/Desktop/pranathi/airflow_cnn_pipeline_final/airflow_test_env/lib/python3.7/site-packages/airflow/example_dags/example_python_operator.py
[2021-03-17 16:35:12,360] {logging_mixin.py:104} INFO - [2021-03-17 16:35:12,360] {dag.py:1818} INFO - Sync 1 DAGs
[2021-03-17 16:35:12,371] {logging_mixin.py:104} INFO - [2021-03-17 16:35:12,371] {dag.py:2273} INFO - Setting next_dagrun for example_python_operator to None
[2021-03-17 16:35:12,379] {scheduler_job.py:190} INFO - Processing /Users/prathyusha/Desktop/pranathi/airflow_cnn_pipeline_final/airflow_test_env/lib/python3.7/site-packages/airflow/example_dags/example_python_operator.py took 0.054 seconds
[2021-03-17 16:35:43,187] {scheduler_job.py:182} INFO - Started process (PID=28457) to work on /Users/prathyusha/Desktop/pranathi/airflow_cnn_pipeline_final/airflow_test_env/lib/python3.7/site-packages/airflow/example_dags/example_python_operator.py
[2021-03-17 16:35:43,191] {scheduler_job.py:629} INFO - Processing file /Users/prathyusha/Desktop/pranathi/airflow_cnn_pipeline_final/airflow_test_env/lib/python3.7/site-packages/airflow/example_dags/example_python_operator.py for tasks to queue
[2021-03-17 16:35:43,192] {logging_mixin.py:104} INFO - [2021-03-17 16:35:43,192] {dagbag.py:448} INFO - Filling up the DagBag from /Users/prathyusha/Desktop/pranathi/airflow_cnn_pipeline_final/airflow_test_env/lib/python3.7/site-packages/airflow/example_dags/example_python_operator.py
[2021-03-17 16:35:43,207] {scheduler_job.py:639} INFO - DAG(s) dict_keys(['example_python_operator']) retrieved from /Users/prathyusha/Desktop/pranathi/airflow_cnn_pipeline_final/airflow_test_env/lib/python3.7/site-packages/airflow/example_dags/example_python_operator.py
[2021-03-17 16:35:43,221] {logging_mixin.py:104} INFO - [2021-03-17 16:35:43,220] {dag.py:1818} INFO - Sync 1 DAGs
[2021-03-17 16:35:43,231] {logging_mixin.py:104} INFO - [2021-03-17 16:35:43,231] {dag.py:2273} INFO - Setting next_dagrun for example_python_operator to None
[2021-03-17 16:35:43,238] {scheduler_job.py:190} INFO - Processing /Users/prathyusha/Desktop/pranathi/airflow_cnn_pipeline_final/airflow_test_env/lib/python3.7/site-packages/airflow/example_dags/example_python_operator.py took 0.055 seconds
[2021-03-17 16:36:13,962] {scheduler_job.py:182} INFO - Started process (PID=28494) to work on /Users/prathyusha/Desktop/pranathi/airflow_cnn_pipeline_final/airflow_test_env/lib/python3.7/site-packages/airflow/example_dags/example_python_operator.py
[2021-03-17 16:36:13,966] {scheduler_job.py:629} INFO - Processing file /Users/prathyusha/Desktop/pranathi/airflow_cnn_pipeline_final/airflow_test_env/lib/python3.7/site-packages/airflow/example_dags/example_python_operator.py for tasks to queue
[2021-03-17 16:36:13,968] {logging_mixin.py:104} INFO - [2021-03-17 16:36:13,967] {dagbag.py:448} INFO - Filling up the DagBag from /Users/prathyusha/Desktop/pranathi/airflow_cnn_pipeline_final/airflow_test_env/lib/python3.7/site-packages/airflow/example_dags/example_python_operator.py
[2021-03-17 16:36:13,985] {scheduler_job.py:639} INFO - DAG(s) dict_keys(['example_python_operator']) retrieved from /Users/prathyusha/Desktop/pranathi/airflow_cnn_pipeline_final/airflow_test_env/lib/python3.7/site-packages/airflow/example_dags/example_python_operator.py
[2021-03-17 16:36:13,999] {logging_mixin.py:104} INFO - [2021-03-17 16:36:13,999] {dag.py:1818} INFO - Sync 1 DAGs
[2021-03-17 16:36:14,010] {logging_mixin.py:104} INFO - [2021-03-17 16:36:14,009] {dag.py:2273} INFO - Setting next_dagrun for example_python_operator to None
[2021-03-17 16:36:14,017] {scheduler_job.py:190} INFO - Processing /Users/prathyusha/Desktop/pranathi/airflow_cnn_pipeline_final/airflow_test_env/lib/python3.7/site-packages/airflow/example_dags/example_python_operator.py took 0.059 seconds
[2021-03-17 16:36:44,505] {scheduler_job.py:182} INFO - Started process (PID=28523) to work on /Users/prathyusha/Desktop/pranathi/airflow_cnn_pipeline_final/airflow_test_env/lib/python3.7/site-packages/airflow/example_dags/example_python_operator.py
[2021-03-17 16:36:44,507] {scheduler_job.py:629} INFO - Processing file /Users/prathyusha/Desktop/pranathi/airflow_cnn_pipeline_final/airflow_test_env/lib/python3.7/site-packages/airflow/example_dags/example_python_operator.py for tasks to queue
[2021-03-17 16:36:44,508] {logging_mixin.py:104} INFO - [2021-03-17 16:36:44,508] {dagbag.py:448} INFO - Filling up the DagBag from /Users/prathyusha/Desktop/pranathi/airflow_cnn_pipeline_final/airflow_test_env/lib/python3.7/site-packages/airflow/example_dags/example_python_operator.py
[2021-03-17 16:36:44,523] {scheduler_job.py:639} INFO - DAG(s) dict_keys(['example_python_operator']) retrieved from /Users/prathyusha/Desktop/pranathi/airflow_cnn_pipeline_final/airflow_test_env/lib/python3.7/site-packages/airflow/example_dags/example_python_operator.py
[2021-03-17 16:36:44,537] {logging_mixin.py:104} INFO - [2021-03-17 16:36:44,537] {dag.py:1818} INFO - Sync 1 DAGs
[2021-03-17 16:36:44,548] {logging_mixin.py:104} INFO - [2021-03-17 16:36:44,548] {dag.py:2273} INFO - Setting next_dagrun for example_python_operator to None
[2021-03-17 16:36:44,556] {scheduler_job.py:190} INFO - Processing /Users/prathyusha/Desktop/pranathi/airflow_cnn_pipeline_final/airflow_test_env/lib/python3.7/site-packages/airflow/example_dags/example_python_operator.py took 0.055 seconds
[2021-03-17 16:37:15,656] {scheduler_job.py:182} INFO - Started process (PID=28553) to work on /Users/prathyusha/Desktop/pranathi/airflow_cnn_pipeline_final/airflow_test_env/lib/python3.7/site-packages/airflow/example_dags/example_python_operator.py
[2021-03-17 16:37:15,658] {scheduler_job.py:629} INFO - Processing file /Users/prathyusha/Desktop/pranathi/airflow_cnn_pipeline_final/airflow_test_env/lib/python3.7/site-packages/airflow/example_dags/example_python_operator.py for tasks to queue
[2021-03-17 16:37:15,659] {logging_mixin.py:104} INFO - [2021-03-17 16:37:15,659] {dagbag.py:448} INFO - Filling up the DagBag from /Users/prathyusha/Desktop/pranathi/airflow_cnn_pipeline_final/airflow_test_env/lib/python3.7/site-packages/airflow/example_dags/example_python_operator.py
[2021-03-17 16:37:15,673] {scheduler_job.py:639} INFO - DAG(s) dict_keys(['example_python_operator']) retrieved from /Users/prathyusha/Desktop/pranathi/airflow_cnn_pipeline_final/airflow_test_env/lib/python3.7/site-packages/airflow/example_dags/example_python_operator.py
[2021-03-17 16:37:15,687] {logging_mixin.py:104} INFO - [2021-03-17 16:37:15,687] {dag.py:1818} INFO - Sync 1 DAGs
[2021-03-17 16:37:15,698] {logging_mixin.py:104} INFO - [2021-03-17 16:37:15,698] {dag.py:2273} INFO - Setting next_dagrun for example_python_operator to None
[2021-03-17 16:37:15,705] {scheduler_job.py:190} INFO - Processing /Users/prathyusha/Desktop/pranathi/airflow_cnn_pipeline_final/airflow_test_env/lib/python3.7/site-packages/airflow/example_dags/example_python_operator.py took 0.053 seconds
[2021-03-17 16:37:46,248] {scheduler_job.py:182} INFO - Started process (PID=28586) to work on /Users/prathyusha/Desktop/pranathi/airflow_cnn_pipeline_final/airflow_test_env/lib/python3.7/site-packages/airflow/example_dags/example_python_operator.py
[2021-03-17 16:37:46,251] {scheduler_job.py:629} INFO - Processing file /Users/prathyusha/Desktop/pranathi/airflow_cnn_pipeline_final/airflow_test_env/lib/python3.7/site-packages/airflow/example_dags/example_python_operator.py for tasks to queue
[2021-03-17 16:37:46,252] {logging_mixin.py:104} INFO - [2021-03-17 16:37:46,252] {dagbag.py:448} INFO - Filling up the DagBag from /Users/prathyusha/Desktop/pranathi/airflow_cnn_pipeline_final/airflow_test_env/lib/python3.7/site-packages/airflow/example_dags/example_python_operator.py
[2021-03-17 16:37:46,266] {scheduler_job.py:639} INFO - DAG(s) dict_keys(['example_python_operator']) retrieved from /Users/prathyusha/Desktop/pranathi/airflow_cnn_pipeline_final/airflow_test_env/lib/python3.7/site-packages/airflow/example_dags/example_python_operator.py
[2021-03-17 16:37:46,282] {logging_mixin.py:104} INFO - [2021-03-17 16:37:46,282] {dag.py:1818} INFO - Sync 1 DAGs
[2021-03-17 16:37:46,293] {logging_mixin.py:104} INFO - [2021-03-17 16:37:46,292] {dag.py:2273} INFO - Setting next_dagrun for example_python_operator to None
[2021-03-17 16:37:46,300] {scheduler_job.py:190} INFO - Processing /Users/prathyusha/Desktop/pranathi/airflow_cnn_pipeline_final/airflow_test_env/lib/python3.7/site-packages/airflow/example_dags/example_python_operator.py took 0.056 seconds
[2021-03-17 16:38:17,234] {scheduler_job.py:182} INFO - Started process (PID=28616) to work on /Users/prathyusha/Desktop/pranathi/airflow_cnn_pipeline_final/airflow_test_env/lib/python3.7/site-packages/airflow/example_dags/example_python_operator.py
[2021-03-17 16:38:17,236] {scheduler_job.py:629} INFO - Processing file /Users/prathyusha/Desktop/pranathi/airflow_cnn_pipeline_final/airflow_test_env/lib/python3.7/site-packages/airflow/example_dags/example_python_operator.py for tasks to queue
[2021-03-17 16:38:17,237] {logging_mixin.py:104} INFO - [2021-03-17 16:38:17,237] {dagbag.py:448} INFO - Filling up the DagBag from /Users/prathyusha/Desktop/pranathi/airflow_cnn_pipeline_final/airflow_test_env/lib/python3.7/site-packages/airflow/example_dags/example_python_operator.py
[2021-03-17 16:38:17,252] {scheduler_job.py:639} INFO - DAG(s) dict_keys(['example_python_operator']) retrieved from /Users/prathyusha/Desktop/pranathi/airflow_cnn_pipeline_final/airflow_test_env/lib/python3.7/site-packages/airflow/example_dags/example_python_operator.py
[2021-03-17 16:38:17,267] {logging_mixin.py:104} INFO - [2021-03-17 16:38:17,267] {dag.py:1818} INFO - Sync 1 DAGs
[2021-03-17 16:38:17,279] {logging_mixin.py:104} INFO - [2021-03-17 16:38:17,278] {dag.py:2273} INFO - Setting next_dagrun for example_python_operator to None
[2021-03-17 16:38:17,286] {scheduler_job.py:190} INFO - Processing /Users/prathyusha/Desktop/pranathi/airflow_cnn_pipeline_final/airflow_test_env/lib/python3.7/site-packages/airflow/example_dags/example_python_operator.py took 0.056 seconds
[2021-03-17 16:38:48,070] {scheduler_job.py:182} INFO - Started process (PID=28683) to work on /Users/prathyusha/Desktop/pranathi/airflow_cnn_pipeline_final/airflow_test_env/lib/python3.7/site-packages/airflow/example_dags/example_python_operator.py
[2021-03-17 16:38:48,074] {scheduler_job.py:629} INFO - Processing file /Users/prathyusha/Desktop/pranathi/airflow_cnn_pipeline_final/airflow_test_env/lib/python3.7/site-packages/airflow/example_dags/example_python_operator.py for tasks to queue
[2021-03-17 16:38:48,076] {logging_mixin.py:104} INFO - [2021-03-17 16:38:48,075] {dagbag.py:448} INFO - Filling up the DagBag from /Users/prathyusha/Desktop/pranathi/airflow_cnn_pipeline_final/airflow_test_env/lib/python3.7/site-packages/airflow/example_dags/example_python_operator.py
[2021-03-17 16:38:48,091] {scheduler_job.py:639} INFO - DAG(s) dict_keys(['example_python_operator']) retrieved from /Users/prathyusha/Desktop/pranathi/airflow_cnn_pipeline_final/airflow_test_env/lib/python3.7/site-packages/airflow/example_dags/example_python_operator.py
[2021-03-17 16:38:48,106] {logging_mixin.py:104} INFO - [2021-03-17 16:38:48,106] {dag.py:1818} INFO - Sync 1 DAGs
[2021-03-17 16:38:48,118] {logging_mixin.py:104} INFO - [2021-03-17 16:38:48,118] {dag.py:2273} INFO - Setting next_dagrun for example_python_operator to None
[2021-03-17 16:38:48,126] {scheduler_job.py:190} INFO - Processing /Users/prathyusha/Desktop/pranathi/airflow_cnn_pipeline_final/airflow_test_env/lib/python3.7/site-packages/airflow/example_dags/example_python_operator.py took 0.060 seconds
[2021-03-17 16:39:18,703] {scheduler_job.py:182} INFO - Started process (PID=28731) to work on /Users/prathyusha/Desktop/pranathi/airflow_cnn_pipeline_final/airflow_test_env/lib/python3.7/site-packages/airflow/example_dags/example_python_operator.py
[2021-03-17 16:39:18,705] {scheduler_job.py:629} INFO - Processing file /Users/prathyusha/Desktop/pranathi/airflow_cnn_pipeline_final/airflow_test_env/lib/python3.7/site-packages/airflow/example_dags/example_python_operator.py for tasks to queue
[2021-03-17 16:39:18,707] {logging_mixin.py:104} INFO - [2021-03-17 16:39:18,706] {dagbag.py:448} INFO - Filling up the DagBag from /Users/prathyusha/Desktop/pranathi/airflow_cnn_pipeline_final/airflow_test_env/lib/python3.7/site-packages/airflow/example_dags/example_python_operator.py
[2021-03-17 16:39:18,722] {scheduler_job.py:639} INFO - DAG(s) dict_keys(['example_python_operator']) retrieved from /Users/prathyusha/Desktop/pranathi/airflow_cnn_pipeline_final/airflow_test_env/lib/python3.7/site-packages/airflow/example_dags/example_python_operator.py
[2021-03-17 16:39:18,736] {logging_mixin.py:104} INFO - [2021-03-17 16:39:18,736] {dag.py:1818} INFO - Sync 1 DAGs
[2021-03-17 16:39:18,746] {logging_mixin.py:104} INFO - [2021-03-17 16:39:18,746] {dag.py:2273} INFO - Setting next_dagrun for example_python_operator to None
[2021-03-17 16:39:18,753] {scheduler_job.py:190} INFO - Processing /Users/prathyusha/Desktop/pranathi/airflow_cnn_pipeline_final/airflow_test_env/lib/python3.7/site-packages/airflow/example_dags/example_python_operator.py took 0.054 seconds
[2021-03-17 16:39:49,188] {scheduler_job.py:182} INFO - Started process (PID=28760) to work on /Users/prathyusha/Desktop/pranathi/airflow_cnn_pipeline_final/airflow_test_env/lib/python3.7/site-packages/airflow/example_dags/example_python_operator.py
[2021-03-17 16:39:49,191] {scheduler_job.py:629} INFO - Processing file /Users/prathyusha/Desktop/pranathi/airflow_cnn_pipeline_final/airflow_test_env/lib/python3.7/site-packages/airflow/example_dags/example_python_operator.py for tasks to queue
[2021-03-17 16:39:49,192] {logging_mixin.py:104} INFO - [2021-03-17 16:39:49,192] {dagbag.py:448} INFO - Filling up the DagBag from /Users/prathyusha/Desktop/pranathi/airflow_cnn_pipeline_final/airflow_test_env/lib/python3.7/site-packages/airflow/example_dags/example_python_operator.py
[2021-03-17 16:39:49,209] {scheduler_job.py:639} INFO - DAG(s) dict_keys(['example_python_operator']) retrieved from /Users/prathyusha/Desktop/pranathi/airflow_cnn_pipeline_final/airflow_test_env/lib/python3.7/site-packages/airflow/example_dags/example_python_operator.py
[2021-03-17 16:39:49,226] {logging_mixin.py:104} INFO - [2021-03-17 16:39:49,225] {dag.py:1818} INFO - Sync 1 DAGs
[2021-03-17 16:39:49,238] {logging_mixin.py:104} INFO - [2021-03-17 16:39:49,237] {dag.py:2273} INFO - Setting next_dagrun for example_python_operator to None
[2021-03-17 16:39:49,246] {scheduler_job.py:190} INFO - Processing /Users/prathyusha/Desktop/pranathi/airflow_cnn_pipeline_final/airflow_test_env/lib/python3.7/site-packages/airflow/example_dags/example_python_operator.py took 0.063 seconds
[2021-03-17 16:40:19,697] {scheduler_job.py:182} INFO - Started process (PID=28807) to work on /Users/prathyusha/Desktop/pranathi/airflow_cnn_pipeline_final/airflow_test_env/lib/python3.7/site-packages/airflow/example_dags/example_python_operator.py
[2021-03-17 16:40:19,701] {scheduler_job.py:629} INFO - Processing file /Users/prathyusha/Desktop/pranathi/airflow_cnn_pipeline_final/airflow_test_env/lib/python3.7/site-packages/airflow/example_dags/example_python_operator.py for tasks to queue
[2021-03-17 16:40:19,703] {logging_mixin.py:104} INFO - [2021-03-17 16:40:19,702] {dagbag.py:448} INFO - Filling up the DagBag from /Users/prathyusha/Desktop/pranathi/airflow_cnn_pipeline_final/airflow_test_env/lib/python3.7/site-packages/airflow/example_dags/example_python_operator.py
[2021-03-17 16:40:19,718] {scheduler_job.py:639} INFO - DAG(s) dict_keys(['example_python_operator']) retrieved from /Users/prathyusha/Desktop/pranathi/airflow_cnn_pipeline_final/airflow_test_env/lib/python3.7/site-packages/airflow/example_dags/example_python_operator.py
[2021-03-17 16:40:19,734] {logging_mixin.py:104} INFO - [2021-03-17 16:40:19,733] {dag.py:1818} INFO - Sync 1 DAGs
[2021-03-17 16:40:19,745] {logging_mixin.py:104} INFO - [2021-03-17 16:40:19,744] {dag.py:2273} INFO - Setting next_dagrun for example_python_operator to None
[2021-03-17 16:40:19,752] {scheduler_job.py:190} INFO - Processing /Users/prathyusha/Desktop/pranathi/airflow_cnn_pipeline_final/airflow_test_env/lib/python3.7/site-packages/airflow/example_dags/example_python_operator.py took 0.058 seconds
[2021-03-17 16:40:50,399] {scheduler_job.py:182} INFO - Started process (PID=28845) to work on /Users/prathyusha/Desktop/pranathi/airflow_cnn_pipeline_final/airflow_test_env/lib/python3.7/site-packages/airflow/example_dags/example_python_operator.py
[2021-03-17 16:40:50,404] {scheduler_job.py:629} INFO - Processing file /Users/prathyusha/Desktop/pranathi/airflow_cnn_pipeline_final/airflow_test_env/lib/python3.7/site-packages/airflow/example_dags/example_python_operator.py for tasks to queue
[2021-03-17 16:40:50,406] {logging_mixin.py:104} INFO - [2021-03-17 16:40:50,406] {dagbag.py:448} INFO - Filling up the DagBag from /Users/prathyusha/Desktop/pranathi/airflow_cnn_pipeline_final/airflow_test_env/lib/python3.7/site-packages/airflow/example_dags/example_python_operator.py
[2021-03-17 16:40:50,426] {scheduler_job.py:639} INFO - DAG(s) dict_keys(['example_python_operator']) retrieved from /Users/prathyusha/Desktop/pranathi/airflow_cnn_pipeline_final/airflow_test_env/lib/python3.7/site-packages/airflow/example_dags/example_python_operator.py
[2021-03-17 16:40:50,446] {logging_mixin.py:104} INFO - [2021-03-17 16:40:50,445] {dag.py:1818} INFO - Sync 1 DAGs
[2021-03-17 16:40:50,458] {logging_mixin.py:104} INFO - [2021-03-17 16:40:50,457] {dag.py:2273} INFO - Setting next_dagrun for example_python_operator to None
[2021-03-17 16:40:50,466] {scheduler_job.py:190} INFO - Processing /Users/prathyusha/Desktop/pranathi/airflow_cnn_pipeline_final/airflow_test_env/lib/python3.7/site-packages/airflow/example_dags/example_python_operator.py took 0.073 seconds
[2021-03-17 16:41:20,999] {scheduler_job.py:182} INFO - Started process (PID=28874) to work on /Users/prathyusha/Desktop/pranathi/airflow_cnn_pipeline_final/airflow_test_env/lib/python3.7/site-packages/airflow/example_dags/example_python_operator.py
[2021-03-17 16:41:21,001] {scheduler_job.py:629} INFO - Processing file /Users/prathyusha/Desktop/pranathi/airflow_cnn_pipeline_final/airflow_test_env/lib/python3.7/site-packages/airflow/example_dags/example_python_operator.py for tasks to queue
[2021-03-17 16:41:21,003] {logging_mixin.py:104} INFO - [2021-03-17 16:41:21,002] {dagbag.py:448} INFO - Filling up the DagBag from /Users/prathyusha/Desktop/pranathi/airflow_cnn_pipeline_final/airflow_test_env/lib/python3.7/site-packages/airflow/example_dags/example_python_operator.py
[2021-03-17 16:41:21,019] {scheduler_job.py:639} INFO - DAG(s) dict_keys(['example_python_operator']) retrieved from /Users/prathyusha/Desktop/pranathi/airflow_cnn_pipeline_final/airflow_test_env/lib/python3.7/site-packages/airflow/example_dags/example_python_operator.py
[2021-03-17 16:41:21,039] {logging_mixin.py:104} INFO - [2021-03-17 16:41:21,038] {dag.py:1818} INFO - Sync 1 DAGs
[2021-03-17 16:41:21,052] {logging_mixin.py:104} INFO - [2021-03-17 16:41:21,051] {dag.py:2273} INFO - Setting next_dagrun for example_python_operator to None
[2021-03-17 16:41:21,060] {scheduler_job.py:190} INFO - Processing /Users/prathyusha/Desktop/pranathi/airflow_cnn_pipeline_final/airflow_test_env/lib/python3.7/site-packages/airflow/example_dags/example_python_operator.py took 0.065 seconds
[2021-03-17 16:41:53,425] {scheduler_job.py:182} INFO - Started process (PID=28912) to work on /Users/prathyusha/Desktop/pranathi/airflow_cnn_pipeline_final/airflow_test_env/lib/python3.7/site-packages/airflow/example_dags/example_python_operator.py
[2021-03-17 16:41:53,429] {scheduler_job.py:629} INFO - Processing file /Users/prathyusha/Desktop/pranathi/airflow_cnn_pipeline_final/airflow_test_env/lib/python3.7/site-packages/airflow/example_dags/example_python_operator.py for tasks to queue
[2021-03-17 16:41:53,431] {logging_mixin.py:104} INFO - [2021-03-17 16:41:53,430] {dagbag.py:448} INFO - Filling up the DagBag from /Users/prathyusha/Desktop/pranathi/airflow_cnn_pipeline_final/airflow_test_env/lib/python3.7/site-packages/airflow/example_dags/example_python_operator.py
[2021-03-17 16:41:53,458] {scheduler_job.py:639} INFO - DAG(s) dict_keys(['example_python_operator']) retrieved from /Users/prathyusha/Desktop/pranathi/airflow_cnn_pipeline_final/airflow_test_env/lib/python3.7/site-packages/airflow/example_dags/example_python_operator.py
[2021-03-17 16:41:53,497] {logging_mixin.py:104} INFO - [2021-03-17 16:41:53,496] {dag.py:1818} INFO - Sync 1 DAGs
[2021-03-17 16:41:53,544] {logging_mixin.py:104} INFO - [2021-03-17 16:41:53,543] {dag.py:2273} INFO - Setting next_dagrun for example_python_operator to None
[2021-03-17 16:41:53,567] {scheduler_job.py:190} INFO - Processing /Users/prathyusha/Desktop/pranathi/airflow_cnn_pipeline_final/airflow_test_env/lib/python3.7/site-packages/airflow/example_dags/example_python_operator.py took 0.148 seconds
[2021-03-17 16:42:24,495] {scheduler_job.py:182} INFO - Started process (PID=28945) to work on /Users/prathyusha/Desktop/pranathi/airflow_cnn_pipeline_final/airflow_test_env/lib/python3.7/site-packages/airflow/example_dags/example_python_operator.py
[2021-03-17 16:42:24,498] {scheduler_job.py:629} INFO - Processing file /Users/prathyusha/Desktop/pranathi/airflow_cnn_pipeline_final/airflow_test_env/lib/python3.7/site-packages/airflow/example_dags/example_python_operator.py for tasks to queue
[2021-03-17 16:42:24,499] {logging_mixin.py:104} INFO - [2021-03-17 16:42:24,499] {dagbag.py:448} INFO - Filling up the DagBag from /Users/prathyusha/Desktop/pranathi/airflow_cnn_pipeline_final/airflow_test_env/lib/python3.7/site-packages/airflow/example_dags/example_python_operator.py
[2021-03-17 16:42:24,513] {scheduler_job.py:639} INFO - DAG(s) dict_keys(['example_python_operator']) retrieved from /Users/prathyusha/Desktop/pranathi/airflow_cnn_pipeline_final/airflow_test_env/lib/python3.7/site-packages/airflow/example_dags/example_python_operator.py
[2021-03-17 16:42:24,529] {logging_mixin.py:104} INFO - [2021-03-17 16:42:24,528] {dag.py:1818} INFO - Sync 1 DAGs
[2021-03-17 16:42:24,541] {logging_mixin.py:104} INFO - [2021-03-17 16:42:24,541] {dag.py:2273} INFO - Setting next_dagrun for example_python_operator to None
[2021-03-17 16:42:24,549] {scheduler_job.py:190} INFO - Processing /Users/prathyusha/Desktop/pranathi/airflow_cnn_pipeline_final/airflow_test_env/lib/python3.7/site-packages/airflow/example_dags/example_python_operator.py took 0.060 seconds
[2021-03-17 16:42:55,129] {scheduler_job.py:182} INFO - Started process (PID=28975) to work on /Users/prathyusha/Desktop/pranathi/airflow_cnn_pipeline_final/airflow_test_env/lib/python3.7/site-packages/airflow/example_dags/example_python_operator.py
[2021-03-17 16:42:55,130] {scheduler_job.py:629} INFO - Processing file /Users/prathyusha/Desktop/pranathi/airflow_cnn_pipeline_final/airflow_test_env/lib/python3.7/site-packages/airflow/example_dags/example_python_operator.py for tasks to queue
[2021-03-17 16:42:55,132] {logging_mixin.py:104} INFO - [2021-03-17 16:42:55,131] {dagbag.py:448} INFO - Filling up the DagBag from /Users/prathyusha/Desktop/pranathi/airflow_cnn_pipeline_final/airflow_test_env/lib/python3.7/site-packages/airflow/example_dags/example_python_operator.py
[2021-03-17 16:42:55,146] {scheduler_job.py:639} INFO - DAG(s) dict_keys(['example_python_operator']) retrieved from /Users/prathyusha/Desktop/pranathi/airflow_cnn_pipeline_final/airflow_test_env/lib/python3.7/site-packages/airflow/example_dags/example_python_operator.py
[2021-03-17 16:42:55,161] {logging_mixin.py:104} INFO - [2021-03-17 16:42:55,161] {dag.py:1818} INFO - Sync 1 DAGs
[2021-03-17 16:42:55,172] {logging_mixin.py:104} INFO - [2021-03-17 16:42:55,171] {dag.py:2273} INFO - Setting next_dagrun for example_python_operator to None
[2021-03-17 16:42:55,181] {scheduler_job.py:190} INFO - Processing /Users/prathyusha/Desktop/pranathi/airflow_cnn_pipeline_final/airflow_test_env/lib/python3.7/site-packages/airflow/example_dags/example_python_operator.py took 0.056 seconds
[2021-03-17 16:43:25,782] {scheduler_job.py:182} INFO - Started process (PID=29008) to work on /Users/prathyusha/Desktop/pranathi/airflow_cnn_pipeline_final/airflow_test_env/lib/python3.7/site-packages/airflow/example_dags/example_python_operator.py
[2021-03-17 16:43:25,785] {scheduler_job.py:629} INFO - Processing file /Users/prathyusha/Desktop/pranathi/airflow_cnn_pipeline_final/airflow_test_env/lib/python3.7/site-packages/airflow/example_dags/example_python_operator.py for tasks to queue
[2021-03-17 16:43:25,787] {logging_mixin.py:104} INFO - [2021-03-17 16:43:25,786] {dagbag.py:448} INFO - Filling up the DagBag from /Users/prathyusha/Desktop/pranathi/airflow_cnn_pipeline_final/airflow_test_env/lib/python3.7/site-packages/airflow/example_dags/example_python_operator.py
[2021-03-17 16:43:25,802] {scheduler_job.py:639} INFO - DAG(s) dict_keys(['example_python_operator']) retrieved from /Users/prathyusha/Desktop/pranathi/airflow_cnn_pipeline_final/airflow_test_env/lib/python3.7/site-packages/airflow/example_dags/example_python_operator.py
[2021-03-17 16:43:25,821] {logging_mixin.py:104} INFO - [2021-03-17 16:43:25,821] {dag.py:1818} INFO - Sync 1 DAGs
[2021-03-17 16:43:25,836] {logging_mixin.py:104} INFO - [2021-03-17 16:43:25,835] {dag.py:2273} INFO - Setting next_dagrun for example_python_operator to None
[2021-03-17 16:43:25,844] {scheduler_job.py:190} INFO - Processing /Users/prathyusha/Desktop/pranathi/airflow_cnn_pipeline_final/airflow_test_env/lib/python3.7/site-packages/airflow/example_dags/example_python_operator.py took 0.067 seconds
[2021-03-17 16:43:56,336] {scheduler_job.py:182} INFO - Started process (PID=29040) to work on /Users/prathyusha/Desktop/pranathi/airflow_cnn_pipeline_final/airflow_test_env/lib/python3.7/site-packages/airflow/example_dags/example_python_operator.py
[2021-03-17 16:43:56,338] {scheduler_job.py:629} INFO - Processing file /Users/prathyusha/Desktop/pranathi/airflow_cnn_pipeline_final/airflow_test_env/lib/python3.7/site-packages/airflow/example_dags/example_python_operator.py for tasks to queue
[2021-03-17 16:43:56,340] {logging_mixin.py:104} INFO - [2021-03-17 16:43:56,339] {dagbag.py:448} INFO - Filling up the DagBag from /Users/prathyusha/Desktop/pranathi/airflow_cnn_pipeline_final/airflow_test_env/lib/python3.7/site-packages/airflow/example_dags/example_python_operator.py
[2021-03-17 16:43:56,356] {scheduler_job.py:639} INFO - DAG(s) dict_keys(['example_python_operator']) retrieved from /Users/prathyusha/Desktop/pranathi/airflow_cnn_pipeline_final/airflow_test_env/lib/python3.7/site-packages/airflow/example_dags/example_python_operator.py
[2021-03-17 16:43:56,371] {logging_mixin.py:104} INFO - [2021-03-17 16:43:56,370] {dag.py:1818} INFO - Sync 1 DAGs
[2021-03-17 16:43:56,383] {logging_mixin.py:104} INFO - [2021-03-17 16:43:56,382] {dag.py:2273} INFO - Setting next_dagrun for example_python_operator to None
[2021-03-17 16:43:56,391] {scheduler_job.py:190} INFO - Processing /Users/prathyusha/Desktop/pranathi/airflow_cnn_pipeline_final/airflow_test_env/lib/python3.7/site-packages/airflow/example_dags/example_python_operator.py took 0.060 seconds
[2021-03-17 16:44:26,830] {scheduler_job.py:182} INFO - Started process (PID=29071) to work on /Users/prathyusha/Desktop/pranathi/airflow_cnn_pipeline_final/airflow_test_env/lib/python3.7/site-packages/airflow/example_dags/example_python_operator.py
[2021-03-17 16:44:26,831] {scheduler_job.py:629} INFO - Processing file /Users/prathyusha/Desktop/pranathi/airflow_cnn_pipeline_final/airflow_test_env/lib/python3.7/site-packages/airflow/example_dags/example_python_operator.py for tasks to queue
[2021-03-17 16:44:26,833] {logging_mixin.py:104} INFO - [2021-03-17 16:44:26,832] {dagbag.py:448} INFO - Filling up the DagBag from /Users/prathyusha/Desktop/pranathi/airflow_cnn_pipeline_final/airflow_test_env/lib/python3.7/site-packages/airflow/example_dags/example_python_operator.py
[2021-03-17 16:44:26,846] {scheduler_job.py:639} INFO - DAG(s) dict_keys(['example_python_operator']) retrieved from /Users/prathyusha/Desktop/pranathi/airflow_cnn_pipeline_final/airflow_test_env/lib/python3.7/site-packages/airflow/example_dags/example_python_operator.py
[2021-03-17 16:44:26,868] {logging_mixin.py:104} INFO - [2021-03-17 16:44:26,867] {dag.py:1818} INFO - Sync 1 DAGs
[2021-03-17 16:44:26,883] {logging_mixin.py:104} INFO - [2021-03-17 16:44:26,883] {dag.py:2273} INFO - Setting next_dagrun for example_python_operator to None
[2021-03-17 16:44:26,894] {scheduler_job.py:190} INFO - Processing /Users/prathyusha/Desktop/pranathi/airflow_cnn_pipeline_final/airflow_test_env/lib/python3.7/site-packages/airflow/example_dags/example_python_operator.py took 0.068 seconds
[2021-03-17 16:44:57,603] {scheduler_job.py:182} INFO - Started process (PID=29104) to work on /Users/prathyusha/Desktop/pranathi/airflow_cnn_pipeline_final/airflow_test_env/lib/python3.7/site-packages/airflow/example_dags/example_python_operator.py
[2021-03-17 16:44:57,605] {scheduler_job.py:629} INFO - Processing file /Users/prathyusha/Desktop/pranathi/airflow_cnn_pipeline_final/airflow_test_env/lib/python3.7/site-packages/airflow/example_dags/example_python_operator.py for tasks to queue
[2021-03-17 16:44:57,606] {logging_mixin.py:104} INFO - [2021-03-17 16:44:57,606] {dagbag.py:448} INFO - Filling up the DagBag from /Users/prathyusha/Desktop/pranathi/airflow_cnn_pipeline_final/airflow_test_env/lib/python3.7/site-packages/airflow/example_dags/example_python_operator.py
[2021-03-17 16:44:57,623] {scheduler_job.py:639} INFO - DAG(s) dict_keys(['example_python_operator']) retrieved from /Users/prathyusha/Desktop/pranathi/airflow_cnn_pipeline_final/airflow_test_env/lib/python3.7/site-packages/airflow/example_dags/example_python_operator.py
[2021-03-17 16:44:57,639] {logging_mixin.py:104} INFO - [2021-03-17 16:44:57,638] {dag.py:1818} INFO - Sync 1 DAGs
[2021-03-17 16:44:57,649] {logging_mixin.py:104} INFO - [2021-03-17 16:44:57,649] {dag.py:2273} INFO - Setting next_dagrun for example_python_operator to None
[2021-03-17 16:44:57,658] {scheduler_job.py:190} INFO - Processing /Users/prathyusha/Desktop/pranathi/airflow_cnn_pipeline_final/airflow_test_env/lib/python3.7/site-packages/airflow/example_dags/example_python_operator.py took 0.060 seconds
[2021-03-17 16:45:28,045] {scheduler_job.py:182} INFO - Started process (PID=29148) to work on /Users/prathyusha/Desktop/pranathi/airflow_cnn_pipeline_final/airflow_test_env/lib/python3.7/site-packages/airflow/example_dags/example_python_operator.py
[2021-03-17 16:45:28,049] {scheduler_job.py:629} INFO - Processing file /Users/prathyusha/Desktop/pranathi/airflow_cnn_pipeline_final/airflow_test_env/lib/python3.7/site-packages/airflow/example_dags/example_python_operator.py for tasks to queue
[2021-03-17 16:45:28,050] {logging_mixin.py:104} INFO - [2021-03-17 16:45:28,050] {dagbag.py:448} INFO - Filling up the DagBag from /Users/prathyusha/Desktop/pranathi/airflow_cnn_pipeline_final/airflow_test_env/lib/python3.7/site-packages/airflow/example_dags/example_python_operator.py
[2021-03-17 16:45:28,066] {scheduler_job.py:639} INFO - DAG(s) dict_keys(['example_python_operator']) retrieved from /Users/prathyusha/Desktop/pranathi/airflow_cnn_pipeline_final/airflow_test_env/lib/python3.7/site-packages/airflow/example_dags/example_python_operator.py
[2021-03-17 16:45:28,087] {logging_mixin.py:104} INFO - [2021-03-17 16:45:28,087] {dag.py:1818} INFO - Sync 1 DAGs
[2021-03-17 16:45:28,100] {logging_mixin.py:104} INFO - [2021-03-17 16:45:28,099] {dag.py:2273} INFO - Setting next_dagrun for example_python_operator to None
[2021-03-17 16:45:28,110] {scheduler_job.py:190} INFO - Processing /Users/prathyusha/Desktop/pranathi/airflow_cnn_pipeline_final/airflow_test_env/lib/python3.7/site-packages/airflow/example_dags/example_python_operator.py took 0.069 seconds
[2021-03-17 16:45:58,921] {scheduler_job.py:182} INFO - Started process (PID=29183) to work on /Users/prathyusha/Desktop/pranathi/airflow_cnn_pipeline_final/airflow_test_env/lib/python3.7/site-packages/airflow/example_dags/example_python_operator.py
[2021-03-17 16:45:58,924] {scheduler_job.py:629} INFO - Processing file /Users/prathyusha/Desktop/pranathi/airflow_cnn_pipeline_final/airflow_test_env/lib/python3.7/site-packages/airflow/example_dags/example_python_operator.py for tasks to queue
[2021-03-17 16:45:58,928] {logging_mixin.py:104} INFO - [2021-03-17 16:45:58,927] {dagbag.py:448} INFO - Filling up the DagBag from /Users/prathyusha/Desktop/pranathi/airflow_cnn_pipeline_final/airflow_test_env/lib/python3.7/site-packages/airflow/example_dags/example_python_operator.py
[2021-03-17 16:45:58,949] {scheduler_job.py:639} INFO - DAG(s) dict_keys(['example_python_operator']) retrieved from /Users/prathyusha/Desktop/pranathi/airflow_cnn_pipeline_final/airflow_test_env/lib/python3.7/site-packages/airflow/example_dags/example_python_operator.py
[2021-03-17 16:45:58,969] {logging_mixin.py:104} INFO - [2021-03-17 16:45:58,968] {dag.py:1818} INFO - Sync 1 DAGs
[2021-03-17 16:45:58,995] {logging_mixin.py:104} INFO - [2021-03-17 16:45:58,994] {dag.py:2273} INFO - Setting next_dagrun for example_python_operator to None
[2021-03-17 16:45:59,015] {scheduler_job.py:190} INFO - Processing /Users/prathyusha/Desktop/pranathi/airflow_cnn_pipeline_final/airflow_test_env/lib/python3.7/site-packages/airflow/example_dags/example_python_operator.py took 0.103 seconds
[2021-03-17 16:46:29,308] {scheduler_job.py:182} INFO - Started process (PID=29294) to work on /Users/prathyusha/Desktop/pranathi/airflow_cnn_pipeline_final/airflow_test_env/lib/python3.7/site-packages/airflow/example_dags/example_python_operator.py
[2021-03-17 16:46:29,311] {scheduler_job.py:629} INFO - Processing file /Users/prathyusha/Desktop/pranathi/airflow_cnn_pipeline_final/airflow_test_env/lib/python3.7/site-packages/airflow/example_dags/example_python_operator.py for tasks to queue
[2021-03-17 16:46:29,313] {logging_mixin.py:104} INFO - [2021-03-17 16:46:29,313] {dagbag.py:448} INFO - Filling up the DagBag from /Users/prathyusha/Desktop/pranathi/airflow_cnn_pipeline_final/airflow_test_env/lib/python3.7/site-packages/airflow/example_dags/example_python_operator.py
[2021-03-17 16:46:29,332] {scheduler_job.py:639} INFO - DAG(s) dict_keys(['example_python_operator']) retrieved from /Users/prathyusha/Desktop/pranathi/airflow_cnn_pipeline_final/airflow_test_env/lib/python3.7/site-packages/airflow/example_dags/example_python_operator.py
[2021-03-17 16:46:29,348] {logging_mixin.py:104} INFO - [2021-03-17 16:46:29,348] {dag.py:1818} INFO - Sync 1 DAGs
[2021-03-17 16:46:29,363] {logging_mixin.py:104} INFO - [2021-03-17 16:46:29,362] {dag.py:2273} INFO - Setting next_dagrun for example_python_operator to None
[2021-03-17 16:46:29,370] {scheduler_job.py:190} INFO - Processing /Users/prathyusha/Desktop/pranathi/airflow_cnn_pipeline_final/airflow_test_env/lib/python3.7/site-packages/airflow/example_dags/example_python_operator.py took 0.071 seconds
[2021-03-17 16:47:00,105] {scheduler_job.py:182} INFO - Started process (PID=29329) to work on /Users/prathyusha/Desktop/pranathi/airflow_cnn_pipeline_final/airflow_test_env/lib/python3.7/site-packages/airflow/example_dags/example_python_operator.py
[2021-03-17 16:47:00,108] {scheduler_job.py:629} INFO - Processing file /Users/prathyusha/Desktop/pranathi/airflow_cnn_pipeline_final/airflow_test_env/lib/python3.7/site-packages/airflow/example_dags/example_python_operator.py for tasks to queue
[2021-03-17 16:47:00,110] {logging_mixin.py:104} INFO - [2021-03-17 16:47:00,109] {dagbag.py:448} INFO - Filling up the DagBag from /Users/prathyusha/Desktop/pranathi/airflow_cnn_pipeline_final/airflow_test_env/lib/python3.7/site-packages/airflow/example_dags/example_python_operator.py
[2021-03-17 16:47:00,133] {scheduler_job.py:639} INFO - DAG(s) dict_keys(['example_python_operator']) retrieved from /Users/prathyusha/Desktop/pranathi/airflow_cnn_pipeline_final/airflow_test_env/lib/python3.7/site-packages/airflow/example_dags/example_python_operator.py
[2021-03-17 16:47:00,157] {logging_mixin.py:104} INFO - [2021-03-17 16:47:00,156] {dag.py:1818} INFO - Sync 1 DAGs
[2021-03-17 16:47:00,176] {logging_mixin.py:104} INFO - [2021-03-17 16:47:00,176] {dag.py:2273} INFO - Setting next_dagrun for example_python_operator to None
[2021-03-17 16:47:00,191] {scheduler_job.py:190} INFO - Processing /Users/prathyusha/Desktop/pranathi/airflow_cnn_pipeline_final/airflow_test_env/lib/python3.7/site-packages/airflow/example_dags/example_python_operator.py took 0.091 seconds
[2021-03-17 16:47:30,758] {scheduler_job.py:182} INFO - Started process (PID=29362) to work on /Users/prathyusha/Desktop/pranathi/airflow_cnn_pipeline_final/airflow_test_env/lib/python3.7/site-packages/airflow/example_dags/example_python_operator.py
[2021-03-17 16:47:30,762] {scheduler_job.py:629} INFO - Processing file /Users/prathyusha/Desktop/pranathi/airflow_cnn_pipeline_final/airflow_test_env/lib/python3.7/site-packages/airflow/example_dags/example_python_operator.py for tasks to queue
[2021-03-17 16:47:30,764] {logging_mixin.py:104} INFO - [2021-03-17 16:47:30,764] {dagbag.py:448} INFO - Filling up the DagBag from /Users/prathyusha/Desktop/pranathi/airflow_cnn_pipeline_final/airflow_test_env/lib/python3.7/site-packages/airflow/example_dags/example_python_operator.py
[2021-03-17 16:47:30,785] {scheduler_job.py:639} INFO - DAG(s) dict_keys(['example_python_operator']) retrieved from /Users/prathyusha/Desktop/pranathi/airflow_cnn_pipeline_final/airflow_test_env/lib/python3.7/site-packages/airflow/example_dags/example_python_operator.py
[2021-03-17 16:47:30,800] {logging_mixin.py:104} INFO - [2021-03-17 16:47:30,800] {dag.py:1818} INFO - Sync 1 DAGs
[2021-03-17 16:47:30,811] {logging_mixin.py:104} INFO - [2021-03-17 16:47:30,811] {dag.py:2273} INFO - Setting next_dagrun for example_python_operator to None
[2021-03-17 16:47:30,819] {scheduler_job.py:190} INFO - Processing /Users/prathyusha/Desktop/pranathi/airflow_cnn_pipeline_final/airflow_test_env/lib/python3.7/site-packages/airflow/example_dags/example_python_operator.py took 0.066 seconds
[2021-03-17 16:48:01,470] {scheduler_job.py:182} INFO - Started process (PID=29393) to work on /Users/prathyusha/Desktop/pranathi/airflow_cnn_pipeline_final/airflow_test_env/lib/python3.7/site-packages/airflow/example_dags/example_python_operator.py
[2021-03-17 16:48:01,474] {scheduler_job.py:629} INFO - Processing file /Users/prathyusha/Desktop/pranathi/airflow_cnn_pipeline_final/airflow_test_env/lib/python3.7/site-packages/airflow/example_dags/example_python_operator.py for tasks to queue
[2021-03-17 16:48:01,475] {logging_mixin.py:104} INFO - [2021-03-17 16:48:01,475] {dagbag.py:448} INFO - Filling up the DagBag from /Users/prathyusha/Desktop/pranathi/airflow_cnn_pipeline_final/airflow_test_env/lib/python3.7/site-packages/airflow/example_dags/example_python_operator.py
[2021-03-17 16:48:01,491] {scheduler_job.py:639} INFO - DAG(s) dict_keys(['example_python_operator']) retrieved from /Users/prathyusha/Desktop/pranathi/airflow_cnn_pipeline_final/airflow_test_env/lib/python3.7/site-packages/airflow/example_dags/example_python_operator.py
[2021-03-17 16:48:01,506] {logging_mixin.py:104} INFO - [2021-03-17 16:48:01,505] {dag.py:1818} INFO - Sync 1 DAGs
[2021-03-17 16:48:01,517] {logging_mixin.py:104} INFO - [2021-03-17 16:48:01,517] {dag.py:2273} INFO - Setting next_dagrun for example_python_operator to None
[2021-03-17 16:48:01,526] {scheduler_job.py:190} INFO - Processing /Users/prathyusha/Desktop/pranathi/airflow_cnn_pipeline_final/airflow_test_env/lib/python3.7/site-packages/airflow/example_dags/example_python_operator.py took 0.060 seconds
[2021-03-17 16:48:32,463] {scheduler_job.py:182} INFO - Started process (PID=29424) to work on /Users/prathyusha/Desktop/pranathi/airflow_cnn_pipeline_final/airflow_test_env/lib/python3.7/site-packages/airflow/example_dags/example_python_operator.py
[2021-03-17 16:48:32,468] {scheduler_job.py:629} INFO - Processing file /Users/prathyusha/Desktop/pranathi/airflow_cnn_pipeline_final/airflow_test_env/lib/python3.7/site-packages/airflow/example_dags/example_python_operator.py for tasks to queue
[2021-03-17 16:48:32,469] {logging_mixin.py:104} INFO - [2021-03-17 16:48:32,469] {dagbag.py:448} INFO - Filling up the DagBag from /Users/prathyusha/Desktop/pranathi/airflow_cnn_pipeline_final/airflow_test_env/lib/python3.7/site-packages/airflow/example_dags/example_python_operator.py
[2021-03-17 16:48:32,484] {scheduler_job.py:639} INFO - DAG(s) dict_keys(['example_python_operator']) retrieved from /Users/prathyusha/Desktop/pranathi/airflow_cnn_pipeline_final/airflow_test_env/lib/python3.7/site-packages/airflow/example_dags/example_python_operator.py
[2021-03-17 16:48:32,501] {logging_mixin.py:104} INFO - [2021-03-17 16:48:32,500] {dag.py:1818} INFO - Sync 1 DAGs
[2021-03-17 16:48:32,514] {logging_mixin.py:104} INFO - [2021-03-17 16:48:32,513] {dag.py:2273} INFO - Setting next_dagrun for example_python_operator to None
[2021-03-17 16:48:32,525] {scheduler_job.py:190} INFO - Processing /Users/prathyusha/Desktop/pranathi/airflow_cnn_pipeline_final/airflow_test_env/lib/python3.7/site-packages/airflow/example_dags/example_python_operator.py took 0.068 seconds
[2021-03-17 16:49:02,961] {scheduler_job.py:182} INFO - Started process (PID=29455) to work on /Users/prathyusha/Desktop/pranathi/airflow_cnn_pipeline_final/airflow_test_env/lib/python3.7/site-packages/airflow/example_dags/example_python_operator.py
[2021-03-17 16:49:02,964] {scheduler_job.py:629} INFO - Processing file /Users/prathyusha/Desktop/pranathi/airflow_cnn_pipeline_final/airflow_test_env/lib/python3.7/site-packages/airflow/example_dags/example_python_operator.py for tasks to queue
[2021-03-17 16:49:02,965] {logging_mixin.py:104} INFO - [2021-03-17 16:49:02,965] {dagbag.py:448} INFO - Filling up the DagBag from /Users/prathyusha/Desktop/pranathi/airflow_cnn_pipeline_final/airflow_test_env/lib/python3.7/site-packages/airflow/example_dags/example_python_operator.py
[2021-03-17 16:49:02,988] {scheduler_job.py:639} INFO - DAG(s) dict_keys(['example_python_operator']) retrieved from /Users/prathyusha/Desktop/pranathi/airflow_cnn_pipeline_final/airflow_test_env/lib/python3.7/site-packages/airflow/example_dags/example_python_operator.py
[2021-03-17 16:49:03,009] {logging_mixin.py:104} INFO - [2021-03-17 16:49:03,008] {dag.py:1818} INFO - Sync 1 DAGs
[2021-03-17 16:49:03,020] {logging_mixin.py:104} INFO - [2021-03-17 16:49:03,020] {dag.py:2273} INFO - Setting next_dagrun for example_python_operator to None
[2021-03-17 16:49:03,029] {scheduler_job.py:190} INFO - Processing /Users/prathyusha/Desktop/pranathi/airflow_cnn_pipeline_final/airflow_test_env/lib/python3.7/site-packages/airflow/example_dags/example_python_operator.py took 0.075 seconds
[2021-03-17 16:49:33,987] {scheduler_job.py:182} INFO - Started process (PID=29487) to work on /Users/prathyusha/Desktop/pranathi/airflow_cnn_pipeline_final/airflow_test_env/lib/python3.7/site-packages/airflow/example_dags/example_python_operator.py
[2021-03-17 16:49:33,991] {scheduler_job.py:629} INFO - Processing file /Users/prathyusha/Desktop/pranathi/airflow_cnn_pipeline_final/airflow_test_env/lib/python3.7/site-packages/airflow/example_dags/example_python_operator.py for tasks to queue
[2021-03-17 16:49:33,993] {logging_mixin.py:104} INFO - [2021-03-17 16:49:33,992] {dagbag.py:448} INFO - Filling up the DagBag from /Users/prathyusha/Desktop/pranathi/airflow_cnn_pipeline_final/airflow_test_env/lib/python3.7/site-packages/airflow/example_dags/example_python_operator.py
[2021-03-17 16:49:34,010] {scheduler_job.py:639} INFO - DAG(s) dict_keys(['example_python_operator']) retrieved from /Users/prathyusha/Desktop/pranathi/airflow_cnn_pipeline_final/airflow_test_env/lib/python3.7/site-packages/airflow/example_dags/example_python_operator.py
[2021-03-17 16:49:34,036] {logging_mixin.py:104} INFO - [2021-03-17 16:49:34,036] {dag.py:1818} INFO - Sync 1 DAGs
[2021-03-17 16:49:34,052] {logging_mixin.py:104} INFO - [2021-03-17 16:49:34,052] {dag.py:2273} INFO - Setting next_dagrun for example_python_operator to None
[2021-03-17 16:49:34,061] {scheduler_job.py:190} INFO - Processing /Users/prathyusha/Desktop/pranathi/airflow_cnn_pipeline_final/airflow_test_env/lib/python3.7/site-packages/airflow/example_dags/example_python_operator.py took 0.079 seconds
[2021-03-17 16:50:04,727] {scheduler_job.py:182} INFO - Started process (PID=29517) to work on /Users/prathyusha/Desktop/pranathi/airflow_cnn_pipeline_final/airflow_test_env/lib/python3.7/site-packages/airflow/example_dags/example_python_operator.py
[2021-03-17 16:50:04,729] {scheduler_job.py:629} INFO - Processing file /Users/prathyusha/Desktop/pranathi/airflow_cnn_pipeline_final/airflow_test_env/lib/python3.7/site-packages/airflow/example_dags/example_python_operator.py for tasks to queue
[2021-03-17 16:50:04,730] {logging_mixin.py:104} INFO - [2021-03-17 16:50:04,730] {dagbag.py:448} INFO - Filling up the DagBag from /Users/prathyusha/Desktop/pranathi/airflow_cnn_pipeline_final/airflow_test_env/lib/python3.7/site-packages/airflow/example_dags/example_python_operator.py
[2021-03-17 16:50:04,752] {scheduler_job.py:639} INFO - DAG(s) dict_keys(['example_python_operator']) retrieved from /Users/prathyusha/Desktop/pranathi/airflow_cnn_pipeline_final/airflow_test_env/lib/python3.7/site-packages/airflow/example_dags/example_python_operator.py
[2021-03-17 16:50:04,770] {logging_mixin.py:104} INFO - [2021-03-17 16:50:04,769] {dag.py:1818} INFO - Sync 1 DAGs
[2021-03-17 16:50:04,783] {logging_mixin.py:104} INFO - [2021-03-17 16:50:04,783] {dag.py:2273} INFO - Setting next_dagrun for example_python_operator to None
[2021-03-17 16:50:04,791] {scheduler_job.py:190} INFO - Processing /Users/prathyusha/Desktop/pranathi/airflow_cnn_pipeline_final/airflow_test_env/lib/python3.7/site-packages/airflow/example_dags/example_python_operator.py took 0.069 seconds
[2021-03-17 16:50:35,756] {scheduler_job.py:182} INFO - Started process (PID=29551) to work on /Users/prathyusha/Desktop/pranathi/airflow_cnn_pipeline_final/airflow_test_env/lib/python3.7/site-packages/airflow/example_dags/example_python_operator.py
[2021-03-17 16:50:35,760] {scheduler_job.py:629} INFO - Processing file /Users/prathyusha/Desktop/pranathi/airflow_cnn_pipeline_final/airflow_test_env/lib/python3.7/site-packages/airflow/example_dags/example_python_operator.py for tasks to queue
[2021-03-17 16:50:35,762] {logging_mixin.py:104} INFO - [2021-03-17 16:50:35,762] {dagbag.py:448} INFO - Filling up the DagBag from /Users/prathyusha/Desktop/pranathi/airflow_cnn_pipeline_final/airflow_test_env/lib/python3.7/site-packages/airflow/example_dags/example_python_operator.py
[2021-03-17 16:50:35,786] {scheduler_job.py:639} INFO - DAG(s) dict_keys(['example_python_operator']) retrieved from /Users/prathyusha/Desktop/pranathi/airflow_cnn_pipeline_final/airflow_test_env/lib/python3.7/site-packages/airflow/example_dags/example_python_operator.py
[2021-03-17 16:50:35,821] {logging_mixin.py:104} INFO - [2021-03-17 16:50:35,820] {dag.py:1818} INFO - Sync 1 DAGs
[2021-03-17 16:50:35,840] {logging_mixin.py:104} INFO - [2021-03-17 16:50:35,839] {dag.py:2273} INFO - Setting next_dagrun for example_python_operator to None
[2021-03-17 16:50:35,855] {scheduler_job.py:190} INFO - Processing /Users/prathyusha/Desktop/pranathi/airflow_cnn_pipeline_final/airflow_test_env/lib/python3.7/site-packages/airflow/example_dags/example_python_operator.py took 0.107 seconds
[2021-03-17 16:51:06,934] {scheduler_job.py:182} INFO - Started process (PID=29580) to work on /Users/prathyusha/Desktop/pranathi/airflow_cnn_pipeline_final/airflow_test_env/lib/python3.7/site-packages/airflow/example_dags/example_python_operator.py
[2021-03-17 16:51:06,938] {scheduler_job.py:629} INFO - Processing file /Users/prathyusha/Desktop/pranathi/airflow_cnn_pipeline_final/airflow_test_env/lib/python3.7/site-packages/airflow/example_dags/example_python_operator.py for tasks to queue
[2021-03-17 16:51:06,943] {logging_mixin.py:104} INFO - [2021-03-17 16:51:06,943] {dagbag.py:448} INFO - Filling up the DagBag from /Users/prathyusha/Desktop/pranathi/airflow_cnn_pipeline_final/airflow_test_env/lib/python3.7/site-packages/airflow/example_dags/example_python_operator.py
[2021-03-17 16:51:06,969] {scheduler_job.py:639} INFO - DAG(s) dict_keys(['example_python_operator']) retrieved from /Users/prathyusha/Desktop/pranathi/airflow_cnn_pipeline_final/airflow_test_env/lib/python3.7/site-packages/airflow/example_dags/example_python_operator.py
[2021-03-17 16:51:07,002] {logging_mixin.py:104} INFO - [2021-03-17 16:51:07,001] {dag.py:1818} INFO - Sync 1 DAGs
[2021-03-17 16:51:07,021] {logging_mixin.py:104} INFO - [2021-03-17 16:51:07,020] {dag.py:2273} INFO - Setting next_dagrun for example_python_operator to None
[2021-03-17 16:51:07,034] {scheduler_job.py:190} INFO - Processing /Users/prathyusha/Desktop/pranathi/airflow_cnn_pipeline_final/airflow_test_env/lib/python3.7/site-packages/airflow/example_dags/example_python_operator.py took 0.106 seconds
[2021-03-17 16:51:37,858] {scheduler_job.py:182} INFO - Started process (PID=29609) to work on /Users/prathyusha/Desktop/pranathi/airflow_cnn_pipeline_final/airflow_test_env/lib/python3.7/site-packages/airflow/example_dags/example_python_operator.py
[2021-03-17 16:51:37,860] {scheduler_job.py:629} INFO - Processing file /Users/prathyusha/Desktop/pranathi/airflow_cnn_pipeline_final/airflow_test_env/lib/python3.7/site-packages/airflow/example_dags/example_python_operator.py for tasks to queue
[2021-03-17 16:51:37,861] {logging_mixin.py:104} INFO - [2021-03-17 16:51:37,861] {dagbag.py:448} INFO - Filling up the DagBag from /Users/prathyusha/Desktop/pranathi/airflow_cnn_pipeline_final/airflow_test_env/lib/python3.7/site-packages/airflow/example_dags/example_python_operator.py
[2021-03-17 16:51:37,885] {scheduler_job.py:639} INFO - DAG(s) dict_keys(['example_python_operator']) retrieved from /Users/prathyusha/Desktop/pranathi/airflow_cnn_pipeline_final/airflow_test_env/lib/python3.7/site-packages/airflow/example_dags/example_python_operator.py
[2021-03-17 16:51:37,903] {logging_mixin.py:104} INFO - [2021-03-17 16:51:37,902] {dag.py:1818} INFO - Sync 1 DAGs
[2021-03-17 16:51:37,918] {logging_mixin.py:104} INFO - [2021-03-17 16:51:37,917] {dag.py:2273} INFO - Setting next_dagrun for example_python_operator to None
[2021-03-17 16:51:37,926] {scheduler_job.py:190} INFO - Processing /Users/prathyusha/Desktop/pranathi/airflow_cnn_pipeline_final/airflow_test_env/lib/python3.7/site-packages/airflow/example_dags/example_python_operator.py took 0.072 seconds
[2021-03-17 16:52:09,111] {scheduler_job.py:182} INFO - Started process (PID=29686) to work on /Users/prathyusha/Desktop/pranathi/airflow_cnn_pipeline_final/airflow_test_env/lib/python3.7/site-packages/airflow/example_dags/example_python_operator.py
[2021-03-17 16:52:09,114] {scheduler_job.py:629} INFO - Processing file /Users/prathyusha/Desktop/pranathi/airflow_cnn_pipeline_final/airflow_test_env/lib/python3.7/site-packages/airflow/example_dags/example_python_operator.py for tasks to queue
[2021-03-17 16:52:09,116] {logging_mixin.py:104} INFO - [2021-03-17 16:52:09,115] {dagbag.py:448} INFO - Filling up the DagBag from /Users/prathyusha/Desktop/pranathi/airflow_cnn_pipeline_final/airflow_test_env/lib/python3.7/site-packages/airflow/example_dags/example_python_operator.py
[2021-03-17 16:52:09,142] {scheduler_job.py:639} INFO - DAG(s) dict_keys(['example_python_operator']) retrieved from /Users/prathyusha/Desktop/pranathi/airflow_cnn_pipeline_final/airflow_test_env/lib/python3.7/site-packages/airflow/example_dags/example_python_operator.py
[2021-03-17 16:52:09,166] {logging_mixin.py:104} INFO - [2021-03-17 16:52:09,165] {dag.py:1818} INFO - Sync 1 DAGs
[2021-03-17 16:52:09,185] {logging_mixin.py:104} INFO - [2021-03-17 16:52:09,185] {dag.py:2273} INFO - Setting next_dagrun for example_python_operator to None
[2021-03-17 16:52:09,196] {scheduler_job.py:190} INFO - Processing /Users/prathyusha/Desktop/pranathi/airflow_cnn_pipeline_final/airflow_test_env/lib/python3.7/site-packages/airflow/example_dags/example_python_operator.py took 0.091 seconds
[2021-03-17 16:52:39,801] {scheduler_job.py:182} INFO - Started process (PID=29784) to work on /Users/prathyusha/Desktop/pranathi/airflow_cnn_pipeline_final/airflow_test_env/lib/python3.7/site-packages/airflow/example_dags/example_python_operator.py
[2021-03-17 16:52:39,804] {scheduler_job.py:629} INFO - Processing file /Users/prathyusha/Desktop/pranathi/airflow_cnn_pipeline_final/airflow_test_env/lib/python3.7/site-packages/airflow/example_dags/example_python_operator.py for tasks to queue
[2021-03-17 16:52:39,805] {logging_mixin.py:104} INFO - [2021-03-17 16:52:39,805] {dagbag.py:448} INFO - Filling up the DagBag from /Users/prathyusha/Desktop/pranathi/airflow_cnn_pipeline_final/airflow_test_env/lib/python3.7/site-packages/airflow/example_dags/example_python_operator.py
[2021-03-17 16:52:39,829] {scheduler_job.py:639} INFO - DAG(s) dict_keys(['example_python_operator']) retrieved from /Users/prathyusha/Desktop/pranathi/airflow_cnn_pipeline_final/airflow_test_env/lib/python3.7/site-packages/airflow/example_dags/example_python_operator.py
[2021-03-17 16:52:39,851] {logging_mixin.py:104} INFO - [2021-03-17 16:52:39,851] {dag.py:1818} INFO - Sync 1 DAGs
[2021-03-17 16:52:39,867] {logging_mixin.py:104} INFO - [2021-03-17 16:52:39,866] {dag.py:2273} INFO - Setting next_dagrun for example_python_operator to None
[2021-03-17 16:52:39,876] {scheduler_job.py:190} INFO - Processing /Users/prathyusha/Desktop/pranathi/airflow_cnn_pipeline_final/airflow_test_env/lib/python3.7/site-packages/airflow/example_dags/example_python_operator.py took 0.080 seconds
[2021-03-17 16:53:11,424] {scheduler_job.py:182} INFO - Started process (PID=29852) to work on /Users/prathyusha/Desktop/pranathi/airflow_cnn_pipeline_final/airflow_test_env/lib/python3.7/site-packages/airflow/example_dags/example_python_operator.py
[2021-03-17 16:53:11,430] {scheduler_job.py:629} INFO - Processing file /Users/prathyusha/Desktop/pranathi/airflow_cnn_pipeline_final/airflow_test_env/lib/python3.7/site-packages/airflow/example_dags/example_python_operator.py for tasks to queue
[2021-03-17 16:53:11,435] {logging_mixin.py:104} INFO - [2021-03-17 16:53:11,432] {dagbag.py:448} INFO - Filling up the DagBag from /Users/prathyusha/Desktop/pranathi/airflow_cnn_pipeline_final/airflow_test_env/lib/python3.7/site-packages/airflow/example_dags/example_python_operator.py
[2021-03-17 16:53:11,502] {scheduler_job.py:639} INFO - DAG(s) dict_keys(['example_python_operator']) retrieved from /Users/prathyusha/Desktop/pranathi/airflow_cnn_pipeline_final/airflow_test_env/lib/python3.7/site-packages/airflow/example_dags/example_python_operator.py
[2021-03-17 16:53:11,587] {logging_mixin.py:104} INFO - [2021-03-17 16:53:11,586] {dag.py:1818} INFO - Sync 1 DAGs
[2021-03-17 16:53:11,610] {logging_mixin.py:104} INFO - [2021-03-17 16:53:11,609] {dag.py:2273} INFO - Setting next_dagrun for example_python_operator to None
[2021-03-17 16:53:11,624] {scheduler_job.py:190} INFO - Processing /Users/prathyusha/Desktop/pranathi/airflow_cnn_pipeline_final/airflow_test_env/lib/python3.7/site-packages/airflow/example_dags/example_python_operator.py took 0.207 seconds
[2021-03-17 16:53:42,288] {scheduler_job.py:182} INFO - Started process (PID=29904) to work on /Users/prathyusha/Desktop/pranathi/airflow_cnn_pipeline_final/airflow_test_env/lib/python3.7/site-packages/airflow/example_dags/example_python_operator.py
[2021-03-17 16:53:42,290] {scheduler_job.py:629} INFO - Processing file /Users/prathyusha/Desktop/pranathi/airflow_cnn_pipeline_final/airflow_test_env/lib/python3.7/site-packages/airflow/example_dags/example_python_operator.py for tasks to queue
[2021-03-17 16:53:42,291] {logging_mixin.py:104} INFO - [2021-03-17 16:53:42,291] {dagbag.py:448} INFO - Filling up the DagBag from /Users/prathyusha/Desktop/pranathi/airflow_cnn_pipeline_final/airflow_test_env/lib/python3.7/site-packages/airflow/example_dags/example_python_operator.py
[2021-03-17 16:53:42,311] {scheduler_job.py:639} INFO - DAG(s) dict_keys(['example_python_operator']) retrieved from /Users/prathyusha/Desktop/pranathi/airflow_cnn_pipeline_final/airflow_test_env/lib/python3.7/site-packages/airflow/example_dags/example_python_operator.py
[2021-03-17 16:53:42,336] {logging_mixin.py:104} INFO - [2021-03-17 16:53:42,335] {dag.py:1818} INFO - Sync 1 DAGs
[2021-03-17 16:53:42,354] {logging_mixin.py:104} INFO - [2021-03-17 16:53:42,353] {dag.py:2273} INFO - Setting next_dagrun for example_python_operator to None
[2021-03-17 16:53:42,365] {scheduler_job.py:190} INFO - Processing /Users/prathyusha/Desktop/pranathi/airflow_cnn_pipeline_final/airflow_test_env/lib/python3.7/site-packages/airflow/example_dags/example_python_operator.py took 0.083 seconds
[2021-03-17 16:54:13,544] {scheduler_job.py:182} INFO - Started process (PID=29942) to work on /Users/prathyusha/Desktop/pranathi/airflow_cnn_pipeline_final/airflow_test_env/lib/python3.7/site-packages/airflow/example_dags/example_python_operator.py
[2021-03-17 16:54:13,548] {scheduler_job.py:629} INFO - Processing file /Users/prathyusha/Desktop/pranathi/airflow_cnn_pipeline_final/airflow_test_env/lib/python3.7/site-packages/airflow/example_dags/example_python_operator.py for tasks to queue
[2021-03-17 16:54:13,550] {logging_mixin.py:104} INFO - [2021-03-17 16:54:13,549] {dagbag.py:448} INFO - Filling up the DagBag from /Users/prathyusha/Desktop/pranathi/airflow_cnn_pipeline_final/airflow_test_env/lib/python3.7/site-packages/airflow/example_dags/example_python_operator.py
[2021-03-17 16:54:13,576] {scheduler_job.py:639} INFO - DAG(s) dict_keys(['example_python_operator']) retrieved from /Users/prathyusha/Desktop/pranathi/airflow_cnn_pipeline_final/airflow_test_env/lib/python3.7/site-packages/airflow/example_dags/example_python_operator.py
[2021-03-17 16:54:13,605] {logging_mixin.py:104} INFO - [2021-03-17 16:54:13,602] {dag.py:1818} INFO - Sync 1 DAGs
[2021-03-17 16:54:13,631] {logging_mixin.py:104} INFO - [2021-03-17 16:54:13,630] {dag.py:2273} INFO - Setting next_dagrun for example_python_operator to None
[2021-03-17 16:54:13,647] {scheduler_job.py:190} INFO - Processing /Users/prathyusha/Desktop/pranathi/airflow_cnn_pipeline_final/airflow_test_env/lib/python3.7/site-packages/airflow/example_dags/example_python_operator.py took 0.109 seconds
[2021-03-17 16:54:44,006] {scheduler_job.py:182} INFO - Started process (PID=29997) to work on /Users/prathyusha/Desktop/pranathi/airflow_cnn_pipeline_final/airflow_test_env/lib/python3.7/site-packages/airflow/example_dags/example_python_operator.py
[2021-03-17 16:54:44,011] {scheduler_job.py:629} INFO - Processing file /Users/prathyusha/Desktop/pranathi/airflow_cnn_pipeline_final/airflow_test_env/lib/python3.7/site-packages/airflow/example_dags/example_python_operator.py for tasks to queue
[2021-03-17 16:54:44,013] {logging_mixin.py:104} INFO - [2021-03-17 16:54:44,013] {dagbag.py:448} INFO - Filling up the DagBag from /Users/prathyusha/Desktop/pranathi/airflow_cnn_pipeline_final/airflow_test_env/lib/python3.7/site-packages/airflow/example_dags/example_python_operator.py
[2021-03-17 16:54:44,034] {scheduler_job.py:639} INFO - DAG(s) dict_keys(['example_python_operator']) retrieved from /Users/prathyusha/Desktop/pranathi/airflow_cnn_pipeline_final/airflow_test_env/lib/python3.7/site-packages/airflow/example_dags/example_python_operator.py
[2021-03-17 16:54:44,050] {logging_mixin.py:104} INFO - [2021-03-17 16:54:44,050] {dag.py:1818} INFO - Sync 1 DAGs
[2021-03-17 16:54:44,063] {logging_mixin.py:104} INFO - [2021-03-17 16:54:44,062] {dag.py:2273} INFO - Setting next_dagrun for example_python_operator to None
[2021-03-17 16:54:44,075] {scheduler_job.py:190} INFO - Processing /Users/prathyusha/Desktop/pranathi/airflow_cnn_pipeline_final/airflow_test_env/lib/python3.7/site-packages/airflow/example_dags/example_python_operator.py took 0.074 seconds
[2021-03-17 16:55:14,172] {scheduler_job.py:182} INFO - Started process (PID=30030) to work on /Users/prathyusha/Desktop/pranathi/airflow_cnn_pipeline_final/airflow_test_env/lib/python3.7/site-packages/airflow/example_dags/example_python_operator.py
[2021-03-17 16:55:14,175] {scheduler_job.py:629} INFO - Processing file /Users/prathyusha/Desktop/pranathi/airflow_cnn_pipeline_final/airflow_test_env/lib/python3.7/site-packages/airflow/example_dags/example_python_operator.py for tasks to queue
[2021-03-17 16:55:14,177] {logging_mixin.py:104} INFO - [2021-03-17 16:55:14,176] {dagbag.py:448} INFO - Filling up the DagBag from /Users/prathyusha/Desktop/pranathi/airflow_cnn_pipeline_final/airflow_test_env/lib/python3.7/site-packages/airflow/example_dags/example_python_operator.py
[2021-03-17 16:55:14,202] {scheduler_job.py:639} INFO - DAG(s) dict_keys(['example_python_operator']) retrieved from /Users/prathyusha/Desktop/pranathi/airflow_cnn_pipeline_final/airflow_test_env/lib/python3.7/site-packages/airflow/example_dags/example_python_operator.py
[2021-03-17 16:55:14,236] {logging_mixin.py:104} INFO - [2021-03-17 16:55:14,234] {dag.py:1818} INFO - Sync 1 DAGs
[2021-03-17 16:55:14,259] {logging_mixin.py:104} INFO - [2021-03-17 16:55:14,259] {dag.py:2273} INFO - Setting next_dagrun for example_python_operator to None
[2021-03-17 16:55:14,275] {scheduler_job.py:190} INFO - Processing /Users/prathyusha/Desktop/pranathi/airflow_cnn_pipeline_final/airflow_test_env/lib/python3.7/site-packages/airflow/example_dags/example_python_operator.py took 0.108 seconds
[2021-03-17 16:55:44,586] {scheduler_job.py:182} INFO - Started process (PID=30078) to work on /Users/prathyusha/Desktop/pranathi/airflow_cnn_pipeline_final/airflow_test_env/lib/python3.7/site-packages/airflow/example_dags/example_python_operator.py
[2021-03-17 16:55:44,589] {scheduler_job.py:629} INFO - Processing file /Users/prathyusha/Desktop/pranathi/airflow_cnn_pipeline_final/airflow_test_env/lib/python3.7/site-packages/airflow/example_dags/example_python_operator.py for tasks to queue
[2021-03-17 16:55:44,592] {logging_mixin.py:104} INFO - [2021-03-17 16:55:44,591] {dagbag.py:448} INFO - Filling up the DagBag from /Users/prathyusha/Desktop/pranathi/airflow_cnn_pipeline_final/airflow_test_env/lib/python3.7/site-packages/airflow/example_dags/example_python_operator.py
[2021-03-17 16:55:44,615] {scheduler_job.py:639} INFO - DAG(s) dict_keys(['example_python_operator']) retrieved from /Users/prathyusha/Desktop/pranathi/airflow_cnn_pipeline_final/airflow_test_env/lib/python3.7/site-packages/airflow/example_dags/example_python_operator.py
[2021-03-17 16:55:44,634] {logging_mixin.py:104} INFO - [2021-03-17 16:55:44,634] {dag.py:1818} INFO - Sync 1 DAGs
[2021-03-17 16:55:44,654] {logging_mixin.py:104} INFO - [2021-03-17 16:55:44,653] {dag.py:2273} INFO - Setting next_dagrun for example_python_operator to None
[2021-03-17 16:55:44,665] {scheduler_job.py:190} INFO - Processing /Users/prathyusha/Desktop/pranathi/airflow_cnn_pipeline_final/airflow_test_env/lib/python3.7/site-packages/airflow/example_dags/example_python_operator.py took 0.085 seconds
[2021-03-17 16:56:15,967] {scheduler_job.py:182} INFO - Started process (PID=30111) to work on /Users/prathyusha/Desktop/pranathi/airflow_cnn_pipeline_final/airflow_test_env/lib/python3.7/site-packages/airflow/example_dags/example_python_operator.py
[2021-03-17 16:56:15,971] {scheduler_job.py:629} INFO - Processing file /Users/prathyusha/Desktop/pranathi/airflow_cnn_pipeline_final/airflow_test_env/lib/python3.7/site-packages/airflow/example_dags/example_python_operator.py for tasks to queue
[2021-03-17 16:56:15,974] {logging_mixin.py:104} INFO - [2021-03-17 16:56:15,973] {dagbag.py:448} INFO - Filling up the DagBag from /Users/prathyusha/Desktop/pranathi/airflow_cnn_pipeline_final/airflow_test_env/lib/python3.7/site-packages/airflow/example_dags/example_python_operator.py
[2021-03-17 16:56:16,003] {scheduler_job.py:639} INFO - DAG(s) dict_keys(['example_python_operator']) retrieved from /Users/prathyusha/Desktop/pranathi/airflow_cnn_pipeline_final/airflow_test_env/lib/python3.7/site-packages/airflow/example_dags/example_python_operator.py
[2021-03-17 16:56:16,025] {logging_mixin.py:104} INFO - [2021-03-17 16:56:16,025] {dag.py:1818} INFO - Sync 1 DAGs
[2021-03-17 16:56:16,050] {logging_mixin.py:104} INFO - [2021-03-17 16:56:16,049] {dag.py:2273} INFO - Setting next_dagrun for example_python_operator to None
[2021-03-17 16:56:16,064] {scheduler_job.py:190} INFO - Processing /Users/prathyusha/Desktop/pranathi/airflow_cnn_pipeline_final/airflow_test_env/lib/python3.7/site-packages/airflow/example_dags/example_python_operator.py took 0.105 seconds
[2021-03-17 16:56:48,990] {scheduler_job.py:182} INFO - Started process (PID=30149) to work on /Users/prathyusha/Desktop/pranathi/airflow_cnn_pipeline_final/airflow_test_env/lib/python3.7/site-packages/airflow/example_dags/example_python_operator.py
[2021-03-17 16:56:48,993] {scheduler_job.py:629} INFO - Processing file /Users/prathyusha/Desktop/pranathi/airflow_cnn_pipeline_final/airflow_test_env/lib/python3.7/site-packages/airflow/example_dags/example_python_operator.py for tasks to queue
[2021-03-17 16:56:48,995] {logging_mixin.py:104} INFO - [2021-03-17 16:56:48,995] {dagbag.py:448} INFO - Filling up the DagBag from /Users/prathyusha/Desktop/pranathi/airflow_cnn_pipeline_final/airflow_test_env/lib/python3.7/site-packages/airflow/example_dags/example_python_operator.py
[2021-03-17 16:56:49,010] {scheduler_job.py:639} INFO - DAG(s) dict_keys(['example_python_operator']) retrieved from /Users/prathyusha/Desktop/pranathi/airflow_cnn_pipeline_final/airflow_test_env/lib/python3.7/site-packages/airflow/example_dags/example_python_operator.py
[2021-03-17 16:56:49,029] {logging_mixin.py:104} INFO - [2021-03-17 16:56:49,028] {dag.py:1818} INFO - Sync 1 DAGs
[2021-03-17 16:56:49,043] {logging_mixin.py:104} INFO - [2021-03-17 16:56:49,043] {dag.py:2273} INFO - Setting next_dagrun for example_python_operator to None
[2021-03-17 16:56:49,060] {scheduler_job.py:190} INFO - Processing /Users/prathyusha/Desktop/pranathi/airflow_cnn_pipeline_final/airflow_test_env/lib/python3.7/site-packages/airflow/example_dags/example_python_operator.py took 0.075 seconds
[2021-03-17 16:57:19,877] {scheduler_job.py:182} INFO - Started process (PID=30178) to work on /Users/prathyusha/Desktop/pranathi/airflow_cnn_pipeline_final/airflow_test_env/lib/python3.7/site-packages/airflow/example_dags/example_python_operator.py
[2021-03-17 16:57:19,893] {scheduler_job.py:629} INFO - Processing file /Users/prathyusha/Desktop/pranathi/airflow_cnn_pipeline_final/airflow_test_env/lib/python3.7/site-packages/airflow/example_dags/example_python_operator.py for tasks to queue
[2021-03-17 16:57:19,895] {logging_mixin.py:104} INFO - [2021-03-17 16:57:19,895] {dagbag.py:448} INFO - Filling up the DagBag from /Users/prathyusha/Desktop/pranathi/airflow_cnn_pipeline_final/airflow_test_env/lib/python3.7/site-packages/airflow/example_dags/example_python_operator.py
[2021-03-17 16:57:19,948] {scheduler_job.py:639} INFO - DAG(s) dict_keys(['example_python_operator']) retrieved from /Users/prathyusha/Desktop/pranathi/airflow_cnn_pipeline_final/airflow_test_env/lib/python3.7/site-packages/airflow/example_dags/example_python_operator.py
[2021-03-17 16:57:20,115] {logging_mixin.py:104} INFO - [2021-03-17 16:57:20,114] {dag.py:1818} INFO - Sync 1 DAGs
[2021-03-17 16:57:20,163] {logging_mixin.py:104} INFO - [2021-03-17 16:57:20,159] {dag.py:2273} INFO - Setting next_dagrun for example_python_operator to None
[2021-03-17 16:57:20,214] {scheduler_job.py:190} INFO - Processing /Users/prathyusha/Desktop/pranathi/airflow_cnn_pipeline_final/airflow_test_env/lib/python3.7/site-packages/airflow/example_dags/example_python_operator.py took 0.369 seconds
[2021-03-17 16:57:52,707] {scheduler_job.py:182} INFO - Started process (PID=30225) to work on /Users/prathyusha/Desktop/pranathi/airflow_cnn_pipeline_final/airflow_test_env/lib/python3.7/site-packages/airflow/example_dags/example_python_operator.py
[2021-03-17 16:57:52,713] {scheduler_job.py:629} INFO - Processing file /Users/prathyusha/Desktop/pranathi/airflow_cnn_pipeline_final/airflow_test_env/lib/python3.7/site-packages/airflow/example_dags/example_python_operator.py for tasks to queue
[2021-03-17 16:57:52,716] {logging_mixin.py:104} INFO - [2021-03-17 16:57:52,714] {dagbag.py:448} INFO - Filling up the DagBag from /Users/prathyusha/Desktop/pranathi/airflow_cnn_pipeline_final/airflow_test_env/lib/python3.7/site-packages/airflow/example_dags/example_python_operator.py
[2021-03-17 16:57:52,743] {scheduler_job.py:639} INFO - DAG(s) dict_keys(['example_python_operator']) retrieved from /Users/prathyusha/Desktop/pranathi/airflow_cnn_pipeline_final/airflow_test_env/lib/python3.7/site-packages/airflow/example_dags/example_python_operator.py
[2021-03-17 16:57:52,780] {logging_mixin.py:104} INFO - [2021-03-17 16:57:52,779] {dag.py:1818} INFO - Sync 1 DAGs
[2021-03-17 16:57:52,808] {logging_mixin.py:104} INFO - [2021-03-17 16:57:52,807] {dag.py:2273} INFO - Setting next_dagrun for example_python_operator to None
[2021-03-17 16:57:52,825] {scheduler_job.py:190} INFO - Processing /Users/prathyusha/Desktop/pranathi/airflow_cnn_pipeline_final/airflow_test_env/lib/python3.7/site-packages/airflow/example_dags/example_python_operator.py took 0.124 seconds
[2021-03-17 16:58:29,177] {scheduler_job.py:182} INFO - Started process (PID=30277) to work on /Users/prathyusha/Desktop/pranathi/airflow_cnn_pipeline_final/airflow_test_env/lib/python3.7/site-packages/airflow/example_dags/example_python_operator.py
[2021-03-17 16:58:29,180] {scheduler_job.py:629} INFO - Processing file /Users/prathyusha/Desktop/pranathi/airflow_cnn_pipeline_final/airflow_test_env/lib/python3.7/site-packages/airflow/example_dags/example_python_operator.py for tasks to queue
[2021-03-17 16:58:29,186] {logging_mixin.py:104} INFO - [2021-03-17 16:58:29,182] {dagbag.py:448} INFO - Filling up the DagBag from /Users/prathyusha/Desktop/pranathi/airflow_cnn_pipeline_final/airflow_test_env/lib/python3.7/site-packages/airflow/example_dags/example_python_operator.py
[2021-03-17 16:58:29,235] {scheduler_job.py:639} INFO - DAG(s) dict_keys(['example_python_operator']) retrieved from /Users/prathyusha/Desktop/pranathi/airflow_cnn_pipeline_final/airflow_test_env/lib/python3.7/site-packages/airflow/example_dags/example_python_operator.py
[2021-03-17 16:58:29,292] {logging_mixin.py:104} INFO - [2021-03-17 16:58:29,289] {dag.py:1818} INFO - Sync 1 DAGs
[2021-03-17 16:58:29,343] {logging_mixin.py:104} INFO - [2021-03-17 16:58:29,342] {dag.py:2273} INFO - Setting next_dagrun for example_python_operator to None
[2021-03-17 16:58:29,375] {scheduler_job.py:190} INFO - Processing /Users/prathyusha/Desktop/pranathi/airflow_cnn_pipeline_final/airflow_test_env/lib/python3.7/site-packages/airflow/example_dags/example_python_operator.py took 0.216 seconds
[2021-03-17 16:59:01,987] {scheduler_job.py:182} INFO - Started process (PID=30329) to work on /Users/prathyusha/Desktop/pranathi/airflow_cnn_pipeline_final/airflow_test_env/lib/python3.7/site-packages/airflow/example_dags/example_python_operator.py
[2021-03-17 16:59:01,990] {scheduler_job.py:629} INFO - Processing file /Users/prathyusha/Desktop/pranathi/airflow_cnn_pipeline_final/airflow_test_env/lib/python3.7/site-packages/airflow/example_dags/example_python_operator.py for tasks to queue
[2021-03-17 16:59:01,993] {logging_mixin.py:104} INFO - [2021-03-17 16:59:01,992] {dagbag.py:448} INFO - Filling up the DagBag from /Users/prathyusha/Desktop/pranathi/airflow_cnn_pipeline_final/airflow_test_env/lib/python3.7/site-packages/airflow/example_dags/example_python_operator.py
[2021-03-17 16:59:02,011] {scheduler_job.py:639} INFO - DAG(s) dict_keys(['example_python_operator']) retrieved from /Users/prathyusha/Desktop/pranathi/airflow_cnn_pipeline_final/airflow_test_env/lib/python3.7/site-packages/airflow/example_dags/example_python_operator.py
[2021-03-17 16:59:02,033] {logging_mixin.py:104} INFO - [2021-03-17 16:59:02,032] {dag.py:1818} INFO - Sync 1 DAGs
[2021-03-17 16:59:02,223] {logging_mixin.py:104} INFO - [2021-03-17 16:59:02,219] {dag.py:2273} INFO - Setting next_dagrun for example_python_operator to None
[2021-03-17 16:59:02,332] {scheduler_job.py:190} INFO - Processing /Users/prathyusha/Desktop/pranathi/airflow_cnn_pipeline_final/airflow_test_env/lib/python3.7/site-packages/airflow/example_dags/example_python_operator.py took 0.349 seconds
[2021-03-17 16:59:32,862] {scheduler_job.py:182} INFO - Started process (PID=30379) to work on /Users/prathyusha/Desktop/pranathi/airflow_cnn_pipeline_final/airflow_test_env/lib/python3.7/site-packages/airflow/example_dags/example_python_operator.py
[2021-03-17 16:59:32,864] {scheduler_job.py:629} INFO - Processing file /Users/prathyusha/Desktop/pranathi/airflow_cnn_pipeline_final/airflow_test_env/lib/python3.7/site-packages/airflow/example_dags/example_python_operator.py for tasks to queue
[2021-03-17 16:59:32,866] {logging_mixin.py:104} INFO - [2021-03-17 16:59:32,866] {dagbag.py:448} INFO - Filling up the DagBag from /Users/prathyusha/Desktop/pranathi/airflow_cnn_pipeline_final/airflow_test_env/lib/python3.7/site-packages/airflow/example_dags/example_python_operator.py
[2021-03-17 16:59:32,887] {scheduler_job.py:639} INFO - DAG(s) dict_keys(['example_python_operator']) retrieved from /Users/prathyusha/Desktop/pranathi/airflow_cnn_pipeline_final/airflow_test_env/lib/python3.7/site-packages/airflow/example_dags/example_python_operator.py
[2021-03-17 16:59:32,907] {logging_mixin.py:104} INFO - [2021-03-17 16:59:32,906] {dag.py:1818} INFO - Sync 1 DAGs
[2021-03-17 16:59:32,922] {logging_mixin.py:104} INFO - [2021-03-17 16:59:32,922] {dag.py:2273} INFO - Setting next_dagrun for example_python_operator to None
[2021-03-17 16:59:32,937] {scheduler_job.py:190} INFO - Processing /Users/prathyusha/Desktop/pranathi/airflow_cnn_pipeline_final/airflow_test_env/lib/python3.7/site-packages/airflow/example_dags/example_python_operator.py took 0.079 seconds
