[2021-03-17 16:32:27,416] {scheduler_job.py:182} INFO - Started process (PID=28226) to work on /Users/prathyusha/Desktop/pranathi/airflow_cnn_pipeline_final/airflow_test_env/lib/python3.7/site-packages/airflow/example_dags/example_trigger_controller_dag.py
[2021-03-17 16:32:27,418] {scheduler_job.py:629} INFO - Processing file /Users/prathyusha/Desktop/pranathi/airflow_cnn_pipeline_final/airflow_test_env/lib/python3.7/site-packages/airflow/example_dags/example_trigger_controller_dag.py for tasks to queue
[2021-03-17 16:32:27,419] {logging_mixin.py:104} INFO - [2021-03-17 16:32:27,419] {dagbag.py:448} INFO - Filling up the DagBag from /Users/prathyusha/Desktop/pranathi/airflow_cnn_pipeline_final/airflow_test_env/lib/python3.7/site-packages/airflow/example_dags/example_trigger_controller_dag.py
[2021-03-17 16:32:27,435] {scheduler_job.py:639} INFO - DAG(s) dict_keys(['example_trigger_controller_dag']) retrieved from /Users/prathyusha/Desktop/pranathi/airflow_cnn_pipeline_final/airflow_test_env/lib/python3.7/site-packages/airflow/example_dags/example_trigger_controller_dag.py
[2021-03-17 16:32:27,455] {logging_mixin.py:104} INFO - [2021-03-17 16:32:27,455] {dag.py:1818} INFO - Sync 1 DAGs
[2021-03-17 16:32:27,469] {logging_mixin.py:104} INFO - [2021-03-17 16:32:27,468] {dag.py:2273} INFO - Setting next_dagrun for example_trigger_controller_dag to 2021-03-15 00:00:00+00:00
[2021-03-17 16:32:27,478] {scheduler_job.py:190} INFO - Processing /Users/prathyusha/Desktop/pranathi/airflow_cnn_pipeline_final/airflow_test_env/lib/python3.7/site-packages/airflow/example_dags/example_trigger_controller_dag.py took 0.066 seconds
[2021-03-17 16:32:57,775] {scheduler_job.py:182} INFO - Started process (PID=28275) to work on /Users/prathyusha/Desktop/pranathi/airflow_cnn_pipeline_final/airflow_test_env/lib/python3.7/site-packages/airflow/example_dags/example_trigger_controller_dag.py
[2021-03-17 16:32:57,779] {scheduler_job.py:629} INFO - Processing file /Users/prathyusha/Desktop/pranathi/airflow_cnn_pipeline_final/airflow_test_env/lib/python3.7/site-packages/airflow/example_dags/example_trigger_controller_dag.py for tasks to queue
[2021-03-17 16:32:57,780] {logging_mixin.py:104} INFO - [2021-03-17 16:32:57,780] {dagbag.py:448} INFO - Filling up the DagBag from /Users/prathyusha/Desktop/pranathi/airflow_cnn_pipeline_final/airflow_test_env/lib/python3.7/site-packages/airflow/example_dags/example_trigger_controller_dag.py
[2021-03-17 16:32:57,793] {scheduler_job.py:639} INFO - DAG(s) dict_keys(['example_trigger_controller_dag']) retrieved from /Users/prathyusha/Desktop/pranathi/airflow_cnn_pipeline_final/airflow_test_env/lib/python3.7/site-packages/airflow/example_dags/example_trigger_controller_dag.py
[2021-03-17 16:32:57,808] {logging_mixin.py:104} INFO - [2021-03-17 16:32:57,808] {dag.py:1818} INFO - Sync 1 DAGs
[2021-03-17 16:32:57,819] {logging_mixin.py:104} INFO - [2021-03-17 16:32:57,819] {dag.py:2273} INFO - Setting next_dagrun for example_trigger_controller_dag to 2021-03-15 00:00:00+00:00
[2021-03-17 16:32:57,827] {scheduler_job.py:190} INFO - Processing /Users/prathyusha/Desktop/pranathi/airflow_cnn_pipeline_final/airflow_test_env/lib/python3.7/site-packages/airflow/example_dags/example_trigger_controller_dag.py took 0.056 seconds
[2021-03-17 16:33:29,139] {scheduler_job.py:182} INFO - Started process (PID=28304) to work on /Users/prathyusha/Desktop/pranathi/airflow_cnn_pipeline_final/airflow_test_env/lib/python3.7/site-packages/airflow/example_dags/example_trigger_controller_dag.py
[2021-03-17 16:33:29,141] {scheduler_job.py:629} INFO - Processing file /Users/prathyusha/Desktop/pranathi/airflow_cnn_pipeline_final/airflow_test_env/lib/python3.7/site-packages/airflow/example_dags/example_trigger_controller_dag.py for tasks to queue
[2021-03-17 16:33:29,142] {logging_mixin.py:104} INFO - [2021-03-17 16:33:29,142] {dagbag.py:448} INFO - Filling up the DagBag from /Users/prathyusha/Desktop/pranathi/airflow_cnn_pipeline_final/airflow_test_env/lib/python3.7/site-packages/airflow/example_dags/example_trigger_controller_dag.py
[2021-03-17 16:33:29,154] {scheduler_job.py:639} INFO - DAG(s) dict_keys(['example_trigger_controller_dag']) retrieved from /Users/prathyusha/Desktop/pranathi/airflow_cnn_pipeline_final/airflow_test_env/lib/python3.7/site-packages/airflow/example_dags/example_trigger_controller_dag.py
[2021-03-17 16:33:29,169] {logging_mixin.py:104} INFO - [2021-03-17 16:33:29,168] {dag.py:1818} INFO - Sync 1 DAGs
[2021-03-17 16:33:29,186] {logging_mixin.py:104} INFO - [2021-03-17 16:33:29,186] {dag.py:2273} INFO - Setting next_dagrun for example_trigger_controller_dag to 2021-03-15 00:00:00+00:00
[2021-03-17 16:33:29,205] {scheduler_job.py:190} INFO - Processing /Users/prathyusha/Desktop/pranathi/airflow_cnn_pipeline_final/airflow_test_env/lib/python3.7/site-packages/airflow/example_dags/example_trigger_controller_dag.py took 0.070 seconds
[2021-03-17 16:33:59,331] {scheduler_job.py:182} INFO - Started process (PID=28339) to work on /Users/prathyusha/Desktop/pranathi/airflow_cnn_pipeline_final/airflow_test_env/lib/python3.7/site-packages/airflow/example_dags/example_trigger_controller_dag.py
[2021-03-17 16:33:59,334] {scheduler_job.py:629} INFO - Processing file /Users/prathyusha/Desktop/pranathi/airflow_cnn_pipeline_final/airflow_test_env/lib/python3.7/site-packages/airflow/example_dags/example_trigger_controller_dag.py for tasks to queue
[2021-03-17 16:33:59,336] {logging_mixin.py:104} INFO - [2021-03-17 16:33:59,335] {dagbag.py:448} INFO - Filling up the DagBag from /Users/prathyusha/Desktop/pranathi/airflow_cnn_pipeline_final/airflow_test_env/lib/python3.7/site-packages/airflow/example_dags/example_trigger_controller_dag.py
[2021-03-17 16:33:59,354] {scheduler_job.py:639} INFO - DAG(s) dict_keys(['example_trigger_controller_dag']) retrieved from /Users/prathyusha/Desktop/pranathi/airflow_cnn_pipeline_final/airflow_test_env/lib/python3.7/site-packages/airflow/example_dags/example_trigger_controller_dag.py
[2021-03-17 16:33:59,367] {logging_mixin.py:104} INFO - [2021-03-17 16:33:59,367] {dag.py:1818} INFO - Sync 1 DAGs
[2021-03-17 16:33:59,377] {logging_mixin.py:104} INFO - [2021-03-17 16:33:59,377] {dag.py:2273} INFO - Setting next_dagrun for example_trigger_controller_dag to 2021-03-15 00:00:00+00:00
[2021-03-17 16:33:59,385] {scheduler_job.py:190} INFO - Processing /Users/prathyusha/Desktop/pranathi/airflow_cnn_pipeline_final/airflow_test_env/lib/python3.7/site-packages/airflow/example_dags/example_trigger_controller_dag.py took 0.057 seconds
[2021-03-17 16:34:30,671] {scheduler_job.py:182} INFO - Started process (PID=28368) to work on /Users/prathyusha/Desktop/pranathi/airflow_cnn_pipeline_final/airflow_test_env/lib/python3.7/site-packages/airflow/example_dags/example_trigger_controller_dag.py
[2021-03-17 16:34:30,673] {scheduler_job.py:629} INFO - Processing file /Users/prathyusha/Desktop/pranathi/airflow_cnn_pipeline_final/airflow_test_env/lib/python3.7/site-packages/airflow/example_dags/example_trigger_controller_dag.py for tasks to queue
[2021-03-17 16:34:30,675] {logging_mixin.py:104} INFO - [2021-03-17 16:34:30,675] {dagbag.py:448} INFO - Filling up the DagBag from /Users/prathyusha/Desktop/pranathi/airflow_cnn_pipeline_final/airflow_test_env/lib/python3.7/site-packages/airflow/example_dags/example_trigger_controller_dag.py
[2021-03-17 16:34:30,688] {scheduler_job.py:639} INFO - DAG(s) dict_keys(['example_trigger_controller_dag']) retrieved from /Users/prathyusha/Desktop/pranathi/airflow_cnn_pipeline_final/airflow_test_env/lib/python3.7/site-packages/airflow/example_dags/example_trigger_controller_dag.py
[2021-03-17 16:34:30,702] {logging_mixin.py:104} INFO - [2021-03-17 16:34:30,702] {dag.py:1818} INFO - Sync 1 DAGs
[2021-03-17 16:34:30,713] {logging_mixin.py:104} INFO - [2021-03-17 16:34:30,713] {dag.py:2273} INFO - Setting next_dagrun for example_trigger_controller_dag to 2021-03-15 00:00:00+00:00
[2021-03-17 16:34:30,720] {scheduler_job.py:190} INFO - Processing /Users/prathyusha/Desktop/pranathi/airflow_cnn_pipeline_final/airflow_test_env/lib/python3.7/site-packages/airflow/example_dags/example_trigger_controller_dag.py took 0.053 seconds
[2021-03-17 16:35:00,871] {scheduler_job.py:182} INFO - Started process (PID=28400) to work on /Users/prathyusha/Desktop/pranathi/airflow_cnn_pipeline_final/airflow_test_env/lib/python3.7/site-packages/airflow/example_dags/example_trigger_controller_dag.py
[2021-03-17 16:35:00,873] {scheduler_job.py:629} INFO - Processing file /Users/prathyusha/Desktop/pranathi/airflow_cnn_pipeline_final/airflow_test_env/lib/python3.7/site-packages/airflow/example_dags/example_trigger_controller_dag.py for tasks to queue
[2021-03-17 16:35:00,874] {logging_mixin.py:104} INFO - [2021-03-17 16:35:00,874] {dagbag.py:448} INFO - Filling up the DagBag from /Users/prathyusha/Desktop/pranathi/airflow_cnn_pipeline_final/airflow_test_env/lib/python3.7/site-packages/airflow/example_dags/example_trigger_controller_dag.py
[2021-03-17 16:35:00,886] {scheduler_job.py:639} INFO - DAG(s) dict_keys(['example_trigger_controller_dag']) retrieved from /Users/prathyusha/Desktop/pranathi/airflow_cnn_pipeline_final/airflow_test_env/lib/python3.7/site-packages/airflow/example_dags/example_trigger_controller_dag.py
[2021-03-17 16:35:00,900] {logging_mixin.py:104} INFO - [2021-03-17 16:35:00,900] {dag.py:1818} INFO - Sync 1 DAGs
[2021-03-17 16:35:00,910] {logging_mixin.py:104} INFO - [2021-03-17 16:35:00,910] {dag.py:2273} INFO - Setting next_dagrun for example_trigger_controller_dag to 2021-03-15 00:00:00+00:00
[2021-03-17 16:35:00,917] {scheduler_job.py:190} INFO - Processing /Users/prathyusha/Desktop/pranathi/airflow_cnn_pipeline_final/airflow_test_env/lib/python3.7/site-packages/airflow/example_dags/example_trigger_controller_dag.py took 0.050 seconds
[2021-03-17 16:35:32,211] {scheduler_job.py:182} INFO - Started process (PID=28434) to work on /Users/prathyusha/Desktop/pranathi/airflow_cnn_pipeline_final/airflow_test_env/lib/python3.7/site-packages/airflow/example_dags/example_trigger_controller_dag.py
[2021-03-17 16:35:32,213] {scheduler_job.py:629} INFO - Processing file /Users/prathyusha/Desktop/pranathi/airflow_cnn_pipeline_final/airflow_test_env/lib/python3.7/site-packages/airflow/example_dags/example_trigger_controller_dag.py for tasks to queue
[2021-03-17 16:35:32,215] {logging_mixin.py:104} INFO - [2021-03-17 16:35:32,214] {dagbag.py:448} INFO - Filling up the DagBag from /Users/prathyusha/Desktop/pranathi/airflow_cnn_pipeline_final/airflow_test_env/lib/python3.7/site-packages/airflow/example_dags/example_trigger_controller_dag.py
[2021-03-17 16:35:32,233] {scheduler_job.py:639} INFO - DAG(s) dict_keys(['example_trigger_controller_dag']) retrieved from /Users/prathyusha/Desktop/pranathi/airflow_cnn_pipeline_final/airflow_test_env/lib/python3.7/site-packages/airflow/example_dags/example_trigger_controller_dag.py
[2021-03-17 16:35:32,252] {logging_mixin.py:104} INFO - [2021-03-17 16:35:32,251] {dag.py:1818} INFO - Sync 1 DAGs
[2021-03-17 16:35:32,272] {logging_mixin.py:104} INFO - [2021-03-17 16:35:32,272] {dag.py:2273} INFO - Setting next_dagrun for example_trigger_controller_dag to 2021-03-15 00:00:00+00:00
[2021-03-17 16:35:32,308] {scheduler_job.py:190} INFO - Processing /Users/prathyusha/Desktop/pranathi/airflow_cnn_pipeline_final/airflow_test_env/lib/python3.7/site-packages/airflow/example_dags/example_trigger_controller_dag.py took 0.102 seconds
[2021-03-17 16:36:02,509] {scheduler_job.py:182} INFO - Started process (PID=28476) to work on /Users/prathyusha/Desktop/pranathi/airflow_cnn_pipeline_final/airflow_test_env/lib/python3.7/site-packages/airflow/example_dags/example_trigger_controller_dag.py
[2021-03-17 16:36:02,511] {scheduler_job.py:629} INFO - Processing file /Users/prathyusha/Desktop/pranathi/airflow_cnn_pipeline_final/airflow_test_env/lib/python3.7/site-packages/airflow/example_dags/example_trigger_controller_dag.py for tasks to queue
[2021-03-17 16:36:02,512] {logging_mixin.py:104} INFO - [2021-03-17 16:36:02,512] {dagbag.py:448} INFO - Filling up the DagBag from /Users/prathyusha/Desktop/pranathi/airflow_cnn_pipeline_final/airflow_test_env/lib/python3.7/site-packages/airflow/example_dags/example_trigger_controller_dag.py
[2021-03-17 16:36:02,525] {scheduler_job.py:639} INFO - DAG(s) dict_keys(['example_trigger_controller_dag']) retrieved from /Users/prathyusha/Desktop/pranathi/airflow_cnn_pipeline_final/airflow_test_env/lib/python3.7/site-packages/airflow/example_dags/example_trigger_controller_dag.py
[2021-03-17 16:36:02,539] {logging_mixin.py:104} INFO - [2021-03-17 16:36:02,539] {dag.py:1818} INFO - Sync 1 DAGs
[2021-03-17 16:36:02,550] {logging_mixin.py:104} INFO - [2021-03-17 16:36:02,549] {dag.py:2273} INFO - Setting next_dagrun for example_trigger_controller_dag to 2021-03-15 00:00:00+00:00
[2021-03-17 16:36:02,557] {scheduler_job.py:190} INFO - Processing /Users/prathyusha/Desktop/pranathi/airflow_cnn_pipeline_final/airflow_test_env/lib/python3.7/site-packages/airflow/example_dags/example_trigger_controller_dag.py took 0.052 seconds
[2021-03-17 16:36:33,928] {scheduler_job.py:182} INFO - Started process (PID=28510) to work on /Users/prathyusha/Desktop/pranathi/airflow_cnn_pipeline_final/airflow_test_env/lib/python3.7/site-packages/airflow/example_dags/example_trigger_controller_dag.py
[2021-03-17 16:36:33,931] {scheduler_job.py:629} INFO - Processing file /Users/prathyusha/Desktop/pranathi/airflow_cnn_pipeline_final/airflow_test_env/lib/python3.7/site-packages/airflow/example_dags/example_trigger_controller_dag.py for tasks to queue
[2021-03-17 16:36:33,933] {logging_mixin.py:104} INFO - [2021-03-17 16:36:33,932] {dagbag.py:448} INFO - Filling up the DagBag from /Users/prathyusha/Desktop/pranathi/airflow_cnn_pipeline_final/airflow_test_env/lib/python3.7/site-packages/airflow/example_dags/example_trigger_controller_dag.py
[2021-03-17 16:36:33,945] {scheduler_job.py:639} INFO - DAG(s) dict_keys(['example_trigger_controller_dag']) retrieved from /Users/prathyusha/Desktop/pranathi/airflow_cnn_pipeline_final/airflow_test_env/lib/python3.7/site-packages/airflow/example_dags/example_trigger_controller_dag.py
[2021-03-17 16:36:33,959] {logging_mixin.py:104} INFO - [2021-03-17 16:36:33,959] {dag.py:1818} INFO - Sync 1 DAGs
[2021-03-17 16:36:33,970] {logging_mixin.py:104} INFO - [2021-03-17 16:36:33,970] {dag.py:2273} INFO - Setting next_dagrun for example_trigger_controller_dag to 2021-03-15 00:00:00+00:00
[2021-03-17 16:36:33,977] {scheduler_job.py:190} INFO - Processing /Users/prathyusha/Desktop/pranathi/airflow_cnn_pipeline_final/airflow_test_env/lib/python3.7/site-packages/airflow/example_dags/example_trigger_controller_dag.py took 0.054 seconds
[2021-03-17 16:37:04,761] {scheduler_job.py:182} INFO - Started process (PID=28539) to work on /Users/prathyusha/Desktop/pranathi/airflow_cnn_pipeline_final/airflow_test_env/lib/python3.7/site-packages/airflow/example_dags/example_trigger_controller_dag.py
[2021-03-17 16:37:04,763] {scheduler_job.py:629} INFO - Processing file /Users/prathyusha/Desktop/pranathi/airflow_cnn_pipeline_final/airflow_test_env/lib/python3.7/site-packages/airflow/example_dags/example_trigger_controller_dag.py for tasks to queue
[2021-03-17 16:37:04,765] {logging_mixin.py:104} INFO - [2021-03-17 16:37:04,765] {dagbag.py:448} INFO - Filling up the DagBag from /Users/prathyusha/Desktop/pranathi/airflow_cnn_pipeline_final/airflow_test_env/lib/python3.7/site-packages/airflow/example_dags/example_trigger_controller_dag.py
[2021-03-17 16:37:04,777] {scheduler_job.py:639} INFO - DAG(s) dict_keys(['example_trigger_controller_dag']) retrieved from /Users/prathyusha/Desktop/pranathi/airflow_cnn_pipeline_final/airflow_test_env/lib/python3.7/site-packages/airflow/example_dags/example_trigger_controller_dag.py
[2021-03-17 16:37:04,792] {logging_mixin.py:104} INFO - [2021-03-17 16:37:04,792] {dag.py:1818} INFO - Sync 1 DAGs
[2021-03-17 16:37:04,805] {logging_mixin.py:104} INFO - [2021-03-17 16:37:04,804] {dag.py:2273} INFO - Setting next_dagrun for example_trigger_controller_dag to 2021-03-15 00:00:00+00:00
[2021-03-17 16:37:04,813] {scheduler_job.py:190} INFO - Processing /Users/prathyusha/Desktop/pranathi/airflow_cnn_pipeline_final/airflow_test_env/lib/python3.7/site-packages/airflow/example_dags/example_trigger_controller_dag.py took 0.056 seconds
[2021-03-17 16:37:35,613] {scheduler_job.py:182} INFO - Started process (PID=28571) to work on /Users/prathyusha/Desktop/pranathi/airflow_cnn_pipeline_final/airflow_test_env/lib/python3.7/site-packages/airflow/example_dags/example_trigger_controller_dag.py
[2021-03-17 16:37:35,615] {scheduler_job.py:629} INFO - Processing file /Users/prathyusha/Desktop/pranathi/airflow_cnn_pipeline_final/airflow_test_env/lib/python3.7/site-packages/airflow/example_dags/example_trigger_controller_dag.py for tasks to queue
[2021-03-17 16:37:35,616] {logging_mixin.py:104} INFO - [2021-03-17 16:37:35,616] {dagbag.py:448} INFO - Filling up the DagBag from /Users/prathyusha/Desktop/pranathi/airflow_cnn_pipeline_final/airflow_test_env/lib/python3.7/site-packages/airflow/example_dags/example_trigger_controller_dag.py
[2021-03-17 16:37:35,628] {scheduler_job.py:639} INFO - DAG(s) dict_keys(['example_trigger_controller_dag']) retrieved from /Users/prathyusha/Desktop/pranathi/airflow_cnn_pipeline_final/airflow_test_env/lib/python3.7/site-packages/airflow/example_dags/example_trigger_controller_dag.py
[2021-03-17 16:37:35,641] {logging_mixin.py:104} INFO - [2021-03-17 16:37:35,641] {dag.py:1818} INFO - Sync 1 DAGs
[2021-03-17 16:37:35,652] {logging_mixin.py:104} INFO - [2021-03-17 16:37:35,651] {dag.py:2273} INFO - Setting next_dagrun for example_trigger_controller_dag to 2021-03-15 00:00:00+00:00
[2021-03-17 16:37:35,659] {scheduler_job.py:190} INFO - Processing /Users/prathyusha/Desktop/pranathi/airflow_cnn_pipeline_final/airflow_test_env/lib/python3.7/site-packages/airflow/example_dags/example_trigger_controller_dag.py took 0.049 seconds
[2021-03-17 16:38:06,351] {scheduler_job.py:182} INFO - Started process (PID=28602) to work on /Users/prathyusha/Desktop/pranathi/airflow_cnn_pipeline_final/airflow_test_env/lib/python3.7/site-packages/airflow/example_dags/example_trigger_controller_dag.py
[2021-03-17 16:38:06,353] {scheduler_job.py:629} INFO - Processing file /Users/prathyusha/Desktop/pranathi/airflow_cnn_pipeline_final/airflow_test_env/lib/python3.7/site-packages/airflow/example_dags/example_trigger_controller_dag.py for tasks to queue
[2021-03-17 16:38:06,355] {logging_mixin.py:104} INFO - [2021-03-17 16:38:06,354] {dagbag.py:448} INFO - Filling up the DagBag from /Users/prathyusha/Desktop/pranathi/airflow_cnn_pipeline_final/airflow_test_env/lib/python3.7/site-packages/airflow/example_dags/example_trigger_controller_dag.py
[2021-03-17 16:38:06,367] {scheduler_job.py:639} INFO - DAG(s) dict_keys(['example_trigger_controller_dag']) retrieved from /Users/prathyusha/Desktop/pranathi/airflow_cnn_pipeline_final/airflow_test_env/lib/python3.7/site-packages/airflow/example_dags/example_trigger_controller_dag.py
[2021-03-17 16:38:06,382] {logging_mixin.py:104} INFO - [2021-03-17 16:38:06,381] {dag.py:1818} INFO - Sync 1 DAGs
[2021-03-17 16:38:06,393] {logging_mixin.py:104} INFO - [2021-03-17 16:38:06,392] {dag.py:2273} INFO - Setting next_dagrun for example_trigger_controller_dag to 2021-03-15 00:00:00+00:00
[2021-03-17 16:38:06,400] {scheduler_job.py:190} INFO - Processing /Users/prathyusha/Desktop/pranathi/airflow_cnn_pipeline_final/airflow_test_env/lib/python3.7/site-packages/airflow/example_dags/example_trigger_controller_dag.py took 0.052 seconds
[2021-03-17 16:38:37,176] {scheduler_job.py:182} INFO - Started process (PID=28635) to work on /Users/prathyusha/Desktop/pranathi/airflow_cnn_pipeline_final/airflow_test_env/lib/python3.7/site-packages/airflow/example_dags/example_trigger_controller_dag.py
[2021-03-17 16:38:37,177] {scheduler_job.py:629} INFO - Processing file /Users/prathyusha/Desktop/pranathi/airflow_cnn_pipeline_final/airflow_test_env/lib/python3.7/site-packages/airflow/example_dags/example_trigger_controller_dag.py for tasks to queue
[2021-03-17 16:38:37,178] {logging_mixin.py:104} INFO - [2021-03-17 16:38:37,178] {dagbag.py:448} INFO - Filling up the DagBag from /Users/prathyusha/Desktop/pranathi/airflow_cnn_pipeline_final/airflow_test_env/lib/python3.7/site-packages/airflow/example_dags/example_trigger_controller_dag.py
[2021-03-17 16:38:37,190] {scheduler_job.py:639} INFO - DAG(s) dict_keys(['example_trigger_controller_dag']) retrieved from /Users/prathyusha/Desktop/pranathi/airflow_cnn_pipeline_final/airflow_test_env/lib/python3.7/site-packages/airflow/example_dags/example_trigger_controller_dag.py
[2021-03-17 16:38:37,204] {logging_mixin.py:104} INFO - [2021-03-17 16:38:37,204] {dag.py:1818} INFO - Sync 1 DAGs
[2021-03-17 16:38:37,215] {logging_mixin.py:104} INFO - [2021-03-17 16:38:37,215] {dag.py:2273} INFO - Setting next_dagrun for example_trigger_controller_dag to 2021-03-15 00:00:00+00:00
[2021-03-17 16:38:37,223] {scheduler_job.py:190} INFO - Processing /Users/prathyusha/Desktop/pranathi/airflow_cnn_pipeline_final/airflow_test_env/lib/python3.7/site-packages/airflow/example_dags/example_trigger_controller_dag.py took 0.051 seconds
[2021-03-17 16:39:08,006] {scheduler_job.py:182} INFO - Started process (PID=28703) to work on /Users/prathyusha/Desktop/pranathi/airflow_cnn_pipeline_final/airflow_test_env/lib/python3.7/site-packages/airflow/example_dags/example_trigger_controller_dag.py
[2021-03-17 16:39:08,008] {scheduler_job.py:629} INFO - Processing file /Users/prathyusha/Desktop/pranathi/airflow_cnn_pipeline_final/airflow_test_env/lib/python3.7/site-packages/airflow/example_dags/example_trigger_controller_dag.py for tasks to queue
[2021-03-17 16:39:08,009] {logging_mixin.py:104} INFO - [2021-03-17 16:39:08,009] {dagbag.py:448} INFO - Filling up the DagBag from /Users/prathyusha/Desktop/pranathi/airflow_cnn_pipeline_final/airflow_test_env/lib/python3.7/site-packages/airflow/example_dags/example_trigger_controller_dag.py
[2021-03-17 16:39:08,020] {scheduler_job.py:639} INFO - DAG(s) dict_keys(['example_trigger_controller_dag']) retrieved from /Users/prathyusha/Desktop/pranathi/airflow_cnn_pipeline_final/airflow_test_env/lib/python3.7/site-packages/airflow/example_dags/example_trigger_controller_dag.py
[2021-03-17 16:39:08,035] {logging_mixin.py:104} INFO - [2021-03-17 16:39:08,034] {dag.py:1818} INFO - Sync 1 DAGs
[2021-03-17 16:39:08,045] {logging_mixin.py:104} INFO - [2021-03-17 16:39:08,044] {dag.py:2273} INFO - Setting next_dagrun for example_trigger_controller_dag to 2021-03-15 00:00:00+00:00
[2021-03-17 16:39:08,052] {scheduler_job.py:190} INFO - Processing /Users/prathyusha/Desktop/pranathi/airflow_cnn_pipeline_final/airflow_test_env/lib/python3.7/site-packages/airflow/example_dags/example_trigger_controller_dag.py took 0.049 seconds
[2021-03-17 16:39:38,620] {scheduler_job.py:182} INFO - Started process (PID=28748) to work on /Users/prathyusha/Desktop/pranathi/airflow_cnn_pipeline_final/airflow_test_env/lib/python3.7/site-packages/airflow/example_dags/example_trigger_controller_dag.py
[2021-03-17 16:39:38,622] {scheduler_job.py:629} INFO - Processing file /Users/prathyusha/Desktop/pranathi/airflow_cnn_pipeline_final/airflow_test_env/lib/python3.7/site-packages/airflow/example_dags/example_trigger_controller_dag.py for tasks to queue
[2021-03-17 16:39:38,623] {logging_mixin.py:104} INFO - [2021-03-17 16:39:38,623] {dagbag.py:448} INFO - Filling up the DagBag from /Users/prathyusha/Desktop/pranathi/airflow_cnn_pipeline_final/airflow_test_env/lib/python3.7/site-packages/airflow/example_dags/example_trigger_controller_dag.py
[2021-03-17 16:39:38,635] {scheduler_job.py:639} INFO - DAG(s) dict_keys(['example_trigger_controller_dag']) retrieved from /Users/prathyusha/Desktop/pranathi/airflow_cnn_pipeline_final/airflow_test_env/lib/python3.7/site-packages/airflow/example_dags/example_trigger_controller_dag.py
[2021-03-17 16:39:38,649] {logging_mixin.py:104} INFO - [2021-03-17 16:39:38,649] {dag.py:1818} INFO - Sync 1 DAGs
[2021-03-17 16:39:38,659] {logging_mixin.py:104} INFO - [2021-03-17 16:39:38,659] {dag.py:2273} INFO - Setting next_dagrun for example_trigger_controller_dag to 2021-03-15 00:00:00+00:00
[2021-03-17 16:39:38,667] {scheduler_job.py:190} INFO - Processing /Users/prathyusha/Desktop/pranathi/airflow_cnn_pipeline_final/airflow_test_env/lib/python3.7/site-packages/airflow/example_dags/example_trigger_controller_dag.py took 0.051 seconds
[2021-03-17 16:40:09,353] {scheduler_job.py:182} INFO - Started process (PID=28796) to work on /Users/prathyusha/Desktop/pranathi/airflow_cnn_pipeline_final/airflow_test_env/lib/python3.7/site-packages/airflow/example_dags/example_trigger_controller_dag.py
[2021-03-17 16:40:09,357] {scheduler_job.py:629} INFO - Processing file /Users/prathyusha/Desktop/pranathi/airflow_cnn_pipeline_final/airflow_test_env/lib/python3.7/site-packages/airflow/example_dags/example_trigger_controller_dag.py for tasks to queue
[2021-03-17 16:40:09,358] {logging_mixin.py:104} INFO - [2021-03-17 16:40:09,358] {dagbag.py:448} INFO - Filling up the DagBag from /Users/prathyusha/Desktop/pranathi/airflow_cnn_pipeline_final/airflow_test_env/lib/python3.7/site-packages/airflow/example_dags/example_trigger_controller_dag.py
[2021-03-17 16:40:09,371] {scheduler_job.py:639} INFO - DAG(s) dict_keys(['example_trigger_controller_dag']) retrieved from /Users/prathyusha/Desktop/pranathi/airflow_cnn_pipeline_final/airflow_test_env/lib/python3.7/site-packages/airflow/example_dags/example_trigger_controller_dag.py
[2021-03-17 16:40:09,387] {logging_mixin.py:104} INFO - [2021-03-17 16:40:09,386] {dag.py:1818} INFO - Sync 1 DAGs
[2021-03-17 16:40:09,397] {logging_mixin.py:104} INFO - [2021-03-17 16:40:09,397] {dag.py:2273} INFO - Setting next_dagrun for example_trigger_controller_dag to 2021-03-15 00:00:00+00:00
[2021-03-17 16:40:09,405] {scheduler_job.py:190} INFO - Processing /Users/prathyusha/Desktop/pranathi/airflow_cnn_pipeline_final/airflow_test_env/lib/python3.7/site-packages/airflow/example_dags/example_trigger_controller_dag.py took 0.056 seconds
[2021-03-17 16:40:40,210] {scheduler_job.py:182} INFO - Started process (PID=28829) to work on /Users/prathyusha/Desktop/pranathi/airflow_cnn_pipeline_final/airflow_test_env/lib/python3.7/site-packages/airflow/example_dags/example_trigger_controller_dag.py
[2021-03-17 16:40:40,212] {scheduler_job.py:629} INFO - Processing file /Users/prathyusha/Desktop/pranathi/airflow_cnn_pipeline_final/airflow_test_env/lib/python3.7/site-packages/airflow/example_dags/example_trigger_controller_dag.py for tasks to queue
[2021-03-17 16:40:40,215] {logging_mixin.py:104} INFO - [2021-03-17 16:40:40,214] {dagbag.py:448} INFO - Filling up the DagBag from /Users/prathyusha/Desktop/pranathi/airflow_cnn_pipeline_final/airflow_test_env/lib/python3.7/site-packages/airflow/example_dags/example_trigger_controller_dag.py
[2021-03-17 16:40:40,229] {scheduler_job.py:639} INFO - DAG(s) dict_keys(['example_trigger_controller_dag']) retrieved from /Users/prathyusha/Desktop/pranathi/airflow_cnn_pipeline_final/airflow_test_env/lib/python3.7/site-packages/airflow/example_dags/example_trigger_controller_dag.py
[2021-03-17 16:40:40,247] {logging_mixin.py:104} INFO - [2021-03-17 16:40:40,246] {dag.py:1818} INFO - Sync 1 DAGs
[2021-03-17 16:40:40,260] {logging_mixin.py:104} INFO - [2021-03-17 16:40:40,259] {dag.py:2273} INFO - Setting next_dagrun for example_trigger_controller_dag to 2021-03-15 00:00:00+00:00
[2021-03-17 16:40:40,271] {scheduler_job.py:190} INFO - Processing /Users/prathyusha/Desktop/pranathi/airflow_cnn_pipeline_final/airflow_test_env/lib/python3.7/site-packages/airflow/example_dags/example_trigger_controller_dag.py took 0.065 seconds
[2021-03-17 16:41:11,250] {scheduler_job.py:182} INFO - Started process (PID=28863) to work on /Users/prathyusha/Desktop/pranathi/airflow_cnn_pipeline_final/airflow_test_env/lib/python3.7/site-packages/airflow/example_dags/example_trigger_controller_dag.py
[2021-03-17 16:41:11,254] {scheduler_job.py:629} INFO - Processing file /Users/prathyusha/Desktop/pranathi/airflow_cnn_pipeline_final/airflow_test_env/lib/python3.7/site-packages/airflow/example_dags/example_trigger_controller_dag.py for tasks to queue
[2021-03-17 16:41:11,255] {logging_mixin.py:104} INFO - [2021-03-17 16:41:11,255] {dagbag.py:448} INFO - Filling up the DagBag from /Users/prathyusha/Desktop/pranathi/airflow_cnn_pipeline_final/airflow_test_env/lib/python3.7/site-packages/airflow/example_dags/example_trigger_controller_dag.py
[2021-03-17 16:41:11,270] {scheduler_job.py:639} INFO - DAG(s) dict_keys(['example_trigger_controller_dag']) retrieved from /Users/prathyusha/Desktop/pranathi/airflow_cnn_pipeline_final/airflow_test_env/lib/python3.7/site-packages/airflow/example_dags/example_trigger_controller_dag.py
[2021-03-17 16:41:11,286] {logging_mixin.py:104} INFO - [2021-03-17 16:41:11,286] {dag.py:1818} INFO - Sync 1 DAGs
[2021-03-17 16:41:11,298] {logging_mixin.py:104} INFO - [2021-03-17 16:41:11,298] {dag.py:2273} INFO - Setting next_dagrun for example_trigger_controller_dag to 2021-03-15 00:00:00+00:00
[2021-03-17 16:41:11,305] {scheduler_job.py:190} INFO - Processing /Users/prathyusha/Desktop/pranathi/airflow_cnn_pipeline_final/airflow_test_env/lib/python3.7/site-packages/airflow/example_dags/example_trigger_controller_dag.py took 0.060 seconds
[2021-03-17 16:41:42,219] {scheduler_job.py:182} INFO - Started process (PID=28894) to work on /Users/prathyusha/Desktop/pranathi/airflow_cnn_pipeline_final/airflow_test_env/lib/python3.7/site-packages/airflow/example_dags/example_trigger_controller_dag.py
[2021-03-17 16:41:42,222] {scheduler_job.py:629} INFO - Processing file /Users/prathyusha/Desktop/pranathi/airflow_cnn_pipeline_final/airflow_test_env/lib/python3.7/site-packages/airflow/example_dags/example_trigger_controller_dag.py for tasks to queue
[2021-03-17 16:41:42,224] {logging_mixin.py:104} INFO - [2021-03-17 16:41:42,223] {dagbag.py:448} INFO - Filling up the DagBag from /Users/prathyusha/Desktop/pranathi/airflow_cnn_pipeline_final/airflow_test_env/lib/python3.7/site-packages/airflow/example_dags/example_trigger_controller_dag.py
[2021-03-17 16:41:42,243] {scheduler_job.py:639} INFO - DAG(s) dict_keys(['example_trigger_controller_dag']) retrieved from /Users/prathyusha/Desktop/pranathi/airflow_cnn_pipeline_final/airflow_test_env/lib/python3.7/site-packages/airflow/example_dags/example_trigger_controller_dag.py
[2021-03-17 16:41:42,292] {logging_mixin.py:104} INFO - [2021-03-17 16:41:42,291] {dag.py:1818} INFO - Sync 1 DAGs
[2021-03-17 16:41:42,308] {logging_mixin.py:104} INFO - [2021-03-17 16:41:42,308] {dag.py:2273} INFO - Setting next_dagrun for example_trigger_controller_dag to 2021-03-15 00:00:00+00:00
[2021-03-17 16:41:42,322] {scheduler_job.py:190} INFO - Processing /Users/prathyusha/Desktop/pranathi/airflow_cnn_pipeline_final/airflow_test_env/lib/python3.7/site-packages/airflow/example_dags/example_trigger_controller_dag.py took 0.109 seconds
[2021-03-17 16:42:12,745] {scheduler_job.py:182} INFO - Started process (PID=28933) to work on /Users/prathyusha/Desktop/pranathi/airflow_cnn_pipeline_final/airflow_test_env/lib/python3.7/site-packages/airflow/example_dags/example_trigger_controller_dag.py
[2021-03-17 16:42:12,746] {scheduler_job.py:629} INFO - Processing file /Users/prathyusha/Desktop/pranathi/airflow_cnn_pipeline_final/airflow_test_env/lib/python3.7/site-packages/airflow/example_dags/example_trigger_controller_dag.py for tasks to queue
[2021-03-17 16:42:12,748] {logging_mixin.py:104} INFO - [2021-03-17 16:42:12,747] {dagbag.py:448} INFO - Filling up the DagBag from /Users/prathyusha/Desktop/pranathi/airflow_cnn_pipeline_final/airflow_test_env/lib/python3.7/site-packages/airflow/example_dags/example_trigger_controller_dag.py
[2021-03-17 16:42:12,765] {scheduler_job.py:639} INFO - DAG(s) dict_keys(['example_trigger_controller_dag']) retrieved from /Users/prathyusha/Desktop/pranathi/airflow_cnn_pipeline_final/airflow_test_env/lib/python3.7/site-packages/airflow/example_dags/example_trigger_controller_dag.py
[2021-03-17 16:42:12,783] {logging_mixin.py:104} INFO - [2021-03-17 16:42:12,782] {dag.py:1818} INFO - Sync 1 DAGs
[2021-03-17 16:42:12,796] {logging_mixin.py:104} INFO - [2021-03-17 16:42:12,795] {dag.py:2273} INFO - Setting next_dagrun for example_trigger_controller_dag to 2021-03-15 00:00:00+00:00
[2021-03-17 16:42:12,804] {scheduler_job.py:190} INFO - Processing /Users/prathyusha/Desktop/pranathi/airflow_cnn_pipeline_final/airflow_test_env/lib/python3.7/site-packages/airflow/example_dags/example_trigger_controller_dag.py took 0.063 seconds
[2021-03-17 16:42:43,295] {scheduler_job.py:182} INFO - Started process (PID=28964) to work on /Users/prathyusha/Desktop/pranathi/airflow_cnn_pipeline_final/airflow_test_env/lib/python3.7/site-packages/airflow/example_dags/example_trigger_controller_dag.py
[2021-03-17 16:42:43,297] {scheduler_job.py:629} INFO - Processing file /Users/prathyusha/Desktop/pranathi/airflow_cnn_pipeline_final/airflow_test_env/lib/python3.7/site-packages/airflow/example_dags/example_trigger_controller_dag.py for tasks to queue
[2021-03-17 16:42:43,299] {logging_mixin.py:104} INFO - [2021-03-17 16:42:43,298] {dagbag.py:448} INFO - Filling up the DagBag from /Users/prathyusha/Desktop/pranathi/airflow_cnn_pipeline_final/airflow_test_env/lib/python3.7/site-packages/airflow/example_dags/example_trigger_controller_dag.py
[2021-03-17 16:42:43,311] {scheduler_job.py:639} INFO - DAG(s) dict_keys(['example_trigger_controller_dag']) retrieved from /Users/prathyusha/Desktop/pranathi/airflow_cnn_pipeline_final/airflow_test_env/lib/python3.7/site-packages/airflow/example_dags/example_trigger_controller_dag.py
[2021-03-17 16:42:43,326] {logging_mixin.py:104} INFO - [2021-03-17 16:42:43,325] {dag.py:1818} INFO - Sync 1 DAGs
[2021-03-17 16:42:43,337] {logging_mixin.py:104} INFO - [2021-03-17 16:42:43,337] {dag.py:2273} INFO - Setting next_dagrun for example_trigger_controller_dag to 2021-03-15 00:00:00+00:00
[2021-03-17 16:42:43,345] {scheduler_job.py:190} INFO - Processing /Users/prathyusha/Desktop/pranathi/airflow_cnn_pipeline_final/airflow_test_env/lib/python3.7/site-packages/airflow/example_dags/example_trigger_controller_dag.py took 0.056 seconds
[2021-03-17 16:43:13,953] {scheduler_job.py:182} INFO - Started process (PID=28993) to work on /Users/prathyusha/Desktop/pranathi/airflow_cnn_pipeline_final/airflow_test_env/lib/python3.7/site-packages/airflow/example_dags/example_trigger_controller_dag.py
[2021-03-17 16:43:13,955] {scheduler_job.py:629} INFO - Processing file /Users/prathyusha/Desktop/pranathi/airflow_cnn_pipeline_final/airflow_test_env/lib/python3.7/site-packages/airflow/example_dags/example_trigger_controller_dag.py for tasks to queue
[2021-03-17 16:43:13,957] {logging_mixin.py:104} INFO - [2021-03-17 16:43:13,956] {dagbag.py:448} INFO - Filling up the DagBag from /Users/prathyusha/Desktop/pranathi/airflow_cnn_pipeline_final/airflow_test_env/lib/python3.7/site-packages/airflow/example_dags/example_trigger_controller_dag.py
[2021-03-17 16:43:13,970] {scheduler_job.py:639} INFO - DAG(s) dict_keys(['example_trigger_controller_dag']) retrieved from /Users/prathyusha/Desktop/pranathi/airflow_cnn_pipeline_final/airflow_test_env/lib/python3.7/site-packages/airflow/example_dags/example_trigger_controller_dag.py
[2021-03-17 16:43:13,986] {logging_mixin.py:104} INFO - [2021-03-17 16:43:13,986] {dag.py:1818} INFO - Sync 1 DAGs
[2021-03-17 16:43:13,998] {logging_mixin.py:104} INFO - [2021-03-17 16:43:13,998] {dag.py:2273} INFO - Setting next_dagrun for example_trigger_controller_dag to 2021-03-15 00:00:00+00:00
[2021-03-17 16:43:14,006] {scheduler_job.py:190} INFO - Processing /Users/prathyusha/Desktop/pranathi/airflow_cnn_pipeline_final/airflow_test_env/lib/python3.7/site-packages/airflow/example_dags/example_trigger_controller_dag.py took 0.057 seconds
[2021-03-17 16:43:44,614] {scheduler_job.py:182} INFO - Started process (PID=29028) to work on /Users/prathyusha/Desktop/pranathi/airflow_cnn_pipeline_final/airflow_test_env/lib/python3.7/site-packages/airflow/example_dags/example_trigger_controller_dag.py
[2021-03-17 16:43:44,619] {scheduler_job.py:629} INFO - Processing file /Users/prathyusha/Desktop/pranathi/airflow_cnn_pipeline_final/airflow_test_env/lib/python3.7/site-packages/airflow/example_dags/example_trigger_controller_dag.py for tasks to queue
[2021-03-17 16:43:44,621] {logging_mixin.py:104} INFO - [2021-03-17 16:43:44,620] {dagbag.py:448} INFO - Filling up the DagBag from /Users/prathyusha/Desktop/pranathi/airflow_cnn_pipeline_final/airflow_test_env/lib/python3.7/site-packages/airflow/example_dags/example_trigger_controller_dag.py
[2021-03-17 16:43:44,637] {scheduler_job.py:639} INFO - DAG(s) dict_keys(['example_trigger_controller_dag']) retrieved from /Users/prathyusha/Desktop/pranathi/airflow_cnn_pipeline_final/airflow_test_env/lib/python3.7/site-packages/airflow/example_dags/example_trigger_controller_dag.py
[2021-03-17 16:43:44,652] {logging_mixin.py:104} INFO - [2021-03-17 16:43:44,652] {dag.py:1818} INFO - Sync 1 DAGs
[2021-03-17 16:43:44,665] {logging_mixin.py:104} INFO - [2021-03-17 16:43:44,664] {dag.py:2273} INFO - Setting next_dagrun for example_trigger_controller_dag to 2021-03-15 00:00:00+00:00
[2021-03-17 16:43:44,674] {scheduler_job.py:190} INFO - Processing /Users/prathyusha/Desktop/pranathi/airflow_cnn_pipeline_final/airflow_test_env/lib/python3.7/site-packages/airflow/example_dags/example_trigger_controller_dag.py took 0.064 seconds
[2021-03-17 16:44:15,160] {scheduler_job.py:182} INFO - Started process (PID=29059) to work on /Users/prathyusha/Desktop/pranathi/airflow_cnn_pipeline_final/airflow_test_env/lib/python3.7/site-packages/airflow/example_dags/example_trigger_controller_dag.py
[2021-03-17 16:44:15,162] {scheduler_job.py:629} INFO - Processing file /Users/prathyusha/Desktop/pranathi/airflow_cnn_pipeline_final/airflow_test_env/lib/python3.7/site-packages/airflow/example_dags/example_trigger_controller_dag.py for tasks to queue
[2021-03-17 16:44:15,163] {logging_mixin.py:104} INFO - [2021-03-17 16:44:15,163] {dagbag.py:448} INFO - Filling up the DagBag from /Users/prathyusha/Desktop/pranathi/airflow_cnn_pipeline_final/airflow_test_env/lib/python3.7/site-packages/airflow/example_dags/example_trigger_controller_dag.py
[2021-03-17 16:44:15,178] {scheduler_job.py:639} INFO - DAG(s) dict_keys(['example_trigger_controller_dag']) retrieved from /Users/prathyusha/Desktop/pranathi/airflow_cnn_pipeline_final/airflow_test_env/lib/python3.7/site-packages/airflow/example_dags/example_trigger_controller_dag.py
[2021-03-17 16:44:15,194] {logging_mixin.py:104} INFO - [2021-03-17 16:44:15,193] {dag.py:1818} INFO - Sync 1 DAGs
[2021-03-17 16:44:15,207] {logging_mixin.py:104} INFO - [2021-03-17 16:44:15,206] {dag.py:2273} INFO - Setting next_dagrun for example_trigger_controller_dag to 2021-03-15 00:00:00+00:00
[2021-03-17 16:44:15,214] {scheduler_job.py:190} INFO - Processing /Users/prathyusha/Desktop/pranathi/airflow_cnn_pipeline_final/airflow_test_env/lib/python3.7/site-packages/airflow/example_dags/example_trigger_controller_dag.py took 0.060 seconds
[2021-03-17 16:44:45,777] {scheduler_job.py:182} INFO - Started process (PID=29090) to work on /Users/prathyusha/Desktop/pranathi/airflow_cnn_pipeline_final/airflow_test_env/lib/python3.7/site-packages/airflow/example_dags/example_trigger_controller_dag.py
[2021-03-17 16:44:45,779] {scheduler_job.py:629} INFO - Processing file /Users/prathyusha/Desktop/pranathi/airflow_cnn_pipeline_final/airflow_test_env/lib/python3.7/site-packages/airflow/example_dags/example_trigger_controller_dag.py for tasks to queue
[2021-03-17 16:44:45,781] {logging_mixin.py:104} INFO - [2021-03-17 16:44:45,780] {dagbag.py:448} INFO - Filling up the DagBag from /Users/prathyusha/Desktop/pranathi/airflow_cnn_pipeline_final/airflow_test_env/lib/python3.7/site-packages/airflow/example_dags/example_trigger_controller_dag.py
[2021-03-17 16:44:45,793] {scheduler_job.py:639} INFO - DAG(s) dict_keys(['example_trigger_controller_dag']) retrieved from /Users/prathyusha/Desktop/pranathi/airflow_cnn_pipeline_final/airflow_test_env/lib/python3.7/site-packages/airflow/example_dags/example_trigger_controller_dag.py
[2021-03-17 16:44:45,807] {logging_mixin.py:104} INFO - [2021-03-17 16:44:45,807] {dag.py:1818} INFO - Sync 1 DAGs
[2021-03-17 16:44:45,820] {logging_mixin.py:104} INFO - [2021-03-17 16:44:45,820] {dag.py:2273} INFO - Setting next_dagrun for example_trigger_controller_dag to 2021-03-15 00:00:00+00:00
[2021-03-17 16:44:45,834] {scheduler_job.py:190} INFO - Processing /Users/prathyusha/Desktop/pranathi/airflow_cnn_pipeline_final/airflow_test_env/lib/python3.7/site-packages/airflow/example_dags/example_trigger_controller_dag.py took 0.061 seconds
[2021-03-17 16:45:16,551] {scheduler_job.py:182} INFO - Started process (PID=29135) to work on /Users/prathyusha/Desktop/pranathi/airflow_cnn_pipeline_final/airflow_test_env/lib/python3.7/site-packages/airflow/example_dags/example_trigger_controller_dag.py
[2021-03-17 16:45:16,553] {scheduler_job.py:629} INFO - Processing file /Users/prathyusha/Desktop/pranathi/airflow_cnn_pipeline_final/airflow_test_env/lib/python3.7/site-packages/airflow/example_dags/example_trigger_controller_dag.py for tasks to queue
[2021-03-17 16:45:16,554] {logging_mixin.py:104} INFO - [2021-03-17 16:45:16,554] {dagbag.py:448} INFO - Filling up the DagBag from /Users/prathyusha/Desktop/pranathi/airflow_cnn_pipeline_final/airflow_test_env/lib/python3.7/site-packages/airflow/example_dags/example_trigger_controller_dag.py
[2021-03-17 16:45:16,567] {scheduler_job.py:639} INFO - DAG(s) dict_keys(['example_trigger_controller_dag']) retrieved from /Users/prathyusha/Desktop/pranathi/airflow_cnn_pipeline_final/airflow_test_env/lib/python3.7/site-packages/airflow/example_dags/example_trigger_controller_dag.py
[2021-03-17 16:45:16,582] {logging_mixin.py:104} INFO - [2021-03-17 16:45:16,581] {dag.py:1818} INFO - Sync 1 DAGs
[2021-03-17 16:45:16,593] {logging_mixin.py:104} INFO - [2021-03-17 16:45:16,592] {dag.py:2273} INFO - Setting next_dagrun for example_trigger_controller_dag to 2021-03-15 00:00:00+00:00
[2021-03-17 16:45:16,601] {scheduler_job.py:190} INFO - Processing /Users/prathyusha/Desktop/pranathi/airflow_cnn_pipeline_final/airflow_test_env/lib/python3.7/site-packages/airflow/example_dags/example_trigger_controller_dag.py took 0.056 seconds
[2021-03-17 16:45:47,378] {scheduler_job.py:182} INFO - Started process (PID=29167) to work on /Users/prathyusha/Desktop/pranathi/airflow_cnn_pipeline_final/airflow_test_env/lib/python3.7/site-packages/airflow/example_dags/example_trigger_controller_dag.py
[2021-03-17 16:45:47,382] {scheduler_job.py:629} INFO - Processing file /Users/prathyusha/Desktop/pranathi/airflow_cnn_pipeline_final/airflow_test_env/lib/python3.7/site-packages/airflow/example_dags/example_trigger_controller_dag.py for tasks to queue
[2021-03-17 16:45:47,383] {logging_mixin.py:104} INFO - [2021-03-17 16:45:47,383] {dagbag.py:448} INFO - Filling up the DagBag from /Users/prathyusha/Desktop/pranathi/airflow_cnn_pipeline_final/airflow_test_env/lib/python3.7/site-packages/airflow/example_dags/example_trigger_controller_dag.py
[2021-03-17 16:45:47,403] {scheduler_job.py:639} INFO - DAG(s) dict_keys(['example_trigger_controller_dag']) retrieved from /Users/prathyusha/Desktop/pranathi/airflow_cnn_pipeline_final/airflow_test_env/lib/python3.7/site-packages/airflow/example_dags/example_trigger_controller_dag.py
[2021-03-17 16:45:47,430] {logging_mixin.py:104} INFO - [2021-03-17 16:45:47,429] {dag.py:1818} INFO - Sync 1 DAGs
[2021-03-17 16:45:47,450] {logging_mixin.py:104} INFO - [2021-03-17 16:45:47,450] {dag.py:2273} INFO - Setting next_dagrun for example_trigger_controller_dag to 2021-03-15 00:00:00+00:00
[2021-03-17 16:45:47,473] {scheduler_job.py:190} INFO - Processing /Users/prathyusha/Desktop/pranathi/airflow_cnn_pipeline_final/airflow_test_env/lib/python3.7/site-packages/airflow/example_dags/example_trigger_controller_dag.py took 0.103 seconds
[2021-03-17 16:46:17,967] {scheduler_job.py:182} INFO - Started process (PID=29220) to work on /Users/prathyusha/Desktop/pranathi/airflow_cnn_pipeline_final/airflow_test_env/lib/python3.7/site-packages/airflow/example_dags/example_trigger_controller_dag.py
[2021-03-17 16:46:17,971] {scheduler_job.py:629} INFO - Processing file /Users/prathyusha/Desktop/pranathi/airflow_cnn_pipeline_final/airflow_test_env/lib/python3.7/site-packages/airflow/example_dags/example_trigger_controller_dag.py for tasks to queue
[2021-03-17 16:46:17,974] {logging_mixin.py:104} INFO - [2021-03-17 16:46:17,974] {dagbag.py:448} INFO - Filling up the DagBag from /Users/prathyusha/Desktop/pranathi/airflow_cnn_pipeline_final/airflow_test_env/lib/python3.7/site-packages/airflow/example_dags/example_trigger_controller_dag.py
[2021-03-17 16:46:17,990] {scheduler_job.py:639} INFO - DAG(s) dict_keys(['example_trigger_controller_dag']) retrieved from /Users/prathyusha/Desktop/pranathi/airflow_cnn_pipeline_final/airflow_test_env/lib/python3.7/site-packages/airflow/example_dags/example_trigger_controller_dag.py
[2021-03-17 16:46:18,006] {logging_mixin.py:104} INFO - [2021-03-17 16:46:18,006] {dag.py:1818} INFO - Sync 1 DAGs
[2021-03-17 16:46:18,019] {logging_mixin.py:104} INFO - [2021-03-17 16:46:18,019] {dag.py:2273} INFO - Setting next_dagrun for example_trigger_controller_dag to 2021-03-15 00:00:00+00:00
[2021-03-17 16:46:18,029] {scheduler_job.py:190} INFO - Processing /Users/prathyusha/Desktop/pranathi/airflow_cnn_pipeline_final/airflow_test_env/lib/python3.7/site-packages/airflow/example_dags/example_trigger_controller_dag.py took 0.066 seconds
[2021-03-17 16:46:49,509] {scheduler_job.py:182} INFO - Started process (PID=29316) to work on /Users/prathyusha/Desktop/pranathi/airflow_cnn_pipeline_final/airflow_test_env/lib/python3.7/site-packages/airflow/example_dags/example_trigger_controller_dag.py
[2021-03-17 16:46:49,511] {scheduler_job.py:629} INFO - Processing file /Users/prathyusha/Desktop/pranathi/airflow_cnn_pipeline_final/airflow_test_env/lib/python3.7/site-packages/airflow/example_dags/example_trigger_controller_dag.py for tasks to queue
[2021-03-17 16:46:49,512] {logging_mixin.py:104} INFO - [2021-03-17 16:46:49,512] {dagbag.py:448} INFO - Filling up the DagBag from /Users/prathyusha/Desktop/pranathi/airflow_cnn_pipeline_final/airflow_test_env/lib/python3.7/site-packages/airflow/example_dags/example_trigger_controller_dag.py
[2021-03-17 16:46:49,528] {scheduler_job.py:639} INFO - DAG(s) dict_keys(['example_trigger_controller_dag']) retrieved from /Users/prathyusha/Desktop/pranathi/airflow_cnn_pipeline_final/airflow_test_env/lib/python3.7/site-packages/airflow/example_dags/example_trigger_controller_dag.py
[2021-03-17 16:46:49,545] {logging_mixin.py:104} INFO - [2021-03-17 16:46:49,545] {dag.py:1818} INFO - Sync 1 DAGs
[2021-03-17 16:46:49,566] {logging_mixin.py:104} INFO - [2021-03-17 16:46:49,565] {dag.py:2273} INFO - Setting next_dagrun for example_trigger_controller_dag to 2021-03-15 00:00:00+00:00
[2021-03-17 16:46:49,576] {scheduler_job.py:190} INFO - Processing /Users/prathyusha/Desktop/pranathi/airflow_cnn_pipeline_final/airflow_test_env/lib/python3.7/site-packages/airflow/example_dags/example_trigger_controller_dag.py took 0.073 seconds
[2021-03-17 16:47:20,554] {scheduler_job.py:182} INFO - Started process (PID=29351) to work on /Users/prathyusha/Desktop/pranathi/airflow_cnn_pipeline_final/airflow_test_env/lib/python3.7/site-packages/airflow/example_dags/example_trigger_controller_dag.py
[2021-03-17 16:47:20,557] {scheduler_job.py:629} INFO - Processing file /Users/prathyusha/Desktop/pranathi/airflow_cnn_pipeline_final/airflow_test_env/lib/python3.7/site-packages/airflow/example_dags/example_trigger_controller_dag.py for tasks to queue
[2021-03-17 16:47:20,561] {logging_mixin.py:104} INFO - [2021-03-17 16:47:20,560] {dagbag.py:448} INFO - Filling up the DagBag from /Users/prathyusha/Desktop/pranathi/airflow_cnn_pipeline_final/airflow_test_env/lib/python3.7/site-packages/airflow/example_dags/example_trigger_controller_dag.py
[2021-03-17 16:47:20,575] {scheduler_job.py:639} INFO - DAG(s) dict_keys(['example_trigger_controller_dag']) retrieved from /Users/prathyusha/Desktop/pranathi/airflow_cnn_pipeline_final/airflow_test_env/lib/python3.7/site-packages/airflow/example_dags/example_trigger_controller_dag.py
[2021-03-17 16:47:20,596] {logging_mixin.py:104} INFO - [2021-03-17 16:47:20,595] {dag.py:1818} INFO - Sync 1 DAGs
[2021-03-17 16:47:20,616] {logging_mixin.py:104} INFO - [2021-03-17 16:47:20,615] {dag.py:2273} INFO - Setting next_dagrun for example_trigger_controller_dag to 2021-03-15 00:00:00+00:00
[2021-03-17 16:47:20,629] {scheduler_job.py:190} INFO - Processing /Users/prathyusha/Desktop/pranathi/airflow_cnn_pipeline_final/airflow_test_env/lib/python3.7/site-packages/airflow/example_dags/example_trigger_controller_dag.py took 0.080 seconds
[2021-03-17 16:47:51,277] {scheduler_job.py:182} INFO - Started process (PID=29381) to work on /Users/prathyusha/Desktop/pranathi/airflow_cnn_pipeline_final/airflow_test_env/lib/python3.7/site-packages/airflow/example_dags/example_trigger_controller_dag.py
[2021-03-17 16:47:51,282] {scheduler_job.py:629} INFO - Processing file /Users/prathyusha/Desktop/pranathi/airflow_cnn_pipeline_final/airflow_test_env/lib/python3.7/site-packages/airflow/example_dags/example_trigger_controller_dag.py for tasks to queue
[2021-03-17 16:47:51,284] {logging_mixin.py:104} INFO - [2021-03-17 16:47:51,283] {dagbag.py:448} INFO - Filling up the DagBag from /Users/prathyusha/Desktop/pranathi/airflow_cnn_pipeline_final/airflow_test_env/lib/python3.7/site-packages/airflow/example_dags/example_trigger_controller_dag.py
[2021-03-17 16:47:51,298] {scheduler_job.py:639} INFO - DAG(s) dict_keys(['example_trigger_controller_dag']) retrieved from /Users/prathyusha/Desktop/pranathi/airflow_cnn_pipeline_final/airflow_test_env/lib/python3.7/site-packages/airflow/example_dags/example_trigger_controller_dag.py
[2021-03-17 16:47:51,314] {logging_mixin.py:104} INFO - [2021-03-17 16:47:51,313] {dag.py:1818} INFO - Sync 1 DAGs
[2021-03-17 16:47:51,326] {logging_mixin.py:104} INFO - [2021-03-17 16:47:51,326] {dag.py:2273} INFO - Setting next_dagrun for example_trigger_controller_dag to 2021-03-15 00:00:00+00:00
[2021-03-17 16:47:51,334] {scheduler_job.py:190} INFO - Processing /Users/prathyusha/Desktop/pranathi/airflow_cnn_pipeline_final/airflow_test_env/lib/python3.7/site-packages/airflow/example_dags/example_trigger_controller_dag.py took 0.062 seconds
[2021-03-17 16:48:22,140] {scheduler_job.py:182} INFO - Started process (PID=29411) to work on /Users/prathyusha/Desktop/pranathi/airflow_cnn_pipeline_final/airflow_test_env/lib/python3.7/site-packages/airflow/example_dags/example_trigger_controller_dag.py
[2021-03-17 16:48:22,144] {scheduler_job.py:629} INFO - Processing file /Users/prathyusha/Desktop/pranathi/airflow_cnn_pipeline_final/airflow_test_env/lib/python3.7/site-packages/airflow/example_dags/example_trigger_controller_dag.py for tasks to queue
[2021-03-17 16:48:22,147] {logging_mixin.py:104} INFO - [2021-03-17 16:48:22,145] {dagbag.py:448} INFO - Filling up the DagBag from /Users/prathyusha/Desktop/pranathi/airflow_cnn_pipeline_final/airflow_test_env/lib/python3.7/site-packages/airflow/example_dags/example_trigger_controller_dag.py
[2021-03-17 16:48:22,163] {scheduler_job.py:639} INFO - DAG(s) dict_keys(['example_trigger_controller_dag']) retrieved from /Users/prathyusha/Desktop/pranathi/airflow_cnn_pipeline_final/airflow_test_env/lib/python3.7/site-packages/airflow/example_dags/example_trigger_controller_dag.py
[2021-03-17 16:48:22,179] {logging_mixin.py:104} INFO - [2021-03-17 16:48:22,178] {dag.py:1818} INFO - Sync 1 DAGs
[2021-03-17 16:48:22,192] {logging_mixin.py:104} INFO - [2021-03-17 16:48:22,192] {dag.py:2273} INFO - Setting next_dagrun for example_trigger_controller_dag to 2021-03-15 00:00:00+00:00
[2021-03-17 16:48:22,200] {scheduler_job.py:190} INFO - Processing /Users/prathyusha/Desktop/pranathi/airflow_cnn_pipeline_final/airflow_test_env/lib/python3.7/site-packages/airflow/example_dags/example_trigger_controller_dag.py took 0.066 seconds
[2021-03-17 16:48:52,989] {scheduler_job.py:182} INFO - Started process (PID=29443) to work on /Users/prathyusha/Desktop/pranathi/airflow_cnn_pipeline_final/airflow_test_env/lib/python3.7/site-packages/airflow/example_dags/example_trigger_controller_dag.py
[2021-03-17 16:48:52,993] {scheduler_job.py:629} INFO - Processing file /Users/prathyusha/Desktop/pranathi/airflow_cnn_pipeline_final/airflow_test_env/lib/python3.7/site-packages/airflow/example_dags/example_trigger_controller_dag.py for tasks to queue
[2021-03-17 16:48:52,995] {logging_mixin.py:104} INFO - [2021-03-17 16:48:52,994] {dagbag.py:448} INFO - Filling up the DagBag from /Users/prathyusha/Desktop/pranathi/airflow_cnn_pipeline_final/airflow_test_env/lib/python3.7/site-packages/airflow/example_dags/example_trigger_controller_dag.py
[2021-03-17 16:48:53,016] {scheduler_job.py:639} INFO - DAG(s) dict_keys(['example_trigger_controller_dag']) retrieved from /Users/prathyusha/Desktop/pranathi/airflow_cnn_pipeline_final/airflow_test_env/lib/python3.7/site-packages/airflow/example_dags/example_trigger_controller_dag.py
[2021-03-17 16:48:53,033] {logging_mixin.py:104} INFO - [2021-03-17 16:48:53,032] {dag.py:1818} INFO - Sync 1 DAGs
[2021-03-17 16:48:53,048] {logging_mixin.py:104} INFO - [2021-03-17 16:48:53,047] {dag.py:2273} INFO - Setting next_dagrun for example_trigger_controller_dag to 2021-03-15 00:00:00+00:00
[2021-03-17 16:48:53,055] {scheduler_job.py:190} INFO - Processing /Users/prathyusha/Desktop/pranathi/airflow_cnn_pipeline_final/airflow_test_env/lib/python3.7/site-packages/airflow/example_dags/example_trigger_controller_dag.py took 0.070 seconds
[2021-03-17 16:49:23,930] {scheduler_job.py:182} INFO - Started process (PID=29477) to work on /Users/prathyusha/Desktop/pranathi/airflow_cnn_pipeline_final/airflow_test_env/lib/python3.7/site-packages/airflow/example_dags/example_trigger_controller_dag.py
[2021-03-17 16:49:23,933] {scheduler_job.py:629} INFO - Processing file /Users/prathyusha/Desktop/pranathi/airflow_cnn_pipeline_final/airflow_test_env/lib/python3.7/site-packages/airflow/example_dags/example_trigger_controller_dag.py for tasks to queue
[2021-03-17 16:49:23,935] {logging_mixin.py:104} INFO - [2021-03-17 16:49:23,934] {dagbag.py:448} INFO - Filling up the DagBag from /Users/prathyusha/Desktop/pranathi/airflow_cnn_pipeline_final/airflow_test_env/lib/python3.7/site-packages/airflow/example_dags/example_trigger_controller_dag.py
[2021-03-17 16:49:23,950] {scheduler_job.py:639} INFO - DAG(s) dict_keys(['example_trigger_controller_dag']) retrieved from /Users/prathyusha/Desktop/pranathi/airflow_cnn_pipeline_final/airflow_test_env/lib/python3.7/site-packages/airflow/example_dags/example_trigger_controller_dag.py
[2021-03-17 16:49:23,969] {logging_mixin.py:104} INFO - [2021-03-17 16:49:23,969] {dag.py:1818} INFO - Sync 1 DAGs
[2021-03-17 16:49:23,980] {logging_mixin.py:104} INFO - [2021-03-17 16:49:23,980] {dag.py:2273} INFO - Setting next_dagrun for example_trigger_controller_dag to 2021-03-15 00:00:00+00:00
[2021-03-17 16:49:23,990] {scheduler_job.py:190} INFO - Processing /Users/prathyusha/Desktop/pranathi/airflow_cnn_pipeline_final/airflow_test_env/lib/python3.7/site-packages/airflow/example_dags/example_trigger_controller_dag.py took 0.065 seconds
[2021-03-17 16:49:54,862] {scheduler_job.py:182} INFO - Started process (PID=29507) to work on /Users/prathyusha/Desktop/pranathi/airflow_cnn_pipeline_final/airflow_test_env/lib/python3.7/site-packages/airflow/example_dags/example_trigger_controller_dag.py
[2021-03-17 16:49:54,866] {scheduler_job.py:629} INFO - Processing file /Users/prathyusha/Desktop/pranathi/airflow_cnn_pipeline_final/airflow_test_env/lib/python3.7/site-packages/airflow/example_dags/example_trigger_controller_dag.py for tasks to queue
[2021-03-17 16:49:54,868] {logging_mixin.py:104} INFO - [2021-03-17 16:49:54,867] {dagbag.py:448} INFO - Filling up the DagBag from /Users/prathyusha/Desktop/pranathi/airflow_cnn_pipeline_final/airflow_test_env/lib/python3.7/site-packages/airflow/example_dags/example_trigger_controller_dag.py
[2021-03-17 16:49:54,884] {scheduler_job.py:639} INFO - DAG(s) dict_keys(['example_trigger_controller_dag']) retrieved from /Users/prathyusha/Desktop/pranathi/airflow_cnn_pipeline_final/airflow_test_env/lib/python3.7/site-packages/airflow/example_dags/example_trigger_controller_dag.py
[2021-03-17 16:49:54,902] {logging_mixin.py:104} INFO - [2021-03-17 16:49:54,901] {dag.py:1818} INFO - Sync 1 DAGs
[2021-03-17 16:49:54,918] {logging_mixin.py:104} INFO - [2021-03-17 16:49:54,917] {dag.py:2273} INFO - Setting next_dagrun for example_trigger_controller_dag to 2021-03-15 00:00:00+00:00
[2021-03-17 16:49:54,927] {scheduler_job.py:190} INFO - Processing /Users/prathyusha/Desktop/pranathi/airflow_cnn_pipeline_final/airflow_test_env/lib/python3.7/site-packages/airflow/example_dags/example_trigger_controller_dag.py took 0.069 seconds
[2021-03-17 16:50:25,678] {scheduler_job.py:182} INFO - Started process (PID=29537) to work on /Users/prathyusha/Desktop/pranathi/airflow_cnn_pipeline_final/airflow_test_env/lib/python3.7/site-packages/airflow/example_dags/example_trigger_controller_dag.py
[2021-03-17 16:50:25,681] {scheduler_job.py:629} INFO - Processing file /Users/prathyusha/Desktop/pranathi/airflow_cnn_pipeline_final/airflow_test_env/lib/python3.7/site-packages/airflow/example_dags/example_trigger_controller_dag.py for tasks to queue
[2021-03-17 16:50:25,683] {logging_mixin.py:104} INFO - [2021-03-17 16:50:25,683] {dagbag.py:448} INFO - Filling up the DagBag from /Users/prathyusha/Desktop/pranathi/airflow_cnn_pipeline_final/airflow_test_env/lib/python3.7/site-packages/airflow/example_dags/example_trigger_controller_dag.py
[2021-03-17 16:50:25,700] {scheduler_job.py:639} INFO - DAG(s) dict_keys(['example_trigger_controller_dag']) retrieved from /Users/prathyusha/Desktop/pranathi/airflow_cnn_pipeline_final/airflow_test_env/lib/python3.7/site-packages/airflow/example_dags/example_trigger_controller_dag.py
[2021-03-17 16:50:25,718] {logging_mixin.py:104} INFO - [2021-03-17 16:50:25,718] {dag.py:1818} INFO - Sync 1 DAGs
[2021-03-17 16:50:25,730] {logging_mixin.py:104} INFO - [2021-03-17 16:50:25,729] {dag.py:2273} INFO - Setting next_dagrun for example_trigger_controller_dag to 2021-03-15 00:00:00+00:00
[2021-03-17 16:50:25,737] {scheduler_job.py:190} INFO - Processing /Users/prathyusha/Desktop/pranathi/airflow_cnn_pipeline_final/airflow_test_env/lib/python3.7/site-packages/airflow/example_dags/example_trigger_controller_dag.py took 0.066 seconds
[2021-03-17 16:50:57,991] {scheduler_job.py:182} INFO - Started process (PID=29571) to work on /Users/prathyusha/Desktop/pranathi/airflow_cnn_pipeline_final/airflow_test_env/lib/python3.7/site-packages/airflow/example_dags/example_trigger_controller_dag.py
[2021-03-17 16:50:57,994] {scheduler_job.py:629} INFO - Processing file /Users/prathyusha/Desktop/pranathi/airflow_cnn_pipeline_final/airflow_test_env/lib/python3.7/site-packages/airflow/example_dags/example_trigger_controller_dag.py for tasks to queue
[2021-03-17 16:50:57,995] {logging_mixin.py:104} INFO - [2021-03-17 16:50:57,994] {dagbag.py:448} INFO - Filling up the DagBag from /Users/prathyusha/Desktop/pranathi/airflow_cnn_pipeline_final/airflow_test_env/lib/python3.7/site-packages/airflow/example_dags/example_trigger_controller_dag.py
[2021-03-17 16:50:58,012] {scheduler_job.py:639} INFO - DAG(s) dict_keys(['example_trigger_controller_dag']) retrieved from /Users/prathyusha/Desktop/pranathi/airflow_cnn_pipeline_final/airflow_test_env/lib/python3.7/site-packages/airflow/example_dags/example_trigger_controller_dag.py
[2021-03-17 16:50:58,032] {logging_mixin.py:104} INFO - [2021-03-17 16:50:58,032] {dag.py:1818} INFO - Sync 1 DAGs
[2021-03-17 16:50:58,052] {logging_mixin.py:104} INFO - [2021-03-17 16:50:58,051] {dag.py:2273} INFO - Setting next_dagrun for example_trigger_controller_dag to 2021-03-15 00:00:00+00:00
[2021-03-17 16:50:58,074] {scheduler_job.py:190} INFO - Processing /Users/prathyusha/Desktop/pranathi/airflow_cnn_pipeline_final/airflow_test_env/lib/python3.7/site-packages/airflow/example_dags/example_trigger_controller_dag.py took 0.088 seconds
[2021-03-17 16:51:29,046] {scheduler_job.py:182} INFO - Started process (PID=29600) to work on /Users/prathyusha/Desktop/pranathi/airflow_cnn_pipeline_final/airflow_test_env/lib/python3.7/site-packages/airflow/example_dags/example_trigger_controller_dag.py
[2021-03-17 16:51:29,050] {scheduler_job.py:629} INFO - Processing file /Users/prathyusha/Desktop/pranathi/airflow_cnn_pipeline_final/airflow_test_env/lib/python3.7/site-packages/airflow/example_dags/example_trigger_controller_dag.py for tasks to queue
[2021-03-17 16:51:29,051] {logging_mixin.py:104} INFO - [2021-03-17 16:51:29,051] {dagbag.py:448} INFO - Filling up the DagBag from /Users/prathyusha/Desktop/pranathi/airflow_cnn_pipeline_final/airflow_test_env/lib/python3.7/site-packages/airflow/example_dags/example_trigger_controller_dag.py
[2021-03-17 16:51:29,067] {scheduler_job.py:639} INFO - DAG(s) dict_keys(['example_trigger_controller_dag']) retrieved from /Users/prathyusha/Desktop/pranathi/airflow_cnn_pipeline_final/airflow_test_env/lib/python3.7/site-packages/airflow/example_dags/example_trigger_controller_dag.py
[2021-03-17 16:51:29,083] {logging_mixin.py:104} INFO - [2021-03-17 16:51:29,082] {dag.py:1818} INFO - Sync 1 DAGs
[2021-03-17 16:51:29,100] {logging_mixin.py:104} INFO - [2021-03-17 16:51:29,099] {dag.py:2273} INFO - Setting next_dagrun for example_trigger_controller_dag to 2021-03-15 00:00:00+00:00
[2021-03-17 16:51:29,108] {scheduler_job.py:190} INFO - Processing /Users/prathyusha/Desktop/pranathi/airflow_cnn_pipeline_final/airflow_test_env/lib/python3.7/site-packages/airflow/example_dags/example_trigger_controller_dag.py took 0.066 seconds
[2021-03-17 16:52:00,098] {scheduler_job.py:182} INFO - Started process (PID=29647) to work on /Users/prathyusha/Desktop/pranathi/airflow_cnn_pipeline_final/airflow_test_env/lib/python3.7/site-packages/airflow/example_dags/example_trigger_controller_dag.py
[2021-03-17 16:52:00,100] {scheduler_job.py:629} INFO - Processing file /Users/prathyusha/Desktop/pranathi/airflow_cnn_pipeline_final/airflow_test_env/lib/python3.7/site-packages/airflow/example_dags/example_trigger_controller_dag.py for tasks to queue
[2021-03-17 16:52:00,102] {logging_mixin.py:104} INFO - [2021-03-17 16:52:00,102] {dagbag.py:448} INFO - Filling up the DagBag from /Users/prathyusha/Desktop/pranathi/airflow_cnn_pipeline_final/airflow_test_env/lib/python3.7/site-packages/airflow/example_dags/example_trigger_controller_dag.py
[2021-03-17 16:52:00,126] {scheduler_job.py:639} INFO - DAG(s) dict_keys(['example_trigger_controller_dag']) retrieved from /Users/prathyusha/Desktop/pranathi/airflow_cnn_pipeline_final/airflow_test_env/lib/python3.7/site-packages/airflow/example_dags/example_trigger_controller_dag.py
[2021-03-17 16:52:00,146] {logging_mixin.py:104} INFO - [2021-03-17 16:52:00,145] {dag.py:1818} INFO - Sync 1 DAGs
[2021-03-17 16:52:00,169] {logging_mixin.py:104} INFO - [2021-03-17 16:52:00,169] {dag.py:2273} INFO - Setting next_dagrun for example_trigger_controller_dag to 2021-03-15 00:00:00+00:00
[2021-03-17 16:52:00,178] {scheduler_job.py:190} INFO - Processing /Users/prathyusha/Desktop/pranathi/airflow_cnn_pipeline_final/airflow_test_env/lib/python3.7/site-packages/airflow/example_dags/example_trigger_controller_dag.py took 0.086 seconds
[2021-03-17 16:52:31,084] {scheduler_job.py:182} INFO - Started process (PID=29767) to work on /Users/prathyusha/Desktop/pranathi/airflow_cnn_pipeline_final/airflow_test_env/lib/python3.7/site-packages/airflow/example_dags/example_trigger_controller_dag.py
[2021-03-17 16:52:31,087] {scheduler_job.py:629} INFO - Processing file /Users/prathyusha/Desktop/pranathi/airflow_cnn_pipeline_final/airflow_test_env/lib/python3.7/site-packages/airflow/example_dags/example_trigger_controller_dag.py for tasks to queue
[2021-03-17 16:52:31,088] {logging_mixin.py:104} INFO - [2021-03-17 16:52:31,088] {dagbag.py:448} INFO - Filling up the DagBag from /Users/prathyusha/Desktop/pranathi/airflow_cnn_pipeline_final/airflow_test_env/lib/python3.7/site-packages/airflow/example_dags/example_trigger_controller_dag.py
[2021-03-17 16:52:31,103] {scheduler_job.py:639} INFO - DAG(s) dict_keys(['example_trigger_controller_dag']) retrieved from /Users/prathyusha/Desktop/pranathi/airflow_cnn_pipeline_final/airflow_test_env/lib/python3.7/site-packages/airflow/example_dags/example_trigger_controller_dag.py
[2021-03-17 16:52:31,120] {logging_mixin.py:104} INFO - [2021-03-17 16:52:31,120] {dag.py:1818} INFO - Sync 1 DAGs
[2021-03-17 16:52:31,134] {logging_mixin.py:104} INFO - [2021-03-17 16:52:31,134] {dag.py:2273} INFO - Setting next_dagrun for example_trigger_controller_dag to 2021-03-15 00:00:00+00:00
[2021-03-17 16:52:31,145] {scheduler_job.py:190} INFO - Processing /Users/prathyusha/Desktop/pranathi/airflow_cnn_pipeline_final/airflow_test_env/lib/python3.7/site-packages/airflow/example_dags/example_trigger_controller_dag.py took 0.067 seconds
[2021-03-17 16:53:02,149] {scheduler_job.py:182} INFO - Started process (PID=29825) to work on /Users/prathyusha/Desktop/pranathi/airflow_cnn_pipeline_final/airflow_test_env/lib/python3.7/site-packages/airflow/example_dags/example_trigger_controller_dag.py
[2021-03-17 16:53:02,152] {scheduler_job.py:629} INFO - Processing file /Users/prathyusha/Desktop/pranathi/airflow_cnn_pipeline_final/airflow_test_env/lib/python3.7/site-packages/airflow/example_dags/example_trigger_controller_dag.py for tasks to queue
[2021-03-17 16:53:02,154] {logging_mixin.py:104} INFO - [2021-03-17 16:53:02,154] {dagbag.py:448} INFO - Filling up the DagBag from /Users/prathyusha/Desktop/pranathi/airflow_cnn_pipeline_final/airflow_test_env/lib/python3.7/site-packages/airflow/example_dags/example_trigger_controller_dag.py
[2021-03-17 16:53:02,179] {scheduler_job.py:639} INFO - DAG(s) dict_keys(['example_trigger_controller_dag']) retrieved from /Users/prathyusha/Desktop/pranathi/airflow_cnn_pipeline_final/airflow_test_env/lib/python3.7/site-packages/airflow/example_dags/example_trigger_controller_dag.py
[2021-03-17 16:53:02,200] {logging_mixin.py:104} INFO - [2021-03-17 16:53:02,200] {dag.py:1818} INFO - Sync 1 DAGs
[2021-03-17 16:53:02,220] {logging_mixin.py:104} INFO - [2021-03-17 16:53:02,219] {dag.py:2273} INFO - Setting next_dagrun for example_trigger_controller_dag to 2021-03-15 00:00:00+00:00
[2021-03-17 16:53:02,243] {scheduler_job.py:190} INFO - Processing /Users/prathyusha/Desktop/pranathi/airflow_cnn_pipeline_final/airflow_test_env/lib/python3.7/site-packages/airflow/example_dags/example_trigger_controller_dag.py took 0.102 seconds
[2021-03-17 16:53:32,518] {scheduler_job.py:182} INFO - Started process (PID=29889) to work on /Users/prathyusha/Desktop/pranathi/airflow_cnn_pipeline_final/airflow_test_env/lib/python3.7/site-packages/airflow/example_dags/example_trigger_controller_dag.py
[2021-03-17 16:53:32,521] {scheduler_job.py:629} INFO - Processing file /Users/prathyusha/Desktop/pranathi/airflow_cnn_pipeline_final/airflow_test_env/lib/python3.7/site-packages/airflow/example_dags/example_trigger_controller_dag.py for tasks to queue
[2021-03-17 16:53:32,523] {logging_mixin.py:104} INFO - [2021-03-17 16:53:32,522] {dagbag.py:448} INFO - Filling up the DagBag from /Users/prathyusha/Desktop/pranathi/airflow_cnn_pipeline_final/airflow_test_env/lib/python3.7/site-packages/airflow/example_dags/example_trigger_controller_dag.py
[2021-03-17 16:53:32,537] {scheduler_job.py:639} INFO - DAG(s) dict_keys(['example_trigger_controller_dag']) retrieved from /Users/prathyusha/Desktop/pranathi/airflow_cnn_pipeline_final/airflow_test_env/lib/python3.7/site-packages/airflow/example_dags/example_trigger_controller_dag.py
[2021-03-17 16:53:32,555] {logging_mixin.py:104} INFO - [2021-03-17 16:53:32,555] {dag.py:1818} INFO - Sync 1 DAGs
[2021-03-17 16:53:32,575] {logging_mixin.py:104} INFO - [2021-03-17 16:53:32,574] {dag.py:2273} INFO - Setting next_dagrun for example_trigger_controller_dag to 2021-03-15 00:00:00+00:00
[2021-03-17 16:53:32,585] {scheduler_job.py:190} INFO - Processing /Users/prathyusha/Desktop/pranathi/airflow_cnn_pipeline_final/airflow_test_env/lib/python3.7/site-packages/airflow/example_dags/example_trigger_controller_dag.py took 0.072 seconds
[2021-03-17 16:54:03,152] {scheduler_job.py:182} INFO - Started process (PID=29925) to work on /Users/prathyusha/Desktop/pranathi/airflow_cnn_pipeline_final/airflow_test_env/lib/python3.7/site-packages/airflow/example_dags/example_trigger_controller_dag.py
[2021-03-17 16:54:03,155] {scheduler_job.py:629} INFO - Processing file /Users/prathyusha/Desktop/pranathi/airflow_cnn_pipeline_final/airflow_test_env/lib/python3.7/site-packages/airflow/example_dags/example_trigger_controller_dag.py for tasks to queue
[2021-03-17 16:54:03,157] {logging_mixin.py:104} INFO - [2021-03-17 16:54:03,156] {dagbag.py:448} INFO - Filling up the DagBag from /Users/prathyusha/Desktop/pranathi/airflow_cnn_pipeline_final/airflow_test_env/lib/python3.7/site-packages/airflow/example_dags/example_trigger_controller_dag.py
[2021-03-17 16:54:03,180] {scheduler_job.py:639} INFO - DAG(s) dict_keys(['example_trigger_controller_dag']) retrieved from /Users/prathyusha/Desktop/pranathi/airflow_cnn_pipeline_final/airflow_test_env/lib/python3.7/site-packages/airflow/example_dags/example_trigger_controller_dag.py
[2021-03-17 16:54:03,204] {logging_mixin.py:104} INFO - [2021-03-17 16:54:03,203] {dag.py:1818} INFO - Sync 1 DAGs
[2021-03-17 16:54:03,229] {logging_mixin.py:104} INFO - [2021-03-17 16:54:03,227] {dag.py:2273} INFO - Setting next_dagrun for example_trigger_controller_dag to 2021-03-15 00:00:00+00:00
[2021-03-17 16:54:03,250] {scheduler_job.py:190} INFO - Processing /Users/prathyusha/Desktop/pranathi/airflow_cnn_pipeline_final/airflow_test_env/lib/python3.7/site-packages/airflow/example_dags/example_trigger_controller_dag.py took 0.105 seconds
[2021-03-17 16:54:33,625] {scheduler_job.py:182} INFO - Started process (PID=29970) to work on /Users/prathyusha/Desktop/pranathi/airflow_cnn_pipeline_final/airflow_test_env/lib/python3.7/site-packages/airflow/example_dags/example_trigger_controller_dag.py
[2021-03-17 16:54:33,628] {scheduler_job.py:629} INFO - Processing file /Users/prathyusha/Desktop/pranathi/airflow_cnn_pipeline_final/airflow_test_env/lib/python3.7/site-packages/airflow/example_dags/example_trigger_controller_dag.py for tasks to queue
[2021-03-17 16:54:33,630] {logging_mixin.py:104} INFO - [2021-03-17 16:54:33,629] {dagbag.py:448} INFO - Filling up the DagBag from /Users/prathyusha/Desktop/pranathi/airflow_cnn_pipeline_final/airflow_test_env/lib/python3.7/site-packages/airflow/example_dags/example_trigger_controller_dag.py
[2021-03-17 16:54:33,654] {scheduler_job.py:639} INFO - DAG(s) dict_keys(['example_trigger_controller_dag']) retrieved from /Users/prathyusha/Desktop/pranathi/airflow_cnn_pipeline_final/airflow_test_env/lib/python3.7/site-packages/airflow/example_dags/example_trigger_controller_dag.py
[2021-03-17 16:54:33,677] {logging_mixin.py:104} INFO - [2021-03-17 16:54:33,677] {dag.py:1818} INFO - Sync 1 DAGs
[2021-03-17 16:54:33,712] {logging_mixin.py:104} INFO - [2021-03-17 16:54:33,712] {dag.py:2273} INFO - Setting next_dagrun for example_trigger_controller_dag to 2021-03-15 00:00:00+00:00
[2021-03-17 16:54:33,724] {scheduler_job.py:190} INFO - Processing /Users/prathyusha/Desktop/pranathi/airflow_cnn_pipeline_final/airflow_test_env/lib/python3.7/site-packages/airflow/example_dags/example_trigger_controller_dag.py took 0.105 seconds
[2021-03-17 16:55:04,182] {scheduler_job.py:182} INFO - Started process (PID=30017) to work on /Users/prathyusha/Desktop/pranathi/airflow_cnn_pipeline_final/airflow_test_env/lib/python3.7/site-packages/airflow/example_dags/example_trigger_controller_dag.py
[2021-03-17 16:55:04,184] {scheduler_job.py:629} INFO - Processing file /Users/prathyusha/Desktop/pranathi/airflow_cnn_pipeline_final/airflow_test_env/lib/python3.7/site-packages/airflow/example_dags/example_trigger_controller_dag.py for tasks to queue
[2021-03-17 16:55:04,186] {logging_mixin.py:104} INFO - [2021-03-17 16:55:04,185] {dagbag.py:448} INFO - Filling up the DagBag from /Users/prathyusha/Desktop/pranathi/airflow_cnn_pipeline_final/airflow_test_env/lib/python3.7/site-packages/airflow/example_dags/example_trigger_controller_dag.py
[2021-03-17 16:55:04,213] {scheduler_job.py:639} INFO - DAG(s) dict_keys(['example_trigger_controller_dag']) retrieved from /Users/prathyusha/Desktop/pranathi/airflow_cnn_pipeline_final/airflow_test_env/lib/python3.7/site-packages/airflow/example_dags/example_trigger_controller_dag.py
[2021-03-17 16:55:04,236] {logging_mixin.py:104} INFO - [2021-03-17 16:55:04,235] {dag.py:1818} INFO - Sync 1 DAGs
[2021-03-17 16:55:04,252] {logging_mixin.py:104} INFO - [2021-03-17 16:55:04,252] {dag.py:2273} INFO - Setting next_dagrun for example_trigger_controller_dag to 2021-03-15 00:00:00+00:00
[2021-03-17 16:55:04,263] {scheduler_job.py:190} INFO - Processing /Users/prathyusha/Desktop/pranathi/airflow_cnn_pipeline_final/airflow_test_env/lib/python3.7/site-packages/airflow/example_dags/example_trigger_controller_dag.py took 0.085 seconds
[2021-03-17 16:55:34,883] {scheduler_job.py:182} INFO - Started process (PID=30055) to work on /Users/prathyusha/Desktop/pranathi/airflow_cnn_pipeline_final/airflow_test_env/lib/python3.7/site-packages/airflow/example_dags/example_trigger_controller_dag.py
[2021-03-17 16:55:34,885] {scheduler_job.py:629} INFO - Processing file /Users/prathyusha/Desktop/pranathi/airflow_cnn_pipeline_final/airflow_test_env/lib/python3.7/site-packages/airflow/example_dags/example_trigger_controller_dag.py for tasks to queue
[2021-03-17 16:55:34,886] {logging_mixin.py:104} INFO - [2021-03-17 16:55:34,886] {dagbag.py:448} INFO - Filling up the DagBag from /Users/prathyusha/Desktop/pranathi/airflow_cnn_pipeline_final/airflow_test_env/lib/python3.7/site-packages/airflow/example_dags/example_trigger_controller_dag.py
[2021-03-17 16:55:34,901] {scheduler_job.py:639} INFO - DAG(s) dict_keys(['example_trigger_controller_dag']) retrieved from /Users/prathyusha/Desktop/pranathi/airflow_cnn_pipeline_final/airflow_test_env/lib/python3.7/site-packages/airflow/example_dags/example_trigger_controller_dag.py
[2021-03-17 16:55:34,919] {logging_mixin.py:104} INFO - [2021-03-17 16:55:34,919] {dag.py:1818} INFO - Sync 1 DAGs
[2021-03-17 16:55:34,933] {logging_mixin.py:104} INFO - [2021-03-17 16:55:34,932] {dag.py:2273} INFO - Setting next_dagrun for example_trigger_controller_dag to 2021-03-15 00:00:00+00:00
[2021-03-17 16:55:34,941] {scheduler_job.py:190} INFO - Processing /Users/prathyusha/Desktop/pranathi/airflow_cnn_pipeline_final/airflow_test_env/lib/python3.7/site-packages/airflow/example_dags/example_trigger_controller_dag.py took 0.062 seconds
[2021-03-17 16:56:05,654] {scheduler_job.py:182} INFO - Started process (PID=30100) to work on /Users/prathyusha/Desktop/pranathi/airflow_cnn_pipeline_final/airflow_test_env/lib/python3.7/site-packages/airflow/example_dags/example_trigger_controller_dag.py
[2021-03-17 16:56:05,656] {scheduler_job.py:629} INFO - Processing file /Users/prathyusha/Desktop/pranathi/airflow_cnn_pipeline_final/airflow_test_env/lib/python3.7/site-packages/airflow/example_dags/example_trigger_controller_dag.py for tasks to queue
[2021-03-17 16:56:05,657] {logging_mixin.py:104} INFO - [2021-03-17 16:56:05,657] {dagbag.py:448} INFO - Filling up the DagBag from /Users/prathyusha/Desktop/pranathi/airflow_cnn_pipeline_final/airflow_test_env/lib/python3.7/site-packages/airflow/example_dags/example_trigger_controller_dag.py
[2021-03-17 16:56:05,672] {scheduler_job.py:639} INFO - DAG(s) dict_keys(['example_trigger_controller_dag']) retrieved from /Users/prathyusha/Desktop/pranathi/airflow_cnn_pipeline_final/airflow_test_env/lib/python3.7/site-packages/airflow/example_dags/example_trigger_controller_dag.py
[2021-03-17 16:56:05,687] {logging_mixin.py:104} INFO - [2021-03-17 16:56:05,686] {dag.py:1818} INFO - Sync 1 DAGs
[2021-03-17 16:56:05,699] {logging_mixin.py:104} INFO - [2021-03-17 16:56:05,699] {dag.py:2273} INFO - Setting next_dagrun for example_trigger_controller_dag to 2021-03-15 00:00:00+00:00
[2021-03-17 16:56:05,711] {scheduler_job.py:190} INFO - Processing /Users/prathyusha/Desktop/pranathi/airflow_cnn_pipeline_final/airflow_test_env/lib/python3.7/site-packages/airflow/example_dags/example_trigger_controller_dag.py took 0.061 seconds
[2021-03-17 16:56:36,764] {scheduler_job.py:182} INFO - Started process (PID=30133) to work on /Users/prathyusha/Desktop/pranathi/airflow_cnn_pipeline_final/airflow_test_env/lib/python3.7/site-packages/airflow/example_dags/example_trigger_controller_dag.py
[2021-03-17 16:56:36,767] {scheduler_job.py:629} INFO - Processing file /Users/prathyusha/Desktop/pranathi/airflow_cnn_pipeline_final/airflow_test_env/lib/python3.7/site-packages/airflow/example_dags/example_trigger_controller_dag.py for tasks to queue
[2021-03-17 16:56:36,770] {logging_mixin.py:104} INFO - [2021-03-17 16:56:36,769] {dagbag.py:448} INFO - Filling up the DagBag from /Users/prathyusha/Desktop/pranathi/airflow_cnn_pipeline_final/airflow_test_env/lib/python3.7/site-packages/airflow/example_dags/example_trigger_controller_dag.py
[2021-03-17 16:56:36,784] {scheduler_job.py:639} INFO - DAG(s) dict_keys(['example_trigger_controller_dag']) retrieved from /Users/prathyusha/Desktop/pranathi/airflow_cnn_pipeline_final/airflow_test_env/lib/python3.7/site-packages/airflow/example_dags/example_trigger_controller_dag.py
[2021-03-17 16:56:36,800] {logging_mixin.py:104} INFO - [2021-03-17 16:56:36,800] {dag.py:1818} INFO - Sync 1 DAGs
[2021-03-17 16:56:36,815] {logging_mixin.py:104} INFO - [2021-03-17 16:56:36,814] {dag.py:2273} INFO - Setting next_dagrun for example_trigger_controller_dag to 2021-03-15 00:00:00+00:00
[2021-03-17 16:56:36,824] {scheduler_job.py:190} INFO - Processing /Users/prathyusha/Desktop/pranathi/airflow_cnn_pipeline_final/airflow_test_env/lib/python3.7/site-packages/airflow/example_dags/example_trigger_controller_dag.py took 0.064 seconds
[2021-03-17 16:57:07,318] {scheduler_job.py:182} INFO - Started process (PID=30167) to work on /Users/prathyusha/Desktop/pranathi/airflow_cnn_pipeline_final/airflow_test_env/lib/python3.7/site-packages/airflow/example_dags/example_trigger_controller_dag.py
[2021-03-17 16:57:07,319] {scheduler_job.py:629} INFO - Processing file /Users/prathyusha/Desktop/pranathi/airflow_cnn_pipeline_final/airflow_test_env/lib/python3.7/site-packages/airflow/example_dags/example_trigger_controller_dag.py for tasks to queue
[2021-03-17 16:57:07,321] {logging_mixin.py:104} INFO - [2021-03-17 16:57:07,320] {dagbag.py:448} INFO - Filling up the DagBag from /Users/prathyusha/Desktop/pranathi/airflow_cnn_pipeline_final/airflow_test_env/lib/python3.7/site-packages/airflow/example_dags/example_trigger_controller_dag.py
[2021-03-17 16:57:07,333] {scheduler_job.py:639} INFO - DAG(s) dict_keys(['example_trigger_controller_dag']) retrieved from /Users/prathyusha/Desktop/pranathi/airflow_cnn_pipeline_final/airflow_test_env/lib/python3.7/site-packages/airflow/example_dags/example_trigger_controller_dag.py
[2021-03-17 16:57:07,351] {logging_mixin.py:104} INFO - [2021-03-17 16:57:07,351] {dag.py:1818} INFO - Sync 1 DAGs
[2021-03-17 16:57:07,365] {logging_mixin.py:104} INFO - [2021-03-17 16:57:07,365] {dag.py:2273} INFO - Setting next_dagrun for example_trigger_controller_dag to 2021-03-15 00:00:00+00:00
[2021-03-17 16:57:07,375] {scheduler_job.py:190} INFO - Processing /Users/prathyusha/Desktop/pranathi/airflow_cnn_pipeline_final/airflow_test_env/lib/python3.7/site-packages/airflow/example_dags/example_trigger_controller_dag.py took 0.064 seconds
[2021-03-17 16:57:40,986] {scheduler_job.py:182} INFO - Started process (PID=30201) to work on /Users/prathyusha/Desktop/pranathi/airflow_cnn_pipeline_final/airflow_test_env/lib/python3.7/site-packages/airflow/example_dags/example_trigger_controller_dag.py
[2021-03-17 16:57:40,995] {scheduler_job.py:629} INFO - Processing file /Users/prathyusha/Desktop/pranathi/airflow_cnn_pipeline_final/airflow_test_env/lib/python3.7/site-packages/airflow/example_dags/example_trigger_controller_dag.py for tasks to queue
[2021-03-17 16:57:40,998] {logging_mixin.py:104} INFO - [2021-03-17 16:57:40,997] {dagbag.py:448} INFO - Filling up the DagBag from /Users/prathyusha/Desktop/pranathi/airflow_cnn_pipeline_final/airflow_test_env/lib/python3.7/site-packages/airflow/example_dags/example_trigger_controller_dag.py
[2021-03-17 16:57:41,026] {scheduler_job.py:639} INFO - DAG(s) dict_keys(['example_trigger_controller_dag']) retrieved from /Users/prathyusha/Desktop/pranathi/airflow_cnn_pipeline_final/airflow_test_env/lib/python3.7/site-packages/airflow/example_dags/example_trigger_controller_dag.py
[2021-03-17 16:57:41,102] {logging_mixin.py:104} INFO - [2021-03-17 16:57:41,101] {dag.py:1818} INFO - Sync 1 DAGs
[2021-03-17 16:57:41,146] {logging_mixin.py:104} INFO - [2021-03-17 16:57:41,145] {dag.py:2273} INFO - Setting next_dagrun for example_trigger_controller_dag to 2021-03-15 00:00:00+00:00
[2021-03-17 16:57:41,171] {scheduler_job.py:190} INFO - Processing /Users/prathyusha/Desktop/pranathi/airflow_cnn_pipeline_final/airflow_test_env/lib/python3.7/site-packages/airflow/example_dags/example_trigger_controller_dag.py took 0.194 seconds
[2021-03-17 16:58:14,807] {scheduler_job.py:182} INFO - Started process (PID=30256) to work on /Users/prathyusha/Desktop/pranathi/airflow_cnn_pipeline_final/airflow_test_env/lib/python3.7/site-packages/airflow/example_dags/example_trigger_controller_dag.py
[2021-03-17 16:58:14,809] {scheduler_job.py:629} INFO - Processing file /Users/prathyusha/Desktop/pranathi/airflow_cnn_pipeline_final/airflow_test_env/lib/python3.7/site-packages/airflow/example_dags/example_trigger_controller_dag.py for tasks to queue
[2021-03-17 16:58:14,813] {logging_mixin.py:104} INFO - [2021-03-17 16:58:14,812] {dagbag.py:448} INFO - Filling up the DagBag from /Users/prathyusha/Desktop/pranathi/airflow_cnn_pipeline_final/airflow_test_env/lib/python3.7/site-packages/airflow/example_dags/example_trigger_controller_dag.py
[2021-03-17 16:58:14,839] {scheduler_job.py:639} INFO - DAG(s) dict_keys(['example_trigger_controller_dag']) retrieved from /Users/prathyusha/Desktop/pranathi/airflow_cnn_pipeline_final/airflow_test_env/lib/python3.7/site-packages/airflow/example_dags/example_trigger_controller_dag.py
[2021-03-17 16:58:14,862] {logging_mixin.py:104} INFO - [2021-03-17 16:58:14,861] {dag.py:1818} INFO - Sync 1 DAGs
[2021-03-17 16:58:14,887] {logging_mixin.py:104} INFO - [2021-03-17 16:58:14,886] {dag.py:2273} INFO - Setting next_dagrun for example_trigger_controller_dag to 2021-03-15 00:00:00+00:00
[2021-03-17 16:58:14,906] {scheduler_job.py:190} INFO - Processing /Users/prathyusha/Desktop/pranathi/airflow_cnn_pipeline_final/airflow_test_env/lib/python3.7/site-packages/airflow/example_dags/example_trigger_controller_dag.py took 0.106 seconds
[2021-03-17 16:58:47,608] {scheduler_job.py:182} INFO - Started process (PID=30305) to work on /Users/prathyusha/Desktop/pranathi/airflow_cnn_pipeline_final/airflow_test_env/lib/python3.7/site-packages/airflow/example_dags/example_trigger_controller_dag.py
[2021-03-17 16:58:47,616] {scheduler_job.py:629} INFO - Processing file /Users/prathyusha/Desktop/pranathi/airflow_cnn_pipeline_final/airflow_test_env/lib/python3.7/site-packages/airflow/example_dags/example_trigger_controller_dag.py for tasks to queue
[2021-03-17 16:58:47,623] {logging_mixin.py:104} INFO - [2021-03-17 16:58:47,620] {dagbag.py:448} INFO - Filling up the DagBag from /Users/prathyusha/Desktop/pranathi/airflow_cnn_pipeline_final/airflow_test_env/lib/python3.7/site-packages/airflow/example_dags/example_trigger_controller_dag.py
[2021-03-17 16:58:47,669] {scheduler_job.py:639} INFO - DAG(s) dict_keys(['example_trigger_controller_dag']) retrieved from /Users/prathyusha/Desktop/pranathi/airflow_cnn_pipeline_final/airflow_test_env/lib/python3.7/site-packages/airflow/example_dags/example_trigger_controller_dag.py
[2021-03-17 16:58:47,703] {logging_mixin.py:104} INFO - [2021-03-17 16:58:47,702] {dag.py:1818} INFO - Sync 1 DAGs
[2021-03-17 16:58:47,744] {logging_mixin.py:104} INFO - [2021-03-17 16:58:47,743] {dag.py:2273} INFO - Setting next_dagrun for example_trigger_controller_dag to 2021-03-15 00:00:00+00:00
[2021-03-17 16:58:47,764] {scheduler_job.py:190} INFO - Processing /Users/prathyusha/Desktop/pranathi/airflow_cnn_pipeline_final/airflow_test_env/lib/python3.7/site-packages/airflow/example_dags/example_trigger_controller_dag.py took 0.166 seconds
[2021-03-17 16:59:21,450] {scheduler_job.py:182} INFO - Started process (PID=30362) to work on /Users/prathyusha/Desktop/pranathi/airflow_cnn_pipeline_final/airflow_test_env/lib/python3.7/site-packages/airflow/example_dags/example_trigger_controller_dag.py
[2021-03-17 16:59:21,455] {scheduler_job.py:629} INFO - Processing file /Users/prathyusha/Desktop/pranathi/airflow_cnn_pipeline_final/airflow_test_env/lib/python3.7/site-packages/airflow/example_dags/example_trigger_controller_dag.py for tasks to queue
[2021-03-17 16:59:21,456] {logging_mixin.py:104} INFO - [2021-03-17 16:59:21,456] {dagbag.py:448} INFO - Filling up the DagBag from /Users/prathyusha/Desktop/pranathi/airflow_cnn_pipeline_final/airflow_test_env/lib/python3.7/site-packages/airflow/example_dags/example_trigger_controller_dag.py
[2021-03-17 16:59:21,473] {scheduler_job.py:639} INFO - DAG(s) dict_keys(['example_trigger_controller_dag']) retrieved from /Users/prathyusha/Desktop/pranathi/airflow_cnn_pipeline_final/airflow_test_env/lib/python3.7/site-packages/airflow/example_dags/example_trigger_controller_dag.py
[2021-03-17 16:59:21,491] {logging_mixin.py:104} INFO - [2021-03-17 16:59:21,490] {dag.py:1818} INFO - Sync 1 DAGs
[2021-03-17 16:59:21,505] {logging_mixin.py:104} INFO - [2021-03-17 16:59:21,504] {dag.py:2273} INFO - Setting next_dagrun for example_trigger_controller_dag to 2021-03-15 00:00:00+00:00
[2021-03-17 16:59:21,512] {scheduler_job.py:190} INFO - Processing /Users/prathyusha/Desktop/pranathi/airflow_cnn_pipeline_final/airflow_test_env/lib/python3.7/site-packages/airflow/example_dags/example_trigger_controller_dag.py took 0.067 seconds
