[2021-03-17 16:32:22,355] {scheduler_job.py:182} INFO - Started process (PID=28220) to work on /Users/prathyusha/Desktop/pranathi/airflow_cnn_pipeline_final/airflow_test_env/lib/python3.7/site-packages/airflow/example_dags/example_kubernetes_executor_config.py
[2021-03-17 16:32:22,357] {scheduler_job.py:629} INFO - Processing file /Users/prathyusha/Desktop/pranathi/airflow_cnn_pipeline_final/airflow_test_env/lib/python3.7/site-packages/airflow/example_dags/example_kubernetes_executor_config.py for tasks to queue
[2021-03-17 16:32:22,358] {logging_mixin.py:104} INFO - [2021-03-17 16:32:22,358] {dagbag.py:448} INFO - Filling up the DagBag from /Users/prathyusha/Desktop/pranathi/airflow_cnn_pipeline_final/airflow_test_env/lib/python3.7/site-packages/airflow/example_dags/example_kubernetes_executor_config.py
[2021-03-17 16:32:22,368] {logging_mixin.py:104} INFO - [2021-03-17 16:32:22,367] {example_kubernetes_executor_config.py:174} WARNING - Could not import DAGs in example_kubernetes_executor_config.py: No module named 'kubernetes'
[2021-03-17 16:32:22,368] {logging_mixin.py:104} INFO - [2021-03-17 16:32:22,368] {example_kubernetes_executor_config.py:175} WARNING - Install kubernetes dependencies with: pip install apache-airflow['cncf.kubernetes']
[2021-03-17 16:32:22,369] {scheduler_job.py:641} WARNING - No viable dags retrieved from /Users/prathyusha/Desktop/pranathi/airflow_cnn_pipeline_final/airflow_test_env/lib/python3.7/site-packages/airflow/example_dags/example_kubernetes_executor_config.py
[2021-03-17 16:32:22,377] {scheduler_job.py:190} INFO - Processing /Users/prathyusha/Desktop/pranathi/airflow_cnn_pipeline_final/airflow_test_env/lib/python3.7/site-packages/airflow/example_dags/example_kubernetes_executor_config.py took 0.025 seconds
[2021-03-17 16:32:53,391] {scheduler_job.py:182} INFO - Started process (PID=28270) to work on /Users/prathyusha/Desktop/pranathi/airflow_cnn_pipeline_final/airflow_test_env/lib/python3.7/site-packages/airflow/example_dags/example_kubernetes_executor_config.py
[2021-03-17 16:32:53,394] {scheduler_job.py:629} INFO - Processing file /Users/prathyusha/Desktop/pranathi/airflow_cnn_pipeline_final/airflow_test_env/lib/python3.7/site-packages/airflow/example_dags/example_kubernetes_executor_config.py for tasks to queue
[2021-03-17 16:32:53,396] {logging_mixin.py:104} INFO - [2021-03-17 16:32:53,395] {dagbag.py:448} INFO - Filling up the DagBag from /Users/prathyusha/Desktop/pranathi/airflow_cnn_pipeline_final/airflow_test_env/lib/python3.7/site-packages/airflow/example_dags/example_kubernetes_executor_config.py
[2021-03-17 16:32:53,407] {logging_mixin.py:104} INFO - [2021-03-17 16:32:53,407] {example_kubernetes_executor_config.py:174} WARNING - Could not import DAGs in example_kubernetes_executor_config.py: No module named 'kubernetes'
[2021-03-17 16:32:53,408] {logging_mixin.py:104} INFO - [2021-03-17 16:32:53,407] {example_kubernetes_executor_config.py:175} WARNING - Install kubernetes dependencies with: pip install apache-airflow['cncf.kubernetes']
[2021-03-17 16:32:53,408] {scheduler_job.py:641} WARNING - No viable dags retrieved from /Users/prathyusha/Desktop/pranathi/airflow_cnn_pipeline_final/airflow_test_env/lib/python3.7/site-packages/airflow/example_dags/example_kubernetes_executor_config.py
[2021-03-17 16:32:53,416] {scheduler_job.py:190} INFO - Processing /Users/prathyusha/Desktop/pranathi/airflow_cnn_pipeline_final/airflow_test_env/lib/python3.7/site-packages/airflow/example_dags/example_kubernetes_executor_config.py took 0.029 seconds
[2021-03-17 16:33:24,118] {scheduler_job.py:182} INFO - Started process (PID=28299) to work on /Users/prathyusha/Desktop/pranathi/airflow_cnn_pipeline_final/airflow_test_env/lib/python3.7/site-packages/airflow/example_dags/example_kubernetes_executor_config.py
[2021-03-17 16:33:24,119] {scheduler_job.py:629} INFO - Processing file /Users/prathyusha/Desktop/pranathi/airflow_cnn_pipeline_final/airflow_test_env/lib/python3.7/site-packages/airflow/example_dags/example_kubernetes_executor_config.py for tasks to queue
[2021-03-17 16:33:24,121] {logging_mixin.py:104} INFO - [2021-03-17 16:33:24,121] {dagbag.py:448} INFO - Filling up the DagBag from /Users/prathyusha/Desktop/pranathi/airflow_cnn_pipeline_final/airflow_test_env/lib/python3.7/site-packages/airflow/example_dags/example_kubernetes_executor_config.py
[2021-03-17 16:33:24,130] {logging_mixin.py:104} INFO - [2021-03-17 16:33:24,129] {example_kubernetes_executor_config.py:174} WARNING - Could not import DAGs in example_kubernetes_executor_config.py: No module named 'kubernetes'
[2021-03-17 16:33:24,130] {logging_mixin.py:104} INFO - [2021-03-17 16:33:24,130] {example_kubernetes_executor_config.py:175} WARNING - Install kubernetes dependencies with: pip install apache-airflow['cncf.kubernetes']
[2021-03-17 16:33:24,131] {scheduler_job.py:641} WARNING - No viable dags retrieved from /Users/prathyusha/Desktop/pranathi/airflow_cnn_pipeline_final/airflow_test_env/lib/python3.7/site-packages/airflow/example_dags/example_kubernetes_executor_config.py
[2021-03-17 16:33:24,139] {scheduler_job.py:190} INFO - Processing /Users/prathyusha/Desktop/pranathi/airflow_cnn_pipeline_final/airflow_test_env/lib/python3.7/site-packages/airflow/example_dags/example_kubernetes_executor_config.py took 0.024 seconds
[2021-03-17 16:33:55,198] {scheduler_job.py:182} INFO - Started process (PID=28334) to work on /Users/prathyusha/Desktop/pranathi/airflow_cnn_pipeline_final/airflow_test_env/lib/python3.7/site-packages/airflow/example_dags/example_kubernetes_executor_config.py
[2021-03-17 16:33:55,202] {scheduler_job.py:629} INFO - Processing file /Users/prathyusha/Desktop/pranathi/airflow_cnn_pipeline_final/airflow_test_env/lib/python3.7/site-packages/airflow/example_dags/example_kubernetes_executor_config.py for tasks to queue
[2021-03-17 16:33:55,204] {logging_mixin.py:104} INFO - [2021-03-17 16:33:55,204] {dagbag.py:448} INFO - Filling up the DagBag from /Users/prathyusha/Desktop/pranathi/airflow_cnn_pipeline_final/airflow_test_env/lib/python3.7/site-packages/airflow/example_dags/example_kubernetes_executor_config.py
[2021-03-17 16:33:55,216] {logging_mixin.py:104} INFO - [2021-03-17 16:33:55,216] {example_kubernetes_executor_config.py:174} WARNING - Could not import DAGs in example_kubernetes_executor_config.py: No module named 'kubernetes'
[2021-03-17 16:33:55,217] {logging_mixin.py:104} INFO - [2021-03-17 16:33:55,216] {example_kubernetes_executor_config.py:175} WARNING - Install kubernetes dependencies with: pip install apache-airflow['cncf.kubernetes']
[2021-03-17 16:33:55,217] {scheduler_job.py:641} WARNING - No viable dags retrieved from /Users/prathyusha/Desktop/pranathi/airflow_cnn_pipeline_final/airflow_test_env/lib/python3.7/site-packages/airflow/example_dags/example_kubernetes_executor_config.py
[2021-03-17 16:33:55,226] {scheduler_job.py:190} INFO - Processing /Users/prathyusha/Desktop/pranathi/airflow_cnn_pipeline_final/airflow_test_env/lib/python3.7/site-packages/airflow/example_dags/example_kubernetes_executor_config.py took 0.031 seconds
[2021-03-17 16:34:25,685] {scheduler_job.py:182} INFO - Started process (PID=28363) to work on /Users/prathyusha/Desktop/pranathi/airflow_cnn_pipeline_final/airflow_test_env/lib/python3.7/site-packages/airflow/example_dags/example_kubernetes_executor_config.py
[2021-03-17 16:34:25,686] {scheduler_job.py:629} INFO - Processing file /Users/prathyusha/Desktop/pranathi/airflow_cnn_pipeline_final/airflow_test_env/lib/python3.7/site-packages/airflow/example_dags/example_kubernetes_executor_config.py for tasks to queue
[2021-03-17 16:34:25,688] {logging_mixin.py:104} INFO - [2021-03-17 16:34:25,687] {dagbag.py:448} INFO - Filling up the DagBag from /Users/prathyusha/Desktop/pranathi/airflow_cnn_pipeline_final/airflow_test_env/lib/python3.7/site-packages/airflow/example_dags/example_kubernetes_executor_config.py
[2021-03-17 16:34:25,697] {logging_mixin.py:104} INFO - [2021-03-17 16:34:25,697] {example_kubernetes_executor_config.py:174} WARNING - Could not import DAGs in example_kubernetes_executor_config.py: No module named 'kubernetes'
[2021-03-17 16:34:25,698] {logging_mixin.py:104} INFO - [2021-03-17 16:34:25,698] {example_kubernetes_executor_config.py:175} WARNING - Install kubernetes dependencies with: pip install apache-airflow['cncf.kubernetes']
[2021-03-17 16:34:25,699] {scheduler_job.py:641} WARNING - No viable dags retrieved from /Users/prathyusha/Desktop/pranathi/airflow_cnn_pipeline_final/airflow_test_env/lib/python3.7/site-packages/airflow/example_dags/example_kubernetes_executor_config.py
[2021-03-17 16:34:25,706] {scheduler_job.py:190} INFO - Processing /Users/prathyusha/Desktop/pranathi/airflow_cnn_pipeline_final/airflow_test_env/lib/python3.7/site-packages/airflow/example_dags/example_kubernetes_executor_config.py took 0.026 seconds
[2021-03-17 16:34:56,492] {scheduler_job.py:182} INFO - Started process (PID=28395) to work on /Users/prathyusha/Desktop/pranathi/airflow_cnn_pipeline_final/airflow_test_env/lib/python3.7/site-packages/airflow/example_dags/example_kubernetes_executor_config.py
[2021-03-17 16:34:56,494] {scheduler_job.py:629} INFO - Processing file /Users/prathyusha/Desktop/pranathi/airflow_cnn_pipeline_final/airflow_test_env/lib/python3.7/site-packages/airflow/example_dags/example_kubernetes_executor_config.py for tasks to queue
[2021-03-17 16:34:56,495] {logging_mixin.py:104} INFO - [2021-03-17 16:34:56,495] {dagbag.py:448} INFO - Filling up the DagBag from /Users/prathyusha/Desktop/pranathi/airflow_cnn_pipeline_final/airflow_test_env/lib/python3.7/site-packages/airflow/example_dags/example_kubernetes_executor_config.py
[2021-03-17 16:34:56,505] {logging_mixin.py:104} INFO - [2021-03-17 16:34:56,504] {example_kubernetes_executor_config.py:174} WARNING - Could not import DAGs in example_kubernetes_executor_config.py: No module named 'kubernetes'
[2021-03-17 16:34:56,506] {logging_mixin.py:104} INFO - [2021-03-17 16:34:56,505] {example_kubernetes_executor_config.py:175} WARNING - Install kubernetes dependencies with: pip install apache-airflow['cncf.kubernetes']
[2021-03-17 16:34:56,506] {scheduler_job.py:641} WARNING - No viable dags retrieved from /Users/prathyusha/Desktop/pranathi/airflow_cnn_pipeline_final/airflow_test_env/lib/python3.7/site-packages/airflow/example_dags/example_kubernetes_executor_config.py
[2021-03-17 16:34:56,514] {scheduler_job.py:190} INFO - Processing /Users/prathyusha/Desktop/pranathi/airflow_cnn_pipeline_final/airflow_test_env/lib/python3.7/site-packages/airflow/example_dags/example_kubernetes_executor_config.py took 0.026 seconds
[2021-03-17 16:35:27,222] {scheduler_job.py:182} INFO - Started process (PID=28428) to work on /Users/prathyusha/Desktop/pranathi/airflow_cnn_pipeline_final/airflow_test_env/lib/python3.7/site-packages/airflow/example_dags/example_kubernetes_executor_config.py
[2021-03-17 16:35:27,223] {scheduler_job.py:629} INFO - Processing file /Users/prathyusha/Desktop/pranathi/airflow_cnn_pipeline_final/airflow_test_env/lib/python3.7/site-packages/airflow/example_dags/example_kubernetes_executor_config.py for tasks to queue
[2021-03-17 16:35:27,225] {logging_mixin.py:104} INFO - [2021-03-17 16:35:27,224] {dagbag.py:448} INFO - Filling up the DagBag from /Users/prathyusha/Desktop/pranathi/airflow_cnn_pipeline_final/airflow_test_env/lib/python3.7/site-packages/airflow/example_dags/example_kubernetes_executor_config.py
[2021-03-17 16:35:27,233] {logging_mixin.py:104} INFO - [2021-03-17 16:35:27,233] {example_kubernetes_executor_config.py:174} WARNING - Could not import DAGs in example_kubernetes_executor_config.py: No module named 'kubernetes'
[2021-03-17 16:35:27,234] {logging_mixin.py:104} INFO - [2021-03-17 16:35:27,233] {example_kubernetes_executor_config.py:175} WARNING - Install kubernetes dependencies with: pip install apache-airflow['cncf.kubernetes']
[2021-03-17 16:35:27,234] {scheduler_job.py:641} WARNING - No viable dags retrieved from /Users/prathyusha/Desktop/pranathi/airflow_cnn_pipeline_final/airflow_test_env/lib/python3.7/site-packages/airflow/example_dags/example_kubernetes_executor_config.py
[2021-03-17 16:35:27,241] {scheduler_job.py:190} INFO - Processing /Users/prathyusha/Desktop/pranathi/airflow_cnn_pipeline_final/airflow_test_env/lib/python3.7/site-packages/airflow/example_dags/example_kubernetes_executor_config.py took 0.023 seconds
[2021-03-17 16:35:58,271] {scheduler_job.py:182} INFO - Started process (PID=28470) to work on /Users/prathyusha/Desktop/pranathi/airflow_cnn_pipeline_final/airflow_test_env/lib/python3.7/site-packages/airflow/example_dags/example_kubernetes_executor_config.py
[2021-03-17 16:35:58,276] {scheduler_job.py:629} INFO - Processing file /Users/prathyusha/Desktop/pranathi/airflow_cnn_pipeline_final/airflow_test_env/lib/python3.7/site-packages/airflow/example_dags/example_kubernetes_executor_config.py for tasks to queue
[2021-03-17 16:35:58,277] {logging_mixin.py:104} INFO - [2021-03-17 16:35:58,277] {dagbag.py:448} INFO - Filling up the DagBag from /Users/prathyusha/Desktop/pranathi/airflow_cnn_pipeline_final/airflow_test_env/lib/python3.7/site-packages/airflow/example_dags/example_kubernetes_executor_config.py
[2021-03-17 16:35:58,286] {logging_mixin.py:104} INFO - [2021-03-17 16:35:58,286] {example_kubernetes_executor_config.py:174} WARNING - Could not import DAGs in example_kubernetes_executor_config.py: No module named 'kubernetes'
[2021-03-17 16:35:58,287] {logging_mixin.py:104} INFO - [2021-03-17 16:35:58,286] {example_kubernetes_executor_config.py:175} WARNING - Install kubernetes dependencies with: pip install apache-airflow['cncf.kubernetes']
[2021-03-17 16:35:58,287] {scheduler_job.py:641} WARNING - No viable dags retrieved from /Users/prathyusha/Desktop/pranathi/airflow_cnn_pipeline_final/airflow_test_env/lib/python3.7/site-packages/airflow/example_dags/example_kubernetes_executor_config.py
[2021-03-17 16:35:58,295] {scheduler_job.py:190} INFO - Processing /Users/prathyusha/Desktop/pranathi/airflow_cnn_pipeline_final/airflow_test_env/lib/python3.7/site-packages/airflow/example_dags/example_kubernetes_executor_config.py took 0.027 seconds
[2021-03-17 16:36:29,066] {scheduler_job.py:182} INFO - Started process (PID=28505) to work on /Users/prathyusha/Desktop/pranathi/airflow_cnn_pipeline_final/airflow_test_env/lib/python3.7/site-packages/airflow/example_dags/example_kubernetes_executor_config.py
[2021-03-17 16:36:29,070] {scheduler_job.py:629} INFO - Processing file /Users/prathyusha/Desktop/pranathi/airflow_cnn_pipeline_final/airflow_test_env/lib/python3.7/site-packages/airflow/example_dags/example_kubernetes_executor_config.py for tasks to queue
[2021-03-17 16:36:29,072] {logging_mixin.py:104} INFO - [2021-03-17 16:36:29,071] {dagbag.py:448} INFO - Filling up the DagBag from /Users/prathyusha/Desktop/pranathi/airflow_cnn_pipeline_final/airflow_test_env/lib/python3.7/site-packages/airflow/example_dags/example_kubernetes_executor_config.py
[2021-03-17 16:36:29,084] {logging_mixin.py:104} INFO - [2021-03-17 16:36:29,083] {example_kubernetes_executor_config.py:174} WARNING - Could not import DAGs in example_kubernetes_executor_config.py: No module named 'kubernetes'
[2021-03-17 16:36:29,085] {logging_mixin.py:104} INFO - [2021-03-17 16:36:29,084] {example_kubernetes_executor_config.py:175} WARNING - Install kubernetes dependencies with: pip install apache-airflow['cncf.kubernetes']
[2021-03-17 16:36:29,086] {scheduler_job.py:641} WARNING - No viable dags retrieved from /Users/prathyusha/Desktop/pranathi/airflow_cnn_pipeline_final/airflow_test_env/lib/python3.7/site-packages/airflow/example_dags/example_kubernetes_executor_config.py
[2021-03-17 16:36:29,094] {scheduler_job.py:190} INFO - Processing /Users/prathyusha/Desktop/pranathi/airflow_cnn_pipeline_final/airflow_test_env/lib/python3.7/site-packages/airflow/example_dags/example_kubernetes_executor_config.py took 0.031 seconds
[2021-03-17 16:36:59,651] {scheduler_job.py:182} INFO - Started process (PID=28534) to work on /Users/prathyusha/Desktop/pranathi/airflow_cnn_pipeline_final/airflow_test_env/lib/python3.7/site-packages/airflow/example_dags/example_kubernetes_executor_config.py
[2021-03-17 16:36:59,653] {scheduler_job.py:629} INFO - Processing file /Users/prathyusha/Desktop/pranathi/airflow_cnn_pipeline_final/airflow_test_env/lib/python3.7/site-packages/airflow/example_dags/example_kubernetes_executor_config.py for tasks to queue
[2021-03-17 16:36:59,654] {logging_mixin.py:104} INFO - [2021-03-17 16:36:59,654] {dagbag.py:448} INFO - Filling up the DagBag from /Users/prathyusha/Desktop/pranathi/airflow_cnn_pipeline_final/airflow_test_env/lib/python3.7/site-packages/airflow/example_dags/example_kubernetes_executor_config.py
[2021-03-17 16:36:59,663] {logging_mixin.py:104} INFO - [2021-03-17 16:36:59,663] {example_kubernetes_executor_config.py:174} WARNING - Could not import DAGs in example_kubernetes_executor_config.py: No module named 'kubernetes'
[2021-03-17 16:36:59,664] {logging_mixin.py:104} INFO - [2021-03-17 16:36:59,663] {example_kubernetes_executor_config.py:175} WARNING - Install kubernetes dependencies with: pip install apache-airflow['cncf.kubernetes']
[2021-03-17 16:36:59,664] {scheduler_job.py:641} WARNING - No viable dags retrieved from /Users/prathyusha/Desktop/pranathi/airflow_cnn_pipeline_final/airflow_test_env/lib/python3.7/site-packages/airflow/example_dags/example_kubernetes_executor_config.py
[2021-03-17 16:36:59,671] {scheduler_job.py:190} INFO - Processing /Users/prathyusha/Desktop/pranathi/airflow_cnn_pipeline_final/airflow_test_env/lib/python3.7/site-packages/airflow/example_dags/example_kubernetes_executor_config.py took 0.024 seconds
[2021-03-17 16:37:29,954] {scheduler_job.py:182} INFO - Started process (PID=28565) to work on /Users/prathyusha/Desktop/pranathi/airflow_cnn_pipeline_final/airflow_test_env/lib/python3.7/site-packages/airflow/example_dags/example_kubernetes_executor_config.py
[2021-03-17 16:37:29,956] {scheduler_job.py:629} INFO - Processing file /Users/prathyusha/Desktop/pranathi/airflow_cnn_pipeline_final/airflow_test_env/lib/python3.7/site-packages/airflow/example_dags/example_kubernetes_executor_config.py for tasks to queue
[2021-03-17 16:37:29,958] {logging_mixin.py:104} INFO - [2021-03-17 16:37:29,957] {dagbag.py:448} INFO - Filling up the DagBag from /Users/prathyusha/Desktop/pranathi/airflow_cnn_pipeline_final/airflow_test_env/lib/python3.7/site-packages/airflow/example_dags/example_kubernetes_executor_config.py
[2021-03-17 16:37:29,968] {logging_mixin.py:104} INFO - [2021-03-17 16:37:29,967] {example_kubernetes_executor_config.py:174} WARNING - Could not import DAGs in example_kubernetes_executor_config.py: No module named 'kubernetes'
[2021-03-17 16:37:29,968] {logging_mixin.py:104} INFO - [2021-03-17 16:37:29,968] {example_kubernetes_executor_config.py:175} WARNING - Install kubernetes dependencies with: pip install apache-airflow['cncf.kubernetes']
[2021-03-17 16:37:29,969] {scheduler_job.py:641} WARNING - No viable dags retrieved from /Users/prathyusha/Desktop/pranathi/airflow_cnn_pipeline_final/airflow_test_env/lib/python3.7/site-packages/airflow/example_dags/example_kubernetes_executor_config.py
[2021-03-17 16:37:29,977] {scheduler_job.py:190} INFO - Processing /Users/prathyusha/Desktop/pranathi/airflow_cnn_pipeline_final/airflow_test_env/lib/python3.7/site-packages/airflow/example_dags/example_kubernetes_executor_config.py took 0.027 seconds
[2021-03-17 16:38:01,296] {scheduler_job.py:182} INFO - Started process (PID=28597) to work on /Users/prathyusha/Desktop/pranathi/airflow_cnn_pipeline_final/airflow_test_env/lib/python3.7/site-packages/airflow/example_dags/example_kubernetes_executor_config.py
[2021-03-17 16:38:01,299] {scheduler_job.py:629} INFO - Processing file /Users/prathyusha/Desktop/pranathi/airflow_cnn_pipeline_final/airflow_test_env/lib/python3.7/site-packages/airflow/example_dags/example_kubernetes_executor_config.py for tasks to queue
[2021-03-17 16:38:01,300] {logging_mixin.py:104} INFO - [2021-03-17 16:38:01,299] {dagbag.py:448} INFO - Filling up the DagBag from /Users/prathyusha/Desktop/pranathi/airflow_cnn_pipeline_final/airflow_test_env/lib/python3.7/site-packages/airflow/example_dags/example_kubernetes_executor_config.py
[2021-03-17 16:38:01,309] {logging_mixin.py:104} INFO - [2021-03-17 16:38:01,308] {example_kubernetes_executor_config.py:174} WARNING - Could not import DAGs in example_kubernetes_executor_config.py: No module named 'kubernetes'
[2021-03-17 16:38:01,309] {logging_mixin.py:104} INFO - [2021-03-17 16:38:01,309] {example_kubernetes_executor_config.py:175} WARNING - Install kubernetes dependencies with: pip install apache-airflow['cncf.kubernetes']
[2021-03-17 16:38:01,310] {scheduler_job.py:641} WARNING - No viable dags retrieved from /Users/prathyusha/Desktop/pranathi/airflow_cnn_pipeline_final/airflow_test_env/lib/python3.7/site-packages/airflow/example_dags/example_kubernetes_executor_config.py
[2021-03-17 16:38:01,318] {scheduler_job.py:190} INFO - Processing /Users/prathyusha/Desktop/pranathi/airflow_cnn_pipeline_final/airflow_test_env/lib/python3.7/site-packages/airflow/example_dags/example_kubernetes_executor_config.py took 0.026 seconds
[2021-03-17 16:38:31,796] {scheduler_job.py:182} INFO - Started process (PID=28627) to work on /Users/prathyusha/Desktop/pranathi/airflow_cnn_pipeline_final/airflow_test_env/lib/python3.7/site-packages/airflow/example_dags/example_kubernetes_executor_config.py
[2021-03-17 16:38:31,798] {scheduler_job.py:629} INFO - Processing file /Users/prathyusha/Desktop/pranathi/airflow_cnn_pipeline_final/airflow_test_env/lib/python3.7/site-packages/airflow/example_dags/example_kubernetes_executor_config.py for tasks to queue
[2021-03-17 16:38:31,799] {logging_mixin.py:104} INFO - [2021-03-17 16:38:31,799] {dagbag.py:448} INFO - Filling up the DagBag from /Users/prathyusha/Desktop/pranathi/airflow_cnn_pipeline_final/airflow_test_env/lib/python3.7/site-packages/airflow/example_dags/example_kubernetes_executor_config.py
[2021-03-17 16:38:31,807] {logging_mixin.py:104} INFO - [2021-03-17 16:38:31,807] {example_kubernetes_executor_config.py:174} WARNING - Could not import DAGs in example_kubernetes_executor_config.py: No module named 'kubernetes'
[2021-03-17 16:38:31,808] {logging_mixin.py:104} INFO - [2021-03-17 16:38:31,808] {example_kubernetes_executor_config.py:175} WARNING - Install kubernetes dependencies with: pip install apache-airflow['cncf.kubernetes']
[2021-03-17 16:38:31,809] {scheduler_job.py:641} WARNING - No viable dags retrieved from /Users/prathyusha/Desktop/pranathi/airflow_cnn_pipeline_final/airflow_test_env/lib/python3.7/site-packages/airflow/example_dags/example_kubernetes_executor_config.py
[2021-03-17 16:38:31,816] {scheduler_job.py:190} INFO - Processing /Users/prathyusha/Desktop/pranathi/airflow_cnn_pipeline_final/airflow_test_env/lib/python3.7/site-packages/airflow/example_dags/example_kubernetes_executor_config.py took 0.024 seconds
[2021-03-17 16:39:02,410] {scheduler_job.py:182} INFO - Started process (PID=28694) to work on /Users/prathyusha/Desktop/pranathi/airflow_cnn_pipeline_final/airflow_test_env/lib/python3.7/site-packages/airflow/example_dags/example_kubernetes_executor_config.py
[2021-03-17 16:39:02,413] {scheduler_job.py:629} INFO - Processing file /Users/prathyusha/Desktop/pranathi/airflow_cnn_pipeline_final/airflow_test_env/lib/python3.7/site-packages/airflow/example_dags/example_kubernetes_executor_config.py for tasks to queue
[2021-03-17 16:39:02,415] {logging_mixin.py:104} INFO - [2021-03-17 16:39:02,415] {dagbag.py:448} INFO - Filling up the DagBag from /Users/prathyusha/Desktop/pranathi/airflow_cnn_pipeline_final/airflow_test_env/lib/python3.7/site-packages/airflow/example_dags/example_kubernetes_executor_config.py
[2021-03-17 16:39:02,424] {logging_mixin.py:104} INFO - [2021-03-17 16:39:02,424] {example_kubernetes_executor_config.py:174} WARNING - Could not import DAGs in example_kubernetes_executor_config.py: No module named 'kubernetes'
[2021-03-17 16:39:02,425] {logging_mixin.py:104} INFO - [2021-03-17 16:39:02,425] {example_kubernetes_executor_config.py:175} WARNING - Install kubernetes dependencies with: pip install apache-airflow['cncf.kubernetes']
[2021-03-17 16:39:02,426] {scheduler_job.py:641} WARNING - No viable dags retrieved from /Users/prathyusha/Desktop/pranathi/airflow_cnn_pipeline_final/airflow_test_env/lib/python3.7/site-packages/airflow/example_dags/example_kubernetes_executor_config.py
[2021-03-17 16:39:02,433] {scheduler_job.py:190} INFO - Processing /Users/prathyusha/Desktop/pranathi/airflow_cnn_pipeline_final/airflow_test_env/lib/python3.7/site-packages/airflow/example_dags/example_kubernetes_executor_config.py took 0.027 seconds
[2021-03-17 16:39:32,902] {scheduler_job.py:182} INFO - Started process (PID=28742) to work on /Users/prathyusha/Desktop/pranathi/airflow_cnn_pipeline_final/airflow_test_env/lib/python3.7/site-packages/airflow/example_dags/example_kubernetes_executor_config.py
[2021-03-17 16:39:32,904] {scheduler_job.py:629} INFO - Processing file /Users/prathyusha/Desktop/pranathi/airflow_cnn_pipeline_final/airflow_test_env/lib/python3.7/site-packages/airflow/example_dags/example_kubernetes_executor_config.py for tasks to queue
[2021-03-17 16:39:32,906] {logging_mixin.py:104} INFO - [2021-03-17 16:39:32,905] {dagbag.py:448} INFO - Filling up the DagBag from /Users/prathyusha/Desktop/pranathi/airflow_cnn_pipeline_final/airflow_test_env/lib/python3.7/site-packages/airflow/example_dags/example_kubernetes_executor_config.py
[2021-03-17 16:39:32,916] {logging_mixin.py:104} INFO - [2021-03-17 16:39:32,915] {example_kubernetes_executor_config.py:174} WARNING - Could not import DAGs in example_kubernetes_executor_config.py: No module named 'kubernetes'
[2021-03-17 16:39:32,917] {logging_mixin.py:104} INFO - [2021-03-17 16:39:32,916] {example_kubernetes_executor_config.py:175} WARNING - Install kubernetes dependencies with: pip install apache-airflow['cncf.kubernetes']
[2021-03-17 16:39:32,917] {scheduler_job.py:641} WARNING - No viable dags retrieved from /Users/prathyusha/Desktop/pranathi/airflow_cnn_pipeline_final/airflow_test_env/lib/python3.7/site-packages/airflow/example_dags/example_kubernetes_executor_config.py
[2021-03-17 16:39:32,925] {scheduler_job.py:190} INFO - Processing /Users/prathyusha/Desktop/pranathi/airflow_cnn_pipeline_final/airflow_test_env/lib/python3.7/site-packages/airflow/example_dags/example_kubernetes_executor_config.py took 0.026 seconds
[2021-03-17 16:40:04,621] {scheduler_job.py:182} INFO - Started process (PID=28787) to work on /Users/prathyusha/Desktop/pranathi/airflow_cnn_pipeline_final/airflow_test_env/lib/python3.7/site-packages/airflow/example_dags/example_kubernetes_executor_config.py
[2021-03-17 16:40:04,623] {scheduler_job.py:629} INFO - Processing file /Users/prathyusha/Desktop/pranathi/airflow_cnn_pipeline_final/airflow_test_env/lib/python3.7/site-packages/airflow/example_dags/example_kubernetes_executor_config.py for tasks to queue
[2021-03-17 16:40:04,624] {logging_mixin.py:104} INFO - [2021-03-17 16:40:04,624] {dagbag.py:448} INFO - Filling up the DagBag from /Users/prathyusha/Desktop/pranathi/airflow_cnn_pipeline_final/airflow_test_env/lib/python3.7/site-packages/airflow/example_dags/example_kubernetes_executor_config.py
[2021-03-17 16:40:04,636] {logging_mixin.py:104} INFO - [2021-03-17 16:40:04,635] {example_kubernetes_executor_config.py:174} WARNING - Could not import DAGs in example_kubernetes_executor_config.py: No module named 'kubernetes'
[2021-03-17 16:40:04,636] {logging_mixin.py:104} INFO - [2021-03-17 16:40:04,636] {example_kubernetes_executor_config.py:175} WARNING - Install kubernetes dependencies with: pip install apache-airflow['cncf.kubernetes']
[2021-03-17 16:40:04,637] {scheduler_job.py:641} WARNING - No viable dags retrieved from /Users/prathyusha/Desktop/pranathi/airflow_cnn_pipeline_final/airflow_test_env/lib/python3.7/site-packages/airflow/example_dags/example_kubernetes_executor_config.py
[2021-03-17 16:40:04,646] {scheduler_job.py:190} INFO - Processing /Users/prathyusha/Desktop/pranathi/airflow_cnn_pipeline_final/airflow_test_env/lib/python3.7/site-packages/airflow/example_dags/example_kubernetes_executor_config.py took 0.029 seconds
[2021-03-17 16:40:35,152] {scheduler_job.py:182} INFO - Started process (PID=28823) to work on /Users/prathyusha/Desktop/pranathi/airflow_cnn_pipeline_final/airflow_test_env/lib/python3.7/site-packages/airflow/example_dags/example_kubernetes_executor_config.py
[2021-03-17 16:40:35,154] {scheduler_job.py:629} INFO - Processing file /Users/prathyusha/Desktop/pranathi/airflow_cnn_pipeline_final/airflow_test_env/lib/python3.7/site-packages/airflow/example_dags/example_kubernetes_executor_config.py for tasks to queue
[2021-03-17 16:40:35,155] {logging_mixin.py:104} INFO - [2021-03-17 16:40:35,155] {dagbag.py:448} INFO - Filling up the DagBag from /Users/prathyusha/Desktop/pranathi/airflow_cnn_pipeline_final/airflow_test_env/lib/python3.7/site-packages/airflow/example_dags/example_kubernetes_executor_config.py
[2021-03-17 16:40:35,170] {logging_mixin.py:104} INFO - [2021-03-17 16:40:35,170] {example_kubernetes_executor_config.py:174} WARNING - Could not import DAGs in example_kubernetes_executor_config.py: No module named 'kubernetes'
[2021-03-17 16:40:35,171] {logging_mixin.py:104} INFO - [2021-03-17 16:40:35,170] {example_kubernetes_executor_config.py:175} WARNING - Install kubernetes dependencies with: pip install apache-airflow['cncf.kubernetes']
[2021-03-17 16:40:35,172] {scheduler_job.py:641} WARNING - No viable dags retrieved from /Users/prathyusha/Desktop/pranathi/airflow_cnn_pipeline_final/airflow_test_env/lib/python3.7/site-packages/airflow/example_dags/example_kubernetes_executor_config.py
[2021-03-17 16:40:35,183] {scheduler_job.py:190} INFO - Processing /Users/prathyusha/Desktop/pranathi/airflow_cnn_pipeline_final/airflow_test_env/lib/python3.7/site-packages/airflow/example_dags/example_kubernetes_executor_config.py took 0.036 seconds
[2021-03-17 16:41:05,851] {scheduler_job.py:182} INFO - Started process (PID=28857) to work on /Users/prathyusha/Desktop/pranathi/airflow_cnn_pipeline_final/airflow_test_env/lib/python3.7/site-packages/airflow/example_dags/example_kubernetes_executor_config.py
[2021-03-17 16:41:05,855] {scheduler_job.py:629} INFO - Processing file /Users/prathyusha/Desktop/pranathi/airflow_cnn_pipeline_final/airflow_test_env/lib/python3.7/site-packages/airflow/example_dags/example_kubernetes_executor_config.py for tasks to queue
[2021-03-17 16:41:05,857] {logging_mixin.py:104} INFO - [2021-03-17 16:41:05,856] {dagbag.py:448} INFO - Filling up the DagBag from /Users/prathyusha/Desktop/pranathi/airflow_cnn_pipeline_final/airflow_test_env/lib/python3.7/site-packages/airflow/example_dags/example_kubernetes_executor_config.py
[2021-03-17 16:41:05,868] {logging_mixin.py:104} INFO - [2021-03-17 16:41:05,867] {example_kubernetes_executor_config.py:174} WARNING - Could not import DAGs in example_kubernetes_executor_config.py: No module named 'kubernetes'
[2021-03-17 16:41:05,868] {logging_mixin.py:104} INFO - [2021-03-17 16:41:05,868] {example_kubernetes_executor_config.py:175} WARNING - Install kubernetes dependencies with: pip install apache-airflow['cncf.kubernetes']
[2021-03-17 16:41:05,869] {scheduler_job.py:641} WARNING - No viable dags retrieved from /Users/prathyusha/Desktop/pranathi/airflow_cnn_pipeline_final/airflow_test_env/lib/python3.7/site-packages/airflow/example_dags/example_kubernetes_executor_config.py
[2021-03-17 16:41:05,877] {scheduler_job.py:190} INFO - Processing /Users/prathyusha/Desktop/pranathi/airflow_cnn_pipeline_final/airflow_test_env/lib/python3.7/site-packages/airflow/example_dags/example_kubernetes_executor_config.py took 0.031 seconds
[2021-03-17 16:41:36,555] {scheduler_job.py:182} INFO - Started process (PID=28887) to work on /Users/prathyusha/Desktop/pranathi/airflow_cnn_pipeline_final/airflow_test_env/lib/python3.7/site-packages/airflow/example_dags/example_kubernetes_executor_config.py
[2021-03-17 16:41:36,559] {scheduler_job.py:629} INFO - Processing file /Users/prathyusha/Desktop/pranathi/airflow_cnn_pipeline_final/airflow_test_env/lib/python3.7/site-packages/airflow/example_dags/example_kubernetes_executor_config.py for tasks to queue
[2021-03-17 16:41:36,561] {logging_mixin.py:104} INFO - [2021-03-17 16:41:36,560] {dagbag.py:448} INFO - Filling up the DagBag from /Users/prathyusha/Desktop/pranathi/airflow_cnn_pipeline_final/airflow_test_env/lib/python3.7/site-packages/airflow/example_dags/example_kubernetes_executor_config.py
[2021-03-17 16:41:36,578] {logging_mixin.py:104} INFO - [2021-03-17 16:41:36,578] {example_kubernetes_executor_config.py:174} WARNING - Could not import DAGs in example_kubernetes_executor_config.py: No module named 'kubernetes'
[2021-03-17 16:41:36,579] {logging_mixin.py:104} INFO - [2021-03-17 16:41:36,579] {example_kubernetes_executor_config.py:175} WARNING - Install kubernetes dependencies with: pip install apache-airflow['cncf.kubernetes']
[2021-03-17 16:41:36,580] {scheduler_job.py:641} WARNING - No viable dags retrieved from /Users/prathyusha/Desktop/pranathi/airflow_cnn_pipeline_final/airflow_test_env/lib/python3.7/site-packages/airflow/example_dags/example_kubernetes_executor_config.py
[2021-03-17 16:41:36,589] {scheduler_job.py:190} INFO - Processing /Users/prathyusha/Desktop/pranathi/airflow_cnn_pipeline_final/airflow_test_env/lib/python3.7/site-packages/airflow/example_dags/example_kubernetes_executor_config.py took 0.039 seconds
[2021-03-17 16:42:07,282] {scheduler_job.py:182} INFO - Started process (PID=28927) to work on /Users/prathyusha/Desktop/pranathi/airflow_cnn_pipeline_final/airflow_test_env/lib/python3.7/site-packages/airflow/example_dags/example_kubernetes_executor_config.py
[2021-03-17 16:42:07,285] {scheduler_job.py:629} INFO - Processing file /Users/prathyusha/Desktop/pranathi/airflow_cnn_pipeline_final/airflow_test_env/lib/python3.7/site-packages/airflow/example_dags/example_kubernetes_executor_config.py for tasks to queue
[2021-03-17 16:42:07,286] {logging_mixin.py:104} INFO - [2021-03-17 16:42:07,286] {dagbag.py:448} INFO - Filling up the DagBag from /Users/prathyusha/Desktop/pranathi/airflow_cnn_pipeline_final/airflow_test_env/lib/python3.7/site-packages/airflow/example_dags/example_kubernetes_executor_config.py
[2021-03-17 16:42:07,299] {logging_mixin.py:104} INFO - [2021-03-17 16:42:07,299] {example_kubernetes_executor_config.py:174} WARNING - Could not import DAGs in example_kubernetes_executor_config.py: No module named 'kubernetes'
[2021-03-17 16:42:07,300] {logging_mixin.py:104} INFO - [2021-03-17 16:42:07,300] {example_kubernetes_executor_config.py:175} WARNING - Install kubernetes dependencies with: pip install apache-airflow['cncf.kubernetes']
[2021-03-17 16:42:07,301] {scheduler_job.py:641} WARNING - No viable dags retrieved from /Users/prathyusha/Desktop/pranathi/airflow_cnn_pipeline_final/airflow_test_env/lib/python3.7/site-packages/airflow/example_dags/example_kubernetes_executor_config.py
[2021-03-17 16:42:07,310] {scheduler_job.py:190} INFO - Processing /Users/prathyusha/Desktop/pranathi/airflow_cnn_pipeline_final/airflow_test_env/lib/python3.7/site-packages/airflow/example_dags/example_kubernetes_executor_config.py took 0.031 seconds
[2021-03-17 16:42:37,793] {scheduler_job.py:182} INFO - Started process (PID=28958) to work on /Users/prathyusha/Desktop/pranathi/airflow_cnn_pipeline_final/airflow_test_env/lib/python3.7/site-packages/airflow/example_dags/example_kubernetes_executor_config.py
[2021-03-17 16:42:37,795] {scheduler_job.py:629} INFO - Processing file /Users/prathyusha/Desktop/pranathi/airflow_cnn_pipeline_final/airflow_test_env/lib/python3.7/site-packages/airflow/example_dags/example_kubernetes_executor_config.py for tasks to queue
[2021-03-17 16:42:37,797] {logging_mixin.py:104} INFO - [2021-03-17 16:42:37,797] {dagbag.py:448} INFO - Filling up the DagBag from /Users/prathyusha/Desktop/pranathi/airflow_cnn_pipeline_final/airflow_test_env/lib/python3.7/site-packages/airflow/example_dags/example_kubernetes_executor_config.py
[2021-03-17 16:42:37,808] {logging_mixin.py:104} INFO - [2021-03-17 16:42:37,807] {example_kubernetes_executor_config.py:174} WARNING - Could not import DAGs in example_kubernetes_executor_config.py: No module named 'kubernetes'
[2021-03-17 16:42:37,808] {logging_mixin.py:104} INFO - [2021-03-17 16:42:37,808] {example_kubernetes_executor_config.py:175} WARNING - Install kubernetes dependencies with: pip install apache-airflow['cncf.kubernetes']
[2021-03-17 16:42:37,809] {scheduler_job.py:641} WARNING - No viable dags retrieved from /Users/prathyusha/Desktop/pranathi/airflow_cnn_pipeline_final/airflow_test_env/lib/python3.7/site-packages/airflow/example_dags/example_kubernetes_executor_config.py
[2021-03-17 16:42:37,823] {scheduler_job.py:190} INFO - Processing /Users/prathyusha/Desktop/pranathi/airflow_cnn_pipeline_final/airflow_test_env/lib/python3.7/site-packages/airflow/example_dags/example_kubernetes_executor_config.py took 0.033 seconds
[2021-03-17 16:43:08,306] {scheduler_job.py:182} INFO - Started process (PID=28988) to work on /Users/prathyusha/Desktop/pranathi/airflow_cnn_pipeline_final/airflow_test_env/lib/python3.7/site-packages/airflow/example_dags/example_kubernetes_executor_config.py
[2021-03-17 16:43:08,310] {scheduler_job.py:629} INFO - Processing file /Users/prathyusha/Desktop/pranathi/airflow_cnn_pipeline_final/airflow_test_env/lib/python3.7/site-packages/airflow/example_dags/example_kubernetes_executor_config.py for tasks to queue
[2021-03-17 16:43:08,312] {logging_mixin.py:104} INFO - [2021-03-17 16:43:08,311] {dagbag.py:448} INFO - Filling up the DagBag from /Users/prathyusha/Desktop/pranathi/airflow_cnn_pipeline_final/airflow_test_env/lib/python3.7/site-packages/airflow/example_dags/example_kubernetes_executor_config.py
[2021-03-17 16:43:08,323] {logging_mixin.py:104} INFO - [2021-03-17 16:43:08,322] {example_kubernetes_executor_config.py:174} WARNING - Could not import DAGs in example_kubernetes_executor_config.py: No module named 'kubernetes'
[2021-03-17 16:43:08,324] {logging_mixin.py:104} INFO - [2021-03-17 16:43:08,324] {example_kubernetes_executor_config.py:175} WARNING - Install kubernetes dependencies with: pip install apache-airflow['cncf.kubernetes']
[2021-03-17 16:43:08,325] {scheduler_job.py:641} WARNING - No viable dags retrieved from /Users/prathyusha/Desktop/pranathi/airflow_cnn_pipeline_final/airflow_test_env/lib/python3.7/site-packages/airflow/example_dags/example_kubernetes_executor_config.py
[2021-03-17 16:43:08,333] {scheduler_job.py:190} INFO - Processing /Users/prathyusha/Desktop/pranathi/airflow_cnn_pipeline_final/airflow_test_env/lib/python3.7/site-packages/airflow/example_dags/example_kubernetes_executor_config.py took 0.032 seconds
[2021-03-17 16:43:39,003] {scheduler_job.py:182} INFO - Started process (PID=29023) to work on /Users/prathyusha/Desktop/pranathi/airflow_cnn_pipeline_final/airflow_test_env/lib/python3.7/site-packages/airflow/example_dags/example_kubernetes_executor_config.py
[2021-03-17 16:43:39,004] {scheduler_job.py:629} INFO - Processing file /Users/prathyusha/Desktop/pranathi/airflow_cnn_pipeline_final/airflow_test_env/lib/python3.7/site-packages/airflow/example_dags/example_kubernetes_executor_config.py for tasks to queue
[2021-03-17 16:43:39,006] {logging_mixin.py:104} INFO - [2021-03-17 16:43:39,005] {dagbag.py:448} INFO - Filling up the DagBag from /Users/prathyusha/Desktop/pranathi/airflow_cnn_pipeline_final/airflow_test_env/lib/python3.7/site-packages/airflow/example_dags/example_kubernetes_executor_config.py
[2021-03-17 16:43:39,017] {logging_mixin.py:104} INFO - [2021-03-17 16:43:39,016] {example_kubernetes_executor_config.py:174} WARNING - Could not import DAGs in example_kubernetes_executor_config.py: No module named 'kubernetes'
[2021-03-17 16:43:39,017] {logging_mixin.py:104} INFO - [2021-03-17 16:43:39,017] {example_kubernetes_executor_config.py:175} WARNING - Install kubernetes dependencies with: pip install apache-airflow['cncf.kubernetes']
[2021-03-17 16:43:39,018] {scheduler_job.py:641} WARNING - No viable dags retrieved from /Users/prathyusha/Desktop/pranathi/airflow_cnn_pipeline_final/airflow_test_env/lib/python3.7/site-packages/airflow/example_dags/example_kubernetes_executor_config.py
[2021-03-17 16:43:39,028] {scheduler_job.py:190} INFO - Processing /Users/prathyusha/Desktop/pranathi/airflow_cnn_pipeline_final/airflow_test_env/lib/python3.7/site-packages/airflow/example_dags/example_kubernetes_executor_config.py took 0.029 seconds
[2021-03-17 16:44:09,411] {scheduler_job.py:182} INFO - Started process (PID=29054) to work on /Users/prathyusha/Desktop/pranathi/airflow_cnn_pipeline_final/airflow_test_env/lib/python3.7/site-packages/airflow/example_dags/example_kubernetes_executor_config.py
[2021-03-17 16:44:09,413] {scheduler_job.py:629} INFO - Processing file /Users/prathyusha/Desktop/pranathi/airflow_cnn_pipeline_final/airflow_test_env/lib/python3.7/site-packages/airflow/example_dags/example_kubernetes_executor_config.py for tasks to queue
[2021-03-17 16:44:09,414] {logging_mixin.py:104} INFO - [2021-03-17 16:44:09,414] {dagbag.py:448} INFO - Filling up the DagBag from /Users/prathyusha/Desktop/pranathi/airflow_cnn_pipeline_final/airflow_test_env/lib/python3.7/site-packages/airflow/example_dags/example_kubernetes_executor_config.py
[2021-03-17 16:44:09,427] {logging_mixin.py:104} INFO - [2021-03-17 16:44:09,426] {example_kubernetes_executor_config.py:174} WARNING - Could not import DAGs in example_kubernetes_executor_config.py: No module named 'kubernetes'
[2021-03-17 16:44:09,427] {logging_mixin.py:104} INFO - [2021-03-17 16:44:09,427] {example_kubernetes_executor_config.py:175} WARNING - Install kubernetes dependencies with: pip install apache-airflow['cncf.kubernetes']
[2021-03-17 16:44:09,428] {scheduler_job.py:641} WARNING - No viable dags retrieved from /Users/prathyusha/Desktop/pranathi/airflow_cnn_pipeline_final/airflow_test_env/lib/python3.7/site-packages/airflow/example_dags/example_kubernetes_executor_config.py
[2021-03-17 16:44:09,440] {scheduler_job.py:190} INFO - Processing /Users/prathyusha/Desktop/pranathi/airflow_cnn_pipeline_final/airflow_test_env/lib/python3.7/site-packages/airflow/example_dags/example_kubernetes_executor_config.py took 0.033 seconds
[2021-03-17 16:44:39,699] {scheduler_job.py:182} INFO - Started process (PID=29084) to work on /Users/prathyusha/Desktop/pranathi/airflow_cnn_pipeline_final/airflow_test_env/lib/python3.7/site-packages/airflow/example_dags/example_kubernetes_executor_config.py
[2021-03-17 16:44:39,701] {scheduler_job.py:629} INFO - Processing file /Users/prathyusha/Desktop/pranathi/airflow_cnn_pipeline_final/airflow_test_env/lib/python3.7/site-packages/airflow/example_dags/example_kubernetes_executor_config.py for tasks to queue
[2021-03-17 16:44:39,703] {logging_mixin.py:104} INFO - [2021-03-17 16:44:39,702] {dagbag.py:448} INFO - Filling up the DagBag from /Users/prathyusha/Desktop/pranathi/airflow_cnn_pipeline_final/airflow_test_env/lib/python3.7/site-packages/airflow/example_dags/example_kubernetes_executor_config.py
[2021-03-17 16:44:39,714] {logging_mixin.py:104} INFO - [2021-03-17 16:44:39,714] {example_kubernetes_executor_config.py:174} WARNING - Could not import DAGs in example_kubernetes_executor_config.py: No module named 'kubernetes'
[2021-03-17 16:44:39,715] {logging_mixin.py:104} INFO - [2021-03-17 16:44:39,715] {example_kubernetes_executor_config.py:175} WARNING - Install kubernetes dependencies with: pip install apache-airflow['cncf.kubernetes']
[2021-03-17 16:44:39,716] {scheduler_job.py:641} WARNING - No viable dags retrieved from /Users/prathyusha/Desktop/pranathi/airflow_cnn_pipeline_final/airflow_test_env/lib/python3.7/site-packages/airflow/example_dags/example_kubernetes_executor_config.py
[2021-03-17 16:44:39,725] {scheduler_job.py:190} INFO - Processing /Users/prathyusha/Desktop/pranathi/airflow_cnn_pipeline_final/airflow_test_env/lib/python3.7/site-packages/airflow/example_dags/example_kubernetes_executor_config.py took 0.033 seconds
[2021-03-17 16:45:10,558] {scheduler_job.py:182} INFO - Started process (PID=29125) to work on /Users/prathyusha/Desktop/pranathi/airflow_cnn_pipeline_final/airflow_test_env/lib/python3.7/site-packages/airflow/example_dags/example_kubernetes_executor_config.py
[2021-03-17 16:45:10,560] {scheduler_job.py:629} INFO - Processing file /Users/prathyusha/Desktop/pranathi/airflow_cnn_pipeline_final/airflow_test_env/lib/python3.7/site-packages/airflow/example_dags/example_kubernetes_executor_config.py for tasks to queue
[2021-03-17 16:45:10,562] {logging_mixin.py:104} INFO - [2021-03-17 16:45:10,562] {dagbag.py:448} INFO - Filling up the DagBag from /Users/prathyusha/Desktop/pranathi/airflow_cnn_pipeline_final/airflow_test_env/lib/python3.7/site-packages/airflow/example_dags/example_kubernetes_executor_config.py
[2021-03-17 16:45:10,577] {logging_mixin.py:104} INFO - [2021-03-17 16:45:10,576] {example_kubernetes_executor_config.py:174} WARNING - Could not import DAGs in example_kubernetes_executor_config.py: No module named 'kubernetes'
[2021-03-17 16:45:10,578] {logging_mixin.py:104} INFO - [2021-03-17 16:45:10,578] {example_kubernetes_executor_config.py:175} WARNING - Install kubernetes dependencies with: pip install apache-airflow['cncf.kubernetes']
[2021-03-17 16:45:10,579] {scheduler_job.py:641} WARNING - No viable dags retrieved from /Users/prathyusha/Desktop/pranathi/airflow_cnn_pipeline_final/airflow_test_env/lib/python3.7/site-packages/airflow/example_dags/example_kubernetes_executor_config.py
[2021-03-17 16:45:10,589] {scheduler_job.py:190} INFO - Processing /Users/prathyusha/Desktop/pranathi/airflow_cnn_pipeline_final/airflow_test_env/lib/python3.7/site-packages/airflow/example_dags/example_kubernetes_executor_config.py took 0.037 seconds
[2021-03-17 16:45:41,118] {scheduler_job.py:182} INFO - Started process (PID=29161) to work on /Users/prathyusha/Desktop/pranathi/airflow_cnn_pipeline_final/airflow_test_env/lib/python3.7/site-packages/airflow/example_dags/example_kubernetes_executor_config.py
[2021-03-17 16:45:41,120] {scheduler_job.py:629} INFO - Processing file /Users/prathyusha/Desktop/pranathi/airflow_cnn_pipeline_final/airflow_test_env/lib/python3.7/site-packages/airflow/example_dags/example_kubernetes_executor_config.py for tasks to queue
[2021-03-17 16:45:41,121] {logging_mixin.py:104} INFO - [2021-03-17 16:45:41,121] {dagbag.py:448} INFO - Filling up the DagBag from /Users/prathyusha/Desktop/pranathi/airflow_cnn_pipeline_final/airflow_test_env/lib/python3.7/site-packages/airflow/example_dags/example_kubernetes_executor_config.py
[2021-03-17 16:45:41,131] {logging_mixin.py:104} INFO - [2021-03-17 16:45:41,131] {example_kubernetes_executor_config.py:174} WARNING - Could not import DAGs in example_kubernetes_executor_config.py: No module named 'kubernetes'
[2021-03-17 16:45:41,132] {logging_mixin.py:104} INFO - [2021-03-17 16:45:41,132] {example_kubernetes_executor_config.py:175} WARNING - Install kubernetes dependencies with: pip install apache-airflow['cncf.kubernetes']
[2021-03-17 16:45:41,133] {scheduler_job.py:641} WARNING - No viable dags retrieved from /Users/prathyusha/Desktop/pranathi/airflow_cnn_pipeline_final/airflow_test_env/lib/python3.7/site-packages/airflow/example_dags/example_kubernetes_executor_config.py
[2021-03-17 16:45:41,140] {scheduler_job.py:190} INFO - Processing /Users/prathyusha/Desktop/pranathi/airflow_cnn_pipeline_final/airflow_test_env/lib/python3.7/site-packages/airflow/example_dags/example_kubernetes_executor_config.py took 0.026 seconds
[2021-03-17 16:46:11,952] {scheduler_job.py:182} INFO - Started process (PID=29211) to work on /Users/prathyusha/Desktop/pranathi/airflow_cnn_pipeline_final/airflow_test_env/lib/python3.7/site-packages/airflow/example_dags/example_kubernetes_executor_config.py
[2021-03-17 16:46:11,956] {scheduler_job.py:629} INFO - Processing file /Users/prathyusha/Desktop/pranathi/airflow_cnn_pipeline_final/airflow_test_env/lib/python3.7/site-packages/airflow/example_dags/example_kubernetes_executor_config.py for tasks to queue
[2021-03-17 16:46:11,958] {logging_mixin.py:104} INFO - [2021-03-17 16:46:11,957] {dagbag.py:448} INFO - Filling up the DagBag from /Users/prathyusha/Desktop/pranathi/airflow_cnn_pipeline_final/airflow_test_env/lib/python3.7/site-packages/airflow/example_dags/example_kubernetes_executor_config.py
[2021-03-17 16:46:11,971] {logging_mixin.py:104} INFO - [2021-03-17 16:46:11,970] {example_kubernetes_executor_config.py:174} WARNING - Could not import DAGs in example_kubernetes_executor_config.py: No module named 'kubernetes'
[2021-03-17 16:46:11,972] {logging_mixin.py:104} INFO - [2021-03-17 16:46:11,972] {example_kubernetes_executor_config.py:175} WARNING - Install kubernetes dependencies with: pip install apache-airflow['cncf.kubernetes']
[2021-03-17 16:46:11,973] {scheduler_job.py:641} WARNING - No viable dags retrieved from /Users/prathyusha/Desktop/pranathi/airflow_cnn_pipeline_final/airflow_test_env/lib/python3.7/site-packages/airflow/example_dags/example_kubernetes_executor_config.py
[2021-03-17 16:46:11,983] {scheduler_job.py:190} INFO - Processing /Users/prathyusha/Desktop/pranathi/airflow_cnn_pipeline_final/airflow_test_env/lib/python3.7/site-packages/airflow/example_dags/example_kubernetes_executor_config.py took 0.035 seconds
[2021-03-17 16:46:43,389] {scheduler_job.py:182} INFO - Started process (PID=29309) to work on /Users/prathyusha/Desktop/pranathi/airflow_cnn_pipeline_final/airflow_test_env/lib/python3.7/site-packages/airflow/example_dags/example_kubernetes_executor_config.py
[2021-03-17 16:46:43,393] {scheduler_job.py:629} INFO - Processing file /Users/prathyusha/Desktop/pranathi/airflow_cnn_pipeline_final/airflow_test_env/lib/python3.7/site-packages/airflow/example_dags/example_kubernetes_executor_config.py for tasks to queue
[2021-03-17 16:46:43,395] {logging_mixin.py:104} INFO - [2021-03-17 16:46:43,394] {dagbag.py:448} INFO - Filling up the DagBag from /Users/prathyusha/Desktop/pranathi/airflow_cnn_pipeline_final/airflow_test_env/lib/python3.7/site-packages/airflow/example_dags/example_kubernetes_executor_config.py
[2021-03-17 16:46:43,416] {logging_mixin.py:104} INFO - [2021-03-17 16:46:43,415] {example_kubernetes_executor_config.py:174} WARNING - Could not import DAGs in example_kubernetes_executor_config.py: No module named 'kubernetes'
[2021-03-17 16:46:43,417] {logging_mixin.py:104} INFO - [2021-03-17 16:46:43,417] {example_kubernetes_executor_config.py:175} WARNING - Install kubernetes dependencies with: pip install apache-airflow['cncf.kubernetes']
[2021-03-17 16:46:43,419] {scheduler_job.py:641} WARNING - No viable dags retrieved from /Users/prathyusha/Desktop/pranathi/airflow_cnn_pipeline_final/airflow_test_env/lib/python3.7/site-packages/airflow/example_dags/example_kubernetes_executor_config.py
[2021-03-17 16:46:43,429] {scheduler_job.py:190} INFO - Processing /Users/prathyusha/Desktop/pranathi/airflow_cnn_pipeline_final/airflow_test_env/lib/python3.7/site-packages/airflow/example_dags/example_kubernetes_executor_config.py took 0.048 seconds
[2021-03-17 16:47:14,271] {scheduler_job.py:182} INFO - Started process (PID=29343) to work on /Users/prathyusha/Desktop/pranathi/airflow_cnn_pipeline_final/airflow_test_env/lib/python3.7/site-packages/airflow/example_dags/example_kubernetes_executor_config.py
[2021-03-17 16:47:14,273] {scheduler_job.py:629} INFO - Processing file /Users/prathyusha/Desktop/pranathi/airflow_cnn_pipeline_final/airflow_test_env/lib/python3.7/site-packages/airflow/example_dags/example_kubernetes_executor_config.py for tasks to queue
[2021-03-17 16:47:14,274] {logging_mixin.py:104} INFO - [2021-03-17 16:47:14,274] {dagbag.py:448} INFO - Filling up the DagBag from /Users/prathyusha/Desktop/pranathi/airflow_cnn_pipeline_final/airflow_test_env/lib/python3.7/site-packages/airflow/example_dags/example_kubernetes_executor_config.py
[2021-03-17 16:47:14,287] {logging_mixin.py:104} INFO - [2021-03-17 16:47:14,287] {example_kubernetes_executor_config.py:174} WARNING - Could not import DAGs in example_kubernetes_executor_config.py: No module named 'kubernetes'
[2021-03-17 16:47:14,288] {logging_mixin.py:104} INFO - [2021-03-17 16:47:14,288] {example_kubernetes_executor_config.py:175} WARNING - Install kubernetes dependencies with: pip install apache-airflow['cncf.kubernetes']
[2021-03-17 16:47:14,289] {scheduler_job.py:641} WARNING - No viable dags retrieved from /Users/prathyusha/Desktop/pranathi/airflow_cnn_pipeline_final/airflow_test_env/lib/python3.7/site-packages/airflow/example_dags/example_kubernetes_executor_config.py
[2021-03-17 16:47:14,303] {scheduler_job.py:190} INFO - Processing /Users/prathyusha/Desktop/pranathi/airflow_cnn_pipeline_final/airflow_test_env/lib/python3.7/site-packages/airflow/example_dags/example_kubernetes_executor_config.py took 0.036 seconds
[2021-03-17 16:47:45,045] {scheduler_job.py:182} INFO - Started process (PID=29375) to work on /Users/prathyusha/Desktop/pranathi/airflow_cnn_pipeline_final/airflow_test_env/lib/python3.7/site-packages/airflow/example_dags/example_kubernetes_executor_config.py
[2021-03-17 16:47:45,048] {scheduler_job.py:629} INFO - Processing file /Users/prathyusha/Desktop/pranathi/airflow_cnn_pipeline_final/airflow_test_env/lib/python3.7/site-packages/airflow/example_dags/example_kubernetes_executor_config.py for tasks to queue
[2021-03-17 16:47:45,050] {logging_mixin.py:104} INFO - [2021-03-17 16:47:45,050] {dagbag.py:448} INFO - Filling up the DagBag from /Users/prathyusha/Desktop/pranathi/airflow_cnn_pipeline_final/airflow_test_env/lib/python3.7/site-packages/airflow/example_dags/example_kubernetes_executor_config.py
[2021-03-17 16:47:45,065] {logging_mixin.py:104} INFO - [2021-03-17 16:47:45,064] {example_kubernetes_executor_config.py:174} WARNING - Could not import DAGs in example_kubernetes_executor_config.py: No module named 'kubernetes'
[2021-03-17 16:47:45,065] {logging_mixin.py:104} INFO - [2021-03-17 16:47:45,065] {example_kubernetes_executor_config.py:175} WARNING - Install kubernetes dependencies with: pip install apache-airflow['cncf.kubernetes']
[2021-03-17 16:47:45,066] {scheduler_job.py:641} WARNING - No viable dags retrieved from /Users/prathyusha/Desktop/pranathi/airflow_cnn_pipeline_final/airflow_test_env/lib/python3.7/site-packages/airflow/example_dags/example_kubernetes_executor_config.py
[2021-03-17 16:47:45,075] {scheduler_job.py:190} INFO - Processing /Users/prathyusha/Desktop/pranathi/airflow_cnn_pipeline_final/airflow_test_env/lib/python3.7/site-packages/airflow/example_dags/example_kubernetes_executor_config.py took 0.035 seconds
[2021-03-17 16:48:16,973] {scheduler_job.py:182} INFO - Started process (PID=29406) to work on /Users/prathyusha/Desktop/pranathi/airflow_cnn_pipeline_final/airflow_test_env/lib/python3.7/site-packages/airflow/example_dags/example_kubernetes_executor_config.py
[2021-03-17 16:48:16,978] {scheduler_job.py:629} INFO - Processing file /Users/prathyusha/Desktop/pranathi/airflow_cnn_pipeline_final/airflow_test_env/lib/python3.7/site-packages/airflow/example_dags/example_kubernetes_executor_config.py for tasks to queue
[2021-03-17 16:48:16,982] {logging_mixin.py:104} INFO - [2021-03-17 16:48:16,981] {dagbag.py:448} INFO - Filling up the DagBag from /Users/prathyusha/Desktop/pranathi/airflow_cnn_pipeline_final/airflow_test_env/lib/python3.7/site-packages/airflow/example_dags/example_kubernetes_executor_config.py
[2021-03-17 16:48:17,000] {logging_mixin.py:104} INFO - [2021-03-17 16:48:16,999] {example_kubernetes_executor_config.py:174} WARNING - Could not import DAGs in example_kubernetes_executor_config.py: No module named 'kubernetes'
[2021-03-17 16:48:17,001] {logging_mixin.py:104} INFO - [2021-03-17 16:48:17,000] {example_kubernetes_executor_config.py:175} WARNING - Install kubernetes dependencies with: pip install apache-airflow['cncf.kubernetes']
[2021-03-17 16:48:17,002] {scheduler_job.py:641} WARNING - No viable dags retrieved from /Users/prathyusha/Desktop/pranathi/airflow_cnn_pipeline_final/airflow_test_env/lib/python3.7/site-packages/airflow/example_dags/example_kubernetes_executor_config.py
[2021-03-17 16:48:17,011] {scheduler_job.py:190} INFO - Processing /Users/prathyusha/Desktop/pranathi/airflow_cnn_pipeline_final/airflow_test_env/lib/python3.7/site-packages/airflow/example_dags/example_kubernetes_executor_config.py took 0.042 seconds
[2021-03-17 16:48:47,836] {scheduler_job.py:182} INFO - Started process (PID=29438) to work on /Users/prathyusha/Desktop/pranathi/airflow_cnn_pipeline_final/airflow_test_env/lib/python3.7/site-packages/airflow/example_dags/example_kubernetes_executor_config.py
[2021-03-17 16:48:47,840] {scheduler_job.py:629} INFO - Processing file /Users/prathyusha/Desktop/pranathi/airflow_cnn_pipeline_final/airflow_test_env/lib/python3.7/site-packages/airflow/example_dags/example_kubernetes_executor_config.py for tasks to queue
[2021-03-17 16:48:47,843] {logging_mixin.py:104} INFO - [2021-03-17 16:48:47,842] {dagbag.py:448} INFO - Filling up the DagBag from /Users/prathyusha/Desktop/pranathi/airflow_cnn_pipeline_final/airflow_test_env/lib/python3.7/site-packages/airflow/example_dags/example_kubernetes_executor_config.py
[2021-03-17 16:48:47,862] {logging_mixin.py:104} INFO - [2021-03-17 16:48:47,861] {example_kubernetes_executor_config.py:174} WARNING - Could not import DAGs in example_kubernetes_executor_config.py: No module named 'kubernetes'
[2021-03-17 16:48:47,864] {logging_mixin.py:104} INFO - [2021-03-17 16:48:47,863] {example_kubernetes_executor_config.py:175} WARNING - Install kubernetes dependencies with: pip install apache-airflow['cncf.kubernetes']
[2021-03-17 16:48:47,865] {scheduler_job.py:641} WARNING - No viable dags retrieved from /Users/prathyusha/Desktop/pranathi/airflow_cnn_pipeline_final/airflow_test_env/lib/python3.7/site-packages/airflow/example_dags/example_kubernetes_executor_config.py
[2021-03-17 16:48:47,874] {scheduler_job.py:190} INFO - Processing /Users/prathyusha/Desktop/pranathi/airflow_cnn_pipeline_final/airflow_test_env/lib/python3.7/site-packages/airflow/example_dags/example_kubernetes_executor_config.py took 0.042 seconds
[2021-03-17 16:49:18,764] {scheduler_job.py:182} INFO - Started process (PID=29471) to work on /Users/prathyusha/Desktop/pranathi/airflow_cnn_pipeline_final/airflow_test_env/lib/python3.7/site-packages/airflow/example_dags/example_kubernetes_executor_config.py
[2021-03-17 16:49:18,766] {scheduler_job.py:629} INFO - Processing file /Users/prathyusha/Desktop/pranathi/airflow_cnn_pipeline_final/airflow_test_env/lib/python3.7/site-packages/airflow/example_dags/example_kubernetes_executor_config.py for tasks to queue
[2021-03-17 16:49:18,767] {logging_mixin.py:104} INFO - [2021-03-17 16:49:18,766] {dagbag.py:448} INFO - Filling up the DagBag from /Users/prathyusha/Desktop/pranathi/airflow_cnn_pipeline_final/airflow_test_env/lib/python3.7/site-packages/airflow/example_dags/example_kubernetes_executor_config.py
[2021-03-17 16:49:18,777] {logging_mixin.py:104} INFO - [2021-03-17 16:49:18,777] {example_kubernetes_executor_config.py:174} WARNING - Could not import DAGs in example_kubernetes_executor_config.py: No module named 'kubernetes'
[2021-03-17 16:49:18,778] {logging_mixin.py:104} INFO - [2021-03-17 16:49:18,778] {example_kubernetes_executor_config.py:175} WARNING - Install kubernetes dependencies with: pip install apache-airflow['cncf.kubernetes']
[2021-03-17 16:49:18,779] {scheduler_job.py:641} WARNING - No viable dags retrieved from /Users/prathyusha/Desktop/pranathi/airflow_cnn_pipeline_final/airflow_test_env/lib/python3.7/site-packages/airflow/example_dags/example_kubernetes_executor_config.py
[2021-03-17 16:49:18,786] {scheduler_job.py:190} INFO - Processing /Users/prathyusha/Desktop/pranathi/airflow_cnn_pipeline_final/airflow_test_env/lib/python3.7/site-packages/airflow/example_dags/example_kubernetes_executor_config.py took 0.027 seconds
[2021-03-17 16:49:49,711] {scheduler_job.py:182} INFO - Started process (PID=29502) to work on /Users/prathyusha/Desktop/pranathi/airflow_cnn_pipeline_final/airflow_test_env/lib/python3.7/site-packages/airflow/example_dags/example_kubernetes_executor_config.py
[2021-03-17 16:49:49,715] {scheduler_job.py:629} INFO - Processing file /Users/prathyusha/Desktop/pranathi/airflow_cnn_pipeline_final/airflow_test_env/lib/python3.7/site-packages/airflow/example_dags/example_kubernetes_executor_config.py for tasks to queue
[2021-03-17 16:49:49,716] {logging_mixin.py:104} INFO - [2021-03-17 16:49:49,716] {dagbag.py:448} INFO - Filling up the DagBag from /Users/prathyusha/Desktop/pranathi/airflow_cnn_pipeline_final/airflow_test_env/lib/python3.7/site-packages/airflow/example_dags/example_kubernetes_executor_config.py
[2021-03-17 16:49:49,729] {logging_mixin.py:104} INFO - [2021-03-17 16:49:49,729] {example_kubernetes_executor_config.py:174} WARNING - Could not import DAGs in example_kubernetes_executor_config.py: No module named 'kubernetes'
[2021-03-17 16:49:49,730] {logging_mixin.py:104} INFO - [2021-03-17 16:49:49,729] {example_kubernetes_executor_config.py:175} WARNING - Install kubernetes dependencies with: pip install apache-airflow['cncf.kubernetes']
[2021-03-17 16:49:49,730] {scheduler_job.py:641} WARNING - No viable dags retrieved from /Users/prathyusha/Desktop/pranathi/airflow_cnn_pipeline_final/airflow_test_env/lib/python3.7/site-packages/airflow/example_dags/example_kubernetes_executor_config.py
[2021-03-17 16:49:49,738] {scheduler_job.py:190} INFO - Processing /Users/prathyusha/Desktop/pranathi/airflow_cnn_pipeline_final/airflow_test_env/lib/python3.7/site-packages/airflow/example_dags/example_kubernetes_executor_config.py took 0.031 seconds
[2021-03-17 16:50:20,723] {scheduler_job.py:182} INFO - Started process (PID=29532) to work on /Users/prathyusha/Desktop/pranathi/airflow_cnn_pipeline_final/airflow_test_env/lib/python3.7/site-packages/airflow/example_dags/example_kubernetes_executor_config.py
[2021-03-17 16:50:20,725] {scheduler_job.py:629} INFO - Processing file /Users/prathyusha/Desktop/pranathi/airflow_cnn_pipeline_final/airflow_test_env/lib/python3.7/site-packages/airflow/example_dags/example_kubernetes_executor_config.py for tasks to queue
[2021-03-17 16:50:20,726] {logging_mixin.py:104} INFO - [2021-03-17 16:50:20,726] {dagbag.py:448} INFO - Filling up the DagBag from /Users/prathyusha/Desktop/pranathi/airflow_cnn_pipeline_final/airflow_test_env/lib/python3.7/site-packages/airflow/example_dags/example_kubernetes_executor_config.py
[2021-03-17 16:50:20,737] {logging_mixin.py:104} INFO - [2021-03-17 16:50:20,736] {example_kubernetes_executor_config.py:174} WARNING - Could not import DAGs in example_kubernetes_executor_config.py: No module named 'kubernetes'
[2021-03-17 16:50:20,737] {logging_mixin.py:104} INFO - [2021-03-17 16:50:20,737] {example_kubernetes_executor_config.py:175} WARNING - Install kubernetes dependencies with: pip install apache-airflow['cncf.kubernetes']
[2021-03-17 16:50:20,738] {scheduler_job.py:641} WARNING - No viable dags retrieved from /Users/prathyusha/Desktop/pranathi/airflow_cnn_pipeline_final/airflow_test_env/lib/python3.7/site-packages/airflow/example_dags/example_kubernetes_executor_config.py
[2021-03-17 16:50:20,746] {scheduler_job.py:190} INFO - Processing /Users/prathyusha/Desktop/pranathi/airflow_cnn_pipeline_final/airflow_test_env/lib/python3.7/site-packages/airflow/example_dags/example_kubernetes_executor_config.py took 0.028 seconds
[2021-03-17 16:50:51,684] {scheduler_job.py:182} INFO - Started process (PID=29565) to work on /Users/prathyusha/Desktop/pranathi/airflow_cnn_pipeline_final/airflow_test_env/lib/python3.7/site-packages/airflow/example_dags/example_kubernetes_executor_config.py
[2021-03-17 16:50:51,688] {scheduler_job.py:629} INFO - Processing file /Users/prathyusha/Desktop/pranathi/airflow_cnn_pipeline_final/airflow_test_env/lib/python3.7/site-packages/airflow/example_dags/example_kubernetes_executor_config.py for tasks to queue
[2021-03-17 16:50:51,691] {logging_mixin.py:104} INFO - [2021-03-17 16:50:51,690] {dagbag.py:448} INFO - Filling up the DagBag from /Users/prathyusha/Desktop/pranathi/airflow_cnn_pipeline_final/airflow_test_env/lib/python3.7/site-packages/airflow/example_dags/example_kubernetes_executor_config.py
[2021-03-17 16:50:51,705] {logging_mixin.py:104} INFO - [2021-03-17 16:50:51,704] {example_kubernetes_executor_config.py:174} WARNING - Could not import DAGs in example_kubernetes_executor_config.py: No module named 'kubernetes'
[2021-03-17 16:50:51,706] {logging_mixin.py:104} INFO - [2021-03-17 16:50:51,706] {example_kubernetes_executor_config.py:175} WARNING - Install kubernetes dependencies with: pip install apache-airflow['cncf.kubernetes']
[2021-03-17 16:50:51,707] {scheduler_job.py:641} WARNING - No viable dags retrieved from /Users/prathyusha/Desktop/pranathi/airflow_cnn_pipeline_final/airflow_test_env/lib/python3.7/site-packages/airflow/example_dags/example_kubernetes_executor_config.py
[2021-03-17 16:50:51,714] {scheduler_job.py:190} INFO - Processing /Users/prathyusha/Desktop/pranathi/airflow_cnn_pipeline_final/airflow_test_env/lib/python3.7/site-packages/airflow/example_dags/example_kubernetes_executor_config.py took 0.037 seconds
[2021-03-17 16:51:22,729] {scheduler_job.py:182} INFO - Started process (PID=29594) to work on /Users/prathyusha/Desktop/pranathi/airflow_cnn_pipeline_final/airflow_test_env/lib/python3.7/site-packages/airflow/example_dags/example_kubernetes_executor_config.py
[2021-03-17 16:51:22,733] {scheduler_job.py:629} INFO - Processing file /Users/prathyusha/Desktop/pranathi/airflow_cnn_pipeline_final/airflow_test_env/lib/python3.7/site-packages/airflow/example_dags/example_kubernetes_executor_config.py for tasks to queue
[2021-03-17 16:51:22,734] {logging_mixin.py:104} INFO - [2021-03-17 16:51:22,734] {dagbag.py:448} INFO - Filling up the DagBag from /Users/prathyusha/Desktop/pranathi/airflow_cnn_pipeline_final/airflow_test_env/lib/python3.7/site-packages/airflow/example_dags/example_kubernetes_executor_config.py
[2021-03-17 16:51:22,746] {logging_mixin.py:104} INFO - [2021-03-17 16:51:22,746] {example_kubernetes_executor_config.py:174} WARNING - Could not import DAGs in example_kubernetes_executor_config.py: No module named 'kubernetes'
[2021-03-17 16:51:22,747] {logging_mixin.py:104} INFO - [2021-03-17 16:51:22,747] {example_kubernetes_executor_config.py:175} WARNING - Install kubernetes dependencies with: pip install apache-airflow['cncf.kubernetes']
[2021-03-17 16:51:22,748] {scheduler_job.py:641} WARNING - No viable dags retrieved from /Users/prathyusha/Desktop/pranathi/airflow_cnn_pipeline_final/airflow_test_env/lib/python3.7/site-packages/airflow/example_dags/example_kubernetes_executor_config.py
[2021-03-17 16:51:22,757] {scheduler_job.py:190} INFO - Processing /Users/prathyusha/Desktop/pranathi/airflow_cnn_pipeline_final/airflow_test_env/lib/python3.7/site-packages/airflow/example_dags/example_kubernetes_executor_config.py took 0.032 seconds
[2021-03-17 16:51:53,690] {scheduler_job.py:182} INFO - Started process (PID=29627) to work on /Users/prathyusha/Desktop/pranathi/airflow_cnn_pipeline_final/airflow_test_env/lib/python3.7/site-packages/airflow/example_dags/example_kubernetes_executor_config.py
[2021-03-17 16:51:53,693] {scheduler_job.py:629} INFO - Processing file /Users/prathyusha/Desktop/pranathi/airflow_cnn_pipeline_final/airflow_test_env/lib/python3.7/site-packages/airflow/example_dags/example_kubernetes_executor_config.py for tasks to queue
[2021-03-17 16:51:53,695] {logging_mixin.py:104} INFO - [2021-03-17 16:51:53,694] {dagbag.py:448} INFO - Filling up the DagBag from /Users/prathyusha/Desktop/pranathi/airflow_cnn_pipeline_final/airflow_test_env/lib/python3.7/site-packages/airflow/example_dags/example_kubernetes_executor_config.py
[2021-03-17 16:51:53,712] {logging_mixin.py:104} INFO - [2021-03-17 16:51:53,711] {example_kubernetes_executor_config.py:174} WARNING - Could not import DAGs in example_kubernetes_executor_config.py: No module named 'kubernetes'
[2021-03-17 16:51:53,713] {logging_mixin.py:104} INFO - [2021-03-17 16:51:53,712] {example_kubernetes_executor_config.py:175} WARNING - Install kubernetes dependencies with: pip install apache-airflow['cncf.kubernetes']
[2021-03-17 16:51:53,714] {scheduler_job.py:641} WARNING - No viable dags retrieved from /Users/prathyusha/Desktop/pranathi/airflow_cnn_pipeline_final/airflow_test_env/lib/python3.7/site-packages/airflow/example_dags/example_kubernetes_executor_config.py
[2021-03-17 16:51:53,726] {scheduler_job.py:190} INFO - Processing /Users/prathyusha/Desktop/pranathi/airflow_cnn_pipeline_final/airflow_test_env/lib/python3.7/site-packages/airflow/example_dags/example_kubernetes_executor_config.py took 0.051 seconds
[2021-03-17 16:52:24,753] {scheduler_job.py:182} INFO - Started process (PID=29748) to work on /Users/prathyusha/Desktop/pranathi/airflow_cnn_pipeline_final/airflow_test_env/lib/python3.7/site-packages/airflow/example_dags/example_kubernetes_executor_config.py
[2021-03-17 16:52:24,755] {scheduler_job.py:629} INFO - Processing file /Users/prathyusha/Desktop/pranathi/airflow_cnn_pipeline_final/airflow_test_env/lib/python3.7/site-packages/airflow/example_dags/example_kubernetes_executor_config.py for tasks to queue
[2021-03-17 16:52:24,758] {logging_mixin.py:104} INFO - [2021-03-17 16:52:24,757] {dagbag.py:448} INFO - Filling up the DagBag from /Users/prathyusha/Desktop/pranathi/airflow_cnn_pipeline_final/airflow_test_env/lib/python3.7/site-packages/airflow/example_dags/example_kubernetes_executor_config.py
[2021-03-17 16:52:24,778] {logging_mixin.py:104} INFO - [2021-03-17 16:52:24,778] {example_kubernetes_executor_config.py:174} WARNING - Could not import DAGs in example_kubernetes_executor_config.py: No module named 'kubernetes'
[2021-03-17 16:52:24,780] {logging_mixin.py:104} INFO - [2021-03-17 16:52:24,779] {example_kubernetes_executor_config.py:175} WARNING - Install kubernetes dependencies with: pip install apache-airflow['cncf.kubernetes']
[2021-03-17 16:52:24,780] {scheduler_job.py:641} WARNING - No viable dags retrieved from /Users/prathyusha/Desktop/pranathi/airflow_cnn_pipeline_final/airflow_test_env/lib/python3.7/site-packages/airflow/example_dags/example_kubernetes_executor_config.py
[2021-03-17 16:52:24,789] {scheduler_job.py:190} INFO - Processing /Users/prathyusha/Desktop/pranathi/airflow_cnn_pipeline_final/airflow_test_env/lib/python3.7/site-packages/airflow/example_dags/example_kubernetes_executor_config.py took 0.041 seconds
[2021-03-17 16:52:55,710] {scheduler_job.py:182} INFO - Started process (PID=29806) to work on /Users/prathyusha/Desktop/pranathi/airflow_cnn_pipeline_final/airflow_test_env/lib/python3.7/site-packages/airflow/example_dags/example_kubernetes_executor_config.py
[2021-03-17 16:52:55,713] {scheduler_job.py:629} INFO - Processing file /Users/prathyusha/Desktop/pranathi/airflow_cnn_pipeline_final/airflow_test_env/lib/python3.7/site-packages/airflow/example_dags/example_kubernetes_executor_config.py for tasks to queue
[2021-03-17 16:52:55,716] {logging_mixin.py:104} INFO - [2021-03-17 16:52:55,716] {dagbag.py:448} INFO - Filling up the DagBag from /Users/prathyusha/Desktop/pranathi/airflow_cnn_pipeline_final/airflow_test_env/lib/python3.7/site-packages/airflow/example_dags/example_kubernetes_executor_config.py
[2021-03-17 16:52:55,736] {logging_mixin.py:104} INFO - [2021-03-17 16:52:55,735] {example_kubernetes_executor_config.py:174} WARNING - Could not import DAGs in example_kubernetes_executor_config.py: No module named 'kubernetes'
[2021-03-17 16:52:55,737] {logging_mixin.py:104} INFO - [2021-03-17 16:52:55,737] {example_kubernetes_executor_config.py:175} WARNING - Install kubernetes dependencies with: pip install apache-airflow['cncf.kubernetes']
[2021-03-17 16:52:55,738] {scheduler_job.py:641} WARNING - No viable dags retrieved from /Users/prathyusha/Desktop/pranathi/airflow_cnn_pipeline_final/airflow_test_env/lib/python3.7/site-packages/airflow/example_dags/example_kubernetes_executor_config.py
[2021-03-17 16:52:55,749] {scheduler_job.py:190} INFO - Processing /Users/prathyusha/Desktop/pranathi/airflow_cnn_pipeline_final/airflow_test_env/lib/python3.7/site-packages/airflow/example_dags/example_kubernetes_executor_config.py took 0.044 seconds
[2021-03-17 16:53:27,094] {scheduler_job.py:182} INFO - Started process (PID=29878) to work on /Users/prathyusha/Desktop/pranathi/airflow_cnn_pipeline_final/airflow_test_env/lib/python3.7/site-packages/airflow/example_dags/example_kubernetes_executor_config.py
[2021-03-17 16:53:27,103] {scheduler_job.py:629} INFO - Processing file /Users/prathyusha/Desktop/pranathi/airflow_cnn_pipeline_final/airflow_test_env/lib/python3.7/site-packages/airflow/example_dags/example_kubernetes_executor_config.py for tasks to queue
[2021-03-17 16:53:27,107] {logging_mixin.py:104} INFO - [2021-03-17 16:53:27,106] {dagbag.py:448} INFO - Filling up the DagBag from /Users/prathyusha/Desktop/pranathi/airflow_cnn_pipeline_final/airflow_test_env/lib/python3.7/site-packages/airflow/example_dags/example_kubernetes_executor_config.py
[2021-03-17 16:53:27,132] {logging_mixin.py:104} INFO - [2021-03-17 16:53:27,132] {example_kubernetes_executor_config.py:174} WARNING - Could not import DAGs in example_kubernetes_executor_config.py: No module named 'kubernetes'
[2021-03-17 16:53:27,134] {logging_mixin.py:104} INFO - [2021-03-17 16:53:27,133] {example_kubernetes_executor_config.py:175} WARNING - Install kubernetes dependencies with: pip install apache-airflow['cncf.kubernetes']
[2021-03-17 16:53:27,135] {scheduler_job.py:641} WARNING - No viable dags retrieved from /Users/prathyusha/Desktop/pranathi/airflow_cnn_pipeline_final/airflow_test_env/lib/python3.7/site-packages/airflow/example_dags/example_kubernetes_executor_config.py
[2021-03-17 16:53:27,147] {scheduler_job.py:190} INFO - Processing /Users/prathyusha/Desktop/pranathi/airflow_cnn_pipeline_final/airflow_test_env/lib/python3.7/site-packages/airflow/example_dags/example_kubernetes_executor_config.py took 0.068 seconds
[2021-03-17 16:53:57,862] {scheduler_job.py:182} INFO - Started process (PID=29919) to work on /Users/prathyusha/Desktop/pranathi/airflow_cnn_pipeline_final/airflow_test_env/lib/python3.7/site-packages/airflow/example_dags/example_kubernetes_executor_config.py
[2021-03-17 16:53:57,865] {scheduler_job.py:629} INFO - Processing file /Users/prathyusha/Desktop/pranathi/airflow_cnn_pipeline_final/airflow_test_env/lib/python3.7/site-packages/airflow/example_dags/example_kubernetes_executor_config.py for tasks to queue
[2021-03-17 16:53:57,869] {logging_mixin.py:104} INFO - [2021-03-17 16:53:57,867] {dagbag.py:448} INFO - Filling up the DagBag from /Users/prathyusha/Desktop/pranathi/airflow_cnn_pipeline_final/airflow_test_env/lib/python3.7/site-packages/airflow/example_dags/example_kubernetes_executor_config.py
[2021-03-17 16:53:57,884] {logging_mixin.py:104} INFO - [2021-03-17 16:53:57,883] {example_kubernetes_executor_config.py:174} WARNING - Could not import DAGs in example_kubernetes_executor_config.py: No module named 'kubernetes'
[2021-03-17 16:53:57,884] {logging_mixin.py:104} INFO - [2021-03-17 16:53:57,884] {example_kubernetes_executor_config.py:175} WARNING - Install kubernetes dependencies with: pip install apache-airflow['cncf.kubernetes']
[2021-03-17 16:53:57,889] {scheduler_job.py:641} WARNING - No viable dags retrieved from /Users/prathyusha/Desktop/pranathi/airflow_cnn_pipeline_final/airflow_test_env/lib/python3.7/site-packages/airflow/example_dags/example_kubernetes_executor_config.py
[2021-03-17 16:53:57,898] {scheduler_job.py:190} INFO - Processing /Users/prathyusha/Desktop/pranathi/airflow_cnn_pipeline_final/airflow_test_env/lib/python3.7/site-packages/airflow/example_dags/example_kubernetes_executor_config.py took 0.042 seconds
[2021-03-17 16:54:29,730] {scheduler_job.py:182} INFO - Started process (PID=29963) to work on /Users/prathyusha/Desktop/pranathi/airflow_cnn_pipeline_final/airflow_test_env/lib/python3.7/site-packages/airflow/example_dags/example_kubernetes_executor_config.py
[2021-03-17 16:54:29,733] {scheduler_job.py:629} INFO - Processing file /Users/prathyusha/Desktop/pranathi/airflow_cnn_pipeline_final/airflow_test_env/lib/python3.7/site-packages/airflow/example_dags/example_kubernetes_executor_config.py for tasks to queue
[2021-03-17 16:54:29,736] {logging_mixin.py:104} INFO - [2021-03-17 16:54:29,734] {dagbag.py:448} INFO - Filling up the DagBag from /Users/prathyusha/Desktop/pranathi/airflow_cnn_pipeline_final/airflow_test_env/lib/python3.7/site-packages/airflow/example_dags/example_kubernetes_executor_config.py
[2021-03-17 16:54:29,756] {logging_mixin.py:104} INFO - [2021-03-17 16:54:29,756] {example_kubernetes_executor_config.py:174} WARNING - Could not import DAGs in example_kubernetes_executor_config.py: No module named 'kubernetes'
[2021-03-17 16:54:29,758] {logging_mixin.py:104} INFO - [2021-03-17 16:54:29,757] {example_kubernetes_executor_config.py:175} WARNING - Install kubernetes dependencies with: pip install apache-airflow['cncf.kubernetes']
[2021-03-17 16:54:29,759] {scheduler_job.py:641} WARNING - No viable dags retrieved from /Users/prathyusha/Desktop/pranathi/airflow_cnn_pipeline_final/airflow_test_env/lib/python3.7/site-packages/airflow/example_dags/example_kubernetes_executor_config.py
[2021-03-17 16:54:29,776] {scheduler_job.py:190} INFO - Processing /Users/prathyusha/Desktop/pranathi/airflow_cnn_pipeline_final/airflow_test_env/lib/python3.7/site-packages/airflow/example_dags/example_kubernetes_executor_config.py took 0.054 seconds
[2021-03-17 16:55:00,616] {scheduler_job.py:182} INFO - Started process (PID=30012) to work on /Users/prathyusha/Desktop/pranathi/airflow_cnn_pipeline_final/airflow_test_env/lib/python3.7/site-packages/airflow/example_dags/example_kubernetes_executor_config.py
[2021-03-17 16:55:00,618] {scheduler_job.py:629} INFO - Processing file /Users/prathyusha/Desktop/pranathi/airflow_cnn_pipeline_final/airflow_test_env/lib/python3.7/site-packages/airflow/example_dags/example_kubernetes_executor_config.py for tasks to queue
[2021-03-17 16:55:00,620] {logging_mixin.py:104} INFO - [2021-03-17 16:55:00,620] {dagbag.py:448} INFO - Filling up the DagBag from /Users/prathyusha/Desktop/pranathi/airflow_cnn_pipeline_final/airflow_test_env/lib/python3.7/site-packages/airflow/example_dags/example_kubernetes_executor_config.py
[2021-03-17 16:55:00,647] {logging_mixin.py:104} INFO - [2021-03-17 16:55:00,645] {example_kubernetes_executor_config.py:174} WARNING - Could not import DAGs in example_kubernetes_executor_config.py: No module named 'kubernetes'
[2021-03-17 16:55:00,656] {logging_mixin.py:104} INFO - [2021-03-17 16:55:00,649] {example_kubernetes_executor_config.py:175} WARNING - Install kubernetes dependencies with: pip install apache-airflow['cncf.kubernetes']
[2021-03-17 16:55:00,657] {scheduler_job.py:641} WARNING - No viable dags retrieved from /Users/prathyusha/Desktop/pranathi/airflow_cnn_pipeline_final/airflow_test_env/lib/python3.7/site-packages/airflow/example_dags/example_kubernetes_executor_config.py
[2021-03-17 16:55:00,677] {scheduler_job.py:190} INFO - Processing /Users/prathyusha/Desktop/pranathi/airflow_cnn_pipeline_final/airflow_test_env/lib/python3.7/site-packages/airflow/example_dags/example_kubernetes_executor_config.py took 0.068 seconds
[2021-03-17 16:55:31,301] {scheduler_job.py:182} INFO - Started process (PID=30052) to work on /Users/prathyusha/Desktop/pranathi/airflow_cnn_pipeline_final/airflow_test_env/lib/python3.7/site-packages/airflow/example_dags/example_kubernetes_executor_config.py
[2021-03-17 16:55:31,304] {scheduler_job.py:629} INFO - Processing file /Users/prathyusha/Desktop/pranathi/airflow_cnn_pipeline_final/airflow_test_env/lib/python3.7/site-packages/airflow/example_dags/example_kubernetes_executor_config.py for tasks to queue
[2021-03-17 16:55:31,306] {logging_mixin.py:104} INFO - [2021-03-17 16:55:31,305] {dagbag.py:448} INFO - Filling up the DagBag from /Users/prathyusha/Desktop/pranathi/airflow_cnn_pipeline_final/airflow_test_env/lib/python3.7/site-packages/airflow/example_dags/example_kubernetes_executor_config.py
[2021-03-17 16:55:31,322] {logging_mixin.py:104} INFO - [2021-03-17 16:55:31,322] {example_kubernetes_executor_config.py:174} WARNING - Could not import DAGs in example_kubernetes_executor_config.py: No module named 'kubernetes'
[2021-03-17 16:55:31,323] {logging_mixin.py:104} INFO - [2021-03-17 16:55:31,323] {example_kubernetes_executor_config.py:175} WARNING - Install kubernetes dependencies with: pip install apache-airflow['cncf.kubernetes']
[2021-03-17 16:55:31,324] {scheduler_job.py:641} WARNING - No viable dags retrieved from /Users/prathyusha/Desktop/pranathi/airflow_cnn_pipeline_final/airflow_test_env/lib/python3.7/site-packages/airflow/example_dags/example_kubernetes_executor_config.py
[2021-03-17 16:55:31,333] {scheduler_job.py:190} INFO - Processing /Users/prathyusha/Desktop/pranathi/airflow_cnn_pipeline_final/airflow_test_env/lib/python3.7/site-packages/airflow/example_dags/example_kubernetes_executor_config.py took 0.036 seconds
[2021-03-17 16:56:02,206] {scheduler_job.py:182} INFO - Started process (PID=30097) to work on /Users/prathyusha/Desktop/pranathi/airflow_cnn_pipeline_final/airflow_test_env/lib/python3.7/site-packages/airflow/example_dags/example_kubernetes_executor_config.py
[2021-03-17 16:56:02,210] {scheduler_job.py:629} INFO - Processing file /Users/prathyusha/Desktop/pranathi/airflow_cnn_pipeline_final/airflow_test_env/lib/python3.7/site-packages/airflow/example_dags/example_kubernetes_executor_config.py for tasks to queue
[2021-03-17 16:56:02,212] {logging_mixin.py:104} INFO - [2021-03-17 16:56:02,211] {dagbag.py:448} INFO - Filling up the DagBag from /Users/prathyusha/Desktop/pranathi/airflow_cnn_pipeline_final/airflow_test_env/lib/python3.7/site-packages/airflow/example_dags/example_kubernetes_executor_config.py
[2021-03-17 16:56:02,229] {logging_mixin.py:104} INFO - [2021-03-17 16:56:02,228] {example_kubernetes_executor_config.py:174} WARNING - Could not import DAGs in example_kubernetes_executor_config.py: No module named 'kubernetes'
[2021-03-17 16:56:02,230] {logging_mixin.py:104} INFO - [2021-03-17 16:56:02,229] {example_kubernetes_executor_config.py:175} WARNING - Install kubernetes dependencies with: pip install apache-airflow['cncf.kubernetes']
[2021-03-17 16:56:02,231] {scheduler_job.py:641} WARNING - No viable dags retrieved from /Users/prathyusha/Desktop/pranathi/airflow_cnn_pipeline_final/airflow_test_env/lib/python3.7/site-packages/airflow/example_dags/example_kubernetes_executor_config.py
[2021-03-17 16:56:02,241] {scheduler_job.py:190} INFO - Processing /Users/prathyusha/Desktop/pranathi/airflow_cnn_pipeline_final/airflow_test_env/lib/python3.7/site-packages/airflow/example_dags/example_kubernetes_executor_config.py took 0.040 seconds
[2021-03-17 16:56:32,580] {scheduler_job.py:182} INFO - Started process (PID=30129) to work on /Users/prathyusha/Desktop/pranathi/airflow_cnn_pipeline_final/airflow_test_env/lib/python3.7/site-packages/airflow/example_dags/example_kubernetes_executor_config.py
[2021-03-17 16:56:32,583] {scheduler_job.py:629} INFO - Processing file /Users/prathyusha/Desktop/pranathi/airflow_cnn_pipeline_final/airflow_test_env/lib/python3.7/site-packages/airflow/example_dags/example_kubernetes_executor_config.py for tasks to queue
[2021-03-17 16:56:32,584] {logging_mixin.py:104} INFO - [2021-03-17 16:56:32,584] {dagbag.py:448} INFO - Filling up the DagBag from /Users/prathyusha/Desktop/pranathi/airflow_cnn_pipeline_final/airflow_test_env/lib/python3.7/site-packages/airflow/example_dags/example_kubernetes_executor_config.py
[2021-03-17 16:56:32,599] {logging_mixin.py:104} INFO - [2021-03-17 16:56:32,598] {example_kubernetes_executor_config.py:174} WARNING - Could not import DAGs in example_kubernetes_executor_config.py: No module named 'kubernetes'
[2021-03-17 16:56:32,600] {logging_mixin.py:104} INFO - [2021-03-17 16:56:32,599] {example_kubernetes_executor_config.py:175} WARNING - Install kubernetes dependencies with: pip install apache-airflow['cncf.kubernetes']
[2021-03-17 16:56:32,601] {scheduler_job.py:641} WARNING - No viable dags retrieved from /Users/prathyusha/Desktop/pranathi/airflow_cnn_pipeline_final/airflow_test_env/lib/python3.7/site-packages/airflow/example_dags/example_kubernetes_executor_config.py
[2021-03-17 16:56:32,614] {scheduler_job.py:190} INFO - Processing /Users/prathyusha/Desktop/pranathi/airflow_cnn_pipeline_final/airflow_test_env/lib/python3.7/site-packages/airflow/example_dags/example_kubernetes_executor_config.py took 0.041 seconds
[2021-03-17 16:57:03,332] {scheduler_job.py:182} INFO - Started process (PID=30163) to work on /Users/prathyusha/Desktop/pranathi/airflow_cnn_pipeline_final/airflow_test_env/lib/python3.7/site-packages/airflow/example_dags/example_kubernetes_executor_config.py
[2021-03-17 16:57:03,335] {scheduler_job.py:629} INFO - Processing file /Users/prathyusha/Desktop/pranathi/airflow_cnn_pipeline_final/airflow_test_env/lib/python3.7/site-packages/airflow/example_dags/example_kubernetes_executor_config.py for tasks to queue
[2021-03-17 16:57:03,337] {logging_mixin.py:104} INFO - [2021-03-17 16:57:03,337] {dagbag.py:448} INFO - Filling up the DagBag from /Users/prathyusha/Desktop/pranathi/airflow_cnn_pipeline_final/airflow_test_env/lib/python3.7/site-packages/airflow/example_dags/example_kubernetes_executor_config.py
[2021-03-17 16:57:03,352] {logging_mixin.py:104} INFO - [2021-03-17 16:57:03,352] {example_kubernetes_executor_config.py:174} WARNING - Could not import DAGs in example_kubernetes_executor_config.py: No module named 'kubernetes'
[2021-03-17 16:57:03,353] {logging_mixin.py:104} INFO - [2021-03-17 16:57:03,353] {example_kubernetes_executor_config.py:175} WARNING - Install kubernetes dependencies with: pip install apache-airflow['cncf.kubernetes']
[2021-03-17 16:57:03,354] {scheduler_job.py:641} WARNING - No viable dags retrieved from /Users/prathyusha/Desktop/pranathi/airflow_cnn_pipeline_final/airflow_test_env/lib/python3.7/site-packages/airflow/example_dags/example_kubernetes_executor_config.py
[2021-03-17 16:57:03,366] {scheduler_job.py:190} INFO - Processing /Users/prathyusha/Desktop/pranathi/airflow_cnn_pipeline_final/airflow_test_env/lib/python3.7/site-packages/airflow/example_dags/example_kubernetes_executor_config.py took 0.040 seconds
[2021-03-17 16:57:36,434] {scheduler_job.py:182} INFO - Started process (PID=30194) to work on /Users/prathyusha/Desktop/pranathi/airflow_cnn_pipeline_final/airflow_test_env/lib/python3.7/site-packages/airflow/example_dags/example_kubernetes_executor_config.py
[2021-03-17 16:57:36,437] {scheduler_job.py:629} INFO - Processing file /Users/prathyusha/Desktop/pranathi/airflow_cnn_pipeline_final/airflow_test_env/lib/python3.7/site-packages/airflow/example_dags/example_kubernetes_executor_config.py for tasks to queue
[2021-03-17 16:57:36,439] {logging_mixin.py:104} INFO - [2021-03-17 16:57:36,438] {dagbag.py:448} INFO - Filling up the DagBag from /Users/prathyusha/Desktop/pranathi/airflow_cnn_pipeline_final/airflow_test_env/lib/python3.7/site-packages/airflow/example_dags/example_kubernetes_executor_config.py
[2021-03-17 16:57:36,453] {logging_mixin.py:104} INFO - [2021-03-17 16:57:36,452] {example_kubernetes_executor_config.py:174} WARNING - Could not import DAGs in example_kubernetes_executor_config.py: No module named 'kubernetes'
[2021-03-17 16:57:36,454] {logging_mixin.py:104} INFO - [2021-03-17 16:57:36,453] {example_kubernetes_executor_config.py:175} WARNING - Install kubernetes dependencies with: pip install apache-airflow['cncf.kubernetes']
[2021-03-17 16:57:36,455] {scheduler_job.py:641} WARNING - No viable dags retrieved from /Users/prathyusha/Desktop/pranathi/airflow_cnn_pipeline_final/airflow_test_env/lib/python3.7/site-packages/airflow/example_dags/example_kubernetes_executor_config.py
[2021-03-17 16:57:36,464] {scheduler_job.py:190} INFO - Processing /Users/prathyusha/Desktop/pranathi/airflow_cnn_pipeline_final/airflow_test_env/lib/python3.7/site-packages/airflow/example_dags/example_kubernetes_executor_config.py took 0.035 seconds
[2021-03-17 16:58:08,232] {scheduler_job.py:182} INFO - Started process (PID=30246) to work on /Users/prathyusha/Desktop/pranathi/airflow_cnn_pipeline_final/airflow_test_env/lib/python3.7/site-packages/airflow/example_dags/example_kubernetes_executor_config.py
[2021-03-17 16:58:08,236] {scheduler_job.py:629} INFO - Processing file /Users/prathyusha/Desktop/pranathi/airflow_cnn_pipeline_final/airflow_test_env/lib/python3.7/site-packages/airflow/example_dags/example_kubernetes_executor_config.py for tasks to queue
[2021-03-17 16:58:08,237] {logging_mixin.py:104} INFO - [2021-03-17 16:58:08,237] {dagbag.py:448} INFO - Filling up the DagBag from /Users/prathyusha/Desktop/pranathi/airflow_cnn_pipeline_final/airflow_test_env/lib/python3.7/site-packages/airflow/example_dags/example_kubernetes_executor_config.py
[2021-03-17 16:58:08,256] {logging_mixin.py:104} INFO - [2021-03-17 16:58:08,255] {example_kubernetes_executor_config.py:174} WARNING - Could not import DAGs in example_kubernetes_executor_config.py: No module named 'kubernetes'
[2021-03-17 16:58:08,257] {logging_mixin.py:104} INFO - [2021-03-17 16:58:08,256] {example_kubernetes_executor_config.py:175} WARNING - Install kubernetes dependencies with: pip install apache-airflow['cncf.kubernetes']
[2021-03-17 16:58:08,258] {scheduler_job.py:641} WARNING - No viable dags retrieved from /Users/prathyusha/Desktop/pranathi/airflow_cnn_pipeline_final/airflow_test_env/lib/python3.7/site-packages/airflow/example_dags/example_kubernetes_executor_config.py
[2021-03-17 16:58:08,268] {scheduler_job.py:190} INFO - Processing /Users/prathyusha/Desktop/pranathi/airflow_cnn_pipeline_final/airflow_test_env/lib/python3.7/site-packages/airflow/example_dags/example_kubernetes_executor_config.py took 0.042 seconds
[2021-03-17 16:58:40,974] {scheduler_job.py:182} INFO - Started process (PID=30295) to work on /Users/prathyusha/Desktop/pranathi/airflow_cnn_pipeline_final/airflow_test_env/lib/python3.7/site-packages/airflow/example_dags/example_kubernetes_executor_config.py
[2021-03-17 16:58:40,980] {scheduler_job.py:629} INFO - Processing file /Users/prathyusha/Desktop/pranathi/airflow_cnn_pipeline_final/airflow_test_env/lib/python3.7/site-packages/airflow/example_dags/example_kubernetes_executor_config.py for tasks to queue
[2021-03-17 16:58:40,982] {logging_mixin.py:104} INFO - [2021-03-17 16:58:40,981] {dagbag.py:448} INFO - Filling up the DagBag from /Users/prathyusha/Desktop/pranathi/airflow_cnn_pipeline_final/airflow_test_env/lib/python3.7/site-packages/airflow/example_dags/example_kubernetes_executor_config.py
[2021-03-17 16:58:40,998] {logging_mixin.py:104} INFO - [2021-03-17 16:58:40,997] {example_kubernetes_executor_config.py:174} WARNING - Could not import DAGs in example_kubernetes_executor_config.py: No module named 'kubernetes'
[2021-03-17 16:58:40,999] {logging_mixin.py:104} INFO - [2021-03-17 16:58:40,998] {example_kubernetes_executor_config.py:175} WARNING - Install kubernetes dependencies with: pip install apache-airflow['cncf.kubernetes']
[2021-03-17 16:58:40,999] {scheduler_job.py:641} WARNING - No viable dags retrieved from /Users/prathyusha/Desktop/pranathi/airflow_cnn_pipeline_final/airflow_test_env/lib/python3.7/site-packages/airflow/example_dags/example_kubernetes_executor_config.py
[2021-03-17 16:58:41,014] {scheduler_job.py:190} INFO - Processing /Users/prathyusha/Desktop/pranathi/airflow_cnn_pipeline_final/airflow_test_env/lib/python3.7/site-packages/airflow/example_dags/example_kubernetes_executor_config.py took 0.045 seconds
[2021-03-17 16:59:14,832] {scheduler_job.py:182} INFO - Started process (PID=30353) to work on /Users/prathyusha/Desktop/pranathi/airflow_cnn_pipeline_final/airflow_test_env/lib/python3.7/site-packages/airflow/example_dags/example_kubernetes_executor_config.py
[2021-03-17 16:59:14,835] {scheduler_job.py:629} INFO - Processing file /Users/prathyusha/Desktop/pranathi/airflow_cnn_pipeline_final/airflow_test_env/lib/python3.7/site-packages/airflow/example_dags/example_kubernetes_executor_config.py for tasks to queue
[2021-03-17 16:59:14,837] {logging_mixin.py:104} INFO - [2021-03-17 16:59:14,836] {dagbag.py:448} INFO - Filling up the DagBag from /Users/prathyusha/Desktop/pranathi/airflow_cnn_pipeline_final/airflow_test_env/lib/python3.7/site-packages/airflow/example_dags/example_kubernetes_executor_config.py
[2021-03-17 16:59:14,863] {logging_mixin.py:104} INFO - [2021-03-17 16:59:14,862] {example_kubernetes_executor_config.py:174} WARNING - Could not import DAGs in example_kubernetes_executor_config.py: No module named 'kubernetes'
[2021-03-17 16:59:14,865] {logging_mixin.py:104} INFO - [2021-03-17 16:59:14,864] {example_kubernetes_executor_config.py:175} WARNING - Install kubernetes dependencies with: pip install apache-airflow['cncf.kubernetes']
[2021-03-17 16:59:14,866] {scheduler_job.py:641} WARNING - No viable dags retrieved from /Users/prathyusha/Desktop/pranathi/airflow_cnn_pipeline_final/airflow_test_env/lib/python3.7/site-packages/airflow/example_dags/example_kubernetes_executor_config.py
[2021-03-17 16:59:14,879] {scheduler_job.py:190} INFO - Processing /Users/prathyusha/Desktop/pranathi/airflow_cnn_pipeline_final/airflow_test_env/lib/python3.7/site-packages/airflow/example_dags/example_kubernetes_executor_config.py took 0.055 seconds
