[2021-03-17 16:32:29,165] {scheduler_job.py:182} INFO - Started process (PID=28229) to work on /Users/prathyusha/Desktop/pranathi/airflow_cnn_pipeline_final/airflow_test_env/lib/python3.7/site-packages/airflow/example_dags/example_kubernetes_executor.py
[2021-03-17 16:32:29,172] {scheduler_job.py:629} INFO - Processing file /Users/prathyusha/Desktop/pranathi/airflow_cnn_pipeline_final/airflow_test_env/lib/python3.7/site-packages/airflow/example_dags/example_kubernetes_executor.py for tasks to queue
[2021-03-17 16:32:29,176] {logging_mixin.py:104} INFO - [2021-03-17 16:32:29,175] {dagbag.py:448} INFO - Filling up the DagBag from /Users/prathyusha/Desktop/pranathi/airflow_cnn_pipeline_final/airflow_test_env/lib/python3.7/site-packages/airflow/example_dags/example_kubernetes_executor.py
[2021-03-17 16:32:29,205] {scheduler_job.py:639} INFO - DAG(s) dict_keys(['example_kubernetes_executor']) retrieved from /Users/prathyusha/Desktop/pranathi/airflow_cnn_pipeline_final/airflow_test_env/lib/python3.7/site-packages/airflow/example_dags/example_kubernetes_executor.py
[2021-03-17 16:32:29,232] {logging_mixin.py:104} INFO - [2021-03-17 16:32:29,231] {dag.py:1818} INFO - Sync 1 DAGs
[2021-03-17 16:32:29,251] {logging_mixin.py:104} INFO - [2021-03-17 16:32:29,250] {dag.py:2273} INFO - Setting next_dagrun for example_kubernetes_executor to None
[2021-03-17 16:32:29,270] {scheduler_job.py:190} INFO - Processing /Users/prathyusha/Desktop/pranathi/airflow_cnn_pipeline_final/airflow_test_env/lib/python3.7/site-packages/airflow/example_dags/example_kubernetes_executor.py took 0.112 seconds
[2021-03-17 16:33:00,078] {scheduler_job.py:182} INFO - Started process (PID=28277) to work on /Users/prathyusha/Desktop/pranathi/airflow_cnn_pipeline_final/airflow_test_env/lib/python3.7/site-packages/airflow/example_dags/example_kubernetes_executor.py
[2021-03-17 16:33:00,082] {scheduler_job.py:629} INFO - Processing file /Users/prathyusha/Desktop/pranathi/airflow_cnn_pipeline_final/airflow_test_env/lib/python3.7/site-packages/airflow/example_dags/example_kubernetes_executor.py for tasks to queue
[2021-03-17 16:33:00,084] {logging_mixin.py:104} INFO - [2021-03-17 16:33:00,083] {dagbag.py:448} INFO - Filling up the DagBag from /Users/prathyusha/Desktop/pranathi/airflow_cnn_pipeline_final/airflow_test_env/lib/python3.7/site-packages/airflow/example_dags/example_kubernetes_executor.py
[2021-03-17 16:33:00,099] {scheduler_job.py:639} INFO - DAG(s) dict_keys(['example_kubernetes_executor']) retrieved from /Users/prathyusha/Desktop/pranathi/airflow_cnn_pipeline_final/airflow_test_env/lib/python3.7/site-packages/airflow/example_dags/example_kubernetes_executor.py
[2021-03-17 16:33:00,115] {logging_mixin.py:104} INFO - [2021-03-17 16:33:00,115] {dag.py:1818} INFO - Sync 1 DAGs
[2021-03-17 16:33:00,127] {logging_mixin.py:104} INFO - [2021-03-17 16:33:00,126] {dag.py:2273} INFO - Setting next_dagrun for example_kubernetes_executor to None
[2021-03-17 16:33:00,135] {scheduler_job.py:190} INFO - Processing /Users/prathyusha/Desktop/pranathi/airflow_cnn_pipeline_final/airflow_test_env/lib/python3.7/site-packages/airflow/example_dags/example_kubernetes_executor.py took 0.060 seconds
[2021-03-17 16:33:30,912] {scheduler_job.py:182} INFO - Started process (PID=28306) to work on /Users/prathyusha/Desktop/pranathi/airflow_cnn_pipeline_final/airflow_test_env/lib/python3.7/site-packages/airflow/example_dags/example_kubernetes_executor.py
[2021-03-17 16:33:30,914] {scheduler_job.py:629} INFO - Processing file /Users/prathyusha/Desktop/pranathi/airflow_cnn_pipeline_final/airflow_test_env/lib/python3.7/site-packages/airflow/example_dags/example_kubernetes_executor.py for tasks to queue
[2021-03-17 16:33:30,915] {logging_mixin.py:104} INFO - [2021-03-17 16:33:30,915] {dagbag.py:448} INFO - Filling up the DagBag from /Users/prathyusha/Desktop/pranathi/airflow_cnn_pipeline_final/airflow_test_env/lib/python3.7/site-packages/airflow/example_dags/example_kubernetes_executor.py
[2021-03-17 16:33:30,930] {scheduler_job.py:639} INFO - DAG(s) dict_keys(['example_kubernetes_executor']) retrieved from /Users/prathyusha/Desktop/pranathi/airflow_cnn_pipeline_final/airflow_test_env/lib/python3.7/site-packages/airflow/example_dags/example_kubernetes_executor.py
[2021-03-17 16:33:30,945] {logging_mixin.py:104} INFO - [2021-03-17 16:33:30,945] {dag.py:1818} INFO - Sync 1 DAGs
[2021-03-17 16:33:30,957] {logging_mixin.py:104} INFO - [2021-03-17 16:33:30,957] {dag.py:2273} INFO - Setting next_dagrun for example_kubernetes_executor to None
[2021-03-17 16:33:30,966] {scheduler_job.py:190} INFO - Processing /Users/prathyusha/Desktop/pranathi/airflow_cnn_pipeline_final/airflow_test_env/lib/python3.7/site-packages/airflow/example_dags/example_kubernetes_executor.py took 0.057 seconds
[2021-03-17 16:34:01,628] {scheduler_job.py:182} INFO - Started process (PID=28341) to work on /Users/prathyusha/Desktop/pranathi/airflow_cnn_pipeline_final/airflow_test_env/lib/python3.7/site-packages/airflow/example_dags/example_kubernetes_executor.py
[2021-03-17 16:34:01,632] {scheduler_job.py:629} INFO - Processing file /Users/prathyusha/Desktop/pranathi/airflow_cnn_pipeline_final/airflow_test_env/lib/python3.7/site-packages/airflow/example_dags/example_kubernetes_executor.py for tasks to queue
[2021-03-17 16:34:01,634] {logging_mixin.py:104} INFO - [2021-03-17 16:34:01,634] {dagbag.py:448} INFO - Filling up the DagBag from /Users/prathyusha/Desktop/pranathi/airflow_cnn_pipeline_final/airflow_test_env/lib/python3.7/site-packages/airflow/example_dags/example_kubernetes_executor.py
[2021-03-17 16:34:01,650] {scheduler_job.py:639} INFO - DAG(s) dict_keys(['example_kubernetes_executor']) retrieved from /Users/prathyusha/Desktop/pranathi/airflow_cnn_pipeline_final/airflow_test_env/lib/python3.7/site-packages/airflow/example_dags/example_kubernetes_executor.py
[2021-03-17 16:34:01,665] {logging_mixin.py:104} INFO - [2021-03-17 16:34:01,665] {dag.py:1818} INFO - Sync 1 DAGs
[2021-03-17 16:34:01,677] {logging_mixin.py:104} INFO - [2021-03-17 16:34:01,677] {dag.py:2273} INFO - Setting next_dagrun for example_kubernetes_executor to None
[2021-03-17 16:34:01,685] {scheduler_job.py:190} INFO - Processing /Users/prathyusha/Desktop/pranathi/airflow_cnn_pipeline_final/airflow_test_env/lib/python3.7/site-packages/airflow/example_dags/example_kubernetes_executor.py took 0.061 seconds
[2021-03-17 16:34:32,482] {scheduler_job.py:182} INFO - Started process (PID=28370) to work on /Users/prathyusha/Desktop/pranathi/airflow_cnn_pipeline_final/airflow_test_env/lib/python3.7/site-packages/airflow/example_dags/example_kubernetes_executor.py
[2021-03-17 16:34:32,483] {scheduler_job.py:629} INFO - Processing file /Users/prathyusha/Desktop/pranathi/airflow_cnn_pipeline_final/airflow_test_env/lib/python3.7/site-packages/airflow/example_dags/example_kubernetes_executor.py for tasks to queue
[2021-03-17 16:34:32,485] {logging_mixin.py:104} INFO - [2021-03-17 16:34:32,484] {dagbag.py:448} INFO - Filling up the DagBag from /Users/prathyusha/Desktop/pranathi/airflow_cnn_pipeline_final/airflow_test_env/lib/python3.7/site-packages/airflow/example_dags/example_kubernetes_executor.py
[2021-03-17 16:34:32,499] {scheduler_job.py:639} INFO - DAG(s) dict_keys(['example_kubernetes_executor']) retrieved from /Users/prathyusha/Desktop/pranathi/airflow_cnn_pipeline_final/airflow_test_env/lib/python3.7/site-packages/airflow/example_dags/example_kubernetes_executor.py
[2021-03-17 16:34:32,513] {logging_mixin.py:104} INFO - [2021-03-17 16:34:32,512] {dag.py:1818} INFO - Sync 1 DAGs
[2021-03-17 16:34:32,523] {logging_mixin.py:104} INFO - [2021-03-17 16:34:32,522] {dag.py:2273} INFO - Setting next_dagrun for example_kubernetes_executor to None
[2021-03-17 16:34:32,530] {scheduler_job.py:190} INFO - Processing /Users/prathyusha/Desktop/pranathi/airflow_cnn_pipeline_final/airflow_test_env/lib/python3.7/site-packages/airflow/example_dags/example_kubernetes_executor.py took 0.052 seconds
[2021-03-17 16:35:03,165] {scheduler_job.py:182} INFO - Started process (PID=28403) to work on /Users/prathyusha/Desktop/pranathi/airflow_cnn_pipeline_final/airflow_test_env/lib/python3.7/site-packages/airflow/example_dags/example_kubernetes_executor.py
[2021-03-17 16:35:03,167] {scheduler_job.py:629} INFO - Processing file /Users/prathyusha/Desktop/pranathi/airflow_cnn_pipeline_final/airflow_test_env/lib/python3.7/site-packages/airflow/example_dags/example_kubernetes_executor.py for tasks to queue
[2021-03-17 16:35:03,168] {logging_mixin.py:104} INFO - [2021-03-17 16:35:03,167] {dagbag.py:448} INFO - Filling up the DagBag from /Users/prathyusha/Desktop/pranathi/airflow_cnn_pipeline_final/airflow_test_env/lib/python3.7/site-packages/airflow/example_dags/example_kubernetes_executor.py
[2021-03-17 16:35:03,183] {scheduler_job.py:639} INFO - DAG(s) dict_keys(['example_kubernetes_executor']) retrieved from /Users/prathyusha/Desktop/pranathi/airflow_cnn_pipeline_final/airflow_test_env/lib/python3.7/site-packages/airflow/example_dags/example_kubernetes_executor.py
[2021-03-17 16:35:03,199] {logging_mixin.py:104} INFO - [2021-03-17 16:35:03,198] {dag.py:1818} INFO - Sync 1 DAGs
[2021-03-17 16:35:03,215] {logging_mixin.py:104} INFO - [2021-03-17 16:35:03,215] {dag.py:2273} INFO - Setting next_dagrun for example_kubernetes_executor to None
[2021-03-17 16:35:03,227] {scheduler_job.py:190} INFO - Processing /Users/prathyusha/Desktop/pranathi/airflow_cnn_pipeline_final/airflow_test_env/lib/python3.7/site-packages/airflow/example_dags/example_kubernetes_executor.py took 0.066 seconds
[2021-03-17 16:35:34,024] {scheduler_job.py:182} INFO - Started process (PID=28437) to work on /Users/prathyusha/Desktop/pranathi/airflow_cnn_pipeline_final/airflow_test_env/lib/python3.7/site-packages/airflow/example_dags/example_kubernetes_executor.py
[2021-03-17 16:35:34,033] {scheduler_job.py:629} INFO - Processing file /Users/prathyusha/Desktop/pranathi/airflow_cnn_pipeline_final/airflow_test_env/lib/python3.7/site-packages/airflow/example_dags/example_kubernetes_executor.py for tasks to queue
[2021-03-17 16:35:34,035] {logging_mixin.py:104} INFO - [2021-03-17 16:35:34,034] {dagbag.py:448} INFO - Filling up the DagBag from /Users/prathyusha/Desktop/pranathi/airflow_cnn_pipeline_final/airflow_test_env/lib/python3.7/site-packages/airflow/example_dags/example_kubernetes_executor.py
[2021-03-17 16:35:34,064] {scheduler_job.py:639} INFO - DAG(s) dict_keys(['example_kubernetes_executor']) retrieved from /Users/prathyusha/Desktop/pranathi/airflow_cnn_pipeline_final/airflow_test_env/lib/python3.7/site-packages/airflow/example_dags/example_kubernetes_executor.py
[2021-03-17 16:35:34,085] {logging_mixin.py:104} INFO - [2021-03-17 16:35:34,084] {dag.py:1818} INFO - Sync 1 DAGs
[2021-03-17 16:35:34,101] {logging_mixin.py:104} INFO - [2021-03-17 16:35:34,101] {dag.py:2273} INFO - Setting next_dagrun for example_kubernetes_executor to None
[2021-03-17 16:35:34,117] {scheduler_job.py:190} INFO - Processing /Users/prathyusha/Desktop/pranathi/airflow_cnn_pipeline_final/airflow_test_env/lib/python3.7/site-packages/airflow/example_dags/example_kubernetes_executor.py took 0.099 seconds
[2021-03-17 16:36:04,805] {scheduler_job.py:182} INFO - Started process (PID=28479) to work on /Users/prathyusha/Desktop/pranathi/airflow_cnn_pipeline_final/airflow_test_env/lib/python3.7/site-packages/airflow/example_dags/example_kubernetes_executor.py
[2021-03-17 16:36:04,807] {scheduler_job.py:629} INFO - Processing file /Users/prathyusha/Desktop/pranathi/airflow_cnn_pipeline_final/airflow_test_env/lib/python3.7/site-packages/airflow/example_dags/example_kubernetes_executor.py for tasks to queue
[2021-03-17 16:36:04,808] {logging_mixin.py:104} INFO - [2021-03-17 16:36:04,807] {dagbag.py:448} INFO - Filling up the DagBag from /Users/prathyusha/Desktop/pranathi/airflow_cnn_pipeline_final/airflow_test_env/lib/python3.7/site-packages/airflow/example_dags/example_kubernetes_executor.py
[2021-03-17 16:36:04,821] {scheduler_job.py:639} INFO - DAG(s) dict_keys(['example_kubernetes_executor']) retrieved from /Users/prathyusha/Desktop/pranathi/airflow_cnn_pipeline_final/airflow_test_env/lib/python3.7/site-packages/airflow/example_dags/example_kubernetes_executor.py
[2021-03-17 16:36:04,834] {logging_mixin.py:104} INFO - [2021-03-17 16:36:04,834] {dag.py:1818} INFO - Sync 1 DAGs
[2021-03-17 16:36:04,845] {logging_mixin.py:104} INFO - [2021-03-17 16:36:04,844] {dag.py:2273} INFO - Setting next_dagrun for example_kubernetes_executor to None
[2021-03-17 16:36:04,852] {scheduler_job.py:190} INFO - Processing /Users/prathyusha/Desktop/pranathi/airflow_cnn_pipeline_final/airflow_test_env/lib/python3.7/site-packages/airflow/example_dags/example_kubernetes_executor.py took 0.051 seconds
[2021-03-17 16:36:35,651] {scheduler_job.py:182} INFO - Started process (PID=28512) to work on /Users/prathyusha/Desktop/pranathi/airflow_cnn_pipeline_final/airflow_test_env/lib/python3.7/site-packages/airflow/example_dags/example_kubernetes_executor.py
[2021-03-17 16:36:35,654] {scheduler_job.py:629} INFO - Processing file /Users/prathyusha/Desktop/pranathi/airflow_cnn_pipeline_final/airflow_test_env/lib/python3.7/site-packages/airflow/example_dags/example_kubernetes_executor.py for tasks to queue
[2021-03-17 16:36:35,656] {logging_mixin.py:104} INFO - [2021-03-17 16:36:35,655] {dagbag.py:448} INFO - Filling up the DagBag from /Users/prathyusha/Desktop/pranathi/airflow_cnn_pipeline_final/airflow_test_env/lib/python3.7/site-packages/airflow/example_dags/example_kubernetes_executor.py
[2021-03-17 16:36:35,671] {scheduler_job.py:639} INFO - DAG(s) dict_keys(['example_kubernetes_executor']) retrieved from /Users/prathyusha/Desktop/pranathi/airflow_cnn_pipeline_final/airflow_test_env/lib/python3.7/site-packages/airflow/example_dags/example_kubernetes_executor.py
[2021-03-17 16:36:35,686] {logging_mixin.py:104} INFO - [2021-03-17 16:36:35,685] {dag.py:1818} INFO - Sync 1 DAGs
[2021-03-17 16:36:35,698] {logging_mixin.py:104} INFO - [2021-03-17 16:36:35,697] {dag.py:2273} INFO - Setting next_dagrun for example_kubernetes_executor to None
[2021-03-17 16:36:35,706] {scheduler_job.py:190} INFO - Processing /Users/prathyusha/Desktop/pranathi/airflow_cnn_pipeline_final/airflow_test_env/lib/python3.7/site-packages/airflow/example_dags/example_kubernetes_executor.py took 0.059 seconds
[2021-03-17 16:37:06,497] {scheduler_job.py:182} INFO - Started process (PID=28541) to work on /Users/prathyusha/Desktop/pranathi/airflow_cnn_pipeline_final/airflow_test_env/lib/python3.7/site-packages/airflow/example_dags/example_kubernetes_executor.py
[2021-03-17 16:37:06,498] {scheduler_job.py:629} INFO - Processing file /Users/prathyusha/Desktop/pranathi/airflow_cnn_pipeline_final/airflow_test_env/lib/python3.7/site-packages/airflow/example_dags/example_kubernetes_executor.py for tasks to queue
[2021-03-17 16:37:06,500] {logging_mixin.py:104} INFO - [2021-03-17 16:37:06,499] {dagbag.py:448} INFO - Filling up the DagBag from /Users/prathyusha/Desktop/pranathi/airflow_cnn_pipeline_final/airflow_test_env/lib/python3.7/site-packages/airflow/example_dags/example_kubernetes_executor.py
[2021-03-17 16:37:06,514] {scheduler_job.py:639} INFO - DAG(s) dict_keys(['example_kubernetes_executor']) retrieved from /Users/prathyusha/Desktop/pranathi/airflow_cnn_pipeline_final/airflow_test_env/lib/python3.7/site-packages/airflow/example_dags/example_kubernetes_executor.py
[2021-03-17 16:37:06,528] {logging_mixin.py:104} INFO - [2021-03-17 16:37:06,528] {dag.py:1818} INFO - Sync 1 DAGs
[2021-03-17 16:37:06,539] {logging_mixin.py:104} INFO - [2021-03-17 16:37:06,538] {dag.py:2273} INFO - Setting next_dagrun for example_kubernetes_executor to None
[2021-03-17 16:37:06,546] {scheduler_job.py:190} INFO - Processing /Users/prathyusha/Desktop/pranathi/airflow_cnn_pipeline_final/airflow_test_env/lib/python3.7/site-packages/airflow/example_dags/example_kubernetes_executor.py took 0.053 seconds
[2021-03-17 16:37:37,341] {scheduler_job.py:182} INFO - Started process (PID=28574) to work on /Users/prathyusha/Desktop/pranathi/airflow_cnn_pipeline_final/airflow_test_env/lib/python3.7/site-packages/airflow/example_dags/example_kubernetes_executor.py
[2021-03-17 16:37:37,343] {scheduler_job.py:629} INFO - Processing file /Users/prathyusha/Desktop/pranathi/airflow_cnn_pipeline_final/airflow_test_env/lib/python3.7/site-packages/airflow/example_dags/example_kubernetes_executor.py for tasks to queue
[2021-03-17 16:37:37,345] {logging_mixin.py:104} INFO - [2021-03-17 16:37:37,344] {dagbag.py:448} INFO - Filling up the DagBag from /Users/prathyusha/Desktop/pranathi/airflow_cnn_pipeline_final/airflow_test_env/lib/python3.7/site-packages/airflow/example_dags/example_kubernetes_executor.py
[2021-03-17 16:37:37,360] {scheduler_job.py:639} INFO - DAG(s) dict_keys(['example_kubernetes_executor']) retrieved from /Users/prathyusha/Desktop/pranathi/airflow_cnn_pipeline_final/airflow_test_env/lib/python3.7/site-packages/airflow/example_dags/example_kubernetes_executor.py
[2021-03-17 16:37:37,375] {logging_mixin.py:104} INFO - [2021-03-17 16:37:37,375] {dag.py:1818} INFO - Sync 1 DAGs
[2021-03-17 16:37:37,386] {logging_mixin.py:104} INFO - [2021-03-17 16:37:37,386] {dag.py:2273} INFO - Setting next_dagrun for example_kubernetes_executor to None
[2021-03-17 16:37:37,394] {scheduler_job.py:190} INFO - Processing /Users/prathyusha/Desktop/pranathi/airflow_cnn_pipeline_final/airflow_test_env/lib/python3.7/site-packages/airflow/example_dags/example_kubernetes_executor.py took 0.057 seconds
[2021-03-17 16:38:08,083] {scheduler_job.py:182} INFO - Started process (PID=28606) to work on /Users/prathyusha/Desktop/pranathi/airflow_cnn_pipeline_final/airflow_test_env/lib/python3.7/site-packages/airflow/example_dags/example_kubernetes_executor.py
[2021-03-17 16:38:08,085] {scheduler_job.py:629} INFO - Processing file /Users/prathyusha/Desktop/pranathi/airflow_cnn_pipeline_final/airflow_test_env/lib/python3.7/site-packages/airflow/example_dags/example_kubernetes_executor.py for tasks to queue
[2021-03-17 16:38:08,086] {logging_mixin.py:104} INFO - [2021-03-17 16:38:08,086] {dagbag.py:448} INFO - Filling up the DagBag from /Users/prathyusha/Desktop/pranathi/airflow_cnn_pipeline_final/airflow_test_env/lib/python3.7/site-packages/airflow/example_dags/example_kubernetes_executor.py
[2021-03-17 16:38:08,100] {scheduler_job.py:639} INFO - DAG(s) dict_keys(['example_kubernetes_executor']) retrieved from /Users/prathyusha/Desktop/pranathi/airflow_cnn_pipeline_final/airflow_test_env/lib/python3.7/site-packages/airflow/example_dags/example_kubernetes_executor.py
[2021-03-17 16:38:08,114] {logging_mixin.py:104} INFO - [2021-03-17 16:38:08,113] {dag.py:1818} INFO - Sync 1 DAGs
[2021-03-17 16:38:08,125] {logging_mixin.py:104} INFO - [2021-03-17 16:38:08,124] {dag.py:2273} INFO - Setting next_dagrun for example_kubernetes_executor to None
[2021-03-17 16:38:08,132] {scheduler_job.py:190} INFO - Processing /Users/prathyusha/Desktop/pranathi/airflow_cnn_pipeline_final/airflow_test_env/lib/python3.7/site-packages/airflow/example_dags/example_kubernetes_executor.py took 0.053 seconds
[2021-03-17 16:38:38,910] {scheduler_job.py:182} INFO - Started process (PID=28655) to work on /Users/prathyusha/Desktop/pranathi/airflow_cnn_pipeline_final/airflow_test_env/lib/python3.7/site-packages/airflow/example_dags/example_kubernetes_executor.py
[2021-03-17 16:38:38,913] {scheduler_job.py:629} INFO - Processing file /Users/prathyusha/Desktop/pranathi/airflow_cnn_pipeline_final/airflow_test_env/lib/python3.7/site-packages/airflow/example_dags/example_kubernetes_executor.py for tasks to queue
[2021-03-17 16:38:38,914] {logging_mixin.py:104} INFO - [2021-03-17 16:38:38,914] {dagbag.py:448} INFO - Filling up the DagBag from /Users/prathyusha/Desktop/pranathi/airflow_cnn_pipeline_final/airflow_test_env/lib/python3.7/site-packages/airflow/example_dags/example_kubernetes_executor.py
[2021-03-17 16:38:38,930] {scheduler_job.py:639} INFO - DAG(s) dict_keys(['example_kubernetes_executor']) retrieved from /Users/prathyusha/Desktop/pranathi/airflow_cnn_pipeline_final/airflow_test_env/lib/python3.7/site-packages/airflow/example_dags/example_kubernetes_executor.py
[2021-03-17 16:38:38,948] {logging_mixin.py:104} INFO - [2021-03-17 16:38:38,948] {dag.py:1818} INFO - Sync 1 DAGs
[2021-03-17 16:38:38,963] {logging_mixin.py:104} INFO - [2021-03-17 16:38:38,962] {dag.py:2273} INFO - Setting next_dagrun for example_kubernetes_executor to None
[2021-03-17 16:38:38,972] {scheduler_job.py:190} INFO - Processing /Users/prathyusha/Desktop/pranathi/airflow_cnn_pipeline_final/airflow_test_env/lib/python3.7/site-packages/airflow/example_dags/example_kubernetes_executor.py took 0.066 seconds
[2021-03-17 16:39:09,761] {scheduler_job.py:182} INFO - Started process (PID=28717) to work on /Users/prathyusha/Desktop/pranathi/airflow_cnn_pipeline_final/airflow_test_env/lib/python3.7/site-packages/airflow/example_dags/example_kubernetes_executor.py
[2021-03-17 16:39:09,763] {scheduler_job.py:629} INFO - Processing file /Users/prathyusha/Desktop/pranathi/airflow_cnn_pipeline_final/airflow_test_env/lib/python3.7/site-packages/airflow/example_dags/example_kubernetes_executor.py for tasks to queue
[2021-03-17 16:39:09,764] {logging_mixin.py:104} INFO - [2021-03-17 16:39:09,764] {dagbag.py:448} INFO - Filling up the DagBag from /Users/prathyusha/Desktop/pranathi/airflow_cnn_pipeline_final/airflow_test_env/lib/python3.7/site-packages/airflow/example_dags/example_kubernetes_executor.py
[2021-03-17 16:39:09,778] {scheduler_job.py:639} INFO - DAG(s) dict_keys(['example_kubernetes_executor']) retrieved from /Users/prathyusha/Desktop/pranathi/airflow_cnn_pipeline_final/airflow_test_env/lib/python3.7/site-packages/airflow/example_dags/example_kubernetes_executor.py
[2021-03-17 16:39:09,792] {logging_mixin.py:104} INFO - [2021-03-17 16:39:09,791] {dag.py:1818} INFO - Sync 1 DAGs
[2021-03-17 16:39:09,802] {logging_mixin.py:104} INFO - [2021-03-17 16:39:09,801] {dag.py:2273} INFO - Setting next_dagrun for example_kubernetes_executor to None
[2021-03-17 16:39:09,809] {scheduler_job.py:190} INFO - Processing /Users/prathyusha/Desktop/pranathi/airflow_cnn_pipeline_final/airflow_test_env/lib/python3.7/site-packages/airflow/example_dags/example_kubernetes_executor.py took 0.052 seconds
[2021-03-17 16:39:40,360] {scheduler_job.py:182} INFO - Started process (PID=28750) to work on /Users/prathyusha/Desktop/pranathi/airflow_cnn_pipeline_final/airflow_test_env/lib/python3.7/site-packages/airflow/example_dags/example_kubernetes_executor.py
[2021-03-17 16:39:40,362] {scheduler_job.py:629} INFO - Processing file /Users/prathyusha/Desktop/pranathi/airflow_cnn_pipeline_final/airflow_test_env/lib/python3.7/site-packages/airflow/example_dags/example_kubernetes_executor.py for tasks to queue
[2021-03-17 16:39:40,363] {logging_mixin.py:104} INFO - [2021-03-17 16:39:40,363] {dagbag.py:448} INFO - Filling up the DagBag from /Users/prathyusha/Desktop/pranathi/airflow_cnn_pipeline_final/airflow_test_env/lib/python3.7/site-packages/airflow/example_dags/example_kubernetes_executor.py
[2021-03-17 16:39:40,377] {scheduler_job.py:639} INFO - DAG(s) dict_keys(['example_kubernetes_executor']) retrieved from /Users/prathyusha/Desktop/pranathi/airflow_cnn_pipeline_final/airflow_test_env/lib/python3.7/site-packages/airflow/example_dags/example_kubernetes_executor.py
[2021-03-17 16:39:40,391] {logging_mixin.py:104} INFO - [2021-03-17 16:39:40,390] {dag.py:1818} INFO - Sync 1 DAGs
[2021-03-17 16:39:40,401] {logging_mixin.py:104} INFO - [2021-03-17 16:39:40,401] {dag.py:2273} INFO - Setting next_dagrun for example_kubernetes_executor to None
[2021-03-17 16:39:40,409] {scheduler_job.py:190} INFO - Processing /Users/prathyusha/Desktop/pranathi/airflow_cnn_pipeline_final/airflow_test_env/lib/python3.7/site-packages/airflow/example_dags/example_kubernetes_executor.py took 0.052 seconds
[2021-03-17 16:40:11,111] {scheduler_job.py:182} INFO - Started process (PID=28798) to work on /Users/prathyusha/Desktop/pranathi/airflow_cnn_pipeline_final/airflow_test_env/lib/python3.7/site-packages/airflow/example_dags/example_kubernetes_executor.py
[2021-03-17 16:40:11,134] {scheduler_job.py:629} INFO - Processing file /Users/prathyusha/Desktop/pranathi/airflow_cnn_pipeline_final/airflow_test_env/lib/python3.7/site-packages/airflow/example_dags/example_kubernetes_executor.py for tasks to queue
[2021-03-17 16:40:11,137] {logging_mixin.py:104} INFO - [2021-03-17 16:40:11,136] {dagbag.py:448} INFO - Filling up the DagBag from /Users/prathyusha/Desktop/pranathi/airflow_cnn_pipeline_final/airflow_test_env/lib/python3.7/site-packages/airflow/example_dags/example_kubernetes_executor.py
[2021-03-17 16:40:11,182] {scheduler_job.py:639} INFO - DAG(s) dict_keys(['example_kubernetes_executor']) retrieved from /Users/prathyusha/Desktop/pranathi/airflow_cnn_pipeline_final/airflow_test_env/lib/python3.7/site-packages/airflow/example_dags/example_kubernetes_executor.py
[2021-03-17 16:40:11,222] {logging_mixin.py:104} INFO - [2021-03-17 16:40:11,221] {dag.py:1818} INFO - Sync 1 DAGs
[2021-03-17 16:40:11,242] {logging_mixin.py:104} INFO - [2021-03-17 16:40:11,241] {dag.py:2273} INFO - Setting next_dagrun for example_kubernetes_executor to None
[2021-03-17 16:40:11,257] {scheduler_job.py:190} INFO - Processing /Users/prathyusha/Desktop/pranathi/airflow_cnn_pipeline_final/airflow_test_env/lib/python3.7/site-packages/airflow/example_dags/example_kubernetes_executor.py took 0.174 seconds
[2021-03-17 16:40:41,931] {scheduler_job.py:182} INFO - Started process (PID=28831) to work on /Users/prathyusha/Desktop/pranathi/airflow_cnn_pipeline_final/airflow_test_env/lib/python3.7/site-packages/airflow/example_dags/example_kubernetes_executor.py
[2021-03-17 16:40:41,933] {scheduler_job.py:629} INFO - Processing file /Users/prathyusha/Desktop/pranathi/airflow_cnn_pipeline_final/airflow_test_env/lib/python3.7/site-packages/airflow/example_dags/example_kubernetes_executor.py for tasks to queue
[2021-03-17 16:40:41,935] {logging_mixin.py:104} INFO - [2021-03-17 16:40:41,935] {dagbag.py:448} INFO - Filling up the DagBag from /Users/prathyusha/Desktop/pranathi/airflow_cnn_pipeline_final/airflow_test_env/lib/python3.7/site-packages/airflow/example_dags/example_kubernetes_executor.py
[2021-03-17 16:40:41,952] {scheduler_job.py:639} INFO - DAG(s) dict_keys(['example_kubernetes_executor']) retrieved from /Users/prathyusha/Desktop/pranathi/airflow_cnn_pipeline_final/airflow_test_env/lib/python3.7/site-packages/airflow/example_dags/example_kubernetes_executor.py
[2021-03-17 16:40:41,971] {logging_mixin.py:104} INFO - [2021-03-17 16:40:41,970] {dag.py:1818} INFO - Sync 1 DAGs
[2021-03-17 16:40:41,985] {logging_mixin.py:104} INFO - [2021-03-17 16:40:41,984] {dag.py:2273} INFO - Setting next_dagrun for example_kubernetes_executor to None
[2021-03-17 16:40:41,993] {scheduler_job.py:190} INFO - Processing /Users/prathyusha/Desktop/pranathi/airflow_cnn_pipeline_final/airflow_test_env/lib/python3.7/site-packages/airflow/example_dags/example_kubernetes_executor.py took 0.067 seconds
[2021-03-17 16:41:12,985] {scheduler_job.py:182} INFO - Started process (PID=28865) to work on /Users/prathyusha/Desktop/pranathi/airflow_cnn_pipeline_final/airflow_test_env/lib/python3.7/site-packages/airflow/example_dags/example_kubernetes_executor.py
[2021-03-17 16:41:12,989] {scheduler_job.py:629} INFO - Processing file /Users/prathyusha/Desktop/pranathi/airflow_cnn_pipeline_final/airflow_test_env/lib/python3.7/site-packages/airflow/example_dags/example_kubernetes_executor.py for tasks to queue
[2021-03-17 16:41:12,990] {logging_mixin.py:104} INFO - [2021-03-17 16:41:12,990] {dagbag.py:448} INFO - Filling up the DagBag from /Users/prathyusha/Desktop/pranathi/airflow_cnn_pipeline_final/airflow_test_env/lib/python3.7/site-packages/airflow/example_dags/example_kubernetes_executor.py
[2021-03-17 16:41:13,004] {scheduler_job.py:639} INFO - DAG(s) dict_keys(['example_kubernetes_executor']) retrieved from /Users/prathyusha/Desktop/pranathi/airflow_cnn_pipeline_final/airflow_test_env/lib/python3.7/site-packages/airflow/example_dags/example_kubernetes_executor.py
[2021-03-17 16:41:13,019] {logging_mixin.py:104} INFO - [2021-03-17 16:41:13,019] {dag.py:1818} INFO - Sync 1 DAGs
[2021-03-17 16:41:13,030] {logging_mixin.py:104} INFO - [2021-03-17 16:41:13,029] {dag.py:2273} INFO - Setting next_dagrun for example_kubernetes_executor to None
[2021-03-17 16:41:13,037] {scheduler_job.py:190} INFO - Processing /Users/prathyusha/Desktop/pranathi/airflow_cnn_pipeline_final/airflow_test_env/lib/python3.7/site-packages/airflow/example_dags/example_kubernetes_executor.py took 0.055 seconds
[2021-03-17 16:41:44,266] {scheduler_job.py:182} INFO - Started process (PID=28897) to work on /Users/prathyusha/Desktop/pranathi/airflow_cnn_pipeline_final/airflow_test_env/lib/python3.7/site-packages/airflow/example_dags/example_kubernetes_executor.py
[2021-03-17 16:41:44,278] {scheduler_job.py:629} INFO - Processing file /Users/prathyusha/Desktop/pranathi/airflow_cnn_pipeline_final/airflow_test_env/lib/python3.7/site-packages/airflow/example_dags/example_kubernetes_executor.py for tasks to queue
[2021-03-17 16:41:44,284] {logging_mixin.py:104} INFO - [2021-03-17 16:41:44,283] {dagbag.py:448} INFO - Filling up the DagBag from /Users/prathyusha/Desktop/pranathi/airflow_cnn_pipeline_final/airflow_test_env/lib/python3.7/site-packages/airflow/example_dags/example_kubernetes_executor.py
[2021-03-17 16:41:44,319] {scheduler_job.py:639} INFO - DAG(s) dict_keys(['example_kubernetes_executor']) retrieved from /Users/prathyusha/Desktop/pranathi/airflow_cnn_pipeline_final/airflow_test_env/lib/python3.7/site-packages/airflow/example_dags/example_kubernetes_executor.py
[2021-03-17 16:41:44,354] {logging_mixin.py:104} INFO - [2021-03-17 16:41:44,353] {dag.py:1818} INFO - Sync 1 DAGs
[2021-03-17 16:41:44,384] {logging_mixin.py:104} INFO - [2021-03-17 16:41:44,381] {dag.py:2273} INFO - Setting next_dagrun for example_kubernetes_executor to None
[2021-03-17 16:41:44,428] {scheduler_job.py:190} INFO - Processing /Users/prathyusha/Desktop/pranathi/airflow_cnn_pipeline_final/airflow_test_env/lib/python3.7/site-packages/airflow/example_dags/example_kubernetes_executor.py took 0.184 seconds
[2021-03-17 16:42:15,443] {scheduler_job.py:182} INFO - Started process (PID=28935) to work on /Users/prathyusha/Desktop/pranathi/airflow_cnn_pipeline_final/airflow_test_env/lib/python3.7/site-packages/airflow/example_dags/example_kubernetes_executor.py
[2021-03-17 16:42:15,445] {scheduler_job.py:629} INFO - Processing file /Users/prathyusha/Desktop/pranathi/airflow_cnn_pipeline_final/airflow_test_env/lib/python3.7/site-packages/airflow/example_dags/example_kubernetes_executor.py for tasks to queue
[2021-03-17 16:42:15,446] {logging_mixin.py:104} INFO - [2021-03-17 16:42:15,446] {dagbag.py:448} INFO - Filling up the DagBag from /Users/prathyusha/Desktop/pranathi/airflow_cnn_pipeline_final/airflow_test_env/lib/python3.7/site-packages/airflow/example_dags/example_kubernetes_executor.py
[2021-03-17 16:42:15,463] {scheduler_job.py:639} INFO - DAG(s) dict_keys(['example_kubernetes_executor']) retrieved from /Users/prathyusha/Desktop/pranathi/airflow_cnn_pipeline_final/airflow_test_env/lib/python3.7/site-packages/airflow/example_dags/example_kubernetes_executor.py
[2021-03-17 16:42:15,479] {logging_mixin.py:104} INFO - [2021-03-17 16:42:15,478] {dag.py:1818} INFO - Sync 1 DAGs
[2021-03-17 16:42:15,490] {logging_mixin.py:104} INFO - [2021-03-17 16:42:15,489] {dag.py:2273} INFO - Setting next_dagrun for example_kubernetes_executor to None
[2021-03-17 16:42:15,500] {scheduler_job.py:190} INFO - Processing /Users/prathyusha/Desktop/pranathi/airflow_cnn_pipeline_final/airflow_test_env/lib/python3.7/site-packages/airflow/example_dags/example_kubernetes_executor.py took 0.061 seconds
[2021-03-17 16:42:46,071] {scheduler_job.py:182} INFO - Started process (PID=28966) to work on /Users/prathyusha/Desktop/pranathi/airflow_cnn_pipeline_final/airflow_test_env/lib/python3.7/site-packages/airflow/example_dags/example_kubernetes_executor.py
[2021-03-17 16:42:46,072] {scheduler_job.py:629} INFO - Processing file /Users/prathyusha/Desktop/pranathi/airflow_cnn_pipeline_final/airflow_test_env/lib/python3.7/site-packages/airflow/example_dags/example_kubernetes_executor.py for tasks to queue
[2021-03-17 16:42:46,074] {logging_mixin.py:104} INFO - [2021-03-17 16:42:46,073] {dagbag.py:448} INFO - Filling up the DagBag from /Users/prathyusha/Desktop/pranathi/airflow_cnn_pipeline_final/airflow_test_env/lib/python3.7/site-packages/airflow/example_dags/example_kubernetes_executor.py
[2021-03-17 16:42:46,091] {scheduler_job.py:639} INFO - DAG(s) dict_keys(['example_kubernetes_executor']) retrieved from /Users/prathyusha/Desktop/pranathi/airflow_cnn_pipeline_final/airflow_test_env/lib/python3.7/site-packages/airflow/example_dags/example_kubernetes_executor.py
[2021-03-17 16:42:46,109] {logging_mixin.py:104} INFO - [2021-03-17 16:42:46,109] {dag.py:1818} INFO - Sync 1 DAGs
[2021-03-17 16:42:46,124] {logging_mixin.py:104} INFO - [2021-03-17 16:42:46,123] {dag.py:2273} INFO - Setting next_dagrun for example_kubernetes_executor to None
[2021-03-17 16:42:46,132] {scheduler_job.py:190} INFO - Processing /Users/prathyusha/Desktop/pranathi/airflow_cnn_pipeline_final/airflow_test_env/lib/python3.7/site-packages/airflow/example_dags/example_kubernetes_executor.py took 0.065 seconds
[2021-03-17 16:43:16,727] {scheduler_job.py:182} INFO - Started process (PID=28999) to work on /Users/prathyusha/Desktop/pranathi/airflow_cnn_pipeline_final/airflow_test_env/lib/python3.7/site-packages/airflow/example_dags/example_kubernetes_executor.py
[2021-03-17 16:43:16,730] {scheduler_job.py:629} INFO - Processing file /Users/prathyusha/Desktop/pranathi/airflow_cnn_pipeline_final/airflow_test_env/lib/python3.7/site-packages/airflow/example_dags/example_kubernetes_executor.py for tasks to queue
[2021-03-17 16:43:16,734] {logging_mixin.py:104} INFO - [2021-03-17 16:43:16,733] {dagbag.py:448} INFO - Filling up the DagBag from /Users/prathyusha/Desktop/pranathi/airflow_cnn_pipeline_final/airflow_test_env/lib/python3.7/site-packages/airflow/example_dags/example_kubernetes_executor.py
[2021-03-17 16:43:16,775] {scheduler_job.py:639} INFO - DAG(s) dict_keys(['example_kubernetes_executor']) retrieved from /Users/prathyusha/Desktop/pranathi/airflow_cnn_pipeline_final/airflow_test_env/lib/python3.7/site-packages/airflow/example_dags/example_kubernetes_executor.py
[2021-03-17 16:43:16,810] {logging_mixin.py:104} INFO - [2021-03-17 16:43:16,810] {dag.py:1818} INFO - Sync 1 DAGs
[2021-03-17 16:43:16,827] {logging_mixin.py:104} INFO - [2021-03-17 16:43:16,826] {dag.py:2273} INFO - Setting next_dagrun for example_kubernetes_executor to None
[2021-03-17 16:43:16,838] {scheduler_job.py:190} INFO - Processing /Users/prathyusha/Desktop/pranathi/airflow_cnn_pipeline_final/airflow_test_env/lib/python3.7/site-packages/airflow/example_dags/example_kubernetes_executor.py took 0.117 seconds
[2021-03-17 16:43:47,381] {scheduler_job.py:182} INFO - Started process (PID=29031) to work on /Users/prathyusha/Desktop/pranathi/airflow_cnn_pipeline_final/airflow_test_env/lib/python3.7/site-packages/airflow/example_dags/example_kubernetes_executor.py
[2021-03-17 16:43:47,383] {scheduler_job.py:629} INFO - Processing file /Users/prathyusha/Desktop/pranathi/airflow_cnn_pipeline_final/airflow_test_env/lib/python3.7/site-packages/airflow/example_dags/example_kubernetes_executor.py for tasks to queue
[2021-03-17 16:43:47,384] {logging_mixin.py:104} INFO - [2021-03-17 16:43:47,384] {dagbag.py:448} INFO - Filling up the DagBag from /Users/prathyusha/Desktop/pranathi/airflow_cnn_pipeline_final/airflow_test_env/lib/python3.7/site-packages/airflow/example_dags/example_kubernetes_executor.py
[2021-03-17 16:43:47,405] {scheduler_job.py:639} INFO - DAG(s) dict_keys(['example_kubernetes_executor']) retrieved from /Users/prathyusha/Desktop/pranathi/airflow_cnn_pipeline_final/airflow_test_env/lib/python3.7/site-packages/airflow/example_dags/example_kubernetes_executor.py
[2021-03-17 16:43:47,423] {logging_mixin.py:104} INFO - [2021-03-17 16:43:47,423] {dag.py:1818} INFO - Sync 1 DAGs
[2021-03-17 16:43:47,435] {logging_mixin.py:104} INFO - [2021-03-17 16:43:47,435] {dag.py:2273} INFO - Setting next_dagrun for example_kubernetes_executor to None
[2021-03-17 16:43:47,443] {scheduler_job.py:190} INFO - Processing /Users/prathyusha/Desktop/pranathi/airflow_cnn_pipeline_final/airflow_test_env/lib/python3.7/site-packages/airflow/example_dags/example_kubernetes_executor.py took 0.067 seconds
[2021-03-17 16:44:17,914] {scheduler_job.py:182} INFO - Started process (PID=29061) to work on /Users/prathyusha/Desktop/pranathi/airflow_cnn_pipeline_final/airflow_test_env/lib/python3.7/site-packages/airflow/example_dags/example_kubernetes_executor.py
[2021-03-17 16:44:17,915] {scheduler_job.py:629} INFO - Processing file /Users/prathyusha/Desktop/pranathi/airflow_cnn_pipeline_final/airflow_test_env/lib/python3.7/site-packages/airflow/example_dags/example_kubernetes_executor.py for tasks to queue
[2021-03-17 16:44:17,917] {logging_mixin.py:104} INFO - [2021-03-17 16:44:17,916] {dagbag.py:448} INFO - Filling up the DagBag from /Users/prathyusha/Desktop/pranathi/airflow_cnn_pipeline_final/airflow_test_env/lib/python3.7/site-packages/airflow/example_dags/example_kubernetes_executor.py
[2021-03-17 16:44:17,931] {scheduler_job.py:639} INFO - DAG(s) dict_keys(['example_kubernetes_executor']) retrieved from /Users/prathyusha/Desktop/pranathi/airflow_cnn_pipeline_final/airflow_test_env/lib/python3.7/site-packages/airflow/example_dags/example_kubernetes_executor.py
[2021-03-17 16:44:17,950] {logging_mixin.py:104} INFO - [2021-03-17 16:44:17,949] {dag.py:1818} INFO - Sync 1 DAGs
[2021-03-17 16:44:17,966] {logging_mixin.py:104} INFO - [2021-03-17 16:44:17,965] {dag.py:2273} INFO - Setting next_dagrun for example_kubernetes_executor to None
[2021-03-17 16:44:17,976] {scheduler_job.py:190} INFO - Processing /Users/prathyusha/Desktop/pranathi/airflow_cnn_pipeline_final/airflow_test_env/lib/python3.7/site-packages/airflow/example_dags/example_kubernetes_executor.py took 0.067 seconds
[2021-03-17 16:44:48,547] {scheduler_job.py:182} INFO - Started process (PID=29095) to work on /Users/prathyusha/Desktop/pranathi/airflow_cnn_pipeline_final/airflow_test_env/lib/python3.7/site-packages/airflow/example_dags/example_kubernetes_executor.py
[2021-03-17 16:44:48,548] {scheduler_job.py:629} INFO - Processing file /Users/prathyusha/Desktop/pranathi/airflow_cnn_pipeline_final/airflow_test_env/lib/python3.7/site-packages/airflow/example_dags/example_kubernetes_executor.py for tasks to queue
[2021-03-17 16:44:48,550] {logging_mixin.py:104} INFO - [2021-03-17 16:44:48,549] {dagbag.py:448} INFO - Filling up the DagBag from /Users/prathyusha/Desktop/pranathi/airflow_cnn_pipeline_final/airflow_test_env/lib/python3.7/site-packages/airflow/example_dags/example_kubernetes_executor.py
[2021-03-17 16:44:48,565] {scheduler_job.py:639} INFO - DAG(s) dict_keys(['example_kubernetes_executor']) retrieved from /Users/prathyusha/Desktop/pranathi/airflow_cnn_pipeline_final/airflow_test_env/lib/python3.7/site-packages/airflow/example_dags/example_kubernetes_executor.py
[2021-03-17 16:44:48,589] {logging_mixin.py:104} INFO - [2021-03-17 16:44:48,588] {dag.py:1818} INFO - Sync 1 DAGs
[2021-03-17 16:44:48,606] {logging_mixin.py:104} INFO - [2021-03-17 16:44:48,606] {dag.py:2273} INFO - Setting next_dagrun for example_kubernetes_executor to None
[2021-03-17 16:44:48,621] {scheduler_job.py:190} INFO - Processing /Users/prathyusha/Desktop/pranathi/airflow_cnn_pipeline_final/airflow_test_env/lib/python3.7/site-packages/airflow/example_dags/example_kubernetes_executor.py took 0.079 seconds
[2021-03-17 16:45:19,317] {scheduler_job.py:182} INFO - Started process (PID=29137) to work on /Users/prathyusha/Desktop/pranathi/airflow_cnn_pipeline_final/airflow_test_env/lib/python3.7/site-packages/airflow/example_dags/example_kubernetes_executor.py
[2021-03-17 16:45:19,320] {scheduler_job.py:629} INFO - Processing file /Users/prathyusha/Desktop/pranathi/airflow_cnn_pipeline_final/airflow_test_env/lib/python3.7/site-packages/airflow/example_dags/example_kubernetes_executor.py for tasks to queue
[2021-03-17 16:45:19,321] {logging_mixin.py:104} INFO - [2021-03-17 16:45:19,321] {dagbag.py:448} INFO - Filling up the DagBag from /Users/prathyusha/Desktop/pranathi/airflow_cnn_pipeline_final/airflow_test_env/lib/python3.7/site-packages/airflow/example_dags/example_kubernetes_executor.py
[2021-03-17 16:45:19,336] {scheduler_job.py:639} INFO - DAG(s) dict_keys(['example_kubernetes_executor']) retrieved from /Users/prathyusha/Desktop/pranathi/airflow_cnn_pipeline_final/airflow_test_env/lib/python3.7/site-packages/airflow/example_dags/example_kubernetes_executor.py
[2021-03-17 16:45:19,351] {logging_mixin.py:104} INFO - [2021-03-17 16:45:19,351] {dag.py:1818} INFO - Sync 1 DAGs
[2021-03-17 16:45:19,363] {logging_mixin.py:104} INFO - [2021-03-17 16:45:19,362] {dag.py:2273} INFO - Setting next_dagrun for example_kubernetes_executor to None
[2021-03-17 16:45:19,374] {scheduler_job.py:190} INFO - Processing /Users/prathyusha/Desktop/pranathi/airflow_cnn_pipeline_final/airflow_test_env/lib/python3.7/site-packages/airflow/example_dags/example_kubernetes_executor.py took 0.063 seconds
[2021-03-17 16:45:50,014] {scheduler_job.py:182} INFO - Started process (PID=29169) to work on /Users/prathyusha/Desktop/pranathi/airflow_cnn_pipeline_final/airflow_test_env/lib/python3.7/site-packages/airflow/example_dags/example_kubernetes_executor.py
[2021-03-17 16:45:50,018] {scheduler_job.py:629} INFO - Processing file /Users/prathyusha/Desktop/pranathi/airflow_cnn_pipeline_final/airflow_test_env/lib/python3.7/site-packages/airflow/example_dags/example_kubernetes_executor.py for tasks to queue
[2021-03-17 16:45:50,021] {logging_mixin.py:104} INFO - [2021-03-17 16:45:50,020] {dagbag.py:448} INFO - Filling up the DagBag from /Users/prathyusha/Desktop/pranathi/airflow_cnn_pipeline_final/airflow_test_env/lib/python3.7/site-packages/airflow/example_dags/example_kubernetes_executor.py
[2021-03-17 16:45:50,037] {scheduler_job.py:639} INFO - DAG(s) dict_keys(['example_kubernetes_executor']) retrieved from /Users/prathyusha/Desktop/pranathi/airflow_cnn_pipeline_final/airflow_test_env/lib/python3.7/site-packages/airflow/example_dags/example_kubernetes_executor.py
[2021-03-17 16:45:50,053] {logging_mixin.py:104} INFO - [2021-03-17 16:45:50,052] {dag.py:1818} INFO - Sync 1 DAGs
[2021-03-17 16:45:50,067] {logging_mixin.py:104} INFO - [2021-03-17 16:45:50,066] {dag.py:2273} INFO - Setting next_dagrun for example_kubernetes_executor to None
[2021-03-17 16:45:50,074] {scheduler_job.py:190} INFO - Processing /Users/prathyusha/Desktop/pranathi/airflow_cnn_pipeline_final/airflow_test_env/lib/python3.7/site-packages/airflow/example_dags/example_kubernetes_executor.py took 0.065 seconds
[2021-03-17 16:46:20,636] {scheduler_job.py:182} INFO - Started process (PID=29222) to work on /Users/prathyusha/Desktop/pranathi/airflow_cnn_pipeline_final/airflow_test_env/lib/python3.7/site-packages/airflow/example_dags/example_kubernetes_executor.py
[2021-03-17 16:46:20,639] {scheduler_job.py:629} INFO - Processing file /Users/prathyusha/Desktop/pranathi/airflow_cnn_pipeline_final/airflow_test_env/lib/python3.7/site-packages/airflow/example_dags/example_kubernetes_executor.py for tasks to queue
[2021-03-17 16:46:20,641] {logging_mixin.py:104} INFO - [2021-03-17 16:46:20,641] {dagbag.py:448} INFO - Filling up the DagBag from /Users/prathyusha/Desktop/pranathi/airflow_cnn_pipeline_final/airflow_test_env/lib/python3.7/site-packages/airflow/example_dags/example_kubernetes_executor.py
[2021-03-17 16:46:20,655] {scheduler_job.py:639} INFO - DAG(s) dict_keys(['example_kubernetes_executor']) retrieved from /Users/prathyusha/Desktop/pranathi/airflow_cnn_pipeline_final/airflow_test_env/lib/python3.7/site-packages/airflow/example_dags/example_kubernetes_executor.py
[2021-03-17 16:46:20,676] {logging_mixin.py:104} INFO - [2021-03-17 16:46:20,675] {dag.py:1818} INFO - Sync 1 DAGs
[2021-03-17 16:46:20,694] {logging_mixin.py:104} INFO - [2021-03-17 16:46:20,693] {dag.py:2273} INFO - Setting next_dagrun for example_kubernetes_executor to None
[2021-03-17 16:46:20,704] {scheduler_job.py:190} INFO - Processing /Users/prathyusha/Desktop/pranathi/airflow_cnn_pipeline_final/airflow_test_env/lib/python3.7/site-packages/airflow/example_dags/example_kubernetes_executor.py took 0.072 seconds
[2021-03-17 16:46:51,156] {scheduler_job.py:182} INFO - Started process (PID=29318) to work on /Users/prathyusha/Desktop/pranathi/airflow_cnn_pipeline_final/airflow_test_env/lib/python3.7/site-packages/airflow/example_dags/example_kubernetes_executor.py
[2021-03-17 16:46:51,158] {scheduler_job.py:629} INFO - Processing file /Users/prathyusha/Desktop/pranathi/airflow_cnn_pipeline_final/airflow_test_env/lib/python3.7/site-packages/airflow/example_dags/example_kubernetes_executor.py for tasks to queue
[2021-03-17 16:46:51,160] {logging_mixin.py:104} INFO - [2021-03-17 16:46:51,159] {dagbag.py:448} INFO - Filling up the DagBag from /Users/prathyusha/Desktop/pranathi/airflow_cnn_pipeline_final/airflow_test_env/lib/python3.7/site-packages/airflow/example_dags/example_kubernetes_executor.py
[2021-03-17 16:46:51,176] {scheduler_job.py:639} INFO - DAG(s) dict_keys(['example_kubernetes_executor']) retrieved from /Users/prathyusha/Desktop/pranathi/airflow_cnn_pipeline_final/airflow_test_env/lib/python3.7/site-packages/airflow/example_dags/example_kubernetes_executor.py
[2021-03-17 16:46:51,195] {logging_mixin.py:104} INFO - [2021-03-17 16:46:51,194] {dag.py:1818} INFO - Sync 1 DAGs
[2021-03-17 16:46:51,210] {logging_mixin.py:104} INFO - [2021-03-17 16:46:51,210] {dag.py:2273} INFO - Setting next_dagrun for example_kubernetes_executor to None
[2021-03-17 16:46:51,227] {scheduler_job.py:190} INFO - Processing /Users/prathyusha/Desktop/pranathi/airflow_cnn_pipeline_final/airflow_test_env/lib/python3.7/site-packages/airflow/example_dags/example_kubernetes_executor.py took 0.075 seconds
[2021-03-17 16:47:22,051] {scheduler_job.py:182} INFO - Started process (PID=29353) to work on /Users/prathyusha/Desktop/pranathi/airflow_cnn_pipeline_final/airflow_test_env/lib/python3.7/site-packages/airflow/example_dags/example_kubernetes_executor.py
[2021-03-17 16:47:22,055] {scheduler_job.py:629} INFO - Processing file /Users/prathyusha/Desktop/pranathi/airflow_cnn_pipeline_final/airflow_test_env/lib/python3.7/site-packages/airflow/example_dags/example_kubernetes_executor.py for tasks to queue
[2021-03-17 16:47:22,057] {logging_mixin.py:104} INFO - [2021-03-17 16:47:22,056] {dagbag.py:448} INFO - Filling up the DagBag from /Users/prathyusha/Desktop/pranathi/airflow_cnn_pipeline_final/airflow_test_env/lib/python3.7/site-packages/airflow/example_dags/example_kubernetes_executor.py
[2021-03-17 16:47:22,081] {scheduler_job.py:639} INFO - DAG(s) dict_keys(['example_kubernetes_executor']) retrieved from /Users/prathyusha/Desktop/pranathi/airflow_cnn_pipeline_final/airflow_test_env/lib/python3.7/site-packages/airflow/example_dags/example_kubernetes_executor.py
[2021-03-17 16:47:22,098] {logging_mixin.py:104} INFO - [2021-03-17 16:47:22,097] {dag.py:1818} INFO - Sync 1 DAGs
[2021-03-17 16:47:22,113] {logging_mixin.py:104} INFO - [2021-03-17 16:47:22,113] {dag.py:2273} INFO - Setting next_dagrun for example_kubernetes_executor to None
[2021-03-17 16:47:22,124] {scheduler_job.py:190} INFO - Processing /Users/prathyusha/Desktop/pranathi/airflow_cnn_pipeline_final/airflow_test_env/lib/python3.7/site-packages/airflow/example_dags/example_kubernetes_executor.py took 0.079 seconds
[2021-03-17 16:47:52,770] {scheduler_job.py:182} INFO - Started process (PID=29383) to work on /Users/prathyusha/Desktop/pranathi/airflow_cnn_pipeline_final/airflow_test_env/lib/python3.7/site-packages/airflow/example_dags/example_kubernetes_executor.py
[2021-03-17 16:47:52,774] {scheduler_job.py:629} INFO - Processing file /Users/prathyusha/Desktop/pranathi/airflow_cnn_pipeline_final/airflow_test_env/lib/python3.7/site-packages/airflow/example_dags/example_kubernetes_executor.py for tasks to queue
[2021-03-17 16:47:52,775] {logging_mixin.py:104} INFO - [2021-03-17 16:47:52,775] {dagbag.py:448} INFO - Filling up the DagBag from /Users/prathyusha/Desktop/pranathi/airflow_cnn_pipeline_final/airflow_test_env/lib/python3.7/site-packages/airflow/example_dags/example_kubernetes_executor.py
[2021-03-17 16:47:52,791] {scheduler_job.py:639} INFO - DAG(s) dict_keys(['example_kubernetes_executor']) retrieved from /Users/prathyusha/Desktop/pranathi/airflow_cnn_pipeline_final/airflow_test_env/lib/python3.7/site-packages/airflow/example_dags/example_kubernetes_executor.py
[2021-03-17 16:47:52,805] {logging_mixin.py:104} INFO - [2021-03-17 16:47:52,805] {dag.py:1818} INFO - Sync 1 DAGs
[2021-03-17 16:47:52,816] {logging_mixin.py:104} INFO - [2021-03-17 16:47:52,816] {dag.py:2273} INFO - Setting next_dagrun for example_kubernetes_executor to None
[2021-03-17 16:47:52,826] {scheduler_job.py:190} INFO - Processing /Users/prathyusha/Desktop/pranathi/airflow_cnn_pipeline_final/airflow_test_env/lib/python3.7/site-packages/airflow/example_dags/example_kubernetes_executor.py took 0.060 seconds
[2021-03-17 16:48:23,292] {scheduler_job.py:182} INFO - Started process (PID=29413) to work on /Users/prathyusha/Desktop/pranathi/airflow_cnn_pipeline_final/airflow_test_env/lib/python3.7/site-packages/airflow/example_dags/example_kubernetes_executor.py
[2021-03-17 16:48:23,295] {scheduler_job.py:629} INFO - Processing file /Users/prathyusha/Desktop/pranathi/airflow_cnn_pipeline_final/airflow_test_env/lib/python3.7/site-packages/airflow/example_dags/example_kubernetes_executor.py for tasks to queue
[2021-03-17 16:48:23,296] {logging_mixin.py:104} INFO - [2021-03-17 16:48:23,296] {dagbag.py:448} INFO - Filling up the DagBag from /Users/prathyusha/Desktop/pranathi/airflow_cnn_pipeline_final/airflow_test_env/lib/python3.7/site-packages/airflow/example_dags/example_kubernetes_executor.py
[2021-03-17 16:48:23,311] {scheduler_job.py:639} INFO - DAG(s) dict_keys(['example_kubernetes_executor']) retrieved from /Users/prathyusha/Desktop/pranathi/airflow_cnn_pipeline_final/airflow_test_env/lib/python3.7/site-packages/airflow/example_dags/example_kubernetes_executor.py
[2021-03-17 16:48:23,327] {logging_mixin.py:104} INFO - [2021-03-17 16:48:23,327] {dag.py:1818} INFO - Sync 1 DAGs
[2021-03-17 16:48:23,338] {logging_mixin.py:104} INFO - [2021-03-17 16:48:23,337] {dag.py:2273} INFO - Setting next_dagrun for example_kubernetes_executor to None
[2021-03-17 16:48:23,351] {scheduler_job.py:190} INFO - Processing /Users/prathyusha/Desktop/pranathi/airflow_cnn_pipeline_final/airflow_test_env/lib/python3.7/site-packages/airflow/example_dags/example_kubernetes_executor.py took 0.063 seconds
[2021-03-17 16:48:54,157] {scheduler_job.py:182} INFO - Started process (PID=29445) to work on /Users/prathyusha/Desktop/pranathi/airflow_cnn_pipeline_final/airflow_test_env/lib/python3.7/site-packages/airflow/example_dags/example_kubernetes_executor.py
[2021-03-17 16:48:54,160] {scheduler_job.py:629} INFO - Processing file /Users/prathyusha/Desktop/pranathi/airflow_cnn_pipeline_final/airflow_test_env/lib/python3.7/site-packages/airflow/example_dags/example_kubernetes_executor.py for tasks to queue
[2021-03-17 16:48:54,162] {logging_mixin.py:104} INFO - [2021-03-17 16:48:54,162] {dagbag.py:448} INFO - Filling up the DagBag from /Users/prathyusha/Desktop/pranathi/airflow_cnn_pipeline_final/airflow_test_env/lib/python3.7/site-packages/airflow/example_dags/example_kubernetes_executor.py
[2021-03-17 16:48:54,180] {scheduler_job.py:639} INFO - DAG(s) dict_keys(['example_kubernetes_executor']) retrieved from /Users/prathyusha/Desktop/pranathi/airflow_cnn_pipeline_final/airflow_test_env/lib/python3.7/site-packages/airflow/example_dags/example_kubernetes_executor.py
[2021-03-17 16:48:54,197] {logging_mixin.py:104} INFO - [2021-03-17 16:48:54,196] {dag.py:1818} INFO - Sync 1 DAGs
[2021-03-17 16:48:54,208] {logging_mixin.py:104} INFO - [2021-03-17 16:48:54,208] {dag.py:2273} INFO - Setting next_dagrun for example_kubernetes_executor to None
[2021-03-17 16:48:54,215] {scheduler_job.py:190} INFO - Processing /Users/prathyusha/Desktop/pranathi/airflow_cnn_pipeline_final/airflow_test_env/lib/python3.7/site-packages/airflow/example_dags/example_kubernetes_executor.py took 0.063 seconds
[2021-03-17 16:49:25,065] {scheduler_job.py:182} INFO - Started process (PID=29478) to work on /Users/prathyusha/Desktop/pranathi/airflow_cnn_pipeline_final/airflow_test_env/lib/python3.7/site-packages/airflow/example_dags/example_kubernetes_executor.py
[2021-03-17 16:49:25,067] {scheduler_job.py:629} INFO - Processing file /Users/prathyusha/Desktop/pranathi/airflow_cnn_pipeline_final/airflow_test_env/lib/python3.7/site-packages/airflow/example_dags/example_kubernetes_executor.py for tasks to queue
[2021-03-17 16:49:25,068] {logging_mixin.py:104} INFO - [2021-03-17 16:49:25,068] {dagbag.py:448} INFO - Filling up the DagBag from /Users/prathyusha/Desktop/pranathi/airflow_cnn_pipeline_final/airflow_test_env/lib/python3.7/site-packages/airflow/example_dags/example_kubernetes_executor.py
[2021-03-17 16:49:25,083] {scheduler_job.py:639} INFO - DAG(s) dict_keys(['example_kubernetes_executor']) retrieved from /Users/prathyusha/Desktop/pranathi/airflow_cnn_pipeline_final/airflow_test_env/lib/python3.7/site-packages/airflow/example_dags/example_kubernetes_executor.py
[2021-03-17 16:49:25,098] {logging_mixin.py:104} INFO - [2021-03-17 16:49:25,098] {dag.py:1818} INFO - Sync 1 DAGs
[2021-03-17 16:49:25,112] {logging_mixin.py:104} INFO - [2021-03-17 16:49:25,111] {dag.py:2273} INFO - Setting next_dagrun for example_kubernetes_executor to None
[2021-03-17 16:49:25,125] {scheduler_job.py:190} INFO - Processing /Users/prathyusha/Desktop/pranathi/airflow_cnn_pipeline_final/airflow_test_env/lib/python3.7/site-packages/airflow/example_dags/example_kubernetes_executor.py took 0.065 seconds
[2021-03-17 16:49:55,385] {scheduler_job.py:182} INFO - Started process (PID=29508) to work on /Users/prathyusha/Desktop/pranathi/airflow_cnn_pipeline_final/airflow_test_env/lib/python3.7/site-packages/airflow/example_dags/example_kubernetes_executor.py
[2021-03-17 16:49:55,389] {scheduler_job.py:629} INFO - Processing file /Users/prathyusha/Desktop/pranathi/airflow_cnn_pipeline_final/airflow_test_env/lib/python3.7/site-packages/airflow/example_dags/example_kubernetes_executor.py for tasks to queue
[2021-03-17 16:49:55,390] {logging_mixin.py:104} INFO - [2021-03-17 16:49:55,390] {dagbag.py:448} INFO - Filling up the DagBag from /Users/prathyusha/Desktop/pranathi/airflow_cnn_pipeline_final/airflow_test_env/lib/python3.7/site-packages/airflow/example_dags/example_kubernetes_executor.py
[2021-03-17 16:49:55,411] {scheduler_job.py:639} INFO - DAG(s) dict_keys(['example_kubernetes_executor']) retrieved from /Users/prathyusha/Desktop/pranathi/airflow_cnn_pipeline_final/airflow_test_env/lib/python3.7/site-packages/airflow/example_dags/example_kubernetes_executor.py
[2021-03-17 16:49:55,429] {logging_mixin.py:104} INFO - [2021-03-17 16:49:55,428] {dag.py:1818} INFO - Sync 1 DAGs
[2021-03-17 16:49:55,441] {logging_mixin.py:104} INFO - [2021-03-17 16:49:55,441] {dag.py:2273} INFO - Setting next_dagrun for example_kubernetes_executor to None
[2021-03-17 16:49:55,450] {scheduler_job.py:190} INFO - Processing /Users/prathyusha/Desktop/pranathi/airflow_cnn_pipeline_final/airflow_test_env/lib/python3.7/site-packages/airflow/example_dags/example_kubernetes_executor.py took 0.071 seconds
[2021-03-17 16:50:25,891] {scheduler_job.py:182} INFO - Started process (PID=29538) to work on /Users/prathyusha/Desktop/pranathi/airflow_cnn_pipeline_final/airflow_test_env/lib/python3.7/site-packages/airflow/example_dags/example_kubernetes_executor.py
[2021-03-17 16:50:25,893] {scheduler_job.py:629} INFO - Processing file /Users/prathyusha/Desktop/pranathi/airflow_cnn_pipeline_final/airflow_test_env/lib/python3.7/site-packages/airflow/example_dags/example_kubernetes_executor.py for tasks to queue
[2021-03-17 16:50:25,894] {logging_mixin.py:104} INFO - [2021-03-17 16:50:25,894] {dagbag.py:448} INFO - Filling up the DagBag from /Users/prathyusha/Desktop/pranathi/airflow_cnn_pipeline_final/airflow_test_env/lib/python3.7/site-packages/airflow/example_dags/example_kubernetes_executor.py
[2021-03-17 16:50:25,911] {scheduler_job.py:639} INFO - DAG(s) dict_keys(['example_kubernetes_executor']) retrieved from /Users/prathyusha/Desktop/pranathi/airflow_cnn_pipeline_final/airflow_test_env/lib/python3.7/site-packages/airflow/example_dags/example_kubernetes_executor.py
[2021-03-17 16:50:25,927] {logging_mixin.py:104} INFO - [2021-03-17 16:50:25,927] {dag.py:1818} INFO - Sync 1 DAGs
[2021-03-17 16:50:25,938] {logging_mixin.py:104} INFO - [2021-03-17 16:50:25,937] {dag.py:2273} INFO - Setting next_dagrun for example_kubernetes_executor to None
[2021-03-17 16:50:25,946] {scheduler_job.py:190} INFO - Processing /Users/prathyusha/Desktop/pranathi/airflow_cnn_pipeline_final/airflow_test_env/lib/python3.7/site-packages/airflow/example_dags/example_kubernetes_executor.py took 0.059 seconds
[2021-03-17 16:50:56,011] {scheduler_job.py:182} INFO - Started process (PID=29569) to work on /Users/prathyusha/Desktop/pranathi/airflow_cnn_pipeline_final/airflow_test_env/lib/python3.7/site-packages/airflow/example_dags/example_kubernetes_executor.py
[2021-03-17 16:50:56,014] {scheduler_job.py:629} INFO - Processing file /Users/prathyusha/Desktop/pranathi/airflow_cnn_pipeline_final/airflow_test_env/lib/python3.7/site-packages/airflow/example_dags/example_kubernetes_executor.py for tasks to queue
[2021-03-17 16:50:56,016] {logging_mixin.py:104} INFO - [2021-03-17 16:50:56,016] {dagbag.py:448} INFO - Filling up the DagBag from /Users/prathyusha/Desktop/pranathi/airflow_cnn_pipeline_final/airflow_test_env/lib/python3.7/site-packages/airflow/example_dags/example_kubernetes_executor.py
[2021-03-17 16:50:56,036] {scheduler_job.py:639} INFO - DAG(s) dict_keys(['example_kubernetes_executor']) retrieved from /Users/prathyusha/Desktop/pranathi/airflow_cnn_pipeline_final/airflow_test_env/lib/python3.7/site-packages/airflow/example_dags/example_kubernetes_executor.py
[2021-03-17 16:50:56,054] {logging_mixin.py:104} INFO - [2021-03-17 16:50:56,054] {dag.py:1818} INFO - Sync 1 DAGs
[2021-03-17 16:50:56,067] {logging_mixin.py:104} INFO - [2021-03-17 16:50:56,066] {dag.py:2273} INFO - Setting next_dagrun for example_kubernetes_executor to None
[2021-03-17 16:50:56,076] {scheduler_job.py:190} INFO - Processing /Users/prathyusha/Desktop/pranathi/airflow_cnn_pipeline_final/airflow_test_env/lib/python3.7/site-packages/airflow/example_dags/example_kubernetes_executor.py took 0.069 seconds
[2021-03-17 16:51:26,186] {scheduler_job.py:182} INFO - Started process (PID=29597) to work on /Users/prathyusha/Desktop/pranathi/airflow_cnn_pipeline_final/airflow_test_env/lib/python3.7/site-packages/airflow/example_dags/example_kubernetes_executor.py
[2021-03-17 16:51:26,190] {scheduler_job.py:629} INFO - Processing file /Users/prathyusha/Desktop/pranathi/airflow_cnn_pipeline_final/airflow_test_env/lib/python3.7/site-packages/airflow/example_dags/example_kubernetes_executor.py for tasks to queue
[2021-03-17 16:51:26,192] {logging_mixin.py:104} INFO - [2021-03-17 16:51:26,191] {dagbag.py:448} INFO - Filling up the DagBag from /Users/prathyusha/Desktop/pranathi/airflow_cnn_pipeline_final/airflow_test_env/lib/python3.7/site-packages/airflow/example_dags/example_kubernetes_executor.py
[2021-03-17 16:51:26,216] {scheduler_job.py:639} INFO - DAG(s) dict_keys(['example_kubernetes_executor']) retrieved from /Users/prathyusha/Desktop/pranathi/airflow_cnn_pipeline_final/airflow_test_env/lib/python3.7/site-packages/airflow/example_dags/example_kubernetes_executor.py
[2021-03-17 16:51:26,236] {logging_mixin.py:104} INFO - [2021-03-17 16:51:26,235] {dag.py:1818} INFO - Sync 1 DAGs
[2021-03-17 16:51:26,248] {logging_mixin.py:104} INFO - [2021-03-17 16:51:26,247] {dag.py:2273} INFO - Setting next_dagrun for example_kubernetes_executor to None
[2021-03-17 16:51:26,255] {scheduler_job.py:190} INFO - Processing /Users/prathyusha/Desktop/pranathi/airflow_cnn_pipeline_final/airflow_test_env/lib/python3.7/site-packages/airflow/example_dags/example_kubernetes_executor.py took 0.073 seconds
[2021-03-17 16:51:56,514] {scheduler_job.py:182} INFO - Started process (PID=29630) to work on /Users/prathyusha/Desktop/pranathi/airflow_cnn_pipeline_final/airflow_test_env/lib/python3.7/site-packages/airflow/example_dags/example_kubernetes_executor.py
[2021-03-17 16:51:56,518] {scheduler_job.py:629} INFO - Processing file /Users/prathyusha/Desktop/pranathi/airflow_cnn_pipeline_final/airflow_test_env/lib/python3.7/site-packages/airflow/example_dags/example_kubernetes_executor.py for tasks to queue
[2021-03-17 16:51:56,520] {logging_mixin.py:104} INFO - [2021-03-17 16:51:56,519] {dagbag.py:448} INFO - Filling up the DagBag from /Users/prathyusha/Desktop/pranathi/airflow_cnn_pipeline_final/airflow_test_env/lib/python3.7/site-packages/airflow/example_dags/example_kubernetes_executor.py
[2021-03-17 16:51:56,540] {scheduler_job.py:639} INFO - DAG(s) dict_keys(['example_kubernetes_executor']) retrieved from /Users/prathyusha/Desktop/pranathi/airflow_cnn_pipeline_final/airflow_test_env/lib/python3.7/site-packages/airflow/example_dags/example_kubernetes_executor.py
[2021-03-17 16:51:56,557] {logging_mixin.py:104} INFO - [2021-03-17 16:51:56,556] {dag.py:1818} INFO - Sync 1 DAGs
[2021-03-17 16:51:56,569] {logging_mixin.py:104} INFO - [2021-03-17 16:51:56,569] {dag.py:2273} INFO - Setting next_dagrun for example_kubernetes_executor to None
[2021-03-17 16:51:56,577] {scheduler_job.py:190} INFO - Processing /Users/prathyusha/Desktop/pranathi/airflow_cnn_pipeline_final/airflow_test_env/lib/python3.7/site-packages/airflow/example_dags/example_kubernetes_executor.py took 0.067 seconds
[2021-03-17 16:52:26,951] {scheduler_job.py:182} INFO - Started process (PID=29753) to work on /Users/prathyusha/Desktop/pranathi/airflow_cnn_pipeline_final/airflow_test_env/lib/python3.7/site-packages/airflow/example_dags/example_kubernetes_executor.py
[2021-03-17 16:52:26,953] {scheduler_job.py:629} INFO - Processing file /Users/prathyusha/Desktop/pranathi/airflow_cnn_pipeline_final/airflow_test_env/lib/python3.7/site-packages/airflow/example_dags/example_kubernetes_executor.py for tasks to queue
[2021-03-17 16:52:26,954] {logging_mixin.py:104} INFO - [2021-03-17 16:52:26,954] {dagbag.py:448} INFO - Filling up the DagBag from /Users/prathyusha/Desktop/pranathi/airflow_cnn_pipeline_final/airflow_test_env/lib/python3.7/site-packages/airflow/example_dags/example_kubernetes_executor.py
[2021-03-17 16:52:26,974] {scheduler_job.py:639} INFO - DAG(s) dict_keys(['example_kubernetes_executor']) retrieved from /Users/prathyusha/Desktop/pranathi/airflow_cnn_pipeline_final/airflow_test_env/lib/python3.7/site-packages/airflow/example_dags/example_kubernetes_executor.py
[2021-03-17 16:52:26,989] {logging_mixin.py:104} INFO - [2021-03-17 16:52:26,989] {dag.py:1818} INFO - Sync 1 DAGs
[2021-03-17 16:52:27,012] {logging_mixin.py:104} INFO - [2021-03-17 16:52:27,011] {dag.py:2273} INFO - Setting next_dagrun for example_kubernetes_executor to None
[2021-03-17 16:52:27,022] {scheduler_job.py:190} INFO - Processing /Users/prathyusha/Desktop/pranathi/airflow_cnn_pipeline_final/airflow_test_env/lib/python3.7/site-packages/airflow/example_dags/example_kubernetes_executor.py took 0.075 seconds
[2021-03-17 16:52:57,275] {scheduler_job.py:182} INFO - Started process (PID=29814) to work on /Users/prathyusha/Desktop/pranathi/airflow_cnn_pipeline_final/airflow_test_env/lib/python3.7/site-packages/airflow/example_dags/example_kubernetes_executor.py
[2021-03-17 16:52:57,278] {scheduler_job.py:629} INFO - Processing file /Users/prathyusha/Desktop/pranathi/airflow_cnn_pipeline_final/airflow_test_env/lib/python3.7/site-packages/airflow/example_dags/example_kubernetes_executor.py for tasks to queue
[2021-03-17 16:52:57,280] {logging_mixin.py:104} INFO - [2021-03-17 16:52:57,280] {dagbag.py:448} INFO - Filling up the DagBag from /Users/prathyusha/Desktop/pranathi/airflow_cnn_pipeline_final/airflow_test_env/lib/python3.7/site-packages/airflow/example_dags/example_kubernetes_executor.py
[2021-03-17 16:52:57,312] {scheduler_job.py:639} INFO - DAG(s) dict_keys(['example_kubernetes_executor']) retrieved from /Users/prathyusha/Desktop/pranathi/airflow_cnn_pipeline_final/airflow_test_env/lib/python3.7/site-packages/airflow/example_dags/example_kubernetes_executor.py
[2021-03-17 16:52:57,332] {logging_mixin.py:104} INFO - [2021-03-17 16:52:57,332] {dag.py:1818} INFO - Sync 1 DAGs
[2021-03-17 16:52:57,352] {logging_mixin.py:104} INFO - [2021-03-17 16:52:57,352] {dag.py:2273} INFO - Setting next_dagrun for example_kubernetes_executor to None
[2021-03-17 16:52:57,378] {scheduler_job.py:190} INFO - Processing /Users/prathyusha/Desktop/pranathi/airflow_cnn_pipeline_final/airflow_test_env/lib/python3.7/site-packages/airflow/example_dags/example_kubernetes_executor.py took 0.108 seconds
[2021-03-17 16:53:27,973] {scheduler_job.py:182} INFO - Started process (PID=29880) to work on /Users/prathyusha/Desktop/pranathi/airflow_cnn_pipeline_final/airflow_test_env/lib/python3.7/site-packages/airflow/example_dags/example_kubernetes_executor.py
[2021-03-17 16:53:27,978] {scheduler_job.py:629} INFO - Processing file /Users/prathyusha/Desktop/pranathi/airflow_cnn_pipeline_final/airflow_test_env/lib/python3.7/site-packages/airflow/example_dags/example_kubernetes_executor.py for tasks to queue
[2021-03-17 16:53:27,980] {logging_mixin.py:104} INFO - [2021-03-17 16:53:27,980] {dagbag.py:448} INFO - Filling up the DagBag from /Users/prathyusha/Desktop/pranathi/airflow_cnn_pipeline_final/airflow_test_env/lib/python3.7/site-packages/airflow/example_dags/example_kubernetes_executor.py
[2021-03-17 16:53:27,998] {scheduler_job.py:639} INFO - DAG(s) dict_keys(['example_kubernetes_executor']) retrieved from /Users/prathyusha/Desktop/pranathi/airflow_cnn_pipeline_final/airflow_test_env/lib/python3.7/site-packages/airflow/example_dags/example_kubernetes_executor.py
[2021-03-17 16:53:28,017] {logging_mixin.py:104} INFO - [2021-03-17 16:53:28,017] {dag.py:1818} INFO - Sync 1 DAGs
[2021-03-17 16:53:28,039] {logging_mixin.py:104} INFO - [2021-03-17 16:53:28,039] {dag.py:2273} INFO - Setting next_dagrun for example_kubernetes_executor to None
[2021-03-17 16:53:28,051] {scheduler_job.py:190} INFO - Processing /Users/prathyusha/Desktop/pranathi/airflow_cnn_pipeline_final/airflow_test_env/lib/python3.7/site-packages/airflow/example_dags/example_kubernetes_executor.py took 0.083 seconds
[2021-03-17 16:53:58,429] {scheduler_job.py:182} INFO - Started process (PID=29921) to work on /Users/prathyusha/Desktop/pranathi/airflow_cnn_pipeline_final/airflow_test_env/lib/python3.7/site-packages/airflow/example_dags/example_kubernetes_executor.py
[2021-03-17 16:53:58,430] {scheduler_job.py:629} INFO - Processing file /Users/prathyusha/Desktop/pranathi/airflow_cnn_pipeline_final/airflow_test_env/lib/python3.7/site-packages/airflow/example_dags/example_kubernetes_executor.py for tasks to queue
[2021-03-17 16:53:58,432] {logging_mixin.py:104} INFO - [2021-03-17 16:53:58,431] {dagbag.py:448} INFO - Filling up the DagBag from /Users/prathyusha/Desktop/pranathi/airflow_cnn_pipeline_final/airflow_test_env/lib/python3.7/site-packages/airflow/example_dags/example_kubernetes_executor.py
[2021-03-17 16:53:58,447] {scheduler_job.py:639} INFO - DAG(s) dict_keys(['example_kubernetes_executor']) retrieved from /Users/prathyusha/Desktop/pranathi/airflow_cnn_pipeline_final/airflow_test_env/lib/python3.7/site-packages/airflow/example_dags/example_kubernetes_executor.py
[2021-03-17 16:53:58,462] {logging_mixin.py:104} INFO - [2021-03-17 16:53:58,462] {dag.py:1818} INFO - Sync 1 DAGs
[2021-03-17 16:53:58,476] {logging_mixin.py:104} INFO - [2021-03-17 16:53:58,476] {dag.py:2273} INFO - Setting next_dagrun for example_kubernetes_executor to None
[2021-03-17 16:53:58,484] {scheduler_job.py:190} INFO - Processing /Users/prathyusha/Desktop/pranathi/airflow_cnn_pipeline_final/airflow_test_env/lib/python3.7/site-packages/airflow/example_dags/example_kubernetes_executor.py took 0.060 seconds
[2021-03-17 16:54:32,167] {scheduler_job.py:182} INFO - Started process (PID=29966) to work on /Users/prathyusha/Desktop/pranathi/airflow_cnn_pipeline_final/airflow_test_env/lib/python3.7/site-packages/airflow/example_dags/example_kubernetes_executor.py
[2021-03-17 16:54:32,170] {scheduler_job.py:629} INFO - Processing file /Users/prathyusha/Desktop/pranathi/airflow_cnn_pipeline_final/airflow_test_env/lib/python3.7/site-packages/airflow/example_dags/example_kubernetes_executor.py for tasks to queue
[2021-03-17 16:54:32,172] {logging_mixin.py:104} INFO - [2021-03-17 16:54:32,171] {dagbag.py:448} INFO - Filling up the DagBag from /Users/prathyusha/Desktop/pranathi/airflow_cnn_pipeline_final/airflow_test_env/lib/python3.7/site-packages/airflow/example_dags/example_kubernetes_executor.py
[2021-03-17 16:54:32,196] {scheduler_job.py:639} INFO - DAG(s) dict_keys(['example_kubernetes_executor']) retrieved from /Users/prathyusha/Desktop/pranathi/airflow_cnn_pipeline_final/airflow_test_env/lib/python3.7/site-packages/airflow/example_dags/example_kubernetes_executor.py
[2021-03-17 16:54:32,297] {logging_mixin.py:104} INFO - [2021-03-17 16:54:32,295] {dag.py:1818} INFO - Sync 1 DAGs
[2021-03-17 16:54:32,331] {logging_mixin.py:104} INFO - [2021-03-17 16:54:32,331] {dag.py:2273} INFO - Setting next_dagrun for example_kubernetes_executor to None
[2021-03-17 16:54:32,470] {scheduler_job.py:190} INFO - Processing /Users/prathyusha/Desktop/pranathi/airflow_cnn_pipeline_final/airflow_test_env/lib/python3.7/site-packages/airflow/example_dags/example_kubernetes_executor.py took 0.309 seconds
[2021-03-17 16:55:02,941] {scheduler_job.py:182} INFO - Started process (PID=30016) to work on /Users/prathyusha/Desktop/pranathi/airflow_cnn_pipeline_final/airflow_test_env/lib/python3.7/site-packages/airflow/example_dags/example_kubernetes_executor.py
[2021-03-17 16:55:02,945] {scheduler_job.py:629} INFO - Processing file /Users/prathyusha/Desktop/pranathi/airflow_cnn_pipeline_final/airflow_test_env/lib/python3.7/site-packages/airflow/example_dags/example_kubernetes_executor.py for tasks to queue
[2021-03-17 16:55:02,948] {logging_mixin.py:104} INFO - [2021-03-17 16:55:02,947] {dagbag.py:448} INFO - Filling up the DagBag from /Users/prathyusha/Desktop/pranathi/airflow_cnn_pipeline_final/airflow_test_env/lib/python3.7/site-packages/airflow/example_dags/example_kubernetes_executor.py
[2021-03-17 16:55:02,973] {scheduler_job.py:639} INFO - DAG(s) dict_keys(['example_kubernetes_executor']) retrieved from /Users/prathyusha/Desktop/pranathi/airflow_cnn_pipeline_final/airflow_test_env/lib/python3.7/site-packages/airflow/example_dags/example_kubernetes_executor.py
[2021-03-17 16:55:02,995] {logging_mixin.py:104} INFO - [2021-03-17 16:55:02,994] {dag.py:1818} INFO - Sync 1 DAGs
[2021-03-17 16:55:03,008] {logging_mixin.py:104} INFO - [2021-03-17 16:55:03,007] {dag.py:2273} INFO - Setting next_dagrun for example_kubernetes_executor to None
[2021-03-17 16:55:03,019] {scheduler_job.py:190} INFO - Processing /Users/prathyusha/Desktop/pranathi/airflow_cnn_pipeline_final/airflow_test_env/lib/python3.7/site-packages/airflow/example_dags/example_kubernetes_executor.py took 0.093 seconds
[2021-03-17 16:55:33,651] {scheduler_job.py:182} INFO - Started process (PID=30054) to work on /Users/prathyusha/Desktop/pranathi/airflow_cnn_pipeline_final/airflow_test_env/lib/python3.7/site-packages/airflow/example_dags/example_kubernetes_executor.py
[2021-03-17 16:55:33,655] {scheduler_job.py:629} INFO - Processing file /Users/prathyusha/Desktop/pranathi/airflow_cnn_pipeline_final/airflow_test_env/lib/python3.7/site-packages/airflow/example_dags/example_kubernetes_executor.py for tasks to queue
[2021-03-17 16:55:33,657] {logging_mixin.py:104} INFO - [2021-03-17 16:55:33,657] {dagbag.py:448} INFO - Filling up the DagBag from /Users/prathyusha/Desktop/pranathi/airflow_cnn_pipeline_final/airflow_test_env/lib/python3.7/site-packages/airflow/example_dags/example_kubernetes_executor.py
[2021-03-17 16:55:33,689] {scheduler_job.py:639} INFO - DAG(s) dict_keys(['example_kubernetes_executor']) retrieved from /Users/prathyusha/Desktop/pranathi/airflow_cnn_pipeline_final/airflow_test_env/lib/python3.7/site-packages/airflow/example_dags/example_kubernetes_executor.py
[2021-03-17 16:55:33,718] {logging_mixin.py:104} INFO - [2021-03-17 16:55:33,718] {dag.py:1818} INFO - Sync 1 DAGs
[2021-03-17 16:55:33,736] {logging_mixin.py:104} INFO - [2021-03-17 16:55:33,735] {dag.py:2273} INFO - Setting next_dagrun for example_kubernetes_executor to None
[2021-03-17 16:55:33,753] {scheduler_job.py:190} INFO - Processing /Users/prathyusha/Desktop/pranathi/airflow_cnn_pipeline_final/airflow_test_env/lib/python3.7/site-packages/airflow/example_dags/example_kubernetes_executor.py took 0.115 seconds
[2021-03-17 16:56:04,502] {scheduler_job.py:182} INFO - Started process (PID=30099) to work on /Users/prathyusha/Desktop/pranathi/airflow_cnn_pipeline_final/airflow_test_env/lib/python3.7/site-packages/airflow/example_dags/example_kubernetes_executor.py
[2021-03-17 16:56:04,503] {scheduler_job.py:629} INFO - Processing file /Users/prathyusha/Desktop/pranathi/airflow_cnn_pipeline_final/airflow_test_env/lib/python3.7/site-packages/airflow/example_dags/example_kubernetes_executor.py for tasks to queue
[2021-03-17 16:56:04,504] {logging_mixin.py:104} INFO - [2021-03-17 16:56:04,504] {dagbag.py:448} INFO - Filling up the DagBag from /Users/prathyusha/Desktop/pranathi/airflow_cnn_pipeline_final/airflow_test_env/lib/python3.7/site-packages/airflow/example_dags/example_kubernetes_executor.py
[2021-03-17 16:56:04,520] {scheduler_job.py:639} INFO - DAG(s) dict_keys(['example_kubernetes_executor']) retrieved from /Users/prathyusha/Desktop/pranathi/airflow_cnn_pipeline_final/airflow_test_env/lib/python3.7/site-packages/airflow/example_dags/example_kubernetes_executor.py
[2021-03-17 16:56:04,541] {logging_mixin.py:104} INFO - [2021-03-17 16:56:04,541] {dag.py:1818} INFO - Sync 1 DAGs
[2021-03-17 16:56:04,554] {logging_mixin.py:104} INFO - [2021-03-17 16:56:04,554] {dag.py:2273} INFO - Setting next_dagrun for example_kubernetes_executor to None
[2021-03-17 16:56:04,564] {scheduler_job.py:190} INFO - Processing /Users/prathyusha/Desktop/pranathi/airflow_cnn_pipeline_final/airflow_test_env/lib/python3.7/site-packages/airflow/example_dags/example_kubernetes_executor.py took 0.066 seconds
[2021-03-17 16:56:35,613] {scheduler_job.py:182} INFO - Started process (PID=30132) to work on /Users/prathyusha/Desktop/pranathi/airflow_cnn_pipeline_final/airflow_test_env/lib/python3.7/site-packages/airflow/example_dags/example_kubernetes_executor.py
[2021-03-17 16:56:35,618] {scheduler_job.py:629} INFO - Processing file /Users/prathyusha/Desktop/pranathi/airflow_cnn_pipeline_final/airflow_test_env/lib/python3.7/site-packages/airflow/example_dags/example_kubernetes_executor.py for tasks to queue
[2021-03-17 16:56:35,619] {logging_mixin.py:104} INFO - [2021-03-17 16:56:35,619] {dagbag.py:448} INFO - Filling up the DagBag from /Users/prathyusha/Desktop/pranathi/airflow_cnn_pipeline_final/airflow_test_env/lib/python3.7/site-packages/airflow/example_dags/example_kubernetes_executor.py
[2021-03-17 16:56:35,638] {scheduler_job.py:639} INFO - DAG(s) dict_keys(['example_kubernetes_executor']) retrieved from /Users/prathyusha/Desktop/pranathi/airflow_cnn_pipeline_final/airflow_test_env/lib/python3.7/site-packages/airflow/example_dags/example_kubernetes_executor.py
[2021-03-17 16:56:35,657] {logging_mixin.py:104} INFO - [2021-03-17 16:56:35,656] {dag.py:1818} INFO - Sync 1 DAGs
[2021-03-17 16:56:35,678] {logging_mixin.py:104} INFO - [2021-03-17 16:56:35,677] {dag.py:2273} INFO - Setting next_dagrun for example_kubernetes_executor to None
[2021-03-17 16:56:35,691] {scheduler_job.py:190} INFO - Processing /Users/prathyusha/Desktop/pranathi/airflow_cnn_pipeline_final/airflow_test_env/lib/python3.7/site-packages/airflow/example_dags/example_kubernetes_executor.py took 0.084 seconds
[2021-03-17 16:57:06,168] {scheduler_job.py:182} INFO - Started process (PID=30166) to work on /Users/prathyusha/Desktop/pranathi/airflow_cnn_pipeline_final/airflow_test_env/lib/python3.7/site-packages/airflow/example_dags/example_kubernetes_executor.py
[2021-03-17 16:57:06,173] {scheduler_job.py:629} INFO - Processing file /Users/prathyusha/Desktop/pranathi/airflow_cnn_pipeline_final/airflow_test_env/lib/python3.7/site-packages/airflow/example_dags/example_kubernetes_executor.py for tasks to queue
[2021-03-17 16:57:06,174] {logging_mixin.py:104} INFO - [2021-03-17 16:57:06,174] {dagbag.py:448} INFO - Filling up the DagBag from /Users/prathyusha/Desktop/pranathi/airflow_cnn_pipeline_final/airflow_test_env/lib/python3.7/site-packages/airflow/example_dags/example_kubernetes_executor.py
[2021-03-17 16:57:06,190] {scheduler_job.py:639} INFO - DAG(s) dict_keys(['example_kubernetes_executor']) retrieved from /Users/prathyusha/Desktop/pranathi/airflow_cnn_pipeline_final/airflow_test_env/lib/python3.7/site-packages/airflow/example_dags/example_kubernetes_executor.py
[2021-03-17 16:57:06,207] {logging_mixin.py:104} INFO - [2021-03-17 16:57:06,207] {dag.py:1818} INFO - Sync 1 DAGs
[2021-03-17 16:57:06,219] {logging_mixin.py:104} INFO - [2021-03-17 16:57:06,218] {dag.py:2273} INFO - Setting next_dagrun for example_kubernetes_executor to None
[2021-03-17 16:57:06,226] {scheduler_job.py:190} INFO - Processing /Users/prathyusha/Desktop/pranathi/airflow_cnn_pipeline_final/airflow_test_env/lib/python3.7/site-packages/airflow/example_dags/example_kubernetes_executor.py took 0.063 seconds
[2021-03-17 16:57:38,280] {scheduler_job.py:182} INFO - Started process (PID=30196) to work on /Users/prathyusha/Desktop/pranathi/airflow_cnn_pipeline_final/airflow_test_env/lib/python3.7/site-packages/airflow/example_dags/example_kubernetes_executor.py
[2021-03-17 16:57:38,283] {scheduler_job.py:629} INFO - Processing file /Users/prathyusha/Desktop/pranathi/airflow_cnn_pipeline_final/airflow_test_env/lib/python3.7/site-packages/airflow/example_dags/example_kubernetes_executor.py for tasks to queue
[2021-03-17 16:57:38,285] {logging_mixin.py:104} INFO - [2021-03-17 16:57:38,284] {dagbag.py:448} INFO - Filling up the DagBag from /Users/prathyusha/Desktop/pranathi/airflow_cnn_pipeline_final/airflow_test_env/lib/python3.7/site-packages/airflow/example_dags/example_kubernetes_executor.py
[2021-03-17 16:57:38,301] {scheduler_job.py:639} INFO - DAG(s) dict_keys(['example_kubernetes_executor']) retrieved from /Users/prathyusha/Desktop/pranathi/airflow_cnn_pipeline_final/airflow_test_env/lib/python3.7/site-packages/airflow/example_dags/example_kubernetes_executor.py
[2021-03-17 16:57:38,320] {logging_mixin.py:104} INFO - [2021-03-17 16:57:38,318] {dag.py:1818} INFO - Sync 1 DAGs
[2021-03-17 16:57:38,344] {logging_mixin.py:104} INFO - [2021-03-17 16:57:38,342] {dag.py:2273} INFO - Setting next_dagrun for example_kubernetes_executor to None
[2021-03-17 16:57:38,383] {scheduler_job.py:190} INFO - Processing /Users/prathyusha/Desktop/pranathi/airflow_cnn_pipeline_final/airflow_test_env/lib/python3.7/site-packages/airflow/example_dags/example_kubernetes_executor.py took 0.108 seconds
[2021-03-17 16:58:11,921] {scheduler_job.py:182} INFO - Started process (PID=30253) to work on /Users/prathyusha/Desktop/pranathi/airflow_cnn_pipeline_final/airflow_test_env/lib/python3.7/site-packages/airflow/example_dags/example_kubernetes_executor.py
[2021-03-17 16:58:11,926] {scheduler_job.py:629} INFO - Processing file /Users/prathyusha/Desktop/pranathi/airflow_cnn_pipeline_final/airflow_test_env/lib/python3.7/site-packages/airflow/example_dags/example_kubernetes_executor.py for tasks to queue
[2021-03-17 16:58:11,934] {logging_mixin.py:104} INFO - [2021-03-17 16:58:11,934] {dagbag.py:448} INFO - Filling up the DagBag from /Users/prathyusha/Desktop/pranathi/airflow_cnn_pipeline_final/airflow_test_env/lib/python3.7/site-packages/airflow/example_dags/example_kubernetes_executor.py
[2021-03-17 16:58:11,953] {scheduler_job.py:639} INFO - DAG(s) dict_keys(['example_kubernetes_executor']) retrieved from /Users/prathyusha/Desktop/pranathi/airflow_cnn_pipeline_final/airflow_test_env/lib/python3.7/site-packages/airflow/example_dags/example_kubernetes_executor.py
[2021-03-17 16:58:11,987] {logging_mixin.py:104} INFO - [2021-03-17 16:58:11,985] {dag.py:1818} INFO - Sync 1 DAGs
[2021-03-17 16:58:12,070] {logging_mixin.py:104} INFO - [2021-03-17 16:58:12,069] {dag.py:2273} INFO - Setting next_dagrun for example_kubernetes_executor to None
[2021-03-17 16:58:12,133] {scheduler_job.py:190} INFO - Processing /Users/prathyusha/Desktop/pranathi/airflow_cnn_pipeline_final/airflow_test_env/lib/python3.7/site-packages/airflow/example_dags/example_kubernetes_executor.py took 0.224 seconds
[2021-03-17 16:58:43,515] {scheduler_job.py:182} INFO - Started process (PID=30299) to work on /Users/prathyusha/Desktop/pranathi/airflow_cnn_pipeline_final/airflow_test_env/lib/python3.7/site-packages/airflow/example_dags/example_kubernetes_executor.py
[2021-03-17 16:58:43,519] {scheduler_job.py:629} INFO - Processing file /Users/prathyusha/Desktop/pranathi/airflow_cnn_pipeline_final/airflow_test_env/lib/python3.7/site-packages/airflow/example_dags/example_kubernetes_executor.py for tasks to queue
[2021-03-17 16:58:43,521] {logging_mixin.py:104} INFO - [2021-03-17 16:58:43,520] {dagbag.py:448} INFO - Filling up the DagBag from /Users/prathyusha/Desktop/pranathi/airflow_cnn_pipeline_final/airflow_test_env/lib/python3.7/site-packages/airflow/example_dags/example_kubernetes_executor.py
[2021-03-17 16:58:43,576] {scheduler_job.py:639} INFO - DAG(s) dict_keys(['example_kubernetes_executor']) retrieved from /Users/prathyusha/Desktop/pranathi/airflow_cnn_pipeline_final/airflow_test_env/lib/python3.7/site-packages/airflow/example_dags/example_kubernetes_executor.py
[2021-03-17 16:58:43,612] {logging_mixin.py:104} INFO - [2021-03-17 16:58:43,611] {dag.py:1818} INFO - Sync 1 DAGs
[2021-03-17 16:58:43,674] {logging_mixin.py:104} INFO - [2021-03-17 16:58:43,672] {dag.py:2273} INFO - Setting next_dagrun for example_kubernetes_executor to None
[2021-03-17 16:58:43,704] {scheduler_job.py:190} INFO - Processing /Users/prathyusha/Desktop/pranathi/airflow_cnn_pipeline_final/airflow_test_env/lib/python3.7/site-packages/airflow/example_dags/example_kubernetes_executor.py took 0.197 seconds
[2021-03-17 16:59:17,468] {scheduler_job.py:182} INFO - Started process (PID=30356) to work on /Users/prathyusha/Desktop/pranathi/airflow_cnn_pipeline_final/airflow_test_env/lib/python3.7/site-packages/airflow/example_dags/example_kubernetes_executor.py
[2021-03-17 16:59:17,473] {scheduler_job.py:629} INFO - Processing file /Users/prathyusha/Desktop/pranathi/airflow_cnn_pipeline_final/airflow_test_env/lib/python3.7/site-packages/airflow/example_dags/example_kubernetes_executor.py for tasks to queue
[2021-03-17 16:59:17,476] {logging_mixin.py:104} INFO - [2021-03-17 16:59:17,475] {dagbag.py:448} INFO - Filling up the DagBag from /Users/prathyusha/Desktop/pranathi/airflow_cnn_pipeline_final/airflow_test_env/lib/python3.7/site-packages/airflow/example_dags/example_kubernetes_executor.py
[2021-03-17 16:59:17,513] {scheduler_job.py:639} INFO - DAG(s) dict_keys(['example_kubernetes_executor']) retrieved from /Users/prathyusha/Desktop/pranathi/airflow_cnn_pipeline_final/airflow_test_env/lib/python3.7/site-packages/airflow/example_dags/example_kubernetes_executor.py
[2021-03-17 16:59:17,545] {logging_mixin.py:104} INFO - [2021-03-17 16:59:17,542] {dag.py:1818} INFO - Sync 1 DAGs
[2021-03-17 16:59:17,579] {logging_mixin.py:104} INFO - [2021-03-17 16:59:17,578] {dag.py:2273} INFO - Setting next_dagrun for example_kubernetes_executor to None
[2021-03-17 16:59:17,636] {scheduler_job.py:190} INFO - Processing /Users/prathyusha/Desktop/pranathi/airflow_cnn_pipeline_final/airflow_test_env/lib/python3.7/site-packages/airflow/example_dags/example_kubernetes_executor.py took 0.175 seconds
