[2021-03-17 16:32:31,550] {scheduler_job.py:182} INFO - Started process (PID=28233) to work on /Users/prathyusha/Desktop/pranathi/airflow_cnn_pipeline_final/airflow_test_env/lib/python3.7/site-packages/airflow/example_dags/example_nested_branch_dag.py
[2021-03-17 16:32:31,552] {scheduler_job.py:629} INFO - Processing file /Users/prathyusha/Desktop/pranathi/airflow_cnn_pipeline_final/airflow_test_env/lib/python3.7/site-packages/airflow/example_dags/example_nested_branch_dag.py for tasks to queue
[2021-03-17 16:32:31,555] {logging_mixin.py:104} INFO - [2021-03-17 16:32:31,554] {dagbag.py:448} INFO - Filling up the DagBag from /Users/prathyusha/Desktop/pranathi/airflow_cnn_pipeline_final/airflow_test_env/lib/python3.7/site-packages/airflow/example_dags/example_nested_branch_dag.py
[2021-03-17 16:32:31,583] {scheduler_job.py:639} INFO - DAG(s) dict_keys(['example_nested_branch_dag']) retrieved from /Users/prathyusha/Desktop/pranathi/airflow_cnn_pipeline_final/airflow_test_env/lib/python3.7/site-packages/airflow/example_dags/example_nested_branch_dag.py
[2021-03-17 16:32:31,608] {logging_mixin.py:104} INFO - [2021-03-17 16:32:31,608] {dag.py:1818} INFO - Sync 1 DAGs
[2021-03-17 16:32:31,643] {logging_mixin.py:104} INFO - [2021-03-17 16:32:31,643] {dag.py:2273} INFO - Setting next_dagrun for example_nested_branch_dag to 2021-03-15 00:00:00+00:00
[2021-03-17 16:32:31,653] {scheduler_job.py:190} INFO - Processing /Users/prathyusha/Desktop/pranathi/airflow_cnn_pipeline_final/airflow_test_env/lib/python3.7/site-packages/airflow/example_dags/example_nested_branch_dag.py took 0.112 seconds
[2021-03-17 16:33:03,496] {scheduler_job.py:182} INFO - Started process (PID=28281) to work on /Users/prathyusha/Desktop/pranathi/airflow_cnn_pipeline_final/airflow_test_env/lib/python3.7/site-packages/airflow/example_dags/example_nested_branch_dag.py
[2021-03-17 16:33:03,499] {scheduler_job.py:629} INFO - Processing file /Users/prathyusha/Desktop/pranathi/airflow_cnn_pipeline_final/airflow_test_env/lib/python3.7/site-packages/airflow/example_dags/example_nested_branch_dag.py for tasks to queue
[2021-03-17 16:33:03,501] {logging_mixin.py:104} INFO - [2021-03-17 16:33:03,500] {dagbag.py:448} INFO - Filling up the DagBag from /Users/prathyusha/Desktop/pranathi/airflow_cnn_pipeline_final/airflow_test_env/lib/python3.7/site-packages/airflow/example_dags/example_nested_branch_dag.py
[2021-03-17 16:33:03,517] {scheduler_job.py:639} INFO - DAG(s) dict_keys(['example_nested_branch_dag']) retrieved from /Users/prathyusha/Desktop/pranathi/airflow_cnn_pipeline_final/airflow_test_env/lib/python3.7/site-packages/airflow/example_dags/example_nested_branch_dag.py
[2021-03-17 16:33:03,533] {logging_mixin.py:104} INFO - [2021-03-17 16:33:03,533] {dag.py:1818} INFO - Sync 1 DAGs
[2021-03-17 16:33:03,554] {logging_mixin.py:104} INFO - [2021-03-17 16:33:03,553] {dag.py:2273} INFO - Setting next_dagrun for example_nested_branch_dag to 2021-03-15 00:00:00+00:00
[2021-03-17 16:33:03,562] {scheduler_job.py:190} INFO - Processing /Users/prathyusha/Desktop/pranathi/airflow_cnn_pipeline_final/airflow_test_env/lib/python3.7/site-packages/airflow/example_dags/example_nested_branch_dag.py took 0.070 seconds
[2021-03-17 16:33:34,336] {scheduler_job.py:182} INFO - Started process (PID=28310) to work on /Users/prathyusha/Desktop/pranathi/airflow_cnn_pipeline_final/airflow_test_env/lib/python3.7/site-packages/airflow/example_dags/example_nested_branch_dag.py
[2021-03-17 16:33:34,338] {scheduler_job.py:629} INFO - Processing file /Users/prathyusha/Desktop/pranathi/airflow_cnn_pipeline_final/airflow_test_env/lib/python3.7/site-packages/airflow/example_dags/example_nested_branch_dag.py for tasks to queue
[2021-03-17 16:33:34,340] {logging_mixin.py:104} INFO - [2021-03-17 16:33:34,339] {dagbag.py:448} INFO - Filling up the DagBag from /Users/prathyusha/Desktop/pranathi/airflow_cnn_pipeline_final/airflow_test_env/lib/python3.7/site-packages/airflow/example_dags/example_nested_branch_dag.py
[2021-03-17 16:33:34,358] {scheduler_job.py:639} INFO - DAG(s) dict_keys(['example_nested_branch_dag']) retrieved from /Users/prathyusha/Desktop/pranathi/airflow_cnn_pipeline_final/airflow_test_env/lib/python3.7/site-packages/airflow/example_dags/example_nested_branch_dag.py
[2021-03-17 16:33:34,375] {logging_mixin.py:104} INFO - [2021-03-17 16:33:34,375] {dag.py:1818} INFO - Sync 1 DAGs
[2021-03-17 16:33:34,400] {logging_mixin.py:104} INFO - [2021-03-17 16:33:34,399] {dag.py:2273} INFO - Setting next_dagrun for example_nested_branch_dag to 2021-03-15 00:00:00+00:00
[2021-03-17 16:33:34,409] {scheduler_job.py:190} INFO - Processing /Users/prathyusha/Desktop/pranathi/airflow_cnn_pipeline_final/airflow_test_env/lib/python3.7/site-packages/airflow/example_dags/example_nested_branch_dag.py took 0.076 seconds
[2021-03-17 16:34:05,051] {scheduler_job.py:182} INFO - Started process (PID=28345) to work on /Users/prathyusha/Desktop/pranathi/airflow_cnn_pipeline_final/airflow_test_env/lib/python3.7/site-packages/airflow/example_dags/example_nested_branch_dag.py
[2021-03-17 16:34:05,054] {scheduler_job.py:629} INFO - Processing file /Users/prathyusha/Desktop/pranathi/airflow_cnn_pipeline_final/airflow_test_env/lib/python3.7/site-packages/airflow/example_dags/example_nested_branch_dag.py for tasks to queue
[2021-03-17 16:34:05,056] {logging_mixin.py:104} INFO - [2021-03-17 16:34:05,055] {dagbag.py:448} INFO - Filling up the DagBag from /Users/prathyusha/Desktop/pranathi/airflow_cnn_pipeline_final/airflow_test_env/lib/python3.7/site-packages/airflow/example_dags/example_nested_branch_dag.py
[2021-03-17 16:34:05,072] {scheduler_job.py:639} INFO - DAG(s) dict_keys(['example_nested_branch_dag']) retrieved from /Users/prathyusha/Desktop/pranathi/airflow_cnn_pipeline_final/airflow_test_env/lib/python3.7/site-packages/airflow/example_dags/example_nested_branch_dag.py
[2021-03-17 16:34:05,088] {logging_mixin.py:104} INFO - [2021-03-17 16:34:05,087] {dag.py:1818} INFO - Sync 1 DAGs
[2021-03-17 16:34:05,109] {logging_mixin.py:104} INFO - [2021-03-17 16:34:05,108] {dag.py:2273} INFO - Setting next_dagrun for example_nested_branch_dag to 2021-03-15 00:00:00+00:00
[2021-03-17 16:34:05,116] {scheduler_job.py:190} INFO - Processing /Users/prathyusha/Desktop/pranathi/airflow_cnn_pipeline_final/airflow_test_env/lib/python3.7/site-packages/airflow/example_dags/example_nested_branch_dag.py took 0.069 seconds
[2021-03-17 16:34:36,005] {scheduler_job.py:182} INFO - Started process (PID=28374) to work on /Users/prathyusha/Desktop/pranathi/airflow_cnn_pipeline_final/airflow_test_env/lib/python3.7/site-packages/airflow/example_dags/example_nested_branch_dag.py
[2021-03-17 16:34:36,007] {scheduler_job.py:629} INFO - Processing file /Users/prathyusha/Desktop/pranathi/airflow_cnn_pipeline_final/airflow_test_env/lib/python3.7/site-packages/airflow/example_dags/example_nested_branch_dag.py for tasks to queue
[2021-03-17 16:34:36,008] {logging_mixin.py:104} INFO - [2021-03-17 16:34:36,007] {dagbag.py:448} INFO - Filling up the DagBag from /Users/prathyusha/Desktop/pranathi/airflow_cnn_pipeline_final/airflow_test_env/lib/python3.7/site-packages/airflow/example_dags/example_nested_branch_dag.py
[2021-03-17 16:34:36,023] {scheduler_job.py:639} INFO - DAG(s) dict_keys(['example_nested_branch_dag']) retrieved from /Users/prathyusha/Desktop/pranathi/airflow_cnn_pipeline_final/airflow_test_env/lib/python3.7/site-packages/airflow/example_dags/example_nested_branch_dag.py
[2021-03-17 16:34:36,038] {logging_mixin.py:104} INFO - [2021-03-17 16:34:36,037] {dag.py:1818} INFO - Sync 1 DAGs
[2021-03-17 16:34:36,057] {logging_mixin.py:104} INFO - [2021-03-17 16:34:36,057] {dag.py:2273} INFO - Setting next_dagrun for example_nested_branch_dag to 2021-03-15 00:00:00+00:00
[2021-03-17 16:34:36,065] {scheduler_job.py:190} INFO - Processing /Users/prathyusha/Desktop/pranathi/airflow_cnn_pipeline_final/airflow_test_env/lib/python3.7/site-packages/airflow/example_dags/example_nested_branch_dag.py took 0.064 seconds
[2021-03-17 16:35:06,704] {scheduler_job.py:182} INFO - Started process (PID=28410) to work on /Users/prathyusha/Desktop/pranathi/airflow_cnn_pipeline_final/airflow_test_env/lib/python3.7/site-packages/airflow/example_dags/example_nested_branch_dag.py
[2021-03-17 16:35:06,706] {scheduler_job.py:629} INFO - Processing file /Users/prathyusha/Desktop/pranathi/airflow_cnn_pipeline_final/airflow_test_env/lib/python3.7/site-packages/airflow/example_dags/example_nested_branch_dag.py for tasks to queue
[2021-03-17 16:35:06,707] {logging_mixin.py:104} INFO - [2021-03-17 16:35:06,707] {dagbag.py:448} INFO - Filling up the DagBag from /Users/prathyusha/Desktop/pranathi/airflow_cnn_pipeline_final/airflow_test_env/lib/python3.7/site-packages/airflow/example_dags/example_nested_branch_dag.py
[2021-03-17 16:35:06,723] {scheduler_job.py:639} INFO - DAG(s) dict_keys(['example_nested_branch_dag']) retrieved from /Users/prathyusha/Desktop/pranathi/airflow_cnn_pipeline_final/airflow_test_env/lib/python3.7/site-packages/airflow/example_dags/example_nested_branch_dag.py
[2021-03-17 16:35:06,739] {logging_mixin.py:104} INFO - [2021-03-17 16:35:06,738] {dag.py:1818} INFO - Sync 1 DAGs
[2021-03-17 16:35:06,759] {logging_mixin.py:104} INFO - [2021-03-17 16:35:06,759] {dag.py:2273} INFO - Setting next_dagrun for example_nested_branch_dag to 2021-03-15 00:00:00+00:00
[2021-03-17 16:35:06,767] {scheduler_job.py:190} INFO - Processing /Users/prathyusha/Desktop/pranathi/airflow_cnn_pipeline_final/airflow_test_env/lib/python3.7/site-packages/airflow/example_dags/example_nested_branch_dag.py took 0.067 seconds
[2021-03-17 16:35:37,658] {scheduler_job.py:182} INFO - Started process (PID=28444) to work on /Users/prathyusha/Desktop/pranathi/airflow_cnn_pipeline_final/airflow_test_env/lib/python3.7/site-packages/airflow/example_dags/example_nested_branch_dag.py
[2021-03-17 16:35:37,661] {scheduler_job.py:629} INFO - Processing file /Users/prathyusha/Desktop/pranathi/airflow_cnn_pipeline_final/airflow_test_env/lib/python3.7/site-packages/airflow/example_dags/example_nested_branch_dag.py for tasks to queue
[2021-03-17 16:35:37,663] {logging_mixin.py:104} INFO - [2021-03-17 16:35:37,662] {dagbag.py:448} INFO - Filling up the DagBag from /Users/prathyusha/Desktop/pranathi/airflow_cnn_pipeline_final/airflow_test_env/lib/python3.7/site-packages/airflow/example_dags/example_nested_branch_dag.py
[2021-03-17 16:35:37,683] {scheduler_job.py:639} INFO - DAG(s) dict_keys(['example_nested_branch_dag']) retrieved from /Users/prathyusha/Desktop/pranathi/airflow_cnn_pipeline_final/airflow_test_env/lib/python3.7/site-packages/airflow/example_dags/example_nested_branch_dag.py
[2021-03-17 16:35:37,703] {logging_mixin.py:104} INFO - [2021-03-17 16:35:37,702] {dag.py:1818} INFO - Sync 1 DAGs
[2021-03-17 16:35:37,734] {logging_mixin.py:104} INFO - [2021-03-17 16:35:37,733] {dag.py:2273} INFO - Setting next_dagrun for example_nested_branch_dag to 2021-03-15 00:00:00+00:00
[2021-03-17 16:35:37,746] {scheduler_job.py:190} INFO - Processing /Users/prathyusha/Desktop/pranathi/airflow_cnn_pipeline_final/airflow_test_env/lib/python3.7/site-packages/airflow/example_dags/example_nested_branch_dag.py took 0.092 seconds
[2021-03-17 16:36:08,218] {scheduler_job.py:182} INFO - Started process (PID=28484) to work on /Users/prathyusha/Desktop/pranathi/airflow_cnn_pipeline_final/airflow_test_env/lib/python3.7/site-packages/airflow/example_dags/example_nested_branch_dag.py
[2021-03-17 16:36:08,221] {scheduler_job.py:629} INFO - Processing file /Users/prathyusha/Desktop/pranathi/airflow_cnn_pipeline_final/airflow_test_env/lib/python3.7/site-packages/airflow/example_dags/example_nested_branch_dag.py for tasks to queue
[2021-03-17 16:36:08,222] {logging_mixin.py:104} INFO - [2021-03-17 16:36:08,222] {dagbag.py:448} INFO - Filling up the DagBag from /Users/prathyusha/Desktop/pranathi/airflow_cnn_pipeline_final/airflow_test_env/lib/python3.7/site-packages/airflow/example_dags/example_nested_branch_dag.py
[2021-03-17 16:36:08,237] {scheduler_job.py:639} INFO - DAG(s) dict_keys(['example_nested_branch_dag']) retrieved from /Users/prathyusha/Desktop/pranathi/airflow_cnn_pipeline_final/airflow_test_env/lib/python3.7/site-packages/airflow/example_dags/example_nested_branch_dag.py
[2021-03-17 16:36:08,253] {logging_mixin.py:104} INFO - [2021-03-17 16:36:08,252] {dag.py:1818} INFO - Sync 1 DAGs
[2021-03-17 16:36:08,272] {logging_mixin.py:104} INFO - [2021-03-17 16:36:08,271] {dag.py:2273} INFO - Setting next_dagrun for example_nested_branch_dag to 2021-03-15 00:00:00+00:00
[2021-03-17 16:36:08,279] {scheduler_job.py:190} INFO - Processing /Users/prathyusha/Desktop/pranathi/airflow_cnn_pipeline_final/airflow_test_env/lib/python3.7/site-packages/airflow/example_dags/example_nested_branch_dag.py took 0.065 seconds
[2021-03-17 16:36:39,168] {scheduler_job.py:182} INFO - Started process (PID=28517) to work on /Users/prathyusha/Desktop/pranathi/airflow_cnn_pipeline_final/airflow_test_env/lib/python3.7/site-packages/airflow/example_dags/example_nested_branch_dag.py
[2021-03-17 16:36:39,169] {scheduler_job.py:629} INFO - Processing file /Users/prathyusha/Desktop/pranathi/airflow_cnn_pipeline_final/airflow_test_env/lib/python3.7/site-packages/airflow/example_dags/example_nested_branch_dag.py for tasks to queue
[2021-03-17 16:36:39,170] {logging_mixin.py:104} INFO - [2021-03-17 16:36:39,170] {dagbag.py:448} INFO - Filling up the DagBag from /Users/prathyusha/Desktop/pranathi/airflow_cnn_pipeline_final/airflow_test_env/lib/python3.7/site-packages/airflow/example_dags/example_nested_branch_dag.py
[2021-03-17 16:36:39,185] {scheduler_job.py:639} INFO - DAG(s) dict_keys(['example_nested_branch_dag']) retrieved from /Users/prathyusha/Desktop/pranathi/airflow_cnn_pipeline_final/airflow_test_env/lib/python3.7/site-packages/airflow/example_dags/example_nested_branch_dag.py
[2021-03-17 16:36:39,201] {logging_mixin.py:104} INFO - [2021-03-17 16:36:39,200] {dag.py:1818} INFO - Sync 1 DAGs
[2021-03-17 16:36:39,220] {logging_mixin.py:104} INFO - [2021-03-17 16:36:39,219] {dag.py:2273} INFO - Setting next_dagrun for example_nested_branch_dag to 2021-03-15 00:00:00+00:00
[2021-03-17 16:36:39,227] {scheduler_job.py:190} INFO - Processing /Users/prathyusha/Desktop/pranathi/airflow_cnn_pipeline_final/airflow_test_env/lib/python3.7/site-packages/airflow/example_dags/example_nested_branch_dag.py took 0.063 seconds
[2021-03-17 16:37:09,917] {scheduler_job.py:182} INFO - Started process (PID=28546) to work on /Users/prathyusha/Desktop/pranathi/airflow_cnn_pipeline_final/airflow_test_env/lib/python3.7/site-packages/airflow/example_dags/example_nested_branch_dag.py
[2021-03-17 16:37:09,918] {scheduler_job.py:629} INFO - Processing file /Users/prathyusha/Desktop/pranathi/airflow_cnn_pipeline_final/airflow_test_env/lib/python3.7/site-packages/airflow/example_dags/example_nested_branch_dag.py for tasks to queue
[2021-03-17 16:37:09,920] {logging_mixin.py:104} INFO - [2021-03-17 16:37:09,920] {dagbag.py:448} INFO - Filling up the DagBag from /Users/prathyusha/Desktop/pranathi/airflow_cnn_pipeline_final/airflow_test_env/lib/python3.7/site-packages/airflow/example_dags/example_nested_branch_dag.py
[2021-03-17 16:37:09,936] {scheduler_job.py:639} INFO - DAG(s) dict_keys(['example_nested_branch_dag']) retrieved from /Users/prathyusha/Desktop/pranathi/airflow_cnn_pipeline_final/airflow_test_env/lib/python3.7/site-packages/airflow/example_dags/example_nested_branch_dag.py
[2021-03-17 16:37:09,951] {logging_mixin.py:104} INFO - [2021-03-17 16:37:09,950] {dag.py:1818} INFO - Sync 1 DAGs
[2021-03-17 16:37:09,970] {logging_mixin.py:104} INFO - [2021-03-17 16:37:09,970] {dag.py:2273} INFO - Setting next_dagrun for example_nested_branch_dag to 2021-03-15 00:00:00+00:00
[2021-03-17 16:37:09,978] {scheduler_job.py:190} INFO - Processing /Users/prathyusha/Desktop/pranathi/airflow_cnn_pipeline_final/airflow_test_env/lib/python3.7/site-packages/airflow/example_dags/example_nested_branch_dag.py took 0.066 seconds
[2021-03-17 16:37:40,867] {scheduler_job.py:182} INFO - Started process (PID=28579) to work on /Users/prathyusha/Desktop/pranathi/airflow_cnn_pipeline_final/airflow_test_env/lib/python3.7/site-packages/airflow/example_dags/example_nested_branch_dag.py
[2021-03-17 16:37:40,868] {scheduler_job.py:629} INFO - Processing file /Users/prathyusha/Desktop/pranathi/airflow_cnn_pipeline_final/airflow_test_env/lib/python3.7/site-packages/airflow/example_dags/example_nested_branch_dag.py for tasks to queue
[2021-03-17 16:37:40,870] {logging_mixin.py:104} INFO - [2021-03-17 16:37:40,869] {dagbag.py:448} INFO - Filling up the DagBag from /Users/prathyusha/Desktop/pranathi/airflow_cnn_pipeline_final/airflow_test_env/lib/python3.7/site-packages/airflow/example_dags/example_nested_branch_dag.py
[2021-03-17 16:37:40,886] {scheduler_job.py:639} INFO - DAG(s) dict_keys(['example_nested_branch_dag']) retrieved from /Users/prathyusha/Desktop/pranathi/airflow_cnn_pipeline_final/airflow_test_env/lib/python3.7/site-packages/airflow/example_dags/example_nested_branch_dag.py
[2021-03-17 16:37:40,901] {logging_mixin.py:104} INFO - [2021-03-17 16:37:40,900] {dag.py:1818} INFO - Sync 1 DAGs
[2021-03-17 16:37:40,921] {logging_mixin.py:104} INFO - [2021-03-17 16:37:40,920] {dag.py:2273} INFO - Setting next_dagrun for example_nested_branch_dag to 2021-03-15 00:00:00+00:00
[2021-03-17 16:37:40,929] {scheduler_job.py:190} INFO - Processing /Users/prathyusha/Desktop/pranathi/airflow_cnn_pipeline_final/airflow_test_env/lib/python3.7/site-packages/airflow/example_dags/example_nested_branch_dag.py took 0.066 seconds
[2021-03-17 16:38:11,498] {scheduler_job.py:182} INFO - Started process (PID=28610) to work on /Users/prathyusha/Desktop/pranathi/airflow_cnn_pipeline_final/airflow_test_env/lib/python3.7/site-packages/airflow/example_dags/example_nested_branch_dag.py
[2021-03-17 16:38:11,499] {scheduler_job.py:629} INFO - Processing file /Users/prathyusha/Desktop/pranathi/airflow_cnn_pipeline_final/airflow_test_env/lib/python3.7/site-packages/airflow/example_dags/example_nested_branch_dag.py for tasks to queue
[2021-03-17 16:38:11,501] {logging_mixin.py:104} INFO - [2021-03-17 16:38:11,500] {dagbag.py:448} INFO - Filling up the DagBag from /Users/prathyusha/Desktop/pranathi/airflow_cnn_pipeline_final/airflow_test_env/lib/python3.7/site-packages/airflow/example_dags/example_nested_branch_dag.py
[2021-03-17 16:38:11,517] {scheduler_job.py:639} INFO - DAG(s) dict_keys(['example_nested_branch_dag']) retrieved from /Users/prathyusha/Desktop/pranathi/airflow_cnn_pipeline_final/airflow_test_env/lib/python3.7/site-packages/airflow/example_dags/example_nested_branch_dag.py
[2021-03-17 16:38:11,533] {logging_mixin.py:104} INFO - [2021-03-17 16:38:11,533] {dag.py:1818} INFO - Sync 1 DAGs
[2021-03-17 16:38:11,555] {logging_mixin.py:104} INFO - [2021-03-17 16:38:11,554] {dag.py:2273} INFO - Setting next_dagrun for example_nested_branch_dag to 2021-03-15 00:00:00+00:00
[2021-03-17 16:38:11,563] {scheduler_job.py:190} INFO - Processing /Users/prathyusha/Desktop/pranathi/airflow_cnn_pipeline_final/airflow_test_env/lib/python3.7/site-packages/airflow/example_dags/example_nested_branch_dag.py took 0.069 seconds
[2021-03-17 16:38:42,460] {scheduler_job.py:182} INFO - Started process (PID=28676) to work on /Users/prathyusha/Desktop/pranathi/airflow_cnn_pipeline_final/airflow_test_env/lib/python3.7/site-packages/airflow/example_dags/example_nested_branch_dag.py
[2021-03-17 16:38:42,463] {scheduler_job.py:629} INFO - Processing file /Users/prathyusha/Desktop/pranathi/airflow_cnn_pipeline_final/airflow_test_env/lib/python3.7/site-packages/airflow/example_dags/example_nested_branch_dag.py for tasks to queue
[2021-03-17 16:38:42,464] {logging_mixin.py:104} INFO - [2021-03-17 16:38:42,464] {dagbag.py:448} INFO - Filling up the DagBag from /Users/prathyusha/Desktop/pranathi/airflow_cnn_pipeline_final/airflow_test_env/lib/python3.7/site-packages/airflow/example_dags/example_nested_branch_dag.py
[2021-03-17 16:38:42,481] {scheduler_job.py:639} INFO - DAG(s) dict_keys(['example_nested_branch_dag']) retrieved from /Users/prathyusha/Desktop/pranathi/airflow_cnn_pipeline_final/airflow_test_env/lib/python3.7/site-packages/airflow/example_dags/example_nested_branch_dag.py
[2021-03-17 16:38:42,496] {logging_mixin.py:104} INFO - [2021-03-17 16:38:42,496] {dag.py:1818} INFO - Sync 1 DAGs
[2021-03-17 16:38:42,515] {logging_mixin.py:104} INFO - [2021-03-17 16:38:42,515] {dag.py:2273} INFO - Setting next_dagrun for example_nested_branch_dag to 2021-03-15 00:00:00+00:00
[2021-03-17 16:38:42,523] {scheduler_job.py:190} INFO - Processing /Users/prathyusha/Desktop/pranathi/airflow_cnn_pipeline_final/airflow_test_env/lib/python3.7/site-packages/airflow/example_dags/example_nested_branch_dag.py took 0.066 seconds
[2021-03-17 16:39:13,295] {scheduler_job.py:182} INFO - Started process (PID=28724) to work on /Users/prathyusha/Desktop/pranathi/airflow_cnn_pipeline_final/airflow_test_env/lib/python3.7/site-packages/airflow/example_dags/example_nested_branch_dag.py
[2021-03-17 16:39:13,297] {scheduler_job.py:629} INFO - Processing file /Users/prathyusha/Desktop/pranathi/airflow_cnn_pipeline_final/airflow_test_env/lib/python3.7/site-packages/airflow/example_dags/example_nested_branch_dag.py for tasks to queue
[2021-03-17 16:39:13,298] {logging_mixin.py:104} INFO - [2021-03-17 16:39:13,298] {dagbag.py:448} INFO - Filling up the DagBag from /Users/prathyusha/Desktop/pranathi/airflow_cnn_pipeline_final/airflow_test_env/lib/python3.7/site-packages/airflow/example_dags/example_nested_branch_dag.py
[2021-03-17 16:39:13,313] {scheduler_job.py:639} INFO - DAG(s) dict_keys(['example_nested_branch_dag']) retrieved from /Users/prathyusha/Desktop/pranathi/airflow_cnn_pipeline_final/airflow_test_env/lib/python3.7/site-packages/airflow/example_dags/example_nested_branch_dag.py
[2021-03-17 16:39:13,329] {logging_mixin.py:104} INFO - [2021-03-17 16:39:13,329] {dag.py:1818} INFO - Sync 1 DAGs
[2021-03-17 16:39:13,348] {logging_mixin.py:104} INFO - [2021-03-17 16:39:13,348] {dag.py:2273} INFO - Setting next_dagrun for example_nested_branch_dag to 2021-03-15 00:00:00+00:00
[2021-03-17 16:39:13,356] {scheduler_job.py:190} INFO - Processing /Users/prathyusha/Desktop/pranathi/airflow_cnn_pipeline_final/airflow_test_env/lib/python3.7/site-packages/airflow/example_dags/example_nested_branch_dag.py took 0.064 seconds
[2021-03-17 16:39:43,783] {scheduler_job.py:182} INFO - Started process (PID=28754) to work on /Users/prathyusha/Desktop/pranathi/airflow_cnn_pipeline_final/airflow_test_env/lib/python3.7/site-packages/airflow/example_dags/example_nested_branch_dag.py
[2021-03-17 16:39:43,785] {scheduler_job.py:629} INFO - Processing file /Users/prathyusha/Desktop/pranathi/airflow_cnn_pipeline_final/airflow_test_env/lib/python3.7/site-packages/airflow/example_dags/example_nested_branch_dag.py for tasks to queue
[2021-03-17 16:39:43,786] {logging_mixin.py:104} INFO - [2021-03-17 16:39:43,785] {dagbag.py:448} INFO - Filling up the DagBag from /Users/prathyusha/Desktop/pranathi/airflow_cnn_pipeline_final/airflow_test_env/lib/python3.7/site-packages/airflow/example_dags/example_nested_branch_dag.py
[2021-03-17 16:39:43,801] {scheduler_job.py:639} INFO - DAG(s) dict_keys(['example_nested_branch_dag']) retrieved from /Users/prathyusha/Desktop/pranathi/airflow_cnn_pipeline_final/airflow_test_env/lib/python3.7/site-packages/airflow/example_dags/example_nested_branch_dag.py
[2021-03-17 16:39:43,816] {logging_mixin.py:104} INFO - [2021-03-17 16:39:43,816] {dag.py:1818} INFO - Sync 1 DAGs
[2021-03-17 16:39:43,835] {logging_mixin.py:104} INFO - [2021-03-17 16:39:43,835] {dag.py:2273} INFO - Setting next_dagrun for example_nested_branch_dag to 2021-03-15 00:00:00+00:00
[2021-03-17 16:39:43,843] {scheduler_job.py:190} INFO - Processing /Users/prathyusha/Desktop/pranathi/airflow_cnn_pipeline_final/airflow_test_env/lib/python3.7/site-packages/airflow/example_dags/example_nested_branch_dag.py took 0.063 seconds
[2021-03-17 16:40:14,731] {scheduler_job.py:182} INFO - Started process (PID=28802) to work on /Users/prathyusha/Desktop/pranathi/airflow_cnn_pipeline_final/airflow_test_env/lib/python3.7/site-packages/airflow/example_dags/example_nested_branch_dag.py
[2021-03-17 16:40:14,734] {scheduler_job.py:629} INFO - Processing file /Users/prathyusha/Desktop/pranathi/airflow_cnn_pipeline_final/airflow_test_env/lib/python3.7/site-packages/airflow/example_dags/example_nested_branch_dag.py for tasks to queue
[2021-03-17 16:40:14,735] {logging_mixin.py:104} INFO - [2021-03-17 16:40:14,735] {dagbag.py:448} INFO - Filling up the DagBag from /Users/prathyusha/Desktop/pranathi/airflow_cnn_pipeline_final/airflow_test_env/lib/python3.7/site-packages/airflow/example_dags/example_nested_branch_dag.py
[2021-03-17 16:40:14,757] {scheduler_job.py:639} INFO - DAG(s) dict_keys(['example_nested_branch_dag']) retrieved from /Users/prathyusha/Desktop/pranathi/airflow_cnn_pipeline_final/airflow_test_env/lib/python3.7/site-packages/airflow/example_dags/example_nested_branch_dag.py
[2021-03-17 16:40:14,774] {logging_mixin.py:104} INFO - [2021-03-17 16:40:14,774] {dag.py:1818} INFO - Sync 1 DAGs
[2021-03-17 16:40:14,797] {logging_mixin.py:104} INFO - [2021-03-17 16:40:14,796] {dag.py:2273} INFO - Setting next_dagrun for example_nested_branch_dag to 2021-03-15 00:00:00+00:00
[2021-03-17 16:40:14,805] {scheduler_job.py:190} INFO - Processing /Users/prathyusha/Desktop/pranathi/airflow_cnn_pipeline_final/airflow_test_env/lib/python3.7/site-packages/airflow/example_dags/example_nested_branch_dag.py took 0.078 seconds
[2021-03-17 16:40:45,467] {scheduler_job.py:182} INFO - Started process (PID=28835) to work on /Users/prathyusha/Desktop/pranathi/airflow_cnn_pipeline_final/airflow_test_env/lib/python3.7/site-packages/airflow/example_dags/example_nested_branch_dag.py
[2021-03-17 16:40:45,470] {scheduler_job.py:629} INFO - Processing file /Users/prathyusha/Desktop/pranathi/airflow_cnn_pipeline_final/airflow_test_env/lib/python3.7/site-packages/airflow/example_dags/example_nested_branch_dag.py for tasks to queue
[2021-03-17 16:40:45,472] {logging_mixin.py:104} INFO - [2021-03-17 16:40:45,472] {dagbag.py:448} INFO - Filling up the DagBag from /Users/prathyusha/Desktop/pranathi/airflow_cnn_pipeline_final/airflow_test_env/lib/python3.7/site-packages/airflow/example_dags/example_nested_branch_dag.py
[2021-03-17 16:40:45,511] {scheduler_job.py:639} INFO - DAG(s) dict_keys(['example_nested_branch_dag']) retrieved from /Users/prathyusha/Desktop/pranathi/airflow_cnn_pipeline_final/airflow_test_env/lib/python3.7/site-packages/airflow/example_dags/example_nested_branch_dag.py
[2021-03-17 16:40:45,543] {logging_mixin.py:104} INFO - [2021-03-17 16:40:45,541] {dag.py:1818} INFO - Sync 1 DAGs
[2021-03-17 16:40:45,683] {logging_mixin.py:104} INFO - [2021-03-17 16:40:45,681] {dag.py:2273} INFO - Setting next_dagrun for example_nested_branch_dag to 2021-03-15 00:00:00+00:00
[2021-03-17 16:40:45,780] {scheduler_job.py:190} INFO - Processing /Users/prathyusha/Desktop/pranathi/airflow_cnn_pipeline_final/airflow_test_env/lib/python3.7/site-packages/airflow/example_dags/example_nested_branch_dag.py took 0.320 seconds
[2021-03-17 16:41:16,400] {scheduler_job.py:182} INFO - Started process (PID=28869) to work on /Users/prathyusha/Desktop/pranathi/airflow_cnn_pipeline_final/airflow_test_env/lib/python3.7/site-packages/airflow/example_dags/example_nested_branch_dag.py
[2021-03-17 16:41:16,402] {scheduler_job.py:629} INFO - Processing file /Users/prathyusha/Desktop/pranathi/airflow_cnn_pipeline_final/airflow_test_env/lib/python3.7/site-packages/airflow/example_dags/example_nested_branch_dag.py for tasks to queue
[2021-03-17 16:41:16,403] {logging_mixin.py:104} INFO - [2021-03-17 16:41:16,403] {dagbag.py:448} INFO - Filling up the DagBag from /Users/prathyusha/Desktop/pranathi/airflow_cnn_pipeline_final/airflow_test_env/lib/python3.7/site-packages/airflow/example_dags/example_nested_branch_dag.py
[2021-03-17 16:41:16,419] {scheduler_job.py:639} INFO - DAG(s) dict_keys(['example_nested_branch_dag']) retrieved from /Users/prathyusha/Desktop/pranathi/airflow_cnn_pipeline_final/airflow_test_env/lib/python3.7/site-packages/airflow/example_dags/example_nested_branch_dag.py
[2021-03-17 16:41:16,434] {logging_mixin.py:104} INFO - [2021-03-17 16:41:16,434] {dag.py:1818} INFO - Sync 1 DAGs
[2021-03-17 16:41:16,454] {logging_mixin.py:104} INFO - [2021-03-17 16:41:16,454] {dag.py:2273} INFO - Setting next_dagrun for example_nested_branch_dag to 2021-03-15 00:00:00+00:00
[2021-03-17 16:41:16,463] {scheduler_job.py:190} INFO - Processing /Users/prathyusha/Desktop/pranathi/airflow_cnn_pipeline_final/airflow_test_env/lib/python3.7/site-packages/airflow/example_dags/example_nested_branch_dag.py took 0.066 seconds
[2021-03-17 16:41:48,242] {scheduler_job.py:182} INFO - Started process (PID=28906) to work on /Users/prathyusha/Desktop/pranathi/airflow_cnn_pipeline_final/airflow_test_env/lib/python3.7/site-packages/airflow/example_dags/example_nested_branch_dag.py
[2021-03-17 16:41:48,244] {scheduler_job.py:629} INFO - Processing file /Users/prathyusha/Desktop/pranathi/airflow_cnn_pipeline_final/airflow_test_env/lib/python3.7/site-packages/airflow/example_dags/example_nested_branch_dag.py for tasks to queue
[2021-03-17 16:41:48,246] {logging_mixin.py:104} INFO - [2021-03-17 16:41:48,245] {dagbag.py:448} INFO - Filling up the DagBag from /Users/prathyusha/Desktop/pranathi/airflow_cnn_pipeline_final/airflow_test_env/lib/python3.7/site-packages/airflow/example_dags/example_nested_branch_dag.py
[2021-03-17 16:41:48,271] {scheduler_job.py:639} INFO - DAG(s) dict_keys(['example_nested_branch_dag']) retrieved from /Users/prathyusha/Desktop/pranathi/airflow_cnn_pipeline_final/airflow_test_env/lib/python3.7/site-packages/airflow/example_dags/example_nested_branch_dag.py
[2021-03-17 16:41:48,290] {logging_mixin.py:104} INFO - [2021-03-17 16:41:48,289] {dag.py:1818} INFO - Sync 1 DAGs
[2021-03-17 16:41:48,317] {logging_mixin.py:104} INFO - [2021-03-17 16:41:48,316] {dag.py:2273} INFO - Setting next_dagrun for example_nested_branch_dag to 2021-03-15 00:00:00+00:00
[2021-03-17 16:41:48,327] {scheduler_job.py:190} INFO - Processing /Users/prathyusha/Desktop/pranathi/airflow_cnn_pipeline_final/airflow_test_env/lib/python3.7/site-packages/airflow/example_dags/example_nested_branch_dag.py took 0.089 seconds
[2021-03-17 16:42:18,981] {scheduler_job.py:182} INFO - Started process (PID=28939) to work on /Users/prathyusha/Desktop/pranathi/airflow_cnn_pipeline_final/airflow_test_env/lib/python3.7/site-packages/airflow/example_dags/example_nested_branch_dag.py
[2021-03-17 16:42:18,983] {scheduler_job.py:629} INFO - Processing file /Users/prathyusha/Desktop/pranathi/airflow_cnn_pipeline_final/airflow_test_env/lib/python3.7/site-packages/airflow/example_dags/example_nested_branch_dag.py for tasks to queue
[2021-03-17 16:42:18,985] {logging_mixin.py:104} INFO - [2021-03-17 16:42:18,984] {dagbag.py:448} INFO - Filling up the DagBag from /Users/prathyusha/Desktop/pranathi/airflow_cnn_pipeline_final/airflow_test_env/lib/python3.7/site-packages/airflow/example_dags/example_nested_branch_dag.py
[2021-03-17 16:42:19,008] {scheduler_job.py:639} INFO - DAG(s) dict_keys(['example_nested_branch_dag']) retrieved from /Users/prathyusha/Desktop/pranathi/airflow_cnn_pipeline_final/airflow_test_env/lib/python3.7/site-packages/airflow/example_dags/example_nested_branch_dag.py
[2021-03-17 16:42:19,026] {logging_mixin.py:104} INFO - [2021-03-17 16:42:19,025] {dag.py:1818} INFO - Sync 1 DAGs
[2021-03-17 16:42:19,048] {logging_mixin.py:104} INFO - [2021-03-17 16:42:19,048] {dag.py:2273} INFO - Setting next_dagrun for example_nested_branch_dag to 2021-03-15 00:00:00+00:00
[2021-03-17 16:42:19,061] {scheduler_job.py:190} INFO - Processing /Users/prathyusha/Desktop/pranathi/airflow_cnn_pipeline_final/airflow_test_env/lib/python3.7/site-packages/airflow/example_dags/example_nested_branch_dag.py took 0.084 seconds
[2021-03-17 16:42:49,523] {scheduler_job.py:182} INFO - Started process (PID=28970) to work on /Users/prathyusha/Desktop/pranathi/airflow_cnn_pipeline_final/airflow_test_env/lib/python3.7/site-packages/airflow/example_dags/example_nested_branch_dag.py
[2021-03-17 16:42:49,525] {scheduler_job.py:629} INFO - Processing file /Users/prathyusha/Desktop/pranathi/airflow_cnn_pipeline_final/airflow_test_env/lib/python3.7/site-packages/airflow/example_dags/example_nested_branch_dag.py for tasks to queue
[2021-03-17 16:42:49,527] {logging_mixin.py:104} INFO - [2021-03-17 16:42:49,527] {dagbag.py:448} INFO - Filling up the DagBag from /Users/prathyusha/Desktop/pranathi/airflow_cnn_pipeline_final/airflow_test_env/lib/python3.7/site-packages/airflow/example_dags/example_nested_branch_dag.py
[2021-03-17 16:42:49,546] {scheduler_job.py:639} INFO - DAG(s) dict_keys(['example_nested_branch_dag']) retrieved from /Users/prathyusha/Desktop/pranathi/airflow_cnn_pipeline_final/airflow_test_env/lib/python3.7/site-packages/airflow/example_dags/example_nested_branch_dag.py
[2021-03-17 16:42:49,568] {logging_mixin.py:104} INFO - [2021-03-17 16:42:49,567] {dag.py:1818} INFO - Sync 1 DAGs
[2021-03-17 16:42:49,598] {logging_mixin.py:104} INFO - [2021-03-17 16:42:49,598] {dag.py:2273} INFO - Setting next_dagrun for example_nested_branch_dag to 2021-03-15 00:00:00+00:00
[2021-03-17 16:42:49,606] {scheduler_job.py:190} INFO - Processing /Users/prathyusha/Desktop/pranathi/airflow_cnn_pipeline_final/airflow_test_env/lib/python3.7/site-packages/airflow/example_dags/example_nested_branch_dag.py took 0.086 seconds
[2021-03-17 16:43:20,359] {scheduler_job.py:182} INFO - Started process (PID=29003) to work on /Users/prathyusha/Desktop/pranathi/airflow_cnn_pipeline_final/airflow_test_env/lib/python3.7/site-packages/airflow/example_dags/example_nested_branch_dag.py
[2021-03-17 16:43:20,363] {scheduler_job.py:629} INFO - Processing file /Users/prathyusha/Desktop/pranathi/airflow_cnn_pipeline_final/airflow_test_env/lib/python3.7/site-packages/airflow/example_dags/example_nested_branch_dag.py for tasks to queue
[2021-03-17 16:43:20,364] {logging_mixin.py:104} INFO - [2021-03-17 16:43:20,364] {dagbag.py:448} INFO - Filling up the DagBag from /Users/prathyusha/Desktop/pranathi/airflow_cnn_pipeline_final/airflow_test_env/lib/python3.7/site-packages/airflow/example_dags/example_nested_branch_dag.py
[2021-03-17 16:43:20,383] {scheduler_job.py:639} INFO - DAG(s) dict_keys(['example_nested_branch_dag']) retrieved from /Users/prathyusha/Desktop/pranathi/airflow_cnn_pipeline_final/airflow_test_env/lib/python3.7/site-packages/airflow/example_dags/example_nested_branch_dag.py
[2021-03-17 16:43:20,402] {logging_mixin.py:104} INFO - [2021-03-17 16:43:20,401] {dag.py:1818} INFO - Sync 1 DAGs
[2021-03-17 16:43:20,441] {logging_mixin.py:104} INFO - [2021-03-17 16:43:20,440] {dag.py:2273} INFO - Setting next_dagrun for example_nested_branch_dag to 2021-03-15 00:00:00+00:00
[2021-03-17 16:43:20,458] {scheduler_job.py:190} INFO - Processing /Users/prathyusha/Desktop/pranathi/airflow_cnn_pipeline_final/airflow_test_env/lib/python3.7/site-packages/airflow/example_dags/example_nested_branch_dag.py took 0.105 seconds
[2021-03-17 16:43:50,931] {scheduler_job.py:182} INFO - Started process (PID=29035) to work on /Users/prathyusha/Desktop/pranathi/airflow_cnn_pipeline_final/airflow_test_env/lib/python3.7/site-packages/airflow/example_dags/example_nested_branch_dag.py
[2021-03-17 16:43:50,933] {scheduler_job.py:629} INFO - Processing file /Users/prathyusha/Desktop/pranathi/airflow_cnn_pipeline_final/airflow_test_env/lib/python3.7/site-packages/airflow/example_dags/example_nested_branch_dag.py for tasks to queue
[2021-03-17 16:43:50,934] {logging_mixin.py:104} INFO - [2021-03-17 16:43:50,934] {dagbag.py:448} INFO - Filling up the DagBag from /Users/prathyusha/Desktop/pranathi/airflow_cnn_pipeline_final/airflow_test_env/lib/python3.7/site-packages/airflow/example_dags/example_nested_branch_dag.py
[2021-03-17 16:43:50,956] {scheduler_job.py:639} INFO - DAG(s) dict_keys(['example_nested_branch_dag']) retrieved from /Users/prathyusha/Desktop/pranathi/airflow_cnn_pipeline_final/airflow_test_env/lib/python3.7/site-packages/airflow/example_dags/example_nested_branch_dag.py
[2021-03-17 16:43:50,973] {logging_mixin.py:104} INFO - [2021-03-17 16:43:50,973] {dag.py:1818} INFO - Sync 1 DAGs
[2021-03-17 16:43:50,995] {logging_mixin.py:104} INFO - [2021-03-17 16:43:50,994] {dag.py:2273} INFO - Setting next_dagrun for example_nested_branch_dag to 2021-03-15 00:00:00+00:00
[2021-03-17 16:43:51,005] {scheduler_job.py:190} INFO - Processing /Users/prathyusha/Desktop/pranathi/airflow_cnn_pipeline_final/airflow_test_env/lib/python3.7/site-packages/airflow/example_dags/example_nested_branch_dag.py took 0.079 seconds
[2021-03-17 16:44:21,456] {scheduler_job.py:182} INFO - Started process (PID=29066) to work on /Users/prathyusha/Desktop/pranathi/airflow_cnn_pipeline_final/airflow_test_env/lib/python3.7/site-packages/airflow/example_dags/example_nested_branch_dag.py
[2021-03-17 16:44:21,458] {scheduler_job.py:629} INFO - Processing file /Users/prathyusha/Desktop/pranathi/airflow_cnn_pipeline_final/airflow_test_env/lib/python3.7/site-packages/airflow/example_dags/example_nested_branch_dag.py for tasks to queue
[2021-03-17 16:44:21,460] {logging_mixin.py:104} INFO - [2021-03-17 16:44:21,460] {dagbag.py:448} INFO - Filling up the DagBag from /Users/prathyusha/Desktop/pranathi/airflow_cnn_pipeline_final/airflow_test_env/lib/python3.7/site-packages/airflow/example_dags/example_nested_branch_dag.py
[2021-03-17 16:44:21,478] {scheduler_job.py:639} INFO - DAG(s) dict_keys(['example_nested_branch_dag']) retrieved from /Users/prathyusha/Desktop/pranathi/airflow_cnn_pipeline_final/airflow_test_env/lib/python3.7/site-packages/airflow/example_dags/example_nested_branch_dag.py
[2021-03-17 16:44:21,493] {logging_mixin.py:104} INFO - [2021-03-17 16:44:21,493] {dag.py:1818} INFO - Sync 1 DAGs
[2021-03-17 16:44:21,525] {logging_mixin.py:104} INFO - [2021-03-17 16:44:21,524] {dag.py:2273} INFO - Setting next_dagrun for example_nested_branch_dag to 2021-03-15 00:00:00+00:00
[2021-03-17 16:44:21,534] {scheduler_job.py:190} INFO - Processing /Users/prathyusha/Desktop/pranathi/airflow_cnn_pipeline_final/airflow_test_env/lib/python3.7/site-packages/airflow/example_dags/example_nested_branch_dag.py took 0.083 seconds
[2021-03-17 16:44:52,563] {scheduler_job.py:182} INFO - Started process (PID=29100) to work on /Users/prathyusha/Desktop/pranathi/airflow_cnn_pipeline_final/airflow_test_env/lib/python3.7/site-packages/airflow/example_dags/example_nested_branch_dag.py
[2021-03-17 16:44:52,565] {scheduler_job.py:629} INFO - Processing file /Users/prathyusha/Desktop/pranathi/airflow_cnn_pipeline_final/airflow_test_env/lib/python3.7/site-packages/airflow/example_dags/example_nested_branch_dag.py for tasks to queue
[2021-03-17 16:44:52,567] {logging_mixin.py:104} INFO - [2021-03-17 16:44:52,566] {dagbag.py:448} INFO - Filling up the DagBag from /Users/prathyusha/Desktop/pranathi/airflow_cnn_pipeline_final/airflow_test_env/lib/python3.7/site-packages/airflow/example_dags/example_nested_branch_dag.py
[2021-03-17 16:44:52,590] {scheduler_job.py:639} INFO - DAG(s) dict_keys(['example_nested_branch_dag']) retrieved from /Users/prathyusha/Desktop/pranathi/airflow_cnn_pipeline_final/airflow_test_env/lib/python3.7/site-packages/airflow/example_dags/example_nested_branch_dag.py
[2021-03-17 16:44:52,610] {logging_mixin.py:104} INFO - [2021-03-17 16:44:52,609] {dag.py:1818} INFO - Sync 1 DAGs
[2021-03-17 16:44:52,647] {logging_mixin.py:104} INFO - [2021-03-17 16:44:52,646] {dag.py:2273} INFO - Setting next_dagrun for example_nested_branch_dag to 2021-03-15 00:00:00+00:00
[2021-03-17 16:44:52,662] {scheduler_job.py:190} INFO - Processing /Users/prathyusha/Desktop/pranathi/airflow_cnn_pipeline_final/airflow_test_env/lib/python3.7/site-packages/airflow/example_dags/example_nested_branch_dag.py took 0.104 seconds
[2021-03-17 16:45:23,327] {scheduler_job.py:182} INFO - Started process (PID=29144) to work on /Users/prathyusha/Desktop/pranathi/airflow_cnn_pipeline_final/airflow_test_env/lib/python3.7/site-packages/airflow/example_dags/example_nested_branch_dag.py
[2021-03-17 16:45:23,329] {scheduler_job.py:629} INFO - Processing file /Users/prathyusha/Desktop/pranathi/airflow_cnn_pipeline_final/airflow_test_env/lib/python3.7/site-packages/airflow/example_dags/example_nested_branch_dag.py for tasks to queue
[2021-03-17 16:45:23,331] {logging_mixin.py:104} INFO - [2021-03-17 16:45:23,331] {dagbag.py:448} INFO - Filling up the DagBag from /Users/prathyusha/Desktop/pranathi/airflow_cnn_pipeline_final/airflow_test_env/lib/python3.7/site-packages/airflow/example_dags/example_nested_branch_dag.py
[2021-03-17 16:45:23,356] {scheduler_job.py:639} INFO - DAG(s) dict_keys(['example_nested_branch_dag']) retrieved from /Users/prathyusha/Desktop/pranathi/airflow_cnn_pipeline_final/airflow_test_env/lib/python3.7/site-packages/airflow/example_dags/example_nested_branch_dag.py
[2021-03-17 16:45:23,375] {logging_mixin.py:104} INFO - [2021-03-17 16:45:23,375] {dag.py:1818} INFO - Sync 1 DAGs
[2021-03-17 16:45:23,398] {logging_mixin.py:104} INFO - [2021-03-17 16:45:23,397] {dag.py:2273} INFO - Setting next_dagrun for example_nested_branch_dag to 2021-03-15 00:00:00+00:00
[2021-03-17 16:45:23,406] {scheduler_job.py:190} INFO - Processing /Users/prathyusha/Desktop/pranathi/airflow_cnn_pipeline_final/airflow_test_env/lib/python3.7/site-packages/airflow/example_dags/example_nested_branch_dag.py took 0.085 seconds
[2021-03-17 16:45:54,022] {scheduler_job.py:182} INFO - Started process (PID=29176) to work on /Users/prathyusha/Desktop/pranathi/airflow_cnn_pipeline_final/airflow_test_env/lib/python3.7/site-packages/airflow/example_dags/example_nested_branch_dag.py
[2021-03-17 16:45:54,024] {scheduler_job.py:629} INFO - Processing file /Users/prathyusha/Desktop/pranathi/airflow_cnn_pipeline_final/airflow_test_env/lib/python3.7/site-packages/airflow/example_dags/example_nested_branch_dag.py for tasks to queue
[2021-03-17 16:45:54,028] {logging_mixin.py:104} INFO - [2021-03-17 16:45:54,027] {dagbag.py:448} INFO - Filling up the DagBag from /Users/prathyusha/Desktop/pranathi/airflow_cnn_pipeline_final/airflow_test_env/lib/python3.7/site-packages/airflow/example_dags/example_nested_branch_dag.py
[2021-03-17 16:45:54,051] {scheduler_job.py:639} INFO - DAG(s) dict_keys(['example_nested_branch_dag']) retrieved from /Users/prathyusha/Desktop/pranathi/airflow_cnn_pipeline_final/airflow_test_env/lib/python3.7/site-packages/airflow/example_dags/example_nested_branch_dag.py
[2021-03-17 16:45:54,074] {logging_mixin.py:104} INFO - [2021-03-17 16:45:54,074] {dag.py:1818} INFO - Sync 1 DAGs
[2021-03-17 16:45:54,107] {logging_mixin.py:104} INFO - [2021-03-17 16:45:54,107] {dag.py:2273} INFO - Setting next_dagrun for example_nested_branch_dag to 2021-03-15 00:00:00+00:00
[2021-03-17 16:45:54,123] {scheduler_job.py:190} INFO - Processing /Users/prathyusha/Desktop/pranathi/airflow_cnn_pipeline_final/airflow_test_env/lib/python3.7/site-packages/airflow/example_dags/example_nested_branch_dag.py took 0.107 seconds
[2021-03-17 16:46:24,398] {scheduler_job.py:182} INFO - Started process (PID=29227) to work on /Users/prathyusha/Desktop/pranathi/airflow_cnn_pipeline_final/airflow_test_env/lib/python3.7/site-packages/airflow/example_dags/example_nested_branch_dag.py
[2021-03-17 16:46:24,401] {scheduler_job.py:629} INFO - Processing file /Users/prathyusha/Desktop/pranathi/airflow_cnn_pipeline_final/airflow_test_env/lib/python3.7/site-packages/airflow/example_dags/example_nested_branch_dag.py for tasks to queue
[2021-03-17 16:46:24,402] {logging_mixin.py:104} INFO - [2021-03-17 16:46:24,402] {dagbag.py:448} INFO - Filling up the DagBag from /Users/prathyusha/Desktop/pranathi/airflow_cnn_pipeline_final/airflow_test_env/lib/python3.7/site-packages/airflow/example_dags/example_nested_branch_dag.py
[2021-03-17 16:46:24,421] {scheduler_job.py:639} INFO - DAG(s) dict_keys(['example_nested_branch_dag']) retrieved from /Users/prathyusha/Desktop/pranathi/airflow_cnn_pipeline_final/airflow_test_env/lib/python3.7/site-packages/airflow/example_dags/example_nested_branch_dag.py
[2021-03-17 16:46:24,444] {logging_mixin.py:104} INFO - [2021-03-17 16:46:24,442] {dag.py:1818} INFO - Sync 1 DAGs
[2021-03-17 16:46:24,483] {logging_mixin.py:104} INFO - [2021-03-17 16:46:24,483] {dag.py:2273} INFO - Setting next_dagrun for example_nested_branch_dag to 2021-03-15 00:00:00+00:00
[2021-03-17 16:46:24,496] {scheduler_job.py:190} INFO - Processing /Users/prathyusha/Desktop/pranathi/airflow_cnn_pipeline_final/airflow_test_env/lib/python3.7/site-packages/airflow/example_dags/example_nested_branch_dag.py took 0.103 seconds
[2021-03-17 16:46:55,162] {scheduler_job.py:182} INFO - Started process (PID=29325) to work on /Users/prathyusha/Desktop/pranathi/airflow_cnn_pipeline_final/airflow_test_env/lib/python3.7/site-packages/airflow/example_dags/example_nested_branch_dag.py
[2021-03-17 16:46:55,171] {scheduler_job.py:629} INFO - Processing file /Users/prathyusha/Desktop/pranathi/airflow_cnn_pipeline_final/airflow_test_env/lib/python3.7/site-packages/airflow/example_dags/example_nested_branch_dag.py for tasks to queue
[2021-03-17 16:46:55,172] {logging_mixin.py:104} INFO - [2021-03-17 16:46:55,172] {dagbag.py:448} INFO - Filling up the DagBag from /Users/prathyusha/Desktop/pranathi/airflow_cnn_pipeline_final/airflow_test_env/lib/python3.7/site-packages/airflow/example_dags/example_nested_branch_dag.py
[2021-03-17 16:46:55,196] {scheduler_job.py:639} INFO - DAG(s) dict_keys(['example_nested_branch_dag']) retrieved from /Users/prathyusha/Desktop/pranathi/airflow_cnn_pipeline_final/airflow_test_env/lib/python3.7/site-packages/airflow/example_dags/example_nested_branch_dag.py
[2021-03-17 16:46:55,219] {logging_mixin.py:104} INFO - [2021-03-17 16:46:55,218] {dag.py:1818} INFO - Sync 1 DAGs
[2021-03-17 16:46:55,264] {logging_mixin.py:104} INFO - [2021-03-17 16:46:55,263] {dag.py:2273} INFO - Setting next_dagrun for example_nested_branch_dag to 2021-03-15 00:00:00+00:00
[2021-03-17 16:46:55,280] {scheduler_job.py:190} INFO - Processing /Users/prathyusha/Desktop/pranathi/airflow_cnn_pipeline_final/airflow_test_env/lib/python3.7/site-packages/airflow/example_dags/example_nested_branch_dag.py took 0.126 seconds
[2021-03-17 16:47:26,044] {scheduler_job.py:182} INFO - Started process (PID=29358) to work on /Users/prathyusha/Desktop/pranathi/airflow_cnn_pipeline_final/airflow_test_env/lib/python3.7/site-packages/airflow/example_dags/example_nested_branch_dag.py
[2021-03-17 16:47:26,048] {scheduler_job.py:629} INFO - Processing file /Users/prathyusha/Desktop/pranathi/airflow_cnn_pipeline_final/airflow_test_env/lib/python3.7/site-packages/airflow/example_dags/example_nested_branch_dag.py for tasks to queue
[2021-03-17 16:47:26,050] {logging_mixin.py:104} INFO - [2021-03-17 16:47:26,050] {dagbag.py:448} INFO - Filling up the DagBag from /Users/prathyusha/Desktop/pranathi/airflow_cnn_pipeline_final/airflow_test_env/lib/python3.7/site-packages/airflow/example_dags/example_nested_branch_dag.py
[2021-03-17 16:47:26,071] {scheduler_job.py:639} INFO - DAG(s) dict_keys(['example_nested_branch_dag']) retrieved from /Users/prathyusha/Desktop/pranathi/airflow_cnn_pipeline_final/airflow_test_env/lib/python3.7/site-packages/airflow/example_dags/example_nested_branch_dag.py
[2021-03-17 16:47:26,090] {logging_mixin.py:104} INFO - [2021-03-17 16:47:26,089] {dag.py:1818} INFO - Sync 1 DAGs
[2021-03-17 16:47:26,114] {logging_mixin.py:104} INFO - [2021-03-17 16:47:26,113] {dag.py:2273} INFO - Setting next_dagrun for example_nested_branch_dag to 2021-03-15 00:00:00+00:00
[2021-03-17 16:47:26,124] {scheduler_job.py:190} INFO - Processing /Users/prathyusha/Desktop/pranathi/airflow_cnn_pipeline_final/airflow_test_env/lib/python3.7/site-packages/airflow/example_dags/example_nested_branch_dag.py took 0.088 seconds
[2021-03-17 16:47:56,505] {scheduler_job.py:182} INFO - Started process (PID=29388) to work on /Users/prathyusha/Desktop/pranathi/airflow_cnn_pipeline_final/airflow_test_env/lib/python3.7/site-packages/airflow/example_dags/example_nested_branch_dag.py
[2021-03-17 16:47:56,507] {scheduler_job.py:629} INFO - Processing file /Users/prathyusha/Desktop/pranathi/airflow_cnn_pipeline_final/airflow_test_env/lib/python3.7/site-packages/airflow/example_dags/example_nested_branch_dag.py for tasks to queue
[2021-03-17 16:47:56,508] {logging_mixin.py:104} INFO - [2021-03-17 16:47:56,508] {dagbag.py:448} INFO - Filling up the DagBag from /Users/prathyusha/Desktop/pranathi/airflow_cnn_pipeline_final/airflow_test_env/lib/python3.7/site-packages/airflow/example_dags/example_nested_branch_dag.py
[2021-03-17 16:47:56,526] {scheduler_job.py:639} INFO - DAG(s) dict_keys(['example_nested_branch_dag']) retrieved from /Users/prathyusha/Desktop/pranathi/airflow_cnn_pipeline_final/airflow_test_env/lib/python3.7/site-packages/airflow/example_dags/example_nested_branch_dag.py
[2021-03-17 16:47:56,552] {logging_mixin.py:104} INFO - [2021-03-17 16:47:56,552] {dag.py:1818} INFO - Sync 1 DAGs
[2021-03-17 16:47:56,582] {logging_mixin.py:104} INFO - [2021-03-17 16:47:56,581] {dag.py:2273} INFO - Setting next_dagrun for example_nested_branch_dag to 2021-03-15 00:00:00+00:00
[2021-03-17 16:47:56,592] {scheduler_job.py:190} INFO - Processing /Users/prathyusha/Desktop/pranathi/airflow_cnn_pipeline_final/airflow_test_env/lib/python3.7/site-packages/airflow/example_dags/example_nested_branch_dag.py took 0.092 seconds
[2021-03-17 16:48:28,464] {scheduler_job.py:182} INFO - Started process (PID=29419) to work on /Users/prathyusha/Desktop/pranathi/airflow_cnn_pipeline_final/airflow_test_env/lib/python3.7/site-packages/airflow/example_dags/example_nested_branch_dag.py
[2021-03-17 16:48:28,467] {scheduler_job.py:629} INFO - Processing file /Users/prathyusha/Desktop/pranathi/airflow_cnn_pipeline_final/airflow_test_env/lib/python3.7/site-packages/airflow/example_dags/example_nested_branch_dag.py for tasks to queue
[2021-03-17 16:48:28,469] {logging_mixin.py:104} INFO - [2021-03-17 16:48:28,468] {dagbag.py:448} INFO - Filling up the DagBag from /Users/prathyusha/Desktop/pranathi/airflow_cnn_pipeline_final/airflow_test_env/lib/python3.7/site-packages/airflow/example_dags/example_nested_branch_dag.py
[2021-03-17 16:48:28,496] {scheduler_job.py:639} INFO - DAG(s) dict_keys(['example_nested_branch_dag']) retrieved from /Users/prathyusha/Desktop/pranathi/airflow_cnn_pipeline_final/airflow_test_env/lib/python3.7/site-packages/airflow/example_dags/example_nested_branch_dag.py
[2021-03-17 16:48:28,518] {logging_mixin.py:104} INFO - [2021-03-17 16:48:28,517] {dag.py:1818} INFO - Sync 1 DAGs
[2021-03-17 16:48:28,541] {logging_mixin.py:104} INFO - [2021-03-17 16:48:28,540] {dag.py:2273} INFO - Setting next_dagrun for example_nested_branch_dag to 2021-03-15 00:00:00+00:00
[2021-03-17 16:48:28,551] {scheduler_job.py:190} INFO - Processing /Users/prathyusha/Desktop/pranathi/airflow_cnn_pipeline_final/airflow_test_env/lib/python3.7/site-packages/airflow/example_dags/example_nested_branch_dag.py took 0.093 seconds
[2021-03-17 16:48:59,429] {scheduler_job.py:182} INFO - Started process (PID=29452) to work on /Users/prathyusha/Desktop/pranathi/airflow_cnn_pipeline_final/airflow_test_env/lib/python3.7/site-packages/airflow/example_dags/example_nested_branch_dag.py
[2021-03-17 16:48:59,432] {scheduler_job.py:629} INFO - Processing file /Users/prathyusha/Desktop/pranathi/airflow_cnn_pipeline_final/airflow_test_env/lib/python3.7/site-packages/airflow/example_dags/example_nested_branch_dag.py for tasks to queue
[2021-03-17 16:48:59,434] {logging_mixin.py:104} INFO - [2021-03-17 16:48:59,433] {dagbag.py:448} INFO - Filling up the DagBag from /Users/prathyusha/Desktop/pranathi/airflow_cnn_pipeline_final/airflow_test_env/lib/python3.7/site-packages/airflow/example_dags/example_nested_branch_dag.py
[2021-03-17 16:48:59,452] {scheduler_job.py:639} INFO - DAG(s) dict_keys(['example_nested_branch_dag']) retrieved from /Users/prathyusha/Desktop/pranathi/airflow_cnn_pipeline_final/airflow_test_env/lib/python3.7/site-packages/airflow/example_dags/example_nested_branch_dag.py
[2021-03-17 16:48:59,472] {logging_mixin.py:104} INFO - [2021-03-17 16:48:59,471] {dag.py:1818} INFO - Sync 1 DAGs
[2021-03-17 16:48:59,512] {logging_mixin.py:104} INFO - [2021-03-17 16:48:59,511] {dag.py:2273} INFO - Setting next_dagrun for example_nested_branch_dag to 2021-03-15 00:00:00+00:00
[2021-03-17 16:48:59,526] {scheduler_job.py:190} INFO - Processing /Users/prathyusha/Desktop/pranathi/airflow_cnn_pipeline_final/airflow_test_env/lib/python3.7/site-packages/airflow/example_dags/example_nested_branch_dag.py took 0.102 seconds
[2021-03-17 16:49:30,360] {scheduler_job.py:182} INFO - Started process (PID=29484) to work on /Users/prathyusha/Desktop/pranathi/airflow_cnn_pipeline_final/airflow_test_env/lib/python3.7/site-packages/airflow/example_dags/example_nested_branch_dag.py
[2021-03-17 16:49:30,363] {scheduler_job.py:629} INFO - Processing file /Users/prathyusha/Desktop/pranathi/airflow_cnn_pipeline_final/airflow_test_env/lib/python3.7/site-packages/airflow/example_dags/example_nested_branch_dag.py for tasks to queue
[2021-03-17 16:49:30,365] {logging_mixin.py:104} INFO - [2021-03-17 16:49:30,364] {dagbag.py:448} INFO - Filling up the DagBag from /Users/prathyusha/Desktop/pranathi/airflow_cnn_pipeline_final/airflow_test_env/lib/python3.7/site-packages/airflow/example_dags/example_nested_branch_dag.py
[2021-03-17 16:49:30,391] {scheduler_job.py:639} INFO - DAG(s) dict_keys(['example_nested_branch_dag']) retrieved from /Users/prathyusha/Desktop/pranathi/airflow_cnn_pipeline_final/airflow_test_env/lib/python3.7/site-packages/airflow/example_dags/example_nested_branch_dag.py
[2021-03-17 16:49:30,412] {logging_mixin.py:104} INFO - [2021-03-17 16:49:30,412] {dag.py:1818} INFO - Sync 1 DAGs
[2021-03-17 16:49:30,436] {logging_mixin.py:104} INFO - [2021-03-17 16:49:30,436] {dag.py:2273} INFO - Setting next_dagrun for example_nested_branch_dag to 2021-03-15 00:00:00+00:00
[2021-03-17 16:49:30,451] {scheduler_job.py:190} INFO - Processing /Users/prathyusha/Desktop/pranathi/airflow_cnn_pipeline_final/airflow_test_env/lib/python3.7/site-packages/airflow/example_dags/example_nested_branch_dag.py took 0.100 seconds
[2021-03-17 16:50:01,263] {scheduler_job.py:182} INFO - Started process (PID=29514) to work on /Users/prathyusha/Desktop/pranathi/airflow_cnn_pipeline_final/airflow_test_env/lib/python3.7/site-packages/airflow/example_dags/example_nested_branch_dag.py
[2021-03-17 16:50:01,266] {scheduler_job.py:629} INFO - Processing file /Users/prathyusha/Desktop/pranathi/airflow_cnn_pipeline_final/airflow_test_env/lib/python3.7/site-packages/airflow/example_dags/example_nested_branch_dag.py for tasks to queue
[2021-03-17 16:50:01,269] {logging_mixin.py:104} INFO - [2021-03-17 16:50:01,267] {dagbag.py:448} INFO - Filling up the DagBag from /Users/prathyusha/Desktop/pranathi/airflow_cnn_pipeline_final/airflow_test_env/lib/python3.7/site-packages/airflow/example_dags/example_nested_branch_dag.py
[2021-03-17 16:50:01,296] {scheduler_job.py:639} INFO - DAG(s) dict_keys(['example_nested_branch_dag']) retrieved from /Users/prathyusha/Desktop/pranathi/airflow_cnn_pipeline_final/airflow_test_env/lib/python3.7/site-packages/airflow/example_dags/example_nested_branch_dag.py
[2021-03-17 16:50:01,315] {logging_mixin.py:104} INFO - [2021-03-17 16:50:01,315] {dag.py:1818} INFO - Sync 1 DAGs
[2021-03-17 16:50:01,336] {logging_mixin.py:104} INFO - [2021-03-17 16:50:01,336] {dag.py:2273} INFO - Setting next_dagrun for example_nested_branch_dag to 2021-03-15 00:00:00+00:00
[2021-03-17 16:50:01,344] {scheduler_job.py:190} INFO - Processing /Users/prathyusha/Desktop/pranathi/airflow_cnn_pipeline_final/airflow_test_env/lib/python3.7/site-packages/airflow/example_dags/example_nested_branch_dag.py took 0.088 seconds
[2021-03-17 16:50:32,098] {scheduler_job.py:182} INFO - Started process (PID=29547) to work on /Users/prathyusha/Desktop/pranathi/airflow_cnn_pipeline_final/airflow_test_env/lib/python3.7/site-packages/airflow/example_dags/example_nested_branch_dag.py
[2021-03-17 16:50:32,102] {scheduler_job.py:629} INFO - Processing file /Users/prathyusha/Desktop/pranathi/airflow_cnn_pipeline_final/airflow_test_env/lib/python3.7/site-packages/airflow/example_dags/example_nested_branch_dag.py for tasks to queue
[2021-03-17 16:50:32,104] {logging_mixin.py:104} INFO - [2021-03-17 16:50:32,104] {dagbag.py:448} INFO - Filling up the DagBag from /Users/prathyusha/Desktop/pranathi/airflow_cnn_pipeline_final/airflow_test_env/lib/python3.7/site-packages/airflow/example_dags/example_nested_branch_dag.py
[2021-03-17 16:50:32,138] {scheduler_job.py:639} INFO - DAG(s) dict_keys(['example_nested_branch_dag']) retrieved from /Users/prathyusha/Desktop/pranathi/airflow_cnn_pipeline_final/airflow_test_env/lib/python3.7/site-packages/airflow/example_dags/example_nested_branch_dag.py
[2021-03-17 16:50:32,168] {logging_mixin.py:104} INFO - [2021-03-17 16:50:32,167] {dag.py:1818} INFO - Sync 1 DAGs
[2021-03-17 16:50:32,199] {logging_mixin.py:104} INFO - [2021-03-17 16:50:32,198] {dag.py:2273} INFO - Setting next_dagrun for example_nested_branch_dag to 2021-03-15 00:00:00+00:00
[2021-03-17 16:50:32,212] {scheduler_job.py:190} INFO - Processing /Users/prathyusha/Desktop/pranathi/airflow_cnn_pipeline_final/airflow_test_env/lib/python3.7/site-packages/airflow/example_dags/example_nested_branch_dag.py took 0.118 seconds
[2021-03-17 16:51:03,261] {scheduler_job.py:182} INFO - Started process (PID=29577) to work on /Users/prathyusha/Desktop/pranathi/airflow_cnn_pipeline_final/airflow_test_env/lib/python3.7/site-packages/airflow/example_dags/example_nested_branch_dag.py
[2021-03-17 16:51:03,264] {scheduler_job.py:629} INFO - Processing file /Users/prathyusha/Desktop/pranathi/airflow_cnn_pipeline_final/airflow_test_env/lib/python3.7/site-packages/airflow/example_dags/example_nested_branch_dag.py for tasks to queue
[2021-03-17 16:51:03,267] {logging_mixin.py:104} INFO - [2021-03-17 16:51:03,266] {dagbag.py:448} INFO - Filling up the DagBag from /Users/prathyusha/Desktop/pranathi/airflow_cnn_pipeline_final/airflow_test_env/lib/python3.7/site-packages/airflow/example_dags/example_nested_branch_dag.py
[2021-03-17 16:51:03,292] {scheduler_job.py:639} INFO - DAG(s) dict_keys(['example_nested_branch_dag']) retrieved from /Users/prathyusha/Desktop/pranathi/airflow_cnn_pipeline_final/airflow_test_env/lib/python3.7/site-packages/airflow/example_dags/example_nested_branch_dag.py
[2021-03-17 16:51:03,313] {logging_mixin.py:104} INFO - [2021-03-17 16:51:03,312] {dag.py:1818} INFO - Sync 1 DAGs
[2021-03-17 16:51:03,355] {logging_mixin.py:104} INFO - [2021-03-17 16:51:03,352] {dag.py:2273} INFO - Setting next_dagrun for example_nested_branch_dag to 2021-03-15 00:00:00+00:00
[2021-03-17 16:51:03,369] {scheduler_job.py:190} INFO - Processing /Users/prathyusha/Desktop/pranathi/airflow_cnn_pipeline_final/airflow_test_env/lib/python3.7/site-packages/airflow/example_dags/example_nested_branch_dag.py took 0.114 seconds
[2021-03-17 16:51:34,306] {scheduler_job.py:182} INFO - Started process (PID=29606) to work on /Users/prathyusha/Desktop/pranathi/airflow_cnn_pipeline_final/airflow_test_env/lib/python3.7/site-packages/airflow/example_dags/example_nested_branch_dag.py
[2021-03-17 16:51:34,310] {scheduler_job.py:629} INFO - Processing file /Users/prathyusha/Desktop/pranathi/airflow_cnn_pipeline_final/airflow_test_env/lib/python3.7/site-packages/airflow/example_dags/example_nested_branch_dag.py for tasks to queue
[2021-03-17 16:51:34,312] {logging_mixin.py:104} INFO - [2021-03-17 16:51:34,311] {dagbag.py:448} INFO - Filling up the DagBag from /Users/prathyusha/Desktop/pranathi/airflow_cnn_pipeline_final/airflow_test_env/lib/python3.7/site-packages/airflow/example_dags/example_nested_branch_dag.py
[2021-03-17 16:51:34,338] {scheduler_job.py:639} INFO - DAG(s) dict_keys(['example_nested_branch_dag']) retrieved from /Users/prathyusha/Desktop/pranathi/airflow_cnn_pipeline_final/airflow_test_env/lib/python3.7/site-packages/airflow/example_dags/example_nested_branch_dag.py
[2021-03-17 16:51:34,358] {logging_mixin.py:104} INFO - [2021-03-17 16:51:34,357] {dag.py:1818} INFO - Sync 1 DAGs
[2021-03-17 16:51:34,382] {logging_mixin.py:104} INFO - [2021-03-17 16:51:34,382] {dag.py:2273} INFO - Setting next_dagrun for example_nested_branch_dag to 2021-03-15 00:00:00+00:00
[2021-03-17 16:51:34,392] {scheduler_job.py:190} INFO - Processing /Users/prathyusha/Desktop/pranathi/airflow_cnn_pipeline_final/airflow_test_env/lib/python3.7/site-packages/airflow/example_dags/example_nested_branch_dag.py took 0.091 seconds
[2021-03-17 16:52:05,361] {scheduler_job.py:182} INFO - Started process (PID=29673) to work on /Users/prathyusha/Desktop/pranathi/airflow_cnn_pipeline_final/airflow_test_env/lib/python3.7/site-packages/airflow/example_dags/example_nested_branch_dag.py
[2021-03-17 16:52:05,364] {scheduler_job.py:629} INFO - Processing file /Users/prathyusha/Desktop/pranathi/airflow_cnn_pipeline_final/airflow_test_env/lib/python3.7/site-packages/airflow/example_dags/example_nested_branch_dag.py for tasks to queue
[2021-03-17 16:52:05,367] {logging_mixin.py:104} INFO - [2021-03-17 16:52:05,365] {dagbag.py:448} INFO - Filling up the DagBag from /Users/prathyusha/Desktop/pranathi/airflow_cnn_pipeline_final/airflow_test_env/lib/python3.7/site-packages/airflow/example_dags/example_nested_branch_dag.py
[2021-03-17 16:52:05,392] {scheduler_job.py:639} INFO - DAG(s) dict_keys(['example_nested_branch_dag']) retrieved from /Users/prathyusha/Desktop/pranathi/airflow_cnn_pipeline_final/airflow_test_env/lib/python3.7/site-packages/airflow/example_dags/example_nested_branch_dag.py
[2021-03-17 16:52:05,420] {logging_mixin.py:104} INFO - [2021-03-17 16:52:05,419] {dag.py:1818} INFO - Sync 1 DAGs
[2021-03-17 16:52:05,483] {logging_mixin.py:104} INFO - [2021-03-17 16:52:05,482] {dag.py:2273} INFO - Setting next_dagrun for example_nested_branch_dag to 2021-03-15 00:00:00+00:00
[2021-03-17 16:52:05,496] {scheduler_job.py:190} INFO - Processing /Users/prathyusha/Desktop/pranathi/airflow_cnn_pipeline_final/airflow_test_env/lib/python3.7/site-packages/airflow/example_dags/example_nested_branch_dag.py took 0.141 seconds
[2021-03-17 16:52:36,340] {scheduler_job.py:182} INFO - Started process (PID=29779) to work on /Users/prathyusha/Desktop/pranathi/airflow_cnn_pipeline_final/airflow_test_env/lib/python3.7/site-packages/airflow/example_dags/example_nested_branch_dag.py
[2021-03-17 16:52:36,344] {scheduler_job.py:629} INFO - Processing file /Users/prathyusha/Desktop/pranathi/airflow_cnn_pipeline_final/airflow_test_env/lib/python3.7/site-packages/airflow/example_dags/example_nested_branch_dag.py for tasks to queue
[2021-03-17 16:52:36,347] {logging_mixin.py:104} INFO - [2021-03-17 16:52:36,345] {dagbag.py:448} INFO - Filling up the DagBag from /Users/prathyusha/Desktop/pranathi/airflow_cnn_pipeline_final/airflow_test_env/lib/python3.7/site-packages/airflow/example_dags/example_nested_branch_dag.py
[2021-03-17 16:52:36,373] {scheduler_job.py:639} INFO - DAG(s) dict_keys(['example_nested_branch_dag']) retrieved from /Users/prathyusha/Desktop/pranathi/airflow_cnn_pipeline_final/airflow_test_env/lib/python3.7/site-packages/airflow/example_dags/example_nested_branch_dag.py
[2021-03-17 16:52:36,393] {logging_mixin.py:104} INFO - [2021-03-17 16:52:36,393] {dag.py:1818} INFO - Sync 1 DAGs
[2021-03-17 16:52:36,416] {logging_mixin.py:104} INFO - [2021-03-17 16:52:36,416] {dag.py:2273} INFO - Setting next_dagrun for example_nested_branch_dag to 2021-03-15 00:00:00+00:00
[2021-03-17 16:52:36,424] {scheduler_job.py:190} INFO - Processing /Users/prathyusha/Desktop/pranathi/airflow_cnn_pipeline_final/airflow_test_env/lib/python3.7/site-packages/airflow/example_dags/example_nested_branch_dag.py took 0.088 seconds
[2021-03-17 16:53:07,511] {scheduler_job.py:182} INFO - Started process (PID=29840) to work on /Users/prathyusha/Desktop/pranathi/airflow_cnn_pipeline_final/airflow_test_env/lib/python3.7/site-packages/airflow/example_dags/example_nested_branch_dag.py
[2021-03-17 16:53:07,536] {scheduler_job.py:629} INFO - Processing file /Users/prathyusha/Desktop/pranathi/airflow_cnn_pipeline_final/airflow_test_env/lib/python3.7/site-packages/airflow/example_dags/example_nested_branch_dag.py for tasks to queue
[2021-03-17 16:53:07,538] {logging_mixin.py:104} INFO - [2021-03-17 16:53:07,537] {dagbag.py:448} INFO - Filling up the DagBag from /Users/prathyusha/Desktop/pranathi/airflow_cnn_pipeline_final/airflow_test_env/lib/python3.7/site-packages/airflow/example_dags/example_nested_branch_dag.py
[2021-03-17 16:53:07,679] {scheduler_job.py:639} INFO - DAG(s) dict_keys(['example_nested_branch_dag']) retrieved from /Users/prathyusha/Desktop/pranathi/airflow_cnn_pipeline_final/airflow_test_env/lib/python3.7/site-packages/airflow/example_dags/example_nested_branch_dag.py
[2021-03-17 16:53:07,706] {logging_mixin.py:104} INFO - [2021-03-17 16:53:07,706] {dag.py:1818} INFO - Sync 1 DAGs
[2021-03-17 16:53:07,856] {logging_mixin.py:104} INFO - [2021-03-17 16:53:07,855] {dag.py:2273} INFO - Setting next_dagrun for example_nested_branch_dag to 2021-03-15 00:00:00+00:00
[2021-03-17 16:53:07,877] {scheduler_job.py:190} INFO - Processing /Users/prathyusha/Desktop/pranathi/airflow_cnn_pipeline_final/airflow_test_env/lib/python3.7/site-packages/airflow/example_dags/example_nested_branch_dag.py took 0.385 seconds
[2021-03-17 16:53:38,735] {scheduler_job.py:182} INFO - Started process (PID=29899) to work on /Users/prathyusha/Desktop/pranathi/airflow_cnn_pipeline_final/airflow_test_env/lib/python3.7/site-packages/airflow/example_dags/example_nested_branch_dag.py
[2021-03-17 16:53:38,737] {scheduler_job.py:629} INFO - Processing file /Users/prathyusha/Desktop/pranathi/airflow_cnn_pipeline_final/airflow_test_env/lib/python3.7/site-packages/airflow/example_dags/example_nested_branch_dag.py for tasks to queue
[2021-03-17 16:53:38,739] {logging_mixin.py:104} INFO - [2021-03-17 16:53:38,738] {dagbag.py:448} INFO - Filling up the DagBag from /Users/prathyusha/Desktop/pranathi/airflow_cnn_pipeline_final/airflow_test_env/lib/python3.7/site-packages/airflow/example_dags/example_nested_branch_dag.py
[2021-03-17 16:53:38,763] {scheduler_job.py:639} INFO - DAG(s) dict_keys(['example_nested_branch_dag']) retrieved from /Users/prathyusha/Desktop/pranathi/airflow_cnn_pipeline_final/airflow_test_env/lib/python3.7/site-packages/airflow/example_dags/example_nested_branch_dag.py
[2021-03-17 16:53:38,783] {logging_mixin.py:104} INFO - [2021-03-17 16:53:38,782] {dag.py:1818} INFO - Sync 1 DAGs
[2021-03-17 16:53:38,819] {logging_mixin.py:104} INFO - [2021-03-17 16:53:38,819] {dag.py:2273} INFO - Setting next_dagrun for example_nested_branch_dag to 2021-03-15 00:00:00+00:00
[2021-03-17 16:53:38,832] {scheduler_job.py:190} INFO - Processing /Users/prathyusha/Desktop/pranathi/airflow_cnn_pipeline_final/airflow_test_env/lib/python3.7/site-packages/airflow/example_dags/example_nested_branch_dag.py took 0.103 seconds
[2021-03-17 16:54:09,768] {scheduler_job.py:182} INFO - Started process (PID=29939) to work on /Users/prathyusha/Desktop/pranathi/airflow_cnn_pipeline_final/airflow_test_env/lib/python3.7/site-packages/airflow/example_dags/example_nested_branch_dag.py
[2021-03-17 16:54:09,770] {scheduler_job.py:629} INFO - Processing file /Users/prathyusha/Desktop/pranathi/airflow_cnn_pipeline_final/airflow_test_env/lib/python3.7/site-packages/airflow/example_dags/example_nested_branch_dag.py for tasks to queue
[2021-03-17 16:54:09,773] {logging_mixin.py:104} INFO - [2021-03-17 16:54:09,772] {dagbag.py:448} INFO - Filling up the DagBag from /Users/prathyusha/Desktop/pranathi/airflow_cnn_pipeline_final/airflow_test_env/lib/python3.7/site-packages/airflow/example_dags/example_nested_branch_dag.py
[2021-03-17 16:54:09,804] {scheduler_job.py:639} INFO - DAG(s) dict_keys(['example_nested_branch_dag']) retrieved from /Users/prathyusha/Desktop/pranathi/airflow_cnn_pipeline_final/airflow_test_env/lib/python3.7/site-packages/airflow/example_dags/example_nested_branch_dag.py
[2021-03-17 16:54:09,839] {logging_mixin.py:104} INFO - [2021-03-17 16:54:09,839] {dag.py:1818} INFO - Sync 1 DAGs
[2021-03-17 16:54:09,911] {logging_mixin.py:104} INFO - [2021-03-17 16:54:09,911] {dag.py:2273} INFO - Setting next_dagrun for example_nested_branch_dag to 2021-03-15 00:00:00+00:00
[2021-03-17 16:54:09,932] {scheduler_job.py:190} INFO - Processing /Users/prathyusha/Desktop/pranathi/airflow_cnn_pipeline_final/airflow_test_env/lib/python3.7/site-packages/airflow/example_dags/example_nested_branch_dag.py took 0.169 seconds
[2021-03-17 16:54:43,716] {scheduler_job.py:182} INFO - Started process (PID=29996) to work on /Users/prathyusha/Desktop/pranathi/airflow_cnn_pipeline_final/airflow_test_env/lib/python3.7/site-packages/airflow/example_dags/example_nested_branch_dag.py
[2021-03-17 16:54:43,720] {scheduler_job.py:629} INFO - Processing file /Users/prathyusha/Desktop/pranathi/airflow_cnn_pipeline_final/airflow_test_env/lib/python3.7/site-packages/airflow/example_dags/example_nested_branch_dag.py for tasks to queue
[2021-03-17 16:54:43,722] {logging_mixin.py:104} INFO - [2021-03-17 16:54:43,721] {dagbag.py:448} INFO - Filling up the DagBag from /Users/prathyusha/Desktop/pranathi/airflow_cnn_pipeline_final/airflow_test_env/lib/python3.7/site-packages/airflow/example_dags/example_nested_branch_dag.py
[2021-03-17 16:54:43,742] {scheduler_job.py:639} INFO - DAG(s) dict_keys(['example_nested_branch_dag']) retrieved from /Users/prathyusha/Desktop/pranathi/airflow_cnn_pipeline_final/airflow_test_env/lib/python3.7/site-packages/airflow/example_dags/example_nested_branch_dag.py
[2021-03-17 16:54:43,761] {logging_mixin.py:104} INFO - [2021-03-17 16:54:43,760] {dag.py:1818} INFO - Sync 1 DAGs
[2021-03-17 16:54:43,789] {logging_mixin.py:104} INFO - [2021-03-17 16:54:43,788] {dag.py:2273} INFO - Setting next_dagrun for example_nested_branch_dag to 2021-03-15 00:00:00+00:00
[2021-03-17 16:54:43,797] {scheduler_job.py:190} INFO - Processing /Users/prathyusha/Desktop/pranathi/airflow_cnn_pipeline_final/airflow_test_env/lib/python3.7/site-packages/airflow/example_dags/example_nested_branch_dag.py took 0.087 seconds
[2021-03-17 16:55:15,472] {scheduler_job.py:182} INFO - Started process (PID=30036) to work on /Users/prathyusha/Desktop/pranathi/airflow_cnn_pipeline_final/airflow_test_env/lib/python3.7/site-packages/airflow/example_dags/example_nested_branch_dag.py
[2021-03-17 16:55:15,478] {scheduler_job.py:629} INFO - Processing file /Users/prathyusha/Desktop/pranathi/airflow_cnn_pipeline_final/airflow_test_env/lib/python3.7/site-packages/airflow/example_dags/example_nested_branch_dag.py for tasks to queue
[2021-03-17 16:55:15,481] {logging_mixin.py:104} INFO - [2021-03-17 16:55:15,480] {dagbag.py:448} INFO - Filling up the DagBag from /Users/prathyusha/Desktop/pranathi/airflow_cnn_pipeline_final/airflow_test_env/lib/python3.7/site-packages/airflow/example_dags/example_nested_branch_dag.py
[2021-03-17 16:55:15,523] {scheduler_job.py:639} INFO - DAG(s) dict_keys(['example_nested_branch_dag']) retrieved from /Users/prathyusha/Desktop/pranathi/airflow_cnn_pipeline_final/airflow_test_env/lib/python3.7/site-packages/airflow/example_dags/example_nested_branch_dag.py
[2021-03-17 16:55:15,553] {logging_mixin.py:104} INFO - [2021-03-17 16:55:15,552] {dag.py:1818} INFO - Sync 1 DAGs
[2021-03-17 16:55:15,963] {logging_mixin.py:104} INFO - [2021-03-17 16:55:15,882] {dag.py:2273} INFO - Setting next_dagrun for example_nested_branch_dag to 2021-03-15 00:00:00+00:00
[2021-03-17 16:55:15,992] {scheduler_job.py:190} INFO - Processing /Users/prathyusha/Desktop/pranathi/airflow_cnn_pipeline_final/airflow_test_env/lib/python3.7/site-packages/airflow/example_dags/example_nested_branch_dag.py took 0.524 seconds
[2021-03-17 16:55:46,720] {scheduler_job.py:182} INFO - Started process (PID=30082) to work on /Users/prathyusha/Desktop/pranathi/airflow_cnn_pipeline_final/airflow_test_env/lib/python3.7/site-packages/airflow/example_dags/example_nested_branch_dag.py
[2021-03-17 16:55:46,722] {scheduler_job.py:629} INFO - Processing file /Users/prathyusha/Desktop/pranathi/airflow_cnn_pipeline_final/airflow_test_env/lib/python3.7/site-packages/airflow/example_dags/example_nested_branch_dag.py for tasks to queue
[2021-03-17 16:55:46,724] {logging_mixin.py:104} INFO - [2021-03-17 16:55:46,723] {dagbag.py:448} INFO - Filling up the DagBag from /Users/prathyusha/Desktop/pranathi/airflow_cnn_pipeline_final/airflow_test_env/lib/python3.7/site-packages/airflow/example_dags/example_nested_branch_dag.py
[2021-03-17 16:55:46,743] {scheduler_job.py:639} INFO - DAG(s) dict_keys(['example_nested_branch_dag']) retrieved from /Users/prathyusha/Desktop/pranathi/airflow_cnn_pipeline_final/airflow_test_env/lib/python3.7/site-packages/airflow/example_dags/example_nested_branch_dag.py
[2021-03-17 16:55:46,805] {logging_mixin.py:104} INFO - [2021-03-17 16:55:46,804] {dag.py:1818} INFO - Sync 1 DAGs
[2021-03-17 16:55:46,840] {logging_mixin.py:104} INFO - [2021-03-17 16:55:46,840] {dag.py:2273} INFO - Setting next_dagrun for example_nested_branch_dag to 2021-03-15 00:00:00+00:00
[2021-03-17 16:55:46,884] {scheduler_job.py:190} INFO - Processing /Users/prathyusha/Desktop/pranathi/airflow_cnn_pipeline_final/airflow_test_env/lib/python3.7/site-packages/airflow/example_dags/example_nested_branch_dag.py took 0.169 seconds
[2021-03-17 16:56:17,209] {scheduler_job.py:182} INFO - Started process (PID=30112) to work on /Users/prathyusha/Desktop/pranathi/airflow_cnn_pipeline_final/airflow_test_env/lib/python3.7/site-packages/airflow/example_dags/example_nested_branch_dag.py
[2021-03-17 16:56:17,214] {scheduler_job.py:629} INFO - Processing file /Users/prathyusha/Desktop/pranathi/airflow_cnn_pipeline_final/airflow_test_env/lib/python3.7/site-packages/airflow/example_dags/example_nested_branch_dag.py for tasks to queue
[2021-03-17 16:56:17,216] {logging_mixin.py:104} INFO - [2021-03-17 16:56:17,215] {dagbag.py:448} INFO - Filling up the DagBag from /Users/prathyusha/Desktop/pranathi/airflow_cnn_pipeline_final/airflow_test_env/lib/python3.7/site-packages/airflow/example_dags/example_nested_branch_dag.py
[2021-03-17 16:56:17,237] {scheduler_job.py:639} INFO - DAG(s) dict_keys(['example_nested_branch_dag']) retrieved from /Users/prathyusha/Desktop/pranathi/airflow_cnn_pipeline_final/airflow_test_env/lib/python3.7/site-packages/airflow/example_dags/example_nested_branch_dag.py
[2021-03-17 16:56:17,258] {logging_mixin.py:104} INFO - [2021-03-17 16:56:17,257] {dag.py:1818} INFO - Sync 1 DAGs
[2021-03-17 16:56:17,293] {logging_mixin.py:104} INFO - [2021-03-17 16:56:17,292] {dag.py:2273} INFO - Setting next_dagrun for example_nested_branch_dag to 2021-03-15 00:00:00+00:00
[2021-03-17 16:56:17,309] {scheduler_job.py:190} INFO - Processing /Users/prathyusha/Desktop/pranathi/airflow_cnn_pipeline_final/airflow_test_env/lib/python3.7/site-packages/airflow/example_dags/example_nested_branch_dag.py took 0.106 seconds
[2021-03-17 16:56:50,130] {scheduler_job.py:182} INFO - Started process (PID=30150) to work on /Users/prathyusha/Desktop/pranathi/airflow_cnn_pipeline_final/airflow_test_env/lib/python3.7/site-packages/airflow/example_dags/example_nested_branch_dag.py
[2021-03-17 16:56:50,134] {scheduler_job.py:629} INFO - Processing file /Users/prathyusha/Desktop/pranathi/airflow_cnn_pipeline_final/airflow_test_env/lib/python3.7/site-packages/airflow/example_dags/example_nested_branch_dag.py for tasks to queue
[2021-03-17 16:56:50,136] {logging_mixin.py:104} INFO - [2021-03-17 16:56:50,136] {dagbag.py:448} INFO - Filling up the DagBag from /Users/prathyusha/Desktop/pranathi/airflow_cnn_pipeline_final/airflow_test_env/lib/python3.7/site-packages/airflow/example_dags/example_nested_branch_dag.py
[2021-03-17 16:56:50,160] {scheduler_job.py:639} INFO - DAG(s) dict_keys(['example_nested_branch_dag']) retrieved from /Users/prathyusha/Desktop/pranathi/airflow_cnn_pipeline_final/airflow_test_env/lib/python3.7/site-packages/airflow/example_dags/example_nested_branch_dag.py
[2021-03-17 16:56:50,180] {logging_mixin.py:104} INFO - [2021-03-17 16:56:50,180] {dag.py:1818} INFO - Sync 1 DAGs
[2021-03-17 16:56:50,218] {logging_mixin.py:104} INFO - [2021-03-17 16:56:50,216] {dag.py:2273} INFO - Setting next_dagrun for example_nested_branch_dag to 2021-03-15 00:00:00+00:00
[2021-03-17 16:56:50,230] {scheduler_job.py:190} INFO - Processing /Users/prathyusha/Desktop/pranathi/airflow_cnn_pipeline_final/airflow_test_env/lib/python3.7/site-packages/airflow/example_dags/example_nested_branch_dag.py took 0.105 seconds
[2021-03-17 16:57:22,495] {scheduler_job.py:182} INFO - Started process (PID=30180) to work on /Users/prathyusha/Desktop/pranathi/airflow_cnn_pipeline_final/airflow_test_env/lib/python3.7/site-packages/airflow/example_dags/example_nested_branch_dag.py
[2021-03-17 16:57:22,501] {scheduler_job.py:629} INFO - Processing file /Users/prathyusha/Desktop/pranathi/airflow_cnn_pipeline_final/airflow_test_env/lib/python3.7/site-packages/airflow/example_dags/example_nested_branch_dag.py for tasks to queue
[2021-03-17 16:57:22,503] {logging_mixin.py:104} INFO - [2021-03-17 16:57:22,503] {dagbag.py:448} INFO - Filling up the DagBag from /Users/prathyusha/Desktop/pranathi/airflow_cnn_pipeline_final/airflow_test_env/lib/python3.7/site-packages/airflow/example_dags/example_nested_branch_dag.py
[2021-03-17 16:57:22,555] {scheduler_job.py:639} INFO - DAG(s) dict_keys(['example_nested_branch_dag']) retrieved from /Users/prathyusha/Desktop/pranathi/airflow_cnn_pipeline_final/airflow_test_env/lib/python3.7/site-packages/airflow/example_dags/example_nested_branch_dag.py
[2021-03-17 16:57:22,573] {logging_mixin.py:104} INFO - [2021-03-17 16:57:22,572] {dag.py:1818} INFO - Sync 1 DAGs
[2021-03-17 16:57:22,594] {logging_mixin.py:104} INFO - [2021-03-17 16:57:22,592] {dag.py:2273} INFO - Setting next_dagrun for example_nested_branch_dag to 2021-03-15 00:00:00+00:00
[2021-03-17 16:57:22,604] {scheduler_job.py:190} INFO - Processing /Users/prathyusha/Desktop/pranathi/airflow_cnn_pipeline_final/airflow_test_env/lib/python3.7/site-packages/airflow/example_dags/example_nested_branch_dag.py took 0.117 seconds
[2021-03-17 16:57:55,266] {scheduler_job.py:182} INFO - Started process (PID=30229) to work on /Users/prathyusha/Desktop/pranathi/airflow_cnn_pipeline_final/airflow_test_env/lib/python3.7/site-packages/airflow/example_dags/example_nested_branch_dag.py
[2021-03-17 16:57:55,269] {scheduler_job.py:629} INFO - Processing file /Users/prathyusha/Desktop/pranathi/airflow_cnn_pipeline_final/airflow_test_env/lib/python3.7/site-packages/airflow/example_dags/example_nested_branch_dag.py for tasks to queue
[2021-03-17 16:57:55,271] {logging_mixin.py:104} INFO - [2021-03-17 16:57:55,270] {dagbag.py:448} INFO - Filling up the DagBag from /Users/prathyusha/Desktop/pranathi/airflow_cnn_pipeline_final/airflow_test_env/lib/python3.7/site-packages/airflow/example_dags/example_nested_branch_dag.py
[2021-03-17 16:57:55,302] {scheduler_job.py:639} INFO - DAG(s) dict_keys(['example_nested_branch_dag']) retrieved from /Users/prathyusha/Desktop/pranathi/airflow_cnn_pipeline_final/airflow_test_env/lib/python3.7/site-packages/airflow/example_dags/example_nested_branch_dag.py
[2021-03-17 16:57:55,338] {logging_mixin.py:104} INFO - [2021-03-17 16:57:55,338] {dag.py:1818} INFO - Sync 1 DAGs
[2021-03-17 16:57:55,413] {logging_mixin.py:104} INFO - [2021-03-17 16:57:55,410] {dag.py:2273} INFO - Setting next_dagrun for example_nested_branch_dag to 2021-03-15 00:00:00+00:00
[2021-03-17 16:57:55,426] {scheduler_job.py:190} INFO - Processing /Users/prathyusha/Desktop/pranathi/airflow_cnn_pipeline_final/airflow_test_env/lib/python3.7/site-packages/airflow/example_dags/example_nested_branch_dag.py took 0.166 seconds
[2021-03-17 16:58:33,832] {scheduler_job.py:182} INFO - Started process (PID=30284) to work on /Users/prathyusha/Desktop/pranathi/airflow_cnn_pipeline_final/airflow_test_env/lib/python3.7/site-packages/airflow/example_dags/example_nested_branch_dag.py
[2021-03-17 16:58:33,835] {scheduler_job.py:629} INFO - Processing file /Users/prathyusha/Desktop/pranathi/airflow_cnn_pipeline_final/airflow_test_env/lib/python3.7/site-packages/airflow/example_dags/example_nested_branch_dag.py for tasks to queue
[2021-03-17 16:58:33,839] {logging_mixin.py:104} INFO - [2021-03-17 16:58:33,838] {dagbag.py:448} INFO - Filling up the DagBag from /Users/prathyusha/Desktop/pranathi/airflow_cnn_pipeline_final/airflow_test_env/lib/python3.7/site-packages/airflow/example_dags/example_nested_branch_dag.py
[2021-03-17 16:58:33,890] {scheduler_job.py:639} INFO - DAG(s) dict_keys(['example_nested_branch_dag']) retrieved from /Users/prathyusha/Desktop/pranathi/airflow_cnn_pipeline_final/airflow_test_env/lib/python3.7/site-packages/airflow/example_dags/example_nested_branch_dag.py
[2021-03-17 16:58:33,943] {logging_mixin.py:104} INFO - [2021-03-17 16:58:33,940] {dag.py:1818} INFO - Sync 1 DAGs
[2021-03-17 16:58:34,062] {logging_mixin.py:104} INFO - [2021-03-17 16:58:34,061] {dag.py:2273} INFO - Setting next_dagrun for example_nested_branch_dag to 2021-03-15 00:00:00+00:00
[2021-03-17 16:58:34,165] {scheduler_job.py:190} INFO - Processing /Users/prathyusha/Desktop/pranathi/airflow_cnn_pipeline_final/airflow_test_env/lib/python3.7/site-packages/airflow/example_dags/example_nested_branch_dag.py took 0.343 seconds
[2021-03-17 16:59:08,458] {scheduler_job.py:182} INFO - Started process (PID=30340) to work on /Users/prathyusha/Desktop/pranathi/airflow_cnn_pipeline_final/airflow_test_env/lib/python3.7/site-packages/airflow/example_dags/example_nested_branch_dag.py
[2021-03-17 16:59:08,462] {scheduler_job.py:629} INFO - Processing file /Users/prathyusha/Desktop/pranathi/airflow_cnn_pipeline_final/airflow_test_env/lib/python3.7/site-packages/airflow/example_dags/example_nested_branch_dag.py for tasks to queue
[2021-03-17 16:59:08,466] {logging_mixin.py:104} INFO - [2021-03-17 16:59:08,464] {dagbag.py:448} INFO - Filling up the DagBag from /Users/prathyusha/Desktop/pranathi/airflow_cnn_pipeline_final/airflow_test_env/lib/python3.7/site-packages/airflow/example_dags/example_nested_branch_dag.py
[2021-03-17 16:59:08,496] {scheduler_job.py:639} INFO - DAG(s) dict_keys(['example_nested_branch_dag']) retrieved from /Users/prathyusha/Desktop/pranathi/airflow_cnn_pipeline_final/airflow_test_env/lib/python3.7/site-packages/airflow/example_dags/example_nested_branch_dag.py
[2021-03-17 16:59:08,527] {logging_mixin.py:104} INFO - [2021-03-17 16:59:08,526] {dag.py:1818} INFO - Sync 1 DAGs
[2021-03-17 16:59:08,587] {logging_mixin.py:104} INFO - [2021-03-17 16:59:08,587] {dag.py:2273} INFO - Setting next_dagrun for example_nested_branch_dag to 2021-03-15 00:00:00+00:00
[2021-03-17 16:59:08,608] {scheduler_job.py:190} INFO - Processing /Users/prathyusha/Desktop/pranathi/airflow_cnn_pipeline_final/airflow_test_env/lib/python3.7/site-packages/airflow/example_dags/example_nested_branch_dag.py took 0.159 seconds
