[2021-03-17 16:32:22,740] {scheduler_job.py:182} INFO - Started process (PID=28221) to work on /Users/prathyusha/Desktop/pranathi/airflow_cnn_pipeline_final/airflow_test_env/lib/python3.7/site-packages/airflow/example_dags/example_skip_dag.py
[2021-03-17 16:32:22,741] {scheduler_job.py:629} INFO - Processing file /Users/prathyusha/Desktop/pranathi/airflow_cnn_pipeline_final/airflow_test_env/lib/python3.7/site-packages/airflow/example_dags/example_skip_dag.py for tasks to queue
[2021-03-17 16:32:22,743] {logging_mixin.py:104} INFO - [2021-03-17 16:32:22,743] {dagbag.py:448} INFO - Filling up the DagBag from /Users/prathyusha/Desktop/pranathi/airflow_cnn_pipeline_final/airflow_test_env/lib/python3.7/site-packages/airflow/example_dags/example_skip_dag.py
[2021-03-17 16:32:22,761] {scheduler_job.py:639} INFO - DAG(s) dict_keys(['example_skip_dag']) retrieved from /Users/prathyusha/Desktop/pranathi/airflow_cnn_pipeline_final/airflow_test_env/lib/python3.7/site-packages/airflow/example_dags/example_skip_dag.py
[2021-03-17 16:32:22,781] {logging_mixin.py:104} INFO - [2021-03-17 16:32:22,780] {dag.py:1818} INFO - Sync 1 DAGs
[2021-03-17 16:32:22,794] {logging_mixin.py:104} INFO - [2021-03-17 16:32:22,793] {dag.py:2273} INFO - Setting next_dagrun for example_skip_dag to 2021-03-15 00:00:00+00:00
[2021-03-17 16:32:22,804] {scheduler_job.py:190} INFO - Processing /Users/prathyusha/Desktop/pranathi/airflow_cnn_pipeline_final/airflow_test_env/lib/python3.7/site-packages/airflow/example_dags/example_skip_dag.py took 0.069 seconds
[2021-03-17 16:32:53,775] {scheduler_job.py:182} INFO - Started process (PID=28271) to work on /Users/prathyusha/Desktop/pranathi/airflow_cnn_pipeline_final/airflow_test_env/lib/python3.7/site-packages/airflow/example_dags/example_skip_dag.py
[2021-03-17 16:32:53,779] {scheduler_job.py:629} INFO - Processing file /Users/prathyusha/Desktop/pranathi/airflow_cnn_pipeline_final/airflow_test_env/lib/python3.7/site-packages/airflow/example_dags/example_skip_dag.py for tasks to queue
[2021-03-17 16:32:53,781] {logging_mixin.py:104} INFO - [2021-03-17 16:32:53,780] {dagbag.py:448} INFO - Filling up the DagBag from /Users/prathyusha/Desktop/pranathi/airflow_cnn_pipeline_final/airflow_test_env/lib/python3.7/site-packages/airflow/example_dags/example_skip_dag.py
[2021-03-17 16:32:53,793] {scheduler_job.py:639} INFO - DAG(s) dict_keys(['example_skip_dag']) retrieved from /Users/prathyusha/Desktop/pranathi/airflow_cnn_pipeline_final/airflow_test_env/lib/python3.7/site-packages/airflow/example_dags/example_skip_dag.py
[2021-03-17 16:32:53,808] {logging_mixin.py:104} INFO - [2021-03-17 16:32:53,807] {dag.py:1818} INFO - Sync 1 DAGs
[2021-03-17 16:32:53,818] {logging_mixin.py:104} INFO - [2021-03-17 16:32:53,818] {dag.py:2273} INFO - Setting next_dagrun for example_skip_dag to 2021-03-15 00:00:00+00:00
[2021-03-17 16:32:53,826] {scheduler_job.py:190} INFO - Processing /Users/prathyusha/Desktop/pranathi/airflow_cnn_pipeline_final/airflow_test_env/lib/python3.7/site-packages/airflow/example_dags/example_skip_dag.py took 0.054 seconds
[2021-03-17 16:33:24,603] {scheduler_job.py:182} INFO - Started process (PID=28300) to work on /Users/prathyusha/Desktop/pranathi/airflow_cnn_pipeline_final/airflow_test_env/lib/python3.7/site-packages/airflow/example_dags/example_skip_dag.py
[2021-03-17 16:33:24,604] {scheduler_job.py:629} INFO - Processing file /Users/prathyusha/Desktop/pranathi/airflow_cnn_pipeline_final/airflow_test_env/lib/python3.7/site-packages/airflow/example_dags/example_skip_dag.py for tasks to queue
[2021-03-17 16:33:24,606] {logging_mixin.py:104} INFO - [2021-03-17 16:33:24,605] {dagbag.py:448} INFO - Filling up the DagBag from /Users/prathyusha/Desktop/pranathi/airflow_cnn_pipeline_final/airflow_test_env/lib/python3.7/site-packages/airflow/example_dags/example_skip_dag.py
[2021-03-17 16:33:24,618] {scheduler_job.py:639} INFO - DAG(s) dict_keys(['example_skip_dag']) retrieved from /Users/prathyusha/Desktop/pranathi/airflow_cnn_pipeline_final/airflow_test_env/lib/python3.7/site-packages/airflow/example_dags/example_skip_dag.py
[2021-03-17 16:33:24,634] {logging_mixin.py:104} INFO - [2021-03-17 16:33:24,633] {dag.py:1818} INFO - Sync 1 DAGs
[2021-03-17 16:33:24,645] {logging_mixin.py:104} INFO - [2021-03-17 16:33:24,644] {dag.py:2273} INFO - Setting next_dagrun for example_skip_dag to 2021-03-15 00:00:00+00:00
[2021-03-17 16:33:24,653] {scheduler_job.py:190} INFO - Processing /Users/prathyusha/Desktop/pranathi/airflow_cnn_pipeline_final/airflow_test_env/lib/python3.7/site-packages/airflow/example_dags/example_skip_dag.py took 0.053 seconds
[2021-03-17 16:33:55,445] {scheduler_job.py:182} INFO - Started process (PID=28335) to work on /Users/prathyusha/Desktop/pranathi/airflow_cnn_pipeline_final/airflow_test_env/lib/python3.7/site-packages/airflow/example_dags/example_skip_dag.py
[2021-03-17 16:33:55,449] {scheduler_job.py:629} INFO - Processing file /Users/prathyusha/Desktop/pranathi/airflow_cnn_pipeline_final/airflow_test_env/lib/python3.7/site-packages/airflow/example_dags/example_skip_dag.py for tasks to queue
[2021-03-17 16:33:55,451] {logging_mixin.py:104} INFO - [2021-03-17 16:33:55,450] {dagbag.py:448} INFO - Filling up the DagBag from /Users/prathyusha/Desktop/pranathi/airflow_cnn_pipeline_final/airflow_test_env/lib/python3.7/site-packages/airflow/example_dags/example_skip_dag.py
[2021-03-17 16:33:55,465] {scheduler_job.py:639} INFO - DAG(s) dict_keys(['example_skip_dag']) retrieved from /Users/prathyusha/Desktop/pranathi/airflow_cnn_pipeline_final/airflow_test_env/lib/python3.7/site-packages/airflow/example_dags/example_skip_dag.py
[2021-03-17 16:33:55,479] {logging_mixin.py:104} INFO - [2021-03-17 16:33:55,479] {dag.py:1818} INFO - Sync 1 DAGs
[2021-03-17 16:33:55,489] {logging_mixin.py:104} INFO - [2021-03-17 16:33:55,489] {dag.py:2273} INFO - Setting next_dagrun for example_skip_dag to 2021-03-15 00:00:00+00:00
[2021-03-17 16:33:55,497] {scheduler_job.py:190} INFO - Processing /Users/prathyusha/Desktop/pranathi/airflow_cnn_pipeline_final/airflow_test_env/lib/python3.7/site-packages/airflow/example_dags/example_skip_dag.py took 0.056 seconds
[2021-03-17 16:34:26,172] {scheduler_job.py:182} INFO - Started process (PID=28364) to work on /Users/prathyusha/Desktop/pranathi/airflow_cnn_pipeline_final/airflow_test_env/lib/python3.7/site-packages/airflow/example_dags/example_skip_dag.py
[2021-03-17 16:34:26,173] {scheduler_job.py:629} INFO - Processing file /Users/prathyusha/Desktop/pranathi/airflow_cnn_pipeline_final/airflow_test_env/lib/python3.7/site-packages/airflow/example_dags/example_skip_dag.py for tasks to queue
[2021-03-17 16:34:26,174] {logging_mixin.py:104} INFO - [2021-03-17 16:34:26,174] {dagbag.py:448} INFO - Filling up the DagBag from /Users/prathyusha/Desktop/pranathi/airflow_cnn_pipeline_final/airflow_test_env/lib/python3.7/site-packages/airflow/example_dags/example_skip_dag.py
[2021-03-17 16:34:26,185] {scheduler_job.py:639} INFO - DAG(s) dict_keys(['example_skip_dag']) retrieved from /Users/prathyusha/Desktop/pranathi/airflow_cnn_pipeline_final/airflow_test_env/lib/python3.7/site-packages/airflow/example_dags/example_skip_dag.py
[2021-03-17 16:34:26,200] {logging_mixin.py:104} INFO - [2021-03-17 16:34:26,200] {dag.py:1818} INFO - Sync 1 DAGs
[2021-03-17 16:34:26,211] {logging_mixin.py:104} INFO - [2021-03-17 16:34:26,210] {dag.py:2273} INFO - Setting next_dagrun for example_skip_dag to 2021-03-15 00:00:00+00:00
[2021-03-17 16:34:26,218] {scheduler_job.py:190} INFO - Processing /Users/prathyusha/Desktop/pranathi/airflow_cnn_pipeline_final/airflow_test_env/lib/python3.7/site-packages/airflow/example_dags/example_skip_dag.py took 0.050 seconds
[2021-03-17 16:34:56,975] {scheduler_job.py:182} INFO - Started process (PID=28396) to work on /Users/prathyusha/Desktop/pranathi/airflow_cnn_pipeline_final/airflow_test_env/lib/python3.7/site-packages/airflow/example_dags/example_skip_dag.py
[2021-03-17 16:34:56,976] {scheduler_job.py:629} INFO - Processing file /Users/prathyusha/Desktop/pranathi/airflow_cnn_pipeline_final/airflow_test_env/lib/python3.7/site-packages/airflow/example_dags/example_skip_dag.py for tasks to queue
[2021-03-17 16:34:56,978] {logging_mixin.py:104} INFO - [2021-03-17 16:34:56,977] {dagbag.py:448} INFO - Filling up the DagBag from /Users/prathyusha/Desktop/pranathi/airflow_cnn_pipeline_final/airflow_test_env/lib/python3.7/site-packages/airflow/example_dags/example_skip_dag.py
[2021-03-17 16:34:56,990] {scheduler_job.py:639} INFO - DAG(s) dict_keys(['example_skip_dag']) retrieved from /Users/prathyusha/Desktop/pranathi/airflow_cnn_pipeline_final/airflow_test_env/lib/python3.7/site-packages/airflow/example_dags/example_skip_dag.py
[2021-03-17 16:34:57,004] {logging_mixin.py:104} INFO - [2021-03-17 16:34:57,004] {dag.py:1818} INFO - Sync 1 DAGs
[2021-03-17 16:34:57,015] {logging_mixin.py:104} INFO - [2021-03-17 16:34:57,014] {dag.py:2273} INFO - Setting next_dagrun for example_skip_dag to 2021-03-15 00:00:00+00:00
[2021-03-17 16:34:57,022] {scheduler_job.py:190} INFO - Processing /Users/prathyusha/Desktop/pranathi/airflow_cnn_pipeline_final/airflow_test_env/lib/python3.7/site-packages/airflow/example_dags/example_skip_dag.py took 0.051 seconds
[2021-03-17 16:35:27,708] {scheduler_job.py:182} INFO - Started process (PID=28429) to work on /Users/prathyusha/Desktop/pranathi/airflow_cnn_pipeline_final/airflow_test_env/lib/python3.7/site-packages/airflow/example_dags/example_skip_dag.py
[2021-03-17 16:35:27,710] {scheduler_job.py:629} INFO - Processing file /Users/prathyusha/Desktop/pranathi/airflow_cnn_pipeline_final/airflow_test_env/lib/python3.7/site-packages/airflow/example_dags/example_skip_dag.py for tasks to queue
[2021-03-17 16:35:27,712] {logging_mixin.py:104} INFO - [2021-03-17 16:35:27,712] {dagbag.py:448} INFO - Filling up the DagBag from /Users/prathyusha/Desktop/pranathi/airflow_cnn_pipeline_final/airflow_test_env/lib/python3.7/site-packages/airflow/example_dags/example_skip_dag.py
[2021-03-17 16:35:27,725] {scheduler_job.py:639} INFO - DAG(s) dict_keys(['example_skip_dag']) retrieved from /Users/prathyusha/Desktop/pranathi/airflow_cnn_pipeline_final/airflow_test_env/lib/python3.7/site-packages/airflow/example_dags/example_skip_dag.py
[2021-03-17 16:35:27,739] {logging_mixin.py:104} INFO - [2021-03-17 16:35:27,739] {dag.py:1818} INFO - Sync 1 DAGs
[2021-03-17 16:35:27,751] {logging_mixin.py:104} INFO - [2021-03-17 16:35:27,750] {dag.py:2273} INFO - Setting next_dagrun for example_skip_dag to 2021-03-15 00:00:00+00:00
[2021-03-17 16:35:27,758] {scheduler_job.py:190} INFO - Processing /Users/prathyusha/Desktop/pranathi/airflow_cnn_pipeline_final/airflow_test_env/lib/python3.7/site-packages/airflow/example_dags/example_skip_dag.py took 0.054 seconds
[2021-03-17 16:35:58,548] {scheduler_job.py:182} INFO - Started process (PID=28471) to work on /Users/prathyusha/Desktop/pranathi/airflow_cnn_pipeline_final/airflow_test_env/lib/python3.7/site-packages/airflow/example_dags/example_skip_dag.py
[2021-03-17 16:35:58,552] {scheduler_job.py:629} INFO - Processing file /Users/prathyusha/Desktop/pranathi/airflow_cnn_pipeline_final/airflow_test_env/lib/python3.7/site-packages/airflow/example_dags/example_skip_dag.py for tasks to queue
[2021-03-17 16:35:58,553] {logging_mixin.py:104} INFO - [2021-03-17 16:35:58,553] {dagbag.py:448} INFO - Filling up the DagBag from /Users/prathyusha/Desktop/pranathi/airflow_cnn_pipeline_final/airflow_test_env/lib/python3.7/site-packages/airflow/example_dags/example_skip_dag.py
[2021-03-17 16:35:58,565] {scheduler_job.py:639} INFO - DAG(s) dict_keys(['example_skip_dag']) retrieved from /Users/prathyusha/Desktop/pranathi/airflow_cnn_pipeline_final/airflow_test_env/lib/python3.7/site-packages/airflow/example_dags/example_skip_dag.py
[2021-03-17 16:35:58,580] {logging_mixin.py:104} INFO - [2021-03-17 16:35:58,580] {dag.py:1818} INFO - Sync 1 DAGs
[2021-03-17 16:35:58,591] {logging_mixin.py:104} INFO - [2021-03-17 16:35:58,590] {dag.py:2273} INFO - Setting next_dagrun for example_skip_dag to 2021-03-15 00:00:00+00:00
[2021-03-17 16:35:58,598] {scheduler_job.py:190} INFO - Processing /Users/prathyusha/Desktop/pranathi/airflow_cnn_pipeline_final/airflow_test_env/lib/python3.7/site-packages/airflow/example_dags/example_skip_dag.py took 0.054 seconds
[2021-03-17 16:36:29,347] {scheduler_job.py:182} INFO - Started process (PID=28506) to work on /Users/prathyusha/Desktop/pranathi/airflow_cnn_pipeline_final/airflow_test_env/lib/python3.7/site-packages/airflow/example_dags/example_skip_dag.py
[2021-03-17 16:36:29,351] {scheduler_job.py:629} INFO - Processing file /Users/prathyusha/Desktop/pranathi/airflow_cnn_pipeline_final/airflow_test_env/lib/python3.7/site-packages/airflow/example_dags/example_skip_dag.py for tasks to queue
[2021-03-17 16:36:29,352] {logging_mixin.py:104} INFO - [2021-03-17 16:36:29,352] {dagbag.py:448} INFO - Filling up the DagBag from /Users/prathyusha/Desktop/pranathi/airflow_cnn_pipeline_final/airflow_test_env/lib/python3.7/site-packages/airflow/example_dags/example_skip_dag.py
[2021-03-17 16:36:29,366] {scheduler_job.py:639} INFO - DAG(s) dict_keys(['example_skip_dag']) retrieved from /Users/prathyusha/Desktop/pranathi/airflow_cnn_pipeline_final/airflow_test_env/lib/python3.7/site-packages/airflow/example_dags/example_skip_dag.py
[2021-03-17 16:36:29,381] {logging_mixin.py:104} INFO - [2021-03-17 16:36:29,381] {dag.py:1818} INFO - Sync 1 DAGs
[2021-03-17 16:36:29,393] {logging_mixin.py:104} INFO - [2021-03-17 16:36:29,393] {dag.py:2273} INFO - Setting next_dagrun for example_skip_dag to 2021-03-15 00:00:00+00:00
[2021-03-17 16:36:29,403] {scheduler_job.py:190} INFO - Processing /Users/prathyusha/Desktop/pranathi/airflow_cnn_pipeline_final/airflow_test_env/lib/python3.7/site-packages/airflow/example_dags/example_skip_dag.py took 0.060 seconds
[2021-03-17 16:37:00,182] {scheduler_job.py:182} INFO - Started process (PID=28535) to work on /Users/prathyusha/Desktop/pranathi/airflow_cnn_pipeline_final/airflow_test_env/lib/python3.7/site-packages/airflow/example_dags/example_skip_dag.py
[2021-03-17 16:37:00,184] {scheduler_job.py:629} INFO - Processing file /Users/prathyusha/Desktop/pranathi/airflow_cnn_pipeline_final/airflow_test_env/lib/python3.7/site-packages/airflow/example_dags/example_skip_dag.py for tasks to queue
[2021-03-17 16:37:00,185] {logging_mixin.py:104} INFO - [2021-03-17 16:37:00,185] {dagbag.py:448} INFO - Filling up the DagBag from /Users/prathyusha/Desktop/pranathi/airflow_cnn_pipeline_final/airflow_test_env/lib/python3.7/site-packages/airflow/example_dags/example_skip_dag.py
[2021-03-17 16:37:00,196] {scheduler_job.py:639} INFO - DAG(s) dict_keys(['example_skip_dag']) retrieved from /Users/prathyusha/Desktop/pranathi/airflow_cnn_pipeline_final/airflow_test_env/lib/python3.7/site-packages/airflow/example_dags/example_skip_dag.py
[2021-03-17 16:37:00,211] {logging_mixin.py:104} INFO - [2021-03-17 16:37:00,211] {dag.py:1818} INFO - Sync 1 DAGs
[2021-03-17 16:37:00,223] {logging_mixin.py:104} INFO - [2021-03-17 16:37:00,222] {dag.py:2273} INFO - Setting next_dagrun for example_skip_dag to 2021-03-15 00:00:00+00:00
[2021-03-17 16:37:00,230] {scheduler_job.py:190} INFO - Processing /Users/prathyusha/Desktop/pranathi/airflow_cnn_pipeline_final/airflow_test_env/lib/python3.7/site-packages/airflow/example_dags/example_skip_dag.py took 0.051 seconds
[2021-03-17 16:37:31,029] {scheduler_job.py:182} INFO - Started process (PID=28566) to work on /Users/prathyusha/Desktop/pranathi/airflow_cnn_pipeline_final/airflow_test_env/lib/python3.7/site-packages/airflow/example_dags/example_skip_dag.py
[2021-03-17 16:37:31,030] {scheduler_job.py:629} INFO - Processing file /Users/prathyusha/Desktop/pranathi/airflow_cnn_pipeline_final/airflow_test_env/lib/python3.7/site-packages/airflow/example_dags/example_skip_dag.py for tasks to queue
[2021-03-17 16:37:31,032] {logging_mixin.py:104} INFO - [2021-03-17 16:37:31,031] {dagbag.py:448} INFO - Filling up the DagBag from /Users/prathyusha/Desktop/pranathi/airflow_cnn_pipeline_final/airflow_test_env/lib/python3.7/site-packages/airflow/example_dags/example_skip_dag.py
[2021-03-17 16:37:31,043] {scheduler_job.py:639} INFO - DAG(s) dict_keys(['example_skip_dag']) retrieved from /Users/prathyusha/Desktop/pranathi/airflow_cnn_pipeline_final/airflow_test_env/lib/python3.7/site-packages/airflow/example_dags/example_skip_dag.py
[2021-03-17 16:37:31,058] {logging_mixin.py:104} INFO - [2021-03-17 16:37:31,057] {dag.py:1818} INFO - Sync 1 DAGs
[2021-03-17 16:37:31,069] {logging_mixin.py:104} INFO - [2021-03-17 16:37:31,068] {dag.py:2273} INFO - Setting next_dagrun for example_skip_dag to 2021-03-15 00:00:00+00:00
[2021-03-17 16:37:31,076] {scheduler_job.py:190} INFO - Processing /Users/prathyusha/Desktop/pranathi/airflow_cnn_pipeline_final/airflow_test_env/lib/python3.7/site-packages/airflow/example_dags/example_skip_dag.py took 0.051 seconds
[2021-03-17 16:38:01,769] {scheduler_job.py:182} INFO - Started process (PID=28598) to work on /Users/prathyusha/Desktop/pranathi/airflow_cnn_pipeline_final/airflow_test_env/lib/python3.7/site-packages/airflow/example_dags/example_skip_dag.py
[2021-03-17 16:38:01,771] {scheduler_job.py:629} INFO - Processing file /Users/prathyusha/Desktop/pranathi/airflow_cnn_pipeline_final/airflow_test_env/lib/python3.7/site-packages/airflow/example_dags/example_skip_dag.py for tasks to queue
[2021-03-17 16:38:01,772] {logging_mixin.py:104} INFO - [2021-03-17 16:38:01,772] {dagbag.py:448} INFO - Filling up the DagBag from /Users/prathyusha/Desktop/pranathi/airflow_cnn_pipeline_final/airflow_test_env/lib/python3.7/site-packages/airflow/example_dags/example_skip_dag.py
[2021-03-17 16:38:01,784] {scheduler_job.py:639} INFO - DAG(s) dict_keys(['example_skip_dag']) retrieved from /Users/prathyusha/Desktop/pranathi/airflow_cnn_pipeline_final/airflow_test_env/lib/python3.7/site-packages/airflow/example_dags/example_skip_dag.py
[2021-03-17 16:38:01,798] {logging_mixin.py:104} INFO - [2021-03-17 16:38:01,798] {dag.py:1818} INFO - Sync 1 DAGs
[2021-03-17 16:38:01,809] {logging_mixin.py:104} INFO - [2021-03-17 16:38:01,808] {dag.py:2273} INFO - Setting next_dagrun for example_skip_dag to 2021-03-15 00:00:00+00:00
[2021-03-17 16:38:01,816] {scheduler_job.py:190} INFO - Processing /Users/prathyusha/Desktop/pranathi/airflow_cnn_pipeline_final/airflow_test_env/lib/python3.7/site-packages/airflow/example_dags/example_skip_dag.py took 0.051 seconds
[2021-03-17 16:38:32,607] {scheduler_job.py:182} INFO - Started process (PID=28629) to work on /Users/prathyusha/Desktop/pranathi/airflow_cnn_pipeline_final/airflow_test_env/lib/python3.7/site-packages/airflow/example_dags/example_skip_dag.py
[2021-03-17 16:38:32,609] {scheduler_job.py:629} INFO - Processing file /Users/prathyusha/Desktop/pranathi/airflow_cnn_pipeline_final/airflow_test_env/lib/python3.7/site-packages/airflow/example_dags/example_skip_dag.py for tasks to queue
[2021-03-17 16:38:32,611] {logging_mixin.py:104} INFO - [2021-03-17 16:38:32,610] {dagbag.py:448} INFO - Filling up the DagBag from /Users/prathyusha/Desktop/pranathi/airflow_cnn_pipeline_final/airflow_test_env/lib/python3.7/site-packages/airflow/example_dags/example_skip_dag.py
[2021-03-17 16:38:32,624] {scheduler_job.py:639} INFO - DAG(s) dict_keys(['example_skip_dag']) retrieved from /Users/prathyusha/Desktop/pranathi/airflow_cnn_pipeline_final/airflow_test_env/lib/python3.7/site-packages/airflow/example_dags/example_skip_dag.py
[2021-03-17 16:38:32,640] {logging_mixin.py:104} INFO - [2021-03-17 16:38:32,640] {dag.py:1818} INFO - Sync 1 DAGs
[2021-03-17 16:38:32,653] {logging_mixin.py:104} INFO - [2021-03-17 16:38:32,652] {dag.py:2273} INFO - Setting next_dagrun for example_skip_dag to 2021-03-15 00:00:00+00:00
[2021-03-17 16:38:32,661] {scheduler_job.py:190} INFO - Processing /Users/prathyusha/Desktop/pranathi/airflow_cnn_pipeline_final/airflow_test_env/lib/python3.7/site-packages/airflow/example_dags/example_skip_dag.py took 0.059 seconds
[2021-03-17 16:39:03,441] {scheduler_job.py:182} INFO - Started process (PID=28696) to work on /Users/prathyusha/Desktop/pranathi/airflow_cnn_pipeline_final/airflow_test_env/lib/python3.7/site-packages/airflow/example_dags/example_skip_dag.py
[2021-03-17 16:39:03,443] {scheduler_job.py:629} INFO - Processing file /Users/prathyusha/Desktop/pranathi/airflow_cnn_pipeline_final/airflow_test_env/lib/python3.7/site-packages/airflow/example_dags/example_skip_dag.py for tasks to queue
[2021-03-17 16:39:03,444] {logging_mixin.py:104} INFO - [2021-03-17 16:39:03,443] {dagbag.py:448} INFO - Filling up the DagBag from /Users/prathyusha/Desktop/pranathi/airflow_cnn_pipeline_final/airflow_test_env/lib/python3.7/site-packages/airflow/example_dags/example_skip_dag.py
[2021-03-17 16:39:03,456] {scheduler_job.py:639} INFO - DAG(s) dict_keys(['example_skip_dag']) retrieved from /Users/prathyusha/Desktop/pranathi/airflow_cnn_pipeline_final/airflow_test_env/lib/python3.7/site-packages/airflow/example_dags/example_skip_dag.py
[2021-03-17 16:39:03,473] {logging_mixin.py:104} INFO - [2021-03-17 16:39:03,472] {dag.py:1818} INFO - Sync 1 DAGs
[2021-03-17 16:39:03,484] {logging_mixin.py:104} INFO - [2021-03-17 16:39:03,484] {dag.py:2273} INFO - Setting next_dagrun for example_skip_dag to 2021-03-15 00:00:00+00:00
[2021-03-17 16:39:03,492] {scheduler_job.py:190} INFO - Processing /Users/prathyusha/Desktop/pranathi/airflow_cnn_pipeline_final/airflow_test_env/lib/python3.7/site-packages/airflow/example_dags/example_skip_dag.py took 0.055 seconds
[2021-03-17 16:39:34,052] {scheduler_job.py:182} INFO - Started process (PID=28743) to work on /Users/prathyusha/Desktop/pranathi/airflow_cnn_pipeline_final/airflow_test_env/lib/python3.7/site-packages/airflow/example_dags/example_skip_dag.py
[2021-03-17 16:39:34,054] {scheduler_job.py:629} INFO - Processing file /Users/prathyusha/Desktop/pranathi/airflow_cnn_pipeline_final/airflow_test_env/lib/python3.7/site-packages/airflow/example_dags/example_skip_dag.py for tasks to queue
[2021-03-17 16:39:34,055] {logging_mixin.py:104} INFO - [2021-03-17 16:39:34,055] {dagbag.py:448} INFO - Filling up the DagBag from /Users/prathyusha/Desktop/pranathi/airflow_cnn_pipeline_final/airflow_test_env/lib/python3.7/site-packages/airflow/example_dags/example_skip_dag.py
[2021-03-17 16:39:34,067] {scheduler_job.py:639} INFO - DAG(s) dict_keys(['example_skip_dag']) retrieved from /Users/prathyusha/Desktop/pranathi/airflow_cnn_pipeline_final/airflow_test_env/lib/python3.7/site-packages/airflow/example_dags/example_skip_dag.py
[2021-03-17 16:39:34,081] {logging_mixin.py:104} INFO - [2021-03-17 16:39:34,081] {dag.py:1818} INFO - Sync 1 DAGs
[2021-03-17 16:39:34,091] {logging_mixin.py:104} INFO - [2021-03-17 16:39:34,091] {dag.py:2273} INFO - Setting next_dagrun for example_skip_dag to 2021-03-15 00:00:00+00:00
[2021-03-17 16:39:34,098] {scheduler_job.py:190} INFO - Processing /Users/prathyusha/Desktop/pranathi/airflow_cnn_pipeline_final/airflow_test_env/lib/python3.7/site-packages/airflow/example_dags/example_skip_dag.py took 0.050 seconds
[2021-03-17 16:40:04,779] {scheduler_job.py:182} INFO - Started process (PID=28788) to work on /Users/prathyusha/Desktop/pranathi/airflow_cnn_pipeline_final/airflow_test_env/lib/python3.7/site-packages/airflow/example_dags/example_skip_dag.py
[2021-03-17 16:40:04,782] {scheduler_job.py:629} INFO - Processing file /Users/prathyusha/Desktop/pranathi/airflow_cnn_pipeline_final/airflow_test_env/lib/python3.7/site-packages/airflow/example_dags/example_skip_dag.py for tasks to queue
[2021-03-17 16:40:04,783] {logging_mixin.py:104} INFO - [2021-03-17 16:40:04,783] {dagbag.py:448} INFO - Filling up the DagBag from /Users/prathyusha/Desktop/pranathi/airflow_cnn_pipeline_final/airflow_test_env/lib/python3.7/site-packages/airflow/example_dags/example_skip_dag.py
[2021-03-17 16:40:04,796] {scheduler_job.py:639} INFO - DAG(s) dict_keys(['example_skip_dag']) retrieved from /Users/prathyusha/Desktop/pranathi/airflow_cnn_pipeline_final/airflow_test_env/lib/python3.7/site-packages/airflow/example_dags/example_skip_dag.py
[2021-03-17 16:40:04,812] {logging_mixin.py:104} INFO - [2021-03-17 16:40:04,812] {dag.py:1818} INFO - Sync 1 DAGs
[2021-03-17 16:40:04,826] {logging_mixin.py:104} INFO - [2021-03-17 16:40:04,826] {dag.py:2273} INFO - Setting next_dagrun for example_skip_dag to 2021-03-15 00:00:00+00:00
[2021-03-17 16:40:04,835] {scheduler_job.py:190} INFO - Processing /Users/prathyusha/Desktop/pranathi/airflow_cnn_pipeline_final/airflow_test_env/lib/python3.7/site-packages/airflow/example_dags/example_skip_dag.py took 0.061 seconds
[2021-03-17 16:40:35,613] {scheduler_job.py:182} INFO - Started process (PID=28824) to work on /Users/prathyusha/Desktop/pranathi/airflow_cnn_pipeline_final/airflow_test_env/lib/python3.7/site-packages/airflow/example_dags/example_skip_dag.py
[2021-03-17 16:40:35,617] {scheduler_job.py:629} INFO - Processing file /Users/prathyusha/Desktop/pranathi/airflow_cnn_pipeline_final/airflow_test_env/lib/python3.7/site-packages/airflow/example_dags/example_skip_dag.py for tasks to queue
[2021-03-17 16:40:35,618] {logging_mixin.py:104} INFO - [2021-03-17 16:40:35,618] {dagbag.py:448} INFO - Filling up the DagBag from /Users/prathyusha/Desktop/pranathi/airflow_cnn_pipeline_final/airflow_test_env/lib/python3.7/site-packages/airflow/example_dags/example_skip_dag.py
[2021-03-17 16:40:35,637] {scheduler_job.py:639} INFO - DAG(s) dict_keys(['example_skip_dag']) retrieved from /Users/prathyusha/Desktop/pranathi/airflow_cnn_pipeline_final/airflow_test_env/lib/python3.7/site-packages/airflow/example_dags/example_skip_dag.py
[2021-03-17 16:40:35,654] {logging_mixin.py:104} INFO - [2021-03-17 16:40:35,654] {dag.py:1818} INFO - Sync 1 DAGs
[2021-03-17 16:40:35,668] {logging_mixin.py:104} INFO - [2021-03-17 16:40:35,668] {dag.py:2273} INFO - Setting next_dagrun for example_skip_dag to 2021-03-15 00:00:00+00:00
[2021-03-17 16:40:35,677] {scheduler_job.py:190} INFO - Processing /Users/prathyusha/Desktop/pranathi/airflow_cnn_pipeline_final/airflow_test_env/lib/python3.7/site-packages/airflow/example_dags/example_skip_dag.py took 0.069 seconds
[2021-03-17 16:41:06,675] {scheduler_job.py:182} INFO - Started process (PID=28858) to work on /Users/prathyusha/Desktop/pranathi/airflow_cnn_pipeline_final/airflow_test_env/lib/python3.7/site-packages/airflow/example_dags/example_skip_dag.py
[2021-03-17 16:41:06,679] {scheduler_job.py:629} INFO - Processing file /Users/prathyusha/Desktop/pranathi/airflow_cnn_pipeline_final/airflow_test_env/lib/python3.7/site-packages/airflow/example_dags/example_skip_dag.py for tasks to queue
[2021-03-17 16:41:06,681] {logging_mixin.py:104} INFO - [2021-03-17 16:41:06,681] {dagbag.py:448} INFO - Filling up the DagBag from /Users/prathyusha/Desktop/pranathi/airflow_cnn_pipeline_final/airflow_test_env/lib/python3.7/site-packages/airflow/example_dags/example_skip_dag.py
[2021-03-17 16:41:06,694] {scheduler_job.py:639} INFO - DAG(s) dict_keys(['example_skip_dag']) retrieved from /Users/prathyusha/Desktop/pranathi/airflow_cnn_pipeline_final/airflow_test_env/lib/python3.7/site-packages/airflow/example_dags/example_skip_dag.py
[2021-03-17 16:41:06,710] {logging_mixin.py:104} INFO - [2021-03-17 16:41:06,709] {dag.py:1818} INFO - Sync 1 DAGs
[2021-03-17 16:41:06,721] {logging_mixin.py:104} INFO - [2021-03-17 16:41:06,720] {dag.py:2273} INFO - Setting next_dagrun for example_skip_dag to 2021-03-15 00:00:00+00:00
[2021-03-17 16:41:06,728] {scheduler_job.py:190} INFO - Processing /Users/prathyusha/Desktop/pranathi/airflow_cnn_pipeline_final/airflow_test_env/lib/python3.7/site-packages/airflow/example_dags/example_skip_dag.py took 0.056 seconds
[2021-03-17 16:41:37,515] {scheduler_job.py:182} INFO - Started process (PID=28888) to work on /Users/prathyusha/Desktop/pranathi/airflow_cnn_pipeline_final/airflow_test_env/lib/python3.7/site-packages/airflow/example_dags/example_skip_dag.py
[2021-03-17 16:41:37,518] {scheduler_job.py:629} INFO - Processing file /Users/prathyusha/Desktop/pranathi/airflow_cnn_pipeline_final/airflow_test_env/lib/python3.7/site-packages/airflow/example_dags/example_skip_dag.py for tasks to queue
[2021-03-17 16:41:37,519] {logging_mixin.py:104} INFO - [2021-03-17 16:41:37,519] {dagbag.py:448} INFO - Filling up the DagBag from /Users/prathyusha/Desktop/pranathi/airflow_cnn_pipeline_final/airflow_test_env/lib/python3.7/site-packages/airflow/example_dags/example_skip_dag.py
[2021-03-17 16:41:37,533] {scheduler_job.py:639} INFO - DAG(s) dict_keys(['example_skip_dag']) retrieved from /Users/prathyusha/Desktop/pranathi/airflow_cnn_pipeline_final/airflow_test_env/lib/python3.7/site-packages/airflow/example_dags/example_skip_dag.py
[2021-03-17 16:41:37,548] {logging_mixin.py:104} INFO - [2021-03-17 16:41:37,548] {dag.py:1818} INFO - Sync 1 DAGs
[2021-03-17 16:41:37,561] {logging_mixin.py:104} INFO - [2021-03-17 16:41:37,560] {dag.py:2273} INFO - Setting next_dagrun for example_skip_dag to 2021-03-15 00:00:00+00:00
[2021-03-17 16:41:37,568] {scheduler_job.py:190} INFO - Processing /Users/prathyusha/Desktop/pranathi/airflow_cnn_pipeline_final/airflow_test_env/lib/python3.7/site-packages/airflow/example_dags/example_skip_dag.py took 0.058 seconds
[2021-03-17 16:42:08,434] {scheduler_job.py:182} INFO - Started process (PID=28929) to work on /Users/prathyusha/Desktop/pranathi/airflow_cnn_pipeline_final/airflow_test_env/lib/python3.7/site-packages/airflow/example_dags/example_skip_dag.py
[2021-03-17 16:42:08,438] {scheduler_job.py:629} INFO - Processing file /Users/prathyusha/Desktop/pranathi/airflow_cnn_pipeline_final/airflow_test_env/lib/python3.7/site-packages/airflow/example_dags/example_skip_dag.py for tasks to queue
[2021-03-17 16:42:08,440] {logging_mixin.py:104} INFO - [2021-03-17 16:42:08,439] {dagbag.py:448} INFO - Filling up the DagBag from /Users/prathyusha/Desktop/pranathi/airflow_cnn_pipeline_final/airflow_test_env/lib/python3.7/site-packages/airflow/example_dags/example_skip_dag.py
[2021-03-17 16:42:08,455] {scheduler_job.py:639} INFO - DAG(s) dict_keys(['example_skip_dag']) retrieved from /Users/prathyusha/Desktop/pranathi/airflow_cnn_pipeline_final/airflow_test_env/lib/python3.7/site-packages/airflow/example_dags/example_skip_dag.py
[2021-03-17 16:42:08,474] {logging_mixin.py:104} INFO - [2021-03-17 16:42:08,473] {dag.py:1818} INFO - Sync 1 DAGs
[2021-03-17 16:42:08,489] {logging_mixin.py:104} INFO - [2021-03-17 16:42:08,488] {dag.py:2273} INFO - Setting next_dagrun for example_skip_dag to 2021-03-15 00:00:00+00:00
[2021-03-17 16:42:08,500] {scheduler_job.py:190} INFO - Processing /Users/prathyusha/Desktop/pranathi/airflow_cnn_pipeline_final/airflow_test_env/lib/python3.7/site-packages/airflow/example_dags/example_skip_dag.py took 0.069 seconds
[2021-03-17 16:42:38,947] {scheduler_job.py:182} INFO - Started process (PID=28960) to work on /Users/prathyusha/Desktop/pranathi/airflow_cnn_pipeline_final/airflow_test_env/lib/python3.7/site-packages/airflow/example_dags/example_skip_dag.py
[2021-03-17 16:42:38,949] {scheduler_job.py:629} INFO - Processing file /Users/prathyusha/Desktop/pranathi/airflow_cnn_pipeline_final/airflow_test_env/lib/python3.7/site-packages/airflow/example_dags/example_skip_dag.py for tasks to queue
[2021-03-17 16:42:38,951] {logging_mixin.py:104} INFO - [2021-03-17 16:42:38,951] {dagbag.py:448} INFO - Filling up the DagBag from /Users/prathyusha/Desktop/pranathi/airflow_cnn_pipeline_final/airflow_test_env/lib/python3.7/site-packages/airflow/example_dags/example_skip_dag.py
[2021-03-17 16:42:38,967] {scheduler_job.py:639} INFO - DAG(s) dict_keys(['example_skip_dag']) retrieved from /Users/prathyusha/Desktop/pranathi/airflow_cnn_pipeline_final/airflow_test_env/lib/python3.7/site-packages/airflow/example_dags/example_skip_dag.py
[2021-03-17 16:42:38,984] {logging_mixin.py:104} INFO - [2021-03-17 16:42:38,984] {dag.py:1818} INFO - Sync 1 DAGs
[2021-03-17 16:42:38,996] {logging_mixin.py:104} INFO - [2021-03-17 16:42:38,995] {dag.py:2273} INFO - Setting next_dagrun for example_skip_dag to 2021-03-15 00:00:00+00:00
[2021-03-17 16:42:39,003] {scheduler_job.py:190} INFO - Processing /Users/prathyusha/Desktop/pranathi/airflow_cnn_pipeline_final/airflow_test_env/lib/python3.7/site-packages/airflow/example_dags/example_skip_dag.py took 0.060 seconds
[2021-03-17 16:43:09,442] {scheduler_job.py:182} INFO - Started process (PID=28989) to work on /Users/prathyusha/Desktop/pranathi/airflow_cnn_pipeline_final/airflow_test_env/lib/python3.7/site-packages/airflow/example_dags/example_skip_dag.py
[2021-03-17 16:43:09,445] {scheduler_job.py:629} INFO - Processing file /Users/prathyusha/Desktop/pranathi/airflow_cnn_pipeline_final/airflow_test_env/lib/python3.7/site-packages/airflow/example_dags/example_skip_dag.py for tasks to queue
[2021-03-17 16:43:09,446] {logging_mixin.py:104} INFO - [2021-03-17 16:43:09,446] {dagbag.py:448} INFO - Filling up the DagBag from /Users/prathyusha/Desktop/pranathi/airflow_cnn_pipeline_final/airflow_test_env/lib/python3.7/site-packages/airflow/example_dags/example_skip_dag.py
[2021-03-17 16:43:09,457] {scheduler_job.py:639} INFO - DAG(s) dict_keys(['example_skip_dag']) retrieved from /Users/prathyusha/Desktop/pranathi/airflow_cnn_pipeline_final/airflow_test_env/lib/python3.7/site-packages/airflow/example_dags/example_skip_dag.py
[2021-03-17 16:43:09,473] {logging_mixin.py:104} INFO - [2021-03-17 16:43:09,472] {dag.py:1818} INFO - Sync 1 DAGs
[2021-03-17 16:43:09,492] {logging_mixin.py:104} INFO - [2021-03-17 16:43:09,491] {dag.py:2273} INFO - Setting next_dagrun for example_skip_dag to 2021-03-15 00:00:00+00:00
[2021-03-17 16:43:09,501] {scheduler_job.py:190} INFO - Processing /Users/prathyusha/Desktop/pranathi/airflow_cnn_pipeline_final/airflow_test_env/lib/python3.7/site-packages/airflow/example_dags/example_skip_dag.py took 0.062 seconds
[2021-03-17 16:43:40,152] {scheduler_job.py:182} INFO - Started process (PID=29024) to work on /Users/prathyusha/Desktop/pranathi/airflow_cnn_pipeline_final/airflow_test_env/lib/python3.7/site-packages/airflow/example_dags/example_skip_dag.py
[2021-03-17 16:43:40,155] {scheduler_job.py:629} INFO - Processing file /Users/prathyusha/Desktop/pranathi/airflow_cnn_pipeline_final/airflow_test_env/lib/python3.7/site-packages/airflow/example_dags/example_skip_dag.py for tasks to queue
[2021-03-17 16:43:40,157] {logging_mixin.py:104} INFO - [2021-03-17 16:43:40,156] {dagbag.py:448} INFO - Filling up the DagBag from /Users/prathyusha/Desktop/pranathi/airflow_cnn_pipeline_final/airflow_test_env/lib/python3.7/site-packages/airflow/example_dags/example_skip_dag.py
[2021-03-17 16:43:40,170] {scheduler_job.py:639} INFO - DAG(s) dict_keys(['example_skip_dag']) retrieved from /Users/prathyusha/Desktop/pranathi/airflow_cnn_pipeline_final/airflow_test_env/lib/python3.7/site-packages/airflow/example_dags/example_skip_dag.py
[2021-03-17 16:43:40,189] {logging_mixin.py:104} INFO - [2021-03-17 16:43:40,189] {dag.py:1818} INFO - Sync 1 DAGs
[2021-03-17 16:43:40,205] {logging_mixin.py:104} INFO - [2021-03-17 16:43:40,204] {dag.py:2273} INFO - Setting next_dagrun for example_skip_dag to 2021-03-15 00:00:00+00:00
[2021-03-17 16:43:40,214] {scheduler_job.py:190} INFO - Processing /Users/prathyusha/Desktop/pranathi/airflow_cnn_pipeline_final/airflow_test_env/lib/python3.7/site-packages/airflow/example_dags/example_skip_dag.py took 0.066 seconds
[2021-03-17 16:44:10,551] {scheduler_job.py:182} INFO - Started process (PID=29055) to work on /Users/prathyusha/Desktop/pranathi/airflow_cnn_pipeline_final/airflow_test_env/lib/python3.7/site-packages/airflow/example_dags/example_skip_dag.py
[2021-03-17 16:44:10,553] {scheduler_job.py:629} INFO - Processing file /Users/prathyusha/Desktop/pranathi/airflow_cnn_pipeline_final/airflow_test_env/lib/python3.7/site-packages/airflow/example_dags/example_skip_dag.py for tasks to queue
[2021-03-17 16:44:10,554] {logging_mixin.py:104} INFO - [2021-03-17 16:44:10,554] {dagbag.py:448} INFO - Filling up the DagBag from /Users/prathyusha/Desktop/pranathi/airflow_cnn_pipeline_final/airflow_test_env/lib/python3.7/site-packages/airflow/example_dags/example_skip_dag.py
[2021-03-17 16:44:10,568] {scheduler_job.py:639} INFO - DAG(s) dict_keys(['example_skip_dag']) retrieved from /Users/prathyusha/Desktop/pranathi/airflow_cnn_pipeline_final/airflow_test_env/lib/python3.7/site-packages/airflow/example_dags/example_skip_dag.py
[2021-03-17 16:44:10,583] {logging_mixin.py:104} INFO - [2021-03-17 16:44:10,583] {dag.py:1818} INFO - Sync 1 DAGs
[2021-03-17 16:44:10,594] {logging_mixin.py:104} INFO - [2021-03-17 16:44:10,593] {dag.py:2273} INFO - Setting next_dagrun for example_skip_dag to 2021-03-15 00:00:00+00:00
[2021-03-17 16:44:10,602] {scheduler_job.py:190} INFO - Processing /Users/prathyusha/Desktop/pranathi/airflow_cnn_pipeline_final/airflow_test_env/lib/python3.7/site-packages/airflow/example_dags/example_skip_dag.py took 0.056 seconds
[2021-03-17 16:44:42,340] {scheduler_job.py:182} INFO - Started process (PID=29087) to work on /Users/prathyusha/Desktop/pranathi/airflow_cnn_pipeline_final/airflow_test_env/lib/python3.7/site-packages/airflow/example_dags/example_skip_dag.py
[2021-03-17 16:44:42,342] {scheduler_job.py:629} INFO - Processing file /Users/prathyusha/Desktop/pranathi/airflow_cnn_pipeline_final/airflow_test_env/lib/python3.7/site-packages/airflow/example_dags/example_skip_dag.py for tasks to queue
[2021-03-17 16:44:42,344] {logging_mixin.py:104} INFO - [2021-03-17 16:44:42,343] {dagbag.py:448} INFO - Filling up the DagBag from /Users/prathyusha/Desktop/pranathi/airflow_cnn_pipeline_final/airflow_test_env/lib/python3.7/site-packages/airflow/example_dags/example_skip_dag.py
[2021-03-17 16:44:42,356] {scheduler_job.py:639} INFO - DAG(s) dict_keys(['example_skip_dag']) retrieved from /Users/prathyusha/Desktop/pranathi/airflow_cnn_pipeline_final/airflow_test_env/lib/python3.7/site-packages/airflow/example_dags/example_skip_dag.py
[2021-03-17 16:44:42,370] {logging_mixin.py:104} INFO - [2021-03-17 16:44:42,370] {dag.py:1818} INFO - Sync 1 DAGs
[2021-03-17 16:44:42,387] {logging_mixin.py:104} INFO - [2021-03-17 16:44:42,386] {dag.py:2273} INFO - Setting next_dagrun for example_skip_dag to 2021-03-15 00:00:00+00:00
[2021-03-17 16:44:42,398] {scheduler_job.py:190} INFO - Processing /Users/prathyusha/Desktop/pranathi/airflow_cnn_pipeline_final/airflow_test_env/lib/python3.7/site-packages/airflow/example_dags/example_skip_dag.py took 0.062 seconds
[2021-03-17 16:45:13,118] {scheduler_job.py:182} INFO - Started process (PID=29129) to work on /Users/prathyusha/Desktop/pranathi/airflow_cnn_pipeline_final/airflow_test_env/lib/python3.7/site-packages/airflow/example_dags/example_skip_dag.py
[2021-03-17 16:45:13,122] {scheduler_job.py:629} INFO - Processing file /Users/prathyusha/Desktop/pranathi/airflow_cnn_pipeline_final/airflow_test_env/lib/python3.7/site-packages/airflow/example_dags/example_skip_dag.py for tasks to queue
[2021-03-17 16:45:13,124] {logging_mixin.py:104} INFO - [2021-03-17 16:45:13,123] {dagbag.py:448} INFO - Filling up the DagBag from /Users/prathyusha/Desktop/pranathi/airflow_cnn_pipeline_final/airflow_test_env/lib/python3.7/site-packages/airflow/example_dags/example_skip_dag.py
[2021-03-17 16:45:13,144] {scheduler_job.py:639} INFO - DAG(s) dict_keys(['example_skip_dag']) retrieved from /Users/prathyusha/Desktop/pranathi/airflow_cnn_pipeline_final/airflow_test_env/lib/python3.7/site-packages/airflow/example_dags/example_skip_dag.py
[2021-03-17 16:45:13,164] {logging_mixin.py:104} INFO - [2021-03-17 16:45:13,164] {dag.py:1818} INFO - Sync 1 DAGs
[2021-03-17 16:45:13,176] {logging_mixin.py:104} INFO - [2021-03-17 16:45:13,175] {dag.py:2273} INFO - Setting next_dagrun for example_skip_dag to 2021-03-15 00:00:00+00:00
[2021-03-17 16:45:13,187] {scheduler_job.py:190} INFO - Processing /Users/prathyusha/Desktop/pranathi/airflow_cnn_pipeline_final/airflow_test_env/lib/python3.7/site-packages/airflow/example_dags/example_skip_dag.py took 0.074 seconds
[2021-03-17 16:45:43,792] {scheduler_job.py:182} INFO - Started process (PID=29164) to work on /Users/prathyusha/Desktop/pranathi/airflow_cnn_pipeline_final/airflow_test_env/lib/python3.7/site-packages/airflow/example_dags/example_skip_dag.py
[2021-03-17 16:45:43,796] {scheduler_job.py:629} INFO - Processing file /Users/prathyusha/Desktop/pranathi/airflow_cnn_pipeline_final/airflow_test_env/lib/python3.7/site-packages/airflow/example_dags/example_skip_dag.py for tasks to queue
[2021-03-17 16:45:43,800] {logging_mixin.py:104} INFO - [2021-03-17 16:45:43,798] {dagbag.py:448} INFO - Filling up the DagBag from /Users/prathyusha/Desktop/pranathi/airflow_cnn_pipeline_final/airflow_test_env/lib/python3.7/site-packages/airflow/example_dags/example_skip_dag.py
[2021-03-17 16:45:43,815] {scheduler_job.py:639} INFO - DAG(s) dict_keys(['example_skip_dag']) retrieved from /Users/prathyusha/Desktop/pranathi/airflow_cnn_pipeline_final/airflow_test_env/lib/python3.7/site-packages/airflow/example_dags/example_skip_dag.py
[2021-03-17 16:45:43,832] {logging_mixin.py:104} INFO - [2021-03-17 16:45:43,831] {dag.py:1818} INFO - Sync 1 DAGs
[2021-03-17 16:45:43,843] {logging_mixin.py:104} INFO - [2021-03-17 16:45:43,843] {dag.py:2273} INFO - Setting next_dagrun for example_skip_dag to 2021-03-15 00:00:00+00:00
[2021-03-17 16:45:43,851] {scheduler_job.py:190} INFO - Processing /Users/prathyusha/Desktop/pranathi/airflow_cnn_pipeline_final/airflow_test_env/lib/python3.7/site-packages/airflow/example_dags/example_skip_dag.py took 0.065 seconds
[2021-03-17 16:46:14,415] {scheduler_job.py:182} INFO - Started process (PID=29216) to work on /Users/prathyusha/Desktop/pranathi/airflow_cnn_pipeline_final/airflow_test_env/lib/python3.7/site-packages/airflow/example_dags/example_skip_dag.py
[2021-03-17 16:46:14,419] {scheduler_job.py:629} INFO - Processing file /Users/prathyusha/Desktop/pranathi/airflow_cnn_pipeline_final/airflow_test_env/lib/python3.7/site-packages/airflow/example_dags/example_skip_dag.py for tasks to queue
[2021-03-17 16:46:14,421] {logging_mixin.py:104} INFO - [2021-03-17 16:46:14,420] {dagbag.py:448} INFO - Filling up the DagBag from /Users/prathyusha/Desktop/pranathi/airflow_cnn_pipeline_final/airflow_test_env/lib/python3.7/site-packages/airflow/example_dags/example_skip_dag.py
[2021-03-17 16:46:14,441] {scheduler_job.py:639} INFO - DAG(s) dict_keys(['example_skip_dag']) retrieved from /Users/prathyusha/Desktop/pranathi/airflow_cnn_pipeline_final/airflow_test_env/lib/python3.7/site-packages/airflow/example_dags/example_skip_dag.py
[2021-03-17 16:46:14,460] {logging_mixin.py:104} INFO - [2021-03-17 16:46:14,459] {dag.py:1818} INFO - Sync 1 DAGs
[2021-03-17 16:46:14,473] {logging_mixin.py:104} INFO - [2021-03-17 16:46:14,473] {dag.py:2273} INFO - Setting next_dagrun for example_skip_dag to 2021-03-15 00:00:00+00:00
[2021-03-17 16:46:14,482] {scheduler_job.py:190} INFO - Processing /Users/prathyusha/Desktop/pranathi/airflow_cnn_pipeline_final/airflow_test_env/lib/python3.7/site-packages/airflow/example_dags/example_skip_dag.py took 0.074 seconds
[2021-03-17 16:46:45,975] {scheduler_job.py:182} INFO - Started process (PID=29312) to work on /Users/prathyusha/Desktop/pranathi/airflow_cnn_pipeline_final/airflow_test_env/lib/python3.7/site-packages/airflow/example_dags/example_skip_dag.py
[2021-03-17 16:46:45,983] {scheduler_job.py:629} INFO - Processing file /Users/prathyusha/Desktop/pranathi/airflow_cnn_pipeline_final/airflow_test_env/lib/python3.7/site-packages/airflow/example_dags/example_skip_dag.py for tasks to queue
[2021-03-17 16:46:45,986] {logging_mixin.py:104} INFO - [2021-03-17 16:46:45,985] {dagbag.py:448} INFO - Filling up the DagBag from /Users/prathyusha/Desktop/pranathi/airflow_cnn_pipeline_final/airflow_test_env/lib/python3.7/site-packages/airflow/example_dags/example_skip_dag.py
[2021-03-17 16:46:46,001] {scheduler_job.py:639} INFO - DAG(s) dict_keys(['example_skip_dag']) retrieved from /Users/prathyusha/Desktop/pranathi/airflow_cnn_pipeline_final/airflow_test_env/lib/python3.7/site-packages/airflow/example_dags/example_skip_dag.py
[2021-03-17 16:46:46,019] {logging_mixin.py:104} INFO - [2021-03-17 16:46:46,018] {dag.py:1818} INFO - Sync 1 DAGs
[2021-03-17 16:46:46,031] {logging_mixin.py:104} INFO - [2021-03-17 16:46:46,031] {dag.py:2273} INFO - Setting next_dagrun for example_skip_dag to 2021-03-15 00:00:00+00:00
[2021-03-17 16:46:46,038] {scheduler_job.py:190} INFO - Processing /Users/prathyusha/Desktop/pranathi/airflow_cnn_pipeline_final/airflow_test_env/lib/python3.7/site-packages/airflow/example_dags/example_skip_dag.py took 0.068 seconds
[2021-03-17 16:47:16,892] {scheduler_job.py:182} INFO - Started process (PID=29346) to work on /Users/prathyusha/Desktop/pranathi/airflow_cnn_pipeline_final/airflow_test_env/lib/python3.7/site-packages/airflow/example_dags/example_skip_dag.py
[2021-03-17 16:47:16,895] {scheduler_job.py:629} INFO - Processing file /Users/prathyusha/Desktop/pranathi/airflow_cnn_pipeline_final/airflow_test_env/lib/python3.7/site-packages/airflow/example_dags/example_skip_dag.py for tasks to queue
[2021-03-17 16:47:16,897] {logging_mixin.py:104} INFO - [2021-03-17 16:47:16,896] {dagbag.py:448} INFO - Filling up the DagBag from /Users/prathyusha/Desktop/pranathi/airflow_cnn_pipeline_final/airflow_test_env/lib/python3.7/site-packages/airflow/example_dags/example_skip_dag.py
[2021-03-17 16:47:16,911] {scheduler_job.py:639} INFO - DAG(s) dict_keys(['example_skip_dag']) retrieved from /Users/prathyusha/Desktop/pranathi/airflow_cnn_pipeline_final/airflow_test_env/lib/python3.7/site-packages/airflow/example_dags/example_skip_dag.py
[2021-03-17 16:47:16,927] {logging_mixin.py:104} INFO - [2021-03-17 16:47:16,926] {dag.py:1818} INFO - Sync 1 DAGs
[2021-03-17 16:47:16,939] {logging_mixin.py:104} INFO - [2021-03-17 16:47:16,939] {dag.py:2273} INFO - Setting next_dagrun for example_skip_dag to 2021-03-15 00:00:00+00:00
[2021-03-17 16:47:16,954] {scheduler_job.py:190} INFO - Processing /Users/prathyusha/Desktop/pranathi/airflow_cnn_pipeline_final/airflow_test_env/lib/python3.7/site-packages/airflow/example_dags/example_skip_dag.py took 0.066 seconds
[2021-03-17 16:47:47,634] {scheduler_job.py:182} INFO - Started process (PID=29378) to work on /Users/prathyusha/Desktop/pranathi/airflow_cnn_pipeline_final/airflow_test_env/lib/python3.7/site-packages/airflow/example_dags/example_skip_dag.py
[2021-03-17 16:47:47,636] {scheduler_job.py:629} INFO - Processing file /Users/prathyusha/Desktop/pranathi/airflow_cnn_pipeline_final/airflow_test_env/lib/python3.7/site-packages/airflow/example_dags/example_skip_dag.py for tasks to queue
[2021-03-17 16:47:47,638] {logging_mixin.py:104} INFO - [2021-03-17 16:47:47,637] {dagbag.py:448} INFO - Filling up the DagBag from /Users/prathyusha/Desktop/pranathi/airflow_cnn_pipeline_final/airflow_test_env/lib/python3.7/site-packages/airflow/example_dags/example_skip_dag.py
[2021-03-17 16:47:47,685] {scheduler_job.py:639} INFO - DAG(s) dict_keys(['example_skip_dag']) retrieved from /Users/prathyusha/Desktop/pranathi/airflow_cnn_pipeline_final/airflow_test_env/lib/python3.7/site-packages/airflow/example_dags/example_skip_dag.py
[2021-03-17 16:47:47,727] {logging_mixin.py:104} INFO - [2021-03-17 16:47:47,727] {dag.py:1818} INFO - Sync 1 DAGs
[2021-03-17 16:47:47,753] {logging_mixin.py:104} INFO - [2021-03-17 16:47:47,752] {dag.py:2273} INFO - Setting next_dagrun for example_skip_dag to 2021-03-15 00:00:00+00:00
[2021-03-17 16:47:47,765] {scheduler_job.py:190} INFO - Processing /Users/prathyusha/Desktop/pranathi/airflow_cnn_pipeline_final/airflow_test_env/lib/python3.7/site-packages/airflow/example_dags/example_skip_dag.py took 0.137 seconds
[2021-03-17 16:48:20,445] {scheduler_job.py:182} INFO - Started process (PID=29409) to work on /Users/prathyusha/Desktop/pranathi/airflow_cnn_pipeline_final/airflow_test_env/lib/python3.7/site-packages/airflow/example_dags/example_skip_dag.py
[2021-03-17 16:48:20,448] {scheduler_job.py:629} INFO - Processing file /Users/prathyusha/Desktop/pranathi/airflow_cnn_pipeline_final/airflow_test_env/lib/python3.7/site-packages/airflow/example_dags/example_skip_dag.py for tasks to queue
[2021-03-17 16:48:20,449] {logging_mixin.py:104} INFO - [2021-03-17 16:48:20,449] {dagbag.py:448} INFO - Filling up the DagBag from /Users/prathyusha/Desktop/pranathi/airflow_cnn_pipeline_final/airflow_test_env/lib/python3.7/site-packages/airflow/example_dags/example_skip_dag.py
[2021-03-17 16:48:20,465] {scheduler_job.py:639} INFO - DAG(s) dict_keys(['example_skip_dag']) retrieved from /Users/prathyusha/Desktop/pranathi/airflow_cnn_pipeline_final/airflow_test_env/lib/python3.7/site-packages/airflow/example_dags/example_skip_dag.py
[2021-03-17 16:48:20,480] {logging_mixin.py:104} INFO - [2021-03-17 16:48:20,479] {dag.py:1818} INFO - Sync 1 DAGs
[2021-03-17 16:48:20,492] {logging_mixin.py:104} INFO - [2021-03-17 16:48:20,492] {dag.py:2273} INFO - Setting next_dagrun for example_skip_dag to 2021-03-15 00:00:00+00:00
[2021-03-17 16:48:20,499] {scheduler_job.py:190} INFO - Processing /Users/prathyusha/Desktop/pranathi/airflow_cnn_pipeline_final/airflow_test_env/lib/python3.7/site-packages/airflow/example_dags/example_skip_dag.py took 0.059 seconds
[2021-03-17 16:48:51,308] {scheduler_job.py:182} INFO - Started process (PID=29441) to work on /Users/prathyusha/Desktop/pranathi/airflow_cnn_pipeline_final/airflow_test_env/lib/python3.7/site-packages/airflow/example_dags/example_skip_dag.py
[2021-03-17 16:48:51,311] {scheduler_job.py:629} INFO - Processing file /Users/prathyusha/Desktop/pranathi/airflow_cnn_pipeline_final/airflow_test_env/lib/python3.7/site-packages/airflow/example_dags/example_skip_dag.py for tasks to queue
[2021-03-17 16:48:51,313] {logging_mixin.py:104} INFO - [2021-03-17 16:48:51,312] {dagbag.py:448} INFO - Filling up the DagBag from /Users/prathyusha/Desktop/pranathi/airflow_cnn_pipeline_final/airflow_test_env/lib/python3.7/site-packages/airflow/example_dags/example_skip_dag.py
[2021-03-17 16:48:51,326] {scheduler_job.py:639} INFO - DAG(s) dict_keys(['example_skip_dag']) retrieved from /Users/prathyusha/Desktop/pranathi/airflow_cnn_pipeline_final/airflow_test_env/lib/python3.7/site-packages/airflow/example_dags/example_skip_dag.py
[2021-03-17 16:48:51,342] {logging_mixin.py:104} INFO - [2021-03-17 16:48:51,342] {dag.py:1818} INFO - Sync 1 DAGs
[2021-03-17 16:48:51,354] {logging_mixin.py:104} INFO - [2021-03-17 16:48:51,353] {dag.py:2273} INFO - Setting next_dagrun for example_skip_dag to 2021-03-15 00:00:00+00:00
[2021-03-17 16:48:51,361] {scheduler_job.py:190} INFO - Processing /Users/prathyusha/Desktop/pranathi/airflow_cnn_pipeline_final/airflow_test_env/lib/python3.7/site-packages/airflow/example_dags/example_skip_dag.py took 0.058 seconds
[2021-03-17 16:49:22,223] {scheduler_job.py:182} INFO - Started process (PID=29474) to work on /Users/prathyusha/Desktop/pranathi/airflow_cnn_pipeline_final/airflow_test_env/lib/python3.7/site-packages/airflow/example_dags/example_skip_dag.py
[2021-03-17 16:49:22,226] {scheduler_job.py:629} INFO - Processing file /Users/prathyusha/Desktop/pranathi/airflow_cnn_pipeline_final/airflow_test_env/lib/python3.7/site-packages/airflow/example_dags/example_skip_dag.py for tasks to queue
[2021-03-17 16:49:22,227] {logging_mixin.py:104} INFO - [2021-03-17 16:49:22,227] {dagbag.py:448} INFO - Filling up the DagBag from /Users/prathyusha/Desktop/pranathi/airflow_cnn_pipeline_final/airflow_test_env/lib/python3.7/site-packages/airflow/example_dags/example_skip_dag.py
[2021-03-17 16:49:22,240] {scheduler_job.py:639} INFO - DAG(s) dict_keys(['example_skip_dag']) retrieved from /Users/prathyusha/Desktop/pranathi/airflow_cnn_pipeline_final/airflow_test_env/lib/python3.7/site-packages/airflow/example_dags/example_skip_dag.py
[2021-03-17 16:49:22,255] {logging_mixin.py:104} INFO - [2021-03-17 16:49:22,255] {dag.py:1818} INFO - Sync 1 DAGs
[2021-03-17 16:49:22,273] {logging_mixin.py:104} INFO - [2021-03-17 16:49:22,272] {dag.py:2273} INFO - Setting next_dagrun for example_skip_dag to 2021-03-15 00:00:00+00:00
[2021-03-17 16:49:22,284] {scheduler_job.py:190} INFO - Processing /Users/prathyusha/Desktop/pranathi/airflow_cnn_pipeline_final/airflow_test_env/lib/python3.7/site-packages/airflow/example_dags/example_skip_dag.py took 0.066 seconds
[2021-03-17 16:49:53,162] {scheduler_job.py:182} INFO - Started process (PID=29505) to work on /Users/prathyusha/Desktop/pranathi/airflow_cnn_pipeline_final/airflow_test_env/lib/python3.7/site-packages/airflow/example_dags/example_skip_dag.py
[2021-03-17 16:49:53,166] {scheduler_job.py:629} INFO - Processing file /Users/prathyusha/Desktop/pranathi/airflow_cnn_pipeline_final/airflow_test_env/lib/python3.7/site-packages/airflow/example_dags/example_skip_dag.py for tasks to queue
[2021-03-17 16:49:53,167] {logging_mixin.py:104} INFO - [2021-03-17 16:49:53,167] {dagbag.py:448} INFO - Filling up the DagBag from /Users/prathyusha/Desktop/pranathi/airflow_cnn_pipeline_final/airflow_test_env/lib/python3.7/site-packages/airflow/example_dags/example_skip_dag.py
[2021-03-17 16:49:53,186] {scheduler_job.py:639} INFO - DAG(s) dict_keys(['example_skip_dag']) retrieved from /Users/prathyusha/Desktop/pranathi/airflow_cnn_pipeline_final/airflow_test_env/lib/python3.7/site-packages/airflow/example_dags/example_skip_dag.py
[2021-03-17 16:49:53,206] {logging_mixin.py:104} INFO - [2021-03-17 16:49:53,205] {dag.py:1818} INFO - Sync 1 DAGs
[2021-03-17 16:49:53,217] {logging_mixin.py:104} INFO - [2021-03-17 16:49:53,217] {dag.py:2273} INFO - Setting next_dagrun for example_skip_dag to 2021-03-15 00:00:00+00:00
[2021-03-17 16:49:53,225] {scheduler_job.py:190} INFO - Processing /Users/prathyusha/Desktop/pranathi/airflow_cnn_pipeline_final/airflow_test_env/lib/python3.7/site-packages/airflow/example_dags/example_skip_dag.py took 0.068 seconds
[2021-03-17 16:50:24,198] {scheduler_job.py:182} INFO - Started process (PID=29535) to work on /Users/prathyusha/Desktop/pranathi/airflow_cnn_pipeline_final/airflow_test_env/lib/python3.7/site-packages/airflow/example_dags/example_skip_dag.py
[2021-03-17 16:50:24,199] {scheduler_job.py:629} INFO - Processing file /Users/prathyusha/Desktop/pranathi/airflow_cnn_pipeline_final/airflow_test_env/lib/python3.7/site-packages/airflow/example_dags/example_skip_dag.py for tasks to queue
[2021-03-17 16:50:24,201] {logging_mixin.py:104} INFO - [2021-03-17 16:50:24,200] {dagbag.py:448} INFO - Filling up the DagBag from /Users/prathyusha/Desktop/pranathi/airflow_cnn_pipeline_final/airflow_test_env/lib/python3.7/site-packages/airflow/example_dags/example_skip_dag.py
[2021-03-17 16:50:24,219] {scheduler_job.py:639} INFO - DAG(s) dict_keys(['example_skip_dag']) retrieved from /Users/prathyusha/Desktop/pranathi/airflow_cnn_pipeline_final/airflow_test_env/lib/python3.7/site-packages/airflow/example_dags/example_skip_dag.py
[2021-03-17 16:50:24,239] {logging_mixin.py:104} INFO - [2021-03-17 16:50:24,238] {dag.py:1818} INFO - Sync 1 DAGs
[2021-03-17 16:50:24,253] {logging_mixin.py:104} INFO - [2021-03-17 16:50:24,252] {dag.py:2273} INFO - Setting next_dagrun for example_skip_dag to 2021-03-15 00:00:00+00:00
[2021-03-17 16:50:24,261] {scheduler_job.py:190} INFO - Processing /Users/prathyusha/Desktop/pranathi/airflow_cnn_pipeline_final/airflow_test_env/lib/python3.7/site-packages/airflow/example_dags/example_skip_dag.py took 0.068 seconds
[2021-03-17 16:50:55,124] {scheduler_job.py:182} INFO - Started process (PID=29568) to work on /Users/prathyusha/Desktop/pranathi/airflow_cnn_pipeline_final/airflow_test_env/lib/python3.7/site-packages/airflow/example_dags/example_skip_dag.py
[2021-03-17 16:50:55,126] {scheduler_job.py:629} INFO - Processing file /Users/prathyusha/Desktop/pranathi/airflow_cnn_pipeline_final/airflow_test_env/lib/python3.7/site-packages/airflow/example_dags/example_skip_dag.py for tasks to queue
[2021-03-17 16:50:55,128] {logging_mixin.py:104} INFO - [2021-03-17 16:50:55,128] {dagbag.py:448} INFO - Filling up the DagBag from /Users/prathyusha/Desktop/pranathi/airflow_cnn_pipeline_final/airflow_test_env/lib/python3.7/site-packages/airflow/example_dags/example_skip_dag.py
[2021-03-17 16:50:55,146] {scheduler_job.py:639} INFO - DAG(s) dict_keys(['example_skip_dag']) retrieved from /Users/prathyusha/Desktop/pranathi/airflow_cnn_pipeline_final/airflow_test_env/lib/python3.7/site-packages/airflow/example_dags/example_skip_dag.py
[2021-03-17 16:50:55,176] {logging_mixin.py:104} INFO - [2021-03-17 16:50:55,175] {dag.py:1818} INFO - Sync 1 DAGs
[2021-03-17 16:50:55,195] {logging_mixin.py:104} INFO - [2021-03-17 16:50:55,194] {dag.py:2273} INFO - Setting next_dagrun for example_skip_dag to 2021-03-15 00:00:00+00:00
[2021-03-17 16:50:55,206] {scheduler_job.py:190} INFO - Processing /Users/prathyusha/Desktop/pranathi/airflow_cnn_pipeline_final/airflow_test_env/lib/python3.7/site-packages/airflow/example_dags/example_skip_dag.py took 0.087 seconds
[2021-03-17 16:51:27,347] {scheduler_job.py:182} INFO - Started process (PID=29598) to work on /Users/prathyusha/Desktop/pranathi/airflow_cnn_pipeline_final/airflow_test_env/lib/python3.7/site-packages/airflow/example_dags/example_skip_dag.py
[2021-03-17 16:51:27,351] {scheduler_job.py:629} INFO - Processing file /Users/prathyusha/Desktop/pranathi/airflow_cnn_pipeline_final/airflow_test_env/lib/python3.7/site-packages/airflow/example_dags/example_skip_dag.py for tasks to queue
[2021-03-17 16:51:27,352] {logging_mixin.py:104} INFO - [2021-03-17 16:51:27,352] {dagbag.py:448} INFO - Filling up the DagBag from /Users/prathyusha/Desktop/pranathi/airflow_cnn_pipeline_final/airflow_test_env/lib/python3.7/site-packages/airflow/example_dags/example_skip_dag.py
[2021-03-17 16:51:27,370] {scheduler_job.py:639} INFO - DAG(s) dict_keys(['example_skip_dag']) retrieved from /Users/prathyusha/Desktop/pranathi/airflow_cnn_pipeline_final/airflow_test_env/lib/python3.7/site-packages/airflow/example_dags/example_skip_dag.py
[2021-03-17 16:51:27,391] {logging_mixin.py:104} INFO - [2021-03-17 16:51:27,391] {dag.py:1818} INFO - Sync 1 DAGs
[2021-03-17 16:51:27,405] {logging_mixin.py:104} INFO - [2021-03-17 16:51:27,405] {dag.py:2273} INFO - Setting next_dagrun for example_skip_dag to 2021-03-15 00:00:00+00:00
[2021-03-17 16:51:27,413] {scheduler_job.py:190} INFO - Processing /Users/prathyusha/Desktop/pranathi/airflow_cnn_pipeline_final/airflow_test_env/lib/python3.7/site-packages/airflow/example_dags/example_skip_dag.py took 0.071 seconds
[2021-03-17 16:51:57,690] {scheduler_job.py:182} INFO - Started process (PID=29631) to work on /Users/prathyusha/Desktop/pranathi/airflow_cnn_pipeline_final/airflow_test_env/lib/python3.7/site-packages/airflow/example_dags/example_skip_dag.py
[2021-03-17 16:51:57,694] {scheduler_job.py:629} INFO - Processing file /Users/prathyusha/Desktop/pranathi/airflow_cnn_pipeline_final/airflow_test_env/lib/python3.7/site-packages/airflow/example_dags/example_skip_dag.py for tasks to queue
[2021-03-17 16:51:57,696] {logging_mixin.py:104} INFO - [2021-03-17 16:51:57,695] {dagbag.py:448} INFO - Filling up the DagBag from /Users/prathyusha/Desktop/pranathi/airflow_cnn_pipeline_final/airflow_test_env/lib/python3.7/site-packages/airflow/example_dags/example_skip_dag.py
[2021-03-17 16:51:57,718] {scheduler_job.py:639} INFO - DAG(s) dict_keys(['example_skip_dag']) retrieved from /Users/prathyusha/Desktop/pranathi/airflow_cnn_pipeline_final/airflow_test_env/lib/python3.7/site-packages/airflow/example_dags/example_skip_dag.py
[2021-03-17 16:51:57,733] {logging_mixin.py:104} INFO - [2021-03-17 16:51:57,732] {dag.py:1818} INFO - Sync 1 DAGs
[2021-03-17 16:51:57,744] {logging_mixin.py:104} INFO - [2021-03-17 16:51:57,744] {dag.py:2273} INFO - Setting next_dagrun for example_skip_dag to 2021-03-15 00:00:00+00:00
[2021-03-17 16:51:57,754] {scheduler_job.py:190} INFO - Processing /Users/prathyusha/Desktop/pranathi/airflow_cnn_pipeline_final/airflow_test_env/lib/python3.7/site-packages/airflow/example_dags/example_skip_dag.py took 0.070 seconds
[2021-03-17 16:52:29,918] {scheduler_job.py:182} INFO - Started process (PID=29761) to work on /Users/prathyusha/Desktop/pranathi/airflow_cnn_pipeline_final/airflow_test_env/lib/python3.7/site-packages/airflow/example_dags/example_skip_dag.py
[2021-03-17 16:52:29,922] {scheduler_job.py:629} INFO - Processing file /Users/prathyusha/Desktop/pranathi/airflow_cnn_pipeline_final/airflow_test_env/lib/python3.7/site-packages/airflow/example_dags/example_skip_dag.py for tasks to queue
[2021-03-17 16:52:29,924] {logging_mixin.py:104} INFO - [2021-03-17 16:52:29,924] {dagbag.py:448} INFO - Filling up the DagBag from /Users/prathyusha/Desktop/pranathi/airflow_cnn_pipeline_final/airflow_test_env/lib/python3.7/site-packages/airflow/example_dags/example_skip_dag.py
[2021-03-17 16:52:29,941] {scheduler_job.py:639} INFO - DAG(s) dict_keys(['example_skip_dag']) retrieved from /Users/prathyusha/Desktop/pranathi/airflow_cnn_pipeline_final/airflow_test_env/lib/python3.7/site-packages/airflow/example_dags/example_skip_dag.py
[2021-03-17 16:52:29,956] {logging_mixin.py:104} INFO - [2021-03-17 16:52:29,955] {dag.py:1818} INFO - Sync 1 DAGs
[2021-03-17 16:52:29,971] {logging_mixin.py:104} INFO - [2021-03-17 16:52:29,970] {dag.py:2273} INFO - Setting next_dagrun for example_skip_dag to 2021-03-15 00:00:00+00:00
[2021-03-17 16:52:29,978] {scheduler_job.py:190} INFO - Processing /Users/prathyusha/Desktop/pranathi/airflow_cnn_pipeline_final/airflow_test_env/lib/python3.7/site-packages/airflow/example_dags/example_skip_dag.py took 0.065 seconds
[2021-03-17 16:53:00,892] {scheduler_job.py:182} INFO - Started process (PID=29823) to work on /Users/prathyusha/Desktop/pranathi/airflow_cnn_pipeline_final/airflow_test_env/lib/python3.7/site-packages/airflow/example_dags/example_skip_dag.py
[2021-03-17 16:53:00,894] {scheduler_job.py:629} INFO - Processing file /Users/prathyusha/Desktop/pranathi/airflow_cnn_pipeline_final/airflow_test_env/lib/python3.7/site-packages/airflow/example_dags/example_skip_dag.py for tasks to queue
[2021-03-17 16:53:00,906] {logging_mixin.py:104} INFO - [2021-03-17 16:53:00,905] {dagbag.py:448} INFO - Filling up the DagBag from /Users/prathyusha/Desktop/pranathi/airflow_cnn_pipeline_final/airflow_test_env/lib/python3.7/site-packages/airflow/example_dags/example_skip_dag.py
[2021-03-17 16:53:00,945] {scheduler_job.py:639} INFO - DAG(s) dict_keys(['example_skip_dag']) retrieved from /Users/prathyusha/Desktop/pranathi/airflow_cnn_pipeline_final/airflow_test_env/lib/python3.7/site-packages/airflow/example_dags/example_skip_dag.py
[2021-03-17 16:53:00,968] {logging_mixin.py:104} INFO - [2021-03-17 16:53:00,967] {dag.py:1818} INFO - Sync 1 DAGs
[2021-03-17 16:53:00,994] {logging_mixin.py:104} INFO - [2021-03-17 16:53:00,993] {dag.py:2273} INFO - Setting next_dagrun for example_skip_dag to 2021-03-15 00:00:00+00:00
[2021-03-17 16:53:01,039] {scheduler_job.py:190} INFO - Processing /Users/prathyusha/Desktop/pranathi/airflow_cnn_pipeline_final/airflow_test_env/lib/python3.7/site-packages/airflow/example_dags/example_skip_dag.py took 0.155 seconds
[2021-03-17 16:53:31,642] {scheduler_job.py:182} INFO - Started process (PID=29885) to work on /Users/prathyusha/Desktop/pranathi/airflow_cnn_pipeline_final/airflow_test_env/lib/python3.7/site-packages/airflow/example_dags/example_skip_dag.py
[2021-03-17 16:53:31,646] {scheduler_job.py:629} INFO - Processing file /Users/prathyusha/Desktop/pranathi/airflow_cnn_pipeline_final/airflow_test_env/lib/python3.7/site-packages/airflow/example_dags/example_skip_dag.py for tasks to queue
[2021-03-17 16:53:31,647] {logging_mixin.py:104} INFO - [2021-03-17 16:53:31,647] {dagbag.py:448} INFO - Filling up the DagBag from /Users/prathyusha/Desktop/pranathi/airflow_cnn_pipeline_final/airflow_test_env/lib/python3.7/site-packages/airflow/example_dags/example_skip_dag.py
[2021-03-17 16:53:31,665] {scheduler_job.py:639} INFO - DAG(s) dict_keys(['example_skip_dag']) retrieved from /Users/prathyusha/Desktop/pranathi/airflow_cnn_pipeline_final/airflow_test_env/lib/python3.7/site-packages/airflow/example_dags/example_skip_dag.py
[2021-03-17 16:53:31,688] {logging_mixin.py:104} INFO - [2021-03-17 16:53:31,687] {dag.py:1818} INFO - Sync 1 DAGs
[2021-03-17 16:53:31,701] {logging_mixin.py:104} INFO - [2021-03-17 16:53:31,701] {dag.py:2273} INFO - Setting next_dagrun for example_skip_dag to 2021-03-15 00:00:00+00:00
[2021-03-17 16:53:31,714] {scheduler_job.py:190} INFO - Processing /Users/prathyusha/Desktop/pranathi/airflow_cnn_pipeline_final/airflow_test_env/lib/python3.7/site-packages/airflow/example_dags/example_skip_dag.py took 0.078 seconds
[2021-03-17 16:54:01,886] {scheduler_job.py:182} INFO - Started process (PID=29924) to work on /Users/prathyusha/Desktop/pranathi/airflow_cnn_pipeline_final/airflow_test_env/lib/python3.7/site-packages/airflow/example_dags/example_skip_dag.py
[2021-03-17 16:54:01,889] {scheduler_job.py:629} INFO - Processing file /Users/prathyusha/Desktop/pranathi/airflow_cnn_pipeline_final/airflow_test_env/lib/python3.7/site-packages/airflow/example_dags/example_skip_dag.py for tasks to queue
[2021-03-17 16:54:01,893] {logging_mixin.py:104} INFO - [2021-03-17 16:54:01,891] {dagbag.py:448} INFO - Filling up the DagBag from /Users/prathyusha/Desktop/pranathi/airflow_cnn_pipeline_final/airflow_test_env/lib/python3.7/site-packages/airflow/example_dags/example_skip_dag.py
[2021-03-17 16:54:01,964] {scheduler_job.py:639} INFO - DAG(s) dict_keys(['example_skip_dag']) retrieved from /Users/prathyusha/Desktop/pranathi/airflow_cnn_pipeline_final/airflow_test_env/lib/python3.7/site-packages/airflow/example_dags/example_skip_dag.py
[2021-03-17 16:54:02,010] {logging_mixin.py:104} INFO - [2021-03-17 16:54:02,009] {dag.py:1818} INFO - Sync 1 DAGs
[2021-03-17 16:54:02,031] {logging_mixin.py:104} INFO - [2021-03-17 16:54:02,030] {dag.py:2273} INFO - Setting next_dagrun for example_skip_dag to 2021-03-15 00:00:00+00:00
[2021-03-17 16:54:02,045] {scheduler_job.py:190} INFO - Processing /Users/prathyusha/Desktop/pranathi/airflow_cnn_pipeline_final/airflow_test_env/lib/python3.7/site-packages/airflow/example_dags/example_skip_dag.py took 0.165 seconds
[2021-03-17 16:54:37,286] {scheduler_job.py:182} INFO - Started process (PID=29974) to work on /Users/prathyusha/Desktop/pranathi/airflow_cnn_pipeline_final/airflow_test_env/lib/python3.7/site-packages/airflow/example_dags/example_skip_dag.py
[2021-03-17 16:54:37,289] {scheduler_job.py:629} INFO - Processing file /Users/prathyusha/Desktop/pranathi/airflow_cnn_pipeline_final/airflow_test_env/lib/python3.7/site-packages/airflow/example_dags/example_skip_dag.py for tasks to queue
[2021-03-17 16:54:37,291] {logging_mixin.py:104} INFO - [2021-03-17 16:54:37,291] {dagbag.py:448} INFO - Filling up the DagBag from /Users/prathyusha/Desktop/pranathi/airflow_cnn_pipeline_final/airflow_test_env/lib/python3.7/site-packages/airflow/example_dags/example_skip_dag.py
[2021-03-17 16:54:37,312] {scheduler_job.py:639} INFO - DAG(s) dict_keys(['example_skip_dag']) retrieved from /Users/prathyusha/Desktop/pranathi/airflow_cnn_pipeline_final/airflow_test_env/lib/python3.7/site-packages/airflow/example_dags/example_skip_dag.py
[2021-03-17 16:54:37,334] {logging_mixin.py:104} INFO - [2021-03-17 16:54:37,333] {dag.py:1818} INFO - Sync 1 DAGs
[2021-03-17 16:54:37,351] {logging_mixin.py:104} INFO - [2021-03-17 16:54:37,351] {dag.py:2273} INFO - Setting next_dagrun for example_skip_dag to 2021-03-15 00:00:00+00:00
[2021-03-17 16:54:37,365] {scheduler_job.py:190} INFO - Processing /Users/prathyusha/Desktop/pranathi/airflow_cnn_pipeline_final/airflow_test_env/lib/python3.7/site-packages/airflow/example_dags/example_skip_dag.py took 0.084 seconds
[2021-03-17 16:55:08,084] {scheduler_job.py:182} INFO - Started process (PID=30021) to work on /Users/prathyusha/Desktop/pranathi/airflow_cnn_pipeline_final/airflow_test_env/lib/python3.7/site-packages/airflow/example_dags/example_skip_dag.py
[2021-03-17 16:55:08,087] {scheduler_job.py:629} INFO - Processing file /Users/prathyusha/Desktop/pranathi/airflow_cnn_pipeline_final/airflow_test_env/lib/python3.7/site-packages/airflow/example_dags/example_skip_dag.py for tasks to queue
[2021-03-17 16:55:08,088] {logging_mixin.py:104} INFO - [2021-03-17 16:55:08,088] {dagbag.py:448} INFO - Filling up the DagBag from /Users/prathyusha/Desktop/pranathi/airflow_cnn_pipeline_final/airflow_test_env/lib/python3.7/site-packages/airflow/example_dags/example_skip_dag.py
[2021-03-17 16:55:08,101] {scheduler_job.py:639} INFO - DAG(s) dict_keys(['example_skip_dag']) retrieved from /Users/prathyusha/Desktop/pranathi/airflow_cnn_pipeline_final/airflow_test_env/lib/python3.7/site-packages/airflow/example_dags/example_skip_dag.py
[2021-03-17 16:55:08,118] {logging_mixin.py:104} INFO - [2021-03-17 16:55:08,117] {dag.py:1818} INFO - Sync 1 DAGs
[2021-03-17 16:55:08,130] {logging_mixin.py:104} INFO - [2021-03-17 16:55:08,129] {dag.py:2273} INFO - Setting next_dagrun for example_skip_dag to 2021-03-15 00:00:00+00:00
[2021-03-17 16:55:08,137] {scheduler_job.py:190} INFO - Processing /Users/prathyusha/Desktop/pranathi/airflow_cnn_pipeline_final/airflow_test_env/lib/python3.7/site-packages/airflow/example_dags/example_skip_dag.py took 0.057 seconds
[2021-03-17 16:55:38,796] {scheduler_job.py:182} INFO - Started process (PID=30068) to work on /Users/prathyusha/Desktop/pranathi/airflow_cnn_pipeline_final/airflow_test_env/lib/python3.7/site-packages/airflow/example_dags/example_skip_dag.py
[2021-03-17 16:55:38,799] {scheduler_job.py:629} INFO - Processing file /Users/prathyusha/Desktop/pranathi/airflow_cnn_pipeline_final/airflow_test_env/lib/python3.7/site-packages/airflow/example_dags/example_skip_dag.py for tasks to queue
[2021-03-17 16:55:38,802] {logging_mixin.py:104} INFO - [2021-03-17 16:55:38,801] {dagbag.py:448} INFO - Filling up the DagBag from /Users/prathyusha/Desktop/pranathi/airflow_cnn_pipeline_final/airflow_test_env/lib/python3.7/site-packages/airflow/example_dags/example_skip_dag.py
[2021-03-17 16:55:38,831] {scheduler_job.py:639} INFO - DAG(s) dict_keys(['example_skip_dag']) retrieved from /Users/prathyusha/Desktop/pranathi/airflow_cnn_pipeline_final/airflow_test_env/lib/python3.7/site-packages/airflow/example_dags/example_skip_dag.py
[2021-03-17 16:55:38,857] {logging_mixin.py:104} INFO - [2021-03-17 16:55:38,856] {dag.py:1818} INFO - Sync 1 DAGs
[2021-03-17 16:55:38,885] {logging_mixin.py:104} INFO - [2021-03-17 16:55:38,884] {dag.py:2273} INFO - Setting next_dagrun for example_skip_dag to 2021-03-15 00:00:00+00:00
[2021-03-17 16:55:38,916] {scheduler_job.py:190} INFO - Processing /Users/prathyusha/Desktop/pranathi/airflow_cnn_pipeline_final/airflow_test_env/lib/python3.7/site-packages/airflow/example_dags/example_skip_dag.py took 0.127 seconds
[2021-03-17 16:56:09,682] {scheduler_job.py:182} INFO - Started process (PID=30105) to work on /Users/prathyusha/Desktop/pranathi/airflow_cnn_pipeline_final/airflow_test_env/lib/python3.7/site-packages/airflow/example_dags/example_skip_dag.py
[2021-03-17 16:56:09,684] {scheduler_job.py:629} INFO - Processing file /Users/prathyusha/Desktop/pranathi/airflow_cnn_pipeline_final/airflow_test_env/lib/python3.7/site-packages/airflow/example_dags/example_skip_dag.py for tasks to queue
[2021-03-17 16:56:09,687] {logging_mixin.py:104} INFO - [2021-03-17 16:56:09,686] {dagbag.py:448} INFO - Filling up the DagBag from /Users/prathyusha/Desktop/pranathi/airflow_cnn_pipeline_final/airflow_test_env/lib/python3.7/site-packages/airflow/example_dags/example_skip_dag.py
[2021-03-17 16:56:09,705] {scheduler_job.py:639} INFO - DAG(s) dict_keys(['example_skip_dag']) retrieved from /Users/prathyusha/Desktop/pranathi/airflow_cnn_pipeline_final/airflow_test_env/lib/python3.7/site-packages/airflow/example_dags/example_skip_dag.py
[2021-03-17 16:56:09,723] {logging_mixin.py:104} INFO - [2021-03-17 16:56:09,722] {dag.py:1818} INFO - Sync 1 DAGs
[2021-03-17 16:56:09,737] {logging_mixin.py:104} INFO - [2021-03-17 16:56:09,736] {dag.py:2273} INFO - Setting next_dagrun for example_skip_dag to 2021-03-15 00:00:00+00:00
[2021-03-17 16:56:09,745] {scheduler_job.py:190} INFO - Processing /Users/prathyusha/Desktop/pranathi/airflow_cnn_pipeline_final/airflow_test_env/lib/python3.7/site-packages/airflow/example_dags/example_skip_dag.py took 0.068 seconds
[2021-03-17 16:56:42,717] {scheduler_job.py:182} INFO - Started process (PID=30142) to work on /Users/prathyusha/Desktop/pranathi/airflow_cnn_pipeline_final/airflow_test_env/lib/python3.7/site-packages/airflow/example_dags/example_skip_dag.py
[2021-03-17 16:56:42,720] {scheduler_job.py:629} INFO - Processing file /Users/prathyusha/Desktop/pranathi/airflow_cnn_pipeline_final/airflow_test_env/lib/python3.7/site-packages/airflow/example_dags/example_skip_dag.py for tasks to queue
[2021-03-17 16:56:42,723] {logging_mixin.py:104} INFO - [2021-03-17 16:56:42,722] {dagbag.py:448} INFO - Filling up the DagBag from /Users/prathyusha/Desktop/pranathi/airflow_cnn_pipeline_final/airflow_test_env/lib/python3.7/site-packages/airflow/example_dags/example_skip_dag.py
[2021-03-17 16:56:42,746] {scheduler_job.py:639} INFO - DAG(s) dict_keys(['example_skip_dag']) retrieved from /Users/prathyusha/Desktop/pranathi/airflow_cnn_pipeline_final/airflow_test_env/lib/python3.7/site-packages/airflow/example_dags/example_skip_dag.py
[2021-03-17 16:56:42,770] {logging_mixin.py:104} INFO - [2021-03-17 16:56:42,769] {dag.py:1818} INFO - Sync 1 DAGs
[2021-03-17 16:56:42,787] {logging_mixin.py:104} INFO - [2021-03-17 16:56:42,787] {dag.py:2273} INFO - Setting next_dagrun for example_skip_dag to 2021-03-15 00:00:00+00:00
[2021-03-17 16:56:42,798] {scheduler_job.py:190} INFO - Processing /Users/prathyusha/Desktop/pranathi/airflow_cnn_pipeline_final/airflow_test_env/lib/python3.7/site-packages/airflow/example_dags/example_skip_dag.py took 0.086 seconds
[2021-03-17 16:57:13,481] {scheduler_job.py:182} INFO - Started process (PID=30172) to work on /Users/prathyusha/Desktop/pranathi/airflow_cnn_pipeline_final/airflow_test_env/lib/python3.7/site-packages/airflow/example_dags/example_skip_dag.py
[2021-03-17 16:57:13,483] {scheduler_job.py:629} INFO - Processing file /Users/prathyusha/Desktop/pranathi/airflow_cnn_pipeline_final/airflow_test_env/lib/python3.7/site-packages/airflow/example_dags/example_skip_dag.py for tasks to queue
[2021-03-17 16:57:13,484] {logging_mixin.py:104} INFO - [2021-03-17 16:57:13,484] {dagbag.py:448} INFO - Filling up the DagBag from /Users/prathyusha/Desktop/pranathi/airflow_cnn_pipeline_final/airflow_test_env/lib/python3.7/site-packages/airflow/example_dags/example_skip_dag.py
[2021-03-17 16:57:13,498] {scheduler_job.py:639} INFO - DAG(s) dict_keys(['example_skip_dag']) retrieved from /Users/prathyusha/Desktop/pranathi/airflow_cnn_pipeline_final/airflow_test_env/lib/python3.7/site-packages/airflow/example_dags/example_skip_dag.py
[2021-03-17 16:57:13,514] {logging_mixin.py:104} INFO - [2021-03-17 16:57:13,514] {dag.py:1818} INFO - Sync 1 DAGs
[2021-03-17 16:57:13,527] {logging_mixin.py:104} INFO - [2021-03-17 16:57:13,527] {dag.py:2273} INFO - Setting next_dagrun for example_skip_dag to 2021-03-15 00:00:00+00:00
[2021-03-17 16:57:13,537] {scheduler_job.py:190} INFO - Processing /Users/prathyusha/Desktop/pranathi/airflow_cnn_pipeline_final/airflow_test_env/lib/python3.7/site-packages/airflow/example_dags/example_skip_dag.py took 0.060 seconds
[2021-03-17 16:57:44,851] {scheduler_job.py:182} INFO - Started process (PID=30214) to work on /Users/prathyusha/Desktop/pranathi/airflow_cnn_pipeline_final/airflow_test_env/lib/python3.7/site-packages/airflow/example_dags/example_skip_dag.py
[2021-03-17 16:57:44,860] {scheduler_job.py:629} INFO - Processing file /Users/prathyusha/Desktop/pranathi/airflow_cnn_pipeline_final/airflow_test_env/lib/python3.7/site-packages/airflow/example_dags/example_skip_dag.py for tasks to queue
[2021-03-17 16:57:44,863] {logging_mixin.py:104} INFO - [2021-03-17 16:57:44,862] {dagbag.py:448} INFO - Filling up the DagBag from /Users/prathyusha/Desktop/pranathi/airflow_cnn_pipeline_final/airflow_test_env/lib/python3.7/site-packages/airflow/example_dags/example_skip_dag.py
[2021-03-17 16:57:44,906] {scheduler_job.py:639} INFO - DAG(s) dict_keys(['example_skip_dag']) retrieved from /Users/prathyusha/Desktop/pranathi/airflow_cnn_pipeline_final/airflow_test_env/lib/python3.7/site-packages/airflow/example_dags/example_skip_dag.py
[2021-03-17 16:57:45,001] {logging_mixin.py:104} INFO - [2021-03-17 16:57:45,000] {dag.py:1818} INFO - Sync 1 DAGs
[2021-03-17 16:57:45,071] {logging_mixin.py:104} INFO - [2021-03-17 16:57:45,068] {dag.py:2273} INFO - Setting next_dagrun for example_skip_dag to 2021-03-15 00:00:00+00:00
[2021-03-17 16:57:45,186] {scheduler_job.py:190} INFO - Processing /Users/prathyusha/Desktop/pranathi/airflow_cnn_pipeline_final/airflow_test_env/lib/python3.7/site-packages/airflow/example_dags/example_skip_dag.py took 0.341 seconds
[2021-03-17 16:58:18,595] {scheduler_job.py:182} INFO - Started process (PID=30261) to work on /Users/prathyusha/Desktop/pranathi/airflow_cnn_pipeline_final/airflow_test_env/lib/python3.7/site-packages/airflow/example_dags/example_skip_dag.py
[2021-03-17 16:58:18,599] {scheduler_job.py:629} INFO - Processing file /Users/prathyusha/Desktop/pranathi/airflow_cnn_pipeline_final/airflow_test_env/lib/python3.7/site-packages/airflow/example_dags/example_skip_dag.py for tasks to queue
[2021-03-17 16:58:18,602] {logging_mixin.py:104} INFO - [2021-03-17 16:58:18,601] {dagbag.py:448} INFO - Filling up the DagBag from /Users/prathyusha/Desktop/pranathi/airflow_cnn_pipeline_final/airflow_test_env/lib/python3.7/site-packages/airflow/example_dags/example_skip_dag.py
[2021-03-17 16:58:18,642] {scheduler_job.py:639} INFO - DAG(s) dict_keys(['example_skip_dag']) retrieved from /Users/prathyusha/Desktop/pranathi/airflow_cnn_pipeline_final/airflow_test_env/lib/python3.7/site-packages/airflow/example_dags/example_skip_dag.py
[2021-03-17 16:58:18,689] {logging_mixin.py:104} INFO - [2021-03-17 16:58:18,688] {dag.py:1818} INFO - Sync 1 DAGs
[2021-03-17 16:58:18,757] {logging_mixin.py:104} INFO - [2021-03-17 16:58:18,755] {dag.py:2273} INFO - Setting next_dagrun for example_skip_dag to 2021-03-15 00:00:00+00:00
[2021-03-17 16:58:18,805] {scheduler_job.py:190} INFO - Processing /Users/prathyusha/Desktop/pranathi/airflow_cnn_pipeline_final/airflow_test_env/lib/python3.7/site-packages/airflow/example_dags/example_skip_dag.py took 0.226 seconds
[2021-03-17 16:58:54,134] {scheduler_job.py:182} INFO - Started process (PID=30318) to work on /Users/prathyusha/Desktop/pranathi/airflow_cnn_pipeline_final/airflow_test_env/lib/python3.7/site-packages/airflow/example_dags/example_skip_dag.py
[2021-03-17 16:58:54,141] {scheduler_job.py:629} INFO - Processing file /Users/prathyusha/Desktop/pranathi/airflow_cnn_pipeline_final/airflow_test_env/lib/python3.7/site-packages/airflow/example_dags/example_skip_dag.py for tasks to queue
[2021-03-17 16:58:54,145] {logging_mixin.py:104} INFO - [2021-03-17 16:58:54,144] {dagbag.py:448} INFO - Filling up the DagBag from /Users/prathyusha/Desktop/pranathi/airflow_cnn_pipeline_final/airflow_test_env/lib/python3.7/site-packages/airflow/example_dags/example_skip_dag.py
[2021-03-17 16:58:54,192] {scheduler_job.py:639} INFO - DAG(s) dict_keys(['example_skip_dag']) retrieved from /Users/prathyusha/Desktop/pranathi/airflow_cnn_pipeline_final/airflow_test_env/lib/python3.7/site-packages/airflow/example_dags/example_skip_dag.py
[2021-03-17 16:58:54,231] {logging_mixin.py:104} INFO - [2021-03-17 16:58:54,229] {dag.py:1818} INFO - Sync 1 DAGs
[2021-03-17 16:58:54,258] {logging_mixin.py:104} INFO - [2021-03-17 16:58:54,257] {dag.py:2273} INFO - Setting next_dagrun for example_skip_dag to 2021-03-15 00:00:00+00:00
[2021-03-17 16:58:54,280] {scheduler_job.py:190} INFO - Processing /Users/prathyusha/Desktop/pranathi/airflow_cnn_pipeline_final/airflow_test_env/lib/python3.7/site-packages/airflow/example_dags/example_skip_dag.py took 0.154 seconds
[2021-03-17 16:59:26,494] {scheduler_job.py:182} INFO - Started process (PID=30369) to work on /Users/prathyusha/Desktop/pranathi/airflow_cnn_pipeline_final/airflow_test_env/lib/python3.7/site-packages/airflow/example_dags/example_skip_dag.py
[2021-03-17 16:59:26,498] {scheduler_job.py:629} INFO - Processing file /Users/prathyusha/Desktop/pranathi/airflow_cnn_pipeline_final/airflow_test_env/lib/python3.7/site-packages/airflow/example_dags/example_skip_dag.py for tasks to queue
[2021-03-17 16:59:26,500] {logging_mixin.py:104} INFO - [2021-03-17 16:59:26,500] {dagbag.py:448} INFO - Filling up the DagBag from /Users/prathyusha/Desktop/pranathi/airflow_cnn_pipeline_final/airflow_test_env/lib/python3.7/site-packages/airflow/example_dags/example_skip_dag.py
[2021-03-17 16:59:26,530] {scheduler_job.py:639} INFO - DAG(s) dict_keys(['example_skip_dag']) retrieved from /Users/prathyusha/Desktop/pranathi/airflow_cnn_pipeline_final/airflow_test_env/lib/python3.7/site-packages/airflow/example_dags/example_skip_dag.py
[2021-03-17 16:59:26,556] {logging_mixin.py:104} INFO - [2021-03-17 16:59:26,555] {dag.py:1818} INFO - Sync 1 DAGs
[2021-03-17 16:59:26,587] {logging_mixin.py:104} INFO - [2021-03-17 16:59:26,586] {dag.py:2273} INFO - Setting next_dagrun for example_skip_dag to 2021-03-15 00:00:00+00:00
[2021-03-17 16:59:26,621] {scheduler_job.py:190} INFO - Processing /Users/prathyusha/Desktop/pranathi/airflow_cnn_pipeline_final/airflow_test_env/lib/python3.7/site-packages/airflow/example_dags/example_skip_dag.py took 0.135 seconds
