[2021-03-17 16:32:25,032] {scheduler_job.py:182} INFO - Started process (PID=28223) to work on /Users/prathyusha/Desktop/pranathi/airflow_cnn_pipeline_final/airflow_test_env/lib/python3.7/site-packages/airflow/example_dags/example_latest_only.py
[2021-03-17 16:32:25,033] {scheduler_job.py:629} INFO - Processing file /Users/prathyusha/Desktop/pranathi/airflow_cnn_pipeline_final/airflow_test_env/lib/python3.7/site-packages/airflow/example_dags/example_latest_only.py for tasks to queue
[2021-03-17 16:32:25,035] {logging_mixin.py:104} INFO - [2021-03-17 16:32:25,034] {dagbag.py:448} INFO - Filling up the DagBag from /Users/prathyusha/Desktop/pranathi/airflow_cnn_pipeline_final/airflow_test_env/lib/python3.7/site-packages/airflow/example_dags/example_latest_only.py
[2021-03-17 16:32:25,046] {scheduler_job.py:639} INFO - DAG(s) dict_keys(['latest_only']) retrieved from /Users/prathyusha/Desktop/pranathi/airflow_cnn_pipeline_final/airflow_test_env/lib/python3.7/site-packages/airflow/example_dags/example_latest_only.py
[2021-03-17 16:32:25,061] {logging_mixin.py:104} INFO - [2021-03-17 16:32:25,061] {dag.py:1818} INFO - Sync 1 DAGs
[2021-03-17 16:32:25,077] {logging_mixin.py:104} INFO - [2021-03-17 16:32:25,076] {dag.py:2273} INFO - Setting next_dagrun for latest_only to 2021-03-15 00:00:00+00:00
[2021-03-17 16:32:25,090] {scheduler_job.py:190} INFO - Processing /Users/prathyusha/Desktop/pranathi/airflow_cnn_pipeline_final/airflow_test_env/lib/python3.7/site-packages/airflow/example_dags/example_latest_only.py took 0.062 seconds
[2021-03-17 16:32:56,071] {scheduler_job.py:182} INFO - Started process (PID=28273) to work on /Users/prathyusha/Desktop/pranathi/airflow_cnn_pipeline_final/airflow_test_env/lib/python3.7/site-packages/airflow/example_dags/example_latest_only.py
[2021-03-17 16:32:56,075] {scheduler_job.py:629} INFO - Processing file /Users/prathyusha/Desktop/pranathi/airflow_cnn_pipeline_final/airflow_test_env/lib/python3.7/site-packages/airflow/example_dags/example_latest_only.py for tasks to queue
[2021-03-17 16:32:56,077] {logging_mixin.py:104} INFO - [2021-03-17 16:32:56,076] {dagbag.py:448} INFO - Filling up the DagBag from /Users/prathyusha/Desktop/pranathi/airflow_cnn_pipeline_final/airflow_test_env/lib/python3.7/site-packages/airflow/example_dags/example_latest_only.py
[2021-03-17 16:32:56,090] {scheduler_job.py:639} INFO - DAG(s) dict_keys(['latest_only']) retrieved from /Users/prathyusha/Desktop/pranathi/airflow_cnn_pipeline_final/airflow_test_env/lib/python3.7/site-packages/airflow/example_dags/example_latest_only.py
[2021-03-17 16:32:56,104] {logging_mixin.py:104} INFO - [2021-03-17 16:32:56,103] {dag.py:1818} INFO - Sync 1 DAGs
[2021-03-17 16:32:56,116] {logging_mixin.py:104} INFO - [2021-03-17 16:32:56,116] {dag.py:2273} INFO - Setting next_dagrun for latest_only to 2021-03-15 00:00:00+00:00
[2021-03-17 16:32:56,125] {scheduler_job.py:190} INFO - Processing /Users/prathyusha/Desktop/pranathi/airflow_cnn_pipeline_final/airflow_test_env/lib/python3.7/site-packages/airflow/example_dags/example_latest_only.py took 0.057 seconds
[2021-03-17 16:33:26,902] {scheduler_job.py:182} INFO - Started process (PID=28302) to work on /Users/prathyusha/Desktop/pranathi/airflow_cnn_pipeline_final/airflow_test_env/lib/python3.7/site-packages/airflow/example_dags/example_latest_only.py
[2021-03-17 16:33:26,904] {scheduler_job.py:629} INFO - Processing file /Users/prathyusha/Desktop/pranathi/airflow_cnn_pipeline_final/airflow_test_env/lib/python3.7/site-packages/airflow/example_dags/example_latest_only.py for tasks to queue
[2021-03-17 16:33:26,906] {logging_mixin.py:104} INFO - [2021-03-17 16:33:26,905] {dagbag.py:448} INFO - Filling up the DagBag from /Users/prathyusha/Desktop/pranathi/airflow_cnn_pipeline_final/airflow_test_env/lib/python3.7/site-packages/airflow/example_dags/example_latest_only.py
[2021-03-17 16:33:26,918] {scheduler_job.py:639} INFO - DAG(s) dict_keys(['latest_only']) retrieved from /Users/prathyusha/Desktop/pranathi/airflow_cnn_pipeline_final/airflow_test_env/lib/python3.7/site-packages/airflow/example_dags/example_latest_only.py
[2021-03-17 16:33:26,933] {logging_mixin.py:104} INFO - [2021-03-17 16:33:26,932] {dag.py:1818} INFO - Sync 1 DAGs
[2021-03-17 16:33:26,944] {logging_mixin.py:104} INFO - [2021-03-17 16:33:26,944] {dag.py:2273} INFO - Setting next_dagrun for latest_only to 2021-03-15 00:00:00+00:00
[2021-03-17 16:33:26,952] {scheduler_job.py:190} INFO - Processing /Users/prathyusha/Desktop/pranathi/airflow_cnn_pipeline_final/airflow_test_env/lib/python3.7/site-packages/airflow/example_dags/example_latest_only.py took 0.054 seconds
[2021-03-17 16:33:57,744] {scheduler_job.py:182} INFO - Started process (PID=28337) to work on /Users/prathyusha/Desktop/pranathi/airflow_cnn_pipeline_final/airflow_test_env/lib/python3.7/site-packages/airflow/example_dags/example_latest_only.py
[2021-03-17 16:33:57,748] {scheduler_job.py:629} INFO - Processing file /Users/prathyusha/Desktop/pranathi/airflow_cnn_pipeline_final/airflow_test_env/lib/python3.7/site-packages/airflow/example_dags/example_latest_only.py for tasks to queue
[2021-03-17 16:33:57,750] {logging_mixin.py:104} INFO - [2021-03-17 16:33:57,750] {dagbag.py:448} INFO - Filling up the DagBag from /Users/prathyusha/Desktop/pranathi/airflow_cnn_pipeline_final/airflow_test_env/lib/python3.7/site-packages/airflow/example_dags/example_latest_only.py
[2021-03-17 16:33:57,766] {scheduler_job.py:639} INFO - DAG(s) dict_keys(['latest_only']) retrieved from /Users/prathyusha/Desktop/pranathi/airflow_cnn_pipeline_final/airflow_test_env/lib/python3.7/site-packages/airflow/example_dags/example_latest_only.py
[2021-03-17 16:33:57,783] {logging_mixin.py:104} INFO - [2021-03-17 16:33:57,782] {dag.py:1818} INFO - Sync 1 DAGs
[2021-03-17 16:33:57,794] {logging_mixin.py:104} INFO - [2021-03-17 16:33:57,794] {dag.py:2273} INFO - Setting next_dagrun for latest_only to 2021-03-15 00:00:00+00:00
[2021-03-17 16:33:57,803] {scheduler_job.py:190} INFO - Processing /Users/prathyusha/Desktop/pranathi/airflow_cnn_pipeline_final/airflow_test_env/lib/python3.7/site-packages/airflow/example_dags/example_latest_only.py took 0.063 seconds
[2021-03-17 16:34:28,384] {scheduler_job.py:182} INFO - Started process (PID=28366) to work on /Users/prathyusha/Desktop/pranathi/airflow_cnn_pipeline_final/airflow_test_env/lib/python3.7/site-packages/airflow/example_dags/example_latest_only.py
[2021-03-17 16:34:28,385] {scheduler_job.py:629} INFO - Processing file /Users/prathyusha/Desktop/pranathi/airflow_cnn_pipeline_final/airflow_test_env/lib/python3.7/site-packages/airflow/example_dags/example_latest_only.py for tasks to queue
[2021-03-17 16:34:28,387] {logging_mixin.py:104} INFO - [2021-03-17 16:34:28,386] {dagbag.py:448} INFO - Filling up the DagBag from /Users/prathyusha/Desktop/pranathi/airflow_cnn_pipeline_final/airflow_test_env/lib/python3.7/site-packages/airflow/example_dags/example_latest_only.py
[2021-03-17 16:34:28,398] {scheduler_job.py:639} INFO - DAG(s) dict_keys(['latest_only']) retrieved from /Users/prathyusha/Desktop/pranathi/airflow_cnn_pipeline_final/airflow_test_env/lib/python3.7/site-packages/airflow/example_dags/example_latest_only.py
[2021-03-17 16:34:28,411] {logging_mixin.py:104} INFO - [2021-03-17 16:34:28,410] {dag.py:1818} INFO - Sync 1 DAGs
[2021-03-17 16:34:28,421] {logging_mixin.py:104} INFO - [2021-03-17 16:34:28,421] {dag.py:2273} INFO - Setting next_dagrun for latest_only to 2021-03-15 00:00:00+00:00
[2021-03-17 16:34:28,428] {scheduler_job.py:190} INFO - Processing /Users/prathyusha/Desktop/pranathi/airflow_cnn_pipeline_final/airflow_test_env/lib/python3.7/site-packages/airflow/example_dags/example_latest_only.py took 0.048 seconds
[2021-03-17 16:34:58,583] {scheduler_job.py:182} INFO - Started process (PID=28398) to work on /Users/prathyusha/Desktop/pranathi/airflow_cnn_pipeline_final/airflow_test_env/lib/python3.7/site-packages/airflow/example_dags/example_latest_only.py
[2021-03-17 16:34:58,584] {scheduler_job.py:629} INFO - Processing file /Users/prathyusha/Desktop/pranathi/airflow_cnn_pipeline_final/airflow_test_env/lib/python3.7/site-packages/airflow/example_dags/example_latest_only.py for tasks to queue
[2021-03-17 16:34:58,586] {logging_mixin.py:104} INFO - [2021-03-17 16:34:58,585] {dagbag.py:448} INFO - Filling up the DagBag from /Users/prathyusha/Desktop/pranathi/airflow_cnn_pipeline_final/airflow_test_env/lib/python3.7/site-packages/airflow/example_dags/example_latest_only.py
[2021-03-17 16:34:58,598] {scheduler_job.py:639} INFO - DAG(s) dict_keys(['latest_only']) retrieved from /Users/prathyusha/Desktop/pranathi/airflow_cnn_pipeline_final/airflow_test_env/lib/python3.7/site-packages/airflow/example_dags/example_latest_only.py
[2021-03-17 16:34:58,613] {logging_mixin.py:104} INFO - [2021-03-17 16:34:58,612] {dag.py:1818} INFO - Sync 1 DAGs
[2021-03-17 16:34:58,623] {logging_mixin.py:104} INFO - [2021-03-17 16:34:58,623] {dag.py:2273} INFO - Setting next_dagrun for latest_only to 2021-03-15 00:00:00+00:00
[2021-03-17 16:34:58,630] {scheduler_job.py:190} INFO - Processing /Users/prathyusha/Desktop/pranathi/airflow_cnn_pipeline_final/airflow_test_env/lib/python3.7/site-packages/airflow/example_dags/example_latest_only.py took 0.051 seconds
[2021-03-17 16:35:29,920] {scheduler_job.py:182} INFO - Started process (PID=28431) to work on /Users/prathyusha/Desktop/pranathi/airflow_cnn_pipeline_final/airflow_test_env/lib/python3.7/site-packages/airflow/example_dags/example_latest_only.py
[2021-03-17 16:35:29,922] {scheduler_job.py:629} INFO - Processing file /Users/prathyusha/Desktop/pranathi/airflow_cnn_pipeline_final/airflow_test_env/lib/python3.7/site-packages/airflow/example_dags/example_latest_only.py for tasks to queue
[2021-03-17 16:35:29,925] {logging_mixin.py:104} INFO - [2021-03-17 16:35:29,924] {dagbag.py:448} INFO - Filling up the DagBag from /Users/prathyusha/Desktop/pranathi/airflow_cnn_pipeline_final/airflow_test_env/lib/python3.7/site-packages/airflow/example_dags/example_latest_only.py
[2021-03-17 16:35:29,938] {scheduler_job.py:639} INFO - DAG(s) dict_keys(['latest_only']) retrieved from /Users/prathyusha/Desktop/pranathi/airflow_cnn_pipeline_final/airflow_test_env/lib/python3.7/site-packages/airflow/example_dags/example_latest_only.py
[2021-03-17 16:35:29,953] {logging_mixin.py:104} INFO - [2021-03-17 16:35:29,953] {dag.py:1818} INFO - Sync 1 DAGs
[2021-03-17 16:35:29,967] {logging_mixin.py:104} INFO - [2021-03-17 16:35:29,966] {dag.py:2273} INFO - Setting next_dagrun for latest_only to 2021-03-15 00:00:00+00:00
[2021-03-17 16:35:29,975] {scheduler_job.py:190} INFO - Processing /Users/prathyusha/Desktop/pranathi/airflow_cnn_pipeline_final/airflow_test_env/lib/python3.7/site-packages/airflow/example_dags/example_latest_only.py took 0.059 seconds
[2021-03-17 16:36:00,225] {scheduler_job.py:182} INFO - Started process (PID=28473) to work on /Users/prathyusha/Desktop/pranathi/airflow_cnn_pipeline_final/airflow_test_env/lib/python3.7/site-packages/airflow/example_dags/example_latest_only.py
[2021-03-17 16:36:00,227] {scheduler_job.py:629} INFO - Processing file /Users/prathyusha/Desktop/pranathi/airflow_cnn_pipeline_final/airflow_test_env/lib/python3.7/site-packages/airflow/example_dags/example_latest_only.py for tasks to queue
[2021-03-17 16:36:00,229] {logging_mixin.py:104} INFO - [2021-03-17 16:36:00,228] {dagbag.py:448} INFO - Filling up the DagBag from /Users/prathyusha/Desktop/pranathi/airflow_cnn_pipeline_final/airflow_test_env/lib/python3.7/site-packages/airflow/example_dags/example_latest_only.py
[2021-03-17 16:36:00,241] {scheduler_job.py:639} INFO - DAG(s) dict_keys(['latest_only']) retrieved from /Users/prathyusha/Desktop/pranathi/airflow_cnn_pipeline_final/airflow_test_env/lib/python3.7/site-packages/airflow/example_dags/example_latest_only.py
[2021-03-17 16:36:00,255] {logging_mixin.py:104} INFO - [2021-03-17 16:36:00,254] {dag.py:1818} INFO - Sync 1 DAGs
[2021-03-17 16:36:00,266] {logging_mixin.py:104} INFO - [2021-03-17 16:36:00,266] {dag.py:2273} INFO - Setting next_dagrun for latest_only to 2021-03-15 00:00:00+00:00
[2021-03-17 16:36:00,273] {scheduler_job.py:190} INFO - Processing /Users/prathyusha/Desktop/pranathi/airflow_cnn_pipeline_final/airflow_test_env/lib/python3.7/site-packages/airflow/example_dags/example_latest_only.py took 0.052 seconds
[2021-03-17 16:36:31,649] {scheduler_job.py:182} INFO - Started process (PID=28508) to work on /Users/prathyusha/Desktop/pranathi/airflow_cnn_pipeline_final/airflow_test_env/lib/python3.7/site-packages/airflow/example_dags/example_latest_only.py
[2021-03-17 16:36:31,652] {scheduler_job.py:629} INFO - Processing file /Users/prathyusha/Desktop/pranathi/airflow_cnn_pipeline_final/airflow_test_env/lib/python3.7/site-packages/airflow/example_dags/example_latest_only.py for tasks to queue
[2021-03-17 16:36:31,654] {logging_mixin.py:104} INFO - [2021-03-17 16:36:31,653] {dagbag.py:448} INFO - Filling up the DagBag from /Users/prathyusha/Desktop/pranathi/airflow_cnn_pipeline_final/airflow_test_env/lib/python3.7/site-packages/airflow/example_dags/example_latest_only.py
[2021-03-17 16:36:31,667] {scheduler_job.py:639} INFO - DAG(s) dict_keys(['latest_only']) retrieved from /Users/prathyusha/Desktop/pranathi/airflow_cnn_pipeline_final/airflow_test_env/lib/python3.7/site-packages/airflow/example_dags/example_latest_only.py
[2021-03-17 16:36:31,681] {logging_mixin.py:104} INFO - [2021-03-17 16:36:31,681] {dag.py:1818} INFO - Sync 1 DAGs
[2021-03-17 16:36:31,692] {logging_mixin.py:104} INFO - [2021-03-17 16:36:31,691] {dag.py:2273} INFO - Setting next_dagrun for latest_only to 2021-03-15 00:00:00+00:00
[2021-03-17 16:36:31,699] {scheduler_job.py:190} INFO - Processing /Users/prathyusha/Desktop/pranathi/airflow_cnn_pipeline_final/airflow_test_env/lib/python3.7/site-packages/airflow/example_dags/example_latest_only.py took 0.055 seconds
[2021-03-17 16:37:02,485] {scheduler_job.py:182} INFO - Started process (PID=28537) to work on /Users/prathyusha/Desktop/pranathi/airflow_cnn_pipeline_final/airflow_test_env/lib/python3.7/site-packages/airflow/example_dags/example_latest_only.py
[2021-03-17 16:37:02,487] {scheduler_job.py:629} INFO - Processing file /Users/prathyusha/Desktop/pranathi/airflow_cnn_pipeline_final/airflow_test_env/lib/python3.7/site-packages/airflow/example_dags/example_latest_only.py for tasks to queue
[2021-03-17 16:37:02,489] {logging_mixin.py:104} INFO - [2021-03-17 16:37:02,488] {dagbag.py:448} INFO - Filling up the DagBag from /Users/prathyusha/Desktop/pranathi/airflow_cnn_pipeline_final/airflow_test_env/lib/python3.7/site-packages/airflow/example_dags/example_latest_only.py
[2021-03-17 16:37:02,502] {scheduler_job.py:639} INFO - DAG(s) dict_keys(['latest_only']) retrieved from /Users/prathyusha/Desktop/pranathi/airflow_cnn_pipeline_final/airflow_test_env/lib/python3.7/site-packages/airflow/example_dags/example_latest_only.py
[2021-03-17 16:37:02,517] {logging_mixin.py:104} INFO - [2021-03-17 16:37:02,517] {dag.py:1818} INFO - Sync 1 DAGs
[2021-03-17 16:37:02,530] {logging_mixin.py:104} INFO - [2021-03-17 16:37:02,529] {dag.py:2273} INFO - Setting next_dagrun for latest_only to 2021-03-15 00:00:00+00:00
[2021-03-17 16:37:02,538] {scheduler_job.py:190} INFO - Processing /Users/prathyusha/Desktop/pranathi/airflow_cnn_pipeline_final/airflow_test_env/lib/python3.7/site-packages/airflow/example_dags/example_latest_only.py took 0.057 seconds
[2021-03-17 16:37:33,325] {scheduler_job.py:182} INFO - Started process (PID=28569) to work on /Users/prathyusha/Desktop/pranathi/airflow_cnn_pipeline_final/airflow_test_env/lib/python3.7/site-packages/airflow/example_dags/example_latest_only.py
[2021-03-17 16:37:33,327] {scheduler_job.py:629} INFO - Processing file /Users/prathyusha/Desktop/pranathi/airflow_cnn_pipeline_final/airflow_test_env/lib/python3.7/site-packages/airflow/example_dags/example_latest_only.py for tasks to queue
[2021-03-17 16:37:33,329] {logging_mixin.py:104} INFO - [2021-03-17 16:37:33,328] {dagbag.py:448} INFO - Filling up the DagBag from /Users/prathyusha/Desktop/pranathi/airflow_cnn_pipeline_final/airflow_test_env/lib/python3.7/site-packages/airflow/example_dags/example_latest_only.py
[2021-03-17 16:37:33,340] {scheduler_job.py:639} INFO - DAG(s) dict_keys(['latest_only']) retrieved from /Users/prathyusha/Desktop/pranathi/airflow_cnn_pipeline_final/airflow_test_env/lib/python3.7/site-packages/airflow/example_dags/example_latest_only.py
[2021-03-17 16:37:33,353] {logging_mixin.py:104} INFO - [2021-03-17 16:37:33,353] {dag.py:1818} INFO - Sync 1 DAGs
[2021-03-17 16:37:33,364] {logging_mixin.py:104} INFO - [2021-03-17 16:37:33,364] {dag.py:2273} INFO - Setting next_dagrun for latest_only to 2021-03-15 00:00:00+00:00
[2021-03-17 16:37:33,371] {scheduler_job.py:190} INFO - Processing /Users/prathyusha/Desktop/pranathi/airflow_cnn_pipeline_final/airflow_test_env/lib/python3.7/site-packages/airflow/example_dags/example_latest_only.py took 0.050 seconds
[2021-03-17 16:38:04,070] {scheduler_job.py:182} INFO - Started process (PID=28600) to work on /Users/prathyusha/Desktop/pranathi/airflow_cnn_pipeline_final/airflow_test_env/lib/python3.7/site-packages/airflow/example_dags/example_latest_only.py
[2021-03-17 16:38:04,072] {scheduler_job.py:629} INFO - Processing file /Users/prathyusha/Desktop/pranathi/airflow_cnn_pipeline_final/airflow_test_env/lib/python3.7/site-packages/airflow/example_dags/example_latest_only.py for tasks to queue
[2021-03-17 16:38:04,073] {logging_mixin.py:104} INFO - [2021-03-17 16:38:04,072] {dagbag.py:448} INFO - Filling up the DagBag from /Users/prathyusha/Desktop/pranathi/airflow_cnn_pipeline_final/airflow_test_env/lib/python3.7/site-packages/airflow/example_dags/example_latest_only.py
[2021-03-17 16:38:04,085] {scheduler_job.py:639} INFO - DAG(s) dict_keys(['latest_only']) retrieved from /Users/prathyusha/Desktop/pranathi/airflow_cnn_pipeline_final/airflow_test_env/lib/python3.7/site-packages/airflow/example_dags/example_latest_only.py
[2021-03-17 16:38:04,099] {logging_mixin.py:104} INFO - [2021-03-17 16:38:04,098] {dag.py:1818} INFO - Sync 1 DAGs
[2021-03-17 16:38:04,110] {logging_mixin.py:104} INFO - [2021-03-17 16:38:04,109] {dag.py:2273} INFO - Setting next_dagrun for latest_only to 2021-03-15 00:00:00+00:00
[2021-03-17 16:38:04,117] {scheduler_job.py:190} INFO - Processing /Users/prathyusha/Desktop/pranathi/airflow_cnn_pipeline_final/airflow_test_env/lib/python3.7/site-packages/airflow/example_dags/example_latest_only.py took 0.052 seconds
[2021-03-17 16:38:34,894] {scheduler_job.py:182} INFO - Started process (PID=28633) to work on /Users/prathyusha/Desktop/pranathi/airflow_cnn_pipeline_final/airflow_test_env/lib/python3.7/site-packages/airflow/example_dags/example_latest_only.py
[2021-03-17 16:38:34,896] {scheduler_job.py:629} INFO - Processing file /Users/prathyusha/Desktop/pranathi/airflow_cnn_pipeline_final/airflow_test_env/lib/python3.7/site-packages/airflow/example_dags/example_latest_only.py for tasks to queue
[2021-03-17 16:38:34,897] {logging_mixin.py:104} INFO - [2021-03-17 16:38:34,897] {dagbag.py:448} INFO - Filling up the DagBag from /Users/prathyusha/Desktop/pranathi/airflow_cnn_pipeline_final/airflow_test_env/lib/python3.7/site-packages/airflow/example_dags/example_latest_only.py
[2021-03-17 16:38:34,909] {scheduler_job.py:639} INFO - DAG(s) dict_keys(['latest_only']) retrieved from /Users/prathyusha/Desktop/pranathi/airflow_cnn_pipeline_final/airflow_test_env/lib/python3.7/site-packages/airflow/example_dags/example_latest_only.py
[2021-03-17 16:38:34,923] {logging_mixin.py:104} INFO - [2021-03-17 16:38:34,923] {dag.py:1818} INFO - Sync 1 DAGs
[2021-03-17 16:38:34,935] {logging_mixin.py:104} INFO - [2021-03-17 16:38:34,934] {dag.py:2273} INFO - Setting next_dagrun for latest_only to 2021-03-15 00:00:00+00:00
[2021-03-17 16:38:34,942] {scheduler_job.py:190} INFO - Processing /Users/prathyusha/Desktop/pranathi/airflow_cnn_pipeline_final/airflow_test_env/lib/python3.7/site-packages/airflow/example_dags/example_latest_only.py took 0.052 seconds
[2021-03-17 16:39:05,726] {scheduler_job.py:182} INFO - Started process (PID=28700) to work on /Users/prathyusha/Desktop/pranathi/airflow_cnn_pipeline_final/airflow_test_env/lib/python3.7/site-packages/airflow/example_dags/example_latest_only.py
[2021-03-17 16:39:05,730] {scheduler_job.py:629} INFO - Processing file /Users/prathyusha/Desktop/pranathi/airflow_cnn_pipeline_final/airflow_test_env/lib/python3.7/site-packages/airflow/example_dags/example_latest_only.py for tasks to queue
[2021-03-17 16:39:05,732] {logging_mixin.py:104} INFO - [2021-03-17 16:39:05,731] {dagbag.py:448} INFO - Filling up the DagBag from /Users/prathyusha/Desktop/pranathi/airflow_cnn_pipeline_final/airflow_test_env/lib/python3.7/site-packages/airflow/example_dags/example_latest_only.py
[2021-03-17 16:39:05,744] {scheduler_job.py:639} INFO - DAG(s) dict_keys(['latest_only']) retrieved from /Users/prathyusha/Desktop/pranathi/airflow_cnn_pipeline_final/airflow_test_env/lib/python3.7/site-packages/airflow/example_dags/example_latest_only.py
[2021-03-17 16:39:05,758] {logging_mixin.py:104} INFO - [2021-03-17 16:39:05,758] {dag.py:1818} INFO - Sync 1 DAGs
[2021-03-17 16:39:05,770] {logging_mixin.py:104} INFO - [2021-03-17 16:39:05,769] {dag.py:2273} INFO - Setting next_dagrun for latest_only to 2021-03-15 00:00:00+00:00
[2021-03-17 16:39:05,778] {scheduler_job.py:190} INFO - Processing /Users/prathyusha/Desktop/pranathi/airflow_cnn_pipeline_final/airflow_test_env/lib/python3.7/site-packages/airflow/example_dags/example_latest_only.py took 0.056 seconds
[2021-03-17 16:39:36,343] {scheduler_job.py:182} INFO - Started process (PID=28745) to work on /Users/prathyusha/Desktop/pranathi/airflow_cnn_pipeline_final/airflow_test_env/lib/python3.7/site-packages/airflow/example_dags/example_latest_only.py
[2021-03-17 16:39:36,345] {scheduler_job.py:629} INFO - Processing file /Users/prathyusha/Desktop/pranathi/airflow_cnn_pipeline_final/airflow_test_env/lib/python3.7/site-packages/airflow/example_dags/example_latest_only.py for tasks to queue
[2021-03-17 16:39:36,346] {logging_mixin.py:104} INFO - [2021-03-17 16:39:36,346] {dagbag.py:448} INFO - Filling up the DagBag from /Users/prathyusha/Desktop/pranathi/airflow_cnn_pipeline_final/airflow_test_env/lib/python3.7/site-packages/airflow/example_dags/example_latest_only.py
[2021-03-17 16:39:36,358] {scheduler_job.py:639} INFO - DAG(s) dict_keys(['latest_only']) retrieved from /Users/prathyusha/Desktop/pranathi/airflow_cnn_pipeline_final/airflow_test_env/lib/python3.7/site-packages/airflow/example_dags/example_latest_only.py
[2021-03-17 16:39:36,372] {logging_mixin.py:104} INFO - [2021-03-17 16:39:36,371] {dag.py:1818} INFO - Sync 1 DAGs
[2021-03-17 16:39:36,382] {logging_mixin.py:104} INFO - [2021-03-17 16:39:36,382] {dag.py:2273} INFO - Setting next_dagrun for latest_only to 2021-03-15 00:00:00+00:00
[2021-03-17 16:39:36,389] {scheduler_job.py:190} INFO - Processing /Users/prathyusha/Desktop/pranathi/airflow_cnn_pipeline_final/airflow_test_env/lib/python3.7/site-packages/airflow/example_dags/example_latest_only.py took 0.050 seconds
[2021-03-17 16:40:07,067] {scheduler_job.py:182} INFO - Started process (PID=28790) to work on /Users/prathyusha/Desktop/pranathi/airflow_cnn_pipeline_final/airflow_test_env/lib/python3.7/site-packages/airflow/example_dags/example_latest_only.py
[2021-03-17 16:40:07,069] {scheduler_job.py:629} INFO - Processing file /Users/prathyusha/Desktop/pranathi/airflow_cnn_pipeline_final/airflow_test_env/lib/python3.7/site-packages/airflow/example_dags/example_latest_only.py for tasks to queue
[2021-03-17 16:40:07,070] {logging_mixin.py:104} INFO - [2021-03-17 16:40:07,070] {dagbag.py:448} INFO - Filling up the DagBag from /Users/prathyusha/Desktop/pranathi/airflow_cnn_pipeline_final/airflow_test_env/lib/python3.7/site-packages/airflow/example_dags/example_latest_only.py
[2021-03-17 16:40:07,085] {scheduler_job.py:639} INFO - DAG(s) dict_keys(['latest_only']) retrieved from /Users/prathyusha/Desktop/pranathi/airflow_cnn_pipeline_final/airflow_test_env/lib/python3.7/site-packages/airflow/example_dags/example_latest_only.py
[2021-03-17 16:40:07,101] {logging_mixin.py:104} INFO - [2021-03-17 16:40:07,101] {dag.py:1818} INFO - Sync 1 DAGs
[2021-03-17 16:40:07,113] {logging_mixin.py:104} INFO - [2021-03-17 16:40:07,113] {dag.py:2273} INFO - Setting next_dagrun for latest_only to 2021-03-15 00:00:00+00:00
[2021-03-17 16:40:07,121] {scheduler_job.py:190} INFO - Processing /Users/prathyusha/Desktop/pranathi/airflow_cnn_pipeline_final/airflow_test_env/lib/python3.7/site-packages/airflow/example_dags/example_latest_only.py took 0.057 seconds
[2021-03-17 16:40:37,917] {scheduler_job.py:182} INFO - Started process (PID=28827) to work on /Users/prathyusha/Desktop/pranathi/airflow_cnn_pipeline_final/airflow_test_env/lib/python3.7/site-packages/airflow/example_dags/example_latest_only.py
[2021-03-17 16:40:37,921] {scheduler_job.py:629} INFO - Processing file /Users/prathyusha/Desktop/pranathi/airflow_cnn_pipeline_final/airflow_test_env/lib/python3.7/site-packages/airflow/example_dags/example_latest_only.py for tasks to queue
[2021-03-17 16:40:37,923] {logging_mixin.py:104} INFO - [2021-03-17 16:40:37,922] {dagbag.py:448} INFO - Filling up the DagBag from /Users/prathyusha/Desktop/pranathi/airflow_cnn_pipeline_final/airflow_test_env/lib/python3.7/site-packages/airflow/example_dags/example_latest_only.py
[2021-03-17 16:40:37,937] {scheduler_job.py:639} INFO - DAG(s) dict_keys(['latest_only']) retrieved from /Users/prathyusha/Desktop/pranathi/airflow_cnn_pipeline_final/airflow_test_env/lib/python3.7/site-packages/airflow/example_dags/example_latest_only.py
[2021-03-17 16:40:37,956] {logging_mixin.py:104} INFO - [2021-03-17 16:40:37,955] {dag.py:1818} INFO - Sync 1 DAGs
[2021-03-17 16:40:37,972] {logging_mixin.py:104} INFO - [2021-03-17 16:40:37,972] {dag.py:2273} INFO - Setting next_dagrun for latest_only to 2021-03-15 00:00:00+00:00
[2021-03-17 16:40:37,983] {scheduler_job.py:190} INFO - Processing /Users/prathyusha/Desktop/pranathi/airflow_cnn_pipeline_final/airflow_test_env/lib/python3.7/site-packages/airflow/example_dags/example_latest_only.py took 0.071 seconds
[2021-03-17 16:41:08,966] {scheduler_job.py:182} INFO - Started process (PID=28861) to work on /Users/prathyusha/Desktop/pranathi/airflow_cnn_pipeline_final/airflow_test_env/lib/python3.7/site-packages/airflow/example_dags/example_latest_only.py
[2021-03-17 16:41:08,970] {scheduler_job.py:629} INFO - Processing file /Users/prathyusha/Desktop/pranathi/airflow_cnn_pipeline_final/airflow_test_env/lib/python3.7/site-packages/airflow/example_dags/example_latest_only.py for tasks to queue
[2021-03-17 16:41:08,972] {logging_mixin.py:104} INFO - [2021-03-17 16:41:08,971] {dagbag.py:448} INFO - Filling up the DagBag from /Users/prathyusha/Desktop/pranathi/airflow_cnn_pipeline_final/airflow_test_env/lib/python3.7/site-packages/airflow/example_dags/example_latest_only.py
[2021-03-17 16:41:08,986] {scheduler_job.py:639} INFO - DAG(s) dict_keys(['latest_only']) retrieved from /Users/prathyusha/Desktop/pranathi/airflow_cnn_pipeline_final/airflow_test_env/lib/python3.7/site-packages/airflow/example_dags/example_latest_only.py
[2021-03-17 16:41:09,001] {logging_mixin.py:104} INFO - [2021-03-17 16:41:09,000] {dag.py:1818} INFO - Sync 1 DAGs
[2021-03-17 16:41:09,012] {logging_mixin.py:104} INFO - [2021-03-17 16:41:09,011] {dag.py:2273} INFO - Setting next_dagrun for latest_only to 2021-03-15 00:00:00+00:00
[2021-03-17 16:41:09,019] {scheduler_job.py:190} INFO - Processing /Users/prathyusha/Desktop/pranathi/airflow_cnn_pipeline_final/airflow_test_env/lib/python3.7/site-packages/airflow/example_dags/example_latest_only.py took 0.058 seconds
[2021-03-17 16:41:39,812] {scheduler_job.py:182} INFO - Started process (PID=28892) to work on /Users/prathyusha/Desktop/pranathi/airflow_cnn_pipeline_final/airflow_test_env/lib/python3.7/site-packages/airflow/example_dags/example_latest_only.py
[2021-03-17 16:41:39,817] {scheduler_job.py:629} INFO - Processing file /Users/prathyusha/Desktop/pranathi/airflow_cnn_pipeline_final/airflow_test_env/lib/python3.7/site-packages/airflow/example_dags/example_latest_only.py for tasks to queue
[2021-03-17 16:41:39,819] {logging_mixin.py:104} INFO - [2021-03-17 16:41:39,818] {dagbag.py:448} INFO - Filling up the DagBag from /Users/prathyusha/Desktop/pranathi/airflow_cnn_pipeline_final/airflow_test_env/lib/python3.7/site-packages/airflow/example_dags/example_latest_only.py
[2021-03-17 16:41:39,838] {scheduler_job.py:639} INFO - DAG(s) dict_keys(['latest_only']) retrieved from /Users/prathyusha/Desktop/pranathi/airflow_cnn_pipeline_final/airflow_test_env/lib/python3.7/site-packages/airflow/example_dags/example_latest_only.py
[2021-03-17 16:41:39,861] {logging_mixin.py:104} INFO - [2021-03-17 16:41:39,860] {dag.py:1818} INFO - Sync 1 DAGs
[2021-03-17 16:41:39,877] {logging_mixin.py:104} INFO - [2021-03-17 16:41:39,877] {dag.py:2273} INFO - Setting next_dagrun for latest_only to 2021-03-15 00:00:00+00:00
[2021-03-17 16:41:39,893] {scheduler_job.py:190} INFO - Processing /Users/prathyusha/Desktop/pranathi/airflow_cnn_pipeline_final/airflow_test_env/lib/python3.7/site-packages/airflow/example_dags/example_latest_only.py took 0.086 seconds
[2021-03-17 16:42:10,388] {scheduler_job.py:182} INFO - Started process (PID=28931) to work on /Users/prathyusha/Desktop/pranathi/airflow_cnn_pipeline_final/airflow_test_env/lib/python3.7/site-packages/airflow/example_dags/example_latest_only.py
[2021-03-17 16:42:10,392] {scheduler_job.py:629} INFO - Processing file /Users/prathyusha/Desktop/pranathi/airflow_cnn_pipeline_final/airflow_test_env/lib/python3.7/site-packages/airflow/example_dags/example_latest_only.py for tasks to queue
[2021-03-17 16:42:10,393] {logging_mixin.py:104} INFO - [2021-03-17 16:42:10,393] {dagbag.py:448} INFO - Filling up the DagBag from /Users/prathyusha/Desktop/pranathi/airflow_cnn_pipeline_final/airflow_test_env/lib/python3.7/site-packages/airflow/example_dags/example_latest_only.py
[2021-03-17 16:42:10,406] {scheduler_job.py:639} INFO - DAG(s) dict_keys(['latest_only']) retrieved from /Users/prathyusha/Desktop/pranathi/airflow_cnn_pipeline_final/airflow_test_env/lib/python3.7/site-packages/airflow/example_dags/example_latest_only.py
[2021-03-17 16:42:10,428] {logging_mixin.py:104} INFO - [2021-03-17 16:42:10,427] {dag.py:1818} INFO - Sync 1 DAGs
[2021-03-17 16:42:10,441] {logging_mixin.py:104} INFO - [2021-03-17 16:42:10,441] {dag.py:2273} INFO - Setting next_dagrun for latest_only to 2021-03-15 00:00:00+00:00
[2021-03-17 16:42:10,450] {scheduler_job.py:190} INFO - Processing /Users/prathyusha/Desktop/pranathi/airflow_cnn_pipeline_final/airflow_test_env/lib/python3.7/site-packages/airflow/example_dags/example_latest_only.py took 0.065 seconds
[2021-03-17 16:42:41,018] {scheduler_job.py:182} INFO - Started process (PID=28962) to work on /Users/prathyusha/Desktop/pranathi/airflow_cnn_pipeline_final/airflow_test_env/lib/python3.7/site-packages/airflow/example_dags/example_latest_only.py
[2021-03-17 16:42:41,019] {scheduler_job.py:629} INFO - Processing file /Users/prathyusha/Desktop/pranathi/airflow_cnn_pipeline_final/airflow_test_env/lib/python3.7/site-packages/airflow/example_dags/example_latest_only.py for tasks to queue
[2021-03-17 16:42:41,021] {logging_mixin.py:104} INFO - [2021-03-17 16:42:41,020] {dagbag.py:448} INFO - Filling up the DagBag from /Users/prathyusha/Desktop/pranathi/airflow_cnn_pipeline_final/airflow_test_env/lib/python3.7/site-packages/airflow/example_dags/example_latest_only.py
[2021-03-17 16:42:41,033] {scheduler_job.py:639} INFO - DAG(s) dict_keys(['latest_only']) retrieved from /Users/prathyusha/Desktop/pranathi/airflow_cnn_pipeline_final/airflow_test_env/lib/python3.7/site-packages/airflow/example_dags/example_latest_only.py
[2021-03-17 16:42:41,048] {logging_mixin.py:104} INFO - [2021-03-17 16:42:41,047] {dag.py:1818} INFO - Sync 1 DAGs
[2021-03-17 16:42:41,059] {logging_mixin.py:104} INFO - [2021-03-17 16:42:41,059] {dag.py:2273} INFO - Setting next_dagrun for latest_only to 2021-03-15 00:00:00+00:00
[2021-03-17 16:42:41,068] {scheduler_job.py:190} INFO - Processing /Users/prathyusha/Desktop/pranathi/airflow_cnn_pipeline_final/airflow_test_env/lib/python3.7/site-packages/airflow/example_dags/example_latest_only.py took 0.055 seconds
[2021-03-17 16:43:11,678] {scheduler_job.py:182} INFO - Started process (PID=28991) to work on /Users/prathyusha/Desktop/pranathi/airflow_cnn_pipeline_final/airflow_test_env/lib/python3.7/site-packages/airflow/example_dags/example_latest_only.py
[2021-03-17 16:43:11,681] {scheduler_job.py:629} INFO - Processing file /Users/prathyusha/Desktop/pranathi/airflow_cnn_pipeline_final/airflow_test_env/lib/python3.7/site-packages/airflow/example_dags/example_latest_only.py for tasks to queue
[2021-03-17 16:43:11,683] {logging_mixin.py:104} INFO - [2021-03-17 16:43:11,682] {dagbag.py:448} INFO - Filling up the DagBag from /Users/prathyusha/Desktop/pranathi/airflow_cnn_pipeline_final/airflow_test_env/lib/python3.7/site-packages/airflow/example_dags/example_latest_only.py
[2021-03-17 16:43:11,700] {scheduler_job.py:639} INFO - DAG(s) dict_keys(['latest_only']) retrieved from /Users/prathyusha/Desktop/pranathi/airflow_cnn_pipeline_final/airflow_test_env/lib/python3.7/site-packages/airflow/example_dags/example_latest_only.py
[2021-03-17 16:43:11,719] {logging_mixin.py:104} INFO - [2021-03-17 16:43:11,718] {dag.py:1818} INFO - Sync 1 DAGs
[2021-03-17 16:43:11,729] {logging_mixin.py:104} INFO - [2021-03-17 16:43:11,729] {dag.py:2273} INFO - Setting next_dagrun for latest_only to 2021-03-15 00:00:00+00:00
[2021-03-17 16:43:11,737] {scheduler_job.py:190} INFO - Processing /Users/prathyusha/Desktop/pranathi/airflow_cnn_pipeline_final/airflow_test_env/lib/python3.7/site-packages/airflow/example_dags/example_latest_only.py took 0.067 seconds
[2021-03-17 16:43:42,330] {scheduler_job.py:182} INFO - Started process (PID=29026) to work on /Users/prathyusha/Desktop/pranathi/airflow_cnn_pipeline_final/airflow_test_env/lib/python3.7/site-packages/airflow/example_dags/example_latest_only.py
[2021-03-17 16:43:42,332] {scheduler_job.py:629} INFO - Processing file /Users/prathyusha/Desktop/pranathi/airflow_cnn_pipeline_final/airflow_test_env/lib/python3.7/site-packages/airflow/example_dags/example_latest_only.py for tasks to queue
[2021-03-17 16:43:42,334] {logging_mixin.py:104} INFO - [2021-03-17 16:43:42,333] {dagbag.py:448} INFO - Filling up the DagBag from /Users/prathyusha/Desktop/pranathi/airflow_cnn_pipeline_final/airflow_test_env/lib/python3.7/site-packages/airflow/example_dags/example_latest_only.py
[2021-03-17 16:43:42,346] {scheduler_job.py:639} INFO - DAG(s) dict_keys(['latest_only']) retrieved from /Users/prathyusha/Desktop/pranathi/airflow_cnn_pipeline_final/airflow_test_env/lib/python3.7/site-packages/airflow/example_dags/example_latest_only.py
[2021-03-17 16:43:42,361] {logging_mixin.py:104} INFO - [2021-03-17 16:43:42,361] {dag.py:1818} INFO - Sync 1 DAGs
[2021-03-17 16:43:42,376] {logging_mixin.py:104} INFO - [2021-03-17 16:43:42,376] {dag.py:2273} INFO - Setting next_dagrun for latest_only to 2021-03-15 00:00:00+00:00
[2021-03-17 16:43:42,388] {scheduler_job.py:190} INFO - Processing /Users/prathyusha/Desktop/pranathi/airflow_cnn_pipeline_final/airflow_test_env/lib/python3.7/site-packages/airflow/example_dags/example_latest_only.py took 0.062 seconds
[2021-03-17 16:44:12,866] {scheduler_job.py:182} INFO - Started process (PID=29057) to work on /Users/prathyusha/Desktop/pranathi/airflow_cnn_pipeline_final/airflow_test_env/lib/python3.7/site-packages/airflow/example_dags/example_latest_only.py
[2021-03-17 16:44:12,868] {scheduler_job.py:629} INFO - Processing file /Users/prathyusha/Desktop/pranathi/airflow_cnn_pipeline_final/airflow_test_env/lib/python3.7/site-packages/airflow/example_dags/example_latest_only.py for tasks to queue
[2021-03-17 16:44:12,869] {logging_mixin.py:104} INFO - [2021-03-17 16:44:12,869] {dagbag.py:448} INFO - Filling up the DagBag from /Users/prathyusha/Desktop/pranathi/airflow_cnn_pipeline_final/airflow_test_env/lib/python3.7/site-packages/airflow/example_dags/example_latest_only.py
[2021-03-17 16:44:12,885] {scheduler_job.py:639} INFO - DAG(s) dict_keys(['latest_only']) retrieved from /Users/prathyusha/Desktop/pranathi/airflow_cnn_pipeline_final/airflow_test_env/lib/python3.7/site-packages/airflow/example_dags/example_latest_only.py
[2021-03-17 16:44:12,899] {logging_mixin.py:104} INFO - [2021-03-17 16:44:12,899] {dag.py:1818} INFO - Sync 1 DAGs
[2021-03-17 16:44:12,911] {logging_mixin.py:104} INFO - [2021-03-17 16:44:12,910] {dag.py:2273} INFO - Setting next_dagrun for latest_only to 2021-03-15 00:00:00+00:00
[2021-03-17 16:44:12,919] {scheduler_job.py:190} INFO - Processing /Users/prathyusha/Desktop/pranathi/airflow_cnn_pipeline_final/airflow_test_env/lib/python3.7/site-packages/airflow/example_dags/example_latest_only.py took 0.058 seconds
[2021-03-17 16:44:43,498] {scheduler_job.py:182} INFO - Started process (PID=29088) to work on /Users/prathyusha/Desktop/pranathi/airflow_cnn_pipeline_final/airflow_test_env/lib/python3.7/site-packages/airflow/example_dags/example_latest_only.py
[2021-03-17 16:44:43,501] {scheduler_job.py:629} INFO - Processing file /Users/prathyusha/Desktop/pranathi/airflow_cnn_pipeline_final/airflow_test_env/lib/python3.7/site-packages/airflow/example_dags/example_latest_only.py for tasks to queue
[2021-03-17 16:44:43,502] {logging_mixin.py:104} INFO - [2021-03-17 16:44:43,502] {dagbag.py:448} INFO - Filling up the DagBag from /Users/prathyusha/Desktop/pranathi/airflow_cnn_pipeline_final/airflow_test_env/lib/python3.7/site-packages/airflow/example_dags/example_latest_only.py
[2021-03-17 16:44:43,514] {scheduler_job.py:639} INFO - DAG(s) dict_keys(['latest_only']) retrieved from /Users/prathyusha/Desktop/pranathi/airflow_cnn_pipeline_final/airflow_test_env/lib/python3.7/site-packages/airflow/example_dags/example_latest_only.py
[2021-03-17 16:44:43,529] {logging_mixin.py:104} INFO - [2021-03-17 16:44:43,528] {dag.py:1818} INFO - Sync 1 DAGs
[2021-03-17 16:44:43,540] {logging_mixin.py:104} INFO - [2021-03-17 16:44:43,540] {dag.py:2273} INFO - Setting next_dagrun for latest_only to 2021-03-15 00:00:00+00:00
[2021-03-17 16:44:43,551] {scheduler_job.py:190} INFO - Processing /Users/prathyusha/Desktop/pranathi/airflow_cnn_pipeline_final/airflow_test_env/lib/python3.7/site-packages/airflow/example_dags/example_latest_only.py took 0.057 seconds
[2021-03-17 16:45:14,270] {scheduler_job.py:182} INFO - Started process (PID=29133) to work on /Users/prathyusha/Desktop/pranathi/airflow_cnn_pipeline_final/airflow_test_env/lib/python3.7/site-packages/airflow/example_dags/example_latest_only.py
[2021-03-17 16:45:14,271] {scheduler_job.py:629} INFO - Processing file /Users/prathyusha/Desktop/pranathi/airflow_cnn_pipeline_final/airflow_test_env/lib/python3.7/site-packages/airflow/example_dags/example_latest_only.py for tasks to queue
[2021-03-17 16:45:14,273] {logging_mixin.py:104} INFO - [2021-03-17 16:45:14,272] {dagbag.py:448} INFO - Filling up the DagBag from /Users/prathyusha/Desktop/pranathi/airflow_cnn_pipeline_final/airflow_test_env/lib/python3.7/site-packages/airflow/example_dags/example_latest_only.py
[2021-03-17 16:45:14,285] {scheduler_job.py:639} INFO - DAG(s) dict_keys(['latest_only']) retrieved from /Users/prathyusha/Desktop/pranathi/airflow_cnn_pipeline_final/airflow_test_env/lib/python3.7/site-packages/airflow/example_dags/example_latest_only.py
[2021-03-17 16:45:14,300] {logging_mixin.py:104} INFO - [2021-03-17 16:45:14,300] {dag.py:1818} INFO - Sync 1 DAGs
[2021-03-17 16:45:14,317] {logging_mixin.py:104} INFO - [2021-03-17 16:45:14,316] {dag.py:2273} INFO - Setting next_dagrun for latest_only to 2021-03-15 00:00:00+00:00
[2021-03-17 16:45:14,326] {scheduler_job.py:190} INFO - Processing /Users/prathyusha/Desktop/pranathi/airflow_cnn_pipeline_final/airflow_test_env/lib/python3.7/site-packages/airflow/example_dags/example_latest_only.py took 0.060 seconds
[2021-03-17 16:45:44,954] {scheduler_job.py:182} INFO - Started process (PID=29165) to work on /Users/prathyusha/Desktop/pranathi/airflow_cnn_pipeline_final/airflow_test_env/lib/python3.7/site-packages/airflow/example_dags/example_latest_only.py
[2021-03-17 16:45:44,956] {scheduler_job.py:629} INFO - Processing file /Users/prathyusha/Desktop/pranathi/airflow_cnn_pipeline_final/airflow_test_env/lib/python3.7/site-packages/airflow/example_dags/example_latest_only.py for tasks to queue
[2021-03-17 16:45:44,958] {logging_mixin.py:104} INFO - [2021-03-17 16:45:44,957] {dagbag.py:448} INFO - Filling up the DagBag from /Users/prathyusha/Desktop/pranathi/airflow_cnn_pipeline_final/airflow_test_env/lib/python3.7/site-packages/airflow/example_dags/example_latest_only.py
[2021-03-17 16:45:44,971] {scheduler_job.py:639} INFO - DAG(s) dict_keys(['latest_only']) retrieved from /Users/prathyusha/Desktop/pranathi/airflow_cnn_pipeline_final/airflow_test_env/lib/python3.7/site-packages/airflow/example_dags/example_latest_only.py
[2021-03-17 16:45:44,988] {logging_mixin.py:104} INFO - [2021-03-17 16:45:44,987] {dag.py:1818} INFO - Sync 1 DAGs
[2021-03-17 16:45:45,003] {logging_mixin.py:104} INFO - [2021-03-17 16:45:45,002] {dag.py:2273} INFO - Setting next_dagrun for latest_only to 2021-03-15 00:00:00+00:00
[2021-03-17 16:45:45,019] {scheduler_job.py:190} INFO - Processing /Users/prathyusha/Desktop/pranathi/airflow_cnn_pipeline_final/airflow_test_env/lib/python3.7/site-packages/airflow/example_dags/example_latest_only.py took 0.069 seconds
[2021-03-17 16:46:15,580] {scheduler_job.py:182} INFO - Started process (PID=29217) to work on /Users/prathyusha/Desktop/pranathi/airflow_cnn_pipeline_final/airflow_test_env/lib/python3.7/site-packages/airflow/example_dags/example_latest_only.py
[2021-03-17 16:46:15,584] {scheduler_job.py:629} INFO - Processing file /Users/prathyusha/Desktop/pranathi/airflow_cnn_pipeline_final/airflow_test_env/lib/python3.7/site-packages/airflow/example_dags/example_latest_only.py for tasks to queue
[2021-03-17 16:46:15,586] {logging_mixin.py:104} INFO - [2021-03-17 16:46:15,585] {dagbag.py:448} INFO - Filling up the DagBag from /Users/prathyusha/Desktop/pranathi/airflow_cnn_pipeline_final/airflow_test_env/lib/python3.7/site-packages/airflow/example_dags/example_latest_only.py
[2021-03-17 16:46:15,602] {scheduler_job.py:639} INFO - DAG(s) dict_keys(['latest_only']) retrieved from /Users/prathyusha/Desktop/pranathi/airflow_cnn_pipeline_final/airflow_test_env/lib/python3.7/site-packages/airflow/example_dags/example_latest_only.py
[2021-03-17 16:46:15,618] {logging_mixin.py:104} INFO - [2021-03-17 16:46:15,617] {dag.py:1818} INFO - Sync 1 DAGs
[2021-03-17 16:46:15,632] {logging_mixin.py:104} INFO - [2021-03-17 16:46:15,631] {dag.py:2273} INFO - Setting next_dagrun for latest_only to 2021-03-15 00:00:00+00:00
[2021-03-17 16:46:15,640] {scheduler_job.py:190} INFO - Processing /Users/prathyusha/Desktop/pranathi/airflow_cnn_pipeline_final/airflow_test_env/lib/python3.7/site-packages/airflow/example_dags/example_latest_only.py took 0.068 seconds
[2021-03-17 16:46:47,125] {scheduler_job.py:182} INFO - Started process (PID=29313) to work on /Users/prathyusha/Desktop/pranathi/airflow_cnn_pipeline_final/airflow_test_env/lib/python3.7/site-packages/airflow/example_dags/example_latest_only.py
[2021-03-17 16:46:47,130] {scheduler_job.py:629} INFO - Processing file /Users/prathyusha/Desktop/pranathi/airflow_cnn_pipeline_final/airflow_test_env/lib/python3.7/site-packages/airflow/example_dags/example_latest_only.py for tasks to queue
[2021-03-17 16:46:47,132] {logging_mixin.py:104} INFO - [2021-03-17 16:46:47,131] {dagbag.py:448} INFO - Filling up the DagBag from /Users/prathyusha/Desktop/pranathi/airflow_cnn_pipeline_final/airflow_test_env/lib/python3.7/site-packages/airflow/example_dags/example_latest_only.py
[2021-03-17 16:46:47,148] {scheduler_job.py:639} INFO - DAG(s) dict_keys(['latest_only']) retrieved from /Users/prathyusha/Desktop/pranathi/airflow_cnn_pipeline_final/airflow_test_env/lib/python3.7/site-packages/airflow/example_dags/example_latest_only.py
[2021-03-17 16:46:47,172] {logging_mixin.py:104} INFO - [2021-03-17 16:46:47,171] {dag.py:1818} INFO - Sync 1 DAGs
[2021-03-17 16:46:47,190] {logging_mixin.py:104} INFO - [2021-03-17 16:46:47,189] {dag.py:2273} INFO - Setting next_dagrun for latest_only to 2021-03-15 00:00:00+00:00
[2021-03-17 16:46:47,198] {scheduler_job.py:190} INFO - Processing /Users/prathyusha/Desktop/pranathi/airflow_cnn_pipeline_final/airflow_test_env/lib/python3.7/site-packages/airflow/example_dags/example_latest_only.py took 0.079 seconds
[2021-03-17 16:47:18,040] {scheduler_job.py:182} INFO - Started process (PID=29348) to work on /Users/prathyusha/Desktop/pranathi/airflow_cnn_pipeline_final/airflow_test_env/lib/python3.7/site-packages/airflow/example_dags/example_latest_only.py
[2021-03-17 16:47:18,044] {scheduler_job.py:629} INFO - Processing file /Users/prathyusha/Desktop/pranathi/airflow_cnn_pipeline_final/airflow_test_env/lib/python3.7/site-packages/airflow/example_dags/example_latest_only.py for tasks to queue
[2021-03-17 16:47:18,045] {logging_mixin.py:104} INFO - [2021-03-17 16:47:18,045] {dagbag.py:448} INFO - Filling up the DagBag from /Users/prathyusha/Desktop/pranathi/airflow_cnn_pipeline_final/airflow_test_env/lib/python3.7/site-packages/airflow/example_dags/example_latest_only.py
[2021-03-17 16:47:18,063] {scheduler_job.py:639} INFO - DAG(s) dict_keys(['latest_only']) retrieved from /Users/prathyusha/Desktop/pranathi/airflow_cnn_pipeline_final/airflow_test_env/lib/python3.7/site-packages/airflow/example_dags/example_latest_only.py
[2021-03-17 16:47:18,097] {logging_mixin.py:104} INFO - [2021-03-17 16:47:18,095] {dag.py:1818} INFO - Sync 1 DAGs
[2021-03-17 16:47:18,123] {logging_mixin.py:104} INFO - [2021-03-17 16:47:18,122] {dag.py:2273} INFO - Setting next_dagrun for latest_only to 2021-03-15 00:00:00+00:00
[2021-03-17 16:47:18,170] {scheduler_job.py:190} INFO - Processing /Users/prathyusha/Desktop/pranathi/airflow_cnn_pipeline_final/airflow_test_env/lib/python3.7/site-packages/airflow/example_dags/example_latest_only.py took 0.136 seconds
[2021-03-17 16:47:48,871] {scheduler_job.py:182} INFO - Started process (PID=29379) to work on /Users/prathyusha/Desktop/pranathi/airflow_cnn_pipeline_final/airflow_test_env/lib/python3.7/site-packages/airflow/example_dags/example_latest_only.py
[2021-03-17 16:47:48,875] {scheduler_job.py:629} INFO - Processing file /Users/prathyusha/Desktop/pranathi/airflow_cnn_pipeline_final/airflow_test_env/lib/python3.7/site-packages/airflow/example_dags/example_latest_only.py for tasks to queue
[2021-03-17 16:47:48,877] {logging_mixin.py:104} INFO - [2021-03-17 16:47:48,876] {dagbag.py:448} INFO - Filling up the DagBag from /Users/prathyusha/Desktop/pranathi/airflow_cnn_pipeline_final/airflow_test_env/lib/python3.7/site-packages/airflow/example_dags/example_latest_only.py
[2021-03-17 16:47:48,898] {scheduler_job.py:639} INFO - DAG(s) dict_keys(['latest_only']) retrieved from /Users/prathyusha/Desktop/pranathi/airflow_cnn_pipeline_final/airflow_test_env/lib/python3.7/site-packages/airflow/example_dags/example_latest_only.py
[2021-03-17 16:47:48,918] {logging_mixin.py:104} INFO - [2021-03-17 16:47:48,918] {dag.py:1818} INFO - Sync 1 DAGs
[2021-03-17 16:47:48,932] {logging_mixin.py:104} INFO - [2021-03-17 16:47:48,932] {dag.py:2273} INFO - Setting next_dagrun for latest_only to 2021-03-15 00:00:00+00:00
[2021-03-17 16:47:48,941] {scheduler_job.py:190} INFO - Processing /Users/prathyusha/Desktop/pranathi/airflow_cnn_pipeline_final/airflow_test_env/lib/python3.7/site-packages/airflow/example_dags/example_latest_only.py took 0.075 seconds
[2021-03-17 16:48:19,303] {scheduler_job.py:182} INFO - Started process (PID=29408) to work on /Users/prathyusha/Desktop/pranathi/airflow_cnn_pipeline_final/airflow_test_env/lib/python3.7/site-packages/airflow/example_dags/example_latest_only.py
[2021-03-17 16:48:19,305] {scheduler_job.py:629} INFO - Processing file /Users/prathyusha/Desktop/pranathi/airflow_cnn_pipeline_final/airflow_test_env/lib/python3.7/site-packages/airflow/example_dags/example_latest_only.py for tasks to queue
[2021-03-17 16:48:19,307] {logging_mixin.py:104} INFO - [2021-03-17 16:48:19,306] {dagbag.py:448} INFO - Filling up the DagBag from /Users/prathyusha/Desktop/pranathi/airflow_cnn_pipeline_final/airflow_test_env/lib/python3.7/site-packages/airflow/example_dags/example_latest_only.py
[2021-03-17 16:48:19,323] {scheduler_job.py:639} INFO - DAG(s) dict_keys(['latest_only']) retrieved from /Users/prathyusha/Desktop/pranathi/airflow_cnn_pipeline_final/airflow_test_env/lib/python3.7/site-packages/airflow/example_dags/example_latest_only.py
[2021-03-17 16:48:19,339] {logging_mixin.py:104} INFO - [2021-03-17 16:48:19,338] {dag.py:1818} INFO - Sync 1 DAGs
[2021-03-17 16:48:19,354] {logging_mixin.py:104} INFO - [2021-03-17 16:48:19,353] {dag.py:2273} INFO - Setting next_dagrun for latest_only to 2021-03-15 00:00:00+00:00
[2021-03-17 16:48:19,362] {scheduler_job.py:190} INFO - Processing /Users/prathyusha/Desktop/pranathi/airflow_cnn_pipeline_final/airflow_test_env/lib/python3.7/site-packages/airflow/example_dags/example_latest_only.py took 0.066 seconds
[2021-03-17 16:48:50,167] {scheduler_job.py:182} INFO - Started process (PID=29440) to work on /Users/prathyusha/Desktop/pranathi/airflow_cnn_pipeline_final/airflow_test_env/lib/python3.7/site-packages/airflow/example_dags/example_latest_only.py
[2021-03-17 16:48:50,171] {scheduler_job.py:629} INFO - Processing file /Users/prathyusha/Desktop/pranathi/airflow_cnn_pipeline_final/airflow_test_env/lib/python3.7/site-packages/airflow/example_dags/example_latest_only.py for tasks to queue
[2021-03-17 16:48:50,173] {logging_mixin.py:104} INFO - [2021-03-17 16:48:50,172] {dagbag.py:448} INFO - Filling up the DagBag from /Users/prathyusha/Desktop/pranathi/airflow_cnn_pipeline_final/airflow_test_env/lib/python3.7/site-packages/airflow/example_dags/example_latest_only.py
[2021-03-17 16:48:50,189] {scheduler_job.py:639} INFO - DAG(s) dict_keys(['latest_only']) retrieved from /Users/prathyusha/Desktop/pranathi/airflow_cnn_pipeline_final/airflow_test_env/lib/python3.7/site-packages/airflow/example_dags/example_latest_only.py
[2021-03-17 16:48:50,206] {logging_mixin.py:104} INFO - [2021-03-17 16:48:50,205] {dag.py:1818} INFO - Sync 1 DAGs
[2021-03-17 16:48:50,217] {logging_mixin.py:104} INFO - [2021-03-17 16:48:50,216] {dag.py:2273} INFO - Setting next_dagrun for latest_only to 2021-03-15 00:00:00+00:00
[2021-03-17 16:48:50,225] {scheduler_job.py:190} INFO - Processing /Users/prathyusha/Desktop/pranathi/airflow_cnn_pipeline_final/airflow_test_env/lib/python3.7/site-packages/airflow/example_dags/example_latest_only.py took 0.066 seconds
[2021-03-17 16:49:21,083] {scheduler_job.py:182} INFO - Started process (PID=29473) to work on /Users/prathyusha/Desktop/pranathi/airflow_cnn_pipeline_final/airflow_test_env/lib/python3.7/site-packages/airflow/example_dags/example_latest_only.py
[2021-03-17 16:49:21,085] {scheduler_job.py:629} INFO - Processing file /Users/prathyusha/Desktop/pranathi/airflow_cnn_pipeline_final/airflow_test_env/lib/python3.7/site-packages/airflow/example_dags/example_latest_only.py for tasks to queue
[2021-03-17 16:49:21,087] {logging_mixin.py:104} INFO - [2021-03-17 16:49:21,086] {dagbag.py:448} INFO - Filling up the DagBag from /Users/prathyusha/Desktop/pranathi/airflow_cnn_pipeline_final/airflow_test_env/lib/python3.7/site-packages/airflow/example_dags/example_latest_only.py
[2021-03-17 16:49:21,116] {scheduler_job.py:639} INFO - DAG(s) dict_keys(['latest_only']) retrieved from /Users/prathyusha/Desktop/pranathi/airflow_cnn_pipeline_final/airflow_test_env/lib/python3.7/site-packages/airflow/example_dags/example_latest_only.py
[2021-03-17 16:49:21,132] {logging_mixin.py:104} INFO - [2021-03-17 16:49:21,132] {dag.py:1818} INFO - Sync 1 DAGs
[2021-03-17 16:49:21,144] {logging_mixin.py:104} INFO - [2021-03-17 16:49:21,144] {dag.py:2273} INFO - Setting next_dagrun for latest_only to 2021-03-15 00:00:00+00:00
[2021-03-17 16:49:21,152] {scheduler_job.py:190} INFO - Processing /Users/prathyusha/Desktop/pranathi/airflow_cnn_pipeline_final/airflow_test_env/lib/python3.7/site-packages/airflow/example_dags/example_latest_only.py took 0.077 seconds
[2021-03-17 16:49:52,024] {scheduler_job.py:182} INFO - Started process (PID=29504) to work on /Users/prathyusha/Desktop/pranathi/airflow_cnn_pipeline_final/airflow_test_env/lib/python3.7/site-packages/airflow/example_dags/example_latest_only.py
[2021-03-17 16:49:52,028] {scheduler_job.py:629} INFO - Processing file /Users/prathyusha/Desktop/pranathi/airflow_cnn_pipeline_final/airflow_test_env/lib/python3.7/site-packages/airflow/example_dags/example_latest_only.py for tasks to queue
[2021-03-17 16:49:52,030] {logging_mixin.py:104} INFO - [2021-03-17 16:49:52,029] {dagbag.py:448} INFO - Filling up the DagBag from /Users/prathyusha/Desktop/pranathi/airflow_cnn_pipeline_final/airflow_test_env/lib/python3.7/site-packages/airflow/example_dags/example_latest_only.py
[2021-03-17 16:49:52,043] {scheduler_job.py:639} INFO - DAG(s) dict_keys(['latest_only']) retrieved from /Users/prathyusha/Desktop/pranathi/airflow_cnn_pipeline_final/airflow_test_env/lib/python3.7/site-packages/airflow/example_dags/example_latest_only.py
[2021-03-17 16:49:52,058] {logging_mixin.py:104} INFO - [2021-03-17 16:49:52,057] {dag.py:1818} INFO - Sync 1 DAGs
[2021-03-17 16:49:52,070] {logging_mixin.py:104} INFO - [2021-03-17 16:49:52,070] {dag.py:2273} INFO - Setting next_dagrun for latest_only to 2021-03-15 00:00:00+00:00
[2021-03-17 16:49:52,078] {scheduler_job.py:190} INFO - Processing /Users/prathyusha/Desktop/pranathi/airflow_cnn_pipeline_final/airflow_test_env/lib/python3.7/site-packages/airflow/example_dags/example_latest_only.py took 0.059 seconds
[2021-03-17 16:50:23,048] {scheduler_job.py:182} INFO - Started process (PID=29534) to work on /Users/prathyusha/Desktop/pranathi/airflow_cnn_pipeline_final/airflow_test_env/lib/python3.7/site-packages/airflow/example_dags/example_latest_only.py
[2021-03-17 16:50:23,051] {scheduler_job.py:629} INFO - Processing file /Users/prathyusha/Desktop/pranathi/airflow_cnn_pipeline_final/airflow_test_env/lib/python3.7/site-packages/airflow/example_dags/example_latest_only.py for tasks to queue
[2021-03-17 16:50:23,053] {logging_mixin.py:104} INFO - [2021-03-17 16:50:23,053] {dagbag.py:448} INFO - Filling up the DagBag from /Users/prathyusha/Desktop/pranathi/airflow_cnn_pipeline_final/airflow_test_env/lib/python3.7/site-packages/airflow/example_dags/example_latest_only.py
[2021-03-17 16:50:23,074] {scheduler_job.py:639} INFO - DAG(s) dict_keys(['latest_only']) retrieved from /Users/prathyusha/Desktop/pranathi/airflow_cnn_pipeline_final/airflow_test_env/lib/python3.7/site-packages/airflow/example_dags/example_latest_only.py
[2021-03-17 16:50:23,094] {logging_mixin.py:104} INFO - [2021-03-17 16:50:23,093] {dag.py:1818} INFO - Sync 1 DAGs
[2021-03-17 16:50:23,108] {logging_mixin.py:104} INFO - [2021-03-17 16:50:23,107] {dag.py:2273} INFO - Setting next_dagrun for latest_only to 2021-03-15 00:00:00+00:00
[2021-03-17 16:50:23,116] {scheduler_job.py:190} INFO - Processing /Users/prathyusha/Desktop/pranathi/airflow_cnn_pipeline_final/airflow_test_env/lib/python3.7/site-packages/airflow/example_dags/example_latest_only.py took 0.073 seconds
[2021-03-17 16:50:53,980] {scheduler_job.py:182} INFO - Started process (PID=29567) to work on /Users/prathyusha/Desktop/pranathi/airflow_cnn_pipeline_final/airflow_test_env/lib/python3.7/site-packages/airflow/example_dags/example_latest_only.py
[2021-03-17 16:50:53,985] {scheduler_job.py:629} INFO - Processing file /Users/prathyusha/Desktop/pranathi/airflow_cnn_pipeline_final/airflow_test_env/lib/python3.7/site-packages/airflow/example_dags/example_latest_only.py for tasks to queue
[2021-03-17 16:50:53,988] {logging_mixin.py:104} INFO - [2021-03-17 16:50:53,987] {dagbag.py:448} INFO - Filling up the DagBag from /Users/prathyusha/Desktop/pranathi/airflow_cnn_pipeline_final/airflow_test_env/lib/python3.7/site-packages/airflow/example_dags/example_latest_only.py
[2021-03-17 16:50:54,009] {scheduler_job.py:639} INFO - DAG(s) dict_keys(['latest_only']) retrieved from /Users/prathyusha/Desktop/pranathi/airflow_cnn_pipeline_final/airflow_test_env/lib/python3.7/site-packages/airflow/example_dags/example_latest_only.py
[2021-03-17 16:50:54,031] {logging_mixin.py:104} INFO - [2021-03-17 16:50:54,031] {dag.py:1818} INFO - Sync 1 DAGs
[2021-03-17 16:50:54,047] {logging_mixin.py:104} INFO - [2021-03-17 16:50:54,046] {dag.py:2273} INFO - Setting next_dagrun for latest_only to 2021-03-15 00:00:00+00:00
[2021-03-17 16:50:54,059] {scheduler_job.py:190} INFO - Processing /Users/prathyusha/Desktop/pranathi/airflow_cnn_pipeline_final/airflow_test_env/lib/python3.7/site-packages/airflow/example_dags/example_latest_only.py took 0.082 seconds
[2021-03-17 16:51:25,047] {scheduler_job.py:182} INFO - Started process (PID=29596) to work on /Users/prathyusha/Desktop/pranathi/airflow_cnn_pipeline_final/airflow_test_env/lib/python3.7/site-packages/airflow/example_dags/example_latest_only.py
[2021-03-17 16:51:25,049] {scheduler_job.py:629} INFO - Processing file /Users/prathyusha/Desktop/pranathi/airflow_cnn_pipeline_final/airflow_test_env/lib/python3.7/site-packages/airflow/example_dags/example_latest_only.py for tasks to queue
[2021-03-17 16:51:25,051] {logging_mixin.py:104} INFO - [2021-03-17 16:51:25,050] {dagbag.py:448} INFO - Filling up the DagBag from /Users/prathyusha/Desktop/pranathi/airflow_cnn_pipeline_final/airflow_test_env/lib/python3.7/site-packages/airflow/example_dags/example_latest_only.py
[2021-03-17 16:51:25,065] {scheduler_job.py:639} INFO - DAG(s) dict_keys(['latest_only']) retrieved from /Users/prathyusha/Desktop/pranathi/airflow_cnn_pipeline_final/airflow_test_env/lib/python3.7/site-packages/airflow/example_dags/example_latest_only.py
[2021-03-17 16:51:25,085] {logging_mixin.py:104} INFO - [2021-03-17 16:51:25,084] {dag.py:1818} INFO - Sync 1 DAGs
[2021-03-17 16:51:25,098] {logging_mixin.py:104} INFO - [2021-03-17 16:51:25,098] {dag.py:2273} INFO - Setting next_dagrun for latest_only to 2021-03-15 00:00:00+00:00
[2021-03-17 16:51:25,110] {scheduler_job.py:190} INFO - Processing /Users/prathyusha/Desktop/pranathi/airflow_cnn_pipeline_final/airflow_test_env/lib/python3.7/site-packages/airflow/example_dags/example_latest_only.py took 0.067 seconds
[2021-03-17 16:51:55,999] {scheduler_job.py:182} INFO - Started process (PID=29629) to work on /Users/prathyusha/Desktop/pranathi/airflow_cnn_pipeline_final/airflow_test_env/lib/python3.7/site-packages/airflow/example_dags/example_latest_only.py
[2021-03-17 16:51:56,002] {scheduler_job.py:629} INFO - Processing file /Users/prathyusha/Desktop/pranathi/airflow_cnn_pipeline_final/airflow_test_env/lib/python3.7/site-packages/airflow/example_dags/example_latest_only.py for tasks to queue
[2021-03-17 16:51:56,004] {logging_mixin.py:104} INFO - [2021-03-17 16:51:56,003] {dagbag.py:448} INFO - Filling up the DagBag from /Users/prathyusha/Desktop/pranathi/airflow_cnn_pipeline_final/airflow_test_env/lib/python3.7/site-packages/airflow/example_dags/example_latest_only.py
[2021-03-17 16:51:56,020] {scheduler_job.py:639} INFO - DAG(s) dict_keys(['latest_only']) retrieved from /Users/prathyusha/Desktop/pranathi/airflow_cnn_pipeline_final/airflow_test_env/lib/python3.7/site-packages/airflow/example_dags/example_latest_only.py
[2021-03-17 16:51:56,036] {logging_mixin.py:104} INFO - [2021-03-17 16:51:56,035] {dag.py:1818} INFO - Sync 1 DAGs
[2021-03-17 16:51:56,049] {logging_mixin.py:104} INFO - [2021-03-17 16:51:56,048] {dag.py:2273} INFO - Setting next_dagrun for latest_only to 2021-03-15 00:00:00+00:00
[2021-03-17 16:51:56,064] {scheduler_job.py:190} INFO - Processing /Users/prathyusha/Desktop/pranathi/airflow_cnn_pipeline_final/airflow_test_env/lib/python3.7/site-packages/airflow/example_dags/example_latest_only.py took 0.069 seconds
[2021-03-17 16:52:28,119] {scheduler_job.py:182} INFO - Started process (PID=29754) to work on /Users/prathyusha/Desktop/pranathi/airflow_cnn_pipeline_final/airflow_test_env/lib/python3.7/site-packages/airflow/example_dags/example_latest_only.py
[2021-03-17 16:52:28,121] {scheduler_job.py:629} INFO - Processing file /Users/prathyusha/Desktop/pranathi/airflow_cnn_pipeline_final/airflow_test_env/lib/python3.7/site-packages/airflow/example_dags/example_latest_only.py for tasks to queue
[2021-03-17 16:52:28,123] {logging_mixin.py:104} INFO - [2021-03-17 16:52:28,123] {dagbag.py:448} INFO - Filling up the DagBag from /Users/prathyusha/Desktop/pranathi/airflow_cnn_pipeline_final/airflow_test_env/lib/python3.7/site-packages/airflow/example_dags/example_latest_only.py
[2021-03-17 16:52:28,139] {scheduler_job.py:639} INFO - DAG(s) dict_keys(['latest_only']) retrieved from /Users/prathyusha/Desktop/pranathi/airflow_cnn_pipeline_final/airflow_test_env/lib/python3.7/site-packages/airflow/example_dags/example_latest_only.py
[2021-03-17 16:52:28,157] {logging_mixin.py:104} INFO - [2021-03-17 16:52:28,156] {dag.py:1818} INFO - Sync 1 DAGs
[2021-03-17 16:52:28,168] {logging_mixin.py:104} INFO - [2021-03-17 16:52:28,168] {dag.py:2273} INFO - Setting next_dagrun for latest_only to 2021-03-15 00:00:00+00:00
[2021-03-17 16:52:28,176] {scheduler_job.py:190} INFO - Processing /Users/prathyusha/Desktop/pranathi/airflow_cnn_pipeline_final/airflow_test_env/lib/python3.7/site-packages/airflow/example_dags/example_latest_only.py took 0.068 seconds
[2021-03-17 16:52:58,566] {scheduler_job.py:182} INFO - Started process (PID=29815) to work on /Users/prathyusha/Desktop/pranathi/airflow_cnn_pipeline_final/airflow_test_env/lib/python3.7/site-packages/airflow/example_dags/example_latest_only.py
[2021-03-17 16:52:58,569] {scheduler_job.py:629} INFO - Processing file /Users/prathyusha/Desktop/pranathi/airflow_cnn_pipeline_final/airflow_test_env/lib/python3.7/site-packages/airflow/example_dags/example_latest_only.py for tasks to queue
[2021-03-17 16:52:58,571] {logging_mixin.py:104} INFO - [2021-03-17 16:52:58,571] {dagbag.py:448} INFO - Filling up the DagBag from /Users/prathyusha/Desktop/pranathi/airflow_cnn_pipeline_final/airflow_test_env/lib/python3.7/site-packages/airflow/example_dags/example_latest_only.py
[2021-03-17 16:52:58,596] {scheduler_job.py:639} INFO - DAG(s) dict_keys(['latest_only']) retrieved from /Users/prathyusha/Desktop/pranathi/airflow_cnn_pipeline_final/airflow_test_env/lib/python3.7/site-packages/airflow/example_dags/example_latest_only.py
[2021-03-17 16:52:58,621] {logging_mixin.py:104} INFO - [2021-03-17 16:52:58,620] {dag.py:1818} INFO - Sync 1 DAGs
[2021-03-17 16:52:58,636] {logging_mixin.py:104} INFO - [2021-03-17 16:52:58,636] {dag.py:2273} INFO - Setting next_dagrun for latest_only to 2021-03-15 00:00:00+00:00
[2021-03-17 16:52:58,652] {scheduler_job.py:190} INFO - Processing /Users/prathyusha/Desktop/pranathi/airflow_cnn_pipeline_final/airflow_test_env/lib/python3.7/site-packages/airflow/example_dags/example_latest_only.py took 0.096 seconds
[2021-03-17 16:53:29,131] {scheduler_job.py:182} INFO - Started process (PID=29881) to work on /Users/prathyusha/Desktop/pranathi/airflow_cnn_pipeline_final/airflow_test_env/lib/python3.7/site-packages/airflow/example_dags/example_latest_only.py
[2021-03-17 16:53:29,136] {scheduler_job.py:629} INFO - Processing file /Users/prathyusha/Desktop/pranathi/airflow_cnn_pipeline_final/airflow_test_env/lib/python3.7/site-packages/airflow/example_dags/example_latest_only.py for tasks to queue
[2021-03-17 16:53:29,138] {logging_mixin.py:104} INFO - [2021-03-17 16:53:29,137] {dagbag.py:448} INFO - Filling up the DagBag from /Users/prathyusha/Desktop/pranathi/airflow_cnn_pipeline_final/airflow_test_env/lib/python3.7/site-packages/airflow/example_dags/example_latest_only.py
[2021-03-17 16:53:29,154] {scheduler_job.py:639} INFO - DAG(s) dict_keys(['latest_only']) retrieved from /Users/prathyusha/Desktop/pranathi/airflow_cnn_pipeline_final/airflow_test_env/lib/python3.7/site-packages/airflow/example_dags/example_latest_only.py
[2021-03-17 16:53:29,180] {logging_mixin.py:104} INFO - [2021-03-17 16:53:29,178] {dag.py:1818} INFO - Sync 1 DAGs
[2021-03-17 16:53:29,198] {logging_mixin.py:104} INFO - [2021-03-17 16:53:29,197] {dag.py:2273} INFO - Setting next_dagrun for latest_only to 2021-03-15 00:00:00+00:00
[2021-03-17 16:53:29,233] {scheduler_job.py:190} INFO - Processing /Users/prathyusha/Desktop/pranathi/airflow_cnn_pipeline_final/airflow_test_env/lib/python3.7/site-packages/airflow/example_dags/example_latest_only.py took 0.110 seconds
[2021-03-17 16:53:59,580] {scheduler_job.py:182} INFO - Started process (PID=29922) to work on /Users/prathyusha/Desktop/pranathi/airflow_cnn_pipeline_final/airflow_test_env/lib/python3.7/site-packages/airflow/example_dags/example_latest_only.py
[2021-03-17 16:53:59,583] {scheduler_job.py:629} INFO - Processing file /Users/prathyusha/Desktop/pranathi/airflow_cnn_pipeline_final/airflow_test_env/lib/python3.7/site-packages/airflow/example_dags/example_latest_only.py for tasks to queue
[2021-03-17 16:53:59,585] {logging_mixin.py:104} INFO - [2021-03-17 16:53:59,584] {dagbag.py:448} INFO - Filling up the DagBag from /Users/prathyusha/Desktop/pranathi/airflow_cnn_pipeline_final/airflow_test_env/lib/python3.7/site-packages/airflow/example_dags/example_latest_only.py
[2021-03-17 16:53:59,602] {scheduler_job.py:639} INFO - DAG(s) dict_keys(['latest_only']) retrieved from /Users/prathyusha/Desktop/pranathi/airflow_cnn_pipeline_final/airflow_test_env/lib/python3.7/site-packages/airflow/example_dags/example_latest_only.py
[2021-03-17 16:53:59,621] {logging_mixin.py:104} INFO - [2021-03-17 16:53:59,620] {dag.py:1818} INFO - Sync 1 DAGs
[2021-03-17 16:53:59,635] {logging_mixin.py:104} INFO - [2021-03-17 16:53:59,635] {dag.py:2273} INFO - Setting next_dagrun for latest_only to 2021-03-15 00:00:00+00:00
[2021-03-17 16:53:59,644] {scheduler_job.py:190} INFO - Processing /Users/prathyusha/Desktop/pranathi/airflow_cnn_pipeline_final/airflow_test_env/lib/python3.7/site-packages/airflow/example_dags/example_latest_only.py took 0.069 seconds
[2021-03-17 16:54:34,874] {scheduler_job.py:182} INFO - Started process (PID=29971) to work on /Users/prathyusha/Desktop/pranathi/airflow_cnn_pipeline_final/airflow_test_env/lib/python3.7/site-packages/airflow/example_dags/example_latest_only.py
[2021-03-17 16:54:34,877] {scheduler_job.py:629} INFO - Processing file /Users/prathyusha/Desktop/pranathi/airflow_cnn_pipeline_final/airflow_test_env/lib/python3.7/site-packages/airflow/example_dags/example_latest_only.py for tasks to queue
[2021-03-17 16:54:34,878] {logging_mixin.py:104} INFO - [2021-03-17 16:54:34,878] {dagbag.py:448} INFO - Filling up the DagBag from /Users/prathyusha/Desktop/pranathi/airflow_cnn_pipeline_final/airflow_test_env/lib/python3.7/site-packages/airflow/example_dags/example_latest_only.py
[2021-03-17 16:54:34,896] {scheduler_job.py:639} INFO - DAG(s) dict_keys(['latest_only']) retrieved from /Users/prathyusha/Desktop/pranathi/airflow_cnn_pipeline_final/airflow_test_env/lib/python3.7/site-packages/airflow/example_dags/example_latest_only.py
[2021-03-17 16:54:34,913] {logging_mixin.py:104} INFO - [2021-03-17 16:54:34,912] {dag.py:1818} INFO - Sync 1 DAGs
[2021-03-17 16:54:34,927] {logging_mixin.py:104} INFO - [2021-03-17 16:54:34,926] {dag.py:2273} INFO - Setting next_dagrun for latest_only to 2021-03-15 00:00:00+00:00
[2021-03-17 16:54:34,936] {scheduler_job.py:190} INFO - Processing /Users/prathyusha/Desktop/pranathi/airflow_cnn_pipeline_final/airflow_test_env/lib/python3.7/site-packages/airflow/example_dags/example_latest_only.py took 0.067 seconds
[2021-03-17 16:55:05,329] {scheduler_job.py:182} INFO - Started process (PID=30018) to work on /Users/prathyusha/Desktop/pranathi/airflow_cnn_pipeline_final/airflow_test_env/lib/python3.7/site-packages/airflow/example_dags/example_latest_only.py
[2021-03-17 16:55:05,332] {scheduler_job.py:629} INFO - Processing file /Users/prathyusha/Desktop/pranathi/airflow_cnn_pipeline_final/airflow_test_env/lib/python3.7/site-packages/airflow/example_dags/example_latest_only.py for tasks to queue
[2021-03-17 16:55:05,333] {logging_mixin.py:104} INFO - [2021-03-17 16:55:05,333] {dagbag.py:448} INFO - Filling up the DagBag from /Users/prathyusha/Desktop/pranathi/airflow_cnn_pipeline_final/airflow_test_env/lib/python3.7/site-packages/airflow/example_dags/example_latest_only.py
[2021-03-17 16:55:05,348] {scheduler_job.py:639} INFO - DAG(s) dict_keys(['latest_only']) retrieved from /Users/prathyusha/Desktop/pranathi/airflow_cnn_pipeline_final/airflow_test_env/lib/python3.7/site-packages/airflow/example_dags/example_latest_only.py
[2021-03-17 16:55:05,364] {logging_mixin.py:104} INFO - [2021-03-17 16:55:05,364] {dag.py:1818} INFO - Sync 1 DAGs
[2021-03-17 16:55:05,376] {logging_mixin.py:104} INFO - [2021-03-17 16:55:05,376] {dag.py:2273} INFO - Setting next_dagrun for latest_only to 2021-03-15 00:00:00+00:00
[2021-03-17 16:55:05,385] {scheduler_job.py:190} INFO - Processing /Users/prathyusha/Desktop/pranathi/airflow_cnn_pipeline_final/airflow_test_env/lib/python3.7/site-packages/airflow/example_dags/example_latest_only.py took 0.061 seconds
[2021-03-17 16:55:36,036] {scheduler_job.py:182} INFO - Started process (PID=30064) to work on /Users/prathyusha/Desktop/pranathi/airflow_cnn_pipeline_final/airflow_test_env/lib/python3.7/site-packages/airflow/example_dags/example_latest_only.py
[2021-03-17 16:55:36,038] {scheduler_job.py:629} INFO - Processing file /Users/prathyusha/Desktop/pranathi/airflow_cnn_pipeline_final/airflow_test_env/lib/python3.7/site-packages/airflow/example_dags/example_latest_only.py for tasks to queue
[2021-03-17 16:55:36,039] {logging_mixin.py:104} INFO - [2021-03-17 16:55:36,039] {dagbag.py:448} INFO - Filling up the DagBag from /Users/prathyusha/Desktop/pranathi/airflow_cnn_pipeline_final/airflow_test_env/lib/python3.7/site-packages/airflow/example_dags/example_latest_only.py
[2021-03-17 16:55:36,055] {scheduler_job.py:639} INFO - DAG(s) dict_keys(['latest_only']) retrieved from /Users/prathyusha/Desktop/pranathi/airflow_cnn_pipeline_final/airflow_test_env/lib/python3.7/site-packages/airflow/example_dags/example_latest_only.py
[2021-03-17 16:55:36,075] {logging_mixin.py:104} INFO - [2021-03-17 16:55:36,074] {dag.py:1818} INFO - Sync 1 DAGs
[2021-03-17 16:55:36,089] {logging_mixin.py:104} INFO - [2021-03-17 16:55:36,089] {dag.py:2273} INFO - Setting next_dagrun for latest_only to 2021-03-15 00:00:00+00:00
[2021-03-17 16:55:36,098] {scheduler_job.py:190} INFO - Processing /Users/prathyusha/Desktop/pranathi/airflow_cnn_pipeline_final/airflow_test_env/lib/python3.7/site-packages/airflow/example_dags/example_latest_only.py took 0.067 seconds
[2021-03-17 16:56:06,798] {scheduler_job.py:182} INFO - Started process (PID=30101) to work on /Users/prathyusha/Desktop/pranathi/airflow_cnn_pipeline_final/airflow_test_env/lib/python3.7/site-packages/airflow/example_dags/example_latest_only.py
[2021-03-17 16:56:06,799] {scheduler_job.py:629} INFO - Processing file /Users/prathyusha/Desktop/pranathi/airflow_cnn_pipeline_final/airflow_test_env/lib/python3.7/site-packages/airflow/example_dags/example_latest_only.py for tasks to queue
[2021-03-17 16:56:06,801] {logging_mixin.py:104} INFO - [2021-03-17 16:56:06,800] {dagbag.py:448} INFO - Filling up the DagBag from /Users/prathyusha/Desktop/pranathi/airflow_cnn_pipeline_final/airflow_test_env/lib/python3.7/site-packages/airflow/example_dags/example_latest_only.py
[2021-03-17 16:56:06,818] {scheduler_job.py:639} INFO - DAG(s) dict_keys(['latest_only']) retrieved from /Users/prathyusha/Desktop/pranathi/airflow_cnn_pipeline_final/airflow_test_env/lib/python3.7/site-packages/airflow/example_dags/example_latest_only.py
[2021-03-17 16:56:06,836] {logging_mixin.py:104} INFO - [2021-03-17 16:56:06,835] {dag.py:1818} INFO - Sync 1 DAGs
[2021-03-17 16:56:06,850] {logging_mixin.py:104} INFO - [2021-03-17 16:56:06,849] {dag.py:2273} INFO - Setting next_dagrun for latest_only to 2021-03-15 00:00:00+00:00
[2021-03-17 16:56:06,861] {scheduler_job.py:190} INFO - Processing /Users/prathyusha/Desktop/pranathi/airflow_cnn_pipeline_final/airflow_test_env/lib/python3.7/site-packages/airflow/example_dags/example_latest_only.py took 0.067 seconds
[2021-03-17 16:56:40,203] {scheduler_job.py:182} INFO - Started process (PID=30140) to work on /Users/prathyusha/Desktop/pranathi/airflow_cnn_pipeline_final/airflow_test_env/lib/python3.7/site-packages/airflow/example_dags/example_latest_only.py
[2021-03-17 16:56:40,207] {scheduler_job.py:629} INFO - Processing file /Users/prathyusha/Desktop/pranathi/airflow_cnn_pipeline_final/airflow_test_env/lib/python3.7/site-packages/airflow/example_dags/example_latest_only.py for tasks to queue
[2021-03-17 16:56:40,213] {logging_mixin.py:104} INFO - [2021-03-17 16:56:40,212] {dagbag.py:448} INFO - Filling up the DagBag from /Users/prathyusha/Desktop/pranathi/airflow_cnn_pipeline_final/airflow_test_env/lib/python3.7/site-packages/airflow/example_dags/example_latest_only.py
[2021-03-17 16:56:40,234] {scheduler_job.py:639} INFO - DAG(s) dict_keys(['latest_only']) retrieved from /Users/prathyusha/Desktop/pranathi/airflow_cnn_pipeline_final/airflow_test_env/lib/python3.7/site-packages/airflow/example_dags/example_latest_only.py
[2021-03-17 16:56:40,258] {logging_mixin.py:104} INFO - [2021-03-17 16:56:40,257] {dag.py:1818} INFO - Sync 1 DAGs
[2021-03-17 16:56:40,276] {logging_mixin.py:104} INFO - [2021-03-17 16:56:40,276] {dag.py:2273} INFO - Setting next_dagrun for latest_only to 2021-03-15 00:00:00+00:00
[2021-03-17 16:56:40,285] {scheduler_job.py:190} INFO - Processing /Users/prathyusha/Desktop/pranathi/airflow_cnn_pipeline_final/airflow_test_env/lib/python3.7/site-packages/airflow/example_dags/example_latest_only.py took 0.091 seconds
[2021-03-17 16:57:10,528] {scheduler_job.py:182} INFO - Started process (PID=30170) to work on /Users/prathyusha/Desktop/pranathi/airflow_cnn_pipeline_final/airflow_test_env/lib/python3.7/site-packages/airflow/example_dags/example_latest_only.py
[2021-03-17 16:57:10,530] {scheduler_job.py:629} INFO - Processing file /Users/prathyusha/Desktop/pranathi/airflow_cnn_pipeline_final/airflow_test_env/lib/python3.7/site-packages/airflow/example_dags/example_latest_only.py for tasks to queue
[2021-03-17 16:57:10,532] {logging_mixin.py:104} INFO - [2021-03-17 16:57:10,531] {dagbag.py:448} INFO - Filling up the DagBag from /Users/prathyusha/Desktop/pranathi/airflow_cnn_pipeline_final/airflow_test_env/lib/python3.7/site-packages/airflow/example_dags/example_latest_only.py
[2021-03-17 16:57:10,550] {scheduler_job.py:639} INFO - DAG(s) dict_keys(['latest_only']) retrieved from /Users/prathyusha/Desktop/pranathi/airflow_cnn_pipeline_final/airflow_test_env/lib/python3.7/site-packages/airflow/example_dags/example_latest_only.py
[2021-03-17 16:57:10,572] {logging_mixin.py:104} INFO - [2021-03-17 16:57:10,572] {dag.py:1818} INFO - Sync 1 DAGs
[2021-03-17 16:57:10,589] {logging_mixin.py:104} INFO - [2021-03-17 16:57:10,588] {dag.py:2273} INFO - Setting next_dagrun for latest_only to 2021-03-15 00:00:00+00:00
[2021-03-17 16:57:10,604] {scheduler_job.py:190} INFO - Processing /Users/prathyusha/Desktop/pranathi/airflow_cnn_pipeline_final/airflow_test_env/lib/python3.7/site-packages/airflow/example_dags/example_latest_only.py took 0.082 seconds
[2021-03-17 16:57:42,274] {scheduler_job.py:182} INFO - Started process (PID=30203) to work on /Users/prathyusha/Desktop/pranathi/airflow_cnn_pipeline_final/airflow_test_env/lib/python3.7/site-packages/airflow/example_dags/example_latest_only.py
[2021-03-17 16:57:42,277] {scheduler_job.py:629} INFO - Processing file /Users/prathyusha/Desktop/pranathi/airflow_cnn_pipeline_final/airflow_test_env/lib/python3.7/site-packages/airflow/example_dags/example_latest_only.py for tasks to queue
[2021-03-17 16:57:42,279] {logging_mixin.py:104} INFO - [2021-03-17 16:57:42,279] {dagbag.py:448} INFO - Filling up the DagBag from /Users/prathyusha/Desktop/pranathi/airflow_cnn_pipeline_final/airflow_test_env/lib/python3.7/site-packages/airflow/example_dags/example_latest_only.py
[2021-03-17 16:57:42,298] {scheduler_job.py:639} INFO - DAG(s) dict_keys(['latest_only']) retrieved from /Users/prathyusha/Desktop/pranathi/airflow_cnn_pipeline_final/airflow_test_env/lib/python3.7/site-packages/airflow/example_dags/example_latest_only.py
[2021-03-17 16:57:42,319] {logging_mixin.py:104} INFO - [2021-03-17 16:57:42,318] {dag.py:1818} INFO - Sync 1 DAGs
[2021-03-17 16:57:42,335] {logging_mixin.py:104} INFO - [2021-03-17 16:57:42,335] {dag.py:2273} INFO - Setting next_dagrun for latest_only to 2021-03-15 00:00:00+00:00
[2021-03-17 16:57:42,345] {scheduler_job.py:190} INFO - Processing /Users/prathyusha/Desktop/pranathi/airflow_cnn_pipeline_final/airflow_test_env/lib/python3.7/site-packages/airflow/example_dags/example_latest_only.py took 0.077 seconds
[2021-03-17 16:58:16,111] {scheduler_job.py:182} INFO - Started process (PID=30258) to work on /Users/prathyusha/Desktop/pranathi/airflow_cnn_pipeline_final/airflow_test_env/lib/python3.7/site-packages/airflow/example_dags/example_latest_only.py
[2021-03-17 16:58:16,119] {scheduler_job.py:629} INFO - Processing file /Users/prathyusha/Desktop/pranathi/airflow_cnn_pipeline_final/airflow_test_env/lib/python3.7/site-packages/airflow/example_dags/example_latest_only.py for tasks to queue
[2021-03-17 16:58:16,124] {logging_mixin.py:104} INFO - [2021-03-17 16:58:16,123] {dagbag.py:448} INFO - Filling up the DagBag from /Users/prathyusha/Desktop/pranathi/airflow_cnn_pipeline_final/airflow_test_env/lib/python3.7/site-packages/airflow/example_dags/example_latest_only.py
[2021-03-17 16:58:16,156] {scheduler_job.py:639} INFO - DAG(s) dict_keys(['latest_only']) retrieved from /Users/prathyusha/Desktop/pranathi/airflow_cnn_pipeline_final/airflow_test_env/lib/python3.7/site-packages/airflow/example_dags/example_latest_only.py
[2021-03-17 16:58:16,211] {logging_mixin.py:104} INFO - [2021-03-17 16:58:16,210] {dag.py:1818} INFO - Sync 1 DAGs
[2021-03-17 16:58:16,329] {logging_mixin.py:104} INFO - [2021-03-17 16:58:16,328] {dag.py:2273} INFO - Setting next_dagrun for latest_only to 2021-03-15 00:00:00+00:00
[2021-03-17 16:58:16,357] {scheduler_job.py:190} INFO - Processing /Users/prathyusha/Desktop/pranathi/airflow_cnn_pipeline_final/airflow_test_env/lib/python3.7/site-packages/airflow/example_dags/example_latest_only.py took 0.257 seconds
[2021-03-17 16:58:48,902] {scheduler_job.py:182} INFO - Started process (PID=30307) to work on /Users/prathyusha/Desktop/pranathi/airflow_cnn_pipeline_final/airflow_test_env/lib/python3.7/site-packages/airflow/example_dags/example_latest_only.py
[2021-03-17 16:58:48,906] {scheduler_job.py:629} INFO - Processing file /Users/prathyusha/Desktop/pranathi/airflow_cnn_pipeline_final/airflow_test_env/lib/python3.7/site-packages/airflow/example_dags/example_latest_only.py for tasks to queue
[2021-03-17 16:58:48,908] {logging_mixin.py:104} INFO - [2021-03-17 16:58:48,908] {dagbag.py:448} INFO - Filling up the DagBag from /Users/prathyusha/Desktop/pranathi/airflow_cnn_pipeline_final/airflow_test_env/lib/python3.7/site-packages/airflow/example_dags/example_latest_only.py
[2021-03-17 16:58:48,937] {scheduler_job.py:639} INFO - DAG(s) dict_keys(['latest_only']) retrieved from /Users/prathyusha/Desktop/pranathi/airflow_cnn_pipeline_final/airflow_test_env/lib/python3.7/site-packages/airflow/example_dags/example_latest_only.py
[2021-03-17 16:58:48,966] {logging_mixin.py:104} INFO - [2021-03-17 16:58:48,965] {dag.py:1818} INFO - Sync 1 DAGs
[2021-03-17 16:58:48,993] {logging_mixin.py:104} INFO - [2021-03-17 16:58:48,991] {dag.py:2273} INFO - Setting next_dagrun for latest_only to 2021-03-15 00:00:00+00:00
[2021-03-17 16:58:49,008] {scheduler_job.py:190} INFO - Processing /Users/prathyusha/Desktop/pranathi/airflow_cnn_pipeline_final/airflow_test_env/lib/python3.7/site-packages/airflow/example_dags/example_latest_only.py took 0.112 seconds
[2021-03-17 16:59:20,508] {scheduler_job.py:182} INFO - Started process (PID=30360) to work on /Users/prathyusha/Desktop/pranathi/airflow_cnn_pipeline_final/airflow_test_env/lib/python3.7/site-packages/airflow/example_dags/example_latest_only.py
[2021-03-17 16:59:20,512] {scheduler_job.py:629} INFO - Processing file /Users/prathyusha/Desktop/pranathi/airflow_cnn_pipeline_final/airflow_test_env/lib/python3.7/site-packages/airflow/example_dags/example_latest_only.py for tasks to queue
[2021-03-17 16:59:20,515] {logging_mixin.py:104} INFO - [2021-03-17 16:59:20,514] {dagbag.py:448} INFO - Filling up the DagBag from /Users/prathyusha/Desktop/pranathi/airflow_cnn_pipeline_final/airflow_test_env/lib/python3.7/site-packages/airflow/example_dags/example_latest_only.py
[2021-03-17 16:59:20,541] {scheduler_job.py:639} INFO - DAG(s) dict_keys(['latest_only']) retrieved from /Users/prathyusha/Desktop/pranathi/airflow_cnn_pipeline_final/airflow_test_env/lib/python3.7/site-packages/airflow/example_dags/example_latest_only.py
[2021-03-17 16:59:20,571] {logging_mixin.py:104} INFO - [2021-03-17 16:59:20,569] {dag.py:1818} INFO - Sync 1 DAGs
[2021-03-17 16:59:20,598] {logging_mixin.py:104} INFO - [2021-03-17 16:59:20,597] {dag.py:2273} INFO - Setting next_dagrun for latest_only to 2021-03-15 00:00:00+00:00
[2021-03-17 16:59:20,622] {scheduler_job.py:190} INFO - Processing /Users/prathyusha/Desktop/pranathi/airflow_cnn_pipeline_final/airflow_test_env/lib/python3.7/site-packages/airflow/example_dags/example_latest_only.py took 0.122 seconds
