[2021-03-17 16:32:17,244] {scheduler_job.py:182} INFO - Started process (PID=28214) to work on /Users/prathyusha/Desktop/pranathi/airflow_cnn_pipeline_final/airflow_test_env/lib/python3.7/site-packages/airflow/example_dags/example_complex.py
[2021-03-17 16:32:17,246] {scheduler_job.py:629} INFO - Processing file /Users/prathyusha/Desktop/pranathi/airflow_cnn_pipeline_final/airflow_test_env/lib/python3.7/site-packages/airflow/example_dags/example_complex.py for tasks to queue
[2021-03-17 16:32:17,247] {logging_mixin.py:104} INFO - [2021-03-17 16:32:17,247] {dagbag.py:448} INFO - Filling up the DagBag from /Users/prathyusha/Desktop/pranathi/airflow_cnn_pipeline_final/airflow_test_env/lib/python3.7/site-packages/airflow/example_dags/example_complex.py
[2021-03-17 16:32:17,265] {scheduler_job.py:639} INFO - DAG(s) dict_keys(['example_complex']) retrieved from /Users/prathyusha/Desktop/pranathi/airflow_cnn_pipeline_final/airflow_test_env/lib/python3.7/site-packages/airflow/example_dags/example_complex.py
[2021-03-17 16:32:17,285] {logging_mixin.py:104} INFO - [2021-03-17 16:32:17,284] {dag.py:1818} INFO - Sync 1 DAGs
[2021-03-17 16:32:17,294] {logging_mixin.py:104} INFO - [2021-03-17 16:32:17,294] {dag.py:2273} INFO - Setting next_dagrun for example_complex to None
[2021-03-17 16:32:17,307] {scheduler_job.py:190} INFO - Processing /Users/prathyusha/Desktop/pranathi/airflow_cnn_pipeline_final/airflow_test_env/lib/python3.7/site-packages/airflow/example_dags/example_complex.py took 0.066 seconds
[2021-03-17 16:32:48,616] {scheduler_job.py:182} INFO - Started process (PID=28266) to work on /Users/prathyusha/Desktop/pranathi/airflow_cnn_pipeline_final/airflow_test_env/lib/python3.7/site-packages/airflow/example_dags/example_complex.py
[2021-03-17 16:32:48,620] {scheduler_job.py:629} INFO - Processing file /Users/prathyusha/Desktop/pranathi/airflow_cnn_pipeline_final/airflow_test_env/lib/python3.7/site-packages/airflow/example_dags/example_complex.py for tasks to queue
[2021-03-17 16:32:48,621] {logging_mixin.py:104} INFO - [2021-03-17 16:32:48,621] {dagbag.py:448} INFO - Filling up the DagBag from /Users/prathyusha/Desktop/pranathi/airflow_cnn_pipeline_final/airflow_test_env/lib/python3.7/site-packages/airflow/example_dags/example_complex.py
[2021-03-17 16:32:48,641] {scheduler_job.py:639} INFO - DAG(s) dict_keys(['example_complex']) retrieved from /Users/prathyusha/Desktop/pranathi/airflow_cnn_pipeline_final/airflow_test_env/lib/python3.7/site-packages/airflow/example_dags/example_complex.py
[2021-03-17 16:32:48,664] {logging_mixin.py:104} INFO - [2021-03-17 16:32:48,663] {dag.py:1818} INFO - Sync 1 DAGs
[2021-03-17 16:32:48,680] {logging_mixin.py:104} INFO - [2021-03-17 16:32:48,679] {dag.py:2273} INFO - Setting next_dagrun for example_complex to None
[2021-03-17 16:32:48,690] {scheduler_job.py:190} INFO - Processing /Users/prathyusha/Desktop/pranathi/airflow_cnn_pipeline_final/airflow_test_env/lib/python3.7/site-packages/airflow/example_dags/example_complex.py took 0.079 seconds
[2021-03-17 16:33:19,446] {scheduler_job.py:182} INFO - Started process (PID=28295) to work on /Users/prathyusha/Desktop/pranathi/airflow_cnn_pipeline_final/airflow_test_env/lib/python3.7/site-packages/airflow/example_dags/example_complex.py
[2021-03-17 16:33:19,448] {scheduler_job.py:629} INFO - Processing file /Users/prathyusha/Desktop/pranathi/airflow_cnn_pipeline_final/airflow_test_env/lib/python3.7/site-packages/airflow/example_dags/example_complex.py for tasks to queue
[2021-03-17 16:33:19,450] {logging_mixin.py:104} INFO - [2021-03-17 16:33:19,450] {dagbag.py:448} INFO - Filling up the DagBag from /Users/prathyusha/Desktop/pranathi/airflow_cnn_pipeline_final/airflow_test_env/lib/python3.7/site-packages/airflow/example_dags/example_complex.py
[2021-03-17 16:33:19,469] {scheduler_job.py:639} INFO - DAG(s) dict_keys(['example_complex']) retrieved from /Users/prathyusha/Desktop/pranathi/airflow_cnn_pipeline_final/airflow_test_env/lib/python3.7/site-packages/airflow/example_dags/example_complex.py
[2021-03-17 16:33:19,487] {logging_mixin.py:104} INFO - [2021-03-17 16:33:19,487] {dag.py:1818} INFO - Sync 1 DAGs
[2021-03-17 16:33:19,497] {logging_mixin.py:104} INFO - [2021-03-17 16:33:19,497] {dag.py:2273} INFO - Setting next_dagrun for example_complex to None
[2021-03-17 16:33:19,504] {scheduler_job.py:190} INFO - Processing /Users/prathyusha/Desktop/pranathi/airflow_cnn_pipeline_final/airflow_test_env/lib/python3.7/site-packages/airflow/example_dags/example_complex.py took 0.062 seconds
[2021-03-17 16:33:50,283] {scheduler_job.py:182} INFO - Started process (PID=28330) to work on /Users/prathyusha/Desktop/pranathi/airflow_cnn_pipeline_final/airflow_test_env/lib/python3.7/site-packages/airflow/example_dags/example_complex.py
[2021-03-17 16:33:50,287] {scheduler_job.py:629} INFO - Processing file /Users/prathyusha/Desktop/pranathi/airflow_cnn_pipeline_final/airflow_test_env/lib/python3.7/site-packages/airflow/example_dags/example_complex.py for tasks to queue
[2021-03-17 16:33:50,288] {logging_mixin.py:104} INFO - [2021-03-17 16:33:50,288] {dagbag.py:448} INFO - Filling up the DagBag from /Users/prathyusha/Desktop/pranathi/airflow_cnn_pipeline_final/airflow_test_env/lib/python3.7/site-packages/airflow/example_dags/example_complex.py
[2021-03-17 16:33:50,310] {scheduler_job.py:639} INFO - DAG(s) dict_keys(['example_complex']) retrieved from /Users/prathyusha/Desktop/pranathi/airflow_cnn_pipeline_final/airflow_test_env/lib/python3.7/site-packages/airflow/example_dags/example_complex.py
[2021-03-17 16:33:50,331] {logging_mixin.py:104} INFO - [2021-03-17 16:33:50,331] {dag.py:1818} INFO - Sync 1 DAGs
[2021-03-17 16:33:50,343] {logging_mixin.py:104} INFO - [2021-03-17 16:33:50,342] {dag.py:2273} INFO - Setting next_dagrun for example_complex to None
[2021-03-17 16:33:50,352] {scheduler_job.py:190} INFO - Processing /Users/prathyusha/Desktop/pranathi/airflow_cnn_pipeline_final/airflow_test_env/lib/python3.7/site-packages/airflow/example_dags/example_complex.py took 0.072 seconds
[2021-03-17 16:34:21,009] {scheduler_job.py:182} INFO - Started process (PID=28359) to work on /Users/prathyusha/Desktop/pranathi/airflow_cnn_pipeline_final/airflow_test_env/lib/python3.7/site-packages/airflow/example_dags/example_complex.py
[2021-03-17 16:34:21,011] {scheduler_job.py:629} INFO - Processing file /Users/prathyusha/Desktop/pranathi/airflow_cnn_pipeline_final/airflow_test_env/lib/python3.7/site-packages/airflow/example_dags/example_complex.py for tasks to queue
[2021-03-17 16:34:21,012] {logging_mixin.py:104} INFO - [2021-03-17 16:34:21,012] {dagbag.py:448} INFO - Filling up the DagBag from /Users/prathyusha/Desktop/pranathi/airflow_cnn_pipeline_final/airflow_test_env/lib/python3.7/site-packages/airflow/example_dags/example_complex.py
[2021-03-17 16:34:21,031] {scheduler_job.py:639} INFO - DAG(s) dict_keys(['example_complex']) retrieved from /Users/prathyusha/Desktop/pranathi/airflow_cnn_pipeline_final/airflow_test_env/lib/python3.7/site-packages/airflow/example_dags/example_complex.py
[2021-03-17 16:34:21,049] {logging_mixin.py:104} INFO - [2021-03-17 16:34:21,048] {dag.py:1818} INFO - Sync 1 DAGs
[2021-03-17 16:34:21,059] {logging_mixin.py:104} INFO - [2021-03-17 16:34:21,058] {dag.py:2273} INFO - Setting next_dagrun for example_complex to None
[2021-03-17 16:34:21,066] {scheduler_job.py:190} INFO - Processing /Users/prathyusha/Desktop/pranathi/airflow_cnn_pipeline_final/airflow_test_env/lib/python3.7/site-packages/airflow/example_dags/example_complex.py took 0.061 seconds
[2021-03-17 16:34:51,811] {scheduler_job.py:182} INFO - Started process (PID=28388) to work on /Users/prathyusha/Desktop/pranathi/airflow_cnn_pipeline_final/airflow_test_env/lib/python3.7/site-packages/airflow/example_dags/example_complex.py
[2021-03-17 16:34:51,813] {scheduler_job.py:629} INFO - Processing file /Users/prathyusha/Desktop/pranathi/airflow_cnn_pipeline_final/airflow_test_env/lib/python3.7/site-packages/airflow/example_dags/example_complex.py for tasks to queue
[2021-03-17 16:34:51,815] {logging_mixin.py:104} INFO - [2021-03-17 16:34:51,814] {dagbag.py:448} INFO - Filling up the DagBag from /Users/prathyusha/Desktop/pranathi/airflow_cnn_pipeline_final/airflow_test_env/lib/python3.7/site-packages/airflow/example_dags/example_complex.py
[2021-03-17 16:34:51,834] {scheduler_job.py:639} INFO - DAG(s) dict_keys(['example_complex']) retrieved from /Users/prathyusha/Desktop/pranathi/airflow_cnn_pipeline_final/airflow_test_env/lib/python3.7/site-packages/airflow/example_dags/example_complex.py
[2021-03-17 16:34:51,852] {logging_mixin.py:104} INFO - [2021-03-17 16:34:51,852] {dag.py:1818} INFO - Sync 1 DAGs
[2021-03-17 16:34:51,862] {logging_mixin.py:104} INFO - [2021-03-17 16:34:51,862] {dag.py:2273} INFO - Setting next_dagrun for example_complex to None
[2021-03-17 16:34:51,870] {scheduler_job.py:190} INFO - Processing /Users/prathyusha/Desktop/pranathi/airflow_cnn_pipeline_final/airflow_test_env/lib/python3.7/site-packages/airflow/example_dags/example_complex.py took 0.062 seconds
[2021-03-17 16:35:22,540] {scheduler_job.py:182} INFO - Started process (PID=28424) to work on /Users/prathyusha/Desktop/pranathi/airflow_cnn_pipeline_final/airflow_test_env/lib/python3.7/site-packages/airflow/example_dags/example_complex.py
[2021-03-17 16:35:22,541] {scheduler_job.py:629} INFO - Processing file /Users/prathyusha/Desktop/pranathi/airflow_cnn_pipeline_final/airflow_test_env/lib/python3.7/site-packages/airflow/example_dags/example_complex.py for tasks to queue
[2021-03-17 16:35:22,543] {logging_mixin.py:104} INFO - [2021-03-17 16:35:22,542] {dagbag.py:448} INFO - Filling up the DagBag from /Users/prathyusha/Desktop/pranathi/airflow_cnn_pipeline_final/airflow_test_env/lib/python3.7/site-packages/airflow/example_dags/example_complex.py
[2021-03-17 16:35:22,561] {scheduler_job.py:639} INFO - DAG(s) dict_keys(['example_complex']) retrieved from /Users/prathyusha/Desktop/pranathi/airflow_cnn_pipeline_final/airflow_test_env/lib/python3.7/site-packages/airflow/example_dags/example_complex.py
[2021-03-17 16:35:22,580] {logging_mixin.py:104} INFO - [2021-03-17 16:35:22,580] {dag.py:1818} INFO - Sync 1 DAGs
[2021-03-17 16:35:22,592] {logging_mixin.py:104} INFO - [2021-03-17 16:35:22,591] {dag.py:2273} INFO - Setting next_dagrun for example_complex to None
[2021-03-17 16:35:22,600] {scheduler_job.py:190} INFO - Processing /Users/prathyusha/Desktop/pranathi/airflow_cnn_pipeline_final/airflow_test_env/lib/python3.7/site-packages/airflow/example_dags/example_complex.py took 0.064 seconds
[2021-03-17 16:35:53,382] {scheduler_job.py:182} INFO - Started process (PID=28466) to work on /Users/prathyusha/Desktop/pranathi/airflow_cnn_pipeline_final/airflow_test_env/lib/python3.7/site-packages/airflow/example_dags/example_complex.py
[2021-03-17 16:35:53,386] {scheduler_job.py:629} INFO - Processing file /Users/prathyusha/Desktop/pranathi/airflow_cnn_pipeline_final/airflow_test_env/lib/python3.7/site-packages/airflow/example_dags/example_complex.py for tasks to queue
[2021-03-17 16:35:53,388] {logging_mixin.py:104} INFO - [2021-03-17 16:35:53,387] {dagbag.py:448} INFO - Filling up the DagBag from /Users/prathyusha/Desktop/pranathi/airflow_cnn_pipeline_final/airflow_test_env/lib/python3.7/site-packages/airflow/example_dags/example_complex.py
[2021-03-17 16:35:53,407] {scheduler_job.py:639} INFO - DAG(s) dict_keys(['example_complex']) retrieved from /Users/prathyusha/Desktop/pranathi/airflow_cnn_pipeline_final/airflow_test_env/lib/python3.7/site-packages/airflow/example_dags/example_complex.py
[2021-03-17 16:35:53,426] {logging_mixin.py:104} INFO - [2021-03-17 16:35:53,426] {dag.py:1818} INFO - Sync 1 DAGs
[2021-03-17 16:35:53,437] {logging_mixin.py:104} INFO - [2021-03-17 16:35:53,437] {dag.py:2273} INFO - Setting next_dagrun for example_complex to None
[2021-03-17 16:35:53,445] {scheduler_job.py:190} INFO - Processing /Users/prathyusha/Desktop/pranathi/airflow_cnn_pipeline_final/airflow_test_env/lib/python3.7/site-packages/airflow/example_dags/example_complex.py took 0.067 seconds
[2021-03-17 16:36:24,184] {scheduler_job.py:182} INFO - Started process (PID=28501) to work on /Users/prathyusha/Desktop/pranathi/airflow_cnn_pipeline_final/airflow_test_env/lib/python3.7/site-packages/airflow/example_dags/example_complex.py
[2021-03-17 16:36:24,188] {scheduler_job.py:629} INFO - Processing file /Users/prathyusha/Desktop/pranathi/airflow_cnn_pipeline_final/airflow_test_env/lib/python3.7/site-packages/airflow/example_dags/example_complex.py for tasks to queue
[2021-03-17 16:36:24,189] {logging_mixin.py:104} INFO - [2021-03-17 16:36:24,189] {dagbag.py:448} INFO - Filling up the DagBag from /Users/prathyusha/Desktop/pranathi/airflow_cnn_pipeline_final/airflow_test_env/lib/python3.7/site-packages/airflow/example_dags/example_complex.py
[2021-03-17 16:36:24,212] {scheduler_job.py:639} INFO - DAG(s) dict_keys(['example_complex']) retrieved from /Users/prathyusha/Desktop/pranathi/airflow_cnn_pipeline_final/airflow_test_env/lib/python3.7/site-packages/airflow/example_dags/example_complex.py
[2021-03-17 16:36:24,230] {logging_mixin.py:104} INFO - [2021-03-17 16:36:24,229] {dag.py:1818} INFO - Sync 1 DAGs
[2021-03-17 16:36:24,240] {logging_mixin.py:104} INFO - [2021-03-17 16:36:24,240] {dag.py:2273} INFO - Setting next_dagrun for example_complex to None
[2021-03-17 16:36:24,248] {scheduler_job.py:190} INFO - Processing /Users/prathyusha/Desktop/pranathi/airflow_cnn_pipeline_final/airflow_test_env/lib/python3.7/site-packages/airflow/example_dags/example_complex.py took 0.068 seconds
[2021-03-17 16:36:55,024] {scheduler_job.py:182} INFO - Started process (PID=28530) to work on /Users/prathyusha/Desktop/pranathi/airflow_cnn_pipeline_final/airflow_test_env/lib/python3.7/site-packages/airflow/example_dags/example_complex.py
[2021-03-17 16:36:55,026] {scheduler_job.py:629} INFO - Processing file /Users/prathyusha/Desktop/pranathi/airflow_cnn_pipeline_final/airflow_test_env/lib/python3.7/site-packages/airflow/example_dags/example_complex.py for tasks to queue
[2021-03-17 16:36:55,027] {logging_mixin.py:104} INFO - [2021-03-17 16:36:55,027] {dagbag.py:448} INFO - Filling up the DagBag from /Users/prathyusha/Desktop/pranathi/airflow_cnn_pipeline_final/airflow_test_env/lib/python3.7/site-packages/airflow/example_dags/example_complex.py
[2021-03-17 16:36:55,047] {scheduler_job.py:639} INFO - DAG(s) dict_keys(['example_complex']) retrieved from /Users/prathyusha/Desktop/pranathi/airflow_cnn_pipeline_final/airflow_test_env/lib/python3.7/site-packages/airflow/example_dags/example_complex.py
[2021-03-17 16:36:55,067] {logging_mixin.py:104} INFO - [2021-03-17 16:36:55,066] {dag.py:1818} INFO - Sync 1 DAGs
[2021-03-17 16:36:55,078] {logging_mixin.py:104} INFO - [2021-03-17 16:36:55,078] {dag.py:2273} INFO - Setting next_dagrun for example_complex to None
[2021-03-17 16:36:55,086] {scheduler_job.py:190} INFO - Processing /Users/prathyusha/Desktop/pranathi/airflow_cnn_pipeline_final/airflow_test_env/lib/python3.7/site-packages/airflow/example_dags/example_complex.py took 0.066 seconds
[2021-03-17 16:37:25,867] {scheduler_job.py:182} INFO - Started process (PID=28560) to work on /Users/prathyusha/Desktop/pranathi/airflow_cnn_pipeline_final/airflow_test_env/lib/python3.7/site-packages/airflow/example_dags/example_complex.py
[2021-03-17 16:37:25,869] {scheduler_job.py:629} INFO - Processing file /Users/prathyusha/Desktop/pranathi/airflow_cnn_pipeline_final/airflow_test_env/lib/python3.7/site-packages/airflow/example_dags/example_complex.py for tasks to queue
[2021-03-17 16:37:25,871] {logging_mixin.py:104} INFO - [2021-03-17 16:37:25,870] {dagbag.py:448} INFO - Filling up the DagBag from /Users/prathyusha/Desktop/pranathi/airflow_cnn_pipeline_final/airflow_test_env/lib/python3.7/site-packages/airflow/example_dags/example_complex.py
[2021-03-17 16:37:25,890] {scheduler_job.py:639} INFO - DAG(s) dict_keys(['example_complex']) retrieved from /Users/prathyusha/Desktop/pranathi/airflow_cnn_pipeline_final/airflow_test_env/lib/python3.7/site-packages/airflow/example_dags/example_complex.py
[2021-03-17 16:37:25,908] {logging_mixin.py:104} INFO - [2021-03-17 16:37:25,908] {dag.py:1818} INFO - Sync 1 DAGs
[2021-03-17 16:37:25,919] {logging_mixin.py:104} INFO - [2021-03-17 16:37:25,918] {dag.py:2273} INFO - Setting next_dagrun for example_complex to None
[2021-03-17 16:37:25,927] {scheduler_job.py:190} INFO - Processing /Users/prathyusha/Desktop/pranathi/airflow_cnn_pipeline_final/airflow_test_env/lib/python3.7/site-packages/airflow/example_dags/example_complex.py took 0.064 seconds
[2021-03-17 16:37:56,608] {scheduler_job.py:182} INFO - Started process (PID=28593) to work on /Users/prathyusha/Desktop/pranathi/airflow_cnn_pipeline_final/airflow_test_env/lib/python3.7/site-packages/airflow/example_dags/example_complex.py
[2021-03-17 16:37:56,611] {scheduler_job.py:629} INFO - Processing file /Users/prathyusha/Desktop/pranathi/airflow_cnn_pipeline_final/airflow_test_env/lib/python3.7/site-packages/airflow/example_dags/example_complex.py for tasks to queue
[2021-03-17 16:37:56,612] {logging_mixin.py:104} INFO - [2021-03-17 16:37:56,611] {dagbag.py:448} INFO - Filling up the DagBag from /Users/prathyusha/Desktop/pranathi/airflow_cnn_pipeline_final/airflow_test_env/lib/python3.7/site-packages/airflow/example_dags/example_complex.py
[2021-03-17 16:37:56,630] {scheduler_job.py:639} INFO - DAG(s) dict_keys(['example_complex']) retrieved from /Users/prathyusha/Desktop/pranathi/airflow_cnn_pipeline_final/airflow_test_env/lib/python3.7/site-packages/airflow/example_dags/example_complex.py
[2021-03-17 16:37:56,648] {logging_mixin.py:104} INFO - [2021-03-17 16:37:56,648] {dag.py:1818} INFO - Sync 1 DAGs
[2021-03-17 16:37:56,658] {logging_mixin.py:104} INFO - [2021-03-17 16:37:56,658] {dag.py:2273} INFO - Setting next_dagrun for example_complex to None
[2021-03-17 16:37:56,666] {scheduler_job.py:190} INFO - Processing /Users/prathyusha/Desktop/pranathi/airflow_cnn_pipeline_final/airflow_test_env/lib/python3.7/site-packages/airflow/example_dags/example_complex.py took 0.062 seconds
[2021-03-17 16:38:27,448] {scheduler_job.py:182} INFO - Started process (PID=28623) to work on /Users/prathyusha/Desktop/pranathi/airflow_cnn_pipeline_final/airflow_test_env/lib/python3.7/site-packages/airflow/example_dags/example_complex.py
[2021-03-17 16:38:27,450] {scheduler_job.py:629} INFO - Processing file /Users/prathyusha/Desktop/pranathi/airflow_cnn_pipeline_final/airflow_test_env/lib/python3.7/site-packages/airflow/example_dags/example_complex.py for tasks to queue
[2021-03-17 16:38:27,451] {logging_mixin.py:104} INFO - [2021-03-17 16:38:27,451] {dagbag.py:448} INFO - Filling up the DagBag from /Users/prathyusha/Desktop/pranathi/airflow_cnn_pipeline_final/airflow_test_env/lib/python3.7/site-packages/airflow/example_dags/example_complex.py
[2021-03-17 16:38:27,471] {scheduler_job.py:639} INFO - DAG(s) dict_keys(['example_complex']) retrieved from /Users/prathyusha/Desktop/pranathi/airflow_cnn_pipeline_final/airflow_test_env/lib/python3.7/site-packages/airflow/example_dags/example_complex.py
[2021-03-17 16:38:27,490] {logging_mixin.py:104} INFO - [2021-03-17 16:38:27,490] {dag.py:1818} INFO - Sync 1 DAGs
[2021-03-17 16:38:27,500] {logging_mixin.py:104} INFO - [2021-03-17 16:38:27,500] {dag.py:2273} INFO - Setting next_dagrun for example_complex to None
[2021-03-17 16:38:27,508] {scheduler_job.py:190} INFO - Processing /Users/prathyusha/Desktop/pranathi/airflow_cnn_pipeline_final/airflow_test_env/lib/python3.7/site-packages/airflow/example_dags/example_complex.py took 0.064 seconds
[2021-03-17 16:38:58,284] {scheduler_job.py:182} INFO - Started process (PID=28690) to work on /Users/prathyusha/Desktop/pranathi/airflow_cnn_pipeline_final/airflow_test_env/lib/python3.7/site-packages/airflow/example_dags/example_complex.py
[2021-03-17 16:38:58,288] {scheduler_job.py:629} INFO - Processing file /Users/prathyusha/Desktop/pranathi/airflow_cnn_pipeline_final/airflow_test_env/lib/python3.7/site-packages/airflow/example_dags/example_complex.py for tasks to queue
[2021-03-17 16:38:58,290] {logging_mixin.py:104} INFO - [2021-03-17 16:38:58,289] {dagbag.py:448} INFO - Filling up the DagBag from /Users/prathyusha/Desktop/pranathi/airflow_cnn_pipeline_final/airflow_test_env/lib/python3.7/site-packages/airflow/example_dags/example_complex.py
[2021-03-17 16:38:58,311] {scheduler_job.py:639} INFO - DAG(s) dict_keys(['example_complex']) retrieved from /Users/prathyusha/Desktop/pranathi/airflow_cnn_pipeline_final/airflow_test_env/lib/python3.7/site-packages/airflow/example_dags/example_complex.py
[2021-03-17 16:38:58,331] {logging_mixin.py:104} INFO - [2021-03-17 16:38:58,331] {dag.py:1818} INFO - Sync 1 DAGs
[2021-03-17 16:38:58,343] {logging_mixin.py:104} INFO - [2021-03-17 16:38:58,342] {dag.py:2273} INFO - Setting next_dagrun for example_complex to None
[2021-03-17 16:38:58,351] {scheduler_job.py:190} INFO - Processing /Users/prathyusha/Desktop/pranathi/airflow_cnn_pipeline_final/airflow_test_env/lib/python3.7/site-packages/airflow/example_dags/example_complex.py took 0.071 seconds
[2021-03-17 16:39:29,017] {scheduler_job.py:182} INFO - Started process (PID=28738) to work on /Users/prathyusha/Desktop/pranathi/airflow_cnn_pipeline_final/airflow_test_env/lib/python3.7/site-packages/airflow/example_dags/example_complex.py
[2021-03-17 16:39:29,019] {scheduler_job.py:629} INFO - Processing file /Users/prathyusha/Desktop/pranathi/airflow_cnn_pipeline_final/airflow_test_env/lib/python3.7/site-packages/airflow/example_dags/example_complex.py for tasks to queue
[2021-03-17 16:39:29,020] {logging_mixin.py:104} INFO - [2021-03-17 16:39:29,020] {dagbag.py:448} INFO - Filling up the DagBag from /Users/prathyusha/Desktop/pranathi/airflow_cnn_pipeline_final/airflow_test_env/lib/python3.7/site-packages/airflow/example_dags/example_complex.py
[2021-03-17 16:39:29,040] {scheduler_job.py:639} INFO - DAG(s) dict_keys(['example_complex']) retrieved from /Users/prathyusha/Desktop/pranathi/airflow_cnn_pipeline_final/airflow_test_env/lib/python3.7/site-packages/airflow/example_dags/example_complex.py
[2021-03-17 16:39:29,058] {logging_mixin.py:104} INFO - [2021-03-17 16:39:29,057] {dag.py:1818} INFO - Sync 1 DAGs
[2021-03-17 16:39:29,068] {logging_mixin.py:104} INFO - [2021-03-17 16:39:29,068] {dag.py:2273} INFO - Setting next_dagrun for example_complex to None
[2021-03-17 16:39:29,075] {scheduler_job.py:190} INFO - Processing /Users/prathyusha/Desktop/pranathi/airflow_cnn_pipeline_final/airflow_test_env/lib/python3.7/site-packages/airflow/example_dags/example_complex.py took 0.062 seconds
[2021-03-17 16:39:59,626] {scheduler_job.py:182} INFO - Started process (PID=28767) to work on /Users/prathyusha/Desktop/pranathi/airflow_cnn_pipeline_final/airflow_test_env/lib/python3.7/site-packages/airflow/example_dags/example_complex.py
[2021-03-17 16:39:59,627] {scheduler_job.py:629} INFO - Processing file /Users/prathyusha/Desktop/pranathi/airflow_cnn_pipeline_final/airflow_test_env/lib/python3.7/site-packages/airflow/example_dags/example_complex.py for tasks to queue
[2021-03-17 16:39:59,629] {logging_mixin.py:104} INFO - [2021-03-17 16:39:59,628] {dagbag.py:448} INFO - Filling up the DagBag from /Users/prathyusha/Desktop/pranathi/airflow_cnn_pipeline_final/airflow_test_env/lib/python3.7/site-packages/airflow/example_dags/example_complex.py
[2021-03-17 16:39:59,648] {scheduler_job.py:639} INFO - DAG(s) dict_keys(['example_complex']) retrieved from /Users/prathyusha/Desktop/pranathi/airflow_cnn_pipeline_final/airflow_test_env/lib/python3.7/site-packages/airflow/example_dags/example_complex.py
[2021-03-17 16:39:59,667] {logging_mixin.py:104} INFO - [2021-03-17 16:39:59,666] {dag.py:1818} INFO - Sync 1 DAGs
[2021-03-17 16:39:59,678] {logging_mixin.py:104} INFO - [2021-03-17 16:39:59,677] {dag.py:2273} INFO - Setting next_dagrun for example_complex to None
[2021-03-17 16:39:59,685] {scheduler_job.py:190} INFO - Processing /Users/prathyusha/Desktop/pranathi/airflow_cnn_pipeline_final/airflow_test_env/lib/python3.7/site-packages/airflow/example_dags/example_complex.py took 0.064 seconds
[2021-03-17 16:40:30,441] {scheduler_job.py:182} INFO - Started process (PID=28819) to work on /Users/prathyusha/Desktop/pranathi/airflow_cnn_pipeline_final/airflow_test_env/lib/python3.7/site-packages/airflow/example_dags/example_complex.py
[2021-03-17 16:40:30,444] {scheduler_job.py:629} INFO - Processing file /Users/prathyusha/Desktop/pranathi/airflow_cnn_pipeline_final/airflow_test_env/lib/python3.7/site-packages/airflow/example_dags/example_complex.py for tasks to queue
[2021-03-17 16:40:30,446] {logging_mixin.py:104} INFO - [2021-03-17 16:40:30,446] {dagbag.py:448} INFO - Filling up the DagBag from /Users/prathyusha/Desktop/pranathi/airflow_cnn_pipeline_final/airflow_test_env/lib/python3.7/site-packages/airflow/example_dags/example_complex.py
[2021-03-17 16:40:30,471] {scheduler_job.py:639} INFO - DAG(s) dict_keys(['example_complex']) retrieved from /Users/prathyusha/Desktop/pranathi/airflow_cnn_pipeline_final/airflow_test_env/lib/python3.7/site-packages/airflow/example_dags/example_complex.py
[2021-03-17 16:40:30,495] {logging_mixin.py:104} INFO - [2021-03-17 16:40:30,494] {dag.py:1818} INFO - Sync 1 DAGs
[2021-03-17 16:40:30,508] {logging_mixin.py:104} INFO - [2021-03-17 16:40:30,507] {dag.py:2273} INFO - Setting next_dagrun for example_complex to None
[2021-03-17 16:40:30,517] {scheduler_job.py:190} INFO - Processing /Users/prathyusha/Desktop/pranathi/airflow_cnn_pipeline_final/airflow_test_env/lib/python3.7/site-packages/airflow/example_dags/example_complex.py took 0.080 seconds
[2021-03-17 16:41:01,514] {scheduler_job.py:182} INFO - Started process (PID=28853) to work on /Users/prathyusha/Desktop/pranathi/airflow_cnn_pipeline_final/airflow_test_env/lib/python3.7/site-packages/airflow/example_dags/example_complex.py
[2021-03-17 16:41:01,519] {scheduler_job.py:629} INFO - Processing file /Users/prathyusha/Desktop/pranathi/airflow_cnn_pipeline_final/airflow_test_env/lib/python3.7/site-packages/airflow/example_dags/example_complex.py for tasks to queue
[2021-03-17 16:41:01,521] {logging_mixin.py:104} INFO - [2021-03-17 16:41:01,520] {dagbag.py:448} INFO - Filling up the DagBag from /Users/prathyusha/Desktop/pranathi/airflow_cnn_pipeline_final/airflow_test_env/lib/python3.7/site-packages/airflow/example_dags/example_complex.py
[2021-03-17 16:41:01,541] {scheduler_job.py:639} INFO - DAG(s) dict_keys(['example_complex']) retrieved from /Users/prathyusha/Desktop/pranathi/airflow_cnn_pipeline_final/airflow_test_env/lib/python3.7/site-packages/airflow/example_dags/example_complex.py
[2021-03-17 16:41:01,560] {logging_mixin.py:104} INFO - [2021-03-17 16:41:01,560] {dag.py:1818} INFO - Sync 1 DAGs
[2021-03-17 16:41:01,572] {logging_mixin.py:104} INFO - [2021-03-17 16:41:01,571] {dag.py:2273} INFO - Setting next_dagrun for example_complex to None
[2021-03-17 16:41:01,579] {scheduler_job.py:190} INFO - Processing /Users/prathyusha/Desktop/pranathi/airflow_cnn_pipeline_final/airflow_test_env/lib/python3.7/site-packages/airflow/example_dags/example_complex.py took 0.069 seconds
[2021-03-17 16:41:32,350] {scheduler_job.py:182} INFO - Started process (PID=28883) to work on /Users/prathyusha/Desktop/pranathi/airflow_cnn_pipeline_final/airflow_test_env/lib/python3.7/site-packages/airflow/example_dags/example_complex.py
[2021-03-17 16:41:32,354] {scheduler_job.py:629} INFO - Processing file /Users/prathyusha/Desktop/pranathi/airflow_cnn_pipeline_final/airflow_test_env/lib/python3.7/site-packages/airflow/example_dags/example_complex.py for tasks to queue
[2021-03-17 16:41:32,355] {logging_mixin.py:104} INFO - [2021-03-17 16:41:32,355] {dagbag.py:448} INFO - Filling up the DagBag from /Users/prathyusha/Desktop/pranathi/airflow_cnn_pipeline_final/airflow_test_env/lib/python3.7/site-packages/airflow/example_dags/example_complex.py
[2021-03-17 16:41:32,377] {scheduler_job.py:639} INFO - DAG(s) dict_keys(['example_complex']) retrieved from /Users/prathyusha/Desktop/pranathi/airflow_cnn_pipeline_final/airflow_test_env/lib/python3.7/site-packages/airflow/example_dags/example_complex.py
[2021-03-17 16:41:32,396] {logging_mixin.py:104} INFO - [2021-03-17 16:41:32,396] {dag.py:1818} INFO - Sync 1 DAGs
[2021-03-17 16:41:32,407] {logging_mixin.py:104} INFO - [2021-03-17 16:41:32,406] {dag.py:2273} INFO - Setting next_dagrun for example_complex to None
[2021-03-17 16:41:32,415] {scheduler_job.py:190} INFO - Processing /Users/prathyusha/Desktop/pranathi/airflow_cnn_pipeline_final/airflow_test_env/lib/python3.7/site-packages/airflow/example_dags/example_complex.py took 0.070 seconds
[2021-03-17 16:42:03,508] {scheduler_job.py:182} INFO - Started process (PID=28923) to work on /Users/prathyusha/Desktop/pranathi/airflow_cnn_pipeline_final/airflow_test_env/lib/python3.7/site-packages/airflow/example_dags/example_complex.py
[2021-03-17 16:42:03,511] {scheduler_job.py:629} INFO - Processing file /Users/prathyusha/Desktop/pranathi/airflow_cnn_pipeline_final/airflow_test_env/lib/python3.7/site-packages/airflow/example_dags/example_complex.py for tasks to queue
[2021-03-17 16:42:03,513] {logging_mixin.py:104} INFO - [2021-03-17 16:42:03,513] {dagbag.py:448} INFO - Filling up the DagBag from /Users/prathyusha/Desktop/pranathi/airflow_cnn_pipeline_final/airflow_test_env/lib/python3.7/site-packages/airflow/example_dags/example_complex.py
[2021-03-17 16:42:03,543] {scheduler_job.py:639} INFO - DAG(s) dict_keys(['example_complex']) retrieved from /Users/prathyusha/Desktop/pranathi/airflow_cnn_pipeline_final/airflow_test_env/lib/python3.7/site-packages/airflow/example_dags/example_complex.py
[2021-03-17 16:42:03,566] {logging_mixin.py:104} INFO - [2021-03-17 16:42:03,565] {dag.py:1818} INFO - Sync 1 DAGs
[2021-03-17 16:42:03,582] {logging_mixin.py:104} INFO - [2021-03-17 16:42:03,582] {dag.py:2273} INFO - Setting next_dagrun for example_complex to None
[2021-03-17 16:42:03,591] {scheduler_job.py:190} INFO - Processing /Users/prathyusha/Desktop/pranathi/airflow_cnn_pipeline_final/airflow_test_env/lib/python3.7/site-packages/airflow/example_dags/example_complex.py took 0.088 seconds
[2021-03-17 16:42:34,141] {scheduler_job.py:182} INFO - Started process (PID=28954) to work on /Users/prathyusha/Desktop/pranathi/airflow_cnn_pipeline_final/airflow_test_env/lib/python3.7/site-packages/airflow/example_dags/example_complex.py
[2021-03-17 16:42:34,143] {scheduler_job.py:629} INFO - Processing file /Users/prathyusha/Desktop/pranathi/airflow_cnn_pipeline_final/airflow_test_env/lib/python3.7/site-packages/airflow/example_dags/example_complex.py for tasks to queue
[2021-03-17 16:42:34,145] {logging_mixin.py:104} INFO - [2021-03-17 16:42:34,144] {dagbag.py:448} INFO - Filling up the DagBag from /Users/prathyusha/Desktop/pranathi/airflow_cnn_pipeline_final/airflow_test_env/lib/python3.7/site-packages/airflow/example_dags/example_complex.py
[2021-03-17 16:42:34,171] {scheduler_job.py:639} INFO - DAG(s) dict_keys(['example_complex']) retrieved from /Users/prathyusha/Desktop/pranathi/airflow_cnn_pipeline_final/airflow_test_env/lib/python3.7/site-packages/airflow/example_dags/example_complex.py
[2021-03-17 16:42:34,192] {logging_mixin.py:104} INFO - [2021-03-17 16:42:34,192] {dag.py:1818} INFO - Sync 1 DAGs
[2021-03-17 16:42:34,204] {logging_mixin.py:104} INFO - [2021-03-17 16:42:34,204] {dag.py:2273} INFO - Setting next_dagrun for example_complex to None
[2021-03-17 16:42:34,213] {scheduler_job.py:190} INFO - Processing /Users/prathyusha/Desktop/pranathi/airflow_cnn_pipeline_final/airflow_test_env/lib/python3.7/site-packages/airflow/example_dags/example_complex.py took 0.077 seconds
[2021-03-17 16:43:04,783] {scheduler_job.py:182} INFO - Started process (PID=28983) to work on /Users/prathyusha/Desktop/pranathi/airflow_cnn_pipeline_final/airflow_test_env/lib/python3.7/site-packages/airflow/example_dags/example_complex.py
[2021-03-17 16:43:04,786] {scheduler_job.py:629} INFO - Processing file /Users/prathyusha/Desktop/pranathi/airflow_cnn_pipeline_final/airflow_test_env/lib/python3.7/site-packages/airflow/example_dags/example_complex.py for tasks to queue
[2021-03-17 16:43:04,787] {logging_mixin.py:104} INFO - [2021-03-17 16:43:04,787] {dagbag.py:448} INFO - Filling up the DagBag from /Users/prathyusha/Desktop/pranathi/airflow_cnn_pipeline_final/airflow_test_env/lib/python3.7/site-packages/airflow/example_dags/example_complex.py
[2021-03-17 16:43:04,805] {scheduler_job.py:639} INFO - DAG(s) dict_keys(['example_complex']) retrieved from /Users/prathyusha/Desktop/pranathi/airflow_cnn_pipeline_final/airflow_test_env/lib/python3.7/site-packages/airflow/example_dags/example_complex.py
[2021-03-17 16:43:04,830] {logging_mixin.py:104} INFO - [2021-03-17 16:43:04,830] {dag.py:1818} INFO - Sync 1 DAGs
[2021-03-17 16:43:04,843] {logging_mixin.py:104} INFO - [2021-03-17 16:43:04,842] {dag.py:2273} INFO - Setting next_dagrun for example_complex to None
[2021-03-17 16:43:04,856] {scheduler_job.py:190} INFO - Processing /Users/prathyusha/Desktop/pranathi/airflow_cnn_pipeline_final/airflow_test_env/lib/python3.7/site-packages/airflow/example_dags/example_complex.py took 0.077 seconds
[2021-03-17 16:43:35,445] {scheduler_job.py:182} INFO - Started process (PID=29017) to work on /Users/prathyusha/Desktop/pranathi/airflow_cnn_pipeline_final/airflow_test_env/lib/python3.7/site-packages/airflow/example_dags/example_complex.py
[2021-03-17 16:43:35,447] {scheduler_job.py:629} INFO - Processing file /Users/prathyusha/Desktop/pranathi/airflow_cnn_pipeline_final/airflow_test_env/lib/python3.7/site-packages/airflow/example_dags/example_complex.py for tasks to queue
[2021-03-17 16:43:35,449] {logging_mixin.py:104} INFO - [2021-03-17 16:43:35,448] {dagbag.py:448} INFO - Filling up the DagBag from /Users/prathyusha/Desktop/pranathi/airflow_cnn_pipeline_final/airflow_test_env/lib/python3.7/site-packages/airflow/example_dags/example_complex.py
[2021-03-17 16:43:35,469] {scheduler_job.py:639} INFO - DAG(s) dict_keys(['example_complex']) retrieved from /Users/prathyusha/Desktop/pranathi/airflow_cnn_pipeline_final/airflow_test_env/lib/python3.7/site-packages/airflow/example_dags/example_complex.py
[2021-03-17 16:43:35,489] {logging_mixin.py:104} INFO - [2021-03-17 16:43:35,488] {dag.py:1818} INFO - Sync 1 DAGs
[2021-03-17 16:43:35,504] {logging_mixin.py:104} INFO - [2021-03-17 16:43:35,503] {dag.py:2273} INFO - Setting next_dagrun for example_complex to None
[2021-03-17 16:43:35,516] {scheduler_job.py:190} INFO - Processing /Users/prathyusha/Desktop/pranathi/airflow_cnn_pipeline_final/airflow_test_env/lib/python3.7/site-packages/airflow/example_dags/example_complex.py took 0.077 seconds
[2021-03-17 16:44:06,085] {scheduler_job.py:182} INFO - Started process (PID=29049) to work on /Users/prathyusha/Desktop/pranathi/airflow_cnn_pipeline_final/airflow_test_env/lib/python3.7/site-packages/airflow/example_dags/example_complex.py
[2021-03-17 16:44:06,087] {scheduler_job.py:629} INFO - Processing file /Users/prathyusha/Desktop/pranathi/airflow_cnn_pipeline_final/airflow_test_env/lib/python3.7/site-packages/airflow/example_dags/example_complex.py for tasks to queue
[2021-03-17 16:44:06,088] {logging_mixin.py:104} INFO - [2021-03-17 16:44:06,088] {dagbag.py:448} INFO - Filling up the DagBag from /Users/prathyusha/Desktop/pranathi/airflow_cnn_pipeline_final/airflow_test_env/lib/python3.7/site-packages/airflow/example_dags/example_complex.py
[2021-03-17 16:44:06,113] {scheduler_job.py:639} INFO - DAG(s) dict_keys(['example_complex']) retrieved from /Users/prathyusha/Desktop/pranathi/airflow_cnn_pipeline_final/airflow_test_env/lib/python3.7/site-packages/airflow/example_dags/example_complex.py
[2021-03-17 16:44:06,134] {logging_mixin.py:104} INFO - [2021-03-17 16:44:06,133] {dag.py:1818} INFO - Sync 1 DAGs
[2021-03-17 16:44:06,146] {logging_mixin.py:104} INFO - [2021-03-17 16:44:06,146] {dag.py:2273} INFO - Setting next_dagrun for example_complex to None
[2021-03-17 16:44:06,154] {scheduler_job.py:190} INFO - Processing /Users/prathyusha/Desktop/pranathi/airflow_cnn_pipeline_final/airflow_test_env/lib/python3.7/site-packages/airflow/example_dags/example_complex.py took 0.076 seconds
[2021-03-17 16:44:36,609] {scheduler_job.py:182} INFO - Started process (PID=29080) to work on /Users/prathyusha/Desktop/pranathi/airflow_cnn_pipeline_final/airflow_test_env/lib/python3.7/site-packages/airflow/example_dags/example_complex.py
[2021-03-17 16:44:36,611] {scheduler_job.py:629} INFO - Processing file /Users/prathyusha/Desktop/pranathi/airflow_cnn_pipeline_final/airflow_test_env/lib/python3.7/site-packages/airflow/example_dags/example_complex.py for tasks to queue
[2021-03-17 16:44:36,613] {logging_mixin.py:104} INFO - [2021-03-17 16:44:36,612] {dagbag.py:448} INFO - Filling up the DagBag from /Users/prathyusha/Desktop/pranathi/airflow_cnn_pipeline_final/airflow_test_env/lib/python3.7/site-packages/airflow/example_dags/example_complex.py
[2021-03-17 16:44:36,642] {scheduler_job.py:639} INFO - DAG(s) dict_keys(['example_complex']) retrieved from /Users/prathyusha/Desktop/pranathi/airflow_cnn_pipeline_final/airflow_test_env/lib/python3.7/site-packages/airflow/example_dags/example_complex.py
[2021-03-17 16:44:36,666] {logging_mixin.py:104} INFO - [2021-03-17 16:44:36,666] {dag.py:1818} INFO - Sync 1 DAGs
[2021-03-17 16:44:36,682] {logging_mixin.py:104} INFO - [2021-03-17 16:44:36,682] {dag.py:2273} INFO - Setting next_dagrun for example_complex to None
[2021-03-17 16:44:36,695] {scheduler_job.py:190} INFO - Processing /Users/prathyusha/Desktop/pranathi/airflow_cnn_pipeline_final/airflow_test_env/lib/python3.7/site-packages/airflow/example_dags/example_complex.py took 0.091 seconds
[2021-03-17 16:45:07,364] {scheduler_job.py:182} INFO - Started process (PID=29115) to work on /Users/prathyusha/Desktop/pranathi/airflow_cnn_pipeline_final/airflow_test_env/lib/python3.7/site-packages/airflow/example_dags/example_complex.py
[2021-03-17 16:45:07,366] {scheduler_job.py:629} INFO - Processing file /Users/prathyusha/Desktop/pranathi/airflow_cnn_pipeline_final/airflow_test_env/lib/python3.7/site-packages/airflow/example_dags/example_complex.py for tasks to queue
[2021-03-17 16:45:07,369] {logging_mixin.py:104} INFO - [2021-03-17 16:45:07,368] {dagbag.py:448} INFO - Filling up the DagBag from /Users/prathyusha/Desktop/pranathi/airflow_cnn_pipeline_final/airflow_test_env/lib/python3.7/site-packages/airflow/example_dags/example_complex.py
[2021-03-17 16:45:07,398] {scheduler_job.py:639} INFO - DAG(s) dict_keys(['example_complex']) retrieved from /Users/prathyusha/Desktop/pranathi/airflow_cnn_pipeline_final/airflow_test_env/lib/python3.7/site-packages/airflow/example_dags/example_complex.py
[2021-03-17 16:45:07,425] {logging_mixin.py:104} INFO - [2021-03-17 16:45:07,425] {dag.py:1818} INFO - Sync 1 DAGs
[2021-03-17 16:45:07,446] {logging_mixin.py:104} INFO - [2021-03-17 16:45:07,445] {dag.py:2273} INFO - Setting next_dagrun for example_complex to None
[2021-03-17 16:45:07,463] {scheduler_job.py:190} INFO - Processing /Users/prathyusha/Desktop/pranathi/airflow_cnn_pipeline_final/airflow_test_env/lib/python3.7/site-packages/airflow/example_dags/example_complex.py took 0.105 seconds
[2021-03-17 16:45:37,785] {scheduler_job.py:182} INFO - Started process (PID=29157) to work on /Users/prathyusha/Desktop/pranathi/airflow_cnn_pipeline_final/airflow_test_env/lib/python3.7/site-packages/airflow/example_dags/example_complex.py
[2021-03-17 16:45:37,790] {scheduler_job.py:629} INFO - Processing file /Users/prathyusha/Desktop/pranathi/airflow_cnn_pipeline_final/airflow_test_env/lib/python3.7/site-packages/airflow/example_dags/example_complex.py for tasks to queue
[2021-03-17 16:45:37,793] {logging_mixin.py:104} INFO - [2021-03-17 16:45:37,792] {dagbag.py:448} INFO - Filling up the DagBag from /Users/prathyusha/Desktop/pranathi/airflow_cnn_pipeline_final/airflow_test_env/lib/python3.7/site-packages/airflow/example_dags/example_complex.py
[2021-03-17 16:45:37,825] {scheduler_job.py:639} INFO - DAG(s) dict_keys(['example_complex']) retrieved from /Users/prathyusha/Desktop/pranathi/airflow_cnn_pipeline_final/airflow_test_env/lib/python3.7/site-packages/airflow/example_dags/example_complex.py
[2021-03-17 16:45:37,850] {logging_mixin.py:104} INFO - [2021-03-17 16:45:37,849] {dag.py:1818} INFO - Sync 1 DAGs
[2021-03-17 16:45:37,863] {logging_mixin.py:104} INFO - [2021-03-17 16:45:37,862] {dag.py:2273} INFO - Setting next_dagrun for example_complex to None
[2021-03-17 16:45:37,872] {scheduler_job.py:190} INFO - Processing /Users/prathyusha/Desktop/pranathi/airflow_cnn_pipeline_final/airflow_test_env/lib/python3.7/site-packages/airflow/example_dags/example_complex.py took 0.092 seconds
[2021-03-17 16:46:08,105] {scheduler_job.py:182} INFO - Started process (PID=29198) to work on /Users/prathyusha/Desktop/pranathi/airflow_cnn_pipeline_final/airflow_test_env/lib/python3.7/site-packages/airflow/example_dags/example_complex.py
[2021-03-17 16:46:08,109] {scheduler_job.py:629} INFO - Processing file /Users/prathyusha/Desktop/pranathi/airflow_cnn_pipeline_final/airflow_test_env/lib/python3.7/site-packages/airflow/example_dags/example_complex.py for tasks to queue
[2021-03-17 16:46:08,111] {logging_mixin.py:104} INFO - [2021-03-17 16:46:08,110] {dagbag.py:448} INFO - Filling up the DagBag from /Users/prathyusha/Desktop/pranathi/airflow_cnn_pipeline_final/airflow_test_env/lib/python3.7/site-packages/airflow/example_dags/example_complex.py
[2021-03-17 16:46:08,131] {scheduler_job.py:639} INFO - DAG(s) dict_keys(['example_complex']) retrieved from /Users/prathyusha/Desktop/pranathi/airflow_cnn_pipeline_final/airflow_test_env/lib/python3.7/site-packages/airflow/example_dags/example_complex.py
[2021-03-17 16:46:08,152] {logging_mixin.py:104} INFO - [2021-03-17 16:46:08,152] {dag.py:1818} INFO - Sync 1 DAGs
[2021-03-17 16:46:08,166] {logging_mixin.py:104} INFO - [2021-03-17 16:46:08,166] {dag.py:2273} INFO - Setting next_dagrun for example_complex to None
[2021-03-17 16:46:08,176] {scheduler_job.py:190} INFO - Processing /Users/prathyusha/Desktop/pranathi/airflow_cnn_pipeline_final/airflow_test_env/lib/python3.7/site-packages/airflow/example_dags/example_complex.py took 0.077 seconds
[2021-03-17 16:46:38,400] {scheduler_job.py:182} INFO - Started process (PID=29303) to work on /Users/prathyusha/Desktop/pranathi/airflow_cnn_pipeline_final/airflow_test_env/lib/python3.7/site-packages/airflow/example_dags/example_complex.py
[2021-03-17 16:46:38,405] {scheduler_job.py:629} INFO - Processing file /Users/prathyusha/Desktop/pranathi/airflow_cnn_pipeline_final/airflow_test_env/lib/python3.7/site-packages/airflow/example_dags/example_complex.py for tasks to queue
[2021-03-17 16:46:38,406] {logging_mixin.py:104} INFO - [2021-03-17 16:46:38,406] {dagbag.py:448} INFO - Filling up the DagBag from /Users/prathyusha/Desktop/pranathi/airflow_cnn_pipeline_final/airflow_test_env/lib/python3.7/site-packages/airflow/example_dags/example_complex.py
[2021-03-17 16:46:38,431] {scheduler_job.py:639} INFO - DAG(s) dict_keys(['example_complex']) retrieved from /Users/prathyusha/Desktop/pranathi/airflow_cnn_pipeline_final/airflow_test_env/lib/python3.7/site-packages/airflow/example_dags/example_complex.py
[2021-03-17 16:46:38,453] {logging_mixin.py:104} INFO - [2021-03-17 16:46:38,452] {dag.py:1818} INFO - Sync 1 DAGs
[2021-03-17 16:46:38,465] {logging_mixin.py:104} INFO - [2021-03-17 16:46:38,464] {dag.py:2273} INFO - Setting next_dagrun for example_complex to None
[2021-03-17 16:46:38,473] {scheduler_job.py:190} INFO - Processing /Users/prathyusha/Desktop/pranathi/airflow_cnn_pipeline_final/airflow_test_env/lib/python3.7/site-packages/airflow/example_dags/example_complex.py took 0.078 seconds
[2021-03-17 16:47:09,888] {scheduler_job.py:182} INFO - Started process (PID=29339) to work on /Users/prathyusha/Desktop/pranathi/airflow_cnn_pipeline_final/airflow_test_env/lib/python3.7/site-packages/airflow/example_dags/example_complex.py
[2021-03-17 16:47:09,891] {scheduler_job.py:629} INFO - Processing file /Users/prathyusha/Desktop/pranathi/airflow_cnn_pipeline_final/airflow_test_env/lib/python3.7/site-packages/airflow/example_dags/example_complex.py for tasks to queue
[2021-03-17 16:47:09,893] {logging_mixin.py:104} INFO - [2021-03-17 16:47:09,892] {dagbag.py:448} INFO - Filling up the DagBag from /Users/prathyusha/Desktop/pranathi/airflow_cnn_pipeline_final/airflow_test_env/lib/python3.7/site-packages/airflow/example_dags/example_complex.py
[2021-03-17 16:47:09,924] {scheduler_job.py:639} INFO - DAG(s) dict_keys(['example_complex']) retrieved from /Users/prathyusha/Desktop/pranathi/airflow_cnn_pipeline_final/airflow_test_env/lib/python3.7/site-packages/airflow/example_dags/example_complex.py
[2021-03-17 16:47:09,962] {logging_mixin.py:104} INFO - [2021-03-17 16:47:09,961] {dag.py:1818} INFO - Sync 1 DAGs
[2021-03-17 16:47:09,975] {logging_mixin.py:104} INFO - [2021-03-17 16:47:09,974] {dag.py:2273} INFO - Setting next_dagrun for example_complex to None
[2021-03-17 16:47:09,987] {scheduler_job.py:190} INFO - Processing /Users/prathyusha/Desktop/pranathi/airflow_cnn_pipeline_final/airflow_test_env/lib/python3.7/site-packages/airflow/example_dags/example_complex.py took 0.103 seconds
[2021-03-17 16:47:40,208] {scheduler_job.py:182} INFO - Started process (PID=29372) to work on /Users/prathyusha/Desktop/pranathi/airflow_cnn_pipeline_final/airflow_test_env/lib/python3.7/site-packages/airflow/example_dags/example_complex.py
[2021-03-17 16:47:40,211] {scheduler_job.py:629} INFO - Processing file /Users/prathyusha/Desktop/pranathi/airflow_cnn_pipeline_final/airflow_test_env/lib/python3.7/site-packages/airflow/example_dags/example_complex.py for tasks to queue
[2021-03-17 16:47:40,213] {logging_mixin.py:104} INFO - [2021-03-17 16:47:40,212] {dagbag.py:448} INFO - Filling up the DagBag from /Users/prathyusha/Desktop/pranathi/airflow_cnn_pipeline_final/airflow_test_env/lib/python3.7/site-packages/airflow/example_dags/example_complex.py
[2021-03-17 16:47:40,236] {scheduler_job.py:639} INFO - DAG(s) dict_keys(['example_complex']) retrieved from /Users/prathyusha/Desktop/pranathi/airflow_cnn_pipeline_final/airflow_test_env/lib/python3.7/site-packages/airflow/example_dags/example_complex.py
[2021-03-17 16:47:40,262] {logging_mixin.py:104} INFO - [2021-03-17 16:47:40,261] {dag.py:1818} INFO - Sync 1 DAGs
[2021-03-17 16:47:40,276] {logging_mixin.py:104} INFO - [2021-03-17 16:47:40,275] {dag.py:2273} INFO - Setting next_dagrun for example_complex to None
[2021-03-17 16:47:40,286] {scheduler_job.py:190} INFO - Processing /Users/prathyusha/Desktop/pranathi/airflow_cnn_pipeline_final/airflow_test_env/lib/python3.7/site-packages/airflow/example_dags/example_complex.py took 0.083 seconds
[2021-03-17 16:48:10,516] {scheduler_job.py:182} INFO - Started process (PID=29402) to work on /Users/prathyusha/Desktop/pranathi/airflow_cnn_pipeline_final/airflow_test_env/lib/python3.7/site-packages/airflow/example_dags/example_complex.py
[2021-03-17 16:48:10,523] {scheduler_job.py:629} INFO - Processing file /Users/prathyusha/Desktop/pranathi/airflow_cnn_pipeline_final/airflow_test_env/lib/python3.7/site-packages/airflow/example_dags/example_complex.py for tasks to queue
[2021-03-17 16:48:10,525] {logging_mixin.py:104} INFO - [2021-03-17 16:48:10,524] {dagbag.py:448} INFO - Filling up the DagBag from /Users/prathyusha/Desktop/pranathi/airflow_cnn_pipeline_final/airflow_test_env/lib/python3.7/site-packages/airflow/example_dags/example_complex.py
[2021-03-17 16:48:10,549] {scheduler_job.py:639} INFO - DAG(s) dict_keys(['example_complex']) retrieved from /Users/prathyusha/Desktop/pranathi/airflow_cnn_pipeline_final/airflow_test_env/lib/python3.7/site-packages/airflow/example_dags/example_complex.py
[2021-03-17 16:48:10,571] {logging_mixin.py:104} INFO - [2021-03-17 16:48:10,570] {dag.py:1818} INFO - Sync 1 DAGs
[2021-03-17 16:48:10,582] {logging_mixin.py:104} INFO - [2021-03-17 16:48:10,582] {dag.py:2273} INFO - Setting next_dagrun for example_complex to None
[2021-03-17 16:48:10,592] {scheduler_job.py:190} INFO - Processing /Users/prathyusha/Desktop/pranathi/airflow_cnn_pipeline_final/airflow_test_env/lib/python3.7/site-packages/airflow/example_dags/example_complex.py took 0.084 seconds
[2021-03-17 16:48:41,899] {scheduler_job.py:182} INFO - Started process (PID=29433) to work on /Users/prathyusha/Desktop/pranathi/airflow_cnn_pipeline_final/airflow_test_env/lib/python3.7/site-packages/airflow/example_dags/example_complex.py
[2021-03-17 16:48:41,903] {scheduler_job.py:629} INFO - Processing file /Users/prathyusha/Desktop/pranathi/airflow_cnn_pipeline_final/airflow_test_env/lib/python3.7/site-packages/airflow/example_dags/example_complex.py for tasks to queue
[2021-03-17 16:48:41,905] {logging_mixin.py:104} INFO - [2021-03-17 16:48:41,905] {dagbag.py:448} INFO - Filling up the DagBag from /Users/prathyusha/Desktop/pranathi/airflow_cnn_pipeline_final/airflow_test_env/lib/python3.7/site-packages/airflow/example_dags/example_complex.py
[2021-03-17 16:48:41,930] {scheduler_job.py:639} INFO - DAG(s) dict_keys(['example_complex']) retrieved from /Users/prathyusha/Desktop/pranathi/airflow_cnn_pipeline_final/airflow_test_env/lib/python3.7/site-packages/airflow/example_dags/example_complex.py
[2021-03-17 16:48:41,958] {logging_mixin.py:104} INFO - [2021-03-17 16:48:41,958] {dag.py:1818} INFO - Sync 1 DAGs
[2021-03-17 16:48:41,971] {logging_mixin.py:104} INFO - [2021-03-17 16:48:41,971] {dag.py:2273} INFO - Setting next_dagrun for example_complex to None
[2021-03-17 16:48:41,982] {scheduler_job.py:190} INFO - Processing /Users/prathyusha/Desktop/pranathi/airflow_cnn_pipeline_final/airflow_test_env/lib/python3.7/site-packages/airflow/example_dags/example_complex.py took 0.088 seconds
[2021-03-17 16:49:12,204] {scheduler_job.py:182} INFO - Started process (PID=29467) to work on /Users/prathyusha/Desktop/pranathi/airflow_cnn_pipeline_final/airflow_test_env/lib/python3.7/site-packages/airflow/example_dags/example_complex.py
[2021-03-17 16:49:12,205] {scheduler_job.py:629} INFO - Processing file /Users/prathyusha/Desktop/pranathi/airflow_cnn_pipeline_final/airflow_test_env/lib/python3.7/site-packages/airflow/example_dags/example_complex.py for tasks to queue
[2021-03-17 16:49:12,207] {logging_mixin.py:104} INFO - [2021-03-17 16:49:12,206] {dagbag.py:448} INFO - Filling up the DagBag from /Users/prathyusha/Desktop/pranathi/airflow_cnn_pipeline_final/airflow_test_env/lib/python3.7/site-packages/airflow/example_dags/example_complex.py
[2021-03-17 16:49:12,236] {scheduler_job.py:639} INFO - DAG(s) dict_keys(['example_complex']) retrieved from /Users/prathyusha/Desktop/pranathi/airflow_cnn_pipeline_final/airflow_test_env/lib/python3.7/site-packages/airflow/example_dags/example_complex.py
[2021-03-17 16:49:12,259] {logging_mixin.py:104} INFO - [2021-03-17 16:49:12,258] {dag.py:1818} INFO - Sync 1 DAGs
[2021-03-17 16:49:12,271] {logging_mixin.py:104} INFO - [2021-03-17 16:49:12,270] {dag.py:2273} INFO - Setting next_dagrun for example_complex to None
[2021-03-17 16:49:12,279] {scheduler_job.py:190} INFO - Processing /Users/prathyusha/Desktop/pranathi/airflow_cnn_pipeline_final/airflow_test_env/lib/python3.7/site-packages/airflow/example_dags/example_complex.py took 0.080 seconds
[2021-03-17 16:49:42,532] {scheduler_job.py:182} INFO - Started process (PID=29497) to work on /Users/prathyusha/Desktop/pranathi/airflow_cnn_pipeline_final/airflow_test_env/lib/python3.7/site-packages/airflow/example_dags/example_complex.py
[2021-03-17 16:49:42,536] {scheduler_job.py:629} INFO - Processing file /Users/prathyusha/Desktop/pranathi/airflow_cnn_pipeline_final/airflow_test_env/lib/python3.7/site-packages/airflow/example_dags/example_complex.py for tasks to queue
[2021-03-17 16:49:42,537] {logging_mixin.py:104} INFO - [2021-03-17 16:49:42,537] {dagbag.py:448} INFO - Filling up the DagBag from /Users/prathyusha/Desktop/pranathi/airflow_cnn_pipeline_final/airflow_test_env/lib/python3.7/site-packages/airflow/example_dags/example_complex.py
[2021-03-17 16:49:42,561] {scheduler_job.py:639} INFO - DAG(s) dict_keys(['example_complex']) retrieved from /Users/prathyusha/Desktop/pranathi/airflow_cnn_pipeline_final/airflow_test_env/lib/python3.7/site-packages/airflow/example_dags/example_complex.py
[2021-03-17 16:49:42,580] {logging_mixin.py:104} INFO - [2021-03-17 16:49:42,580] {dag.py:1818} INFO - Sync 1 DAGs
[2021-03-17 16:49:42,594] {logging_mixin.py:104} INFO - [2021-03-17 16:49:42,593] {dag.py:2273} INFO - Setting next_dagrun for example_complex to None
[2021-03-17 16:49:42,609] {scheduler_job.py:190} INFO - Processing /Users/prathyusha/Desktop/pranathi/airflow_cnn_pipeline_final/airflow_test_env/lib/python3.7/site-packages/airflow/example_dags/example_complex.py took 0.082 seconds
[2021-03-17 16:50:12,823] {scheduler_job.py:182} INFO - Started process (PID=29527) to work on /Users/prathyusha/Desktop/pranathi/airflow_cnn_pipeline_final/airflow_test_env/lib/python3.7/site-packages/airflow/example_dags/example_complex.py
[2021-03-17 16:50:12,825] {scheduler_job.py:629} INFO - Processing file /Users/prathyusha/Desktop/pranathi/airflow_cnn_pipeline_final/airflow_test_env/lib/python3.7/site-packages/airflow/example_dags/example_complex.py for tasks to queue
[2021-03-17 16:50:12,827] {logging_mixin.py:104} INFO - [2021-03-17 16:50:12,826] {dagbag.py:448} INFO - Filling up the DagBag from /Users/prathyusha/Desktop/pranathi/airflow_cnn_pipeline_final/airflow_test_env/lib/python3.7/site-packages/airflow/example_dags/example_complex.py
[2021-03-17 16:50:12,850] {scheduler_job.py:639} INFO - DAG(s) dict_keys(['example_complex']) retrieved from /Users/prathyusha/Desktop/pranathi/airflow_cnn_pipeline_final/airflow_test_env/lib/python3.7/site-packages/airflow/example_dags/example_complex.py
[2021-03-17 16:50:12,876] {logging_mixin.py:104} INFO - [2021-03-17 16:50:12,875] {dag.py:1818} INFO - Sync 1 DAGs
[2021-03-17 16:50:12,890] {logging_mixin.py:104} INFO - [2021-03-17 16:50:12,890] {dag.py:2273} INFO - Setting next_dagrun for example_complex to None
[2021-03-17 16:50:12,899] {scheduler_job.py:190} INFO - Processing /Users/prathyusha/Desktop/pranathi/airflow_cnn_pipeline_final/airflow_test_env/lib/python3.7/site-packages/airflow/example_dags/example_complex.py took 0.080 seconds
[2021-03-17 16:50:43,805] {scheduler_job.py:182} INFO - Started process (PID=29560) to work on /Users/prathyusha/Desktop/pranathi/airflow_cnn_pipeline_final/airflow_test_env/lib/python3.7/site-packages/airflow/example_dags/example_complex.py
[2021-03-17 16:50:43,810] {scheduler_job.py:629} INFO - Processing file /Users/prathyusha/Desktop/pranathi/airflow_cnn_pipeline_final/airflow_test_env/lib/python3.7/site-packages/airflow/example_dags/example_complex.py for tasks to queue
[2021-03-17 16:50:43,812] {logging_mixin.py:104} INFO - [2021-03-17 16:50:43,811] {dagbag.py:448} INFO - Filling up the DagBag from /Users/prathyusha/Desktop/pranathi/airflow_cnn_pipeline_final/airflow_test_env/lib/python3.7/site-packages/airflow/example_dags/example_complex.py
[2021-03-17 16:50:43,841] {scheduler_job.py:639} INFO - DAG(s) dict_keys(['example_complex']) retrieved from /Users/prathyusha/Desktop/pranathi/airflow_cnn_pipeline_final/airflow_test_env/lib/python3.7/site-packages/airflow/example_dags/example_complex.py
[2021-03-17 16:50:43,873] {logging_mixin.py:104} INFO - [2021-03-17 16:50:43,873] {dag.py:1818} INFO - Sync 1 DAGs
[2021-03-17 16:50:43,893] {logging_mixin.py:104} INFO - [2021-03-17 16:50:43,892] {dag.py:2273} INFO - Setting next_dagrun for example_complex to None
[2021-03-17 16:50:43,903] {scheduler_job.py:190} INFO - Processing /Users/prathyusha/Desktop/pranathi/airflow_cnn_pipeline_final/airflow_test_env/lib/python3.7/site-packages/airflow/example_dags/example_complex.py took 0.104 seconds
[2021-03-17 16:51:14,836] {scheduler_job.py:182} INFO - Started process (PID=29589) to work on /Users/prathyusha/Desktop/pranathi/airflow_cnn_pipeline_final/airflow_test_env/lib/python3.7/site-packages/airflow/example_dags/example_complex.py
[2021-03-17 16:51:14,840] {scheduler_job.py:629} INFO - Processing file /Users/prathyusha/Desktop/pranathi/airflow_cnn_pipeline_final/airflow_test_env/lib/python3.7/site-packages/airflow/example_dags/example_complex.py for tasks to queue
[2021-03-17 16:51:14,842] {logging_mixin.py:104} INFO - [2021-03-17 16:51:14,841] {dagbag.py:448} INFO - Filling up the DagBag from /Users/prathyusha/Desktop/pranathi/airflow_cnn_pipeline_final/airflow_test_env/lib/python3.7/site-packages/airflow/example_dags/example_complex.py
[2021-03-17 16:51:14,864] {scheduler_job.py:639} INFO - DAG(s) dict_keys(['example_complex']) retrieved from /Users/prathyusha/Desktop/pranathi/airflow_cnn_pipeline_final/airflow_test_env/lib/python3.7/site-packages/airflow/example_dags/example_complex.py
[2021-03-17 16:51:14,895] {logging_mixin.py:104} INFO - [2021-03-17 16:51:14,895] {dag.py:1818} INFO - Sync 1 DAGs
[2021-03-17 16:51:14,914] {logging_mixin.py:104} INFO - [2021-03-17 16:51:14,913] {dag.py:2273} INFO - Setting next_dagrun for example_complex to None
[2021-03-17 16:51:14,929] {scheduler_job.py:190} INFO - Processing /Users/prathyusha/Desktop/pranathi/airflow_cnn_pipeline_final/airflow_test_env/lib/python3.7/site-packages/airflow/example_dags/example_complex.py took 0.098 seconds
[2021-03-17 16:51:45,773] {scheduler_job.py:182} INFO - Started process (PID=29619) to work on /Users/prathyusha/Desktop/pranathi/airflow_cnn_pipeline_final/airflow_test_env/lib/python3.7/site-packages/airflow/example_dags/example_complex.py
[2021-03-17 16:51:45,775] {scheduler_job.py:629} INFO - Processing file /Users/prathyusha/Desktop/pranathi/airflow_cnn_pipeline_final/airflow_test_env/lib/python3.7/site-packages/airflow/example_dags/example_complex.py for tasks to queue
[2021-03-17 16:51:45,777] {logging_mixin.py:104} INFO - [2021-03-17 16:51:45,776] {dagbag.py:448} INFO - Filling up the DagBag from /Users/prathyusha/Desktop/pranathi/airflow_cnn_pipeline_final/airflow_test_env/lib/python3.7/site-packages/airflow/example_dags/example_complex.py
[2021-03-17 16:51:45,804] {scheduler_job.py:639} INFO - DAG(s) dict_keys(['example_complex']) retrieved from /Users/prathyusha/Desktop/pranathi/airflow_cnn_pipeline_final/airflow_test_env/lib/python3.7/site-packages/airflow/example_dags/example_complex.py
[2021-03-17 16:51:45,825] {logging_mixin.py:104} INFO - [2021-03-17 16:51:45,824] {dag.py:1818} INFO - Sync 1 DAGs
[2021-03-17 16:51:45,837] {logging_mixin.py:104} INFO - [2021-03-17 16:51:45,836] {dag.py:2273} INFO - Setting next_dagrun for example_complex to None
[2021-03-17 16:51:45,844] {scheduler_job.py:190} INFO - Processing /Users/prathyusha/Desktop/pranathi/airflow_cnn_pipeline_final/airflow_test_env/lib/python3.7/site-packages/airflow/example_dags/example_complex.py took 0.079 seconds
[2021-03-17 16:52:16,894] {scheduler_job.py:182} INFO - Started process (PID=29721) to work on /Users/prathyusha/Desktop/pranathi/airflow_cnn_pipeline_final/airflow_test_env/lib/python3.7/site-packages/airflow/example_dags/example_complex.py
[2021-03-17 16:52:16,898] {scheduler_job.py:629} INFO - Processing file /Users/prathyusha/Desktop/pranathi/airflow_cnn_pipeline_final/airflow_test_env/lib/python3.7/site-packages/airflow/example_dags/example_complex.py for tasks to queue
[2021-03-17 16:52:16,900] {logging_mixin.py:104} INFO - [2021-03-17 16:52:16,899] {dagbag.py:448} INFO - Filling up the DagBag from /Users/prathyusha/Desktop/pranathi/airflow_cnn_pipeline_final/airflow_test_env/lib/python3.7/site-packages/airflow/example_dags/example_complex.py
[2021-03-17 16:52:16,931] {scheduler_job.py:639} INFO - DAG(s) dict_keys(['example_complex']) retrieved from /Users/prathyusha/Desktop/pranathi/airflow_cnn_pipeline_final/airflow_test_env/lib/python3.7/site-packages/airflow/example_dags/example_complex.py
[2021-03-17 16:52:16,956] {logging_mixin.py:104} INFO - [2021-03-17 16:52:16,955] {dag.py:1818} INFO - Sync 1 DAGs
[2021-03-17 16:52:16,980] {logging_mixin.py:104} INFO - [2021-03-17 16:52:16,978] {dag.py:2273} INFO - Setting next_dagrun for example_complex to None
[2021-03-17 16:52:16,997] {scheduler_job.py:190} INFO - Processing /Users/prathyusha/Desktop/pranathi/airflow_cnn_pipeline_final/airflow_test_env/lib/python3.7/site-packages/airflow/example_dags/example_complex.py took 0.108 seconds
[2021-03-17 16:52:47,813] {scheduler_job.py:182} INFO - Started process (PID=29792) to work on /Users/prathyusha/Desktop/pranathi/airflow_cnn_pipeline_final/airflow_test_env/lib/python3.7/site-packages/airflow/example_dags/example_complex.py
[2021-03-17 16:52:47,815] {scheduler_job.py:629} INFO - Processing file /Users/prathyusha/Desktop/pranathi/airflow_cnn_pipeline_final/airflow_test_env/lib/python3.7/site-packages/airflow/example_dags/example_complex.py for tasks to queue
[2021-03-17 16:52:47,817] {logging_mixin.py:104} INFO - [2021-03-17 16:52:47,816] {dagbag.py:448} INFO - Filling up the DagBag from /Users/prathyusha/Desktop/pranathi/airflow_cnn_pipeline_final/airflow_test_env/lib/python3.7/site-packages/airflow/example_dags/example_complex.py
[2021-03-17 16:52:47,839] {scheduler_job.py:639} INFO - DAG(s) dict_keys(['example_complex']) retrieved from /Users/prathyusha/Desktop/pranathi/airflow_cnn_pipeline_final/airflow_test_env/lib/python3.7/site-packages/airflow/example_dags/example_complex.py
[2021-03-17 16:52:47,858] {logging_mixin.py:104} INFO - [2021-03-17 16:52:47,858] {dag.py:1818} INFO - Sync 1 DAGs
[2021-03-17 16:52:47,871] {logging_mixin.py:104} INFO - [2021-03-17 16:52:47,871] {dag.py:2273} INFO - Setting next_dagrun for example_complex to None
[2021-03-17 16:52:47,884] {scheduler_job.py:190} INFO - Processing /Users/prathyusha/Desktop/pranathi/airflow_cnn_pipeline_final/airflow_test_env/lib/python3.7/site-packages/airflow/example_dags/example_complex.py took 0.076 seconds
[2021-03-17 16:53:20,494] {scheduler_job.py:182} INFO - Started process (PID=29873) to work on /Users/prathyusha/Desktop/pranathi/airflow_cnn_pipeline_final/airflow_test_env/lib/python3.7/site-packages/airflow/example_dags/example_complex.py
[2021-03-17 16:53:20,500] {scheduler_job.py:629} INFO - Processing file /Users/prathyusha/Desktop/pranathi/airflow_cnn_pipeline_final/airflow_test_env/lib/python3.7/site-packages/airflow/example_dags/example_complex.py for tasks to queue
[2021-03-17 16:53:20,502] {logging_mixin.py:104} INFO - [2021-03-17 16:53:20,501] {dagbag.py:448} INFO - Filling up the DagBag from /Users/prathyusha/Desktop/pranathi/airflow_cnn_pipeline_final/airflow_test_env/lib/python3.7/site-packages/airflow/example_dags/example_complex.py
[2021-03-17 16:53:20,538] {scheduler_job.py:639} INFO - DAG(s) dict_keys(['example_complex']) retrieved from /Users/prathyusha/Desktop/pranathi/airflow_cnn_pipeline_final/airflow_test_env/lib/python3.7/site-packages/airflow/example_dags/example_complex.py
[2021-03-17 16:53:20,574] {logging_mixin.py:104} INFO - [2021-03-17 16:53:20,573] {dag.py:1818} INFO - Sync 1 DAGs
[2021-03-17 16:53:20,594] {logging_mixin.py:104} INFO - [2021-03-17 16:53:20,593] {dag.py:2273} INFO - Setting next_dagrun for example_complex to None
[2021-03-17 16:53:20,610] {scheduler_job.py:190} INFO - Processing /Users/prathyusha/Desktop/pranathi/airflow_cnn_pipeline_final/airflow_test_env/lib/python3.7/site-packages/airflow/example_dags/example_complex.py took 0.120 seconds
[2021-03-17 16:53:51,476] {scheduler_job.py:182} INFO - Started process (PID=29914) to work on /Users/prathyusha/Desktop/pranathi/airflow_cnn_pipeline_final/airflow_test_env/lib/python3.7/site-packages/airflow/example_dags/example_complex.py
[2021-03-17 16:53:51,479] {scheduler_job.py:629} INFO - Processing file /Users/prathyusha/Desktop/pranathi/airflow_cnn_pipeline_final/airflow_test_env/lib/python3.7/site-packages/airflow/example_dags/example_complex.py for tasks to queue
[2021-03-17 16:53:51,482] {logging_mixin.py:104} INFO - [2021-03-17 16:53:51,481] {dagbag.py:448} INFO - Filling up the DagBag from /Users/prathyusha/Desktop/pranathi/airflow_cnn_pipeline_final/airflow_test_env/lib/python3.7/site-packages/airflow/example_dags/example_complex.py
[2021-03-17 16:53:51,513] {scheduler_job.py:639} INFO - DAG(s) dict_keys(['example_complex']) retrieved from /Users/prathyusha/Desktop/pranathi/airflow_cnn_pipeline_final/airflow_test_env/lib/python3.7/site-packages/airflow/example_dags/example_complex.py
[2021-03-17 16:53:51,544] {logging_mixin.py:104} INFO - [2021-03-17 16:53:51,543] {dag.py:1818} INFO - Sync 1 DAGs
[2021-03-17 16:53:51,557] {logging_mixin.py:104} INFO - [2021-03-17 16:53:51,556] {dag.py:2273} INFO - Setting next_dagrun for example_complex to None
[2021-03-17 16:53:51,569] {scheduler_job.py:190} INFO - Processing /Users/prathyusha/Desktop/pranathi/airflow_cnn_pipeline_final/airflow_test_env/lib/python3.7/site-packages/airflow/example_dags/example_complex.py took 0.100 seconds
[2021-03-17 16:54:23,121] {scheduler_job.py:182} INFO - Started process (PID=29957) to work on /Users/prathyusha/Desktop/pranathi/airflow_cnn_pipeline_final/airflow_test_env/lib/python3.7/site-packages/airflow/example_dags/example_complex.py
[2021-03-17 16:54:23,124] {scheduler_job.py:629} INFO - Processing file /Users/prathyusha/Desktop/pranathi/airflow_cnn_pipeline_final/airflow_test_env/lib/python3.7/site-packages/airflow/example_dags/example_complex.py for tasks to queue
[2021-03-17 16:54:23,128] {logging_mixin.py:104} INFO - [2021-03-17 16:54:23,127] {dagbag.py:448} INFO - Filling up the DagBag from /Users/prathyusha/Desktop/pranathi/airflow_cnn_pipeline_final/airflow_test_env/lib/python3.7/site-packages/airflow/example_dags/example_complex.py
[2021-03-17 16:54:23,150] {scheduler_job.py:639} INFO - DAG(s) dict_keys(['example_complex']) retrieved from /Users/prathyusha/Desktop/pranathi/airflow_cnn_pipeline_final/airflow_test_env/lib/python3.7/site-packages/airflow/example_dags/example_complex.py
[2021-03-17 16:54:23,182] {logging_mixin.py:104} INFO - [2021-03-17 16:54:23,182] {dag.py:1818} INFO - Sync 1 DAGs
[2021-03-17 16:54:23,198] {logging_mixin.py:104} INFO - [2021-03-17 16:54:23,198] {dag.py:2273} INFO - Setting next_dagrun for example_complex to None
[2021-03-17 16:54:23,210] {scheduler_job.py:190} INFO - Processing /Users/prathyusha/Desktop/pranathi/airflow_cnn_pipeline_final/airflow_test_env/lib/python3.7/site-packages/airflow/example_dags/example_complex.py took 0.094 seconds
[2021-03-17 16:54:53,984] {scheduler_job.py:182} INFO - Started process (PID=30007) to work on /Users/prathyusha/Desktop/pranathi/airflow_cnn_pipeline_final/airflow_test_env/lib/python3.7/site-packages/airflow/example_dags/example_complex.py
[2021-03-17 16:54:53,988] {scheduler_job.py:629} INFO - Processing file /Users/prathyusha/Desktop/pranathi/airflow_cnn_pipeline_final/airflow_test_env/lib/python3.7/site-packages/airflow/example_dags/example_complex.py for tasks to queue
[2021-03-17 16:54:53,993] {logging_mixin.py:104} INFO - [2021-03-17 16:54:53,992] {dagbag.py:448} INFO - Filling up the DagBag from /Users/prathyusha/Desktop/pranathi/airflow_cnn_pipeline_final/airflow_test_env/lib/python3.7/site-packages/airflow/example_dags/example_complex.py
[2021-03-17 16:54:54,034] {scheduler_job.py:639} INFO - DAG(s) dict_keys(['example_complex']) retrieved from /Users/prathyusha/Desktop/pranathi/airflow_cnn_pipeline_final/airflow_test_env/lib/python3.7/site-packages/airflow/example_dags/example_complex.py
[2021-03-17 16:54:54,061] {logging_mixin.py:104} INFO - [2021-03-17 16:54:54,060] {dag.py:1818} INFO - Sync 1 DAGs
[2021-03-17 16:54:54,082] {logging_mixin.py:104} INFO - [2021-03-17 16:54:54,082] {dag.py:2273} INFO - Setting next_dagrun for example_complex to None
[2021-03-17 16:54:54,092] {scheduler_job.py:190} INFO - Processing /Users/prathyusha/Desktop/pranathi/airflow_cnn_pipeline_final/airflow_test_env/lib/python3.7/site-packages/airflow/example_dags/example_complex.py took 0.113 seconds
[2021-03-17 16:55:25,596] {scheduler_job.py:182} INFO - Started process (PID=30046) to work on /Users/prathyusha/Desktop/pranathi/airflow_cnn_pipeline_final/airflow_test_env/lib/python3.7/site-packages/airflow/example_dags/example_complex.py
[2021-03-17 16:55:25,598] {scheduler_job.py:629} INFO - Processing file /Users/prathyusha/Desktop/pranathi/airflow_cnn_pipeline_final/airflow_test_env/lib/python3.7/site-packages/airflow/example_dags/example_complex.py for tasks to queue
[2021-03-17 16:55:25,600] {logging_mixin.py:104} INFO - [2021-03-17 16:55:25,599] {dagbag.py:448} INFO - Filling up the DagBag from /Users/prathyusha/Desktop/pranathi/airflow_cnn_pipeline_final/airflow_test_env/lib/python3.7/site-packages/airflow/example_dags/example_complex.py
[2021-03-17 16:55:25,633] {scheduler_job.py:639} INFO - DAG(s) dict_keys(['example_complex']) retrieved from /Users/prathyusha/Desktop/pranathi/airflow_cnn_pipeline_final/airflow_test_env/lib/python3.7/site-packages/airflow/example_dags/example_complex.py
[2021-03-17 16:55:25,666] {logging_mixin.py:104} INFO - [2021-03-17 16:55:25,665] {dag.py:1818} INFO - Sync 1 DAGs
[2021-03-17 16:55:25,682] {logging_mixin.py:104} INFO - [2021-03-17 16:55:25,682] {dag.py:2273} INFO - Setting next_dagrun for example_complex to None
[2021-03-17 16:55:25,693] {scheduler_job.py:190} INFO - Processing /Users/prathyusha/Desktop/pranathi/airflow_cnn_pipeline_final/airflow_test_env/lib/python3.7/site-packages/airflow/example_dags/example_complex.py took 0.102 seconds
[2021-03-17 16:55:56,476] {scheduler_job.py:182} INFO - Started process (PID=30091) to work on /Users/prathyusha/Desktop/pranathi/airflow_cnn_pipeline_final/airflow_test_env/lib/python3.7/site-packages/airflow/example_dags/example_complex.py
[2021-03-17 16:55:56,477] {scheduler_job.py:629} INFO - Processing file /Users/prathyusha/Desktop/pranathi/airflow_cnn_pipeline_final/airflow_test_env/lib/python3.7/site-packages/airflow/example_dags/example_complex.py for tasks to queue
[2021-03-17 16:55:56,479] {logging_mixin.py:104} INFO - [2021-03-17 16:55:56,478] {dagbag.py:448} INFO - Filling up the DagBag from /Users/prathyusha/Desktop/pranathi/airflow_cnn_pipeline_final/airflow_test_env/lib/python3.7/site-packages/airflow/example_dags/example_complex.py
[2021-03-17 16:55:56,499] {scheduler_job.py:639} INFO - DAG(s) dict_keys(['example_complex']) retrieved from /Users/prathyusha/Desktop/pranathi/airflow_cnn_pipeline_final/airflow_test_env/lib/python3.7/site-packages/airflow/example_dags/example_complex.py
[2021-03-17 16:55:56,533] {logging_mixin.py:104} INFO - [2021-03-17 16:55:56,533] {dag.py:1818} INFO - Sync 1 DAGs
[2021-03-17 16:55:56,551] {logging_mixin.py:104} INFO - [2021-03-17 16:55:56,550] {dag.py:2273} INFO - Setting next_dagrun for example_complex to None
[2021-03-17 16:55:56,562] {scheduler_job.py:190} INFO - Processing /Users/prathyusha/Desktop/pranathi/airflow_cnn_pipeline_final/airflow_test_env/lib/python3.7/site-packages/airflow/example_dags/example_complex.py took 0.091 seconds
[2021-03-17 16:56:27,463] {scheduler_job.py:182} INFO - Started process (PID=30123) to work on /Users/prathyusha/Desktop/pranathi/airflow_cnn_pipeline_final/airflow_test_env/lib/python3.7/site-packages/airflow/example_dags/example_complex.py
[2021-03-17 16:56:27,466] {scheduler_job.py:629} INFO - Processing file /Users/prathyusha/Desktop/pranathi/airflow_cnn_pipeline_final/airflow_test_env/lib/python3.7/site-packages/airflow/example_dags/example_complex.py for tasks to queue
[2021-03-17 16:56:27,469] {logging_mixin.py:104} INFO - [2021-03-17 16:56:27,469] {dagbag.py:448} INFO - Filling up the DagBag from /Users/prathyusha/Desktop/pranathi/airflow_cnn_pipeline_final/airflow_test_env/lib/python3.7/site-packages/airflow/example_dags/example_complex.py
[2021-03-17 16:56:27,500] {scheduler_job.py:639} INFO - DAG(s) dict_keys(['example_complex']) retrieved from /Users/prathyusha/Desktop/pranathi/airflow_cnn_pipeline_final/airflow_test_env/lib/python3.7/site-packages/airflow/example_dags/example_complex.py
[2021-03-17 16:56:27,531] {logging_mixin.py:104} INFO - [2021-03-17 16:56:27,529] {dag.py:1818} INFO - Sync 1 DAGs
[2021-03-17 16:56:27,546] {logging_mixin.py:104} INFO - [2021-03-17 16:56:27,545] {dag.py:2273} INFO - Setting next_dagrun for example_complex to None
[2021-03-17 16:56:27,567] {scheduler_job.py:190} INFO - Processing /Users/prathyusha/Desktop/pranathi/airflow_cnn_pipeline_final/airflow_test_env/lib/python3.7/site-packages/airflow/example_dags/example_complex.py took 0.109 seconds
[2021-03-17 16:56:57,874] {scheduler_job.py:182} INFO - Started process (PID=30158) to work on /Users/prathyusha/Desktop/pranathi/airflow_cnn_pipeline_final/airflow_test_env/lib/python3.7/site-packages/airflow/example_dags/example_complex.py
[2021-03-17 16:56:57,878] {scheduler_job.py:629} INFO - Processing file /Users/prathyusha/Desktop/pranathi/airflow_cnn_pipeline_final/airflow_test_env/lib/python3.7/site-packages/airflow/example_dags/example_complex.py for tasks to queue
[2021-03-17 16:56:57,880] {logging_mixin.py:104} INFO - [2021-03-17 16:56:57,879] {dagbag.py:448} INFO - Filling up the DagBag from /Users/prathyusha/Desktop/pranathi/airflow_cnn_pipeline_final/airflow_test_env/lib/python3.7/site-packages/airflow/example_dags/example_complex.py
[2021-03-17 16:56:57,900] {scheduler_job.py:639} INFO - DAG(s) dict_keys(['example_complex']) retrieved from /Users/prathyusha/Desktop/pranathi/airflow_cnn_pipeline_final/airflow_test_env/lib/python3.7/site-packages/airflow/example_dags/example_complex.py
[2021-03-17 16:56:57,923] {logging_mixin.py:104} INFO - [2021-03-17 16:56:57,922] {dag.py:1818} INFO - Sync 1 DAGs
[2021-03-17 16:56:57,935] {logging_mixin.py:104} INFO - [2021-03-17 16:56:57,934] {dag.py:2273} INFO - Setting next_dagrun for example_complex to None
[2021-03-17 16:56:57,944] {scheduler_job.py:190} INFO - Processing /Users/prathyusha/Desktop/pranathi/airflow_cnn_pipeline_final/airflow_test_env/lib/python3.7/site-packages/airflow/example_dags/example_complex.py took 0.074 seconds
[2021-03-17 16:57:28,996] {scheduler_job.py:182} INFO - Started process (PID=30188) to work on /Users/prathyusha/Desktop/pranathi/airflow_cnn_pipeline_final/airflow_test_env/lib/python3.7/site-packages/airflow/example_dags/example_complex.py
[2021-03-17 16:57:29,000] {scheduler_job.py:629} INFO - Processing file /Users/prathyusha/Desktop/pranathi/airflow_cnn_pipeline_final/airflow_test_env/lib/python3.7/site-packages/airflow/example_dags/example_complex.py for tasks to queue
[2021-03-17 16:57:29,002] {logging_mixin.py:104} INFO - [2021-03-17 16:57:29,001] {dagbag.py:448} INFO - Filling up the DagBag from /Users/prathyusha/Desktop/pranathi/airflow_cnn_pipeline_final/airflow_test_env/lib/python3.7/site-packages/airflow/example_dags/example_complex.py
[2021-03-17 16:57:29,031] {scheduler_job.py:639} INFO - DAG(s) dict_keys(['example_complex']) retrieved from /Users/prathyusha/Desktop/pranathi/airflow_cnn_pipeline_final/airflow_test_env/lib/python3.7/site-packages/airflow/example_dags/example_complex.py
[2021-03-17 16:57:29,054] {logging_mixin.py:104} INFO - [2021-03-17 16:57:29,054] {dag.py:1818} INFO - Sync 1 DAGs
[2021-03-17 16:57:29,066] {logging_mixin.py:104} INFO - [2021-03-17 16:57:29,066] {dag.py:2273} INFO - Setting next_dagrun for example_complex to None
[2021-03-17 16:57:29,075] {scheduler_job.py:190} INFO - Processing /Users/prathyusha/Desktop/pranathi/airflow_cnn_pipeline_final/airflow_test_env/lib/python3.7/site-packages/airflow/example_dags/example_complex.py took 0.084 seconds
[2021-03-17 16:58:01,803] {scheduler_job.py:182} INFO - Started process (PID=30237) to work on /Users/prathyusha/Desktop/pranathi/airflow_cnn_pipeline_final/airflow_test_env/lib/python3.7/site-packages/airflow/example_dags/example_complex.py
[2021-03-17 16:58:01,808] {scheduler_job.py:629} INFO - Processing file /Users/prathyusha/Desktop/pranathi/airflow_cnn_pipeline_final/airflow_test_env/lib/python3.7/site-packages/airflow/example_dags/example_complex.py for tasks to queue
[2021-03-17 16:58:01,813] {logging_mixin.py:104} INFO - [2021-03-17 16:58:01,810] {dagbag.py:448} INFO - Filling up the DagBag from /Users/prathyusha/Desktop/pranathi/airflow_cnn_pipeline_final/airflow_test_env/lib/python3.7/site-packages/airflow/example_dags/example_complex.py
[2021-03-17 16:58:01,862] {scheduler_job.py:639} INFO - DAG(s) dict_keys(['example_complex']) retrieved from /Users/prathyusha/Desktop/pranathi/airflow_cnn_pipeline_final/airflow_test_env/lib/python3.7/site-packages/airflow/example_dags/example_complex.py
[2021-03-17 16:58:01,912] {logging_mixin.py:104} INFO - [2021-03-17 16:58:01,911] {dag.py:1818} INFO - Sync 1 DAGs
[2021-03-17 16:58:02,080] {logging_mixin.py:104} INFO - [2021-03-17 16:58:02,079] {dag.py:2273} INFO - Setting next_dagrun for example_complex to None
[2021-03-17 16:58:02,126] {scheduler_job.py:190} INFO - Processing /Users/prathyusha/Desktop/pranathi/airflow_cnn_pipeline_final/airflow_test_env/lib/python3.7/site-packages/airflow/example_dags/example_complex.py took 0.329 seconds
[2021-03-17 16:58:34,551] {scheduler_job.py:182} INFO - Started process (PID=30287) to work on /Users/prathyusha/Desktop/pranathi/airflow_cnn_pipeline_final/airflow_test_env/lib/python3.7/site-packages/airflow/example_dags/example_complex.py
[2021-03-17 16:58:34,555] {scheduler_job.py:629} INFO - Processing file /Users/prathyusha/Desktop/pranathi/airflow_cnn_pipeline_final/airflow_test_env/lib/python3.7/site-packages/airflow/example_dags/example_complex.py for tasks to queue
[2021-03-17 16:58:34,561] {logging_mixin.py:104} INFO - [2021-03-17 16:58:34,559] {dagbag.py:448} INFO - Filling up the DagBag from /Users/prathyusha/Desktop/pranathi/airflow_cnn_pipeline_final/airflow_test_env/lib/python3.7/site-packages/airflow/example_dags/example_complex.py
[2021-03-17 16:58:34,598] {scheduler_job.py:639} INFO - DAG(s) dict_keys(['example_complex']) retrieved from /Users/prathyusha/Desktop/pranathi/airflow_cnn_pipeline_final/airflow_test_env/lib/python3.7/site-packages/airflow/example_dags/example_complex.py
[2021-03-17 16:58:34,625] {logging_mixin.py:104} INFO - [2021-03-17 16:58:34,624] {dag.py:1818} INFO - Sync 1 DAGs
[2021-03-17 16:58:34,642] {logging_mixin.py:104} INFO - [2021-03-17 16:58:34,641] {dag.py:2273} INFO - Setting next_dagrun for example_complex to None
[2021-03-17 16:58:34,657] {scheduler_job.py:190} INFO - Processing /Users/prathyusha/Desktop/pranathi/airflow_cnn_pipeline_final/airflow_test_env/lib/python3.7/site-packages/airflow/example_dags/example_complex.py took 0.113 seconds
[2021-03-17 16:59:05,995] {scheduler_job.py:182} INFO - Started process (PID=30336) to work on /Users/prathyusha/Desktop/pranathi/airflow_cnn_pipeline_final/airflow_test_env/lib/python3.7/site-packages/airflow/example_dags/example_complex.py
[2021-03-17 16:59:05,998] {scheduler_job.py:629} INFO - Processing file /Users/prathyusha/Desktop/pranathi/airflow_cnn_pipeline_final/airflow_test_env/lib/python3.7/site-packages/airflow/example_dags/example_complex.py for tasks to queue
[2021-03-17 16:59:05,999] {logging_mixin.py:104} INFO - [2021-03-17 16:59:05,999] {dagbag.py:448} INFO - Filling up the DagBag from /Users/prathyusha/Desktop/pranathi/airflow_cnn_pipeline_final/airflow_test_env/lib/python3.7/site-packages/airflow/example_dags/example_complex.py
[2021-03-17 16:59:06,028] {scheduler_job.py:639} INFO - DAG(s) dict_keys(['example_complex']) retrieved from /Users/prathyusha/Desktop/pranathi/airflow_cnn_pipeline_final/airflow_test_env/lib/python3.7/site-packages/airflow/example_dags/example_complex.py
[2021-03-17 16:59:06,053] {logging_mixin.py:104} INFO - [2021-03-17 16:59:06,052] {dag.py:1818} INFO - Sync 1 DAGs
[2021-03-17 16:59:06,065] {logging_mixin.py:104} INFO - [2021-03-17 16:59:06,065] {dag.py:2273} INFO - Setting next_dagrun for example_complex to None
[2021-03-17 16:59:06,075] {scheduler_job.py:190} INFO - Processing /Users/prathyusha/Desktop/pranathi/airflow_cnn_pipeline_final/airflow_test_env/lib/python3.7/site-packages/airflow/example_dags/example_complex.py took 0.087 seconds
[2021-03-17 16:59:36,864] {scheduler_job.py:182} INFO - Started process (PID=30385) to work on /Users/prathyusha/Desktop/pranathi/airflow_cnn_pipeline_final/airflow_test_env/lib/python3.7/site-packages/airflow/example_dags/example_complex.py
[2021-03-17 16:59:36,867] {scheduler_job.py:629} INFO - Processing file /Users/prathyusha/Desktop/pranathi/airflow_cnn_pipeline_final/airflow_test_env/lib/python3.7/site-packages/airflow/example_dags/example_complex.py for tasks to queue
[2021-03-17 16:59:36,868] {logging_mixin.py:104} INFO - [2021-03-17 16:59:36,868] {dagbag.py:448} INFO - Filling up the DagBag from /Users/prathyusha/Desktop/pranathi/airflow_cnn_pipeline_final/airflow_test_env/lib/python3.7/site-packages/airflow/example_dags/example_complex.py
[2021-03-17 16:59:36,892] {scheduler_job.py:639} INFO - DAG(s) dict_keys(['example_complex']) retrieved from /Users/prathyusha/Desktop/pranathi/airflow_cnn_pipeline_final/airflow_test_env/lib/python3.7/site-packages/airflow/example_dags/example_complex.py
[2021-03-17 16:59:36,912] {logging_mixin.py:104} INFO - [2021-03-17 16:59:36,911] {dag.py:1818} INFO - Sync 1 DAGs
[2021-03-17 16:59:36,926] {logging_mixin.py:104} INFO - [2021-03-17 16:59:36,925] {dag.py:2273} INFO - Setting next_dagrun for example_complex to None
[2021-03-17 16:59:36,944] {scheduler_job.py:190} INFO - Processing /Users/prathyusha/Desktop/pranathi/airflow_cnn_pipeline_final/airflow_test_env/lib/python3.7/site-packages/airflow/example_dags/example_complex.py took 0.085 seconds
