[2021-03-17 16:32:32,801] {scheduler_job.py:182} INFO - Started process (PID=28234) to work on /Users/prathyusha/Desktop/pranathi/airflow_cnn_pipeline_final/airflow_test_env/lib/python3.7/site-packages/airflow/example_dags/example_external_task_marker_dag.py
[2021-03-17 16:32:32,802] {scheduler_job.py:629} INFO - Processing file /Users/prathyusha/Desktop/pranathi/airflow_cnn_pipeline_final/airflow_test_env/lib/python3.7/site-packages/airflow/example_dags/example_external_task_marker_dag.py for tasks to queue
[2021-03-17 16:32:32,803] {logging_mixin.py:104} INFO - [2021-03-17 16:32:32,803] {dagbag.py:448} INFO - Filling up the DagBag from /Users/prathyusha/Desktop/pranathi/airflow_cnn_pipeline_final/airflow_test_env/lib/python3.7/site-packages/airflow/example_dags/example_external_task_marker_dag.py
[2021-03-17 16:32:32,820] {scheduler_job.py:639} INFO - DAG(s) dict_keys(['example_external_task_marker_parent', 'example_external_task_marker_child']) retrieved from /Users/prathyusha/Desktop/pranathi/airflow_cnn_pipeline_final/airflow_test_env/lib/python3.7/site-packages/airflow/example_dags/example_external_task_marker_dag.py
[2021-03-17 16:32:32,843] {logging_mixin.py:104} INFO - [2021-03-17 16:32:32,842] {dag.py:1818} INFO - Sync 2 DAGs
[2021-03-17 16:32:32,854] {logging_mixin.py:104} INFO - [2021-03-17 16:32:32,854] {dag.py:2273} INFO - Setting next_dagrun for example_external_task_marker_child to None
[2021-03-17 16:32:32,856] {logging_mixin.py:104} INFO - [2021-03-17 16:32:32,856] {dag.py:2273} INFO - Setting next_dagrun for example_external_task_marker_parent to None
[2021-03-17 16:32:32,867] {scheduler_job.py:190} INFO - Processing /Users/prathyusha/Desktop/pranathi/airflow_cnn_pipeline_final/airflow_test_env/lib/python3.7/site-packages/airflow/example_dags/example_external_task_marker_dag.py took 0.070 seconds
[2021-03-17 16:33:04,081] {scheduler_job.py:182} INFO - Started process (PID=28282) to work on /Users/prathyusha/Desktop/pranathi/airflow_cnn_pipeline_final/airflow_test_env/lib/python3.7/site-packages/airflow/example_dags/example_external_task_marker_dag.py
[2021-03-17 16:33:04,084] {scheduler_job.py:629} INFO - Processing file /Users/prathyusha/Desktop/pranathi/airflow_cnn_pipeline_final/airflow_test_env/lib/python3.7/site-packages/airflow/example_dags/example_external_task_marker_dag.py for tasks to queue
[2021-03-17 16:33:04,086] {logging_mixin.py:104} INFO - [2021-03-17 16:33:04,085] {dagbag.py:448} INFO - Filling up the DagBag from /Users/prathyusha/Desktop/pranathi/airflow_cnn_pipeline_final/airflow_test_env/lib/python3.7/site-packages/airflow/example_dags/example_external_task_marker_dag.py
[2021-03-17 16:33:04,100] {scheduler_job.py:639} INFO - DAG(s) dict_keys(['example_external_task_marker_parent', 'example_external_task_marker_child']) retrieved from /Users/prathyusha/Desktop/pranathi/airflow_cnn_pipeline_final/airflow_test_env/lib/python3.7/site-packages/airflow/example_dags/example_external_task_marker_dag.py
[2021-03-17 16:33:04,118] {logging_mixin.py:104} INFO - [2021-03-17 16:33:04,118] {dag.py:1818} INFO - Sync 2 DAGs
[2021-03-17 16:33:04,131] {logging_mixin.py:104} INFO - [2021-03-17 16:33:04,130] {dag.py:2273} INFO - Setting next_dagrun for example_external_task_marker_child to None
[2021-03-17 16:33:04,132] {logging_mixin.py:104} INFO - [2021-03-17 16:33:04,132] {dag.py:2273} INFO - Setting next_dagrun for example_external_task_marker_parent to None
[2021-03-17 16:33:04,141] {scheduler_job.py:190} INFO - Processing /Users/prathyusha/Desktop/pranathi/airflow_cnn_pipeline_final/airflow_test_env/lib/python3.7/site-packages/airflow/example_dags/example_external_task_marker_dag.py took 0.063 seconds
[2021-03-17 16:33:34,925] {scheduler_job.py:182} INFO - Started process (PID=28311) to work on /Users/prathyusha/Desktop/pranathi/airflow_cnn_pipeline_final/airflow_test_env/lib/python3.7/site-packages/airflow/example_dags/example_external_task_marker_dag.py
[2021-03-17 16:33:34,928] {scheduler_job.py:629} INFO - Processing file /Users/prathyusha/Desktop/pranathi/airflow_cnn_pipeline_final/airflow_test_env/lib/python3.7/site-packages/airflow/example_dags/example_external_task_marker_dag.py for tasks to queue
[2021-03-17 16:33:34,930] {logging_mixin.py:104} INFO - [2021-03-17 16:33:34,929] {dagbag.py:448} INFO - Filling up the DagBag from /Users/prathyusha/Desktop/pranathi/airflow_cnn_pipeline_final/airflow_test_env/lib/python3.7/site-packages/airflow/example_dags/example_external_task_marker_dag.py
[2021-03-17 16:33:34,945] {scheduler_job.py:639} INFO - DAG(s) dict_keys(['example_external_task_marker_parent', 'example_external_task_marker_child']) retrieved from /Users/prathyusha/Desktop/pranathi/airflow_cnn_pipeline_final/airflow_test_env/lib/python3.7/site-packages/airflow/example_dags/example_external_task_marker_dag.py
[2021-03-17 16:33:34,963] {logging_mixin.py:104} INFO - [2021-03-17 16:33:34,963] {dag.py:1818} INFO - Sync 2 DAGs
[2021-03-17 16:33:34,976] {logging_mixin.py:104} INFO - [2021-03-17 16:33:34,975] {dag.py:2273} INFO - Setting next_dagrun for example_external_task_marker_child to None
[2021-03-17 16:33:34,978] {logging_mixin.py:104} INFO - [2021-03-17 16:33:34,977] {dag.py:2273} INFO - Setting next_dagrun for example_external_task_marker_parent to None
[2021-03-17 16:33:34,987] {scheduler_job.py:190} INFO - Processing /Users/prathyusha/Desktop/pranathi/airflow_cnn_pipeline_final/airflow_test_env/lib/python3.7/site-packages/airflow/example_dags/example_external_task_marker_dag.py took 0.066 seconds
[2021-03-17 16:34:05,636] {scheduler_job.py:182} INFO - Started process (PID=28346) to work on /Users/prathyusha/Desktop/pranathi/airflow_cnn_pipeline_final/airflow_test_env/lib/python3.7/site-packages/airflow/example_dags/example_external_task_marker_dag.py
[2021-03-17 16:34:05,639] {scheduler_job.py:629} INFO - Processing file /Users/prathyusha/Desktop/pranathi/airflow_cnn_pipeline_final/airflow_test_env/lib/python3.7/site-packages/airflow/example_dags/example_external_task_marker_dag.py for tasks to queue
[2021-03-17 16:34:05,640] {logging_mixin.py:104} INFO - [2021-03-17 16:34:05,640] {dagbag.py:448} INFO - Filling up the DagBag from /Users/prathyusha/Desktop/pranathi/airflow_cnn_pipeline_final/airflow_test_env/lib/python3.7/site-packages/airflow/example_dags/example_external_task_marker_dag.py
[2021-03-17 16:34:05,654] {scheduler_job.py:639} INFO - DAG(s) dict_keys(['example_external_task_marker_parent', 'example_external_task_marker_child']) retrieved from /Users/prathyusha/Desktop/pranathi/airflow_cnn_pipeline_final/airflow_test_env/lib/python3.7/site-packages/airflow/example_dags/example_external_task_marker_dag.py
[2021-03-17 16:34:05,678] {logging_mixin.py:104} INFO - [2021-03-17 16:34:05,678] {dag.py:1818} INFO - Sync 2 DAGs
[2021-03-17 16:34:05,690] {logging_mixin.py:104} INFO - [2021-03-17 16:34:05,690] {dag.py:2273} INFO - Setting next_dagrun for example_external_task_marker_child to None
[2021-03-17 16:34:05,692] {logging_mixin.py:104} INFO - [2021-03-17 16:34:05,691] {dag.py:2273} INFO - Setting next_dagrun for example_external_task_marker_parent to None
[2021-03-17 16:34:05,702] {scheduler_job.py:190} INFO - Processing /Users/prathyusha/Desktop/pranathi/airflow_cnn_pipeline_final/airflow_test_env/lib/python3.7/site-packages/airflow/example_dags/example_external_task_marker_dag.py took 0.069 seconds
[2021-03-17 16:34:36,488] {scheduler_job.py:182} INFO - Started process (PID=28375) to work on /Users/prathyusha/Desktop/pranathi/airflow_cnn_pipeline_final/airflow_test_env/lib/python3.7/site-packages/airflow/example_dags/example_external_task_marker_dag.py
[2021-03-17 16:34:36,489] {scheduler_job.py:629} INFO - Processing file /Users/prathyusha/Desktop/pranathi/airflow_cnn_pipeline_final/airflow_test_env/lib/python3.7/site-packages/airflow/example_dags/example_external_task_marker_dag.py for tasks to queue
[2021-03-17 16:34:36,491] {logging_mixin.py:104} INFO - [2021-03-17 16:34:36,490] {dagbag.py:448} INFO - Filling up the DagBag from /Users/prathyusha/Desktop/pranathi/airflow_cnn_pipeline_final/airflow_test_env/lib/python3.7/site-packages/airflow/example_dags/example_external_task_marker_dag.py
[2021-03-17 16:34:36,503] {scheduler_job.py:639} INFO - DAG(s) dict_keys(['example_external_task_marker_parent', 'example_external_task_marker_child']) retrieved from /Users/prathyusha/Desktop/pranathi/airflow_cnn_pipeline_final/airflow_test_env/lib/python3.7/site-packages/airflow/example_dags/example_external_task_marker_dag.py
[2021-03-17 16:34:36,522] {logging_mixin.py:104} INFO - [2021-03-17 16:34:36,522] {dag.py:1818} INFO - Sync 2 DAGs
[2021-03-17 16:34:36,534] {logging_mixin.py:104} INFO - [2021-03-17 16:34:36,534] {dag.py:2273} INFO - Setting next_dagrun for example_external_task_marker_child to None
[2021-03-17 16:34:36,535] {logging_mixin.py:104} INFO - [2021-03-17 16:34:36,535] {dag.py:2273} INFO - Setting next_dagrun for example_external_task_marker_parent to None
[2021-03-17 16:34:36,549] {scheduler_job.py:190} INFO - Processing /Users/prathyusha/Desktop/pranathi/airflow_cnn_pipeline_final/airflow_test_env/lib/python3.7/site-packages/airflow/example_dags/example_external_task_marker_dag.py took 0.064 seconds
[2021-03-17 16:35:07,175] {scheduler_job.py:182} INFO - Started process (PID=28412) to work on /Users/prathyusha/Desktop/pranathi/airflow_cnn_pipeline_final/airflow_test_env/lib/python3.7/site-packages/airflow/example_dags/example_external_task_marker_dag.py
[2021-03-17 16:35:07,177] {scheduler_job.py:629} INFO - Processing file /Users/prathyusha/Desktop/pranathi/airflow_cnn_pipeline_final/airflow_test_env/lib/python3.7/site-packages/airflow/example_dags/example_external_task_marker_dag.py for tasks to queue
[2021-03-17 16:35:07,178] {logging_mixin.py:104} INFO - [2021-03-17 16:35:07,178] {dagbag.py:448} INFO - Filling up the DagBag from /Users/prathyusha/Desktop/pranathi/airflow_cnn_pipeline_final/airflow_test_env/lib/python3.7/site-packages/airflow/example_dags/example_external_task_marker_dag.py
[2021-03-17 16:35:07,191] {scheduler_job.py:639} INFO - DAG(s) dict_keys(['example_external_task_marker_parent', 'example_external_task_marker_child']) retrieved from /Users/prathyusha/Desktop/pranathi/airflow_cnn_pipeline_final/airflow_test_env/lib/python3.7/site-packages/airflow/example_dags/example_external_task_marker_dag.py
[2021-03-17 16:35:07,208] {logging_mixin.py:104} INFO - [2021-03-17 16:35:07,207] {dag.py:1818} INFO - Sync 2 DAGs
[2021-03-17 16:35:07,220] {logging_mixin.py:104} INFO - [2021-03-17 16:35:07,219] {dag.py:2273} INFO - Setting next_dagrun for example_external_task_marker_child to None
[2021-03-17 16:35:07,221] {logging_mixin.py:104} INFO - [2021-03-17 16:35:07,221] {dag.py:2273} INFO - Setting next_dagrun for example_external_task_marker_parent to None
[2021-03-17 16:35:07,230] {scheduler_job.py:190} INFO - Processing /Users/prathyusha/Desktop/pranathi/airflow_cnn_pipeline_final/airflow_test_env/lib/python3.7/site-packages/airflow/example_dags/example_external_task_marker_dag.py took 0.058 seconds
[2021-03-17 16:35:38,031] {scheduler_job.py:182} INFO - Started process (PID=28445) to work on /Users/prathyusha/Desktop/pranathi/airflow_cnn_pipeline_final/airflow_test_env/lib/python3.7/site-packages/airflow/example_dags/example_external_task_marker_dag.py
[2021-03-17 16:35:38,034] {scheduler_job.py:629} INFO - Processing file /Users/prathyusha/Desktop/pranathi/airflow_cnn_pipeline_final/airflow_test_env/lib/python3.7/site-packages/airflow/example_dags/example_external_task_marker_dag.py for tasks to queue
[2021-03-17 16:35:38,037] {logging_mixin.py:104} INFO - [2021-03-17 16:35:38,036] {dagbag.py:448} INFO - Filling up the DagBag from /Users/prathyusha/Desktop/pranathi/airflow_cnn_pipeline_final/airflow_test_env/lib/python3.7/site-packages/airflow/example_dags/example_external_task_marker_dag.py
[2021-03-17 16:35:38,057] {scheduler_job.py:639} INFO - DAG(s) dict_keys(['example_external_task_marker_parent', 'example_external_task_marker_child']) retrieved from /Users/prathyusha/Desktop/pranathi/airflow_cnn_pipeline_final/airflow_test_env/lib/python3.7/site-packages/airflow/example_dags/example_external_task_marker_dag.py
[2021-03-17 16:35:38,082] {logging_mixin.py:104} INFO - [2021-03-17 16:35:38,081] {dag.py:1818} INFO - Sync 2 DAGs
[2021-03-17 16:35:38,097] {logging_mixin.py:104} INFO - [2021-03-17 16:35:38,096] {dag.py:2273} INFO - Setting next_dagrun for example_external_task_marker_child to None
[2021-03-17 16:35:38,098] {logging_mixin.py:104} INFO - [2021-03-17 16:35:38,098] {dag.py:2273} INFO - Setting next_dagrun for example_external_task_marker_parent to None
[2021-03-17 16:35:38,110] {scheduler_job.py:190} INFO - Processing /Users/prathyusha/Desktop/pranathi/airflow_cnn_pipeline_final/airflow_test_env/lib/python3.7/site-packages/airflow/example_dags/example_external_task_marker_dag.py took 0.083 seconds
[2021-03-17 16:36:08,814] {scheduler_job.py:182} INFO - Started process (PID=28485) to work on /Users/prathyusha/Desktop/pranathi/airflow_cnn_pipeline_final/airflow_test_env/lib/python3.7/site-packages/airflow/example_dags/example_external_task_marker_dag.py
[2021-03-17 16:36:08,815] {scheduler_job.py:629} INFO - Processing file /Users/prathyusha/Desktop/pranathi/airflow_cnn_pipeline_final/airflow_test_env/lib/python3.7/site-packages/airflow/example_dags/example_external_task_marker_dag.py for tasks to queue
[2021-03-17 16:36:08,817] {logging_mixin.py:104} INFO - [2021-03-17 16:36:08,816] {dagbag.py:448} INFO - Filling up the DagBag from /Users/prathyusha/Desktop/pranathi/airflow_cnn_pipeline_final/airflow_test_env/lib/python3.7/site-packages/airflow/example_dags/example_external_task_marker_dag.py
[2021-03-17 16:36:08,832] {scheduler_job.py:639} INFO - DAG(s) dict_keys(['example_external_task_marker_parent', 'example_external_task_marker_child']) retrieved from /Users/prathyusha/Desktop/pranathi/airflow_cnn_pipeline_final/airflow_test_env/lib/python3.7/site-packages/airflow/example_dags/example_external_task_marker_dag.py
[2021-03-17 16:36:08,854] {logging_mixin.py:104} INFO - [2021-03-17 16:36:08,854] {dag.py:1818} INFO - Sync 2 DAGs
[2021-03-17 16:36:08,866] {logging_mixin.py:104} INFO - [2021-03-17 16:36:08,865] {dag.py:2273} INFO - Setting next_dagrun for example_external_task_marker_child to None
[2021-03-17 16:36:08,867] {logging_mixin.py:104} INFO - [2021-03-17 16:36:08,867] {dag.py:2273} INFO - Setting next_dagrun for example_external_task_marker_parent to None
[2021-03-17 16:36:08,880] {scheduler_job.py:190} INFO - Processing /Users/prathyusha/Desktop/pranathi/airflow_cnn_pipeline_final/airflow_test_env/lib/python3.7/site-packages/airflow/example_dags/example_external_task_marker_dag.py took 0.070 seconds
[2021-03-17 16:36:39,661] {scheduler_job.py:182} INFO - Started process (PID=28518) to work on /Users/prathyusha/Desktop/pranathi/airflow_cnn_pipeline_final/airflow_test_env/lib/python3.7/site-packages/airflow/example_dags/example_external_task_marker_dag.py
[2021-03-17 16:36:39,662] {scheduler_job.py:629} INFO - Processing file /Users/prathyusha/Desktop/pranathi/airflow_cnn_pipeline_final/airflow_test_env/lib/python3.7/site-packages/airflow/example_dags/example_external_task_marker_dag.py for tasks to queue
[2021-03-17 16:36:39,664] {logging_mixin.py:104} INFO - [2021-03-17 16:36:39,663] {dagbag.py:448} INFO - Filling up the DagBag from /Users/prathyusha/Desktop/pranathi/airflow_cnn_pipeline_final/airflow_test_env/lib/python3.7/site-packages/airflow/example_dags/example_external_task_marker_dag.py
[2021-03-17 16:36:39,678] {scheduler_job.py:639} INFO - DAG(s) dict_keys(['example_external_task_marker_parent', 'example_external_task_marker_child']) retrieved from /Users/prathyusha/Desktop/pranathi/airflow_cnn_pipeline_final/airflow_test_env/lib/python3.7/site-packages/airflow/example_dags/example_external_task_marker_dag.py
[2021-03-17 16:36:39,695] {logging_mixin.py:104} INFO - [2021-03-17 16:36:39,695] {dag.py:1818} INFO - Sync 2 DAGs
[2021-03-17 16:36:39,709] {logging_mixin.py:104} INFO - [2021-03-17 16:36:39,708] {dag.py:2273} INFO - Setting next_dagrun for example_external_task_marker_child to None
[2021-03-17 16:36:39,710] {logging_mixin.py:104} INFO - [2021-03-17 16:36:39,710] {dag.py:2273} INFO - Setting next_dagrun for example_external_task_marker_parent to None
[2021-03-17 16:36:39,718] {scheduler_job.py:190} INFO - Processing /Users/prathyusha/Desktop/pranathi/airflow_cnn_pipeline_final/airflow_test_env/lib/python3.7/site-packages/airflow/example_dags/example_external_task_marker_dag.py took 0.061 seconds
[2021-03-17 16:37:10,499] {scheduler_job.py:182} INFO - Started process (PID=28547) to work on /Users/prathyusha/Desktop/pranathi/airflow_cnn_pipeline_final/airflow_test_env/lib/python3.7/site-packages/airflow/example_dags/example_external_task_marker_dag.py
[2021-03-17 16:37:10,501] {scheduler_job.py:629} INFO - Processing file /Users/prathyusha/Desktop/pranathi/airflow_cnn_pipeline_final/airflow_test_env/lib/python3.7/site-packages/airflow/example_dags/example_external_task_marker_dag.py for tasks to queue
[2021-03-17 16:37:10,502] {logging_mixin.py:104} INFO - [2021-03-17 16:37:10,502] {dagbag.py:448} INFO - Filling up the DagBag from /Users/prathyusha/Desktop/pranathi/airflow_cnn_pipeline_final/airflow_test_env/lib/python3.7/site-packages/airflow/example_dags/example_external_task_marker_dag.py
[2021-03-17 16:37:10,516] {scheduler_job.py:639} INFO - DAG(s) dict_keys(['example_external_task_marker_parent', 'example_external_task_marker_child']) retrieved from /Users/prathyusha/Desktop/pranathi/airflow_cnn_pipeline_final/airflow_test_env/lib/python3.7/site-packages/airflow/example_dags/example_external_task_marker_dag.py
[2021-03-17 16:37:10,533] {logging_mixin.py:104} INFO - [2021-03-17 16:37:10,533] {dag.py:1818} INFO - Sync 2 DAGs
[2021-03-17 16:37:10,545] {logging_mixin.py:104} INFO - [2021-03-17 16:37:10,545] {dag.py:2273} INFO - Setting next_dagrun for example_external_task_marker_child to None
[2021-03-17 16:37:10,547] {logging_mixin.py:104} INFO - [2021-03-17 16:37:10,546] {dag.py:2273} INFO - Setting next_dagrun for example_external_task_marker_parent to None
[2021-03-17 16:37:10,554] {scheduler_job.py:190} INFO - Processing /Users/prathyusha/Desktop/pranathi/airflow_cnn_pipeline_final/airflow_test_env/lib/python3.7/site-packages/airflow/example_dags/example_external_task_marker_dag.py took 0.059 seconds
[2021-03-17 16:37:41,348] {scheduler_job.py:182} INFO - Started process (PID=28580) to work on /Users/prathyusha/Desktop/pranathi/airflow_cnn_pipeline_final/airflow_test_env/lib/python3.7/site-packages/airflow/example_dags/example_external_task_marker_dag.py
[2021-03-17 16:37:41,351] {scheduler_job.py:629} INFO - Processing file /Users/prathyusha/Desktop/pranathi/airflow_cnn_pipeline_final/airflow_test_env/lib/python3.7/site-packages/airflow/example_dags/example_external_task_marker_dag.py for tasks to queue
[2021-03-17 16:37:41,352] {logging_mixin.py:104} INFO - [2021-03-17 16:37:41,352] {dagbag.py:448} INFO - Filling up the DagBag from /Users/prathyusha/Desktop/pranathi/airflow_cnn_pipeline_final/airflow_test_env/lib/python3.7/site-packages/airflow/example_dags/example_external_task_marker_dag.py
[2021-03-17 16:37:41,364] {scheduler_job.py:639} INFO - DAG(s) dict_keys(['example_external_task_marker_parent', 'example_external_task_marker_child']) retrieved from /Users/prathyusha/Desktop/pranathi/airflow_cnn_pipeline_final/airflow_test_env/lib/python3.7/site-packages/airflow/example_dags/example_external_task_marker_dag.py
[2021-03-17 16:37:41,383] {logging_mixin.py:104} INFO - [2021-03-17 16:37:41,383] {dag.py:1818} INFO - Sync 2 DAGs
[2021-03-17 16:37:41,395] {logging_mixin.py:104} INFO - [2021-03-17 16:37:41,395] {dag.py:2273} INFO - Setting next_dagrun for example_external_task_marker_child to None
[2021-03-17 16:37:41,397] {logging_mixin.py:104} INFO - [2021-03-17 16:37:41,397] {dag.py:2273} INFO - Setting next_dagrun for example_external_task_marker_parent to None
[2021-03-17 16:37:41,410] {scheduler_job.py:190} INFO - Processing /Users/prathyusha/Desktop/pranathi/airflow_cnn_pipeline_final/airflow_test_env/lib/python3.7/site-packages/airflow/example_dags/example_external_task_marker_dag.py took 0.066 seconds
[2021-03-17 16:38:12,085] {scheduler_job.py:182} INFO - Started process (PID=28611) to work on /Users/prathyusha/Desktop/pranathi/airflow_cnn_pipeline_final/airflow_test_env/lib/python3.7/site-packages/airflow/example_dags/example_external_task_marker_dag.py
[2021-03-17 16:38:12,086] {scheduler_job.py:629} INFO - Processing file /Users/prathyusha/Desktop/pranathi/airflow_cnn_pipeline_final/airflow_test_env/lib/python3.7/site-packages/airflow/example_dags/example_external_task_marker_dag.py for tasks to queue
[2021-03-17 16:38:12,088] {logging_mixin.py:104} INFO - [2021-03-17 16:38:12,087] {dagbag.py:448} INFO - Filling up the DagBag from /Users/prathyusha/Desktop/pranathi/airflow_cnn_pipeline_final/airflow_test_env/lib/python3.7/site-packages/airflow/example_dags/example_external_task_marker_dag.py
[2021-03-17 16:38:12,100] {scheduler_job.py:639} INFO - DAG(s) dict_keys(['example_external_task_marker_parent', 'example_external_task_marker_child']) retrieved from /Users/prathyusha/Desktop/pranathi/airflow_cnn_pipeline_final/airflow_test_env/lib/python3.7/site-packages/airflow/example_dags/example_external_task_marker_dag.py
[2021-03-17 16:38:12,119] {logging_mixin.py:104} INFO - [2021-03-17 16:38:12,118] {dag.py:1818} INFO - Sync 2 DAGs
[2021-03-17 16:38:12,130] {logging_mixin.py:104} INFO - [2021-03-17 16:38:12,130] {dag.py:2273} INFO - Setting next_dagrun for example_external_task_marker_child to None
[2021-03-17 16:38:12,131] {logging_mixin.py:104} INFO - [2021-03-17 16:38:12,131] {dag.py:2273} INFO - Setting next_dagrun for example_external_task_marker_parent to None
[2021-03-17 16:38:12,144] {scheduler_job.py:190} INFO - Processing /Users/prathyusha/Desktop/pranathi/airflow_cnn_pipeline_final/airflow_test_env/lib/python3.7/site-packages/airflow/example_dags/example_external_task_marker_dag.py took 0.063 seconds
[2021-03-17 16:38:42,919] {scheduler_job.py:182} INFO - Started process (PID=28677) to work on /Users/prathyusha/Desktop/pranathi/airflow_cnn_pipeline_final/airflow_test_env/lib/python3.7/site-packages/airflow/example_dags/example_external_task_marker_dag.py
[2021-03-17 16:38:42,921] {scheduler_job.py:629} INFO - Processing file /Users/prathyusha/Desktop/pranathi/airflow_cnn_pipeline_final/airflow_test_env/lib/python3.7/site-packages/airflow/example_dags/example_external_task_marker_dag.py for tasks to queue
[2021-03-17 16:38:42,922] {logging_mixin.py:104} INFO - [2021-03-17 16:38:42,922] {dagbag.py:448} INFO - Filling up the DagBag from /Users/prathyusha/Desktop/pranathi/airflow_cnn_pipeline_final/airflow_test_env/lib/python3.7/site-packages/airflow/example_dags/example_external_task_marker_dag.py
[2021-03-17 16:38:42,936] {scheduler_job.py:639} INFO - DAG(s) dict_keys(['example_external_task_marker_parent', 'example_external_task_marker_child']) retrieved from /Users/prathyusha/Desktop/pranathi/airflow_cnn_pipeline_final/airflow_test_env/lib/python3.7/site-packages/airflow/example_dags/example_external_task_marker_dag.py
[2021-03-17 16:38:42,956] {logging_mixin.py:104} INFO - [2021-03-17 16:38:42,955] {dag.py:1818} INFO - Sync 2 DAGs
[2021-03-17 16:38:42,967] {logging_mixin.py:104} INFO - [2021-03-17 16:38:42,967] {dag.py:2273} INFO - Setting next_dagrun for example_external_task_marker_child to None
[2021-03-17 16:38:42,969] {logging_mixin.py:104} INFO - [2021-03-17 16:38:42,968] {dag.py:2273} INFO - Setting next_dagrun for example_external_task_marker_parent to None
[2021-03-17 16:38:42,979] {scheduler_job.py:190} INFO - Processing /Users/prathyusha/Desktop/pranathi/airflow_cnn_pipeline_final/airflow_test_env/lib/python3.7/site-packages/airflow/example_dags/example_external_task_marker_dag.py took 0.064 seconds
[2021-03-17 16:39:13,768] {scheduler_job.py:182} INFO - Started process (PID=28725) to work on /Users/prathyusha/Desktop/pranathi/airflow_cnn_pipeline_final/airflow_test_env/lib/python3.7/site-packages/airflow/example_dags/example_external_task_marker_dag.py
[2021-03-17 16:39:13,770] {scheduler_job.py:629} INFO - Processing file /Users/prathyusha/Desktop/pranathi/airflow_cnn_pipeline_final/airflow_test_env/lib/python3.7/site-packages/airflow/example_dags/example_external_task_marker_dag.py for tasks to queue
[2021-03-17 16:39:13,771] {logging_mixin.py:104} INFO - [2021-03-17 16:39:13,771] {dagbag.py:448} INFO - Filling up the DagBag from /Users/prathyusha/Desktop/pranathi/airflow_cnn_pipeline_final/airflow_test_env/lib/python3.7/site-packages/airflow/example_dags/example_external_task_marker_dag.py
[2021-03-17 16:39:13,784] {scheduler_job.py:639} INFO - DAG(s) dict_keys(['example_external_task_marker_parent', 'example_external_task_marker_child']) retrieved from /Users/prathyusha/Desktop/pranathi/airflow_cnn_pipeline_final/airflow_test_env/lib/python3.7/site-packages/airflow/example_dags/example_external_task_marker_dag.py
[2021-03-17 16:39:13,801] {logging_mixin.py:104} INFO - [2021-03-17 16:39:13,800] {dag.py:1818} INFO - Sync 2 DAGs
[2021-03-17 16:39:13,813] {logging_mixin.py:104} INFO - [2021-03-17 16:39:13,812] {dag.py:2273} INFO - Setting next_dagrun for example_external_task_marker_child to None
[2021-03-17 16:39:13,814] {logging_mixin.py:104} INFO - [2021-03-17 16:39:13,814] {dag.py:2273} INFO - Setting next_dagrun for example_external_task_marker_parent to None
[2021-03-17 16:39:13,821] {scheduler_job.py:190} INFO - Processing /Users/prathyusha/Desktop/pranathi/airflow_cnn_pipeline_final/airflow_test_env/lib/python3.7/site-packages/airflow/example_dags/example_external_task_marker_dag.py took 0.057 seconds
[2021-03-17 16:39:44,366] {scheduler_job.py:182} INFO - Started process (PID=28755) to work on /Users/prathyusha/Desktop/pranathi/airflow_cnn_pipeline_final/airflow_test_env/lib/python3.7/site-packages/airflow/example_dags/example_external_task_marker_dag.py
[2021-03-17 16:39:44,367] {scheduler_job.py:629} INFO - Processing file /Users/prathyusha/Desktop/pranathi/airflow_cnn_pipeline_final/airflow_test_env/lib/python3.7/site-packages/airflow/example_dags/example_external_task_marker_dag.py for tasks to queue
[2021-03-17 16:39:44,369] {logging_mixin.py:104} INFO - [2021-03-17 16:39:44,368] {dagbag.py:448} INFO - Filling up the DagBag from /Users/prathyusha/Desktop/pranathi/airflow_cnn_pipeline_final/airflow_test_env/lib/python3.7/site-packages/airflow/example_dags/example_external_task_marker_dag.py
[2021-03-17 16:39:44,382] {scheduler_job.py:639} INFO - DAG(s) dict_keys(['example_external_task_marker_parent', 'example_external_task_marker_child']) retrieved from /Users/prathyusha/Desktop/pranathi/airflow_cnn_pipeline_final/airflow_test_env/lib/python3.7/site-packages/airflow/example_dags/example_external_task_marker_dag.py
[2021-03-17 16:39:44,401] {logging_mixin.py:104} INFO - [2021-03-17 16:39:44,401] {dag.py:1818} INFO - Sync 2 DAGs
[2021-03-17 16:39:44,413] {logging_mixin.py:104} INFO - [2021-03-17 16:39:44,412] {dag.py:2273} INFO - Setting next_dagrun for example_external_task_marker_child to None
[2021-03-17 16:39:44,414] {logging_mixin.py:104} INFO - [2021-03-17 16:39:44,414] {dag.py:2273} INFO - Setting next_dagrun for example_external_task_marker_parent to None
[2021-03-17 16:39:44,427] {scheduler_job.py:190} INFO - Processing /Users/prathyusha/Desktop/pranathi/airflow_cnn_pipeline_final/airflow_test_env/lib/python3.7/site-packages/airflow/example_dags/example_external_task_marker_dag.py took 0.065 seconds
[2021-03-17 16:40:15,080] {scheduler_job.py:182} INFO - Started process (PID=28803) to work on /Users/prathyusha/Desktop/pranathi/airflow_cnn_pipeline_final/airflow_test_env/lib/python3.7/site-packages/airflow/example_dags/example_external_task_marker_dag.py
[2021-03-17 16:40:15,086] {scheduler_job.py:629} INFO - Processing file /Users/prathyusha/Desktop/pranathi/airflow_cnn_pipeline_final/airflow_test_env/lib/python3.7/site-packages/airflow/example_dags/example_external_task_marker_dag.py for tasks to queue
[2021-03-17 16:40:15,088] {logging_mixin.py:104} INFO - [2021-03-17 16:40:15,088] {dagbag.py:448} INFO - Filling up the DagBag from /Users/prathyusha/Desktop/pranathi/airflow_cnn_pipeline_final/airflow_test_env/lib/python3.7/site-packages/airflow/example_dags/example_external_task_marker_dag.py
[2021-03-17 16:40:15,104] {scheduler_job.py:639} INFO - DAG(s) dict_keys(['example_external_task_marker_parent', 'example_external_task_marker_child']) retrieved from /Users/prathyusha/Desktop/pranathi/airflow_cnn_pipeline_final/airflow_test_env/lib/python3.7/site-packages/airflow/example_dags/example_external_task_marker_dag.py
[2021-03-17 16:40:15,126] {logging_mixin.py:104} INFO - [2021-03-17 16:40:15,125] {dag.py:1818} INFO - Sync 2 DAGs
[2021-03-17 16:40:15,139] {logging_mixin.py:104} INFO - [2021-03-17 16:40:15,139] {dag.py:2273} INFO - Setting next_dagrun for example_external_task_marker_child to None
[2021-03-17 16:40:15,140] {logging_mixin.py:104} INFO - [2021-03-17 16:40:15,140] {dag.py:2273} INFO - Setting next_dagrun for example_external_task_marker_parent to None
[2021-03-17 16:40:15,149] {scheduler_job.py:190} INFO - Processing /Users/prathyusha/Desktop/pranathi/airflow_cnn_pipeline_final/airflow_test_env/lib/python3.7/site-packages/airflow/example_dags/example_external_task_marker_dag.py took 0.072 seconds
[2021-03-17 16:40:45,947] {scheduler_job.py:182} INFO - Started process (PID=28839) to work on /Users/prathyusha/Desktop/pranathi/airflow_cnn_pipeline_final/airflow_test_env/lib/python3.7/site-packages/airflow/example_dags/example_external_task_marker_dag.py
[2021-03-17 16:40:45,952] {scheduler_job.py:629} INFO - Processing file /Users/prathyusha/Desktop/pranathi/airflow_cnn_pipeline_final/airflow_test_env/lib/python3.7/site-packages/airflow/example_dags/example_external_task_marker_dag.py for tasks to queue
[2021-03-17 16:40:45,954] {logging_mixin.py:104} INFO - [2021-03-17 16:40:45,953] {dagbag.py:448} INFO - Filling up the DagBag from /Users/prathyusha/Desktop/pranathi/airflow_cnn_pipeline_final/airflow_test_env/lib/python3.7/site-packages/airflow/example_dags/example_external_task_marker_dag.py
[2021-03-17 16:40:45,973] {scheduler_job.py:639} INFO - DAG(s) dict_keys(['example_external_task_marker_parent', 'example_external_task_marker_child']) retrieved from /Users/prathyusha/Desktop/pranathi/airflow_cnn_pipeline_final/airflow_test_env/lib/python3.7/site-packages/airflow/example_dags/example_external_task_marker_dag.py
[2021-03-17 16:40:46,005] {logging_mixin.py:104} INFO - [2021-03-17 16:40:46,003] {dag.py:1818} INFO - Sync 2 DAGs
[2021-03-17 16:40:46,021] {logging_mixin.py:104} INFO - [2021-03-17 16:40:46,020] {dag.py:2273} INFO - Setting next_dagrun for example_external_task_marker_child to None
[2021-03-17 16:40:46,023] {logging_mixin.py:104} INFO - [2021-03-17 16:40:46,022] {dag.py:2273} INFO - Setting next_dagrun for example_external_task_marker_parent to None
[2021-03-17 16:40:46,037] {scheduler_job.py:190} INFO - Processing /Users/prathyusha/Desktop/pranathi/airflow_cnn_pipeline_final/airflow_test_env/lib/python3.7/site-packages/airflow/example_dags/example_external_task_marker_dag.py took 0.099 seconds
[2021-03-17 16:41:16,991] {scheduler_job.py:182} INFO - Started process (PID=28870) to work on /Users/prathyusha/Desktop/pranathi/airflow_cnn_pipeline_final/airflow_test_env/lib/python3.7/site-packages/airflow/example_dags/example_external_task_marker_dag.py
[2021-03-17 16:41:16,993] {scheduler_job.py:629} INFO - Processing file /Users/prathyusha/Desktop/pranathi/airflow_cnn_pipeline_final/airflow_test_env/lib/python3.7/site-packages/airflow/example_dags/example_external_task_marker_dag.py for tasks to queue
[2021-03-17 16:41:16,994] {logging_mixin.py:104} INFO - [2021-03-17 16:41:16,994] {dagbag.py:448} INFO - Filling up the DagBag from /Users/prathyusha/Desktop/pranathi/airflow_cnn_pipeline_final/airflow_test_env/lib/python3.7/site-packages/airflow/example_dags/example_external_task_marker_dag.py
[2021-03-17 16:41:17,007] {scheduler_job.py:639} INFO - DAG(s) dict_keys(['example_external_task_marker_parent', 'example_external_task_marker_child']) retrieved from /Users/prathyusha/Desktop/pranathi/airflow_cnn_pipeline_final/airflow_test_env/lib/python3.7/site-packages/airflow/example_dags/example_external_task_marker_dag.py
[2021-03-17 16:41:17,025] {logging_mixin.py:104} INFO - [2021-03-17 16:41:17,025] {dag.py:1818} INFO - Sync 2 DAGs
[2021-03-17 16:41:17,037] {logging_mixin.py:104} INFO - [2021-03-17 16:41:17,037] {dag.py:2273} INFO - Setting next_dagrun for example_external_task_marker_child to None
[2021-03-17 16:41:17,039] {logging_mixin.py:104} INFO - [2021-03-17 16:41:17,038] {dag.py:2273} INFO - Setting next_dagrun for example_external_task_marker_parent to None
[2021-03-17 16:41:17,046] {scheduler_job.py:190} INFO - Processing /Users/prathyusha/Desktop/pranathi/airflow_cnn_pipeline_final/airflow_test_env/lib/python3.7/site-packages/airflow/example_dags/example_external_task_marker_dag.py took 0.059 seconds
[2021-03-17 16:41:50,561] {scheduler_job.py:182} INFO - Started process (PID=28908) to work on /Users/prathyusha/Desktop/pranathi/airflow_cnn_pipeline_final/airflow_test_env/lib/python3.7/site-packages/airflow/example_dags/example_external_task_marker_dag.py
[2021-03-17 16:41:50,563] {scheduler_job.py:629} INFO - Processing file /Users/prathyusha/Desktop/pranathi/airflow_cnn_pipeline_final/airflow_test_env/lib/python3.7/site-packages/airflow/example_dags/example_external_task_marker_dag.py for tasks to queue
[2021-03-17 16:41:50,565] {logging_mixin.py:104} INFO - [2021-03-17 16:41:50,564] {dagbag.py:448} INFO - Filling up the DagBag from /Users/prathyusha/Desktop/pranathi/airflow_cnn_pipeline_final/airflow_test_env/lib/python3.7/site-packages/airflow/example_dags/example_external_task_marker_dag.py
[2021-03-17 16:41:50,583] {scheduler_job.py:639} INFO - DAG(s) dict_keys(['example_external_task_marker_parent', 'example_external_task_marker_child']) retrieved from /Users/prathyusha/Desktop/pranathi/airflow_cnn_pipeline_final/airflow_test_env/lib/python3.7/site-packages/airflow/example_dags/example_external_task_marker_dag.py
[2021-03-17 16:41:50,603] {logging_mixin.py:104} INFO - [2021-03-17 16:41:50,603] {dag.py:1818} INFO - Sync 2 DAGs
[2021-03-17 16:41:50,617] {logging_mixin.py:104} INFO - [2021-03-17 16:41:50,617] {dag.py:2273} INFO - Setting next_dagrun for example_external_task_marker_child to None
[2021-03-17 16:41:50,619] {logging_mixin.py:104} INFO - [2021-03-17 16:41:50,618] {dag.py:2273} INFO - Setting next_dagrun for example_external_task_marker_parent to None
[2021-03-17 16:41:50,632] {scheduler_job.py:190} INFO - Processing /Users/prathyusha/Desktop/pranathi/airflow_cnn_pipeline_final/airflow_test_env/lib/python3.7/site-packages/airflow/example_dags/example_external_task_marker_dag.py took 0.076 seconds
[2021-03-17 16:42:21,305] {scheduler_job.py:182} INFO - Started process (PID=28941) to work on /Users/prathyusha/Desktop/pranathi/airflow_cnn_pipeline_final/airflow_test_env/lib/python3.7/site-packages/airflow/example_dags/example_external_task_marker_dag.py
[2021-03-17 16:42:21,306] {scheduler_job.py:629} INFO - Processing file /Users/prathyusha/Desktop/pranathi/airflow_cnn_pipeline_final/airflow_test_env/lib/python3.7/site-packages/airflow/example_dags/example_external_task_marker_dag.py for tasks to queue
[2021-03-17 16:42:21,308] {logging_mixin.py:104} INFO - [2021-03-17 16:42:21,307] {dagbag.py:448} INFO - Filling up the DagBag from /Users/prathyusha/Desktop/pranathi/airflow_cnn_pipeline_final/airflow_test_env/lib/python3.7/site-packages/airflow/example_dags/example_external_task_marker_dag.py
[2021-03-17 16:42:21,325] {scheduler_job.py:639} INFO - DAG(s) dict_keys(['example_external_task_marker_parent', 'example_external_task_marker_child']) retrieved from /Users/prathyusha/Desktop/pranathi/airflow_cnn_pipeline_final/airflow_test_env/lib/python3.7/site-packages/airflow/example_dags/example_external_task_marker_dag.py
[2021-03-17 16:42:21,344] {logging_mixin.py:104} INFO - [2021-03-17 16:42:21,343] {dag.py:1818} INFO - Sync 2 DAGs
[2021-03-17 16:42:21,356] {logging_mixin.py:104} INFO - [2021-03-17 16:42:21,355] {dag.py:2273} INFO - Setting next_dagrun for example_external_task_marker_child to None
[2021-03-17 16:42:21,357] {logging_mixin.py:104} INFO - [2021-03-17 16:42:21,357] {dag.py:2273} INFO - Setting next_dagrun for example_external_task_marker_parent to None
[2021-03-17 16:42:21,364] {scheduler_job.py:190} INFO - Processing /Users/prathyusha/Desktop/pranathi/airflow_cnn_pipeline_final/airflow_test_env/lib/python3.7/site-packages/airflow/example_dags/example_external_task_marker_dag.py took 0.063 seconds
[2021-03-17 16:42:51,808] {scheduler_job.py:182} INFO - Started process (PID=28972) to work on /Users/prathyusha/Desktop/pranathi/airflow_cnn_pipeline_final/airflow_test_env/lib/python3.7/site-packages/airflow/example_dags/example_external_task_marker_dag.py
[2021-03-17 16:42:51,811] {scheduler_job.py:629} INFO - Processing file /Users/prathyusha/Desktop/pranathi/airflow_cnn_pipeline_final/airflow_test_env/lib/python3.7/site-packages/airflow/example_dags/example_external_task_marker_dag.py for tasks to queue
[2021-03-17 16:42:51,812] {logging_mixin.py:104} INFO - [2021-03-17 16:42:51,812] {dagbag.py:448} INFO - Filling up the DagBag from /Users/prathyusha/Desktop/pranathi/airflow_cnn_pipeline_final/airflow_test_env/lib/python3.7/site-packages/airflow/example_dags/example_external_task_marker_dag.py
[2021-03-17 16:42:51,830] {scheduler_job.py:639} INFO - DAG(s) dict_keys(['example_external_task_marker_parent', 'example_external_task_marker_child']) retrieved from /Users/prathyusha/Desktop/pranathi/airflow_cnn_pipeline_final/airflow_test_env/lib/python3.7/site-packages/airflow/example_dags/example_external_task_marker_dag.py
[2021-03-17 16:42:51,863] {logging_mixin.py:104} INFO - [2021-03-17 16:42:51,861] {dag.py:1818} INFO - Sync 2 DAGs
[2021-03-17 16:42:51,882] {logging_mixin.py:104} INFO - [2021-03-17 16:42:51,881] {dag.py:2273} INFO - Setting next_dagrun for example_external_task_marker_child to None
[2021-03-17 16:42:51,884] {logging_mixin.py:104} INFO - [2021-03-17 16:42:51,883] {dag.py:2273} INFO - Setting next_dagrun for example_external_task_marker_parent to None
[2021-03-17 16:42:51,901] {scheduler_job.py:190} INFO - Processing /Users/prathyusha/Desktop/pranathi/airflow_cnn_pipeline_final/airflow_test_env/lib/python3.7/site-packages/airflow/example_dags/example_external_task_marker_dag.py took 0.098 seconds
[2021-03-17 16:43:22,311] {scheduler_job.py:182} INFO - Started process (PID=29005) to work on /Users/prathyusha/Desktop/pranathi/airflow_cnn_pipeline_final/airflow_test_env/lib/python3.7/site-packages/airflow/example_dags/example_external_task_marker_dag.py
[2021-03-17 16:43:22,314] {scheduler_job.py:629} INFO - Processing file /Users/prathyusha/Desktop/pranathi/airflow_cnn_pipeline_final/airflow_test_env/lib/python3.7/site-packages/airflow/example_dags/example_external_task_marker_dag.py for tasks to queue
[2021-03-17 16:43:22,317] {logging_mixin.py:104} INFO - [2021-03-17 16:43:22,316] {dagbag.py:448} INFO - Filling up the DagBag from /Users/prathyusha/Desktop/pranathi/airflow_cnn_pipeline_final/airflow_test_env/lib/python3.7/site-packages/airflow/example_dags/example_external_task_marker_dag.py
[2021-03-17 16:43:22,333] {scheduler_job.py:639} INFO - DAG(s) dict_keys(['example_external_task_marker_parent', 'example_external_task_marker_child']) retrieved from /Users/prathyusha/Desktop/pranathi/airflow_cnn_pipeline_final/airflow_test_env/lib/python3.7/site-packages/airflow/example_dags/example_external_task_marker_dag.py
[2021-03-17 16:43:22,351] {logging_mixin.py:104} INFO - [2021-03-17 16:43:22,350] {dag.py:1818} INFO - Sync 2 DAGs
[2021-03-17 16:43:22,364] {logging_mixin.py:104} INFO - [2021-03-17 16:43:22,363] {dag.py:2273} INFO - Setting next_dagrun for example_external_task_marker_child to None
[2021-03-17 16:43:22,365] {logging_mixin.py:104} INFO - [2021-03-17 16:43:22,365] {dag.py:2273} INFO - Setting next_dagrun for example_external_task_marker_parent to None
[2021-03-17 16:43:22,375] {scheduler_job.py:190} INFO - Processing /Users/prathyusha/Desktop/pranathi/airflow_cnn_pipeline_final/airflow_test_env/lib/python3.7/site-packages/airflow/example_dags/example_external_task_marker_dag.py took 0.070 seconds
[2021-03-17 16:43:52,905] {scheduler_job.py:182} INFO - Started process (PID=29037) to work on /Users/prathyusha/Desktop/pranathi/airflow_cnn_pipeline_final/airflow_test_env/lib/python3.7/site-packages/airflow/example_dags/example_external_task_marker_dag.py
[2021-03-17 16:43:52,907] {scheduler_job.py:629} INFO - Processing file /Users/prathyusha/Desktop/pranathi/airflow_cnn_pipeline_final/airflow_test_env/lib/python3.7/site-packages/airflow/example_dags/example_external_task_marker_dag.py for tasks to queue
[2021-03-17 16:43:52,911] {logging_mixin.py:104} INFO - [2021-03-17 16:43:52,909] {dagbag.py:448} INFO - Filling up the DagBag from /Users/prathyusha/Desktop/pranathi/airflow_cnn_pipeline_final/airflow_test_env/lib/python3.7/site-packages/airflow/example_dags/example_external_task_marker_dag.py
[2021-03-17 16:43:52,931] {scheduler_job.py:639} INFO - DAG(s) dict_keys(['example_external_task_marker_parent', 'example_external_task_marker_child']) retrieved from /Users/prathyusha/Desktop/pranathi/airflow_cnn_pipeline_final/airflow_test_env/lib/python3.7/site-packages/airflow/example_dags/example_external_task_marker_dag.py
[2021-03-17 16:43:52,954] {logging_mixin.py:104} INFO - [2021-03-17 16:43:52,954] {dag.py:1818} INFO - Sync 2 DAGs
[2021-03-17 16:43:52,966] {logging_mixin.py:104} INFO - [2021-03-17 16:43:52,966] {dag.py:2273} INFO - Setting next_dagrun for example_external_task_marker_child to None
[2021-03-17 16:43:52,968] {logging_mixin.py:104} INFO - [2021-03-17 16:43:52,967] {dag.py:2273} INFO - Setting next_dagrun for example_external_task_marker_parent to None
[2021-03-17 16:43:52,982] {scheduler_job.py:190} INFO - Processing /Users/prathyusha/Desktop/pranathi/airflow_cnn_pipeline_final/airflow_test_env/lib/python3.7/site-packages/airflow/example_dags/example_external_task_marker_dag.py took 0.082 seconds
[2021-03-17 16:44:23,304] {scheduler_job.py:182} INFO - Started process (PID=29068) to work on /Users/prathyusha/Desktop/pranathi/airflow_cnn_pipeline_final/airflow_test_env/lib/python3.7/site-packages/airflow/example_dags/example_external_task_marker_dag.py
[2021-03-17 16:44:23,306] {scheduler_job.py:629} INFO - Processing file /Users/prathyusha/Desktop/pranathi/airflow_cnn_pipeline_final/airflow_test_env/lib/python3.7/site-packages/airflow/example_dags/example_external_task_marker_dag.py for tasks to queue
[2021-03-17 16:44:23,307] {logging_mixin.py:104} INFO - [2021-03-17 16:44:23,307] {dagbag.py:448} INFO - Filling up the DagBag from /Users/prathyusha/Desktop/pranathi/airflow_cnn_pipeline_final/airflow_test_env/lib/python3.7/site-packages/airflow/example_dags/example_external_task_marker_dag.py
[2021-03-17 16:44:23,322] {scheduler_job.py:639} INFO - DAG(s) dict_keys(['example_external_task_marker_parent', 'example_external_task_marker_child']) retrieved from /Users/prathyusha/Desktop/pranathi/airflow_cnn_pipeline_final/airflow_test_env/lib/python3.7/site-packages/airflow/example_dags/example_external_task_marker_dag.py
[2021-03-17 16:44:23,343] {logging_mixin.py:104} INFO - [2021-03-17 16:44:23,342] {dag.py:1818} INFO - Sync 2 DAGs
[2021-03-17 16:44:23,365] {logging_mixin.py:104} INFO - [2021-03-17 16:44:23,364] {dag.py:2273} INFO - Setting next_dagrun for example_external_task_marker_child to None
[2021-03-17 16:44:23,367] {logging_mixin.py:104} INFO - [2021-03-17 16:44:23,366] {dag.py:2273} INFO - Setting next_dagrun for example_external_task_marker_parent to None
[2021-03-17 16:44:23,378] {scheduler_job.py:190} INFO - Processing /Users/prathyusha/Desktop/pranathi/airflow_cnn_pipeline_final/airflow_test_env/lib/python3.7/site-packages/airflow/example_dags/example_external_task_marker_dag.py took 0.079 seconds
[2021-03-17 16:44:53,829] {scheduler_job.py:182} INFO - Started process (PID=29101) to work on /Users/prathyusha/Desktop/pranathi/airflow_cnn_pipeline_final/airflow_test_env/lib/python3.7/site-packages/airflow/example_dags/example_external_task_marker_dag.py
[2021-03-17 16:44:53,831] {scheduler_job.py:629} INFO - Processing file /Users/prathyusha/Desktop/pranathi/airflow_cnn_pipeline_final/airflow_test_env/lib/python3.7/site-packages/airflow/example_dags/example_external_task_marker_dag.py for tasks to queue
[2021-03-17 16:44:53,832] {logging_mixin.py:104} INFO - [2021-03-17 16:44:53,832] {dagbag.py:448} INFO - Filling up the DagBag from /Users/prathyusha/Desktop/pranathi/airflow_cnn_pipeline_final/airflow_test_env/lib/python3.7/site-packages/airflow/example_dags/example_external_task_marker_dag.py
[2021-03-17 16:44:53,858] {scheduler_job.py:639} INFO - DAG(s) dict_keys(['example_external_task_marker_parent', 'example_external_task_marker_child']) retrieved from /Users/prathyusha/Desktop/pranathi/airflow_cnn_pipeline_final/airflow_test_env/lib/python3.7/site-packages/airflow/example_dags/example_external_task_marker_dag.py
[2021-03-17 16:44:53,885] {logging_mixin.py:104} INFO - [2021-03-17 16:44:53,884] {dag.py:1818} INFO - Sync 2 DAGs
[2021-03-17 16:44:53,904] {logging_mixin.py:104} INFO - [2021-03-17 16:44:53,903] {dag.py:2273} INFO - Setting next_dagrun for example_external_task_marker_child to None
[2021-03-17 16:44:53,906] {logging_mixin.py:104} INFO - [2021-03-17 16:44:53,905] {dag.py:2273} INFO - Setting next_dagrun for example_external_task_marker_parent to None
[2021-03-17 16:44:53,918] {scheduler_job.py:190} INFO - Processing /Users/prathyusha/Desktop/pranathi/airflow_cnn_pipeline_final/airflow_test_env/lib/python3.7/site-packages/airflow/example_dags/example_external_task_marker_dag.py took 0.094 seconds
[2021-03-17 16:45:24,496] {scheduler_job.py:182} INFO - Started process (PID=29145) to work on /Users/prathyusha/Desktop/pranathi/airflow_cnn_pipeline_final/airflow_test_env/lib/python3.7/site-packages/airflow/example_dags/example_external_task_marker_dag.py
[2021-03-17 16:45:24,498] {scheduler_job.py:629} INFO - Processing file /Users/prathyusha/Desktop/pranathi/airflow_cnn_pipeline_final/airflow_test_env/lib/python3.7/site-packages/airflow/example_dags/example_external_task_marker_dag.py for tasks to queue
[2021-03-17 16:45:24,501] {logging_mixin.py:104} INFO - [2021-03-17 16:45:24,500] {dagbag.py:448} INFO - Filling up the DagBag from /Users/prathyusha/Desktop/pranathi/airflow_cnn_pipeline_final/airflow_test_env/lib/python3.7/site-packages/airflow/example_dags/example_external_task_marker_dag.py
[2021-03-17 16:45:24,521] {scheduler_job.py:639} INFO - DAG(s) dict_keys(['example_external_task_marker_parent', 'example_external_task_marker_child']) retrieved from /Users/prathyusha/Desktop/pranathi/airflow_cnn_pipeline_final/airflow_test_env/lib/python3.7/site-packages/airflow/example_dags/example_external_task_marker_dag.py
[2021-03-17 16:45:24,545] {logging_mixin.py:104} INFO - [2021-03-17 16:45:24,545] {dag.py:1818} INFO - Sync 2 DAGs
[2021-03-17 16:45:24,559] {logging_mixin.py:104} INFO - [2021-03-17 16:45:24,559] {dag.py:2273} INFO - Setting next_dagrun for example_external_task_marker_child to None
[2021-03-17 16:45:24,561] {logging_mixin.py:104} INFO - [2021-03-17 16:45:24,560] {dag.py:2273} INFO - Setting next_dagrun for example_external_task_marker_parent to None
[2021-03-17 16:45:24,572] {scheduler_job.py:190} INFO - Processing /Users/prathyusha/Desktop/pranathi/airflow_cnn_pipeline_final/airflow_test_env/lib/python3.7/site-packages/airflow/example_dags/example_external_task_marker_dag.py took 0.082 seconds
[2021-03-17 16:45:55,281] {scheduler_job.py:182} INFO - Started process (PID=29178) to work on /Users/prathyusha/Desktop/pranathi/airflow_cnn_pipeline_final/airflow_test_env/lib/python3.7/site-packages/airflow/example_dags/example_external_task_marker_dag.py
[2021-03-17 16:45:55,284] {scheduler_job.py:629} INFO - Processing file /Users/prathyusha/Desktop/pranathi/airflow_cnn_pipeline_final/airflow_test_env/lib/python3.7/site-packages/airflow/example_dags/example_external_task_marker_dag.py for tasks to queue
[2021-03-17 16:45:55,287] {logging_mixin.py:104} INFO - [2021-03-17 16:45:55,286] {dagbag.py:448} INFO - Filling up the DagBag from /Users/prathyusha/Desktop/pranathi/airflow_cnn_pipeline_final/airflow_test_env/lib/python3.7/site-packages/airflow/example_dags/example_external_task_marker_dag.py
[2021-03-17 16:45:55,310] {scheduler_job.py:639} INFO - DAG(s) dict_keys(['example_external_task_marker_parent', 'example_external_task_marker_child']) retrieved from /Users/prathyusha/Desktop/pranathi/airflow_cnn_pipeline_final/airflow_test_env/lib/python3.7/site-packages/airflow/example_dags/example_external_task_marker_dag.py
[2021-03-17 16:45:55,353] {logging_mixin.py:104} INFO - [2021-03-17 16:45:55,353] {dag.py:1818} INFO - Sync 2 DAGs
[2021-03-17 16:45:55,373] {logging_mixin.py:104} INFO - [2021-03-17 16:45:55,373] {dag.py:2273} INFO - Setting next_dagrun for example_external_task_marker_child to None
[2021-03-17 16:45:55,375] {logging_mixin.py:104} INFO - [2021-03-17 16:45:55,375] {dag.py:2273} INFO - Setting next_dagrun for example_external_task_marker_parent to None
[2021-03-17 16:45:55,390] {scheduler_job.py:190} INFO - Processing /Users/prathyusha/Desktop/pranathi/airflow_cnn_pipeline_final/airflow_test_env/lib/python3.7/site-packages/airflow/example_dags/example_external_task_marker_dag.py took 0.114 seconds
[2021-03-17 16:46:25,676] {scheduler_job.py:182} INFO - Started process (PID=29228) to work on /Users/prathyusha/Desktop/pranathi/airflow_cnn_pipeline_final/airflow_test_env/lib/python3.7/site-packages/airflow/example_dags/example_external_task_marker_dag.py
[2021-03-17 16:46:25,680] {scheduler_job.py:629} INFO - Processing file /Users/prathyusha/Desktop/pranathi/airflow_cnn_pipeline_final/airflow_test_env/lib/python3.7/site-packages/airflow/example_dags/example_external_task_marker_dag.py for tasks to queue
[2021-03-17 16:46:25,682] {logging_mixin.py:104} INFO - [2021-03-17 16:46:25,681] {dagbag.py:448} INFO - Filling up the DagBag from /Users/prathyusha/Desktop/pranathi/airflow_cnn_pipeline_final/airflow_test_env/lib/python3.7/site-packages/airflow/example_dags/example_external_task_marker_dag.py
[2021-03-17 16:46:25,700] {scheduler_job.py:639} INFO - DAG(s) dict_keys(['example_external_task_marker_parent', 'example_external_task_marker_child']) retrieved from /Users/prathyusha/Desktop/pranathi/airflow_cnn_pipeline_final/airflow_test_env/lib/python3.7/site-packages/airflow/example_dags/example_external_task_marker_dag.py
[2021-03-17 16:46:25,726] {logging_mixin.py:104} INFO - [2021-03-17 16:46:25,725] {dag.py:1818} INFO - Sync 2 DAGs
[2021-03-17 16:46:25,750] {logging_mixin.py:104} INFO - [2021-03-17 16:46:25,749] {dag.py:2273} INFO - Setting next_dagrun for example_external_task_marker_child to None
[2021-03-17 16:46:25,752] {logging_mixin.py:104} INFO - [2021-03-17 16:46:25,752] {dag.py:2273} INFO - Setting next_dagrun for example_external_task_marker_parent to None
[2021-03-17 16:46:25,774] {scheduler_job.py:190} INFO - Processing /Users/prathyusha/Desktop/pranathi/airflow_cnn_pipeline_final/airflow_test_env/lib/python3.7/site-packages/airflow/example_dags/example_external_task_marker_dag.py took 0.104 seconds
[2021-03-17 16:46:56,452] {scheduler_job.py:182} INFO - Started process (PID=29326) to work on /Users/prathyusha/Desktop/pranathi/airflow_cnn_pipeline_final/airflow_test_env/lib/python3.7/site-packages/airflow/example_dags/example_external_task_marker_dag.py
[2021-03-17 16:46:56,456] {scheduler_job.py:629} INFO - Processing file /Users/prathyusha/Desktop/pranathi/airflow_cnn_pipeline_final/airflow_test_env/lib/python3.7/site-packages/airflow/example_dags/example_external_task_marker_dag.py for tasks to queue
[2021-03-17 16:46:56,459] {logging_mixin.py:104} INFO - [2021-03-17 16:46:56,457] {dagbag.py:448} INFO - Filling up the DagBag from /Users/prathyusha/Desktop/pranathi/airflow_cnn_pipeline_final/airflow_test_env/lib/python3.7/site-packages/airflow/example_dags/example_external_task_marker_dag.py
[2021-03-17 16:46:56,481] {scheduler_job.py:639} INFO - DAG(s) dict_keys(['example_external_task_marker_parent', 'example_external_task_marker_child']) retrieved from /Users/prathyusha/Desktop/pranathi/airflow_cnn_pipeline_final/airflow_test_env/lib/python3.7/site-packages/airflow/example_dags/example_external_task_marker_dag.py
[2021-03-17 16:46:56,510] {logging_mixin.py:104} INFO - [2021-03-17 16:46:56,509] {dag.py:1818} INFO - Sync 2 DAGs
[2021-03-17 16:46:56,526] {logging_mixin.py:104} INFO - [2021-03-17 16:46:56,525] {dag.py:2273} INFO - Setting next_dagrun for example_external_task_marker_child to None
[2021-03-17 16:46:56,527] {logging_mixin.py:104} INFO - [2021-03-17 16:46:56,527] {dag.py:2273} INFO - Setting next_dagrun for example_external_task_marker_parent to None
[2021-03-17 16:46:56,543] {scheduler_job.py:190} INFO - Processing /Users/prathyusha/Desktop/pranathi/airflow_cnn_pipeline_final/airflow_test_env/lib/python3.7/site-packages/airflow/example_dags/example_external_task_marker_dag.py took 0.097 seconds
[2021-03-17 16:47:27,213] {scheduler_job.py:182} INFO - Started process (PID=29359) to work on /Users/prathyusha/Desktop/pranathi/airflow_cnn_pipeline_final/airflow_test_env/lib/python3.7/site-packages/airflow/example_dags/example_external_task_marker_dag.py
[2021-03-17 16:47:27,215] {scheduler_job.py:629} INFO - Processing file /Users/prathyusha/Desktop/pranathi/airflow_cnn_pipeline_final/airflow_test_env/lib/python3.7/site-packages/airflow/example_dags/example_external_task_marker_dag.py for tasks to queue
[2021-03-17 16:47:27,216] {logging_mixin.py:104} INFO - [2021-03-17 16:47:27,216] {dagbag.py:448} INFO - Filling up the DagBag from /Users/prathyusha/Desktop/pranathi/airflow_cnn_pipeline_final/airflow_test_env/lib/python3.7/site-packages/airflow/example_dags/example_external_task_marker_dag.py
[2021-03-17 16:47:27,232] {scheduler_job.py:639} INFO - DAG(s) dict_keys(['example_external_task_marker_parent', 'example_external_task_marker_child']) retrieved from /Users/prathyusha/Desktop/pranathi/airflow_cnn_pipeline_final/airflow_test_env/lib/python3.7/site-packages/airflow/example_dags/example_external_task_marker_dag.py
[2021-03-17 16:47:27,258] {logging_mixin.py:104} INFO - [2021-03-17 16:47:27,258] {dag.py:1818} INFO - Sync 2 DAGs
[2021-03-17 16:47:27,279] {logging_mixin.py:104} INFO - [2021-03-17 16:47:27,278] {dag.py:2273} INFO - Setting next_dagrun for example_external_task_marker_child to None
[2021-03-17 16:47:27,281] {logging_mixin.py:104} INFO - [2021-03-17 16:47:27,281] {dag.py:2273} INFO - Setting next_dagrun for example_external_task_marker_parent to None
[2021-03-17 16:47:27,296] {scheduler_job.py:190} INFO - Processing /Users/prathyusha/Desktop/pranathi/airflow_cnn_pipeline_final/airflow_test_env/lib/python3.7/site-packages/airflow/example_dags/example_external_task_marker_dag.py took 0.087 seconds
[2021-03-17 16:47:57,831] {scheduler_job.py:182} INFO - Started process (PID=29389) to work on /Users/prathyusha/Desktop/pranathi/airflow_cnn_pipeline_final/airflow_test_env/lib/python3.7/site-packages/airflow/example_dags/example_external_task_marker_dag.py
[2021-03-17 16:47:57,833] {scheduler_job.py:629} INFO - Processing file /Users/prathyusha/Desktop/pranathi/airflow_cnn_pipeline_final/airflow_test_env/lib/python3.7/site-packages/airflow/example_dags/example_external_task_marker_dag.py for tasks to queue
[2021-03-17 16:47:57,835] {logging_mixin.py:104} INFO - [2021-03-17 16:47:57,834] {dagbag.py:448} INFO - Filling up the DagBag from /Users/prathyusha/Desktop/pranathi/airflow_cnn_pipeline_final/airflow_test_env/lib/python3.7/site-packages/airflow/example_dags/example_external_task_marker_dag.py
[2021-03-17 16:47:57,851] {scheduler_job.py:639} INFO - DAG(s) dict_keys(['example_external_task_marker_parent', 'example_external_task_marker_child']) retrieved from /Users/prathyusha/Desktop/pranathi/airflow_cnn_pipeline_final/airflow_test_env/lib/python3.7/site-packages/airflow/example_dags/example_external_task_marker_dag.py
[2021-03-17 16:47:57,884] {logging_mixin.py:104} INFO - [2021-03-17 16:47:57,884] {dag.py:1818} INFO - Sync 2 DAGs
[2021-03-17 16:47:57,903] {logging_mixin.py:104} INFO - [2021-03-17 16:47:57,902] {dag.py:2273} INFO - Setting next_dagrun for example_external_task_marker_child to None
[2021-03-17 16:47:57,905] {logging_mixin.py:104} INFO - [2021-03-17 16:47:57,905] {dag.py:2273} INFO - Setting next_dagrun for example_external_task_marker_parent to None
[2021-03-17 16:47:57,918] {scheduler_job.py:190} INFO - Processing /Users/prathyusha/Desktop/pranathi/airflow_cnn_pipeline_final/airflow_test_env/lib/python3.7/site-packages/airflow/example_dags/example_external_task_marker_dag.py took 0.092 seconds
[2021-03-17 16:48:29,616] {scheduler_job.py:182} INFO - Started process (PID=29420) to work on /Users/prathyusha/Desktop/pranathi/airflow_cnn_pipeline_final/airflow_test_env/lib/python3.7/site-packages/airflow/example_dags/example_external_task_marker_dag.py
[2021-03-17 16:48:29,618] {scheduler_job.py:629} INFO - Processing file /Users/prathyusha/Desktop/pranathi/airflow_cnn_pipeline_final/airflow_test_env/lib/python3.7/site-packages/airflow/example_dags/example_external_task_marker_dag.py for tasks to queue
[2021-03-17 16:48:29,620] {logging_mixin.py:104} INFO - [2021-03-17 16:48:29,620] {dagbag.py:448} INFO - Filling up the DagBag from /Users/prathyusha/Desktop/pranathi/airflow_cnn_pipeline_final/airflow_test_env/lib/python3.7/site-packages/airflow/example_dags/example_external_task_marker_dag.py
[2021-03-17 16:48:29,637] {scheduler_job.py:639} INFO - DAG(s) dict_keys(['example_external_task_marker_parent', 'example_external_task_marker_child']) retrieved from /Users/prathyusha/Desktop/pranathi/airflow_cnn_pipeline_final/airflow_test_env/lib/python3.7/site-packages/airflow/example_dags/example_external_task_marker_dag.py
[2021-03-17 16:48:29,656] {logging_mixin.py:104} INFO - [2021-03-17 16:48:29,656] {dag.py:1818} INFO - Sync 2 DAGs
[2021-03-17 16:48:29,675] {logging_mixin.py:104} INFO - [2021-03-17 16:48:29,675] {dag.py:2273} INFO - Setting next_dagrun for example_external_task_marker_child to None
[2021-03-17 16:48:29,679] {logging_mixin.py:104} INFO - [2021-03-17 16:48:29,678] {dag.py:2273} INFO - Setting next_dagrun for example_external_task_marker_parent to None
[2021-03-17 16:48:29,695] {scheduler_job.py:190} INFO - Processing /Users/prathyusha/Desktop/pranathi/airflow_cnn_pipeline_final/airflow_test_env/lib/python3.7/site-packages/airflow/example_dags/example_external_task_marker_dag.py took 0.086 seconds
[2021-03-17 16:49:00,679] {scheduler_job.py:182} INFO - Started process (PID=29453) to work on /Users/prathyusha/Desktop/pranathi/airflow_cnn_pipeline_final/airflow_test_env/lib/python3.7/site-packages/airflow/example_dags/example_external_task_marker_dag.py
[2021-03-17 16:49:00,682] {scheduler_job.py:629} INFO - Processing file /Users/prathyusha/Desktop/pranathi/airflow_cnn_pipeline_final/airflow_test_env/lib/python3.7/site-packages/airflow/example_dags/example_external_task_marker_dag.py for tasks to queue
[2021-03-17 16:49:00,684] {logging_mixin.py:104} INFO - [2021-03-17 16:49:00,683] {dagbag.py:448} INFO - Filling up the DagBag from /Users/prathyusha/Desktop/pranathi/airflow_cnn_pipeline_final/airflow_test_env/lib/python3.7/site-packages/airflow/example_dags/example_external_task_marker_dag.py
[2021-03-17 16:49:00,702] {scheduler_job.py:639} INFO - DAG(s) dict_keys(['example_external_task_marker_parent', 'example_external_task_marker_child']) retrieved from /Users/prathyusha/Desktop/pranathi/airflow_cnn_pipeline_final/airflow_test_env/lib/python3.7/site-packages/airflow/example_dags/example_external_task_marker_dag.py
[2021-03-17 16:49:00,723] {logging_mixin.py:104} INFO - [2021-03-17 16:49:00,722] {dag.py:1818} INFO - Sync 2 DAGs
[2021-03-17 16:49:00,736] {logging_mixin.py:104} INFO - [2021-03-17 16:49:00,735] {dag.py:2273} INFO - Setting next_dagrun for example_external_task_marker_child to None
[2021-03-17 16:49:00,738] {logging_mixin.py:104} INFO - [2021-03-17 16:49:00,738] {dag.py:2273} INFO - Setting next_dagrun for example_external_task_marker_parent to None
[2021-03-17 16:49:00,750] {scheduler_job.py:190} INFO - Processing /Users/prathyusha/Desktop/pranathi/airflow_cnn_pipeline_final/airflow_test_env/lib/python3.7/site-packages/airflow/example_dags/example_external_task_marker_dag.py took 0.076 seconds
[2021-03-17 16:49:31,609] {scheduler_job.py:182} INFO - Started process (PID=29485) to work on /Users/prathyusha/Desktop/pranathi/airflow_cnn_pipeline_final/airflow_test_env/lib/python3.7/site-packages/airflow/example_dags/example_external_task_marker_dag.py
[2021-03-17 16:49:31,614] {scheduler_job.py:629} INFO - Processing file /Users/prathyusha/Desktop/pranathi/airflow_cnn_pipeline_final/airflow_test_env/lib/python3.7/site-packages/airflow/example_dags/example_external_task_marker_dag.py for tasks to queue
[2021-03-17 16:49:31,617] {logging_mixin.py:104} INFO - [2021-03-17 16:49:31,616] {dagbag.py:448} INFO - Filling up the DagBag from /Users/prathyusha/Desktop/pranathi/airflow_cnn_pipeline_final/airflow_test_env/lib/python3.7/site-packages/airflow/example_dags/example_external_task_marker_dag.py
[2021-03-17 16:49:31,647] {scheduler_job.py:639} INFO - DAG(s) dict_keys(['example_external_task_marker_parent', 'example_external_task_marker_child']) retrieved from /Users/prathyusha/Desktop/pranathi/airflow_cnn_pipeline_final/airflow_test_env/lib/python3.7/site-packages/airflow/example_dags/example_external_task_marker_dag.py
[2021-03-17 16:49:31,673] {logging_mixin.py:104} INFO - [2021-03-17 16:49:31,672] {dag.py:1818} INFO - Sync 2 DAGs
[2021-03-17 16:49:31,689] {logging_mixin.py:104} INFO - [2021-03-17 16:49:31,688] {dag.py:2273} INFO - Setting next_dagrun for example_external_task_marker_child to None
[2021-03-17 16:49:31,691] {logging_mixin.py:104} INFO - [2021-03-17 16:49:31,690] {dag.py:2273} INFO - Setting next_dagrun for example_external_task_marker_parent to None
[2021-03-17 16:49:31,701] {scheduler_job.py:190} INFO - Processing /Users/prathyusha/Desktop/pranathi/airflow_cnn_pipeline_final/airflow_test_env/lib/python3.7/site-packages/airflow/example_dags/example_external_task_marker_dag.py took 0.102 seconds
[2021-03-17 16:50:02,429] {scheduler_job.py:182} INFO - Started process (PID=29515) to work on /Users/prathyusha/Desktop/pranathi/airflow_cnn_pipeline_final/airflow_test_env/lib/python3.7/site-packages/airflow/example_dags/example_external_task_marker_dag.py
[2021-03-17 16:50:02,431] {scheduler_job.py:629} INFO - Processing file /Users/prathyusha/Desktop/pranathi/airflow_cnn_pipeline_final/airflow_test_env/lib/python3.7/site-packages/airflow/example_dags/example_external_task_marker_dag.py for tasks to queue
[2021-03-17 16:50:02,432] {logging_mixin.py:104} INFO - [2021-03-17 16:50:02,432] {dagbag.py:448} INFO - Filling up the DagBag from /Users/prathyusha/Desktop/pranathi/airflow_cnn_pipeline_final/airflow_test_env/lib/python3.7/site-packages/airflow/example_dags/example_external_task_marker_dag.py
[2021-03-17 16:50:02,448] {scheduler_job.py:639} INFO - DAG(s) dict_keys(['example_external_task_marker_parent', 'example_external_task_marker_child']) retrieved from /Users/prathyusha/Desktop/pranathi/airflow_cnn_pipeline_final/airflow_test_env/lib/python3.7/site-packages/airflow/example_dags/example_external_task_marker_dag.py
[2021-03-17 16:50:02,468] {logging_mixin.py:104} INFO - [2021-03-17 16:50:02,468] {dag.py:1818} INFO - Sync 2 DAGs
[2021-03-17 16:50:02,489] {logging_mixin.py:104} INFO - [2021-03-17 16:50:02,488] {dag.py:2273} INFO - Setting next_dagrun for example_external_task_marker_child to None
[2021-03-17 16:50:02,490] {logging_mixin.py:104} INFO - [2021-03-17 16:50:02,490] {dag.py:2273} INFO - Setting next_dagrun for example_external_task_marker_parent to None
[2021-03-17 16:50:02,500] {scheduler_job.py:190} INFO - Processing /Users/prathyusha/Desktop/pranathi/airflow_cnn_pipeline_final/airflow_test_env/lib/python3.7/site-packages/airflow/example_dags/example_external_task_marker_dag.py took 0.076 seconds
[2021-03-17 16:50:33,359] {scheduler_job.py:182} INFO - Started process (PID=29548) to work on /Users/prathyusha/Desktop/pranathi/airflow_cnn_pipeline_final/airflow_test_env/lib/python3.7/site-packages/airflow/example_dags/example_external_task_marker_dag.py
[2021-03-17 16:50:33,361] {scheduler_job.py:629} INFO - Processing file /Users/prathyusha/Desktop/pranathi/airflow_cnn_pipeline_final/airflow_test_env/lib/python3.7/site-packages/airflow/example_dags/example_external_task_marker_dag.py for tasks to queue
[2021-03-17 16:50:33,364] {logging_mixin.py:104} INFO - [2021-03-17 16:50:33,363] {dagbag.py:448} INFO - Filling up the DagBag from /Users/prathyusha/Desktop/pranathi/airflow_cnn_pipeline_final/airflow_test_env/lib/python3.7/site-packages/airflow/example_dags/example_external_task_marker_dag.py
[2021-03-17 16:50:33,384] {scheduler_job.py:639} INFO - DAG(s) dict_keys(['example_external_task_marker_parent', 'example_external_task_marker_child']) retrieved from /Users/prathyusha/Desktop/pranathi/airflow_cnn_pipeline_final/airflow_test_env/lib/python3.7/site-packages/airflow/example_dags/example_external_task_marker_dag.py
[2021-03-17 16:50:33,409] {logging_mixin.py:104} INFO - [2021-03-17 16:50:33,408] {dag.py:1818} INFO - Sync 2 DAGs
[2021-03-17 16:50:33,430] {logging_mixin.py:104} INFO - [2021-03-17 16:50:33,429] {dag.py:2273} INFO - Setting next_dagrun for example_external_task_marker_child to None
[2021-03-17 16:50:33,432] {logging_mixin.py:104} INFO - [2021-03-17 16:50:33,432] {dag.py:2273} INFO - Setting next_dagrun for example_external_task_marker_parent to None
[2021-03-17 16:50:33,456] {scheduler_job.py:190} INFO - Processing /Users/prathyusha/Desktop/pranathi/airflow_cnn_pipeline_final/airflow_test_env/lib/python3.7/site-packages/airflow/example_dags/example_external_task_marker_dag.py took 0.103 seconds
[2021-03-17 16:51:04,521] {scheduler_job.py:182} INFO - Started process (PID=29578) to work on /Users/prathyusha/Desktop/pranathi/airflow_cnn_pipeline_final/airflow_test_env/lib/python3.7/site-packages/airflow/example_dags/example_external_task_marker_dag.py
[2021-03-17 16:51:04,523] {scheduler_job.py:629} INFO - Processing file /Users/prathyusha/Desktop/pranathi/airflow_cnn_pipeline_final/airflow_test_env/lib/python3.7/site-packages/airflow/example_dags/example_external_task_marker_dag.py for tasks to queue
[2021-03-17 16:51:04,527] {logging_mixin.py:104} INFO - [2021-03-17 16:51:04,526] {dagbag.py:448} INFO - Filling up the DagBag from /Users/prathyusha/Desktop/pranathi/airflow_cnn_pipeline_final/airflow_test_env/lib/python3.7/site-packages/airflow/example_dags/example_external_task_marker_dag.py
[2021-03-17 16:51:04,544] {scheduler_job.py:639} INFO - DAG(s) dict_keys(['example_external_task_marker_parent', 'example_external_task_marker_child']) retrieved from /Users/prathyusha/Desktop/pranathi/airflow_cnn_pipeline_final/airflow_test_env/lib/python3.7/site-packages/airflow/example_dags/example_external_task_marker_dag.py
[2021-03-17 16:51:04,569] {logging_mixin.py:104} INFO - [2021-03-17 16:51:04,568] {dag.py:1818} INFO - Sync 2 DAGs
[2021-03-17 16:51:04,590] {logging_mixin.py:104} INFO - [2021-03-17 16:51:04,590] {dag.py:2273} INFO - Setting next_dagrun for example_external_task_marker_child to None
[2021-03-17 16:51:04,593] {logging_mixin.py:104} INFO - [2021-03-17 16:51:04,592] {dag.py:2273} INFO - Setting next_dagrun for example_external_task_marker_parent to None
[2021-03-17 16:51:04,607] {scheduler_job.py:190} INFO - Processing /Users/prathyusha/Desktop/pranathi/airflow_cnn_pipeline_final/airflow_test_env/lib/python3.7/site-packages/airflow/example_dags/example_external_task_marker_dag.py took 0.091 seconds
[2021-03-17 16:51:35,458] {scheduler_job.py:182} INFO - Started process (PID=29607) to work on /Users/prathyusha/Desktop/pranathi/airflow_cnn_pipeline_final/airflow_test_env/lib/python3.7/site-packages/airflow/example_dags/example_external_task_marker_dag.py
[2021-03-17 16:51:35,460] {scheduler_job.py:629} INFO - Processing file /Users/prathyusha/Desktop/pranathi/airflow_cnn_pipeline_final/airflow_test_env/lib/python3.7/site-packages/airflow/example_dags/example_external_task_marker_dag.py for tasks to queue
[2021-03-17 16:51:35,462] {logging_mixin.py:104} INFO - [2021-03-17 16:51:35,461] {dagbag.py:448} INFO - Filling up the DagBag from /Users/prathyusha/Desktop/pranathi/airflow_cnn_pipeline_final/airflow_test_env/lib/python3.7/site-packages/airflow/example_dags/example_external_task_marker_dag.py
[2021-03-17 16:51:35,479] {scheduler_job.py:639} INFO - DAG(s) dict_keys(['example_external_task_marker_parent', 'example_external_task_marker_child']) retrieved from /Users/prathyusha/Desktop/pranathi/airflow_cnn_pipeline_final/airflow_test_env/lib/python3.7/site-packages/airflow/example_dags/example_external_task_marker_dag.py
[2021-03-17 16:51:35,498] {logging_mixin.py:104} INFO - [2021-03-17 16:51:35,498] {dag.py:1818} INFO - Sync 2 DAGs
[2021-03-17 16:51:35,513] {logging_mixin.py:104} INFO - [2021-03-17 16:51:35,512] {dag.py:2273} INFO - Setting next_dagrun for example_external_task_marker_child to None
[2021-03-17 16:51:35,514] {logging_mixin.py:104} INFO - [2021-03-17 16:51:35,514] {dag.py:2273} INFO - Setting next_dagrun for example_external_task_marker_parent to None
[2021-03-17 16:51:35,534] {scheduler_job.py:190} INFO - Processing /Users/prathyusha/Desktop/pranathi/airflow_cnn_pipeline_final/airflow_test_env/lib/python3.7/site-packages/airflow/example_dags/example_external_task_marker_dag.py took 0.080 seconds
[2021-03-17 16:52:06,614] {scheduler_job.py:182} INFO - Started process (PID=29674) to work on /Users/prathyusha/Desktop/pranathi/airflow_cnn_pipeline_final/airflow_test_env/lib/python3.7/site-packages/airflow/example_dags/example_external_task_marker_dag.py
[2021-03-17 16:52:06,617] {scheduler_job.py:629} INFO - Processing file /Users/prathyusha/Desktop/pranathi/airflow_cnn_pipeline_final/airflow_test_env/lib/python3.7/site-packages/airflow/example_dags/example_external_task_marker_dag.py for tasks to queue
[2021-03-17 16:52:06,620] {logging_mixin.py:104} INFO - [2021-03-17 16:52:06,619] {dagbag.py:448} INFO - Filling up the DagBag from /Users/prathyusha/Desktop/pranathi/airflow_cnn_pipeline_final/airflow_test_env/lib/python3.7/site-packages/airflow/example_dags/example_external_task_marker_dag.py
[2021-03-17 16:52:06,647] {scheduler_job.py:639} INFO - DAG(s) dict_keys(['example_external_task_marker_parent', 'example_external_task_marker_child']) retrieved from /Users/prathyusha/Desktop/pranathi/airflow_cnn_pipeline_final/airflow_test_env/lib/python3.7/site-packages/airflow/example_dags/example_external_task_marker_dag.py
[2021-03-17 16:52:06,674] {logging_mixin.py:104} INFO - [2021-03-17 16:52:06,673] {dag.py:1818} INFO - Sync 2 DAGs
[2021-03-17 16:52:06,693] {logging_mixin.py:104} INFO - [2021-03-17 16:52:06,692] {dag.py:2273} INFO - Setting next_dagrun for example_external_task_marker_child to None
[2021-03-17 16:52:06,695] {logging_mixin.py:104} INFO - [2021-03-17 16:52:06,695] {dag.py:2273} INFO - Setting next_dagrun for example_external_task_marker_parent to None
[2021-03-17 16:52:06,708] {scheduler_job.py:190} INFO - Processing /Users/prathyusha/Desktop/pranathi/airflow_cnn_pipeline_final/airflow_test_env/lib/python3.7/site-packages/airflow/example_dags/example_external_task_marker_dag.py took 0.099 seconds
[2021-03-17 16:52:37,502] {scheduler_job.py:182} INFO - Started process (PID=29780) to work on /Users/prathyusha/Desktop/pranathi/airflow_cnn_pipeline_final/airflow_test_env/lib/python3.7/site-packages/airflow/example_dags/example_external_task_marker_dag.py
[2021-03-17 16:52:37,506] {scheduler_job.py:629} INFO - Processing file /Users/prathyusha/Desktop/pranathi/airflow_cnn_pipeline_final/airflow_test_env/lib/python3.7/site-packages/airflow/example_dags/example_external_task_marker_dag.py for tasks to queue
[2021-03-17 16:52:37,508] {logging_mixin.py:104} INFO - [2021-03-17 16:52:37,508] {dagbag.py:448} INFO - Filling up the DagBag from /Users/prathyusha/Desktop/pranathi/airflow_cnn_pipeline_final/airflow_test_env/lib/python3.7/site-packages/airflow/example_dags/example_external_task_marker_dag.py
[2021-03-17 16:52:37,528] {scheduler_job.py:639} INFO - DAG(s) dict_keys(['example_external_task_marker_parent', 'example_external_task_marker_child']) retrieved from /Users/prathyusha/Desktop/pranathi/airflow_cnn_pipeline_final/airflow_test_env/lib/python3.7/site-packages/airflow/example_dags/example_external_task_marker_dag.py
[2021-03-17 16:52:37,551] {logging_mixin.py:104} INFO - [2021-03-17 16:52:37,551] {dag.py:1818} INFO - Sync 2 DAGs
[2021-03-17 16:52:37,571] {logging_mixin.py:104} INFO - [2021-03-17 16:52:37,569] {dag.py:2273} INFO - Setting next_dagrun for example_external_task_marker_child to None
[2021-03-17 16:52:37,576] {logging_mixin.py:104} INFO - [2021-03-17 16:52:37,575] {dag.py:2273} INFO - Setting next_dagrun for example_external_task_marker_parent to None
[2021-03-17 16:52:37,590] {scheduler_job.py:190} INFO - Processing /Users/prathyusha/Desktop/pranathi/airflow_cnn_pipeline_final/airflow_test_env/lib/python3.7/site-packages/airflow/example_dags/example_external_task_marker_dag.py took 0.094 seconds
[2021-03-17 16:53:10,496] {scheduler_job.py:182} INFO - Started process (PID=29849) to work on /Users/prathyusha/Desktop/pranathi/airflow_cnn_pipeline_final/airflow_test_env/lib/python3.7/site-packages/airflow/example_dags/example_external_task_marker_dag.py
[2021-03-17 16:53:10,499] {scheduler_job.py:629} INFO - Processing file /Users/prathyusha/Desktop/pranathi/airflow_cnn_pipeline_final/airflow_test_env/lib/python3.7/site-packages/airflow/example_dags/example_external_task_marker_dag.py for tasks to queue
[2021-03-17 16:53:10,501] {logging_mixin.py:104} INFO - [2021-03-17 16:53:10,501] {dagbag.py:448} INFO - Filling up the DagBag from /Users/prathyusha/Desktop/pranathi/airflow_cnn_pipeline_final/airflow_test_env/lib/python3.7/site-packages/airflow/example_dags/example_external_task_marker_dag.py
[2021-03-17 16:53:10,523] {scheduler_job.py:639} INFO - DAG(s) dict_keys(['example_external_task_marker_parent', 'example_external_task_marker_child']) retrieved from /Users/prathyusha/Desktop/pranathi/airflow_cnn_pipeline_final/airflow_test_env/lib/python3.7/site-packages/airflow/example_dags/example_external_task_marker_dag.py
[2021-03-17 16:53:10,559] {logging_mixin.py:104} INFO - [2021-03-17 16:53:10,558] {dag.py:1818} INFO - Sync 2 DAGs
[2021-03-17 16:53:10,589] {logging_mixin.py:104} INFO - [2021-03-17 16:53:10,588] {dag.py:2273} INFO - Setting next_dagrun for example_external_task_marker_child to None
[2021-03-17 16:53:10,593] {logging_mixin.py:104} INFO - [2021-03-17 16:53:10,592] {dag.py:2273} INFO - Setting next_dagrun for example_external_task_marker_parent to None
[2021-03-17 16:53:10,618] {scheduler_job.py:190} INFO - Processing /Users/prathyusha/Desktop/pranathi/airflow_cnn_pipeline_final/airflow_test_env/lib/python3.7/site-packages/airflow/example_dags/example_external_task_marker_dag.py took 0.128 seconds
[2021-03-17 16:53:41,140] {scheduler_job.py:182} INFO - Started process (PID=29903) to work on /Users/prathyusha/Desktop/pranathi/airflow_cnn_pipeline_final/airflow_test_env/lib/python3.7/site-packages/airflow/example_dags/example_external_task_marker_dag.py
[2021-03-17 16:53:41,143] {scheduler_job.py:629} INFO - Processing file /Users/prathyusha/Desktop/pranathi/airflow_cnn_pipeline_final/airflow_test_env/lib/python3.7/site-packages/airflow/example_dags/example_external_task_marker_dag.py for tasks to queue
[2021-03-17 16:53:41,145] {logging_mixin.py:104} INFO - [2021-03-17 16:53:41,144] {dagbag.py:448} INFO - Filling up the DagBag from /Users/prathyusha/Desktop/pranathi/airflow_cnn_pipeline_final/airflow_test_env/lib/python3.7/site-packages/airflow/example_dags/example_external_task_marker_dag.py
[2021-03-17 16:53:41,163] {scheduler_job.py:639} INFO - DAG(s) dict_keys(['example_external_task_marker_parent', 'example_external_task_marker_child']) retrieved from /Users/prathyusha/Desktop/pranathi/airflow_cnn_pipeline_final/airflow_test_env/lib/python3.7/site-packages/airflow/example_dags/example_external_task_marker_dag.py
[2021-03-17 16:53:41,186] {logging_mixin.py:104} INFO - [2021-03-17 16:53:41,186] {dag.py:1818} INFO - Sync 2 DAGs
[2021-03-17 16:53:41,208] {logging_mixin.py:104} INFO - [2021-03-17 16:53:41,207] {dag.py:2273} INFO - Setting next_dagrun for example_external_task_marker_child to None
[2021-03-17 16:53:41,210] {logging_mixin.py:104} INFO - [2021-03-17 16:53:41,210] {dag.py:2273} INFO - Setting next_dagrun for example_external_task_marker_parent to None
[2021-03-17 16:53:41,222] {scheduler_job.py:190} INFO - Processing /Users/prathyusha/Desktop/pranathi/airflow_cnn_pipeline_final/airflow_test_env/lib/python3.7/site-packages/airflow/example_dags/example_external_task_marker_dag.py took 0.086 seconds
[2021-03-17 16:54:12,281] {scheduler_job.py:182} INFO - Started process (PID=29941) to work on /Users/prathyusha/Desktop/pranathi/airflow_cnn_pipeline_final/airflow_test_env/lib/python3.7/site-packages/airflow/example_dags/example_external_task_marker_dag.py
[2021-03-17 16:54:12,284] {scheduler_job.py:629} INFO - Processing file /Users/prathyusha/Desktop/pranathi/airflow_cnn_pipeline_final/airflow_test_env/lib/python3.7/site-packages/airflow/example_dags/example_external_task_marker_dag.py for tasks to queue
[2021-03-17 16:54:12,287] {logging_mixin.py:104} INFO - [2021-03-17 16:54:12,286] {dagbag.py:448} INFO - Filling up the DagBag from /Users/prathyusha/Desktop/pranathi/airflow_cnn_pipeline_final/airflow_test_env/lib/python3.7/site-packages/airflow/example_dags/example_external_task_marker_dag.py
[2021-03-17 16:54:12,313] {scheduler_job.py:639} INFO - DAG(s) dict_keys(['example_external_task_marker_parent', 'example_external_task_marker_child']) retrieved from /Users/prathyusha/Desktop/pranathi/airflow_cnn_pipeline_final/airflow_test_env/lib/python3.7/site-packages/airflow/example_dags/example_external_task_marker_dag.py
[2021-03-17 16:54:12,357] {logging_mixin.py:104} INFO - [2021-03-17 16:54:12,356] {dag.py:1818} INFO - Sync 2 DAGs
[2021-03-17 16:54:12,380] {logging_mixin.py:104} INFO - [2021-03-17 16:54:12,379] {dag.py:2273} INFO - Setting next_dagrun for example_external_task_marker_child to None
[2021-03-17 16:54:12,388] {logging_mixin.py:104} INFO - [2021-03-17 16:54:12,384] {dag.py:2273} INFO - Setting next_dagrun for example_external_task_marker_parent to None
[2021-03-17 16:54:12,408] {scheduler_job.py:190} INFO - Processing /Users/prathyusha/Desktop/pranathi/airflow_cnn_pipeline_final/airflow_test_env/lib/python3.7/site-packages/airflow/example_dags/example_external_task_marker_dag.py took 0.133 seconds
[2021-03-17 16:54:45,158] {scheduler_job.py:182} INFO - Started process (PID=29998) to work on /Users/prathyusha/Desktop/pranathi/airflow_cnn_pipeline_final/airflow_test_env/lib/python3.7/site-packages/airflow/example_dags/example_external_task_marker_dag.py
[2021-03-17 16:54:45,162] {scheduler_job.py:629} INFO - Processing file /Users/prathyusha/Desktop/pranathi/airflow_cnn_pipeline_final/airflow_test_env/lib/python3.7/site-packages/airflow/example_dags/example_external_task_marker_dag.py for tasks to queue
[2021-03-17 16:54:45,164] {logging_mixin.py:104} INFO - [2021-03-17 16:54:45,164] {dagbag.py:448} INFO - Filling up the DagBag from /Users/prathyusha/Desktop/pranathi/airflow_cnn_pipeline_final/airflow_test_env/lib/python3.7/site-packages/airflow/example_dags/example_external_task_marker_dag.py
[2021-03-17 16:54:45,184] {scheduler_job.py:639} INFO - DAG(s) dict_keys(['example_external_task_marker_parent', 'example_external_task_marker_child']) retrieved from /Users/prathyusha/Desktop/pranathi/airflow_cnn_pipeline_final/airflow_test_env/lib/python3.7/site-packages/airflow/example_dags/example_external_task_marker_dag.py
[2021-03-17 16:54:45,213] {logging_mixin.py:104} INFO - [2021-03-17 16:54:45,213] {dag.py:1818} INFO - Sync 2 DAGs
[2021-03-17 16:54:45,227] {logging_mixin.py:104} INFO - [2021-03-17 16:54:45,226] {dag.py:2273} INFO - Setting next_dagrun for example_external_task_marker_child to None
[2021-03-17 16:54:45,230] {logging_mixin.py:104} INFO - [2021-03-17 16:54:45,229] {dag.py:2273} INFO - Setting next_dagrun for example_external_task_marker_parent to None
[2021-03-17 16:54:45,244] {scheduler_job.py:190} INFO - Processing /Users/prathyusha/Desktop/pranathi/airflow_cnn_pipeline_final/airflow_test_env/lib/python3.7/site-packages/airflow/example_dags/example_external_task_marker_dag.py took 0.091 seconds
[2021-03-17 16:55:18,281] {scheduler_job.py:182} INFO - Started process (PID=30039) to work on /Users/prathyusha/Desktop/pranathi/airflow_cnn_pipeline_final/airflow_test_env/lib/python3.7/site-packages/airflow/example_dags/example_external_task_marker_dag.py
[2021-03-17 16:55:18,284] {scheduler_job.py:629} INFO - Processing file /Users/prathyusha/Desktop/pranathi/airflow_cnn_pipeline_final/airflow_test_env/lib/python3.7/site-packages/airflow/example_dags/example_external_task_marker_dag.py for tasks to queue
[2021-03-17 16:55:18,287] {logging_mixin.py:104} INFO - [2021-03-17 16:55:18,286] {dagbag.py:448} INFO - Filling up the DagBag from /Users/prathyusha/Desktop/pranathi/airflow_cnn_pipeline_final/airflow_test_env/lib/python3.7/site-packages/airflow/example_dags/example_external_task_marker_dag.py
[2021-03-17 16:55:18,310] {scheduler_job.py:639} INFO - DAG(s) dict_keys(['example_external_task_marker_parent', 'example_external_task_marker_child']) retrieved from /Users/prathyusha/Desktop/pranathi/airflow_cnn_pipeline_final/airflow_test_env/lib/python3.7/site-packages/airflow/example_dags/example_external_task_marker_dag.py
[2021-03-17 16:55:18,344] {logging_mixin.py:104} INFO - [2021-03-17 16:55:18,343] {dag.py:1818} INFO - Sync 2 DAGs
[2021-03-17 16:55:18,374] {logging_mixin.py:104} INFO - [2021-03-17 16:55:18,373] {dag.py:2273} INFO - Setting next_dagrun for example_external_task_marker_child to None
[2021-03-17 16:55:18,376] {logging_mixin.py:104} INFO - [2021-03-17 16:55:18,375] {dag.py:2273} INFO - Setting next_dagrun for example_external_task_marker_parent to None
[2021-03-17 16:55:18,396] {scheduler_job.py:190} INFO - Processing /Users/prathyusha/Desktop/pranathi/airflow_cnn_pipeline_final/airflow_test_env/lib/python3.7/site-packages/airflow/example_dags/example_external_task_marker_dag.py took 0.123 seconds
[2021-03-17 16:55:49,140] {scheduler_job.py:182} INFO - Started process (PID=30085) to work on /Users/prathyusha/Desktop/pranathi/airflow_cnn_pipeline_final/airflow_test_env/lib/python3.7/site-packages/airflow/example_dags/example_external_task_marker_dag.py
[2021-03-17 16:55:49,145] {scheduler_job.py:629} INFO - Processing file /Users/prathyusha/Desktop/pranathi/airflow_cnn_pipeline_final/airflow_test_env/lib/python3.7/site-packages/airflow/example_dags/example_external_task_marker_dag.py for tasks to queue
[2021-03-17 16:55:49,149] {logging_mixin.py:104} INFO - [2021-03-17 16:55:49,148] {dagbag.py:448} INFO - Filling up the DagBag from /Users/prathyusha/Desktop/pranathi/airflow_cnn_pipeline_final/airflow_test_env/lib/python3.7/site-packages/airflow/example_dags/example_external_task_marker_dag.py
[2021-03-17 16:55:49,182] {scheduler_job.py:639} INFO - DAG(s) dict_keys(['example_external_task_marker_parent', 'example_external_task_marker_child']) retrieved from /Users/prathyusha/Desktop/pranathi/airflow_cnn_pipeline_final/airflow_test_env/lib/python3.7/site-packages/airflow/example_dags/example_external_task_marker_dag.py
[2021-03-17 16:55:49,236] {logging_mixin.py:104} INFO - [2021-03-17 16:55:49,234] {dag.py:1818} INFO - Sync 2 DAGs
[2021-03-17 16:55:49,260] {logging_mixin.py:104} INFO - [2021-03-17 16:55:49,260] {dag.py:2273} INFO - Setting next_dagrun for example_external_task_marker_child to None
[2021-03-17 16:55:49,263] {logging_mixin.py:104} INFO - [2021-03-17 16:55:49,262] {dag.py:2273} INFO - Setting next_dagrun for example_external_task_marker_parent to None
[2021-03-17 16:55:49,277] {scheduler_job.py:190} INFO - Processing /Users/prathyusha/Desktop/pranathi/airflow_cnn_pipeline_final/airflow_test_env/lib/python3.7/site-packages/airflow/example_dags/example_external_task_marker_dag.py took 0.144 seconds
[2021-03-17 16:56:20,036] {scheduler_job.py:182} INFO - Started process (PID=30114) to work on /Users/prathyusha/Desktop/pranathi/airflow_cnn_pipeline_final/airflow_test_env/lib/python3.7/site-packages/airflow/example_dags/example_external_task_marker_dag.py
[2021-03-17 16:56:20,038] {scheduler_job.py:629} INFO - Processing file /Users/prathyusha/Desktop/pranathi/airflow_cnn_pipeline_final/airflow_test_env/lib/python3.7/site-packages/airflow/example_dags/example_external_task_marker_dag.py for tasks to queue
[2021-03-17 16:56:20,041] {logging_mixin.py:104} INFO - [2021-03-17 16:56:20,041] {dagbag.py:448} INFO - Filling up the DagBag from /Users/prathyusha/Desktop/pranathi/airflow_cnn_pipeline_final/airflow_test_env/lib/python3.7/site-packages/airflow/example_dags/example_external_task_marker_dag.py
[2021-03-17 16:56:20,061] {scheduler_job.py:639} INFO - DAG(s) dict_keys(['example_external_task_marker_parent', 'example_external_task_marker_child']) retrieved from /Users/prathyusha/Desktop/pranathi/airflow_cnn_pipeline_final/airflow_test_env/lib/python3.7/site-packages/airflow/example_dags/example_external_task_marker_dag.py
[2021-03-17 16:56:20,084] {logging_mixin.py:104} INFO - [2021-03-17 16:56:20,083] {dag.py:1818} INFO - Sync 2 DAGs
[2021-03-17 16:56:20,101] {logging_mixin.py:104} INFO - [2021-03-17 16:56:20,100] {dag.py:2273} INFO - Setting next_dagrun for example_external_task_marker_child to None
[2021-03-17 16:56:20,103] {logging_mixin.py:104} INFO - [2021-03-17 16:56:20,103] {dag.py:2273} INFO - Setting next_dagrun for example_external_task_marker_parent to None
[2021-03-17 16:56:20,121] {scheduler_job.py:190} INFO - Processing /Users/prathyusha/Desktop/pranathi/airflow_cnn_pipeline_final/airflow_test_env/lib/python3.7/site-packages/airflow/example_dags/example_external_task_marker_dag.py took 0.090 seconds
[2021-03-17 16:56:51,589] {scheduler_job.py:182} INFO - Started process (PID=30152) to work on /Users/prathyusha/Desktop/pranathi/airflow_cnn_pipeline_final/airflow_test_env/lib/python3.7/site-packages/airflow/example_dags/example_external_task_marker_dag.py
[2021-03-17 16:56:51,593] {scheduler_job.py:629} INFO - Processing file /Users/prathyusha/Desktop/pranathi/airflow_cnn_pipeline_final/airflow_test_env/lib/python3.7/site-packages/airflow/example_dags/example_external_task_marker_dag.py for tasks to queue
[2021-03-17 16:56:51,595] {logging_mixin.py:104} INFO - [2021-03-17 16:56:51,595] {dagbag.py:448} INFO - Filling up the DagBag from /Users/prathyusha/Desktop/pranathi/airflow_cnn_pipeline_final/airflow_test_env/lib/python3.7/site-packages/airflow/example_dags/example_external_task_marker_dag.py
[2021-03-17 16:56:51,615] {scheduler_job.py:639} INFO - DAG(s) dict_keys(['example_external_task_marker_parent', 'example_external_task_marker_child']) retrieved from /Users/prathyusha/Desktop/pranathi/airflow_cnn_pipeline_final/airflow_test_env/lib/python3.7/site-packages/airflow/example_dags/example_external_task_marker_dag.py
[2021-03-17 16:56:51,649] {logging_mixin.py:104} INFO - [2021-03-17 16:56:51,647] {dag.py:1818} INFO - Sync 2 DAGs
[2021-03-17 16:56:51,663] {logging_mixin.py:104} INFO - [2021-03-17 16:56:51,663] {dag.py:2273} INFO - Setting next_dagrun for example_external_task_marker_child to None
[2021-03-17 16:56:51,665] {logging_mixin.py:104} INFO - [2021-03-17 16:56:51,664] {dag.py:2273} INFO - Setting next_dagrun for example_external_task_marker_parent to None
[2021-03-17 16:56:51,676] {scheduler_job.py:190} INFO - Processing /Users/prathyusha/Desktop/pranathi/airflow_cnn_pipeline_final/airflow_test_env/lib/python3.7/site-packages/airflow/example_dags/example_external_task_marker_dag.py took 0.096 seconds
[2021-03-17 16:57:24,979] {scheduler_job.py:182} INFO - Started process (PID=30182) to work on /Users/prathyusha/Desktop/pranathi/airflow_cnn_pipeline_final/airflow_test_env/lib/python3.7/site-packages/airflow/example_dags/example_external_task_marker_dag.py
[2021-03-17 16:57:24,982] {scheduler_job.py:629} INFO - Processing file /Users/prathyusha/Desktop/pranathi/airflow_cnn_pipeline_final/airflow_test_env/lib/python3.7/site-packages/airflow/example_dags/example_external_task_marker_dag.py for tasks to queue
[2021-03-17 16:57:24,983] {logging_mixin.py:104} INFO - [2021-03-17 16:57:24,983] {dagbag.py:448} INFO - Filling up the DagBag from /Users/prathyusha/Desktop/pranathi/airflow_cnn_pipeline_final/airflow_test_env/lib/python3.7/site-packages/airflow/example_dags/example_external_task_marker_dag.py
[2021-03-17 16:57:25,003] {scheduler_job.py:639} INFO - DAG(s) dict_keys(['example_external_task_marker_parent', 'example_external_task_marker_child']) retrieved from /Users/prathyusha/Desktop/pranathi/airflow_cnn_pipeline_final/airflow_test_env/lib/python3.7/site-packages/airflow/example_dags/example_external_task_marker_dag.py
[2021-03-17 16:57:25,023] {logging_mixin.py:104} INFO - [2021-03-17 16:57:25,023] {dag.py:1818} INFO - Sync 2 DAGs
[2021-03-17 16:57:25,037] {logging_mixin.py:104} INFO - [2021-03-17 16:57:25,036] {dag.py:2273} INFO - Setting next_dagrun for example_external_task_marker_child to None
[2021-03-17 16:57:25,042] {logging_mixin.py:104} INFO - [2021-03-17 16:57:25,041] {dag.py:2273} INFO - Setting next_dagrun for example_external_task_marker_parent to None
[2021-03-17 16:57:25,051] {scheduler_job.py:190} INFO - Processing /Users/prathyusha/Desktop/pranathi/airflow_cnn_pipeline_final/airflow_test_env/lib/python3.7/site-packages/airflow/example_dags/example_external_task_marker_dag.py took 0.076 seconds
[2021-03-17 16:57:57,772] {scheduler_job.py:182} INFO - Started process (PID=30232) to work on /Users/prathyusha/Desktop/pranathi/airflow_cnn_pipeline_final/airflow_test_env/lib/python3.7/site-packages/airflow/example_dags/example_external_task_marker_dag.py
[2021-03-17 16:57:57,779] {scheduler_job.py:629} INFO - Processing file /Users/prathyusha/Desktop/pranathi/airflow_cnn_pipeline_final/airflow_test_env/lib/python3.7/site-packages/airflow/example_dags/example_external_task_marker_dag.py for tasks to queue
[2021-03-17 16:57:57,783] {logging_mixin.py:104} INFO - [2021-03-17 16:57:57,781] {dagbag.py:448} INFO - Filling up the DagBag from /Users/prathyusha/Desktop/pranathi/airflow_cnn_pipeline_final/airflow_test_env/lib/python3.7/site-packages/airflow/example_dags/example_external_task_marker_dag.py
[2021-03-17 16:57:57,817] {scheduler_job.py:639} INFO - DAG(s) dict_keys(['example_external_task_marker_parent', 'example_external_task_marker_child']) retrieved from /Users/prathyusha/Desktop/pranathi/airflow_cnn_pipeline_final/airflow_test_env/lib/python3.7/site-packages/airflow/example_dags/example_external_task_marker_dag.py
[2021-03-17 16:57:57,847] {logging_mixin.py:104} INFO - [2021-03-17 16:57:57,846] {dag.py:1818} INFO - Sync 2 DAGs
[2021-03-17 16:57:57,872] {logging_mixin.py:104} INFO - [2021-03-17 16:57:57,871] {dag.py:2273} INFO - Setting next_dagrun for example_external_task_marker_child to None
[2021-03-17 16:57:57,876] {logging_mixin.py:104} INFO - [2021-03-17 16:57:57,874] {dag.py:2273} INFO - Setting next_dagrun for example_external_task_marker_parent to None
[2021-03-17 16:57:57,903] {scheduler_job.py:190} INFO - Processing /Users/prathyusha/Desktop/pranathi/airflow_cnn_pipeline_final/airflow_test_env/lib/python3.7/site-packages/airflow/example_dags/example_external_task_marker_dag.py took 0.138 seconds
[2021-03-17 16:58:31,814] {scheduler_job.py:182} INFO - Started process (PID=30281) to work on /Users/prathyusha/Desktop/pranathi/airflow_cnn_pipeline_final/airflow_test_env/lib/python3.7/site-packages/airflow/example_dags/example_external_task_marker_dag.py
[2021-03-17 16:58:31,816] {scheduler_job.py:629} INFO - Processing file /Users/prathyusha/Desktop/pranathi/airflow_cnn_pipeline_final/airflow_test_env/lib/python3.7/site-packages/airflow/example_dags/example_external_task_marker_dag.py for tasks to queue
[2021-03-17 16:58:31,817] {logging_mixin.py:104} INFO - [2021-03-17 16:58:31,817] {dagbag.py:448} INFO - Filling up the DagBag from /Users/prathyusha/Desktop/pranathi/airflow_cnn_pipeline_final/airflow_test_env/lib/python3.7/site-packages/airflow/example_dags/example_external_task_marker_dag.py
[2021-03-17 16:58:31,830] {scheduler_job.py:639} INFO - DAG(s) dict_keys(['example_external_task_marker_parent', 'example_external_task_marker_child']) retrieved from /Users/prathyusha/Desktop/pranathi/airflow_cnn_pipeline_final/airflow_test_env/lib/python3.7/site-packages/airflow/example_dags/example_external_task_marker_dag.py
[2021-03-17 16:58:31,846] {logging_mixin.py:104} INFO - [2021-03-17 16:58:31,846] {dag.py:1818} INFO - Sync 2 DAGs
[2021-03-17 16:58:31,858] {logging_mixin.py:104} INFO - [2021-03-17 16:58:31,857] {dag.py:2273} INFO - Setting next_dagrun for example_external_task_marker_child to None
[2021-03-17 16:58:31,859] {logging_mixin.py:104} INFO - [2021-03-17 16:58:31,859] {dag.py:2273} INFO - Setting next_dagrun for example_external_task_marker_parent to None
[2021-03-17 16:58:31,866] {scheduler_job.py:190} INFO - Processing /Users/prathyusha/Desktop/pranathi/airflow_cnn_pipeline_final/airflow_test_env/lib/python3.7/site-packages/airflow/example_dags/example_external_task_marker_dag.py took 0.057 seconds
[2021-03-17 16:59:05,593] {scheduler_job.py:182} INFO - Started process (PID=30334) to work on /Users/prathyusha/Desktop/pranathi/airflow_cnn_pipeline_final/airflow_test_env/lib/python3.7/site-packages/airflow/example_dags/example_external_task_marker_dag.py
[2021-03-17 16:59:05,602] {scheduler_job.py:629} INFO - Processing file /Users/prathyusha/Desktop/pranathi/airflow_cnn_pipeline_final/airflow_test_env/lib/python3.7/site-packages/airflow/example_dags/example_external_task_marker_dag.py for tasks to queue
[2021-03-17 16:59:05,606] {logging_mixin.py:104} INFO - [2021-03-17 16:59:05,604] {dagbag.py:448} INFO - Filling up the DagBag from /Users/prathyusha/Desktop/pranathi/airflow_cnn_pipeline_final/airflow_test_env/lib/python3.7/site-packages/airflow/example_dags/example_external_task_marker_dag.py
[2021-03-17 16:59:05,642] {scheduler_job.py:639} INFO - DAG(s) dict_keys(['example_external_task_marker_parent', 'example_external_task_marker_child']) retrieved from /Users/prathyusha/Desktop/pranathi/airflow_cnn_pipeline_final/airflow_test_env/lib/python3.7/site-packages/airflow/example_dags/example_external_task_marker_dag.py
[2021-03-17 16:59:05,675] {logging_mixin.py:104} INFO - [2021-03-17 16:59:05,675] {dag.py:1818} INFO - Sync 2 DAGs
[2021-03-17 16:59:05,710] {logging_mixin.py:104} INFO - [2021-03-17 16:59:05,708] {dag.py:2273} INFO - Setting next_dagrun for example_external_task_marker_child to None
[2021-03-17 16:59:05,725] {logging_mixin.py:104} INFO - [2021-03-17 16:59:05,725] {dag.py:2273} INFO - Setting next_dagrun for example_external_task_marker_parent to None
[2021-03-17 16:59:05,776] {scheduler_job.py:190} INFO - Processing /Users/prathyusha/Desktop/pranathi/airflow_cnn_pipeline_final/airflow_test_env/lib/python3.7/site-packages/airflow/example_dags/example_external_task_marker_dag.py took 0.198 seconds
[2021-03-17 16:59:38,031] {scheduler_job.py:182} INFO - Started process (PID=30386) to work on /Users/prathyusha/Desktop/pranathi/airflow_cnn_pipeline_final/airflow_test_env/lib/python3.7/site-packages/airflow/example_dags/example_external_task_marker_dag.py
[2021-03-17 16:59:38,033] {scheduler_job.py:629} INFO - Processing file /Users/prathyusha/Desktop/pranathi/airflow_cnn_pipeline_final/airflow_test_env/lib/python3.7/site-packages/airflow/example_dags/example_external_task_marker_dag.py for tasks to queue
[2021-03-17 16:59:38,035] {logging_mixin.py:104} INFO - [2021-03-17 16:59:38,034] {dagbag.py:448} INFO - Filling up the DagBag from /Users/prathyusha/Desktop/pranathi/airflow_cnn_pipeline_final/airflow_test_env/lib/python3.7/site-packages/airflow/example_dags/example_external_task_marker_dag.py
[2021-03-17 16:59:38,048] {scheduler_job.py:639} INFO - DAG(s) dict_keys(['example_external_task_marker_parent', 'example_external_task_marker_child']) retrieved from /Users/prathyusha/Desktop/pranathi/airflow_cnn_pipeline_final/airflow_test_env/lib/python3.7/site-packages/airflow/example_dags/example_external_task_marker_dag.py
[2021-03-17 16:59:38,066] {logging_mixin.py:104} INFO - [2021-03-17 16:59:38,066] {dag.py:1818} INFO - Sync 2 DAGs
[2021-03-17 16:59:38,078] {logging_mixin.py:104} INFO - [2021-03-17 16:59:38,078] {dag.py:2273} INFO - Setting next_dagrun for example_external_task_marker_child to None
[2021-03-17 16:59:38,080] {logging_mixin.py:104} INFO - [2021-03-17 16:59:38,079] {dag.py:2273} INFO - Setting next_dagrun for example_external_task_marker_parent to None
[2021-03-17 16:59:38,105] {scheduler_job.py:190} INFO - Processing /Users/prathyusha/Desktop/pranathi/airflow_cnn_pipeline_final/airflow_test_env/lib/python3.7/site-packages/airflow/example_dags/example_external_task_marker_dag.py took 0.079 seconds
