[2021-03-17 16:32:19,868] {scheduler_job.py:182} INFO - Started process (PID=28217) to work on /Users/prathyusha/Desktop/pranathi/airflow_cnn_pipeline_final/airflow_test_env/lib/python3.7/site-packages/airflow/example_dags/example_dag_decorator.py
[2021-03-17 16:32:19,869] {scheduler_job.py:629} INFO - Processing file /Users/prathyusha/Desktop/pranathi/airflow_cnn_pipeline_final/airflow_test_env/lib/python3.7/site-packages/airflow/example_dags/example_dag_decorator.py for tasks to queue
[2021-03-17 16:32:19,870] {logging_mixin.py:104} INFO - [2021-03-17 16:32:19,870] {dagbag.py:448} INFO - Filling up the DagBag from /Users/prathyusha/Desktop/pranathi/airflow_cnn_pipeline_final/airflow_test_env/lib/python3.7/site-packages/airflow/example_dags/example_dag_decorator.py
[2021-03-17 16:32:19,887] {scheduler_job.py:639} INFO - DAG(s) dict_keys(['example_dag_decorator']) retrieved from /Users/prathyusha/Desktop/pranathi/airflow_cnn_pipeline_final/airflow_test_env/lib/python3.7/site-packages/airflow/example_dags/example_dag_decorator.py
[2021-03-17 16:32:19,907] {logging_mixin.py:104} INFO - [2021-03-17 16:32:19,906] {dag.py:1818} INFO - Sync 1 DAGs
[2021-03-17 16:32:19,919] {logging_mixin.py:104} INFO - [2021-03-17 16:32:19,918] {dag.py:2273} INFO - Setting next_dagrun for example_dag_decorator to None
[2021-03-17 16:32:19,929] {scheduler_job.py:190} INFO - Processing /Users/prathyusha/Desktop/pranathi/airflow_cnn_pipeline_final/airflow_test_env/lib/python3.7/site-packages/airflow/example_dags/example_dag_decorator.py took 0.065 seconds
[2021-03-17 16:32:50,907] {scheduler_job.py:182} INFO - Started process (PID=28268) to work on /Users/prathyusha/Desktop/pranathi/airflow_cnn_pipeline_final/airflow_test_env/lib/python3.7/site-packages/airflow/example_dags/example_dag_decorator.py
[2021-03-17 16:32:50,911] {scheduler_job.py:629} INFO - Processing file /Users/prathyusha/Desktop/pranathi/airflow_cnn_pipeline_final/airflow_test_env/lib/python3.7/site-packages/airflow/example_dags/example_dag_decorator.py for tasks to queue
[2021-03-17 16:32:50,912] {logging_mixin.py:104} INFO - [2021-03-17 16:32:50,912] {dagbag.py:448} INFO - Filling up the DagBag from /Users/prathyusha/Desktop/pranathi/airflow_cnn_pipeline_final/airflow_test_env/lib/python3.7/site-packages/airflow/example_dags/example_dag_decorator.py
[2021-03-17 16:32:50,932] {scheduler_job.py:639} INFO - DAG(s) dict_keys(['example_dag_decorator']) retrieved from /Users/prathyusha/Desktop/pranathi/airflow_cnn_pipeline_final/airflow_test_env/lib/python3.7/site-packages/airflow/example_dags/example_dag_decorator.py
[2021-03-17 16:32:50,948] {logging_mixin.py:104} INFO - [2021-03-17 16:32:50,948] {dag.py:1818} INFO - Sync 1 DAGs
[2021-03-17 16:32:50,958] {logging_mixin.py:104} INFO - [2021-03-17 16:32:50,958] {dag.py:2273} INFO - Setting next_dagrun for example_dag_decorator to None
[2021-03-17 16:32:50,969] {scheduler_job.py:190} INFO - Processing /Users/prathyusha/Desktop/pranathi/airflow_cnn_pipeline_final/airflow_test_env/lib/python3.7/site-packages/airflow/example_dags/example_dag_decorator.py took 0.066 seconds
[2021-03-17 16:33:21,741] {scheduler_job.py:182} INFO - Started process (PID=28297) to work on /Users/prathyusha/Desktop/pranathi/airflow_cnn_pipeline_final/airflow_test_env/lib/python3.7/site-packages/airflow/example_dags/example_dag_decorator.py
[2021-03-17 16:33:21,743] {scheduler_job.py:629} INFO - Processing file /Users/prathyusha/Desktop/pranathi/airflow_cnn_pipeline_final/airflow_test_env/lib/python3.7/site-packages/airflow/example_dags/example_dag_decorator.py for tasks to queue
[2021-03-17 16:33:21,744] {logging_mixin.py:104} INFO - [2021-03-17 16:33:21,744] {dagbag.py:448} INFO - Filling up the DagBag from /Users/prathyusha/Desktop/pranathi/airflow_cnn_pipeline_final/airflow_test_env/lib/python3.7/site-packages/airflow/example_dags/example_dag_decorator.py
[2021-03-17 16:33:21,760] {scheduler_job.py:639} INFO - DAG(s) dict_keys(['example_dag_decorator']) retrieved from /Users/prathyusha/Desktop/pranathi/airflow_cnn_pipeline_final/airflow_test_env/lib/python3.7/site-packages/airflow/example_dags/example_dag_decorator.py
[2021-03-17 16:33:21,776] {logging_mixin.py:104} INFO - [2021-03-17 16:33:21,776] {dag.py:1818} INFO - Sync 1 DAGs
[2021-03-17 16:33:21,786] {logging_mixin.py:104} INFO - [2021-03-17 16:33:21,786] {dag.py:2273} INFO - Setting next_dagrun for example_dag_decorator to None
[2021-03-17 16:33:21,799] {scheduler_job.py:190} INFO - Processing /Users/prathyusha/Desktop/pranathi/airflow_cnn_pipeline_final/airflow_test_env/lib/python3.7/site-packages/airflow/example_dags/example_dag_decorator.py took 0.062 seconds
[2021-03-17 16:33:52,616] {scheduler_job.py:182} INFO - Started process (PID=28332) to work on /Users/prathyusha/Desktop/pranathi/airflow_cnn_pipeline_final/airflow_test_env/lib/python3.7/site-packages/airflow/example_dags/example_dag_decorator.py
[2021-03-17 16:33:52,620] {scheduler_job.py:629} INFO - Processing file /Users/prathyusha/Desktop/pranathi/airflow_cnn_pipeline_final/airflow_test_env/lib/python3.7/site-packages/airflow/example_dags/example_dag_decorator.py for tasks to queue
[2021-03-17 16:33:52,621] {logging_mixin.py:104} INFO - [2021-03-17 16:33:52,621] {dagbag.py:448} INFO - Filling up the DagBag from /Users/prathyusha/Desktop/pranathi/airflow_cnn_pipeline_final/airflow_test_env/lib/python3.7/site-packages/airflow/example_dags/example_dag_decorator.py
[2021-03-17 16:33:52,641] {scheduler_job.py:639} INFO - DAG(s) dict_keys(['example_dag_decorator']) retrieved from /Users/prathyusha/Desktop/pranathi/airflow_cnn_pipeline_final/airflow_test_env/lib/python3.7/site-packages/airflow/example_dags/example_dag_decorator.py
[2021-03-17 16:33:52,660] {logging_mixin.py:104} INFO - [2021-03-17 16:33:52,660] {dag.py:1818} INFO - Sync 1 DAGs
[2021-03-17 16:33:52,675] {logging_mixin.py:104} INFO - [2021-03-17 16:33:52,674] {dag.py:2273} INFO - Setting next_dagrun for example_dag_decorator to None
[2021-03-17 16:33:52,687] {scheduler_job.py:190} INFO - Processing /Users/prathyusha/Desktop/pranathi/airflow_cnn_pipeline_final/airflow_test_env/lib/python3.7/site-packages/airflow/example_dags/example_dag_decorator.py took 0.075 seconds
[2021-03-17 16:34:23,309] {scheduler_job.py:182} INFO - Started process (PID=28361) to work on /Users/prathyusha/Desktop/pranathi/airflow_cnn_pipeline_final/airflow_test_env/lib/python3.7/site-packages/airflow/example_dags/example_dag_decorator.py
[2021-03-17 16:34:23,311] {scheduler_job.py:629} INFO - Processing file /Users/prathyusha/Desktop/pranathi/airflow_cnn_pipeline_final/airflow_test_env/lib/python3.7/site-packages/airflow/example_dags/example_dag_decorator.py for tasks to queue
[2021-03-17 16:34:23,312] {logging_mixin.py:104} INFO - [2021-03-17 16:34:23,312] {dagbag.py:448} INFO - Filling up the DagBag from /Users/prathyusha/Desktop/pranathi/airflow_cnn_pipeline_final/airflow_test_env/lib/python3.7/site-packages/airflow/example_dags/example_dag_decorator.py
[2021-03-17 16:34:23,328] {scheduler_job.py:639} INFO - DAG(s) dict_keys(['example_dag_decorator']) retrieved from /Users/prathyusha/Desktop/pranathi/airflow_cnn_pipeline_final/airflow_test_env/lib/python3.7/site-packages/airflow/example_dags/example_dag_decorator.py
[2021-03-17 16:34:23,343] {logging_mixin.py:104} INFO - [2021-03-17 16:34:23,342] {dag.py:1818} INFO - Sync 1 DAGs
[2021-03-17 16:34:23,352] {logging_mixin.py:104} INFO - [2021-03-17 16:34:23,352] {dag.py:2273} INFO - Setting next_dagrun for example_dag_decorator to None
[2021-03-17 16:34:23,365] {scheduler_job.py:190} INFO - Processing /Users/prathyusha/Desktop/pranathi/airflow_cnn_pipeline_final/airflow_test_env/lib/python3.7/site-packages/airflow/example_dags/example_dag_decorator.py took 0.059 seconds
[2021-03-17 16:34:54,108] {scheduler_job.py:182} INFO - Started process (PID=28390) to work on /Users/prathyusha/Desktop/pranathi/airflow_cnn_pipeline_final/airflow_test_env/lib/python3.7/site-packages/airflow/example_dags/example_dag_decorator.py
[2021-03-17 16:34:54,109] {scheduler_job.py:629} INFO - Processing file /Users/prathyusha/Desktop/pranathi/airflow_cnn_pipeline_final/airflow_test_env/lib/python3.7/site-packages/airflow/example_dags/example_dag_decorator.py for tasks to queue
[2021-03-17 16:34:54,111] {logging_mixin.py:104} INFO - [2021-03-17 16:34:54,110] {dagbag.py:448} INFO - Filling up the DagBag from /Users/prathyusha/Desktop/pranathi/airflow_cnn_pipeline_final/airflow_test_env/lib/python3.7/site-packages/airflow/example_dags/example_dag_decorator.py
[2021-03-17 16:34:54,128] {scheduler_job.py:639} INFO - DAG(s) dict_keys(['example_dag_decorator']) retrieved from /Users/prathyusha/Desktop/pranathi/airflow_cnn_pipeline_final/airflow_test_env/lib/python3.7/site-packages/airflow/example_dags/example_dag_decorator.py
[2021-03-17 16:34:54,144] {logging_mixin.py:104} INFO - [2021-03-17 16:34:54,144] {dag.py:1818} INFO - Sync 1 DAGs
[2021-03-17 16:34:54,154] {logging_mixin.py:104} INFO - [2021-03-17 16:34:54,154] {dag.py:2273} INFO - Setting next_dagrun for example_dag_decorator to None
[2021-03-17 16:34:54,168] {scheduler_job.py:190} INFO - Processing /Users/prathyusha/Desktop/pranathi/airflow_cnn_pipeline_final/airflow_test_env/lib/python3.7/site-packages/airflow/example_dags/example_dag_decorator.py took 0.064 seconds
[2021-03-17 16:35:24,839] {scheduler_job.py:182} INFO - Started process (PID=28426) to work on /Users/prathyusha/Desktop/pranathi/airflow_cnn_pipeline_final/airflow_test_env/lib/python3.7/site-packages/airflow/example_dags/example_dag_decorator.py
[2021-03-17 16:35:24,840] {scheduler_job.py:629} INFO - Processing file /Users/prathyusha/Desktop/pranathi/airflow_cnn_pipeline_final/airflow_test_env/lib/python3.7/site-packages/airflow/example_dags/example_dag_decorator.py for tasks to queue
[2021-03-17 16:35:24,842] {logging_mixin.py:104} INFO - [2021-03-17 16:35:24,841] {dagbag.py:448} INFO - Filling up the DagBag from /Users/prathyusha/Desktop/pranathi/airflow_cnn_pipeline_final/airflow_test_env/lib/python3.7/site-packages/airflow/example_dags/example_dag_decorator.py
[2021-03-17 16:35:24,859] {scheduler_job.py:639} INFO - DAG(s) dict_keys(['example_dag_decorator']) retrieved from /Users/prathyusha/Desktop/pranathi/airflow_cnn_pipeline_final/airflow_test_env/lib/python3.7/site-packages/airflow/example_dags/example_dag_decorator.py
[2021-03-17 16:35:24,876] {logging_mixin.py:104} INFO - [2021-03-17 16:35:24,876] {dag.py:1818} INFO - Sync 1 DAGs
[2021-03-17 16:35:24,888] {logging_mixin.py:104} INFO - [2021-03-17 16:35:24,887] {dag.py:2273} INFO - Setting next_dagrun for example_dag_decorator to None
[2021-03-17 16:35:24,899] {scheduler_job.py:190} INFO - Processing /Users/prathyusha/Desktop/pranathi/airflow_cnn_pipeline_final/airflow_test_env/lib/python3.7/site-packages/airflow/example_dags/example_dag_decorator.py took 0.065 seconds
[2021-03-17 16:35:55,679] {scheduler_job.py:182} INFO - Started process (PID=28468) to work on /Users/prathyusha/Desktop/pranathi/airflow_cnn_pipeline_final/airflow_test_env/lib/python3.7/site-packages/airflow/example_dags/example_dag_decorator.py
[2021-03-17 16:35:55,683] {scheduler_job.py:629} INFO - Processing file /Users/prathyusha/Desktop/pranathi/airflow_cnn_pipeline_final/airflow_test_env/lib/python3.7/site-packages/airflow/example_dags/example_dag_decorator.py for tasks to queue
[2021-03-17 16:35:55,685] {logging_mixin.py:104} INFO - [2021-03-17 16:35:55,684] {dagbag.py:448} INFO - Filling up the DagBag from /Users/prathyusha/Desktop/pranathi/airflow_cnn_pipeline_final/airflow_test_env/lib/python3.7/site-packages/airflow/example_dags/example_dag_decorator.py
[2021-03-17 16:35:55,702] {scheduler_job.py:639} INFO - DAG(s) dict_keys(['example_dag_decorator']) retrieved from /Users/prathyusha/Desktop/pranathi/airflow_cnn_pipeline_final/airflow_test_env/lib/python3.7/site-packages/airflow/example_dags/example_dag_decorator.py
[2021-03-17 16:35:55,720] {logging_mixin.py:104} INFO - [2021-03-17 16:35:55,719] {dag.py:1818} INFO - Sync 1 DAGs
[2021-03-17 16:35:55,732] {logging_mixin.py:104} INFO - [2021-03-17 16:35:55,732] {dag.py:2273} INFO - Setting next_dagrun for example_dag_decorator to None
[2021-03-17 16:35:55,749] {scheduler_job.py:190} INFO - Processing /Users/prathyusha/Desktop/pranathi/airflow_cnn_pipeline_final/airflow_test_env/lib/python3.7/site-packages/airflow/example_dags/example_dag_decorator.py took 0.074 seconds
[2021-03-17 16:36:26,482] {scheduler_job.py:182} INFO - Started process (PID=28503) to work on /Users/prathyusha/Desktop/pranathi/airflow_cnn_pipeline_final/airflow_test_env/lib/python3.7/site-packages/airflow/example_dags/example_dag_decorator.py
[2021-03-17 16:36:26,486] {scheduler_job.py:629} INFO - Processing file /Users/prathyusha/Desktop/pranathi/airflow_cnn_pipeline_final/airflow_test_env/lib/python3.7/site-packages/airflow/example_dags/example_dag_decorator.py for tasks to queue
[2021-03-17 16:36:26,488] {logging_mixin.py:104} INFO - [2021-03-17 16:36:26,487] {dagbag.py:448} INFO - Filling up the DagBag from /Users/prathyusha/Desktop/pranathi/airflow_cnn_pipeline_final/airflow_test_env/lib/python3.7/site-packages/airflow/example_dags/example_dag_decorator.py
[2021-03-17 16:36:26,507] {scheduler_job.py:639} INFO - DAG(s) dict_keys(['example_dag_decorator']) retrieved from /Users/prathyusha/Desktop/pranathi/airflow_cnn_pipeline_final/airflow_test_env/lib/python3.7/site-packages/airflow/example_dags/example_dag_decorator.py
[2021-03-17 16:36:26,523] {logging_mixin.py:104} INFO - [2021-03-17 16:36:26,523] {dag.py:1818} INFO - Sync 1 DAGs
[2021-03-17 16:36:26,533] {logging_mixin.py:104} INFO - [2021-03-17 16:36:26,532] {dag.py:2273} INFO - Setting next_dagrun for example_dag_decorator to None
[2021-03-17 16:36:26,545] {scheduler_job.py:190} INFO - Processing /Users/prathyusha/Desktop/pranathi/airflow_cnn_pipeline_final/airflow_test_env/lib/python3.7/site-packages/airflow/example_dags/example_dag_decorator.py took 0.067 seconds
[2021-03-17 16:36:57,318] {scheduler_job.py:182} INFO - Started process (PID=28532) to work on /Users/prathyusha/Desktop/pranathi/airflow_cnn_pipeline_final/airflow_test_env/lib/python3.7/site-packages/airflow/example_dags/example_dag_decorator.py
[2021-03-17 16:36:57,320] {scheduler_job.py:629} INFO - Processing file /Users/prathyusha/Desktop/pranathi/airflow_cnn_pipeline_final/airflow_test_env/lib/python3.7/site-packages/airflow/example_dags/example_dag_decorator.py for tasks to queue
[2021-03-17 16:36:57,322] {logging_mixin.py:104} INFO - [2021-03-17 16:36:57,321] {dagbag.py:448} INFO - Filling up the DagBag from /Users/prathyusha/Desktop/pranathi/airflow_cnn_pipeline_final/airflow_test_env/lib/python3.7/site-packages/airflow/example_dags/example_dag_decorator.py
[2021-03-17 16:36:57,338] {scheduler_job.py:639} INFO - DAG(s) dict_keys(['example_dag_decorator']) retrieved from /Users/prathyusha/Desktop/pranathi/airflow_cnn_pipeline_final/airflow_test_env/lib/python3.7/site-packages/airflow/example_dags/example_dag_decorator.py
[2021-03-17 16:36:57,354] {logging_mixin.py:104} INFO - [2021-03-17 16:36:57,354] {dag.py:1818} INFO - Sync 1 DAGs
[2021-03-17 16:36:57,364] {logging_mixin.py:104} INFO - [2021-03-17 16:36:57,363] {dag.py:2273} INFO - Setting next_dagrun for example_dag_decorator to None
[2021-03-17 16:36:57,378] {scheduler_job.py:190} INFO - Processing /Users/prathyusha/Desktop/pranathi/airflow_cnn_pipeline_final/airflow_test_env/lib/python3.7/site-packages/airflow/example_dags/example_dag_decorator.py took 0.064 seconds
[2021-03-17 16:37:28,169] {scheduler_job.py:182} INFO - Started process (PID=28563) to work on /Users/prathyusha/Desktop/pranathi/airflow_cnn_pipeline_final/airflow_test_env/lib/python3.7/site-packages/airflow/example_dags/example_dag_decorator.py
[2021-03-17 16:37:28,171] {scheduler_job.py:629} INFO - Processing file /Users/prathyusha/Desktop/pranathi/airflow_cnn_pipeline_final/airflow_test_env/lib/python3.7/site-packages/airflow/example_dags/example_dag_decorator.py for tasks to queue
[2021-03-17 16:37:28,172] {logging_mixin.py:104} INFO - [2021-03-17 16:37:28,172] {dagbag.py:448} INFO - Filling up the DagBag from /Users/prathyusha/Desktop/pranathi/airflow_cnn_pipeline_final/airflow_test_env/lib/python3.7/site-packages/airflow/example_dags/example_dag_decorator.py
[2021-03-17 16:37:28,189] {scheduler_job.py:639} INFO - DAG(s) dict_keys(['example_dag_decorator']) retrieved from /Users/prathyusha/Desktop/pranathi/airflow_cnn_pipeline_final/airflow_test_env/lib/python3.7/site-packages/airflow/example_dags/example_dag_decorator.py
[2021-03-17 16:37:28,205] {logging_mixin.py:104} INFO - [2021-03-17 16:37:28,205] {dag.py:1818} INFO - Sync 1 DAGs
[2021-03-17 16:37:28,216] {logging_mixin.py:104} INFO - [2021-03-17 16:37:28,215] {dag.py:2273} INFO - Setting next_dagrun for example_dag_decorator to None
[2021-03-17 16:37:28,227] {scheduler_job.py:190} INFO - Processing /Users/prathyusha/Desktop/pranathi/airflow_cnn_pipeline_final/airflow_test_env/lib/python3.7/site-packages/airflow/example_dags/example_dag_decorator.py took 0.062 seconds
[2021-03-17 16:37:58,904] {scheduler_job.py:182} INFO - Started process (PID=28595) to work on /Users/prathyusha/Desktop/pranathi/airflow_cnn_pipeline_final/airflow_test_env/lib/python3.7/site-packages/airflow/example_dags/example_dag_decorator.py
[2021-03-17 16:37:58,906] {scheduler_job.py:629} INFO - Processing file /Users/prathyusha/Desktop/pranathi/airflow_cnn_pipeline_final/airflow_test_env/lib/python3.7/site-packages/airflow/example_dags/example_dag_decorator.py for tasks to queue
[2021-03-17 16:37:58,908] {logging_mixin.py:104} INFO - [2021-03-17 16:37:58,907] {dagbag.py:448} INFO - Filling up the DagBag from /Users/prathyusha/Desktop/pranathi/airflow_cnn_pipeline_final/airflow_test_env/lib/python3.7/site-packages/airflow/example_dags/example_dag_decorator.py
[2021-03-17 16:37:58,924] {scheduler_job.py:639} INFO - DAG(s) dict_keys(['example_dag_decorator']) retrieved from /Users/prathyusha/Desktop/pranathi/airflow_cnn_pipeline_final/airflow_test_env/lib/python3.7/site-packages/airflow/example_dags/example_dag_decorator.py
[2021-03-17 16:37:58,939] {logging_mixin.py:104} INFO - [2021-03-17 16:37:58,939] {dag.py:1818} INFO - Sync 1 DAGs
[2021-03-17 16:37:58,950] {logging_mixin.py:104} INFO - [2021-03-17 16:37:58,949] {dag.py:2273} INFO - Setting next_dagrun for example_dag_decorator to None
[2021-03-17 16:37:58,962] {scheduler_job.py:190} INFO - Processing /Users/prathyusha/Desktop/pranathi/airflow_cnn_pipeline_final/airflow_test_env/lib/python3.7/site-packages/airflow/example_dags/example_dag_decorator.py took 0.062 seconds
[2021-03-17 16:38:29,741] {scheduler_job.py:182} INFO - Started process (PID=28625) to work on /Users/prathyusha/Desktop/pranathi/airflow_cnn_pipeline_final/airflow_test_env/lib/python3.7/site-packages/airflow/example_dags/example_dag_decorator.py
[2021-03-17 16:38:29,743] {scheduler_job.py:629} INFO - Processing file /Users/prathyusha/Desktop/pranathi/airflow_cnn_pipeline_final/airflow_test_env/lib/python3.7/site-packages/airflow/example_dags/example_dag_decorator.py for tasks to queue
[2021-03-17 16:38:29,744] {logging_mixin.py:104} INFO - [2021-03-17 16:38:29,744] {dagbag.py:448} INFO - Filling up the DagBag from /Users/prathyusha/Desktop/pranathi/airflow_cnn_pipeline_final/airflow_test_env/lib/python3.7/site-packages/airflow/example_dags/example_dag_decorator.py
[2021-03-17 16:38:29,762] {scheduler_job.py:639} INFO - DAG(s) dict_keys(['example_dag_decorator']) retrieved from /Users/prathyusha/Desktop/pranathi/airflow_cnn_pipeline_final/airflow_test_env/lib/python3.7/site-packages/airflow/example_dags/example_dag_decorator.py
[2021-03-17 16:38:29,780] {logging_mixin.py:104} INFO - [2021-03-17 16:38:29,780] {dag.py:1818} INFO - Sync 1 DAGs
[2021-03-17 16:38:29,793] {logging_mixin.py:104} INFO - [2021-03-17 16:38:29,792] {dag.py:2273} INFO - Setting next_dagrun for example_dag_decorator to None
[2021-03-17 16:38:29,804] {scheduler_job.py:190} INFO - Processing /Users/prathyusha/Desktop/pranathi/airflow_cnn_pipeline_final/airflow_test_env/lib/python3.7/site-packages/airflow/example_dags/example_dag_decorator.py took 0.066 seconds
[2021-03-17 16:39:00,578] {scheduler_job.py:182} INFO - Started process (PID=28692) to work on /Users/prathyusha/Desktop/pranathi/airflow_cnn_pipeline_final/airflow_test_env/lib/python3.7/site-packages/airflow/example_dags/example_dag_decorator.py
[2021-03-17 16:39:00,582] {scheduler_job.py:629} INFO - Processing file /Users/prathyusha/Desktop/pranathi/airflow_cnn_pipeline_final/airflow_test_env/lib/python3.7/site-packages/airflow/example_dags/example_dag_decorator.py for tasks to queue
[2021-03-17 16:39:00,583] {logging_mixin.py:104} INFO - [2021-03-17 16:39:00,583] {dagbag.py:448} INFO - Filling up the DagBag from /Users/prathyusha/Desktop/pranathi/airflow_cnn_pipeline_final/airflow_test_env/lib/python3.7/site-packages/airflow/example_dags/example_dag_decorator.py
[2021-03-17 16:39:00,615] {scheduler_job.py:639} INFO - DAG(s) dict_keys(['example_dag_decorator']) retrieved from /Users/prathyusha/Desktop/pranathi/airflow_cnn_pipeline_final/airflow_test_env/lib/python3.7/site-packages/airflow/example_dags/example_dag_decorator.py
[2021-03-17 16:39:00,649] {logging_mixin.py:104} INFO - [2021-03-17 16:39:00,648] {dag.py:1818} INFO - Sync 1 DAGs
[2021-03-17 16:39:00,666] {logging_mixin.py:104} INFO - [2021-03-17 16:39:00,666] {dag.py:2273} INFO - Setting next_dagrun for example_dag_decorator to None
[2021-03-17 16:39:00,681] {scheduler_job.py:190} INFO - Processing /Users/prathyusha/Desktop/pranathi/airflow_cnn_pipeline_final/airflow_test_env/lib/python3.7/site-packages/airflow/example_dags/example_dag_decorator.py took 0.108 seconds
[2021-03-17 16:39:31,312] {scheduler_job.py:182} INFO - Started process (PID=28740) to work on /Users/prathyusha/Desktop/pranathi/airflow_cnn_pipeline_final/airflow_test_env/lib/python3.7/site-packages/airflow/example_dags/example_dag_decorator.py
[2021-03-17 16:39:31,314] {scheduler_job.py:629} INFO - Processing file /Users/prathyusha/Desktop/pranathi/airflow_cnn_pipeline_final/airflow_test_env/lib/python3.7/site-packages/airflow/example_dags/example_dag_decorator.py for tasks to queue
[2021-03-17 16:39:31,315] {logging_mixin.py:104} INFO - [2021-03-17 16:39:31,315] {dagbag.py:448} INFO - Filling up the DagBag from /Users/prathyusha/Desktop/pranathi/airflow_cnn_pipeline_final/airflow_test_env/lib/python3.7/site-packages/airflow/example_dags/example_dag_decorator.py
[2021-03-17 16:39:31,331] {scheduler_job.py:639} INFO - DAG(s) dict_keys(['example_dag_decorator']) retrieved from /Users/prathyusha/Desktop/pranathi/airflow_cnn_pipeline_final/airflow_test_env/lib/python3.7/site-packages/airflow/example_dags/example_dag_decorator.py
[2021-03-17 16:39:31,346] {logging_mixin.py:104} INFO - [2021-03-17 16:39:31,346] {dag.py:1818} INFO - Sync 1 DAGs
[2021-03-17 16:39:31,356] {logging_mixin.py:104} INFO - [2021-03-17 16:39:31,356] {dag.py:2273} INFO - Setting next_dagrun for example_dag_decorator to None
[2021-03-17 16:39:31,368] {scheduler_job.py:190} INFO - Processing /Users/prathyusha/Desktop/pranathi/airflow_cnn_pipeline_final/airflow_test_env/lib/python3.7/site-packages/airflow/example_dags/example_dag_decorator.py took 0.059 seconds
[2021-03-17 16:40:03,368] {scheduler_job.py:182} INFO - Started process (PID=28785) to work on /Users/prathyusha/Desktop/pranathi/airflow_cnn_pipeline_final/airflow_test_env/lib/python3.7/site-packages/airflow/example_dags/example_dag_decorator.py
[2021-03-17 16:40:03,370] {scheduler_job.py:629} INFO - Processing file /Users/prathyusha/Desktop/pranathi/airflow_cnn_pipeline_final/airflow_test_env/lib/python3.7/site-packages/airflow/example_dags/example_dag_decorator.py for tasks to queue
[2021-03-17 16:40:03,372] {logging_mixin.py:104} INFO - [2021-03-17 16:40:03,371] {dagbag.py:448} INFO - Filling up the DagBag from /Users/prathyusha/Desktop/pranathi/airflow_cnn_pipeline_final/airflow_test_env/lib/python3.7/site-packages/airflow/example_dags/example_dag_decorator.py
[2021-03-17 16:40:03,398] {scheduler_job.py:639} INFO - DAG(s) dict_keys(['example_dag_decorator']) retrieved from /Users/prathyusha/Desktop/pranathi/airflow_cnn_pipeline_final/airflow_test_env/lib/python3.7/site-packages/airflow/example_dags/example_dag_decorator.py
[2021-03-17 16:40:03,438] {logging_mixin.py:104} INFO - [2021-03-17 16:40:03,437] {dag.py:1818} INFO - Sync 1 DAGs
[2021-03-17 16:40:03,451] {logging_mixin.py:104} INFO - [2021-03-17 16:40:03,451] {dag.py:2273} INFO - Setting next_dagrun for example_dag_decorator to None
[2021-03-17 16:40:03,464] {scheduler_job.py:190} INFO - Processing /Users/prathyusha/Desktop/pranathi/airflow_cnn_pipeline_final/airflow_test_env/lib/python3.7/site-packages/airflow/example_dags/example_dag_decorator.py took 0.101 seconds
[2021-03-17 16:40:34,009] {scheduler_job.py:182} INFO - Started process (PID=28822) to work on /Users/prathyusha/Desktop/pranathi/airflow_cnn_pipeline_final/airflow_test_env/lib/python3.7/site-packages/airflow/example_dags/example_dag_decorator.py
[2021-03-17 16:40:34,014] {scheduler_job.py:629} INFO - Processing file /Users/prathyusha/Desktop/pranathi/airflow_cnn_pipeline_final/airflow_test_env/lib/python3.7/site-packages/airflow/example_dags/example_dag_decorator.py for tasks to queue
[2021-03-17 16:40:34,015] {logging_mixin.py:104} INFO - [2021-03-17 16:40:34,015] {dagbag.py:448} INFO - Filling up the DagBag from /Users/prathyusha/Desktop/pranathi/airflow_cnn_pipeline_final/airflow_test_env/lib/python3.7/site-packages/airflow/example_dags/example_dag_decorator.py
[2021-03-17 16:40:34,036] {scheduler_job.py:639} INFO - DAG(s) dict_keys(['example_dag_decorator']) retrieved from /Users/prathyusha/Desktop/pranathi/airflow_cnn_pipeline_final/airflow_test_env/lib/python3.7/site-packages/airflow/example_dags/example_dag_decorator.py
[2021-03-17 16:40:34,056] {logging_mixin.py:104} INFO - [2021-03-17 16:40:34,056] {dag.py:1818} INFO - Sync 1 DAGs
[2021-03-17 16:40:34,069] {logging_mixin.py:104} INFO - [2021-03-17 16:40:34,069] {dag.py:2273} INFO - Setting next_dagrun for example_dag_decorator to None
[2021-03-17 16:40:34,082] {scheduler_job.py:190} INFO - Processing /Users/prathyusha/Desktop/pranathi/airflow_cnn_pipeline_final/airflow_test_env/lib/python3.7/site-packages/airflow/example_dags/example_dag_decorator.py took 0.077 seconds
[2021-03-17 16:41:04,709] {scheduler_job.py:182} INFO - Started process (PID=28856) to work on /Users/prathyusha/Desktop/pranathi/airflow_cnn_pipeline_final/airflow_test_env/lib/python3.7/site-packages/airflow/example_dags/example_dag_decorator.py
[2021-03-17 16:41:04,714] {scheduler_job.py:629} INFO - Processing file /Users/prathyusha/Desktop/pranathi/airflow_cnn_pipeline_final/airflow_test_env/lib/python3.7/site-packages/airflow/example_dags/example_dag_decorator.py for tasks to queue
[2021-03-17 16:41:04,715] {logging_mixin.py:104} INFO - [2021-03-17 16:41:04,715] {dagbag.py:448} INFO - Filling up the DagBag from /Users/prathyusha/Desktop/pranathi/airflow_cnn_pipeline_final/airflow_test_env/lib/python3.7/site-packages/airflow/example_dags/example_dag_decorator.py
[2021-03-17 16:41:04,733] {scheduler_job.py:639} INFO - DAG(s) dict_keys(['example_dag_decorator']) retrieved from /Users/prathyusha/Desktop/pranathi/airflow_cnn_pipeline_final/airflow_test_env/lib/python3.7/site-packages/airflow/example_dags/example_dag_decorator.py
[2021-03-17 16:41:04,750] {logging_mixin.py:104} INFO - [2021-03-17 16:41:04,750] {dag.py:1818} INFO - Sync 1 DAGs
[2021-03-17 16:41:04,761] {logging_mixin.py:104} INFO - [2021-03-17 16:41:04,760] {dag.py:2273} INFO - Setting next_dagrun for example_dag_decorator to None
[2021-03-17 16:41:04,774] {scheduler_job.py:190} INFO - Processing /Users/prathyusha/Desktop/pranathi/airflow_cnn_pipeline_final/airflow_test_env/lib/python3.7/site-packages/airflow/example_dags/example_dag_decorator.py took 0.069 seconds
[2021-03-17 16:41:35,410] {scheduler_job.py:182} INFO - Started process (PID=28886) to work on /Users/prathyusha/Desktop/pranathi/airflow_cnn_pipeline_final/airflow_test_env/lib/python3.7/site-packages/airflow/example_dags/example_dag_decorator.py
[2021-03-17 16:41:35,414] {scheduler_job.py:629} INFO - Processing file /Users/prathyusha/Desktop/pranathi/airflow_cnn_pipeline_final/airflow_test_env/lib/python3.7/site-packages/airflow/example_dags/example_dag_decorator.py for tasks to queue
[2021-03-17 16:41:35,415] {logging_mixin.py:104} INFO - [2021-03-17 16:41:35,415] {dagbag.py:448} INFO - Filling up the DagBag from /Users/prathyusha/Desktop/pranathi/airflow_cnn_pipeline_final/airflow_test_env/lib/python3.7/site-packages/airflow/example_dags/example_dag_decorator.py
[2021-03-17 16:41:35,436] {scheduler_job.py:639} INFO - DAG(s) dict_keys(['example_dag_decorator']) retrieved from /Users/prathyusha/Desktop/pranathi/airflow_cnn_pipeline_final/airflow_test_env/lib/python3.7/site-packages/airflow/example_dags/example_dag_decorator.py
[2021-03-17 16:41:35,455] {logging_mixin.py:104} INFO - [2021-03-17 16:41:35,455] {dag.py:1818} INFO - Sync 1 DAGs
[2021-03-17 16:41:35,466] {logging_mixin.py:104} INFO - [2021-03-17 16:41:35,465] {dag.py:2273} INFO - Setting next_dagrun for example_dag_decorator to None
[2021-03-17 16:41:35,478] {scheduler_job.py:190} INFO - Processing /Users/prathyusha/Desktop/pranathi/airflow_cnn_pipeline_final/airflow_test_env/lib/python3.7/site-packages/airflow/example_dags/example_dag_decorator.py took 0.072 seconds
[2021-03-17 16:42:06,144] {scheduler_job.py:182} INFO - Started process (PID=28926) to work on /Users/prathyusha/Desktop/pranathi/airflow_cnn_pipeline_final/airflow_test_env/lib/python3.7/site-packages/airflow/example_dags/example_dag_decorator.py
[2021-03-17 16:42:06,147] {scheduler_job.py:629} INFO - Processing file /Users/prathyusha/Desktop/pranathi/airflow_cnn_pipeline_final/airflow_test_env/lib/python3.7/site-packages/airflow/example_dags/example_dag_decorator.py for tasks to queue
[2021-03-17 16:42:06,149] {logging_mixin.py:104} INFO - [2021-03-17 16:42:06,148] {dagbag.py:448} INFO - Filling up the DagBag from /Users/prathyusha/Desktop/pranathi/airflow_cnn_pipeline_final/airflow_test_env/lib/python3.7/site-packages/airflow/example_dags/example_dag_decorator.py
[2021-03-17 16:42:06,170] {scheduler_job.py:639} INFO - DAG(s) dict_keys(['example_dag_decorator']) retrieved from /Users/prathyusha/Desktop/pranathi/airflow_cnn_pipeline_final/airflow_test_env/lib/python3.7/site-packages/airflow/example_dags/example_dag_decorator.py
[2021-03-17 16:42:06,188] {logging_mixin.py:104} INFO - [2021-03-17 16:42:06,188] {dag.py:1818} INFO - Sync 1 DAGs
[2021-03-17 16:42:06,200] {logging_mixin.py:104} INFO - [2021-03-17 16:42:06,199] {dag.py:2273} INFO - Setting next_dagrun for example_dag_decorator to None
[2021-03-17 16:42:06,211] {scheduler_job.py:190} INFO - Processing /Users/prathyusha/Desktop/pranathi/airflow_cnn_pipeline_final/airflow_test_env/lib/python3.7/site-packages/airflow/example_dags/example_dag_decorator.py took 0.072 seconds
[2021-03-17 16:42:36,649] {scheduler_job.py:182} INFO - Started process (PID=28957) to work on /Users/prathyusha/Desktop/pranathi/airflow_cnn_pipeline_final/airflow_test_env/lib/python3.7/site-packages/airflow/example_dags/example_dag_decorator.py
[2021-03-17 16:42:36,652] {scheduler_job.py:629} INFO - Processing file /Users/prathyusha/Desktop/pranathi/airflow_cnn_pipeline_final/airflow_test_env/lib/python3.7/site-packages/airflow/example_dags/example_dag_decorator.py for tasks to queue
[2021-03-17 16:42:36,654] {logging_mixin.py:104} INFO - [2021-03-17 16:42:36,653] {dagbag.py:448} INFO - Filling up the DagBag from /Users/prathyusha/Desktop/pranathi/airflow_cnn_pipeline_final/airflow_test_env/lib/python3.7/site-packages/airflow/example_dags/example_dag_decorator.py
[2021-03-17 16:42:36,675] {scheduler_job.py:639} INFO - DAG(s) dict_keys(['example_dag_decorator']) retrieved from /Users/prathyusha/Desktop/pranathi/airflow_cnn_pipeline_final/airflow_test_env/lib/python3.7/site-packages/airflow/example_dags/example_dag_decorator.py
[2021-03-17 16:42:36,693] {logging_mixin.py:104} INFO - [2021-03-17 16:42:36,692] {dag.py:1818} INFO - Sync 1 DAGs
[2021-03-17 16:42:36,705] {logging_mixin.py:104} INFO - [2021-03-17 16:42:36,704] {dag.py:2273} INFO - Setting next_dagrun for example_dag_decorator to None
[2021-03-17 16:42:36,721] {scheduler_job.py:190} INFO - Processing /Users/prathyusha/Desktop/pranathi/airflow_cnn_pipeline_final/airflow_test_env/lib/python3.7/site-packages/airflow/example_dags/example_dag_decorator.py took 0.077 seconds
[2021-03-17 16:43:07,155] {scheduler_job.py:182} INFO - Started process (PID=28986) to work on /Users/prathyusha/Desktop/pranathi/airflow_cnn_pipeline_final/airflow_test_env/lib/python3.7/site-packages/airflow/example_dags/example_dag_decorator.py
[2021-03-17 16:43:07,160] {scheduler_job.py:629} INFO - Processing file /Users/prathyusha/Desktop/pranathi/airflow_cnn_pipeline_final/airflow_test_env/lib/python3.7/site-packages/airflow/example_dags/example_dag_decorator.py for tasks to queue
[2021-03-17 16:43:07,162] {logging_mixin.py:104} INFO - [2021-03-17 16:43:07,161] {dagbag.py:448} INFO - Filling up the DagBag from /Users/prathyusha/Desktop/pranathi/airflow_cnn_pipeline_final/airflow_test_env/lib/python3.7/site-packages/airflow/example_dags/example_dag_decorator.py
[2021-03-17 16:43:07,180] {scheduler_job.py:639} INFO - DAG(s) dict_keys(['example_dag_decorator']) retrieved from /Users/prathyusha/Desktop/pranathi/airflow_cnn_pipeline_final/airflow_test_env/lib/python3.7/site-packages/airflow/example_dags/example_dag_decorator.py
[2021-03-17 16:43:07,198] {logging_mixin.py:104} INFO - [2021-03-17 16:43:07,197] {dag.py:1818} INFO - Sync 1 DAGs
[2021-03-17 16:43:07,208] {logging_mixin.py:104} INFO - [2021-03-17 16:43:07,208] {dag.py:2273} INFO - Setting next_dagrun for example_dag_decorator to None
[2021-03-17 16:43:07,225] {scheduler_job.py:190} INFO - Processing /Users/prathyusha/Desktop/pranathi/airflow_cnn_pipeline_final/airflow_test_env/lib/python3.7/site-packages/airflow/example_dags/example_dag_decorator.py took 0.075 seconds
[2021-03-17 16:43:37,862] {scheduler_job.py:182} INFO - Started process (PID=29020) to work on /Users/prathyusha/Desktop/pranathi/airflow_cnn_pipeline_final/airflow_test_env/lib/python3.7/site-packages/airflow/example_dags/example_dag_decorator.py
[2021-03-17 16:43:37,864] {scheduler_job.py:629} INFO - Processing file /Users/prathyusha/Desktop/pranathi/airflow_cnn_pipeline_final/airflow_test_env/lib/python3.7/site-packages/airflow/example_dags/example_dag_decorator.py for tasks to queue
[2021-03-17 16:43:37,865] {logging_mixin.py:104} INFO - [2021-03-17 16:43:37,865] {dagbag.py:448} INFO - Filling up the DagBag from /Users/prathyusha/Desktop/pranathi/airflow_cnn_pipeline_final/airflow_test_env/lib/python3.7/site-packages/airflow/example_dags/example_dag_decorator.py
[2021-03-17 16:43:37,886] {scheduler_job.py:639} INFO - DAG(s) dict_keys(['example_dag_decorator']) retrieved from /Users/prathyusha/Desktop/pranathi/airflow_cnn_pipeline_final/airflow_test_env/lib/python3.7/site-packages/airflow/example_dags/example_dag_decorator.py
[2021-03-17 16:43:37,904] {logging_mixin.py:104} INFO - [2021-03-17 16:43:37,904] {dag.py:1818} INFO - Sync 1 DAGs
[2021-03-17 16:43:37,916] {logging_mixin.py:104} INFO - [2021-03-17 16:43:37,916] {dag.py:2273} INFO - Setting next_dagrun for example_dag_decorator to None
[2021-03-17 16:43:37,927] {scheduler_job.py:190} INFO - Processing /Users/prathyusha/Desktop/pranathi/airflow_cnn_pipeline_final/airflow_test_env/lib/python3.7/site-packages/airflow/example_dags/example_dag_decorator.py took 0.073 seconds
[2021-03-17 16:44:08,265] {scheduler_job.py:182} INFO - Started process (PID=29053) to work on /Users/prathyusha/Desktop/pranathi/airflow_cnn_pipeline_final/airflow_test_env/lib/python3.7/site-packages/airflow/example_dags/example_dag_decorator.py
[2021-03-17 16:44:08,267] {scheduler_job.py:629} INFO - Processing file /Users/prathyusha/Desktop/pranathi/airflow_cnn_pipeline_final/airflow_test_env/lib/python3.7/site-packages/airflow/example_dags/example_dag_decorator.py for tasks to queue
[2021-03-17 16:44:08,268] {logging_mixin.py:104} INFO - [2021-03-17 16:44:08,267] {dagbag.py:448} INFO - Filling up the DagBag from /Users/prathyusha/Desktop/pranathi/airflow_cnn_pipeline_final/airflow_test_env/lib/python3.7/site-packages/airflow/example_dags/example_dag_decorator.py
[2021-03-17 16:44:08,288] {scheduler_job.py:639} INFO - DAG(s) dict_keys(['example_dag_decorator']) retrieved from /Users/prathyusha/Desktop/pranathi/airflow_cnn_pipeline_final/airflow_test_env/lib/python3.7/site-packages/airflow/example_dags/example_dag_decorator.py
[2021-03-17 16:44:08,309] {logging_mixin.py:104} INFO - [2021-03-17 16:44:08,309] {dag.py:1818} INFO - Sync 1 DAGs
[2021-03-17 16:44:08,334] {logging_mixin.py:104} INFO - [2021-03-17 16:44:08,334] {dag.py:2273} INFO - Setting next_dagrun for example_dag_decorator to None
[2021-03-17 16:44:08,351] {scheduler_job.py:190} INFO - Processing /Users/prathyusha/Desktop/pranathi/airflow_cnn_pipeline_final/airflow_test_env/lib/python3.7/site-packages/airflow/example_dags/example_dag_decorator.py took 0.092 seconds
[2021-03-17 16:44:40,838] {scheduler_job.py:182} INFO - Started process (PID=29085) to work on /Users/prathyusha/Desktop/pranathi/airflow_cnn_pipeline_final/airflow_test_env/lib/python3.7/site-packages/airflow/example_dags/example_dag_decorator.py
[2021-03-17 16:44:40,840] {scheduler_job.py:629} INFO - Processing file /Users/prathyusha/Desktop/pranathi/airflow_cnn_pipeline_final/airflow_test_env/lib/python3.7/site-packages/airflow/example_dags/example_dag_decorator.py for tasks to queue
[2021-03-17 16:44:40,842] {logging_mixin.py:104} INFO - [2021-03-17 16:44:40,841] {dagbag.py:448} INFO - Filling up the DagBag from /Users/prathyusha/Desktop/pranathi/airflow_cnn_pipeline_final/airflow_test_env/lib/python3.7/site-packages/airflow/example_dags/example_dag_decorator.py
[2021-03-17 16:44:40,866] {scheduler_job.py:639} INFO - DAG(s) dict_keys(['example_dag_decorator']) retrieved from /Users/prathyusha/Desktop/pranathi/airflow_cnn_pipeline_final/airflow_test_env/lib/python3.7/site-packages/airflow/example_dags/example_dag_decorator.py
[2021-03-17 16:44:40,885] {logging_mixin.py:104} INFO - [2021-03-17 16:44:40,885] {dag.py:1818} INFO - Sync 1 DAGs
[2021-03-17 16:44:40,898] {logging_mixin.py:104} INFO - [2021-03-17 16:44:40,897] {dag.py:2273} INFO - Setting next_dagrun for example_dag_decorator to None
[2021-03-17 16:44:40,911] {scheduler_job.py:190} INFO - Processing /Users/prathyusha/Desktop/pranathi/airflow_cnn_pipeline_final/airflow_test_env/lib/python3.7/site-packages/airflow/example_dags/example_dag_decorator.py took 0.078 seconds
[2021-03-17 16:45:11,700] {scheduler_job.py:182} INFO - Started process (PID=29127) to work on /Users/prathyusha/Desktop/pranathi/airflow_cnn_pipeline_final/airflow_test_env/lib/python3.7/site-packages/airflow/example_dags/example_dag_decorator.py
[2021-03-17 16:45:11,702] {scheduler_job.py:629} INFO - Processing file /Users/prathyusha/Desktop/pranathi/airflow_cnn_pipeline_final/airflow_test_env/lib/python3.7/site-packages/airflow/example_dags/example_dag_decorator.py for tasks to queue
[2021-03-17 16:45:11,704] {logging_mixin.py:104} INFO - [2021-03-17 16:45:11,703] {dagbag.py:448} INFO - Filling up the DagBag from /Users/prathyusha/Desktop/pranathi/airflow_cnn_pipeline_final/airflow_test_env/lib/python3.7/site-packages/airflow/example_dags/example_dag_decorator.py
[2021-03-17 16:45:11,721] {scheduler_job.py:639} INFO - DAG(s) dict_keys(['example_dag_decorator']) retrieved from /Users/prathyusha/Desktop/pranathi/airflow_cnn_pipeline_final/airflow_test_env/lib/python3.7/site-packages/airflow/example_dags/example_dag_decorator.py
[2021-03-17 16:45:11,740] {logging_mixin.py:104} INFO - [2021-03-17 16:45:11,740] {dag.py:1818} INFO - Sync 1 DAGs
[2021-03-17 16:45:11,762] {logging_mixin.py:104} INFO - [2021-03-17 16:45:11,761] {dag.py:2273} INFO - Setting next_dagrun for example_dag_decorator to None
[2021-03-17 16:45:11,776] {scheduler_job.py:190} INFO - Processing /Users/prathyusha/Desktop/pranathi/airflow_cnn_pipeline_final/airflow_test_env/lib/python3.7/site-packages/airflow/example_dags/example_dag_decorator.py took 0.081 seconds
[2021-03-17 16:45:42,261] {scheduler_job.py:182} INFO - Started process (PID=29162) to work on /Users/prathyusha/Desktop/pranathi/airflow_cnn_pipeline_final/airflow_test_env/lib/python3.7/site-packages/airflow/example_dags/example_dag_decorator.py
[2021-03-17 16:45:42,265] {scheduler_job.py:629} INFO - Processing file /Users/prathyusha/Desktop/pranathi/airflow_cnn_pipeline_final/airflow_test_env/lib/python3.7/site-packages/airflow/example_dags/example_dag_decorator.py for tasks to queue
[2021-03-17 16:45:42,266] {logging_mixin.py:104} INFO - [2021-03-17 16:45:42,266] {dagbag.py:448} INFO - Filling up the DagBag from /Users/prathyusha/Desktop/pranathi/airflow_cnn_pipeline_final/airflow_test_env/lib/python3.7/site-packages/airflow/example_dags/example_dag_decorator.py
[2021-03-17 16:45:42,285] {scheduler_job.py:639} INFO - DAG(s) dict_keys(['example_dag_decorator']) retrieved from /Users/prathyusha/Desktop/pranathi/airflow_cnn_pipeline_final/airflow_test_env/lib/python3.7/site-packages/airflow/example_dags/example_dag_decorator.py
[2021-03-17 16:45:42,302] {logging_mixin.py:104} INFO - [2021-03-17 16:45:42,302] {dag.py:1818} INFO - Sync 1 DAGs
[2021-03-17 16:45:42,314] {logging_mixin.py:104} INFO - [2021-03-17 16:45:42,314] {dag.py:2273} INFO - Setting next_dagrun for example_dag_decorator to None
[2021-03-17 16:45:42,325] {scheduler_job.py:190} INFO - Processing /Users/prathyusha/Desktop/pranathi/airflow_cnn_pipeline_final/airflow_test_env/lib/python3.7/site-packages/airflow/example_dags/example_dag_decorator.py took 0.069 seconds
[2021-03-17 16:46:13,095] {scheduler_job.py:182} INFO - Started process (PID=29212) to work on /Users/prathyusha/Desktop/pranathi/airflow_cnn_pipeline_final/airflow_test_env/lib/python3.7/site-packages/airflow/example_dags/example_dag_decorator.py
[2021-03-17 16:46:13,100] {scheduler_job.py:629} INFO - Processing file /Users/prathyusha/Desktop/pranathi/airflow_cnn_pipeline_final/airflow_test_env/lib/python3.7/site-packages/airflow/example_dags/example_dag_decorator.py for tasks to queue
[2021-03-17 16:46:13,102] {logging_mixin.py:104} INFO - [2021-03-17 16:46:13,101] {dagbag.py:448} INFO - Filling up the DagBag from /Users/prathyusha/Desktop/pranathi/airflow_cnn_pipeline_final/airflow_test_env/lib/python3.7/site-packages/airflow/example_dags/example_dag_decorator.py
[2021-03-17 16:46:13,128] {scheduler_job.py:639} INFO - DAG(s) dict_keys(['example_dag_decorator']) retrieved from /Users/prathyusha/Desktop/pranathi/airflow_cnn_pipeline_final/airflow_test_env/lib/python3.7/site-packages/airflow/example_dags/example_dag_decorator.py
[2021-03-17 16:46:13,149] {logging_mixin.py:104} INFO - [2021-03-17 16:46:13,148] {dag.py:1818} INFO - Sync 1 DAGs
[2021-03-17 16:46:13,161] {logging_mixin.py:104} INFO - [2021-03-17 16:46:13,160] {dag.py:2273} INFO - Setting next_dagrun for example_dag_decorator to None
[2021-03-17 16:46:13,171] {scheduler_job.py:190} INFO - Processing /Users/prathyusha/Desktop/pranathi/airflow_cnn_pipeline_final/airflow_test_env/lib/python3.7/site-packages/airflow/example_dags/example_dag_decorator.py took 0.080 seconds
[2021-03-17 16:46:44,532] {scheduler_job.py:182} INFO - Started process (PID=29310) to work on /Users/prathyusha/Desktop/pranathi/airflow_cnn_pipeline_final/airflow_test_env/lib/python3.7/site-packages/airflow/example_dags/example_dag_decorator.py
[2021-03-17 16:46:44,535] {scheduler_job.py:629} INFO - Processing file /Users/prathyusha/Desktop/pranathi/airflow_cnn_pipeline_final/airflow_test_env/lib/python3.7/site-packages/airflow/example_dags/example_dag_decorator.py for tasks to queue
[2021-03-17 16:46:44,537] {logging_mixin.py:104} INFO - [2021-03-17 16:46:44,536] {dagbag.py:448} INFO - Filling up the DagBag from /Users/prathyusha/Desktop/pranathi/airflow_cnn_pipeline_final/airflow_test_env/lib/python3.7/site-packages/airflow/example_dags/example_dag_decorator.py
[2021-03-17 16:46:44,558] {scheduler_job.py:639} INFO - DAG(s) dict_keys(['example_dag_decorator']) retrieved from /Users/prathyusha/Desktop/pranathi/airflow_cnn_pipeline_final/airflow_test_env/lib/python3.7/site-packages/airflow/example_dags/example_dag_decorator.py
[2021-03-17 16:46:44,577] {logging_mixin.py:104} INFO - [2021-03-17 16:46:44,576] {dag.py:1818} INFO - Sync 1 DAGs
[2021-03-17 16:46:44,589] {logging_mixin.py:104} INFO - [2021-03-17 16:46:44,588] {dag.py:2273} INFO - Setting next_dagrun for example_dag_decorator to None
[2021-03-17 16:46:44,601] {scheduler_job.py:190} INFO - Processing /Users/prathyusha/Desktop/pranathi/airflow_cnn_pipeline_final/airflow_test_env/lib/python3.7/site-packages/airflow/example_dags/example_dag_decorator.py took 0.073 seconds
[2021-03-17 16:47:15,716] {scheduler_job.py:182} INFO - Started process (PID=29345) to work on /Users/prathyusha/Desktop/pranathi/airflow_cnn_pipeline_final/airflow_test_env/lib/python3.7/site-packages/airflow/example_dags/example_dag_decorator.py
[2021-03-17 16:47:15,720] {scheduler_job.py:629} INFO - Processing file /Users/prathyusha/Desktop/pranathi/airflow_cnn_pipeline_final/airflow_test_env/lib/python3.7/site-packages/airflow/example_dags/example_dag_decorator.py for tasks to queue
[2021-03-17 16:47:15,722] {logging_mixin.py:104} INFO - [2021-03-17 16:47:15,721] {dagbag.py:448} INFO - Filling up the DagBag from /Users/prathyusha/Desktop/pranathi/airflow_cnn_pipeline_final/airflow_test_env/lib/python3.7/site-packages/airflow/example_dags/example_dag_decorator.py
[2021-03-17 16:47:15,747] {scheduler_job.py:639} INFO - DAG(s) dict_keys(['example_dag_decorator']) retrieved from /Users/prathyusha/Desktop/pranathi/airflow_cnn_pipeline_final/airflow_test_env/lib/python3.7/site-packages/airflow/example_dags/example_dag_decorator.py
[2021-03-17 16:47:15,775] {logging_mixin.py:104} INFO - [2021-03-17 16:47:15,774] {dag.py:1818} INFO - Sync 1 DAGs
[2021-03-17 16:47:15,789] {logging_mixin.py:104} INFO - [2021-03-17 16:47:15,788] {dag.py:2273} INFO - Setting next_dagrun for example_dag_decorator to None
[2021-03-17 16:47:15,804] {scheduler_job.py:190} INFO - Processing /Users/prathyusha/Desktop/pranathi/airflow_cnn_pipeline_final/airflow_test_env/lib/python3.7/site-packages/airflow/example_dags/example_dag_decorator.py took 0.092 seconds
[2021-03-17 16:47:46,462] {scheduler_job.py:182} INFO - Started process (PID=29377) to work on /Users/prathyusha/Desktop/pranathi/airflow_cnn_pipeline_final/airflow_test_env/lib/python3.7/site-packages/airflow/example_dags/example_dag_decorator.py
[2021-03-17 16:47:46,466] {scheduler_job.py:629} INFO - Processing file /Users/prathyusha/Desktop/pranathi/airflow_cnn_pipeline_final/airflow_test_env/lib/python3.7/site-packages/airflow/example_dags/example_dag_decorator.py for tasks to queue
[2021-03-17 16:47:46,468] {logging_mixin.py:104} INFO - [2021-03-17 16:47:46,467] {dagbag.py:448} INFO - Filling up the DagBag from /Users/prathyusha/Desktop/pranathi/airflow_cnn_pipeline_final/airflow_test_env/lib/python3.7/site-packages/airflow/example_dags/example_dag_decorator.py
[2021-03-17 16:47:46,491] {scheduler_job.py:639} INFO - DAG(s) dict_keys(['example_dag_decorator']) retrieved from /Users/prathyusha/Desktop/pranathi/airflow_cnn_pipeline_final/airflow_test_env/lib/python3.7/site-packages/airflow/example_dags/example_dag_decorator.py
[2021-03-17 16:47:46,516] {logging_mixin.py:104} INFO - [2021-03-17 16:47:46,515] {dag.py:1818} INFO - Sync 1 DAGs
[2021-03-17 16:47:46,529] {logging_mixin.py:104} INFO - [2021-03-17 16:47:46,529] {dag.py:2273} INFO - Setting next_dagrun for example_dag_decorator to None
[2021-03-17 16:47:46,541] {scheduler_job.py:190} INFO - Processing /Users/prathyusha/Desktop/pranathi/airflow_cnn_pipeline_final/airflow_test_env/lib/python3.7/site-packages/airflow/example_dags/example_dag_decorator.py took 0.083 seconds
[2021-03-17 16:48:18,149] {scheduler_job.py:182} INFO - Started process (PID=29407) to work on /Users/prathyusha/Desktop/pranathi/airflow_cnn_pipeline_final/airflow_test_env/lib/python3.7/site-packages/airflow/example_dags/example_dag_decorator.py
[2021-03-17 16:48:18,153] {scheduler_job.py:629} INFO - Processing file /Users/prathyusha/Desktop/pranathi/airflow_cnn_pipeline_final/airflow_test_env/lib/python3.7/site-packages/airflow/example_dags/example_dag_decorator.py for tasks to queue
[2021-03-17 16:48:18,155] {logging_mixin.py:104} INFO - [2021-03-17 16:48:18,155] {dagbag.py:448} INFO - Filling up the DagBag from /Users/prathyusha/Desktop/pranathi/airflow_cnn_pipeline_final/airflow_test_env/lib/python3.7/site-packages/airflow/example_dags/example_dag_decorator.py
[2021-03-17 16:48:18,175] {scheduler_job.py:639} INFO - DAG(s) dict_keys(['example_dag_decorator']) retrieved from /Users/prathyusha/Desktop/pranathi/airflow_cnn_pipeline_final/airflow_test_env/lib/python3.7/site-packages/airflow/example_dags/example_dag_decorator.py
[2021-03-17 16:48:18,194] {logging_mixin.py:104} INFO - [2021-03-17 16:48:18,193] {dag.py:1818} INFO - Sync 1 DAGs
[2021-03-17 16:48:18,205] {logging_mixin.py:104} INFO - [2021-03-17 16:48:18,205] {dag.py:2273} INFO - Setting next_dagrun for example_dag_decorator to None
[2021-03-17 16:48:18,216] {scheduler_job.py:190} INFO - Processing /Users/prathyusha/Desktop/pranathi/airflow_cnn_pipeline_final/airflow_test_env/lib/python3.7/site-packages/airflow/example_dags/example_dag_decorator.py took 0.072 seconds
[2021-03-17 16:48:49,014] {scheduler_job.py:182} INFO - Started process (PID=29439) to work on /Users/prathyusha/Desktop/pranathi/airflow_cnn_pipeline_final/airflow_test_env/lib/python3.7/site-packages/airflow/example_dags/example_dag_decorator.py
[2021-03-17 16:48:49,016] {scheduler_job.py:629} INFO - Processing file /Users/prathyusha/Desktop/pranathi/airflow_cnn_pipeline_final/airflow_test_env/lib/python3.7/site-packages/airflow/example_dags/example_dag_decorator.py for tasks to queue
[2021-03-17 16:48:49,018] {logging_mixin.py:104} INFO - [2021-03-17 16:48:49,017] {dagbag.py:448} INFO - Filling up the DagBag from /Users/prathyusha/Desktop/pranathi/airflow_cnn_pipeline_final/airflow_test_env/lib/python3.7/site-packages/airflow/example_dags/example_dag_decorator.py
[2021-03-17 16:48:49,038] {scheduler_job.py:639} INFO - DAG(s) dict_keys(['example_dag_decorator']) retrieved from /Users/prathyusha/Desktop/pranathi/airflow_cnn_pipeline_final/airflow_test_env/lib/python3.7/site-packages/airflow/example_dags/example_dag_decorator.py
[2021-03-17 16:48:49,056] {logging_mixin.py:104} INFO - [2021-03-17 16:48:49,056] {dag.py:1818} INFO - Sync 1 DAGs
[2021-03-17 16:48:49,068] {logging_mixin.py:104} INFO - [2021-03-17 16:48:49,068] {dag.py:2273} INFO - Setting next_dagrun for example_dag_decorator to None
[2021-03-17 16:48:49,078] {scheduler_job.py:190} INFO - Processing /Users/prathyusha/Desktop/pranathi/airflow_cnn_pipeline_final/airflow_test_env/lib/python3.7/site-packages/airflow/example_dags/example_dag_decorator.py took 0.071 seconds
[2021-03-17 16:49:19,935] {scheduler_job.py:182} INFO - Started process (PID=29472) to work on /Users/prathyusha/Desktop/pranathi/airflow_cnn_pipeline_final/airflow_test_env/lib/python3.7/site-packages/airflow/example_dags/example_dag_decorator.py
[2021-03-17 16:49:19,937] {scheduler_job.py:629} INFO - Processing file /Users/prathyusha/Desktop/pranathi/airflow_cnn_pipeline_final/airflow_test_env/lib/python3.7/site-packages/airflow/example_dags/example_dag_decorator.py for tasks to queue
[2021-03-17 16:49:19,939] {logging_mixin.py:104} INFO - [2021-03-17 16:49:19,938] {dagbag.py:448} INFO - Filling up the DagBag from /Users/prathyusha/Desktop/pranathi/airflow_cnn_pipeline_final/airflow_test_env/lib/python3.7/site-packages/airflow/example_dags/example_dag_decorator.py
[2021-03-17 16:49:19,960] {scheduler_job.py:639} INFO - DAG(s) dict_keys(['example_dag_decorator']) retrieved from /Users/prathyusha/Desktop/pranathi/airflow_cnn_pipeline_final/airflow_test_env/lib/python3.7/site-packages/airflow/example_dags/example_dag_decorator.py
[2021-03-17 16:49:19,978] {logging_mixin.py:104} INFO - [2021-03-17 16:49:19,978] {dag.py:1818} INFO - Sync 1 DAGs
[2021-03-17 16:49:19,990] {logging_mixin.py:104} INFO - [2021-03-17 16:49:19,990] {dag.py:2273} INFO - Setting next_dagrun for example_dag_decorator to None
[2021-03-17 16:49:20,001] {scheduler_job.py:190} INFO - Processing /Users/prathyusha/Desktop/pranathi/airflow_cnn_pipeline_final/airflow_test_env/lib/python3.7/site-packages/airflow/example_dags/example_dag_decorator.py took 0.070 seconds
[2021-03-17 16:49:50,866] {scheduler_job.py:182} INFO - Started process (PID=29503) to work on /Users/prathyusha/Desktop/pranathi/airflow_cnn_pipeline_final/airflow_test_env/lib/python3.7/site-packages/airflow/example_dags/example_dag_decorator.py
[2021-03-17 16:49:50,869] {scheduler_job.py:629} INFO - Processing file /Users/prathyusha/Desktop/pranathi/airflow_cnn_pipeline_final/airflow_test_env/lib/python3.7/site-packages/airflow/example_dags/example_dag_decorator.py for tasks to queue
[2021-03-17 16:49:50,871] {logging_mixin.py:104} INFO - [2021-03-17 16:49:50,870] {dagbag.py:448} INFO - Filling up the DagBag from /Users/prathyusha/Desktop/pranathi/airflow_cnn_pipeline_final/airflow_test_env/lib/python3.7/site-packages/airflow/example_dags/example_dag_decorator.py
[2021-03-17 16:49:50,893] {scheduler_job.py:639} INFO - DAG(s) dict_keys(['example_dag_decorator']) retrieved from /Users/prathyusha/Desktop/pranathi/airflow_cnn_pipeline_final/airflow_test_env/lib/python3.7/site-packages/airflow/example_dags/example_dag_decorator.py
[2021-03-17 16:49:50,910] {logging_mixin.py:104} INFO - [2021-03-17 16:49:50,910] {dag.py:1818} INFO - Sync 1 DAGs
[2021-03-17 16:49:50,920] {logging_mixin.py:104} INFO - [2021-03-17 16:49:50,920] {dag.py:2273} INFO - Setting next_dagrun for example_dag_decorator to None
[2021-03-17 16:49:50,931] {scheduler_job.py:190} INFO - Processing /Users/prathyusha/Desktop/pranathi/airflow_cnn_pipeline_final/airflow_test_env/lib/python3.7/site-packages/airflow/example_dags/example_dag_decorator.py took 0.071 seconds
[2021-03-17 16:50:21,891] {scheduler_job.py:182} INFO - Started process (PID=29533) to work on /Users/prathyusha/Desktop/pranathi/airflow_cnn_pipeline_final/airflow_test_env/lib/python3.7/site-packages/airflow/example_dags/example_dag_decorator.py
[2021-03-17 16:50:21,894] {scheduler_job.py:629} INFO - Processing file /Users/prathyusha/Desktop/pranathi/airflow_cnn_pipeline_final/airflow_test_env/lib/python3.7/site-packages/airflow/example_dags/example_dag_decorator.py for tasks to queue
[2021-03-17 16:50:21,896] {logging_mixin.py:104} INFO - [2021-03-17 16:50:21,895] {dagbag.py:448} INFO - Filling up the DagBag from /Users/prathyusha/Desktop/pranathi/airflow_cnn_pipeline_final/airflow_test_env/lib/python3.7/site-packages/airflow/example_dags/example_dag_decorator.py
[2021-03-17 16:50:21,919] {scheduler_job.py:639} INFO - DAG(s) dict_keys(['example_dag_decorator']) retrieved from /Users/prathyusha/Desktop/pranathi/airflow_cnn_pipeline_final/airflow_test_env/lib/python3.7/site-packages/airflow/example_dags/example_dag_decorator.py
[2021-03-17 16:50:21,937] {logging_mixin.py:104} INFO - [2021-03-17 16:50:21,936] {dag.py:1818} INFO - Sync 1 DAGs
[2021-03-17 16:50:21,949] {logging_mixin.py:104} INFO - [2021-03-17 16:50:21,949] {dag.py:2273} INFO - Setting next_dagrun for example_dag_decorator to None
[2021-03-17 16:50:21,961] {scheduler_job.py:190} INFO - Processing /Users/prathyusha/Desktop/pranathi/airflow_cnn_pipeline_final/airflow_test_env/lib/python3.7/site-packages/airflow/example_dags/example_dag_decorator.py took 0.076 seconds
[2021-03-17 16:50:52,836] {scheduler_job.py:182} INFO - Started process (PID=29566) to work on /Users/prathyusha/Desktop/pranathi/airflow_cnn_pipeline_final/airflow_test_env/lib/python3.7/site-packages/airflow/example_dags/example_dag_decorator.py
[2021-03-17 16:50:52,839] {scheduler_job.py:629} INFO - Processing file /Users/prathyusha/Desktop/pranathi/airflow_cnn_pipeline_final/airflow_test_env/lib/python3.7/site-packages/airflow/example_dags/example_dag_decorator.py for tasks to queue
[2021-03-17 16:50:52,841] {logging_mixin.py:104} INFO - [2021-03-17 16:50:52,840] {dagbag.py:448} INFO - Filling up the DagBag from /Users/prathyusha/Desktop/pranathi/airflow_cnn_pipeline_final/airflow_test_env/lib/python3.7/site-packages/airflow/example_dags/example_dag_decorator.py
[2021-03-17 16:50:52,867] {scheduler_job.py:639} INFO - DAG(s) dict_keys(['example_dag_decorator']) retrieved from /Users/prathyusha/Desktop/pranathi/airflow_cnn_pipeline_final/airflow_test_env/lib/python3.7/site-packages/airflow/example_dags/example_dag_decorator.py
[2021-03-17 16:50:52,889] {logging_mixin.py:104} INFO - [2021-03-17 16:50:52,889] {dag.py:1818} INFO - Sync 1 DAGs
[2021-03-17 16:50:52,901] {logging_mixin.py:104} INFO - [2021-03-17 16:50:52,901] {dag.py:2273} INFO - Setting next_dagrun for example_dag_decorator to None
[2021-03-17 16:50:52,915] {scheduler_job.py:190} INFO - Processing /Users/prathyusha/Desktop/pranathi/airflow_cnn_pipeline_final/airflow_test_env/lib/python3.7/site-packages/airflow/example_dags/example_dag_decorator.py took 0.083 seconds
[2021-03-17 16:51:23,898] {scheduler_job.py:182} INFO - Started process (PID=29595) to work on /Users/prathyusha/Desktop/pranathi/airflow_cnn_pipeline_final/airflow_test_env/lib/python3.7/site-packages/airflow/example_dags/example_dag_decorator.py
[2021-03-17 16:51:23,903] {scheduler_job.py:629} INFO - Processing file /Users/prathyusha/Desktop/pranathi/airflow_cnn_pipeline_final/airflow_test_env/lib/python3.7/site-packages/airflow/example_dags/example_dag_decorator.py for tasks to queue
[2021-03-17 16:51:23,906] {logging_mixin.py:104} INFO - [2021-03-17 16:51:23,905] {dagbag.py:448} INFO - Filling up the DagBag from /Users/prathyusha/Desktop/pranathi/airflow_cnn_pipeline_final/airflow_test_env/lib/python3.7/site-packages/airflow/example_dags/example_dag_decorator.py
[2021-03-17 16:51:23,927] {scheduler_job.py:639} INFO - DAG(s) dict_keys(['example_dag_decorator']) retrieved from /Users/prathyusha/Desktop/pranathi/airflow_cnn_pipeline_final/airflow_test_env/lib/python3.7/site-packages/airflow/example_dags/example_dag_decorator.py
[2021-03-17 16:51:23,943] {logging_mixin.py:104} INFO - [2021-03-17 16:51:23,943] {dag.py:1818} INFO - Sync 1 DAGs
[2021-03-17 16:51:23,956] {logging_mixin.py:104} INFO - [2021-03-17 16:51:23,955] {dag.py:2273} INFO - Setting next_dagrun for example_dag_decorator to None
[2021-03-17 16:51:23,974] {scheduler_job.py:190} INFO - Processing /Users/prathyusha/Desktop/pranathi/airflow_cnn_pipeline_final/airflow_test_env/lib/python3.7/site-packages/airflow/example_dags/example_dag_decorator.py took 0.080 seconds
[2021-03-17 16:51:54,839] {scheduler_job.py:182} INFO - Started process (PID=29628) to work on /Users/prathyusha/Desktop/pranathi/airflow_cnn_pipeline_final/airflow_test_env/lib/python3.7/site-packages/airflow/example_dags/example_dag_decorator.py
[2021-03-17 16:51:54,842] {scheduler_job.py:629} INFO - Processing file /Users/prathyusha/Desktop/pranathi/airflow_cnn_pipeline_final/airflow_test_env/lib/python3.7/site-packages/airflow/example_dags/example_dag_decorator.py for tasks to queue
[2021-03-17 16:51:54,844] {logging_mixin.py:104} INFO - [2021-03-17 16:51:54,843] {dagbag.py:448} INFO - Filling up the DagBag from /Users/prathyusha/Desktop/pranathi/airflow_cnn_pipeline_final/airflow_test_env/lib/python3.7/site-packages/airflow/example_dags/example_dag_decorator.py
[2021-03-17 16:51:54,863] {scheduler_job.py:639} INFO - DAG(s) dict_keys(['example_dag_decorator']) retrieved from /Users/prathyusha/Desktop/pranathi/airflow_cnn_pipeline_final/airflow_test_env/lib/python3.7/site-packages/airflow/example_dags/example_dag_decorator.py
[2021-03-17 16:51:54,883] {logging_mixin.py:104} INFO - [2021-03-17 16:51:54,882] {dag.py:1818} INFO - Sync 1 DAGs
[2021-03-17 16:51:54,903] {logging_mixin.py:104} INFO - [2021-03-17 16:51:54,902] {dag.py:2273} INFO - Setting next_dagrun for example_dag_decorator to None
[2021-03-17 16:51:54,917] {scheduler_job.py:190} INFO - Processing /Users/prathyusha/Desktop/pranathi/airflow_cnn_pipeline_final/airflow_test_env/lib/python3.7/site-packages/airflow/example_dags/example_dag_decorator.py took 0.082 seconds
[2021-03-17 16:52:25,914] {scheduler_job.py:182} INFO - Started process (PID=29752) to work on /Users/prathyusha/Desktop/pranathi/airflow_cnn_pipeline_final/airflow_test_env/lib/python3.7/site-packages/airflow/example_dags/example_dag_decorator.py
[2021-03-17 16:52:25,916] {scheduler_job.py:629} INFO - Processing file /Users/prathyusha/Desktop/pranathi/airflow_cnn_pipeline_final/airflow_test_env/lib/python3.7/site-packages/airflow/example_dags/example_dag_decorator.py for tasks to queue
[2021-03-17 16:52:25,917] {logging_mixin.py:104} INFO - [2021-03-17 16:52:25,917] {dagbag.py:448} INFO - Filling up the DagBag from /Users/prathyusha/Desktop/pranathi/airflow_cnn_pipeline_final/airflow_test_env/lib/python3.7/site-packages/airflow/example_dags/example_dag_decorator.py
[2021-03-17 16:52:25,936] {scheduler_job.py:639} INFO - DAG(s) dict_keys(['example_dag_decorator']) retrieved from /Users/prathyusha/Desktop/pranathi/airflow_cnn_pipeline_final/airflow_test_env/lib/python3.7/site-packages/airflow/example_dags/example_dag_decorator.py
[2021-03-17 16:52:25,954] {logging_mixin.py:104} INFO - [2021-03-17 16:52:25,953] {dag.py:1818} INFO - Sync 1 DAGs
[2021-03-17 16:52:25,968] {logging_mixin.py:104} INFO - [2021-03-17 16:52:25,967] {dag.py:2273} INFO - Setting next_dagrun for example_dag_decorator to None
[2021-03-17 16:52:25,985] {scheduler_job.py:190} INFO - Processing /Users/prathyusha/Desktop/pranathi/airflow_cnn_pipeline_final/airflow_test_env/lib/python3.7/site-packages/airflow/example_dags/example_dag_decorator.py took 0.077 seconds
[2021-03-17 16:52:56,881] {scheduler_job.py:182} INFO - Started process (PID=29807) to work on /Users/prathyusha/Desktop/pranathi/airflow_cnn_pipeline_final/airflow_test_env/lib/python3.7/site-packages/airflow/example_dags/example_dag_decorator.py
[2021-03-17 16:52:56,884] {scheduler_job.py:629} INFO - Processing file /Users/prathyusha/Desktop/pranathi/airflow_cnn_pipeline_final/airflow_test_env/lib/python3.7/site-packages/airflow/example_dags/example_dag_decorator.py for tasks to queue
[2021-03-17 16:52:56,886] {logging_mixin.py:104} INFO - [2021-03-17 16:52:56,885] {dagbag.py:448} INFO - Filling up the DagBag from /Users/prathyusha/Desktop/pranathi/airflow_cnn_pipeline_final/airflow_test_env/lib/python3.7/site-packages/airflow/example_dags/example_dag_decorator.py
[2021-03-17 16:52:56,913] {scheduler_job.py:639} INFO - DAG(s) dict_keys(['example_dag_decorator']) retrieved from /Users/prathyusha/Desktop/pranathi/airflow_cnn_pipeline_final/airflow_test_env/lib/python3.7/site-packages/airflow/example_dags/example_dag_decorator.py
[2021-03-17 16:52:56,939] {logging_mixin.py:104} INFO - [2021-03-17 16:52:56,938] {dag.py:1818} INFO - Sync 1 DAGs
[2021-03-17 16:52:56,954] {logging_mixin.py:104} INFO - [2021-03-17 16:52:56,954] {dag.py:2273} INFO - Setting next_dagrun for example_dag_decorator to None
[2021-03-17 16:52:56,970] {scheduler_job.py:190} INFO - Processing /Users/prathyusha/Desktop/pranathi/airflow_cnn_pipeline_final/airflow_test_env/lib/python3.7/site-packages/airflow/example_dags/example_dag_decorator.py took 0.094 seconds
[2021-03-17 16:53:27,326] {scheduler_job.py:182} INFO - Started process (PID=29879) to work on /Users/prathyusha/Desktop/pranathi/airflow_cnn_pipeline_final/airflow_test_env/lib/python3.7/site-packages/airflow/example_dags/example_dag_decorator.py
[2021-03-17 16:53:27,330] {scheduler_job.py:629} INFO - Processing file /Users/prathyusha/Desktop/pranathi/airflow_cnn_pipeline_final/airflow_test_env/lib/python3.7/site-packages/airflow/example_dags/example_dag_decorator.py for tasks to queue
[2021-03-17 16:53:27,332] {logging_mixin.py:104} INFO - [2021-03-17 16:53:27,331] {dagbag.py:448} INFO - Filling up the DagBag from /Users/prathyusha/Desktop/pranathi/airflow_cnn_pipeline_final/airflow_test_env/lib/python3.7/site-packages/airflow/example_dags/example_dag_decorator.py
[2021-03-17 16:53:27,351] {scheduler_job.py:639} INFO - DAG(s) dict_keys(['example_dag_decorator']) retrieved from /Users/prathyusha/Desktop/pranathi/airflow_cnn_pipeline_final/airflow_test_env/lib/python3.7/site-packages/airflow/example_dags/example_dag_decorator.py
[2021-03-17 16:53:27,373] {logging_mixin.py:104} INFO - [2021-03-17 16:53:27,373] {dag.py:1818} INFO - Sync 1 DAGs
[2021-03-17 16:53:27,390] {logging_mixin.py:104} INFO - [2021-03-17 16:53:27,389] {dag.py:2273} INFO - Setting next_dagrun for example_dag_decorator to None
[2021-03-17 16:53:27,404] {scheduler_job.py:190} INFO - Processing /Users/prathyusha/Desktop/pranathi/airflow_cnn_pipeline_final/airflow_test_env/lib/python3.7/site-packages/airflow/example_dags/example_dag_decorator.py took 0.083 seconds
[2021-03-17 16:53:58,224] {scheduler_job.py:182} INFO - Started process (PID=29920) to work on /Users/prathyusha/Desktop/pranathi/airflow_cnn_pipeline_final/airflow_test_env/lib/python3.7/site-packages/airflow/example_dags/example_dag_decorator.py
[2021-03-17 16:53:58,226] {scheduler_job.py:629} INFO - Processing file /Users/prathyusha/Desktop/pranathi/airflow_cnn_pipeline_final/airflow_test_env/lib/python3.7/site-packages/airflow/example_dags/example_dag_decorator.py for tasks to queue
[2021-03-17 16:53:58,228] {logging_mixin.py:104} INFO - [2021-03-17 16:53:58,227] {dagbag.py:448} INFO - Filling up the DagBag from /Users/prathyusha/Desktop/pranathi/airflow_cnn_pipeline_final/airflow_test_env/lib/python3.7/site-packages/airflow/example_dags/example_dag_decorator.py
[2021-03-17 16:53:58,247] {scheduler_job.py:639} INFO - DAG(s) dict_keys(['example_dag_decorator']) retrieved from /Users/prathyusha/Desktop/pranathi/airflow_cnn_pipeline_final/airflow_test_env/lib/python3.7/site-packages/airflow/example_dags/example_dag_decorator.py
[2021-03-17 16:53:58,270] {logging_mixin.py:104} INFO - [2021-03-17 16:53:58,270] {dag.py:1818} INFO - Sync 1 DAGs
[2021-03-17 16:53:58,282] {logging_mixin.py:104} INFO - [2021-03-17 16:53:58,282] {dag.py:2273} INFO - Setting next_dagrun for example_dag_decorator to None
[2021-03-17 16:53:58,295] {scheduler_job.py:190} INFO - Processing /Users/prathyusha/Desktop/pranathi/airflow_cnn_pipeline_final/airflow_test_env/lib/python3.7/site-packages/airflow/example_dags/example_dag_decorator.py took 0.077 seconds
[2021-03-17 16:54:30,910] {scheduler_job.py:182} INFO - Started process (PID=29964) to work on /Users/prathyusha/Desktop/pranathi/airflow_cnn_pipeline_final/airflow_test_env/lib/python3.7/site-packages/airflow/example_dags/example_dag_decorator.py
[2021-03-17 16:54:30,913] {scheduler_job.py:629} INFO - Processing file /Users/prathyusha/Desktop/pranathi/airflow_cnn_pipeline_final/airflow_test_env/lib/python3.7/site-packages/airflow/example_dags/example_dag_decorator.py for tasks to queue
[2021-03-17 16:54:30,915] {logging_mixin.py:104} INFO - [2021-03-17 16:54:30,914] {dagbag.py:448} INFO - Filling up the DagBag from /Users/prathyusha/Desktop/pranathi/airflow_cnn_pipeline_final/airflow_test_env/lib/python3.7/site-packages/airflow/example_dags/example_dag_decorator.py
[2021-03-17 16:54:30,943] {scheduler_job.py:639} INFO - DAG(s) dict_keys(['example_dag_decorator']) retrieved from /Users/prathyusha/Desktop/pranathi/airflow_cnn_pipeline_final/airflow_test_env/lib/python3.7/site-packages/airflow/example_dags/example_dag_decorator.py
[2021-03-17 16:54:30,974] {logging_mixin.py:104} INFO - [2021-03-17 16:54:30,974] {dag.py:1818} INFO - Sync 1 DAGs
[2021-03-17 16:54:30,994] {logging_mixin.py:104} INFO - [2021-03-17 16:54:30,993] {dag.py:2273} INFO - Setting next_dagrun for example_dag_decorator to None
[2021-03-17 16:54:31,012] {scheduler_job.py:190} INFO - Processing /Users/prathyusha/Desktop/pranathi/airflow_cnn_pipeline_final/airflow_test_env/lib/python3.7/site-packages/airflow/example_dags/example_dag_decorator.py took 0.108 seconds
[2021-03-17 16:55:01,783] {scheduler_job.py:182} INFO - Started process (PID=30013) to work on /Users/prathyusha/Desktop/pranathi/airflow_cnn_pipeline_final/airflow_test_env/lib/python3.7/site-packages/airflow/example_dags/example_dag_decorator.py
[2021-03-17 16:55:01,785] {scheduler_job.py:629} INFO - Processing file /Users/prathyusha/Desktop/pranathi/airflow_cnn_pipeline_final/airflow_test_env/lib/python3.7/site-packages/airflow/example_dags/example_dag_decorator.py for tasks to queue
[2021-03-17 16:55:01,787] {logging_mixin.py:104} INFO - [2021-03-17 16:55:01,786] {dagbag.py:448} INFO - Filling up the DagBag from /Users/prathyusha/Desktop/pranathi/airflow_cnn_pipeline_final/airflow_test_env/lib/python3.7/site-packages/airflow/example_dags/example_dag_decorator.py
[2021-03-17 16:55:01,806] {scheduler_job.py:639} INFO - DAG(s) dict_keys(['example_dag_decorator']) retrieved from /Users/prathyusha/Desktop/pranathi/airflow_cnn_pipeline_final/airflow_test_env/lib/python3.7/site-packages/airflow/example_dags/example_dag_decorator.py
[2021-03-17 16:55:01,829] {logging_mixin.py:104} INFO - [2021-03-17 16:55:01,828] {dag.py:1818} INFO - Sync 1 DAGs
[2021-03-17 16:55:01,840] {logging_mixin.py:104} INFO - [2021-03-17 16:55:01,840] {dag.py:2273} INFO - Setting next_dagrun for example_dag_decorator to None
[2021-03-17 16:55:01,851] {scheduler_job.py:190} INFO - Processing /Users/prathyusha/Desktop/pranathi/airflow_cnn_pipeline_final/airflow_test_env/lib/python3.7/site-packages/airflow/example_dags/example_dag_decorator.py took 0.071 seconds
[2021-03-17 16:55:32,476] {scheduler_job.py:182} INFO - Started process (PID=30053) to work on /Users/prathyusha/Desktop/pranathi/airflow_cnn_pipeline_final/airflow_test_env/lib/python3.7/site-packages/airflow/example_dags/example_dag_decorator.py
[2021-03-17 16:55:32,478] {scheduler_job.py:629} INFO - Processing file /Users/prathyusha/Desktop/pranathi/airflow_cnn_pipeline_final/airflow_test_env/lib/python3.7/site-packages/airflow/example_dags/example_dag_decorator.py for tasks to queue
[2021-03-17 16:55:32,480] {logging_mixin.py:104} INFO - [2021-03-17 16:55:32,479] {dagbag.py:448} INFO - Filling up the DagBag from /Users/prathyusha/Desktop/pranathi/airflow_cnn_pipeline_final/airflow_test_env/lib/python3.7/site-packages/airflow/example_dags/example_dag_decorator.py
[2021-03-17 16:55:32,501] {scheduler_job.py:639} INFO - DAG(s) dict_keys(['example_dag_decorator']) retrieved from /Users/prathyusha/Desktop/pranathi/airflow_cnn_pipeline_final/airflow_test_env/lib/python3.7/site-packages/airflow/example_dags/example_dag_decorator.py
[2021-03-17 16:55:32,522] {logging_mixin.py:104} INFO - [2021-03-17 16:55:32,522] {dag.py:1818} INFO - Sync 1 DAGs
[2021-03-17 16:55:32,536] {logging_mixin.py:104} INFO - [2021-03-17 16:55:32,536] {dag.py:2273} INFO - Setting next_dagrun for example_dag_decorator to None
[2021-03-17 16:55:32,547] {scheduler_job.py:190} INFO - Processing /Users/prathyusha/Desktop/pranathi/airflow_cnn_pipeline_final/airflow_test_env/lib/python3.7/site-packages/airflow/example_dags/example_dag_decorator.py took 0.078 seconds
[2021-03-17 16:56:03,361] {scheduler_job.py:182} INFO - Started process (PID=30098) to work on /Users/prathyusha/Desktop/pranathi/airflow_cnn_pipeline_final/airflow_test_env/lib/python3.7/site-packages/airflow/example_dags/example_dag_decorator.py
[2021-03-17 16:56:03,362] {scheduler_job.py:629} INFO - Processing file /Users/prathyusha/Desktop/pranathi/airflow_cnn_pipeline_final/airflow_test_env/lib/python3.7/site-packages/airflow/example_dags/example_dag_decorator.py for tasks to queue
[2021-03-17 16:56:03,364] {logging_mixin.py:104} INFO - [2021-03-17 16:56:03,363] {dagbag.py:448} INFO - Filling up the DagBag from /Users/prathyusha/Desktop/pranathi/airflow_cnn_pipeline_final/airflow_test_env/lib/python3.7/site-packages/airflow/example_dags/example_dag_decorator.py
[2021-03-17 16:56:03,386] {scheduler_job.py:639} INFO - DAG(s) dict_keys(['example_dag_decorator']) retrieved from /Users/prathyusha/Desktop/pranathi/airflow_cnn_pipeline_final/airflow_test_env/lib/python3.7/site-packages/airflow/example_dags/example_dag_decorator.py
[2021-03-17 16:56:03,414] {logging_mixin.py:104} INFO - [2021-03-17 16:56:03,414] {dag.py:1818} INFO - Sync 1 DAGs
[2021-03-17 16:56:03,431] {logging_mixin.py:104} INFO - [2021-03-17 16:56:03,430] {dag.py:2273} INFO - Setting next_dagrun for example_dag_decorator to None
[2021-03-17 16:56:03,443] {scheduler_job.py:190} INFO - Processing /Users/prathyusha/Desktop/pranathi/airflow_cnn_pipeline_final/airflow_test_env/lib/python3.7/site-packages/airflow/example_dags/example_dag_decorator.py took 0.087 seconds
[2021-03-17 16:56:34,358] {scheduler_job.py:182} INFO - Started process (PID=30131) to work on /Users/prathyusha/Desktop/pranathi/airflow_cnn_pipeline_final/airflow_test_env/lib/python3.7/site-packages/airflow/example_dags/example_dag_decorator.py
[2021-03-17 16:56:34,362] {scheduler_job.py:629} INFO - Processing file /Users/prathyusha/Desktop/pranathi/airflow_cnn_pipeline_final/airflow_test_env/lib/python3.7/site-packages/airflow/example_dags/example_dag_decorator.py for tasks to queue
[2021-03-17 16:56:34,364] {logging_mixin.py:104} INFO - [2021-03-17 16:56:34,363] {dagbag.py:448} INFO - Filling up the DagBag from /Users/prathyusha/Desktop/pranathi/airflow_cnn_pipeline_final/airflow_test_env/lib/python3.7/site-packages/airflow/example_dags/example_dag_decorator.py
[2021-03-17 16:56:34,402] {scheduler_job.py:639} INFO - DAG(s) dict_keys(['example_dag_decorator']) retrieved from /Users/prathyusha/Desktop/pranathi/airflow_cnn_pipeline_final/airflow_test_env/lib/python3.7/site-packages/airflow/example_dags/example_dag_decorator.py
[2021-03-17 16:56:34,435] {logging_mixin.py:104} INFO - [2021-03-17 16:56:34,433] {dag.py:1818} INFO - Sync 1 DAGs
[2021-03-17 16:56:34,457] {logging_mixin.py:104} INFO - [2021-03-17 16:56:34,455] {dag.py:2273} INFO - Setting next_dagrun for example_dag_decorator to None
[2021-03-17 16:56:34,494] {scheduler_job.py:190} INFO - Processing /Users/prathyusha/Desktop/pranathi/airflow_cnn_pipeline_final/airflow_test_env/lib/python3.7/site-packages/airflow/example_dags/example_dag_decorator.py took 0.142 seconds
[2021-03-17 16:57:05,610] {scheduler_job.py:182} INFO - Started process (PID=30165) to work on /Users/prathyusha/Desktop/pranathi/airflow_cnn_pipeline_final/airflow_test_env/lib/python3.7/site-packages/airflow/example_dags/example_dag_decorator.py
[2021-03-17 16:57:05,614] {scheduler_job.py:629} INFO - Processing file /Users/prathyusha/Desktop/pranathi/airflow_cnn_pipeline_final/airflow_test_env/lib/python3.7/site-packages/airflow/example_dags/example_dag_decorator.py for tasks to queue
[2021-03-17 16:57:05,615] {logging_mixin.py:104} INFO - [2021-03-17 16:57:05,615] {dagbag.py:448} INFO - Filling up the DagBag from /Users/prathyusha/Desktop/pranathi/airflow_cnn_pipeline_final/airflow_test_env/lib/python3.7/site-packages/airflow/example_dags/example_dag_decorator.py
[2021-03-17 16:57:05,636] {scheduler_job.py:639} INFO - DAG(s) dict_keys(['example_dag_decorator']) retrieved from /Users/prathyusha/Desktop/pranathi/airflow_cnn_pipeline_final/airflow_test_env/lib/python3.7/site-packages/airflow/example_dags/example_dag_decorator.py
[2021-03-17 16:57:05,655] {logging_mixin.py:104} INFO - [2021-03-17 16:57:05,654] {dag.py:1818} INFO - Sync 1 DAGs
[2021-03-17 16:57:05,677] {logging_mixin.py:104} INFO - [2021-03-17 16:57:05,677] {dag.py:2273} INFO - Setting next_dagrun for example_dag_decorator to None
[2021-03-17 16:57:05,694] {scheduler_job.py:190} INFO - Processing /Users/prathyusha/Desktop/pranathi/airflow_cnn_pipeline_final/airflow_test_env/lib/python3.7/site-packages/airflow/example_dags/example_dag_decorator.py took 0.089 seconds
[2021-03-17 16:57:39,595] {scheduler_job.py:182} INFO - Started process (PID=30198) to work on /Users/prathyusha/Desktop/pranathi/airflow_cnn_pipeline_final/airflow_test_env/lib/python3.7/site-packages/airflow/example_dags/example_dag_decorator.py
[2021-03-17 16:57:39,599] {scheduler_job.py:629} INFO - Processing file /Users/prathyusha/Desktop/pranathi/airflow_cnn_pipeline_final/airflow_test_env/lib/python3.7/site-packages/airflow/example_dags/example_dag_decorator.py for tasks to queue
[2021-03-17 16:57:39,601] {logging_mixin.py:104} INFO - [2021-03-17 16:57:39,600] {dagbag.py:448} INFO - Filling up the DagBag from /Users/prathyusha/Desktop/pranathi/airflow_cnn_pipeline_final/airflow_test_env/lib/python3.7/site-packages/airflow/example_dags/example_dag_decorator.py
[2021-03-17 16:57:39,666] {scheduler_job.py:639} INFO - DAG(s) dict_keys(['example_dag_decorator']) retrieved from /Users/prathyusha/Desktop/pranathi/airflow_cnn_pipeline_final/airflow_test_env/lib/python3.7/site-packages/airflow/example_dags/example_dag_decorator.py
[2021-03-17 16:57:39,734] {logging_mixin.py:104} INFO - [2021-03-17 16:57:39,729] {dag.py:1818} INFO - Sync 1 DAGs
[2021-03-17 16:57:39,835] {logging_mixin.py:104} INFO - [2021-03-17 16:57:39,834] {dag.py:2273} INFO - Setting next_dagrun for example_dag_decorator to None
[2021-03-17 16:57:39,860] {scheduler_job.py:190} INFO - Processing /Users/prathyusha/Desktop/pranathi/airflow_cnn_pipeline_final/airflow_test_env/lib/python3.7/site-packages/airflow/example_dags/example_dag_decorator.py took 0.271 seconds
[2021-03-17 16:58:13,291] {scheduler_job.py:182} INFO - Started process (PID=30254) to work on /Users/prathyusha/Desktop/pranathi/airflow_cnn_pipeline_final/airflow_test_env/lib/python3.7/site-packages/airflow/example_dags/example_dag_decorator.py
[2021-03-17 16:58:13,295] {scheduler_job.py:629} INFO - Processing file /Users/prathyusha/Desktop/pranathi/airflow_cnn_pipeline_final/airflow_test_env/lib/python3.7/site-packages/airflow/example_dags/example_dag_decorator.py for tasks to queue
[2021-03-17 16:58:13,298] {logging_mixin.py:104} INFO - [2021-03-17 16:58:13,297] {dagbag.py:448} INFO - Filling up the DagBag from /Users/prathyusha/Desktop/pranathi/airflow_cnn_pipeline_final/airflow_test_env/lib/python3.7/site-packages/airflow/example_dags/example_dag_decorator.py
[2021-03-17 16:58:13,347] {scheduler_job.py:639} INFO - DAG(s) dict_keys(['example_dag_decorator']) retrieved from /Users/prathyusha/Desktop/pranathi/airflow_cnn_pipeline_final/airflow_test_env/lib/python3.7/site-packages/airflow/example_dags/example_dag_decorator.py
[2021-03-17 16:58:13,441] {logging_mixin.py:104} INFO - [2021-03-17 16:58:13,439] {dag.py:1818} INFO - Sync 1 DAGs
[2021-03-17 16:58:13,597] {logging_mixin.py:104} INFO - [2021-03-17 16:58:13,596] {dag.py:2273} INFO - Setting next_dagrun for example_dag_decorator to None
[2021-03-17 16:58:13,657] {scheduler_job.py:190} INFO - Processing /Users/prathyusha/Desktop/pranathi/airflow_cnn_pipeline_final/airflow_test_env/lib/python3.7/site-packages/airflow/example_dags/example_dag_decorator.py took 0.375 seconds
[2021-03-17 16:58:51,602] {scheduler_job.py:182} INFO - Started process (PID=30311) to work on /Users/prathyusha/Desktop/pranathi/airflow_cnn_pipeline_final/airflow_test_env/lib/python3.7/site-packages/airflow/example_dags/example_dag_decorator.py
[2021-03-17 16:58:51,606] {scheduler_job.py:629} INFO - Processing file /Users/prathyusha/Desktop/pranathi/airflow_cnn_pipeline_final/airflow_test_env/lib/python3.7/site-packages/airflow/example_dags/example_dag_decorator.py for tasks to queue
[2021-03-17 16:58:51,608] {logging_mixin.py:104} INFO - [2021-03-17 16:58:51,607] {dagbag.py:448} INFO - Filling up the DagBag from /Users/prathyusha/Desktop/pranathi/airflow_cnn_pipeline_final/airflow_test_env/lib/python3.7/site-packages/airflow/example_dags/example_dag_decorator.py
[2021-03-17 16:58:51,631] {scheduler_job.py:639} INFO - DAG(s) dict_keys(['example_dag_decorator']) retrieved from /Users/prathyusha/Desktop/pranathi/airflow_cnn_pipeline_final/airflow_test_env/lib/python3.7/site-packages/airflow/example_dags/example_dag_decorator.py
[2021-03-17 16:58:51,660] {logging_mixin.py:104} INFO - [2021-03-17 16:58:51,659] {dag.py:1818} INFO - Sync 1 DAGs
[2021-03-17 16:58:51,677] {logging_mixin.py:104} INFO - [2021-03-17 16:58:51,676] {dag.py:2273} INFO - Setting next_dagrun for example_dag_decorator to None
[2021-03-17 16:58:51,701] {scheduler_job.py:190} INFO - Processing /Users/prathyusha/Desktop/pranathi/airflow_cnn_pipeline_final/airflow_test_env/lib/python3.7/site-packages/airflow/example_dags/example_dag_decorator.py took 0.104 seconds
[2021-03-17 16:59:23,861] {scheduler_job.py:182} INFO - Started process (PID=30365) to work on /Users/prathyusha/Desktop/pranathi/airflow_cnn_pipeline_final/airflow_test_env/lib/python3.7/site-packages/airflow/example_dags/example_dag_decorator.py
[2021-03-17 16:59:23,865] {scheduler_job.py:629} INFO - Processing file /Users/prathyusha/Desktop/pranathi/airflow_cnn_pipeline_final/airflow_test_env/lib/python3.7/site-packages/airflow/example_dags/example_dag_decorator.py for tasks to queue
[2021-03-17 16:59:23,868] {logging_mixin.py:104} INFO - [2021-03-17 16:59:23,867] {dagbag.py:448} INFO - Filling up the DagBag from /Users/prathyusha/Desktop/pranathi/airflow_cnn_pipeline_final/airflow_test_env/lib/python3.7/site-packages/airflow/example_dags/example_dag_decorator.py
[2021-03-17 16:59:23,903] {scheduler_job.py:639} INFO - DAG(s) dict_keys(['example_dag_decorator']) retrieved from /Users/prathyusha/Desktop/pranathi/airflow_cnn_pipeline_final/airflow_test_env/lib/python3.7/site-packages/airflow/example_dags/example_dag_decorator.py
[2021-03-17 16:59:23,936] {logging_mixin.py:104} INFO - [2021-03-17 16:59:23,935] {dag.py:1818} INFO - Sync 1 DAGs
[2021-03-17 16:59:23,963] {logging_mixin.py:104} INFO - [2021-03-17 16:59:23,962] {dag.py:2273} INFO - Setting next_dagrun for example_dag_decorator to None
[2021-03-17 16:59:23,980] {scheduler_job.py:190} INFO - Processing /Users/prathyusha/Desktop/pranathi/airflow_cnn_pipeline_final/airflow_test_env/lib/python3.7/site-packages/airflow/example_dags/example_dag_decorator.py took 0.126 seconds
