[2021-03-17 16:32:36,587] {scheduler_job.py:182} INFO - Started process (PID=28238) to work on /Users/prathyusha/Desktop/pranathi/airflow_cnn_pipeline_final/airflow_test_env/lib/python3.7/site-packages/airflow/example_dags/example_xcom.py
[2021-03-17 16:32:36,588] {scheduler_job.py:629} INFO - Processing file /Users/prathyusha/Desktop/pranathi/airflow_cnn_pipeline_final/airflow_test_env/lib/python3.7/site-packages/airflow/example_dags/example_xcom.py for tasks to queue
[2021-03-17 16:32:36,590] {logging_mixin.py:104} INFO - [2021-03-17 16:32:36,589] {dagbag.py:448} INFO - Filling up the DagBag from /Users/prathyusha/Desktop/pranathi/airflow_cnn_pipeline_final/airflow_test_env/lib/python3.7/site-packages/airflow/example_dags/example_xcom.py
[2021-03-17 16:32:36,606] {scheduler_job.py:639} INFO - DAG(s) dict_keys(['example_xcom']) retrieved from /Users/prathyusha/Desktop/pranathi/airflow_cnn_pipeline_final/airflow_test_env/lib/python3.7/site-packages/airflow/example_dags/example_xcom.py
[2021-03-17 16:32:36,624] {logging_mixin.py:104} INFO - [2021-03-17 16:32:36,623] {dag.py:1818} INFO - Sync 1 DAGs
[2021-03-17 16:32:36,637] {logging_mixin.py:104} INFO - [2021-03-17 16:32:36,636] {dag.py:2273} INFO - Setting next_dagrun for example_xcom to 2021-03-15 00:00:00+00:00
[2021-03-17 16:32:36,645] {scheduler_job.py:190} INFO - Processing /Users/prathyusha/Desktop/pranathi/airflow_cnn_pipeline_final/airflow_test_env/lib/python3.7/site-packages/airflow/example_dags/example_xcom.py took 0.062 seconds
[2021-03-17 16:33:08,657] {scheduler_job.py:182} INFO - Started process (PID=28287) to work on /Users/prathyusha/Desktop/pranathi/airflow_cnn_pipeline_final/airflow_test_env/lib/python3.7/site-packages/airflow/example_dags/example_xcom.py
[2021-03-17 16:33:08,661] {scheduler_job.py:629} INFO - Processing file /Users/prathyusha/Desktop/pranathi/airflow_cnn_pipeline_final/airflow_test_env/lib/python3.7/site-packages/airflow/example_dags/example_xcom.py for tasks to queue
[2021-03-17 16:33:08,663] {logging_mixin.py:104} INFO - [2021-03-17 16:33:08,662] {dagbag.py:448} INFO - Filling up the DagBag from /Users/prathyusha/Desktop/pranathi/airflow_cnn_pipeline_final/airflow_test_env/lib/python3.7/site-packages/airflow/example_dags/example_xcom.py
[2021-03-17 16:33:08,677] {scheduler_job.py:639} INFO - DAG(s) dict_keys(['example_xcom']) retrieved from /Users/prathyusha/Desktop/pranathi/airflow_cnn_pipeline_final/airflow_test_env/lib/python3.7/site-packages/airflow/example_dags/example_xcom.py
[2021-03-17 16:33:08,695] {logging_mixin.py:104} INFO - [2021-03-17 16:33:08,694] {dag.py:1818} INFO - Sync 1 DAGs
[2021-03-17 16:33:08,706] {logging_mixin.py:104} INFO - [2021-03-17 16:33:08,705] {dag.py:2273} INFO - Setting next_dagrun for example_xcom to 2021-03-15 00:00:00+00:00
[2021-03-17 16:33:08,713] {scheduler_job.py:190} INFO - Processing /Users/prathyusha/Desktop/pranathi/airflow_cnn_pipeline_final/airflow_test_env/lib/python3.7/site-packages/airflow/example_dags/example_xcom.py took 0.060 seconds
[2021-03-17 16:33:39,502] {scheduler_job.py:182} INFO - Started process (PID=28316) to work on /Users/prathyusha/Desktop/pranathi/airflow_cnn_pipeline_final/airflow_test_env/lib/python3.7/site-packages/airflow/example_dags/example_xcom.py
[2021-03-17 16:33:39,506] {scheduler_job.py:629} INFO - Processing file /Users/prathyusha/Desktop/pranathi/airflow_cnn_pipeline_final/airflow_test_env/lib/python3.7/site-packages/airflow/example_dags/example_xcom.py for tasks to queue
[2021-03-17 16:33:39,507] {logging_mixin.py:104} INFO - [2021-03-17 16:33:39,507] {dagbag.py:448} INFO - Filling up the DagBag from /Users/prathyusha/Desktop/pranathi/airflow_cnn_pipeline_final/airflow_test_env/lib/python3.7/site-packages/airflow/example_dags/example_xcom.py
[2021-03-17 16:33:39,520] {scheduler_job.py:639} INFO - DAG(s) dict_keys(['example_xcom']) retrieved from /Users/prathyusha/Desktop/pranathi/airflow_cnn_pipeline_final/airflow_test_env/lib/python3.7/site-packages/airflow/example_dags/example_xcom.py
[2021-03-17 16:33:39,534] {logging_mixin.py:104} INFO - [2021-03-17 16:33:39,534] {dag.py:1818} INFO - Sync 1 DAGs
[2021-03-17 16:33:39,544] {logging_mixin.py:104} INFO - [2021-03-17 16:33:39,544] {dag.py:2273} INFO - Setting next_dagrun for example_xcom to 2021-03-15 00:00:00+00:00
[2021-03-17 16:33:39,551] {scheduler_job.py:190} INFO - Processing /Users/prathyusha/Desktop/pranathi/airflow_cnn_pipeline_final/airflow_test_env/lib/python3.7/site-packages/airflow/example_dags/example_xcom.py took 0.052 seconds
[2021-03-17 16:34:10,212] {scheduler_job.py:182} INFO - Started process (PID=28351) to work on /Users/prathyusha/Desktop/pranathi/airflow_cnn_pipeline_final/airflow_test_env/lib/python3.7/site-packages/airflow/example_dags/example_xcom.py
[2021-03-17 16:34:10,216] {scheduler_job.py:629} INFO - Processing file /Users/prathyusha/Desktop/pranathi/airflow_cnn_pipeline_final/airflow_test_env/lib/python3.7/site-packages/airflow/example_dags/example_xcom.py for tasks to queue
[2021-03-17 16:34:10,217] {logging_mixin.py:104} INFO - [2021-03-17 16:34:10,217] {dagbag.py:448} INFO - Filling up the DagBag from /Users/prathyusha/Desktop/pranathi/airflow_cnn_pipeline_final/airflow_test_env/lib/python3.7/site-packages/airflow/example_dags/example_xcom.py
[2021-03-17 16:34:10,230] {scheduler_job.py:639} INFO - DAG(s) dict_keys(['example_xcom']) retrieved from /Users/prathyusha/Desktop/pranathi/airflow_cnn_pipeline_final/airflow_test_env/lib/python3.7/site-packages/airflow/example_dags/example_xcom.py
[2021-03-17 16:34:10,244] {logging_mixin.py:104} INFO - [2021-03-17 16:34:10,243] {dag.py:1818} INFO - Sync 1 DAGs
[2021-03-17 16:34:10,254] {logging_mixin.py:104} INFO - [2021-03-17 16:34:10,253] {dag.py:2273} INFO - Setting next_dagrun for example_xcom to 2021-03-15 00:00:00+00:00
[2021-03-17 16:34:10,261] {scheduler_job.py:190} INFO - Processing /Users/prathyusha/Desktop/pranathi/airflow_cnn_pipeline_final/airflow_test_env/lib/python3.7/site-packages/airflow/example_dags/example_xcom.py took 0.052 seconds
[2021-03-17 16:34:41,060] {scheduler_job.py:182} INFO - Started process (PID=28380) to work on /Users/prathyusha/Desktop/pranathi/airflow_cnn_pipeline_final/airflow_test_env/lib/python3.7/site-packages/airflow/example_dags/example_xcom.py
[2021-03-17 16:34:41,061] {scheduler_job.py:629} INFO - Processing file /Users/prathyusha/Desktop/pranathi/airflow_cnn_pipeline_final/airflow_test_env/lib/python3.7/site-packages/airflow/example_dags/example_xcom.py for tasks to queue
[2021-03-17 16:34:41,063] {logging_mixin.py:104} INFO - [2021-03-17 16:34:41,062] {dagbag.py:448} INFO - Filling up the DagBag from /Users/prathyusha/Desktop/pranathi/airflow_cnn_pipeline_final/airflow_test_env/lib/python3.7/site-packages/airflow/example_dags/example_xcom.py
[2021-03-17 16:34:41,076] {scheduler_job.py:639} INFO - DAG(s) dict_keys(['example_xcom']) retrieved from /Users/prathyusha/Desktop/pranathi/airflow_cnn_pipeline_final/airflow_test_env/lib/python3.7/site-packages/airflow/example_dags/example_xcom.py
[2021-03-17 16:34:41,089] {logging_mixin.py:104} INFO - [2021-03-17 16:34:41,089] {dag.py:1818} INFO - Sync 1 DAGs
[2021-03-17 16:34:41,099] {logging_mixin.py:104} INFO - [2021-03-17 16:34:41,099] {dag.py:2273} INFO - Setting next_dagrun for example_xcom to 2021-03-15 00:00:00+00:00
[2021-03-17 16:34:41,106] {scheduler_job.py:190} INFO - Processing /Users/prathyusha/Desktop/pranathi/airflow_cnn_pipeline_final/airflow_test_env/lib/python3.7/site-packages/airflow/example_dags/example_xcom.py took 0.051 seconds
[2021-03-17 16:35:11,751] {scheduler_job.py:182} INFO - Started process (PID=28416) to work on /Users/prathyusha/Desktop/pranathi/airflow_cnn_pipeline_final/airflow_test_env/lib/python3.7/site-packages/airflow/example_dags/example_xcom.py
[2021-03-17 16:35:11,753] {scheduler_job.py:629} INFO - Processing file /Users/prathyusha/Desktop/pranathi/airflow_cnn_pipeline_final/airflow_test_env/lib/python3.7/site-packages/airflow/example_dags/example_xcom.py for tasks to queue
[2021-03-17 16:35:11,754] {logging_mixin.py:104} INFO - [2021-03-17 16:35:11,753] {dagbag.py:448} INFO - Filling up the DagBag from /Users/prathyusha/Desktop/pranathi/airflow_cnn_pipeline_final/airflow_test_env/lib/python3.7/site-packages/airflow/example_dags/example_xcom.py
[2021-03-17 16:35:11,767] {scheduler_job.py:639} INFO - DAG(s) dict_keys(['example_xcom']) retrieved from /Users/prathyusha/Desktop/pranathi/airflow_cnn_pipeline_final/airflow_test_env/lib/python3.7/site-packages/airflow/example_dags/example_xcom.py
[2021-03-17 16:35:11,782] {logging_mixin.py:104} INFO - [2021-03-17 16:35:11,782] {dag.py:1818} INFO - Sync 1 DAGs
[2021-03-17 16:35:11,792] {logging_mixin.py:104} INFO - [2021-03-17 16:35:11,792] {dag.py:2273} INFO - Setting next_dagrun for example_xcom to 2021-03-15 00:00:00+00:00
[2021-03-17 16:35:11,799] {scheduler_job.py:190} INFO - Processing /Users/prathyusha/Desktop/pranathi/airflow_cnn_pipeline_final/airflow_test_env/lib/python3.7/site-packages/airflow/example_dags/example_xcom.py took 0.052 seconds
[2021-03-17 16:35:42,703] {scheduler_job.py:182} INFO - Started process (PID=28456) to work on /Users/prathyusha/Desktop/pranathi/airflow_cnn_pipeline_final/airflow_test_env/lib/python3.7/site-packages/airflow/example_dags/example_xcom.py
[2021-03-17 16:35:42,706] {scheduler_job.py:629} INFO - Processing file /Users/prathyusha/Desktop/pranathi/airflow_cnn_pipeline_final/airflow_test_env/lib/python3.7/site-packages/airflow/example_dags/example_xcom.py for tasks to queue
[2021-03-17 16:35:42,708] {logging_mixin.py:104} INFO - [2021-03-17 16:35:42,707] {dagbag.py:448} INFO - Filling up the DagBag from /Users/prathyusha/Desktop/pranathi/airflow_cnn_pipeline_final/airflow_test_env/lib/python3.7/site-packages/airflow/example_dags/example_xcom.py
[2021-03-17 16:35:42,721] {scheduler_job.py:639} INFO - DAG(s) dict_keys(['example_xcom']) retrieved from /Users/prathyusha/Desktop/pranathi/airflow_cnn_pipeline_final/airflow_test_env/lib/python3.7/site-packages/airflow/example_dags/example_xcom.py
[2021-03-17 16:35:42,734] {logging_mixin.py:104} INFO - [2021-03-17 16:35:42,733] {dag.py:1818} INFO - Sync 1 DAGs
[2021-03-17 16:35:42,744] {logging_mixin.py:104} INFO - [2021-03-17 16:35:42,744] {dag.py:2273} INFO - Setting next_dagrun for example_xcom to 2021-03-15 00:00:00+00:00
[2021-03-17 16:35:42,751] {scheduler_job.py:190} INFO - Processing /Users/prathyusha/Desktop/pranathi/airflow_cnn_pipeline_final/airflow_test_env/lib/python3.7/site-packages/airflow/example_dags/example_xcom.py took 0.052 seconds
[2021-03-17 16:36:13,493] {scheduler_job.py:182} INFO - Started process (PID=28493) to work on /Users/prathyusha/Desktop/pranathi/airflow_cnn_pipeline_final/airflow_test_env/lib/python3.7/site-packages/airflow/example_dags/example_xcom.py
[2021-03-17 16:36:13,497] {scheduler_job.py:629} INFO - Processing file /Users/prathyusha/Desktop/pranathi/airflow_cnn_pipeline_final/airflow_test_env/lib/python3.7/site-packages/airflow/example_dags/example_xcom.py for tasks to queue
[2021-03-17 16:36:13,498] {logging_mixin.py:104} INFO - [2021-03-17 16:36:13,498] {dagbag.py:448} INFO - Filling up the DagBag from /Users/prathyusha/Desktop/pranathi/airflow_cnn_pipeline_final/airflow_test_env/lib/python3.7/site-packages/airflow/example_dags/example_xcom.py
[2021-03-17 16:36:13,512] {scheduler_job.py:639} INFO - DAG(s) dict_keys(['example_xcom']) retrieved from /Users/prathyusha/Desktop/pranathi/airflow_cnn_pipeline_final/airflow_test_env/lib/python3.7/site-packages/airflow/example_dags/example_xcom.py
[2021-03-17 16:36:13,526] {logging_mixin.py:104} INFO - [2021-03-17 16:36:13,526] {dag.py:1818} INFO - Sync 1 DAGs
[2021-03-17 16:36:13,536] {logging_mixin.py:104} INFO - [2021-03-17 16:36:13,536] {dag.py:2273} INFO - Setting next_dagrun for example_xcom to 2021-03-15 00:00:00+00:00
[2021-03-17 16:36:13,545] {scheduler_job.py:190} INFO - Processing /Users/prathyusha/Desktop/pranathi/airflow_cnn_pipeline_final/airflow_test_env/lib/python3.7/site-packages/airflow/example_dags/example_xcom.py took 0.056 seconds
[2021-03-17 16:36:44,246] {scheduler_job.py:182} INFO - Started process (PID=28522) to work on /Users/prathyusha/Desktop/pranathi/airflow_cnn_pipeline_final/airflow_test_env/lib/python3.7/site-packages/airflow/example_dags/example_xcom.py
[2021-03-17 16:36:44,248] {scheduler_job.py:629} INFO - Processing file /Users/prathyusha/Desktop/pranathi/airflow_cnn_pipeline_final/airflow_test_env/lib/python3.7/site-packages/airflow/example_dags/example_xcom.py for tasks to queue
[2021-03-17 16:36:44,249] {logging_mixin.py:104} INFO - [2021-03-17 16:36:44,249] {dagbag.py:448} INFO - Filling up the DagBag from /Users/prathyusha/Desktop/pranathi/airflow_cnn_pipeline_final/airflow_test_env/lib/python3.7/site-packages/airflow/example_dags/example_xcom.py
[2021-03-17 16:36:44,262] {scheduler_job.py:639} INFO - DAG(s) dict_keys(['example_xcom']) retrieved from /Users/prathyusha/Desktop/pranathi/airflow_cnn_pipeline_final/airflow_test_env/lib/python3.7/site-packages/airflow/example_dags/example_xcom.py
[2021-03-17 16:36:44,276] {logging_mixin.py:104} INFO - [2021-03-17 16:36:44,275] {dag.py:1818} INFO - Sync 1 DAGs
[2021-03-17 16:36:44,287] {logging_mixin.py:104} INFO - [2021-03-17 16:36:44,286] {dag.py:2273} INFO - Setting next_dagrun for example_xcom to 2021-03-15 00:00:00+00:00
[2021-03-17 16:36:44,294] {scheduler_job.py:190} INFO - Processing /Users/prathyusha/Desktop/pranathi/airflow_cnn_pipeline_final/airflow_test_env/lib/python3.7/site-packages/airflow/example_dags/example_xcom.py took 0.052 seconds
[2021-03-17 16:37:14,796] {scheduler_job.py:182} INFO - Started process (PID=28552) to work on /Users/prathyusha/Desktop/pranathi/airflow_cnn_pipeline_final/airflow_test_env/lib/python3.7/site-packages/airflow/example_dags/example_xcom.py
[2021-03-17 16:37:14,798] {scheduler_job.py:629} INFO - Processing file /Users/prathyusha/Desktop/pranathi/airflow_cnn_pipeline_final/airflow_test_env/lib/python3.7/site-packages/airflow/example_dags/example_xcom.py for tasks to queue
[2021-03-17 16:37:14,799] {logging_mixin.py:104} INFO - [2021-03-17 16:37:14,799] {dagbag.py:448} INFO - Filling up the DagBag from /Users/prathyusha/Desktop/pranathi/airflow_cnn_pipeline_final/airflow_test_env/lib/python3.7/site-packages/airflow/example_dags/example_xcom.py
[2021-03-17 16:37:14,813] {scheduler_job.py:639} INFO - DAG(s) dict_keys(['example_xcom']) retrieved from /Users/prathyusha/Desktop/pranathi/airflow_cnn_pipeline_final/airflow_test_env/lib/python3.7/site-packages/airflow/example_dags/example_xcom.py
[2021-03-17 16:37:14,827] {logging_mixin.py:104} INFO - [2021-03-17 16:37:14,826] {dag.py:1818} INFO - Sync 1 DAGs
[2021-03-17 16:37:14,837] {logging_mixin.py:104} INFO - [2021-03-17 16:37:14,837] {dag.py:2273} INFO - Setting next_dagrun for example_xcom to 2021-03-15 00:00:00+00:00
[2021-03-17 16:37:14,844] {scheduler_job.py:190} INFO - Processing /Users/prathyusha/Desktop/pranathi/airflow_cnn_pipeline_final/airflow_test_env/lib/python3.7/site-packages/airflow/example_dags/example_xcom.py took 0.052 seconds
[2021-03-17 16:37:45,097] {scheduler_job.py:182} INFO - Started process (PID=28584) to work on /Users/prathyusha/Desktop/pranathi/airflow_cnn_pipeline_final/airflow_test_env/lib/python3.7/site-packages/airflow/example_dags/example_xcom.py
[2021-03-17 16:37:45,099] {scheduler_job.py:629} INFO - Processing file /Users/prathyusha/Desktop/pranathi/airflow_cnn_pipeline_final/airflow_test_env/lib/python3.7/site-packages/airflow/example_dags/example_xcom.py for tasks to queue
[2021-03-17 16:37:45,101] {logging_mixin.py:104} INFO - [2021-03-17 16:37:45,100] {dagbag.py:448} INFO - Filling up the DagBag from /Users/prathyusha/Desktop/pranathi/airflow_cnn_pipeline_final/airflow_test_env/lib/python3.7/site-packages/airflow/example_dags/example_xcom.py
[2021-03-17 16:37:45,114] {scheduler_job.py:639} INFO - DAG(s) dict_keys(['example_xcom']) retrieved from /Users/prathyusha/Desktop/pranathi/airflow_cnn_pipeline_final/airflow_test_env/lib/python3.7/site-packages/airflow/example_dags/example_xcom.py
[2021-03-17 16:37:45,129] {logging_mixin.py:104} INFO - [2021-03-17 16:37:45,129] {dag.py:1818} INFO - Sync 1 DAGs
[2021-03-17 16:37:45,140] {logging_mixin.py:104} INFO - [2021-03-17 16:37:45,140] {dag.py:2273} INFO - Setting next_dagrun for example_xcom to 2021-03-15 00:00:00+00:00
[2021-03-17 16:37:45,148] {scheduler_job.py:190} INFO - Processing /Users/prathyusha/Desktop/pranathi/airflow_cnn_pipeline_final/airflow_test_env/lib/python3.7/site-packages/airflow/example_dags/example_xcom.py took 0.055 seconds
[2021-03-17 16:38:15,292] {scheduler_job.py:182} INFO - Started process (PID=28614) to work on /Users/prathyusha/Desktop/pranathi/airflow_cnn_pipeline_final/airflow_test_env/lib/python3.7/site-packages/airflow/example_dags/example_xcom.py
[2021-03-17 16:38:15,294] {scheduler_job.py:629} INFO - Processing file /Users/prathyusha/Desktop/pranathi/airflow_cnn_pipeline_final/airflow_test_env/lib/python3.7/site-packages/airflow/example_dags/example_xcom.py for tasks to queue
[2021-03-17 16:38:15,296] {logging_mixin.py:104} INFO - [2021-03-17 16:38:15,296] {dagbag.py:448} INFO - Filling up the DagBag from /Users/prathyusha/Desktop/pranathi/airflow_cnn_pipeline_final/airflow_test_env/lib/python3.7/site-packages/airflow/example_dags/example_xcom.py
[2021-03-17 16:38:15,309] {scheduler_job.py:639} INFO - DAG(s) dict_keys(['example_xcom']) retrieved from /Users/prathyusha/Desktop/pranathi/airflow_cnn_pipeline_final/airflow_test_env/lib/python3.7/site-packages/airflow/example_dags/example_xcom.py
[2021-03-17 16:38:15,323] {logging_mixin.py:104} INFO - [2021-03-17 16:38:15,323] {dag.py:1818} INFO - Sync 1 DAGs
[2021-03-17 16:38:15,335] {logging_mixin.py:104} INFO - [2021-03-17 16:38:15,334] {dag.py:2273} INFO - Setting next_dagrun for example_xcom to 2021-03-15 00:00:00+00:00
[2021-03-17 16:38:15,342] {scheduler_job.py:190} INFO - Processing /Users/prathyusha/Desktop/pranathi/airflow_cnn_pipeline_final/airflow_test_env/lib/python3.7/site-packages/airflow/example_dags/example_xcom.py took 0.054 seconds
[2021-03-17 16:38:45,797] {scheduler_job.py:182} INFO - Started process (PID=28681) to work on /Users/prathyusha/Desktop/pranathi/airflow_cnn_pipeline_final/airflow_test_env/lib/python3.7/site-packages/airflow/example_dags/example_xcom.py
[2021-03-17 16:38:45,801] {scheduler_job.py:629} INFO - Processing file /Users/prathyusha/Desktop/pranathi/airflow_cnn_pipeline_final/airflow_test_env/lib/python3.7/site-packages/airflow/example_dags/example_xcom.py for tasks to queue
[2021-03-17 16:38:45,802] {logging_mixin.py:104} INFO - [2021-03-17 16:38:45,802] {dagbag.py:448} INFO - Filling up the DagBag from /Users/prathyusha/Desktop/pranathi/airflow_cnn_pipeline_final/airflow_test_env/lib/python3.7/site-packages/airflow/example_dags/example_xcom.py
[2021-03-17 16:38:45,817] {scheduler_job.py:639} INFO - DAG(s) dict_keys(['example_xcom']) retrieved from /Users/prathyusha/Desktop/pranathi/airflow_cnn_pipeline_final/airflow_test_env/lib/python3.7/site-packages/airflow/example_dags/example_xcom.py
[2021-03-17 16:38:45,831] {logging_mixin.py:104} INFO - [2021-03-17 16:38:45,831] {dag.py:1818} INFO - Sync 1 DAGs
[2021-03-17 16:38:45,841] {logging_mixin.py:104} INFO - [2021-03-17 16:38:45,841] {dag.py:2273} INFO - Setting next_dagrun for example_xcom to 2021-03-15 00:00:00+00:00
[2021-03-17 16:38:45,848] {scheduler_job.py:190} INFO - Processing /Users/prathyusha/Desktop/pranathi/airflow_cnn_pipeline_final/airflow_test_env/lib/python3.7/site-packages/airflow/example_dags/example_xcom.py took 0.055 seconds
[2021-03-17 16:39:16,065] {scheduler_job.py:182} INFO - Started process (PID=28728) to work on /Users/prathyusha/Desktop/pranathi/airflow_cnn_pipeline_final/airflow_test_env/lib/python3.7/site-packages/airflow/example_dags/example_xcom.py
[2021-03-17 16:39:16,067] {scheduler_job.py:629} INFO - Processing file /Users/prathyusha/Desktop/pranathi/airflow_cnn_pipeline_final/airflow_test_env/lib/python3.7/site-packages/airflow/example_dags/example_xcom.py for tasks to queue
[2021-03-17 16:39:16,068] {logging_mixin.py:104} INFO - [2021-03-17 16:39:16,067] {dagbag.py:448} INFO - Filling up the DagBag from /Users/prathyusha/Desktop/pranathi/airflow_cnn_pipeline_final/airflow_test_env/lib/python3.7/site-packages/airflow/example_dags/example_xcom.py
[2021-03-17 16:39:16,080] {scheduler_job.py:639} INFO - DAG(s) dict_keys(['example_xcom']) retrieved from /Users/prathyusha/Desktop/pranathi/airflow_cnn_pipeline_final/airflow_test_env/lib/python3.7/site-packages/airflow/example_dags/example_xcom.py
[2021-03-17 16:39:16,094] {logging_mixin.py:104} INFO - [2021-03-17 16:39:16,094] {dag.py:1818} INFO - Sync 1 DAGs
[2021-03-17 16:39:16,105] {logging_mixin.py:104} INFO - [2021-03-17 16:39:16,104] {dag.py:2273} INFO - Setting next_dagrun for example_xcom to 2021-03-15 00:00:00+00:00
[2021-03-17 16:39:16,112] {scheduler_job.py:190} INFO - Processing /Users/prathyusha/Desktop/pranathi/airflow_cnn_pipeline_final/airflow_test_env/lib/python3.7/site-packages/airflow/example_dags/example_xcom.py took 0.051 seconds
[2021-03-17 16:39:46,669] {scheduler_job.py:182} INFO - Started process (PID=28757) to work on /Users/prathyusha/Desktop/pranathi/airflow_cnn_pipeline_final/airflow_test_env/lib/python3.7/site-packages/airflow/example_dags/example_xcom.py
[2021-03-17 16:39:46,671] {scheduler_job.py:629} INFO - Processing file /Users/prathyusha/Desktop/pranathi/airflow_cnn_pipeline_final/airflow_test_env/lib/python3.7/site-packages/airflow/example_dags/example_xcom.py for tasks to queue
[2021-03-17 16:39:46,673] {logging_mixin.py:104} INFO - [2021-03-17 16:39:46,672] {dagbag.py:448} INFO - Filling up the DagBag from /Users/prathyusha/Desktop/pranathi/airflow_cnn_pipeline_final/airflow_test_env/lib/python3.7/site-packages/airflow/example_dags/example_xcom.py
[2021-03-17 16:39:46,692] {scheduler_job.py:639} INFO - DAG(s) dict_keys(['example_xcom']) retrieved from /Users/prathyusha/Desktop/pranathi/airflow_cnn_pipeline_final/airflow_test_env/lib/python3.7/site-packages/airflow/example_dags/example_xcom.py
[2021-03-17 16:39:46,711] {logging_mixin.py:104} INFO - [2021-03-17 16:39:46,711] {dag.py:1818} INFO - Sync 1 DAGs
[2021-03-17 16:39:46,728] {logging_mixin.py:104} INFO - [2021-03-17 16:39:46,727] {dag.py:2273} INFO - Setting next_dagrun for example_xcom to 2021-03-15 00:00:00+00:00
[2021-03-17 16:39:46,740] {scheduler_job.py:190} INFO - Processing /Users/prathyusha/Desktop/pranathi/airflow_cnn_pipeline_final/airflow_test_env/lib/python3.7/site-packages/airflow/example_dags/example_xcom.py took 0.078 seconds
[2021-03-17 16:40:17,379] {scheduler_job.py:182} INFO - Started process (PID=28805) to work on /Users/prathyusha/Desktop/pranathi/airflow_cnn_pipeline_final/airflow_test_env/lib/python3.7/site-packages/airflow/example_dags/example_xcom.py
[2021-03-17 16:40:17,383] {scheduler_job.py:629} INFO - Processing file /Users/prathyusha/Desktop/pranathi/airflow_cnn_pipeline_final/airflow_test_env/lib/python3.7/site-packages/airflow/example_dags/example_xcom.py for tasks to queue
[2021-03-17 16:40:17,386] {logging_mixin.py:104} INFO - [2021-03-17 16:40:17,385] {dagbag.py:448} INFO - Filling up the DagBag from /Users/prathyusha/Desktop/pranathi/airflow_cnn_pipeline_final/airflow_test_env/lib/python3.7/site-packages/airflow/example_dags/example_xcom.py
[2021-03-17 16:40:17,410] {scheduler_job.py:639} INFO - DAG(s) dict_keys(['example_xcom']) retrieved from /Users/prathyusha/Desktop/pranathi/airflow_cnn_pipeline_final/airflow_test_env/lib/python3.7/site-packages/airflow/example_dags/example_xcom.py
[2021-03-17 16:40:17,434] {logging_mixin.py:104} INFO - [2021-03-17 16:40:17,433] {dag.py:1818} INFO - Sync 1 DAGs
[2021-03-17 16:40:17,449] {logging_mixin.py:104} INFO - [2021-03-17 16:40:17,449] {dag.py:2273} INFO - Setting next_dagrun for example_xcom to 2021-03-15 00:00:00+00:00
[2021-03-17 16:40:17,463] {scheduler_job.py:190} INFO - Processing /Users/prathyusha/Desktop/pranathi/airflow_cnn_pipeline_final/airflow_test_env/lib/python3.7/site-packages/airflow/example_dags/example_xcom.py took 0.090 seconds
[2021-03-17 16:40:48,002] {scheduler_job.py:182} INFO - Started process (PID=28843) to work on /Users/prathyusha/Desktop/pranathi/airflow_cnn_pipeline_final/airflow_test_env/lib/python3.7/site-packages/airflow/example_dags/example_xcom.py
[2021-03-17 16:40:48,007] {scheduler_job.py:629} INFO - Processing file /Users/prathyusha/Desktop/pranathi/airflow_cnn_pipeline_final/airflow_test_env/lib/python3.7/site-packages/airflow/example_dags/example_xcom.py for tasks to queue
[2021-03-17 16:40:48,009] {logging_mixin.py:104} INFO - [2021-03-17 16:40:48,009] {dagbag.py:448} INFO - Filling up the DagBag from /Users/prathyusha/Desktop/pranathi/airflow_cnn_pipeline_final/airflow_test_env/lib/python3.7/site-packages/airflow/example_dags/example_xcom.py
[2021-03-17 16:40:48,023] {scheduler_job.py:639} INFO - DAG(s) dict_keys(['example_xcom']) retrieved from /Users/prathyusha/Desktop/pranathi/airflow_cnn_pipeline_final/airflow_test_env/lib/python3.7/site-packages/airflow/example_dags/example_xcom.py
[2021-03-17 16:40:48,051] {logging_mixin.py:104} INFO - [2021-03-17 16:40:48,051] {dag.py:1818} INFO - Sync 1 DAGs
[2021-03-17 16:40:48,085] {logging_mixin.py:104} INFO - [2021-03-17 16:40:48,084] {dag.py:2273} INFO - Setting next_dagrun for example_xcom to 2021-03-15 00:00:00+00:00
[2021-03-17 16:40:48,098] {scheduler_job.py:190} INFO - Processing /Users/prathyusha/Desktop/pranathi/airflow_cnn_pipeline_final/airflow_test_env/lib/python3.7/site-packages/airflow/example_dags/example_xcom.py took 0.100 seconds
[2021-03-17 16:41:18,710] {scheduler_job.py:182} INFO - Started process (PID=28872) to work on /Users/prathyusha/Desktop/pranathi/airflow_cnn_pipeline_final/airflow_test_env/lib/python3.7/site-packages/airflow/example_dags/example_xcom.py
[2021-03-17 16:41:18,712] {scheduler_job.py:629} INFO - Processing file /Users/prathyusha/Desktop/pranathi/airflow_cnn_pipeline_final/airflow_test_env/lib/python3.7/site-packages/airflow/example_dags/example_xcom.py for tasks to queue
[2021-03-17 16:41:18,713] {logging_mixin.py:104} INFO - [2021-03-17 16:41:18,713] {dagbag.py:448} INFO - Filling up the DagBag from /Users/prathyusha/Desktop/pranathi/airflow_cnn_pipeline_final/airflow_test_env/lib/python3.7/site-packages/airflow/example_dags/example_xcom.py
[2021-03-17 16:41:18,727] {scheduler_job.py:639} INFO - DAG(s) dict_keys(['example_xcom']) retrieved from /Users/prathyusha/Desktop/pranathi/airflow_cnn_pipeline_final/airflow_test_env/lib/python3.7/site-packages/airflow/example_dags/example_xcom.py
[2021-03-17 16:41:18,743] {logging_mixin.py:104} INFO - [2021-03-17 16:41:18,743] {dag.py:1818} INFO - Sync 1 DAGs
[2021-03-17 16:41:18,754] {logging_mixin.py:104} INFO - [2021-03-17 16:41:18,754] {dag.py:2273} INFO - Setting next_dagrun for example_xcom to 2021-03-15 00:00:00+00:00
[2021-03-17 16:41:18,763] {scheduler_job.py:190} INFO - Processing /Users/prathyusha/Desktop/pranathi/airflow_cnn_pipeline_final/airflow_test_env/lib/python3.7/site-packages/airflow/example_dags/example_xcom.py took 0.057 seconds
[2021-03-17 16:41:49,412] {scheduler_job.py:182} INFO - Started process (PID=28907) to work on /Users/prathyusha/Desktop/pranathi/airflow_cnn_pipeline_final/airflow_test_env/lib/python3.7/site-packages/airflow/example_dags/example_xcom.py
[2021-03-17 16:41:49,417] {scheduler_job.py:629} INFO - Processing file /Users/prathyusha/Desktop/pranathi/airflow_cnn_pipeline_final/airflow_test_env/lib/python3.7/site-packages/airflow/example_dags/example_xcom.py for tasks to queue
[2021-03-17 16:41:49,420] {logging_mixin.py:104} INFO - [2021-03-17 16:41:49,420] {dagbag.py:448} INFO - Filling up the DagBag from /Users/prathyusha/Desktop/pranathi/airflow_cnn_pipeline_final/airflow_test_env/lib/python3.7/site-packages/airflow/example_dags/example_xcom.py
[2021-03-17 16:41:49,443] {scheduler_job.py:639} INFO - DAG(s) dict_keys(['example_xcom']) retrieved from /Users/prathyusha/Desktop/pranathi/airflow_cnn_pipeline_final/airflow_test_env/lib/python3.7/site-packages/airflow/example_dags/example_xcom.py
[2021-03-17 16:41:49,459] {logging_mixin.py:104} INFO - [2021-03-17 16:41:49,459] {dag.py:1818} INFO - Sync 1 DAGs
[2021-03-17 16:41:49,476] {logging_mixin.py:104} INFO - [2021-03-17 16:41:49,475] {dag.py:2273} INFO - Setting next_dagrun for example_xcom to 2021-03-15 00:00:00+00:00
[2021-03-17 16:41:49,485] {scheduler_job.py:190} INFO - Processing /Users/prathyusha/Desktop/pranathi/airflow_cnn_pipeline_final/airflow_test_env/lib/python3.7/site-packages/airflow/example_dags/example_xcom.py took 0.078 seconds
[2021-03-17 16:42:20,144] {scheduler_job.py:182} INFO - Started process (PID=28940) to work on /Users/prathyusha/Desktop/pranathi/airflow_cnn_pipeline_final/airflow_test_env/lib/python3.7/site-packages/airflow/example_dags/example_xcom.py
[2021-03-17 16:42:20,145] {scheduler_job.py:629} INFO - Processing file /Users/prathyusha/Desktop/pranathi/airflow_cnn_pipeline_final/airflow_test_env/lib/python3.7/site-packages/airflow/example_dags/example_xcom.py for tasks to queue
[2021-03-17 16:42:20,146] {logging_mixin.py:104} INFO - [2021-03-17 16:42:20,146] {dagbag.py:448} INFO - Filling up the DagBag from /Users/prathyusha/Desktop/pranathi/airflow_cnn_pipeline_final/airflow_test_env/lib/python3.7/site-packages/airflow/example_dags/example_xcom.py
[2021-03-17 16:42:20,161] {scheduler_job.py:639} INFO - DAG(s) dict_keys(['example_xcom']) retrieved from /Users/prathyusha/Desktop/pranathi/airflow_cnn_pipeline_final/airflow_test_env/lib/python3.7/site-packages/airflow/example_dags/example_xcom.py
[2021-03-17 16:42:20,177] {logging_mixin.py:104} INFO - [2021-03-17 16:42:20,177] {dag.py:1818} INFO - Sync 1 DAGs
[2021-03-17 16:42:20,199] {logging_mixin.py:104} INFO - [2021-03-17 16:42:20,198] {dag.py:2273} INFO - Setting next_dagrun for example_xcom to 2021-03-15 00:00:00+00:00
[2021-03-17 16:42:20,212] {scheduler_job.py:190} INFO - Processing /Users/prathyusha/Desktop/pranathi/airflow_cnn_pipeline_final/airflow_test_env/lib/python3.7/site-packages/airflow/example_dags/example_xcom.py took 0.073 seconds
[2021-03-17 16:42:50,647] {scheduler_job.py:182} INFO - Started process (PID=28971) to work on /Users/prathyusha/Desktop/pranathi/airflow_cnn_pipeline_final/airflow_test_env/lib/python3.7/site-packages/airflow/example_dags/example_xcom.py
[2021-03-17 16:42:50,649] {scheduler_job.py:629} INFO - Processing file /Users/prathyusha/Desktop/pranathi/airflow_cnn_pipeline_final/airflow_test_env/lib/python3.7/site-packages/airflow/example_dags/example_xcom.py for tasks to queue
[2021-03-17 16:42:50,651] {logging_mixin.py:104} INFO - [2021-03-17 16:42:50,650] {dagbag.py:448} INFO - Filling up the DagBag from /Users/prathyusha/Desktop/pranathi/airflow_cnn_pipeline_final/airflow_test_env/lib/python3.7/site-packages/airflow/example_dags/example_xcom.py
[2021-03-17 16:42:50,678] {scheduler_job.py:639} INFO - DAG(s) dict_keys(['example_xcom']) retrieved from /Users/prathyusha/Desktop/pranathi/airflow_cnn_pipeline_final/airflow_test_env/lib/python3.7/site-packages/airflow/example_dags/example_xcom.py
[2021-03-17 16:42:50,699] {logging_mixin.py:104} INFO - [2021-03-17 16:42:50,699] {dag.py:1818} INFO - Sync 1 DAGs
[2021-03-17 16:42:50,714] {logging_mixin.py:104} INFO - [2021-03-17 16:42:50,713] {dag.py:2273} INFO - Setting next_dagrun for example_xcom to 2021-03-15 00:00:00+00:00
[2021-03-17 16:42:50,723] {scheduler_job.py:190} INFO - Processing /Users/prathyusha/Desktop/pranathi/airflow_cnn_pipeline_final/airflow_test_env/lib/python3.7/site-packages/airflow/example_dags/example_xcom.py took 0.080 seconds
[2021-03-17 16:43:21,152] {scheduler_job.py:182} INFO - Started process (PID=29004) to work on /Users/prathyusha/Desktop/pranathi/airflow_cnn_pipeline_final/airflow_test_env/lib/python3.7/site-packages/airflow/example_dags/example_xcom.py
[2021-03-17 16:43:21,155] {scheduler_job.py:629} INFO - Processing file /Users/prathyusha/Desktop/pranathi/airflow_cnn_pipeline_final/airflow_test_env/lib/python3.7/site-packages/airflow/example_dags/example_xcom.py for tasks to queue
[2021-03-17 16:43:21,157] {logging_mixin.py:104} INFO - [2021-03-17 16:43:21,157] {dagbag.py:448} INFO - Filling up the DagBag from /Users/prathyusha/Desktop/pranathi/airflow_cnn_pipeline_final/airflow_test_env/lib/python3.7/site-packages/airflow/example_dags/example_xcom.py
[2021-03-17 16:43:21,172] {scheduler_job.py:639} INFO - DAG(s) dict_keys(['example_xcom']) retrieved from /Users/prathyusha/Desktop/pranathi/airflow_cnn_pipeline_final/airflow_test_env/lib/python3.7/site-packages/airflow/example_dags/example_xcom.py
[2021-03-17 16:43:21,200] {logging_mixin.py:104} INFO - [2021-03-17 16:43:21,199] {dag.py:1818} INFO - Sync 1 DAGs
[2021-03-17 16:43:21,218] {logging_mixin.py:104} INFO - [2021-03-17 16:43:21,217] {dag.py:2273} INFO - Setting next_dagrun for example_xcom to 2021-03-15 00:00:00+00:00
[2021-03-17 16:43:21,228] {scheduler_job.py:190} INFO - Processing /Users/prathyusha/Desktop/pranathi/airflow_cnn_pipeline_final/airflow_test_env/lib/python3.7/site-packages/airflow/example_dags/example_xcom.py took 0.080 seconds
[2021-03-17 16:43:51,395] {scheduler_job.py:182} INFO - Started process (PID=29036) to work on /Users/prathyusha/Desktop/pranathi/airflow_cnn_pipeline_final/airflow_test_env/lib/python3.7/site-packages/airflow/example_dags/example_xcom.py
[2021-03-17 16:43:51,397] {scheduler_job.py:629} INFO - Processing file /Users/prathyusha/Desktop/pranathi/airflow_cnn_pipeline_final/airflow_test_env/lib/python3.7/site-packages/airflow/example_dags/example_xcom.py for tasks to queue
[2021-03-17 16:43:51,399] {logging_mixin.py:104} INFO - [2021-03-17 16:43:51,398] {dagbag.py:448} INFO - Filling up the DagBag from /Users/prathyusha/Desktop/pranathi/airflow_cnn_pipeline_final/airflow_test_env/lib/python3.7/site-packages/airflow/example_dags/example_xcom.py
[2021-03-17 16:43:51,417] {scheduler_job.py:639} INFO - DAG(s) dict_keys(['example_xcom']) retrieved from /Users/prathyusha/Desktop/pranathi/airflow_cnn_pipeline_final/airflow_test_env/lib/python3.7/site-packages/airflow/example_dags/example_xcom.py
[2021-03-17 16:43:51,434] {logging_mixin.py:104} INFO - [2021-03-17 16:43:51,434] {dag.py:1818} INFO - Sync 1 DAGs
[2021-03-17 16:43:51,446] {logging_mixin.py:104} INFO - [2021-03-17 16:43:51,446] {dag.py:2273} INFO - Setting next_dagrun for example_xcom to 2021-03-15 00:00:00+00:00
[2021-03-17 16:43:51,453] {scheduler_job.py:190} INFO - Processing /Users/prathyusha/Desktop/pranathi/airflow_cnn_pipeline_final/airflow_test_env/lib/python3.7/site-packages/airflow/example_dags/example_xcom.py took 0.065 seconds
[2021-03-17 16:44:21,921] {scheduler_job.py:182} INFO - Started process (PID=29067) to work on /Users/prathyusha/Desktop/pranathi/airflow_cnn_pipeline_final/airflow_test_env/lib/python3.7/site-packages/airflow/example_dags/example_xcom.py
[2021-03-17 16:44:21,923] {scheduler_job.py:629} INFO - Processing file /Users/prathyusha/Desktop/pranathi/airflow_cnn_pipeline_final/airflow_test_env/lib/python3.7/site-packages/airflow/example_dags/example_xcom.py for tasks to queue
[2021-03-17 16:44:21,925] {logging_mixin.py:104} INFO - [2021-03-17 16:44:21,924] {dagbag.py:448} INFO - Filling up the DagBag from /Users/prathyusha/Desktop/pranathi/airflow_cnn_pipeline_final/airflow_test_env/lib/python3.7/site-packages/airflow/example_dags/example_xcom.py
[2021-03-17 16:44:21,941] {scheduler_job.py:639} INFO - DAG(s) dict_keys(['example_xcom']) retrieved from /Users/prathyusha/Desktop/pranathi/airflow_cnn_pipeline_final/airflow_test_env/lib/python3.7/site-packages/airflow/example_dags/example_xcom.py
[2021-03-17 16:44:21,962] {logging_mixin.py:104} INFO - [2021-03-17 16:44:21,961] {dag.py:1818} INFO - Sync 1 DAGs
[2021-03-17 16:44:21,981] {logging_mixin.py:104} INFO - [2021-03-17 16:44:21,981] {dag.py:2273} INFO - Setting next_dagrun for example_xcom to 2021-03-15 00:00:00+00:00
[2021-03-17 16:44:21,993] {scheduler_job.py:190} INFO - Processing /Users/prathyusha/Desktop/pranathi/airflow_cnn_pipeline_final/airflow_test_env/lib/python3.7/site-packages/airflow/example_dags/example_xcom.py took 0.076 seconds
[2021-03-17 16:44:52,092] {scheduler_job.py:182} INFO - Started process (PID=29099) to work on /Users/prathyusha/Desktop/pranathi/airflow_cnn_pipeline_final/airflow_test_env/lib/python3.7/site-packages/airflow/example_dags/example_xcom.py
[2021-03-17 16:44:52,094] {scheduler_job.py:629} INFO - Processing file /Users/prathyusha/Desktop/pranathi/airflow_cnn_pipeline_final/airflow_test_env/lib/python3.7/site-packages/airflow/example_dags/example_xcom.py for tasks to queue
[2021-03-17 16:44:52,097] {logging_mixin.py:104} INFO - [2021-03-17 16:44:52,095] {dagbag.py:448} INFO - Filling up the DagBag from /Users/prathyusha/Desktop/pranathi/airflow_cnn_pipeline_final/airflow_test_env/lib/python3.7/site-packages/airflow/example_dags/example_xcom.py
[2021-03-17 16:44:52,131] {scheduler_job.py:639} INFO - DAG(s) dict_keys(['example_xcom']) retrieved from /Users/prathyusha/Desktop/pranathi/airflow_cnn_pipeline_final/airflow_test_env/lib/python3.7/site-packages/airflow/example_dags/example_xcom.py
[2021-03-17 16:44:52,160] {logging_mixin.py:104} INFO - [2021-03-17 16:44:52,160] {dag.py:1818} INFO - Sync 1 DAGs
[2021-03-17 16:44:52,178] {logging_mixin.py:104} INFO - [2021-03-17 16:44:52,178] {dag.py:2273} INFO - Setting next_dagrun for example_xcom to 2021-03-15 00:00:00+00:00
[2021-03-17 16:44:52,191] {scheduler_job.py:190} INFO - Processing /Users/prathyusha/Desktop/pranathi/airflow_cnn_pipeline_final/airflow_test_env/lib/python3.7/site-packages/airflow/example_dags/example_xcom.py took 0.105 seconds
[2021-03-17 16:45:22,615] {scheduler_job.py:182} INFO - Started process (PID=29143) to work on /Users/prathyusha/Desktop/pranathi/airflow_cnn_pipeline_final/airflow_test_env/lib/python3.7/site-packages/airflow/example_dags/example_xcom.py
[2021-03-17 16:45:22,618] {scheduler_job.py:629} INFO - Processing file /Users/prathyusha/Desktop/pranathi/airflow_cnn_pipeline_final/airflow_test_env/lib/python3.7/site-packages/airflow/example_dags/example_xcom.py for tasks to queue
[2021-03-17 16:45:22,621] {logging_mixin.py:104} INFO - [2021-03-17 16:45:22,620] {dagbag.py:448} INFO - Filling up the DagBag from /Users/prathyusha/Desktop/pranathi/airflow_cnn_pipeline_final/airflow_test_env/lib/python3.7/site-packages/airflow/example_dags/example_xcom.py
[2021-03-17 16:45:22,638] {scheduler_job.py:639} INFO - DAG(s) dict_keys(['example_xcom']) retrieved from /Users/prathyusha/Desktop/pranathi/airflow_cnn_pipeline_final/airflow_test_env/lib/python3.7/site-packages/airflow/example_dags/example_xcom.py
[2021-03-17 16:45:22,654] {logging_mixin.py:104} INFO - [2021-03-17 16:45:22,654] {dag.py:1818} INFO - Sync 1 DAGs
[2021-03-17 16:45:22,680] {logging_mixin.py:104} INFO - [2021-03-17 16:45:22,679] {dag.py:2273} INFO - Setting next_dagrun for example_xcom to 2021-03-15 00:00:00+00:00
[2021-03-17 16:45:22,695] {scheduler_job.py:190} INFO - Processing /Users/prathyusha/Desktop/pranathi/airflow_cnn_pipeline_final/airflow_test_env/lib/python3.7/site-packages/airflow/example_dags/example_xcom.py took 0.085 seconds
[2021-03-17 16:45:52,938] {scheduler_job.py:182} INFO - Started process (PID=29173) to work on /Users/prathyusha/Desktop/pranathi/airflow_cnn_pipeline_final/airflow_test_env/lib/python3.7/site-packages/airflow/example_dags/example_xcom.py
[2021-03-17 16:45:52,942] {scheduler_job.py:629} INFO - Processing file /Users/prathyusha/Desktop/pranathi/airflow_cnn_pipeline_final/airflow_test_env/lib/python3.7/site-packages/airflow/example_dags/example_xcom.py for tasks to queue
[2021-03-17 16:45:52,944] {logging_mixin.py:104} INFO - [2021-03-17 16:45:52,943] {dagbag.py:448} INFO - Filling up the DagBag from /Users/prathyusha/Desktop/pranathi/airflow_cnn_pipeline_final/airflow_test_env/lib/python3.7/site-packages/airflow/example_dags/example_xcom.py
[2021-03-17 16:45:52,968] {scheduler_job.py:639} INFO - DAG(s) dict_keys(['example_xcom']) retrieved from /Users/prathyusha/Desktop/pranathi/airflow_cnn_pipeline_final/airflow_test_env/lib/python3.7/site-packages/airflow/example_dags/example_xcom.py
[2021-03-17 16:45:52,983] {logging_mixin.py:104} INFO - [2021-03-17 16:45:52,982] {dag.py:1818} INFO - Sync 1 DAGs
[2021-03-17 16:45:52,997] {logging_mixin.py:104} INFO - [2021-03-17 16:45:52,996] {dag.py:2273} INFO - Setting next_dagrun for example_xcom to 2021-03-15 00:00:00+00:00
[2021-03-17 16:45:53,007] {scheduler_job.py:190} INFO - Processing /Users/prathyusha/Desktop/pranathi/airflow_cnn_pipeline_final/airflow_test_env/lib/python3.7/site-packages/airflow/example_dags/example_xcom.py took 0.074 seconds
[2021-03-17 16:46:23,247] {scheduler_job.py:182} INFO - Started process (PID=29226) to work on /Users/prathyusha/Desktop/pranathi/airflow_cnn_pipeline_final/airflow_test_env/lib/python3.7/site-packages/airflow/example_dags/example_xcom.py
[2021-03-17 16:46:23,250] {scheduler_job.py:629} INFO - Processing file /Users/prathyusha/Desktop/pranathi/airflow_cnn_pipeline_final/airflow_test_env/lib/python3.7/site-packages/airflow/example_dags/example_xcom.py for tasks to queue
[2021-03-17 16:46:23,252] {logging_mixin.py:104} INFO - [2021-03-17 16:46:23,251] {dagbag.py:448} INFO - Filling up the DagBag from /Users/prathyusha/Desktop/pranathi/airflow_cnn_pipeline_final/airflow_test_env/lib/python3.7/site-packages/airflow/example_dags/example_xcom.py
[2021-03-17 16:46:23,273] {scheduler_job.py:639} INFO - DAG(s) dict_keys(['example_xcom']) retrieved from /Users/prathyusha/Desktop/pranathi/airflow_cnn_pipeline_final/airflow_test_env/lib/python3.7/site-packages/airflow/example_dags/example_xcom.py
[2021-03-17 16:46:23,291] {logging_mixin.py:104} INFO - [2021-03-17 16:46:23,291] {dag.py:1818} INFO - Sync 1 DAGs
[2021-03-17 16:46:23,307] {logging_mixin.py:104} INFO - [2021-03-17 16:46:23,307] {dag.py:2273} INFO - Setting next_dagrun for example_xcom to 2021-03-15 00:00:00+00:00
[2021-03-17 16:46:23,318] {scheduler_job.py:190} INFO - Processing /Users/prathyusha/Desktop/pranathi/airflow_cnn_pipeline_final/airflow_test_env/lib/python3.7/site-packages/airflow/example_dags/example_xcom.py took 0.077 seconds
[2021-03-17 16:46:53,552] {scheduler_job.py:182} INFO - Started process (PID=29322) to work on /Users/prathyusha/Desktop/pranathi/airflow_cnn_pipeline_final/airflow_test_env/lib/python3.7/site-packages/airflow/example_dags/example_xcom.py
[2021-03-17 16:46:53,554] {scheduler_job.py:629} INFO - Processing file /Users/prathyusha/Desktop/pranathi/airflow_cnn_pipeline_final/airflow_test_env/lib/python3.7/site-packages/airflow/example_dags/example_xcom.py for tasks to queue
[2021-03-17 16:46:53,557] {logging_mixin.py:104} INFO - [2021-03-17 16:46:53,556] {dagbag.py:448} INFO - Filling up the DagBag from /Users/prathyusha/Desktop/pranathi/airflow_cnn_pipeline_final/airflow_test_env/lib/python3.7/site-packages/airflow/example_dags/example_xcom.py
[2021-03-17 16:46:53,574] {scheduler_job.py:639} INFO - DAG(s) dict_keys(['example_xcom']) retrieved from /Users/prathyusha/Desktop/pranathi/airflow_cnn_pipeline_final/airflow_test_env/lib/python3.7/site-packages/airflow/example_dags/example_xcom.py
[2021-03-17 16:46:53,594] {logging_mixin.py:104} INFO - [2021-03-17 16:46:53,593] {dag.py:1818} INFO - Sync 1 DAGs
[2021-03-17 16:46:53,613] {logging_mixin.py:104} INFO - [2021-03-17 16:46:53,613] {dag.py:2273} INFO - Setting next_dagrun for example_xcom to 2021-03-15 00:00:00+00:00
[2021-03-17 16:46:53,628] {scheduler_job.py:190} INFO - Processing /Users/prathyusha/Desktop/pranathi/airflow_cnn_pipeline_final/airflow_test_env/lib/python3.7/site-packages/airflow/example_dags/example_xcom.py took 0.081 seconds
[2021-03-17 16:47:23,893] {scheduler_job.py:182} INFO - Started process (PID=29355) to work on /Users/prathyusha/Desktop/pranathi/airflow_cnn_pipeline_final/airflow_test_env/lib/python3.7/site-packages/airflow/example_dags/example_xcom.py
[2021-03-17 16:47:23,898] {scheduler_job.py:629} INFO - Processing file /Users/prathyusha/Desktop/pranathi/airflow_cnn_pipeline_final/airflow_test_env/lib/python3.7/site-packages/airflow/example_dags/example_xcom.py for tasks to queue
[2021-03-17 16:47:23,901] {logging_mixin.py:104} INFO - [2021-03-17 16:47:23,900] {dagbag.py:448} INFO - Filling up the DagBag from /Users/prathyusha/Desktop/pranathi/airflow_cnn_pipeline_final/airflow_test_env/lib/python3.7/site-packages/airflow/example_dags/example_xcom.py
[2021-03-17 16:47:23,920] {scheduler_job.py:639} INFO - DAG(s) dict_keys(['example_xcom']) retrieved from /Users/prathyusha/Desktop/pranathi/airflow_cnn_pipeline_final/airflow_test_env/lib/python3.7/site-packages/airflow/example_dags/example_xcom.py
[2021-03-17 16:47:23,940] {logging_mixin.py:104} INFO - [2021-03-17 16:47:23,939] {dag.py:1818} INFO - Sync 1 DAGs
[2021-03-17 16:47:23,954] {logging_mixin.py:104} INFO - [2021-03-17 16:47:23,954] {dag.py:2273} INFO - Setting next_dagrun for example_xcom to 2021-03-15 00:00:00+00:00
[2021-03-17 16:47:23,963] {scheduler_job.py:190} INFO - Processing /Users/prathyusha/Desktop/pranathi/airflow_cnn_pipeline_final/airflow_test_env/lib/python3.7/site-packages/airflow/example_dags/example_xcom.py took 0.079 seconds
[2021-03-17 16:47:54,209] {scheduler_job.py:182} INFO - Started process (PID=29385) to work on /Users/prathyusha/Desktop/pranathi/airflow_cnn_pipeline_final/airflow_test_env/lib/python3.7/site-packages/airflow/example_dags/example_xcom.py
[2021-03-17 16:47:54,213] {scheduler_job.py:629} INFO - Processing file /Users/prathyusha/Desktop/pranathi/airflow_cnn_pipeline_final/airflow_test_env/lib/python3.7/site-packages/airflow/example_dags/example_xcom.py for tasks to queue
[2021-03-17 16:47:54,214] {logging_mixin.py:104} INFO - [2021-03-17 16:47:54,214] {dagbag.py:448} INFO - Filling up the DagBag from /Users/prathyusha/Desktop/pranathi/airflow_cnn_pipeline_final/airflow_test_env/lib/python3.7/site-packages/airflow/example_dags/example_xcom.py
[2021-03-17 16:47:54,230] {scheduler_job.py:639} INFO - DAG(s) dict_keys(['example_xcom']) retrieved from /Users/prathyusha/Desktop/pranathi/airflow_cnn_pipeline_final/airflow_test_env/lib/python3.7/site-packages/airflow/example_dags/example_xcom.py
[2021-03-17 16:47:54,244] {logging_mixin.py:104} INFO - [2021-03-17 16:47:54,244] {dag.py:1818} INFO - Sync 1 DAGs
[2021-03-17 16:47:54,261] {logging_mixin.py:104} INFO - [2021-03-17 16:47:54,260] {dag.py:2273} INFO - Setting next_dagrun for example_xcom to 2021-03-15 00:00:00+00:00
[2021-03-17 16:47:54,273] {scheduler_job.py:190} INFO - Processing /Users/prathyusha/Desktop/pranathi/airflow_cnn_pipeline_final/airflow_test_env/lib/python3.7/site-packages/airflow/example_dags/example_xcom.py took 0.067 seconds
[2021-03-17 16:48:25,593] {scheduler_job.py:182} INFO - Started process (PID=29415) to work on /Users/prathyusha/Desktop/pranathi/airflow_cnn_pipeline_final/airflow_test_env/lib/python3.7/site-packages/airflow/example_dags/example_xcom.py
[2021-03-17 16:48:25,595] {scheduler_job.py:629} INFO - Processing file /Users/prathyusha/Desktop/pranathi/airflow_cnn_pipeline_final/airflow_test_env/lib/python3.7/site-packages/airflow/example_dags/example_xcom.py for tasks to queue
[2021-03-17 16:48:25,596] {logging_mixin.py:104} INFO - [2021-03-17 16:48:25,596] {dagbag.py:448} INFO - Filling up the DagBag from /Users/prathyusha/Desktop/pranathi/airflow_cnn_pipeline_final/airflow_test_env/lib/python3.7/site-packages/airflow/example_dags/example_xcom.py
[2021-03-17 16:48:25,614] {scheduler_job.py:639} INFO - DAG(s) dict_keys(['example_xcom']) retrieved from /Users/prathyusha/Desktop/pranathi/airflow_cnn_pipeline_final/airflow_test_env/lib/python3.7/site-packages/airflow/example_dags/example_xcom.py
[2021-03-17 16:48:25,633] {logging_mixin.py:104} INFO - [2021-03-17 16:48:25,633] {dag.py:1818} INFO - Sync 1 DAGs
[2021-03-17 16:48:25,647] {logging_mixin.py:104} INFO - [2021-03-17 16:48:25,646] {dag.py:2273} INFO - Setting next_dagrun for example_xcom to 2021-03-15 00:00:00+00:00
[2021-03-17 16:48:25,654] {scheduler_job.py:190} INFO - Processing /Users/prathyusha/Desktop/pranathi/airflow_cnn_pipeline_final/airflow_test_env/lib/python3.7/site-packages/airflow/example_dags/example_xcom.py took 0.065 seconds
[2021-03-17 16:48:55,915] {scheduler_job.py:182} INFO - Started process (PID=29447) to work on /Users/prathyusha/Desktop/pranathi/airflow_cnn_pipeline_final/airflow_test_env/lib/python3.7/site-packages/airflow/example_dags/example_xcom.py
[2021-03-17 16:48:55,918] {scheduler_job.py:629} INFO - Processing file /Users/prathyusha/Desktop/pranathi/airflow_cnn_pipeline_final/airflow_test_env/lib/python3.7/site-packages/airflow/example_dags/example_xcom.py for tasks to queue
[2021-03-17 16:48:55,919] {logging_mixin.py:104} INFO - [2021-03-17 16:48:55,919] {dagbag.py:448} INFO - Filling up the DagBag from /Users/prathyusha/Desktop/pranathi/airflow_cnn_pipeline_final/airflow_test_env/lib/python3.7/site-packages/airflow/example_dags/example_xcom.py
[2021-03-17 16:48:55,933] {scheduler_job.py:639} INFO - DAG(s) dict_keys(['example_xcom']) retrieved from /Users/prathyusha/Desktop/pranathi/airflow_cnn_pipeline_final/airflow_test_env/lib/python3.7/site-packages/airflow/example_dags/example_xcom.py
[2021-03-17 16:48:55,954] {logging_mixin.py:104} INFO - [2021-03-17 16:48:55,953] {dag.py:1818} INFO - Sync 1 DAGs
[2021-03-17 16:48:55,970] {logging_mixin.py:104} INFO - [2021-03-17 16:48:55,969] {dag.py:2273} INFO - Setting next_dagrun for example_xcom to 2021-03-15 00:00:00+00:00
[2021-03-17 16:48:55,982] {scheduler_job.py:190} INFO - Processing /Users/prathyusha/Desktop/pranathi/airflow_cnn_pipeline_final/airflow_test_env/lib/python3.7/site-packages/airflow/example_dags/example_xcom.py took 0.071 seconds
[2021-03-17 16:49:27,359] {scheduler_job.py:182} INFO - Started process (PID=29480) to work on /Users/prathyusha/Desktop/pranathi/airflow_cnn_pipeline_final/airflow_test_env/lib/python3.7/site-packages/airflow/example_dags/example_xcom.py
[2021-03-17 16:49:27,361] {scheduler_job.py:629} INFO - Processing file /Users/prathyusha/Desktop/pranathi/airflow_cnn_pipeline_final/airflow_test_env/lib/python3.7/site-packages/airflow/example_dags/example_xcom.py for tasks to queue
[2021-03-17 16:49:27,362] {logging_mixin.py:104} INFO - [2021-03-17 16:49:27,362] {dagbag.py:448} INFO - Filling up the DagBag from /Users/prathyusha/Desktop/pranathi/airflow_cnn_pipeline_final/airflow_test_env/lib/python3.7/site-packages/airflow/example_dags/example_xcom.py
[2021-03-17 16:49:27,376] {scheduler_job.py:639} INFO - DAG(s) dict_keys(['example_xcom']) retrieved from /Users/prathyusha/Desktop/pranathi/airflow_cnn_pipeline_final/airflow_test_env/lib/python3.7/site-packages/airflow/example_dags/example_xcom.py
[2021-03-17 16:49:27,397] {logging_mixin.py:104} INFO - [2021-03-17 16:49:27,397] {dag.py:1818} INFO - Sync 1 DAGs
[2021-03-17 16:49:27,413] {logging_mixin.py:104} INFO - [2021-03-17 16:49:27,412] {dag.py:2273} INFO - Setting next_dagrun for example_xcom to 2021-03-15 00:00:00+00:00
[2021-03-17 16:49:27,421] {scheduler_job.py:190} INFO - Processing /Users/prathyusha/Desktop/pranathi/airflow_cnn_pipeline_final/airflow_test_env/lib/python3.7/site-packages/airflow/example_dags/example_xcom.py took 0.066 seconds
[2021-03-17 16:49:57,703] {scheduler_job.py:182} INFO - Started process (PID=29510) to work on /Users/prathyusha/Desktop/pranathi/airflow_cnn_pipeline_final/airflow_test_env/lib/python3.7/site-packages/airflow/example_dags/example_xcom.py
[2021-03-17 16:49:57,707] {scheduler_job.py:629} INFO - Processing file /Users/prathyusha/Desktop/pranathi/airflow_cnn_pipeline_final/airflow_test_env/lib/python3.7/site-packages/airflow/example_dags/example_xcom.py for tasks to queue
[2021-03-17 16:49:57,709] {logging_mixin.py:104} INFO - [2021-03-17 16:49:57,709] {dagbag.py:448} INFO - Filling up the DagBag from /Users/prathyusha/Desktop/pranathi/airflow_cnn_pipeline_final/airflow_test_env/lib/python3.7/site-packages/airflow/example_dags/example_xcom.py
[2021-03-17 16:49:57,729] {scheduler_job.py:639} INFO - DAG(s) dict_keys(['example_xcom']) retrieved from /Users/prathyusha/Desktop/pranathi/airflow_cnn_pipeline_final/airflow_test_env/lib/python3.7/site-packages/airflow/example_dags/example_xcom.py
[2021-03-17 16:49:57,750] {logging_mixin.py:104} INFO - [2021-03-17 16:49:57,750] {dag.py:1818} INFO - Sync 1 DAGs
[2021-03-17 16:49:57,764] {logging_mixin.py:104} INFO - [2021-03-17 16:49:57,763] {dag.py:2273} INFO - Setting next_dagrun for example_xcom to 2021-03-15 00:00:00+00:00
[2021-03-17 16:49:57,773] {scheduler_job.py:190} INFO - Processing /Users/prathyusha/Desktop/pranathi/airflow_cnn_pipeline_final/airflow_test_env/lib/python3.7/site-packages/airflow/example_dags/example_xcom.py took 0.075 seconds
[2021-03-17 16:50:28,191] {scheduler_job.py:182} INFO - Started process (PID=29541) to work on /Users/prathyusha/Desktop/pranathi/airflow_cnn_pipeline_final/airflow_test_env/lib/python3.7/site-packages/airflow/example_dags/example_xcom.py
[2021-03-17 16:50:28,193] {scheduler_job.py:629} INFO - Processing file /Users/prathyusha/Desktop/pranathi/airflow_cnn_pipeline_final/airflow_test_env/lib/python3.7/site-packages/airflow/example_dags/example_xcom.py for tasks to queue
[2021-03-17 16:50:28,195] {logging_mixin.py:104} INFO - [2021-03-17 16:50:28,194] {dagbag.py:448} INFO - Filling up the DagBag from /Users/prathyusha/Desktop/pranathi/airflow_cnn_pipeline_final/airflow_test_env/lib/python3.7/site-packages/airflow/example_dags/example_xcom.py
[2021-03-17 16:50:28,211] {scheduler_job.py:639} INFO - DAG(s) dict_keys(['example_xcom']) retrieved from /Users/prathyusha/Desktop/pranathi/airflow_cnn_pipeline_final/airflow_test_env/lib/python3.7/site-packages/airflow/example_dags/example_xcom.py
[2021-03-17 16:50:28,227] {logging_mixin.py:104} INFO - [2021-03-17 16:50:28,227] {dag.py:1818} INFO - Sync 1 DAGs
[2021-03-17 16:50:28,240] {logging_mixin.py:104} INFO - [2021-03-17 16:50:28,240] {dag.py:2273} INFO - Setting next_dagrun for example_xcom to 2021-03-15 00:00:00+00:00
[2021-03-17 16:50:28,249] {scheduler_job.py:190} INFO - Processing /Users/prathyusha/Desktop/pranathi/airflow_cnn_pipeline_final/airflow_test_env/lib/python3.7/site-packages/airflow/example_dags/example_xcom.py took 0.063 seconds
[2021-03-17 16:50:59,181] {scheduler_job.py:182} INFO - Started process (PID=29572) to work on /Users/prathyusha/Desktop/pranathi/airflow_cnn_pipeline_final/airflow_test_env/lib/python3.7/site-packages/airflow/example_dags/example_xcom.py
[2021-03-17 16:50:59,193] {scheduler_job.py:629} INFO - Processing file /Users/prathyusha/Desktop/pranathi/airflow_cnn_pipeline_final/airflow_test_env/lib/python3.7/site-packages/airflow/example_dags/example_xcom.py for tasks to queue
[2021-03-17 16:50:59,196] {logging_mixin.py:104} INFO - [2021-03-17 16:50:59,194] {dagbag.py:448} INFO - Filling up the DagBag from /Users/prathyusha/Desktop/pranathi/airflow_cnn_pipeline_final/airflow_test_env/lib/python3.7/site-packages/airflow/example_dags/example_xcom.py
[2021-03-17 16:50:59,243] {scheduler_job.py:639} INFO - DAG(s) dict_keys(['example_xcom']) retrieved from /Users/prathyusha/Desktop/pranathi/airflow_cnn_pipeline_final/airflow_test_env/lib/python3.7/site-packages/airflow/example_dags/example_xcom.py
[2021-03-17 16:50:59,267] {logging_mixin.py:104} INFO - [2021-03-17 16:50:59,267] {dag.py:1818} INFO - Sync 1 DAGs
[2021-03-17 16:50:59,281] {logging_mixin.py:104} INFO - [2021-03-17 16:50:59,281] {dag.py:2273} INFO - Setting next_dagrun for example_xcom to 2021-03-15 00:00:00+00:00
[2021-03-17 16:50:59,298] {scheduler_job.py:190} INFO - Processing /Users/prathyusha/Desktop/pranathi/airflow_cnn_pipeline_final/airflow_test_env/lib/python3.7/site-packages/airflow/example_dags/example_xcom.py took 0.129 seconds
[2021-03-17 16:51:30,187] {scheduler_job.py:182} INFO - Started process (PID=29601) to work on /Users/prathyusha/Desktop/pranathi/airflow_cnn_pipeline_final/airflow_test_env/lib/python3.7/site-packages/airflow/example_dags/example_xcom.py
[2021-03-17 16:51:30,191] {scheduler_job.py:629} INFO - Processing file /Users/prathyusha/Desktop/pranathi/airflow_cnn_pipeline_final/airflow_test_env/lib/python3.7/site-packages/airflow/example_dags/example_xcom.py for tasks to queue
[2021-03-17 16:51:30,193] {logging_mixin.py:104} INFO - [2021-03-17 16:51:30,192] {dagbag.py:448} INFO - Filling up the DagBag from /Users/prathyusha/Desktop/pranathi/airflow_cnn_pipeline_final/airflow_test_env/lib/python3.7/site-packages/airflow/example_dags/example_xcom.py
[2021-03-17 16:51:30,208] {scheduler_job.py:639} INFO - DAG(s) dict_keys(['example_xcom']) retrieved from /Users/prathyusha/Desktop/pranathi/airflow_cnn_pipeline_final/airflow_test_env/lib/python3.7/site-packages/airflow/example_dags/example_xcom.py
[2021-03-17 16:51:30,221] {logging_mixin.py:104} INFO - [2021-03-17 16:51:30,221] {dag.py:1818} INFO - Sync 1 DAGs
[2021-03-17 16:51:30,234] {logging_mixin.py:104} INFO - [2021-03-17 16:51:30,234] {dag.py:2273} INFO - Setting next_dagrun for example_xcom to 2021-03-15 00:00:00+00:00
[2021-03-17 16:51:30,242] {scheduler_job.py:190} INFO - Processing /Users/prathyusha/Desktop/pranathi/airflow_cnn_pipeline_final/airflow_test_env/lib/python3.7/site-packages/airflow/example_dags/example_xcom.py took 0.061 seconds
[2021-03-17 16:52:01,244] {scheduler_job.py:182} INFO - Started process (PID=29652) to work on /Users/prathyusha/Desktop/pranathi/airflow_cnn_pipeline_final/airflow_test_env/lib/python3.7/site-packages/airflow/example_dags/example_xcom.py
[2021-03-17 16:52:01,248] {scheduler_job.py:629} INFO - Processing file /Users/prathyusha/Desktop/pranathi/airflow_cnn_pipeline_final/airflow_test_env/lib/python3.7/site-packages/airflow/example_dags/example_xcom.py for tasks to queue
[2021-03-17 16:52:01,253] {logging_mixin.py:104} INFO - [2021-03-17 16:52:01,252] {dagbag.py:448} INFO - Filling up the DagBag from /Users/prathyusha/Desktop/pranathi/airflow_cnn_pipeline_final/airflow_test_env/lib/python3.7/site-packages/airflow/example_dags/example_xcom.py
[2021-03-17 16:52:01,277] {scheduler_job.py:639} INFO - DAG(s) dict_keys(['example_xcom']) retrieved from /Users/prathyusha/Desktop/pranathi/airflow_cnn_pipeline_final/airflow_test_env/lib/python3.7/site-packages/airflow/example_dags/example_xcom.py
[2021-03-17 16:52:01,296] {logging_mixin.py:104} INFO - [2021-03-17 16:52:01,296] {dag.py:1818} INFO - Sync 1 DAGs
[2021-03-17 16:52:01,311] {logging_mixin.py:104} INFO - [2021-03-17 16:52:01,310] {dag.py:2273} INFO - Setting next_dagrun for example_xcom to 2021-03-15 00:00:00+00:00
[2021-03-17 16:52:01,322] {scheduler_job.py:190} INFO - Processing /Users/prathyusha/Desktop/pranathi/airflow_cnn_pipeline_final/airflow_test_env/lib/python3.7/site-packages/airflow/example_dags/example_xcom.py took 0.083 seconds
[2021-03-17 16:52:32,223] {scheduler_job.py:182} INFO - Started process (PID=29770) to work on /Users/prathyusha/Desktop/pranathi/airflow_cnn_pipeline_final/airflow_test_env/lib/python3.7/site-packages/airflow/example_dags/example_xcom.py
[2021-03-17 16:52:32,225] {scheduler_job.py:629} INFO - Processing file /Users/prathyusha/Desktop/pranathi/airflow_cnn_pipeline_final/airflow_test_env/lib/python3.7/site-packages/airflow/example_dags/example_xcom.py for tasks to queue
[2021-03-17 16:52:32,227] {logging_mixin.py:104} INFO - [2021-03-17 16:52:32,226] {dagbag.py:448} INFO - Filling up the DagBag from /Users/prathyusha/Desktop/pranathi/airflow_cnn_pipeline_final/airflow_test_env/lib/python3.7/site-packages/airflow/example_dags/example_xcom.py
[2021-03-17 16:52:32,241] {scheduler_job.py:639} INFO - DAG(s) dict_keys(['example_xcom']) retrieved from /Users/prathyusha/Desktop/pranathi/airflow_cnn_pipeline_final/airflow_test_env/lib/python3.7/site-packages/airflow/example_dags/example_xcom.py
[2021-03-17 16:52:32,258] {logging_mixin.py:104} INFO - [2021-03-17 16:52:32,257] {dag.py:1818} INFO - Sync 1 DAGs
[2021-03-17 16:52:32,277] {logging_mixin.py:104} INFO - [2021-03-17 16:52:32,276] {dag.py:2273} INFO - Setting next_dagrun for example_xcom to 2021-03-15 00:00:00+00:00
[2021-03-17 16:52:32,298] {scheduler_job.py:190} INFO - Processing /Users/prathyusha/Desktop/pranathi/airflow_cnn_pipeline_final/airflow_test_env/lib/python3.7/site-packages/airflow/example_dags/example_xcom.py took 0.080 seconds
[2021-03-17 16:53:03,413] {scheduler_job.py:182} INFO - Started process (PID=29832) to work on /Users/prathyusha/Desktop/pranathi/airflow_cnn_pipeline_final/airflow_test_env/lib/python3.7/site-packages/airflow/example_dags/example_xcom.py
[2021-03-17 16:53:03,415] {scheduler_job.py:629} INFO - Processing file /Users/prathyusha/Desktop/pranathi/airflow_cnn_pipeline_final/airflow_test_env/lib/python3.7/site-packages/airflow/example_dags/example_xcom.py for tasks to queue
[2021-03-17 16:53:03,418] {logging_mixin.py:104} INFO - [2021-03-17 16:53:03,417] {dagbag.py:448} INFO - Filling up the DagBag from /Users/prathyusha/Desktop/pranathi/airflow_cnn_pipeline_final/airflow_test_env/lib/python3.7/site-packages/airflow/example_dags/example_xcom.py
[2021-03-17 16:53:03,439] {scheduler_job.py:639} INFO - DAG(s) dict_keys(['example_xcom']) retrieved from /Users/prathyusha/Desktop/pranathi/airflow_cnn_pipeline_final/airflow_test_env/lib/python3.7/site-packages/airflow/example_dags/example_xcom.py
[2021-03-17 16:53:03,457] {logging_mixin.py:104} INFO - [2021-03-17 16:53:03,456] {dag.py:1818} INFO - Sync 1 DAGs
[2021-03-17 16:53:03,474] {logging_mixin.py:104} INFO - [2021-03-17 16:53:03,474] {dag.py:2273} INFO - Setting next_dagrun for example_xcom to 2021-03-15 00:00:00+00:00
[2021-03-17 16:53:03,484] {scheduler_job.py:190} INFO - Processing /Users/prathyusha/Desktop/pranathi/airflow_cnn_pipeline_final/airflow_test_env/lib/python3.7/site-packages/airflow/example_dags/example_xcom.py took 0.076 seconds
[2021-03-17 16:53:33,673] {scheduler_job.py:182} INFO - Started process (PID=29893) to work on /Users/prathyusha/Desktop/pranathi/airflow_cnn_pipeline_final/airflow_test_env/lib/python3.7/site-packages/airflow/example_dags/example_xcom.py
[2021-03-17 16:53:33,675] {scheduler_job.py:629} INFO - Processing file /Users/prathyusha/Desktop/pranathi/airflow_cnn_pipeline_final/airflow_test_env/lib/python3.7/site-packages/airflow/example_dags/example_xcom.py for tasks to queue
[2021-03-17 16:53:33,677] {logging_mixin.py:104} INFO - [2021-03-17 16:53:33,677] {dagbag.py:448} INFO - Filling up the DagBag from /Users/prathyusha/Desktop/pranathi/airflow_cnn_pipeline_final/airflow_test_env/lib/python3.7/site-packages/airflow/example_dags/example_xcom.py
[2021-03-17 16:53:33,706] {scheduler_job.py:639} INFO - DAG(s) dict_keys(['example_xcom']) retrieved from /Users/prathyusha/Desktop/pranathi/airflow_cnn_pipeline_final/airflow_test_env/lib/python3.7/site-packages/airflow/example_dags/example_xcom.py
[2021-03-17 16:53:33,737] {logging_mixin.py:104} INFO - [2021-03-17 16:53:33,736] {dag.py:1818} INFO - Sync 1 DAGs
[2021-03-17 16:53:33,759] {logging_mixin.py:104} INFO - [2021-03-17 16:53:33,758] {dag.py:2273} INFO - Setting next_dagrun for example_xcom to 2021-03-15 00:00:00+00:00
[2021-03-17 16:53:33,775] {scheduler_job.py:190} INFO - Processing /Users/prathyusha/Desktop/pranathi/airflow_cnn_pipeline_final/airflow_test_env/lib/python3.7/site-packages/airflow/example_dags/example_xcom.py took 0.108 seconds
[2021-03-17 16:54:04,415] {scheduler_job.py:182} INFO - Started process (PID=29926) to work on /Users/prathyusha/Desktop/pranathi/airflow_cnn_pipeline_final/airflow_test_env/lib/python3.7/site-packages/airflow/example_dags/example_xcom.py
[2021-03-17 16:54:04,417] {scheduler_job.py:629} INFO - Processing file /Users/prathyusha/Desktop/pranathi/airflow_cnn_pipeline_final/airflow_test_env/lib/python3.7/site-packages/airflow/example_dags/example_xcom.py for tasks to queue
[2021-03-17 16:54:04,420] {logging_mixin.py:104} INFO - [2021-03-17 16:54:04,419] {dagbag.py:448} INFO - Filling up the DagBag from /Users/prathyusha/Desktop/pranathi/airflow_cnn_pipeline_final/airflow_test_env/lib/python3.7/site-packages/airflow/example_dags/example_xcom.py
[2021-03-17 16:54:04,442] {scheduler_job.py:639} INFO - DAG(s) dict_keys(['example_xcom']) retrieved from /Users/prathyusha/Desktop/pranathi/airflow_cnn_pipeline_final/airflow_test_env/lib/python3.7/site-packages/airflow/example_dags/example_xcom.py
[2021-03-17 16:54:04,464] {logging_mixin.py:104} INFO - [2021-03-17 16:54:04,463] {dag.py:1818} INFO - Sync 1 DAGs
[2021-03-17 16:54:04,479] {logging_mixin.py:104} INFO - [2021-03-17 16:54:04,479] {dag.py:2273} INFO - Setting next_dagrun for example_xcom to 2021-03-15 00:00:00+00:00
[2021-03-17 16:54:04,498] {scheduler_job.py:190} INFO - Processing /Users/prathyusha/Desktop/pranathi/airflow_cnn_pipeline_final/airflow_test_env/lib/python3.7/site-packages/airflow/example_dags/example_xcom.py took 0.090 seconds
[2021-03-17 16:54:40,033] {scheduler_job.py:182} INFO - Started process (PID=29987) to work on /Users/prathyusha/Desktop/pranathi/airflow_cnn_pipeline_final/airflow_test_env/lib/python3.7/site-packages/airflow/example_dags/example_xcom.py
[2021-03-17 16:54:40,036] {scheduler_job.py:629} INFO - Processing file /Users/prathyusha/Desktop/pranathi/airflow_cnn_pipeline_final/airflow_test_env/lib/python3.7/site-packages/airflow/example_dags/example_xcom.py for tasks to queue
[2021-03-17 16:54:40,038] {logging_mixin.py:104} INFO - [2021-03-17 16:54:40,037] {dagbag.py:448} INFO - Filling up the DagBag from /Users/prathyusha/Desktop/pranathi/airflow_cnn_pipeline_final/airflow_test_env/lib/python3.7/site-packages/airflow/example_dags/example_xcom.py
[2021-03-17 16:54:40,069] {scheduler_job.py:639} INFO - DAG(s) dict_keys(['example_xcom']) retrieved from /Users/prathyusha/Desktop/pranathi/airflow_cnn_pipeline_final/airflow_test_env/lib/python3.7/site-packages/airflow/example_dags/example_xcom.py
[2021-03-17 16:54:40,090] {logging_mixin.py:104} INFO - [2021-03-17 16:54:40,089] {dag.py:1818} INFO - Sync 1 DAGs
[2021-03-17 16:54:40,105] {logging_mixin.py:104} INFO - [2021-03-17 16:54:40,105] {dag.py:2273} INFO - Setting next_dagrun for example_xcom to 2021-03-15 00:00:00+00:00
[2021-03-17 16:54:40,120] {scheduler_job.py:190} INFO - Processing /Users/prathyusha/Desktop/pranathi/airflow_cnn_pipeline_final/airflow_test_env/lib/python3.7/site-packages/airflow/example_dags/example_xcom.py took 0.092 seconds
[2021-03-17 16:55:10,511] {scheduler_job.py:182} INFO - Started process (PID=30025) to work on /Users/prathyusha/Desktop/pranathi/airflow_cnn_pipeline_final/airflow_test_env/lib/python3.7/site-packages/airflow/example_dags/example_xcom.py
[2021-03-17 16:55:10,514] {scheduler_job.py:629} INFO - Processing file /Users/prathyusha/Desktop/pranathi/airflow_cnn_pipeline_final/airflow_test_env/lib/python3.7/site-packages/airflow/example_dags/example_xcom.py for tasks to queue
[2021-03-17 16:55:10,515] {logging_mixin.py:104} INFO - [2021-03-17 16:55:10,515] {dagbag.py:448} INFO - Filling up the DagBag from /Users/prathyusha/Desktop/pranathi/airflow_cnn_pipeline_final/airflow_test_env/lib/python3.7/site-packages/airflow/example_dags/example_xcom.py
[2021-03-17 16:55:10,533] {scheduler_job.py:639} INFO - DAG(s) dict_keys(['example_xcom']) retrieved from /Users/prathyusha/Desktop/pranathi/airflow_cnn_pipeline_final/airflow_test_env/lib/python3.7/site-packages/airflow/example_dags/example_xcom.py
[2021-03-17 16:55:10,549] {logging_mixin.py:104} INFO - [2021-03-17 16:55:10,548] {dag.py:1818} INFO - Sync 1 DAGs
[2021-03-17 16:55:10,563] {logging_mixin.py:104} INFO - [2021-03-17 16:55:10,563] {dag.py:2273} INFO - Setting next_dagrun for example_xcom to 2021-03-15 00:00:00+00:00
[2021-03-17 16:55:10,576] {scheduler_job.py:190} INFO - Processing /Users/prathyusha/Desktop/pranathi/airflow_cnn_pipeline_final/airflow_test_env/lib/python3.7/site-packages/airflow/example_dags/example_xcom.py took 0.070 seconds
[2021-03-17 16:55:41,289] {scheduler_job.py:182} INFO - Started process (PID=30074) to work on /Users/prathyusha/Desktop/pranathi/airflow_cnn_pipeline_final/airflow_test_env/lib/python3.7/site-packages/airflow/example_dags/example_xcom.py
[2021-03-17 16:55:41,291] {scheduler_job.py:629} INFO - Processing file /Users/prathyusha/Desktop/pranathi/airflow_cnn_pipeline_final/airflow_test_env/lib/python3.7/site-packages/airflow/example_dags/example_xcom.py for tasks to queue
[2021-03-17 16:55:41,292] {logging_mixin.py:104} INFO - [2021-03-17 16:55:41,292] {dagbag.py:448} INFO - Filling up the DagBag from /Users/prathyusha/Desktop/pranathi/airflow_cnn_pipeline_final/airflow_test_env/lib/python3.7/site-packages/airflow/example_dags/example_xcom.py
[2021-03-17 16:55:41,308] {scheduler_job.py:639} INFO - DAG(s) dict_keys(['example_xcom']) retrieved from /Users/prathyusha/Desktop/pranathi/airflow_cnn_pipeline_final/airflow_test_env/lib/python3.7/site-packages/airflow/example_dags/example_xcom.py
[2021-03-17 16:55:41,324] {logging_mixin.py:104} INFO - [2021-03-17 16:55:41,323] {dag.py:1818} INFO - Sync 1 DAGs
[2021-03-17 16:55:41,335] {logging_mixin.py:104} INFO - [2021-03-17 16:55:41,335] {dag.py:2273} INFO - Setting next_dagrun for example_xcom to 2021-03-15 00:00:00+00:00
[2021-03-17 16:55:41,344] {scheduler_job.py:190} INFO - Processing /Users/prathyusha/Desktop/pranathi/airflow_cnn_pipeline_final/airflow_test_env/lib/python3.7/site-packages/airflow/example_dags/example_xcom.py took 0.060 seconds
[2021-03-17 16:56:12,089] {scheduler_job.py:182} INFO - Started process (PID=30107) to work on /Users/prathyusha/Desktop/pranathi/airflow_cnn_pipeline_final/airflow_test_env/lib/python3.7/site-packages/airflow/example_dags/example_xcom.py
[2021-03-17 16:56:12,092] {scheduler_job.py:629} INFO - Processing file /Users/prathyusha/Desktop/pranathi/airflow_cnn_pipeline_final/airflow_test_env/lib/python3.7/site-packages/airflow/example_dags/example_xcom.py for tasks to queue
[2021-03-17 16:56:12,094] {logging_mixin.py:104} INFO - [2021-03-17 16:56:12,093] {dagbag.py:448} INFO - Filling up the DagBag from /Users/prathyusha/Desktop/pranathi/airflow_cnn_pipeline_final/airflow_test_env/lib/python3.7/site-packages/airflow/example_dags/example_xcom.py
[2021-03-17 16:56:12,122] {scheduler_job.py:639} INFO - DAG(s) dict_keys(['example_xcom']) retrieved from /Users/prathyusha/Desktop/pranathi/airflow_cnn_pipeline_final/airflow_test_env/lib/python3.7/site-packages/airflow/example_dags/example_xcom.py
[2021-03-17 16:56:12,146] {logging_mixin.py:104} INFO - [2021-03-17 16:56:12,145] {dag.py:1818} INFO - Sync 1 DAGs
[2021-03-17 16:56:12,162] {logging_mixin.py:104} INFO - [2021-03-17 16:56:12,162] {dag.py:2273} INFO - Setting next_dagrun for example_xcom to 2021-03-15 00:00:00+00:00
[2021-03-17 16:56:12,172] {scheduler_job.py:190} INFO - Processing /Users/prathyusha/Desktop/pranathi/airflow_cnn_pipeline_final/airflow_test_env/lib/python3.7/site-packages/airflow/example_dags/example_xcom.py took 0.088 seconds
[2021-03-17 16:56:45,427] {scheduler_job.py:182} INFO - Started process (PID=30146) to work on /Users/prathyusha/Desktop/pranathi/airflow_cnn_pipeline_final/airflow_test_env/lib/python3.7/site-packages/airflow/example_dags/example_xcom.py
[2021-03-17 16:56:45,429] {scheduler_job.py:629} INFO - Processing file /Users/prathyusha/Desktop/pranathi/airflow_cnn_pipeline_final/airflow_test_env/lib/python3.7/site-packages/airflow/example_dags/example_xcom.py for tasks to queue
[2021-03-17 16:56:45,431] {logging_mixin.py:104} INFO - [2021-03-17 16:56:45,430] {dagbag.py:448} INFO - Filling up the DagBag from /Users/prathyusha/Desktop/pranathi/airflow_cnn_pipeline_final/airflow_test_env/lib/python3.7/site-packages/airflow/example_dags/example_xcom.py
[2021-03-17 16:56:45,450] {scheduler_job.py:639} INFO - DAG(s) dict_keys(['example_xcom']) retrieved from /Users/prathyusha/Desktop/pranathi/airflow_cnn_pipeline_final/airflow_test_env/lib/python3.7/site-packages/airflow/example_dags/example_xcom.py
[2021-03-17 16:56:45,470] {logging_mixin.py:104} INFO - [2021-03-17 16:56:45,469] {dag.py:1818} INFO - Sync 1 DAGs
[2021-03-17 16:56:45,485] {logging_mixin.py:104} INFO - [2021-03-17 16:56:45,484] {dag.py:2273} INFO - Setting next_dagrun for example_xcom to 2021-03-15 00:00:00+00:00
[2021-03-17 16:56:45,496] {scheduler_job.py:190} INFO - Processing /Users/prathyusha/Desktop/pranathi/airflow_cnn_pipeline_final/airflow_test_env/lib/python3.7/site-packages/airflow/example_dags/example_xcom.py took 0.075 seconds
[2021-03-17 16:57:15,907] {scheduler_job.py:182} INFO - Started process (PID=30174) to work on /Users/prathyusha/Desktop/pranathi/airflow_cnn_pipeline_final/airflow_test_env/lib/python3.7/site-packages/airflow/example_dags/example_xcom.py
[2021-03-17 16:57:15,910] {scheduler_job.py:629} INFO - Processing file /Users/prathyusha/Desktop/pranathi/airflow_cnn_pipeline_final/airflow_test_env/lib/python3.7/site-packages/airflow/example_dags/example_xcom.py for tasks to queue
[2021-03-17 16:57:15,912] {logging_mixin.py:104} INFO - [2021-03-17 16:57:15,911] {dagbag.py:448} INFO - Filling up the DagBag from /Users/prathyusha/Desktop/pranathi/airflow_cnn_pipeline_final/airflow_test_env/lib/python3.7/site-packages/airflow/example_dags/example_xcom.py
[2021-03-17 16:57:15,928] {scheduler_job.py:639} INFO - DAG(s) dict_keys(['example_xcom']) retrieved from /Users/prathyusha/Desktop/pranathi/airflow_cnn_pipeline_final/airflow_test_env/lib/python3.7/site-packages/airflow/example_dags/example_xcom.py
[2021-03-17 16:57:15,944] {logging_mixin.py:104} INFO - [2021-03-17 16:57:15,944] {dag.py:1818} INFO - Sync 1 DAGs
[2021-03-17 16:57:15,961] {logging_mixin.py:104} INFO - [2021-03-17 16:57:15,960] {dag.py:2273} INFO - Setting next_dagrun for example_xcom to 2021-03-15 00:00:00+00:00
[2021-03-17 16:57:15,969] {scheduler_job.py:190} INFO - Processing /Users/prathyusha/Desktop/pranathi/airflow_cnn_pipeline_final/airflow_test_env/lib/python3.7/site-packages/airflow/example_dags/example_xcom.py took 0.066 seconds
[2021-03-17 16:57:46,348] {scheduler_job.py:182} INFO - Started process (PID=30216) to work on /Users/prathyusha/Desktop/pranathi/airflow_cnn_pipeline_final/airflow_test_env/lib/python3.7/site-packages/airflow/example_dags/example_xcom.py
[2021-03-17 16:57:46,352] {scheduler_job.py:629} INFO - Processing file /Users/prathyusha/Desktop/pranathi/airflow_cnn_pipeline_final/airflow_test_env/lib/python3.7/site-packages/airflow/example_dags/example_xcom.py for tasks to queue
[2021-03-17 16:57:46,357] {logging_mixin.py:104} INFO - [2021-03-17 16:57:46,354] {dagbag.py:448} INFO - Filling up the DagBag from /Users/prathyusha/Desktop/pranathi/airflow_cnn_pipeline_final/airflow_test_env/lib/python3.7/site-packages/airflow/example_dags/example_xcom.py
[2021-03-17 16:57:46,396] {scheduler_job.py:639} INFO - DAG(s) dict_keys(['example_xcom']) retrieved from /Users/prathyusha/Desktop/pranathi/airflow_cnn_pipeline_final/airflow_test_env/lib/python3.7/site-packages/airflow/example_dags/example_xcom.py
[2021-03-17 16:57:46,435] {logging_mixin.py:104} INFO - [2021-03-17 16:57:46,434] {dag.py:1818} INFO - Sync 1 DAGs
[2021-03-17 16:57:46,480] {logging_mixin.py:104} INFO - [2021-03-17 16:57:46,478] {dag.py:2273} INFO - Setting next_dagrun for example_xcom to 2021-03-15 00:00:00+00:00
[2021-03-17 16:57:46,563] {scheduler_job.py:190} INFO - Processing /Users/prathyusha/Desktop/pranathi/airflow_cnn_pipeline_final/airflow_test_env/lib/python3.7/site-packages/airflow/example_dags/example_xcom.py took 0.220 seconds
[2021-03-17 16:58:22,662] {scheduler_job.py:182} INFO - Started process (PID=30267) to work on /Users/prathyusha/Desktop/pranathi/airflow_cnn_pipeline_final/airflow_test_env/lib/python3.7/site-packages/airflow/example_dags/example_xcom.py
[2021-03-17 16:58:22,664] {scheduler_job.py:629} INFO - Processing file /Users/prathyusha/Desktop/pranathi/airflow_cnn_pipeline_final/airflow_test_env/lib/python3.7/site-packages/airflow/example_dags/example_xcom.py for tasks to queue
[2021-03-17 16:58:22,666] {logging_mixin.py:104} INFO - [2021-03-17 16:58:22,666] {dagbag.py:448} INFO - Filling up the DagBag from /Users/prathyusha/Desktop/pranathi/airflow_cnn_pipeline_final/airflow_test_env/lib/python3.7/site-packages/airflow/example_dags/example_xcom.py
[2021-03-17 16:58:22,687] {scheduler_job.py:639} INFO - DAG(s) dict_keys(['example_xcom']) retrieved from /Users/prathyusha/Desktop/pranathi/airflow_cnn_pipeline_final/airflow_test_env/lib/python3.7/site-packages/airflow/example_dags/example_xcom.py
[2021-03-17 16:58:22,715] {logging_mixin.py:104} INFO - [2021-03-17 16:58:22,714] {dag.py:1818} INFO - Sync 1 DAGs
[2021-03-17 16:58:22,739] {logging_mixin.py:104} INFO - [2021-03-17 16:58:22,739] {dag.py:2273} INFO - Setting next_dagrun for example_xcom to 2021-03-15 00:00:00+00:00
[2021-03-17 16:58:22,768] {scheduler_job.py:190} INFO - Processing /Users/prathyusha/Desktop/pranathi/airflow_cnn_pipeline_final/airflow_test_env/lib/python3.7/site-packages/airflow/example_dags/example_xcom.py took 0.112 seconds
[2021-03-17 16:58:59,594] {scheduler_job.py:182} INFO - Started process (PID=30326) to work on /Users/prathyusha/Desktop/pranathi/airflow_cnn_pipeline_final/airflow_test_env/lib/python3.7/site-packages/airflow/example_dags/example_xcom.py
[2021-03-17 16:58:59,605] {scheduler_job.py:629} INFO - Processing file /Users/prathyusha/Desktop/pranathi/airflow_cnn_pipeline_final/airflow_test_env/lib/python3.7/site-packages/airflow/example_dags/example_xcom.py for tasks to queue
[2021-03-17 16:58:59,610] {logging_mixin.py:104} INFO - [2021-03-17 16:58:59,609] {dagbag.py:448} INFO - Filling up the DagBag from /Users/prathyusha/Desktop/pranathi/airflow_cnn_pipeline_final/airflow_test_env/lib/python3.7/site-packages/airflow/example_dags/example_xcom.py
[2021-03-17 16:58:59,784] {scheduler_job.py:639} INFO - DAG(s) dict_keys(['example_xcom']) retrieved from /Users/prathyusha/Desktop/pranathi/airflow_cnn_pipeline_final/airflow_test_env/lib/python3.7/site-packages/airflow/example_dags/example_xcom.py
[2021-03-17 16:58:59,870] {logging_mixin.py:104} INFO - [2021-03-17 16:58:59,869] {dag.py:1818} INFO - Sync 1 DAGs
[2021-03-17 16:58:59,911] {logging_mixin.py:104} INFO - [2021-03-17 16:58:59,910] {dag.py:2273} INFO - Setting next_dagrun for example_xcom to 2021-03-15 00:00:00+00:00
[2021-03-17 16:59:00,090] {scheduler_job.py:190} INFO - Processing /Users/prathyusha/Desktop/pranathi/airflow_cnn_pipeline_final/airflow_test_env/lib/python3.7/site-packages/airflow/example_dags/example_xcom.py took 0.511 seconds
[2021-03-17 16:59:31,592] {scheduler_job.py:182} INFO - Started process (PID=30376) to work on /Users/prathyusha/Desktop/pranathi/airflow_cnn_pipeline_final/airflow_test_env/lib/python3.7/site-packages/airflow/example_dags/example_xcom.py
[2021-03-17 16:59:31,595] {scheduler_job.py:629} INFO - Processing file /Users/prathyusha/Desktop/pranathi/airflow_cnn_pipeline_final/airflow_test_env/lib/python3.7/site-packages/airflow/example_dags/example_xcom.py for tasks to queue
[2021-03-17 16:59:31,598] {logging_mixin.py:104} INFO - [2021-03-17 16:59:31,596] {dagbag.py:448} INFO - Filling up the DagBag from /Users/prathyusha/Desktop/pranathi/airflow_cnn_pipeline_final/airflow_test_env/lib/python3.7/site-packages/airflow/example_dags/example_xcom.py
[2021-03-17 16:59:31,621] {scheduler_job.py:639} INFO - DAG(s) dict_keys(['example_xcom']) retrieved from /Users/prathyusha/Desktop/pranathi/airflow_cnn_pipeline_final/airflow_test_env/lib/python3.7/site-packages/airflow/example_dags/example_xcom.py
[2021-03-17 16:59:31,647] {logging_mixin.py:104} INFO - [2021-03-17 16:59:31,645] {dag.py:1818} INFO - Sync 1 DAGs
[2021-03-17 16:59:31,670] {logging_mixin.py:104} INFO - [2021-03-17 16:59:31,670] {dag.py:2273} INFO - Setting next_dagrun for example_xcom to 2021-03-15 00:00:00+00:00
[2021-03-17 16:59:31,689] {scheduler_job.py:190} INFO - Processing /Users/prathyusha/Desktop/pranathi/airflow_cnn_pipeline_final/airflow_test_env/lib/python3.7/site-packages/airflow/example_dags/example_xcom.py took 0.103 seconds
