[2021-03-17 16:32:27,893] {scheduler_job.py:182} INFO - Started process (PID=28228) to work on /Users/prathyusha/Desktop/pranathi/airflow_cnn_pipeline_final/airflow_test_env/lib/python3.7/site-packages/airflow/example_dags/example_branch_python_dop_operator_3.py
[2021-03-17 16:32:27,895] {scheduler_job.py:629} INFO - Processing file /Users/prathyusha/Desktop/pranathi/airflow_cnn_pipeline_final/airflow_test_env/lib/python3.7/site-packages/airflow/example_dags/example_branch_python_dop_operator_3.py for tasks to queue
[2021-03-17 16:32:27,896] {logging_mixin.py:104} INFO - [2021-03-17 16:32:27,896] {dagbag.py:448} INFO - Filling up the DagBag from /Users/prathyusha/Desktop/pranathi/airflow_cnn_pipeline_final/airflow_test_env/lib/python3.7/site-packages/airflow/example_dags/example_branch_python_dop_operator_3.py
[2021-03-17 16:32:27,915] {scheduler_job.py:639} INFO - DAG(s) dict_keys(['example_branch_dop_operator_v3']) retrieved from /Users/prathyusha/Desktop/pranathi/airflow_cnn_pipeline_final/airflow_test_env/lib/python3.7/site-packages/airflow/example_dags/example_branch_python_dop_operator_3.py
[2021-03-17 16:32:27,934] {logging_mixin.py:104} INFO - [2021-03-17 16:32:27,934] {dag.py:1818} INFO - Sync 1 DAGs
[2021-03-17 16:32:27,982] {logging_mixin.py:104} INFO - [2021-03-17 16:32:27,982] {dag.py:2273} INFO - Setting next_dagrun for example_branch_dop_operator_v3 to 2021-03-15 00:00:00+00:00
[2021-03-17 16:32:27,996] {scheduler_job.py:190} INFO - Processing /Users/prathyusha/Desktop/pranathi/airflow_cnn_pipeline_final/airflow_test_env/lib/python3.7/site-packages/airflow/example_dags/example_branch_python_dop_operator_3.py took 0.107 seconds
[2021-03-17 16:33:01,217] {scheduler_job.py:182} INFO - Started process (PID=28279) to work on /Users/prathyusha/Desktop/pranathi/airflow_cnn_pipeline_final/airflow_test_env/lib/python3.7/site-packages/airflow/example_dags/example_branch_python_dop_operator_3.py
[2021-03-17 16:33:01,220] {scheduler_job.py:629} INFO - Processing file /Users/prathyusha/Desktop/pranathi/airflow_cnn_pipeline_final/airflow_test_env/lib/python3.7/site-packages/airflow/example_dags/example_branch_python_dop_operator_3.py for tasks to queue
[2021-03-17 16:33:01,221] {logging_mixin.py:104} INFO - [2021-03-17 16:33:01,220] {dagbag.py:448} INFO - Filling up the DagBag from /Users/prathyusha/Desktop/pranathi/airflow_cnn_pipeline_final/airflow_test_env/lib/python3.7/site-packages/airflow/example_dags/example_branch_python_dop_operator_3.py
[2021-03-17 16:33:01,238] {scheduler_job.py:639} INFO - DAG(s) dict_keys(['example_branch_dop_operator_v3']) retrieved from /Users/prathyusha/Desktop/pranathi/airflow_cnn_pipeline_final/airflow_test_env/lib/python3.7/site-packages/airflow/example_dags/example_branch_python_dop_operator_3.py
[2021-03-17 16:33:01,254] {logging_mixin.py:104} INFO - [2021-03-17 16:33:01,253] {dag.py:1818} INFO - Sync 1 DAGs
[2021-03-17 16:33:01,282] {logging_mixin.py:104} INFO - [2021-03-17 16:33:01,282] {dag.py:2273} INFO - Setting next_dagrun for example_branch_dop_operator_v3 to 2021-03-15 00:00:00+00:00
[2021-03-17 16:33:01,290] {scheduler_job.py:190} INFO - Processing /Users/prathyusha/Desktop/pranathi/airflow_cnn_pipeline_final/airflow_test_env/lib/python3.7/site-packages/airflow/example_dags/example_branch_python_dop_operator_3.py took 0.077 seconds
[2021-03-17 16:33:32,055] {scheduler_job.py:182} INFO - Started process (PID=28308) to work on /Users/prathyusha/Desktop/pranathi/airflow_cnn_pipeline_final/airflow_test_env/lib/python3.7/site-packages/airflow/example_dags/example_branch_python_dop_operator_3.py
[2021-03-17 16:33:32,056] {scheduler_job.py:629} INFO - Processing file /Users/prathyusha/Desktop/pranathi/airflow_cnn_pipeline_final/airflow_test_env/lib/python3.7/site-packages/airflow/example_dags/example_branch_python_dop_operator_3.py for tasks to queue
[2021-03-17 16:33:32,057] {logging_mixin.py:104} INFO - [2021-03-17 16:33:32,057] {dagbag.py:448} INFO - Filling up the DagBag from /Users/prathyusha/Desktop/pranathi/airflow_cnn_pipeline_final/airflow_test_env/lib/python3.7/site-packages/airflow/example_dags/example_branch_python_dop_operator_3.py
[2021-03-17 16:33:32,075] {scheduler_job.py:639} INFO - DAG(s) dict_keys(['example_branch_dop_operator_v3']) retrieved from /Users/prathyusha/Desktop/pranathi/airflow_cnn_pipeline_final/airflow_test_env/lib/python3.7/site-packages/airflow/example_dags/example_branch_python_dop_operator_3.py
[2021-03-17 16:33:32,094] {logging_mixin.py:104} INFO - [2021-03-17 16:33:32,094] {dag.py:1818} INFO - Sync 1 DAGs
[2021-03-17 16:33:32,131] {logging_mixin.py:104} INFO - [2021-03-17 16:33:32,131] {dag.py:2273} INFO - Setting next_dagrun for example_branch_dop_operator_v3 to 2021-03-15 00:00:00+00:00
[2021-03-17 16:33:32,143] {scheduler_job.py:190} INFO - Processing /Users/prathyusha/Desktop/pranathi/airflow_cnn_pipeline_final/airflow_test_env/lib/python3.7/site-packages/airflow/example_dags/example_branch_python_dop_operator_3.py took 0.092 seconds
[2021-03-17 16:34:02,770] {scheduler_job.py:182} INFO - Started process (PID=28343) to work on /Users/prathyusha/Desktop/pranathi/airflow_cnn_pipeline_final/airflow_test_env/lib/python3.7/site-packages/airflow/example_dags/example_branch_python_dop_operator_3.py
[2021-03-17 16:34:02,772] {scheduler_job.py:629} INFO - Processing file /Users/prathyusha/Desktop/pranathi/airflow_cnn_pipeline_final/airflow_test_env/lib/python3.7/site-packages/airflow/example_dags/example_branch_python_dop_operator_3.py for tasks to queue
[2021-03-17 16:34:02,774] {logging_mixin.py:104} INFO - [2021-03-17 16:34:02,773] {dagbag.py:448} INFO - Filling up the DagBag from /Users/prathyusha/Desktop/pranathi/airflow_cnn_pipeline_final/airflow_test_env/lib/python3.7/site-packages/airflow/example_dags/example_branch_python_dop_operator_3.py
[2021-03-17 16:34:02,792] {scheduler_job.py:639} INFO - DAG(s) dict_keys(['example_branch_dop_operator_v3']) retrieved from /Users/prathyusha/Desktop/pranathi/airflow_cnn_pipeline_final/airflow_test_env/lib/python3.7/site-packages/airflow/example_dags/example_branch_python_dop_operator_3.py
[2021-03-17 16:34:02,806] {logging_mixin.py:104} INFO - [2021-03-17 16:34:02,806] {dag.py:1818} INFO - Sync 1 DAGs
[2021-03-17 16:34:02,833] {logging_mixin.py:104} INFO - [2021-03-17 16:34:02,832] {dag.py:2273} INFO - Setting next_dagrun for example_branch_dop_operator_v3 to 2021-03-15 00:00:00+00:00
[2021-03-17 16:34:02,841] {scheduler_job.py:190} INFO - Processing /Users/prathyusha/Desktop/pranathi/airflow_cnn_pipeline_final/airflow_test_env/lib/python3.7/site-packages/airflow/example_dags/example_branch_python_dop_operator_3.py took 0.074 seconds
[2021-03-17 16:34:33,621] {scheduler_job.py:182} INFO - Started process (PID=28372) to work on /Users/prathyusha/Desktop/pranathi/airflow_cnn_pipeline_final/airflow_test_env/lib/python3.7/site-packages/airflow/example_dags/example_branch_python_dop_operator_3.py
[2021-03-17 16:34:33,623] {scheduler_job.py:629} INFO - Processing file /Users/prathyusha/Desktop/pranathi/airflow_cnn_pipeline_final/airflow_test_env/lib/python3.7/site-packages/airflow/example_dags/example_branch_python_dop_operator_3.py for tasks to queue
[2021-03-17 16:34:33,625] {logging_mixin.py:104} INFO - [2021-03-17 16:34:33,624] {dagbag.py:448} INFO - Filling up the DagBag from /Users/prathyusha/Desktop/pranathi/airflow_cnn_pipeline_final/airflow_test_env/lib/python3.7/site-packages/airflow/example_dags/example_branch_python_dop_operator_3.py
[2021-03-17 16:34:33,644] {scheduler_job.py:639} INFO - DAG(s) dict_keys(['example_branch_dop_operator_v3']) retrieved from /Users/prathyusha/Desktop/pranathi/airflow_cnn_pipeline_final/airflow_test_env/lib/python3.7/site-packages/airflow/example_dags/example_branch_python_dop_operator_3.py
[2021-03-17 16:34:33,663] {logging_mixin.py:104} INFO - [2021-03-17 16:34:33,663] {dag.py:1818} INFO - Sync 1 DAGs
[2021-03-17 16:34:33,701] {logging_mixin.py:104} INFO - [2021-03-17 16:34:33,701] {dag.py:2273} INFO - Setting next_dagrun for example_branch_dop_operator_v3 to 2021-03-15 00:00:00+00:00
[2021-03-17 16:34:33,712] {scheduler_job.py:190} INFO - Processing /Users/prathyusha/Desktop/pranathi/airflow_cnn_pipeline_final/airflow_test_env/lib/python3.7/site-packages/airflow/example_dags/example_branch_python_dop_operator_3.py took 0.095 seconds
[2021-03-17 16:35:04,314] {scheduler_job.py:182} INFO - Started process (PID=28408) to work on /Users/prathyusha/Desktop/pranathi/airflow_cnn_pipeline_final/airflow_test_env/lib/python3.7/site-packages/airflow/example_dags/example_branch_python_dop_operator_3.py
[2021-03-17 16:35:04,316] {scheduler_job.py:629} INFO - Processing file /Users/prathyusha/Desktop/pranathi/airflow_cnn_pipeline_final/airflow_test_env/lib/python3.7/site-packages/airflow/example_dags/example_branch_python_dop_operator_3.py for tasks to queue
[2021-03-17 16:35:04,318] {logging_mixin.py:104} INFO - [2021-03-17 16:35:04,318] {dagbag.py:448} INFO - Filling up the DagBag from /Users/prathyusha/Desktop/pranathi/airflow_cnn_pipeline_final/airflow_test_env/lib/python3.7/site-packages/airflow/example_dags/example_branch_python_dop_operator_3.py
[2021-03-17 16:35:04,340] {scheduler_job.py:639} INFO - DAG(s) dict_keys(['example_branch_dop_operator_v3']) retrieved from /Users/prathyusha/Desktop/pranathi/airflow_cnn_pipeline_final/airflow_test_env/lib/python3.7/site-packages/airflow/example_dags/example_branch_python_dop_operator_3.py
[2021-03-17 16:35:04,355] {logging_mixin.py:104} INFO - [2021-03-17 16:35:04,355] {dag.py:1818} INFO - Sync 1 DAGs
[2021-03-17 16:35:04,399] {logging_mixin.py:104} INFO - [2021-03-17 16:35:04,398] {dag.py:2273} INFO - Setting next_dagrun for example_branch_dop_operator_v3 to 2021-03-15 00:00:00+00:00
[2021-03-17 16:35:04,409] {scheduler_job.py:190} INFO - Processing /Users/prathyusha/Desktop/pranathi/airflow_cnn_pipeline_final/airflow_test_env/lib/python3.7/site-packages/airflow/example_dags/example_branch_python_dop_operator_3.py took 0.099 seconds
[2021-03-17 16:35:35,271] {scheduler_job.py:182} INFO - Started process (PID=28439) to work on /Users/prathyusha/Desktop/pranathi/airflow_cnn_pipeline_final/airflow_test_env/lib/python3.7/site-packages/airflow/example_dags/example_branch_python_dop_operator_3.py
[2021-03-17 16:35:35,274] {scheduler_job.py:629} INFO - Processing file /Users/prathyusha/Desktop/pranathi/airflow_cnn_pipeline_final/airflow_test_env/lib/python3.7/site-packages/airflow/example_dags/example_branch_python_dop_operator_3.py for tasks to queue
[2021-03-17 16:35:35,276] {logging_mixin.py:104} INFO - [2021-03-17 16:35:35,275] {dagbag.py:448} INFO - Filling up the DagBag from /Users/prathyusha/Desktop/pranathi/airflow_cnn_pipeline_final/airflow_test_env/lib/python3.7/site-packages/airflow/example_dags/example_branch_python_dop_operator_3.py
[2021-03-17 16:35:35,305] {scheduler_job.py:639} INFO - DAG(s) dict_keys(['example_branch_dop_operator_v3']) retrieved from /Users/prathyusha/Desktop/pranathi/airflow_cnn_pipeline_final/airflow_test_env/lib/python3.7/site-packages/airflow/example_dags/example_branch_python_dop_operator_3.py
[2021-03-17 16:35:35,331] {logging_mixin.py:104} INFO - [2021-03-17 16:35:35,329] {dag.py:1818} INFO - Sync 1 DAGs
[2021-03-17 16:35:35,437] {logging_mixin.py:104} INFO - [2021-03-17 16:35:35,436] {dag.py:2273} INFO - Setting next_dagrun for example_branch_dop_operator_v3 to 2021-03-15 00:00:00+00:00
[2021-03-17 16:35:35,451] {scheduler_job.py:190} INFO - Processing /Users/prathyusha/Desktop/pranathi/airflow_cnn_pipeline_final/airflow_test_env/lib/python3.7/site-packages/airflow/example_dags/example_branch_python_dop_operator_3.py took 0.185 seconds
[2021-03-17 16:36:05,947] {scheduler_job.py:182} INFO - Started process (PID=28481) to work on /Users/prathyusha/Desktop/pranathi/airflow_cnn_pipeline_final/airflow_test_env/lib/python3.7/site-packages/airflow/example_dags/example_branch_python_dop_operator_3.py
[2021-03-17 16:36:05,949] {scheduler_job.py:629} INFO - Processing file /Users/prathyusha/Desktop/pranathi/airflow_cnn_pipeline_final/airflow_test_env/lib/python3.7/site-packages/airflow/example_dags/example_branch_python_dop_operator_3.py for tasks to queue
[2021-03-17 16:36:05,950] {logging_mixin.py:104} INFO - [2021-03-17 16:36:05,950] {dagbag.py:448} INFO - Filling up the DagBag from /Users/prathyusha/Desktop/pranathi/airflow_cnn_pipeline_final/airflow_test_env/lib/python3.7/site-packages/airflow/example_dags/example_branch_python_dop_operator_3.py
[2021-03-17 16:36:05,969] {scheduler_job.py:639} INFO - DAG(s) dict_keys(['example_branch_dop_operator_v3']) retrieved from /Users/prathyusha/Desktop/pranathi/airflow_cnn_pipeline_final/airflow_test_env/lib/python3.7/site-packages/airflow/example_dags/example_branch_python_dop_operator_3.py
[2021-03-17 16:36:05,986] {logging_mixin.py:104} INFO - [2021-03-17 16:36:05,985] {dag.py:1818} INFO - Sync 1 DAGs
[2021-03-17 16:36:06,014] {logging_mixin.py:104} INFO - [2021-03-17 16:36:06,014] {dag.py:2273} INFO - Setting next_dagrun for example_branch_dop_operator_v3 to 2021-03-15 00:00:00+00:00
[2021-03-17 16:36:06,023] {scheduler_job.py:190} INFO - Processing /Users/prathyusha/Desktop/pranathi/airflow_cnn_pipeline_final/airflow_test_env/lib/python3.7/site-packages/airflow/example_dags/example_branch_python_dop_operator_3.py took 0.081 seconds
[2021-03-17 16:36:36,800] {scheduler_job.py:182} INFO - Started process (PID=28514) to work on /Users/prathyusha/Desktop/pranathi/airflow_cnn_pipeline_final/airflow_test_env/lib/python3.7/site-packages/airflow/example_dags/example_branch_python_dop_operator_3.py
[2021-03-17 16:36:36,802] {scheduler_job.py:629} INFO - Processing file /Users/prathyusha/Desktop/pranathi/airflow_cnn_pipeline_final/airflow_test_env/lib/python3.7/site-packages/airflow/example_dags/example_branch_python_dop_operator_3.py for tasks to queue
[2021-03-17 16:36:36,803] {logging_mixin.py:104} INFO - [2021-03-17 16:36:36,803] {dagbag.py:448} INFO - Filling up the DagBag from /Users/prathyusha/Desktop/pranathi/airflow_cnn_pipeline_final/airflow_test_env/lib/python3.7/site-packages/airflow/example_dags/example_branch_python_dop_operator_3.py
[2021-03-17 16:36:36,830] {scheduler_job.py:639} INFO - DAG(s) dict_keys(['example_branch_dop_operator_v3']) retrieved from /Users/prathyusha/Desktop/pranathi/airflow_cnn_pipeline_final/airflow_test_env/lib/python3.7/site-packages/airflow/example_dags/example_branch_python_dop_operator_3.py
[2021-03-17 16:36:36,856] {logging_mixin.py:104} INFO - [2021-03-17 16:36:36,855] {dag.py:1818} INFO - Sync 1 DAGs
[2021-03-17 16:36:36,902] {logging_mixin.py:104} INFO - [2021-03-17 16:36:36,902] {dag.py:2273} INFO - Setting next_dagrun for example_branch_dop_operator_v3 to 2021-03-15 00:00:00+00:00
[2021-03-17 16:36:36,916] {scheduler_job.py:190} INFO - Processing /Users/prathyusha/Desktop/pranathi/airflow_cnn_pipeline_final/airflow_test_env/lib/python3.7/site-packages/airflow/example_dags/example_branch_python_dop_operator_3.py took 0.122 seconds
[2021-03-17 16:37:07,633] {scheduler_job.py:182} INFO - Started process (PID=28544) to work on /Users/prathyusha/Desktop/pranathi/airflow_cnn_pipeline_final/airflow_test_env/lib/python3.7/site-packages/airflow/example_dags/example_branch_python_dop_operator_3.py
[2021-03-17 16:37:07,634] {scheduler_job.py:629} INFO - Processing file /Users/prathyusha/Desktop/pranathi/airflow_cnn_pipeline_final/airflow_test_env/lib/python3.7/site-packages/airflow/example_dags/example_branch_python_dop_operator_3.py for tasks to queue
[2021-03-17 16:37:07,636] {logging_mixin.py:104} INFO - [2021-03-17 16:37:07,636] {dagbag.py:448} INFO - Filling up the DagBag from /Users/prathyusha/Desktop/pranathi/airflow_cnn_pipeline_final/airflow_test_env/lib/python3.7/site-packages/airflow/example_dags/example_branch_python_dop_operator_3.py
[2021-03-17 16:37:07,652] {scheduler_job.py:639} INFO - DAG(s) dict_keys(['example_branch_dop_operator_v3']) retrieved from /Users/prathyusha/Desktop/pranathi/airflow_cnn_pipeline_final/airflow_test_env/lib/python3.7/site-packages/airflow/example_dags/example_branch_python_dop_operator_3.py
[2021-03-17 16:37:07,667] {logging_mixin.py:104} INFO - [2021-03-17 16:37:07,667] {dag.py:1818} INFO - Sync 1 DAGs
[2021-03-17 16:37:07,704] {logging_mixin.py:104} INFO - [2021-03-17 16:37:07,703] {dag.py:2273} INFO - Setting next_dagrun for example_branch_dop_operator_v3 to 2021-03-15 00:00:00+00:00
[2021-03-17 16:37:07,714] {scheduler_job.py:190} INFO - Processing /Users/prathyusha/Desktop/pranathi/airflow_cnn_pipeline_final/airflow_test_env/lib/python3.7/site-packages/airflow/example_dags/example_branch_python_dop_operator_3.py took 0.085 seconds
[2021-03-17 16:37:38,482] {scheduler_job.py:182} INFO - Started process (PID=28577) to work on /Users/prathyusha/Desktop/pranathi/airflow_cnn_pipeline_final/airflow_test_env/lib/python3.7/site-packages/airflow/example_dags/example_branch_python_dop_operator_3.py
[2021-03-17 16:37:38,484] {scheduler_job.py:629} INFO - Processing file /Users/prathyusha/Desktop/pranathi/airflow_cnn_pipeline_final/airflow_test_env/lib/python3.7/site-packages/airflow/example_dags/example_branch_python_dop_operator_3.py for tasks to queue
[2021-03-17 16:37:38,486] {logging_mixin.py:104} INFO - [2021-03-17 16:37:38,485] {dagbag.py:448} INFO - Filling up the DagBag from /Users/prathyusha/Desktop/pranathi/airflow_cnn_pipeline_final/airflow_test_env/lib/python3.7/site-packages/airflow/example_dags/example_branch_python_dop_operator_3.py
[2021-03-17 16:37:38,507] {scheduler_job.py:639} INFO - DAG(s) dict_keys(['example_branch_dop_operator_v3']) retrieved from /Users/prathyusha/Desktop/pranathi/airflow_cnn_pipeline_final/airflow_test_env/lib/python3.7/site-packages/airflow/example_dags/example_branch_python_dop_operator_3.py
[2021-03-17 16:37:38,526] {logging_mixin.py:104} INFO - [2021-03-17 16:37:38,526] {dag.py:1818} INFO - Sync 1 DAGs
[2021-03-17 16:37:38,563] {logging_mixin.py:104} INFO - [2021-03-17 16:37:38,562] {dag.py:2273} INFO - Setting next_dagrun for example_branch_dop_operator_v3 to 2021-03-15 00:00:00+00:00
[2021-03-17 16:37:38,574] {scheduler_job.py:190} INFO - Processing /Users/prathyusha/Desktop/pranathi/airflow_cnn_pipeline_final/airflow_test_env/lib/python3.7/site-packages/airflow/example_dags/example_branch_python_dop_operator_3.py took 0.097 seconds
[2021-03-17 16:38:09,219] {scheduler_job.py:182} INFO - Started process (PID=28608) to work on /Users/prathyusha/Desktop/pranathi/airflow_cnn_pipeline_final/airflow_test_env/lib/python3.7/site-packages/airflow/example_dags/example_branch_python_dop_operator_3.py
[2021-03-17 16:38:09,221] {scheduler_job.py:629} INFO - Processing file /Users/prathyusha/Desktop/pranathi/airflow_cnn_pipeline_final/airflow_test_env/lib/python3.7/site-packages/airflow/example_dags/example_branch_python_dop_operator_3.py for tasks to queue
[2021-03-17 16:38:09,222] {logging_mixin.py:104} INFO - [2021-03-17 16:38:09,222] {dagbag.py:448} INFO - Filling up the DagBag from /Users/prathyusha/Desktop/pranathi/airflow_cnn_pipeline_final/airflow_test_env/lib/python3.7/site-packages/airflow/example_dags/example_branch_python_dop_operator_3.py
[2021-03-17 16:38:09,242] {scheduler_job.py:639} INFO - DAG(s) dict_keys(['example_branch_dop_operator_v3']) retrieved from /Users/prathyusha/Desktop/pranathi/airflow_cnn_pipeline_final/airflow_test_env/lib/python3.7/site-packages/airflow/example_dags/example_branch_python_dop_operator_3.py
[2021-03-17 16:38:09,260] {logging_mixin.py:104} INFO - [2021-03-17 16:38:09,260] {dag.py:1818} INFO - Sync 1 DAGs
[2021-03-17 16:38:09,293] {logging_mixin.py:104} INFO - [2021-03-17 16:38:09,292] {dag.py:2273} INFO - Setting next_dagrun for example_branch_dop_operator_v3 to 2021-03-15 00:00:00+00:00
[2021-03-17 16:38:09,302] {scheduler_job.py:190} INFO - Processing /Users/prathyusha/Desktop/pranathi/airflow_cnn_pipeline_final/airflow_test_env/lib/python3.7/site-packages/airflow/example_dags/example_branch_python_dop_operator_3.py took 0.087 seconds
[2021-03-17 16:38:40,072] {scheduler_job.py:182} INFO - Started process (PID=28666) to work on /Users/prathyusha/Desktop/pranathi/airflow_cnn_pipeline_final/airflow_test_env/lib/python3.7/site-packages/airflow/example_dags/example_branch_python_dop_operator_3.py
[2021-03-17 16:38:40,074] {scheduler_job.py:629} INFO - Processing file /Users/prathyusha/Desktop/pranathi/airflow_cnn_pipeline_final/airflow_test_env/lib/python3.7/site-packages/airflow/example_dags/example_branch_python_dop_operator_3.py for tasks to queue
[2021-03-17 16:38:40,077] {logging_mixin.py:104} INFO - [2021-03-17 16:38:40,076] {dagbag.py:448} INFO - Filling up the DagBag from /Users/prathyusha/Desktop/pranathi/airflow_cnn_pipeline_final/airflow_test_env/lib/python3.7/site-packages/airflow/example_dags/example_branch_python_dop_operator_3.py
[2021-03-17 16:38:40,109] {scheduler_job.py:639} INFO - DAG(s) dict_keys(['example_branch_dop_operator_v3']) retrieved from /Users/prathyusha/Desktop/pranathi/airflow_cnn_pipeline_final/airflow_test_env/lib/python3.7/site-packages/airflow/example_dags/example_branch_python_dop_operator_3.py
[2021-03-17 16:38:40,131] {logging_mixin.py:104} INFO - [2021-03-17 16:38:40,131] {dag.py:1818} INFO - Sync 1 DAGs
[2021-03-17 16:38:40,180] {logging_mixin.py:104} INFO - [2021-03-17 16:38:40,179] {dag.py:2273} INFO - Setting next_dagrun for example_branch_dop_operator_v3 to 2021-03-15 00:00:00+00:00
[2021-03-17 16:38:40,191] {scheduler_job.py:190} INFO - Processing /Users/prathyusha/Desktop/pranathi/airflow_cnn_pipeline_final/airflow_test_env/lib/python3.7/site-packages/airflow/example_dags/example_branch_python_dop_operator_3.py took 0.124 seconds
[2021-03-17 16:39:10,918] {scheduler_job.py:182} INFO - Started process (PID=28722) to work on /Users/prathyusha/Desktop/pranathi/airflow_cnn_pipeline_final/airflow_test_env/lib/python3.7/site-packages/airflow/example_dags/example_branch_python_dop_operator_3.py
[2021-03-17 16:39:10,920] {scheduler_job.py:629} INFO - Processing file /Users/prathyusha/Desktop/pranathi/airflow_cnn_pipeline_final/airflow_test_env/lib/python3.7/site-packages/airflow/example_dags/example_branch_python_dop_operator_3.py for tasks to queue
[2021-03-17 16:39:10,921] {logging_mixin.py:104} INFO - [2021-03-17 16:39:10,921] {dagbag.py:448} INFO - Filling up the DagBag from /Users/prathyusha/Desktop/pranathi/airflow_cnn_pipeline_final/airflow_test_env/lib/python3.7/site-packages/airflow/example_dags/example_branch_python_dop_operator_3.py
[2021-03-17 16:39:10,943] {scheduler_job.py:639} INFO - DAG(s) dict_keys(['example_branch_dop_operator_v3']) retrieved from /Users/prathyusha/Desktop/pranathi/airflow_cnn_pipeline_final/airflow_test_env/lib/python3.7/site-packages/airflow/example_dags/example_branch_python_dop_operator_3.py
[2021-03-17 16:39:10,960] {logging_mixin.py:104} INFO - [2021-03-17 16:39:10,959] {dag.py:1818} INFO - Sync 1 DAGs
[2021-03-17 16:39:11,000] {logging_mixin.py:104} INFO - [2021-03-17 16:39:10,999] {dag.py:2273} INFO - Setting next_dagrun for example_branch_dop_operator_v3 to 2021-03-15 00:00:00+00:00
[2021-03-17 16:39:11,010] {scheduler_job.py:190} INFO - Processing /Users/prathyusha/Desktop/pranathi/airflow_cnn_pipeline_final/airflow_test_env/lib/python3.7/site-packages/airflow/example_dags/example_branch_python_dop_operator_3.py took 0.097 seconds
[2021-03-17 16:39:41,501] {scheduler_job.py:182} INFO - Started process (PID=28752) to work on /Users/prathyusha/Desktop/pranathi/airflow_cnn_pipeline_final/airflow_test_env/lib/python3.7/site-packages/airflow/example_dags/example_branch_python_dop_operator_3.py
[2021-03-17 16:39:41,503] {scheduler_job.py:629} INFO - Processing file /Users/prathyusha/Desktop/pranathi/airflow_cnn_pipeline_final/airflow_test_env/lib/python3.7/site-packages/airflow/example_dags/example_branch_python_dop_operator_3.py for tasks to queue
[2021-03-17 16:39:41,504] {logging_mixin.py:104} INFO - [2021-03-17 16:39:41,504] {dagbag.py:448} INFO - Filling up the DagBag from /Users/prathyusha/Desktop/pranathi/airflow_cnn_pipeline_final/airflow_test_env/lib/python3.7/site-packages/airflow/example_dags/example_branch_python_dop_operator_3.py
[2021-03-17 16:39:41,520] {scheduler_job.py:639} INFO - DAG(s) dict_keys(['example_branch_dop_operator_v3']) retrieved from /Users/prathyusha/Desktop/pranathi/airflow_cnn_pipeline_final/airflow_test_env/lib/python3.7/site-packages/airflow/example_dags/example_branch_python_dop_operator_3.py
[2021-03-17 16:39:41,534] {logging_mixin.py:104} INFO - [2021-03-17 16:39:41,534] {dag.py:1818} INFO - Sync 1 DAGs
[2021-03-17 16:39:41,561] {logging_mixin.py:104} INFO - [2021-03-17 16:39:41,560] {dag.py:2273} INFO - Setting next_dagrun for example_branch_dop_operator_v3 to 2021-03-15 00:00:00+00:00
[2021-03-17 16:39:41,568] {scheduler_job.py:190} INFO - Processing /Users/prathyusha/Desktop/pranathi/airflow_cnn_pipeline_final/airflow_test_env/lib/python3.7/site-packages/airflow/example_dags/example_branch_python_dop_operator_3.py took 0.071 seconds
[2021-03-17 16:40:12,336] {scheduler_job.py:182} INFO - Started process (PID=28800) to work on /Users/prathyusha/Desktop/pranathi/airflow_cnn_pipeline_final/airflow_test_env/lib/python3.7/site-packages/airflow/example_dags/example_branch_python_dop_operator_3.py
[2021-03-17 16:40:12,340] {scheduler_job.py:629} INFO - Processing file /Users/prathyusha/Desktop/pranathi/airflow_cnn_pipeline_final/airflow_test_env/lib/python3.7/site-packages/airflow/example_dags/example_branch_python_dop_operator_3.py for tasks to queue
[2021-03-17 16:40:12,342] {logging_mixin.py:104} INFO - [2021-03-17 16:40:12,341] {dagbag.py:448} INFO - Filling up the DagBag from /Users/prathyusha/Desktop/pranathi/airflow_cnn_pipeline_final/airflow_test_env/lib/python3.7/site-packages/airflow/example_dags/example_branch_python_dop_operator_3.py
[2021-03-17 16:40:12,365] {scheduler_job.py:639} INFO - DAG(s) dict_keys(['example_branch_dop_operator_v3']) retrieved from /Users/prathyusha/Desktop/pranathi/airflow_cnn_pipeline_final/airflow_test_env/lib/python3.7/site-packages/airflow/example_dags/example_branch_python_dop_operator_3.py
[2021-03-17 16:40:12,385] {logging_mixin.py:104} INFO - [2021-03-17 16:40:12,385] {dag.py:1818} INFO - Sync 1 DAGs
[2021-03-17 16:40:12,426] {logging_mixin.py:104} INFO - [2021-03-17 16:40:12,425] {dag.py:2273} INFO - Setting next_dagrun for example_branch_dop_operator_v3 to 2021-03-15 00:00:00+00:00
[2021-03-17 16:40:12,436] {scheduler_job.py:190} INFO - Processing /Users/prathyusha/Desktop/pranathi/airflow_cnn_pipeline_final/airflow_test_env/lib/python3.7/site-packages/airflow/example_dags/example_branch_python_dop_operator_3.py took 0.104 seconds
[2021-03-17 16:40:43,074] {scheduler_job.py:182} INFO - Started process (PID=28833) to work on /Users/prathyusha/Desktop/pranathi/airflow_cnn_pipeline_final/airflow_test_env/lib/python3.7/site-packages/airflow/example_dags/example_branch_python_dop_operator_3.py
[2021-03-17 16:40:43,075] {scheduler_job.py:629} INFO - Processing file /Users/prathyusha/Desktop/pranathi/airflow_cnn_pipeline_final/airflow_test_env/lib/python3.7/site-packages/airflow/example_dags/example_branch_python_dop_operator_3.py for tasks to queue
[2021-03-17 16:40:43,077] {logging_mixin.py:104} INFO - [2021-03-17 16:40:43,076] {dagbag.py:448} INFO - Filling up the DagBag from /Users/prathyusha/Desktop/pranathi/airflow_cnn_pipeline_final/airflow_test_env/lib/python3.7/site-packages/airflow/example_dags/example_branch_python_dop_operator_3.py
[2021-03-17 16:40:43,101] {scheduler_job.py:639} INFO - DAG(s) dict_keys(['example_branch_dop_operator_v3']) retrieved from /Users/prathyusha/Desktop/pranathi/airflow_cnn_pipeline_final/airflow_test_env/lib/python3.7/site-packages/airflow/example_dags/example_branch_python_dop_operator_3.py
[2021-03-17 16:40:43,127] {logging_mixin.py:104} INFO - [2021-03-17 16:40:43,126] {dag.py:1818} INFO - Sync 1 DAGs
[2021-03-17 16:40:43,188] {logging_mixin.py:104} INFO - [2021-03-17 16:40:43,187] {dag.py:2273} INFO - Setting next_dagrun for example_branch_dop_operator_v3 to 2021-03-15 00:00:00+00:00
[2021-03-17 16:40:43,197] {scheduler_job.py:190} INFO - Processing /Users/prathyusha/Desktop/pranathi/airflow_cnn_pipeline_final/airflow_test_env/lib/python3.7/site-packages/airflow/example_dags/example_branch_python_dop_operator_3.py took 0.127 seconds
[2021-03-17 16:41:14,126] {scheduler_job.py:182} INFO - Started process (PID=28867) to work on /Users/prathyusha/Desktop/pranathi/airflow_cnn_pipeline_final/airflow_test_env/lib/python3.7/site-packages/airflow/example_dags/example_branch_python_dop_operator_3.py
[2021-03-17 16:41:14,129] {scheduler_job.py:629} INFO - Processing file /Users/prathyusha/Desktop/pranathi/airflow_cnn_pipeline_final/airflow_test_env/lib/python3.7/site-packages/airflow/example_dags/example_branch_python_dop_operator_3.py for tasks to queue
[2021-03-17 16:41:14,130] {logging_mixin.py:104} INFO - [2021-03-17 16:41:14,130] {dagbag.py:448} INFO - Filling up the DagBag from /Users/prathyusha/Desktop/pranathi/airflow_cnn_pipeline_final/airflow_test_env/lib/python3.7/site-packages/airflow/example_dags/example_branch_python_dop_operator_3.py
[2021-03-17 16:41:14,146] {scheduler_job.py:639} INFO - DAG(s) dict_keys(['example_branch_dop_operator_v3']) retrieved from /Users/prathyusha/Desktop/pranathi/airflow_cnn_pipeline_final/airflow_test_env/lib/python3.7/site-packages/airflow/example_dags/example_branch_python_dop_operator_3.py
[2021-03-17 16:41:14,163] {logging_mixin.py:104} INFO - [2021-03-17 16:41:14,163] {dag.py:1818} INFO - Sync 1 DAGs
[2021-03-17 16:41:14,193] {logging_mixin.py:104} INFO - [2021-03-17 16:41:14,193] {dag.py:2273} INFO - Setting next_dagrun for example_branch_dop_operator_v3 to 2021-03-15 00:00:00+00:00
[2021-03-17 16:41:14,202] {scheduler_job.py:190} INFO - Processing /Users/prathyusha/Desktop/pranathi/airflow_cnn_pipeline_final/airflow_test_env/lib/python3.7/site-packages/airflow/example_dags/example_branch_python_dop_operator_3.py took 0.081 seconds
[2021-03-17 16:41:45,498] {scheduler_job.py:182} INFO - Started process (PID=28900) to work on /Users/prathyusha/Desktop/pranathi/airflow_cnn_pipeline_final/airflow_test_env/lib/python3.7/site-packages/airflow/example_dags/example_branch_python_dop_operator_3.py
[2021-03-17 16:41:45,533] {scheduler_job.py:629} INFO - Processing file /Users/prathyusha/Desktop/pranathi/airflow_cnn_pipeline_final/airflow_test_env/lib/python3.7/site-packages/airflow/example_dags/example_branch_python_dop_operator_3.py for tasks to queue
[2021-03-17 16:41:45,538] {logging_mixin.py:104} INFO - [2021-03-17 16:41:45,537] {dagbag.py:448} INFO - Filling up the DagBag from /Users/prathyusha/Desktop/pranathi/airflow_cnn_pipeline_final/airflow_test_env/lib/python3.7/site-packages/airflow/example_dags/example_branch_python_dop_operator_3.py
[2021-03-17 16:41:45,677] {scheduler_job.py:639} INFO - DAG(s) dict_keys(['example_branch_dop_operator_v3']) retrieved from /Users/prathyusha/Desktop/pranathi/airflow_cnn_pipeline_final/airflow_test_env/lib/python3.7/site-packages/airflow/example_dags/example_branch_python_dop_operator_3.py
[2021-03-17 16:41:45,770] {logging_mixin.py:104} INFO - [2021-03-17 16:41:45,770] {dag.py:1818} INFO - Sync 1 DAGs
[2021-03-17 16:41:45,966] {logging_mixin.py:104} INFO - [2021-03-17 16:41:45,962] {dag.py:2273} INFO - Setting next_dagrun for example_branch_dop_operator_v3 to 2021-03-15 00:00:00+00:00
[2021-03-17 16:41:45,985] {scheduler_job.py:190} INFO - Processing /Users/prathyusha/Desktop/pranathi/airflow_cnn_pipeline_final/airflow_test_env/lib/python3.7/site-packages/airflow/example_dags/example_branch_python_dop_operator_3.py took 0.496 seconds
[2021-03-17 16:42:16,588] {scheduler_job.py:182} INFO - Started process (PID=28937) to work on /Users/prathyusha/Desktop/pranathi/airflow_cnn_pipeline_final/airflow_test_env/lib/python3.7/site-packages/airflow/example_dags/example_branch_python_dop_operator_3.py
[2021-03-17 16:42:16,591] {scheduler_job.py:629} INFO - Processing file /Users/prathyusha/Desktop/pranathi/airflow_cnn_pipeline_final/airflow_test_env/lib/python3.7/site-packages/airflow/example_dags/example_branch_python_dop_operator_3.py for tasks to queue
[2021-03-17 16:42:16,594] {logging_mixin.py:104} INFO - [2021-03-17 16:42:16,593] {dagbag.py:448} INFO - Filling up the DagBag from /Users/prathyusha/Desktop/pranathi/airflow_cnn_pipeline_final/airflow_test_env/lib/python3.7/site-packages/airflow/example_dags/example_branch_python_dop_operator_3.py
[2021-03-17 16:42:16,618] {scheduler_job.py:639} INFO - DAG(s) dict_keys(['example_branch_dop_operator_v3']) retrieved from /Users/prathyusha/Desktop/pranathi/airflow_cnn_pipeline_final/airflow_test_env/lib/python3.7/site-packages/airflow/example_dags/example_branch_python_dop_operator_3.py
[2021-03-17 16:42:16,642] {logging_mixin.py:104} INFO - [2021-03-17 16:42:16,642] {dag.py:1818} INFO - Sync 1 DAGs
[2021-03-17 16:42:16,679] {logging_mixin.py:104} INFO - [2021-03-17 16:42:16,678] {dag.py:2273} INFO - Setting next_dagrun for example_branch_dop_operator_v3 to 2021-03-15 00:00:00+00:00
[2021-03-17 16:42:16,688] {scheduler_job.py:190} INFO - Processing /Users/prathyusha/Desktop/pranathi/airflow_cnn_pipeline_final/airflow_test_env/lib/python3.7/site-packages/airflow/example_dags/example_branch_python_dop_operator_3.py took 0.108 seconds
[2021-03-17 16:42:47,222] {scheduler_job.py:182} INFO - Started process (PID=28968) to work on /Users/prathyusha/Desktop/pranathi/airflow_cnn_pipeline_final/airflow_test_env/lib/python3.7/site-packages/airflow/example_dags/example_branch_python_dop_operator_3.py
[2021-03-17 16:42:47,224] {scheduler_job.py:629} INFO - Processing file /Users/prathyusha/Desktop/pranathi/airflow_cnn_pipeline_final/airflow_test_env/lib/python3.7/site-packages/airflow/example_dags/example_branch_python_dop_operator_3.py for tasks to queue
[2021-03-17 16:42:47,226] {logging_mixin.py:104} INFO - [2021-03-17 16:42:47,225] {dagbag.py:448} INFO - Filling up the DagBag from /Users/prathyusha/Desktop/pranathi/airflow_cnn_pipeline_final/airflow_test_env/lib/python3.7/site-packages/airflow/example_dags/example_branch_python_dop_operator_3.py
[2021-03-17 16:42:47,245] {scheduler_job.py:639} INFO - DAG(s) dict_keys(['example_branch_dop_operator_v3']) retrieved from /Users/prathyusha/Desktop/pranathi/airflow_cnn_pipeline_final/airflow_test_env/lib/python3.7/site-packages/airflow/example_dags/example_branch_python_dop_operator_3.py
[2021-03-17 16:42:47,262] {logging_mixin.py:104} INFO - [2021-03-17 16:42:47,261] {dag.py:1818} INFO - Sync 1 DAGs
[2021-03-17 16:42:47,297] {logging_mixin.py:104} INFO - [2021-03-17 16:42:47,296] {dag.py:2273} INFO - Setting next_dagrun for example_branch_dop_operator_v3 to 2021-03-15 00:00:00+00:00
[2021-03-17 16:42:47,308] {scheduler_job.py:190} INFO - Processing /Users/prathyusha/Desktop/pranathi/airflow_cnn_pipeline_final/airflow_test_env/lib/python3.7/site-packages/airflow/example_dags/example_branch_python_dop_operator_3.py took 0.091 seconds
[2021-03-17 16:43:17,977] {scheduler_job.py:182} INFO - Started process (PID=29001) to work on /Users/prathyusha/Desktop/pranathi/airflow_cnn_pipeline_final/airflow_test_env/lib/python3.7/site-packages/airflow/example_dags/example_branch_python_dop_operator_3.py
[2021-03-17 16:43:17,980] {scheduler_job.py:629} INFO - Processing file /Users/prathyusha/Desktop/pranathi/airflow_cnn_pipeline_final/airflow_test_env/lib/python3.7/site-packages/airflow/example_dags/example_branch_python_dop_operator_3.py for tasks to queue
[2021-03-17 16:43:17,982] {logging_mixin.py:104} INFO - [2021-03-17 16:43:17,981] {dagbag.py:448} INFO - Filling up the DagBag from /Users/prathyusha/Desktop/pranathi/airflow_cnn_pipeline_final/airflow_test_env/lib/python3.7/site-packages/airflow/example_dags/example_branch_python_dop_operator_3.py
[2021-03-17 16:43:18,004] {scheduler_job.py:639} INFO - DAG(s) dict_keys(['example_branch_dop_operator_v3']) retrieved from /Users/prathyusha/Desktop/pranathi/airflow_cnn_pipeline_final/airflow_test_env/lib/python3.7/site-packages/airflow/example_dags/example_branch_python_dop_operator_3.py
[2021-03-17 16:43:18,024] {logging_mixin.py:104} INFO - [2021-03-17 16:43:18,023] {dag.py:1818} INFO - Sync 1 DAGs
[2021-03-17 16:43:18,068] {logging_mixin.py:104} INFO - [2021-03-17 16:43:18,066] {dag.py:2273} INFO - Setting next_dagrun for example_branch_dop_operator_v3 to 2021-03-15 00:00:00+00:00
[2021-03-17 16:43:18,087] {scheduler_job.py:190} INFO - Processing /Users/prathyusha/Desktop/pranathi/airflow_cnn_pipeline_final/airflow_test_env/lib/python3.7/site-packages/airflow/example_dags/example_branch_python_dop_operator_3.py took 0.118 seconds
[2021-03-17 16:43:48,526] {scheduler_job.py:182} INFO - Started process (PID=29033) to work on /Users/prathyusha/Desktop/pranathi/airflow_cnn_pipeline_final/airflow_test_env/lib/python3.7/site-packages/airflow/example_dags/example_branch_python_dop_operator_3.py
[2021-03-17 16:43:48,527] {scheduler_job.py:629} INFO - Processing file /Users/prathyusha/Desktop/pranathi/airflow_cnn_pipeline_final/airflow_test_env/lib/python3.7/site-packages/airflow/example_dags/example_branch_python_dop_operator_3.py for tasks to queue
[2021-03-17 16:43:48,528] {logging_mixin.py:104} INFO - [2021-03-17 16:43:48,528] {dagbag.py:448} INFO - Filling up the DagBag from /Users/prathyusha/Desktop/pranathi/airflow_cnn_pipeline_final/airflow_test_env/lib/python3.7/site-packages/airflow/example_dags/example_branch_python_dop_operator_3.py
[2021-03-17 16:43:48,549] {scheduler_job.py:639} INFO - DAG(s) dict_keys(['example_branch_dop_operator_v3']) retrieved from /Users/prathyusha/Desktop/pranathi/airflow_cnn_pipeline_final/airflow_test_env/lib/python3.7/site-packages/airflow/example_dags/example_branch_python_dop_operator_3.py
[2021-03-17 16:43:48,574] {logging_mixin.py:104} INFO - [2021-03-17 16:43:48,573] {dag.py:1818} INFO - Sync 1 DAGs
[2021-03-17 16:43:48,615] {logging_mixin.py:104} INFO - [2021-03-17 16:43:48,615] {dag.py:2273} INFO - Setting next_dagrun for example_branch_dop_operator_v3 to 2021-03-15 00:00:00+00:00
[2021-03-17 16:43:48,630] {scheduler_job.py:190} INFO - Processing /Users/prathyusha/Desktop/pranathi/airflow_cnn_pipeline_final/airflow_test_env/lib/python3.7/site-packages/airflow/example_dags/example_branch_python_dop_operator_3.py took 0.109 seconds
[2021-03-17 16:44:19,059] {scheduler_job.py:182} INFO - Started process (PID=29062) to work on /Users/prathyusha/Desktop/pranathi/airflow_cnn_pipeline_final/airflow_test_env/lib/python3.7/site-packages/airflow/example_dags/example_branch_python_dop_operator_3.py
[2021-03-17 16:44:19,062] {scheduler_job.py:629} INFO - Processing file /Users/prathyusha/Desktop/pranathi/airflow_cnn_pipeline_final/airflow_test_env/lib/python3.7/site-packages/airflow/example_dags/example_branch_python_dop_operator_3.py for tasks to queue
[2021-03-17 16:44:19,064] {logging_mixin.py:104} INFO - [2021-03-17 16:44:19,063] {dagbag.py:448} INFO - Filling up the DagBag from /Users/prathyusha/Desktop/pranathi/airflow_cnn_pipeline_final/airflow_test_env/lib/python3.7/site-packages/airflow/example_dags/example_branch_python_dop_operator_3.py
[2021-03-17 16:44:19,085] {scheduler_job.py:639} INFO - DAG(s) dict_keys(['example_branch_dop_operator_v3']) retrieved from /Users/prathyusha/Desktop/pranathi/airflow_cnn_pipeline_final/airflow_test_env/lib/python3.7/site-packages/airflow/example_dags/example_branch_python_dop_operator_3.py
[2021-03-17 16:44:19,100] {logging_mixin.py:104} INFO - [2021-03-17 16:44:19,100] {dag.py:1818} INFO - Sync 1 DAGs
[2021-03-17 16:44:19,151] {logging_mixin.py:104} INFO - [2021-03-17 16:44:19,151] {dag.py:2273} INFO - Setting next_dagrun for example_branch_dop_operator_v3 to 2021-03-15 00:00:00+00:00
[2021-03-17 16:44:19,168] {scheduler_job.py:190} INFO - Processing /Users/prathyusha/Desktop/pranathi/airflow_cnn_pipeline_final/airflow_test_env/lib/python3.7/site-packages/airflow/example_dags/example_branch_python_dop_operator_3.py took 0.116 seconds
[2021-03-17 16:44:49,693] {scheduler_job.py:182} INFO - Started process (PID=29096) to work on /Users/prathyusha/Desktop/pranathi/airflow_cnn_pipeline_final/airflow_test_env/lib/python3.7/site-packages/airflow/example_dags/example_branch_python_dop_operator_3.py
[2021-03-17 16:44:49,695] {scheduler_job.py:629} INFO - Processing file /Users/prathyusha/Desktop/pranathi/airflow_cnn_pipeline_final/airflow_test_env/lib/python3.7/site-packages/airflow/example_dags/example_branch_python_dop_operator_3.py for tasks to queue
[2021-03-17 16:44:49,698] {logging_mixin.py:104} INFO - [2021-03-17 16:44:49,697] {dagbag.py:448} INFO - Filling up the DagBag from /Users/prathyusha/Desktop/pranathi/airflow_cnn_pipeline_final/airflow_test_env/lib/python3.7/site-packages/airflow/example_dags/example_branch_python_dop_operator_3.py
[2021-03-17 16:44:49,715] {scheduler_job.py:639} INFO - DAG(s) dict_keys(['example_branch_dop_operator_v3']) retrieved from /Users/prathyusha/Desktop/pranathi/airflow_cnn_pipeline_final/airflow_test_env/lib/python3.7/site-packages/airflow/example_dags/example_branch_python_dop_operator_3.py
[2021-03-17 16:44:49,737] {logging_mixin.py:104} INFO - [2021-03-17 16:44:49,735] {dag.py:1818} INFO - Sync 1 DAGs
[2021-03-17 16:44:49,784] {logging_mixin.py:104} INFO - [2021-03-17 16:44:49,784] {dag.py:2273} INFO - Setting next_dagrun for example_branch_dop_operator_v3 to 2021-03-15 00:00:00+00:00
[2021-03-17 16:44:49,794] {scheduler_job.py:190} INFO - Processing /Users/prathyusha/Desktop/pranathi/airflow_cnn_pipeline_final/airflow_test_env/lib/python3.7/site-packages/airflow/example_dags/example_branch_python_dop_operator_3.py took 0.105 seconds
[2021-03-17 16:45:20,458] {scheduler_job.py:182} INFO - Started process (PID=29138) to work on /Users/prathyusha/Desktop/pranathi/airflow_cnn_pipeline_final/airflow_test_env/lib/python3.7/site-packages/airflow/example_dags/example_branch_python_dop_operator_3.py
[2021-03-17 16:45:20,460] {scheduler_job.py:629} INFO - Processing file /Users/prathyusha/Desktop/pranathi/airflow_cnn_pipeline_final/airflow_test_env/lib/python3.7/site-packages/airflow/example_dags/example_branch_python_dop_operator_3.py for tasks to queue
[2021-03-17 16:45:20,462] {logging_mixin.py:104} INFO - [2021-03-17 16:45:20,461] {dagbag.py:448} INFO - Filling up the DagBag from /Users/prathyusha/Desktop/pranathi/airflow_cnn_pipeline_final/airflow_test_env/lib/python3.7/site-packages/airflow/example_dags/example_branch_python_dop_operator_3.py
[2021-03-17 16:45:20,479] {scheduler_job.py:639} INFO - DAG(s) dict_keys(['example_branch_dop_operator_v3']) retrieved from /Users/prathyusha/Desktop/pranathi/airflow_cnn_pipeline_final/airflow_test_env/lib/python3.7/site-packages/airflow/example_dags/example_branch_python_dop_operator_3.py
[2021-03-17 16:45:20,493] {logging_mixin.py:104} INFO - [2021-03-17 16:45:20,493] {dag.py:1818} INFO - Sync 1 DAGs
[2021-03-17 16:45:20,523] {logging_mixin.py:104} INFO - [2021-03-17 16:45:20,522] {dag.py:2273} INFO - Setting next_dagrun for example_branch_dop_operator_v3 to 2021-03-15 00:00:00+00:00
[2021-03-17 16:45:20,533] {scheduler_job.py:190} INFO - Processing /Users/prathyusha/Desktop/pranathi/airflow_cnn_pipeline_final/airflow_test_env/lib/python3.7/site-packages/airflow/example_dags/example_branch_python_dop_operator_3.py took 0.080 seconds
[2021-03-17 16:45:51,159] {scheduler_job.py:182} INFO - Started process (PID=29170) to work on /Users/prathyusha/Desktop/pranathi/airflow_cnn_pipeline_final/airflow_test_env/lib/python3.7/site-packages/airflow/example_dags/example_branch_python_dop_operator_3.py
[2021-03-17 16:45:51,162] {scheduler_job.py:629} INFO - Processing file /Users/prathyusha/Desktop/pranathi/airflow_cnn_pipeline_final/airflow_test_env/lib/python3.7/site-packages/airflow/example_dags/example_branch_python_dop_operator_3.py for tasks to queue
[2021-03-17 16:45:51,163] {logging_mixin.py:104} INFO - [2021-03-17 16:45:51,163] {dagbag.py:448} INFO - Filling up the DagBag from /Users/prathyusha/Desktop/pranathi/airflow_cnn_pipeline_final/airflow_test_env/lib/python3.7/site-packages/airflow/example_dags/example_branch_python_dop_operator_3.py
[2021-03-17 16:45:51,183] {scheduler_job.py:639} INFO - DAG(s) dict_keys(['example_branch_dop_operator_v3']) retrieved from /Users/prathyusha/Desktop/pranathi/airflow_cnn_pipeline_final/airflow_test_env/lib/python3.7/site-packages/airflow/example_dags/example_branch_python_dop_operator_3.py
[2021-03-17 16:45:51,202] {logging_mixin.py:104} INFO - [2021-03-17 16:45:51,201] {dag.py:1818} INFO - Sync 1 DAGs
[2021-03-17 16:45:51,247] {logging_mixin.py:104} INFO - [2021-03-17 16:45:51,247] {dag.py:2273} INFO - Setting next_dagrun for example_branch_dop_operator_v3 to 2021-03-15 00:00:00+00:00
[2021-03-17 16:45:51,259] {scheduler_job.py:190} INFO - Processing /Users/prathyusha/Desktop/pranathi/airflow_cnn_pipeline_final/airflow_test_env/lib/python3.7/site-packages/airflow/example_dags/example_branch_python_dop_operator_3.py took 0.105 seconds
[2021-03-17 16:46:21,773] {scheduler_job.py:182} INFO - Started process (PID=29223) to work on /Users/prathyusha/Desktop/pranathi/airflow_cnn_pipeline_final/airflow_test_env/lib/python3.7/site-packages/airflow/example_dags/example_branch_python_dop_operator_3.py
[2021-03-17 16:46:21,776] {scheduler_job.py:629} INFO - Processing file /Users/prathyusha/Desktop/pranathi/airflow_cnn_pipeline_final/airflow_test_env/lib/python3.7/site-packages/airflow/example_dags/example_branch_python_dop_operator_3.py for tasks to queue
[2021-03-17 16:46:21,778] {logging_mixin.py:104} INFO - [2021-03-17 16:46:21,778] {dagbag.py:448} INFO - Filling up the DagBag from /Users/prathyusha/Desktop/pranathi/airflow_cnn_pipeline_final/airflow_test_env/lib/python3.7/site-packages/airflow/example_dags/example_branch_python_dop_operator_3.py
[2021-03-17 16:46:21,797] {scheduler_job.py:639} INFO - DAG(s) dict_keys(['example_branch_dop_operator_v3']) retrieved from /Users/prathyusha/Desktop/pranathi/airflow_cnn_pipeline_final/airflow_test_env/lib/python3.7/site-packages/airflow/example_dags/example_branch_python_dop_operator_3.py
[2021-03-17 16:46:21,820] {logging_mixin.py:104} INFO - [2021-03-17 16:46:21,819] {dag.py:1818} INFO - Sync 1 DAGs
[2021-03-17 16:46:21,855] {logging_mixin.py:104} INFO - [2021-03-17 16:46:21,854] {dag.py:2273} INFO - Setting next_dagrun for example_branch_dop_operator_v3 to 2021-03-15 00:00:00+00:00
[2021-03-17 16:46:21,865] {scheduler_job.py:190} INFO - Processing /Users/prathyusha/Desktop/pranathi/airflow_cnn_pipeline_final/airflow_test_env/lib/python3.7/site-packages/airflow/example_dags/example_branch_python_dop_operator_3.py took 0.096 seconds
[2021-03-17 16:46:52,294] {scheduler_job.py:182} INFO - Started process (PID=29319) to work on /Users/prathyusha/Desktop/pranathi/airflow_cnn_pipeline_final/airflow_test_env/lib/python3.7/site-packages/airflow/example_dags/example_branch_python_dop_operator_3.py
[2021-03-17 16:46:52,296] {scheduler_job.py:629} INFO - Processing file /Users/prathyusha/Desktop/pranathi/airflow_cnn_pipeline_final/airflow_test_env/lib/python3.7/site-packages/airflow/example_dags/example_branch_python_dop_operator_3.py for tasks to queue
[2021-03-17 16:46:52,298] {logging_mixin.py:104} INFO - [2021-03-17 16:46:52,298] {dagbag.py:448} INFO - Filling up the DagBag from /Users/prathyusha/Desktop/pranathi/airflow_cnn_pipeline_final/airflow_test_env/lib/python3.7/site-packages/airflow/example_dags/example_branch_python_dop_operator_3.py
[2021-03-17 16:46:52,322] {scheduler_job.py:639} INFO - DAG(s) dict_keys(['example_branch_dop_operator_v3']) retrieved from /Users/prathyusha/Desktop/pranathi/airflow_cnn_pipeline_final/airflow_test_env/lib/python3.7/site-packages/airflow/example_dags/example_branch_python_dop_operator_3.py
[2021-03-17 16:46:52,349] {logging_mixin.py:104} INFO - [2021-03-17 16:46:52,348] {dag.py:1818} INFO - Sync 1 DAGs
[2021-03-17 16:46:52,381] {logging_mixin.py:104} INFO - [2021-03-17 16:46:52,381] {dag.py:2273} INFO - Setting next_dagrun for example_branch_dop_operator_v3 to 2021-03-15 00:00:00+00:00
[2021-03-17 16:46:52,391] {scheduler_job.py:190} INFO - Processing /Users/prathyusha/Desktop/pranathi/airflow_cnn_pipeline_final/airflow_test_env/lib/python3.7/site-packages/airflow/example_dags/example_branch_python_dop_operator_3.py took 0.101 seconds
[2021-03-17 16:47:23,225] {scheduler_job.py:182} INFO - Started process (PID=29354) to work on /Users/prathyusha/Desktop/pranathi/airflow_cnn_pipeline_final/airflow_test_env/lib/python3.7/site-packages/airflow/example_dags/example_branch_python_dop_operator_3.py
[2021-03-17 16:47:23,228] {scheduler_job.py:629} INFO - Processing file /Users/prathyusha/Desktop/pranathi/airflow_cnn_pipeline_final/airflow_test_env/lib/python3.7/site-packages/airflow/example_dags/example_branch_python_dop_operator_3.py for tasks to queue
[2021-03-17 16:47:23,231] {logging_mixin.py:104} INFO - [2021-03-17 16:47:23,229] {dagbag.py:448} INFO - Filling up the DagBag from /Users/prathyusha/Desktop/pranathi/airflow_cnn_pipeline_final/airflow_test_env/lib/python3.7/site-packages/airflow/example_dags/example_branch_python_dop_operator_3.py
[2021-03-17 16:47:23,263] {scheduler_job.py:639} INFO - DAG(s) dict_keys(['example_branch_dop_operator_v3']) retrieved from /Users/prathyusha/Desktop/pranathi/airflow_cnn_pipeline_final/airflow_test_env/lib/python3.7/site-packages/airflow/example_dags/example_branch_python_dop_operator_3.py
[2021-03-17 16:47:23,281] {logging_mixin.py:104} INFO - [2021-03-17 16:47:23,280] {dag.py:1818} INFO - Sync 1 DAGs
[2021-03-17 16:47:23,328] {logging_mixin.py:104} INFO - [2021-03-17 16:47:23,327] {dag.py:2273} INFO - Setting next_dagrun for example_branch_dop_operator_v3 to 2021-03-15 00:00:00+00:00
[2021-03-17 16:47:23,345] {scheduler_job.py:190} INFO - Processing /Users/prathyusha/Desktop/pranathi/airflow_cnn_pipeline_final/airflow_test_env/lib/python3.7/site-packages/airflow/example_dags/example_branch_python_dop_operator_3.py took 0.128 seconds
[2021-03-17 16:47:53,912] {scheduler_job.py:182} INFO - Started process (PID=29384) to work on /Users/prathyusha/Desktop/pranathi/airflow_cnn_pipeline_final/airflow_test_env/lib/python3.7/site-packages/airflow/example_dags/example_branch_python_dop_operator_3.py
[2021-03-17 16:47:53,914] {scheduler_job.py:629} INFO - Processing file /Users/prathyusha/Desktop/pranathi/airflow_cnn_pipeline_final/airflow_test_env/lib/python3.7/site-packages/airflow/example_dags/example_branch_python_dop_operator_3.py for tasks to queue
[2021-03-17 16:47:53,915] {logging_mixin.py:104} INFO - [2021-03-17 16:47:53,915] {dagbag.py:448} INFO - Filling up the DagBag from /Users/prathyusha/Desktop/pranathi/airflow_cnn_pipeline_final/airflow_test_env/lib/python3.7/site-packages/airflow/example_dags/example_branch_python_dop_operator_3.py
[2021-03-17 16:47:53,935] {scheduler_job.py:639} INFO - DAG(s) dict_keys(['example_branch_dop_operator_v3']) retrieved from /Users/prathyusha/Desktop/pranathi/airflow_cnn_pipeline_final/airflow_test_env/lib/python3.7/site-packages/airflow/example_dags/example_branch_python_dop_operator_3.py
[2021-03-17 16:47:53,955] {logging_mixin.py:104} INFO - [2021-03-17 16:47:53,954] {dag.py:1818} INFO - Sync 1 DAGs
[2021-03-17 16:47:54,006] {logging_mixin.py:104} INFO - [2021-03-17 16:47:54,005] {dag.py:2273} INFO - Setting next_dagrun for example_branch_dop_operator_v3 to 2021-03-15 00:00:00+00:00
[2021-03-17 16:47:54,016] {scheduler_job.py:190} INFO - Processing /Users/prathyusha/Desktop/pranathi/airflow_cnn_pipeline_final/airflow_test_env/lib/python3.7/site-packages/airflow/example_dags/example_branch_python_dop_operator_3.py took 0.109 seconds
[2021-03-17 16:48:27,297] {scheduler_job.py:182} INFO - Started process (PID=29418) to work on /Users/prathyusha/Desktop/pranathi/airflow_cnn_pipeline_final/airflow_test_env/lib/python3.7/site-packages/airflow/example_dags/example_branch_python_dop_operator_3.py
[2021-03-17 16:48:27,299] {scheduler_job.py:629} INFO - Processing file /Users/prathyusha/Desktop/pranathi/airflow_cnn_pipeline_final/airflow_test_env/lib/python3.7/site-packages/airflow/example_dags/example_branch_python_dop_operator_3.py for tasks to queue
[2021-03-17 16:48:27,301] {logging_mixin.py:104} INFO - [2021-03-17 16:48:27,301] {dagbag.py:448} INFO - Filling up the DagBag from /Users/prathyusha/Desktop/pranathi/airflow_cnn_pipeline_final/airflow_test_env/lib/python3.7/site-packages/airflow/example_dags/example_branch_python_dop_operator_3.py
[2021-03-17 16:48:27,321] {scheduler_job.py:639} INFO - DAG(s) dict_keys(['example_branch_dop_operator_v3']) retrieved from /Users/prathyusha/Desktop/pranathi/airflow_cnn_pipeline_final/airflow_test_env/lib/python3.7/site-packages/airflow/example_dags/example_branch_python_dop_operator_3.py
[2021-03-17 16:48:27,337] {logging_mixin.py:104} INFO - [2021-03-17 16:48:27,337] {dag.py:1818} INFO - Sync 1 DAGs
[2021-03-17 16:48:27,369] {logging_mixin.py:104} INFO - [2021-03-17 16:48:27,368] {dag.py:2273} INFO - Setting next_dagrun for example_branch_dop_operator_v3 to 2021-03-15 00:00:00+00:00
[2021-03-17 16:48:27,381] {scheduler_job.py:190} INFO - Processing /Users/prathyusha/Desktop/pranathi/airflow_cnn_pipeline_final/airflow_test_env/lib/python3.7/site-packages/airflow/example_dags/example_branch_python_dop_operator_3.py took 0.089 seconds
[2021-03-17 16:48:58,154] {scheduler_job.py:182} INFO - Started process (PID=29450) to work on /Users/prathyusha/Desktop/pranathi/airflow_cnn_pipeline_final/airflow_test_env/lib/python3.7/site-packages/airflow/example_dags/example_branch_python_dop_operator_3.py
[2021-03-17 16:48:58,158] {scheduler_job.py:629} INFO - Processing file /Users/prathyusha/Desktop/pranathi/airflow_cnn_pipeline_final/airflow_test_env/lib/python3.7/site-packages/airflow/example_dags/example_branch_python_dop_operator_3.py for tasks to queue
[2021-03-17 16:48:58,160] {logging_mixin.py:104} INFO - [2021-03-17 16:48:58,159] {dagbag.py:448} INFO - Filling up the DagBag from /Users/prathyusha/Desktop/pranathi/airflow_cnn_pipeline_final/airflow_test_env/lib/python3.7/site-packages/airflow/example_dags/example_branch_python_dop_operator_3.py
[2021-03-17 16:48:58,184] {scheduler_job.py:639} INFO - DAG(s) dict_keys(['example_branch_dop_operator_v3']) retrieved from /Users/prathyusha/Desktop/pranathi/airflow_cnn_pipeline_final/airflow_test_env/lib/python3.7/site-packages/airflow/example_dags/example_branch_python_dop_operator_3.py
[2021-03-17 16:48:58,204] {logging_mixin.py:104} INFO - [2021-03-17 16:48:58,203] {dag.py:1818} INFO - Sync 1 DAGs
[2021-03-17 16:48:58,234] {logging_mixin.py:104} INFO - [2021-03-17 16:48:58,234] {dag.py:2273} INFO - Setting next_dagrun for example_branch_dop_operator_v3 to 2021-03-15 00:00:00+00:00
[2021-03-17 16:48:58,245] {scheduler_job.py:190} INFO - Processing /Users/prathyusha/Desktop/pranathi/airflow_cnn_pipeline_final/airflow_test_env/lib/python3.7/site-packages/airflow/example_dags/example_branch_python_dop_operator_3.py took 0.096 seconds
[2021-03-17 16:49:29,079] {scheduler_job.py:182} INFO - Started process (PID=29483) to work on /Users/prathyusha/Desktop/pranathi/airflow_cnn_pipeline_final/airflow_test_env/lib/python3.7/site-packages/airflow/example_dags/example_branch_python_dop_operator_3.py
[2021-03-17 16:49:29,082] {scheduler_job.py:629} INFO - Processing file /Users/prathyusha/Desktop/pranathi/airflow_cnn_pipeline_final/airflow_test_env/lib/python3.7/site-packages/airflow/example_dags/example_branch_python_dop_operator_3.py for tasks to queue
[2021-03-17 16:49:29,084] {logging_mixin.py:104} INFO - [2021-03-17 16:49:29,083] {dagbag.py:448} INFO - Filling up the DagBag from /Users/prathyusha/Desktop/pranathi/airflow_cnn_pipeline_final/airflow_test_env/lib/python3.7/site-packages/airflow/example_dags/example_branch_python_dop_operator_3.py
[2021-03-17 16:49:29,100] {scheduler_job.py:639} INFO - DAG(s) dict_keys(['example_branch_dop_operator_v3']) retrieved from /Users/prathyusha/Desktop/pranathi/airflow_cnn_pipeline_final/airflow_test_env/lib/python3.7/site-packages/airflow/example_dags/example_branch_python_dop_operator_3.py
[2021-03-17 16:49:29,127] {logging_mixin.py:104} INFO - [2021-03-17 16:49:29,127] {dag.py:1818} INFO - Sync 1 DAGs
[2021-03-17 16:49:29,166] {logging_mixin.py:104} INFO - [2021-03-17 16:49:29,165] {dag.py:2273} INFO - Setting next_dagrun for example_branch_dop_operator_v3 to 2021-03-15 00:00:00+00:00
[2021-03-17 16:49:29,175] {scheduler_job.py:190} INFO - Processing /Users/prathyusha/Desktop/pranathi/airflow_cnn_pipeline_final/airflow_test_env/lib/python3.7/site-packages/airflow/example_dags/example_branch_python_dop_operator_3.py took 0.100 seconds
[2021-03-17 16:49:59,997] {scheduler_job.py:182} INFO - Started process (PID=29513) to work on /Users/prathyusha/Desktop/pranathi/airflow_cnn_pipeline_final/airflow_test_env/lib/python3.7/site-packages/airflow/example_dags/example_branch_python_dop_operator_3.py
[2021-03-17 16:50:00,001] {scheduler_job.py:629} INFO - Processing file /Users/prathyusha/Desktop/pranathi/airflow_cnn_pipeline_final/airflow_test_env/lib/python3.7/site-packages/airflow/example_dags/example_branch_python_dop_operator_3.py for tasks to queue
[2021-03-17 16:50:00,005] {logging_mixin.py:104} INFO - [2021-03-17 16:50:00,003] {dagbag.py:448} INFO - Filling up the DagBag from /Users/prathyusha/Desktop/pranathi/airflow_cnn_pipeline_final/airflow_test_env/lib/python3.7/site-packages/airflow/example_dags/example_branch_python_dop_operator_3.py
[2021-03-17 16:50:00,033] {scheduler_job.py:639} INFO - DAG(s) dict_keys(['example_branch_dop_operator_v3']) retrieved from /Users/prathyusha/Desktop/pranathi/airflow_cnn_pipeline_final/airflow_test_env/lib/python3.7/site-packages/airflow/example_dags/example_branch_python_dop_operator_3.py
[2021-03-17 16:50:00,053] {logging_mixin.py:104} INFO - [2021-03-17 16:50:00,052] {dag.py:1818} INFO - Sync 1 DAGs
[2021-03-17 16:50:00,085] {logging_mixin.py:104} INFO - [2021-03-17 16:50:00,084] {dag.py:2273} INFO - Setting next_dagrun for example_branch_dop_operator_v3 to 2021-03-15 00:00:00+00:00
[2021-03-17 16:50:00,095] {scheduler_job.py:190} INFO - Processing /Users/prathyusha/Desktop/pranathi/airflow_cnn_pipeline_final/airflow_test_env/lib/python3.7/site-packages/airflow/example_dags/example_branch_python_dop_operator_3.py took 0.102 seconds
[2021-03-17 16:50:30,483] {scheduler_job.py:182} INFO - Started process (PID=29546) to work on /Users/prathyusha/Desktop/pranathi/airflow_cnn_pipeline_final/airflow_test_env/lib/python3.7/site-packages/airflow/example_dags/example_branch_python_dop_operator_3.py
[2021-03-17 16:50:30,486] {scheduler_job.py:629} INFO - Processing file /Users/prathyusha/Desktop/pranathi/airflow_cnn_pipeline_final/airflow_test_env/lib/python3.7/site-packages/airflow/example_dags/example_branch_python_dop_operator_3.py for tasks to queue
[2021-03-17 16:50:30,488] {logging_mixin.py:104} INFO - [2021-03-17 16:50:30,488] {dagbag.py:448} INFO - Filling up the DagBag from /Users/prathyusha/Desktop/pranathi/airflow_cnn_pipeline_final/airflow_test_env/lib/python3.7/site-packages/airflow/example_dags/example_branch_python_dop_operator_3.py
[2021-03-17 16:50:30,520] {scheduler_job.py:639} INFO - DAG(s) dict_keys(['example_branch_dop_operator_v3']) retrieved from /Users/prathyusha/Desktop/pranathi/airflow_cnn_pipeline_final/airflow_test_env/lib/python3.7/site-packages/airflow/example_dags/example_branch_python_dop_operator_3.py
[2021-03-17 16:50:30,547] {logging_mixin.py:104} INFO - [2021-03-17 16:50:30,546] {dag.py:1818} INFO - Sync 1 DAGs
[2021-03-17 16:50:30,619] {logging_mixin.py:104} INFO - [2021-03-17 16:50:30,618] {dag.py:2273} INFO - Setting next_dagrun for example_branch_dop_operator_v3 to 2021-03-15 00:00:00+00:00
[2021-03-17 16:50:30,648] {scheduler_job.py:190} INFO - Processing /Users/prathyusha/Desktop/pranathi/airflow_cnn_pipeline_final/airflow_test_env/lib/python3.7/site-packages/airflow/example_dags/example_branch_python_dop_operator_3.py took 0.171 seconds
[2021-03-17 16:51:01,999] {scheduler_job.py:182} INFO - Started process (PID=29576) to work on /Users/prathyusha/Desktop/pranathi/airflow_cnn_pipeline_final/airflow_test_env/lib/python3.7/site-packages/airflow/example_dags/example_branch_python_dop_operator_3.py
[2021-03-17 16:51:02,002] {scheduler_job.py:629} INFO - Processing file /Users/prathyusha/Desktop/pranathi/airflow_cnn_pipeline_final/airflow_test_env/lib/python3.7/site-packages/airflow/example_dags/example_branch_python_dop_operator_3.py for tasks to queue
[2021-03-17 16:51:02,004] {logging_mixin.py:104} INFO - [2021-03-17 16:51:02,003] {dagbag.py:448} INFO - Filling up the DagBag from /Users/prathyusha/Desktop/pranathi/airflow_cnn_pipeline_final/airflow_test_env/lib/python3.7/site-packages/airflow/example_dags/example_branch_python_dop_operator_3.py
[2021-03-17 16:51:02,033] {scheduler_job.py:639} INFO - DAG(s) dict_keys(['example_branch_dop_operator_v3']) retrieved from /Users/prathyusha/Desktop/pranathi/airflow_cnn_pipeline_final/airflow_test_env/lib/python3.7/site-packages/airflow/example_dags/example_branch_python_dop_operator_3.py
[2021-03-17 16:51:02,061] {logging_mixin.py:104} INFO - [2021-03-17 16:51:02,060] {dag.py:1818} INFO - Sync 1 DAGs
[2021-03-17 16:51:02,123] {logging_mixin.py:104} INFO - [2021-03-17 16:51:02,123] {dag.py:2273} INFO - Setting next_dagrun for example_branch_dop_operator_v3 to 2021-03-15 00:00:00+00:00
[2021-03-17 16:51:02,139] {scheduler_job.py:190} INFO - Processing /Users/prathyusha/Desktop/pranathi/airflow_cnn_pipeline_final/airflow_test_env/lib/python3.7/site-packages/airflow/example_dags/example_branch_python_dop_operator_3.py took 0.149 seconds
[2021-03-17 16:51:33,046] {scheduler_job.py:182} INFO - Started process (PID=29605) to work on /Users/prathyusha/Desktop/pranathi/airflow_cnn_pipeline_final/airflow_test_env/lib/python3.7/site-packages/airflow/example_dags/example_branch_python_dop_operator_3.py
[2021-03-17 16:51:33,048] {scheduler_job.py:629} INFO - Processing file /Users/prathyusha/Desktop/pranathi/airflow_cnn_pipeline_final/airflow_test_env/lib/python3.7/site-packages/airflow/example_dags/example_branch_python_dop_operator_3.py for tasks to queue
[2021-03-17 16:51:33,049] {logging_mixin.py:104} INFO - [2021-03-17 16:51:33,049] {dagbag.py:448} INFO - Filling up the DagBag from /Users/prathyusha/Desktop/pranathi/airflow_cnn_pipeline_final/airflow_test_env/lib/python3.7/site-packages/airflow/example_dags/example_branch_python_dop_operator_3.py
[2021-03-17 16:51:33,077] {scheduler_job.py:639} INFO - DAG(s) dict_keys(['example_branch_dop_operator_v3']) retrieved from /Users/prathyusha/Desktop/pranathi/airflow_cnn_pipeline_final/airflow_test_env/lib/python3.7/site-packages/airflow/example_dags/example_branch_python_dop_operator_3.py
[2021-03-17 16:51:33,097] {logging_mixin.py:104} INFO - [2021-03-17 16:51:33,096] {dag.py:1818} INFO - Sync 1 DAGs
[2021-03-17 16:51:33,130] {logging_mixin.py:104} INFO - [2021-03-17 16:51:33,130] {dag.py:2273} INFO - Setting next_dagrun for example_branch_dop_operator_v3 to 2021-03-15 00:00:00+00:00
[2021-03-17 16:51:33,139] {scheduler_job.py:190} INFO - Processing /Users/prathyusha/Desktop/pranathi/airflow_cnn_pipeline_final/airflow_test_env/lib/python3.7/site-packages/airflow/example_dags/example_branch_python_dop_operator_3.py took 0.098 seconds
[2021-03-17 16:52:04,099] {scheduler_job.py:182} INFO - Started process (PID=29668) to work on /Users/prathyusha/Desktop/pranathi/airflow_cnn_pipeline_final/airflow_test_env/lib/python3.7/site-packages/airflow/example_dags/example_branch_python_dop_operator_3.py
[2021-03-17 16:52:04,103] {scheduler_job.py:629} INFO - Processing file /Users/prathyusha/Desktop/pranathi/airflow_cnn_pipeline_final/airflow_test_env/lib/python3.7/site-packages/airflow/example_dags/example_branch_python_dop_operator_3.py for tasks to queue
[2021-03-17 16:52:04,105] {logging_mixin.py:104} INFO - [2021-03-17 16:52:04,105] {dagbag.py:448} INFO - Filling up the DagBag from /Users/prathyusha/Desktop/pranathi/airflow_cnn_pipeline_final/airflow_test_env/lib/python3.7/site-packages/airflow/example_dags/example_branch_python_dop_operator_3.py
[2021-03-17 16:52:04,131] {scheduler_job.py:639} INFO - DAG(s) dict_keys(['example_branch_dop_operator_v3']) retrieved from /Users/prathyusha/Desktop/pranathi/airflow_cnn_pipeline_final/airflow_test_env/lib/python3.7/site-packages/airflow/example_dags/example_branch_python_dop_operator_3.py
[2021-03-17 16:52:04,150] {logging_mixin.py:104} INFO - [2021-03-17 16:52:04,150] {dag.py:1818} INFO - Sync 1 DAGs
[2021-03-17 16:52:04,201] {logging_mixin.py:104} INFO - [2021-03-17 16:52:04,200] {dag.py:2273} INFO - Setting next_dagrun for example_branch_dop_operator_v3 to 2021-03-15 00:00:00+00:00
[2021-03-17 16:52:04,215] {scheduler_job.py:190} INFO - Processing /Users/prathyusha/Desktop/pranathi/airflow_cnn_pipeline_final/airflow_test_env/lib/python3.7/site-packages/airflow/example_dags/example_branch_python_dop_operator_3.py took 0.120 seconds
[2021-03-17 16:52:35,080] {scheduler_job.py:182} INFO - Started process (PID=29778) to work on /Users/prathyusha/Desktop/pranathi/airflow_cnn_pipeline_final/airflow_test_env/lib/python3.7/site-packages/airflow/example_dags/example_branch_python_dop_operator_3.py
[2021-03-17 16:52:35,083] {scheduler_job.py:629} INFO - Processing file /Users/prathyusha/Desktop/pranathi/airflow_cnn_pipeline_final/airflow_test_env/lib/python3.7/site-packages/airflow/example_dags/example_branch_python_dop_operator_3.py for tasks to queue
[2021-03-17 16:52:35,085] {logging_mixin.py:104} INFO - [2021-03-17 16:52:35,084] {dagbag.py:448} INFO - Filling up the DagBag from /Users/prathyusha/Desktop/pranathi/airflow_cnn_pipeline_final/airflow_test_env/lib/python3.7/site-packages/airflow/example_dags/example_branch_python_dop_operator_3.py
[2021-03-17 16:52:35,112] {scheduler_job.py:639} INFO - DAG(s) dict_keys(['example_branch_dop_operator_v3']) retrieved from /Users/prathyusha/Desktop/pranathi/airflow_cnn_pipeline_final/airflow_test_env/lib/python3.7/site-packages/airflow/example_dags/example_branch_python_dop_operator_3.py
[2021-03-17 16:52:35,131] {logging_mixin.py:104} INFO - [2021-03-17 16:52:35,131] {dag.py:1818} INFO - Sync 1 DAGs
[2021-03-17 16:52:35,168] {logging_mixin.py:104} INFO - [2021-03-17 16:52:35,166] {dag.py:2273} INFO - Setting next_dagrun for example_branch_dop_operator_v3 to 2021-03-15 00:00:00+00:00
[2021-03-17 16:52:35,183] {scheduler_job.py:190} INFO - Processing /Users/prathyusha/Desktop/pranathi/airflow_cnn_pipeline_final/airflow_test_env/lib/python3.7/site-packages/airflow/example_dags/example_branch_python_dop_operator_3.py took 0.108 seconds
[2021-03-17 16:53:06,149] {scheduler_job.py:182} INFO - Started process (PID=29835) to work on /Users/prathyusha/Desktop/pranathi/airflow_cnn_pipeline_final/airflow_test_env/lib/python3.7/site-packages/airflow/example_dags/example_branch_python_dop_operator_3.py
[2021-03-17 16:53:06,153] {scheduler_job.py:629} INFO - Processing file /Users/prathyusha/Desktop/pranathi/airflow_cnn_pipeline_final/airflow_test_env/lib/python3.7/site-packages/airflow/example_dags/example_branch_python_dop_operator_3.py for tasks to queue
[2021-03-17 16:53:06,155] {logging_mixin.py:104} INFO - [2021-03-17 16:53:06,155] {dagbag.py:448} INFO - Filling up the DagBag from /Users/prathyusha/Desktop/pranathi/airflow_cnn_pipeline_final/airflow_test_env/lib/python3.7/site-packages/airflow/example_dags/example_branch_python_dop_operator_3.py
[2021-03-17 16:53:06,185] {scheduler_job.py:639} INFO - DAG(s) dict_keys(['example_branch_dop_operator_v3']) retrieved from /Users/prathyusha/Desktop/pranathi/airflow_cnn_pipeline_final/airflow_test_env/lib/python3.7/site-packages/airflow/example_dags/example_branch_python_dop_operator_3.py
[2021-03-17 16:53:06,208] {logging_mixin.py:104} INFO - [2021-03-17 16:53:06,208] {dag.py:1818} INFO - Sync 1 DAGs
[2021-03-17 16:53:06,265] {logging_mixin.py:104} INFO - [2021-03-17 16:53:06,264] {dag.py:2273} INFO - Setting next_dagrun for example_branch_dop_operator_v3 to 2021-03-15 00:00:00+00:00
[2021-03-17 16:53:06,277] {scheduler_job.py:190} INFO - Processing /Users/prathyusha/Desktop/pranathi/airflow_cnn_pipeline_final/airflow_test_env/lib/python3.7/site-packages/airflow/example_dags/example_branch_python_dop_operator_3.py took 0.134 seconds
[2021-03-17 16:53:37,360] {scheduler_job.py:182} INFO - Started process (PID=29897) to work on /Users/prathyusha/Desktop/pranathi/airflow_cnn_pipeline_final/airflow_test_env/lib/python3.7/site-packages/airflow/example_dags/example_branch_python_dop_operator_3.py
[2021-03-17 16:53:37,362] {scheduler_job.py:629} INFO - Processing file /Users/prathyusha/Desktop/pranathi/airflow_cnn_pipeline_final/airflow_test_env/lib/python3.7/site-packages/airflow/example_dags/example_branch_python_dop_operator_3.py for tasks to queue
[2021-03-17 16:53:37,365] {logging_mixin.py:104} INFO - [2021-03-17 16:53:37,364] {dagbag.py:448} INFO - Filling up the DagBag from /Users/prathyusha/Desktop/pranathi/airflow_cnn_pipeline_final/airflow_test_env/lib/python3.7/site-packages/airflow/example_dags/example_branch_python_dop_operator_3.py
[2021-03-17 16:53:37,386] {scheduler_job.py:639} INFO - DAG(s) dict_keys(['example_branch_dop_operator_v3']) retrieved from /Users/prathyusha/Desktop/pranathi/airflow_cnn_pipeline_final/airflow_test_env/lib/python3.7/site-packages/airflow/example_dags/example_branch_python_dop_operator_3.py
[2021-03-17 16:53:37,401] {logging_mixin.py:104} INFO - [2021-03-17 16:53:37,401] {dag.py:1818} INFO - Sync 1 DAGs
[2021-03-17 16:53:37,437] {logging_mixin.py:104} INFO - [2021-03-17 16:53:37,436] {dag.py:2273} INFO - Setting next_dagrun for example_branch_dop_operator_v3 to 2021-03-15 00:00:00+00:00
[2021-03-17 16:53:37,445] {scheduler_job.py:190} INFO - Processing /Users/prathyusha/Desktop/pranathi/airflow_cnn_pipeline_final/airflow_test_env/lib/python3.7/site-packages/airflow/example_dags/example_branch_python_dop_operator_3.py took 0.090 seconds
[2021-03-17 16:54:08,074] {scheduler_job.py:182} INFO - Started process (PID=29936) to work on /Users/prathyusha/Desktop/pranathi/airflow_cnn_pipeline_final/airflow_test_env/lib/python3.7/site-packages/airflow/example_dags/example_branch_python_dop_operator_3.py
[2021-03-17 16:54:08,077] {scheduler_job.py:629} INFO - Processing file /Users/prathyusha/Desktop/pranathi/airflow_cnn_pipeline_final/airflow_test_env/lib/python3.7/site-packages/airflow/example_dags/example_branch_python_dop_operator_3.py for tasks to queue
[2021-03-17 16:54:08,078] {logging_mixin.py:104} INFO - [2021-03-17 16:54:08,078] {dagbag.py:448} INFO - Filling up the DagBag from /Users/prathyusha/Desktop/pranathi/airflow_cnn_pipeline_final/airflow_test_env/lib/python3.7/site-packages/airflow/example_dags/example_branch_python_dop_operator_3.py
[2021-03-17 16:54:08,100] {scheduler_job.py:639} INFO - DAG(s) dict_keys(['example_branch_dop_operator_v3']) retrieved from /Users/prathyusha/Desktop/pranathi/airflow_cnn_pipeline_final/airflow_test_env/lib/python3.7/site-packages/airflow/example_dags/example_branch_python_dop_operator_3.py
[2021-03-17 16:54:08,120] {logging_mixin.py:104} INFO - [2021-03-17 16:54:08,119] {dag.py:1818} INFO - Sync 1 DAGs
[2021-03-17 16:54:08,172] {logging_mixin.py:104} INFO - [2021-03-17 16:54:08,171] {dag.py:2273} INFO - Setting next_dagrun for example_branch_dop_operator_v3 to 2021-03-15 00:00:00+00:00
[2021-03-17 16:54:08,184] {scheduler_job.py:190} INFO - Processing /Users/prathyusha/Desktop/pranathi/airflow_cnn_pipeline_final/airflow_test_env/lib/python3.7/site-packages/airflow/example_dags/example_branch_python_dop_operator_3.py took 0.115 seconds
[2021-03-17 16:54:38,431] {scheduler_job.py:182} INFO - Started process (PID=29975) to work on /Users/prathyusha/Desktop/pranathi/airflow_cnn_pipeline_final/airflow_test_env/lib/python3.7/site-packages/airflow/example_dags/example_branch_python_dop_operator_3.py
[2021-03-17 16:54:38,434] {scheduler_job.py:629} INFO - Processing file /Users/prathyusha/Desktop/pranathi/airflow_cnn_pipeline_final/airflow_test_env/lib/python3.7/site-packages/airflow/example_dags/example_branch_python_dop_operator_3.py for tasks to queue
[2021-03-17 16:54:38,436] {logging_mixin.py:104} INFO - [2021-03-17 16:54:38,436] {dagbag.py:448} INFO - Filling up the DagBag from /Users/prathyusha/Desktop/pranathi/airflow_cnn_pipeline_final/airflow_test_env/lib/python3.7/site-packages/airflow/example_dags/example_branch_python_dop_operator_3.py
[2021-03-17 16:54:38,462] {scheduler_job.py:639} INFO - DAG(s) dict_keys(['example_branch_dop_operator_v3']) retrieved from /Users/prathyusha/Desktop/pranathi/airflow_cnn_pipeline_final/airflow_test_env/lib/python3.7/site-packages/airflow/example_dags/example_branch_python_dop_operator_3.py
[2021-03-17 16:54:38,485] {logging_mixin.py:104} INFO - [2021-03-17 16:54:38,484] {dag.py:1818} INFO - Sync 1 DAGs
[2021-03-17 16:54:38,538] {logging_mixin.py:104} INFO - [2021-03-17 16:54:38,537] {dag.py:2273} INFO - Setting next_dagrun for example_branch_dop_operator_v3 to 2021-03-15 00:00:00+00:00
[2021-03-17 16:54:38,559] {scheduler_job.py:190} INFO - Processing /Users/prathyusha/Desktop/pranathi/airflow_cnn_pipeline_final/airflow_test_env/lib/python3.7/site-packages/airflow/example_dags/example_branch_python_dop_operator_3.py took 0.134 seconds
[2021-03-17 16:55:09,224] {scheduler_job.py:182} INFO - Started process (PID=30023) to work on /Users/prathyusha/Desktop/pranathi/airflow_cnn_pipeline_final/airflow_test_env/lib/python3.7/site-packages/airflow/example_dags/example_branch_python_dop_operator_3.py
[2021-03-17 16:55:09,226] {scheduler_job.py:629} INFO - Processing file /Users/prathyusha/Desktop/pranathi/airflow_cnn_pipeline_final/airflow_test_env/lib/python3.7/site-packages/airflow/example_dags/example_branch_python_dop_operator_3.py for tasks to queue
[2021-03-17 16:55:09,228] {logging_mixin.py:104} INFO - [2021-03-17 16:55:09,227] {dagbag.py:448} INFO - Filling up the DagBag from /Users/prathyusha/Desktop/pranathi/airflow_cnn_pipeline_final/airflow_test_env/lib/python3.7/site-packages/airflow/example_dags/example_branch_python_dop_operator_3.py
[2021-03-17 16:55:09,254] {scheduler_job.py:639} INFO - DAG(s) dict_keys(['example_branch_dop_operator_v3']) retrieved from /Users/prathyusha/Desktop/pranathi/airflow_cnn_pipeline_final/airflow_test_env/lib/python3.7/site-packages/airflow/example_dags/example_branch_python_dop_operator_3.py
[2021-03-17 16:55:09,288] {logging_mixin.py:104} INFO - [2021-03-17 16:55:09,287] {dag.py:1818} INFO - Sync 1 DAGs
[2021-03-17 16:55:09,370] {logging_mixin.py:104} INFO - [2021-03-17 16:55:09,369] {dag.py:2273} INFO - Setting next_dagrun for example_branch_dop_operator_v3 to 2021-03-15 00:00:00+00:00
[2021-03-17 16:55:09,386] {scheduler_job.py:190} INFO - Processing /Users/prathyusha/Desktop/pranathi/airflow_cnn_pipeline_final/airflow_test_env/lib/python3.7/site-packages/airflow/example_dags/example_branch_python_dop_operator_3.py took 0.168 seconds
[2021-03-17 16:55:40,045] {scheduler_job.py:182} INFO - Started process (PID=30072) to work on /Users/prathyusha/Desktop/pranathi/airflow_cnn_pipeline_final/airflow_test_env/lib/python3.7/site-packages/airflow/example_dags/example_branch_python_dop_operator_3.py
[2021-03-17 16:55:40,047] {scheduler_job.py:629} INFO - Processing file /Users/prathyusha/Desktop/pranathi/airflow_cnn_pipeline_final/airflow_test_env/lib/python3.7/site-packages/airflow/example_dags/example_branch_python_dop_operator_3.py for tasks to queue
[2021-03-17 16:55:40,049] {logging_mixin.py:104} INFO - [2021-03-17 16:55:40,048] {dagbag.py:448} INFO - Filling up the DagBag from /Users/prathyusha/Desktop/pranathi/airflow_cnn_pipeline_final/airflow_test_env/lib/python3.7/site-packages/airflow/example_dags/example_branch_python_dop_operator_3.py
[2021-03-17 16:55:40,076] {scheduler_job.py:639} INFO - DAG(s) dict_keys(['example_branch_dop_operator_v3']) retrieved from /Users/prathyusha/Desktop/pranathi/airflow_cnn_pipeline_final/airflow_test_env/lib/python3.7/site-packages/airflow/example_dags/example_branch_python_dop_operator_3.py
[2021-03-17 16:55:40,097] {logging_mixin.py:104} INFO - [2021-03-17 16:55:40,097] {dag.py:1818} INFO - Sync 1 DAGs
[2021-03-17 16:55:40,163] {logging_mixin.py:104} INFO - [2021-03-17 16:55:40,162] {dag.py:2273} INFO - Setting next_dagrun for example_branch_dop_operator_v3 to 2021-03-15 00:00:00+00:00
[2021-03-17 16:55:40,180] {scheduler_job.py:190} INFO - Processing /Users/prathyusha/Desktop/pranathi/airflow_cnn_pipeline_final/airflow_test_env/lib/python3.7/site-packages/airflow/example_dags/example_branch_python_dop_operator_3.py took 0.140 seconds
[2021-03-17 16:56:10,839] {scheduler_job.py:182} INFO - Started process (PID=30106) to work on /Users/prathyusha/Desktop/pranathi/airflow_cnn_pipeline_final/airflow_test_env/lib/python3.7/site-packages/airflow/example_dags/example_branch_python_dop_operator_3.py
[2021-03-17 16:56:10,842] {scheduler_job.py:629} INFO - Processing file /Users/prathyusha/Desktop/pranathi/airflow_cnn_pipeline_final/airflow_test_env/lib/python3.7/site-packages/airflow/example_dags/example_branch_python_dop_operator_3.py for tasks to queue
[2021-03-17 16:56:10,844] {logging_mixin.py:104} INFO - [2021-03-17 16:56:10,843] {dagbag.py:448} INFO - Filling up the DagBag from /Users/prathyusha/Desktop/pranathi/airflow_cnn_pipeline_final/airflow_test_env/lib/python3.7/site-packages/airflow/example_dags/example_branch_python_dop_operator_3.py
[2021-03-17 16:56:10,868] {scheduler_job.py:639} INFO - DAG(s) dict_keys(['example_branch_dop_operator_v3']) retrieved from /Users/prathyusha/Desktop/pranathi/airflow_cnn_pipeline_final/airflow_test_env/lib/python3.7/site-packages/airflow/example_dags/example_branch_python_dop_operator_3.py
[2021-03-17 16:56:10,886] {logging_mixin.py:104} INFO - [2021-03-17 16:56:10,886] {dag.py:1818} INFO - Sync 1 DAGs
[2021-03-17 16:56:10,931] {logging_mixin.py:104} INFO - [2021-03-17 16:56:10,930] {dag.py:2273} INFO - Setting next_dagrun for example_branch_dop_operator_v3 to 2021-03-15 00:00:00+00:00
[2021-03-17 16:56:10,942] {scheduler_job.py:190} INFO - Processing /Users/prathyusha/Desktop/pranathi/airflow_cnn_pipeline_final/airflow_test_env/lib/python3.7/site-packages/airflow/example_dags/example_branch_python_dop_operator_3.py took 0.108 seconds
[2021-03-17 16:56:43,878] {scheduler_job.py:182} INFO - Started process (PID=30144) to work on /Users/prathyusha/Desktop/pranathi/airflow_cnn_pipeline_final/airflow_test_env/lib/python3.7/site-packages/airflow/example_dags/example_branch_python_dop_operator_3.py
[2021-03-17 16:56:43,882] {scheduler_job.py:629} INFO - Processing file /Users/prathyusha/Desktop/pranathi/airflow_cnn_pipeline_final/airflow_test_env/lib/python3.7/site-packages/airflow/example_dags/example_branch_python_dop_operator_3.py for tasks to queue
[2021-03-17 16:56:43,883] {logging_mixin.py:104} INFO - [2021-03-17 16:56:43,883] {dagbag.py:448} INFO - Filling up the DagBag from /Users/prathyusha/Desktop/pranathi/airflow_cnn_pipeline_final/airflow_test_env/lib/python3.7/site-packages/airflow/example_dags/example_branch_python_dop_operator_3.py
[2021-03-17 16:56:43,904] {scheduler_job.py:639} INFO - DAG(s) dict_keys(['example_branch_dop_operator_v3']) retrieved from /Users/prathyusha/Desktop/pranathi/airflow_cnn_pipeline_final/airflow_test_env/lib/python3.7/site-packages/airflow/example_dags/example_branch_python_dop_operator_3.py
[2021-03-17 16:56:43,933] {logging_mixin.py:104} INFO - [2021-03-17 16:56:43,933] {dag.py:1818} INFO - Sync 1 DAGs
[2021-03-17 16:56:43,979] {logging_mixin.py:104} INFO - [2021-03-17 16:56:43,979] {dag.py:2273} INFO - Setting next_dagrun for example_branch_dop_operator_v3 to 2021-03-15 00:00:00+00:00
[2021-03-17 16:56:43,990] {scheduler_job.py:190} INFO - Processing /Users/prathyusha/Desktop/pranathi/airflow_cnn_pipeline_final/airflow_test_env/lib/python3.7/site-packages/airflow/example_dags/example_branch_python_dop_operator_3.py took 0.118 seconds
[2021-03-17 16:57:14,675] {scheduler_job.py:182} INFO - Started process (PID=30173) to work on /Users/prathyusha/Desktop/pranathi/airflow_cnn_pipeline_final/airflow_test_env/lib/python3.7/site-packages/airflow/example_dags/example_branch_python_dop_operator_3.py
[2021-03-17 16:57:14,678] {scheduler_job.py:629} INFO - Processing file /Users/prathyusha/Desktop/pranathi/airflow_cnn_pipeline_final/airflow_test_env/lib/python3.7/site-packages/airflow/example_dags/example_branch_python_dop_operator_3.py for tasks to queue
[2021-03-17 16:57:14,680] {logging_mixin.py:104} INFO - [2021-03-17 16:57:14,679] {dagbag.py:448} INFO - Filling up the DagBag from /Users/prathyusha/Desktop/pranathi/airflow_cnn_pipeline_final/airflow_test_env/lib/python3.7/site-packages/airflow/example_dags/example_branch_python_dop_operator_3.py
[2021-03-17 16:57:14,714] {scheduler_job.py:639} INFO - DAG(s) dict_keys(['example_branch_dop_operator_v3']) retrieved from /Users/prathyusha/Desktop/pranathi/airflow_cnn_pipeline_final/airflow_test_env/lib/python3.7/site-packages/airflow/example_dags/example_branch_python_dop_operator_3.py
[2021-03-17 16:57:14,742] {logging_mixin.py:104} INFO - [2021-03-17 16:57:14,741] {dag.py:1818} INFO - Sync 1 DAGs
[2021-03-17 16:57:14,785] {logging_mixin.py:104} INFO - [2021-03-17 16:57:14,785] {dag.py:2273} INFO - Setting next_dagrun for example_branch_dop_operator_v3 to 2021-03-15 00:00:00+00:00
[2021-03-17 16:57:14,795] {scheduler_job.py:190} INFO - Processing /Users/prathyusha/Desktop/pranathi/airflow_cnn_pipeline_final/airflow_test_env/lib/python3.7/site-packages/airflow/example_dags/example_branch_python_dop_operator_3.py took 0.128 seconds
[2021-03-17 16:57:47,450] {scheduler_job.py:182} INFO - Started process (PID=30219) to work on /Users/prathyusha/Desktop/pranathi/airflow_cnn_pipeline_final/airflow_test_env/lib/python3.7/site-packages/airflow/example_dags/example_branch_python_dop_operator_3.py
[2021-03-17 16:57:47,454] {scheduler_job.py:629} INFO - Processing file /Users/prathyusha/Desktop/pranathi/airflow_cnn_pipeline_final/airflow_test_env/lib/python3.7/site-packages/airflow/example_dags/example_branch_python_dop_operator_3.py for tasks to queue
[2021-03-17 16:57:47,457] {logging_mixin.py:104} INFO - [2021-03-17 16:57:47,455] {dagbag.py:448} INFO - Filling up the DagBag from /Users/prathyusha/Desktop/pranathi/airflow_cnn_pipeline_final/airflow_test_env/lib/python3.7/site-packages/airflow/example_dags/example_branch_python_dop_operator_3.py
[2021-03-17 16:57:47,503] {scheduler_job.py:639} INFO - DAG(s) dict_keys(['example_branch_dop_operator_v3']) retrieved from /Users/prathyusha/Desktop/pranathi/airflow_cnn_pipeline_final/airflow_test_env/lib/python3.7/site-packages/airflow/example_dags/example_branch_python_dop_operator_3.py
[2021-03-17 16:57:47,533] {logging_mixin.py:104} INFO - [2021-03-17 16:57:47,533] {dag.py:1818} INFO - Sync 1 DAGs
[2021-03-17 16:57:47,580] {logging_mixin.py:104} INFO - [2021-03-17 16:57:47,579] {dag.py:2273} INFO - Setting next_dagrun for example_branch_dop_operator_v3 to 2021-03-15 00:00:00+00:00
[2021-03-17 16:57:47,597] {scheduler_job.py:190} INFO - Processing /Users/prathyusha/Desktop/pranathi/airflow_cnn_pipeline_final/airflow_test_env/lib/python3.7/site-packages/airflow/example_dags/example_branch_python_dop_operator_3.py took 0.154 seconds
[2021-03-17 16:58:20,000] {scheduler_job.py:182} INFO - Started process (PID=30263) to work on /Users/prathyusha/Desktop/pranathi/airflow_cnn_pipeline_final/airflow_test_env/lib/python3.7/site-packages/airflow/example_dags/example_branch_python_dop_operator_3.py
[2021-03-17 16:58:20,007] {scheduler_job.py:629} INFO - Processing file /Users/prathyusha/Desktop/pranathi/airflow_cnn_pipeline_final/airflow_test_env/lib/python3.7/site-packages/airflow/example_dags/example_branch_python_dop_operator_3.py for tasks to queue
[2021-03-17 16:58:20,013] {logging_mixin.py:104} INFO - [2021-03-17 16:58:20,010] {dagbag.py:448} INFO - Filling up the DagBag from /Users/prathyusha/Desktop/pranathi/airflow_cnn_pipeline_final/airflow_test_env/lib/python3.7/site-packages/airflow/example_dags/example_branch_python_dop_operator_3.py
[2021-03-17 16:58:20,058] {scheduler_job.py:639} INFO - DAG(s) dict_keys(['example_branch_dop_operator_v3']) retrieved from /Users/prathyusha/Desktop/pranathi/airflow_cnn_pipeline_final/airflow_test_env/lib/python3.7/site-packages/airflow/example_dags/example_branch_python_dop_operator_3.py
[2021-03-17 16:58:20,097] {logging_mixin.py:104} INFO - [2021-03-17 16:58:20,096] {dag.py:1818} INFO - Sync 1 DAGs
[2021-03-17 16:58:20,247] {logging_mixin.py:104} INFO - [2021-03-17 16:58:20,247] {dag.py:2273} INFO - Setting next_dagrun for example_branch_dop_operator_v3 to 2021-03-15 00:00:00+00:00
[2021-03-17 16:58:20,268] {scheduler_job.py:190} INFO - Processing /Users/prathyusha/Desktop/pranathi/airflow_cnn_pipeline_final/airflow_test_env/lib/python3.7/site-packages/airflow/example_dags/example_branch_python_dop_operator_3.py took 0.275 seconds
[2021-03-17 16:58:55,407] {scheduler_job.py:182} INFO - Started process (PID=30320) to work on /Users/prathyusha/Desktop/pranathi/airflow_cnn_pipeline_final/airflow_test_env/lib/python3.7/site-packages/airflow/example_dags/example_branch_python_dop_operator_3.py
[2021-03-17 16:58:55,411] {scheduler_job.py:629} INFO - Processing file /Users/prathyusha/Desktop/pranathi/airflow_cnn_pipeline_final/airflow_test_env/lib/python3.7/site-packages/airflow/example_dags/example_branch_python_dop_operator_3.py for tasks to queue
[2021-03-17 16:58:55,415] {logging_mixin.py:104} INFO - [2021-03-17 16:58:55,412] {dagbag.py:448} INFO - Filling up the DagBag from /Users/prathyusha/Desktop/pranathi/airflow_cnn_pipeline_final/airflow_test_env/lib/python3.7/site-packages/airflow/example_dags/example_branch_python_dop_operator_3.py
[2021-03-17 16:58:55,441] {scheduler_job.py:639} INFO - DAG(s) dict_keys(['example_branch_dop_operator_v3']) retrieved from /Users/prathyusha/Desktop/pranathi/airflow_cnn_pipeline_final/airflow_test_env/lib/python3.7/site-packages/airflow/example_dags/example_branch_python_dop_operator_3.py
[2021-03-17 16:58:55,477] {logging_mixin.py:104} INFO - [2021-03-17 16:58:55,476] {dag.py:1818} INFO - Sync 1 DAGs
[2021-03-17 16:58:55,635] {logging_mixin.py:104} INFO - [2021-03-17 16:58:55,635] {dag.py:2273} INFO - Setting next_dagrun for example_branch_dop_operator_v3 to 2021-03-15 00:00:00+00:00
[2021-03-17 16:58:55,652] {scheduler_job.py:190} INFO - Processing /Users/prathyusha/Desktop/pranathi/airflow_cnn_pipeline_final/airflow_test_env/lib/python3.7/site-packages/airflow/example_dags/example_branch_python_dop_operator_3.py took 0.250 seconds
[2021-03-17 16:59:28,962] {scheduler_job.py:182} INFO - Started process (PID=30372) to work on /Users/prathyusha/Desktop/pranathi/airflow_cnn_pipeline_final/airflow_test_env/lib/python3.7/site-packages/airflow/example_dags/example_branch_python_dop_operator_3.py
[2021-03-17 16:59:28,966] {scheduler_job.py:629} INFO - Processing file /Users/prathyusha/Desktop/pranathi/airflow_cnn_pipeline_final/airflow_test_env/lib/python3.7/site-packages/airflow/example_dags/example_branch_python_dop_operator_3.py for tasks to queue
[2021-03-17 16:59:28,969] {logging_mixin.py:104} INFO - [2021-03-17 16:59:28,968] {dagbag.py:448} INFO - Filling up the DagBag from /Users/prathyusha/Desktop/pranathi/airflow_cnn_pipeline_final/airflow_test_env/lib/python3.7/site-packages/airflow/example_dags/example_branch_python_dop_operator_3.py
[2021-03-17 16:59:29,018] {scheduler_job.py:639} INFO - DAG(s) dict_keys(['example_branch_dop_operator_v3']) retrieved from /Users/prathyusha/Desktop/pranathi/airflow_cnn_pipeline_final/airflow_test_env/lib/python3.7/site-packages/airflow/example_dags/example_branch_python_dop_operator_3.py
[2021-03-17 16:59:29,061] {logging_mixin.py:104} INFO - [2021-03-17 16:59:29,061] {dag.py:1818} INFO - Sync 1 DAGs
[2021-03-17 16:59:29,130] {logging_mixin.py:104} INFO - [2021-03-17 16:59:29,128] {dag.py:2273} INFO - Setting next_dagrun for example_branch_dop_operator_v3 to 2021-03-15 00:00:00+00:00
[2021-03-17 16:59:29,159] {scheduler_job.py:190} INFO - Processing /Users/prathyusha/Desktop/pranathi/airflow_cnn_pipeline_final/airflow_test_env/lib/python3.7/site-packages/airflow/example_dags/example_branch_python_dop_operator_3.py took 0.207 seconds
