[2021-03-25 14:33:11,795] {taskinstance.py:851} INFO - Dependencies all met for <TaskInstance: EDGAR-Inference-Pipeline.FetchDataFromAPI 2021-03-25T21:33:07.052924+00:00 [queued]>
[2021-03-25 14:33:11,801] {taskinstance.py:851} INFO - Dependencies all met for <TaskInstance: EDGAR-Inference-Pipeline.FetchDataFromAPI 2021-03-25T21:33:07.052924+00:00 [queued]>
[2021-03-25 14:33:11,802] {taskinstance.py:1042} INFO - 
--------------------------------------------------------------------------------
[2021-03-25 14:33:11,802] {taskinstance.py:1043} INFO - Starting attempt 1 of 1
[2021-03-25 14:33:11,802] {taskinstance.py:1044} INFO - 
--------------------------------------------------------------------------------
[2021-03-25 14:33:11,810] {taskinstance.py:1063} INFO - Executing <Task(PythonOperator): FetchDataFromAPI> on 2021-03-25T21:33:07.052924+00:00
[2021-03-25 14:33:11,813] {standard_task_runner.py:52} INFO - Started process 3666 to run task
[2021-03-25 14:33:11,825] {standard_task_runner.py:76} INFO - Running: ['airflow', 'tasks', 'run', 'EDGAR-Inference-Pipeline', 'FetchDataFromAPI', '2021-03-25T21:33:07.052924+00:00', '--job-id', '21', '--pool', 'default_pool', '--raw', '--subdir', 'DAGS_FOLDER/edgar_inference.py', '--cfg-path', '/var/folders/_j/s8vbc0cs1fvgclq8hnvtq1wm0000gn/T/tmp5y0z_f1c', '--error-file', '/var/folders/_j/s8vbc0cs1fvgclq8hnvtq1wm0000gn/T/tmp3owuo731']
[2021-03-25 14:33:11,827] {standard_task_runner.py:77} INFO - Job 21: Subtask FetchDataFromAPI
[2021-03-25 14:33:11,886] {logging_mixin.py:104} INFO - Running <TaskInstance: EDGAR-Inference-Pipeline.FetchDataFromAPI 2021-03-25T21:33:07.052924+00:00 [running]> on host prathyushas-mbp.home
[2021-03-25 14:33:11,926] {taskinstance.py:1257} INFO - Exporting the following env vars:
AIRFLOW_CTX_DAG_OWNER=airflow
AIRFLOW_CTX_DAG_ID=EDGAR-Inference-Pipeline
AIRFLOW_CTX_TASK_ID=FetchDataFromAPI
AIRFLOW_CTX_EXECUTION_DATE=2021-03-25T21:33:07.052924+00:00
AIRFLOW_CTX_DAG_RUN_ID=manual__2021-03-25T21:33:07.052924+00:00
[2021-03-25 14:33:13,242] {logging_mixin.py:104} INFO -   company  year
0    ACFN  2021
1    BLFS  2021
2    BMMJ  2021
3   CELTF  2021
4    GHLD  2021
5    IRIX  2021
6   KGFHF  2021
7     TME  2021
[2021-03-25 14:33:13,246] {python.py:118} INFO - Done. Returned value was: None
[2021-03-25 14:33:13,259] {taskinstance.py:1166} INFO - Marking task as SUCCESS. dag_id=EDGAR-Inference-Pipeline, task_id=FetchDataFromAPI, execution_date=20210325T213307, start_date=20210325T213311, end_date=20210325T213313
[2021-03-25 14:33:13,293] {taskinstance.py:1220} INFO - 1 downstream tasks scheduled from follow-on schedule check
[2021-03-25 14:33:13,325] {local_task_job.py:146} INFO - Task exited with return code 0
