[2021-03-17 17:25:00,486] {taskinstance.py:851} INFO - Dependencies all met for <TaskInstance: CNN-Training-Pipeline.TrainModel 2021-03-18T00:17:08+00:00 [queued]>
[2021-03-17 17:25:00,501] {taskinstance.py:851} INFO - Dependencies all met for <TaskInstance: CNN-Training-Pipeline.TrainModel 2021-03-18T00:17:08+00:00 [queued]>
[2021-03-17 17:25:00,501] {taskinstance.py:1042} INFO - 
--------------------------------------------------------------------------------
[2021-03-17 17:25:00,501] {taskinstance.py:1043} INFO - Starting attempt 1 of 1
[2021-03-17 17:25:00,501] {taskinstance.py:1044} INFO - 
--------------------------------------------------------------------------------
[2021-03-17 17:25:00,508] {taskinstance.py:1063} INFO - Executing <Task(PythonOperator): TrainModel> on 2021-03-18T00:17:08+00:00
[2021-03-17 17:25:00,510] {standard_task_runner.py:52} INFO - Started process 31001 to run task
[2021-03-17 17:25:00,526] {standard_task_runner.py:76} INFO - Running: ['airflow', 'tasks', 'run', 'CNN-Training-Pipeline', 'TrainModel', '2021-03-18T00:17:08+00:00', '--job-id', '9', '--pool', 'default_pool', '--raw', '--subdir', 'DAGS_FOLDER/train_model.py', '--cfg-path', '/var/folders/_j/s8vbc0cs1fvgclq8hnvtq1wm0000gn/T/tmpvup8e1z9', '--error-file', '/var/folders/_j/s8vbc0cs1fvgclq8hnvtq1wm0000gn/T/tmphrwqi6j7']
[2021-03-17 17:25:00,528] {standard_task_runner.py:77} INFO - Job 9: Subtask TrainModel
[2021-03-17 17:25:00,581] {logging_mixin.py:104} INFO - Running <TaskInstance: CNN-Training-Pipeline.TrainModel 2021-03-18T00:17:08+00:00 [running]> on host prathyushas-mbp.home
[2021-03-17 17:25:00,620] {taskinstance.py:1257} INFO - Exporting the following env vars:
AIRFLOW_CTX_DAG_OWNER=airflow
AIRFLOW_CTX_DAG_ID=CNN-Training-Pipeline
AIRFLOW_CTX_TASK_ID=TrainModel
AIRFLOW_CTX_EXECUTION_DATE=2021-03-18T00:17:08+00:00
AIRFLOW_CTX_DAG_RUN_ID=manual__2021-03-18T00:17:08+00:00
[2021-03-17 17:25:09,755] {python.py:118} INFO - Done. Returned value was: None
[2021-03-17 17:25:09,769] {taskinstance.py:1166} INFO - Marking task as SUCCESS. dag_id=CNN-Training-Pipeline, task_id=TrainModel, execution_date=20210318T001708, start_date=20210318T002500, end_date=20210318T002509
[2021-03-17 17:25:09,801] {taskinstance.py:1220} INFO - 1 downstream tasks scheduled from follow-on schedule check
[2021-03-17 17:25:09,832] {local_task_job.py:146} INFO - Task exited with return code 0
