[2021-03-17 17:00:42,464] {scheduler_job.py:182} INFO - Started process (PID=30450) to work on /Users/prathyusha/Desktop/pranathi/airflow_cnn_pipeline_final/airflow_test_env/lib/python3.7/site-packages/airflow/example_dags/example_bash_operator.py
[2021-03-17 17:00:42,466] {scheduler_job.py:629} INFO - Processing file /Users/prathyusha/Desktop/pranathi/airflow_cnn_pipeline_final/airflow_test_env/lib/python3.7/site-packages/airflow/example_dags/example_bash_operator.py for tasks to queue
[2021-03-17 17:00:42,467] {logging_mixin.py:104} INFO - [2021-03-17 17:00:42,467] {dagbag.py:448} INFO - Filling up the DagBag from /Users/prathyusha/Desktop/pranathi/airflow_cnn_pipeline_final/airflow_test_env/lib/python3.7/site-packages/airflow/example_dags/example_bash_operator.py
[2021-03-17 17:00:42,488] {scheduler_job.py:639} INFO - DAG(s) dict_keys(['example_bash_operator']) retrieved from /Users/prathyusha/Desktop/pranathi/airflow_cnn_pipeline_final/airflow_test_env/lib/python3.7/site-packages/airflow/example_dags/example_bash_operator.py
[2021-03-17 17:00:42,508] {logging_mixin.py:104} INFO - [2021-03-17 17:00:42,508] {dag.py:1818} INFO - Sync 1 DAGs
[2021-03-17 17:00:42,540] {logging_mixin.py:104} INFO - [2021-03-17 17:00:42,540] {dag.py:2273} INFO - Setting next_dagrun for example_bash_operator to 2021-03-16 00:00:00+00:00
[2021-03-17 17:00:42,556] {scheduler_job.py:190} INFO - Processing /Users/prathyusha/Desktop/pranathi/airflow_cnn_pipeline_final/airflow_test_env/lib/python3.7/site-packages/airflow/example_dags/example_bash_operator.py took 0.096 seconds
[2021-03-17 17:01:13,800] {scheduler_job.py:182} INFO - Started process (PID=30496) to work on /Users/prathyusha/Desktop/pranathi/airflow_cnn_pipeline_final/airflow_test_env/lib/python3.7/site-packages/airflow/example_dags/example_bash_operator.py
[2021-03-17 17:01:13,809] {scheduler_job.py:629} INFO - Processing file /Users/prathyusha/Desktop/pranathi/airflow_cnn_pipeline_final/airflow_test_env/lib/python3.7/site-packages/airflow/example_dags/example_bash_operator.py for tasks to queue
[2021-03-17 17:01:13,812] {logging_mixin.py:104} INFO - [2021-03-17 17:01:13,811] {dagbag.py:448} INFO - Filling up the DagBag from /Users/prathyusha/Desktop/pranathi/airflow_cnn_pipeline_final/airflow_test_env/lib/python3.7/site-packages/airflow/example_dags/example_bash_operator.py
[2021-03-17 17:01:13,865] {scheduler_job.py:639} INFO - DAG(s) dict_keys(['example_bash_operator']) retrieved from /Users/prathyusha/Desktop/pranathi/airflow_cnn_pipeline_final/airflow_test_env/lib/python3.7/site-packages/airflow/example_dags/example_bash_operator.py
[2021-03-17 17:01:13,978] {logging_mixin.py:104} INFO - [2021-03-17 17:01:13,932] {dag.py:1818} INFO - Sync 1 DAGs
[2021-03-17 17:01:14,111] {logging_mixin.py:104} INFO - [2021-03-17 17:01:14,110] {dag.py:2273} INFO - Setting next_dagrun for example_bash_operator to 2021-03-16 00:00:00+00:00
[2021-03-17 17:01:14,129] {scheduler_job.py:190} INFO - Processing /Users/prathyusha/Desktop/pranathi/airflow_cnn_pipeline_final/airflow_test_env/lib/python3.7/site-packages/airflow/example_dags/example_bash_operator.py took 0.336 seconds
[2021-03-17 17:14:39,976] {scheduler_job.py:182} INFO - Started process (PID=30691) to work on /Users/prathyusha/Desktop/pranathi/airflow_cnn_pipeline_final/airflow_test_env/lib/python3.7/site-packages/airflow/example_dags/example_bash_operator.py
[2021-03-17 17:14:39,978] {scheduler_job.py:629} INFO - Processing file /Users/prathyusha/Desktop/pranathi/airflow_cnn_pipeline_final/airflow_test_env/lib/python3.7/site-packages/airflow/example_dags/example_bash_operator.py for tasks to queue
[2021-03-17 17:14:39,980] {logging_mixin.py:104} INFO - [2021-03-17 17:14:39,979] {dagbag.py:448} INFO - Filling up the DagBag from /Users/prathyusha/Desktop/pranathi/airflow_cnn_pipeline_final/airflow_test_env/lib/python3.7/site-packages/airflow/example_dags/example_bash_operator.py
[2021-03-17 17:14:40,012] {scheduler_job.py:639} INFO - DAG(s) dict_keys(['example_bash_operator']) retrieved from /Users/prathyusha/Desktop/pranathi/airflow_cnn_pipeline_final/airflow_test_env/lib/python3.7/site-packages/airflow/example_dags/example_bash_operator.py
[2021-03-17 17:14:40,042] {logging_mixin.py:104} INFO - [2021-03-17 17:14:40,041] {dag.py:1818} INFO - Sync 1 DAGs
[2021-03-17 17:14:40,103] {logging_mixin.py:104} INFO - [2021-03-17 17:14:40,102] {dag.py:2273} INFO - Setting next_dagrun for example_bash_operator to 2021-03-16 00:00:00+00:00
[2021-03-17 17:14:40,209] {scheduler_job.py:190} INFO - Processing /Users/prathyusha/Desktop/pranathi/airflow_cnn_pipeline_final/airflow_test_env/lib/python3.7/site-packages/airflow/example_dags/example_bash_operator.py took 0.237 seconds
[2021-03-17 17:15:11,599] {scheduler_job.py:182} INFO - Started process (PID=30744) to work on /Users/prathyusha/Desktop/pranathi/airflow_cnn_pipeline_final/airflow_test_env/lib/python3.7/site-packages/airflow/example_dags/example_bash_operator.py
[2021-03-17 17:15:11,604] {scheduler_job.py:629} INFO - Processing file /Users/prathyusha/Desktop/pranathi/airflow_cnn_pipeline_final/airflow_test_env/lib/python3.7/site-packages/airflow/example_dags/example_bash_operator.py for tasks to queue
[2021-03-17 17:15:11,606] {logging_mixin.py:104} INFO - [2021-03-17 17:15:11,605] {dagbag.py:448} INFO - Filling up the DagBag from /Users/prathyusha/Desktop/pranathi/airflow_cnn_pipeline_final/airflow_test_env/lib/python3.7/site-packages/airflow/example_dags/example_bash_operator.py
[2021-03-17 17:15:11,636] {scheduler_job.py:639} INFO - DAG(s) dict_keys(['example_bash_operator']) retrieved from /Users/prathyusha/Desktop/pranathi/airflow_cnn_pipeline_final/airflow_test_env/lib/python3.7/site-packages/airflow/example_dags/example_bash_operator.py
[2021-03-17 17:15:11,657] {logging_mixin.py:104} INFO - [2021-03-17 17:15:11,656] {dag.py:1818} INFO - Sync 1 DAGs
[2021-03-17 17:15:11,699] {logging_mixin.py:104} INFO - [2021-03-17 17:15:11,698] {dag.py:2273} INFO - Setting next_dagrun for example_bash_operator to 2021-03-16 00:00:00+00:00
[2021-03-17 17:15:11,712] {scheduler_job.py:190} INFO - Processing /Users/prathyusha/Desktop/pranathi/airflow_cnn_pipeline_final/airflow_test_env/lib/python3.7/site-packages/airflow/example_dags/example_bash_operator.py took 0.117 seconds
[2021-03-17 17:15:43,918] {scheduler_job.py:182} INFO - Started process (PID=30774) to work on /Users/prathyusha/Desktop/pranathi/airflow_cnn_pipeline_final/airflow_test_env/lib/python3.7/site-packages/airflow/example_dags/example_bash_operator.py
[2021-03-17 17:15:43,921] {scheduler_job.py:629} INFO - Processing file /Users/prathyusha/Desktop/pranathi/airflow_cnn_pipeline_final/airflow_test_env/lib/python3.7/site-packages/airflow/example_dags/example_bash_operator.py for tasks to queue
[2021-03-17 17:15:43,925] {logging_mixin.py:104} INFO - [2021-03-17 17:15:43,922] {dagbag.py:448} INFO - Filling up the DagBag from /Users/prathyusha/Desktop/pranathi/airflow_cnn_pipeline_final/airflow_test_env/lib/python3.7/site-packages/airflow/example_dags/example_bash_operator.py
[2021-03-17 17:15:43,952] {scheduler_job.py:639} INFO - DAG(s) dict_keys(['example_bash_operator']) retrieved from /Users/prathyusha/Desktop/pranathi/airflow_cnn_pipeline_final/airflow_test_env/lib/python3.7/site-packages/airflow/example_dags/example_bash_operator.py
[2021-03-17 17:15:43,978] {logging_mixin.py:104} INFO - [2021-03-17 17:15:43,977] {dag.py:1818} INFO - Sync 1 DAGs
[2021-03-17 17:15:44,028] {logging_mixin.py:104} INFO - [2021-03-17 17:15:44,027] {dag.py:2273} INFO - Setting next_dagrun for example_bash_operator to 2021-03-16 00:00:00+00:00
[2021-03-17 17:15:44,042] {scheduler_job.py:190} INFO - Processing /Users/prathyusha/Desktop/pranathi/airflow_cnn_pipeline_final/airflow_test_env/lib/python3.7/site-packages/airflow/example_dags/example_bash_operator.py took 0.128 seconds
[2021-03-17 17:16:14,211] {scheduler_job.py:182} INFO - Started process (PID=30804) to work on /Users/prathyusha/Desktop/pranathi/airflow_cnn_pipeline_final/airflow_test_env/lib/python3.7/site-packages/airflow/example_dags/example_bash_operator.py
[2021-03-17 17:16:14,213] {scheduler_job.py:629} INFO - Processing file /Users/prathyusha/Desktop/pranathi/airflow_cnn_pipeline_final/airflow_test_env/lib/python3.7/site-packages/airflow/example_dags/example_bash_operator.py for tasks to queue
[2021-03-17 17:16:14,216] {logging_mixin.py:104} INFO - [2021-03-17 17:16:14,215] {dagbag.py:448} INFO - Filling up the DagBag from /Users/prathyusha/Desktop/pranathi/airflow_cnn_pipeline_final/airflow_test_env/lib/python3.7/site-packages/airflow/example_dags/example_bash_operator.py
[2021-03-17 17:16:14,254] {scheduler_job.py:639} INFO - DAG(s) dict_keys(['example_bash_operator']) retrieved from /Users/prathyusha/Desktop/pranathi/airflow_cnn_pipeline_final/airflow_test_env/lib/python3.7/site-packages/airflow/example_dags/example_bash_operator.py
[2021-03-17 17:16:14,310] {logging_mixin.py:104} INFO - [2021-03-17 17:16:14,309] {dag.py:1818} INFO - Sync 1 DAGs
[2021-03-17 17:16:14,376] {logging_mixin.py:104} INFO - [2021-03-17 17:16:14,375] {dag.py:2273} INFO - Setting next_dagrun for example_bash_operator to 2021-03-16 00:00:00+00:00
[2021-03-17 17:16:14,407] {scheduler_job.py:190} INFO - Processing /Users/prathyusha/Desktop/pranathi/airflow_cnn_pipeline_final/airflow_test_env/lib/python3.7/site-packages/airflow/example_dags/example_bash_operator.py took 0.201 seconds
[2021-03-17 17:16:49,387] {scheduler_job.py:182} INFO - Started process (PID=30833) to work on /Users/prathyusha/Desktop/pranathi/airflow_cnn_pipeline_final/airflow_test_env/lib/python3.7/site-packages/airflow/example_dags/example_bash_operator.py
[2021-03-17 17:16:49,393] {scheduler_job.py:629} INFO - Processing file /Users/prathyusha/Desktop/pranathi/airflow_cnn_pipeline_final/airflow_test_env/lib/python3.7/site-packages/airflow/example_dags/example_bash_operator.py for tasks to queue
[2021-03-17 17:16:49,395] {logging_mixin.py:104} INFO - [2021-03-17 17:16:49,394] {dagbag.py:448} INFO - Filling up the DagBag from /Users/prathyusha/Desktop/pranathi/airflow_cnn_pipeline_final/airflow_test_env/lib/python3.7/site-packages/airflow/example_dags/example_bash_operator.py
[2021-03-17 17:16:49,448] {scheduler_job.py:639} INFO - DAG(s) dict_keys(['example_bash_operator']) retrieved from /Users/prathyusha/Desktop/pranathi/airflow_cnn_pipeline_final/airflow_test_env/lib/python3.7/site-packages/airflow/example_dags/example_bash_operator.py
[2021-03-17 17:16:49,509] {logging_mixin.py:104} INFO - [2021-03-17 17:16:49,508] {dag.py:1818} INFO - Sync 1 DAGs
[2021-03-17 17:16:49,572] {logging_mixin.py:104} INFO - [2021-03-17 17:16:49,571] {dag.py:2273} INFO - Setting next_dagrun for example_bash_operator to 2021-03-16 00:00:00+00:00
[2021-03-17 17:16:49,592] {scheduler_job.py:190} INFO - Processing /Users/prathyusha/Desktop/pranathi/airflow_cnn_pipeline_final/airflow_test_env/lib/python3.7/site-packages/airflow/example_dags/example_bash_operator.py took 0.215 seconds
[2021-03-17 17:25:25,114] {scheduler_job.py:182} INFO - Started process (PID=31016) to work on /Users/prathyusha/Desktop/pranathi/airflow_cnn_pipeline_final/airflow_test_env/lib/python3.7/site-packages/airflow/example_dags/example_bash_operator.py
[2021-03-17 17:25:25,118] {scheduler_job.py:629} INFO - Processing file /Users/prathyusha/Desktop/pranathi/airflow_cnn_pipeline_final/airflow_test_env/lib/python3.7/site-packages/airflow/example_dags/example_bash_operator.py for tasks to queue
[2021-03-17 17:25:25,119] {logging_mixin.py:104} INFO - [2021-03-17 17:25:25,119] {dagbag.py:448} INFO - Filling up the DagBag from /Users/prathyusha/Desktop/pranathi/airflow_cnn_pipeline_final/airflow_test_env/lib/python3.7/site-packages/airflow/example_dags/example_bash_operator.py
[2021-03-17 17:25:25,131] {scheduler_job.py:639} INFO - DAG(s) dict_keys(['example_bash_operator']) retrieved from /Users/prathyusha/Desktop/pranathi/airflow_cnn_pipeline_final/airflow_test_env/lib/python3.7/site-packages/airflow/example_dags/example_bash_operator.py
[2021-03-17 17:25:25,147] {logging_mixin.py:104} INFO - [2021-03-17 17:25:25,146] {dag.py:1818} INFO - Sync 1 DAGs
[2021-03-17 17:25:25,168] {logging_mixin.py:104} INFO - [2021-03-17 17:25:25,167] {dag.py:2273} INFO - Setting next_dagrun for example_bash_operator to 2021-03-16 00:00:00+00:00
[2021-03-17 17:25:25,184] {scheduler_job.py:190} INFO - Processing /Users/prathyusha/Desktop/pranathi/airflow_cnn_pipeline_final/airflow_test_env/lib/python3.7/site-packages/airflow/example_dags/example_bash_operator.py took 0.073 seconds
[2021-03-17 17:25:55,406] {scheduler_job.py:182} INFO - Started process (PID=31049) to work on /Users/prathyusha/Desktop/pranathi/airflow_cnn_pipeline_final/airflow_test_env/lib/python3.7/site-packages/airflow/example_dags/example_bash_operator.py
[2021-03-17 17:25:55,409] {scheduler_job.py:629} INFO - Processing file /Users/prathyusha/Desktop/pranathi/airflow_cnn_pipeline_final/airflow_test_env/lib/python3.7/site-packages/airflow/example_dags/example_bash_operator.py for tasks to queue
[2021-03-17 17:25:55,411] {logging_mixin.py:104} INFO - [2021-03-17 17:25:55,410] {dagbag.py:448} INFO - Filling up the DagBag from /Users/prathyusha/Desktop/pranathi/airflow_cnn_pipeline_final/airflow_test_env/lib/python3.7/site-packages/airflow/example_dags/example_bash_operator.py
[2021-03-17 17:25:55,429] {scheduler_job.py:639} INFO - DAG(s) dict_keys(['example_bash_operator']) retrieved from /Users/prathyusha/Desktop/pranathi/airflow_cnn_pipeline_final/airflow_test_env/lib/python3.7/site-packages/airflow/example_dags/example_bash_operator.py
[2021-03-17 17:25:55,447] {logging_mixin.py:104} INFO - [2021-03-17 17:25:55,446] {dag.py:1818} INFO - Sync 1 DAGs
[2021-03-17 17:25:55,469] {logging_mixin.py:104} INFO - [2021-03-17 17:25:55,469] {dag.py:2273} INFO - Setting next_dagrun for example_bash_operator to 2021-03-16 00:00:00+00:00
[2021-03-17 17:25:55,480] {scheduler_job.py:190} INFO - Processing /Users/prathyusha/Desktop/pranathi/airflow_cnn_pipeline_final/airflow_test_env/lib/python3.7/site-packages/airflow/example_dags/example_bash_operator.py took 0.078 seconds
[2021-03-17 17:26:26,888] {scheduler_job.py:182} INFO - Started process (PID=31079) to work on /Users/prathyusha/Desktop/pranathi/airflow_cnn_pipeline_final/airflow_test_env/lib/python3.7/site-packages/airflow/example_dags/example_bash_operator.py
[2021-03-17 17:26:26,895] {scheduler_job.py:629} INFO - Processing file /Users/prathyusha/Desktop/pranathi/airflow_cnn_pipeline_final/airflow_test_env/lib/python3.7/site-packages/airflow/example_dags/example_bash_operator.py for tasks to queue
[2021-03-17 17:26:26,903] {logging_mixin.py:104} INFO - [2021-03-17 17:26:26,899] {dagbag.py:448} INFO - Filling up the DagBag from /Users/prathyusha/Desktop/pranathi/airflow_cnn_pipeline_final/airflow_test_env/lib/python3.7/site-packages/airflow/example_dags/example_bash_operator.py
[2021-03-17 17:26:26,925] {scheduler_job.py:639} INFO - DAG(s) dict_keys(['example_bash_operator']) retrieved from /Users/prathyusha/Desktop/pranathi/airflow_cnn_pipeline_final/airflow_test_env/lib/python3.7/site-packages/airflow/example_dags/example_bash_operator.py
[2021-03-17 17:26:26,980] {logging_mixin.py:104} INFO - [2021-03-17 17:26:26,978] {dag.py:1818} INFO - Sync 1 DAGs
[2021-03-17 17:26:27,026] {logging_mixin.py:104} INFO - [2021-03-17 17:26:27,024] {dag.py:2273} INFO - Setting next_dagrun for example_bash_operator to 2021-03-16 00:00:00+00:00
[2021-03-17 17:26:27,053] {scheduler_job.py:190} INFO - Processing /Users/prathyusha/Desktop/pranathi/airflow_cnn_pipeline_final/airflow_test_env/lib/python3.7/site-packages/airflow/example_dags/example_bash_operator.py took 0.173 seconds
[2021-03-17 18:33:23,239] {scheduler_job.py:182} INFO - Started process (PID=31567) to work on /Users/prathyusha/Desktop/pranathi/airflow_cnn_pipeline_final/airflow_test_env/lib/python3.7/site-packages/airflow/example_dags/example_bash_operator.py
[2021-03-17 18:33:23,243] {scheduler_job.py:629} INFO - Processing file /Users/prathyusha/Desktop/pranathi/airflow_cnn_pipeline_final/airflow_test_env/lib/python3.7/site-packages/airflow/example_dags/example_bash_operator.py for tasks to queue
[2021-03-17 18:33:23,244] {logging_mixin.py:104} INFO - [2021-03-17 18:33:23,244] {dagbag.py:448} INFO - Filling up the DagBag from /Users/prathyusha/Desktop/pranathi/airflow_cnn_pipeline_final/airflow_test_env/lib/python3.7/site-packages/airflow/example_dags/example_bash_operator.py
[2021-03-17 18:33:23,259] {scheduler_job.py:639} INFO - DAG(s) dict_keys(['example_bash_operator']) retrieved from /Users/prathyusha/Desktop/pranathi/airflow_cnn_pipeline_final/airflow_test_env/lib/python3.7/site-packages/airflow/example_dags/example_bash_operator.py
[2021-03-17 18:33:23,275] {logging_mixin.py:104} INFO - [2021-03-17 18:33:23,275] {dag.py:1818} INFO - Sync 1 DAGs
[2021-03-17 18:33:23,295] {logging_mixin.py:104} INFO - [2021-03-17 18:33:23,295] {dag.py:2273} INFO - Setting next_dagrun for example_bash_operator to 2021-03-16 00:00:00+00:00
[2021-03-17 18:33:23,304] {scheduler_job.py:190} INFO - Processing /Users/prathyusha/Desktop/pranathi/airflow_cnn_pipeline_final/airflow_test_env/lib/python3.7/site-packages/airflow/example_dags/example_bash_operator.py took 0.068 seconds
