[2021-03-17 17:00:30,731] {scheduler_job.py:182} INFO - Started process (PID=30430) to work on /Users/prathyusha/Desktop/pranathi/airflow_cnn_pipeline_final/airflow_test_env/lib/python3.7/site-packages/airflow/example_dags/example_xcom.py
[2021-03-17 17:00:30,734] {scheduler_job.py:629} INFO - Processing file /Users/prathyusha/Desktop/pranathi/airflow_cnn_pipeline_final/airflow_test_env/lib/python3.7/site-packages/airflow/example_dags/example_xcom.py for tasks to queue
[2021-03-17 17:00:30,739] {logging_mixin.py:104} INFO - [2021-03-17 17:00:30,738] {dagbag.py:448} INFO - Filling up the DagBag from /Users/prathyusha/Desktop/pranathi/airflow_cnn_pipeline_final/airflow_test_env/lib/python3.7/site-packages/airflow/example_dags/example_xcom.py
[2021-03-17 17:00:30,758] {scheduler_job.py:639} INFO - DAG(s) dict_keys(['example_xcom']) retrieved from /Users/prathyusha/Desktop/pranathi/airflow_cnn_pipeline_final/airflow_test_env/lib/python3.7/site-packages/airflow/example_dags/example_xcom.py
[2021-03-17 17:00:30,780] {logging_mixin.py:104} INFO - [2021-03-17 17:00:30,779] {dag.py:1818} INFO - Sync 1 DAGs
[2021-03-17 17:00:30,793] {logging_mixin.py:104} INFO - [2021-03-17 17:00:30,793] {dag.py:2273} INFO - Setting next_dagrun for example_xcom to 2021-03-16 00:00:00+00:00
[2021-03-17 17:00:30,809] {scheduler_job.py:190} INFO - Processing /Users/prathyusha/Desktop/pranathi/airflow_cnn_pipeline_final/airflow_test_env/lib/python3.7/site-packages/airflow/example_dags/example_xcom.py took 0.082 seconds
[2021-03-17 17:01:02,031] {scheduler_job.py:182} INFO - Started process (PID=30474) to work on /Users/prathyusha/Desktop/pranathi/airflow_cnn_pipeline_final/airflow_test_env/lib/python3.7/site-packages/airflow/example_dags/example_xcom.py
[2021-03-17 17:01:02,038] {scheduler_job.py:629} INFO - Processing file /Users/prathyusha/Desktop/pranathi/airflow_cnn_pipeline_final/airflow_test_env/lib/python3.7/site-packages/airflow/example_dags/example_xcom.py for tasks to queue
[2021-03-17 17:01:02,040] {logging_mixin.py:104} INFO - [2021-03-17 17:01:02,039] {dagbag.py:448} INFO - Filling up the DagBag from /Users/prathyusha/Desktop/pranathi/airflow_cnn_pipeline_final/airflow_test_env/lib/python3.7/site-packages/airflow/example_dags/example_xcom.py
[2021-03-17 17:01:02,060] {scheduler_job.py:639} INFO - DAG(s) dict_keys(['example_xcom']) retrieved from /Users/prathyusha/Desktop/pranathi/airflow_cnn_pipeline_final/airflow_test_env/lib/python3.7/site-packages/airflow/example_dags/example_xcom.py
[2021-03-17 17:01:02,085] {logging_mixin.py:104} INFO - [2021-03-17 17:01:02,085] {dag.py:1818} INFO - Sync 1 DAGs
[2021-03-17 17:01:02,113] {logging_mixin.py:104} INFO - [2021-03-17 17:01:02,113] {dag.py:2273} INFO - Setting next_dagrun for example_xcom to 2021-03-16 00:00:00+00:00
[2021-03-17 17:01:02,146] {scheduler_job.py:190} INFO - Processing /Users/prathyusha/Desktop/pranathi/airflow_cnn_pipeline_final/airflow_test_env/lib/python3.7/site-packages/airflow/example_dags/example_xcom.py took 0.122 seconds
[2021-03-17 17:14:37,349] {scheduler_job.py:182} INFO - Started process (PID=30688) to work on /Users/prathyusha/Desktop/pranathi/airflow_cnn_pipeline_final/airflow_test_env/lib/python3.7/site-packages/airflow/example_dags/example_xcom.py
[2021-03-17 17:14:37,352] {scheduler_job.py:629} INFO - Processing file /Users/prathyusha/Desktop/pranathi/airflow_cnn_pipeline_final/airflow_test_env/lib/python3.7/site-packages/airflow/example_dags/example_xcom.py for tasks to queue
[2021-03-17 17:14:37,354] {logging_mixin.py:104} INFO - [2021-03-17 17:14:37,354] {dagbag.py:448} INFO - Filling up the DagBag from /Users/prathyusha/Desktop/pranathi/airflow_cnn_pipeline_final/airflow_test_env/lib/python3.7/site-packages/airflow/example_dags/example_xcom.py
[2021-03-17 17:14:37,374] {scheduler_job.py:639} INFO - DAG(s) dict_keys(['example_xcom']) retrieved from /Users/prathyusha/Desktop/pranathi/airflow_cnn_pipeline_final/airflow_test_env/lib/python3.7/site-packages/airflow/example_dags/example_xcom.py
[2021-03-17 17:14:37,425] {logging_mixin.py:104} INFO - [2021-03-17 17:14:37,424] {dag.py:1818} INFO - Sync 1 DAGs
[2021-03-17 17:14:37,473] {logging_mixin.py:104} INFO - [2021-03-17 17:14:37,471] {dag.py:2273} INFO - Setting next_dagrun for example_xcom to 2021-03-16 00:00:00+00:00
[2021-03-17 17:14:37,547] {scheduler_job.py:190} INFO - Processing /Users/prathyusha/Desktop/pranathi/airflow_cnn_pipeline_final/airflow_test_env/lib/python3.7/site-packages/airflow/example_dags/example_xcom.py took 0.202 seconds
[2021-03-17 17:15:13,071] {scheduler_job.py:182} INFO - Started process (PID=30746) to work on /Users/prathyusha/Desktop/pranathi/airflow_cnn_pipeline_final/airflow_test_env/lib/python3.7/site-packages/airflow/example_dags/example_xcom.py
[2021-03-17 17:15:13,076] {scheduler_job.py:629} INFO - Processing file /Users/prathyusha/Desktop/pranathi/airflow_cnn_pipeline_final/airflow_test_env/lib/python3.7/site-packages/airflow/example_dags/example_xcom.py for tasks to queue
[2021-03-17 17:15:13,077] {logging_mixin.py:104} INFO - [2021-03-17 17:15:13,077] {dagbag.py:448} INFO - Filling up the DagBag from /Users/prathyusha/Desktop/pranathi/airflow_cnn_pipeline_final/airflow_test_env/lib/python3.7/site-packages/airflow/example_dags/example_xcom.py
[2021-03-17 17:15:13,094] {scheduler_job.py:639} INFO - DAG(s) dict_keys(['example_xcom']) retrieved from /Users/prathyusha/Desktop/pranathi/airflow_cnn_pipeline_final/airflow_test_env/lib/python3.7/site-packages/airflow/example_dags/example_xcom.py
[2021-03-17 17:15:13,115] {logging_mixin.py:104} INFO - [2021-03-17 17:15:13,114] {dag.py:1818} INFO - Sync 1 DAGs
[2021-03-17 17:15:13,128] {logging_mixin.py:104} INFO - [2021-03-17 17:15:13,127] {dag.py:2273} INFO - Setting next_dagrun for example_xcom to 2021-03-16 00:00:00+00:00
[2021-03-17 17:15:13,137] {scheduler_job.py:190} INFO - Processing /Users/prathyusha/Desktop/pranathi/airflow_cnn_pipeline_final/airflow_test_env/lib/python3.7/site-packages/airflow/example_dags/example_xcom.py took 0.071 seconds
[2021-03-17 17:15:49,208] {scheduler_job.py:182} INFO - Started process (PID=30779) to work on /Users/prathyusha/Desktop/pranathi/airflow_cnn_pipeline_final/airflow_test_env/lib/python3.7/site-packages/airflow/example_dags/example_xcom.py
[2021-03-17 17:15:49,212] {scheduler_job.py:629} INFO - Processing file /Users/prathyusha/Desktop/pranathi/airflow_cnn_pipeline_final/airflow_test_env/lib/python3.7/site-packages/airflow/example_dags/example_xcom.py for tasks to queue
[2021-03-17 17:15:49,214] {logging_mixin.py:104} INFO - [2021-03-17 17:15:49,214] {dagbag.py:448} INFO - Filling up the DagBag from /Users/prathyusha/Desktop/pranathi/airflow_cnn_pipeline_final/airflow_test_env/lib/python3.7/site-packages/airflow/example_dags/example_xcom.py
[2021-03-17 17:15:49,270] {scheduler_job.py:639} INFO - DAG(s) dict_keys(['example_xcom']) retrieved from /Users/prathyusha/Desktop/pranathi/airflow_cnn_pipeline_final/airflow_test_env/lib/python3.7/site-packages/airflow/example_dags/example_xcom.py
[2021-03-17 17:15:49,301] {logging_mixin.py:104} INFO - [2021-03-17 17:15:49,301] {dag.py:1818} INFO - Sync 1 DAGs
[2021-03-17 17:15:49,336] {logging_mixin.py:104} INFO - [2021-03-17 17:15:49,335] {dag.py:2273} INFO - Setting next_dagrun for example_xcom to 2021-03-16 00:00:00+00:00
[2021-03-17 17:15:49,373] {scheduler_job.py:190} INFO - Processing /Users/prathyusha/Desktop/pranathi/airflow_cnn_pipeline_final/airflow_test_env/lib/python3.7/site-packages/airflow/example_dags/example_xcom.py took 0.172 seconds
[2021-03-17 17:16:20,171] {scheduler_job.py:182} INFO - Started process (PID=30808) to work on /Users/prathyusha/Desktop/pranathi/airflow_cnn_pipeline_final/airflow_test_env/lib/python3.7/site-packages/airflow/example_dags/example_xcom.py
[2021-03-17 17:16:20,174] {scheduler_job.py:629} INFO - Processing file /Users/prathyusha/Desktop/pranathi/airflow_cnn_pipeline_final/airflow_test_env/lib/python3.7/site-packages/airflow/example_dags/example_xcom.py for tasks to queue
[2021-03-17 17:16:20,176] {logging_mixin.py:104} INFO - [2021-03-17 17:16:20,176] {dagbag.py:448} INFO - Filling up the DagBag from /Users/prathyusha/Desktop/pranathi/airflow_cnn_pipeline_final/airflow_test_env/lib/python3.7/site-packages/airflow/example_dags/example_xcom.py
[2021-03-17 17:16:20,211] {scheduler_job.py:639} INFO - DAG(s) dict_keys(['example_xcom']) retrieved from /Users/prathyusha/Desktop/pranathi/airflow_cnn_pipeline_final/airflow_test_env/lib/python3.7/site-packages/airflow/example_dags/example_xcom.py
[2021-03-17 17:16:20,245] {logging_mixin.py:104} INFO - [2021-03-17 17:16:20,244] {dag.py:1818} INFO - Sync 1 DAGs
[2021-03-17 17:16:20,293] {logging_mixin.py:104} INFO - [2021-03-17 17:16:20,292] {dag.py:2273} INFO - Setting next_dagrun for example_xcom to 2021-03-16 00:00:00+00:00
[2021-03-17 17:16:20,322] {scheduler_job.py:190} INFO - Processing /Users/prathyusha/Desktop/pranathi/airflow_cnn_pipeline_final/airflow_test_env/lib/python3.7/site-packages/airflow/example_dags/example_xcom.py took 0.158 seconds
[2021-03-17 17:16:57,040] {scheduler_job.py:182} INFO - Started process (PID=30840) to work on /Users/prathyusha/Desktop/pranathi/airflow_cnn_pipeline_final/airflow_test_env/lib/python3.7/site-packages/airflow/example_dags/example_xcom.py
[2021-03-17 17:16:57,043] {scheduler_job.py:629} INFO - Processing file /Users/prathyusha/Desktop/pranathi/airflow_cnn_pipeline_final/airflow_test_env/lib/python3.7/site-packages/airflow/example_dags/example_xcom.py for tasks to queue
[2021-03-17 17:16:57,046] {logging_mixin.py:104} INFO - [2021-03-17 17:16:57,044] {dagbag.py:448} INFO - Filling up the DagBag from /Users/prathyusha/Desktop/pranathi/airflow_cnn_pipeline_final/airflow_test_env/lib/python3.7/site-packages/airflow/example_dags/example_xcom.py
[2021-03-17 17:16:57,083] {scheduler_job.py:639} INFO - DAG(s) dict_keys(['example_xcom']) retrieved from /Users/prathyusha/Desktop/pranathi/airflow_cnn_pipeline_final/airflow_test_env/lib/python3.7/site-packages/airflow/example_dags/example_xcom.py
[2021-03-17 17:16:57,125] {logging_mixin.py:104} INFO - [2021-03-17 17:16:57,118] {dag.py:1818} INFO - Sync 1 DAGs
[2021-03-17 17:16:57,180] {logging_mixin.py:104} INFO - [2021-03-17 17:16:57,179] {dag.py:2273} INFO - Setting next_dagrun for example_xcom to 2021-03-16 00:00:00+00:00
[2021-03-17 17:16:57,206] {scheduler_job.py:190} INFO - Processing /Users/prathyusha/Desktop/pranathi/airflow_cnn_pipeline_final/airflow_test_env/lib/python3.7/site-packages/airflow/example_dags/example_xcom.py took 0.170 seconds
[2021-03-17 17:25:21,611] {scheduler_job.py:182} INFO - Started process (PID=31013) to work on /Users/prathyusha/Desktop/pranathi/airflow_cnn_pipeline_final/airflow_test_env/lib/python3.7/site-packages/airflow/example_dags/example_xcom.py
[2021-03-17 17:25:21,615] {scheduler_job.py:629} INFO - Processing file /Users/prathyusha/Desktop/pranathi/airflow_cnn_pipeline_final/airflow_test_env/lib/python3.7/site-packages/airflow/example_dags/example_xcom.py for tasks to queue
[2021-03-17 17:25:21,617] {logging_mixin.py:104} INFO - [2021-03-17 17:25:21,617] {dagbag.py:448} INFO - Filling up the DagBag from /Users/prathyusha/Desktop/pranathi/airflow_cnn_pipeline_final/airflow_test_env/lib/python3.7/site-packages/airflow/example_dags/example_xcom.py
[2021-03-17 17:25:21,629] {scheduler_job.py:639} INFO - DAG(s) dict_keys(['example_xcom']) retrieved from /Users/prathyusha/Desktop/pranathi/airflow_cnn_pipeline_final/airflow_test_env/lib/python3.7/site-packages/airflow/example_dags/example_xcom.py
[2021-03-17 17:25:21,658] {logging_mixin.py:104} INFO - [2021-03-17 17:25:21,657] {dag.py:1818} INFO - Sync 1 DAGs
[2021-03-17 17:25:21,677] {logging_mixin.py:104} INFO - [2021-03-17 17:25:21,677] {dag.py:2273} INFO - Setting next_dagrun for example_xcom to 2021-03-16 00:00:00+00:00
[2021-03-17 17:25:21,747] {scheduler_job.py:190} INFO - Processing /Users/prathyusha/Desktop/pranathi/airflow_cnn_pipeline_final/airflow_test_env/lib/python3.7/site-packages/airflow/example_dags/example_xcom.py took 0.140 seconds
[2021-03-17 17:25:52,172] {scheduler_job.py:182} INFO - Started process (PID=31045) to work on /Users/prathyusha/Desktop/pranathi/airflow_cnn_pipeline_final/airflow_test_env/lib/python3.7/site-packages/airflow/example_dags/example_xcom.py
[2021-03-17 17:25:52,174] {scheduler_job.py:629} INFO - Processing file /Users/prathyusha/Desktop/pranathi/airflow_cnn_pipeline_final/airflow_test_env/lib/python3.7/site-packages/airflow/example_dags/example_xcom.py for tasks to queue
[2021-03-17 17:25:52,176] {logging_mixin.py:104} INFO - [2021-03-17 17:25:52,175] {dagbag.py:448} INFO - Filling up the DagBag from /Users/prathyusha/Desktop/pranathi/airflow_cnn_pipeline_final/airflow_test_env/lib/python3.7/site-packages/airflow/example_dags/example_xcom.py
[2021-03-17 17:25:52,186] {scheduler_job.py:639} INFO - DAG(s) dict_keys(['example_xcom']) retrieved from /Users/prathyusha/Desktop/pranathi/airflow_cnn_pipeline_final/airflow_test_env/lib/python3.7/site-packages/airflow/example_dags/example_xcom.py
[2021-03-17 17:25:52,202] {logging_mixin.py:104} INFO - [2021-03-17 17:25:52,201] {dag.py:1818} INFO - Sync 1 DAGs
[2021-03-17 17:25:52,213] {logging_mixin.py:104} INFO - [2021-03-17 17:25:52,212] {dag.py:2273} INFO - Setting next_dagrun for example_xcom to 2021-03-16 00:00:00+00:00
[2021-03-17 17:25:52,244] {scheduler_job.py:190} INFO - Processing /Users/prathyusha/Desktop/pranathi/airflow_cnn_pipeline_final/airflow_test_env/lib/python3.7/site-packages/airflow/example_dags/example_xcom.py took 0.075 seconds
[2021-03-17 17:26:22,354] {scheduler_job.py:182} INFO - Started process (PID=31074) to work on /Users/prathyusha/Desktop/pranathi/airflow_cnn_pipeline_final/airflow_test_env/lib/python3.7/site-packages/airflow/example_dags/example_xcom.py
[2021-03-17 17:26:22,358] {scheduler_job.py:629} INFO - Processing file /Users/prathyusha/Desktop/pranathi/airflow_cnn_pipeline_final/airflow_test_env/lib/python3.7/site-packages/airflow/example_dags/example_xcom.py for tasks to queue
[2021-03-17 17:26:22,359] {logging_mixin.py:104} INFO - [2021-03-17 17:26:22,359] {dagbag.py:448} INFO - Filling up the DagBag from /Users/prathyusha/Desktop/pranathi/airflow_cnn_pipeline_final/airflow_test_env/lib/python3.7/site-packages/airflow/example_dags/example_xcom.py
[2021-03-17 17:26:22,371] {scheduler_job.py:639} INFO - DAG(s) dict_keys(['example_xcom']) retrieved from /Users/prathyusha/Desktop/pranathi/airflow_cnn_pipeline_final/airflow_test_env/lib/python3.7/site-packages/airflow/example_dags/example_xcom.py
[2021-03-17 17:26:22,391] {logging_mixin.py:104} INFO - [2021-03-17 17:26:22,390] {dag.py:1818} INFO - Sync 1 DAGs
[2021-03-17 17:26:22,422] {logging_mixin.py:104} INFO - [2021-03-17 17:26:22,420] {dag.py:2273} INFO - Setting next_dagrun for example_xcom to 2021-03-16 00:00:00+00:00
[2021-03-17 17:26:22,450] {scheduler_job.py:190} INFO - Processing /Users/prathyusha/Desktop/pranathi/airflow_cnn_pipeline_final/airflow_test_env/lib/python3.7/site-packages/airflow/example_dags/example_xcom.py took 0.101 seconds
