[2021-03-17 17:00:37,177] {scheduler_job.py:182} INFO - Started process (PID=30437) to work on /Users/prathyusha/Desktop/pranathi/airflow_cnn_pipeline_final/airflow_test_env/lib/python3.7/site-packages/airflow/example_dags/example_branch_operator.py
[2021-03-17 17:00:37,179] {scheduler_job.py:629} INFO - Processing file /Users/prathyusha/Desktop/pranathi/airflow_cnn_pipeline_final/airflow_test_env/lib/python3.7/site-packages/airflow/example_dags/example_branch_operator.py for tasks to queue
[2021-03-17 17:00:37,181] {logging_mixin.py:104} INFO - [2021-03-17 17:00:37,181] {dagbag.py:448} INFO - Filling up the DagBag from /Users/prathyusha/Desktop/pranathi/airflow_cnn_pipeline_final/airflow_test_env/lib/python3.7/site-packages/airflow/example_dags/example_branch_operator.py
[2021-03-17 17:00:37,224] {scheduler_job.py:639} INFO - DAG(s) dict_keys(['example_branch_operator']) retrieved from /Users/prathyusha/Desktop/pranathi/airflow_cnn_pipeline_final/airflow_test_env/lib/python3.7/site-packages/airflow/example_dags/example_branch_operator.py
[2021-03-17 17:00:37,293] {logging_mixin.py:104} INFO - [2021-03-17 17:00:37,291] {dag.py:1818} INFO - Sync 1 DAGs
[2021-03-17 17:00:37,341] {logging_mixin.py:104} INFO - [2021-03-17 17:00:37,340] {dag.py:2273} INFO - Setting next_dagrun for example_branch_operator to 2021-03-16 00:00:00+00:00
[2021-03-17 17:00:37,361] {scheduler_job.py:190} INFO - Processing /Users/prathyusha/Desktop/pranathi/airflow_cnn_pipeline_final/airflow_test_env/lib/python3.7/site-packages/airflow/example_dags/example_branch_operator.py took 0.188 seconds
[2021-03-17 17:01:09,797] {scheduler_job.py:182} INFO - Started process (PID=30487) to work on /Users/prathyusha/Desktop/pranathi/airflow_cnn_pipeline_final/airflow_test_env/lib/python3.7/site-packages/airflow/example_dags/example_branch_operator.py
[2021-03-17 17:01:09,804] {scheduler_job.py:629} INFO - Processing file /Users/prathyusha/Desktop/pranathi/airflow_cnn_pipeline_final/airflow_test_env/lib/python3.7/site-packages/airflow/example_dags/example_branch_operator.py for tasks to queue
[2021-03-17 17:01:09,806] {logging_mixin.py:104} INFO - [2021-03-17 17:01:09,805] {dagbag.py:448} INFO - Filling up the DagBag from /Users/prathyusha/Desktop/pranathi/airflow_cnn_pipeline_final/airflow_test_env/lib/python3.7/site-packages/airflow/example_dags/example_branch_operator.py
[2021-03-17 17:01:09,845] {scheduler_job.py:639} INFO - DAG(s) dict_keys(['example_branch_operator']) retrieved from /Users/prathyusha/Desktop/pranathi/airflow_cnn_pipeline_final/airflow_test_env/lib/python3.7/site-packages/airflow/example_dags/example_branch_operator.py
[2021-03-17 17:01:09,896] {logging_mixin.py:104} INFO - [2021-03-17 17:01:09,895] {dag.py:1818} INFO - Sync 1 DAGs
[2021-03-17 17:01:09,932] {logging_mixin.py:104} INFO - [2021-03-17 17:01:09,931] {dag.py:2273} INFO - Setting next_dagrun for example_branch_operator to 2021-03-16 00:00:00+00:00
[2021-03-17 17:01:09,951] {scheduler_job.py:190} INFO - Processing /Users/prathyusha/Desktop/pranathi/airflow_cnn_pipeline_final/airflow_test_env/lib/python3.7/site-packages/airflow/example_dags/example_branch_operator.py took 0.164 seconds
[2021-03-17 17:14:48,263] {scheduler_job.py:182} INFO - Started process (PID=30718) to work on /Users/prathyusha/Desktop/pranathi/airflow_cnn_pipeline_final/airflow_test_env/lib/python3.7/site-packages/airflow/example_dags/example_branch_operator.py
[2021-03-17 17:14:48,268] {scheduler_job.py:629} INFO - Processing file /Users/prathyusha/Desktop/pranathi/airflow_cnn_pipeline_final/airflow_test_env/lib/python3.7/site-packages/airflow/example_dags/example_branch_operator.py for tasks to queue
[2021-03-17 17:14:48,271] {logging_mixin.py:104} INFO - [2021-03-17 17:14:48,270] {dagbag.py:448} INFO - Filling up the DagBag from /Users/prathyusha/Desktop/pranathi/airflow_cnn_pipeline_final/airflow_test_env/lib/python3.7/site-packages/airflow/example_dags/example_branch_operator.py
[2021-03-17 17:14:48,304] {scheduler_job.py:639} INFO - DAG(s) dict_keys(['example_branch_operator']) retrieved from /Users/prathyusha/Desktop/pranathi/airflow_cnn_pipeline_final/airflow_test_env/lib/python3.7/site-packages/airflow/example_dags/example_branch_operator.py
[2021-03-17 17:14:48,334] {logging_mixin.py:104} INFO - [2021-03-17 17:14:48,333] {dag.py:1818} INFO - Sync 1 DAGs
[2021-03-17 17:14:48,431] {logging_mixin.py:104} INFO - [2021-03-17 17:14:48,430] {dag.py:2273} INFO - Setting next_dagrun for example_branch_operator to 2021-03-16 00:00:00+00:00
[2021-03-17 17:14:48,562] {scheduler_job.py:190} INFO - Processing /Users/prathyusha/Desktop/pranathi/airflow_cnn_pipeline_final/airflow_test_env/lib/python3.7/site-packages/airflow/example_dags/example_branch_operator.py took 0.303 seconds
[2021-03-17 17:15:22,154] {scheduler_job.py:182} INFO - Started process (PID=30753) to work on /Users/prathyusha/Desktop/pranathi/airflow_cnn_pipeline_final/airflow_test_env/lib/python3.7/site-packages/airflow/example_dags/example_branch_operator.py
[2021-03-17 17:15:22,158] {scheduler_job.py:629} INFO - Processing file /Users/prathyusha/Desktop/pranathi/airflow_cnn_pipeline_final/airflow_test_env/lib/python3.7/site-packages/airflow/example_dags/example_branch_operator.py for tasks to queue
[2021-03-17 17:15:22,159] {logging_mixin.py:104} INFO - [2021-03-17 17:15:22,159] {dagbag.py:448} INFO - Filling up the DagBag from /Users/prathyusha/Desktop/pranathi/airflow_cnn_pipeline_final/airflow_test_env/lib/python3.7/site-packages/airflow/example_dags/example_branch_operator.py
[2021-03-17 17:15:22,181] {scheduler_job.py:639} INFO - DAG(s) dict_keys(['example_branch_operator']) retrieved from /Users/prathyusha/Desktop/pranathi/airflow_cnn_pipeline_final/airflow_test_env/lib/python3.7/site-packages/airflow/example_dags/example_branch_operator.py
[2021-03-17 17:15:22,203] {logging_mixin.py:104} INFO - [2021-03-17 17:15:22,203] {dag.py:1818} INFO - Sync 1 DAGs
[2021-03-17 17:15:22,241] {logging_mixin.py:104} INFO - [2021-03-17 17:15:22,240] {dag.py:2273} INFO - Setting next_dagrun for example_branch_operator to 2021-03-16 00:00:00+00:00
[2021-03-17 17:15:22,256] {scheduler_job.py:190} INFO - Processing /Users/prathyusha/Desktop/pranathi/airflow_cnn_pipeline_final/airflow_test_env/lib/python3.7/site-packages/airflow/example_dags/example_branch_operator.py took 0.105 seconds
[2021-03-17 17:15:55,618] {scheduler_job.py:182} INFO - Started process (PID=30786) to work on /Users/prathyusha/Desktop/pranathi/airflow_cnn_pipeline_final/airflow_test_env/lib/python3.7/site-packages/airflow/example_dags/example_branch_operator.py
[2021-03-17 17:15:55,621] {scheduler_job.py:629} INFO - Processing file /Users/prathyusha/Desktop/pranathi/airflow_cnn_pipeline_final/airflow_test_env/lib/python3.7/site-packages/airflow/example_dags/example_branch_operator.py for tasks to queue
[2021-03-17 17:15:55,623] {logging_mixin.py:104} INFO - [2021-03-17 17:15:55,623] {dagbag.py:448} INFO - Filling up the DagBag from /Users/prathyusha/Desktop/pranathi/airflow_cnn_pipeline_final/airflow_test_env/lib/python3.7/site-packages/airflow/example_dags/example_branch_operator.py
[2021-03-17 17:15:55,646] {scheduler_job.py:639} INFO - DAG(s) dict_keys(['example_branch_operator']) retrieved from /Users/prathyusha/Desktop/pranathi/airflow_cnn_pipeline_final/airflow_test_env/lib/python3.7/site-packages/airflow/example_dags/example_branch_operator.py
[2021-03-17 17:15:55,664] {logging_mixin.py:104} INFO - [2021-03-17 17:15:55,664] {dag.py:1818} INFO - Sync 1 DAGs
[2021-03-17 17:15:55,706] {logging_mixin.py:104} INFO - [2021-03-17 17:15:55,703] {dag.py:2273} INFO - Setting next_dagrun for example_branch_operator to 2021-03-16 00:00:00+00:00
[2021-03-17 17:15:55,725] {scheduler_job.py:190} INFO - Processing /Users/prathyusha/Desktop/pranathi/airflow_cnn_pipeline_final/airflow_test_env/lib/python3.7/site-packages/airflow/example_dags/example_branch_operator.py took 0.112 seconds
[2021-03-17 17:16:30,765] {scheduler_job.py:182} INFO - Started process (PID=30817) to work on /Users/prathyusha/Desktop/pranathi/airflow_cnn_pipeline_final/airflow_test_env/lib/python3.7/site-packages/airflow/example_dags/example_branch_operator.py
[2021-03-17 17:16:30,767] {scheduler_job.py:629} INFO - Processing file /Users/prathyusha/Desktop/pranathi/airflow_cnn_pipeline_final/airflow_test_env/lib/python3.7/site-packages/airflow/example_dags/example_branch_operator.py for tasks to queue
[2021-03-17 17:16:30,772] {logging_mixin.py:104} INFO - [2021-03-17 17:16:30,770] {dagbag.py:448} INFO - Filling up the DagBag from /Users/prathyusha/Desktop/pranathi/airflow_cnn_pipeline_final/airflow_test_env/lib/python3.7/site-packages/airflow/example_dags/example_branch_operator.py
[2021-03-17 17:16:30,841] {scheduler_job.py:639} INFO - DAG(s) dict_keys(['example_branch_operator']) retrieved from /Users/prathyusha/Desktop/pranathi/airflow_cnn_pipeline_final/airflow_test_env/lib/python3.7/site-packages/airflow/example_dags/example_branch_operator.py
[2021-03-17 17:16:30,911] {logging_mixin.py:104} INFO - [2021-03-17 17:16:30,911] {dag.py:1818} INFO - Sync 1 DAGs
[2021-03-17 17:16:30,996] {logging_mixin.py:104} INFO - [2021-03-17 17:16:30,993] {dag.py:2273} INFO - Setting next_dagrun for example_branch_operator to 2021-03-16 00:00:00+00:00
[2021-03-17 17:16:31,071] {scheduler_job.py:190} INFO - Processing /Users/prathyusha/Desktop/pranathi/airflow_cnn_pipeline_final/airflow_test_env/lib/python3.7/site-packages/airflow/example_dags/example_branch_operator.py took 0.315 seconds
[2021-03-17 17:17:02,480] {scheduler_job.py:182} INFO - Started process (PID=30848) to work on /Users/prathyusha/Desktop/pranathi/airflow_cnn_pipeline_final/airflow_test_env/lib/python3.7/site-packages/airflow/example_dags/example_branch_operator.py
[2021-03-17 17:17:02,482] {scheduler_job.py:629} INFO - Processing file /Users/prathyusha/Desktop/pranathi/airflow_cnn_pipeline_final/airflow_test_env/lib/python3.7/site-packages/airflow/example_dags/example_branch_operator.py for tasks to queue
[2021-03-17 17:17:02,484] {logging_mixin.py:104} INFO - [2021-03-17 17:17:02,483] {dagbag.py:448} INFO - Filling up the DagBag from /Users/prathyusha/Desktop/pranathi/airflow_cnn_pipeline_final/airflow_test_env/lib/python3.7/site-packages/airflow/example_dags/example_branch_operator.py
[2021-03-17 17:17:02,520] {scheduler_job.py:639} INFO - DAG(s) dict_keys(['example_branch_operator']) retrieved from /Users/prathyusha/Desktop/pranathi/airflow_cnn_pipeline_final/airflow_test_env/lib/python3.7/site-packages/airflow/example_dags/example_branch_operator.py
[2021-03-17 17:17:02,557] {logging_mixin.py:104} INFO - [2021-03-17 17:17:02,556] {dag.py:1818} INFO - Sync 1 DAGs
[2021-03-17 17:17:02,618] {logging_mixin.py:104} INFO - [2021-03-17 17:17:02,614] {dag.py:2273} INFO - Setting next_dagrun for example_branch_operator to 2021-03-16 00:00:00+00:00
[2021-03-17 17:17:02,649] {scheduler_job.py:190} INFO - Processing /Users/prathyusha/Desktop/pranathi/airflow_cnn_pipeline_final/airflow_test_env/lib/python3.7/site-packages/airflow/example_dags/example_branch_operator.py took 0.174 seconds
[2021-03-17 17:18:03,373] {scheduler_job.py:182} INFO - Started process (PID=30886) to work on /Users/prathyusha/Desktop/pranathi/airflow_cnn_pipeline_final/airflow_test_env/lib/python3.7/site-packages/airflow/example_dags/example_branch_operator.py
[2021-03-17 17:18:03,375] {scheduler_job.py:629} INFO - Processing file /Users/prathyusha/Desktop/pranathi/airflow_cnn_pipeline_final/airflow_test_env/lib/python3.7/site-packages/airflow/example_dags/example_branch_operator.py for tasks to queue
[2021-03-17 17:18:03,377] {logging_mixin.py:104} INFO - [2021-03-17 17:18:03,376] {dagbag.py:448} INFO - Filling up the DagBag from /Users/prathyusha/Desktop/pranathi/airflow_cnn_pipeline_final/airflow_test_env/lib/python3.7/site-packages/airflow/example_dags/example_branch_operator.py
[2021-03-17 17:18:03,401] {scheduler_job.py:639} INFO - DAG(s) dict_keys(['example_branch_operator']) retrieved from /Users/prathyusha/Desktop/pranathi/airflow_cnn_pipeline_final/airflow_test_env/lib/python3.7/site-packages/airflow/example_dags/example_branch_operator.py
[2021-03-17 17:18:03,429] {logging_mixin.py:104} INFO - [2021-03-17 17:18:03,428] {dag.py:1818} INFO - Sync 1 DAGs
[2021-03-17 17:18:03,471] {logging_mixin.py:104} INFO - [2021-03-17 17:18:03,471] {dag.py:2273} INFO - Setting next_dagrun for example_branch_operator to 2021-03-16 00:00:00+00:00
[2021-03-17 17:18:03,494] {scheduler_job.py:190} INFO - Processing /Users/prathyusha/Desktop/pranathi/airflow_cnn_pipeline_final/airflow_test_env/lib/python3.7/site-packages/airflow/example_dags/example_branch_operator.py took 0.126 seconds
[2021-03-17 17:24:51,979] {scheduler_job.py:182} INFO - Started process (PID=30990) to work on /Users/prathyusha/Desktop/pranathi/airflow_cnn_pipeline_final/airflow_test_env/lib/python3.7/site-packages/airflow/example_dags/example_branch_operator.py
[2021-03-17 17:24:51,984] {scheduler_job.py:629} INFO - Processing file /Users/prathyusha/Desktop/pranathi/airflow_cnn_pipeline_final/airflow_test_env/lib/python3.7/site-packages/airflow/example_dags/example_branch_operator.py for tasks to queue
[2021-03-17 17:24:51,986] {logging_mixin.py:104} INFO - [2021-03-17 17:24:51,985] {dagbag.py:448} INFO - Filling up the DagBag from /Users/prathyusha/Desktop/pranathi/airflow_cnn_pipeline_final/airflow_test_env/lib/python3.7/site-packages/airflow/example_dags/example_branch_operator.py
[2021-03-17 17:24:52,005] {scheduler_job.py:639} INFO - DAG(s) dict_keys(['example_branch_operator']) retrieved from /Users/prathyusha/Desktop/pranathi/airflow_cnn_pipeline_final/airflow_test_env/lib/python3.7/site-packages/airflow/example_dags/example_branch_operator.py
[2021-03-17 17:24:52,024] {logging_mixin.py:104} INFO - [2021-03-17 17:24:52,024] {dag.py:1818} INFO - Sync 1 DAGs
[2021-03-17 17:24:52,067] {logging_mixin.py:104} INFO - [2021-03-17 17:24:52,067] {dag.py:2273} INFO - Setting next_dagrun for example_branch_operator to 2021-03-16 00:00:00+00:00
[2021-03-17 17:24:52,104] {scheduler_job.py:190} INFO - Processing /Users/prathyusha/Desktop/pranathi/airflow_cnn_pipeline_final/airflow_test_env/lib/python3.7/site-packages/airflow/example_dags/example_branch_operator.py took 0.132 seconds
[2021-03-17 17:25:45,892] {scheduler_job.py:182} INFO - Started process (PID=31036) to work on /Users/prathyusha/Desktop/pranathi/airflow_cnn_pipeline_final/airflow_test_env/lib/python3.7/site-packages/airflow/example_dags/example_branch_operator.py
[2021-03-17 17:25:45,895] {scheduler_job.py:629} INFO - Processing file /Users/prathyusha/Desktop/pranathi/airflow_cnn_pipeline_final/airflow_test_env/lib/python3.7/site-packages/airflow/example_dags/example_branch_operator.py for tasks to queue
[2021-03-17 17:25:45,897] {logging_mixin.py:104} INFO - [2021-03-17 17:25:45,896] {dagbag.py:448} INFO - Filling up the DagBag from /Users/prathyusha/Desktop/pranathi/airflow_cnn_pipeline_final/airflow_test_env/lib/python3.7/site-packages/airflow/example_dags/example_branch_operator.py
[2021-03-17 17:25:45,916] {scheduler_job.py:639} INFO - DAG(s) dict_keys(['example_branch_operator']) retrieved from /Users/prathyusha/Desktop/pranathi/airflow_cnn_pipeline_final/airflow_test_env/lib/python3.7/site-packages/airflow/example_dags/example_branch_operator.py
[2021-03-17 17:25:45,952] {logging_mixin.py:104} INFO - [2021-03-17 17:25:45,951] {dag.py:1818} INFO - Sync 1 DAGs
[2021-03-17 17:25:46,003] {logging_mixin.py:104} INFO - [2021-03-17 17:25:46,002] {dag.py:2273} INFO - Setting next_dagrun for example_branch_operator to 2021-03-16 00:00:00+00:00
[2021-03-17 17:25:46,025] {scheduler_job.py:190} INFO - Processing /Users/prathyusha/Desktop/pranathi/airflow_cnn_pipeline_final/airflow_test_env/lib/python3.7/site-packages/airflow/example_dags/example_branch_operator.py took 0.138 seconds
[2021-03-17 17:26:16,732] {scheduler_job.py:182} INFO - Started process (PID=31071) to work on /Users/prathyusha/Desktop/pranathi/airflow_cnn_pipeline_final/airflow_test_env/lib/python3.7/site-packages/airflow/example_dags/example_branch_operator.py
[2021-03-17 17:26:16,735] {scheduler_job.py:629} INFO - Processing file /Users/prathyusha/Desktop/pranathi/airflow_cnn_pipeline_final/airflow_test_env/lib/python3.7/site-packages/airflow/example_dags/example_branch_operator.py for tasks to queue
[2021-03-17 17:26:16,739] {logging_mixin.py:104} INFO - [2021-03-17 17:26:16,737] {dagbag.py:448} INFO - Filling up the DagBag from /Users/prathyusha/Desktop/pranathi/airflow_cnn_pipeline_final/airflow_test_env/lib/python3.7/site-packages/airflow/example_dags/example_branch_operator.py
[2021-03-17 17:26:16,762] {scheduler_job.py:639} INFO - DAG(s) dict_keys(['example_branch_operator']) retrieved from /Users/prathyusha/Desktop/pranathi/airflow_cnn_pipeline_final/airflow_test_env/lib/python3.7/site-packages/airflow/example_dags/example_branch_operator.py
[2021-03-17 17:26:16,786] {logging_mixin.py:104} INFO - [2021-03-17 17:26:16,785] {dag.py:1818} INFO - Sync 1 DAGs
[2021-03-17 17:26:16,823] {logging_mixin.py:104} INFO - [2021-03-17 17:26:16,823] {dag.py:2273} INFO - Setting next_dagrun for example_branch_operator to 2021-03-16 00:00:00+00:00
[2021-03-17 17:26:16,833] {scheduler_job.py:190} INFO - Processing /Users/prathyusha/Desktop/pranathi/airflow_cnn_pipeline_final/airflow_test_env/lib/python3.7/site-packages/airflow/example_dags/example_branch_operator.py took 0.105 seconds
