[2021-03-17 17:00:23,058] {scheduler_job.py:182} INFO - Started process (PID=30423) to work on /Users/prathyusha/Desktop/pranathi/airflow_cnn_pipeline_final/airflow_test_env/lib/python3.7/site-packages/airflow/example_dags/example_xcomargs.py
[2021-03-17 17:00:23,060] {scheduler_job.py:629} INFO - Processing file /Users/prathyusha/Desktop/pranathi/airflow_cnn_pipeline_final/airflow_test_env/lib/python3.7/site-packages/airflow/example_dags/example_xcomargs.py for tasks to queue
[2021-03-17 17:00:23,062] {logging_mixin.py:104} INFO - [2021-03-17 17:00:23,061] {dagbag.py:448} INFO - Filling up the DagBag from /Users/prathyusha/Desktop/pranathi/airflow_cnn_pipeline_final/airflow_test_env/lib/python3.7/site-packages/airflow/example_dags/example_xcomargs.py
[2021-03-17 17:00:23,089] {scheduler_job.py:639} INFO - DAG(s) dict_keys(['example_xcom_args', 'example_xcom_args_with_operators']) retrieved from /Users/prathyusha/Desktop/pranathi/airflow_cnn_pipeline_final/airflow_test_env/lib/python3.7/site-packages/airflow/example_dags/example_xcomargs.py
[2021-03-17 17:00:23,130] {logging_mixin.py:104} INFO - [2021-03-17 17:00:23,128] {dag.py:1818} INFO - Sync 2 DAGs
[2021-03-17 17:00:23,170] {logging_mixin.py:104} INFO - [2021-03-17 17:00:23,168] {dag.py:2273} INFO - Setting next_dagrun for example_xcom_args to None
[2021-03-17 17:00:23,175] {logging_mixin.py:104} INFO - [2021-03-17 17:00:23,174] {dag.py:2273} INFO - Setting next_dagrun for example_xcom_args_with_operators to None
[2021-03-17 17:00:23,196] {scheduler_job.py:190} INFO - Processing /Users/prathyusha/Desktop/pranathi/airflow_cnn_pipeline_final/airflow_test_env/lib/python3.7/site-packages/airflow/example_dags/example_xcomargs.py took 0.146 seconds
[2021-03-17 17:00:54,199] {scheduler_job.py:182} INFO - Started process (PID=30464) to work on /Users/prathyusha/Desktop/pranathi/airflow_cnn_pipeline_final/airflow_test_env/lib/python3.7/site-packages/airflow/example_dags/example_xcomargs.py
[2021-03-17 17:00:54,203] {scheduler_job.py:629} INFO - Processing file /Users/prathyusha/Desktop/pranathi/airflow_cnn_pipeline_final/airflow_test_env/lib/python3.7/site-packages/airflow/example_dags/example_xcomargs.py for tasks to queue
[2021-03-17 17:00:54,205] {logging_mixin.py:104} INFO - [2021-03-17 17:00:54,204] {dagbag.py:448} INFO - Filling up the DagBag from /Users/prathyusha/Desktop/pranathi/airflow_cnn_pipeline_final/airflow_test_env/lib/python3.7/site-packages/airflow/example_dags/example_xcomargs.py
[2021-03-17 17:00:54,231] {scheduler_job.py:639} INFO - DAG(s) dict_keys(['example_xcom_args', 'example_xcom_args_with_operators']) retrieved from /Users/prathyusha/Desktop/pranathi/airflow_cnn_pipeline_final/airflow_test_env/lib/python3.7/site-packages/airflow/example_dags/example_xcomargs.py
[2021-03-17 17:00:54,257] {logging_mixin.py:104} INFO - [2021-03-17 17:00:54,257] {dag.py:1818} INFO - Sync 2 DAGs
[2021-03-17 17:00:54,278] {logging_mixin.py:104} INFO - [2021-03-17 17:00:54,278] {dag.py:2273} INFO - Setting next_dagrun for example_xcom_args to None
[2021-03-17 17:00:54,282] {logging_mixin.py:104} INFO - [2021-03-17 17:00:54,280] {dag.py:2273} INFO - Setting next_dagrun for example_xcom_args_with_operators to None
[2021-03-17 17:00:54,308] {scheduler_job.py:190} INFO - Processing /Users/prathyusha/Desktop/pranathi/airflow_cnn_pipeline_final/airflow_test_env/lib/python3.7/site-packages/airflow/example_dags/example_xcomargs.py took 0.120 seconds
[2021-03-17 17:01:25,379] {scheduler_job.py:182} INFO - Started process (PID=30512) to work on /Users/prathyusha/Desktop/pranathi/airflow_cnn_pipeline_final/airflow_test_env/lib/python3.7/site-packages/airflow/example_dags/example_xcomargs.py
[2021-03-17 17:01:25,381] {scheduler_job.py:629} INFO - Processing file /Users/prathyusha/Desktop/pranathi/airflow_cnn_pipeline_final/airflow_test_env/lib/python3.7/site-packages/airflow/example_dags/example_xcomargs.py for tasks to queue
[2021-03-17 17:01:25,383] {logging_mixin.py:104} INFO - [2021-03-17 17:01:25,382] {dagbag.py:448} INFO - Filling up the DagBag from /Users/prathyusha/Desktop/pranathi/airflow_cnn_pipeline_final/airflow_test_env/lib/python3.7/site-packages/airflow/example_dags/example_xcomargs.py
[2021-03-17 17:01:25,410] {scheduler_job.py:639} INFO - DAG(s) dict_keys(['example_xcom_args', 'example_xcom_args_with_operators']) retrieved from /Users/prathyusha/Desktop/pranathi/airflow_cnn_pipeline_final/airflow_test_env/lib/python3.7/site-packages/airflow/example_dags/example_xcomargs.py
[2021-03-17 17:01:25,449] {logging_mixin.py:104} INFO - [2021-03-17 17:01:25,448] {dag.py:1818} INFO - Sync 2 DAGs
[2021-03-17 17:01:25,474] {logging_mixin.py:104} INFO - [2021-03-17 17:01:25,472] {dag.py:2273} INFO - Setting next_dagrun for example_xcom_args to None
[2021-03-17 17:01:25,479] {logging_mixin.py:104} INFO - [2021-03-17 17:01:25,479] {dag.py:2273} INFO - Setting next_dagrun for example_xcom_args_with_operators to None
[2021-03-17 17:01:25,507] {scheduler_job.py:190} INFO - Processing /Users/prathyusha/Desktop/pranathi/airflow_cnn_pipeline_final/airflow_test_env/lib/python3.7/site-packages/airflow/example_dags/example_xcomargs.py took 0.135 seconds
[2021-03-17 17:14:42,982] {scheduler_job.py:182} INFO - Started process (PID=30710) to work on /Users/prathyusha/Desktop/pranathi/airflow_cnn_pipeline_final/airflow_test_env/lib/python3.7/site-packages/airflow/example_dags/example_xcomargs.py
[2021-03-17 17:14:42,984] {scheduler_job.py:629} INFO - Processing file /Users/prathyusha/Desktop/pranathi/airflow_cnn_pipeline_final/airflow_test_env/lib/python3.7/site-packages/airflow/example_dags/example_xcomargs.py for tasks to queue
[2021-03-17 17:14:42,987] {logging_mixin.py:104} INFO - [2021-03-17 17:14:42,986] {dagbag.py:448} INFO - Filling up the DagBag from /Users/prathyusha/Desktop/pranathi/airflow_cnn_pipeline_final/airflow_test_env/lib/python3.7/site-packages/airflow/example_dags/example_xcomargs.py
[2021-03-17 17:14:43,017] {scheduler_job.py:639} INFO - DAG(s) dict_keys(['example_xcom_args', 'example_xcom_args_with_operators']) retrieved from /Users/prathyusha/Desktop/pranathi/airflow_cnn_pipeline_final/airflow_test_env/lib/python3.7/site-packages/airflow/example_dags/example_xcomargs.py
[2021-03-17 17:14:43,086] {logging_mixin.py:104} INFO - [2021-03-17 17:14:43,085] {dag.py:1818} INFO - Sync 2 DAGs
[2021-03-17 17:14:43,109] {logging_mixin.py:104} INFO - [2021-03-17 17:14:43,108] {dag.py:2273} INFO - Setting next_dagrun for example_xcom_args to None
[2021-03-17 17:14:43,111] {logging_mixin.py:104} INFO - [2021-03-17 17:14:43,111] {dag.py:2273} INFO - Setting next_dagrun for example_xcom_args_with_operators to None
[2021-03-17 17:14:43,247] {scheduler_job.py:190} INFO - Processing /Users/prathyusha/Desktop/pranathi/airflow_cnn_pipeline_final/airflow_test_env/lib/python3.7/site-packages/airflow/example_dags/example_xcomargs.py took 0.270 seconds
[2021-03-17 17:15:15,924] {scheduler_job.py:182} INFO - Started process (PID=30748) to work on /Users/prathyusha/Desktop/pranathi/airflow_cnn_pipeline_final/airflow_test_env/lib/python3.7/site-packages/airflow/example_dags/example_xcomargs.py
[2021-03-17 17:15:15,936] {scheduler_job.py:629} INFO - Processing file /Users/prathyusha/Desktop/pranathi/airflow_cnn_pipeline_final/airflow_test_env/lib/python3.7/site-packages/airflow/example_dags/example_xcomargs.py for tasks to queue
[2021-03-17 17:15:15,940] {logging_mixin.py:104} INFO - [2021-03-17 17:15:15,940] {dagbag.py:448} INFO - Filling up the DagBag from /Users/prathyusha/Desktop/pranathi/airflow_cnn_pipeline_final/airflow_test_env/lib/python3.7/site-packages/airflow/example_dags/example_xcomargs.py
[2021-03-17 17:15:15,981] {scheduler_job.py:639} INFO - DAG(s) dict_keys(['example_xcom_args', 'example_xcom_args_with_operators']) retrieved from /Users/prathyusha/Desktop/pranathi/airflow_cnn_pipeline_final/airflow_test_env/lib/python3.7/site-packages/airflow/example_dags/example_xcomargs.py
[2021-03-17 17:15:16,033] {logging_mixin.py:104} INFO - [2021-03-17 17:15:16,032] {dag.py:1818} INFO - Sync 2 DAGs
[2021-03-17 17:15:16,055] {logging_mixin.py:104} INFO - [2021-03-17 17:15:16,054] {dag.py:2273} INFO - Setting next_dagrun for example_xcom_args to None
[2021-03-17 17:15:16,057] {logging_mixin.py:104} INFO - [2021-03-17 17:15:16,056] {dag.py:2273} INFO - Setting next_dagrun for example_xcom_args_with_operators to None
[2021-03-17 17:15:16,089] {scheduler_job.py:190} INFO - Processing /Users/prathyusha/Desktop/pranathi/airflow_cnn_pipeline_final/airflow_test_env/lib/python3.7/site-packages/airflow/example_dags/example_xcomargs.py took 0.173 seconds
[2021-03-17 17:15:48,021] {scheduler_job.py:182} INFO - Started process (PID=30778) to work on /Users/prathyusha/Desktop/pranathi/airflow_cnn_pipeline_final/airflow_test_env/lib/python3.7/site-packages/airflow/example_dags/example_xcomargs.py
[2021-03-17 17:15:48,024] {scheduler_job.py:629} INFO - Processing file /Users/prathyusha/Desktop/pranathi/airflow_cnn_pipeline_final/airflow_test_env/lib/python3.7/site-packages/airflow/example_dags/example_xcomargs.py for tasks to queue
[2021-03-17 17:15:48,025] {logging_mixin.py:104} INFO - [2021-03-17 17:15:48,025] {dagbag.py:448} INFO - Filling up the DagBag from /Users/prathyusha/Desktop/pranathi/airflow_cnn_pipeline_final/airflow_test_env/lib/python3.7/site-packages/airflow/example_dags/example_xcomargs.py
[2021-03-17 17:15:48,041] {scheduler_job.py:639} INFO - DAG(s) dict_keys(['example_xcom_args', 'example_xcom_args_with_operators']) retrieved from /Users/prathyusha/Desktop/pranathi/airflow_cnn_pipeline_final/airflow_test_env/lib/python3.7/site-packages/airflow/example_dags/example_xcomargs.py
[2021-03-17 17:15:48,061] {logging_mixin.py:104} INFO - [2021-03-17 17:15:48,061] {dag.py:1818} INFO - Sync 2 DAGs
[2021-03-17 17:15:48,074] {logging_mixin.py:104} INFO - [2021-03-17 17:15:48,074] {dag.py:2273} INFO - Setting next_dagrun for example_xcom_args to None
[2021-03-17 17:15:48,075] {logging_mixin.py:104} INFO - [2021-03-17 17:15:48,075] {dag.py:2273} INFO - Setting next_dagrun for example_xcom_args_with_operators to None
[2021-03-17 17:15:48,087] {scheduler_job.py:190} INFO - Processing /Users/prathyusha/Desktop/pranathi/airflow_cnn_pipeline_final/airflow_test_env/lib/python3.7/site-packages/airflow/example_dags/example_xcomargs.py took 0.070 seconds
[2021-03-17 17:16:18,962] {scheduler_job.py:182} INFO - Started process (PID=30807) to work on /Users/prathyusha/Desktop/pranathi/airflow_cnn_pipeline_final/airflow_test_env/lib/python3.7/site-packages/airflow/example_dags/example_xcomargs.py
[2021-03-17 17:16:18,964] {scheduler_job.py:629} INFO - Processing file /Users/prathyusha/Desktop/pranathi/airflow_cnn_pipeline_final/airflow_test_env/lib/python3.7/site-packages/airflow/example_dags/example_xcomargs.py for tasks to queue
[2021-03-17 17:16:18,966] {logging_mixin.py:104} INFO - [2021-03-17 17:16:18,965] {dagbag.py:448} INFO - Filling up the DagBag from /Users/prathyusha/Desktop/pranathi/airflow_cnn_pipeline_final/airflow_test_env/lib/python3.7/site-packages/airflow/example_dags/example_xcomargs.py
[2021-03-17 17:16:18,988] {scheduler_job.py:639} INFO - DAG(s) dict_keys(['example_xcom_args', 'example_xcom_args_with_operators']) retrieved from /Users/prathyusha/Desktop/pranathi/airflow_cnn_pipeline_final/airflow_test_env/lib/python3.7/site-packages/airflow/example_dags/example_xcomargs.py
[2021-03-17 17:16:19,019] {logging_mixin.py:104} INFO - [2021-03-17 17:16:19,019] {dag.py:1818} INFO - Sync 2 DAGs
[2021-03-17 17:16:19,045] {logging_mixin.py:104} INFO - [2021-03-17 17:16:19,044] {dag.py:2273} INFO - Setting next_dagrun for example_xcom_args to None
[2021-03-17 17:16:19,052] {logging_mixin.py:104} INFO - [2021-03-17 17:16:19,047] {dag.py:2273} INFO - Setting next_dagrun for example_xcom_args_with_operators to None
[2021-03-17 17:16:19,072] {scheduler_job.py:190} INFO - Processing /Users/prathyusha/Desktop/pranathi/airflow_cnn_pipeline_final/airflow_test_env/lib/python3.7/site-packages/airflow/example_dags/example_xcomargs.py took 0.114 seconds
[2021-03-17 17:16:52,076] {scheduler_job.py:182} INFO - Started process (PID=30835) to work on /Users/prathyusha/Desktop/pranathi/airflow_cnn_pipeline_final/airflow_test_env/lib/python3.7/site-packages/airflow/example_dags/example_xcomargs.py
[2021-03-17 17:16:52,078] {scheduler_job.py:629} INFO - Processing file /Users/prathyusha/Desktop/pranathi/airflow_cnn_pipeline_final/airflow_test_env/lib/python3.7/site-packages/airflow/example_dags/example_xcomargs.py for tasks to queue
[2021-03-17 17:16:52,081] {logging_mixin.py:104} INFO - [2021-03-17 17:16:52,080] {dagbag.py:448} INFO - Filling up the DagBag from /Users/prathyusha/Desktop/pranathi/airflow_cnn_pipeline_final/airflow_test_env/lib/python3.7/site-packages/airflow/example_dags/example_xcomargs.py
[2021-03-17 17:16:52,137] {scheduler_job.py:639} INFO - DAG(s) dict_keys(['example_xcom_args', 'example_xcom_args_with_operators']) retrieved from /Users/prathyusha/Desktop/pranathi/airflow_cnn_pipeline_final/airflow_test_env/lib/python3.7/site-packages/airflow/example_dags/example_xcomargs.py
[2021-03-17 17:16:52,190] {logging_mixin.py:104} INFO - [2021-03-17 17:16:52,190] {dag.py:1818} INFO - Sync 2 DAGs
[2021-03-17 17:16:52,217] {logging_mixin.py:104} INFO - [2021-03-17 17:16:52,216] {dag.py:2273} INFO - Setting next_dagrun for example_xcom_args to None
[2021-03-17 17:16:52,219] {logging_mixin.py:104} INFO - [2021-03-17 17:16:52,218] {dag.py:2273} INFO - Setting next_dagrun for example_xcom_args_with_operators to None
[2021-03-17 17:16:52,248] {scheduler_job.py:190} INFO - Processing /Users/prathyusha/Desktop/pranathi/airflow_cnn_pipeline_final/airflow_test_env/lib/python3.7/site-packages/airflow/example_dags/example_xcomargs.py took 0.177 seconds
[2021-03-17 17:25:27,537] {scheduler_job.py:182} INFO - Started process (PID=31018) to work on /Users/prathyusha/Desktop/pranathi/airflow_cnn_pipeline_final/airflow_test_env/lib/python3.7/site-packages/airflow/example_dags/example_xcomargs.py
[2021-03-17 17:25:27,540] {scheduler_job.py:629} INFO - Processing file /Users/prathyusha/Desktop/pranathi/airflow_cnn_pipeline_final/airflow_test_env/lib/python3.7/site-packages/airflow/example_dags/example_xcomargs.py for tasks to queue
[2021-03-17 17:25:27,544] {logging_mixin.py:104} INFO - [2021-03-17 17:25:27,543] {dagbag.py:448} INFO - Filling up the DagBag from /Users/prathyusha/Desktop/pranathi/airflow_cnn_pipeline_final/airflow_test_env/lib/python3.7/site-packages/airflow/example_dags/example_xcomargs.py
[2021-03-17 17:25:27,558] {scheduler_job.py:639} INFO - DAG(s) dict_keys(['example_xcom_args', 'example_xcom_args_with_operators']) retrieved from /Users/prathyusha/Desktop/pranathi/airflow_cnn_pipeline_final/airflow_test_env/lib/python3.7/site-packages/airflow/example_dags/example_xcomargs.py
[2021-03-17 17:25:27,602] {logging_mixin.py:104} INFO - [2021-03-17 17:25:27,601] {dag.py:1818} INFO - Sync 2 DAGs
[2021-03-17 17:25:27,634] {logging_mixin.py:104} INFO - [2021-03-17 17:25:27,633] {dag.py:2273} INFO - Setting next_dagrun for example_xcom_args to None
[2021-03-17 17:25:27,637] {logging_mixin.py:104} INFO - [2021-03-17 17:25:27,636] {dag.py:2273} INFO - Setting next_dagrun for example_xcom_args_with_operators to None
[2021-03-17 17:25:27,665] {scheduler_job.py:190} INFO - Processing /Users/prathyusha/Desktop/pranathi/airflow_cnn_pipeline_final/airflow_test_env/lib/python3.7/site-packages/airflow/example_dags/example_xcomargs.py took 0.133 seconds
[2021-03-17 17:25:58,767] {scheduler_job.py:182} INFO - Started process (PID=31051) to work on /Users/prathyusha/Desktop/pranathi/airflow_cnn_pipeline_final/airflow_test_env/lib/python3.7/site-packages/airflow/example_dags/example_xcomargs.py
[2021-03-17 17:25:58,769] {scheduler_job.py:629} INFO - Processing file /Users/prathyusha/Desktop/pranathi/airflow_cnn_pipeline_final/airflow_test_env/lib/python3.7/site-packages/airflow/example_dags/example_xcomargs.py for tasks to queue
[2021-03-17 17:25:58,771] {logging_mixin.py:104} INFO - [2021-03-17 17:25:58,770] {dagbag.py:448} INFO - Filling up the DagBag from /Users/prathyusha/Desktop/pranathi/airflow_cnn_pipeline_final/airflow_test_env/lib/python3.7/site-packages/airflow/example_dags/example_xcomargs.py
[2021-03-17 17:25:58,784] {scheduler_job.py:639} INFO - DAG(s) dict_keys(['example_xcom_args', 'example_xcom_args_with_operators']) retrieved from /Users/prathyusha/Desktop/pranathi/airflow_cnn_pipeline_final/airflow_test_env/lib/python3.7/site-packages/airflow/example_dags/example_xcomargs.py
[2021-03-17 17:25:58,805] {logging_mixin.py:104} INFO - [2021-03-17 17:25:58,804] {dag.py:1818} INFO - Sync 2 DAGs
[2021-03-17 17:25:58,818] {logging_mixin.py:104} INFO - [2021-03-17 17:25:58,818] {dag.py:2273} INFO - Setting next_dagrun for example_xcom_args to None
[2021-03-17 17:25:58,820] {logging_mixin.py:104} INFO - [2021-03-17 17:25:58,819] {dag.py:2273} INFO - Setting next_dagrun for example_xcom_args_with_operators to None
[2021-03-17 17:25:58,831] {scheduler_job.py:190} INFO - Processing /Users/prathyusha/Desktop/pranathi/airflow_cnn_pipeline_final/airflow_test_env/lib/python3.7/site-packages/airflow/example_dags/example_xcomargs.py took 0.067 seconds
[2021-03-17 17:26:31,488] {scheduler_job.py:182} INFO - Started process (PID=31085) to work on /Users/prathyusha/Desktop/pranathi/airflow_cnn_pipeline_final/airflow_test_env/lib/python3.7/site-packages/airflow/example_dags/example_xcomargs.py
[2021-03-17 17:26:31,492] {scheduler_job.py:629} INFO - Processing file /Users/prathyusha/Desktop/pranathi/airflow_cnn_pipeline_final/airflow_test_env/lib/python3.7/site-packages/airflow/example_dags/example_xcomargs.py for tasks to queue
[2021-03-17 17:26:31,495] {logging_mixin.py:104} INFO - [2021-03-17 17:26:31,495] {dagbag.py:448} INFO - Filling up the DagBag from /Users/prathyusha/Desktop/pranathi/airflow_cnn_pipeline_final/airflow_test_env/lib/python3.7/site-packages/airflow/example_dags/example_xcomargs.py
[2021-03-17 17:26:31,510] {scheduler_job.py:639} INFO - DAG(s) dict_keys(['example_xcom_args', 'example_xcom_args_with_operators']) retrieved from /Users/prathyusha/Desktop/pranathi/airflow_cnn_pipeline_final/airflow_test_env/lib/python3.7/site-packages/airflow/example_dags/example_xcomargs.py
[2021-03-17 17:26:31,533] {logging_mixin.py:104} INFO - [2021-03-17 17:26:31,532] {dag.py:1818} INFO - Sync 2 DAGs
[2021-03-17 17:26:31,548] {logging_mixin.py:104} INFO - [2021-03-17 17:26:31,547] {dag.py:2273} INFO - Setting next_dagrun for example_xcom_args to None
[2021-03-17 17:26:31,550] {logging_mixin.py:104} INFO - [2021-03-17 17:26:31,549] {dag.py:2273} INFO - Setting next_dagrun for example_xcom_args_with_operators to None
[2021-03-17 17:26:31,562] {scheduler_job.py:190} INFO - Processing /Users/prathyusha/Desktop/pranathi/airflow_cnn_pipeline_final/airflow_test_env/lib/python3.7/site-packages/airflow/example_dags/example_xcomargs.py took 0.078 seconds
