[2021-03-17 17:00:40,858] {scheduler_job.py:182} INFO - Started process (PID=30447) to work on /Users/prathyusha/Desktop/pranathi/airflow_cnn_pipeline_final/airflow_test_env/lib/python3.7/site-packages/airflow/example_dags/example_complex.py
[2021-03-17 17:00:40,861] {scheduler_job.py:629} INFO - Processing file /Users/prathyusha/Desktop/pranathi/airflow_cnn_pipeline_final/airflow_test_env/lib/python3.7/site-packages/airflow/example_dags/example_complex.py for tasks to queue
[2021-03-17 17:00:40,864] {logging_mixin.py:104} INFO - [2021-03-17 17:00:40,863] {dagbag.py:448} INFO - Filling up the DagBag from /Users/prathyusha/Desktop/pranathi/airflow_cnn_pipeline_final/airflow_test_env/lib/python3.7/site-packages/airflow/example_dags/example_complex.py
[2021-03-17 17:00:40,905] {scheduler_job.py:639} INFO - DAG(s) dict_keys(['example_complex']) retrieved from /Users/prathyusha/Desktop/pranathi/airflow_cnn_pipeline_final/airflow_test_env/lib/python3.7/site-packages/airflow/example_dags/example_complex.py
[2021-03-17 17:00:40,953] {logging_mixin.py:104} INFO - [2021-03-17 17:00:40,952] {dag.py:1818} INFO - Sync 1 DAGs
[2021-03-17 17:00:40,986] {logging_mixin.py:104} INFO - [2021-03-17 17:00:40,982] {dag.py:2273} INFO - Setting next_dagrun for example_complex to None
[2021-03-17 17:00:41,028] {scheduler_job.py:190} INFO - Processing /Users/prathyusha/Desktop/pranathi/airflow_cnn_pipeline_final/airflow_test_env/lib/python3.7/site-packages/airflow/example_dags/example_complex.py took 0.180 seconds
[2021-03-17 17:01:12,628] {scheduler_job.py:182} INFO - Started process (PID=30494) to work on /Users/prathyusha/Desktop/pranathi/airflow_cnn_pipeline_final/airflow_test_env/lib/python3.7/site-packages/airflow/example_dags/example_complex.py
[2021-03-17 17:01:12,632] {scheduler_job.py:629} INFO - Processing file /Users/prathyusha/Desktop/pranathi/airflow_cnn_pipeline_final/airflow_test_env/lib/python3.7/site-packages/airflow/example_dags/example_complex.py for tasks to queue
[2021-03-17 17:01:12,633] {logging_mixin.py:104} INFO - [2021-03-17 17:01:12,633] {dagbag.py:448} INFO - Filling up the DagBag from /Users/prathyusha/Desktop/pranathi/airflow_cnn_pipeline_final/airflow_test_env/lib/python3.7/site-packages/airflow/example_dags/example_complex.py
[2021-03-17 17:01:12,657] {scheduler_job.py:639} INFO - DAG(s) dict_keys(['example_complex']) retrieved from /Users/prathyusha/Desktop/pranathi/airflow_cnn_pipeline_final/airflow_test_env/lib/python3.7/site-packages/airflow/example_dags/example_complex.py
[2021-03-17 17:01:12,678] {logging_mixin.py:104} INFO - [2021-03-17 17:01:12,678] {dag.py:1818} INFO - Sync 1 DAGs
[2021-03-17 17:01:12,689] {logging_mixin.py:104} INFO - [2021-03-17 17:01:12,689] {dag.py:2273} INFO - Setting next_dagrun for example_complex to None
[2021-03-17 17:01:12,698] {scheduler_job.py:190} INFO - Processing /Users/prathyusha/Desktop/pranathi/airflow_cnn_pipeline_final/airflow_test_env/lib/python3.7/site-packages/airflow/example_dags/example_complex.py took 0.076 seconds
[2021-03-17 17:14:53,543] {scheduler_job.py:182} INFO - Started process (PID=30724) to work on /Users/prathyusha/Desktop/pranathi/airflow_cnn_pipeline_final/airflow_test_env/lib/python3.7/site-packages/airflow/example_dags/example_complex.py
[2021-03-17 17:14:53,546] {scheduler_job.py:629} INFO - Processing file /Users/prathyusha/Desktop/pranathi/airflow_cnn_pipeline_final/airflow_test_env/lib/python3.7/site-packages/airflow/example_dags/example_complex.py for tasks to queue
[2021-03-17 17:14:53,548] {logging_mixin.py:104} INFO - [2021-03-17 17:14:53,547] {dagbag.py:448} INFO - Filling up the DagBag from /Users/prathyusha/Desktop/pranathi/airflow_cnn_pipeline_final/airflow_test_env/lib/python3.7/site-packages/airflow/example_dags/example_complex.py
[2021-03-17 17:14:53,577] {scheduler_job.py:639} INFO - DAG(s) dict_keys(['example_complex']) retrieved from /Users/prathyusha/Desktop/pranathi/airflow_cnn_pipeline_final/airflow_test_env/lib/python3.7/site-packages/airflow/example_dags/example_complex.py
[2021-03-17 17:14:53,620] {logging_mixin.py:104} INFO - [2021-03-17 17:14:53,620] {dag.py:1818} INFO - Sync 1 DAGs
[2021-03-17 17:14:53,656] {logging_mixin.py:104} INFO - [2021-03-17 17:14:53,655] {dag.py:2273} INFO - Setting next_dagrun for example_complex to None
[2021-03-17 17:14:53,687] {scheduler_job.py:190} INFO - Processing /Users/prathyusha/Desktop/pranathi/airflow_cnn_pipeline_final/airflow_test_env/lib/python3.7/site-packages/airflow/example_dags/example_complex.py took 0.148 seconds
[2021-03-17 17:15:25,859] {scheduler_job.py:182} INFO - Started process (PID=30757) to work on /Users/prathyusha/Desktop/pranathi/airflow_cnn_pipeline_final/airflow_test_env/lib/python3.7/site-packages/airflow/example_dags/example_complex.py
[2021-03-17 17:15:25,862] {scheduler_job.py:629} INFO - Processing file /Users/prathyusha/Desktop/pranathi/airflow_cnn_pipeline_final/airflow_test_env/lib/python3.7/site-packages/airflow/example_dags/example_complex.py for tasks to queue
[2021-03-17 17:15:25,865] {logging_mixin.py:104} INFO - [2021-03-17 17:15:25,863] {dagbag.py:448} INFO - Filling up the DagBag from /Users/prathyusha/Desktop/pranathi/airflow_cnn_pipeline_final/airflow_test_env/lib/python3.7/site-packages/airflow/example_dags/example_complex.py
[2021-03-17 17:15:25,917] {scheduler_job.py:639} INFO - DAG(s) dict_keys(['example_complex']) retrieved from /Users/prathyusha/Desktop/pranathi/airflow_cnn_pipeline_final/airflow_test_env/lib/python3.7/site-packages/airflow/example_dags/example_complex.py
[2021-03-17 17:15:26,016] {logging_mixin.py:104} INFO - [2021-03-17 17:15:26,009] {dag.py:1818} INFO - Sync 1 DAGs
[2021-03-17 17:15:26,041] {logging_mixin.py:104} INFO - [2021-03-17 17:15:26,040] {dag.py:2273} INFO - Setting next_dagrun for example_complex to None
[2021-03-17 17:15:26,097] {scheduler_job.py:190} INFO - Processing /Users/prathyusha/Desktop/pranathi/airflow_cnn_pipeline_final/airflow_test_env/lib/python3.7/site-packages/airflow/example_dags/example_complex.py took 0.244 seconds
[2021-03-17 17:15:57,914] {scheduler_job.py:182} INFO - Started process (PID=30788) to work on /Users/prathyusha/Desktop/pranathi/airflow_cnn_pipeline_final/airflow_test_env/lib/python3.7/site-packages/airflow/example_dags/example_complex.py
[2021-03-17 17:15:57,916] {scheduler_job.py:629} INFO - Processing file /Users/prathyusha/Desktop/pranathi/airflow_cnn_pipeline_final/airflow_test_env/lib/python3.7/site-packages/airflow/example_dags/example_complex.py for tasks to queue
[2021-03-17 17:15:57,918] {logging_mixin.py:104} INFO - [2021-03-17 17:15:57,917] {dagbag.py:448} INFO - Filling up the DagBag from /Users/prathyusha/Desktop/pranathi/airflow_cnn_pipeline_final/airflow_test_env/lib/python3.7/site-packages/airflow/example_dags/example_complex.py
[2021-03-17 17:15:57,942] {scheduler_job.py:639} INFO - DAG(s) dict_keys(['example_complex']) retrieved from /Users/prathyusha/Desktop/pranathi/airflow_cnn_pipeline_final/airflow_test_env/lib/python3.7/site-packages/airflow/example_dags/example_complex.py
[2021-03-17 17:15:57,968] {logging_mixin.py:104} INFO - [2021-03-17 17:15:57,967] {dag.py:1818} INFO - Sync 1 DAGs
[2021-03-17 17:15:57,984] {logging_mixin.py:104} INFO - [2021-03-17 17:15:57,983] {dag.py:2273} INFO - Setting next_dagrun for example_complex to None
[2021-03-17 17:15:57,996] {scheduler_job.py:190} INFO - Processing /Users/prathyusha/Desktop/pranathi/airflow_cnn_pipeline_final/airflow_test_env/lib/python3.7/site-packages/airflow/example_dags/example_complex.py took 0.087 seconds
[2021-03-17 17:16:29,396] {scheduler_job.py:182} INFO - Started process (PID=30816) to work on /Users/prathyusha/Desktop/pranathi/airflow_cnn_pipeline_final/airflow_test_env/lib/python3.7/site-packages/airflow/example_dags/example_complex.py
[2021-03-17 17:16:29,399] {scheduler_job.py:629} INFO - Processing file /Users/prathyusha/Desktop/pranathi/airflow_cnn_pipeline_final/airflow_test_env/lib/python3.7/site-packages/airflow/example_dags/example_complex.py for tasks to queue
[2021-03-17 17:16:29,401] {logging_mixin.py:104} INFO - [2021-03-17 17:16:29,400] {dagbag.py:448} INFO - Filling up the DagBag from /Users/prathyusha/Desktop/pranathi/airflow_cnn_pipeline_final/airflow_test_env/lib/python3.7/site-packages/airflow/example_dags/example_complex.py
[2021-03-17 17:16:29,458] {scheduler_job.py:639} INFO - DAG(s) dict_keys(['example_complex']) retrieved from /Users/prathyusha/Desktop/pranathi/airflow_cnn_pipeline_final/airflow_test_env/lib/python3.7/site-packages/airflow/example_dags/example_complex.py
[2021-03-17 17:16:29,530] {logging_mixin.py:104} INFO - [2021-03-17 17:16:29,526] {dag.py:1818} INFO - Sync 1 DAGs
[2021-03-17 17:16:29,598] {logging_mixin.py:104} INFO - [2021-03-17 17:16:29,597] {dag.py:2273} INFO - Setting next_dagrun for example_complex to None
[2021-03-17 17:16:29,635] {scheduler_job.py:190} INFO - Processing /Users/prathyusha/Desktop/pranathi/airflow_cnn_pipeline_final/airflow_test_env/lib/python3.7/site-packages/airflow/example_dags/example_complex.py took 0.245 seconds
[2021-03-17 17:17:03,756] {scheduler_job.py:182} INFO - Started process (PID=30850) to work on /Users/prathyusha/Desktop/pranathi/airflow_cnn_pipeline_final/airflow_test_env/lib/python3.7/site-packages/airflow/example_dags/example_complex.py
[2021-03-17 17:17:03,758] {scheduler_job.py:629} INFO - Processing file /Users/prathyusha/Desktop/pranathi/airflow_cnn_pipeline_final/airflow_test_env/lib/python3.7/site-packages/airflow/example_dags/example_complex.py for tasks to queue
[2021-03-17 17:17:03,761] {logging_mixin.py:104} INFO - [2021-03-17 17:17:03,760] {dagbag.py:448} INFO - Filling up the DagBag from /Users/prathyusha/Desktop/pranathi/airflow_cnn_pipeline_final/airflow_test_env/lib/python3.7/site-packages/airflow/example_dags/example_complex.py
[2021-03-17 17:17:03,784] {scheduler_job.py:639} INFO - DAG(s) dict_keys(['example_complex']) retrieved from /Users/prathyusha/Desktop/pranathi/airflow_cnn_pipeline_final/airflow_test_env/lib/python3.7/site-packages/airflow/example_dags/example_complex.py
[2021-03-17 17:17:03,807] {logging_mixin.py:104} INFO - [2021-03-17 17:17:03,806] {dag.py:1818} INFO - Sync 1 DAGs
[2021-03-17 17:17:03,825] {logging_mixin.py:104} INFO - [2021-03-17 17:17:03,824] {dag.py:2273} INFO - Setting next_dagrun for example_complex to None
[2021-03-17 17:17:03,841] {scheduler_job.py:190} INFO - Processing /Users/prathyusha/Desktop/pranathi/airflow_cnn_pipeline_final/airflow_test_env/lib/python3.7/site-packages/airflow/example_dags/example_complex.py took 0.088 seconds
[2021-03-17 17:25:26,269] {scheduler_job.py:182} INFO - Started process (PID=31017) to work on /Users/prathyusha/Desktop/pranathi/airflow_cnn_pipeline_final/airflow_test_env/lib/python3.7/site-packages/airflow/example_dags/example_complex.py
[2021-03-17 17:25:26,272] {scheduler_job.py:629} INFO - Processing file /Users/prathyusha/Desktop/pranathi/airflow_cnn_pipeline_final/airflow_test_env/lib/python3.7/site-packages/airflow/example_dags/example_complex.py for tasks to queue
[2021-03-17 17:25:26,274] {logging_mixin.py:104} INFO - [2021-03-17 17:25:26,273] {dagbag.py:448} INFO - Filling up the DagBag from /Users/prathyusha/Desktop/pranathi/airflow_cnn_pipeline_final/airflow_test_env/lib/python3.7/site-packages/airflow/example_dags/example_complex.py
[2021-03-17 17:25:26,293] {scheduler_job.py:639} INFO - DAG(s) dict_keys(['example_complex']) retrieved from /Users/prathyusha/Desktop/pranathi/airflow_cnn_pipeline_final/airflow_test_env/lib/python3.7/site-packages/airflow/example_dags/example_complex.py
[2021-03-17 17:25:26,359] {logging_mixin.py:104} INFO - [2021-03-17 17:25:26,355] {dag.py:1818} INFO - Sync 1 DAGs
[2021-03-17 17:25:26,387] {logging_mixin.py:104} INFO - [2021-03-17 17:25:26,387] {dag.py:2273} INFO - Setting next_dagrun for example_complex to None
[2021-03-17 17:25:26,431] {scheduler_job.py:190} INFO - Processing /Users/prathyusha/Desktop/pranathi/airflow_cnn_pipeline_final/airflow_test_env/lib/python3.7/site-packages/airflow/example_dags/example_complex.py took 0.166 seconds
[2021-03-17 17:25:56,562] {scheduler_job.py:182} INFO - Started process (PID=31050) to work on /Users/prathyusha/Desktop/pranathi/airflow_cnn_pipeline_final/airflow_test_env/lib/python3.7/site-packages/airflow/example_dags/example_complex.py
[2021-03-17 17:25:56,564] {scheduler_job.py:629} INFO - Processing file /Users/prathyusha/Desktop/pranathi/airflow_cnn_pipeline_final/airflow_test_env/lib/python3.7/site-packages/airflow/example_dags/example_complex.py for tasks to queue
[2021-03-17 17:25:56,565] {logging_mixin.py:104} INFO - [2021-03-17 17:25:56,565] {dagbag.py:448} INFO - Filling up the DagBag from /Users/prathyusha/Desktop/pranathi/airflow_cnn_pipeline_final/airflow_test_env/lib/python3.7/site-packages/airflow/example_dags/example_complex.py
[2021-03-17 17:25:56,585] {scheduler_job.py:639} INFO - DAG(s) dict_keys(['example_complex']) retrieved from /Users/prathyusha/Desktop/pranathi/airflow_cnn_pipeline_final/airflow_test_env/lib/python3.7/site-packages/airflow/example_dags/example_complex.py
[2021-03-17 17:25:56,616] {logging_mixin.py:104} INFO - [2021-03-17 17:25:56,616] {dag.py:1818} INFO - Sync 1 DAGs
[2021-03-17 17:25:56,632] {logging_mixin.py:104} INFO - [2021-03-17 17:25:56,631] {dag.py:2273} INFO - Setting next_dagrun for example_complex to None
[2021-03-17 17:25:56,646] {scheduler_job.py:190} INFO - Processing /Users/prathyusha/Desktop/pranathi/airflow_cnn_pipeline_final/airflow_test_env/lib/python3.7/site-packages/airflow/example_dags/example_complex.py took 0.088 seconds
[2021-03-17 17:26:30,329] {scheduler_job.py:182} INFO - Started process (PID=31084) to work on /Users/prathyusha/Desktop/pranathi/airflow_cnn_pipeline_final/airflow_test_env/lib/python3.7/site-packages/airflow/example_dags/example_complex.py
[2021-03-17 17:26:30,334] {scheduler_job.py:629} INFO - Processing file /Users/prathyusha/Desktop/pranathi/airflow_cnn_pipeline_final/airflow_test_env/lib/python3.7/site-packages/airflow/example_dags/example_complex.py for tasks to queue
[2021-03-17 17:26:30,336] {logging_mixin.py:104} INFO - [2021-03-17 17:26:30,335] {dagbag.py:448} INFO - Filling up the DagBag from /Users/prathyusha/Desktop/pranathi/airflow_cnn_pipeline_final/airflow_test_env/lib/python3.7/site-packages/airflow/example_dags/example_complex.py
[2021-03-17 17:26:30,354] {scheduler_job.py:639} INFO - DAG(s) dict_keys(['example_complex']) retrieved from /Users/prathyusha/Desktop/pranathi/airflow_cnn_pipeline_final/airflow_test_env/lib/python3.7/site-packages/airflow/example_dags/example_complex.py
[2021-03-17 17:26:30,381] {logging_mixin.py:104} INFO - [2021-03-17 17:26:30,381] {dag.py:1818} INFO - Sync 1 DAGs
[2021-03-17 17:26:30,396] {logging_mixin.py:104} INFO - [2021-03-17 17:26:30,395] {dag.py:2273} INFO - Setting next_dagrun for example_complex to None
[2021-03-17 17:26:30,406] {scheduler_job.py:190} INFO - Processing /Users/prathyusha/Desktop/pranathi/airflow_cnn_pipeline_final/airflow_test_env/lib/python3.7/site-packages/airflow/example_dags/example_complex.py took 0.080 seconds
