[2021-03-17 17:00:21,809] {scheduler_job.py:182} INFO - Started process (PID=30422) to work on /Users/prathyusha/Desktop/pranathi/airflow_cnn_pipeline_final/airflow_test_env/lib/python3.7/site-packages/airflow/example_dags/example_external_task_marker_dag.py
[2021-03-17 17:00:21,812] {scheduler_job.py:629} INFO - Processing file /Users/prathyusha/Desktop/pranathi/airflow_cnn_pipeline_final/airflow_test_env/lib/python3.7/site-packages/airflow/example_dags/example_external_task_marker_dag.py for tasks to queue
[2021-03-17 17:00:21,814] {logging_mixin.py:104} INFO - [2021-03-17 17:00:21,813] {dagbag.py:448} INFO - Filling up the DagBag from /Users/prathyusha/Desktop/pranathi/airflow_cnn_pipeline_final/airflow_test_env/lib/python3.7/site-packages/airflow/example_dags/example_external_task_marker_dag.py
[2021-03-17 17:00:21,840] {scheduler_job.py:639} INFO - DAG(s) dict_keys(['example_external_task_marker_parent', 'example_external_task_marker_child']) retrieved from /Users/prathyusha/Desktop/pranathi/airflow_cnn_pipeline_final/airflow_test_env/lib/python3.7/site-packages/airflow/example_dags/example_external_task_marker_dag.py
[2021-03-17 17:00:21,874] {logging_mixin.py:104} INFO - [2021-03-17 17:00:21,873] {dag.py:1818} INFO - Sync 2 DAGs
[2021-03-17 17:00:21,900] {logging_mixin.py:104} INFO - [2021-03-17 17:00:21,900] {dag.py:2273} INFO - Setting next_dagrun for example_external_task_marker_child to None
[2021-03-17 17:00:21,904] {logging_mixin.py:104} INFO - [2021-03-17 17:00:21,903] {dag.py:2273} INFO - Setting next_dagrun for example_external_task_marker_parent to None
[2021-03-17 17:00:21,931] {scheduler_job.py:190} INFO - Processing /Users/prathyusha/Desktop/pranathi/airflow_cnn_pipeline_final/airflow_test_env/lib/python3.7/site-packages/airflow/example_dags/example_external_task_marker_dag.py took 0.127 seconds
[2021-03-17 17:00:52,807] {scheduler_job.py:182} INFO - Started process (PID=30463) to work on /Users/prathyusha/Desktop/pranathi/airflow_cnn_pipeline_final/airflow_test_env/lib/python3.7/site-packages/airflow/example_dags/example_external_task_marker_dag.py
[2021-03-17 17:00:52,812] {scheduler_job.py:629} INFO - Processing file /Users/prathyusha/Desktop/pranathi/airflow_cnn_pipeline_final/airflow_test_env/lib/python3.7/site-packages/airflow/example_dags/example_external_task_marker_dag.py for tasks to queue
[2021-03-17 17:00:52,816] {logging_mixin.py:104} INFO - [2021-03-17 17:00:52,813] {dagbag.py:448} INFO - Filling up the DagBag from /Users/prathyusha/Desktop/pranathi/airflow_cnn_pipeline_final/airflow_test_env/lib/python3.7/site-packages/airflow/example_dags/example_external_task_marker_dag.py
[2021-03-17 17:00:52,897] {scheduler_job.py:639} INFO - DAG(s) dict_keys(['example_external_task_marker_parent', 'example_external_task_marker_child']) retrieved from /Users/prathyusha/Desktop/pranathi/airflow_cnn_pipeline_final/airflow_test_env/lib/python3.7/site-packages/airflow/example_dags/example_external_task_marker_dag.py
[2021-03-17 17:00:52,951] {logging_mixin.py:104} INFO - [2021-03-17 17:00:52,950] {dag.py:1818} INFO - Sync 2 DAGs
[2021-03-17 17:00:52,987] {logging_mixin.py:104} INFO - [2021-03-17 17:00:52,985] {dag.py:2273} INFO - Setting next_dagrun for example_external_task_marker_child to None
[2021-03-17 17:00:52,991] {logging_mixin.py:104} INFO - [2021-03-17 17:00:52,990] {dag.py:2273} INFO - Setting next_dagrun for example_external_task_marker_parent to None
[2021-03-17 17:00:53,011] {scheduler_job.py:190} INFO - Processing /Users/prathyusha/Desktop/pranathi/airflow_cnn_pipeline_final/airflow_test_env/lib/python3.7/site-packages/airflow/example_dags/example_external_task_marker_dag.py took 0.215 seconds
[2021-03-17 17:01:24,122] {scheduler_job.py:182} INFO - Started process (PID=30510) to work on /Users/prathyusha/Desktop/pranathi/airflow_cnn_pipeline_final/airflow_test_env/lib/python3.7/site-packages/airflow/example_dags/example_external_task_marker_dag.py
[2021-03-17 17:01:24,124] {scheduler_job.py:629} INFO - Processing file /Users/prathyusha/Desktop/pranathi/airflow_cnn_pipeline_final/airflow_test_env/lib/python3.7/site-packages/airflow/example_dags/example_external_task_marker_dag.py for tasks to queue
[2021-03-17 17:01:24,126] {logging_mixin.py:104} INFO - [2021-03-17 17:01:24,125] {dagbag.py:448} INFO - Filling up the DagBag from /Users/prathyusha/Desktop/pranathi/airflow_cnn_pipeline_final/airflow_test_env/lib/python3.7/site-packages/airflow/example_dags/example_external_task_marker_dag.py
[2021-03-17 17:01:24,146] {scheduler_job.py:639} INFO - DAG(s) dict_keys(['example_external_task_marker_parent', 'example_external_task_marker_child']) retrieved from /Users/prathyusha/Desktop/pranathi/airflow_cnn_pipeline_final/airflow_test_env/lib/python3.7/site-packages/airflow/example_dags/example_external_task_marker_dag.py
[2021-03-17 17:01:24,195] {logging_mixin.py:104} INFO - [2021-03-17 17:01:24,195] {dag.py:1818} INFO - Sync 2 DAGs
[2021-03-17 17:01:24,226] {logging_mixin.py:104} INFO - [2021-03-17 17:01:24,226] {dag.py:2273} INFO - Setting next_dagrun for example_external_task_marker_child to None
[2021-03-17 17:01:24,231] {logging_mixin.py:104} INFO - [2021-03-17 17:01:24,230] {dag.py:2273} INFO - Setting next_dagrun for example_external_task_marker_parent to None
[2021-03-17 17:01:24,249] {scheduler_job.py:190} INFO - Processing /Users/prathyusha/Desktop/pranathi/airflow_cnn_pipeline_final/airflow_test_env/lib/python3.7/site-packages/airflow/example_dags/example_external_task_marker_dag.py took 0.131 seconds
[2021-03-17 17:14:30,677] {scheduler_job.py:182} INFO - Started process (PID=30677) to work on /Users/prathyusha/Desktop/pranathi/airflow_cnn_pipeline_final/airflow_test_env/lib/python3.7/site-packages/airflow/example_dags/example_external_task_marker_dag.py
[2021-03-17 17:14:30,679] {scheduler_job.py:629} INFO - Processing file /Users/prathyusha/Desktop/pranathi/airflow_cnn_pipeline_final/airflow_test_env/lib/python3.7/site-packages/airflow/example_dags/example_external_task_marker_dag.py for tasks to queue
[2021-03-17 17:14:30,681] {logging_mixin.py:104} INFO - [2021-03-17 17:14:30,681] {dagbag.py:448} INFO - Filling up the DagBag from /Users/prathyusha/Desktop/pranathi/airflow_cnn_pipeline_final/airflow_test_env/lib/python3.7/site-packages/airflow/example_dags/example_external_task_marker_dag.py
[2021-03-17 17:14:30,700] {scheduler_job.py:639} INFO - DAG(s) dict_keys(['example_external_task_marker_parent', 'example_external_task_marker_child']) retrieved from /Users/prathyusha/Desktop/pranathi/airflow_cnn_pipeline_final/airflow_test_env/lib/python3.7/site-packages/airflow/example_dags/example_external_task_marker_dag.py
[2021-03-17 17:14:30,739] {logging_mixin.py:104} INFO - [2021-03-17 17:14:30,739] {dag.py:1818} INFO - Sync 2 DAGs
[2021-03-17 17:14:30,771] {logging_mixin.py:104} INFO - [2021-03-17 17:14:30,768] {dag.py:2273} INFO - Setting next_dagrun for example_external_task_marker_child to None
[2021-03-17 17:14:30,775] {logging_mixin.py:104} INFO - [2021-03-17 17:14:30,774] {dag.py:2273} INFO - Setting next_dagrun for example_external_task_marker_parent to None
[2021-03-17 17:14:30,803] {scheduler_job.py:190} INFO - Processing /Users/prathyusha/Desktop/pranathi/airflow_cnn_pipeline_final/airflow_test_env/lib/python3.7/site-packages/airflow/example_dags/example_external_task_marker_dag.py took 0.131 seconds
[2021-03-17 17:15:05,213] {scheduler_job.py:182} INFO - Started process (PID=30737) to work on /Users/prathyusha/Desktop/pranathi/airflow_cnn_pipeline_final/airflow_test_env/lib/python3.7/site-packages/airflow/example_dags/example_external_task_marker_dag.py
[2021-03-17 17:15:05,216] {scheduler_job.py:629} INFO - Processing file /Users/prathyusha/Desktop/pranathi/airflow_cnn_pipeline_final/airflow_test_env/lib/python3.7/site-packages/airflow/example_dags/example_external_task_marker_dag.py for tasks to queue
[2021-03-17 17:15:05,218] {logging_mixin.py:104} INFO - [2021-03-17 17:15:05,217] {dagbag.py:448} INFO - Filling up the DagBag from /Users/prathyusha/Desktop/pranathi/airflow_cnn_pipeline_final/airflow_test_env/lib/python3.7/site-packages/airflow/example_dags/example_external_task_marker_dag.py
[2021-03-17 17:15:05,241] {scheduler_job.py:639} INFO - DAG(s) dict_keys(['example_external_task_marker_parent', 'example_external_task_marker_child']) retrieved from /Users/prathyusha/Desktop/pranathi/airflow_cnn_pipeline_final/airflow_test_env/lib/python3.7/site-packages/airflow/example_dags/example_external_task_marker_dag.py
[2021-03-17 17:15:05,281] {logging_mixin.py:104} INFO - [2021-03-17 17:15:05,281] {dag.py:1818} INFO - Sync 2 DAGs
[2021-03-17 17:15:05,300] {logging_mixin.py:104} INFO - [2021-03-17 17:15:05,300] {dag.py:2273} INFO - Setting next_dagrun for example_external_task_marker_child to None
[2021-03-17 17:15:05,304] {logging_mixin.py:104} INFO - [2021-03-17 17:15:05,304] {dag.py:2273} INFO - Setting next_dagrun for example_external_task_marker_parent to None
[2021-03-17 17:15:05,322] {scheduler_job.py:190} INFO - Processing /Users/prathyusha/Desktop/pranathi/airflow_cnn_pipeline_final/airflow_test_env/lib/python3.7/site-packages/airflow/example_dags/example_external_task_marker_dag.py took 0.114 seconds
[2021-03-17 17:15:37,599] {scheduler_job.py:182} INFO - Started process (PID=30767) to work on /Users/prathyusha/Desktop/pranathi/airflow_cnn_pipeline_final/airflow_test_env/lib/python3.7/site-packages/airflow/example_dags/example_external_task_marker_dag.py
[2021-03-17 17:15:37,603] {scheduler_job.py:629} INFO - Processing file /Users/prathyusha/Desktop/pranathi/airflow_cnn_pipeline_final/airflow_test_env/lib/python3.7/site-packages/airflow/example_dags/example_external_task_marker_dag.py for tasks to queue
[2021-03-17 17:15:37,604] {logging_mixin.py:104} INFO - [2021-03-17 17:15:37,604] {dagbag.py:448} INFO - Filling up the DagBag from /Users/prathyusha/Desktop/pranathi/airflow_cnn_pipeline_final/airflow_test_env/lib/python3.7/site-packages/airflow/example_dags/example_external_task_marker_dag.py
[2021-03-17 17:15:37,632] {scheduler_job.py:639} INFO - DAG(s) dict_keys(['example_external_task_marker_parent', 'example_external_task_marker_child']) retrieved from /Users/prathyusha/Desktop/pranathi/airflow_cnn_pipeline_final/airflow_test_env/lib/python3.7/site-packages/airflow/example_dags/example_external_task_marker_dag.py
[2021-03-17 17:15:37,682] {logging_mixin.py:104} INFO - [2021-03-17 17:15:37,679] {dag.py:1818} INFO - Sync 2 DAGs
[2021-03-17 17:15:37,713] {logging_mixin.py:104} INFO - [2021-03-17 17:15:37,713] {dag.py:2273} INFO - Setting next_dagrun for example_external_task_marker_child to None
[2021-03-17 17:15:37,715] {logging_mixin.py:104} INFO - [2021-03-17 17:15:37,715] {dag.py:2273} INFO - Setting next_dagrun for example_external_task_marker_parent to None
[2021-03-17 17:15:37,739] {scheduler_job.py:190} INFO - Processing /Users/prathyusha/Desktop/pranathi/airflow_cnn_pipeline_final/airflow_test_env/lib/python3.7/site-packages/airflow/example_dags/example_external_task_marker_dag.py took 0.145 seconds
[2021-03-17 17:16:08,363] {scheduler_job.py:182} INFO - Started process (PID=30798) to work on /Users/prathyusha/Desktop/pranathi/airflow_cnn_pipeline_final/airflow_test_env/lib/python3.7/site-packages/airflow/example_dags/example_external_task_marker_dag.py
[2021-03-17 17:16:08,364] {scheduler_job.py:629} INFO - Processing file /Users/prathyusha/Desktop/pranathi/airflow_cnn_pipeline_final/airflow_test_env/lib/python3.7/site-packages/airflow/example_dags/example_external_task_marker_dag.py for tasks to queue
[2021-03-17 17:16:08,366] {logging_mixin.py:104} INFO - [2021-03-17 17:16:08,365] {dagbag.py:448} INFO - Filling up the DagBag from /Users/prathyusha/Desktop/pranathi/airflow_cnn_pipeline_final/airflow_test_env/lib/python3.7/site-packages/airflow/example_dags/example_external_task_marker_dag.py
[2021-03-17 17:16:08,381] {scheduler_job.py:639} INFO - DAG(s) dict_keys(['example_external_task_marker_parent', 'example_external_task_marker_child']) retrieved from /Users/prathyusha/Desktop/pranathi/airflow_cnn_pipeline_final/airflow_test_env/lib/python3.7/site-packages/airflow/example_dags/example_external_task_marker_dag.py
[2021-03-17 17:16:08,405] {logging_mixin.py:104} INFO - [2021-03-17 17:16:08,405] {dag.py:1818} INFO - Sync 2 DAGs
[2021-03-17 17:16:08,432] {logging_mixin.py:104} INFO - [2021-03-17 17:16:08,431] {dag.py:2273} INFO - Setting next_dagrun for example_external_task_marker_child to None
[2021-03-17 17:16:08,436] {logging_mixin.py:104} INFO - [2021-03-17 17:16:08,435] {dag.py:2273} INFO - Setting next_dagrun for example_external_task_marker_parent to None
[2021-03-17 17:16:08,455] {scheduler_job.py:190} INFO - Processing /Users/prathyusha/Desktop/pranathi/airflow_cnn_pipeline_final/airflow_test_env/lib/python3.7/site-packages/airflow/example_dags/example_external_task_marker_dag.py took 0.096 seconds
[2021-03-17 17:16:46,043] {scheduler_job.py:182} INFO - Started process (PID=30830) to work on /Users/prathyusha/Desktop/pranathi/airflow_cnn_pipeline_final/airflow_test_env/lib/python3.7/site-packages/airflow/example_dags/example_external_task_marker_dag.py
[2021-03-17 17:16:46,045] {scheduler_job.py:629} INFO - Processing file /Users/prathyusha/Desktop/pranathi/airflow_cnn_pipeline_final/airflow_test_env/lib/python3.7/site-packages/airflow/example_dags/example_external_task_marker_dag.py for tasks to queue
[2021-03-17 17:16:46,046] {logging_mixin.py:104} INFO - [2021-03-17 17:16:46,046] {dagbag.py:448} INFO - Filling up the DagBag from /Users/prathyusha/Desktop/pranathi/airflow_cnn_pipeline_final/airflow_test_env/lib/python3.7/site-packages/airflow/example_dags/example_external_task_marker_dag.py
[2021-03-17 17:16:46,060] {scheduler_job.py:639} INFO - DAG(s) dict_keys(['example_external_task_marker_parent', 'example_external_task_marker_child']) retrieved from /Users/prathyusha/Desktop/pranathi/airflow_cnn_pipeline_final/airflow_test_env/lib/python3.7/site-packages/airflow/example_dags/example_external_task_marker_dag.py
[2021-03-17 17:16:46,098] {logging_mixin.py:104} INFO - [2021-03-17 17:16:46,095] {dag.py:1818} INFO - Sync 2 DAGs
[2021-03-17 17:16:46,125] {logging_mixin.py:104} INFO - [2021-03-17 17:16:46,123] {dag.py:2273} INFO - Setting next_dagrun for example_external_task_marker_child to None
[2021-03-17 17:16:46,129] {logging_mixin.py:104} INFO - [2021-03-17 17:16:46,129] {dag.py:2273} INFO - Setting next_dagrun for example_external_task_marker_parent to None
[2021-03-17 17:16:46,160] {scheduler_job.py:190} INFO - Processing /Users/prathyusha/Desktop/pranathi/airflow_cnn_pipeline_final/airflow_test_env/lib/python3.7/site-packages/airflow/example_dags/example_external_task_marker_dag.py took 0.122 seconds
[2021-03-17 17:25:31,835] {scheduler_job.py:182} INFO - Started process (PID=31022) to work on /Users/prathyusha/Desktop/pranathi/airflow_cnn_pipeline_final/airflow_test_env/lib/python3.7/site-packages/airflow/example_dags/example_external_task_marker_dag.py
[2021-03-17 17:25:31,840] {scheduler_job.py:629} INFO - Processing file /Users/prathyusha/Desktop/pranathi/airflow_cnn_pipeline_final/airflow_test_env/lib/python3.7/site-packages/airflow/example_dags/example_external_task_marker_dag.py for tasks to queue
[2021-03-17 17:25:31,846] {logging_mixin.py:104} INFO - [2021-03-17 17:25:31,845] {dagbag.py:448} INFO - Filling up the DagBag from /Users/prathyusha/Desktop/pranathi/airflow_cnn_pipeline_final/airflow_test_env/lib/python3.7/site-packages/airflow/example_dags/example_external_task_marker_dag.py
[2021-03-17 17:25:31,861] {scheduler_job.py:639} INFO - DAG(s) dict_keys(['example_external_task_marker_parent', 'example_external_task_marker_child']) retrieved from /Users/prathyusha/Desktop/pranathi/airflow_cnn_pipeline_final/airflow_test_env/lib/python3.7/site-packages/airflow/example_dags/example_external_task_marker_dag.py
[2021-03-17 17:25:31,914] {logging_mixin.py:104} INFO - [2021-03-17 17:25:31,913] {dag.py:1818} INFO - Sync 2 DAGs
[2021-03-17 17:25:31,964] {logging_mixin.py:104} INFO - [2021-03-17 17:25:31,963] {dag.py:2273} INFO - Setting next_dagrun for example_external_task_marker_child to None
[2021-03-17 17:25:31,973] {logging_mixin.py:104} INFO - [2021-03-17 17:25:31,972] {dag.py:2273} INFO - Setting next_dagrun for example_external_task_marker_parent to None
[2021-03-17 17:25:32,032] {scheduler_job.py:190} INFO - Processing /Users/prathyusha/Desktop/pranathi/airflow_cnn_pipeline_final/airflow_test_env/lib/python3.7/site-packages/airflow/example_dags/example_external_task_marker_dag.py took 0.204 seconds
[2021-03-17 17:26:02,611] {scheduler_job.py:182} INFO - Started process (PID=31056) to work on /Users/prathyusha/Desktop/pranathi/airflow_cnn_pipeline_final/airflow_test_env/lib/python3.7/site-packages/airflow/example_dags/example_external_task_marker_dag.py
[2021-03-17 17:26:02,613] {scheduler_job.py:629} INFO - Processing file /Users/prathyusha/Desktop/pranathi/airflow_cnn_pipeline_final/airflow_test_env/lib/python3.7/site-packages/airflow/example_dags/example_external_task_marker_dag.py for tasks to queue
[2021-03-17 17:26:02,616] {logging_mixin.py:104} INFO - [2021-03-17 17:26:02,615] {dagbag.py:448} INFO - Filling up the DagBag from /Users/prathyusha/Desktop/pranathi/airflow_cnn_pipeline_final/airflow_test_env/lib/python3.7/site-packages/airflow/example_dags/example_external_task_marker_dag.py
[2021-03-17 17:26:02,627] {scheduler_job.py:639} INFO - DAG(s) dict_keys(['example_external_task_marker_parent', 'example_external_task_marker_child']) retrieved from /Users/prathyusha/Desktop/pranathi/airflow_cnn_pipeline_final/airflow_test_env/lib/python3.7/site-packages/airflow/example_dags/example_external_task_marker_dag.py
[2021-03-17 17:26:02,652] {logging_mixin.py:104} INFO - [2021-03-17 17:26:02,651] {dag.py:1818} INFO - Sync 2 DAGs
[2021-03-17 17:26:02,681] {logging_mixin.py:104} INFO - [2021-03-17 17:26:02,681] {dag.py:2273} INFO - Setting next_dagrun for example_external_task_marker_child to None
[2021-03-17 17:26:02,692] {logging_mixin.py:104} INFO - [2021-03-17 17:26:02,689] {dag.py:2273} INFO - Setting next_dagrun for example_external_task_marker_parent to None
[2021-03-17 17:26:02,725] {scheduler_job.py:190} INFO - Processing /Users/prathyusha/Desktop/pranathi/airflow_cnn_pipeline_final/airflow_test_env/lib/python3.7/site-packages/airflow/example_dags/example_external_task_marker_dag.py took 0.120 seconds
[2021-03-17 17:26:33,908] {scheduler_job.py:182} INFO - Started process (PID=31088) to work on /Users/prathyusha/Desktop/pranathi/airflow_cnn_pipeline_final/airflow_test_env/lib/python3.7/site-packages/airflow/example_dags/example_external_task_marker_dag.py
[2021-03-17 17:26:33,912] {scheduler_job.py:629} INFO - Processing file /Users/prathyusha/Desktop/pranathi/airflow_cnn_pipeline_final/airflow_test_env/lib/python3.7/site-packages/airflow/example_dags/example_external_task_marker_dag.py for tasks to queue
[2021-03-17 17:26:33,919] {logging_mixin.py:104} INFO - [2021-03-17 17:26:33,918] {dagbag.py:448} INFO - Filling up the DagBag from /Users/prathyusha/Desktop/pranathi/airflow_cnn_pipeline_final/airflow_test_env/lib/python3.7/site-packages/airflow/example_dags/example_external_task_marker_dag.py
[2021-03-17 17:26:33,937] {scheduler_job.py:639} INFO - DAG(s) dict_keys(['example_external_task_marker_parent', 'example_external_task_marker_child']) retrieved from /Users/prathyusha/Desktop/pranathi/airflow_cnn_pipeline_final/airflow_test_env/lib/python3.7/site-packages/airflow/example_dags/example_external_task_marker_dag.py
[2021-03-17 17:26:33,960] {logging_mixin.py:104} INFO - [2021-03-17 17:26:33,959] {dag.py:1818} INFO - Sync 2 DAGs
[2021-03-17 17:26:33,988] {logging_mixin.py:104} INFO - [2021-03-17 17:26:33,988] {dag.py:2273} INFO - Setting next_dagrun for example_external_task_marker_child to None
[2021-03-17 17:26:33,991] {logging_mixin.py:104} INFO - [2021-03-17 17:26:33,990] {dag.py:2273} INFO - Setting next_dagrun for example_external_task_marker_parent to None
[2021-03-17 17:26:34,004] {scheduler_job.py:190} INFO - Processing /Users/prathyusha/Desktop/pranathi/airflow_cnn_pipeline_final/airflow_test_env/lib/python3.7/site-packages/airflow/example_dags/example_external_task_marker_dag.py took 0.101 seconds
