[2021-03-17 17:00:41,180] {scheduler_job.py:182} INFO - Started process (PID=30448) to work on /Users/prathyusha/Desktop/pranathi/airflow_cnn_pipeline_final/airflow_test_env/lib/python3.7/site-packages/airflow/example_dags/example_task_group.py
[2021-03-17 17:00:41,183] {scheduler_job.py:629} INFO - Processing file /Users/prathyusha/Desktop/pranathi/airflow_cnn_pipeline_final/airflow_test_env/lib/python3.7/site-packages/airflow/example_dags/example_task_group.py for tasks to queue
[2021-03-17 17:00:41,187] {logging_mixin.py:104} INFO - [2021-03-17 17:00:41,186] {dagbag.py:448} INFO - Filling up the DagBag from /Users/prathyusha/Desktop/pranathi/airflow_cnn_pipeline_final/airflow_test_env/lib/python3.7/site-packages/airflow/example_dags/example_task_group.py
[2021-03-17 17:00:41,218] {scheduler_job.py:639} INFO - DAG(s) dict_keys(['example_task_group']) retrieved from /Users/prathyusha/Desktop/pranathi/airflow_cnn_pipeline_final/airflow_test_env/lib/python3.7/site-packages/airflow/example_dags/example_task_group.py
[2021-03-17 17:00:41,238] {logging_mixin.py:104} INFO - [2021-03-17 17:00:41,237] {dag.py:1818} INFO - Sync 1 DAGs
[2021-03-17 17:00:41,249] {logging_mixin.py:104} INFO - [2021-03-17 17:00:41,248] {dag.py:2273} INFO - Setting next_dagrun for example_task_group to 2021-03-16 00:00:00+00:00
[2021-03-17 17:00:41,271] {scheduler_job.py:190} INFO - Processing /Users/prathyusha/Desktop/pranathi/airflow_cnn_pipeline_final/airflow_test_env/lib/python3.7/site-packages/airflow/example_dags/example_task_group.py took 0.096 seconds
[2021-03-17 17:01:12,233] {scheduler_job.py:182} INFO - Started process (PID=30492) to work on /Users/prathyusha/Desktop/pranathi/airflow_cnn_pipeline_final/airflow_test_env/lib/python3.7/site-packages/airflow/example_dags/example_task_group.py
[2021-03-17 17:01:12,237] {scheduler_job.py:629} INFO - Processing file /Users/prathyusha/Desktop/pranathi/airflow_cnn_pipeline_final/airflow_test_env/lib/python3.7/site-packages/airflow/example_dags/example_task_group.py for tasks to queue
[2021-03-17 17:01:12,238] {logging_mixin.py:104} INFO - [2021-03-17 17:01:12,238] {dagbag.py:448} INFO - Filling up the DagBag from /Users/prathyusha/Desktop/pranathi/airflow_cnn_pipeline_final/airflow_test_env/lib/python3.7/site-packages/airflow/example_dags/example_task_group.py
[2021-03-17 17:01:12,259] {scheduler_job.py:639} INFO - DAG(s) dict_keys(['example_task_group']) retrieved from /Users/prathyusha/Desktop/pranathi/airflow_cnn_pipeline_final/airflow_test_env/lib/python3.7/site-packages/airflow/example_dags/example_task_group.py
[2021-03-17 17:01:12,289] {logging_mixin.py:104} INFO - [2021-03-17 17:01:12,289] {dag.py:1818} INFO - Sync 1 DAGs
[2021-03-17 17:01:12,308] {logging_mixin.py:104} INFO - [2021-03-17 17:01:12,307] {dag.py:2273} INFO - Setting next_dagrun for example_task_group to 2021-03-16 00:00:00+00:00
[2021-03-17 17:01:12,326] {scheduler_job.py:190} INFO - Processing /Users/prathyusha/Desktop/pranathi/airflow_cnn_pipeline_final/airflow_test_env/lib/python3.7/site-packages/airflow/example_dags/example_task_group.py took 0.098 seconds
[2021-03-17 17:14:33,253] {scheduler_job.py:182} INFO - Started process (PID=30682) to work on /Users/prathyusha/Desktop/pranathi/airflow_cnn_pipeline_final/airflow_test_env/lib/python3.7/site-packages/airflow/example_dags/example_task_group.py
[2021-03-17 17:14:33,257] {scheduler_job.py:629} INFO - Processing file /Users/prathyusha/Desktop/pranathi/airflow_cnn_pipeline_final/airflow_test_env/lib/python3.7/site-packages/airflow/example_dags/example_task_group.py for tasks to queue
[2021-03-17 17:14:33,259] {logging_mixin.py:104} INFO - [2021-03-17 17:14:33,259] {dagbag.py:448} INFO - Filling up the DagBag from /Users/prathyusha/Desktop/pranathi/airflow_cnn_pipeline_final/airflow_test_env/lib/python3.7/site-packages/airflow/example_dags/example_task_group.py
[2021-03-17 17:14:33,298] {scheduler_job.py:639} INFO - DAG(s) dict_keys(['example_task_group']) retrieved from /Users/prathyusha/Desktop/pranathi/airflow_cnn_pipeline_final/airflow_test_env/lib/python3.7/site-packages/airflow/example_dags/example_task_group.py
[2021-03-17 17:14:33,348] {logging_mixin.py:104} INFO - [2021-03-17 17:14:33,348] {dag.py:1818} INFO - Sync 1 DAGs
[2021-03-17 17:14:33,377] {logging_mixin.py:104} INFO - [2021-03-17 17:14:33,376] {dag.py:2273} INFO - Setting next_dagrun for example_task_group to 2021-03-16 00:00:00+00:00
[2021-03-17 17:14:33,442] {scheduler_job.py:190} INFO - Processing /Users/prathyusha/Desktop/pranathi/airflow_cnn_pipeline_final/airflow_test_env/lib/python3.7/site-packages/airflow/example_dags/example_task_group.py took 0.196 seconds
[2021-03-17 17:15:07,769] {scheduler_job.py:182} INFO - Started process (PID=30740) to work on /Users/prathyusha/Desktop/pranathi/airflow_cnn_pipeline_final/airflow_test_env/lib/python3.7/site-packages/airflow/example_dags/example_task_group.py
[2021-03-17 17:15:07,774] {scheduler_job.py:629} INFO - Processing file /Users/prathyusha/Desktop/pranathi/airflow_cnn_pipeline_final/airflow_test_env/lib/python3.7/site-packages/airflow/example_dags/example_task_group.py for tasks to queue
[2021-03-17 17:15:07,778] {logging_mixin.py:104} INFO - [2021-03-17 17:15:07,776] {dagbag.py:448} INFO - Filling up the DagBag from /Users/prathyusha/Desktop/pranathi/airflow_cnn_pipeline_final/airflow_test_env/lib/python3.7/site-packages/airflow/example_dags/example_task_group.py
[2021-03-17 17:15:07,802] {scheduler_job.py:639} INFO - DAG(s) dict_keys(['example_task_group']) retrieved from /Users/prathyusha/Desktop/pranathi/airflow_cnn_pipeline_final/airflow_test_env/lib/python3.7/site-packages/airflow/example_dags/example_task_group.py
[2021-03-17 17:15:07,846] {logging_mixin.py:104} INFO - [2021-03-17 17:15:07,845] {dag.py:1818} INFO - Sync 1 DAGs
[2021-03-17 17:15:07,903] {logging_mixin.py:104} INFO - [2021-03-17 17:15:07,902] {dag.py:2273} INFO - Setting next_dagrun for example_task_group to 2021-03-16 00:00:00+00:00
[2021-03-17 17:15:07,951] {scheduler_job.py:190} INFO - Processing /Users/prathyusha/Desktop/pranathi/airflow_cnn_pipeline_final/airflow_test_env/lib/python3.7/site-packages/airflow/example_dags/example_task_group.py took 0.179 seconds
[2021-03-17 17:15:40,151] {scheduler_job.py:182} INFO - Started process (PID=30770) to work on /Users/prathyusha/Desktop/pranathi/airflow_cnn_pipeline_final/airflow_test_env/lib/python3.7/site-packages/airflow/example_dags/example_task_group.py
[2021-03-17 17:15:40,154] {scheduler_job.py:629} INFO - Processing file /Users/prathyusha/Desktop/pranathi/airflow_cnn_pipeline_final/airflow_test_env/lib/python3.7/site-packages/airflow/example_dags/example_task_group.py for tasks to queue
[2021-03-17 17:15:40,157] {logging_mixin.py:104} INFO - [2021-03-17 17:15:40,155] {dagbag.py:448} INFO - Filling up the DagBag from /Users/prathyusha/Desktop/pranathi/airflow_cnn_pipeline_final/airflow_test_env/lib/python3.7/site-packages/airflow/example_dags/example_task_group.py
[2021-03-17 17:15:40,183] {scheduler_job.py:639} INFO - DAG(s) dict_keys(['example_task_group']) retrieved from /Users/prathyusha/Desktop/pranathi/airflow_cnn_pipeline_final/airflow_test_env/lib/python3.7/site-packages/airflow/example_dags/example_task_group.py
[2021-03-17 17:15:40,228] {logging_mixin.py:104} INFO - [2021-03-17 17:15:40,226] {dag.py:1818} INFO - Sync 1 DAGs
[2021-03-17 17:15:40,256] {logging_mixin.py:104} INFO - [2021-03-17 17:15:40,255] {dag.py:2273} INFO - Setting next_dagrun for example_task_group to 2021-03-16 00:00:00+00:00
[2021-03-17 17:15:40,276] {scheduler_job.py:190} INFO - Processing /Users/prathyusha/Desktop/pranathi/airflow_cnn_pipeline_final/airflow_test_env/lib/python3.7/site-packages/airflow/example_dags/example_task_group.py took 0.131 seconds
[2021-03-17 17:16:11,105] {scheduler_job.py:182} INFO - Started process (PID=30801) to work on /Users/prathyusha/Desktop/pranathi/airflow_cnn_pipeline_final/airflow_test_env/lib/python3.7/site-packages/airflow/example_dags/example_task_group.py
[2021-03-17 17:16:11,106] {scheduler_job.py:629} INFO - Processing file /Users/prathyusha/Desktop/pranathi/airflow_cnn_pipeline_final/airflow_test_env/lib/python3.7/site-packages/airflow/example_dags/example_task_group.py for tasks to queue
[2021-03-17 17:16:11,108] {logging_mixin.py:104} INFO - [2021-03-17 17:16:11,107] {dagbag.py:448} INFO - Filling up the DagBag from /Users/prathyusha/Desktop/pranathi/airflow_cnn_pipeline_final/airflow_test_env/lib/python3.7/site-packages/airflow/example_dags/example_task_group.py
[2021-03-17 17:16:11,122] {scheduler_job.py:639} INFO - DAG(s) dict_keys(['example_task_group']) retrieved from /Users/prathyusha/Desktop/pranathi/airflow_cnn_pipeline_final/airflow_test_env/lib/python3.7/site-packages/airflow/example_dags/example_task_group.py
[2021-03-17 17:16:11,137] {logging_mixin.py:104} INFO - [2021-03-17 17:16:11,137] {dag.py:1818} INFO - Sync 1 DAGs
[2021-03-17 17:16:11,149] {logging_mixin.py:104} INFO - [2021-03-17 17:16:11,148] {dag.py:2273} INFO - Setting next_dagrun for example_task_group to 2021-03-16 00:00:00+00:00
[2021-03-17 17:16:11,156] {scheduler_job.py:190} INFO - Processing /Users/prathyusha/Desktop/pranathi/airflow_cnn_pipeline_final/airflow_test_env/lib/python3.7/site-packages/airflow/example_dags/example_task_group.py took 0.055 seconds
[2021-03-17 17:16:43,394] {scheduler_job.py:182} INFO - Started process (PID=30828) to work on /Users/prathyusha/Desktop/pranathi/airflow_cnn_pipeline_final/airflow_test_env/lib/python3.7/site-packages/airflow/example_dags/example_task_group.py
[2021-03-17 17:16:43,397] {scheduler_job.py:629} INFO - Processing file /Users/prathyusha/Desktop/pranathi/airflow_cnn_pipeline_final/airflow_test_env/lib/python3.7/site-packages/airflow/example_dags/example_task_group.py for tasks to queue
[2021-03-17 17:16:43,398] {logging_mixin.py:104} INFO - [2021-03-17 17:16:43,398] {dagbag.py:448} INFO - Filling up the DagBag from /Users/prathyusha/Desktop/pranathi/airflow_cnn_pipeline_final/airflow_test_env/lib/python3.7/site-packages/airflow/example_dags/example_task_group.py
[2021-03-17 17:16:43,415] {scheduler_job.py:639} INFO - DAG(s) dict_keys(['example_task_group']) retrieved from /Users/prathyusha/Desktop/pranathi/airflow_cnn_pipeline_final/airflow_test_env/lib/python3.7/site-packages/airflow/example_dags/example_task_group.py
[2021-03-17 17:16:43,453] {logging_mixin.py:104} INFO - [2021-03-17 17:16:43,452] {dag.py:1818} INFO - Sync 1 DAGs
[2021-03-17 17:16:43,472] {logging_mixin.py:104} INFO - [2021-03-17 17:16:43,471] {dag.py:2273} INFO - Setting next_dagrun for example_task_group to 2021-03-16 00:00:00+00:00
[2021-03-17 17:16:43,486] {scheduler_job.py:190} INFO - Processing /Users/prathyusha/Desktop/pranathi/airflow_cnn_pipeline_final/airflow_test_env/lib/python3.7/site-packages/airflow/example_dags/example_task_group.py took 0.096 seconds
[2021-03-17 17:25:22,805] {scheduler_job.py:182} INFO - Started process (PID=31014) to work on /Users/prathyusha/Desktop/pranathi/airflow_cnn_pipeline_final/airflow_test_env/lib/python3.7/site-packages/airflow/example_dags/example_task_group.py
[2021-03-17 17:25:22,809] {scheduler_job.py:629} INFO - Processing file /Users/prathyusha/Desktop/pranathi/airflow_cnn_pipeline_final/airflow_test_env/lib/python3.7/site-packages/airflow/example_dags/example_task_group.py for tasks to queue
[2021-03-17 17:25:22,811] {logging_mixin.py:104} INFO - [2021-03-17 17:25:22,810] {dagbag.py:448} INFO - Filling up the DagBag from /Users/prathyusha/Desktop/pranathi/airflow_cnn_pipeline_final/airflow_test_env/lib/python3.7/site-packages/airflow/example_dags/example_task_group.py
[2021-03-17 17:25:22,822] {scheduler_job.py:639} INFO - DAG(s) dict_keys(['example_task_group']) retrieved from /Users/prathyusha/Desktop/pranathi/airflow_cnn_pipeline_final/airflow_test_env/lib/python3.7/site-packages/airflow/example_dags/example_task_group.py
[2021-03-17 17:25:22,841] {logging_mixin.py:104} INFO - [2021-03-17 17:25:22,841] {dag.py:1818} INFO - Sync 1 DAGs
[2021-03-17 17:25:22,861] {logging_mixin.py:104} INFO - [2021-03-17 17:25:22,859] {dag.py:2273} INFO - Setting next_dagrun for example_task_group to 2021-03-16 00:00:00+00:00
[2021-03-17 17:25:22,884] {scheduler_job.py:190} INFO - Processing /Users/prathyusha/Desktop/pranathi/airflow_cnn_pipeline_final/airflow_test_env/lib/python3.7/site-packages/airflow/example_dags/example_task_group.py took 0.083 seconds
[2021-03-17 17:25:53,868] {scheduler_job.py:182} INFO - Started process (PID=31047) to work on /Users/prathyusha/Desktop/pranathi/airflow_cnn_pipeline_final/airflow_test_env/lib/python3.7/site-packages/airflow/example_dags/example_task_group.py
[2021-03-17 17:25:53,872] {scheduler_job.py:629} INFO - Processing file /Users/prathyusha/Desktop/pranathi/airflow_cnn_pipeline_final/airflow_test_env/lib/python3.7/site-packages/airflow/example_dags/example_task_group.py for tasks to queue
[2021-03-17 17:25:53,873] {logging_mixin.py:104} INFO - [2021-03-17 17:25:53,873] {dagbag.py:448} INFO - Filling up the DagBag from /Users/prathyusha/Desktop/pranathi/airflow_cnn_pipeline_final/airflow_test_env/lib/python3.7/site-packages/airflow/example_dags/example_task_group.py
[2021-03-17 17:25:53,884] {scheduler_job.py:639} INFO - DAG(s) dict_keys(['example_task_group']) retrieved from /Users/prathyusha/Desktop/pranathi/airflow_cnn_pipeline_final/airflow_test_env/lib/python3.7/site-packages/airflow/example_dags/example_task_group.py
[2021-03-17 17:25:53,900] {logging_mixin.py:104} INFO - [2021-03-17 17:25:53,899] {dag.py:1818} INFO - Sync 1 DAGs
[2021-03-17 17:25:53,911] {logging_mixin.py:104} INFO - [2021-03-17 17:25:53,910] {dag.py:2273} INFO - Setting next_dagrun for example_task_group to 2021-03-16 00:00:00+00:00
[2021-03-17 17:25:53,921] {scheduler_job.py:190} INFO - Processing /Users/prathyusha/Desktop/pranathi/airflow_cnn_pipeline_final/airflow_test_env/lib/python3.7/site-packages/airflow/example_dags/example_task_group.py took 0.057 seconds
[2021-03-17 17:26:28,163] {scheduler_job.py:182} INFO - Started process (PID=31081) to work on /Users/prathyusha/Desktop/pranathi/airflow_cnn_pipeline_final/airflow_test_env/lib/python3.7/site-packages/airflow/example_dags/example_task_group.py
[2021-03-17 17:26:28,170] {scheduler_job.py:629} INFO - Processing file /Users/prathyusha/Desktop/pranathi/airflow_cnn_pipeline_final/airflow_test_env/lib/python3.7/site-packages/airflow/example_dags/example_task_group.py for tasks to queue
[2021-03-17 17:26:28,172] {logging_mixin.py:104} INFO - [2021-03-17 17:26:28,172] {dagbag.py:448} INFO - Filling up the DagBag from /Users/prathyusha/Desktop/pranathi/airflow_cnn_pipeline_final/airflow_test_env/lib/python3.7/site-packages/airflow/example_dags/example_task_group.py
[2021-03-17 17:26:28,192] {scheduler_job.py:639} INFO - DAG(s) dict_keys(['example_task_group']) retrieved from /Users/prathyusha/Desktop/pranathi/airflow_cnn_pipeline_final/airflow_test_env/lib/python3.7/site-packages/airflow/example_dags/example_task_group.py
[2021-03-17 17:26:28,225] {logging_mixin.py:104} INFO - [2021-03-17 17:26:28,225] {dag.py:1818} INFO - Sync 1 DAGs
[2021-03-17 17:26:28,270] {logging_mixin.py:104} INFO - [2021-03-17 17:26:28,269] {dag.py:2273} INFO - Setting next_dagrun for example_task_group to 2021-03-16 00:00:00+00:00
[2021-03-17 17:26:28,289] {scheduler_job.py:190} INFO - Processing /Users/prathyusha/Desktop/pranathi/airflow_cnn_pipeline_final/airflow_test_env/lib/python3.7/site-packages/airflow/example_dags/example_task_group.py took 0.135 seconds
[2021-03-17 18:33:24,389] {scheduler_job.py:182} INFO - Started process (PID=31569) to work on /Users/prathyusha/Desktop/pranathi/airflow_cnn_pipeline_final/airflow_test_env/lib/python3.7/site-packages/airflow/example_dags/example_task_group.py
[2021-03-17 18:33:24,392] {scheduler_job.py:629} INFO - Processing file /Users/prathyusha/Desktop/pranathi/airflow_cnn_pipeline_final/airflow_test_env/lib/python3.7/site-packages/airflow/example_dags/example_task_group.py for tasks to queue
[2021-03-17 18:33:24,393] {logging_mixin.py:104} INFO - [2021-03-17 18:33:24,393] {dagbag.py:448} INFO - Filling up the DagBag from /Users/prathyusha/Desktop/pranathi/airflow_cnn_pipeline_final/airflow_test_env/lib/python3.7/site-packages/airflow/example_dags/example_task_group.py
[2021-03-17 18:33:24,408] {scheduler_job.py:639} INFO - DAG(s) dict_keys(['example_task_group']) retrieved from /Users/prathyusha/Desktop/pranathi/airflow_cnn_pipeline_final/airflow_test_env/lib/python3.7/site-packages/airflow/example_dags/example_task_group.py
[2021-03-17 18:33:24,427] {logging_mixin.py:104} INFO - [2021-03-17 18:33:24,426] {dag.py:1818} INFO - Sync 1 DAGs
[2021-03-17 18:33:24,439] {logging_mixin.py:104} INFO - [2021-03-17 18:33:24,439] {dag.py:2273} INFO - Setting next_dagrun for example_task_group to 2021-03-16 00:00:00+00:00
[2021-03-17 18:33:24,450] {scheduler_job.py:190} INFO - Processing /Users/prathyusha/Desktop/pranathi/airflow_cnn_pipeline_final/airflow_test_env/lib/python3.7/site-packages/airflow/example_dags/example_task_group.py took 0.064 seconds
