[2021-03-17 17:00:31,899] {scheduler_job.py:182} INFO - Started process (PID=30431) to work on /Users/prathyusha/Desktop/pranathi/airflow_cnn_pipeline_final/airflow_test_env/lib/python3.7/site-packages/airflow/example_dags/tutorial_taskflow_api_etl.py
[2021-03-17 17:00:31,900] {scheduler_job.py:629} INFO - Processing file /Users/prathyusha/Desktop/pranathi/airflow_cnn_pipeline_final/airflow_test_env/lib/python3.7/site-packages/airflow/example_dags/tutorial_taskflow_api_etl.py for tasks to queue
[2021-03-17 17:00:31,902] {logging_mixin.py:104} INFO - [2021-03-17 17:00:31,901] {dagbag.py:448} INFO - Filling up the DagBag from /Users/prathyusha/Desktop/pranathi/airflow_cnn_pipeline_final/airflow_test_env/lib/python3.7/site-packages/airflow/example_dags/tutorial_taskflow_api_etl.py
[2021-03-17 17:00:31,919] {scheduler_job.py:639} INFO - DAG(s) dict_keys(['tutorial_taskflow_api_etl']) retrieved from /Users/prathyusha/Desktop/pranathi/airflow_cnn_pipeline_final/airflow_test_env/lib/python3.7/site-packages/airflow/example_dags/tutorial_taskflow_api_etl.py
[2021-03-17 17:00:31,938] {logging_mixin.py:104} INFO - [2021-03-17 17:00:31,938] {dag.py:1818} INFO - Sync 1 DAGs
[2021-03-17 17:00:31,952] {logging_mixin.py:104} INFO - [2021-03-17 17:00:31,951] {dag.py:2273} INFO - Setting next_dagrun for tutorial_taskflow_api_etl to None
[2021-03-17 17:00:31,968] {scheduler_job.py:190} INFO - Processing /Users/prathyusha/Desktop/pranathi/airflow_cnn_pipeline_final/airflow_test_env/lib/python3.7/site-packages/airflow/example_dags/tutorial_taskflow_api_etl.py took 0.073 seconds
[2021-03-17 17:01:03,311] {scheduler_job.py:182} INFO - Started process (PID=30476) to work on /Users/prathyusha/Desktop/pranathi/airflow_cnn_pipeline_final/airflow_test_env/lib/python3.7/site-packages/airflow/example_dags/tutorial_taskflow_api_etl.py
[2021-03-17 17:01:03,318] {scheduler_job.py:629} INFO - Processing file /Users/prathyusha/Desktop/pranathi/airflow_cnn_pipeline_final/airflow_test_env/lib/python3.7/site-packages/airflow/example_dags/tutorial_taskflow_api_etl.py for tasks to queue
[2021-03-17 17:01:03,320] {logging_mixin.py:104} INFO - [2021-03-17 17:01:03,319] {dagbag.py:448} INFO - Filling up the DagBag from /Users/prathyusha/Desktop/pranathi/airflow_cnn_pipeline_final/airflow_test_env/lib/python3.7/site-packages/airflow/example_dags/tutorial_taskflow_api_etl.py
[2021-03-17 17:01:03,342] {scheduler_job.py:639} INFO - DAG(s) dict_keys(['tutorial_taskflow_api_etl']) retrieved from /Users/prathyusha/Desktop/pranathi/airflow_cnn_pipeline_final/airflow_test_env/lib/python3.7/site-packages/airflow/example_dags/tutorial_taskflow_api_etl.py
[2021-03-17 17:01:03,379] {logging_mixin.py:104} INFO - [2021-03-17 17:01:03,379] {dag.py:1818} INFO - Sync 1 DAGs
[2021-03-17 17:01:03,404] {logging_mixin.py:104} INFO - [2021-03-17 17:01:03,403] {dag.py:2273} INFO - Setting next_dagrun for tutorial_taskflow_api_etl to None
[2021-03-17 17:01:03,428] {scheduler_job.py:190} INFO - Processing /Users/prathyusha/Desktop/pranathi/airflow_cnn_pipeline_final/airflow_test_env/lib/python3.7/site-packages/airflow/example_dags/tutorial_taskflow_api_etl.py took 0.127 seconds
[2021-03-17 17:14:34,605] {scheduler_job.py:182} INFO - Started process (PID=30683) to work on /Users/prathyusha/Desktop/pranathi/airflow_cnn_pipeline_final/airflow_test_env/lib/python3.7/site-packages/airflow/example_dags/tutorial_taskflow_api_etl.py
[2021-03-17 17:14:34,610] {scheduler_job.py:629} INFO - Processing file /Users/prathyusha/Desktop/pranathi/airflow_cnn_pipeline_final/airflow_test_env/lib/python3.7/site-packages/airflow/example_dags/tutorial_taskflow_api_etl.py for tasks to queue
[2021-03-17 17:14:34,612] {logging_mixin.py:104} INFO - [2021-03-17 17:14:34,612] {dagbag.py:448} INFO - Filling up the DagBag from /Users/prathyusha/Desktop/pranathi/airflow_cnn_pipeline_final/airflow_test_env/lib/python3.7/site-packages/airflow/example_dags/tutorial_taskflow_api_etl.py
[2021-03-17 17:14:34,648] {scheduler_job.py:639} INFO - DAG(s) dict_keys(['tutorial_taskflow_api_etl']) retrieved from /Users/prathyusha/Desktop/pranathi/airflow_cnn_pipeline_final/airflow_test_env/lib/python3.7/site-packages/airflow/example_dags/tutorial_taskflow_api_etl.py
[2021-03-17 17:14:34,723] {logging_mixin.py:104} INFO - [2021-03-17 17:14:34,721] {dag.py:1818} INFO - Sync 1 DAGs
[2021-03-17 17:14:34,898] {logging_mixin.py:104} INFO - [2021-03-17 17:14:34,897] {dag.py:2273} INFO - Setting next_dagrun for tutorial_taskflow_api_etl to None
[2021-03-17 17:14:34,975] {scheduler_job.py:190} INFO - Processing /Users/prathyusha/Desktop/pranathi/airflow_cnn_pipeline_final/airflow_test_env/lib/python3.7/site-packages/airflow/example_dags/tutorial_taskflow_api_etl.py took 0.377 seconds
[2021-03-17 17:15:09,079] {scheduler_job.py:182} INFO - Started process (PID=30741) to work on /Users/prathyusha/Desktop/pranathi/airflow_cnn_pipeline_final/airflow_test_env/lib/python3.7/site-packages/airflow/example_dags/tutorial_taskflow_api_etl.py
[2021-03-17 17:15:09,084] {scheduler_job.py:629} INFO - Processing file /Users/prathyusha/Desktop/pranathi/airflow_cnn_pipeline_final/airflow_test_env/lib/python3.7/site-packages/airflow/example_dags/tutorial_taskflow_api_etl.py for tasks to queue
[2021-03-17 17:15:09,086] {logging_mixin.py:104} INFO - [2021-03-17 17:15:09,085] {dagbag.py:448} INFO - Filling up the DagBag from /Users/prathyusha/Desktop/pranathi/airflow_cnn_pipeline_final/airflow_test_env/lib/python3.7/site-packages/airflow/example_dags/tutorial_taskflow_api_etl.py
[2021-03-17 17:15:09,113] {scheduler_job.py:639} INFO - DAG(s) dict_keys(['tutorial_taskflow_api_etl']) retrieved from /Users/prathyusha/Desktop/pranathi/airflow_cnn_pipeline_final/airflow_test_env/lib/python3.7/site-packages/airflow/example_dags/tutorial_taskflow_api_etl.py
[2021-03-17 17:15:09,149] {logging_mixin.py:104} INFO - [2021-03-17 17:15:09,146] {dag.py:1818} INFO - Sync 1 DAGs
[2021-03-17 17:15:09,200] {logging_mixin.py:104} INFO - [2021-03-17 17:15:09,200] {dag.py:2273} INFO - Setting next_dagrun for tutorial_taskflow_api_etl to None
[2021-03-17 17:15:09,252] {scheduler_job.py:190} INFO - Processing /Users/prathyusha/Desktop/pranathi/airflow_cnn_pipeline_final/airflow_test_env/lib/python3.7/site-packages/airflow/example_dags/tutorial_taskflow_api_etl.py took 0.177 seconds
[2021-03-17 17:15:41,406] {scheduler_job.py:182} INFO - Started process (PID=30772) to work on /Users/prathyusha/Desktop/pranathi/airflow_cnn_pipeline_final/airflow_test_env/lib/python3.7/site-packages/airflow/example_dags/tutorial_taskflow_api_etl.py
[2021-03-17 17:15:41,410] {scheduler_job.py:629} INFO - Processing file /Users/prathyusha/Desktop/pranathi/airflow_cnn_pipeline_final/airflow_test_env/lib/python3.7/site-packages/airflow/example_dags/tutorial_taskflow_api_etl.py for tasks to queue
[2021-03-17 17:15:41,411] {logging_mixin.py:104} INFO - [2021-03-17 17:15:41,411] {dagbag.py:448} INFO - Filling up the DagBag from /Users/prathyusha/Desktop/pranathi/airflow_cnn_pipeline_final/airflow_test_env/lib/python3.7/site-packages/airflow/example_dags/tutorial_taskflow_api_etl.py
[2021-03-17 17:15:41,429] {scheduler_job.py:639} INFO - DAG(s) dict_keys(['tutorial_taskflow_api_etl']) retrieved from /Users/prathyusha/Desktop/pranathi/airflow_cnn_pipeline_final/airflow_test_env/lib/python3.7/site-packages/airflow/example_dags/tutorial_taskflow_api_etl.py
[2021-03-17 17:15:41,463] {logging_mixin.py:104} INFO - [2021-03-17 17:15:41,462] {dag.py:1818} INFO - Sync 1 DAGs
[2021-03-17 17:15:41,484] {logging_mixin.py:104} INFO - [2021-03-17 17:15:41,483] {dag.py:2273} INFO - Setting next_dagrun for tutorial_taskflow_api_etl to None
[2021-03-17 17:15:41,514] {scheduler_job.py:190} INFO - Processing /Users/prathyusha/Desktop/pranathi/airflow_cnn_pipeline_final/airflow_test_env/lib/python3.7/site-packages/airflow/example_dags/tutorial_taskflow_api_etl.py took 0.112 seconds
[2021-03-17 17:16:12,256] {scheduler_job.py:182} INFO - Started process (PID=30802) to work on /Users/prathyusha/Desktop/pranathi/airflow_cnn_pipeline_final/airflow_test_env/lib/python3.7/site-packages/airflow/example_dags/tutorial_taskflow_api_etl.py
[2021-03-17 17:16:12,257] {scheduler_job.py:629} INFO - Processing file /Users/prathyusha/Desktop/pranathi/airflow_cnn_pipeline_final/airflow_test_env/lib/python3.7/site-packages/airflow/example_dags/tutorial_taskflow_api_etl.py for tasks to queue
[2021-03-17 17:16:12,259] {logging_mixin.py:104} INFO - [2021-03-17 17:16:12,258] {dagbag.py:448} INFO - Filling up the DagBag from /Users/prathyusha/Desktop/pranathi/airflow_cnn_pipeline_final/airflow_test_env/lib/python3.7/site-packages/airflow/example_dags/tutorial_taskflow_api_etl.py
[2021-03-17 17:16:12,273] {scheduler_job.py:639} INFO - DAG(s) dict_keys(['tutorial_taskflow_api_etl']) retrieved from /Users/prathyusha/Desktop/pranathi/airflow_cnn_pipeline_final/airflow_test_env/lib/python3.7/site-packages/airflow/example_dags/tutorial_taskflow_api_etl.py
[2021-03-17 17:16:12,295] {logging_mixin.py:104} INFO - [2021-03-17 17:16:12,294] {dag.py:1818} INFO - Sync 1 DAGs
[2021-03-17 17:16:12,313] {logging_mixin.py:104} INFO - [2021-03-17 17:16:12,312] {dag.py:2273} INFO - Setting next_dagrun for tutorial_taskflow_api_etl to None
[2021-03-17 17:16:12,338] {scheduler_job.py:190} INFO - Processing /Users/prathyusha/Desktop/pranathi/airflow_cnn_pipeline_final/airflow_test_env/lib/python3.7/site-packages/airflow/example_dags/tutorial_taskflow_api_etl.py took 0.086 seconds
[2021-03-17 17:16:44,665] {scheduler_job.py:182} INFO - Started process (PID=30829) to work on /Users/prathyusha/Desktop/pranathi/airflow_cnn_pipeline_final/airflow_test_env/lib/python3.7/site-packages/airflow/example_dags/tutorial_taskflow_api_etl.py
[2021-03-17 17:16:44,670] {scheduler_job.py:629} INFO - Processing file /Users/prathyusha/Desktop/pranathi/airflow_cnn_pipeline_final/airflow_test_env/lib/python3.7/site-packages/airflow/example_dags/tutorial_taskflow_api_etl.py for tasks to queue
[2021-03-17 17:16:44,674] {logging_mixin.py:104} INFO - [2021-03-17 17:16:44,672] {dagbag.py:448} INFO - Filling up the DagBag from /Users/prathyusha/Desktop/pranathi/airflow_cnn_pipeline_final/airflow_test_env/lib/python3.7/site-packages/airflow/example_dags/tutorial_taskflow_api_etl.py
[2021-03-17 17:16:44,715] {scheduler_job.py:639} INFO - DAG(s) dict_keys(['tutorial_taskflow_api_etl']) retrieved from /Users/prathyusha/Desktop/pranathi/airflow_cnn_pipeline_final/airflow_test_env/lib/python3.7/site-packages/airflow/example_dags/tutorial_taskflow_api_etl.py
[2021-03-17 17:16:44,823] {logging_mixin.py:104} INFO - [2021-03-17 17:16:44,822] {dag.py:1818} INFO - Sync 1 DAGs
[2021-03-17 17:16:44,878] {logging_mixin.py:104} INFO - [2021-03-17 17:16:44,873] {dag.py:2273} INFO - Setting next_dagrun for tutorial_taskflow_api_etl to None
[2021-03-17 17:16:44,906] {scheduler_job.py:190} INFO - Processing /Users/prathyusha/Desktop/pranathi/airflow_cnn_pipeline_final/airflow_test_env/lib/python3.7/site-packages/airflow/example_dags/tutorial_taskflow_api_etl.py took 0.257 seconds
[2021-03-17 17:25:36,805] {scheduler_job.py:182} INFO - Started process (PID=31026) to work on /Users/prathyusha/Desktop/pranathi/airflow_cnn_pipeline_final/airflow_test_env/lib/python3.7/site-packages/airflow/example_dags/tutorial_taskflow_api_etl.py
[2021-03-17 17:25:36,819] {scheduler_job.py:629} INFO - Processing file /Users/prathyusha/Desktop/pranathi/airflow_cnn_pipeline_final/airflow_test_env/lib/python3.7/site-packages/airflow/example_dags/tutorial_taskflow_api_etl.py for tasks to queue
[2021-03-17 17:25:36,823] {logging_mixin.py:104} INFO - [2021-03-17 17:25:36,822] {dagbag.py:448} INFO - Filling up the DagBag from /Users/prathyusha/Desktop/pranathi/airflow_cnn_pipeline_final/airflow_test_env/lib/python3.7/site-packages/airflow/example_dags/tutorial_taskflow_api_etl.py
[2021-03-17 17:25:36,867] {scheduler_job.py:639} INFO - DAG(s) dict_keys(['tutorial_taskflow_api_etl']) retrieved from /Users/prathyusha/Desktop/pranathi/airflow_cnn_pipeline_final/airflow_test_env/lib/python3.7/site-packages/airflow/example_dags/tutorial_taskflow_api_etl.py
[2021-03-17 17:25:36,917] {logging_mixin.py:104} INFO - [2021-03-17 17:25:36,916] {dag.py:1818} INFO - Sync 1 DAGs
[2021-03-17 17:25:36,949] {logging_mixin.py:104} INFO - [2021-03-17 17:25:36,948] {dag.py:2273} INFO - Setting next_dagrun for tutorial_taskflow_api_etl to None
[2021-03-17 17:25:36,975] {scheduler_job.py:190} INFO - Processing /Users/prathyusha/Desktop/pranathi/airflow_cnn_pipeline_final/airflow_test_env/lib/python3.7/site-packages/airflow/example_dags/tutorial_taskflow_api_etl.py took 0.186 seconds
[2021-03-17 17:26:07,675] {scheduler_job.py:182} INFO - Started process (PID=31060) to work on /Users/prathyusha/Desktop/pranathi/airflow_cnn_pipeline_final/airflow_test_env/lib/python3.7/site-packages/airflow/example_dags/tutorial_taskflow_api_etl.py
[2021-03-17 17:26:07,678] {scheduler_job.py:629} INFO - Processing file /Users/prathyusha/Desktop/pranathi/airflow_cnn_pipeline_final/airflow_test_env/lib/python3.7/site-packages/airflow/example_dags/tutorial_taskflow_api_etl.py for tasks to queue
[2021-03-17 17:26:07,680] {logging_mixin.py:104} INFO - [2021-03-17 17:26:07,679] {dagbag.py:448} INFO - Filling up the DagBag from /Users/prathyusha/Desktop/pranathi/airflow_cnn_pipeline_final/airflow_test_env/lib/python3.7/site-packages/airflow/example_dags/tutorial_taskflow_api_etl.py
[2021-03-17 17:26:07,696] {scheduler_job.py:639} INFO - DAG(s) dict_keys(['tutorial_taskflow_api_etl']) retrieved from /Users/prathyusha/Desktop/pranathi/airflow_cnn_pipeline_final/airflow_test_env/lib/python3.7/site-packages/airflow/example_dags/tutorial_taskflow_api_etl.py
[2021-03-17 17:26:07,734] {logging_mixin.py:104} INFO - [2021-03-17 17:26:07,733] {dag.py:1818} INFO - Sync 1 DAGs
[2021-03-17 17:26:07,763] {logging_mixin.py:104} INFO - [2021-03-17 17:26:07,762] {dag.py:2273} INFO - Setting next_dagrun for tutorial_taskflow_api_etl to None
[2021-03-17 17:26:07,789] {scheduler_job.py:190} INFO - Processing /Users/prathyusha/Desktop/pranathi/airflow_cnn_pipeline_final/airflow_test_env/lib/python3.7/site-packages/airflow/example_dags/tutorial_taskflow_api_etl.py took 0.120 seconds
[2021-03-17 17:26:40,769] {scheduler_job.py:182} INFO - Started process (PID=31098) to work on /Users/prathyusha/Desktop/pranathi/airflow_cnn_pipeline_final/airflow_test_env/lib/python3.7/site-packages/airflow/example_dags/tutorial_taskflow_api_etl.py
[2021-03-17 17:26:40,773] {scheduler_job.py:629} INFO - Processing file /Users/prathyusha/Desktop/pranathi/airflow_cnn_pipeline_final/airflow_test_env/lib/python3.7/site-packages/airflow/example_dags/tutorial_taskflow_api_etl.py for tasks to queue
[2021-03-17 17:26:40,775] {logging_mixin.py:104} INFO - [2021-03-17 17:26:40,774] {dagbag.py:448} INFO - Filling up the DagBag from /Users/prathyusha/Desktop/pranathi/airflow_cnn_pipeline_final/airflow_test_env/lib/python3.7/site-packages/airflow/example_dags/tutorial_taskflow_api_etl.py
[2021-03-17 17:26:40,785] {scheduler_job.py:639} INFO - DAG(s) dict_keys(['tutorial_taskflow_api_etl']) retrieved from /Users/prathyusha/Desktop/pranathi/airflow_cnn_pipeline_final/airflow_test_env/lib/python3.7/site-packages/airflow/example_dags/tutorial_taskflow_api_etl.py
[2021-03-17 17:26:40,803] {logging_mixin.py:104} INFO - [2021-03-17 17:26:40,802] {dag.py:1818} INFO - Sync 1 DAGs
[2021-03-17 17:26:40,814] {logging_mixin.py:104} INFO - [2021-03-17 17:26:40,814] {dag.py:2273} INFO - Setting next_dagrun for tutorial_taskflow_api_etl to None
[2021-03-17 17:26:40,825] {scheduler_job.py:190} INFO - Processing /Users/prathyusha/Desktop/pranathi/airflow_cnn_pipeline_final/airflow_test_env/lib/python3.7/site-packages/airflow/example_dags/tutorial_taskflow_api_etl.py took 0.059 seconds
