[2021-03-17 17:00:45,078] {scheduler_job.py:182} INFO - Started process (PID=30453) to work on /Users/prathyusha/Desktop/pranathi/airflow_cnn_pipeline_final/airflow_test_env/lib/python3.7/site-packages/airflow/example_dags/tutorial_etl_dag.py
[2021-03-17 17:00:45,080] {scheduler_job.py:629} INFO - Processing file /Users/prathyusha/Desktop/pranathi/airflow_cnn_pipeline_final/airflow_test_env/lib/python3.7/site-packages/airflow/example_dags/tutorial_etl_dag.py for tasks to queue
[2021-03-17 17:00:45,082] {logging_mixin.py:104} INFO - [2021-03-17 17:00:45,082] {dagbag.py:448} INFO - Filling up the DagBag from /Users/prathyusha/Desktop/pranathi/airflow_cnn_pipeline_final/airflow_test_env/lib/python3.7/site-packages/airflow/example_dags/tutorial_etl_dag.py
[2021-03-17 17:00:45,140] {scheduler_job.py:639} INFO - DAG(s) dict_keys(['tutorial_etl_dag']) retrieved from /Users/prathyusha/Desktop/pranathi/airflow_cnn_pipeline_final/airflow_test_env/lib/python3.7/site-packages/airflow/example_dags/tutorial_etl_dag.py
[2021-03-17 17:00:45,171] {logging_mixin.py:104} INFO - [2021-03-17 17:00:45,170] {dag.py:1818} INFO - Sync 1 DAGs
[2021-03-17 17:00:45,192] {logging_mixin.py:104} INFO - [2021-03-17 17:00:45,192] {dag.py:2273} INFO - Setting next_dagrun for tutorial_etl_dag to None
[2021-03-17 17:00:45,211] {scheduler_job.py:190} INFO - Processing /Users/prathyusha/Desktop/pranathi/airflow_cnn_pipeline_final/airflow_test_env/lib/python3.7/site-packages/airflow/example_dags/tutorial_etl_dag.py took 0.138 seconds
[2021-03-17 17:01:16,643] {scheduler_job.py:182} INFO - Started process (PID=30500) to work on /Users/prathyusha/Desktop/pranathi/airflow_cnn_pipeline_final/airflow_test_env/lib/python3.7/site-packages/airflow/example_dags/tutorial_etl_dag.py
[2021-03-17 17:01:16,647] {scheduler_job.py:629} INFO - Processing file /Users/prathyusha/Desktop/pranathi/airflow_cnn_pipeline_final/airflow_test_env/lib/python3.7/site-packages/airflow/example_dags/tutorial_etl_dag.py for tasks to queue
[2021-03-17 17:01:16,650] {logging_mixin.py:104} INFO - [2021-03-17 17:01:16,650] {dagbag.py:448} INFO - Filling up the DagBag from /Users/prathyusha/Desktop/pranathi/airflow_cnn_pipeline_final/airflow_test_env/lib/python3.7/site-packages/airflow/example_dags/tutorial_etl_dag.py
[2021-03-17 17:01:16,674] {scheduler_job.py:639} INFO - DAG(s) dict_keys(['tutorial_etl_dag']) retrieved from /Users/prathyusha/Desktop/pranathi/airflow_cnn_pipeline_final/airflow_test_env/lib/python3.7/site-packages/airflow/example_dags/tutorial_etl_dag.py
[2021-03-17 17:01:16,700] {logging_mixin.py:104} INFO - [2021-03-17 17:01:16,699] {dag.py:1818} INFO - Sync 1 DAGs
[2021-03-17 17:01:16,721] {logging_mixin.py:104} INFO - [2021-03-17 17:01:16,721] {dag.py:2273} INFO - Setting next_dagrun for tutorial_etl_dag to None
[2021-03-17 17:01:16,744] {scheduler_job.py:190} INFO - Processing /Users/prathyusha/Desktop/pranathi/airflow_cnn_pipeline_final/airflow_test_env/lib/python3.7/site-packages/airflow/example_dags/tutorial_etl_dag.py took 0.107 seconds
[2021-03-17 17:14:38,721] {scheduler_job.py:182} INFO - Started process (PID=30690) to work on /Users/prathyusha/Desktop/pranathi/airflow_cnn_pipeline_final/airflow_test_env/lib/python3.7/site-packages/airflow/example_dags/tutorial_etl_dag.py
[2021-03-17 17:14:38,726] {scheduler_job.py:629} INFO - Processing file /Users/prathyusha/Desktop/pranathi/airflow_cnn_pipeline_final/airflow_test_env/lib/python3.7/site-packages/airflow/example_dags/tutorial_etl_dag.py for tasks to queue
[2021-03-17 17:14:38,728] {logging_mixin.py:104} INFO - [2021-03-17 17:14:38,727] {dagbag.py:448} INFO - Filling up the DagBag from /Users/prathyusha/Desktop/pranathi/airflow_cnn_pipeline_final/airflow_test_env/lib/python3.7/site-packages/airflow/example_dags/tutorial_etl_dag.py
[2021-03-17 17:14:38,753] {scheduler_job.py:639} INFO - DAG(s) dict_keys(['tutorial_etl_dag']) retrieved from /Users/prathyusha/Desktop/pranathi/airflow_cnn_pipeline_final/airflow_test_env/lib/python3.7/site-packages/airflow/example_dags/tutorial_etl_dag.py
[2021-03-17 17:14:38,780] {logging_mixin.py:104} INFO - [2021-03-17 17:14:38,780] {dag.py:1818} INFO - Sync 1 DAGs
[2021-03-17 17:14:38,811] {logging_mixin.py:104} INFO - [2021-03-17 17:14:38,810] {dag.py:2273} INFO - Setting next_dagrun for tutorial_etl_dag to None
[2021-03-17 17:14:38,853] {scheduler_job.py:190} INFO - Processing /Users/prathyusha/Desktop/pranathi/airflow_cnn_pipeline_final/airflow_test_env/lib/python3.7/site-packages/airflow/example_dags/tutorial_etl_dag.py took 0.139 seconds
[2021-03-17 17:15:10,359] {scheduler_job.py:182} INFO - Started process (PID=30743) to work on /Users/prathyusha/Desktop/pranathi/airflow_cnn_pipeline_final/airflow_test_env/lib/python3.7/site-packages/airflow/example_dags/tutorial_etl_dag.py
[2021-03-17 17:15:10,364] {scheduler_job.py:629} INFO - Processing file /Users/prathyusha/Desktop/pranathi/airflow_cnn_pipeline_final/airflow_test_env/lib/python3.7/site-packages/airflow/example_dags/tutorial_etl_dag.py for tasks to queue
[2021-03-17 17:15:10,368] {logging_mixin.py:104} INFO - [2021-03-17 17:15:10,366] {dagbag.py:448} INFO - Filling up the DagBag from /Users/prathyusha/Desktop/pranathi/airflow_cnn_pipeline_final/airflow_test_env/lib/python3.7/site-packages/airflow/example_dags/tutorial_etl_dag.py
[2021-03-17 17:15:10,396] {scheduler_job.py:639} INFO - DAG(s) dict_keys(['tutorial_etl_dag']) retrieved from /Users/prathyusha/Desktop/pranathi/airflow_cnn_pipeline_final/airflow_test_env/lib/python3.7/site-packages/airflow/example_dags/tutorial_etl_dag.py
[2021-03-17 17:15:10,428] {logging_mixin.py:104} INFO - [2021-03-17 17:15:10,428] {dag.py:1818} INFO - Sync 1 DAGs
[2021-03-17 17:15:10,454] {logging_mixin.py:104} INFO - [2021-03-17 17:15:10,453] {dag.py:2273} INFO - Setting next_dagrun for tutorial_etl_dag to None
[2021-03-17 17:15:10,475] {scheduler_job.py:190} INFO - Processing /Users/prathyusha/Desktop/pranathi/airflow_cnn_pipeline_final/airflow_test_env/lib/python3.7/site-packages/airflow/example_dags/tutorial_etl_dag.py took 0.126 seconds
[2021-03-17 17:15:42,629] {scheduler_job.py:182} INFO - Started process (PID=30773) to work on /Users/prathyusha/Desktop/pranathi/airflow_cnn_pipeline_final/airflow_test_env/lib/python3.7/site-packages/airflow/example_dags/tutorial_etl_dag.py
[2021-03-17 17:15:42,636] {scheduler_job.py:629} INFO - Processing file /Users/prathyusha/Desktop/pranathi/airflow_cnn_pipeline_final/airflow_test_env/lib/python3.7/site-packages/airflow/example_dags/tutorial_etl_dag.py for tasks to queue
[2021-03-17 17:15:42,638] {logging_mixin.py:104} INFO - [2021-03-17 17:15:42,637] {dagbag.py:448} INFO - Filling up the DagBag from /Users/prathyusha/Desktop/pranathi/airflow_cnn_pipeline_final/airflow_test_env/lib/python3.7/site-packages/airflow/example_dags/tutorial_etl_dag.py
[2021-03-17 17:15:42,672] {scheduler_job.py:639} INFO - DAG(s) dict_keys(['tutorial_etl_dag']) retrieved from /Users/prathyusha/Desktop/pranathi/airflow_cnn_pipeline_final/airflow_test_env/lib/python3.7/site-packages/airflow/example_dags/tutorial_etl_dag.py
[2021-03-17 17:15:42,707] {logging_mixin.py:104} INFO - [2021-03-17 17:15:42,706] {dag.py:1818} INFO - Sync 1 DAGs
[2021-03-17 17:15:42,737] {logging_mixin.py:104} INFO - [2021-03-17 17:15:42,736] {dag.py:2273} INFO - Setting next_dagrun for tutorial_etl_dag to None
[2021-03-17 17:15:42,755] {scheduler_job.py:190} INFO - Processing /Users/prathyusha/Desktop/pranathi/airflow_cnn_pipeline_final/airflow_test_env/lib/python3.7/site-packages/airflow/example_dags/tutorial_etl_dag.py took 0.131 seconds
[2021-03-17 17:16:13,059] {scheduler_job.py:182} INFO - Started process (PID=30803) to work on /Users/prathyusha/Desktop/pranathi/airflow_cnn_pipeline_final/airflow_test_env/lib/python3.7/site-packages/airflow/example_dags/tutorial_etl_dag.py
[2021-03-17 17:16:13,060] {scheduler_job.py:629} INFO - Processing file /Users/prathyusha/Desktop/pranathi/airflow_cnn_pipeline_final/airflow_test_env/lib/python3.7/site-packages/airflow/example_dags/tutorial_etl_dag.py for tasks to queue
[2021-03-17 17:16:13,062] {logging_mixin.py:104} INFO - [2021-03-17 17:16:13,062] {dagbag.py:448} INFO - Filling up the DagBag from /Users/prathyusha/Desktop/pranathi/airflow_cnn_pipeline_final/airflow_test_env/lib/python3.7/site-packages/airflow/example_dags/tutorial_etl_dag.py
[2021-03-17 17:16:13,077] {scheduler_job.py:639} INFO - DAG(s) dict_keys(['tutorial_etl_dag']) retrieved from /Users/prathyusha/Desktop/pranathi/airflow_cnn_pipeline_final/airflow_test_env/lib/python3.7/site-packages/airflow/example_dags/tutorial_etl_dag.py
[2021-03-17 17:16:13,093] {logging_mixin.py:104} INFO - [2021-03-17 17:16:13,092] {dag.py:1818} INFO - Sync 1 DAGs
[2021-03-17 17:16:13,105] {logging_mixin.py:104} INFO - [2021-03-17 17:16:13,104] {dag.py:2273} INFO - Setting next_dagrun for tutorial_etl_dag to None
[2021-03-17 17:16:13,115] {scheduler_job.py:190} INFO - Processing /Users/prathyusha/Desktop/pranathi/airflow_cnn_pipeline_final/airflow_test_env/lib/python3.7/site-packages/airflow/example_dags/tutorial_etl_dag.py took 0.060 seconds
[2021-03-17 17:16:46,816] {scheduler_job.py:182} INFO - Started process (PID=30831) to work on /Users/prathyusha/Desktop/pranathi/airflow_cnn_pipeline_final/airflow_test_env/lib/python3.7/site-packages/airflow/example_dags/tutorial_etl_dag.py
[2021-03-17 17:16:46,822] {scheduler_job.py:629} INFO - Processing file /Users/prathyusha/Desktop/pranathi/airflow_cnn_pipeline_final/airflow_test_env/lib/python3.7/site-packages/airflow/example_dags/tutorial_etl_dag.py for tasks to queue
[2021-03-17 17:16:46,825] {logging_mixin.py:104} INFO - [2021-03-17 17:16:46,824] {dagbag.py:448} INFO - Filling up the DagBag from /Users/prathyusha/Desktop/pranathi/airflow_cnn_pipeline_final/airflow_test_env/lib/python3.7/site-packages/airflow/example_dags/tutorial_etl_dag.py
[2021-03-17 17:16:46,864] {scheduler_job.py:639} INFO - DAG(s) dict_keys(['tutorial_etl_dag']) retrieved from /Users/prathyusha/Desktop/pranathi/airflow_cnn_pipeline_final/airflow_test_env/lib/python3.7/site-packages/airflow/example_dags/tutorial_etl_dag.py
[2021-03-17 17:16:46,888] {logging_mixin.py:104} INFO - [2021-03-17 17:16:46,887] {dag.py:1818} INFO - Sync 1 DAGs
[2021-03-17 17:16:46,903] {logging_mixin.py:104} INFO - [2021-03-17 17:16:46,903] {dag.py:2273} INFO - Setting next_dagrun for tutorial_etl_dag to None
[2021-03-17 17:16:46,912] {scheduler_job.py:190} INFO - Processing /Users/prathyusha/Desktop/pranathi/airflow_cnn_pipeline_final/airflow_test_env/lib/python3.7/site-packages/airflow/example_dags/tutorial_etl_dag.py took 0.108 seconds
[2021-03-17 17:25:30,546] {scheduler_job.py:182} INFO - Started process (PID=31021) to work on /Users/prathyusha/Desktop/pranathi/airflow_cnn_pipeline_final/airflow_test_env/lib/python3.7/site-packages/airflow/example_dags/tutorial_etl_dag.py
[2021-03-17 17:25:30,548] {scheduler_job.py:629} INFO - Processing file /Users/prathyusha/Desktop/pranathi/airflow_cnn_pipeline_final/airflow_test_env/lib/python3.7/site-packages/airflow/example_dags/tutorial_etl_dag.py for tasks to queue
[2021-03-17 17:25:30,551] {logging_mixin.py:104} INFO - [2021-03-17 17:25:30,550] {dagbag.py:448} INFO - Filling up the DagBag from /Users/prathyusha/Desktop/pranathi/airflow_cnn_pipeline_final/airflow_test_env/lib/python3.7/site-packages/airflow/example_dags/tutorial_etl_dag.py
[2021-03-17 17:25:30,577] {scheduler_job.py:639} INFO - DAG(s) dict_keys(['tutorial_etl_dag']) retrieved from /Users/prathyusha/Desktop/pranathi/airflow_cnn_pipeline_final/airflow_test_env/lib/python3.7/site-packages/airflow/example_dags/tutorial_etl_dag.py
[2021-03-17 17:25:30,603] {logging_mixin.py:104} INFO - [2021-03-17 17:25:30,602] {dag.py:1818} INFO - Sync 1 DAGs
[2021-03-17 17:25:30,632] {logging_mixin.py:104} INFO - [2021-03-17 17:25:30,629] {dag.py:2273} INFO - Setting next_dagrun for tutorial_etl_dag to None
[2021-03-17 17:25:30,669] {scheduler_job.py:190} INFO - Processing /Users/prathyusha/Desktop/pranathi/airflow_cnn_pipeline_final/airflow_test_env/lib/python3.7/site-packages/airflow/example_dags/tutorial_etl_dag.py took 0.127 seconds
[2021-03-17 17:26:01,453] {scheduler_job.py:182} INFO - Started process (PID=31054) to work on /Users/prathyusha/Desktop/pranathi/airflow_cnn_pipeline_final/airflow_test_env/lib/python3.7/site-packages/airflow/example_dags/tutorial_etl_dag.py
[2021-03-17 17:26:01,457] {scheduler_job.py:629} INFO - Processing file /Users/prathyusha/Desktop/pranathi/airflow_cnn_pipeline_final/airflow_test_env/lib/python3.7/site-packages/airflow/example_dags/tutorial_etl_dag.py for tasks to queue
[2021-03-17 17:26:01,459] {logging_mixin.py:104} INFO - [2021-03-17 17:26:01,459] {dagbag.py:448} INFO - Filling up the DagBag from /Users/prathyusha/Desktop/pranathi/airflow_cnn_pipeline_final/airflow_test_env/lib/python3.7/site-packages/airflow/example_dags/tutorial_etl_dag.py
[2021-03-17 17:26:01,471] {scheduler_job.py:639} INFO - DAG(s) dict_keys(['tutorial_etl_dag']) retrieved from /Users/prathyusha/Desktop/pranathi/airflow_cnn_pipeline_final/airflow_test_env/lib/python3.7/site-packages/airflow/example_dags/tutorial_etl_dag.py
[2021-03-17 17:26:01,488] {logging_mixin.py:104} INFO - [2021-03-17 17:26:01,487] {dag.py:1818} INFO - Sync 1 DAGs
[2021-03-17 17:26:01,505] {logging_mixin.py:104} INFO - [2021-03-17 17:26:01,504] {dag.py:2273} INFO - Setting next_dagrun for tutorial_etl_dag to None
[2021-03-17 17:26:01,526] {scheduler_job.py:190} INFO - Processing /Users/prathyusha/Desktop/pranathi/airflow_cnn_pipeline_final/airflow_test_env/lib/python3.7/site-packages/airflow/example_dags/tutorial_etl_dag.py took 0.077 seconds
[2021-03-17 17:26:35,504] {scheduler_job.py:182} INFO - Started process (PID=31092) to work on /Users/prathyusha/Desktop/pranathi/airflow_cnn_pipeline_final/airflow_test_env/lib/python3.7/site-packages/airflow/example_dags/tutorial_etl_dag.py
[2021-03-17 17:26:35,507] {scheduler_job.py:629} INFO - Processing file /Users/prathyusha/Desktop/pranathi/airflow_cnn_pipeline_final/airflow_test_env/lib/python3.7/site-packages/airflow/example_dags/tutorial_etl_dag.py for tasks to queue
[2021-03-17 17:26:35,509] {logging_mixin.py:104} INFO - [2021-03-17 17:26:35,509] {dagbag.py:448} INFO - Filling up the DagBag from /Users/prathyusha/Desktop/pranathi/airflow_cnn_pipeline_final/airflow_test_env/lib/python3.7/site-packages/airflow/example_dags/tutorial_etl_dag.py
[2021-03-17 17:26:35,525] {scheduler_job.py:639} INFO - DAG(s) dict_keys(['tutorial_etl_dag']) retrieved from /Users/prathyusha/Desktop/pranathi/airflow_cnn_pipeline_final/airflow_test_env/lib/python3.7/site-packages/airflow/example_dags/tutorial_etl_dag.py
[2021-03-17 17:26:35,552] {logging_mixin.py:104} INFO - [2021-03-17 17:26:35,551] {dag.py:1818} INFO - Sync 1 DAGs
[2021-03-17 17:26:35,583] {logging_mixin.py:104} INFO - [2021-03-17 17:26:35,582] {dag.py:2273} INFO - Setting next_dagrun for tutorial_etl_dag to None
[2021-03-17 17:26:35,602] {scheduler_job.py:190} INFO - Processing /Users/prathyusha/Desktop/pranathi/airflow_cnn_pipeline_final/airflow_test_env/lib/python3.7/site-packages/airflow/example_dags/tutorial_etl_dag.py took 0.104 seconds
