[2021-04-02 00:26:05,922] {scheduler_job.py:182} INFO - Started process (PID=9604) to work on /Library/Frameworks/Python.framework/Versions/3.9/lib/python3.9/site-packages/airflow/example_dags/example_nested_branch_dag.py
[2021-04-02 00:26:05,922] {scheduler_job.py:629} INFO - Processing file /Library/Frameworks/Python.framework/Versions/3.9/lib/python3.9/site-packages/airflow/example_dags/example_nested_branch_dag.py for tasks to queue
[2021-04-02 00:26:05,923] {logging_mixin.py:104} INFO - [2021-04-02 00:26:05,923] {dagbag.py:448} INFO - Filling up the DagBag from /Library/Frameworks/Python.framework/Versions/3.9/lib/python3.9/site-packages/airflow/example_dags/example_nested_branch_dag.py
[2021-04-02 00:26:05,935] {scheduler_job.py:639} INFO - DAG(s) dict_keys(['example_nested_branch_dag']) retrieved from /Library/Frameworks/Python.framework/Versions/3.9/lib/python3.9/site-packages/airflow/example_dags/example_nested_branch_dag.py
[2021-04-02 00:26:05,999] {logging_mixin.py:104} INFO - [2021-04-02 00:26:05,999] {dag.py:1818} INFO - Sync 1 DAGs
[2021-04-02 00:26:06,016] {logging_mixin.py:104} INFO - [2021-04-02 00:26:06,015] {dag.py:2273} INFO - Setting next_dagrun for example_nested_branch_dag to 2021-03-31 00:00:00+00:00
[2021-04-02 00:26:06,023] {scheduler_job.py:190} INFO - Processing /Library/Frameworks/Python.framework/Versions/3.9/lib/python3.9/site-packages/airflow/example_dags/example_nested_branch_dag.py took 0.102 seconds
[2021-04-02 00:27:14,237] {scheduler_job.py:182} INFO - Started process (PID=9646) to work on /Library/Frameworks/Python.framework/Versions/3.9/lib/python3.9/site-packages/airflow/example_dags/example_nested_branch_dag.py
[2021-04-02 00:27:14,237] {scheduler_job.py:629} INFO - Processing file /Library/Frameworks/Python.framework/Versions/3.9/lib/python3.9/site-packages/airflow/example_dags/example_nested_branch_dag.py for tasks to queue
[2021-04-02 00:27:14,238] {logging_mixin.py:104} INFO - [2021-04-02 00:27:14,238] {dagbag.py:448} INFO - Filling up the DagBag from /Library/Frameworks/Python.framework/Versions/3.9/lib/python3.9/site-packages/airflow/example_dags/example_nested_branch_dag.py
[2021-04-02 00:27:14,249] {scheduler_job.py:639} INFO - DAG(s) dict_keys(['example_nested_branch_dag']) retrieved from /Library/Frameworks/Python.framework/Versions/3.9/lib/python3.9/site-packages/airflow/example_dags/example_nested_branch_dag.py
[2021-04-02 00:27:14,284] {logging_mixin.py:104} INFO - [2021-04-02 00:27:14,284] {dag.py:1818} INFO - Sync 1 DAGs
[2021-04-02 00:27:14,301] {logging_mixin.py:104} INFO - [2021-04-02 00:27:14,301] {dag.py:2273} INFO - Setting next_dagrun for example_nested_branch_dag to 2021-03-31 00:00:00+00:00
[2021-04-02 00:27:14,309] {scheduler_job.py:190} INFO - Processing /Library/Frameworks/Python.framework/Versions/3.9/lib/python3.9/site-packages/airflow/example_dags/example_nested_branch_dag.py took 0.073 seconds
[2021-04-02 00:28:03,689] {scheduler_job.py:182} INFO - Started process (PID=9684) to work on /Library/Frameworks/Python.framework/Versions/3.9/lib/python3.9/site-packages/airflow/example_dags/example_nested_branch_dag.py
[2021-04-02 00:28:03,691] {scheduler_job.py:629} INFO - Processing file /Library/Frameworks/Python.framework/Versions/3.9/lib/python3.9/site-packages/airflow/example_dags/example_nested_branch_dag.py for tasks to queue
[2021-04-02 00:28:03,691] {logging_mixin.py:104} INFO - [2021-04-02 00:28:03,691] {dagbag.py:448} INFO - Filling up the DagBag from /Library/Frameworks/Python.framework/Versions/3.9/lib/python3.9/site-packages/airflow/example_dags/example_nested_branch_dag.py
[2021-04-02 00:28:03,701] {scheduler_job.py:639} INFO - DAG(s) dict_keys(['example_nested_branch_dag']) retrieved from /Library/Frameworks/Python.framework/Versions/3.9/lib/python3.9/site-packages/airflow/example_dags/example_nested_branch_dag.py
[2021-04-02 00:28:03,739] {logging_mixin.py:104} INFO - [2021-04-02 00:28:03,738] {dag.py:1818} INFO - Sync 1 DAGs
[2021-04-02 00:28:03,753] {logging_mixin.py:104} INFO - [2021-04-02 00:28:03,753] {dag.py:2273} INFO - Setting next_dagrun for example_nested_branch_dag to 2021-03-31 00:00:00+00:00
[2021-04-02 00:28:03,762] {scheduler_job.py:190} INFO - Processing /Library/Frameworks/Python.framework/Versions/3.9/lib/python3.9/site-packages/airflow/example_dags/example_nested_branch_dag.py took 0.075 seconds
[2021-04-02 00:30:14,875] {scheduler_job.py:182} INFO - Started process (PID=9750) to work on /Library/Frameworks/Python.framework/Versions/3.9/lib/python3.9/site-packages/airflow/example_dags/example_nested_branch_dag.py
[2021-04-02 00:30:14,876] {scheduler_job.py:629} INFO - Processing file /Library/Frameworks/Python.framework/Versions/3.9/lib/python3.9/site-packages/airflow/example_dags/example_nested_branch_dag.py for tasks to queue
[2021-04-02 00:30:14,878] {logging_mixin.py:104} INFO - [2021-04-02 00:30:14,878] {dagbag.py:448} INFO - Filling up the DagBag from /Library/Frameworks/Python.framework/Versions/3.9/lib/python3.9/site-packages/airflow/example_dags/example_nested_branch_dag.py
[2021-04-02 00:30:14,922] {scheduler_job.py:639} INFO - DAG(s) dict_keys(['example_nested_branch_dag']) retrieved from /Library/Frameworks/Python.framework/Versions/3.9/lib/python3.9/site-packages/airflow/example_dags/example_nested_branch_dag.py
[2021-04-02 00:30:15,036] {logging_mixin.py:104} INFO - [2021-04-02 00:30:15,035] {dag.py:1818} INFO - Sync 1 DAGs
[2021-04-02 00:30:15,078] {logging_mixin.py:104} INFO - [2021-04-02 00:30:15,078] {dag.py:2273} INFO - Setting next_dagrun for example_nested_branch_dag to 2021-03-31 00:00:00+00:00
[2021-04-02 00:30:15,103] {scheduler_job.py:190} INFO - Processing /Library/Frameworks/Python.framework/Versions/3.9/lib/python3.9/site-packages/airflow/example_dags/example_nested_branch_dag.py took 0.232 seconds
[2021-04-02 00:32:00,383] {scheduler_job.py:182} INFO - Started process (PID=9813) to work on /Library/Frameworks/Python.framework/Versions/3.9/lib/python3.9/site-packages/airflow/example_dags/example_nested_branch_dag.py
[2021-04-02 00:32:00,386] {scheduler_job.py:629} INFO - Processing file /Library/Frameworks/Python.framework/Versions/3.9/lib/python3.9/site-packages/airflow/example_dags/example_nested_branch_dag.py for tasks to queue
[2021-04-02 00:32:00,388] {logging_mixin.py:104} INFO - [2021-04-02 00:32:00,388] {dagbag.py:448} INFO - Filling up the DagBag from /Library/Frameworks/Python.framework/Versions/3.9/lib/python3.9/site-packages/airflow/example_dags/example_nested_branch_dag.py
[2021-04-02 00:32:00,421] {scheduler_job.py:639} INFO - DAG(s) dict_keys(['example_nested_branch_dag']) retrieved from /Library/Frameworks/Python.framework/Versions/3.9/lib/python3.9/site-packages/airflow/example_dags/example_nested_branch_dag.py
[2021-04-02 00:32:00,525] {logging_mixin.py:104} INFO - [2021-04-02 00:32:00,525] {dag.py:1818} INFO - Sync 1 DAGs
[2021-04-02 00:32:00,553] {logging_mixin.py:104} INFO - [2021-04-02 00:32:00,553] {dag.py:2273} INFO - Setting next_dagrun for example_nested_branch_dag to 2021-03-31 00:00:00+00:00
[2021-04-02 00:32:00,567] {scheduler_job.py:190} INFO - Processing /Library/Frameworks/Python.framework/Versions/3.9/lib/python3.9/site-packages/airflow/example_dags/example_nested_branch_dag.py took 0.187 seconds
[2021-04-02 00:33:17,607] {scheduler_job.py:182} INFO - Started process (PID=9859) to work on /Library/Frameworks/Python.framework/Versions/3.9/lib/python3.9/site-packages/airflow/example_dags/example_nested_branch_dag.py
[2021-04-02 00:33:17,610] {scheduler_job.py:629} INFO - Processing file /Library/Frameworks/Python.framework/Versions/3.9/lib/python3.9/site-packages/airflow/example_dags/example_nested_branch_dag.py for tasks to queue
[2021-04-02 00:33:17,610] {logging_mixin.py:104} INFO - [2021-04-02 00:33:17,610] {dagbag.py:448} INFO - Filling up the DagBag from /Library/Frameworks/Python.framework/Versions/3.9/lib/python3.9/site-packages/airflow/example_dags/example_nested_branch_dag.py
[2021-04-02 00:33:17,630] {scheduler_job.py:639} INFO - DAG(s) dict_keys(['example_nested_branch_dag']) retrieved from /Library/Frameworks/Python.framework/Versions/3.9/lib/python3.9/site-packages/airflow/example_dags/example_nested_branch_dag.py
[2021-04-02 00:33:17,714] {logging_mixin.py:104} INFO - [2021-04-02 00:33:17,714] {dag.py:1818} INFO - Sync 1 DAGs
[2021-04-02 00:33:17,747] {logging_mixin.py:104} INFO - [2021-04-02 00:33:17,747] {dag.py:2273} INFO - Setting next_dagrun for example_nested_branch_dag to 2021-03-31 00:00:00+00:00
[2021-04-02 00:33:17,762] {scheduler_job.py:190} INFO - Processing /Library/Frameworks/Python.framework/Versions/3.9/lib/python3.9/site-packages/airflow/example_dags/example_nested_branch_dag.py took 0.156 seconds
[2021-04-02 00:35:35,972] {scheduler_job.py:182} INFO - Started process (PID=10021) to work on /Library/Frameworks/Python.framework/Versions/3.9/lib/python3.9/site-packages/airflow/example_dags/example_nested_branch_dag.py
[2021-04-02 00:35:35,977] {scheduler_job.py:629} INFO - Processing file /Library/Frameworks/Python.framework/Versions/3.9/lib/python3.9/site-packages/airflow/example_dags/example_nested_branch_dag.py for tasks to queue
[2021-04-02 00:35:35,978] {logging_mixin.py:104} INFO - [2021-04-02 00:35:35,978] {dagbag.py:448} INFO - Filling up the DagBag from /Library/Frameworks/Python.framework/Versions/3.9/lib/python3.9/site-packages/airflow/example_dags/example_nested_branch_dag.py
[2021-04-02 00:35:35,994] {scheduler_job.py:639} INFO - DAG(s) dict_keys(['example_nested_branch_dag']) retrieved from /Library/Frameworks/Python.framework/Versions/3.9/lib/python3.9/site-packages/airflow/example_dags/example_nested_branch_dag.py
[2021-04-02 00:35:36,060] {logging_mixin.py:104} INFO - [2021-04-02 00:35:36,060] {dag.py:1818} INFO - Sync 1 DAGs
[2021-04-02 00:35:36,087] {logging_mixin.py:104} INFO - [2021-04-02 00:35:36,087] {dag.py:2273} INFO - Setting next_dagrun for example_nested_branch_dag to 2021-03-31 00:00:00+00:00
[2021-04-02 00:35:36,103] {scheduler_job.py:190} INFO - Processing /Library/Frameworks/Python.framework/Versions/3.9/lib/python3.9/site-packages/airflow/example_dags/example_nested_branch_dag.py took 0.133 seconds
[2021-04-02 00:37:08,511] {scheduler_job.py:182} INFO - Started process (PID=10076) to work on /Library/Frameworks/Python.framework/Versions/3.9/lib/python3.9/site-packages/airflow/example_dags/example_nested_branch_dag.py
[2021-04-02 00:37:08,511] {scheduler_job.py:629} INFO - Processing file /Library/Frameworks/Python.framework/Versions/3.9/lib/python3.9/site-packages/airflow/example_dags/example_nested_branch_dag.py for tasks to queue
[2021-04-02 00:37:08,512] {logging_mixin.py:104} INFO - [2021-04-02 00:37:08,512] {dagbag.py:448} INFO - Filling up the DagBag from /Library/Frameworks/Python.framework/Versions/3.9/lib/python3.9/site-packages/airflow/example_dags/example_nested_branch_dag.py
[2021-04-02 00:37:08,525] {scheduler_job.py:639} INFO - DAG(s) dict_keys(['example_nested_branch_dag']) retrieved from /Library/Frameworks/Python.framework/Versions/3.9/lib/python3.9/site-packages/airflow/example_dags/example_nested_branch_dag.py
[2021-04-02 00:37:08,583] {logging_mixin.py:104} INFO - [2021-04-02 00:37:08,583] {dag.py:1818} INFO - Sync 1 DAGs
[2021-04-02 00:37:08,604] {logging_mixin.py:104} INFO - [2021-04-02 00:37:08,604] {dag.py:2273} INFO - Setting next_dagrun for example_nested_branch_dag to 2021-03-31 00:00:00+00:00
[2021-04-02 00:37:08,613] {scheduler_job.py:190} INFO - Processing /Library/Frameworks/Python.framework/Versions/3.9/lib/python3.9/site-packages/airflow/example_dags/example_nested_branch_dag.py took 0.103 seconds
[2021-04-02 00:38:18,451] {scheduler_job.py:182} INFO - Started process (PID=10109) to work on /Library/Frameworks/Python.framework/Versions/3.9/lib/python3.9/site-packages/airflow/example_dags/example_nested_branch_dag.py
[2021-04-02 00:38:18,452] {scheduler_job.py:629} INFO - Processing file /Library/Frameworks/Python.framework/Versions/3.9/lib/python3.9/site-packages/airflow/example_dags/example_nested_branch_dag.py for tasks to queue
[2021-04-02 00:38:18,452] {logging_mixin.py:104} INFO - [2021-04-02 00:38:18,452] {dagbag.py:448} INFO - Filling up the DagBag from /Library/Frameworks/Python.framework/Versions/3.9/lib/python3.9/site-packages/airflow/example_dags/example_nested_branch_dag.py
[2021-04-02 00:38:18,464] {scheduler_job.py:639} INFO - DAG(s) dict_keys(['example_nested_branch_dag']) retrieved from /Library/Frameworks/Python.framework/Versions/3.9/lib/python3.9/site-packages/airflow/example_dags/example_nested_branch_dag.py
[2021-04-02 00:38:18,506] {logging_mixin.py:104} INFO - [2021-04-02 00:38:18,506] {dag.py:1818} INFO - Sync 1 DAGs
[2021-04-02 00:38:18,525] {logging_mixin.py:104} INFO - [2021-04-02 00:38:18,525] {dag.py:2273} INFO - Setting next_dagrun for example_nested_branch_dag to 2021-03-31 00:00:00+00:00
[2021-04-02 00:38:18,531] {scheduler_job.py:190} INFO - Processing /Library/Frameworks/Python.framework/Versions/3.9/lib/python3.9/site-packages/airflow/example_dags/example_nested_branch_dag.py took 0.080 seconds
[2021-04-02 00:39:36,326] {scheduler_job.py:182} INFO - Started process (PID=10147) to work on /Library/Frameworks/Python.framework/Versions/3.9/lib/python3.9/site-packages/airflow/example_dags/example_nested_branch_dag.py
[2021-04-02 00:39:36,328] {scheduler_job.py:629} INFO - Processing file /Library/Frameworks/Python.framework/Versions/3.9/lib/python3.9/site-packages/airflow/example_dags/example_nested_branch_dag.py for tasks to queue
[2021-04-02 00:39:36,328] {logging_mixin.py:104} INFO - [2021-04-02 00:39:36,328] {dagbag.py:448} INFO - Filling up the DagBag from /Library/Frameworks/Python.framework/Versions/3.9/lib/python3.9/site-packages/airflow/example_dags/example_nested_branch_dag.py
[2021-04-02 00:39:36,338] {scheduler_job.py:639} INFO - DAG(s) dict_keys(['example_nested_branch_dag']) retrieved from /Library/Frameworks/Python.framework/Versions/3.9/lib/python3.9/site-packages/airflow/example_dags/example_nested_branch_dag.py
[2021-04-02 00:39:36,385] {logging_mixin.py:104} INFO - [2021-04-02 00:39:36,384] {dag.py:1818} INFO - Sync 1 DAGs
[2021-04-02 00:39:36,402] {logging_mixin.py:104} INFO - [2021-04-02 00:39:36,401] {dag.py:2273} INFO - Setting next_dagrun for example_nested_branch_dag to 2021-03-31 00:00:00+00:00
[2021-04-02 00:39:36,414] {scheduler_job.py:190} INFO - Processing /Library/Frameworks/Python.framework/Versions/3.9/lib/python3.9/site-packages/airflow/example_dags/example_nested_branch_dag.py took 0.089 seconds
[2021-04-02 00:40:27,970] {scheduler_job.py:182} INFO - Started process (PID=10173) to work on /Library/Frameworks/Python.framework/Versions/3.9/lib/python3.9/site-packages/airflow/example_dags/example_nested_branch_dag.py
[2021-04-02 00:40:27,971] {scheduler_job.py:629} INFO - Processing file /Library/Frameworks/Python.framework/Versions/3.9/lib/python3.9/site-packages/airflow/example_dags/example_nested_branch_dag.py for tasks to queue
[2021-04-02 00:40:27,971] {logging_mixin.py:104} INFO - [2021-04-02 00:40:27,971] {dagbag.py:448} INFO - Filling up the DagBag from /Library/Frameworks/Python.framework/Versions/3.9/lib/python3.9/site-packages/airflow/example_dags/example_nested_branch_dag.py
[2021-04-02 00:40:27,982] {scheduler_job.py:639} INFO - DAG(s) dict_keys(['example_nested_branch_dag']) retrieved from /Library/Frameworks/Python.framework/Versions/3.9/lib/python3.9/site-packages/airflow/example_dags/example_nested_branch_dag.py
[2021-04-02 00:40:28,017] {logging_mixin.py:104} INFO - [2021-04-02 00:40:28,017] {dag.py:1818} INFO - Sync 1 DAGs
[2021-04-02 00:40:28,033] {logging_mixin.py:104} INFO - [2021-04-02 00:40:28,033] {dag.py:2273} INFO - Setting next_dagrun for example_nested_branch_dag to 2021-03-31 00:00:00+00:00
[2021-04-02 00:40:28,044] {scheduler_job.py:190} INFO - Processing /Library/Frameworks/Python.framework/Versions/3.9/lib/python3.9/site-packages/airflow/example_dags/example_nested_branch_dag.py took 0.074 seconds
[2021-04-02 00:41:27,741] {scheduler_job.py:182} INFO - Started process (PID=10233) to work on /Library/Frameworks/Python.framework/Versions/3.9/lib/python3.9/site-packages/airflow/example_dags/example_nested_branch_dag.py
[2021-04-02 00:41:27,742] {scheduler_job.py:629} INFO - Processing file /Library/Frameworks/Python.framework/Versions/3.9/lib/python3.9/site-packages/airflow/example_dags/example_nested_branch_dag.py for tasks to queue
[2021-04-02 00:41:27,743] {logging_mixin.py:104} INFO - [2021-04-02 00:41:27,743] {dagbag.py:448} INFO - Filling up the DagBag from /Library/Frameworks/Python.framework/Versions/3.9/lib/python3.9/site-packages/airflow/example_dags/example_nested_branch_dag.py
[2021-04-02 00:41:27,752] {scheduler_job.py:639} INFO - DAG(s) dict_keys(['example_nested_branch_dag']) retrieved from /Library/Frameworks/Python.framework/Versions/3.9/lib/python3.9/site-packages/airflow/example_dags/example_nested_branch_dag.py
[2021-04-02 00:41:27,790] {logging_mixin.py:104} INFO - [2021-04-02 00:41:27,790] {dag.py:1818} INFO - Sync 1 DAGs
[2021-04-02 00:41:27,807] {logging_mixin.py:104} INFO - [2021-04-02 00:41:27,807] {dag.py:2273} INFO - Setting next_dagrun for example_nested_branch_dag to 2021-03-31 00:00:00+00:00
[2021-04-02 00:41:27,813] {scheduler_job.py:190} INFO - Processing /Library/Frameworks/Python.framework/Versions/3.9/lib/python3.9/site-packages/airflow/example_dags/example_nested_branch_dag.py took 0.073 seconds
[2021-04-02 00:42:33,769] {scheduler_job.py:182} INFO - Started process (PID=10271) to work on /Library/Frameworks/Python.framework/Versions/3.9/lib/python3.9/site-packages/airflow/example_dags/example_nested_branch_dag.py
[2021-04-02 00:42:33,771] {scheduler_job.py:629} INFO - Processing file /Library/Frameworks/Python.framework/Versions/3.9/lib/python3.9/site-packages/airflow/example_dags/example_nested_branch_dag.py for tasks to queue
[2021-04-02 00:42:33,772] {logging_mixin.py:104} INFO - [2021-04-02 00:42:33,772] {dagbag.py:448} INFO - Filling up the DagBag from /Library/Frameworks/Python.framework/Versions/3.9/lib/python3.9/site-packages/airflow/example_dags/example_nested_branch_dag.py
[2021-04-02 00:42:33,788] {scheduler_job.py:639} INFO - DAG(s) dict_keys(['example_nested_branch_dag']) retrieved from /Library/Frameworks/Python.framework/Versions/3.9/lib/python3.9/site-packages/airflow/example_dags/example_nested_branch_dag.py
[2021-04-02 00:42:33,836] {logging_mixin.py:104} INFO - [2021-04-02 00:42:33,835] {dag.py:1818} INFO - Sync 1 DAGs
[2021-04-02 00:42:33,851] {logging_mixin.py:104} INFO - [2021-04-02 00:42:33,851] {dag.py:2273} INFO - Setting next_dagrun for example_nested_branch_dag to 2021-03-31 00:00:00+00:00
[2021-04-02 00:42:33,858] {scheduler_job.py:190} INFO - Processing /Library/Frameworks/Python.framework/Versions/3.9/lib/python3.9/site-packages/airflow/example_dags/example_nested_branch_dag.py took 0.090 seconds
[2021-04-02 00:43:18,275] {scheduler_job.py:182} INFO - Started process (PID=10294) to work on /Library/Frameworks/Python.framework/Versions/3.9/lib/python3.9/site-packages/airflow/example_dags/example_nested_branch_dag.py
[2021-04-02 00:43:18,275] {scheduler_job.py:629} INFO - Processing file /Library/Frameworks/Python.framework/Versions/3.9/lib/python3.9/site-packages/airflow/example_dags/example_nested_branch_dag.py for tasks to queue
[2021-04-02 00:43:18,276] {logging_mixin.py:104} INFO - [2021-04-02 00:43:18,276] {dagbag.py:448} INFO - Filling up the DagBag from /Library/Frameworks/Python.framework/Versions/3.9/lib/python3.9/site-packages/airflow/example_dags/example_nested_branch_dag.py
[2021-04-02 00:43:18,288] {scheduler_job.py:639} INFO - DAG(s) dict_keys(['example_nested_branch_dag']) retrieved from /Library/Frameworks/Python.framework/Versions/3.9/lib/python3.9/site-packages/airflow/example_dags/example_nested_branch_dag.py
[2021-04-02 00:43:18,329] {logging_mixin.py:104} INFO - [2021-04-02 00:43:18,329] {dag.py:1818} INFO - Sync 1 DAGs
[2021-04-02 00:43:18,346] {logging_mixin.py:104} INFO - [2021-04-02 00:43:18,346] {dag.py:2273} INFO - Setting next_dagrun for example_nested_branch_dag to 2021-03-31 00:00:00+00:00
[2021-04-02 00:43:18,359] {scheduler_job.py:190} INFO - Processing /Library/Frameworks/Python.framework/Versions/3.9/lib/python3.9/site-packages/airflow/example_dags/example_nested_branch_dag.py took 0.085 seconds
[2021-04-02 00:44:53,592] {scheduler_job.py:182} INFO - Started process (PID=10362) to work on /Library/Frameworks/Python.framework/Versions/3.9/lib/python3.9/site-packages/airflow/example_dags/example_nested_branch_dag.py
[2021-04-02 00:44:53,592] {scheduler_job.py:629} INFO - Processing file /Library/Frameworks/Python.framework/Versions/3.9/lib/python3.9/site-packages/airflow/example_dags/example_nested_branch_dag.py for tasks to queue
[2021-04-02 00:44:53,593] {logging_mixin.py:104} INFO - [2021-04-02 00:44:53,593] {dagbag.py:448} INFO - Filling up the DagBag from /Library/Frameworks/Python.framework/Versions/3.9/lib/python3.9/site-packages/airflow/example_dags/example_nested_branch_dag.py
[2021-04-02 00:44:53,606] {scheduler_job.py:639} INFO - DAG(s) dict_keys(['example_nested_branch_dag']) retrieved from /Library/Frameworks/Python.framework/Versions/3.9/lib/python3.9/site-packages/airflow/example_dags/example_nested_branch_dag.py
[2021-04-02 00:44:53,649] {logging_mixin.py:104} INFO - [2021-04-02 00:44:53,649] {dag.py:1818} INFO - Sync 1 DAGs
[2021-04-02 00:44:53,669] {logging_mixin.py:104} INFO - [2021-04-02 00:44:53,669] {dag.py:2273} INFO - Setting next_dagrun for example_nested_branch_dag to 2021-03-31 00:00:00+00:00
[2021-04-02 00:44:53,680] {scheduler_job.py:190} INFO - Processing /Library/Frameworks/Python.framework/Versions/3.9/lib/python3.9/site-packages/airflow/example_dags/example_nested_branch_dag.py took 0.089 seconds
[2021-04-02 00:46:25,572] {scheduler_job.py:182} INFO - Started process (PID=10448) to work on /Library/Frameworks/Python.framework/Versions/3.9/lib/python3.9/site-packages/airflow/example_dags/example_nested_branch_dag.py
[2021-04-02 00:46:25,574] {scheduler_job.py:629} INFO - Processing file /Library/Frameworks/Python.framework/Versions/3.9/lib/python3.9/site-packages/airflow/example_dags/example_nested_branch_dag.py for tasks to queue
[2021-04-02 00:46:25,574] {logging_mixin.py:104} INFO - [2021-04-02 00:46:25,574] {dagbag.py:448} INFO - Filling up the DagBag from /Library/Frameworks/Python.framework/Versions/3.9/lib/python3.9/site-packages/airflow/example_dags/example_nested_branch_dag.py
[2021-04-02 00:46:25,585] {scheduler_job.py:639} INFO - DAG(s) dict_keys(['example_nested_branch_dag']) retrieved from /Library/Frameworks/Python.framework/Versions/3.9/lib/python3.9/site-packages/airflow/example_dags/example_nested_branch_dag.py
[2021-04-02 00:46:25,621] {logging_mixin.py:104} INFO - [2021-04-02 00:46:25,620] {dag.py:1818} INFO - Sync 1 DAGs
[2021-04-02 00:46:25,635] {logging_mixin.py:104} INFO - [2021-04-02 00:46:25,635] {dag.py:2273} INFO - Setting next_dagrun for example_nested_branch_dag to 2021-03-31 00:00:00+00:00
[2021-04-02 00:46:25,650] {scheduler_job.py:190} INFO - Processing /Library/Frameworks/Python.framework/Versions/3.9/lib/python3.9/site-packages/airflow/example_dags/example_nested_branch_dag.py took 0.078 seconds
[2021-04-02 00:47:45,201] {scheduler_job.py:182} INFO - Started process (PID=10486) to work on /Library/Frameworks/Python.framework/Versions/3.9/lib/python3.9/site-packages/airflow/example_dags/example_nested_branch_dag.py
[2021-04-02 00:47:45,202] {scheduler_job.py:629} INFO - Processing file /Library/Frameworks/Python.framework/Versions/3.9/lib/python3.9/site-packages/airflow/example_dags/example_nested_branch_dag.py for tasks to queue
[2021-04-02 00:47:45,203] {logging_mixin.py:104} INFO - [2021-04-02 00:47:45,202] {dagbag.py:448} INFO - Filling up the DagBag from /Library/Frameworks/Python.framework/Versions/3.9/lib/python3.9/site-packages/airflow/example_dags/example_nested_branch_dag.py
[2021-04-02 00:47:45,215] {scheduler_job.py:639} INFO - DAG(s) dict_keys(['example_nested_branch_dag']) retrieved from /Library/Frameworks/Python.framework/Versions/3.9/lib/python3.9/site-packages/airflow/example_dags/example_nested_branch_dag.py
[2021-04-02 00:47:45,256] {logging_mixin.py:104} INFO - [2021-04-02 00:47:45,256] {dag.py:1818} INFO - Sync 1 DAGs
[2021-04-02 00:47:45,276] {logging_mixin.py:104} INFO - [2021-04-02 00:47:45,276] {dag.py:2273} INFO - Setting next_dagrun for example_nested_branch_dag to 2021-03-31 00:00:00+00:00
[2021-04-02 00:47:45,285] {scheduler_job.py:190} INFO - Processing /Library/Frameworks/Python.framework/Versions/3.9/lib/python3.9/site-packages/airflow/example_dags/example_nested_branch_dag.py took 0.084 seconds
[2021-04-02 00:49:38,254] {scheduler_job.py:182} INFO - Started process (PID=10535) to work on /Library/Frameworks/Python.framework/Versions/3.9/lib/python3.9/site-packages/airflow/example_dags/example_nested_branch_dag.py
[2021-04-02 00:49:38,255] {scheduler_job.py:629} INFO - Processing file /Library/Frameworks/Python.framework/Versions/3.9/lib/python3.9/site-packages/airflow/example_dags/example_nested_branch_dag.py for tasks to queue
[2021-04-02 00:49:38,256] {logging_mixin.py:104} INFO - [2021-04-02 00:49:38,256] {dagbag.py:448} INFO - Filling up the DagBag from /Library/Frameworks/Python.framework/Versions/3.9/lib/python3.9/site-packages/airflow/example_dags/example_nested_branch_dag.py
[2021-04-02 00:49:38,269] {scheduler_job.py:639} INFO - DAG(s) dict_keys(['example_nested_branch_dag']) retrieved from /Library/Frameworks/Python.framework/Versions/3.9/lib/python3.9/site-packages/airflow/example_dags/example_nested_branch_dag.py
[2021-04-02 00:49:38,313] {logging_mixin.py:104} INFO - [2021-04-02 00:49:38,313] {dag.py:1818} INFO - Sync 1 DAGs
[2021-04-02 00:49:38,329] {logging_mixin.py:104} INFO - [2021-04-02 00:49:38,329] {dag.py:2273} INFO - Setting next_dagrun for example_nested_branch_dag to 2021-03-31 00:00:00+00:00
[2021-04-02 00:49:38,343] {scheduler_job.py:190} INFO - Processing /Library/Frameworks/Python.framework/Versions/3.9/lib/python3.9/site-packages/airflow/example_dags/example_nested_branch_dag.py took 0.090 seconds
[2021-04-02 00:51:27,938] {scheduler_job.py:182} INFO - Started process (PID=10586) to work on /Library/Frameworks/Python.framework/Versions/3.9/lib/python3.9/site-packages/airflow/example_dags/example_nested_branch_dag.py
[2021-04-02 00:51:27,939] {scheduler_job.py:629} INFO - Processing file /Library/Frameworks/Python.framework/Versions/3.9/lib/python3.9/site-packages/airflow/example_dags/example_nested_branch_dag.py for tasks to queue
[2021-04-02 00:51:27,939] {logging_mixin.py:104} INFO - [2021-04-02 00:51:27,939] {dagbag.py:448} INFO - Filling up the DagBag from /Library/Frameworks/Python.framework/Versions/3.9/lib/python3.9/site-packages/airflow/example_dags/example_nested_branch_dag.py
[2021-04-02 00:51:27,952] {scheduler_job.py:639} INFO - DAG(s) dict_keys(['example_nested_branch_dag']) retrieved from /Library/Frameworks/Python.framework/Versions/3.9/lib/python3.9/site-packages/airflow/example_dags/example_nested_branch_dag.py
[2021-04-02 00:51:28,022] {logging_mixin.py:104} INFO - [2021-04-02 00:51:28,022] {dag.py:1818} INFO - Sync 1 DAGs
[2021-04-02 00:51:28,061] {logging_mixin.py:104} INFO - [2021-04-02 00:51:28,061] {dag.py:2273} INFO - Setting next_dagrun for example_nested_branch_dag to 2021-03-31 00:00:00+00:00
[2021-04-02 00:51:28,090] {scheduler_job.py:190} INFO - Processing /Library/Frameworks/Python.framework/Versions/3.9/lib/python3.9/site-packages/airflow/example_dags/example_nested_branch_dag.py took 0.153 seconds
[2021-04-02 00:53:16,656] {scheduler_job.py:182} INFO - Started process (PID=10655) to work on /Library/Frameworks/Python.framework/Versions/3.9/lib/python3.9/site-packages/airflow/example_dags/example_nested_branch_dag.py
[2021-04-02 00:53:16,657] {scheduler_job.py:629} INFO - Processing file /Library/Frameworks/Python.framework/Versions/3.9/lib/python3.9/site-packages/airflow/example_dags/example_nested_branch_dag.py for tasks to queue
[2021-04-02 00:53:16,658] {logging_mixin.py:104} INFO - [2021-04-02 00:53:16,657] {dagbag.py:448} INFO - Filling up the DagBag from /Library/Frameworks/Python.framework/Versions/3.9/lib/python3.9/site-packages/airflow/example_dags/example_nested_branch_dag.py
[2021-04-02 00:53:16,670] {scheduler_job.py:639} INFO - DAG(s) dict_keys(['example_nested_branch_dag']) retrieved from /Library/Frameworks/Python.framework/Versions/3.9/lib/python3.9/site-packages/airflow/example_dags/example_nested_branch_dag.py
[2021-04-02 00:53:16,710] {logging_mixin.py:104} INFO - [2021-04-02 00:53:16,710] {dag.py:1818} INFO - Sync 1 DAGs
[2021-04-02 00:53:16,725] {logging_mixin.py:104} INFO - [2021-04-02 00:53:16,725] {dag.py:2273} INFO - Setting next_dagrun for example_nested_branch_dag to 2021-03-31 00:00:00+00:00
[2021-04-02 00:53:16,737] {scheduler_job.py:190} INFO - Processing /Library/Frameworks/Python.framework/Versions/3.9/lib/python3.9/site-packages/airflow/example_dags/example_nested_branch_dag.py took 0.082 seconds
