[2021-04-02 00:26:10,409] {scheduler_job.py:182} INFO - Started process (PID=9606) to work on /Library/Frameworks/Python.framework/Versions/3.9/lib/python3.9/site-packages/airflow/example_dags/example_short_circuit_operator.py
[2021-04-02 00:26:10,410] {scheduler_job.py:629} INFO - Processing file /Library/Frameworks/Python.framework/Versions/3.9/lib/python3.9/site-packages/airflow/example_dags/example_short_circuit_operator.py for tasks to queue
[2021-04-02 00:26:10,411] {logging_mixin.py:104} INFO - [2021-04-02 00:26:10,410] {dagbag.py:448} INFO - Filling up the DagBag from /Library/Frameworks/Python.framework/Versions/3.9/lib/python3.9/site-packages/airflow/example_dags/example_short_circuit_operator.py
[2021-04-02 00:26:10,422] {scheduler_job.py:639} INFO - DAG(s) dict_keys(['example_short_circuit_operator']) retrieved from /Library/Frameworks/Python.framework/Versions/3.9/lib/python3.9/site-packages/airflow/example_dags/example_short_circuit_operator.py
[2021-04-02 00:26:10,483] {logging_mixin.py:104} INFO - [2021-04-02 00:26:10,481] {dag.py:1818} INFO - Sync 1 DAGs
[2021-04-02 00:26:10,502] {logging_mixin.py:104} INFO - [2021-04-02 00:26:10,501] {dag.py:2273} INFO - Setting next_dagrun for example_short_circuit_operator to 2021-03-31 00:00:00+00:00
[2021-04-02 00:26:10,513] {scheduler_job.py:190} INFO - Processing /Library/Frameworks/Python.framework/Versions/3.9/lib/python3.9/site-packages/airflow/example_dags/example_short_circuit_operator.py took 0.105 seconds
[2021-04-02 00:27:27,559] {scheduler_job.py:182} INFO - Started process (PID=9658) to work on /Library/Frameworks/Python.framework/Versions/3.9/lib/python3.9/site-packages/airflow/example_dags/example_short_circuit_operator.py
[2021-04-02 00:27:27,560] {scheduler_job.py:629} INFO - Processing file /Library/Frameworks/Python.framework/Versions/3.9/lib/python3.9/site-packages/airflow/example_dags/example_short_circuit_operator.py for tasks to queue
[2021-04-02 00:27:27,560] {logging_mixin.py:104} INFO - [2021-04-02 00:27:27,560] {dagbag.py:448} INFO - Filling up the DagBag from /Library/Frameworks/Python.framework/Versions/3.9/lib/python3.9/site-packages/airflow/example_dags/example_short_circuit_operator.py
[2021-04-02 00:27:27,576] {scheduler_job.py:639} INFO - DAG(s) dict_keys(['example_short_circuit_operator']) retrieved from /Library/Frameworks/Python.framework/Versions/3.9/lib/python3.9/site-packages/airflow/example_dags/example_short_circuit_operator.py
[2021-04-02 00:27:27,643] {logging_mixin.py:104} INFO - [2021-04-02 00:27:27,643] {dag.py:1818} INFO - Sync 1 DAGs
[2021-04-02 00:27:27,660] {logging_mixin.py:104} INFO - [2021-04-02 00:27:27,660] {dag.py:2273} INFO - Setting next_dagrun for example_short_circuit_operator to 2021-03-31 00:00:00+00:00
[2021-04-02 00:27:27,671] {scheduler_job.py:190} INFO - Processing /Library/Frameworks/Python.framework/Versions/3.9/lib/python3.9/site-packages/airflow/example_dags/example_short_circuit_operator.py took 0.114 seconds
[2021-04-02 00:28:37,697] {scheduler_job.py:182} INFO - Started process (PID=9705) to work on /Library/Frameworks/Python.framework/Versions/3.9/lib/python3.9/site-packages/airflow/example_dags/example_short_circuit_operator.py
[2021-04-02 00:28:37,698] {scheduler_job.py:629} INFO - Processing file /Library/Frameworks/Python.framework/Versions/3.9/lib/python3.9/site-packages/airflow/example_dags/example_short_circuit_operator.py for tasks to queue
[2021-04-02 00:28:37,699] {logging_mixin.py:104} INFO - [2021-04-02 00:28:37,699] {dagbag.py:448} INFO - Filling up the DagBag from /Library/Frameworks/Python.framework/Versions/3.9/lib/python3.9/site-packages/airflow/example_dags/example_short_circuit_operator.py
[2021-04-02 00:28:37,707] {scheduler_job.py:639} INFO - DAG(s) dict_keys(['example_short_circuit_operator']) retrieved from /Library/Frameworks/Python.framework/Versions/3.9/lib/python3.9/site-packages/airflow/example_dags/example_short_circuit_operator.py
[2021-04-02 00:28:37,751] {logging_mixin.py:104} INFO - [2021-04-02 00:28:37,751] {dag.py:1818} INFO - Sync 1 DAGs
[2021-04-02 00:28:37,760] {logging_mixin.py:104} INFO - [2021-04-02 00:28:37,759] {dag.py:2273} INFO - Setting next_dagrun for example_short_circuit_operator to 2021-03-31 00:00:00+00:00
[2021-04-02 00:28:37,766] {scheduler_job.py:190} INFO - Processing /Library/Frameworks/Python.framework/Versions/3.9/lib/python3.9/site-packages/airflow/example_dags/example_short_circuit_operator.py took 0.070 seconds
[2021-04-02 00:30:20,393] {scheduler_job.py:182} INFO - Started process (PID=9755) to work on /Library/Frameworks/Python.framework/Versions/3.9/lib/python3.9/site-packages/airflow/example_dags/example_short_circuit_operator.py
[2021-04-02 00:30:20,394] {scheduler_job.py:629} INFO - Processing file /Library/Frameworks/Python.framework/Versions/3.9/lib/python3.9/site-packages/airflow/example_dags/example_short_circuit_operator.py for tasks to queue
[2021-04-02 00:30:20,395] {logging_mixin.py:104} INFO - [2021-04-02 00:30:20,395] {dagbag.py:448} INFO - Filling up the DagBag from /Library/Frameworks/Python.framework/Versions/3.9/lib/python3.9/site-packages/airflow/example_dags/example_short_circuit_operator.py
[2021-04-02 00:30:20,403] {scheduler_job.py:639} INFO - DAG(s) dict_keys(['example_short_circuit_operator']) retrieved from /Library/Frameworks/Python.framework/Versions/3.9/lib/python3.9/site-packages/airflow/example_dags/example_short_circuit_operator.py
[2021-04-02 00:30:20,449] {logging_mixin.py:104} INFO - [2021-04-02 00:30:20,449] {dag.py:1818} INFO - Sync 1 DAGs
[2021-04-02 00:30:20,458] {logging_mixin.py:104} INFO - [2021-04-02 00:30:20,458] {dag.py:2273} INFO - Setting next_dagrun for example_short_circuit_operator to 2021-03-31 00:00:00+00:00
[2021-04-02 00:30:20,468] {scheduler_job.py:190} INFO - Processing /Library/Frameworks/Python.framework/Versions/3.9/lib/python3.9/site-packages/airflow/example_dags/example_short_circuit_operator.py took 0.076 seconds
[2021-04-02 00:32:06,937] {scheduler_job.py:182} INFO - Started process (PID=9817) to work on /Library/Frameworks/Python.framework/Versions/3.9/lib/python3.9/site-packages/airflow/example_dags/example_short_circuit_operator.py
[2021-04-02 00:32:06,939] {scheduler_job.py:629} INFO - Processing file /Library/Frameworks/Python.framework/Versions/3.9/lib/python3.9/site-packages/airflow/example_dags/example_short_circuit_operator.py for tasks to queue
[2021-04-02 00:32:06,940] {logging_mixin.py:104} INFO - [2021-04-02 00:32:06,939] {dagbag.py:448} INFO - Filling up the DagBag from /Library/Frameworks/Python.framework/Versions/3.9/lib/python3.9/site-packages/airflow/example_dags/example_short_circuit_operator.py
[2021-04-02 00:32:06,957] {scheduler_job.py:639} INFO - DAG(s) dict_keys(['example_short_circuit_operator']) retrieved from /Library/Frameworks/Python.framework/Versions/3.9/lib/python3.9/site-packages/airflow/example_dags/example_short_circuit_operator.py
[2021-04-02 00:32:07,029] {logging_mixin.py:104} INFO - [2021-04-02 00:32:07,029] {dag.py:1818} INFO - Sync 1 DAGs
[2021-04-02 00:32:07,046] {logging_mixin.py:104} INFO - [2021-04-02 00:32:07,046] {dag.py:2273} INFO - Setting next_dagrun for example_short_circuit_operator to 2021-03-31 00:00:00+00:00
[2021-04-02 00:32:07,057] {scheduler_job.py:190} INFO - Processing /Library/Frameworks/Python.framework/Versions/3.9/lib/python3.9/site-packages/airflow/example_dags/example_short_circuit_operator.py took 0.121 seconds
[2021-04-02 00:33:28,104] {scheduler_job.py:182} INFO - Started process (PID=9868) to work on /Library/Frameworks/Python.framework/Versions/3.9/lib/python3.9/site-packages/airflow/example_dags/example_short_circuit_operator.py
[2021-04-02 00:33:28,106] {scheduler_job.py:629} INFO - Processing file /Library/Frameworks/Python.framework/Versions/3.9/lib/python3.9/site-packages/airflow/example_dags/example_short_circuit_operator.py for tasks to queue
[2021-04-02 00:33:28,107] {logging_mixin.py:104} INFO - [2021-04-02 00:33:28,106] {dagbag.py:448} INFO - Filling up the DagBag from /Library/Frameworks/Python.framework/Versions/3.9/lib/python3.9/site-packages/airflow/example_dags/example_short_circuit_operator.py
[2021-04-02 00:33:28,127] {scheduler_job.py:639} INFO - DAG(s) dict_keys(['example_short_circuit_operator']) retrieved from /Library/Frameworks/Python.framework/Versions/3.9/lib/python3.9/site-packages/airflow/example_dags/example_short_circuit_operator.py
[2021-04-02 00:33:28,197] {logging_mixin.py:104} INFO - [2021-04-02 00:33:28,197] {dag.py:1818} INFO - Sync 1 DAGs
[2021-04-02 00:33:28,208] {logging_mixin.py:104} INFO - [2021-04-02 00:33:28,207] {dag.py:2273} INFO - Setting next_dagrun for example_short_circuit_operator to 2021-03-31 00:00:00+00:00
[2021-04-02 00:33:28,216] {scheduler_job.py:190} INFO - Processing /Library/Frameworks/Python.framework/Versions/3.9/lib/python3.9/site-packages/airflow/example_dags/example_short_circuit_operator.py took 0.113 seconds
[2021-04-02 00:35:42,719] {scheduler_job.py:182} INFO - Started process (PID=10026) to work on /Library/Frameworks/Python.framework/Versions/3.9/lib/python3.9/site-packages/airflow/example_dags/example_short_circuit_operator.py
[2021-04-02 00:35:42,720] {scheduler_job.py:629} INFO - Processing file /Library/Frameworks/Python.framework/Versions/3.9/lib/python3.9/site-packages/airflow/example_dags/example_short_circuit_operator.py for tasks to queue
[2021-04-02 00:35:42,721] {logging_mixin.py:104} INFO - [2021-04-02 00:35:42,721] {dagbag.py:448} INFO - Filling up the DagBag from /Library/Frameworks/Python.framework/Versions/3.9/lib/python3.9/site-packages/airflow/example_dags/example_short_circuit_operator.py
[2021-04-02 00:35:42,742] {scheduler_job.py:639} INFO - DAG(s) dict_keys(['example_short_circuit_operator']) retrieved from /Library/Frameworks/Python.framework/Versions/3.9/lib/python3.9/site-packages/airflow/example_dags/example_short_circuit_operator.py
[2021-04-02 00:35:42,853] {logging_mixin.py:104} INFO - [2021-04-02 00:35:42,852] {dag.py:1818} INFO - Sync 1 DAGs
[2021-04-02 00:35:42,873] {logging_mixin.py:104} INFO - [2021-04-02 00:35:42,873] {dag.py:2273} INFO - Setting next_dagrun for example_short_circuit_operator to 2021-03-31 00:00:00+00:00
[2021-04-02 00:35:42,887] {scheduler_job.py:190} INFO - Processing /Library/Frameworks/Python.framework/Versions/3.9/lib/python3.9/site-packages/airflow/example_dags/example_short_circuit_operator.py took 0.173 seconds
[2021-04-02 00:37:13,302] {scheduler_job.py:182} INFO - Started process (PID=10078) to work on /Library/Frameworks/Python.framework/Versions/3.9/lib/python3.9/site-packages/airflow/example_dags/example_short_circuit_operator.py
[2021-04-02 00:37:13,304] {scheduler_job.py:629} INFO - Processing file /Library/Frameworks/Python.framework/Versions/3.9/lib/python3.9/site-packages/airflow/example_dags/example_short_circuit_operator.py for tasks to queue
[2021-04-02 00:37:13,304] {logging_mixin.py:104} INFO - [2021-04-02 00:37:13,304] {dagbag.py:448} INFO - Filling up the DagBag from /Library/Frameworks/Python.framework/Versions/3.9/lib/python3.9/site-packages/airflow/example_dags/example_short_circuit_operator.py
[2021-04-02 00:37:13,313] {scheduler_job.py:639} INFO - DAG(s) dict_keys(['example_short_circuit_operator']) retrieved from /Library/Frameworks/Python.framework/Versions/3.9/lib/python3.9/site-packages/airflow/example_dags/example_short_circuit_operator.py
[2021-04-02 00:37:13,348] {logging_mixin.py:104} INFO - [2021-04-02 00:37:13,347] {dag.py:1818} INFO - Sync 1 DAGs
[2021-04-02 00:37:13,355] {logging_mixin.py:104} INFO - [2021-04-02 00:37:13,355] {dag.py:2273} INFO - Setting next_dagrun for example_short_circuit_operator to 2021-03-31 00:00:00+00:00
[2021-04-02 00:37:13,362] {scheduler_job.py:190} INFO - Processing /Library/Frameworks/Python.framework/Versions/3.9/lib/python3.9/site-packages/airflow/example_dags/example_short_circuit_operator.py took 0.060 seconds
[2021-04-02 00:38:22,769] {scheduler_job.py:182} INFO - Started process (PID=10111) to work on /Library/Frameworks/Python.framework/Versions/3.9/lib/python3.9/site-packages/airflow/example_dags/example_short_circuit_operator.py
[2021-04-02 00:38:22,769] {scheduler_job.py:629} INFO - Processing file /Library/Frameworks/Python.framework/Versions/3.9/lib/python3.9/site-packages/airflow/example_dags/example_short_circuit_operator.py for tasks to queue
[2021-04-02 00:38:22,770] {logging_mixin.py:104} INFO - [2021-04-02 00:38:22,770] {dagbag.py:448} INFO - Filling up the DagBag from /Library/Frameworks/Python.framework/Versions/3.9/lib/python3.9/site-packages/airflow/example_dags/example_short_circuit_operator.py
[2021-04-02 00:38:22,783] {scheduler_job.py:639} INFO - DAG(s) dict_keys(['example_short_circuit_operator']) retrieved from /Library/Frameworks/Python.framework/Versions/3.9/lib/python3.9/site-packages/airflow/example_dags/example_short_circuit_operator.py
[2021-04-02 00:38:22,842] {logging_mixin.py:104} INFO - [2021-04-02 00:38:22,842] {dag.py:1818} INFO - Sync 1 DAGs
[2021-04-02 00:38:22,855] {logging_mixin.py:104} INFO - [2021-04-02 00:38:22,855] {dag.py:2273} INFO - Setting next_dagrun for example_short_circuit_operator to 2021-03-31 00:00:00+00:00
[2021-04-02 00:38:22,863] {scheduler_job.py:190} INFO - Processing /Library/Frameworks/Python.framework/Versions/3.9/lib/python3.9/site-packages/airflow/example_dags/example_short_circuit_operator.py took 0.095 seconds
[2021-04-02 00:39:39,964] {scheduler_job.py:182} INFO - Started process (PID=10150) to work on /Library/Frameworks/Python.framework/Versions/3.9/lib/python3.9/site-packages/airflow/example_dags/example_short_circuit_operator.py
[2021-04-02 00:39:39,966] {scheduler_job.py:629} INFO - Processing file /Library/Frameworks/Python.framework/Versions/3.9/lib/python3.9/site-packages/airflow/example_dags/example_short_circuit_operator.py for tasks to queue
[2021-04-02 00:39:39,967] {logging_mixin.py:104} INFO - [2021-04-02 00:39:39,967] {dagbag.py:448} INFO - Filling up the DagBag from /Library/Frameworks/Python.framework/Versions/3.9/lib/python3.9/site-packages/airflow/example_dags/example_short_circuit_operator.py
[2021-04-02 00:39:39,978] {scheduler_job.py:639} INFO - DAG(s) dict_keys(['example_short_circuit_operator']) retrieved from /Library/Frameworks/Python.framework/Versions/3.9/lib/python3.9/site-packages/airflow/example_dags/example_short_circuit_operator.py
[2021-04-02 00:39:40,022] {logging_mixin.py:104} INFO - [2021-04-02 00:39:40,022] {dag.py:1818} INFO - Sync 1 DAGs
[2021-04-02 00:39:40,030] {logging_mixin.py:104} INFO - [2021-04-02 00:39:40,030] {dag.py:2273} INFO - Setting next_dagrun for example_short_circuit_operator to 2021-03-31 00:00:00+00:00
[2021-04-02 00:39:40,037] {scheduler_job.py:190} INFO - Processing /Library/Frameworks/Python.framework/Versions/3.9/lib/python3.9/site-packages/airflow/example_dags/example_short_circuit_operator.py took 0.074 seconds
[2021-04-02 00:40:33,922] {scheduler_job.py:182} INFO - Started process (PID=10176) to work on /Library/Frameworks/Python.framework/Versions/3.9/lib/python3.9/site-packages/airflow/example_dags/example_short_circuit_operator.py
[2021-04-02 00:40:33,923] {scheduler_job.py:629} INFO - Processing file /Library/Frameworks/Python.framework/Versions/3.9/lib/python3.9/site-packages/airflow/example_dags/example_short_circuit_operator.py for tasks to queue
[2021-04-02 00:40:33,926] {logging_mixin.py:104} INFO - [2021-04-02 00:40:33,926] {dagbag.py:448} INFO - Filling up the DagBag from /Library/Frameworks/Python.framework/Versions/3.9/lib/python3.9/site-packages/airflow/example_dags/example_short_circuit_operator.py
[2021-04-02 00:40:33,944] {scheduler_job.py:639} INFO - DAG(s) dict_keys(['example_short_circuit_operator']) retrieved from /Library/Frameworks/Python.framework/Versions/3.9/lib/python3.9/site-packages/airflow/example_dags/example_short_circuit_operator.py
[2021-04-02 00:40:33,991] {logging_mixin.py:104} INFO - [2021-04-02 00:40:33,991] {dag.py:1818} INFO - Sync 1 DAGs
[2021-04-02 00:40:34,001] {logging_mixin.py:104} INFO - [2021-04-02 00:40:34,001] {dag.py:2273} INFO - Setting next_dagrun for example_short_circuit_operator to 2021-03-31 00:00:00+00:00
[2021-04-02 00:40:34,008] {scheduler_job.py:190} INFO - Processing /Library/Frameworks/Python.framework/Versions/3.9/lib/python3.9/site-packages/airflow/example_dags/example_short_circuit_operator.py took 0.088 seconds
[2021-04-02 00:41:33,912] {scheduler_job.py:182} INFO - Started process (PID=10235) to work on /Library/Frameworks/Python.framework/Versions/3.9/lib/python3.9/site-packages/airflow/example_dags/example_short_circuit_operator.py
[2021-04-02 00:41:33,913] {scheduler_job.py:629} INFO - Processing file /Library/Frameworks/Python.framework/Versions/3.9/lib/python3.9/site-packages/airflow/example_dags/example_short_circuit_operator.py for tasks to queue
[2021-04-02 00:41:33,916] {logging_mixin.py:104} INFO - [2021-04-02 00:41:33,915] {dagbag.py:448} INFO - Filling up the DagBag from /Library/Frameworks/Python.framework/Versions/3.9/lib/python3.9/site-packages/airflow/example_dags/example_short_circuit_operator.py
[2021-04-02 00:41:33,925] {scheduler_job.py:639} INFO - DAG(s) dict_keys(['example_short_circuit_operator']) retrieved from /Library/Frameworks/Python.framework/Versions/3.9/lib/python3.9/site-packages/airflow/example_dags/example_short_circuit_operator.py
[2021-04-02 00:41:33,967] {logging_mixin.py:104} INFO - [2021-04-02 00:41:33,967] {dag.py:1818} INFO - Sync 1 DAGs
[2021-04-02 00:41:33,977] {logging_mixin.py:104} INFO - [2021-04-02 00:41:33,977] {dag.py:2273} INFO - Setting next_dagrun for example_short_circuit_operator to 2021-03-31 00:00:00+00:00
[2021-04-02 00:41:33,988] {scheduler_job.py:190} INFO - Processing /Library/Frameworks/Python.framework/Versions/3.9/lib/python3.9/site-packages/airflow/example_dags/example_short_circuit_operator.py took 0.077 seconds
[2021-04-02 00:42:49,488] {scheduler_job.py:182} INFO - Started process (PID=10279) to work on /Library/Frameworks/Python.framework/Versions/3.9/lib/python3.9/site-packages/airflow/example_dags/example_short_circuit_operator.py
[2021-04-02 00:42:49,490] {scheduler_job.py:629} INFO - Processing file /Library/Frameworks/Python.framework/Versions/3.9/lib/python3.9/site-packages/airflow/example_dags/example_short_circuit_operator.py for tasks to queue
[2021-04-02 00:42:49,490] {logging_mixin.py:104} INFO - [2021-04-02 00:42:49,490] {dagbag.py:448} INFO - Filling up the DagBag from /Library/Frameworks/Python.framework/Versions/3.9/lib/python3.9/site-packages/airflow/example_dags/example_short_circuit_operator.py
[2021-04-02 00:42:49,499] {scheduler_job.py:639} INFO - DAG(s) dict_keys(['example_short_circuit_operator']) retrieved from /Library/Frameworks/Python.framework/Versions/3.9/lib/python3.9/site-packages/airflow/example_dags/example_short_circuit_operator.py
[2021-04-02 00:42:49,553] {logging_mixin.py:104} INFO - [2021-04-02 00:42:49,553] {dag.py:1818} INFO - Sync 1 DAGs
[2021-04-02 00:42:49,561] {logging_mixin.py:104} INFO - [2021-04-02 00:42:49,561] {dag.py:2273} INFO - Setting next_dagrun for example_short_circuit_operator to 2021-03-31 00:00:00+00:00
[2021-04-02 00:42:49,569] {scheduler_job.py:190} INFO - Processing /Library/Frameworks/Python.framework/Versions/3.9/lib/python3.9/site-packages/airflow/example_dags/example_short_circuit_operator.py took 0.082 seconds
[2021-04-02 00:44:21,315] {scheduler_job.py:182} INFO - Started process (PID=10341) to work on /Library/Frameworks/Python.framework/Versions/3.9/lib/python3.9/site-packages/airflow/example_dags/example_short_circuit_operator.py
[2021-04-02 00:44:21,317] {scheduler_job.py:629} INFO - Processing file /Library/Frameworks/Python.framework/Versions/3.9/lib/python3.9/site-packages/airflow/example_dags/example_short_circuit_operator.py for tasks to queue
[2021-04-02 00:44:21,318] {logging_mixin.py:104} INFO - [2021-04-02 00:44:21,318] {dagbag.py:448} INFO - Filling up the DagBag from /Library/Frameworks/Python.framework/Versions/3.9/lib/python3.9/site-packages/airflow/example_dags/example_short_circuit_operator.py
[2021-04-02 00:44:21,330] {scheduler_job.py:639} INFO - DAG(s) dict_keys(['example_short_circuit_operator']) retrieved from /Library/Frameworks/Python.framework/Versions/3.9/lib/python3.9/site-packages/airflow/example_dags/example_short_circuit_operator.py
[2021-04-02 00:44:21,377] {logging_mixin.py:104} INFO - [2021-04-02 00:44:21,377] {dag.py:1818} INFO - Sync 1 DAGs
[2021-04-02 00:44:21,389] {logging_mixin.py:104} INFO - [2021-04-02 00:44:21,389] {dag.py:2273} INFO - Setting next_dagrun for example_short_circuit_operator to 2021-03-31 00:00:00+00:00
[2021-04-02 00:44:21,397] {scheduler_job.py:190} INFO - Processing /Library/Frameworks/Python.framework/Versions/3.9/lib/python3.9/site-packages/airflow/example_dags/example_short_circuit_operator.py took 0.083 seconds
[2021-04-02 00:46:31,982] {scheduler_job.py:182} INFO - Started process (PID=10452) to work on /Library/Frameworks/Python.framework/Versions/3.9/lib/python3.9/site-packages/airflow/example_dags/example_short_circuit_operator.py
[2021-04-02 00:46:31,984] {scheduler_job.py:629} INFO - Processing file /Library/Frameworks/Python.framework/Versions/3.9/lib/python3.9/site-packages/airflow/example_dags/example_short_circuit_operator.py for tasks to queue
[2021-04-02 00:46:31,985] {logging_mixin.py:104} INFO - [2021-04-02 00:46:31,984] {dagbag.py:448} INFO - Filling up the DagBag from /Library/Frameworks/Python.framework/Versions/3.9/lib/python3.9/site-packages/airflow/example_dags/example_short_circuit_operator.py
[2021-04-02 00:46:31,994] {scheduler_job.py:639} INFO - DAG(s) dict_keys(['example_short_circuit_operator']) retrieved from /Library/Frameworks/Python.framework/Versions/3.9/lib/python3.9/site-packages/airflow/example_dags/example_short_circuit_operator.py
[2021-04-02 00:46:32,030] {logging_mixin.py:104} INFO - [2021-04-02 00:46:32,029] {dag.py:1818} INFO - Sync 1 DAGs
[2021-04-02 00:46:32,037] {logging_mixin.py:104} INFO - [2021-04-02 00:46:32,037] {dag.py:2273} INFO - Setting next_dagrun for example_short_circuit_operator to 2021-03-31 00:00:00+00:00
[2021-04-02 00:46:32,043] {scheduler_job.py:190} INFO - Processing /Library/Frameworks/Python.framework/Versions/3.9/lib/python3.9/site-packages/airflow/example_dags/example_short_circuit_operator.py took 0.061 seconds
[2021-04-02 00:47:50,792] {scheduler_job.py:182} INFO - Started process (PID=10489) to work on /Library/Frameworks/Python.framework/Versions/3.9/lib/python3.9/site-packages/airflow/example_dags/example_short_circuit_operator.py
[2021-04-02 00:47:50,794] {scheduler_job.py:629} INFO - Processing file /Library/Frameworks/Python.framework/Versions/3.9/lib/python3.9/site-packages/airflow/example_dags/example_short_circuit_operator.py for tasks to queue
[2021-04-02 00:47:50,795] {logging_mixin.py:104} INFO - [2021-04-02 00:47:50,795] {dagbag.py:448} INFO - Filling up the DagBag from /Library/Frameworks/Python.framework/Versions/3.9/lib/python3.9/site-packages/airflow/example_dags/example_short_circuit_operator.py
[2021-04-02 00:47:50,814] {scheduler_job.py:639} INFO - DAG(s) dict_keys(['example_short_circuit_operator']) retrieved from /Library/Frameworks/Python.framework/Versions/3.9/lib/python3.9/site-packages/airflow/example_dags/example_short_circuit_operator.py
[2021-04-02 00:47:50,880] {logging_mixin.py:104} INFO - [2021-04-02 00:47:50,880] {dag.py:1818} INFO - Sync 1 DAGs
[2021-04-02 00:47:50,897] {logging_mixin.py:104} INFO - [2021-04-02 00:47:50,897] {dag.py:2273} INFO - Setting next_dagrun for example_short_circuit_operator to 2021-03-31 00:00:00+00:00
[2021-04-02 00:47:50,921] {scheduler_job.py:190} INFO - Processing /Library/Frameworks/Python.framework/Versions/3.9/lib/python3.9/site-packages/airflow/example_dags/example_short_circuit_operator.py took 0.132 seconds
[2021-04-02 00:49:45,428] {scheduler_job.py:182} INFO - Started process (PID=10537) to work on /Library/Frameworks/Python.framework/Versions/3.9/lib/python3.9/site-packages/airflow/example_dags/example_short_circuit_operator.py
[2021-04-02 00:49:45,430] {scheduler_job.py:629} INFO - Processing file /Library/Frameworks/Python.framework/Versions/3.9/lib/python3.9/site-packages/airflow/example_dags/example_short_circuit_operator.py for tasks to queue
[2021-04-02 00:49:45,431] {logging_mixin.py:104} INFO - [2021-04-02 00:49:45,431] {dagbag.py:448} INFO - Filling up the DagBag from /Library/Frameworks/Python.framework/Versions/3.9/lib/python3.9/site-packages/airflow/example_dags/example_short_circuit_operator.py
[2021-04-02 00:49:45,440] {scheduler_job.py:639} INFO - DAG(s) dict_keys(['example_short_circuit_operator']) retrieved from /Library/Frameworks/Python.framework/Versions/3.9/lib/python3.9/site-packages/airflow/example_dags/example_short_circuit_operator.py
[2021-04-02 00:49:45,491] {logging_mixin.py:104} INFO - [2021-04-02 00:49:45,490] {dag.py:1818} INFO - Sync 1 DAGs
[2021-04-02 00:49:45,500] {logging_mixin.py:104} INFO - [2021-04-02 00:49:45,500] {dag.py:2273} INFO - Setting next_dagrun for example_short_circuit_operator to 2021-03-31 00:00:00+00:00
[2021-04-02 00:49:45,510] {scheduler_job.py:190} INFO - Processing /Library/Frameworks/Python.framework/Versions/3.9/lib/python3.9/site-packages/airflow/example_dags/example_short_circuit_operator.py took 0.082 seconds
[2021-04-02 00:51:33,185] {scheduler_job.py:182} INFO - Started process (PID=10588) to work on /Library/Frameworks/Python.framework/Versions/3.9/lib/python3.9/site-packages/airflow/example_dags/example_short_circuit_operator.py
[2021-04-02 00:51:33,186] {scheduler_job.py:629} INFO - Processing file /Library/Frameworks/Python.framework/Versions/3.9/lib/python3.9/site-packages/airflow/example_dags/example_short_circuit_operator.py for tasks to queue
[2021-04-02 00:51:33,187] {logging_mixin.py:104} INFO - [2021-04-02 00:51:33,187] {dagbag.py:448} INFO - Filling up the DagBag from /Library/Frameworks/Python.framework/Versions/3.9/lib/python3.9/site-packages/airflow/example_dags/example_short_circuit_operator.py
[2021-04-02 00:51:33,196] {scheduler_job.py:639} INFO - DAG(s) dict_keys(['example_short_circuit_operator']) retrieved from /Library/Frameworks/Python.framework/Versions/3.9/lib/python3.9/site-packages/airflow/example_dags/example_short_circuit_operator.py
[2021-04-02 00:51:33,242] {logging_mixin.py:104} INFO - [2021-04-02 00:51:33,242] {dag.py:1818} INFO - Sync 1 DAGs
[2021-04-02 00:51:33,251] {logging_mixin.py:104} INFO - [2021-04-02 00:51:33,251] {dag.py:2273} INFO - Setting next_dagrun for example_short_circuit_operator to 2021-03-31 00:00:00+00:00
[2021-04-02 00:51:33,257] {scheduler_job.py:190} INFO - Processing /Library/Frameworks/Python.framework/Versions/3.9/lib/python3.9/site-packages/airflow/example_dags/example_short_circuit_operator.py took 0.073 seconds
[2021-04-02 00:53:20,818] {scheduler_job.py:182} INFO - Started process (PID=10657) to work on /Library/Frameworks/Python.framework/Versions/3.9/lib/python3.9/site-packages/airflow/example_dags/example_short_circuit_operator.py
[2021-04-02 00:53:20,820] {scheduler_job.py:629} INFO - Processing file /Library/Frameworks/Python.framework/Versions/3.9/lib/python3.9/site-packages/airflow/example_dags/example_short_circuit_operator.py for tasks to queue
[2021-04-02 00:53:20,821] {logging_mixin.py:104} INFO - [2021-04-02 00:53:20,820] {dagbag.py:448} INFO - Filling up the DagBag from /Library/Frameworks/Python.framework/Versions/3.9/lib/python3.9/site-packages/airflow/example_dags/example_short_circuit_operator.py
[2021-04-02 00:53:20,830] {scheduler_job.py:639} INFO - DAG(s) dict_keys(['example_short_circuit_operator']) retrieved from /Library/Frameworks/Python.framework/Versions/3.9/lib/python3.9/site-packages/airflow/example_dags/example_short_circuit_operator.py
[2021-04-02 00:53:20,864] {logging_mixin.py:104} INFO - [2021-04-02 00:53:20,863] {dag.py:1818} INFO - Sync 1 DAGs
[2021-04-02 00:53:20,872] {logging_mixin.py:104} INFO - [2021-04-02 00:53:20,872] {dag.py:2273} INFO - Setting next_dagrun for example_short_circuit_operator to 2021-03-31 00:00:00+00:00
[2021-04-02 00:53:20,878] {scheduler_job.py:190} INFO - Processing /Library/Frameworks/Python.framework/Versions/3.9/lib/python3.9/site-packages/airflow/example_dags/example_short_circuit_operator.py took 0.060 seconds
