[2021-04-02 00:26:18,991] {scheduler_job.py:182} INFO - Started process (PID=9610) to work on /Library/Frameworks/Python.framework/Versions/3.9/lib/python3.9/site-packages/airflow/example_dags/example_branch_python_dop_operator_3.py
[2021-04-02 00:26:18,994] {scheduler_job.py:629} INFO - Processing file /Library/Frameworks/Python.framework/Versions/3.9/lib/python3.9/site-packages/airflow/example_dags/example_branch_python_dop_operator_3.py for tasks to queue
[2021-04-02 00:26:18,995] {logging_mixin.py:104} INFO - [2021-04-02 00:26:18,995] {dagbag.py:448} INFO - Filling up the DagBag from /Library/Frameworks/Python.framework/Versions/3.9/lib/python3.9/site-packages/airflow/example_dags/example_branch_python_dop_operator_3.py
[2021-04-02 00:26:19,010] {scheduler_job.py:639} INFO - DAG(s) dict_keys(['example_branch_dop_operator_v3']) retrieved from /Library/Frameworks/Python.framework/Versions/3.9/lib/python3.9/site-packages/airflow/example_dags/example_branch_python_dop_operator_3.py
[2021-04-02 00:26:19,051] {logging_mixin.py:104} INFO - [2021-04-02 00:26:19,051] {dag.py:1818} INFO - Sync 1 DAGs
[2021-04-02 00:26:19,082] {logging_mixin.py:104} INFO - [2021-04-02 00:26:19,081] {dag.py:2273} INFO - Setting next_dagrun for example_branch_dop_operator_v3 to 2021-03-31 00:00:00+00:00
[2021-04-02 00:26:19,093] {scheduler_job.py:190} INFO - Processing /Library/Frameworks/Python.framework/Versions/3.9/lib/python3.9/site-packages/airflow/example_dags/example_branch_python_dop_operator_3.py took 0.105 seconds
[2021-04-02 00:27:35,881] {scheduler_job.py:182} INFO - Started process (PID=9664) to work on /Library/Frameworks/Python.framework/Versions/3.9/lib/python3.9/site-packages/airflow/example_dags/example_branch_python_dop_operator_3.py
[2021-04-02 00:27:35,882] {scheduler_job.py:629} INFO - Processing file /Library/Frameworks/Python.framework/Versions/3.9/lib/python3.9/site-packages/airflow/example_dags/example_branch_python_dop_operator_3.py for tasks to queue
[2021-04-02 00:27:35,883] {logging_mixin.py:104} INFO - [2021-04-02 00:27:35,883] {dagbag.py:448} INFO - Filling up the DagBag from /Library/Frameworks/Python.framework/Versions/3.9/lib/python3.9/site-packages/airflow/example_dags/example_branch_python_dop_operator_3.py
[2021-04-02 00:27:35,894] {scheduler_job.py:639} INFO - DAG(s) dict_keys(['example_branch_dop_operator_v3']) retrieved from /Library/Frameworks/Python.framework/Versions/3.9/lib/python3.9/site-packages/airflow/example_dags/example_branch_python_dop_operator_3.py
[2021-04-02 00:27:35,928] {logging_mixin.py:104} INFO - [2021-04-02 00:27:35,928] {dag.py:1818} INFO - Sync 1 DAGs
[2021-04-02 00:27:35,951] {logging_mixin.py:104} INFO - [2021-04-02 00:27:35,951] {dag.py:2273} INFO - Setting next_dagrun for example_branch_dop_operator_v3 to 2021-03-31 00:00:00+00:00
[2021-04-02 00:27:35,957] {scheduler_job.py:190} INFO - Processing /Library/Frameworks/Python.framework/Versions/3.9/lib/python3.9/site-packages/airflow/example_dags/example_branch_python_dop_operator_3.py took 0.077 seconds
[2021-04-02 00:28:44,041] {scheduler_job.py:182} INFO - Started process (PID=9708) to work on /Library/Frameworks/Python.framework/Versions/3.9/lib/python3.9/site-packages/airflow/example_dags/example_branch_python_dop_operator_3.py
[2021-04-02 00:28:44,042] {scheduler_job.py:629} INFO - Processing file /Library/Frameworks/Python.framework/Versions/3.9/lib/python3.9/site-packages/airflow/example_dags/example_branch_python_dop_operator_3.py for tasks to queue
[2021-04-02 00:28:44,042] {logging_mixin.py:104} INFO - [2021-04-02 00:28:44,042] {dagbag.py:448} INFO - Filling up the DagBag from /Library/Frameworks/Python.framework/Versions/3.9/lib/python3.9/site-packages/airflow/example_dags/example_branch_python_dop_operator_3.py
[2021-04-02 00:28:44,053] {scheduler_job.py:639} INFO - DAG(s) dict_keys(['example_branch_dop_operator_v3']) retrieved from /Library/Frameworks/Python.framework/Versions/3.9/lib/python3.9/site-packages/airflow/example_dags/example_branch_python_dop_operator_3.py
[2021-04-02 00:28:44,090] {logging_mixin.py:104} INFO - [2021-04-02 00:28:44,090] {dag.py:1818} INFO - Sync 1 DAGs
[2021-04-02 00:28:44,139] {logging_mixin.py:104} INFO - [2021-04-02 00:28:44,139] {dag.py:2273} INFO - Setting next_dagrun for example_branch_dop_operator_v3 to 2021-03-31 00:00:00+00:00
[2021-04-02 00:28:44,294] {scheduler_job.py:190} INFO - Processing /Library/Frameworks/Python.framework/Versions/3.9/lib/python3.9/site-packages/airflow/example_dags/example_branch_python_dop_operator_3.py took 0.254 seconds
[2021-04-02 00:31:01,788] {scheduler_job.py:182} INFO - Started process (PID=9775) to work on /Library/Frameworks/Python.framework/Versions/3.9/lib/python3.9/site-packages/airflow/example_dags/example_branch_python_dop_operator_3.py
[2021-04-02 00:31:01,790] {scheduler_job.py:629} INFO - Processing file /Library/Frameworks/Python.framework/Versions/3.9/lib/python3.9/site-packages/airflow/example_dags/example_branch_python_dop_operator_3.py for tasks to queue
[2021-04-02 00:31:01,791] {logging_mixin.py:104} INFO - [2021-04-02 00:31:01,791] {dagbag.py:448} INFO - Filling up the DagBag from /Library/Frameworks/Python.framework/Versions/3.9/lib/python3.9/site-packages/airflow/example_dags/example_branch_python_dop_operator_3.py
[2021-04-02 00:31:01,803] {scheduler_job.py:639} INFO - DAG(s) dict_keys(['example_branch_dop_operator_v3']) retrieved from /Library/Frameworks/Python.framework/Versions/3.9/lib/python3.9/site-packages/airflow/example_dags/example_branch_python_dop_operator_3.py
[2021-04-02 00:31:01,851] {logging_mixin.py:104} INFO - [2021-04-02 00:31:01,851] {dag.py:1818} INFO - Sync 1 DAGs
[2021-04-02 00:31:01,888] {logging_mixin.py:104} INFO - [2021-04-02 00:31:01,888] {dag.py:2273} INFO - Setting next_dagrun for example_branch_dop_operator_v3 to 2021-03-31 00:00:00+00:00
[2021-04-02 00:31:01,899] {scheduler_job.py:190} INFO - Processing /Library/Frameworks/Python.framework/Versions/3.9/lib/python3.9/site-packages/airflow/example_dags/example_branch_python_dop_operator_3.py took 0.111 seconds
[2021-04-02 00:32:35,708] {scheduler_job.py:182} INFO - Started process (PID=9837) to work on /Library/Frameworks/Python.framework/Versions/3.9/lib/python3.9/site-packages/airflow/example_dags/example_branch_python_dop_operator_3.py
[2021-04-02 00:32:35,710] {scheduler_job.py:629} INFO - Processing file /Library/Frameworks/Python.framework/Versions/3.9/lib/python3.9/site-packages/airflow/example_dags/example_branch_python_dop_operator_3.py for tasks to queue
[2021-04-02 00:32:35,711] {logging_mixin.py:104} INFO - [2021-04-02 00:32:35,711] {dagbag.py:448} INFO - Filling up the DagBag from /Library/Frameworks/Python.framework/Versions/3.9/lib/python3.9/site-packages/airflow/example_dags/example_branch_python_dop_operator_3.py
[2021-04-02 00:32:35,734] {scheduler_job.py:639} INFO - DAG(s) dict_keys(['example_branch_dop_operator_v3']) retrieved from /Library/Frameworks/Python.framework/Versions/3.9/lib/python3.9/site-packages/airflow/example_dags/example_branch_python_dop_operator_3.py
[2021-04-02 00:32:35,801] {logging_mixin.py:104} INFO - [2021-04-02 00:32:35,801] {dag.py:1818} INFO - Sync 1 DAGs
[2021-04-02 00:32:35,842] {logging_mixin.py:104} INFO - [2021-04-02 00:32:35,841] {dag.py:2273} INFO - Setting next_dagrun for example_branch_dop_operator_v3 to 2021-03-31 00:00:00+00:00
[2021-04-02 00:32:35,852] {scheduler_job.py:190} INFO - Processing /Library/Frameworks/Python.framework/Versions/3.9/lib/python3.9/site-packages/airflow/example_dags/example_branch_python_dop_operator_3.py took 0.146 seconds
[2021-04-02 00:34:28,098] {scheduler_job.py:182} INFO - Started process (PID=9916) to work on /Library/Frameworks/Python.framework/Versions/3.9/lib/python3.9/site-packages/airflow/example_dags/example_branch_python_dop_operator_3.py
[2021-04-02 00:34:28,099] {scheduler_job.py:629} INFO - Processing file /Library/Frameworks/Python.framework/Versions/3.9/lib/python3.9/site-packages/airflow/example_dags/example_branch_python_dop_operator_3.py for tasks to queue
[2021-04-02 00:34:28,100] {logging_mixin.py:104} INFO - [2021-04-02 00:34:28,100] {dagbag.py:448} INFO - Filling up the DagBag from /Library/Frameworks/Python.framework/Versions/3.9/lib/python3.9/site-packages/airflow/example_dags/example_branch_python_dop_operator_3.py
[2021-04-02 00:34:28,115] {scheduler_job.py:639} INFO - DAG(s) dict_keys(['example_branch_dop_operator_v3']) retrieved from /Library/Frameworks/Python.framework/Versions/3.9/lib/python3.9/site-packages/airflow/example_dags/example_branch_python_dop_operator_3.py
[2021-04-02 00:34:28,168] {logging_mixin.py:104} INFO - [2021-04-02 00:34:28,168] {dag.py:1818} INFO - Sync 1 DAGs
[2021-04-02 00:34:28,206] {logging_mixin.py:104} INFO - [2021-04-02 00:34:28,206] {dag.py:2273} INFO - Setting next_dagrun for example_branch_dop_operator_v3 to 2021-03-31 00:00:00+00:00
[2021-04-02 00:34:28,215] {scheduler_job.py:190} INFO - Processing /Library/Frameworks/Python.framework/Versions/3.9/lib/python3.9/site-packages/airflow/example_dags/example_branch_python_dop_operator_3.py took 0.119 seconds
[2021-04-02 00:36:21,942] {scheduler_job.py:182} INFO - Started process (PID=10044) to work on /Library/Frameworks/Python.framework/Versions/3.9/lib/python3.9/site-packages/airflow/example_dags/example_branch_python_dop_operator_3.py
[2021-04-02 00:36:21,943] {scheduler_job.py:629} INFO - Processing file /Library/Frameworks/Python.framework/Versions/3.9/lib/python3.9/site-packages/airflow/example_dags/example_branch_python_dop_operator_3.py for tasks to queue
[2021-04-02 00:36:21,943] {logging_mixin.py:104} INFO - [2021-04-02 00:36:21,943] {dagbag.py:448} INFO - Filling up the DagBag from /Library/Frameworks/Python.framework/Versions/3.9/lib/python3.9/site-packages/airflow/example_dags/example_branch_python_dop_operator_3.py
[2021-04-02 00:36:21,957] {scheduler_job.py:639} INFO - DAG(s) dict_keys(['example_branch_dop_operator_v3']) retrieved from /Library/Frameworks/Python.framework/Versions/3.9/lib/python3.9/site-packages/airflow/example_dags/example_branch_python_dop_operator_3.py
[2021-04-02 00:36:22,007] {logging_mixin.py:104} INFO - [2021-04-02 00:36:22,007] {dag.py:1818} INFO - Sync 1 DAGs
[2021-04-02 00:36:22,032] {logging_mixin.py:104} INFO - [2021-04-02 00:36:22,032] {dag.py:2273} INFO - Setting next_dagrun for example_branch_dop_operator_v3 to 2021-03-31 00:00:00+00:00
[2021-04-02 00:36:22,044] {scheduler_job.py:190} INFO - Processing /Library/Frameworks/Python.framework/Versions/3.9/lib/python3.9/site-packages/airflow/example_dags/example_branch_python_dop_operator_3.py took 0.103 seconds
[2021-04-02 00:37:31,850] {scheduler_job.py:182} INFO - Started process (PID=10086) to work on /Library/Frameworks/Python.framework/Versions/3.9/lib/python3.9/site-packages/airflow/example_dags/example_branch_python_dop_operator_3.py
[2021-04-02 00:37:31,853] {scheduler_job.py:629} INFO - Processing file /Library/Frameworks/Python.framework/Versions/3.9/lib/python3.9/site-packages/airflow/example_dags/example_branch_python_dop_operator_3.py for tasks to queue
[2021-04-02 00:37:31,854] {logging_mixin.py:104} INFO - [2021-04-02 00:37:31,854] {dagbag.py:448} INFO - Filling up the DagBag from /Library/Frameworks/Python.framework/Versions/3.9/lib/python3.9/site-packages/airflow/example_dags/example_branch_python_dop_operator_3.py
[2021-04-02 00:37:31,870] {scheduler_job.py:639} INFO - DAG(s) dict_keys(['example_branch_dop_operator_v3']) retrieved from /Library/Frameworks/Python.framework/Versions/3.9/lib/python3.9/site-packages/airflow/example_dags/example_branch_python_dop_operator_3.py
[2021-04-02 00:37:31,919] {logging_mixin.py:104} INFO - [2021-04-02 00:37:31,919] {dag.py:1818} INFO - Sync 1 DAGs
[2021-04-02 00:37:31,941] {logging_mixin.py:104} INFO - [2021-04-02 00:37:31,941] {dag.py:2273} INFO - Setting next_dagrun for example_branch_dop_operator_v3 to 2021-03-31 00:00:00+00:00
[2021-04-02 00:37:31,950] {scheduler_job.py:190} INFO - Processing /Library/Frameworks/Python.framework/Versions/3.9/lib/python3.9/site-packages/airflow/example_dags/example_branch_python_dop_operator_3.py took 0.102 seconds
[2021-04-02 00:38:43,534] {scheduler_job.py:182} INFO - Started process (PID=10121) to work on /Library/Frameworks/Python.framework/Versions/3.9/lib/python3.9/site-packages/airflow/example_dags/example_branch_python_dop_operator_3.py
[2021-04-02 00:38:43,535] {scheduler_job.py:629} INFO - Processing file /Library/Frameworks/Python.framework/Versions/3.9/lib/python3.9/site-packages/airflow/example_dags/example_branch_python_dop_operator_3.py for tasks to queue
[2021-04-02 00:38:43,536] {logging_mixin.py:104} INFO - [2021-04-02 00:38:43,536] {dagbag.py:448} INFO - Filling up the DagBag from /Library/Frameworks/Python.framework/Versions/3.9/lib/python3.9/site-packages/airflow/example_dags/example_branch_python_dop_operator_3.py
[2021-04-02 00:38:43,558] {scheduler_job.py:639} INFO - DAG(s) dict_keys(['example_branch_dop_operator_v3']) retrieved from /Library/Frameworks/Python.framework/Versions/3.9/lib/python3.9/site-packages/airflow/example_dags/example_branch_python_dop_operator_3.py
[2021-04-02 00:38:43,641] {logging_mixin.py:104} INFO - [2021-04-02 00:38:43,640] {dag.py:1818} INFO - Sync 1 DAGs
[2021-04-02 00:38:43,697] {logging_mixin.py:104} INFO - [2021-04-02 00:38:43,697] {dag.py:2273} INFO - Setting next_dagrun for example_branch_dop_operator_v3 to 2021-03-31 00:00:00+00:00
[2021-04-02 00:38:43,712] {scheduler_job.py:190} INFO - Processing /Library/Frameworks/Python.framework/Versions/3.9/lib/python3.9/site-packages/airflow/example_dags/example_branch_python_dop_operator_3.py took 0.178 seconds
[2021-04-02 00:39:57,236] {scheduler_job.py:182} INFO - Started process (PID=10158) to work on /Library/Frameworks/Python.framework/Versions/3.9/lib/python3.9/site-packages/airflow/example_dags/example_branch_python_dop_operator_3.py
[2021-04-02 00:39:57,237] {scheduler_job.py:629} INFO - Processing file /Library/Frameworks/Python.framework/Versions/3.9/lib/python3.9/site-packages/airflow/example_dags/example_branch_python_dop_operator_3.py for tasks to queue
[2021-04-02 00:39:57,238] {logging_mixin.py:104} INFO - [2021-04-02 00:39:57,238] {dagbag.py:448} INFO - Filling up the DagBag from /Library/Frameworks/Python.framework/Versions/3.9/lib/python3.9/site-packages/airflow/example_dags/example_branch_python_dop_operator_3.py
[2021-04-02 00:39:57,255] {scheduler_job.py:639} INFO - DAG(s) dict_keys(['example_branch_dop_operator_v3']) retrieved from /Library/Frameworks/Python.framework/Versions/3.9/lib/python3.9/site-packages/airflow/example_dags/example_branch_python_dop_operator_3.py
[2021-04-02 00:39:57,293] {logging_mixin.py:104} INFO - [2021-04-02 00:39:57,292] {dag.py:1818} INFO - Sync 1 DAGs
[2021-04-02 00:39:57,324] {logging_mixin.py:104} INFO - [2021-04-02 00:39:57,324] {dag.py:2273} INFO - Setting next_dagrun for example_branch_dop_operator_v3 to 2021-03-31 00:00:00+00:00
[2021-04-02 00:39:57,330] {scheduler_job.py:190} INFO - Processing /Library/Frameworks/Python.framework/Versions/3.9/lib/python3.9/site-packages/airflow/example_dags/example_branch_python_dop_operator_3.py took 0.094 seconds
[2021-04-02 00:41:38,731] {scheduler_job.py:182} INFO - Started process (PID=10237) to work on /Library/Frameworks/Python.framework/Versions/3.9/lib/python3.9/site-packages/airflow/example_dags/example_branch_python_dop_operator_3.py
[2021-04-02 00:41:38,733] {scheduler_job.py:629} INFO - Processing file /Library/Frameworks/Python.framework/Versions/3.9/lib/python3.9/site-packages/airflow/example_dags/example_branch_python_dop_operator_3.py for tasks to queue
[2021-04-02 00:41:38,733] {logging_mixin.py:104} INFO - [2021-04-02 00:41:38,733] {dagbag.py:448} INFO - Filling up the DagBag from /Library/Frameworks/Python.framework/Versions/3.9/lib/python3.9/site-packages/airflow/example_dags/example_branch_python_dop_operator_3.py
[2021-04-02 00:41:38,745] {scheduler_job.py:639} INFO - DAG(s) dict_keys(['example_branch_dop_operator_v3']) retrieved from /Library/Frameworks/Python.framework/Versions/3.9/lib/python3.9/site-packages/airflow/example_dags/example_branch_python_dop_operator_3.py
[2021-04-02 00:41:38,783] {logging_mixin.py:104} INFO - [2021-04-02 00:41:38,783] {dag.py:1818} INFO - Sync 1 DAGs
[2021-04-02 00:41:38,807] {logging_mixin.py:104} INFO - [2021-04-02 00:41:38,807] {dag.py:2273} INFO - Setting next_dagrun for example_branch_dop_operator_v3 to 2021-03-31 00:00:00+00:00
[2021-04-02 00:41:38,816] {scheduler_job.py:190} INFO - Processing /Library/Frameworks/Python.framework/Versions/3.9/lib/python3.9/site-packages/airflow/example_dags/example_branch_python_dop_operator_3.py took 0.085 seconds
[2021-04-02 00:42:53,530] {scheduler_job.py:182} INFO - Started process (PID=10281) to work on /Library/Frameworks/Python.framework/Versions/3.9/lib/python3.9/site-packages/airflow/example_dags/example_branch_python_dop_operator_3.py
[2021-04-02 00:42:53,531] {scheduler_job.py:629} INFO - Processing file /Library/Frameworks/Python.framework/Versions/3.9/lib/python3.9/site-packages/airflow/example_dags/example_branch_python_dop_operator_3.py for tasks to queue
[2021-04-02 00:42:53,531] {logging_mixin.py:104} INFO - [2021-04-02 00:42:53,531] {dagbag.py:448} INFO - Filling up the DagBag from /Library/Frameworks/Python.framework/Versions/3.9/lib/python3.9/site-packages/airflow/example_dags/example_branch_python_dop_operator_3.py
[2021-04-02 00:42:53,541] {scheduler_job.py:639} INFO - DAG(s) dict_keys(['example_branch_dop_operator_v3']) retrieved from /Library/Frameworks/Python.framework/Versions/3.9/lib/python3.9/site-packages/airflow/example_dags/example_branch_python_dop_operator_3.py
[2021-04-02 00:42:53,579] {logging_mixin.py:104} INFO - [2021-04-02 00:42:53,578] {dag.py:1818} INFO - Sync 1 DAGs
[2021-04-02 00:42:53,601] {logging_mixin.py:104} INFO - [2021-04-02 00:42:53,600] {dag.py:2273} INFO - Setting next_dagrun for example_branch_dop_operator_v3 to 2021-03-31 00:00:00+00:00
[2021-04-02 00:42:53,610] {scheduler_job.py:190} INFO - Processing /Library/Frameworks/Python.framework/Versions/3.9/lib/python3.9/site-packages/airflow/example_dags/example_branch_python_dop_operator_3.py took 0.081 seconds
[2021-04-02 00:44:26,095] {scheduler_job.py:182} INFO - Started process (PID=10344) to work on /Library/Frameworks/Python.framework/Versions/3.9/lib/python3.9/site-packages/airflow/example_dags/example_branch_python_dop_operator_3.py
[2021-04-02 00:44:26,097] {scheduler_job.py:629} INFO - Processing file /Library/Frameworks/Python.framework/Versions/3.9/lib/python3.9/site-packages/airflow/example_dags/example_branch_python_dop_operator_3.py for tasks to queue
[2021-04-02 00:44:26,097] {logging_mixin.py:104} INFO - [2021-04-02 00:44:26,097] {dagbag.py:448} INFO - Filling up the DagBag from /Library/Frameworks/Python.framework/Versions/3.9/lib/python3.9/site-packages/airflow/example_dags/example_branch_python_dop_operator_3.py
[2021-04-02 00:44:26,129] {scheduler_job.py:639} INFO - DAG(s) dict_keys(['example_branch_dop_operator_v3']) retrieved from /Library/Frameworks/Python.framework/Versions/3.9/lib/python3.9/site-packages/airflow/example_dags/example_branch_python_dop_operator_3.py
[2021-04-02 00:44:26,178] {logging_mixin.py:104} INFO - [2021-04-02 00:44:26,178] {dag.py:1818} INFO - Sync 1 DAGs
[2021-04-02 00:44:26,203] {logging_mixin.py:104} INFO - [2021-04-02 00:44:26,203] {dag.py:2273} INFO - Setting next_dagrun for example_branch_dop_operator_v3 to 2021-03-31 00:00:00+00:00
[2021-04-02 00:44:26,213] {scheduler_job.py:190} INFO - Processing /Library/Frameworks/Python.framework/Versions/3.9/lib/python3.9/site-packages/airflow/example_dags/example_branch_python_dop_operator_3.py took 0.119 seconds
[2021-04-02 00:46:38,613] {scheduler_job.py:182} INFO - Started process (PID=10455) to work on /Library/Frameworks/Python.framework/Versions/3.9/lib/python3.9/site-packages/airflow/example_dags/example_branch_python_dop_operator_3.py
[2021-04-02 00:46:38,620] {scheduler_job.py:629} INFO - Processing file /Library/Frameworks/Python.framework/Versions/3.9/lib/python3.9/site-packages/airflow/example_dags/example_branch_python_dop_operator_3.py for tasks to queue
[2021-04-02 00:46:38,620] {logging_mixin.py:104} INFO - [2021-04-02 00:46:38,620] {dagbag.py:448} INFO - Filling up the DagBag from /Library/Frameworks/Python.framework/Versions/3.9/lib/python3.9/site-packages/airflow/example_dags/example_branch_python_dop_operator_3.py
[2021-04-02 00:46:38,660] {scheduler_job.py:639} INFO - DAG(s) dict_keys(['example_branch_dop_operator_v3']) retrieved from /Library/Frameworks/Python.framework/Versions/3.9/lib/python3.9/site-packages/airflow/example_dags/example_branch_python_dop_operator_3.py
[2021-04-02 00:46:38,781] {logging_mixin.py:104} INFO - [2021-04-02 00:46:38,780] {dag.py:1818} INFO - Sync 1 DAGs
[2021-04-02 00:46:39,037] {logging_mixin.py:104} INFO - [2021-04-02 00:46:39,037] {dag.py:2273} INFO - Setting next_dagrun for example_branch_dop_operator_v3 to 2021-03-31 00:00:00+00:00
[2021-04-02 00:46:39,102] {scheduler_job.py:190} INFO - Processing /Library/Frameworks/Python.framework/Versions/3.9/lib/python3.9/site-packages/airflow/example_dags/example_branch_python_dop_operator_3.py took 0.490 seconds
[2021-04-02 00:48:33,753] {scheduler_job.py:182} INFO - Started process (PID=10506) to work on /Library/Frameworks/Python.framework/Versions/3.9/lib/python3.9/site-packages/airflow/example_dags/example_branch_python_dop_operator_3.py
[2021-04-02 00:48:33,754] {scheduler_job.py:629} INFO - Processing file /Library/Frameworks/Python.framework/Versions/3.9/lib/python3.9/site-packages/airflow/example_dags/example_branch_python_dop_operator_3.py for tasks to queue
[2021-04-02 00:48:33,754] {logging_mixin.py:104} INFO - [2021-04-02 00:48:33,754] {dagbag.py:448} INFO - Filling up the DagBag from /Library/Frameworks/Python.framework/Versions/3.9/lib/python3.9/site-packages/airflow/example_dags/example_branch_python_dop_operator_3.py
[2021-04-02 00:48:33,766] {scheduler_job.py:639} INFO - DAG(s) dict_keys(['example_branch_dop_operator_v3']) retrieved from /Library/Frameworks/Python.framework/Versions/3.9/lib/python3.9/site-packages/airflow/example_dags/example_branch_python_dop_operator_3.py
[2021-04-02 00:48:33,803] {logging_mixin.py:104} INFO - [2021-04-02 00:48:33,803] {dag.py:1818} INFO - Sync 1 DAGs
[2021-04-02 00:48:33,832] {logging_mixin.py:104} INFO - [2021-04-02 00:48:33,832] {dag.py:2273} INFO - Setting next_dagrun for example_branch_dop_operator_v3 to 2021-03-31 00:00:00+00:00
[2021-04-02 00:48:33,840] {scheduler_job.py:190} INFO - Processing /Library/Frameworks/Python.framework/Versions/3.9/lib/python3.9/site-packages/airflow/example_dags/example_branch_python_dop_operator_3.py took 0.088 seconds
[2021-04-02 00:50:16,416] {scheduler_job.py:182} INFO - Started process (PID=10550) to work on /Library/Frameworks/Python.framework/Versions/3.9/lib/python3.9/site-packages/airflow/example_dags/example_branch_python_dop_operator_3.py
[2021-04-02 00:50:16,417] {scheduler_job.py:629} INFO - Processing file /Library/Frameworks/Python.framework/Versions/3.9/lib/python3.9/site-packages/airflow/example_dags/example_branch_python_dop_operator_3.py for tasks to queue
[2021-04-02 00:50:16,418] {logging_mixin.py:104} INFO - [2021-04-02 00:50:16,418] {dagbag.py:448} INFO - Filling up the DagBag from /Library/Frameworks/Python.framework/Versions/3.9/lib/python3.9/site-packages/airflow/example_dags/example_branch_python_dop_operator_3.py
[2021-04-02 00:50:16,430] {scheduler_job.py:639} INFO - DAG(s) dict_keys(['example_branch_dop_operator_v3']) retrieved from /Library/Frameworks/Python.framework/Versions/3.9/lib/python3.9/site-packages/airflow/example_dags/example_branch_python_dop_operator_3.py
[2021-04-02 00:50:16,471] {logging_mixin.py:104} INFO - [2021-04-02 00:50:16,471] {dag.py:1818} INFO - Sync 1 DAGs
[2021-04-02 00:50:16,493] {logging_mixin.py:104} INFO - [2021-04-02 00:50:16,493] {dag.py:2273} INFO - Setting next_dagrun for example_branch_dop_operator_v3 to 2021-03-31 00:00:00+00:00
[2021-04-02 00:50:16,500] {scheduler_job.py:190} INFO - Processing /Library/Frameworks/Python.framework/Versions/3.9/lib/python3.9/site-packages/airflow/example_dags/example_branch_python_dop_operator_3.py took 0.085 seconds
[2021-04-02 00:52:17,713] {scheduler_job.py:182} INFO - Started process (PID=10607) to work on /Library/Frameworks/Python.framework/Versions/3.9/lib/python3.9/site-packages/airflow/example_dags/example_branch_python_dop_operator_3.py
[2021-04-02 00:52:17,715] {scheduler_job.py:629} INFO - Processing file /Library/Frameworks/Python.framework/Versions/3.9/lib/python3.9/site-packages/airflow/example_dags/example_branch_python_dop_operator_3.py for tasks to queue
[2021-04-02 00:52:17,716] {logging_mixin.py:104} INFO - [2021-04-02 00:52:17,715] {dagbag.py:448} INFO - Filling up the DagBag from /Library/Frameworks/Python.framework/Versions/3.9/lib/python3.9/site-packages/airflow/example_dags/example_branch_python_dop_operator_3.py
[2021-04-02 00:52:17,750] {scheduler_job.py:639} INFO - DAG(s) dict_keys(['example_branch_dop_operator_v3']) retrieved from /Library/Frameworks/Python.framework/Versions/3.9/lib/python3.9/site-packages/airflow/example_dags/example_branch_python_dop_operator_3.py
[2021-04-02 00:52:17,830] {logging_mixin.py:104} INFO - [2021-04-02 00:52:17,830] {dag.py:1818} INFO - Sync 1 DAGs
[2021-04-02 00:52:17,866] {logging_mixin.py:104} INFO - [2021-04-02 00:52:17,866] {dag.py:2273} INFO - Setting next_dagrun for example_branch_dop_operator_v3 to 2021-03-31 00:00:00+00:00
[2021-04-02 00:52:17,880] {scheduler_job.py:190} INFO - Processing /Library/Frameworks/Python.framework/Versions/3.9/lib/python3.9/site-packages/airflow/example_dags/example_branch_python_dop_operator_3.py took 0.167 seconds
[2021-04-02 00:53:38,864] {scheduler_job.py:182} INFO - Started process (PID=10667) to work on /Library/Frameworks/Python.framework/Versions/3.9/lib/python3.9/site-packages/airflow/example_dags/example_branch_python_dop_operator_3.py
[2021-04-02 00:53:38,865] {scheduler_job.py:629} INFO - Processing file /Library/Frameworks/Python.framework/Versions/3.9/lib/python3.9/site-packages/airflow/example_dags/example_branch_python_dop_operator_3.py for tasks to queue
[2021-04-02 00:53:38,866] {logging_mixin.py:104} INFO - [2021-04-02 00:53:38,866] {dagbag.py:448} INFO - Filling up the DagBag from /Library/Frameworks/Python.framework/Versions/3.9/lib/python3.9/site-packages/airflow/example_dags/example_branch_python_dop_operator_3.py
[2021-04-02 00:53:38,876] {scheduler_job.py:639} INFO - DAG(s) dict_keys(['example_branch_dop_operator_v3']) retrieved from /Library/Frameworks/Python.framework/Versions/3.9/lib/python3.9/site-packages/airflow/example_dags/example_branch_python_dop_operator_3.py
[2021-04-02 00:53:38,913] {logging_mixin.py:104} INFO - [2021-04-02 00:53:38,913] {dag.py:1818} INFO - Sync 1 DAGs
[2021-04-02 00:53:38,937] {logging_mixin.py:104} INFO - [2021-04-02 00:53:38,937] {dag.py:2273} INFO - Setting next_dagrun for example_branch_dop_operator_v3 to 2021-03-31 00:00:00+00:00
[2021-04-02 00:53:38,944] {scheduler_job.py:190} INFO - Processing /Library/Frameworks/Python.framework/Versions/3.9/lib/python3.9/site-packages/airflow/example_dags/example_branch_python_dop_operator_3.py took 0.081 seconds
