[2021-04-02 00:26:13,192] {scheduler_job.py:182} INFO - Started process (PID=9608) to work on /Library/Frameworks/Python.framework/Versions/3.9/lib/python3.9/site-packages/airflow/example_dags/example_skip_dag.py
[2021-04-02 00:26:13,193] {scheduler_job.py:629} INFO - Processing file /Library/Frameworks/Python.framework/Versions/3.9/lib/python3.9/site-packages/airflow/example_dags/example_skip_dag.py for tasks to queue
[2021-04-02 00:26:13,194] {logging_mixin.py:104} INFO - [2021-04-02 00:26:13,194] {dagbag.py:448} INFO - Filling up the DagBag from /Library/Frameworks/Python.framework/Versions/3.9/lib/python3.9/site-packages/airflow/example_dags/example_skip_dag.py
[2021-04-02 00:26:13,222] {scheduler_job.py:639} INFO - DAG(s) dict_keys(['example_skip_dag']) retrieved from /Library/Frameworks/Python.framework/Versions/3.9/lib/python3.9/site-packages/airflow/example_dags/example_skip_dag.py
[2021-04-02 00:26:13,458] {logging_mixin.py:104} INFO - [2021-04-02 00:26:13,458] {dag.py:1818} INFO - Sync 1 DAGs
[2021-04-02 00:26:13,468] {logging_mixin.py:104} INFO - [2021-04-02 00:26:13,468] {dag.py:2273} INFO - Setting next_dagrun for example_skip_dag to 2021-03-31 00:00:00+00:00
[2021-04-02 00:26:13,474] {scheduler_job.py:190} INFO - Processing /Library/Frameworks/Python.framework/Versions/3.9/lib/python3.9/site-packages/airflow/example_dags/example_skip_dag.py took 0.283 seconds
[2021-04-02 00:27:30,392] {scheduler_job.py:182} INFO - Started process (PID=9659) to work on /Library/Frameworks/Python.framework/Versions/3.9/lib/python3.9/site-packages/airflow/example_dags/example_skip_dag.py
[2021-04-02 00:27:30,394] {scheduler_job.py:629} INFO - Processing file /Library/Frameworks/Python.framework/Versions/3.9/lib/python3.9/site-packages/airflow/example_dags/example_skip_dag.py for tasks to queue
[2021-04-02 00:27:30,395] {logging_mixin.py:104} INFO - [2021-04-02 00:27:30,395] {dagbag.py:448} INFO - Filling up the DagBag from /Library/Frameworks/Python.framework/Versions/3.9/lib/python3.9/site-packages/airflow/example_dags/example_skip_dag.py
[2021-04-02 00:27:30,408] {scheduler_job.py:639} INFO - DAG(s) dict_keys(['example_skip_dag']) retrieved from /Library/Frameworks/Python.framework/Versions/3.9/lib/python3.9/site-packages/airflow/example_dags/example_skip_dag.py
[2021-04-02 00:27:30,484] {logging_mixin.py:104} INFO - [2021-04-02 00:27:30,484] {dag.py:1818} INFO - Sync 1 DAGs
[2021-04-02 00:27:30,499] {logging_mixin.py:104} INFO - [2021-04-02 00:27:30,499] {dag.py:2273} INFO - Setting next_dagrun for example_skip_dag to 2021-03-31 00:00:00+00:00
[2021-04-02 00:27:30,511] {scheduler_job.py:190} INFO - Processing /Library/Frameworks/Python.framework/Versions/3.9/lib/python3.9/site-packages/airflow/example_dags/example_skip_dag.py took 0.120 seconds
[2021-04-02 00:28:39,843] {scheduler_job.py:182} INFO - Started process (PID=9706) to work on /Library/Frameworks/Python.framework/Versions/3.9/lib/python3.9/site-packages/airflow/example_dags/example_skip_dag.py
[2021-04-02 00:28:39,844] {scheduler_job.py:629} INFO - Processing file /Library/Frameworks/Python.framework/Versions/3.9/lib/python3.9/site-packages/airflow/example_dags/example_skip_dag.py for tasks to queue
[2021-04-02 00:28:39,845] {logging_mixin.py:104} INFO - [2021-04-02 00:28:39,845] {dagbag.py:448} INFO - Filling up the DagBag from /Library/Frameworks/Python.framework/Versions/3.9/lib/python3.9/site-packages/airflow/example_dags/example_skip_dag.py
[2021-04-02 00:28:39,853] {scheduler_job.py:639} INFO - DAG(s) dict_keys(['example_skip_dag']) retrieved from /Library/Frameworks/Python.framework/Versions/3.9/lib/python3.9/site-packages/airflow/example_dags/example_skip_dag.py
[2021-04-02 00:28:39,897] {logging_mixin.py:104} INFO - [2021-04-02 00:28:39,896] {dag.py:1818} INFO - Sync 1 DAGs
[2021-04-02 00:28:39,905] {logging_mixin.py:104} INFO - [2021-04-02 00:28:39,904] {dag.py:2273} INFO - Setting next_dagrun for example_skip_dag to 2021-03-31 00:00:00+00:00
[2021-04-02 00:28:39,911] {scheduler_job.py:190} INFO - Processing /Library/Frameworks/Python.framework/Versions/3.9/lib/python3.9/site-packages/airflow/example_dags/example_skip_dag.py took 0.069 seconds
[2021-04-02 00:30:23,465] {scheduler_job.py:182} INFO - Started process (PID=9757) to work on /Library/Frameworks/Python.framework/Versions/3.9/lib/python3.9/site-packages/airflow/example_dags/example_skip_dag.py
[2021-04-02 00:30:23,467] {scheduler_job.py:629} INFO - Processing file /Library/Frameworks/Python.framework/Versions/3.9/lib/python3.9/site-packages/airflow/example_dags/example_skip_dag.py for tasks to queue
[2021-04-02 00:30:23,467] {logging_mixin.py:104} INFO - [2021-04-02 00:30:23,467] {dagbag.py:448} INFO - Filling up the DagBag from /Library/Frameworks/Python.framework/Versions/3.9/lib/python3.9/site-packages/airflow/example_dags/example_skip_dag.py
[2021-04-02 00:30:23,476] {scheduler_job.py:639} INFO - DAG(s) dict_keys(['example_skip_dag']) retrieved from /Library/Frameworks/Python.framework/Versions/3.9/lib/python3.9/site-packages/airflow/example_dags/example_skip_dag.py
[2021-04-02 00:30:23,511] {logging_mixin.py:104} INFO - [2021-04-02 00:30:23,510] {dag.py:1818} INFO - Sync 1 DAGs
[2021-04-02 00:30:23,519] {logging_mixin.py:104} INFO - [2021-04-02 00:30:23,519] {dag.py:2273} INFO - Setting next_dagrun for example_skip_dag to 2021-03-31 00:00:00+00:00
[2021-04-02 00:30:23,524] {scheduler_job.py:190} INFO - Processing /Library/Frameworks/Python.framework/Versions/3.9/lib/python3.9/site-packages/airflow/example_dags/example_skip_dag.py took 0.060 seconds
[2021-04-02 00:32:09,770] {scheduler_job.py:182} INFO - Started process (PID=9820) to work on /Library/Frameworks/Python.framework/Versions/3.9/lib/python3.9/site-packages/airflow/example_dags/example_skip_dag.py
[2021-04-02 00:32:09,772] {scheduler_job.py:629} INFO - Processing file /Library/Frameworks/Python.framework/Versions/3.9/lib/python3.9/site-packages/airflow/example_dags/example_skip_dag.py for tasks to queue
[2021-04-02 00:32:09,772] {logging_mixin.py:104} INFO - [2021-04-02 00:32:09,772] {dagbag.py:448} INFO - Filling up the DagBag from /Library/Frameworks/Python.framework/Versions/3.9/lib/python3.9/site-packages/airflow/example_dags/example_skip_dag.py
[2021-04-02 00:32:09,780] {scheduler_job.py:639} INFO - DAG(s) dict_keys(['example_skip_dag']) retrieved from /Library/Frameworks/Python.framework/Versions/3.9/lib/python3.9/site-packages/airflow/example_dags/example_skip_dag.py
[2021-04-02 00:32:09,835] {logging_mixin.py:104} INFO - [2021-04-02 00:32:09,835] {dag.py:1818} INFO - Sync 1 DAGs
[2021-04-02 00:32:09,848] {logging_mixin.py:104} INFO - [2021-04-02 00:32:09,848] {dag.py:2273} INFO - Setting next_dagrun for example_skip_dag to 2021-03-31 00:00:00+00:00
[2021-04-02 00:32:09,863] {scheduler_job.py:190} INFO - Processing /Library/Frameworks/Python.framework/Versions/3.9/lib/python3.9/site-packages/airflow/example_dags/example_skip_dag.py took 0.094 seconds
[2021-04-02 00:33:30,619] {scheduler_job.py:182} INFO - Started process (PID=9869) to work on /Library/Frameworks/Python.framework/Versions/3.9/lib/python3.9/site-packages/airflow/example_dags/example_skip_dag.py
[2021-04-02 00:33:30,620] {scheduler_job.py:629} INFO - Processing file /Library/Frameworks/Python.framework/Versions/3.9/lib/python3.9/site-packages/airflow/example_dags/example_skip_dag.py for tasks to queue
[2021-04-02 00:33:30,620] {logging_mixin.py:104} INFO - [2021-04-02 00:33:30,620] {dagbag.py:448} INFO - Filling up the DagBag from /Library/Frameworks/Python.framework/Versions/3.9/lib/python3.9/site-packages/airflow/example_dags/example_skip_dag.py
[2021-04-02 00:33:30,634] {scheduler_job.py:639} INFO - DAG(s) dict_keys(['example_skip_dag']) retrieved from /Library/Frameworks/Python.framework/Versions/3.9/lib/python3.9/site-packages/airflow/example_dags/example_skip_dag.py
[2021-04-02 00:33:30,688] {logging_mixin.py:104} INFO - [2021-04-02 00:33:30,688] {dag.py:1818} INFO - Sync 1 DAGs
[2021-04-02 00:33:30,702] {logging_mixin.py:104} INFO - [2021-04-02 00:33:30,702] {dag.py:2273} INFO - Setting next_dagrun for example_skip_dag to 2021-03-31 00:00:00+00:00
[2021-04-02 00:33:30,711] {scheduler_job.py:190} INFO - Processing /Library/Frameworks/Python.framework/Versions/3.9/lib/python3.9/site-packages/airflow/example_dags/example_skip_dag.py took 0.093 seconds
[2021-04-02 00:35:45,109] {scheduler_job.py:182} INFO - Started process (PID=10027) to work on /Library/Frameworks/Python.framework/Versions/3.9/lib/python3.9/site-packages/airflow/example_dags/example_skip_dag.py
[2021-04-02 00:35:45,111] {scheduler_job.py:629} INFO - Processing file /Library/Frameworks/Python.framework/Versions/3.9/lib/python3.9/site-packages/airflow/example_dags/example_skip_dag.py for tasks to queue
[2021-04-02 00:35:45,111] {logging_mixin.py:104} INFO - [2021-04-02 00:35:45,111] {dagbag.py:448} INFO - Filling up the DagBag from /Library/Frameworks/Python.framework/Versions/3.9/lib/python3.9/site-packages/airflow/example_dags/example_skip_dag.py
[2021-04-02 00:35:45,120] {scheduler_job.py:639} INFO - DAG(s) dict_keys(['example_skip_dag']) retrieved from /Library/Frameworks/Python.framework/Versions/3.9/lib/python3.9/site-packages/airflow/example_dags/example_skip_dag.py
[2021-04-02 00:35:45,158] {logging_mixin.py:104} INFO - [2021-04-02 00:35:45,158] {dag.py:1818} INFO - Sync 1 DAGs
[2021-04-02 00:35:45,166] {logging_mixin.py:104} INFO - [2021-04-02 00:35:45,166] {dag.py:2273} INFO - Setting next_dagrun for example_skip_dag to 2021-03-31 00:00:00+00:00
[2021-04-02 00:35:45,173] {scheduler_job.py:190} INFO - Processing /Library/Frameworks/Python.framework/Versions/3.9/lib/python3.9/site-packages/airflow/example_dags/example_skip_dag.py took 0.064 seconds
[2021-04-02 00:37:15,192] {scheduler_job.py:182} INFO - Started process (PID=10079) to work on /Library/Frameworks/Python.framework/Versions/3.9/lib/python3.9/site-packages/airflow/example_dags/example_skip_dag.py
[2021-04-02 00:37:15,195] {scheduler_job.py:629} INFO - Processing file /Library/Frameworks/Python.framework/Versions/3.9/lib/python3.9/site-packages/airflow/example_dags/example_skip_dag.py for tasks to queue
[2021-04-02 00:37:15,196] {logging_mixin.py:104} INFO - [2021-04-02 00:37:15,196] {dagbag.py:448} INFO - Filling up the DagBag from /Library/Frameworks/Python.framework/Versions/3.9/lib/python3.9/site-packages/airflow/example_dags/example_skip_dag.py
[2021-04-02 00:37:15,206] {scheduler_job.py:639} INFO - DAG(s) dict_keys(['example_skip_dag']) retrieved from /Library/Frameworks/Python.framework/Versions/3.9/lib/python3.9/site-packages/airflow/example_dags/example_skip_dag.py
[2021-04-02 00:37:15,244] {logging_mixin.py:104} INFO - [2021-04-02 00:37:15,244] {dag.py:1818} INFO - Sync 1 DAGs
[2021-04-02 00:37:15,255] {logging_mixin.py:104} INFO - [2021-04-02 00:37:15,255] {dag.py:2273} INFO - Setting next_dagrun for example_skip_dag to 2021-03-31 00:00:00+00:00
[2021-04-02 00:37:15,265] {scheduler_job.py:190} INFO - Processing /Library/Frameworks/Python.framework/Versions/3.9/lib/python3.9/site-packages/airflow/example_dags/example_skip_dag.py took 0.075 seconds
[2021-04-02 00:38:25,006] {scheduler_job.py:182} INFO - Started process (PID=10112) to work on /Library/Frameworks/Python.framework/Versions/3.9/lib/python3.9/site-packages/airflow/example_dags/example_skip_dag.py
[2021-04-02 00:38:25,006] {scheduler_job.py:629} INFO - Processing file /Library/Frameworks/Python.framework/Versions/3.9/lib/python3.9/site-packages/airflow/example_dags/example_skip_dag.py for tasks to queue
[2021-04-02 00:38:25,007] {logging_mixin.py:104} INFO - [2021-04-02 00:38:25,007] {dagbag.py:448} INFO - Filling up the DagBag from /Library/Frameworks/Python.framework/Versions/3.9/lib/python3.9/site-packages/airflow/example_dags/example_skip_dag.py
[2021-04-02 00:38:25,013] {scheduler_job.py:639} INFO - DAG(s) dict_keys(['example_skip_dag']) retrieved from /Library/Frameworks/Python.framework/Versions/3.9/lib/python3.9/site-packages/airflow/example_dags/example_skip_dag.py
[2021-04-02 00:38:25,048] {logging_mixin.py:104} INFO - [2021-04-02 00:38:25,048] {dag.py:1818} INFO - Sync 1 DAGs
[2021-04-02 00:38:25,056] {logging_mixin.py:104} INFO - [2021-04-02 00:38:25,056] {dag.py:2273} INFO - Setting next_dagrun for example_skip_dag to 2021-03-31 00:00:00+00:00
[2021-04-02 00:38:25,063] {scheduler_job.py:190} INFO - Processing /Library/Frameworks/Python.framework/Versions/3.9/lib/python3.9/site-packages/airflow/example_dags/example_skip_dag.py took 0.057 seconds
[2021-04-02 00:39:42,468] {scheduler_job.py:182} INFO - Started process (PID=10151) to work on /Library/Frameworks/Python.framework/Versions/3.9/lib/python3.9/site-packages/airflow/example_dags/example_skip_dag.py
[2021-04-02 00:39:42,470] {scheduler_job.py:629} INFO - Processing file /Library/Frameworks/Python.framework/Versions/3.9/lib/python3.9/site-packages/airflow/example_dags/example_skip_dag.py for tasks to queue
[2021-04-02 00:39:42,470] {logging_mixin.py:104} INFO - [2021-04-02 00:39:42,470] {dagbag.py:448} INFO - Filling up the DagBag from /Library/Frameworks/Python.framework/Versions/3.9/lib/python3.9/site-packages/airflow/example_dags/example_skip_dag.py
[2021-04-02 00:39:42,482] {scheduler_job.py:639} INFO - DAG(s) dict_keys(['example_skip_dag']) retrieved from /Library/Frameworks/Python.framework/Versions/3.9/lib/python3.9/site-packages/airflow/example_dags/example_skip_dag.py
[2021-04-02 00:39:42,537] {logging_mixin.py:104} INFO - [2021-04-02 00:39:42,536] {dag.py:1818} INFO - Sync 1 DAGs
[2021-04-02 00:39:42,549] {logging_mixin.py:104} INFO - [2021-04-02 00:39:42,549] {dag.py:2273} INFO - Setting next_dagrun for example_skip_dag to 2021-03-31 00:00:00+00:00
[2021-04-02 00:39:42,557] {scheduler_job.py:190} INFO - Processing /Library/Frameworks/Python.framework/Versions/3.9/lib/python3.9/site-packages/airflow/example_dags/example_skip_dag.py took 0.090 seconds
[2021-04-02 00:40:43,832] {scheduler_job.py:182} INFO - Started process (PID=10198) to work on /Library/Frameworks/Python.framework/Versions/3.9/lib/python3.9/site-packages/airflow/example_dags/example_skip_dag.py
[2021-04-02 00:40:43,833] {scheduler_job.py:629} INFO - Processing file /Library/Frameworks/Python.framework/Versions/3.9/lib/python3.9/site-packages/airflow/example_dags/example_skip_dag.py for tasks to queue
[2021-04-02 00:40:43,834] {logging_mixin.py:104} INFO - [2021-04-02 00:40:43,834] {dagbag.py:448} INFO - Filling up the DagBag from /Library/Frameworks/Python.framework/Versions/3.9/lib/python3.9/site-packages/airflow/example_dags/example_skip_dag.py
[2021-04-02 00:40:43,960] {scheduler_job.py:639} INFO - DAG(s) dict_keys(['example_skip_dag']) retrieved from /Library/Frameworks/Python.framework/Versions/3.9/lib/python3.9/site-packages/airflow/example_dags/example_skip_dag.py
[2021-04-02 00:40:44,387] {logging_mixin.py:104} INFO - [2021-04-02 00:40:44,386] {dag.py:1818} INFO - Sync 1 DAGs
[2021-04-02 00:40:44,427] {logging_mixin.py:104} INFO - [2021-04-02 00:40:44,427] {dag.py:2273} INFO - Setting next_dagrun for example_skip_dag to 2021-03-31 00:00:00+00:00
[2021-04-02 00:40:44,447] {scheduler_job.py:190} INFO - Processing /Library/Frameworks/Python.framework/Versions/3.9/lib/python3.9/site-packages/airflow/example_dags/example_skip_dag.py took 0.616 seconds
[2021-04-02 00:42:35,988] {scheduler_job.py:182} INFO - Started process (PID=10272) to work on /Library/Frameworks/Python.framework/Versions/3.9/lib/python3.9/site-packages/airflow/example_dags/example_skip_dag.py
[2021-04-02 00:42:35,989] {scheduler_job.py:629} INFO - Processing file /Library/Frameworks/Python.framework/Versions/3.9/lib/python3.9/site-packages/airflow/example_dags/example_skip_dag.py for tasks to queue
[2021-04-02 00:42:35,990] {logging_mixin.py:104} INFO - [2021-04-02 00:42:35,990] {dagbag.py:448} INFO - Filling up the DagBag from /Library/Frameworks/Python.framework/Versions/3.9/lib/python3.9/site-packages/airflow/example_dags/example_skip_dag.py
[2021-04-02 00:42:35,997] {scheduler_job.py:639} INFO - DAG(s) dict_keys(['example_skip_dag']) retrieved from /Library/Frameworks/Python.framework/Versions/3.9/lib/python3.9/site-packages/airflow/example_dags/example_skip_dag.py
[2021-04-02 00:42:36,032] {logging_mixin.py:104} INFO - [2021-04-02 00:42:36,032] {dag.py:1818} INFO - Sync 1 DAGs
[2021-04-02 00:42:36,040] {logging_mixin.py:104} INFO - [2021-04-02 00:42:36,040] {dag.py:2273} INFO - Setting next_dagrun for example_skip_dag to 2021-03-31 00:00:00+00:00
[2021-04-02 00:42:36,047] {scheduler_job.py:190} INFO - Processing /Library/Frameworks/Python.framework/Versions/3.9/lib/python3.9/site-packages/airflow/example_dags/example_skip_dag.py took 0.060 seconds
[2021-04-02 00:43:23,172] {scheduler_job.py:182} INFO - Started process (PID=10297) to work on /Library/Frameworks/Python.framework/Versions/3.9/lib/python3.9/site-packages/airflow/example_dags/example_skip_dag.py
[2021-04-02 00:43:23,172] {scheduler_job.py:629} INFO - Processing file /Library/Frameworks/Python.framework/Versions/3.9/lib/python3.9/site-packages/airflow/example_dags/example_skip_dag.py for tasks to queue
[2021-04-02 00:43:23,173] {logging_mixin.py:104} INFO - [2021-04-02 00:43:23,172] {dagbag.py:448} INFO - Filling up the DagBag from /Library/Frameworks/Python.framework/Versions/3.9/lib/python3.9/site-packages/airflow/example_dags/example_skip_dag.py
[2021-04-02 00:43:23,182] {scheduler_job.py:639} INFO - DAG(s) dict_keys(['example_skip_dag']) retrieved from /Library/Frameworks/Python.framework/Versions/3.9/lib/python3.9/site-packages/airflow/example_dags/example_skip_dag.py
[2021-04-02 00:43:23,234] {logging_mixin.py:104} INFO - [2021-04-02 00:43:23,234] {dag.py:1818} INFO - Sync 1 DAGs
[2021-04-02 00:43:23,246] {logging_mixin.py:104} INFO - [2021-04-02 00:43:23,246] {dag.py:2273} INFO - Setting next_dagrun for example_skip_dag to 2021-03-31 00:00:00+00:00
[2021-04-02 00:43:23,254] {scheduler_job.py:190} INFO - Processing /Library/Frameworks/Python.framework/Versions/3.9/lib/python3.9/site-packages/airflow/example_dags/example_skip_dag.py took 0.083 seconds
[2021-04-02 00:45:03,919] {scheduler_job.py:182} INFO - Started process (PID=10375) to work on /Library/Frameworks/Python.framework/Versions/3.9/lib/python3.9/site-packages/airflow/example_dags/example_skip_dag.py
[2021-04-02 00:45:03,921] {scheduler_job.py:629} INFO - Processing file /Library/Frameworks/Python.framework/Versions/3.9/lib/python3.9/site-packages/airflow/example_dags/example_skip_dag.py for tasks to queue
[2021-04-02 00:45:03,921] {logging_mixin.py:104} INFO - [2021-04-02 00:45:03,921] {dagbag.py:448} INFO - Filling up the DagBag from /Library/Frameworks/Python.framework/Versions/3.9/lib/python3.9/site-packages/airflow/example_dags/example_skip_dag.py
[2021-04-02 00:45:03,929] {scheduler_job.py:639} INFO - DAG(s) dict_keys(['example_skip_dag']) retrieved from /Library/Frameworks/Python.framework/Versions/3.9/lib/python3.9/site-packages/airflow/example_dags/example_skip_dag.py
[2021-04-02 00:45:03,968] {logging_mixin.py:104} INFO - [2021-04-02 00:45:03,968] {dag.py:1818} INFO - Sync 1 DAGs
[2021-04-02 00:45:03,977] {logging_mixin.py:104} INFO - [2021-04-02 00:45:03,976] {dag.py:2273} INFO - Setting next_dagrun for example_skip_dag to 2021-03-31 00:00:00+00:00
[2021-04-02 00:45:03,983] {scheduler_job.py:190} INFO - Processing /Library/Frameworks/Python.framework/Versions/3.9/lib/python3.9/site-packages/airflow/example_dags/example_skip_dag.py took 0.064 seconds
[2021-04-02 00:46:34,153] {scheduler_job.py:182} INFO - Started process (PID=10453) to work on /Library/Frameworks/Python.framework/Versions/3.9/lib/python3.9/site-packages/airflow/example_dags/example_skip_dag.py
[2021-04-02 00:46:34,155] {scheduler_job.py:629} INFO - Processing file /Library/Frameworks/Python.framework/Versions/3.9/lib/python3.9/site-packages/airflow/example_dags/example_skip_dag.py for tasks to queue
[2021-04-02 00:46:34,156] {logging_mixin.py:104} INFO - [2021-04-02 00:46:34,156] {dagbag.py:448} INFO - Filling up the DagBag from /Library/Frameworks/Python.framework/Versions/3.9/lib/python3.9/site-packages/airflow/example_dags/example_skip_dag.py
[2021-04-02 00:46:34,167] {scheduler_job.py:639} INFO - DAG(s) dict_keys(['example_skip_dag']) retrieved from /Library/Frameworks/Python.framework/Versions/3.9/lib/python3.9/site-packages/airflow/example_dags/example_skip_dag.py
[2021-04-02 00:46:34,209] {logging_mixin.py:104} INFO - [2021-04-02 00:46:34,209] {dag.py:1818} INFO - Sync 1 DAGs
[2021-04-02 00:46:34,217] {logging_mixin.py:104} INFO - [2021-04-02 00:46:34,217] {dag.py:2273} INFO - Setting next_dagrun for example_skip_dag to 2021-03-31 00:00:00+00:00
[2021-04-02 00:46:34,225] {scheduler_job.py:190} INFO - Processing /Library/Frameworks/Python.framework/Versions/3.9/lib/python3.9/site-packages/airflow/example_dags/example_skip_dag.py took 0.073 seconds
[2021-04-02 00:48:25,142] {scheduler_job.py:182} INFO - Started process (PID=10502) to work on /Library/Frameworks/Python.framework/Versions/3.9/lib/python3.9/site-packages/airflow/example_dags/example_skip_dag.py
[2021-04-02 00:48:25,143] {scheduler_job.py:629} INFO - Processing file /Library/Frameworks/Python.framework/Versions/3.9/lib/python3.9/site-packages/airflow/example_dags/example_skip_dag.py for tasks to queue
[2021-04-02 00:48:25,144] {logging_mixin.py:104} INFO - [2021-04-02 00:48:25,144] {dagbag.py:448} INFO - Filling up the DagBag from /Library/Frameworks/Python.framework/Versions/3.9/lib/python3.9/site-packages/airflow/example_dags/example_skip_dag.py
[2021-04-02 00:48:25,169] {scheduler_job.py:639} INFO - DAG(s) dict_keys(['example_skip_dag']) retrieved from /Library/Frameworks/Python.framework/Versions/3.9/lib/python3.9/site-packages/airflow/example_dags/example_skip_dag.py
[2021-04-02 00:48:25,246] {logging_mixin.py:104} INFO - [2021-04-02 00:48:25,246] {dag.py:1818} INFO - Sync 1 DAGs
[2021-04-02 00:48:25,254] {logging_mixin.py:104} INFO - [2021-04-02 00:48:25,254] {dag.py:2273} INFO - Setting next_dagrun for example_skip_dag to 2021-03-31 00:00:00+00:00
[2021-04-02 00:48:25,260] {scheduler_job.py:190} INFO - Processing /Library/Frameworks/Python.framework/Versions/3.9/lib/python3.9/site-packages/airflow/example_dags/example_skip_dag.py took 0.119 seconds
[2021-04-02 00:49:48,039] {scheduler_job.py:182} INFO - Started process (PID=10538) to work on /Library/Frameworks/Python.framework/Versions/3.9/lib/python3.9/site-packages/airflow/example_dags/example_skip_dag.py
[2021-04-02 00:49:48,040] {scheduler_job.py:629} INFO - Processing file /Library/Frameworks/Python.framework/Versions/3.9/lib/python3.9/site-packages/airflow/example_dags/example_skip_dag.py for tasks to queue
[2021-04-02 00:49:48,041] {logging_mixin.py:104} INFO - [2021-04-02 00:49:48,041] {dagbag.py:448} INFO - Filling up the DagBag from /Library/Frameworks/Python.framework/Versions/3.9/lib/python3.9/site-packages/airflow/example_dags/example_skip_dag.py
[2021-04-02 00:49:48,049] {scheduler_job.py:639} INFO - DAG(s) dict_keys(['example_skip_dag']) retrieved from /Library/Frameworks/Python.framework/Versions/3.9/lib/python3.9/site-packages/airflow/example_dags/example_skip_dag.py
[2021-04-02 00:49:48,089] {logging_mixin.py:104} INFO - [2021-04-02 00:49:48,089] {dag.py:1818} INFO - Sync 1 DAGs
[2021-04-02 00:49:48,097] {logging_mixin.py:104} INFO - [2021-04-02 00:49:48,097] {dag.py:2273} INFO - Setting next_dagrun for example_skip_dag to 2021-03-31 00:00:00+00:00
[2021-04-02 00:49:48,103] {scheduler_job.py:190} INFO - Processing /Library/Frameworks/Python.framework/Versions/3.9/lib/python3.9/site-packages/airflow/example_dags/example_skip_dag.py took 0.065 seconds
[2021-04-02 00:51:35,669] {scheduler_job.py:182} INFO - Started process (PID=10589) to work on /Library/Frameworks/Python.framework/Versions/3.9/lib/python3.9/site-packages/airflow/example_dags/example_skip_dag.py
[2021-04-02 00:51:35,670] {scheduler_job.py:629} INFO - Processing file /Library/Frameworks/Python.framework/Versions/3.9/lib/python3.9/site-packages/airflow/example_dags/example_skip_dag.py for tasks to queue
[2021-04-02 00:51:35,671] {logging_mixin.py:104} INFO - [2021-04-02 00:51:35,671] {dagbag.py:448} INFO - Filling up the DagBag from /Library/Frameworks/Python.framework/Versions/3.9/lib/python3.9/site-packages/airflow/example_dags/example_skip_dag.py
[2021-04-02 00:51:35,681] {scheduler_job.py:639} INFO - DAG(s) dict_keys(['example_skip_dag']) retrieved from /Library/Frameworks/Python.framework/Versions/3.9/lib/python3.9/site-packages/airflow/example_dags/example_skip_dag.py
[2021-04-02 00:51:35,736] {logging_mixin.py:104} INFO - [2021-04-02 00:51:35,735] {dag.py:1818} INFO - Sync 1 DAGs
[2021-04-02 00:51:35,745] {logging_mixin.py:104} INFO - [2021-04-02 00:51:35,744] {dag.py:2273} INFO - Setting next_dagrun for example_skip_dag to 2021-03-31 00:00:00+00:00
[2021-04-02 00:51:35,752] {scheduler_job.py:190} INFO - Processing /Library/Frameworks/Python.framework/Versions/3.9/lib/python3.9/site-packages/airflow/example_dags/example_skip_dag.py took 0.084 seconds
[2021-04-02 00:53:22,842] {scheduler_job.py:182} INFO - Started process (PID=10658) to work on /Library/Frameworks/Python.framework/Versions/3.9/lib/python3.9/site-packages/airflow/example_dags/example_skip_dag.py
[2021-04-02 00:53:22,843] {scheduler_job.py:629} INFO - Processing file /Library/Frameworks/Python.framework/Versions/3.9/lib/python3.9/site-packages/airflow/example_dags/example_skip_dag.py for tasks to queue
[2021-04-02 00:53:22,844] {logging_mixin.py:104} INFO - [2021-04-02 00:53:22,843] {dagbag.py:448} INFO - Filling up the DagBag from /Library/Frameworks/Python.framework/Versions/3.9/lib/python3.9/site-packages/airflow/example_dags/example_skip_dag.py
[2021-04-02 00:53:22,855] {scheduler_job.py:639} INFO - DAG(s) dict_keys(['example_skip_dag']) retrieved from /Library/Frameworks/Python.framework/Versions/3.9/lib/python3.9/site-packages/airflow/example_dags/example_skip_dag.py
[2021-04-02 00:53:22,908] {logging_mixin.py:104} INFO - [2021-04-02 00:53:22,908] {dag.py:1818} INFO - Sync 1 DAGs
[2021-04-02 00:53:22,918] {logging_mixin.py:104} INFO - [2021-04-02 00:53:22,918] {dag.py:2273} INFO - Setting next_dagrun for example_skip_dag to 2021-03-31 00:00:00+00:00
[2021-04-02 00:53:22,928] {scheduler_job.py:190} INFO - Processing /Library/Frameworks/Python.framework/Versions/3.9/lib/python3.9/site-packages/airflow/example_dags/example_skip_dag.py took 0.087 seconds
