[2021-04-02 00:24:02,396] {scheduler_job.py:182} INFO - Started process (PID=9557) to work on /Library/Frameworks/Python.framework/Versions/3.9/lib/python3.9/site-packages/airflow/example_dags/example_branch_operator.py
[2021-04-02 00:24:02,397] {scheduler_job.py:629} INFO - Processing file /Library/Frameworks/Python.framework/Versions/3.9/lib/python3.9/site-packages/airflow/example_dags/example_branch_operator.py for tasks to queue
[2021-04-02 00:24:02,398] {logging_mixin.py:104} INFO - [2021-04-02 00:24:02,398] {dagbag.py:448} INFO - Filling up the DagBag from /Library/Frameworks/Python.framework/Versions/3.9/lib/python3.9/site-packages/airflow/example_dags/example_branch_operator.py
[2021-04-02 00:24:02,426] {scheduler_job.py:639} INFO - DAG(s) dict_keys(['example_branch_operator']) retrieved from /Library/Frameworks/Python.framework/Versions/3.9/lib/python3.9/site-packages/airflow/example_dags/example_branch_operator.py
[2021-04-02 00:24:02,797] {logging_mixin.py:104} INFO - [2021-04-02 00:24:02,797] {dag.py:1818} INFO - Sync 1 DAGs
[2021-04-02 00:24:02,883] {logging_mixin.py:104} INFO - [2021-04-02 00:24:02,883] {dag.py:2273} INFO - Setting next_dagrun for example_branch_operator to 2021-03-31 00:00:00+00:00
[2021-04-02 00:24:02,909] {scheduler_job.py:190} INFO - Processing /Library/Frameworks/Python.framework/Versions/3.9/lib/python3.9/site-packages/airflow/example_dags/example_branch_operator.py took 0.514 seconds
[2021-04-02 00:26:37,617] {scheduler_job.py:182} INFO - Started process (PID=9623) to work on /Library/Frameworks/Python.framework/Versions/3.9/lib/python3.9/site-packages/airflow/example_dags/example_branch_operator.py
[2021-04-02 00:26:37,619] {scheduler_job.py:629} INFO - Processing file /Library/Frameworks/Python.framework/Versions/3.9/lib/python3.9/site-packages/airflow/example_dags/example_branch_operator.py for tasks to queue
[2021-04-02 00:26:37,619] {logging_mixin.py:104} INFO - [2021-04-02 00:26:37,619] {dagbag.py:448} INFO - Filling up the DagBag from /Library/Frameworks/Python.framework/Versions/3.9/lib/python3.9/site-packages/airflow/example_dags/example_branch_operator.py
[2021-04-02 00:26:37,633] {scheduler_job.py:639} INFO - DAG(s) dict_keys(['example_branch_operator']) retrieved from /Library/Frameworks/Python.framework/Versions/3.9/lib/python3.9/site-packages/airflow/example_dags/example_branch_operator.py
[2021-04-02 00:26:37,675] {logging_mixin.py:104} INFO - [2021-04-02 00:26:37,675] {dag.py:1818} INFO - Sync 1 DAGs
[2021-04-02 00:26:37,689] {logging_mixin.py:104} INFO - [2021-04-02 00:26:37,689] {dag.py:2273} INFO - Setting next_dagrun for example_branch_operator to 2021-03-31 00:00:00+00:00
[2021-04-02 00:26:37,698] {scheduler_job.py:190} INFO - Processing /Library/Frameworks/Python.framework/Versions/3.9/lib/python3.9/site-packages/airflow/example_dags/example_branch_operator.py took 0.081 seconds
[2021-04-02 00:27:16,385] {scheduler_job.py:182} INFO - Started process (PID=9647) to work on /Library/Frameworks/Python.framework/Versions/3.9/lib/python3.9/site-packages/airflow/example_dags/example_branch_operator.py
[2021-04-02 00:27:16,386] {scheduler_job.py:629} INFO - Processing file /Library/Frameworks/Python.framework/Versions/3.9/lib/python3.9/site-packages/airflow/example_dags/example_branch_operator.py for tasks to queue
[2021-04-02 00:27:16,386] {logging_mixin.py:104} INFO - [2021-04-02 00:27:16,386] {dagbag.py:448} INFO - Filling up the DagBag from /Library/Frameworks/Python.framework/Versions/3.9/lib/python3.9/site-packages/airflow/example_dags/example_branch_operator.py
[2021-04-02 00:27:16,402] {scheduler_job.py:639} INFO - DAG(s) dict_keys(['example_branch_operator']) retrieved from /Library/Frameworks/Python.framework/Versions/3.9/lib/python3.9/site-packages/airflow/example_dags/example_branch_operator.py
[2021-04-02 00:27:16,444] {logging_mixin.py:104} INFO - [2021-04-02 00:27:16,444] {dag.py:1818} INFO - Sync 1 DAGs
[2021-04-02 00:27:16,460] {logging_mixin.py:104} INFO - [2021-04-02 00:27:16,460] {dag.py:2273} INFO - Setting next_dagrun for example_branch_operator to 2021-03-31 00:00:00+00:00
[2021-04-02 00:27:16,471] {scheduler_job.py:190} INFO - Processing /Library/Frameworks/Python.framework/Versions/3.9/lib/python3.9/site-packages/airflow/example_dags/example_branch_operator.py took 0.087 seconds
[2021-04-02 00:27:51,164] {scheduler_job.py:182} INFO - Started process (PID=9676) to work on /Library/Frameworks/Python.framework/Versions/3.9/lib/python3.9/site-packages/airflow/example_dags/example_branch_operator.py
[2021-04-02 00:27:51,164] {scheduler_job.py:629} INFO - Processing file /Library/Frameworks/Python.framework/Versions/3.9/lib/python3.9/site-packages/airflow/example_dags/example_branch_operator.py for tasks to queue
[2021-04-02 00:27:51,165] {logging_mixin.py:104} INFO - [2021-04-02 00:27:51,165] {dagbag.py:448} INFO - Filling up the DagBag from /Library/Frameworks/Python.framework/Versions/3.9/lib/python3.9/site-packages/airflow/example_dags/example_branch_operator.py
[2021-04-02 00:27:51,180] {scheduler_job.py:639} INFO - DAG(s) dict_keys(['example_branch_operator']) retrieved from /Library/Frameworks/Python.framework/Versions/3.9/lib/python3.9/site-packages/airflow/example_dags/example_branch_operator.py
[2021-04-02 00:27:51,219] {logging_mixin.py:104} INFO - [2021-04-02 00:27:51,219] {dag.py:1818} INFO - Sync 1 DAGs
[2021-04-02 00:27:51,234] {logging_mixin.py:104} INFO - [2021-04-02 00:27:51,234] {dag.py:2273} INFO - Setting next_dagrun for example_branch_operator to 2021-03-31 00:00:00+00:00
[2021-04-02 00:27:51,243] {scheduler_job.py:190} INFO - Processing /Library/Frameworks/Python.framework/Versions/3.9/lib/python3.9/site-packages/airflow/example_dags/example_branch_operator.py took 0.081 seconds
[2021-04-02 00:28:26,204] {scheduler_job.py:182} INFO - Started process (PID=9696) to work on /Library/Frameworks/Python.framework/Versions/3.9/lib/python3.9/site-packages/airflow/example_dags/example_branch_operator.py
[2021-04-02 00:28:26,204] {scheduler_job.py:629} INFO - Processing file /Library/Frameworks/Python.framework/Versions/3.9/lib/python3.9/site-packages/airflow/example_dags/example_branch_operator.py for tasks to queue
[2021-04-02 00:28:26,205] {logging_mixin.py:104} INFO - [2021-04-02 00:28:26,205] {dagbag.py:448} INFO - Filling up the DagBag from /Library/Frameworks/Python.framework/Versions/3.9/lib/python3.9/site-packages/airflow/example_dags/example_branch_operator.py
[2021-04-02 00:28:26,224] {scheduler_job.py:639} INFO - DAG(s) dict_keys(['example_branch_operator']) retrieved from /Library/Frameworks/Python.framework/Versions/3.9/lib/python3.9/site-packages/airflow/example_dags/example_branch_operator.py
[2021-04-02 00:28:26,338] {logging_mixin.py:104} INFO - [2021-04-02 00:28:26,338] {dag.py:1818} INFO - Sync 1 DAGs
[2021-04-02 00:28:26,358] {logging_mixin.py:104} INFO - [2021-04-02 00:28:26,358] {dag.py:2273} INFO - Setting next_dagrun for example_branch_operator to 2021-03-31 00:00:00+00:00
[2021-04-02 00:28:26,369] {scheduler_job.py:190} INFO - Processing /Library/Frameworks/Python.framework/Versions/3.9/lib/python3.9/site-packages/airflow/example_dags/example_branch_operator.py took 0.166 seconds
[2021-04-02 00:29:15,473] {scheduler_job.py:182} INFO - Started process (PID=9724) to work on /Library/Frameworks/Python.framework/Versions/3.9/lib/python3.9/site-packages/airflow/example_dags/example_branch_operator.py
[2021-04-02 00:29:15,477] {scheduler_job.py:629} INFO - Processing file /Library/Frameworks/Python.framework/Versions/3.9/lib/python3.9/site-packages/airflow/example_dags/example_branch_operator.py for tasks to queue
[2021-04-02 00:29:15,477] {logging_mixin.py:104} INFO - [2021-04-02 00:29:15,477] {dagbag.py:448} INFO - Filling up the DagBag from /Library/Frameworks/Python.framework/Versions/3.9/lib/python3.9/site-packages/airflow/example_dags/example_branch_operator.py
[2021-04-02 00:29:15,512] {scheduler_job.py:639} INFO - DAG(s) dict_keys(['example_branch_operator']) retrieved from /Library/Frameworks/Python.framework/Versions/3.9/lib/python3.9/site-packages/airflow/example_dags/example_branch_operator.py
[2021-04-02 00:29:15,605] {logging_mixin.py:104} INFO - [2021-04-02 00:29:15,605] {dag.py:1818} INFO - Sync 1 DAGs
[2021-04-02 00:29:15,644] {logging_mixin.py:104} INFO - [2021-04-02 00:29:15,644] {dag.py:2273} INFO - Setting next_dagrun for example_branch_operator to 2021-03-31 00:00:00+00:00
[2021-04-02 00:29:15,659] {scheduler_job.py:190} INFO - Processing /Library/Frameworks/Python.framework/Versions/3.9/lib/python3.9/site-packages/airflow/example_dags/example_branch_operator.py took 0.187 seconds
[2021-04-02 00:30:26,259] {scheduler_job.py:182} INFO - Started process (PID=9759) to work on /Library/Frameworks/Python.framework/Versions/3.9/lib/python3.9/site-packages/airflow/example_dags/example_branch_operator.py
[2021-04-02 00:30:26,260] {scheduler_job.py:629} INFO - Processing file /Library/Frameworks/Python.framework/Versions/3.9/lib/python3.9/site-packages/airflow/example_dags/example_branch_operator.py for tasks to queue
[2021-04-02 00:30:26,261] {logging_mixin.py:104} INFO - [2021-04-02 00:30:26,260] {dagbag.py:448} INFO - Filling up the DagBag from /Library/Frameworks/Python.framework/Versions/3.9/lib/python3.9/site-packages/airflow/example_dags/example_branch_operator.py
[2021-04-02 00:30:26,276] {scheduler_job.py:639} INFO - DAG(s) dict_keys(['example_branch_operator']) retrieved from /Library/Frameworks/Python.framework/Versions/3.9/lib/python3.9/site-packages/airflow/example_dags/example_branch_operator.py
[2021-04-02 00:30:26,335] {logging_mixin.py:104} INFO - [2021-04-02 00:30:26,334] {dag.py:1818} INFO - Sync 1 DAGs
[2021-04-02 00:30:26,358] {logging_mixin.py:104} INFO - [2021-04-02 00:30:26,358] {dag.py:2273} INFO - Setting next_dagrun for example_branch_operator to 2021-03-31 00:00:00+00:00
[2021-04-02 00:30:26,373] {scheduler_job.py:190} INFO - Processing /Library/Frameworks/Python.framework/Versions/3.9/lib/python3.9/site-packages/airflow/example_dags/example_branch_operator.py took 0.115 seconds
[2021-04-02 00:31:20,714] {scheduler_job.py:182} INFO - Started process (PID=9783) to work on /Library/Frameworks/Python.framework/Versions/3.9/lib/python3.9/site-packages/airflow/example_dags/example_branch_operator.py
[2021-04-02 00:31:20,715] {scheduler_job.py:629} INFO - Processing file /Library/Frameworks/Python.framework/Versions/3.9/lib/python3.9/site-packages/airflow/example_dags/example_branch_operator.py for tasks to queue
[2021-04-02 00:31:20,716] {logging_mixin.py:104} INFO - [2021-04-02 00:31:20,716] {dagbag.py:448} INFO - Filling up the DagBag from /Library/Frameworks/Python.framework/Versions/3.9/lib/python3.9/site-packages/airflow/example_dags/example_branch_operator.py
[2021-04-02 00:31:20,738] {scheduler_job.py:639} INFO - DAG(s) dict_keys(['example_branch_operator']) retrieved from /Library/Frameworks/Python.framework/Versions/3.9/lib/python3.9/site-packages/airflow/example_dags/example_branch_operator.py
[2021-04-02 00:31:21,428] {logging_mixin.py:104} INFO - [2021-04-02 00:31:21,427] {dag.py:1818} INFO - Sync 1 DAGs
[2021-04-02 00:31:21,468] {logging_mixin.py:104} INFO - [2021-04-02 00:31:21,468] {dag.py:2273} INFO - Setting next_dagrun for example_branch_operator to 2021-03-31 00:00:00+00:00
[2021-04-02 00:31:21,608] {scheduler_job.py:190} INFO - Processing /Library/Frameworks/Python.framework/Versions/3.9/lib/python3.9/site-packages/airflow/example_dags/example_branch_operator.py took 0.895 seconds
[2021-04-02 00:32:12,326] {scheduler_job.py:182} INFO - Started process (PID=9822) to work on /Library/Frameworks/Python.framework/Versions/3.9/lib/python3.9/site-packages/airflow/example_dags/example_branch_operator.py
[2021-04-02 00:32:12,327] {scheduler_job.py:629} INFO - Processing file /Library/Frameworks/Python.framework/Versions/3.9/lib/python3.9/site-packages/airflow/example_dags/example_branch_operator.py for tasks to queue
[2021-04-02 00:32:12,327] {logging_mixin.py:104} INFO - [2021-04-02 00:32:12,327] {dagbag.py:448} INFO - Filling up the DagBag from /Library/Frameworks/Python.framework/Versions/3.9/lib/python3.9/site-packages/airflow/example_dags/example_branch_operator.py
[2021-04-02 00:32:12,342] {scheduler_job.py:639} INFO - DAG(s) dict_keys(['example_branch_operator']) retrieved from /Library/Frameworks/Python.framework/Versions/3.9/lib/python3.9/site-packages/airflow/example_dags/example_branch_operator.py
[2021-04-02 00:32:12,389] {logging_mixin.py:104} INFO - [2021-04-02 00:32:12,389] {dag.py:1818} INFO - Sync 1 DAGs
[2021-04-02 00:32:12,406] {logging_mixin.py:104} INFO - [2021-04-02 00:32:12,406] {dag.py:2273} INFO - Setting next_dagrun for example_branch_operator to 2021-03-31 00:00:00+00:00
[2021-04-02 00:32:12,418] {scheduler_job.py:190} INFO - Processing /Library/Frameworks/Python.framework/Versions/3.9/lib/python3.9/site-packages/airflow/example_dags/example_branch_operator.py took 0.093 seconds
[2021-04-02 00:32:51,761] {scheduler_job.py:182} INFO - Started process (PID=9845) to work on /Library/Frameworks/Python.framework/Versions/3.9/lib/python3.9/site-packages/airflow/example_dags/example_branch_operator.py
[2021-04-02 00:32:51,762] {scheduler_job.py:629} INFO - Processing file /Library/Frameworks/Python.framework/Versions/3.9/lib/python3.9/site-packages/airflow/example_dags/example_branch_operator.py for tasks to queue
[2021-04-02 00:32:51,762] {logging_mixin.py:104} INFO - [2021-04-02 00:32:51,762] {dagbag.py:448} INFO - Filling up the DagBag from /Library/Frameworks/Python.framework/Versions/3.9/lib/python3.9/site-packages/airflow/example_dags/example_branch_operator.py
[2021-04-02 00:32:51,775] {scheduler_job.py:639} INFO - DAG(s) dict_keys(['example_branch_operator']) retrieved from /Library/Frameworks/Python.framework/Versions/3.9/lib/python3.9/site-packages/airflow/example_dags/example_branch_operator.py
[2021-04-02 00:32:51,815] {logging_mixin.py:104} INFO - [2021-04-02 00:32:51,815] {dag.py:1818} INFO - Sync 1 DAGs
[2021-04-02 00:32:51,830] {logging_mixin.py:104} INFO - [2021-04-02 00:32:51,830] {dag.py:2273} INFO - Setting next_dagrun for example_branch_operator to 2021-03-31 00:00:00+00:00
[2021-04-02 00:32:51,840] {scheduler_job.py:190} INFO - Processing /Library/Frameworks/Python.framework/Versions/3.9/lib/python3.9/site-packages/airflow/example_dags/example_branch_operator.py took 0.080 seconds
[2021-04-02 00:33:41,562] {scheduler_job.py:182} INFO - Started process (PID=9876) to work on /Library/Frameworks/Python.framework/Versions/3.9/lib/python3.9/site-packages/airflow/example_dags/example_branch_operator.py
[2021-04-02 00:33:41,565] {scheduler_job.py:629} INFO - Processing file /Library/Frameworks/Python.framework/Versions/3.9/lib/python3.9/site-packages/airflow/example_dags/example_branch_operator.py for tasks to queue
[2021-04-02 00:33:41,566] {logging_mixin.py:104} INFO - [2021-04-02 00:33:41,566] {dagbag.py:448} INFO - Filling up the DagBag from /Library/Frameworks/Python.framework/Versions/3.9/lib/python3.9/site-packages/airflow/example_dags/example_branch_operator.py
[2021-04-02 00:33:41,612] {scheduler_job.py:639} INFO - DAG(s) dict_keys(['example_branch_operator']) retrieved from /Library/Frameworks/Python.framework/Versions/3.9/lib/python3.9/site-packages/airflow/example_dags/example_branch_operator.py
[2021-04-02 00:33:41,727] {logging_mixin.py:104} INFO - [2021-04-02 00:33:41,727] {dag.py:1818} INFO - Sync 1 DAGs
[2021-04-02 00:33:41,755] {logging_mixin.py:104} INFO - [2021-04-02 00:33:41,755] {dag.py:2273} INFO - Setting next_dagrun for example_branch_operator to 2021-03-31 00:00:00+00:00
[2021-04-02 00:33:41,782] {scheduler_job.py:190} INFO - Processing /Library/Frameworks/Python.framework/Versions/3.9/lib/python3.9/site-packages/airflow/example_dags/example_branch_operator.py took 0.221 seconds
[2021-04-02 00:34:49,808] {scheduler_job.py:182} INFO - Started process (PID=9937) to work on /Library/Frameworks/Python.framework/Versions/3.9/lib/python3.9/site-packages/airflow/example_dags/example_branch_operator.py
[2021-04-02 00:34:49,809] {scheduler_job.py:629} INFO - Processing file /Library/Frameworks/Python.framework/Versions/3.9/lib/python3.9/site-packages/airflow/example_dags/example_branch_operator.py for tasks to queue
[2021-04-02 00:34:49,810] {logging_mixin.py:104} INFO - [2021-04-02 00:34:49,810] {dagbag.py:448} INFO - Filling up the DagBag from /Library/Frameworks/Python.framework/Versions/3.9/lib/python3.9/site-packages/airflow/example_dags/example_branch_operator.py
[2021-04-02 00:34:49,824] {scheduler_job.py:639} INFO - DAG(s) dict_keys(['example_branch_operator']) retrieved from /Library/Frameworks/Python.framework/Versions/3.9/lib/python3.9/site-packages/airflow/example_dags/example_branch_operator.py
[2021-04-02 00:34:49,878] {logging_mixin.py:104} INFO - [2021-04-02 00:34:49,878] {dag.py:1818} INFO - Sync 1 DAGs
[2021-04-02 00:34:49,894] {logging_mixin.py:104} INFO - [2021-04-02 00:34:49,894] {dag.py:2273} INFO - Setting next_dagrun for example_branch_operator to 2021-03-31 00:00:00+00:00
[2021-04-02 00:34:49,905] {scheduler_job.py:190} INFO - Processing /Library/Frameworks/Python.framework/Versions/3.9/lib/python3.9/site-packages/airflow/example_dags/example_branch_operator.py took 0.097 seconds
[2021-04-02 00:35:47,653] {scheduler_job.py:182} INFO - Started process (PID=10028) to work on /Library/Frameworks/Python.framework/Versions/3.9/lib/python3.9/site-packages/airflow/example_dags/example_branch_operator.py
[2021-04-02 00:35:47,671] {scheduler_job.py:629} INFO - Processing file /Library/Frameworks/Python.framework/Versions/3.9/lib/python3.9/site-packages/airflow/example_dags/example_branch_operator.py for tasks to queue
[2021-04-02 00:35:47,672] {logging_mixin.py:104} INFO - [2021-04-02 00:35:47,672] {dagbag.py:448} INFO - Filling up the DagBag from /Library/Frameworks/Python.framework/Versions/3.9/lib/python3.9/site-packages/airflow/example_dags/example_branch_operator.py
[2021-04-02 00:35:47,739] {scheduler_job.py:639} INFO - DAG(s) dict_keys(['example_branch_operator']) retrieved from /Library/Frameworks/Python.framework/Versions/3.9/lib/python3.9/site-packages/airflow/example_dags/example_branch_operator.py
[2021-04-02 00:35:47,851] {logging_mixin.py:104} INFO - [2021-04-02 00:35:47,850] {dag.py:1818} INFO - Sync 1 DAGs
[2021-04-02 00:35:47,878] {logging_mixin.py:104} INFO - [2021-04-02 00:35:47,878] {dag.py:2273} INFO - Setting next_dagrun for example_branch_operator to 2021-03-31 00:00:00+00:00
[2021-04-02 00:35:47,891] {scheduler_job.py:190} INFO - Processing /Library/Frameworks/Python.framework/Versions/3.9/lib/python3.9/site-packages/airflow/example_dags/example_branch_operator.py took 0.240 seconds
[2021-04-02 00:36:40,838] {scheduler_job.py:182} INFO - Started process (PID=10059) to work on /Library/Frameworks/Python.framework/Versions/3.9/lib/python3.9/site-packages/airflow/example_dags/example_branch_operator.py
[2021-04-02 00:36:40,840] {scheduler_job.py:629} INFO - Processing file /Library/Frameworks/Python.framework/Versions/3.9/lib/python3.9/site-packages/airflow/example_dags/example_branch_operator.py for tasks to queue
[2021-04-02 00:36:40,840] {logging_mixin.py:104} INFO - [2021-04-02 00:36:40,840] {dagbag.py:448} INFO - Filling up the DagBag from /Library/Frameworks/Python.framework/Versions/3.9/lib/python3.9/site-packages/airflow/example_dags/example_branch_operator.py
[2021-04-02 00:36:40,853] {scheduler_job.py:639} INFO - DAG(s) dict_keys(['example_branch_operator']) retrieved from /Library/Frameworks/Python.framework/Versions/3.9/lib/python3.9/site-packages/airflow/example_dags/example_branch_operator.py
[2021-04-02 00:36:40,914] {logging_mixin.py:104} INFO - [2021-04-02 00:36:40,912] {dag.py:1818} INFO - Sync 1 DAGs
[2021-04-02 00:36:40,942] {logging_mixin.py:104} INFO - [2021-04-02 00:36:40,942] {dag.py:2273} INFO - Setting next_dagrun for example_branch_operator to 2021-03-31 00:00:00+00:00
[2021-04-02 00:36:40,960] {scheduler_job.py:190} INFO - Processing /Library/Frameworks/Python.framework/Versions/3.9/lib/python3.9/site-packages/airflow/example_dags/example_branch_operator.py took 0.123 seconds
[2021-04-02 00:37:18,088] {scheduler_job.py:182} INFO - Started process (PID=10080) to work on /Library/Frameworks/Python.framework/Versions/3.9/lib/python3.9/site-packages/airflow/example_dags/example_branch_operator.py
[2021-04-02 00:37:18,089] {scheduler_job.py:629} INFO - Processing file /Library/Frameworks/Python.framework/Versions/3.9/lib/python3.9/site-packages/airflow/example_dags/example_branch_operator.py for tasks to queue
[2021-04-02 00:37:18,090] {logging_mixin.py:104} INFO - [2021-04-02 00:37:18,090] {dagbag.py:448} INFO - Filling up the DagBag from /Library/Frameworks/Python.framework/Versions/3.9/lib/python3.9/site-packages/airflow/example_dags/example_branch_operator.py
[2021-04-02 00:37:18,109] {scheduler_job.py:639} INFO - DAG(s) dict_keys(['example_branch_operator']) retrieved from /Library/Frameworks/Python.framework/Versions/3.9/lib/python3.9/site-packages/airflow/example_dags/example_branch_operator.py
[2021-04-02 00:37:18,159] {logging_mixin.py:104} INFO - [2021-04-02 00:37:18,159] {dag.py:1818} INFO - Sync 1 DAGs
[2021-04-02 00:37:18,173] {logging_mixin.py:104} INFO - [2021-04-02 00:37:18,173] {dag.py:2273} INFO - Setting next_dagrun for example_branch_operator to 2021-03-31 00:00:00+00:00
[2021-04-02 00:37:18,184] {scheduler_job.py:190} INFO - Processing /Library/Frameworks/Python.framework/Versions/3.9/lib/python3.9/site-packages/airflow/example_dags/example_branch_operator.py took 0.097 seconds
[2021-04-02 00:37:51,691] {scheduler_job.py:182} INFO - Started process (PID=10096) to work on /Library/Frameworks/Python.framework/Versions/3.9/lib/python3.9/site-packages/airflow/example_dags/example_branch_operator.py
[2021-04-02 00:37:51,692] {scheduler_job.py:629} INFO - Processing file /Library/Frameworks/Python.framework/Versions/3.9/lib/python3.9/site-packages/airflow/example_dags/example_branch_operator.py for tasks to queue
[2021-04-02 00:37:51,692] {logging_mixin.py:104} INFO - [2021-04-02 00:37:51,692] {dagbag.py:448} INFO - Filling up the DagBag from /Library/Frameworks/Python.framework/Versions/3.9/lib/python3.9/site-packages/airflow/example_dags/example_branch_operator.py
[2021-04-02 00:37:51,703] {scheduler_job.py:639} INFO - DAG(s) dict_keys(['example_branch_operator']) retrieved from /Library/Frameworks/Python.framework/Versions/3.9/lib/python3.9/site-packages/airflow/example_dags/example_branch_operator.py
[2021-04-02 00:37:51,755] {logging_mixin.py:104} INFO - [2021-04-02 00:37:51,755] {dag.py:1818} INFO - Sync 1 DAGs
[2021-04-02 00:37:51,771] {logging_mixin.py:104} INFO - [2021-04-02 00:37:51,771] {dag.py:2273} INFO - Setting next_dagrun for example_branch_operator to 2021-03-31 00:00:00+00:00
[2021-04-02 00:37:51,782] {scheduler_job.py:190} INFO - Processing /Library/Frameworks/Python.framework/Versions/3.9/lib/python3.9/site-packages/airflow/example_dags/example_branch_operator.py took 0.091 seconds
[2021-04-02 00:38:26,572] {scheduler_job.py:182} INFO - Started process (PID=10113) to work on /Library/Frameworks/Python.framework/Versions/3.9/lib/python3.9/site-packages/airflow/example_dags/example_branch_operator.py
[2021-04-02 00:38:26,573] {scheduler_job.py:629} INFO - Processing file /Library/Frameworks/Python.framework/Versions/3.9/lib/python3.9/site-packages/airflow/example_dags/example_branch_operator.py for tasks to queue
[2021-04-02 00:38:26,574] {logging_mixin.py:104} INFO - [2021-04-02 00:38:26,574] {dagbag.py:448} INFO - Filling up the DagBag from /Library/Frameworks/Python.framework/Versions/3.9/lib/python3.9/site-packages/airflow/example_dags/example_branch_operator.py
[2021-04-02 00:38:26,585] {scheduler_job.py:639} INFO - DAG(s) dict_keys(['example_branch_operator']) retrieved from /Library/Frameworks/Python.framework/Versions/3.9/lib/python3.9/site-packages/airflow/example_dags/example_branch_operator.py
[2021-04-02 00:38:26,627] {logging_mixin.py:104} INFO - [2021-04-02 00:38:26,627] {dag.py:1818} INFO - Sync 1 DAGs
[2021-04-02 00:38:26,645] {logging_mixin.py:104} INFO - [2021-04-02 00:38:26,645] {dag.py:2273} INFO - Setting next_dagrun for example_branch_operator to 2021-03-31 00:00:00+00:00
[2021-04-02 00:38:26,661] {scheduler_job.py:190} INFO - Processing /Library/Frameworks/Python.framework/Versions/3.9/lib/python3.9/site-packages/airflow/example_dags/example_branch_operator.py took 0.091 seconds
[2021-04-02 00:39:03,848] {scheduler_job.py:182} INFO - Started process (PID=10130) to work on /Library/Frameworks/Python.framework/Versions/3.9/lib/python3.9/site-packages/airflow/example_dags/example_branch_operator.py
[2021-04-02 00:39:03,849] {scheduler_job.py:629} INFO - Processing file /Library/Frameworks/Python.framework/Versions/3.9/lib/python3.9/site-packages/airflow/example_dags/example_branch_operator.py for tasks to queue
[2021-04-02 00:39:03,850] {logging_mixin.py:104} INFO - [2021-04-02 00:39:03,849] {dagbag.py:448} INFO - Filling up the DagBag from /Library/Frameworks/Python.framework/Versions/3.9/lib/python3.9/site-packages/airflow/example_dags/example_branch_operator.py
[2021-04-02 00:39:03,861] {scheduler_job.py:639} INFO - DAG(s) dict_keys(['example_branch_operator']) retrieved from /Library/Frameworks/Python.framework/Versions/3.9/lib/python3.9/site-packages/airflow/example_dags/example_branch_operator.py
[2021-04-02 00:39:03,904] {logging_mixin.py:104} INFO - [2021-04-02 00:39:03,904] {dag.py:1818} INFO - Sync 1 DAGs
[2021-04-02 00:39:03,921] {logging_mixin.py:104} INFO - [2021-04-02 00:39:03,921] {dag.py:2273} INFO - Setting next_dagrun for example_branch_operator to 2021-03-31 00:00:00+00:00
[2021-04-02 00:39:03,931] {scheduler_job.py:190} INFO - Processing /Library/Frameworks/Python.framework/Versions/3.9/lib/python3.9/site-packages/airflow/example_dags/example_branch_operator.py took 0.084 seconds
[2021-04-02 00:39:44,667] {scheduler_job.py:182} INFO - Started process (PID=10152) to work on /Library/Frameworks/Python.framework/Versions/3.9/lib/python3.9/site-packages/airflow/example_dags/example_branch_operator.py
[2021-04-02 00:39:44,668] {scheduler_job.py:629} INFO - Processing file /Library/Frameworks/Python.framework/Versions/3.9/lib/python3.9/site-packages/airflow/example_dags/example_branch_operator.py for tasks to queue
[2021-04-02 00:39:44,668] {logging_mixin.py:104} INFO - [2021-04-02 00:39:44,668] {dagbag.py:448} INFO - Filling up the DagBag from /Library/Frameworks/Python.framework/Versions/3.9/lib/python3.9/site-packages/airflow/example_dags/example_branch_operator.py
[2021-04-02 00:39:44,680] {scheduler_job.py:639} INFO - DAG(s) dict_keys(['example_branch_operator']) retrieved from /Library/Frameworks/Python.framework/Versions/3.9/lib/python3.9/site-packages/airflow/example_dags/example_branch_operator.py
[2021-04-02 00:39:44,718] {logging_mixin.py:104} INFO - [2021-04-02 00:39:44,718] {dag.py:1818} INFO - Sync 1 DAGs
[2021-04-02 00:39:44,734] {logging_mixin.py:104} INFO - [2021-04-02 00:39:44,734] {dag.py:2273} INFO - Setting next_dagrun for example_branch_operator to 2021-03-31 00:00:00+00:00
[2021-04-02 00:39:44,743] {scheduler_job.py:190} INFO - Processing /Library/Frameworks/Python.framework/Versions/3.9/lib/python3.9/site-packages/airflow/example_dags/example_branch_operator.py took 0.077 seconds
[2021-04-02 00:40:17,844] {scheduler_job.py:182} INFO - Started process (PID=10169) to work on /Library/Frameworks/Python.framework/Versions/3.9/lib/python3.9/site-packages/airflow/example_dags/example_branch_operator.py
[2021-04-02 00:40:17,844] {scheduler_job.py:629} INFO - Processing file /Library/Frameworks/Python.framework/Versions/3.9/lib/python3.9/site-packages/airflow/example_dags/example_branch_operator.py for tasks to queue
[2021-04-02 00:40:17,845] {logging_mixin.py:104} INFO - [2021-04-02 00:40:17,845] {dagbag.py:448} INFO - Filling up the DagBag from /Library/Frameworks/Python.framework/Versions/3.9/lib/python3.9/site-packages/airflow/example_dags/example_branch_operator.py
[2021-04-02 00:40:17,860] {scheduler_job.py:639} INFO - DAG(s) dict_keys(['example_branch_operator']) retrieved from /Library/Frameworks/Python.framework/Versions/3.9/lib/python3.9/site-packages/airflow/example_dags/example_branch_operator.py
[2021-04-02 00:40:17,910] {logging_mixin.py:104} INFO - [2021-04-02 00:40:17,910] {dag.py:1818} INFO - Sync 1 DAGs
[2021-04-02 00:40:17,931] {logging_mixin.py:104} INFO - [2021-04-02 00:40:17,931] {dag.py:2273} INFO - Setting next_dagrun for example_branch_operator to 2021-03-31 00:00:00+00:00
[2021-04-02 00:40:17,942] {scheduler_job.py:190} INFO - Processing /Library/Frameworks/Python.framework/Versions/3.9/lib/python3.9/site-packages/airflow/example_dags/example_branch_operator.py took 0.099 seconds
[2021-04-02 00:41:05,723] {scheduler_job.py:182} INFO - Started process (PID=10215) to work on /Library/Frameworks/Python.framework/Versions/3.9/lib/python3.9/site-packages/airflow/example_dags/example_branch_operator.py
[2021-04-02 00:41:05,725] {scheduler_job.py:629} INFO - Processing file /Library/Frameworks/Python.framework/Versions/3.9/lib/python3.9/site-packages/airflow/example_dags/example_branch_operator.py for tasks to queue
[2021-04-02 00:41:05,726] {logging_mixin.py:104} INFO - [2021-04-02 00:41:05,726] {dagbag.py:448} INFO - Filling up the DagBag from /Library/Frameworks/Python.framework/Versions/3.9/lib/python3.9/site-packages/airflow/example_dags/example_branch_operator.py
[2021-04-02 00:41:05,738] {scheduler_job.py:639} INFO - DAG(s) dict_keys(['example_branch_operator']) retrieved from /Library/Frameworks/Python.framework/Versions/3.9/lib/python3.9/site-packages/airflow/example_dags/example_branch_operator.py
[2021-04-02 00:41:05,782] {logging_mixin.py:104} INFO - [2021-04-02 00:41:05,782] {dag.py:1818} INFO - Sync 1 DAGs
[2021-04-02 00:41:05,797] {logging_mixin.py:104} INFO - [2021-04-02 00:41:05,797] {dag.py:2273} INFO - Setting next_dagrun for example_branch_operator to 2021-03-31 00:00:00+00:00
[2021-04-02 00:41:05,804] {scheduler_job.py:190} INFO - Processing /Library/Frameworks/Python.framework/Versions/3.9/lib/python3.9/site-packages/airflow/example_dags/example_branch_operator.py took 0.081 seconds
[2021-04-02 00:41:59,578] {scheduler_job.py:182} INFO - Started process (PID=10249) to work on /Library/Frameworks/Python.framework/Versions/3.9/lib/python3.9/site-packages/airflow/example_dags/example_branch_operator.py
[2021-04-02 00:41:59,579] {scheduler_job.py:629} INFO - Processing file /Library/Frameworks/Python.framework/Versions/3.9/lib/python3.9/site-packages/airflow/example_dags/example_branch_operator.py for tasks to queue
[2021-04-02 00:41:59,580] {logging_mixin.py:104} INFO - [2021-04-02 00:41:59,580] {dagbag.py:448} INFO - Filling up the DagBag from /Library/Frameworks/Python.framework/Versions/3.9/lib/python3.9/site-packages/airflow/example_dags/example_branch_operator.py
[2021-04-02 00:41:59,591] {scheduler_job.py:639} INFO - DAG(s) dict_keys(['example_branch_operator']) retrieved from /Library/Frameworks/Python.framework/Versions/3.9/lib/python3.9/site-packages/airflow/example_dags/example_branch_operator.py
[2021-04-02 00:41:59,630] {logging_mixin.py:104} INFO - [2021-04-02 00:41:59,630] {dag.py:1818} INFO - Sync 1 DAGs
[2021-04-02 00:41:59,646] {logging_mixin.py:104} INFO - [2021-04-02 00:41:59,646] {dag.py:2273} INFO - Setting next_dagrun for example_branch_operator to 2021-03-31 00:00:00+00:00
[2021-04-02 00:41:59,653] {scheduler_job.py:190} INFO - Processing /Library/Frameworks/Python.framework/Versions/3.9/lib/python3.9/site-packages/airflow/example_dags/example_branch_operator.py took 0.075 seconds
[2021-04-02 00:42:38,248] {scheduler_job.py:182} INFO - Started process (PID=10273) to work on /Library/Frameworks/Python.framework/Versions/3.9/lib/python3.9/site-packages/airflow/example_dags/example_branch_operator.py
[2021-04-02 00:42:38,248] {scheduler_job.py:629} INFO - Processing file /Library/Frameworks/Python.framework/Versions/3.9/lib/python3.9/site-packages/airflow/example_dags/example_branch_operator.py for tasks to queue
[2021-04-02 00:42:38,249] {logging_mixin.py:104} INFO - [2021-04-02 00:42:38,249] {dagbag.py:448} INFO - Filling up the DagBag from /Library/Frameworks/Python.framework/Versions/3.9/lib/python3.9/site-packages/airflow/example_dags/example_branch_operator.py
[2021-04-02 00:42:38,260] {scheduler_job.py:639} INFO - DAG(s) dict_keys(['example_branch_operator']) retrieved from /Library/Frameworks/Python.framework/Versions/3.9/lib/python3.9/site-packages/airflow/example_dags/example_branch_operator.py
[2021-04-02 00:42:38,296] {logging_mixin.py:104} INFO - [2021-04-02 00:42:38,296] {dag.py:1818} INFO - Sync 1 DAGs
[2021-04-02 00:42:38,311] {logging_mixin.py:104} INFO - [2021-04-02 00:42:38,311] {dag.py:2273} INFO - Setting next_dagrun for example_branch_operator to 2021-03-31 00:00:00+00:00
[2021-04-02 00:42:38,317] {scheduler_job.py:190} INFO - Processing /Library/Frameworks/Python.framework/Versions/3.9/lib/python3.9/site-packages/airflow/example_dags/example_branch_operator.py took 0.070 seconds
[2021-04-02 00:43:48,570] {scheduler_job.py:182} INFO - Started process (PID=10319) to work on /Library/Frameworks/Python.framework/Versions/3.9/lib/python3.9/site-packages/airflow/example_dags/example_branch_operator.py
[2021-04-02 00:43:48,570] {scheduler_job.py:629} INFO - Processing file /Library/Frameworks/Python.framework/Versions/3.9/lib/python3.9/site-packages/airflow/example_dags/example_branch_operator.py for tasks to queue
[2021-04-02 00:43:48,571] {logging_mixin.py:104} INFO - [2021-04-02 00:43:48,571] {dagbag.py:448} INFO - Filling up the DagBag from /Library/Frameworks/Python.framework/Versions/3.9/lib/python3.9/site-packages/airflow/example_dags/example_branch_operator.py
[2021-04-02 00:43:48,586] {scheduler_job.py:639} INFO - DAG(s) dict_keys(['example_branch_operator']) retrieved from /Library/Frameworks/Python.framework/Versions/3.9/lib/python3.9/site-packages/airflow/example_dags/example_branch_operator.py
[2021-04-02 00:43:48,661] {logging_mixin.py:104} INFO - [2021-04-02 00:43:48,660] {dag.py:1818} INFO - Sync 1 DAGs
[2021-04-02 00:43:48,699] {logging_mixin.py:104} INFO - [2021-04-02 00:43:48,699] {dag.py:2273} INFO - Setting next_dagrun for example_branch_operator to 2021-03-31 00:00:00+00:00
[2021-04-02 00:43:48,716] {scheduler_job.py:190} INFO - Processing /Library/Frameworks/Python.framework/Versions/3.9/lib/python3.9/site-packages/airflow/example_dags/example_branch_operator.py took 0.147 seconds
[2021-04-02 00:44:39,928] {scheduler_job.py:182} INFO - Started process (PID=10356) to work on /Library/Frameworks/Python.framework/Versions/3.9/lib/python3.9/site-packages/airflow/example_dags/example_branch_operator.py
[2021-04-02 00:44:39,928] {scheduler_job.py:629} INFO - Processing file /Library/Frameworks/Python.framework/Versions/3.9/lib/python3.9/site-packages/airflow/example_dags/example_branch_operator.py for tasks to queue
[2021-04-02 00:44:39,929] {logging_mixin.py:104} INFO - [2021-04-02 00:44:39,929] {dagbag.py:448} INFO - Filling up the DagBag from /Library/Frameworks/Python.framework/Versions/3.9/lib/python3.9/site-packages/airflow/example_dags/example_branch_operator.py
[2021-04-02 00:44:39,938] {scheduler_job.py:639} INFO - DAG(s) dict_keys(['example_branch_operator']) retrieved from /Library/Frameworks/Python.framework/Versions/3.9/lib/python3.9/site-packages/airflow/example_dags/example_branch_operator.py
[2021-04-02 00:44:39,975] {logging_mixin.py:104} INFO - [2021-04-02 00:44:39,974] {dag.py:1818} INFO - Sync 1 DAGs
[2021-04-02 00:44:39,991] {logging_mixin.py:104} INFO - [2021-04-02 00:44:39,990] {dag.py:2273} INFO - Setting next_dagrun for example_branch_operator to 2021-03-31 00:00:00+00:00
[2021-04-02 00:44:40,000] {scheduler_job.py:190} INFO - Processing /Library/Frameworks/Python.framework/Versions/3.9/lib/python3.9/site-packages/airflow/example_dags/example_branch_operator.py took 0.073 seconds
[2021-04-02 00:45:43,874] {scheduler_job.py:182} INFO - Started process (PID=10401) to work on /Library/Frameworks/Python.framework/Versions/3.9/lib/python3.9/site-packages/airflow/example_dags/example_branch_operator.py
[2021-04-02 00:45:43,876] {scheduler_job.py:629} INFO - Processing file /Library/Frameworks/Python.framework/Versions/3.9/lib/python3.9/site-packages/airflow/example_dags/example_branch_operator.py for tasks to queue
[2021-04-02 00:45:43,876] {logging_mixin.py:104} INFO - [2021-04-02 00:45:43,876] {dagbag.py:448} INFO - Filling up the DagBag from /Library/Frameworks/Python.framework/Versions/3.9/lib/python3.9/site-packages/airflow/example_dags/example_branch_operator.py
[2021-04-02 00:45:43,903] {scheduler_job.py:639} INFO - DAG(s) dict_keys(['example_branch_operator']) retrieved from /Library/Frameworks/Python.framework/Versions/3.9/lib/python3.9/site-packages/airflow/example_dags/example_branch_operator.py
[2021-04-02 00:45:44,611] {logging_mixin.py:104} INFO - [2021-04-02 00:45:44,611] {dag.py:1818} INFO - Sync 1 DAGs
[2021-04-02 00:45:44,961] {logging_mixin.py:104} INFO - [2021-04-02 00:45:44,961] {dag.py:2273} INFO - Setting next_dagrun for example_branch_operator to 2021-03-31 00:00:00+00:00
[2021-04-02 00:45:45,081] {scheduler_job.py:190} INFO - Processing /Library/Frameworks/Python.framework/Versions/3.9/lib/python3.9/site-packages/airflow/example_dags/example_branch_operator.py took 1.210 seconds
[2021-04-02 00:47:04,808] {scheduler_job.py:182} INFO - Started process (PID=10469) to work on /Library/Frameworks/Python.framework/Versions/3.9/lib/python3.9/site-packages/airflow/example_dags/example_branch_operator.py
[2021-04-02 00:47:04,809] {scheduler_job.py:629} INFO - Processing file /Library/Frameworks/Python.framework/Versions/3.9/lib/python3.9/site-packages/airflow/example_dags/example_branch_operator.py for tasks to queue
[2021-04-02 00:47:04,809] {logging_mixin.py:104} INFO - [2021-04-02 00:47:04,809] {dagbag.py:448} INFO - Filling up the DagBag from /Library/Frameworks/Python.framework/Versions/3.9/lib/python3.9/site-packages/airflow/example_dags/example_branch_operator.py
[2021-04-02 00:47:04,819] {scheduler_job.py:639} INFO - DAG(s) dict_keys(['example_branch_operator']) retrieved from /Library/Frameworks/Python.framework/Versions/3.9/lib/python3.9/site-packages/airflow/example_dags/example_branch_operator.py
[2021-04-02 00:47:04,856] {logging_mixin.py:104} INFO - [2021-04-02 00:47:04,856] {dag.py:1818} INFO - Sync 1 DAGs
[2021-04-02 00:47:04,872] {logging_mixin.py:104} INFO - [2021-04-02 00:47:04,872] {dag.py:2273} INFO - Setting next_dagrun for example_branch_operator to 2021-03-31 00:00:00+00:00
[2021-04-02 00:47:04,882] {scheduler_job.py:190} INFO - Processing /Library/Frameworks/Python.framework/Versions/3.9/lib/python3.9/site-packages/airflow/example_dags/example_branch_operator.py took 0.075 seconds
[2021-04-02 00:47:53,874] {scheduler_job.py:182} INFO - Started process (PID=10490) to work on /Library/Frameworks/Python.framework/Versions/3.9/lib/python3.9/site-packages/airflow/example_dags/example_branch_operator.py
[2021-04-02 00:47:53,876] {scheduler_job.py:629} INFO - Processing file /Library/Frameworks/Python.framework/Versions/3.9/lib/python3.9/site-packages/airflow/example_dags/example_branch_operator.py for tasks to queue
[2021-04-02 00:47:53,876] {logging_mixin.py:104} INFO - [2021-04-02 00:47:53,876] {dagbag.py:448} INFO - Filling up the DagBag from /Library/Frameworks/Python.framework/Versions/3.9/lib/python3.9/site-packages/airflow/example_dags/example_branch_operator.py
[2021-04-02 00:47:53,891] {scheduler_job.py:639} INFO - DAG(s) dict_keys(['example_branch_operator']) retrieved from /Library/Frameworks/Python.framework/Versions/3.9/lib/python3.9/site-packages/airflow/example_dags/example_branch_operator.py
[2021-04-02 00:47:53,940] {logging_mixin.py:104} INFO - [2021-04-02 00:47:53,940] {dag.py:1818} INFO - Sync 1 DAGs
[2021-04-02 00:47:53,957] {logging_mixin.py:104} INFO - [2021-04-02 00:47:53,957] {dag.py:2273} INFO - Setting next_dagrun for example_branch_operator to 2021-03-31 00:00:00+00:00
[2021-04-02 00:47:53,967] {scheduler_job.py:190} INFO - Processing /Library/Frameworks/Python.framework/Versions/3.9/lib/python3.9/site-packages/airflow/example_dags/example_branch_operator.py took 0.094 seconds
[2021-04-02 00:48:57,999] {scheduler_job.py:182} INFO - Started process (PID=10515) to work on /Library/Frameworks/Python.framework/Versions/3.9/lib/python3.9/site-packages/airflow/example_dags/example_branch_operator.py
[2021-04-02 00:48:57,999] {scheduler_job.py:629} INFO - Processing file /Library/Frameworks/Python.framework/Versions/3.9/lib/python3.9/site-packages/airflow/example_dags/example_branch_operator.py for tasks to queue
[2021-04-02 00:48:58,000] {logging_mixin.py:104} INFO - [2021-04-02 00:48:58,000] {dagbag.py:448} INFO - Filling up the DagBag from /Library/Frameworks/Python.framework/Versions/3.9/lib/python3.9/site-packages/airflow/example_dags/example_branch_operator.py
[2021-04-02 00:48:58,013] {scheduler_job.py:639} INFO - DAG(s) dict_keys(['example_branch_operator']) retrieved from /Library/Frameworks/Python.framework/Versions/3.9/lib/python3.9/site-packages/airflow/example_dags/example_branch_operator.py
[2021-04-02 00:48:58,064] {logging_mixin.py:104} INFO - [2021-04-02 00:48:58,064] {dag.py:1818} INFO - Sync 1 DAGs
[2021-04-02 00:48:58,092] {logging_mixin.py:104} INFO - [2021-04-02 00:48:58,092] {dag.py:2273} INFO - Setting next_dagrun for example_branch_operator to 2021-03-31 00:00:00+00:00
[2021-04-02 00:48:58,106] {scheduler_job.py:190} INFO - Processing /Library/Frameworks/Python.framework/Versions/3.9/lib/python3.9/site-packages/airflow/example_dags/example_branch_operator.py took 0.108 seconds
[2021-04-02 00:49:50,383] {scheduler_job.py:182} INFO - Started process (PID=10539) to work on /Library/Frameworks/Python.framework/Versions/3.9/lib/python3.9/site-packages/airflow/example_dags/example_branch_operator.py
[2021-04-02 00:49:50,394] {scheduler_job.py:629} INFO - Processing file /Library/Frameworks/Python.framework/Versions/3.9/lib/python3.9/site-packages/airflow/example_dags/example_branch_operator.py for tasks to queue
[2021-04-02 00:49:50,396] {logging_mixin.py:104} INFO - [2021-04-02 00:49:50,396] {dagbag.py:448} INFO - Filling up the DagBag from /Library/Frameworks/Python.framework/Versions/3.9/lib/python3.9/site-packages/airflow/example_dags/example_branch_operator.py
[2021-04-02 00:49:50,452] {scheduler_job.py:639} INFO - DAG(s) dict_keys(['example_branch_operator']) retrieved from /Library/Frameworks/Python.framework/Versions/3.9/lib/python3.9/site-packages/airflow/example_dags/example_branch_operator.py
[2021-04-02 00:49:50,601] {logging_mixin.py:104} INFO - [2021-04-02 00:49:50,601] {dag.py:1818} INFO - Sync 1 DAGs
[2021-04-02 00:49:50,647] {logging_mixin.py:104} INFO - [2021-04-02 00:49:50,647] {dag.py:2273} INFO - Setting next_dagrun for example_branch_operator to 2021-03-31 00:00:00+00:00
[2021-04-02 00:49:50,658] {scheduler_job.py:190} INFO - Processing /Library/Frameworks/Python.framework/Versions/3.9/lib/python3.9/site-packages/airflow/example_dags/example_branch_operator.py took 0.276 seconds
[2021-04-02 00:50:37,095] {scheduler_job.py:182} INFO - Started process (PID=10563) to work on /Library/Frameworks/Python.framework/Versions/3.9/lib/python3.9/site-packages/airflow/example_dags/example_branch_operator.py
[2021-04-02 00:50:37,095] {scheduler_job.py:629} INFO - Processing file /Library/Frameworks/Python.framework/Versions/3.9/lib/python3.9/site-packages/airflow/example_dags/example_branch_operator.py for tasks to queue
[2021-04-02 00:50:37,096] {logging_mixin.py:104} INFO - [2021-04-02 00:50:37,096] {dagbag.py:448} INFO - Filling up the DagBag from /Library/Frameworks/Python.framework/Versions/3.9/lib/python3.9/site-packages/airflow/example_dags/example_branch_operator.py
[2021-04-02 00:50:37,110] {scheduler_job.py:639} INFO - DAG(s) dict_keys(['example_branch_operator']) retrieved from /Library/Frameworks/Python.framework/Versions/3.9/lib/python3.9/site-packages/airflow/example_dags/example_branch_operator.py
[2021-04-02 00:50:37,179] {logging_mixin.py:104} INFO - [2021-04-02 00:50:37,179] {dag.py:1818} INFO - Sync 1 DAGs
[2021-04-02 00:50:37,197] {logging_mixin.py:104} INFO - [2021-04-02 00:50:37,196] {dag.py:2273} INFO - Setting next_dagrun for example_branch_operator to 2021-03-31 00:00:00+00:00
[2021-04-02 00:50:37,222] {scheduler_job.py:190} INFO - Processing /Library/Frameworks/Python.framework/Versions/3.9/lib/python3.9/site-packages/airflow/example_dags/example_branch_operator.py took 0.128 seconds
[2021-04-02 00:51:38,972] {scheduler_job.py:182} INFO - Started process (PID=10590) to work on /Library/Frameworks/Python.framework/Versions/3.9/lib/python3.9/site-packages/airflow/example_dags/example_branch_operator.py
[2021-04-02 00:51:38,973] {scheduler_job.py:629} INFO - Processing file /Library/Frameworks/Python.framework/Versions/3.9/lib/python3.9/site-packages/airflow/example_dags/example_branch_operator.py for tasks to queue
[2021-04-02 00:51:38,973] {logging_mixin.py:104} INFO - [2021-04-02 00:51:38,973] {dagbag.py:448} INFO - Filling up the DagBag from /Library/Frameworks/Python.framework/Versions/3.9/lib/python3.9/site-packages/airflow/example_dags/example_branch_operator.py
[2021-04-02 00:51:38,988] {scheduler_job.py:639} INFO - DAG(s) dict_keys(['example_branch_operator']) retrieved from /Library/Frameworks/Python.framework/Versions/3.9/lib/python3.9/site-packages/airflow/example_dags/example_branch_operator.py
[2021-04-02 00:51:39,041] {logging_mixin.py:104} INFO - [2021-04-02 00:51:39,041] {dag.py:1818} INFO - Sync 1 DAGs
[2021-04-02 00:51:39,057] {logging_mixin.py:104} INFO - [2021-04-02 00:51:39,057] {dag.py:2273} INFO - Setting next_dagrun for example_branch_operator to 2021-03-31 00:00:00+00:00
[2021-04-02 00:51:39,067] {scheduler_job.py:190} INFO - Processing /Library/Frameworks/Python.framework/Versions/3.9/lib/python3.9/site-packages/airflow/example_dags/example_branch_operator.py took 0.095 seconds
[2021-04-02 00:52:43,474] {scheduler_job.py:182} INFO - Started process (PID=10623) to work on /Library/Frameworks/Python.framework/Versions/3.9/lib/python3.9/site-packages/airflow/example_dags/example_branch_operator.py
[2021-04-02 00:52:43,475] {scheduler_job.py:629} INFO - Processing file /Library/Frameworks/Python.framework/Versions/3.9/lib/python3.9/site-packages/airflow/example_dags/example_branch_operator.py for tasks to queue
[2021-04-02 00:52:43,476] {logging_mixin.py:104} INFO - [2021-04-02 00:52:43,476] {dagbag.py:448} INFO - Filling up the DagBag from /Library/Frameworks/Python.framework/Versions/3.9/lib/python3.9/site-packages/airflow/example_dags/example_branch_operator.py
[2021-04-02 00:52:43,489] {scheduler_job.py:639} INFO - DAG(s) dict_keys(['example_branch_operator']) retrieved from /Library/Frameworks/Python.framework/Versions/3.9/lib/python3.9/site-packages/airflow/example_dags/example_branch_operator.py
[2021-04-02 00:52:43,531] {logging_mixin.py:104} INFO - [2021-04-02 00:52:43,530] {dag.py:1818} INFO - Sync 1 DAGs
[2021-04-02 00:52:43,545] {logging_mixin.py:104} INFO - [2021-04-02 00:52:43,544] {dag.py:2273} INFO - Setting next_dagrun for example_branch_operator to 2021-03-31 00:00:00+00:00
[2021-04-02 00:52:43,555] {scheduler_job.py:190} INFO - Processing /Library/Frameworks/Python.framework/Versions/3.9/lib/python3.9/site-packages/airflow/example_dags/example_branch_operator.py took 0.082 seconds
[2021-04-02 00:53:26,166] {scheduler_job.py:182} INFO - Started process (PID=10660) to work on /Library/Frameworks/Python.framework/Versions/3.9/lib/python3.9/site-packages/airflow/example_dags/example_branch_operator.py
[2021-04-02 00:53:26,167] {scheduler_job.py:629} INFO - Processing file /Library/Frameworks/Python.framework/Versions/3.9/lib/python3.9/site-packages/airflow/example_dags/example_branch_operator.py for tasks to queue
[2021-04-02 00:53:26,168] {logging_mixin.py:104} INFO - [2021-04-02 00:53:26,168] {dagbag.py:448} INFO - Filling up the DagBag from /Library/Frameworks/Python.framework/Versions/3.9/lib/python3.9/site-packages/airflow/example_dags/example_branch_operator.py
[2021-04-02 00:53:26,183] {scheduler_job.py:639} INFO - DAG(s) dict_keys(['example_branch_operator']) retrieved from /Library/Frameworks/Python.framework/Versions/3.9/lib/python3.9/site-packages/airflow/example_dags/example_branch_operator.py
[2021-04-02 00:53:26,246] {logging_mixin.py:104} INFO - [2021-04-02 00:53:26,246] {dag.py:1818} INFO - Sync 1 DAGs
[2021-04-02 00:53:26,271] {logging_mixin.py:104} INFO - [2021-04-02 00:53:26,270] {dag.py:2273} INFO - Setting next_dagrun for example_branch_operator to 2021-03-31 00:00:00+00:00
[2021-04-02 00:53:26,285] {scheduler_job.py:190} INFO - Processing /Library/Frameworks/Python.framework/Versions/3.9/lib/python3.9/site-packages/airflow/example_dags/example_branch_operator.py took 0.120 seconds
[2021-04-02 00:54:00,431] {scheduler_job.py:182} INFO - Started process (PID=10679) to work on /Library/Frameworks/Python.framework/Versions/3.9/lib/python3.9/site-packages/airflow/example_dags/example_branch_operator.py
[2021-04-02 00:54:00,432] {scheduler_job.py:629} INFO - Processing file /Library/Frameworks/Python.framework/Versions/3.9/lib/python3.9/site-packages/airflow/example_dags/example_branch_operator.py for tasks to queue
[2021-04-02 00:54:00,433] {logging_mixin.py:104} INFO - [2021-04-02 00:54:00,433] {dagbag.py:448} INFO - Filling up the DagBag from /Library/Frameworks/Python.framework/Versions/3.9/lib/python3.9/site-packages/airflow/example_dags/example_branch_operator.py
[2021-04-02 00:54:00,456] {scheduler_job.py:639} INFO - DAG(s) dict_keys(['example_branch_operator']) retrieved from /Library/Frameworks/Python.framework/Versions/3.9/lib/python3.9/site-packages/airflow/example_dags/example_branch_operator.py
[2021-04-02 00:54:00,550] {logging_mixin.py:104} INFO - [2021-04-02 00:54:00,549] {dag.py:1818} INFO - Sync 1 DAGs
[2021-04-02 00:54:00,574] {logging_mixin.py:104} INFO - [2021-04-02 00:54:00,574] {dag.py:2273} INFO - Setting next_dagrun for example_branch_operator to 2021-03-31 00:00:00+00:00
[2021-04-02 00:54:00,591] {scheduler_job.py:190} INFO - Processing /Library/Frameworks/Python.framework/Versions/3.9/lib/python3.9/site-packages/airflow/example_dags/example_branch_operator.py took 0.161 seconds
