[2021-04-02 00:25:31,696] {scheduler_job.py:182} INFO - Started process (PID=9591) to work on /Library/Frameworks/Python.framework/Versions/3.9/lib/python3.9/site-packages/airflow/example_dags/example_task_group.py
[2021-04-02 00:25:31,697] {scheduler_job.py:629} INFO - Processing file /Library/Frameworks/Python.framework/Versions/3.9/lib/python3.9/site-packages/airflow/example_dags/example_task_group.py for tasks to queue
[2021-04-02 00:25:31,697] {logging_mixin.py:104} INFO - [2021-04-02 00:25:31,697] {dagbag.py:448} INFO - Filling up the DagBag from /Library/Frameworks/Python.framework/Versions/3.9/lib/python3.9/site-packages/airflow/example_dags/example_task_group.py
[2021-04-02 00:25:31,711] {scheduler_job.py:639} INFO - DAG(s) dict_keys(['example_task_group']) retrieved from /Library/Frameworks/Python.framework/Versions/3.9/lib/python3.9/site-packages/airflow/example_dags/example_task_group.py
[2021-04-02 00:25:31,771] {logging_mixin.py:104} INFO - [2021-04-02 00:25:31,770] {dag.py:1818} INFO - Sync 1 DAGs
[2021-04-02 00:25:31,783] {logging_mixin.py:104} INFO - [2021-04-02 00:25:31,783] {dag.py:2273} INFO - Setting next_dagrun for example_task_group to 2021-03-31 00:00:00+00:00
[2021-04-02 00:25:31,798] {scheduler_job.py:190} INFO - Processing /Library/Frameworks/Python.framework/Versions/3.9/lib/python3.9/site-packages/airflow/example_dags/example_task_group.py took 0.103 seconds
[2021-04-02 00:26:50,311] {scheduler_job.py:182} INFO - Started process (PID=9630) to work on /Library/Frameworks/Python.framework/Versions/3.9/lib/python3.9/site-packages/airflow/example_dags/example_task_group.py
[2021-04-02 00:26:50,311] {scheduler_job.py:629} INFO - Processing file /Library/Frameworks/Python.framework/Versions/3.9/lib/python3.9/site-packages/airflow/example_dags/example_task_group.py for tasks to queue
[2021-04-02 00:26:50,311] {logging_mixin.py:104} INFO - [2021-04-02 00:26:50,311] {dagbag.py:448} INFO - Filling up the DagBag from /Library/Frameworks/Python.framework/Versions/3.9/lib/python3.9/site-packages/airflow/example_dags/example_task_group.py
[2021-04-02 00:26:50,319] {scheduler_job.py:639} INFO - DAG(s) dict_keys(['example_task_group']) retrieved from /Library/Frameworks/Python.framework/Versions/3.9/lib/python3.9/site-packages/airflow/example_dags/example_task_group.py
[2021-04-02 00:26:50,368] {logging_mixin.py:104} INFO - [2021-04-02 00:26:50,368] {dag.py:1818} INFO - Sync 1 DAGs
[2021-04-02 00:26:50,376] {logging_mixin.py:104} INFO - [2021-04-02 00:26:50,376] {dag.py:2273} INFO - Setting next_dagrun for example_task_group to 2021-03-31 00:00:00+00:00
[2021-04-02 00:26:50,386] {scheduler_job.py:190} INFO - Processing /Library/Frameworks/Python.framework/Versions/3.9/lib/python3.9/site-packages/airflow/example_dags/example_task_group.py took 0.076 seconds
[2021-04-02 00:28:09,875] {scheduler_job.py:182} INFO - Started process (PID=9687) to work on /Library/Frameworks/Python.framework/Versions/3.9/lib/python3.9/site-packages/airflow/example_dags/example_task_group.py
[2021-04-02 00:28:09,876] {scheduler_job.py:629} INFO - Processing file /Library/Frameworks/Python.framework/Versions/3.9/lib/python3.9/site-packages/airflow/example_dags/example_task_group.py for tasks to queue
[2021-04-02 00:28:09,877] {logging_mixin.py:104} INFO - [2021-04-02 00:28:09,877] {dagbag.py:448} INFO - Filling up the DagBag from /Library/Frameworks/Python.framework/Versions/3.9/lib/python3.9/site-packages/airflow/example_dags/example_task_group.py
[2021-04-02 00:28:09,885] {scheduler_job.py:639} INFO - DAG(s) dict_keys(['example_task_group']) retrieved from /Library/Frameworks/Python.framework/Versions/3.9/lib/python3.9/site-packages/airflow/example_dags/example_task_group.py
[2021-04-02 00:28:09,923] {logging_mixin.py:104} INFO - [2021-04-02 00:28:09,923] {dag.py:1818} INFO - Sync 1 DAGs
[2021-04-02 00:28:09,931] {logging_mixin.py:104} INFO - [2021-04-02 00:28:09,931] {dag.py:2273} INFO - Setting next_dagrun for example_task_group to 2021-03-31 00:00:00+00:00
[2021-04-02 00:28:09,940] {scheduler_job.py:190} INFO - Processing /Library/Frameworks/Python.framework/Versions/3.9/lib/python3.9/site-packages/airflow/example_dags/example_task_group.py took 0.066 seconds
[2021-04-02 00:29:32,861] {scheduler_job.py:182} INFO - Started process (PID=9736) to work on /Library/Frameworks/Python.framework/Versions/3.9/lib/python3.9/site-packages/airflow/example_dags/example_task_group.py
[2021-04-02 00:29:32,863] {scheduler_job.py:629} INFO - Processing file /Library/Frameworks/Python.framework/Versions/3.9/lib/python3.9/site-packages/airflow/example_dags/example_task_group.py for tasks to queue
[2021-04-02 00:29:32,864] {logging_mixin.py:104} INFO - [2021-04-02 00:29:32,863] {dagbag.py:448} INFO - Filling up the DagBag from /Library/Frameworks/Python.framework/Versions/3.9/lib/python3.9/site-packages/airflow/example_dags/example_task_group.py
[2021-04-02 00:29:32,879] {scheduler_job.py:639} INFO - DAG(s) dict_keys(['example_task_group']) retrieved from /Library/Frameworks/Python.framework/Versions/3.9/lib/python3.9/site-packages/airflow/example_dags/example_task_group.py
[2021-04-02 00:29:32,972] {logging_mixin.py:104} INFO - [2021-04-02 00:29:32,971] {dag.py:1818} INFO - Sync 1 DAGs
[2021-04-02 00:29:32,989] {logging_mixin.py:104} INFO - [2021-04-02 00:29:32,988] {dag.py:2273} INFO - Setting next_dagrun for example_task_group to 2021-03-31 00:00:00+00:00
[2021-04-02 00:29:33,005] {scheduler_job.py:190} INFO - Processing /Library/Frameworks/Python.framework/Versions/3.9/lib/python3.9/site-packages/airflow/example_dags/example_task_group.py took 0.146 seconds
[2021-04-02 00:30:43,272] {scheduler_job.py:182} INFO - Started process (PID=9766) to work on /Library/Frameworks/Python.framework/Versions/3.9/lib/python3.9/site-packages/airflow/example_dags/example_task_group.py
[2021-04-02 00:30:43,274] {scheduler_job.py:629} INFO - Processing file /Library/Frameworks/Python.framework/Versions/3.9/lib/python3.9/site-packages/airflow/example_dags/example_task_group.py for tasks to queue
[2021-04-02 00:30:43,275] {logging_mixin.py:104} INFO - [2021-04-02 00:30:43,275] {dagbag.py:448} INFO - Filling up the DagBag from /Library/Frameworks/Python.framework/Versions/3.9/lib/python3.9/site-packages/airflow/example_dags/example_task_group.py
[2021-04-02 00:30:43,304] {scheduler_job.py:639} INFO - DAG(s) dict_keys(['example_task_group']) retrieved from /Library/Frameworks/Python.framework/Versions/3.9/lib/python3.9/site-packages/airflow/example_dags/example_task_group.py
[2021-04-02 00:30:43,759] {logging_mixin.py:104} INFO - [2021-04-02 00:30:43,759] {dag.py:1818} INFO - Sync 1 DAGs
[2021-04-02 00:30:43,780] {logging_mixin.py:104} INFO - [2021-04-02 00:30:43,780] {dag.py:2273} INFO - Setting next_dagrun for example_task_group to 2021-03-31 00:00:00+00:00
[2021-04-02 00:30:43,805] {scheduler_job.py:190} INFO - Processing /Library/Frameworks/Python.framework/Versions/3.9/lib/python3.9/site-packages/airflow/example_dags/example_task_group.py took 0.534 seconds
[2021-04-02 00:31:40,905] {scheduler_job.py:182} INFO - Started process (PID=9790) to work on /Library/Frameworks/Python.framework/Versions/3.9/lib/python3.9/site-packages/airflow/example_dags/example_task_group.py
[2021-04-02 00:31:40,907] {scheduler_job.py:629} INFO - Processing file /Library/Frameworks/Python.framework/Versions/3.9/lib/python3.9/site-packages/airflow/example_dags/example_task_group.py for tasks to queue
[2021-04-02 00:31:40,909] {logging_mixin.py:104} INFO - [2021-04-02 00:31:40,909] {dagbag.py:448} INFO - Filling up the DagBag from /Library/Frameworks/Python.framework/Versions/3.9/lib/python3.9/site-packages/airflow/example_dags/example_task_group.py
[2021-04-02 00:31:40,928] {scheduler_job.py:639} INFO - DAG(s) dict_keys(['example_task_group']) retrieved from /Library/Frameworks/Python.framework/Versions/3.9/lib/python3.9/site-packages/airflow/example_dags/example_task_group.py
[2021-04-02 00:31:41,015] {logging_mixin.py:104} INFO - [2021-04-02 00:31:41,014] {dag.py:1818} INFO - Sync 1 DAGs
[2021-04-02 00:31:41,040] {logging_mixin.py:104} INFO - [2021-04-02 00:31:41,037] {dag.py:2273} INFO - Setting next_dagrun for example_task_group to 2021-03-31 00:00:00+00:00
[2021-04-02 00:31:41,212] {scheduler_job.py:190} INFO - Processing /Library/Frameworks/Python.framework/Versions/3.9/lib/python3.9/site-packages/airflow/example_dags/example_task_group.py took 0.306 seconds
[2021-04-02 00:33:33,956] {scheduler_job.py:182} INFO - Started process (PID=9871) to work on /Library/Frameworks/Python.framework/Versions/3.9/lib/python3.9/site-packages/airflow/example_dags/example_task_group.py
[2021-04-02 00:33:33,958] {scheduler_job.py:629} INFO - Processing file /Library/Frameworks/Python.framework/Versions/3.9/lib/python3.9/site-packages/airflow/example_dags/example_task_group.py for tasks to queue
[2021-04-02 00:33:33,958] {logging_mixin.py:104} INFO - [2021-04-02 00:33:33,958] {dagbag.py:448} INFO - Filling up the DagBag from /Library/Frameworks/Python.framework/Versions/3.9/lib/python3.9/site-packages/airflow/example_dags/example_task_group.py
[2021-04-02 00:33:33,973] {scheduler_job.py:639} INFO - DAG(s) dict_keys(['example_task_group']) retrieved from /Library/Frameworks/Python.framework/Versions/3.9/lib/python3.9/site-packages/airflow/example_dags/example_task_group.py
[2021-04-02 00:33:34,034] {logging_mixin.py:104} INFO - [2021-04-02 00:33:34,034] {dag.py:1818} INFO - Sync 1 DAGs
[2021-04-02 00:33:34,043] {logging_mixin.py:104} INFO - [2021-04-02 00:33:34,043] {dag.py:2273} INFO - Setting next_dagrun for example_task_group to 2021-03-31 00:00:00+00:00
[2021-04-02 00:33:34,055] {scheduler_job.py:190} INFO - Processing /Library/Frameworks/Python.framework/Versions/3.9/lib/python3.9/site-packages/airflow/example_dags/example_task_group.py took 0.103 seconds
[2021-04-02 00:35:06,256] {scheduler_job.py:182} INFO - Started process (PID=9988) to work on /Library/Frameworks/Python.framework/Versions/3.9/lib/python3.9/site-packages/airflow/example_dags/example_task_group.py
[2021-04-02 00:35:06,258] {scheduler_job.py:629} INFO - Processing file /Library/Frameworks/Python.framework/Versions/3.9/lib/python3.9/site-packages/airflow/example_dags/example_task_group.py for tasks to queue
[2021-04-02 00:35:06,259] {logging_mixin.py:104} INFO - [2021-04-02 00:35:06,258] {dagbag.py:448} INFO - Filling up the DagBag from /Library/Frameworks/Python.framework/Versions/3.9/lib/python3.9/site-packages/airflow/example_dags/example_task_group.py
[2021-04-02 00:35:06,273] {scheduler_job.py:639} INFO - DAG(s) dict_keys(['example_task_group']) retrieved from /Library/Frameworks/Python.framework/Versions/3.9/lib/python3.9/site-packages/airflow/example_dags/example_task_group.py
[2021-04-02 00:35:06,354] {logging_mixin.py:104} INFO - [2021-04-02 00:35:06,354] {dag.py:1818} INFO - Sync 1 DAGs
[2021-04-02 00:35:06,369] {logging_mixin.py:104} INFO - [2021-04-02 00:35:06,369] {dag.py:2273} INFO - Setting next_dagrun for example_task_group to 2021-03-31 00:00:00+00:00
[2021-04-02 00:35:06,403] {scheduler_job.py:190} INFO - Processing /Library/Frameworks/Python.framework/Versions/3.9/lib/python3.9/site-packages/airflow/example_dags/example_task_group.py took 0.149 seconds
[2021-04-02 00:36:03,685] {scheduler_job.py:182} INFO - Started process (PID=10035) to work on /Library/Frameworks/Python.framework/Versions/3.9/lib/python3.9/site-packages/airflow/example_dags/example_task_group.py
[2021-04-02 00:36:03,686] {scheduler_job.py:629} INFO - Processing file /Library/Frameworks/Python.framework/Versions/3.9/lib/python3.9/site-packages/airflow/example_dags/example_task_group.py for tasks to queue
[2021-04-02 00:36:03,687] {logging_mixin.py:104} INFO - [2021-04-02 00:36:03,687] {dagbag.py:448} INFO - Filling up the DagBag from /Library/Frameworks/Python.framework/Versions/3.9/lib/python3.9/site-packages/airflow/example_dags/example_task_group.py
[2021-04-02 00:36:03,696] {scheduler_job.py:639} INFO - DAG(s) dict_keys(['example_task_group']) retrieved from /Library/Frameworks/Python.framework/Versions/3.9/lib/python3.9/site-packages/airflow/example_dags/example_task_group.py
[2021-04-02 00:36:03,741] {logging_mixin.py:104} INFO - [2021-04-02 00:36:03,741] {dag.py:1818} INFO - Sync 1 DAGs
[2021-04-02 00:36:03,752] {logging_mixin.py:104} INFO - [2021-04-02 00:36:03,752] {dag.py:2273} INFO - Setting next_dagrun for example_task_group to 2021-03-31 00:00:00+00:00
[2021-04-02 00:36:03,759] {scheduler_job.py:190} INFO - Processing /Library/Frameworks/Python.framework/Versions/3.9/lib/python3.9/site-packages/airflow/example_dags/example_task_group.py took 0.075 seconds
[2021-04-02 00:36:54,218] {scheduler_job.py:182} INFO - Started process (PID=10067) to work on /Library/Frameworks/Python.framework/Versions/3.9/lib/python3.9/site-packages/airflow/example_dags/example_task_group.py
[2021-04-02 00:36:54,220] {scheduler_job.py:629} INFO - Processing file /Library/Frameworks/Python.framework/Versions/3.9/lib/python3.9/site-packages/airflow/example_dags/example_task_group.py for tasks to queue
[2021-04-02 00:36:54,221] {logging_mixin.py:104} INFO - [2021-04-02 00:36:54,221] {dagbag.py:448} INFO - Filling up the DagBag from /Library/Frameworks/Python.framework/Versions/3.9/lib/python3.9/site-packages/airflow/example_dags/example_task_group.py
[2021-04-02 00:36:54,231] {scheduler_job.py:639} INFO - DAG(s) dict_keys(['example_task_group']) retrieved from /Library/Frameworks/Python.framework/Versions/3.9/lib/python3.9/site-packages/airflow/example_dags/example_task_group.py
[2021-04-02 00:36:54,275] {logging_mixin.py:104} INFO - [2021-04-02 00:36:54,275] {dag.py:1818} INFO - Sync 1 DAGs
[2021-04-02 00:36:54,283] {logging_mixin.py:104} INFO - [2021-04-02 00:36:54,283] {dag.py:2273} INFO - Setting next_dagrun for example_task_group to 2021-03-31 00:00:00+00:00
[2021-04-02 00:36:54,293] {scheduler_job.py:190} INFO - Processing /Library/Frameworks/Python.framework/Versions/3.9/lib/python3.9/site-packages/airflow/example_dags/example_task_group.py took 0.078 seconds
[2021-04-02 00:38:02,488] {scheduler_job.py:182} INFO - Started process (PID=10101) to work on /Library/Frameworks/Python.framework/Versions/3.9/lib/python3.9/site-packages/airflow/example_dags/example_task_group.py
[2021-04-02 00:38:02,489] {scheduler_job.py:629} INFO - Processing file /Library/Frameworks/Python.framework/Versions/3.9/lib/python3.9/site-packages/airflow/example_dags/example_task_group.py for tasks to queue
[2021-04-02 00:38:02,489] {logging_mixin.py:104} INFO - [2021-04-02 00:38:02,489] {dagbag.py:448} INFO - Filling up the DagBag from /Library/Frameworks/Python.framework/Versions/3.9/lib/python3.9/site-packages/airflow/example_dags/example_task_group.py
[2021-04-02 00:38:02,500] {scheduler_job.py:639} INFO - DAG(s) dict_keys(['example_task_group']) retrieved from /Library/Frameworks/Python.framework/Versions/3.9/lib/python3.9/site-packages/airflow/example_dags/example_task_group.py
[2021-04-02 00:38:02,551] {logging_mixin.py:104} INFO - [2021-04-02 00:38:02,551] {dag.py:1818} INFO - Sync 1 DAGs
[2021-04-02 00:38:02,560] {logging_mixin.py:104} INFO - [2021-04-02 00:38:02,560] {dag.py:2273} INFO - Setting next_dagrun for example_task_group to 2021-03-31 00:00:00+00:00
[2021-04-02 00:38:02,576] {scheduler_job.py:190} INFO - Processing /Library/Frameworks/Python.framework/Versions/3.9/lib/python3.9/site-packages/airflow/example_dags/example_task_group.py took 0.088 seconds
[2021-04-02 00:39:19,178] {scheduler_job.py:182} INFO - Started process (PID=10138) to work on /Library/Frameworks/Python.framework/Versions/3.9/lib/python3.9/site-packages/airflow/example_dags/example_task_group.py
[2021-04-02 00:39:19,180] {scheduler_job.py:629} INFO - Processing file /Library/Frameworks/Python.framework/Versions/3.9/lib/python3.9/site-packages/airflow/example_dags/example_task_group.py for tasks to queue
[2021-04-02 00:39:19,181] {logging_mixin.py:104} INFO - [2021-04-02 00:39:19,181] {dagbag.py:448} INFO - Filling up the DagBag from /Library/Frameworks/Python.framework/Versions/3.9/lib/python3.9/site-packages/airflow/example_dags/example_task_group.py
[2021-04-02 00:39:19,193] {scheduler_job.py:639} INFO - DAG(s) dict_keys(['example_task_group']) retrieved from /Library/Frameworks/Python.framework/Versions/3.9/lib/python3.9/site-packages/airflow/example_dags/example_task_group.py
[2021-04-02 00:39:19,257] {logging_mixin.py:104} INFO - [2021-04-02 00:39:19,257] {dag.py:1818} INFO - Sync 1 DAGs
[2021-04-02 00:39:19,267] {logging_mixin.py:104} INFO - [2021-04-02 00:39:19,267] {dag.py:2273} INFO - Setting next_dagrun for example_task_group to 2021-03-31 00:00:00+00:00
[2021-04-02 00:39:19,277] {scheduler_job.py:190} INFO - Processing /Library/Frameworks/Python.framework/Versions/3.9/lib/python3.9/site-packages/airflow/example_dags/example_task_group.py took 0.100 seconds
[2021-04-02 00:40:50,293] {scheduler_job.py:182} INFO - Started process (PID=10200) to work on /Library/Frameworks/Python.framework/Versions/3.9/lib/python3.9/site-packages/airflow/example_dags/example_task_group.py
[2021-04-02 00:40:50,294] {scheduler_job.py:629} INFO - Processing file /Library/Frameworks/Python.framework/Versions/3.9/lib/python3.9/site-packages/airflow/example_dags/example_task_group.py for tasks to queue
[2021-04-02 00:40:50,295] {logging_mixin.py:104} INFO - [2021-04-02 00:40:50,295] {dagbag.py:448} INFO - Filling up the DagBag from /Library/Frameworks/Python.framework/Versions/3.9/lib/python3.9/site-packages/airflow/example_dags/example_task_group.py
[2021-04-02 00:40:50,345] {scheduler_job.py:639} INFO - DAG(s) dict_keys(['example_task_group']) retrieved from /Library/Frameworks/Python.framework/Versions/3.9/lib/python3.9/site-packages/airflow/example_dags/example_task_group.py
[2021-04-02 00:40:50,476] {logging_mixin.py:104} INFO - [2021-04-02 00:40:50,476] {dag.py:1818} INFO - Sync 1 DAGs
[2021-04-02 00:40:50,492] {logging_mixin.py:104} INFO - [2021-04-02 00:40:50,492] {dag.py:2273} INFO - Setting next_dagrun for example_task_group to 2021-03-31 00:00:00+00:00
[2021-04-02 00:40:50,507] {scheduler_job.py:190} INFO - Processing /Library/Frameworks/Python.framework/Versions/3.9/lib/python3.9/site-packages/airflow/example_dags/example_task_group.py took 0.217 seconds
[2021-04-02 00:42:12,269] {scheduler_job.py:182} INFO - Started process (PID=10259) to work on /Library/Frameworks/Python.framework/Versions/3.9/lib/python3.9/site-packages/airflow/example_dags/example_task_group.py
[2021-04-02 00:42:12,270] {scheduler_job.py:629} INFO - Processing file /Library/Frameworks/Python.framework/Versions/3.9/lib/python3.9/site-packages/airflow/example_dags/example_task_group.py for tasks to queue
[2021-04-02 00:42:12,271] {logging_mixin.py:104} INFO - [2021-04-02 00:42:12,271] {dagbag.py:448} INFO - Filling up the DagBag from /Library/Frameworks/Python.framework/Versions/3.9/lib/python3.9/site-packages/airflow/example_dags/example_task_group.py
[2021-04-02 00:42:12,282] {scheduler_job.py:639} INFO - DAG(s) dict_keys(['example_task_group']) retrieved from /Library/Frameworks/Python.framework/Versions/3.9/lib/python3.9/site-packages/airflow/example_dags/example_task_group.py
[2021-04-02 00:42:12,354] {logging_mixin.py:104} INFO - [2021-04-02 00:42:12,354] {dag.py:1818} INFO - Sync 1 DAGs
[2021-04-02 00:42:12,363] {logging_mixin.py:104} INFO - [2021-04-02 00:42:12,363] {dag.py:2273} INFO - Setting next_dagrun for example_task_group to 2021-03-31 00:00:00+00:00
[2021-04-02 00:42:12,372] {scheduler_job.py:190} INFO - Processing /Library/Frameworks/Python.framework/Versions/3.9/lib/python3.9/site-packages/airflow/example_dags/example_task_group.py took 0.104 seconds
[2021-04-02 00:43:29,478] {scheduler_job.py:182} INFO - Started process (PID=10304) to work on /Library/Frameworks/Python.framework/Versions/3.9/lib/python3.9/site-packages/airflow/example_dags/example_task_group.py
[2021-04-02 00:43:29,478] {scheduler_job.py:629} INFO - Processing file /Library/Frameworks/Python.framework/Versions/3.9/lib/python3.9/site-packages/airflow/example_dags/example_task_group.py for tasks to queue
[2021-04-02 00:43:29,478] {logging_mixin.py:104} INFO - [2021-04-02 00:43:29,478] {dagbag.py:448} INFO - Filling up the DagBag from /Library/Frameworks/Python.framework/Versions/3.9/lib/python3.9/site-packages/airflow/example_dags/example_task_group.py
[2021-04-02 00:43:29,488] {scheduler_job.py:639} INFO - DAG(s) dict_keys(['example_task_group']) retrieved from /Library/Frameworks/Python.framework/Versions/3.9/lib/python3.9/site-packages/airflow/example_dags/example_task_group.py
[2021-04-02 00:43:29,525] {logging_mixin.py:104} INFO - [2021-04-02 00:43:29,525] {dag.py:1818} INFO - Sync 1 DAGs
[2021-04-02 00:43:29,532] {logging_mixin.py:104} INFO - [2021-04-02 00:43:29,532] {dag.py:2273} INFO - Setting next_dagrun for example_task_group to 2021-03-31 00:00:00+00:00
[2021-04-02 00:43:29,541] {scheduler_job.py:190} INFO - Processing /Library/Frameworks/Python.framework/Versions/3.9/lib/python3.9/site-packages/airflow/example_dags/example_task_group.py took 0.065 seconds
[2021-04-02 00:45:12,453] {scheduler_job.py:182} INFO - Started process (PID=10380) to work on /Library/Frameworks/Python.framework/Versions/3.9/lib/python3.9/site-packages/airflow/example_dags/example_task_group.py
[2021-04-02 00:45:12,454] {scheduler_job.py:629} INFO - Processing file /Library/Frameworks/Python.framework/Versions/3.9/lib/python3.9/site-packages/airflow/example_dags/example_task_group.py for tasks to queue
[2021-04-02 00:45:12,455] {logging_mixin.py:104} INFO - [2021-04-02 00:45:12,455] {dagbag.py:448} INFO - Filling up the DagBag from /Library/Frameworks/Python.framework/Versions/3.9/lib/python3.9/site-packages/airflow/example_dags/example_task_group.py
[2021-04-02 00:45:12,463] {scheduler_job.py:639} INFO - DAG(s) dict_keys(['example_task_group']) retrieved from /Library/Frameworks/Python.framework/Versions/3.9/lib/python3.9/site-packages/airflow/example_dags/example_task_group.py
[2021-04-02 00:45:12,533] {logging_mixin.py:104} INFO - [2021-04-02 00:45:12,533] {dag.py:1818} INFO - Sync 1 DAGs
[2021-04-02 00:45:12,541] {logging_mixin.py:104} INFO - [2021-04-02 00:45:12,541] {dag.py:2273} INFO - Setting next_dagrun for example_task_group to 2021-03-31 00:00:00+00:00
[2021-04-02 00:45:12,555] {scheduler_job.py:190} INFO - Processing /Library/Frameworks/Python.framework/Versions/3.9/lib/python3.9/site-packages/airflow/example_dags/example_task_group.py took 0.103 seconds
[2021-04-02 00:47:18,046] {scheduler_job.py:182} INFO - Started process (PID=10476) to work on /Library/Frameworks/Python.framework/Versions/3.9/lib/python3.9/site-packages/airflow/example_dags/example_task_group.py
[2021-04-02 00:47:18,047] {scheduler_job.py:629} INFO - Processing file /Library/Frameworks/Python.framework/Versions/3.9/lib/python3.9/site-packages/airflow/example_dags/example_task_group.py for tasks to queue
[2021-04-02 00:47:18,048] {logging_mixin.py:104} INFO - [2021-04-02 00:47:18,047] {dagbag.py:448} INFO - Filling up the DagBag from /Library/Frameworks/Python.framework/Versions/3.9/lib/python3.9/site-packages/airflow/example_dags/example_task_group.py
[2021-04-02 00:47:18,058] {scheduler_job.py:639} INFO - DAG(s) dict_keys(['example_task_group']) retrieved from /Library/Frameworks/Python.framework/Versions/3.9/lib/python3.9/site-packages/airflow/example_dags/example_task_group.py
[2021-04-02 00:47:18,102] {logging_mixin.py:104} INFO - [2021-04-02 00:47:18,101] {dag.py:1818} INFO - Sync 1 DAGs
[2021-04-02 00:47:18,112] {logging_mixin.py:104} INFO - [2021-04-02 00:47:18,112] {dag.py:2273} INFO - Setting next_dagrun for example_task_group to 2021-03-31 00:00:00+00:00
[2021-04-02 00:47:18,121] {scheduler_job.py:190} INFO - Processing /Library/Frameworks/Python.framework/Versions/3.9/lib/python3.9/site-packages/airflow/example_dags/example_task_group.py took 0.076 seconds
[2021-04-02 00:48:17,200] {scheduler_job.py:182} INFO - Started process (PID=10499) to work on /Library/Frameworks/Python.framework/Versions/3.9/lib/python3.9/site-packages/airflow/example_dags/example_task_group.py
[2021-04-02 00:48:17,201] {scheduler_job.py:629} INFO - Processing file /Library/Frameworks/Python.framework/Versions/3.9/lib/python3.9/site-packages/airflow/example_dags/example_task_group.py for tasks to queue
[2021-04-02 00:48:17,202] {logging_mixin.py:104} INFO - [2021-04-02 00:48:17,202] {dagbag.py:448} INFO - Filling up the DagBag from /Library/Frameworks/Python.framework/Versions/3.9/lib/python3.9/site-packages/airflow/example_dags/example_task_group.py
[2021-04-02 00:48:17,213] {scheduler_job.py:639} INFO - DAG(s) dict_keys(['example_task_group']) retrieved from /Library/Frameworks/Python.framework/Versions/3.9/lib/python3.9/site-packages/airflow/example_dags/example_task_group.py
[2021-04-02 00:48:17,271] {logging_mixin.py:104} INFO - [2021-04-02 00:48:17,271] {dag.py:1818} INFO - Sync 1 DAGs
[2021-04-02 00:48:17,282] {logging_mixin.py:104} INFO - [2021-04-02 00:48:17,282] {dag.py:2273} INFO - Setting next_dagrun for example_task_group to 2021-03-31 00:00:00+00:00
[2021-04-02 00:48:17,298] {scheduler_job.py:190} INFO - Processing /Library/Frameworks/Python.framework/Versions/3.9/lib/python3.9/site-packages/airflow/example_dags/example_task_group.py took 0.099 seconds
[2021-04-02 00:49:14,154] {scheduler_job.py:182} INFO - Started process (PID=10521) to work on /Library/Frameworks/Python.framework/Versions/3.9/lib/python3.9/site-packages/airflow/example_dags/example_task_group.py
[2021-04-02 00:49:14,155] {scheduler_job.py:629} INFO - Processing file /Library/Frameworks/Python.framework/Versions/3.9/lib/python3.9/site-packages/airflow/example_dags/example_task_group.py for tasks to queue
[2021-04-02 00:49:14,156] {logging_mixin.py:104} INFO - [2021-04-02 00:49:14,155] {dagbag.py:448} INFO - Filling up the DagBag from /Library/Frameworks/Python.framework/Versions/3.9/lib/python3.9/site-packages/airflow/example_dags/example_task_group.py
[2021-04-02 00:49:14,173] {scheduler_job.py:639} INFO - DAG(s) dict_keys(['example_task_group']) retrieved from /Library/Frameworks/Python.framework/Versions/3.9/lib/python3.9/site-packages/airflow/example_dags/example_task_group.py
[2021-04-02 00:49:14,216] {logging_mixin.py:104} INFO - [2021-04-02 00:49:14,216] {dag.py:1818} INFO - Sync 1 DAGs
[2021-04-02 00:49:14,225] {logging_mixin.py:104} INFO - [2021-04-02 00:49:14,225] {dag.py:2273} INFO - Setting next_dagrun for example_task_group to 2021-03-31 00:00:00+00:00
[2021-04-02 00:49:14,236] {scheduler_job.py:190} INFO - Processing /Library/Frameworks/Python.framework/Versions/3.9/lib/python3.9/site-packages/airflow/example_dags/example_task_group.py took 0.083 seconds
[2021-04-02 00:50:09,146] {scheduler_job.py:182} INFO - Started process (PID=10547) to work on /Library/Frameworks/Python.framework/Versions/3.9/lib/python3.9/site-packages/airflow/example_dags/example_task_group.py
[2021-04-02 00:50:09,147] {scheduler_job.py:629} INFO - Processing file /Library/Frameworks/Python.framework/Versions/3.9/lib/python3.9/site-packages/airflow/example_dags/example_task_group.py for tasks to queue
[2021-04-02 00:50:09,148] {logging_mixin.py:104} INFO - [2021-04-02 00:50:09,148] {dagbag.py:448} INFO - Filling up the DagBag from /Library/Frameworks/Python.framework/Versions/3.9/lib/python3.9/site-packages/airflow/example_dags/example_task_group.py
[2021-04-02 00:50:09,156] {scheduler_job.py:639} INFO - DAG(s) dict_keys(['example_task_group']) retrieved from /Library/Frameworks/Python.framework/Versions/3.9/lib/python3.9/site-packages/airflow/example_dags/example_task_group.py
[2021-04-02 00:50:09,210] {logging_mixin.py:104} INFO - [2021-04-02 00:50:09,210] {dag.py:1818} INFO - Sync 1 DAGs
[2021-04-02 00:50:09,224] {logging_mixin.py:104} INFO - [2021-04-02 00:50:09,224] {dag.py:2273} INFO - Setting next_dagrun for example_task_group to 2021-03-31 00:00:00+00:00
[2021-04-02 00:50:09,240] {scheduler_job.py:190} INFO - Processing /Library/Frameworks/Python.framework/Versions/3.9/lib/python3.9/site-packages/airflow/example_dags/example_task_group.py took 0.095 seconds
[2021-04-02 00:51:56,672] {scheduler_job.py:182} INFO - Started process (PID=10598) to work on /Library/Frameworks/Python.framework/Versions/3.9/lib/python3.9/site-packages/airflow/example_dags/example_task_group.py
[2021-04-02 00:51:56,673] {scheduler_job.py:629} INFO - Processing file /Library/Frameworks/Python.framework/Versions/3.9/lib/python3.9/site-packages/airflow/example_dags/example_task_group.py for tasks to queue
[2021-04-02 00:51:56,674] {logging_mixin.py:104} INFO - [2021-04-02 00:51:56,673] {dagbag.py:448} INFO - Filling up the DagBag from /Library/Frameworks/Python.framework/Versions/3.9/lib/python3.9/site-packages/airflow/example_dags/example_task_group.py
[2021-04-02 00:51:56,690] {scheduler_job.py:639} INFO - DAG(s) dict_keys(['example_task_group']) retrieved from /Library/Frameworks/Python.framework/Versions/3.9/lib/python3.9/site-packages/airflow/example_dags/example_task_group.py
[2021-04-02 00:51:56,752] {logging_mixin.py:104} INFO - [2021-04-02 00:51:56,752] {dag.py:1818} INFO - Sync 1 DAGs
[2021-04-02 00:51:56,764] {logging_mixin.py:104} INFO - [2021-04-02 00:51:56,764] {dag.py:2273} INFO - Setting next_dagrun for example_task_group to 2021-03-31 00:00:00+00:00
[2021-04-02 00:51:56,779] {scheduler_job.py:190} INFO - Processing /Library/Frameworks/Python.framework/Versions/3.9/lib/python3.9/site-packages/airflow/example_dags/example_task_group.py took 0.107 seconds
[2021-04-02 00:52:57,398] {scheduler_job.py:182} INFO - Started process (PID=10639) to work on /Library/Frameworks/Python.framework/Versions/3.9/lib/python3.9/site-packages/airflow/example_dags/example_task_group.py
[2021-04-02 00:52:57,399] {scheduler_job.py:629} INFO - Processing file /Library/Frameworks/Python.framework/Versions/3.9/lib/python3.9/site-packages/airflow/example_dags/example_task_group.py for tasks to queue
[2021-04-02 00:52:57,399] {logging_mixin.py:104} INFO - [2021-04-02 00:52:57,399] {dagbag.py:448} INFO - Filling up the DagBag from /Library/Frameworks/Python.framework/Versions/3.9/lib/python3.9/site-packages/airflow/example_dags/example_task_group.py
[2021-04-02 00:52:57,409] {scheduler_job.py:639} INFO - DAG(s) dict_keys(['example_task_group']) retrieved from /Library/Frameworks/Python.framework/Versions/3.9/lib/python3.9/site-packages/airflow/example_dags/example_task_group.py
[2021-04-02 00:52:57,455] {logging_mixin.py:104} INFO - [2021-04-02 00:52:57,455] {dag.py:1818} INFO - Sync 1 DAGs
[2021-04-02 00:52:57,463] {logging_mixin.py:104} INFO - [2021-04-02 00:52:57,463] {dag.py:2273} INFO - Setting next_dagrun for example_task_group to 2021-03-31 00:00:00+00:00
[2021-04-02 00:52:57,475] {scheduler_job.py:190} INFO - Processing /Library/Frameworks/Python.framework/Versions/3.9/lib/python3.9/site-packages/airflow/example_dags/example_task_group.py took 0.078 seconds
[2021-04-02 00:54:07,905] {scheduler_job.py:182} INFO - Started process (PID=10682) to work on /Library/Frameworks/Python.framework/Versions/3.9/lib/python3.9/site-packages/airflow/example_dags/example_task_group.py
[2021-04-02 00:54:07,906] {scheduler_job.py:629} INFO - Processing file /Library/Frameworks/Python.framework/Versions/3.9/lib/python3.9/site-packages/airflow/example_dags/example_task_group.py for tasks to queue
[2021-04-02 00:54:07,907] {logging_mixin.py:104} INFO - [2021-04-02 00:54:07,907] {dagbag.py:448} INFO - Filling up the DagBag from /Library/Frameworks/Python.framework/Versions/3.9/lib/python3.9/site-packages/airflow/example_dags/example_task_group.py
[2021-04-02 00:54:07,916] {scheduler_job.py:639} INFO - DAG(s) dict_keys(['example_task_group']) retrieved from /Library/Frameworks/Python.framework/Versions/3.9/lib/python3.9/site-packages/airflow/example_dags/example_task_group.py
[2021-04-02 00:54:07,964] {logging_mixin.py:104} INFO - [2021-04-02 00:54:07,964] {dag.py:1818} INFO - Sync 1 DAGs
[2021-04-02 00:54:07,980] {logging_mixin.py:104} INFO - [2021-04-02 00:54:07,980] {dag.py:2273} INFO - Setting next_dagrun for example_task_group to 2021-03-31 00:00:00+00:00
[2021-04-02 00:54:07,994] {scheduler_job.py:190} INFO - Processing /Library/Frameworks/Python.framework/Versions/3.9/lib/python3.9/site-packages/airflow/example_dags/example_task_group.py took 0.091 seconds
