[2021-04-02 00:24:53,689] {scheduler_job.py:182} INFO - Started process (PID=9578) to work on /Library/Frameworks/Python.framework/Versions/3.9/lib/python3.9/site-packages/airflow/example_dags/example_dag_decorator.py
[2021-04-02 00:24:53,690] {scheduler_job.py:629} INFO - Processing file /Library/Frameworks/Python.framework/Versions/3.9/lib/python3.9/site-packages/airflow/example_dags/example_dag_decorator.py for tasks to queue
[2021-04-02 00:24:53,690] {logging_mixin.py:104} INFO - [2021-04-02 00:24:53,690] {dagbag.py:448} INFO - Filling up the DagBag from /Library/Frameworks/Python.framework/Versions/3.9/lib/python3.9/site-packages/airflow/example_dags/example_dag_decorator.py
[2021-04-02 00:24:53,714] {scheduler_job.py:639} INFO - DAG(s) dict_keys(['example_dag_decorator']) retrieved from /Library/Frameworks/Python.framework/Versions/3.9/lib/python3.9/site-packages/airflow/example_dags/example_dag_decorator.py
[2021-04-02 00:24:53,789] {logging_mixin.py:104} INFO - [2021-04-02 00:24:53,788] {dag.py:1818} INFO - Sync 1 DAGs
[2021-04-02 00:24:53,803] {logging_mixin.py:104} INFO - [2021-04-02 00:24:53,803] {dag.py:2273} INFO - Setting next_dagrun for example_dag_decorator to None
[2021-04-02 00:24:53,814] {scheduler_job.py:190} INFO - Processing /Library/Frameworks/Python.framework/Versions/3.9/lib/python3.9/site-packages/airflow/example_dags/example_dag_decorator.py took 0.126 seconds
[2021-04-02 00:26:41,854] {scheduler_job.py:182} INFO - Started process (PID=9625) to work on /Library/Frameworks/Python.framework/Versions/3.9/lib/python3.9/site-packages/airflow/example_dags/example_dag_decorator.py
[2021-04-02 00:26:41,856] {scheduler_job.py:629} INFO - Processing file /Library/Frameworks/Python.framework/Versions/3.9/lib/python3.9/site-packages/airflow/example_dags/example_dag_decorator.py for tasks to queue
[2021-04-02 00:26:41,856] {logging_mixin.py:104} INFO - [2021-04-02 00:26:41,856] {dagbag.py:448} INFO - Filling up the DagBag from /Library/Frameworks/Python.framework/Versions/3.9/lib/python3.9/site-packages/airflow/example_dags/example_dag_decorator.py
[2021-04-02 00:26:41,869] {scheduler_job.py:639} INFO - DAG(s) dict_keys(['example_dag_decorator']) retrieved from /Library/Frameworks/Python.framework/Versions/3.9/lib/python3.9/site-packages/airflow/example_dags/example_dag_decorator.py
[2021-04-02 00:26:41,929] {logging_mixin.py:104} INFO - [2021-04-02 00:26:41,929] {dag.py:1818} INFO - Sync 1 DAGs
[2021-04-02 00:26:41,942] {logging_mixin.py:104} INFO - [2021-04-02 00:26:41,942] {dag.py:2273} INFO - Setting next_dagrun for example_dag_decorator to None
[2021-04-02 00:26:41,951] {scheduler_job.py:190} INFO - Processing /Library/Frameworks/Python.framework/Versions/3.9/lib/python3.9/site-packages/airflow/example_dags/example_dag_decorator.py took 0.098 seconds
[2021-04-02 00:27:20,421] {scheduler_job.py:182} INFO - Started process (PID=9649) to work on /Library/Frameworks/Python.framework/Versions/3.9/lib/python3.9/site-packages/airflow/example_dags/example_dag_decorator.py
[2021-04-02 00:27:20,422] {scheduler_job.py:629} INFO - Processing file /Library/Frameworks/Python.framework/Versions/3.9/lib/python3.9/site-packages/airflow/example_dags/example_dag_decorator.py for tasks to queue
[2021-04-02 00:27:20,423] {logging_mixin.py:104} INFO - [2021-04-02 00:27:20,422] {dagbag.py:448} INFO - Filling up the DagBag from /Library/Frameworks/Python.framework/Versions/3.9/lib/python3.9/site-packages/airflow/example_dags/example_dag_decorator.py
[2021-04-02 00:27:20,434] {scheduler_job.py:639} INFO - DAG(s) dict_keys(['example_dag_decorator']) retrieved from /Library/Frameworks/Python.framework/Versions/3.9/lib/python3.9/site-packages/airflow/example_dags/example_dag_decorator.py
[2021-04-02 00:27:20,475] {logging_mixin.py:104} INFO - [2021-04-02 00:27:20,475] {dag.py:1818} INFO - Sync 1 DAGs
[2021-04-02 00:27:20,484] {logging_mixin.py:104} INFO - [2021-04-02 00:27:20,484] {dag.py:2273} INFO - Setting next_dagrun for example_dag_decorator to None
[2021-04-02 00:27:20,494] {scheduler_job.py:190} INFO - Processing /Library/Frameworks/Python.framework/Versions/3.9/lib/python3.9/site-packages/airflow/example_dags/example_dag_decorator.py took 0.073 seconds
[2021-04-02 00:28:31,413] {scheduler_job.py:182} INFO - Started process (PID=9702) to work on /Library/Frameworks/Python.framework/Versions/3.9/lib/python3.9/site-packages/airflow/example_dags/example_dag_decorator.py
[2021-04-02 00:28:31,413] {scheduler_job.py:629} INFO - Processing file /Library/Frameworks/Python.framework/Versions/3.9/lib/python3.9/site-packages/airflow/example_dags/example_dag_decorator.py for tasks to queue
[2021-04-02 00:28:31,414] {logging_mixin.py:104} INFO - [2021-04-02 00:28:31,414] {dagbag.py:448} INFO - Filling up the DagBag from /Library/Frameworks/Python.framework/Versions/3.9/lib/python3.9/site-packages/airflow/example_dags/example_dag_decorator.py
[2021-04-02 00:28:31,426] {scheduler_job.py:639} INFO - DAG(s) dict_keys(['example_dag_decorator']) retrieved from /Library/Frameworks/Python.framework/Versions/3.9/lib/python3.9/site-packages/airflow/example_dags/example_dag_decorator.py
[2021-04-02 00:28:31,467] {logging_mixin.py:104} INFO - [2021-04-02 00:28:31,466] {dag.py:1818} INFO - Sync 1 DAGs
[2021-04-02 00:28:31,479] {logging_mixin.py:104} INFO - [2021-04-02 00:28:31,479] {dag.py:2273} INFO - Setting next_dagrun for example_dag_decorator to None
[2021-04-02 00:28:31,491] {scheduler_job.py:190} INFO - Processing /Library/Frameworks/Python.framework/Versions/3.9/lib/python3.9/site-packages/airflow/example_dags/example_dag_decorator.py took 0.079 seconds
[2021-04-02 00:29:20,678] {scheduler_job.py:182} INFO - Started process (PID=9727) to work on /Library/Frameworks/Python.framework/Versions/3.9/lib/python3.9/site-packages/airflow/example_dags/example_dag_decorator.py
[2021-04-02 00:29:20,680] {scheduler_job.py:629} INFO - Processing file /Library/Frameworks/Python.framework/Versions/3.9/lib/python3.9/site-packages/airflow/example_dags/example_dag_decorator.py for tasks to queue
[2021-04-02 00:29:20,681] {logging_mixin.py:104} INFO - [2021-04-02 00:29:20,681] {dagbag.py:448} INFO - Filling up the DagBag from /Library/Frameworks/Python.framework/Versions/3.9/lib/python3.9/site-packages/airflow/example_dags/example_dag_decorator.py
[2021-04-02 00:29:20,702] {scheduler_job.py:639} INFO - DAG(s) dict_keys(['example_dag_decorator']) retrieved from /Library/Frameworks/Python.framework/Versions/3.9/lib/python3.9/site-packages/airflow/example_dags/example_dag_decorator.py
[2021-04-02 00:29:20,780] {logging_mixin.py:104} INFO - [2021-04-02 00:29:20,780] {dag.py:1818} INFO - Sync 1 DAGs
[2021-04-02 00:29:20,803] {logging_mixin.py:104} INFO - [2021-04-02 00:29:20,803] {dag.py:2273} INFO - Setting next_dagrun for example_dag_decorator to None
[2021-04-02 00:29:20,816] {scheduler_job.py:190} INFO - Processing /Library/Frameworks/Python.framework/Versions/3.9/lib/python3.9/site-packages/airflow/example_dags/example_dag_decorator.py took 0.139 seconds
[2021-04-02 00:30:32,905] {scheduler_job.py:182} INFO - Started process (PID=9762) to work on /Library/Frameworks/Python.framework/Versions/3.9/lib/python3.9/site-packages/airflow/example_dags/example_dag_decorator.py
[2021-04-02 00:30:32,906] {scheduler_job.py:629} INFO - Processing file /Library/Frameworks/Python.framework/Versions/3.9/lib/python3.9/site-packages/airflow/example_dags/example_dag_decorator.py for tasks to queue
[2021-04-02 00:30:32,907] {logging_mixin.py:104} INFO - [2021-04-02 00:30:32,907] {dagbag.py:448} INFO - Filling up the DagBag from /Library/Frameworks/Python.framework/Versions/3.9/lib/python3.9/site-packages/airflow/example_dags/example_dag_decorator.py
[2021-04-02 00:30:32,924] {scheduler_job.py:639} INFO - DAG(s) dict_keys(['example_dag_decorator']) retrieved from /Library/Frameworks/Python.framework/Versions/3.9/lib/python3.9/site-packages/airflow/example_dags/example_dag_decorator.py
[2021-04-02 00:30:32,991] {logging_mixin.py:104} INFO - [2021-04-02 00:30:32,991] {dag.py:1818} INFO - Sync 1 DAGs
[2021-04-02 00:30:33,005] {logging_mixin.py:104} INFO - [2021-04-02 00:30:33,005] {dag.py:2273} INFO - Setting next_dagrun for example_dag_decorator to None
[2021-04-02 00:30:33,024] {scheduler_job.py:190} INFO - Processing /Library/Frameworks/Python.framework/Versions/3.9/lib/python3.9/site-packages/airflow/example_dags/example_dag_decorator.py took 0.120 seconds
[2021-04-02 00:31:27,535] {scheduler_job.py:182} INFO - Started process (PID=9785) to work on /Library/Frameworks/Python.framework/Versions/3.9/lib/python3.9/site-packages/airflow/example_dags/example_dag_decorator.py
[2021-04-02 00:31:27,535] {scheduler_job.py:629} INFO - Processing file /Library/Frameworks/Python.framework/Versions/3.9/lib/python3.9/site-packages/airflow/example_dags/example_dag_decorator.py for tasks to queue
[2021-04-02 00:31:27,536] {logging_mixin.py:104} INFO - [2021-04-02 00:31:27,535] {dagbag.py:448} INFO - Filling up the DagBag from /Library/Frameworks/Python.framework/Versions/3.9/lib/python3.9/site-packages/airflow/example_dags/example_dag_decorator.py
[2021-04-02 00:31:27,545] {scheduler_job.py:639} INFO - DAG(s) dict_keys(['example_dag_decorator']) retrieved from /Library/Frameworks/Python.framework/Versions/3.9/lib/python3.9/site-packages/airflow/example_dags/example_dag_decorator.py
[2021-04-02 00:31:27,588] {logging_mixin.py:104} INFO - [2021-04-02 00:31:27,587] {dag.py:1818} INFO - Sync 1 DAGs
[2021-04-02 00:31:27,596] {logging_mixin.py:104} INFO - [2021-04-02 00:31:27,596] {dag.py:2273} INFO - Setting next_dagrun for example_dag_decorator to None
[2021-04-02 00:31:27,605] {scheduler_job.py:190} INFO - Processing /Library/Frameworks/Python.framework/Versions/3.9/lib/python3.9/site-packages/airflow/example_dags/example_dag_decorator.py took 0.072 seconds
[2021-04-02 00:32:16,252] {scheduler_job.py:182} INFO - Started process (PID=9824) to work on /Library/Frameworks/Python.framework/Versions/3.9/lib/python3.9/site-packages/airflow/example_dags/example_dag_decorator.py
[2021-04-02 00:32:16,254] {scheduler_job.py:629} INFO - Processing file /Library/Frameworks/Python.framework/Versions/3.9/lib/python3.9/site-packages/airflow/example_dags/example_dag_decorator.py for tasks to queue
[2021-04-02 00:32:16,254] {logging_mixin.py:104} INFO - [2021-04-02 00:32:16,254] {dagbag.py:448} INFO - Filling up the DagBag from /Library/Frameworks/Python.framework/Versions/3.9/lib/python3.9/site-packages/airflow/example_dags/example_dag_decorator.py
[2021-04-02 00:32:16,270] {scheduler_job.py:639} INFO - DAG(s) dict_keys(['example_dag_decorator']) retrieved from /Library/Frameworks/Python.framework/Versions/3.9/lib/python3.9/site-packages/airflow/example_dags/example_dag_decorator.py
[2021-04-02 00:32:16,329] {logging_mixin.py:104} INFO - [2021-04-02 00:32:16,329] {dag.py:1818} INFO - Sync 1 DAGs
[2021-04-02 00:32:16,343] {logging_mixin.py:104} INFO - [2021-04-02 00:32:16,343] {dag.py:2273} INFO - Setting next_dagrun for example_dag_decorator to None
[2021-04-02 00:32:16,359] {scheduler_job.py:190} INFO - Processing /Library/Frameworks/Python.framework/Versions/3.9/lib/python3.9/site-packages/airflow/example_dags/example_dag_decorator.py took 0.108 seconds
[2021-04-02 00:33:09,612] {scheduler_job.py:182} INFO - Started process (PID=9852) to work on /Library/Frameworks/Python.framework/Versions/3.9/lib/python3.9/site-packages/airflow/example_dags/example_dag_decorator.py
[2021-04-02 00:33:09,616] {scheduler_job.py:629} INFO - Processing file /Library/Frameworks/Python.framework/Versions/3.9/lib/python3.9/site-packages/airflow/example_dags/example_dag_decorator.py for tasks to queue
[2021-04-02 00:33:09,617] {logging_mixin.py:104} INFO - [2021-04-02 00:33:09,617] {dagbag.py:448} INFO - Filling up the DagBag from /Library/Frameworks/Python.framework/Versions/3.9/lib/python3.9/site-packages/airflow/example_dags/example_dag_decorator.py
[2021-04-02 00:33:09,646] {scheduler_job.py:639} INFO - DAG(s) dict_keys(['example_dag_decorator']) retrieved from /Library/Frameworks/Python.framework/Versions/3.9/lib/python3.9/site-packages/airflow/example_dags/example_dag_decorator.py
[2021-04-02 00:33:09,775] {logging_mixin.py:104} INFO - [2021-04-02 00:33:09,774] {dag.py:1818} INFO - Sync 1 DAGs
[2021-04-02 00:33:09,801] {logging_mixin.py:104} INFO - [2021-04-02 00:33:09,801] {dag.py:2273} INFO - Setting next_dagrun for example_dag_decorator to None
[2021-04-02 00:33:09,821] {scheduler_job.py:190} INFO - Processing /Library/Frameworks/Python.framework/Versions/3.9/lib/python3.9/site-packages/airflow/example_dags/example_dag_decorator.py took 0.210 seconds
[2021-04-02 00:34:55,089] {scheduler_job.py:182} INFO - Started process (PID=9945) to work on /Library/Frameworks/Python.framework/Versions/3.9/lib/python3.9/site-packages/airflow/example_dags/example_dag_decorator.py
[2021-04-02 00:34:55,090] {scheduler_job.py:629} INFO - Processing file /Library/Frameworks/Python.framework/Versions/3.9/lib/python3.9/site-packages/airflow/example_dags/example_dag_decorator.py for tasks to queue
[2021-04-02 00:34:55,090] {logging_mixin.py:104} INFO - [2021-04-02 00:34:55,090] {dagbag.py:448} INFO - Filling up the DagBag from /Library/Frameworks/Python.framework/Versions/3.9/lib/python3.9/site-packages/airflow/example_dags/example_dag_decorator.py
[2021-04-02 00:34:55,107] {scheduler_job.py:639} INFO - DAG(s) dict_keys(['example_dag_decorator']) retrieved from /Library/Frameworks/Python.framework/Versions/3.9/lib/python3.9/site-packages/airflow/example_dags/example_dag_decorator.py
[2021-04-02 00:34:55,160] {logging_mixin.py:104} INFO - [2021-04-02 00:34:55,160] {dag.py:1818} INFO - Sync 1 DAGs
[2021-04-02 00:34:55,172] {logging_mixin.py:104} INFO - [2021-04-02 00:34:55,172] {dag.py:2273} INFO - Setting next_dagrun for example_dag_decorator to None
[2021-04-02 00:34:55,185] {scheduler_job.py:190} INFO - Processing /Library/Frameworks/Python.framework/Versions/3.9/lib/python3.9/site-packages/airflow/example_dags/example_dag_decorator.py took 0.097 seconds
[2021-04-02 00:35:51,542] {scheduler_job.py:182} INFO - Started process (PID=10030) to work on /Library/Frameworks/Python.framework/Versions/3.9/lib/python3.9/site-packages/airflow/example_dags/example_dag_decorator.py
[2021-04-02 00:35:51,560] {scheduler_job.py:629} INFO - Processing file /Library/Frameworks/Python.framework/Versions/3.9/lib/python3.9/site-packages/airflow/example_dags/example_dag_decorator.py for tasks to queue
[2021-04-02 00:35:51,561] {logging_mixin.py:104} INFO - [2021-04-02 00:35:51,561] {dagbag.py:448} INFO - Filling up the DagBag from /Library/Frameworks/Python.framework/Versions/3.9/lib/python3.9/site-packages/airflow/example_dags/example_dag_decorator.py
[2021-04-02 00:35:51,600] {scheduler_job.py:639} INFO - DAG(s) dict_keys(['example_dag_decorator']) retrieved from /Library/Frameworks/Python.framework/Versions/3.9/lib/python3.9/site-packages/airflow/example_dags/example_dag_decorator.py
[2021-04-02 00:35:51,682] {logging_mixin.py:104} INFO - [2021-04-02 00:35:51,681] {dag.py:1818} INFO - Sync 1 DAGs
[2021-04-02 00:35:51,694] {logging_mixin.py:104} INFO - [2021-04-02 00:35:51,694] {dag.py:2273} INFO - Setting next_dagrun for example_dag_decorator to None
[2021-04-02 00:35:51,725] {scheduler_job.py:190} INFO - Processing /Library/Frameworks/Python.framework/Versions/3.9/lib/python3.9/site-packages/airflow/example_dags/example_dag_decorator.py took 0.184 seconds
[2021-04-02 00:36:45,788] {scheduler_job.py:182} INFO - Started process (PID=10061) to work on /Library/Frameworks/Python.framework/Versions/3.9/lib/python3.9/site-packages/airflow/example_dags/example_dag_decorator.py
[2021-04-02 00:36:45,789] {scheduler_job.py:629} INFO - Processing file /Library/Frameworks/Python.framework/Versions/3.9/lib/python3.9/site-packages/airflow/example_dags/example_dag_decorator.py for tasks to queue
[2021-04-02 00:36:45,790] {logging_mixin.py:104} INFO - [2021-04-02 00:36:45,790] {dagbag.py:448} INFO - Filling up the DagBag from /Library/Frameworks/Python.framework/Versions/3.9/lib/python3.9/site-packages/airflow/example_dags/example_dag_decorator.py
[2021-04-02 00:36:45,807] {scheduler_job.py:639} INFO - DAG(s) dict_keys(['example_dag_decorator']) retrieved from /Library/Frameworks/Python.framework/Versions/3.9/lib/python3.9/site-packages/airflow/example_dags/example_dag_decorator.py
[2021-04-02 00:36:45,861] {logging_mixin.py:104} INFO - [2021-04-02 00:36:45,860] {dag.py:1818} INFO - Sync 1 DAGs
[2021-04-02 00:36:45,869] {logging_mixin.py:104} INFO - [2021-04-02 00:36:45,868] {dag.py:2273} INFO - Setting next_dagrun for example_dag_decorator to None
[2021-04-02 00:36:45,878] {scheduler_job.py:190} INFO - Processing /Library/Frameworks/Python.framework/Versions/3.9/lib/python3.9/site-packages/airflow/example_dags/example_dag_decorator.py took 0.091 seconds
[2021-04-02 00:37:27,966] {scheduler_job.py:182} INFO - Started process (PID=10084) to work on /Library/Frameworks/Python.framework/Versions/3.9/lib/python3.9/site-packages/airflow/example_dags/example_dag_decorator.py
[2021-04-02 00:37:27,966] {scheduler_job.py:629} INFO - Processing file /Library/Frameworks/Python.framework/Versions/3.9/lib/python3.9/site-packages/airflow/example_dags/example_dag_decorator.py for tasks to queue
[2021-04-02 00:37:27,966] {logging_mixin.py:104} INFO - [2021-04-02 00:37:27,966] {dagbag.py:448} INFO - Filling up the DagBag from /Library/Frameworks/Python.framework/Versions/3.9/lib/python3.9/site-packages/airflow/example_dags/example_dag_decorator.py
[2021-04-02 00:37:27,977] {scheduler_job.py:639} INFO - DAG(s) dict_keys(['example_dag_decorator']) retrieved from /Library/Frameworks/Python.framework/Versions/3.9/lib/python3.9/site-packages/airflow/example_dags/example_dag_decorator.py
[2021-04-02 00:37:28,021] {logging_mixin.py:104} INFO - [2021-04-02 00:37:28,021] {dag.py:1818} INFO - Sync 1 DAGs
[2021-04-02 00:37:28,030] {logging_mixin.py:104} INFO - [2021-04-02 00:37:28,030] {dag.py:2273} INFO - Setting next_dagrun for example_dag_decorator to None
[2021-04-02 00:37:28,040] {scheduler_job.py:190} INFO - Processing /Library/Frameworks/Python.framework/Versions/3.9/lib/python3.9/site-packages/airflow/example_dags/example_dag_decorator.py took 0.075 seconds
[2021-04-02 00:38:36,374] {scheduler_job.py:182} INFO - Started process (PID=10118) to work on /Library/Frameworks/Python.framework/Versions/3.9/lib/python3.9/site-packages/airflow/example_dags/example_dag_decorator.py
[2021-04-02 00:38:36,374] {scheduler_job.py:629} INFO - Processing file /Library/Frameworks/Python.framework/Versions/3.9/lib/python3.9/site-packages/airflow/example_dags/example_dag_decorator.py for tasks to queue
[2021-04-02 00:38:36,375] {logging_mixin.py:104} INFO - [2021-04-02 00:38:36,375] {dagbag.py:448} INFO - Filling up the DagBag from /Library/Frameworks/Python.framework/Versions/3.9/lib/python3.9/site-packages/airflow/example_dags/example_dag_decorator.py
[2021-04-02 00:38:36,385] {scheduler_job.py:639} INFO - DAG(s) dict_keys(['example_dag_decorator']) retrieved from /Library/Frameworks/Python.framework/Versions/3.9/lib/python3.9/site-packages/airflow/example_dags/example_dag_decorator.py
[2021-04-02 00:38:36,428] {logging_mixin.py:104} INFO - [2021-04-02 00:38:36,428] {dag.py:1818} INFO - Sync 1 DAGs
[2021-04-02 00:38:36,437] {logging_mixin.py:104} INFO - [2021-04-02 00:38:36,437] {dag.py:2273} INFO - Setting next_dagrun for example_dag_decorator to None
[2021-04-02 00:38:36,446] {scheduler_job.py:190} INFO - Processing /Library/Frameworks/Python.framework/Versions/3.9/lib/python3.9/site-packages/airflow/example_dags/example_dag_decorator.py took 0.073 seconds
[2021-04-02 00:39:51,026] {scheduler_job.py:182} INFO - Started process (PID=10155) to work on /Library/Frameworks/Python.framework/Versions/3.9/lib/python3.9/site-packages/airflow/example_dags/example_dag_decorator.py
[2021-04-02 00:39:51,028] {scheduler_job.py:629} INFO - Processing file /Library/Frameworks/Python.framework/Versions/3.9/lib/python3.9/site-packages/airflow/example_dags/example_dag_decorator.py for tasks to queue
[2021-04-02 00:39:51,029] {logging_mixin.py:104} INFO - [2021-04-02 00:39:51,029] {dagbag.py:448} INFO - Filling up the DagBag from /Library/Frameworks/Python.framework/Versions/3.9/lib/python3.9/site-packages/airflow/example_dags/example_dag_decorator.py
[2021-04-02 00:39:51,045] {scheduler_job.py:639} INFO - DAG(s) dict_keys(['example_dag_decorator']) retrieved from /Library/Frameworks/Python.framework/Versions/3.9/lib/python3.9/site-packages/airflow/example_dags/example_dag_decorator.py
[2021-04-02 00:39:51,111] {logging_mixin.py:104} INFO - [2021-04-02 00:39:51,111] {dag.py:1818} INFO - Sync 1 DAGs
[2021-04-02 00:39:51,141] {logging_mixin.py:104} INFO - [2021-04-02 00:39:51,140] {dag.py:2273} INFO - Setting next_dagrun for example_dag_decorator to None
[2021-04-02 00:39:51,152] {scheduler_job.py:190} INFO - Processing /Library/Frameworks/Python.framework/Versions/3.9/lib/python3.9/site-packages/airflow/example_dags/example_dag_decorator.py took 0.127 seconds
[2021-04-02 00:41:09,790] {scheduler_job.py:182} INFO - Started process (PID=10220) to work on /Library/Frameworks/Python.framework/Versions/3.9/lib/python3.9/site-packages/airflow/example_dags/example_dag_decorator.py
[2021-04-02 00:41:09,791] {scheduler_job.py:629} INFO - Processing file /Library/Frameworks/Python.framework/Versions/3.9/lib/python3.9/site-packages/airflow/example_dags/example_dag_decorator.py for tasks to queue
[2021-04-02 00:41:09,791] {logging_mixin.py:104} INFO - [2021-04-02 00:41:09,791] {dagbag.py:448} INFO - Filling up the DagBag from /Library/Frameworks/Python.framework/Versions/3.9/lib/python3.9/site-packages/airflow/example_dags/example_dag_decorator.py
[2021-04-02 00:41:09,809] {scheduler_job.py:639} INFO - DAG(s) dict_keys(['example_dag_decorator']) retrieved from /Library/Frameworks/Python.framework/Versions/3.9/lib/python3.9/site-packages/airflow/example_dags/example_dag_decorator.py
[2021-04-02 00:41:09,861] {logging_mixin.py:104} INFO - [2021-04-02 00:41:09,861] {dag.py:1818} INFO - Sync 1 DAGs
[2021-04-02 00:41:09,873] {logging_mixin.py:104} INFO - [2021-04-02 00:41:09,873] {dag.py:2273} INFO - Setting next_dagrun for example_dag_decorator to None
[2021-04-02 00:41:09,884] {scheduler_job.py:190} INFO - Processing /Library/Frameworks/Python.framework/Versions/3.9/lib/python3.9/site-packages/airflow/example_dags/example_dag_decorator.py took 0.095 seconds
[2021-04-02 00:42:03,404] {scheduler_job.py:182} INFO - Started process (PID=10251) to work on /Library/Frameworks/Python.framework/Versions/3.9/lib/python3.9/site-packages/airflow/example_dags/example_dag_decorator.py
[2021-04-02 00:42:03,406] {scheduler_job.py:629} INFO - Processing file /Library/Frameworks/Python.framework/Versions/3.9/lib/python3.9/site-packages/airflow/example_dags/example_dag_decorator.py for tasks to queue
[2021-04-02 00:42:03,406] {logging_mixin.py:104} INFO - [2021-04-02 00:42:03,406] {dagbag.py:448} INFO - Filling up the DagBag from /Library/Frameworks/Python.framework/Versions/3.9/lib/python3.9/site-packages/airflow/example_dags/example_dag_decorator.py
[2021-04-02 00:42:03,424] {scheduler_job.py:639} INFO - DAG(s) dict_keys(['example_dag_decorator']) retrieved from /Library/Frameworks/Python.framework/Versions/3.9/lib/python3.9/site-packages/airflow/example_dags/example_dag_decorator.py
[2021-04-02 00:42:03,475] {logging_mixin.py:104} INFO - [2021-04-02 00:42:03,475] {dag.py:1818} INFO - Sync 1 DAGs
[2021-04-02 00:42:03,486] {logging_mixin.py:104} INFO - [2021-04-02 00:42:03,486] {dag.py:2273} INFO - Setting next_dagrun for example_dag_decorator to None
[2021-04-02 00:42:03,495] {scheduler_job.py:190} INFO - Processing /Library/Frameworks/Python.framework/Versions/3.9/lib/python3.9/site-packages/airflow/example_dags/example_dag_decorator.py took 0.092 seconds
[2021-04-02 00:42:42,467] {scheduler_job.py:182} INFO - Started process (PID=10276) to work on /Library/Frameworks/Python.framework/Versions/3.9/lib/python3.9/site-packages/airflow/example_dags/example_dag_decorator.py
[2021-04-02 00:42:42,468] {scheduler_job.py:629} INFO - Processing file /Library/Frameworks/Python.framework/Versions/3.9/lib/python3.9/site-packages/airflow/example_dags/example_dag_decorator.py for tasks to queue
[2021-04-02 00:42:42,469] {logging_mixin.py:104} INFO - [2021-04-02 00:42:42,469] {dagbag.py:448} INFO - Filling up the DagBag from /Library/Frameworks/Python.framework/Versions/3.9/lib/python3.9/site-packages/airflow/example_dags/example_dag_decorator.py
[2021-04-02 00:42:42,493] {scheduler_job.py:639} INFO - DAG(s) dict_keys(['example_dag_decorator']) retrieved from /Library/Frameworks/Python.framework/Versions/3.9/lib/python3.9/site-packages/airflow/example_dags/example_dag_decorator.py
[2021-04-02 00:42:42,629] {logging_mixin.py:104} INFO - [2021-04-02 00:42:42,629] {dag.py:1818} INFO - Sync 1 DAGs
[2021-04-02 00:42:42,641] {logging_mixin.py:104} INFO - [2021-04-02 00:42:42,641] {dag.py:2273} INFO - Setting next_dagrun for example_dag_decorator to None
[2021-04-02 00:42:42,655] {scheduler_job.py:190} INFO - Processing /Library/Frameworks/Python.framework/Versions/3.9/lib/python3.9/site-packages/airflow/example_dags/example_dag_decorator.py took 0.188 seconds
[2021-04-02 00:43:56,207] {scheduler_job.py:182} INFO - Started process (PID=10328) to work on /Library/Frameworks/Python.framework/Versions/3.9/lib/python3.9/site-packages/airflow/example_dags/example_dag_decorator.py
[2021-04-02 00:43:56,208] {scheduler_job.py:629} INFO - Processing file /Library/Frameworks/Python.framework/Versions/3.9/lib/python3.9/site-packages/airflow/example_dags/example_dag_decorator.py for tasks to queue
[2021-04-02 00:43:56,209] {logging_mixin.py:104} INFO - [2021-04-02 00:43:56,209] {dagbag.py:448} INFO - Filling up the DagBag from /Library/Frameworks/Python.framework/Versions/3.9/lib/python3.9/site-packages/airflow/example_dags/example_dag_decorator.py
[2021-04-02 00:43:56,226] {scheduler_job.py:639} INFO - DAG(s) dict_keys(['example_dag_decorator']) retrieved from /Library/Frameworks/Python.framework/Versions/3.9/lib/python3.9/site-packages/airflow/example_dags/example_dag_decorator.py
[2021-04-02 00:43:56,291] {logging_mixin.py:104} INFO - [2021-04-02 00:43:56,291] {dag.py:1818} INFO - Sync 1 DAGs
[2021-04-02 00:43:56,305] {logging_mixin.py:104} INFO - [2021-04-02 00:43:56,305] {dag.py:2273} INFO - Setting next_dagrun for example_dag_decorator to None
[2021-04-02 00:43:56,320] {scheduler_job.py:190} INFO - Processing /Library/Frameworks/Python.framework/Versions/3.9/lib/python3.9/site-packages/airflow/example_dags/example_dag_decorator.py took 0.117 seconds
[2021-04-02 00:44:49,400] {scheduler_job.py:182} INFO - Started process (PID=10361) to work on /Library/Frameworks/Python.framework/Versions/3.9/lib/python3.9/site-packages/airflow/example_dags/example_dag_decorator.py
[2021-04-02 00:44:49,401] {scheduler_job.py:629} INFO - Processing file /Library/Frameworks/Python.framework/Versions/3.9/lib/python3.9/site-packages/airflow/example_dags/example_dag_decorator.py for tasks to queue
[2021-04-02 00:44:49,401] {logging_mixin.py:104} INFO - [2021-04-02 00:44:49,401] {dagbag.py:448} INFO - Filling up the DagBag from /Library/Frameworks/Python.framework/Versions/3.9/lib/python3.9/site-packages/airflow/example_dags/example_dag_decorator.py
[2021-04-02 00:44:49,412] {scheduler_job.py:639} INFO - DAG(s) dict_keys(['example_dag_decorator']) retrieved from /Library/Frameworks/Python.framework/Versions/3.9/lib/python3.9/site-packages/airflow/example_dags/example_dag_decorator.py
[2021-04-02 00:44:49,453] {logging_mixin.py:104} INFO - [2021-04-02 00:44:49,453] {dag.py:1818} INFO - Sync 1 DAGs
[2021-04-02 00:44:49,461] {logging_mixin.py:104} INFO - [2021-04-02 00:44:49,461] {dag.py:2273} INFO - Setting next_dagrun for example_dag_decorator to None
[2021-04-02 00:44:49,472] {scheduler_job.py:190} INFO - Processing /Library/Frameworks/Python.framework/Versions/3.9/lib/python3.9/site-packages/airflow/example_dags/example_dag_decorator.py took 0.073 seconds
[2021-04-02 00:46:06,338] {scheduler_job.py:182} INFO - Started process (PID=10437) to work on /Library/Frameworks/Python.framework/Versions/3.9/lib/python3.9/site-packages/airflow/example_dags/example_dag_decorator.py
[2021-04-02 00:46:06,348] {scheduler_job.py:629} INFO - Processing file /Library/Frameworks/Python.framework/Versions/3.9/lib/python3.9/site-packages/airflow/example_dags/example_dag_decorator.py for tasks to queue
[2021-04-02 00:46:06,349] {logging_mixin.py:104} INFO - [2021-04-02 00:46:06,348] {dagbag.py:448} INFO - Filling up the DagBag from /Library/Frameworks/Python.framework/Versions/3.9/lib/python3.9/site-packages/airflow/example_dags/example_dag_decorator.py
[2021-04-02 00:46:06,388] {scheduler_job.py:639} INFO - DAG(s) dict_keys(['example_dag_decorator']) retrieved from /Library/Frameworks/Python.framework/Versions/3.9/lib/python3.9/site-packages/airflow/example_dags/example_dag_decorator.py
[2021-04-02 00:46:06,439] {logging_mixin.py:104} INFO - [2021-04-02 00:46:06,439] {dag.py:1818} INFO - Sync 1 DAGs
[2021-04-02 00:46:06,453] {logging_mixin.py:104} INFO - [2021-04-02 00:46:06,453] {dag.py:2273} INFO - Setting next_dagrun for example_dag_decorator to None
[2021-04-02 00:46:06,465] {scheduler_job.py:190} INFO - Processing /Library/Frameworks/Python.framework/Versions/3.9/lib/python3.9/site-packages/airflow/example_dags/example_dag_decorator.py took 0.146 seconds
[2021-04-02 00:47:08,842] {scheduler_job.py:182} INFO - Started process (PID=10471) to work on /Library/Frameworks/Python.framework/Versions/3.9/lib/python3.9/site-packages/airflow/example_dags/example_dag_decorator.py
[2021-04-02 00:47:08,843] {scheduler_job.py:629} INFO - Processing file /Library/Frameworks/Python.framework/Versions/3.9/lib/python3.9/site-packages/airflow/example_dags/example_dag_decorator.py for tasks to queue
[2021-04-02 00:47:08,843] {logging_mixin.py:104} INFO - [2021-04-02 00:47:08,843] {dagbag.py:448} INFO - Filling up the DagBag from /Library/Frameworks/Python.framework/Versions/3.9/lib/python3.9/site-packages/airflow/example_dags/example_dag_decorator.py
[2021-04-02 00:47:08,858] {scheduler_job.py:639} INFO - DAG(s) dict_keys(['example_dag_decorator']) retrieved from /Library/Frameworks/Python.framework/Versions/3.9/lib/python3.9/site-packages/airflow/example_dags/example_dag_decorator.py
[2021-04-02 00:47:08,897] {logging_mixin.py:104} INFO - [2021-04-02 00:47:08,897] {dag.py:1818} INFO - Sync 1 DAGs
[2021-04-02 00:47:08,907] {logging_mixin.py:104} INFO - [2021-04-02 00:47:08,907] {dag.py:2273} INFO - Setting next_dagrun for example_dag_decorator to None
[2021-04-02 00:47:08,915] {scheduler_job.py:190} INFO - Processing /Library/Frameworks/Python.framework/Versions/3.9/lib/python3.9/site-packages/airflow/example_dags/example_dag_decorator.py took 0.075 seconds
[2021-04-02 00:47:58,598] {scheduler_job.py:182} INFO - Started process (PID=10493) to work on /Library/Frameworks/Python.framework/Versions/3.9/lib/python3.9/site-packages/airflow/example_dags/example_dag_decorator.py
[2021-04-02 00:47:58,600] {scheduler_job.py:629} INFO - Processing file /Library/Frameworks/Python.framework/Versions/3.9/lib/python3.9/site-packages/airflow/example_dags/example_dag_decorator.py for tasks to queue
[2021-04-02 00:47:58,601] {logging_mixin.py:104} INFO - [2021-04-02 00:47:58,600] {dagbag.py:448} INFO - Filling up the DagBag from /Library/Frameworks/Python.framework/Versions/3.9/lib/python3.9/site-packages/airflow/example_dags/example_dag_decorator.py
[2021-04-02 00:47:58,613] {scheduler_job.py:639} INFO - DAG(s) dict_keys(['example_dag_decorator']) retrieved from /Library/Frameworks/Python.framework/Versions/3.9/lib/python3.9/site-packages/airflow/example_dags/example_dag_decorator.py
[2021-04-02 00:47:58,651] {logging_mixin.py:104} INFO - [2021-04-02 00:47:58,651] {dag.py:1818} INFO - Sync 1 DAGs
[2021-04-02 00:47:58,659] {logging_mixin.py:104} INFO - [2021-04-02 00:47:58,659] {dag.py:2273} INFO - Setting next_dagrun for example_dag_decorator to None
[2021-04-02 00:47:58,669] {scheduler_job.py:190} INFO - Processing /Library/Frameworks/Python.framework/Versions/3.9/lib/python3.9/site-packages/airflow/example_dags/example_dag_decorator.py took 0.072 seconds
[2021-04-02 00:49:02,506] {scheduler_job.py:182} INFO - Started process (PID=10517) to work on /Library/Frameworks/Python.framework/Versions/3.9/lib/python3.9/site-packages/airflow/example_dags/example_dag_decorator.py
[2021-04-02 00:49:02,507] {scheduler_job.py:629} INFO - Processing file /Library/Frameworks/Python.framework/Versions/3.9/lib/python3.9/site-packages/airflow/example_dags/example_dag_decorator.py for tasks to queue
[2021-04-02 00:49:02,508] {logging_mixin.py:104} INFO - [2021-04-02 00:49:02,508] {dagbag.py:448} INFO - Filling up the DagBag from /Library/Frameworks/Python.framework/Versions/3.9/lib/python3.9/site-packages/airflow/example_dags/example_dag_decorator.py
[2021-04-02 00:49:02,519] {scheduler_job.py:639} INFO - DAG(s) dict_keys(['example_dag_decorator']) retrieved from /Library/Frameworks/Python.framework/Versions/3.9/lib/python3.9/site-packages/airflow/example_dags/example_dag_decorator.py
[2021-04-02 00:49:02,563] {logging_mixin.py:104} INFO - [2021-04-02 00:49:02,563] {dag.py:1818} INFO - Sync 1 DAGs
[2021-04-02 00:49:02,573] {logging_mixin.py:104} INFO - [2021-04-02 00:49:02,573] {dag.py:2273} INFO - Setting next_dagrun for example_dag_decorator to None
[2021-04-02 00:49:02,582] {scheduler_job.py:190} INFO - Processing /Library/Frameworks/Python.framework/Versions/3.9/lib/python3.9/site-packages/airflow/example_dags/example_dag_decorator.py took 0.078 seconds
[2021-04-02 00:49:58,495] {scheduler_job.py:182} INFO - Started process (PID=10542) to work on /Library/Frameworks/Python.framework/Versions/3.9/lib/python3.9/site-packages/airflow/example_dags/example_dag_decorator.py
[2021-04-02 00:49:58,496] {scheduler_job.py:629} INFO - Processing file /Library/Frameworks/Python.framework/Versions/3.9/lib/python3.9/site-packages/airflow/example_dags/example_dag_decorator.py for tasks to queue
[2021-04-02 00:49:58,497] {logging_mixin.py:104} INFO - [2021-04-02 00:49:58,497] {dagbag.py:448} INFO - Filling up the DagBag from /Library/Frameworks/Python.framework/Versions/3.9/lib/python3.9/site-packages/airflow/example_dags/example_dag_decorator.py
[2021-04-02 00:49:58,510] {scheduler_job.py:639} INFO - DAG(s) dict_keys(['example_dag_decorator']) retrieved from /Library/Frameworks/Python.framework/Versions/3.9/lib/python3.9/site-packages/airflow/example_dags/example_dag_decorator.py
[2021-04-02 00:49:58,567] {logging_mixin.py:104} INFO - [2021-04-02 00:49:58,567] {dag.py:1818} INFO - Sync 1 DAGs
[2021-04-02 00:49:58,580] {logging_mixin.py:104} INFO - [2021-04-02 00:49:58,579] {dag.py:2273} INFO - Setting next_dagrun for example_dag_decorator to None
[2021-04-02 00:49:58,591] {scheduler_job.py:190} INFO - Processing /Library/Frameworks/Python.framework/Versions/3.9/lib/python3.9/site-packages/airflow/example_dags/example_dag_decorator.py took 0.096 seconds
[2021-04-02 00:50:46,722] {scheduler_job.py:182} INFO - Started process (PID=10566) to work on /Library/Frameworks/Python.framework/Versions/3.9/lib/python3.9/site-packages/airflow/example_dags/example_dag_decorator.py
[2021-04-02 00:50:46,724] {scheduler_job.py:629} INFO - Processing file /Library/Frameworks/Python.framework/Versions/3.9/lib/python3.9/site-packages/airflow/example_dags/example_dag_decorator.py for tasks to queue
[2021-04-02 00:50:46,725] {logging_mixin.py:104} INFO - [2021-04-02 00:50:46,725] {dagbag.py:448} INFO - Filling up the DagBag from /Library/Frameworks/Python.framework/Versions/3.9/lib/python3.9/site-packages/airflow/example_dags/example_dag_decorator.py
[2021-04-02 00:50:46,736] {scheduler_job.py:639} INFO - DAG(s) dict_keys(['example_dag_decorator']) retrieved from /Library/Frameworks/Python.framework/Versions/3.9/lib/python3.9/site-packages/airflow/example_dags/example_dag_decorator.py
[2021-04-02 00:50:46,773] {logging_mixin.py:104} INFO - [2021-04-02 00:50:46,773] {dag.py:1818} INFO - Sync 1 DAGs
[2021-04-02 00:50:46,781] {logging_mixin.py:104} INFO - [2021-04-02 00:50:46,781] {dag.py:2273} INFO - Setting next_dagrun for example_dag_decorator to None
[2021-04-02 00:50:46,791] {scheduler_job.py:190} INFO - Processing /Library/Frameworks/Python.framework/Versions/3.9/lib/python3.9/site-packages/airflow/example_dags/example_dag_decorator.py took 0.069 seconds
[2021-04-02 00:51:43,639] {scheduler_job.py:182} INFO - Started process (PID=10592) to work on /Library/Frameworks/Python.framework/Versions/3.9/lib/python3.9/site-packages/airflow/example_dags/example_dag_decorator.py
[2021-04-02 00:51:43,641] {scheduler_job.py:629} INFO - Processing file /Library/Frameworks/Python.framework/Versions/3.9/lib/python3.9/site-packages/airflow/example_dags/example_dag_decorator.py for tasks to queue
[2021-04-02 00:51:43,642] {logging_mixin.py:104} INFO - [2021-04-02 00:51:43,642] {dagbag.py:448} INFO - Filling up the DagBag from /Library/Frameworks/Python.framework/Versions/3.9/lib/python3.9/site-packages/airflow/example_dags/example_dag_decorator.py
[2021-04-02 00:51:43,672] {scheduler_job.py:639} INFO - DAG(s) dict_keys(['example_dag_decorator']) retrieved from /Library/Frameworks/Python.framework/Versions/3.9/lib/python3.9/site-packages/airflow/example_dags/example_dag_decorator.py
[2021-04-02 00:51:43,737] {logging_mixin.py:104} INFO - [2021-04-02 00:51:43,737] {dag.py:1818} INFO - Sync 1 DAGs
[2021-04-02 00:51:43,747] {logging_mixin.py:104} INFO - [2021-04-02 00:51:43,746] {dag.py:2273} INFO - Setting next_dagrun for example_dag_decorator to None
[2021-04-02 00:51:43,757] {scheduler_job.py:190} INFO - Processing /Library/Frameworks/Python.framework/Versions/3.9/lib/python3.9/site-packages/airflow/example_dags/example_dag_decorator.py took 0.119 seconds
[2021-04-02 00:52:47,569] {scheduler_job.py:182} INFO - Started process (PID=10626) to work on /Library/Frameworks/Python.framework/Versions/3.9/lib/python3.9/site-packages/airflow/example_dags/example_dag_decorator.py
[2021-04-02 00:52:47,571] {scheduler_job.py:629} INFO - Processing file /Library/Frameworks/Python.framework/Versions/3.9/lib/python3.9/site-packages/airflow/example_dags/example_dag_decorator.py for tasks to queue
[2021-04-02 00:52:47,572] {logging_mixin.py:104} INFO - [2021-04-02 00:52:47,572] {dagbag.py:448} INFO - Filling up the DagBag from /Library/Frameworks/Python.framework/Versions/3.9/lib/python3.9/site-packages/airflow/example_dags/example_dag_decorator.py
[2021-04-02 00:52:47,585] {scheduler_job.py:639} INFO - DAG(s) dict_keys(['example_dag_decorator']) retrieved from /Library/Frameworks/Python.framework/Versions/3.9/lib/python3.9/site-packages/airflow/example_dags/example_dag_decorator.py
[2021-04-02 00:52:47,632] {logging_mixin.py:104} INFO - [2021-04-02 00:52:47,632] {dag.py:1818} INFO - Sync 1 DAGs
[2021-04-02 00:52:47,642] {logging_mixin.py:104} INFO - [2021-04-02 00:52:47,642] {dag.py:2273} INFO - Setting next_dagrun for example_dag_decorator to None
[2021-04-02 00:52:47,655] {scheduler_job.py:190} INFO - Processing /Library/Frameworks/Python.framework/Versions/3.9/lib/python3.9/site-packages/airflow/example_dags/example_dag_decorator.py took 0.086 seconds
[2021-04-02 00:53:30,822] {scheduler_job.py:182} INFO - Started process (PID=10663) to work on /Library/Frameworks/Python.framework/Versions/3.9/lib/python3.9/site-packages/airflow/example_dags/example_dag_decorator.py
[2021-04-02 00:53:30,824] {scheduler_job.py:629} INFO - Processing file /Library/Frameworks/Python.framework/Versions/3.9/lib/python3.9/site-packages/airflow/example_dags/example_dag_decorator.py for tasks to queue
[2021-04-02 00:53:30,824] {logging_mixin.py:104} INFO - [2021-04-02 00:53:30,824] {dagbag.py:448} INFO - Filling up the DagBag from /Library/Frameworks/Python.framework/Versions/3.9/lib/python3.9/site-packages/airflow/example_dags/example_dag_decorator.py
[2021-04-02 00:53:30,836] {scheduler_job.py:639} INFO - DAG(s) dict_keys(['example_dag_decorator']) retrieved from /Library/Frameworks/Python.framework/Versions/3.9/lib/python3.9/site-packages/airflow/example_dags/example_dag_decorator.py
[2021-04-02 00:53:30,878] {logging_mixin.py:104} INFO - [2021-04-02 00:53:30,877] {dag.py:1818} INFO - Sync 1 DAGs
[2021-04-02 00:53:30,889] {logging_mixin.py:104} INFO - [2021-04-02 00:53:30,889] {dag.py:2273} INFO - Setting next_dagrun for example_dag_decorator to None
[2021-04-02 00:53:30,898] {scheduler_job.py:190} INFO - Processing /Library/Frameworks/Python.framework/Versions/3.9/lib/python3.9/site-packages/airflow/example_dags/example_dag_decorator.py took 0.077 seconds
