[2021-04-02 00:25:49,864] {scheduler_job.py:182} INFO - Started process (PID=9597) to work on /Library/Frameworks/Python.framework/Versions/3.9/lib/python3.9/site-packages/airflow/example_dags/example_latest_only_with_trigger.py
[2021-04-02 00:25:49,887] {scheduler_job.py:629} INFO - Processing file /Library/Frameworks/Python.framework/Versions/3.9/lib/python3.9/site-packages/airflow/example_dags/example_latest_only_with_trigger.py for tasks to queue
[2021-04-02 00:25:49,888] {logging_mixin.py:104} INFO - [2021-04-02 00:25:49,888] {dagbag.py:448} INFO - Filling up the DagBag from /Library/Frameworks/Python.framework/Versions/3.9/lib/python3.9/site-packages/airflow/example_dags/example_latest_only_with_trigger.py
[2021-04-02 00:25:49,911] {scheduler_job.py:639} INFO - DAG(s) dict_keys(['latest_only_with_trigger']) retrieved from /Library/Frameworks/Python.framework/Versions/3.9/lib/python3.9/site-packages/airflow/example_dags/example_latest_only_with_trigger.py
[2021-04-02 00:25:49,973] {logging_mixin.py:104} INFO - [2021-04-02 00:25:49,973] {dag.py:1818} INFO - Sync 1 DAGs
[2021-04-02 00:25:49,984] {logging_mixin.py:104} INFO - [2021-04-02 00:25:49,984] {dag.py:2273} INFO - Setting next_dagrun for latest_only_with_trigger to 2021-03-31 00:00:00+00:00
[2021-04-02 00:25:49,997] {scheduler_job.py:190} INFO - Processing /Library/Frameworks/Python.framework/Versions/3.9/lib/python3.9/site-packages/airflow/example_dags/example_latest_only_with_trigger.py took 0.134 seconds
[2021-04-02 00:27:03,297] {scheduler_job.py:182} INFO - Started process (PID=9638) to work on /Library/Frameworks/Python.framework/Versions/3.9/lib/python3.9/site-packages/airflow/example_dags/example_latest_only_with_trigger.py
[2021-04-02 00:27:03,298] {scheduler_job.py:629} INFO - Processing file /Library/Frameworks/Python.framework/Versions/3.9/lib/python3.9/site-packages/airflow/example_dags/example_latest_only_with_trigger.py for tasks to queue
[2021-04-02 00:27:03,298] {logging_mixin.py:104} INFO - [2021-04-02 00:27:03,298] {dagbag.py:448} INFO - Filling up the DagBag from /Library/Frameworks/Python.framework/Versions/3.9/lib/python3.9/site-packages/airflow/example_dags/example_latest_only_with_trigger.py
[2021-04-02 00:27:03,308] {scheduler_job.py:639} INFO - DAG(s) dict_keys(['latest_only_with_trigger']) retrieved from /Library/Frameworks/Python.framework/Versions/3.9/lib/python3.9/site-packages/airflow/example_dags/example_latest_only_with_trigger.py
[2021-04-02 00:27:03,349] {logging_mixin.py:104} INFO - [2021-04-02 00:27:03,349] {dag.py:1818} INFO - Sync 1 DAGs
[2021-04-02 00:27:03,357] {logging_mixin.py:104} INFO - [2021-04-02 00:27:03,357] {dag.py:2273} INFO - Setting next_dagrun for latest_only_with_trigger to 2021-03-31 00:00:00+00:00
[2021-04-02 00:27:03,364] {scheduler_job.py:190} INFO - Processing /Library/Frameworks/Python.framework/Versions/3.9/lib/python3.9/site-packages/airflow/example_dags/example_latest_only_with_trigger.py took 0.067 seconds
[2021-04-02 00:28:24,675] {scheduler_job.py:182} INFO - Started process (PID=9694) to work on /Library/Frameworks/Python.framework/Versions/3.9/lib/python3.9/site-packages/airflow/example_dags/example_latest_only_with_trigger.py
[2021-04-02 00:28:24,677] {scheduler_job.py:629} INFO - Processing file /Library/Frameworks/Python.framework/Versions/3.9/lib/python3.9/site-packages/airflow/example_dags/example_latest_only_with_trigger.py for tasks to queue
[2021-04-02 00:28:24,678] {logging_mixin.py:104} INFO - [2021-04-02 00:28:24,678] {dagbag.py:448} INFO - Filling up the DagBag from /Library/Frameworks/Python.framework/Versions/3.9/lib/python3.9/site-packages/airflow/example_dags/example_latest_only_with_trigger.py
[2021-04-02 00:28:24,701] {scheduler_job.py:639} INFO - DAG(s) dict_keys(['latest_only_with_trigger']) retrieved from /Library/Frameworks/Python.framework/Versions/3.9/lib/python3.9/site-packages/airflow/example_dags/example_latest_only_with_trigger.py
[2021-04-02 00:28:24,755] {logging_mixin.py:104} INFO - [2021-04-02 00:28:24,754] {dag.py:1818} INFO - Sync 1 DAGs
[2021-04-02 00:28:24,763] {logging_mixin.py:104} INFO - [2021-04-02 00:28:24,762] {dag.py:2273} INFO - Setting next_dagrun for latest_only_with_trigger to 2021-03-31 00:00:00+00:00
[2021-04-02 00:28:24,770] {scheduler_job.py:190} INFO - Processing /Library/Frameworks/Python.framework/Versions/3.9/lib/python3.9/site-packages/airflow/example_dags/example_latest_only_with_trigger.py took 0.096 seconds
[2021-04-02 00:29:53,502] {scheduler_job.py:182} INFO - Started process (PID=9742) to work on /Library/Frameworks/Python.framework/Versions/3.9/lib/python3.9/site-packages/airflow/example_dags/example_latest_only_with_trigger.py
[2021-04-02 00:29:53,503] {scheduler_job.py:629} INFO - Processing file /Library/Frameworks/Python.framework/Versions/3.9/lib/python3.9/site-packages/airflow/example_dags/example_latest_only_with_trigger.py for tasks to queue
[2021-04-02 00:29:53,504] {logging_mixin.py:104} INFO - [2021-04-02 00:29:53,504] {dagbag.py:448} INFO - Filling up the DagBag from /Library/Frameworks/Python.framework/Versions/3.9/lib/python3.9/site-packages/airflow/example_dags/example_latest_only_with_trigger.py
[2021-04-02 00:29:53,515] {scheduler_job.py:639} INFO - DAG(s) dict_keys(['latest_only_with_trigger']) retrieved from /Library/Frameworks/Python.framework/Versions/3.9/lib/python3.9/site-packages/airflow/example_dags/example_latest_only_with_trigger.py
[2021-04-02 00:29:53,587] {logging_mixin.py:104} INFO - [2021-04-02 00:29:53,587] {dag.py:1818} INFO - Sync 1 DAGs
[2021-04-02 00:29:53,599] {logging_mixin.py:104} INFO - [2021-04-02 00:29:53,599] {dag.py:2273} INFO - Setting next_dagrun for latest_only_with_trigger to 2021-03-31 00:00:00+00:00
[2021-04-02 00:29:53,614] {scheduler_job.py:190} INFO - Processing /Library/Frameworks/Python.framework/Versions/3.9/lib/python3.9/site-packages/airflow/example_dags/example_latest_only_with_trigger.py took 0.112 seconds
[2021-04-02 00:30:56,245] {scheduler_job.py:182} INFO - Started process (PID=9772) to work on /Library/Frameworks/Python.framework/Versions/3.9/lib/python3.9/site-packages/airflow/example_dags/example_latest_only_with_trigger.py
[2021-04-02 00:30:56,247] {scheduler_job.py:629} INFO - Processing file /Library/Frameworks/Python.framework/Versions/3.9/lib/python3.9/site-packages/airflow/example_dags/example_latest_only_with_trigger.py for tasks to queue
[2021-04-02 00:30:56,247] {logging_mixin.py:104} INFO - [2021-04-02 00:30:56,247] {dagbag.py:448} INFO - Filling up the DagBag from /Library/Frameworks/Python.framework/Versions/3.9/lib/python3.9/site-packages/airflow/example_dags/example_latest_only_with_trigger.py
[2021-04-02 00:30:56,263] {scheduler_job.py:639} INFO - DAG(s) dict_keys(['latest_only_with_trigger']) retrieved from /Library/Frameworks/Python.framework/Versions/3.9/lib/python3.9/site-packages/airflow/example_dags/example_latest_only_with_trigger.py
[2021-04-02 00:30:56,331] {logging_mixin.py:104} INFO - [2021-04-02 00:30:56,330] {dag.py:1818} INFO - Sync 1 DAGs
[2021-04-02 00:30:56,346] {logging_mixin.py:104} INFO - [2021-04-02 00:30:56,346] {dag.py:2273} INFO - Setting next_dagrun for latest_only_with_trigger to 2021-03-31 00:00:00+00:00
[2021-04-02 00:30:56,365] {scheduler_job.py:190} INFO - Processing /Library/Frameworks/Python.framework/Versions/3.9/lib/python3.9/site-packages/airflow/example_dags/example_latest_only_with_trigger.py took 0.121 seconds
[2021-04-02 00:32:30,557] {scheduler_job.py:182} INFO - Started process (PID=9833) to work on /Library/Frameworks/Python.framework/Versions/3.9/lib/python3.9/site-packages/airflow/example_dags/example_latest_only_with_trigger.py
[2021-04-02 00:32:30,558] {scheduler_job.py:629} INFO - Processing file /Library/Frameworks/Python.framework/Versions/3.9/lib/python3.9/site-packages/airflow/example_dags/example_latest_only_with_trigger.py for tasks to queue
[2021-04-02 00:32:30,558] {logging_mixin.py:104} INFO - [2021-04-02 00:32:30,558] {dagbag.py:448} INFO - Filling up the DagBag from /Library/Frameworks/Python.framework/Versions/3.9/lib/python3.9/site-packages/airflow/example_dags/example_latest_only_with_trigger.py
[2021-04-02 00:32:30,573] {scheduler_job.py:639} INFO - DAG(s) dict_keys(['latest_only_with_trigger']) retrieved from /Library/Frameworks/Python.framework/Versions/3.9/lib/python3.9/site-packages/airflow/example_dags/example_latest_only_with_trigger.py
[2021-04-02 00:32:30,632] {logging_mixin.py:104} INFO - [2021-04-02 00:32:30,632] {dag.py:1818} INFO - Sync 1 DAGs
[2021-04-02 00:32:30,648] {logging_mixin.py:104} INFO - [2021-04-02 00:32:30,648] {dag.py:2273} INFO - Setting next_dagrun for latest_only_with_trigger to 2021-03-31 00:00:00+00:00
[2021-04-02 00:32:30,661] {scheduler_job.py:190} INFO - Processing /Library/Frameworks/Python.framework/Versions/3.9/lib/python3.9/site-packages/airflow/example_dags/example_latest_only_with_trigger.py took 0.105 seconds
[2021-04-02 00:34:09,449] {scheduler_job.py:182} INFO - Started process (PID=9897) to work on /Library/Frameworks/Python.framework/Versions/3.9/lib/python3.9/site-packages/airflow/example_dags/example_latest_only_with_trigger.py
[2021-04-02 00:34:09,450] {scheduler_job.py:629} INFO - Processing file /Library/Frameworks/Python.framework/Versions/3.9/lib/python3.9/site-packages/airflow/example_dags/example_latest_only_with_trigger.py for tasks to queue
[2021-04-02 00:34:09,451] {logging_mixin.py:104} INFO - [2021-04-02 00:34:09,451] {dagbag.py:448} INFO - Filling up the DagBag from /Library/Frameworks/Python.framework/Versions/3.9/lib/python3.9/site-packages/airflow/example_dags/example_latest_only_with_trigger.py
[2021-04-02 00:34:09,470] {scheduler_job.py:639} INFO - DAG(s) dict_keys(['latest_only_with_trigger']) retrieved from /Library/Frameworks/Python.framework/Versions/3.9/lib/python3.9/site-packages/airflow/example_dags/example_latest_only_with_trigger.py
[2021-04-02 00:34:09,871] {logging_mixin.py:104} INFO - [2021-04-02 00:34:09,871] {dag.py:1818} INFO - Sync 1 DAGs
[2021-04-02 00:34:10,007] {logging_mixin.py:104} INFO - [2021-04-02 00:34:10,006] {dag.py:2273} INFO - Setting next_dagrun for latest_only_with_trigger to 2021-03-31 00:00:00+00:00
[2021-04-02 00:34:10,065] {scheduler_job.py:190} INFO - Processing /Library/Frameworks/Python.framework/Versions/3.9/lib/python3.9/site-packages/airflow/example_dags/example_latest_only_with_trigger.py took 0.617 seconds
[2021-04-02 00:35:25,992] {scheduler_job.py:182} INFO - Started process (PID=10012) to work on /Library/Frameworks/Python.framework/Versions/3.9/lib/python3.9/site-packages/airflow/example_dags/example_latest_only_with_trigger.py
[2021-04-02 00:35:25,993] {scheduler_job.py:629} INFO - Processing file /Library/Frameworks/Python.framework/Versions/3.9/lib/python3.9/site-packages/airflow/example_dags/example_latest_only_with_trigger.py for tasks to queue
[2021-04-02 00:35:25,994] {logging_mixin.py:104} INFO - [2021-04-02 00:35:25,994] {dagbag.py:448} INFO - Filling up the DagBag from /Library/Frameworks/Python.framework/Versions/3.9/lib/python3.9/site-packages/airflow/example_dags/example_latest_only_with_trigger.py
[2021-04-02 00:35:26,006] {scheduler_job.py:639} INFO - DAG(s) dict_keys(['latest_only_with_trigger']) retrieved from /Library/Frameworks/Python.framework/Versions/3.9/lib/python3.9/site-packages/airflow/example_dags/example_latest_only_with_trigger.py
[2021-04-02 00:35:26,068] {logging_mixin.py:104} INFO - [2021-04-02 00:35:26,068] {dag.py:1818} INFO - Sync 1 DAGs
[2021-04-02 00:35:26,080] {logging_mixin.py:104} INFO - [2021-04-02 00:35:26,080] {dag.py:2273} INFO - Setting next_dagrun for latest_only_with_trigger to 2021-03-31 00:00:00+00:00
[2021-04-02 00:35:26,093] {scheduler_job.py:190} INFO - Processing /Library/Frameworks/Python.framework/Versions/3.9/lib/python3.9/site-packages/airflow/example_dags/example_latest_only_with_trigger.py took 0.103 seconds
[2021-04-02 00:37:02,013] {scheduler_job.py:182} INFO - Started process (PID=10072) to work on /Library/Frameworks/Python.framework/Versions/3.9/lib/python3.9/site-packages/airflow/example_dags/example_latest_only_with_trigger.py
[2021-04-02 00:37:02,014] {scheduler_job.py:629} INFO - Processing file /Library/Frameworks/Python.framework/Versions/3.9/lib/python3.9/site-packages/airflow/example_dags/example_latest_only_with_trigger.py for tasks to queue
[2021-04-02 00:37:02,015] {logging_mixin.py:104} INFO - [2021-04-02 00:37:02,015] {dagbag.py:448} INFO - Filling up the DagBag from /Library/Frameworks/Python.framework/Versions/3.9/lib/python3.9/site-packages/airflow/example_dags/example_latest_only_with_trigger.py
[2021-04-02 00:37:02,029] {scheduler_job.py:639} INFO - DAG(s) dict_keys(['latest_only_with_trigger']) retrieved from /Library/Frameworks/Python.framework/Versions/3.9/lib/python3.9/site-packages/airflow/example_dags/example_latest_only_with_trigger.py
[2021-04-02 00:37:02,074] {logging_mixin.py:104} INFO - [2021-04-02 00:37:02,074] {dag.py:1818} INFO - Sync 1 DAGs
[2021-04-02 00:37:02,083] {logging_mixin.py:104} INFO - [2021-04-02 00:37:02,083] {dag.py:2273} INFO - Setting next_dagrun for latest_only_with_trigger to 2021-03-31 00:00:00+00:00
[2021-04-02 00:37:02,090] {scheduler_job.py:190} INFO - Processing /Library/Frameworks/Python.framework/Versions/3.9/lib/python3.9/site-packages/airflow/example_dags/example_latest_only_with_trigger.py took 0.078 seconds
[2021-04-02 00:38:11,521] {scheduler_job.py:182} INFO - Started process (PID=10106) to work on /Library/Frameworks/Python.framework/Versions/3.9/lib/python3.9/site-packages/airflow/example_dags/example_latest_only_with_trigger.py
[2021-04-02 00:38:11,522] {scheduler_job.py:629} INFO - Processing file /Library/Frameworks/Python.framework/Versions/3.9/lib/python3.9/site-packages/airflow/example_dags/example_latest_only_with_trigger.py for tasks to queue
[2021-04-02 00:38:11,522] {logging_mixin.py:104} INFO - [2021-04-02 00:38:11,522] {dagbag.py:448} INFO - Filling up the DagBag from /Library/Frameworks/Python.framework/Versions/3.9/lib/python3.9/site-packages/airflow/example_dags/example_latest_only_with_trigger.py
[2021-04-02 00:38:11,531] {scheduler_job.py:639} INFO - DAG(s) dict_keys(['latest_only_with_trigger']) retrieved from /Library/Frameworks/Python.framework/Versions/3.9/lib/python3.9/site-packages/airflow/example_dags/example_latest_only_with_trigger.py
[2021-04-02 00:38:11,617] {logging_mixin.py:104} INFO - [2021-04-02 00:38:11,616] {dag.py:1818} INFO - Sync 1 DAGs
[2021-04-02 00:38:11,631] {logging_mixin.py:104} INFO - [2021-04-02 00:38:11,631] {dag.py:2273} INFO - Setting next_dagrun for latest_only_with_trigger to 2021-03-31 00:00:00+00:00
[2021-04-02 00:38:11,648] {scheduler_job.py:190} INFO - Processing /Library/Frameworks/Python.framework/Versions/3.9/lib/python3.9/site-packages/airflow/example_dags/example_latest_only_with_trigger.py took 0.128 seconds
[2021-04-02 00:39:27,742] {scheduler_job.py:182} INFO - Started process (PID=10143) to work on /Library/Frameworks/Python.framework/Versions/3.9/lib/python3.9/site-packages/airflow/example_dags/example_latest_only_with_trigger.py
[2021-04-02 00:39:27,743] {scheduler_job.py:629} INFO - Processing file /Library/Frameworks/Python.framework/Versions/3.9/lib/python3.9/site-packages/airflow/example_dags/example_latest_only_with_trigger.py for tasks to queue
[2021-04-02 00:39:27,744] {logging_mixin.py:104} INFO - [2021-04-02 00:39:27,744] {dagbag.py:448} INFO - Filling up the DagBag from /Library/Frameworks/Python.framework/Versions/3.9/lib/python3.9/site-packages/airflow/example_dags/example_latest_only_with_trigger.py
[2021-04-02 00:39:27,752] {scheduler_job.py:639} INFO - DAG(s) dict_keys(['latest_only_with_trigger']) retrieved from /Library/Frameworks/Python.framework/Versions/3.9/lib/python3.9/site-packages/airflow/example_dags/example_latest_only_with_trigger.py
[2021-04-02 00:39:27,789] {logging_mixin.py:104} INFO - [2021-04-02 00:39:27,788] {dag.py:1818} INFO - Sync 1 DAGs
[2021-04-02 00:39:27,796] {logging_mixin.py:104} INFO - [2021-04-02 00:39:27,796] {dag.py:2273} INFO - Setting next_dagrun for latest_only_with_trigger to 2021-03-31 00:00:00+00:00
[2021-04-02 00:39:27,806] {scheduler_job.py:190} INFO - Processing /Library/Frameworks/Python.framework/Versions/3.9/lib/python3.9/site-packages/airflow/example_dags/example_latest_only_with_trigger.py took 0.065 seconds
[2021-04-02 00:41:03,449] {scheduler_job.py:182} INFO - Started process (PID=10212) to work on /Library/Frameworks/Python.framework/Versions/3.9/lib/python3.9/site-packages/airflow/example_dags/example_latest_only_with_trigger.py
[2021-04-02 00:41:03,450] {scheduler_job.py:629} INFO - Processing file /Library/Frameworks/Python.framework/Versions/3.9/lib/python3.9/site-packages/airflow/example_dags/example_latest_only_with_trigger.py for tasks to queue
[2021-04-02 00:41:03,451] {logging_mixin.py:104} INFO - [2021-04-02 00:41:03,451] {dagbag.py:448} INFO - Filling up the DagBag from /Library/Frameworks/Python.framework/Versions/3.9/lib/python3.9/site-packages/airflow/example_dags/example_latest_only_with_trigger.py
[2021-04-02 00:41:03,463] {scheduler_job.py:639} INFO - DAG(s) dict_keys(['latest_only_with_trigger']) retrieved from /Library/Frameworks/Python.framework/Versions/3.9/lib/python3.9/site-packages/airflow/example_dags/example_latest_only_with_trigger.py
[2021-04-02 00:41:03,536] {logging_mixin.py:104} INFO - [2021-04-02 00:41:03,536] {dag.py:1818} INFO - Sync 1 DAGs
[2021-04-02 00:41:03,550] {logging_mixin.py:104} INFO - [2021-04-02 00:41:03,550] {dag.py:2273} INFO - Setting next_dagrun for latest_only_with_trigger to 2021-03-31 00:00:00+00:00
[2021-04-02 00:41:03,564] {scheduler_job.py:190} INFO - Processing /Library/Frameworks/Python.framework/Versions/3.9/lib/python3.9/site-packages/airflow/example_dags/example_latest_only_with_trigger.py took 0.117 seconds
[2021-04-02 00:42:23,591] {scheduler_job.py:182} INFO - Started process (PID=10265) to work on /Library/Frameworks/Python.framework/Versions/3.9/lib/python3.9/site-packages/airflow/example_dags/example_latest_only_with_trigger.py
[2021-04-02 00:42:23,593] {scheduler_job.py:629} INFO - Processing file /Library/Frameworks/Python.framework/Versions/3.9/lib/python3.9/site-packages/airflow/example_dags/example_latest_only_with_trigger.py for tasks to queue
[2021-04-02 00:42:23,593] {logging_mixin.py:104} INFO - [2021-04-02 00:42:23,593] {dagbag.py:448} INFO - Filling up the DagBag from /Library/Frameworks/Python.framework/Versions/3.9/lib/python3.9/site-packages/airflow/example_dags/example_latest_only_with_trigger.py
[2021-04-02 00:42:23,603] {scheduler_job.py:639} INFO - DAG(s) dict_keys(['latest_only_with_trigger']) retrieved from /Library/Frameworks/Python.framework/Versions/3.9/lib/python3.9/site-packages/airflow/example_dags/example_latest_only_with_trigger.py
[2021-04-02 00:42:23,651] {logging_mixin.py:104} INFO - [2021-04-02 00:42:23,651] {dag.py:1818} INFO - Sync 1 DAGs
[2021-04-02 00:42:23,668] {logging_mixin.py:104} INFO - [2021-04-02 00:42:23,668] {dag.py:2273} INFO - Setting next_dagrun for latest_only_with_trigger to 2021-03-31 00:00:00+00:00
[2021-04-02 00:42:23,678] {scheduler_job.py:190} INFO - Processing /Library/Frameworks/Python.framework/Versions/3.9/lib/python3.9/site-packages/airflow/example_dags/example_latest_only_with_trigger.py took 0.088 seconds
[2021-04-02 00:43:44,758] {scheduler_job.py:182} INFO - Started process (PID=10316) to work on /Library/Frameworks/Python.framework/Versions/3.9/lib/python3.9/site-packages/airflow/example_dags/example_latest_only_with_trigger.py
[2021-04-02 00:43:44,760] {scheduler_job.py:629} INFO - Processing file /Library/Frameworks/Python.framework/Versions/3.9/lib/python3.9/site-packages/airflow/example_dags/example_latest_only_with_trigger.py for tasks to queue
[2021-04-02 00:43:44,760] {logging_mixin.py:104} INFO - [2021-04-02 00:43:44,760] {dagbag.py:448} INFO - Filling up the DagBag from /Library/Frameworks/Python.framework/Versions/3.9/lib/python3.9/site-packages/airflow/example_dags/example_latest_only_with_trigger.py
[2021-04-02 00:43:44,811] {scheduler_job.py:639} INFO - DAG(s) dict_keys(['latest_only_with_trigger']) retrieved from /Library/Frameworks/Python.framework/Versions/3.9/lib/python3.9/site-packages/airflow/example_dags/example_latest_only_with_trigger.py
[2021-04-02 00:43:45,120] {logging_mixin.py:104} INFO - [2021-04-02 00:43:45,120] {dag.py:1818} INFO - Sync 1 DAGs
[2021-04-02 00:43:45,334] {logging_mixin.py:104} INFO - [2021-04-02 00:43:45,333] {dag.py:2273} INFO - Setting next_dagrun for latest_only_with_trigger to 2021-03-31 00:00:00+00:00
[2021-04-02 00:43:45,362] {scheduler_job.py:190} INFO - Processing /Library/Frameworks/Python.framework/Versions/3.9/lib/python3.9/site-packages/airflow/example_dags/example_latest_only_with_trigger.py took 0.604 seconds
[2021-04-02 00:45:32,691] {scheduler_job.py:182} INFO - Started process (PID=10386) to work on /Library/Frameworks/Python.framework/Versions/3.9/lib/python3.9/site-packages/airflow/example_dags/example_latest_only_with_trigger.py
[2021-04-02 00:45:32,692] {scheduler_job.py:629} INFO - Processing file /Library/Frameworks/Python.framework/Versions/3.9/lib/python3.9/site-packages/airflow/example_dags/example_latest_only_with_trigger.py for tasks to queue
[2021-04-02 00:45:32,693] {logging_mixin.py:104} INFO - [2021-04-02 00:45:32,693] {dagbag.py:448} INFO - Filling up the DagBag from /Library/Frameworks/Python.framework/Versions/3.9/lib/python3.9/site-packages/airflow/example_dags/example_latest_only_with_trigger.py
[2021-04-02 00:45:32,707] {scheduler_job.py:639} INFO - DAG(s) dict_keys(['latest_only_with_trigger']) retrieved from /Library/Frameworks/Python.framework/Versions/3.9/lib/python3.9/site-packages/airflow/example_dags/example_latest_only_with_trigger.py
[2021-04-02 00:45:32,789] {logging_mixin.py:104} INFO - [2021-04-02 00:45:32,789] {dag.py:1818} INFO - Sync 1 DAGs
[2021-04-02 00:45:32,803] {logging_mixin.py:104} INFO - [2021-04-02 00:45:32,803] {dag.py:2273} INFO - Setting next_dagrun for latest_only_with_trigger to 2021-03-31 00:00:00+00:00
[2021-04-02 00:45:32,813] {scheduler_job.py:190} INFO - Processing /Library/Frameworks/Python.framework/Versions/3.9/lib/python3.9/site-packages/airflow/example_dags/example_latest_only_with_trigger.py took 0.123 seconds
[2021-04-02 00:47:32,778] {scheduler_job.py:182} INFO - Started process (PID=10481) to work on /Library/Frameworks/Python.framework/Versions/3.9/lib/python3.9/site-packages/airflow/example_dags/example_latest_only_with_trigger.py
[2021-04-02 00:47:32,779] {scheduler_job.py:629} INFO - Processing file /Library/Frameworks/Python.framework/Versions/3.9/lib/python3.9/site-packages/airflow/example_dags/example_latest_only_with_trigger.py for tasks to queue
[2021-04-02 00:47:32,780] {logging_mixin.py:104} INFO - [2021-04-02 00:47:32,780] {dagbag.py:448} INFO - Filling up the DagBag from /Library/Frameworks/Python.framework/Versions/3.9/lib/python3.9/site-packages/airflow/example_dags/example_latest_only_with_trigger.py
[2021-04-02 00:47:32,789] {scheduler_job.py:639} INFO - DAG(s) dict_keys(['latest_only_with_trigger']) retrieved from /Library/Frameworks/Python.framework/Versions/3.9/lib/python3.9/site-packages/airflow/example_dags/example_latest_only_with_trigger.py
[2021-04-02 00:47:32,836] {logging_mixin.py:104} INFO - [2021-04-02 00:47:32,836] {dag.py:1818} INFO - Sync 1 DAGs
[2021-04-02 00:47:32,845] {logging_mixin.py:104} INFO - [2021-04-02 00:47:32,845] {dag.py:2273} INFO - Setting next_dagrun for latest_only_with_trigger to 2021-03-31 00:00:00+00:00
[2021-04-02 00:47:32,855] {scheduler_job.py:190} INFO - Processing /Library/Frameworks/Python.framework/Versions/3.9/lib/python3.9/site-packages/airflow/example_dags/example_latest_only_with_trigger.py took 0.079 seconds
[2021-04-02 00:49:27,897] {scheduler_job.py:182} INFO - Started process (PID=10530) to work on /Library/Frameworks/Python.framework/Versions/3.9/lib/python3.9/site-packages/airflow/example_dags/example_latest_only_with_trigger.py
[2021-04-02 00:49:27,900] {scheduler_job.py:629} INFO - Processing file /Library/Frameworks/Python.framework/Versions/3.9/lib/python3.9/site-packages/airflow/example_dags/example_latest_only_with_trigger.py for tasks to queue
[2021-04-02 00:49:27,905] {logging_mixin.py:104} INFO - [2021-04-02 00:49:27,905] {dagbag.py:448} INFO - Filling up the DagBag from /Library/Frameworks/Python.framework/Versions/3.9/lib/python3.9/site-packages/airflow/example_dags/example_latest_only_with_trigger.py
[2021-04-02 00:49:27,929] {scheduler_job.py:639} INFO - DAG(s) dict_keys(['latest_only_with_trigger']) retrieved from /Library/Frameworks/Python.framework/Versions/3.9/lib/python3.9/site-packages/airflow/example_dags/example_latest_only_with_trigger.py
[2021-04-02 00:49:27,983] {logging_mixin.py:104} INFO - [2021-04-02 00:49:27,982] {dag.py:1818} INFO - Sync 1 DAGs
[2021-04-02 00:49:27,993] {logging_mixin.py:104} INFO - [2021-04-02 00:49:27,992] {dag.py:2273} INFO - Setting next_dagrun for latest_only_with_trigger to 2021-03-31 00:00:00+00:00
[2021-04-02 00:49:28,003] {scheduler_job.py:190} INFO - Processing /Library/Frameworks/Python.framework/Versions/3.9/lib/python3.9/site-packages/airflow/example_dags/example_latest_only_with_trigger.py took 0.106 seconds
[2021-04-02 00:51:08,453] {scheduler_job.py:182} INFO - Started process (PID=10579) to work on /Library/Frameworks/Python.framework/Versions/3.9/lib/python3.9/site-packages/airflow/example_dags/example_latest_only_with_trigger.py
[2021-04-02 00:51:08,455] {scheduler_job.py:629} INFO - Processing file /Library/Frameworks/Python.framework/Versions/3.9/lib/python3.9/site-packages/airflow/example_dags/example_latest_only_with_trigger.py for tasks to queue
[2021-04-02 00:51:08,456] {logging_mixin.py:104} INFO - [2021-04-02 00:51:08,456] {dagbag.py:448} INFO - Filling up the DagBag from /Library/Frameworks/Python.framework/Versions/3.9/lib/python3.9/site-packages/airflow/example_dags/example_latest_only_with_trigger.py
[2021-04-02 00:51:08,533] {scheduler_job.py:639} INFO - DAG(s) dict_keys(['latest_only_with_trigger']) retrieved from /Library/Frameworks/Python.framework/Versions/3.9/lib/python3.9/site-packages/airflow/example_dags/example_latest_only_with_trigger.py
[2021-04-02 00:51:08,644] {logging_mixin.py:104} INFO - [2021-04-02 00:51:08,644] {dag.py:1818} INFO - Sync 1 DAGs
[2021-04-02 00:51:08,670] {logging_mixin.py:104} INFO - [2021-04-02 00:51:08,670] {dag.py:2273} INFO - Setting next_dagrun for latest_only_with_trigger to 2021-03-31 00:00:00+00:00
[2021-04-02 00:51:08,692] {scheduler_job.py:190} INFO - Processing /Library/Frameworks/Python.framework/Versions/3.9/lib/python3.9/site-packages/airflow/example_dags/example_latest_only_with_trigger.py took 0.241 seconds
[2021-04-02 00:53:06,168] {scheduler_job.py:182} INFO - Started process (PID=10650) to work on /Library/Frameworks/Python.framework/Versions/3.9/lib/python3.9/site-packages/airflow/example_dags/example_latest_only_with_trigger.py
[2021-04-02 00:53:06,171] {scheduler_job.py:629} INFO - Processing file /Library/Frameworks/Python.framework/Versions/3.9/lib/python3.9/site-packages/airflow/example_dags/example_latest_only_with_trigger.py for tasks to queue
[2021-04-02 00:53:06,172] {logging_mixin.py:104} INFO - [2021-04-02 00:53:06,172] {dagbag.py:448} INFO - Filling up the DagBag from /Library/Frameworks/Python.framework/Versions/3.9/lib/python3.9/site-packages/airflow/example_dags/example_latest_only_with_trigger.py
[2021-04-02 00:53:06,193] {scheduler_job.py:639} INFO - DAG(s) dict_keys(['latest_only_with_trigger']) retrieved from /Library/Frameworks/Python.framework/Versions/3.9/lib/python3.9/site-packages/airflow/example_dags/example_latest_only_with_trigger.py
[2021-04-02 00:53:06,237] {logging_mixin.py:104} INFO - [2021-04-02 00:53:06,237] {dag.py:1818} INFO - Sync 1 DAGs
[2021-04-02 00:53:06,247] {logging_mixin.py:104} INFO - [2021-04-02 00:53:06,247] {dag.py:2273} INFO - Setting next_dagrun for latest_only_with_trigger to 2021-03-31 00:00:00+00:00
[2021-04-02 00:53:06,256] {scheduler_job.py:190} INFO - Processing /Library/Frameworks/Python.framework/Versions/3.9/lib/python3.9/site-packages/airflow/example_dags/example_latest_only_with_trigger.py took 0.090 seconds
