[2021-04-02 00:25:20,838] {scheduler_job.py:182} INFO - Started process (PID=9587) to work on /Library/Frameworks/Python.framework/Versions/3.9/lib/python3.9/site-packages/airflow/example_dags/tutorial_taskflow_api_etl.py
[2021-04-02 00:25:20,840] {scheduler_job.py:629} INFO - Processing file /Library/Frameworks/Python.framework/Versions/3.9/lib/python3.9/site-packages/airflow/example_dags/tutorial_taskflow_api_etl.py for tasks to queue
[2021-04-02 00:25:20,841] {logging_mixin.py:104} INFO - [2021-04-02 00:25:20,841] {dagbag.py:448} INFO - Filling up the DagBag from /Library/Frameworks/Python.framework/Versions/3.9/lib/python3.9/site-packages/airflow/example_dags/tutorial_taskflow_api_etl.py
[2021-04-02 00:25:20,857] {scheduler_job.py:639} INFO - DAG(s) dict_keys(['tutorial_taskflow_api_etl']) retrieved from /Library/Frameworks/Python.framework/Versions/3.9/lib/python3.9/site-packages/airflow/example_dags/tutorial_taskflow_api_etl.py
[2021-04-02 00:25:20,929] {logging_mixin.py:104} INFO - [2021-04-02 00:25:20,929] {dag.py:1818} INFO - Sync 1 DAGs
[2021-04-02 00:25:20,938] {logging_mixin.py:104} INFO - [2021-04-02 00:25:20,938] {dag.py:2273} INFO - Setting next_dagrun for tutorial_taskflow_api_etl to None
[2021-04-02 00:25:20,949] {scheduler_job.py:190} INFO - Processing /Library/Frameworks/Python.framework/Versions/3.9/lib/python3.9/site-packages/airflow/example_dags/tutorial_taskflow_api_etl.py took 0.117 seconds
[2021-04-02 00:26:44,020] {scheduler_job.py:182} INFO - Started process (PID=9626) to work on /Library/Frameworks/Python.framework/Versions/3.9/lib/python3.9/site-packages/airflow/example_dags/tutorial_taskflow_api_etl.py
[2021-04-02 00:26:44,020] {scheduler_job.py:629} INFO - Processing file /Library/Frameworks/Python.framework/Versions/3.9/lib/python3.9/site-packages/airflow/example_dags/tutorial_taskflow_api_etl.py for tasks to queue
[2021-04-02 00:26:44,021] {logging_mixin.py:104} INFO - [2021-04-02 00:26:44,020] {dagbag.py:448} INFO - Filling up the DagBag from /Library/Frameworks/Python.framework/Versions/3.9/lib/python3.9/site-packages/airflow/example_dags/tutorial_taskflow_api_etl.py
[2021-04-02 00:26:44,031] {scheduler_job.py:639} INFO - DAG(s) dict_keys(['tutorial_taskflow_api_etl']) retrieved from /Library/Frameworks/Python.framework/Versions/3.9/lib/python3.9/site-packages/airflow/example_dags/tutorial_taskflow_api_etl.py
[2021-04-02 00:26:44,075] {logging_mixin.py:104} INFO - [2021-04-02 00:26:44,075] {dag.py:1818} INFO - Sync 1 DAGs
[2021-04-02 00:26:44,085] {logging_mixin.py:104} INFO - [2021-04-02 00:26:44,085] {dag.py:2273} INFO - Setting next_dagrun for tutorial_taskflow_api_etl to None
[2021-04-02 00:26:44,095] {scheduler_job.py:190} INFO - Processing /Library/Frameworks/Python.framework/Versions/3.9/lib/python3.9/site-packages/airflow/example_dags/tutorial_taskflow_api_etl.py took 0.076 seconds
[2021-04-02 00:27:24,659] {scheduler_job.py:182} INFO - Started process (PID=9654) to work on /Library/Frameworks/Python.framework/Versions/3.9/lib/python3.9/site-packages/airflow/example_dags/tutorial_taskflow_api_etl.py
[2021-04-02 00:27:24,659] {scheduler_job.py:629} INFO - Processing file /Library/Frameworks/Python.framework/Versions/3.9/lib/python3.9/site-packages/airflow/example_dags/tutorial_taskflow_api_etl.py for tasks to queue
[2021-04-02 00:27:24,660] {logging_mixin.py:104} INFO - [2021-04-02 00:27:24,659] {dagbag.py:448} INFO - Filling up the DagBag from /Library/Frameworks/Python.framework/Versions/3.9/lib/python3.9/site-packages/airflow/example_dags/tutorial_taskflow_api_etl.py
[2021-04-02 00:27:24,672] {scheduler_job.py:639} INFO - DAG(s) dict_keys(['tutorial_taskflow_api_etl']) retrieved from /Library/Frameworks/Python.framework/Versions/3.9/lib/python3.9/site-packages/airflow/example_dags/tutorial_taskflow_api_etl.py
[2021-04-02 00:27:24,720] {logging_mixin.py:104} INFO - [2021-04-02 00:27:24,719] {dag.py:1818} INFO - Sync 1 DAGs
[2021-04-02 00:27:24,727] {logging_mixin.py:104} INFO - [2021-04-02 00:27:24,727] {dag.py:2273} INFO - Setting next_dagrun for tutorial_taskflow_api_etl to None
[2021-04-02 00:27:24,736] {scheduler_job.py:190} INFO - Processing /Library/Frameworks/Python.framework/Versions/3.9/lib/python3.9/site-packages/airflow/example_dags/tutorial_taskflow_api_etl.py took 0.078 seconds
[2021-04-02 00:28:36,406] {scheduler_job.py:182} INFO - Started process (PID=9704) to work on /Library/Frameworks/Python.framework/Versions/3.9/lib/python3.9/site-packages/airflow/example_dags/tutorial_taskflow_api_etl.py
[2021-04-02 00:28:36,407] {scheduler_job.py:629} INFO - Processing file /Library/Frameworks/Python.framework/Versions/3.9/lib/python3.9/site-packages/airflow/example_dags/tutorial_taskflow_api_etl.py for tasks to queue
[2021-04-02 00:28:36,408] {logging_mixin.py:104} INFO - [2021-04-02 00:28:36,408] {dagbag.py:448} INFO - Filling up the DagBag from /Library/Frameworks/Python.framework/Versions/3.9/lib/python3.9/site-packages/airflow/example_dags/tutorial_taskflow_api_etl.py
[2021-04-02 00:28:36,432] {scheduler_job.py:639} INFO - DAG(s) dict_keys(['tutorial_taskflow_api_etl']) retrieved from /Library/Frameworks/Python.framework/Versions/3.9/lib/python3.9/site-packages/airflow/example_dags/tutorial_taskflow_api_etl.py
[2021-04-02 00:28:36,479] {logging_mixin.py:104} INFO - [2021-04-02 00:28:36,479] {dag.py:1818} INFO - Sync 1 DAGs
[2021-04-02 00:28:36,488] {logging_mixin.py:104} INFO - [2021-04-02 00:28:36,487] {dag.py:2273} INFO - Setting next_dagrun for tutorial_taskflow_api_etl to None
[2021-04-02 00:28:36,498] {scheduler_job.py:190} INFO - Processing /Library/Frameworks/Python.framework/Versions/3.9/lib/python3.9/site-packages/airflow/example_dags/tutorial_taskflow_api_etl.py took 0.093 seconds
[2021-04-02 00:29:23,112] {scheduler_job.py:182} INFO - Started process (PID=9728) to work on /Library/Frameworks/Python.framework/Versions/3.9/lib/python3.9/site-packages/airflow/example_dags/tutorial_taskflow_api_etl.py
[2021-04-02 00:29:23,113] {scheduler_job.py:629} INFO - Processing file /Library/Frameworks/Python.framework/Versions/3.9/lib/python3.9/site-packages/airflow/example_dags/tutorial_taskflow_api_etl.py for tasks to queue
[2021-04-02 00:29:23,114] {logging_mixin.py:104} INFO - [2021-04-02 00:29:23,114] {dagbag.py:448} INFO - Filling up the DagBag from /Library/Frameworks/Python.framework/Versions/3.9/lib/python3.9/site-packages/airflow/example_dags/tutorial_taskflow_api_etl.py
[2021-04-02 00:29:23,125] {scheduler_job.py:639} INFO - DAG(s) dict_keys(['tutorial_taskflow_api_etl']) retrieved from /Library/Frameworks/Python.framework/Versions/3.9/lib/python3.9/site-packages/airflow/example_dags/tutorial_taskflow_api_etl.py
[2021-04-02 00:29:23,216] {logging_mixin.py:104} INFO - [2021-04-02 00:29:23,216] {dag.py:1818} INFO - Sync 1 DAGs
[2021-04-02 00:29:23,234] {logging_mixin.py:104} INFO - [2021-04-02 00:29:23,233] {dag.py:2273} INFO - Setting next_dagrun for tutorial_taskflow_api_etl to None
[2021-04-02 00:29:23,250] {scheduler_job.py:190} INFO - Processing /Library/Frameworks/Python.framework/Versions/3.9/lib/python3.9/site-packages/airflow/example_dags/tutorial_taskflow_api_etl.py took 0.140 seconds
[2021-04-02 00:30:34,933] {scheduler_job.py:182} INFO - Started process (PID=9763) to work on /Library/Frameworks/Python.framework/Versions/3.9/lib/python3.9/site-packages/airflow/example_dags/tutorial_taskflow_api_etl.py
[2021-04-02 00:30:34,935] {scheduler_job.py:629} INFO - Processing file /Library/Frameworks/Python.framework/Versions/3.9/lib/python3.9/site-packages/airflow/example_dags/tutorial_taskflow_api_etl.py for tasks to queue
[2021-04-02 00:30:34,935] {logging_mixin.py:104} INFO - [2021-04-02 00:30:34,935] {dagbag.py:448} INFO - Filling up the DagBag from /Library/Frameworks/Python.framework/Versions/3.9/lib/python3.9/site-packages/airflow/example_dags/tutorial_taskflow_api_etl.py
[2021-04-02 00:30:34,950] {scheduler_job.py:639} INFO - DAG(s) dict_keys(['tutorial_taskflow_api_etl']) retrieved from /Library/Frameworks/Python.framework/Versions/3.9/lib/python3.9/site-packages/airflow/example_dags/tutorial_taskflow_api_etl.py
[2021-04-02 00:30:35,009] {logging_mixin.py:104} INFO - [2021-04-02 00:30:35,009] {dag.py:1818} INFO - Sync 1 DAGs
[2021-04-02 00:30:35,021] {logging_mixin.py:104} INFO - [2021-04-02 00:30:35,021] {dag.py:2273} INFO - Setting next_dagrun for tutorial_taskflow_api_etl to None
[2021-04-02 00:30:35,034] {scheduler_job.py:190} INFO - Processing /Library/Frameworks/Python.framework/Versions/3.9/lib/python3.9/site-packages/airflow/example_dags/tutorial_taskflow_api_etl.py took 0.103 seconds
[2021-04-02 00:31:30,662] {scheduler_job.py:182} INFO - Started process (PID=9786) to work on /Library/Frameworks/Python.framework/Versions/3.9/lib/python3.9/site-packages/airflow/example_dags/tutorial_taskflow_api_etl.py
[2021-04-02 00:31:30,663] {scheduler_job.py:629} INFO - Processing file /Library/Frameworks/Python.framework/Versions/3.9/lib/python3.9/site-packages/airflow/example_dags/tutorial_taskflow_api_etl.py for tasks to queue
[2021-04-02 00:31:30,664] {logging_mixin.py:104} INFO - [2021-04-02 00:31:30,664] {dagbag.py:448} INFO - Filling up the DagBag from /Library/Frameworks/Python.framework/Versions/3.9/lib/python3.9/site-packages/airflow/example_dags/tutorial_taskflow_api_etl.py
[2021-04-02 00:31:30,684] {scheduler_job.py:639} INFO - DAG(s) dict_keys(['tutorial_taskflow_api_etl']) retrieved from /Library/Frameworks/Python.framework/Versions/3.9/lib/python3.9/site-packages/airflow/example_dags/tutorial_taskflow_api_etl.py
[2021-04-02 00:31:30,740] {logging_mixin.py:104} INFO - [2021-04-02 00:31:30,740] {dag.py:1818} INFO - Sync 1 DAGs
[2021-04-02 00:31:30,749] {logging_mixin.py:104} INFO - [2021-04-02 00:31:30,748] {dag.py:2273} INFO - Setting next_dagrun for tutorial_taskflow_api_etl to None
[2021-04-02 00:31:30,785] {scheduler_job.py:190} INFO - Processing /Library/Frameworks/Python.framework/Versions/3.9/lib/python3.9/site-packages/airflow/example_dags/tutorial_taskflow_api_etl.py took 0.123 seconds
[2021-04-02 00:32:18,644] {scheduler_job.py:182} INFO - Started process (PID=9825) to work on /Library/Frameworks/Python.framework/Versions/3.9/lib/python3.9/site-packages/airflow/example_dags/tutorial_taskflow_api_etl.py
[2021-04-02 00:32:18,646] {scheduler_job.py:629} INFO - Processing file /Library/Frameworks/Python.framework/Versions/3.9/lib/python3.9/site-packages/airflow/example_dags/tutorial_taskflow_api_etl.py for tasks to queue
[2021-04-02 00:32:18,646] {logging_mixin.py:104} INFO - [2021-04-02 00:32:18,646] {dagbag.py:448} INFO - Filling up the DagBag from /Library/Frameworks/Python.framework/Versions/3.9/lib/python3.9/site-packages/airflow/example_dags/tutorial_taskflow_api_etl.py
[2021-04-02 00:32:18,657] {scheduler_job.py:639} INFO - DAG(s) dict_keys(['tutorial_taskflow_api_etl']) retrieved from /Library/Frameworks/Python.framework/Versions/3.9/lib/python3.9/site-packages/airflow/example_dags/tutorial_taskflow_api_etl.py
[2021-04-02 00:32:18,705] {logging_mixin.py:104} INFO - [2021-04-02 00:32:18,704] {dag.py:1818} INFO - Sync 1 DAGs
[2021-04-02 00:32:18,716] {logging_mixin.py:104} INFO - [2021-04-02 00:32:18,716] {dag.py:2273} INFO - Setting next_dagrun for tutorial_taskflow_api_etl to None
[2021-04-02 00:32:18,728] {scheduler_job.py:190} INFO - Processing /Library/Frameworks/Python.framework/Versions/3.9/lib/python3.9/site-packages/airflow/example_dags/tutorial_taskflow_api_etl.py took 0.085 seconds
[2021-04-02 00:33:20,781] {scheduler_job.py:182} INFO - Started process (PID=9861) to work on /Library/Frameworks/Python.framework/Versions/3.9/lib/python3.9/site-packages/airflow/example_dags/tutorial_taskflow_api_etl.py
[2021-04-02 00:33:20,784] {scheduler_job.py:629} INFO - Processing file /Library/Frameworks/Python.framework/Versions/3.9/lib/python3.9/site-packages/airflow/example_dags/tutorial_taskflow_api_etl.py for tasks to queue
[2021-04-02 00:33:20,784] {logging_mixin.py:104} INFO - [2021-04-02 00:33:20,784] {dagbag.py:448} INFO - Filling up the DagBag from /Library/Frameworks/Python.framework/Versions/3.9/lib/python3.9/site-packages/airflow/example_dags/tutorial_taskflow_api_etl.py
[2021-04-02 00:33:20,811] {scheduler_job.py:639} INFO - DAG(s) dict_keys(['tutorial_taskflow_api_etl']) retrieved from /Library/Frameworks/Python.framework/Versions/3.9/lib/python3.9/site-packages/airflow/example_dags/tutorial_taskflow_api_etl.py
[2021-04-02 00:33:20,932] {logging_mixin.py:104} INFO - [2021-04-02 00:33:20,932] {dag.py:1818} INFO - Sync 1 DAGs
[2021-04-02 00:33:20,957] {logging_mixin.py:104} INFO - [2021-04-02 00:33:20,957] {dag.py:2273} INFO - Setting next_dagrun for tutorial_taskflow_api_etl to None
[2021-04-02 00:33:21,064] {scheduler_job.py:190} INFO - Processing /Library/Frameworks/Python.framework/Versions/3.9/lib/python3.9/site-packages/airflow/example_dags/tutorial_taskflow_api_etl.py took 0.284 seconds
[2021-04-02 00:34:57,972] {scheduler_job.py:182} INFO - Started process (PID=9959) to work on /Library/Frameworks/Python.framework/Versions/3.9/lib/python3.9/site-packages/airflow/example_dags/tutorial_taskflow_api_etl.py
[2021-04-02 00:34:57,973] {scheduler_job.py:629} INFO - Processing file /Library/Frameworks/Python.framework/Versions/3.9/lib/python3.9/site-packages/airflow/example_dags/tutorial_taskflow_api_etl.py for tasks to queue
[2021-04-02 00:34:57,974] {logging_mixin.py:104} INFO - [2021-04-02 00:34:57,974] {dagbag.py:448} INFO - Filling up the DagBag from /Library/Frameworks/Python.framework/Versions/3.9/lib/python3.9/site-packages/airflow/example_dags/tutorial_taskflow_api_etl.py
[2021-04-02 00:34:57,984] {scheduler_job.py:639} INFO - DAG(s) dict_keys(['tutorial_taskflow_api_etl']) retrieved from /Library/Frameworks/Python.framework/Versions/3.9/lib/python3.9/site-packages/airflow/example_dags/tutorial_taskflow_api_etl.py
[2021-04-02 00:34:58,022] {logging_mixin.py:104} INFO - [2021-04-02 00:34:58,022] {dag.py:1818} INFO - Sync 1 DAGs
[2021-04-02 00:34:58,031] {logging_mixin.py:104} INFO - [2021-04-02 00:34:58,031] {dag.py:2273} INFO - Setting next_dagrun for tutorial_taskflow_api_etl to None
[2021-04-02 00:34:58,041] {scheduler_job.py:190} INFO - Processing /Library/Frameworks/Python.framework/Versions/3.9/lib/python3.9/site-packages/airflow/example_dags/tutorial_taskflow_api_etl.py took 0.070 seconds
[2021-04-02 00:35:54,861] {scheduler_job.py:182} INFO - Started process (PID=10031) to work on /Library/Frameworks/Python.framework/Versions/3.9/lib/python3.9/site-packages/airflow/example_dags/tutorial_taskflow_api_etl.py
[2021-04-02 00:35:54,863] {scheduler_job.py:629} INFO - Processing file /Library/Frameworks/Python.framework/Versions/3.9/lib/python3.9/site-packages/airflow/example_dags/tutorial_taskflow_api_etl.py for tasks to queue
[2021-04-02 00:35:54,864] {logging_mixin.py:104} INFO - [2021-04-02 00:35:54,863] {dagbag.py:448} INFO - Filling up the DagBag from /Library/Frameworks/Python.framework/Versions/3.9/lib/python3.9/site-packages/airflow/example_dags/tutorial_taskflow_api_etl.py
[2021-04-02 00:35:54,882] {scheduler_job.py:639} INFO - DAG(s) dict_keys(['tutorial_taskflow_api_etl']) retrieved from /Library/Frameworks/Python.framework/Versions/3.9/lib/python3.9/site-packages/airflow/example_dags/tutorial_taskflow_api_etl.py
[2021-04-02 00:35:55,069] {logging_mixin.py:104} INFO - [2021-04-02 00:35:55,069] {dag.py:1818} INFO - Sync 1 DAGs
[2021-04-02 00:35:55,080] {logging_mixin.py:104} INFO - [2021-04-02 00:35:55,080] {dag.py:2273} INFO - Setting next_dagrun for tutorial_taskflow_api_etl to None
[2021-04-02 00:35:55,090] {scheduler_job.py:190} INFO - Processing /Library/Frameworks/Python.framework/Versions/3.9/lib/python3.9/site-packages/airflow/example_dags/tutorial_taskflow_api_etl.py took 0.230 seconds
[2021-04-02 00:36:48,113] {scheduler_job.py:182} INFO - Started process (PID=10062) to work on /Library/Frameworks/Python.framework/Versions/3.9/lib/python3.9/site-packages/airflow/example_dags/tutorial_taskflow_api_etl.py
[2021-04-02 00:36:48,115] {scheduler_job.py:629} INFO - Processing file /Library/Frameworks/Python.framework/Versions/3.9/lib/python3.9/site-packages/airflow/example_dags/tutorial_taskflow_api_etl.py for tasks to queue
[2021-04-02 00:36:48,115] {logging_mixin.py:104} INFO - [2021-04-02 00:36:48,115] {dagbag.py:448} INFO - Filling up the DagBag from /Library/Frameworks/Python.framework/Versions/3.9/lib/python3.9/site-packages/airflow/example_dags/tutorial_taskflow_api_etl.py
[2021-04-02 00:36:48,124] {scheduler_job.py:639} INFO - DAG(s) dict_keys(['tutorial_taskflow_api_etl']) retrieved from /Library/Frameworks/Python.framework/Versions/3.9/lib/python3.9/site-packages/airflow/example_dags/tutorial_taskflow_api_etl.py
[2021-04-02 00:36:48,160] {logging_mixin.py:104} INFO - [2021-04-02 00:36:48,160] {dag.py:1818} INFO - Sync 1 DAGs
[2021-04-02 00:36:48,167] {logging_mixin.py:104} INFO - [2021-04-02 00:36:48,167] {dag.py:2273} INFO - Setting next_dagrun for tutorial_taskflow_api_etl to None
[2021-04-02 00:36:48,177] {scheduler_job.py:190} INFO - Processing /Library/Frameworks/Python.framework/Versions/3.9/lib/python3.9/site-packages/airflow/example_dags/tutorial_taskflow_api_etl.py took 0.065 seconds
[2021-04-02 00:37:55,895] {scheduler_job.py:182} INFO - Started process (PID=10098) to work on /Library/Frameworks/Python.framework/Versions/3.9/lib/python3.9/site-packages/airflow/example_dags/tutorial_taskflow_api_etl.py
[2021-04-02 00:37:55,895] {scheduler_job.py:629} INFO - Processing file /Library/Frameworks/Python.framework/Versions/3.9/lib/python3.9/site-packages/airflow/example_dags/tutorial_taskflow_api_etl.py for tasks to queue
[2021-04-02 00:37:55,896] {logging_mixin.py:104} INFO - [2021-04-02 00:37:55,896] {dagbag.py:448} INFO - Filling up the DagBag from /Library/Frameworks/Python.framework/Versions/3.9/lib/python3.9/site-packages/airflow/example_dags/tutorial_taskflow_api_etl.py
[2021-04-02 00:37:55,905] {scheduler_job.py:639} INFO - DAG(s) dict_keys(['tutorial_taskflow_api_etl']) retrieved from /Library/Frameworks/Python.framework/Versions/3.9/lib/python3.9/site-packages/airflow/example_dags/tutorial_taskflow_api_etl.py
[2021-04-02 00:37:55,946] {logging_mixin.py:104} INFO - [2021-04-02 00:37:55,946] {dag.py:1818} INFO - Sync 1 DAGs
[2021-04-02 00:37:55,962] {logging_mixin.py:104} INFO - [2021-04-02 00:37:55,961] {dag.py:2273} INFO - Setting next_dagrun for tutorial_taskflow_api_etl to None
[2021-04-02 00:37:55,975] {scheduler_job.py:190} INFO - Processing /Library/Frameworks/Python.framework/Versions/3.9/lib/python3.9/site-packages/airflow/example_dags/tutorial_taskflow_api_etl.py took 0.080 seconds
[2021-04-02 00:39:09,148] {scheduler_job.py:182} INFO - Started process (PID=10133) to work on /Library/Frameworks/Python.framework/Versions/3.9/lib/python3.9/site-packages/airflow/example_dags/tutorial_taskflow_api_etl.py
[2021-04-02 00:39:09,149] {scheduler_job.py:629} INFO - Processing file /Library/Frameworks/Python.framework/Versions/3.9/lib/python3.9/site-packages/airflow/example_dags/tutorial_taskflow_api_etl.py for tasks to queue
[2021-04-02 00:39:09,149] {logging_mixin.py:104} INFO - [2021-04-02 00:39:09,149] {dagbag.py:448} INFO - Filling up the DagBag from /Library/Frameworks/Python.framework/Versions/3.9/lib/python3.9/site-packages/airflow/example_dags/tutorial_taskflow_api_etl.py
[2021-04-02 00:39:09,163] {scheduler_job.py:639} INFO - DAG(s) dict_keys(['tutorial_taskflow_api_etl']) retrieved from /Library/Frameworks/Python.framework/Versions/3.9/lib/python3.9/site-packages/airflow/example_dags/tutorial_taskflow_api_etl.py
[2021-04-02 00:39:09,232] {logging_mixin.py:104} INFO - [2021-04-02 00:39:09,231] {dag.py:1818} INFO - Sync 1 DAGs
[2021-04-02 00:39:09,258] {logging_mixin.py:104} INFO - [2021-04-02 00:39:09,258] {dag.py:2273} INFO - Setting next_dagrun for tutorial_taskflow_api_etl to None
[2021-04-02 00:39:09,294] {scheduler_job.py:190} INFO - Processing /Library/Frameworks/Python.framework/Versions/3.9/lib/python3.9/site-packages/airflow/example_dags/tutorial_taskflow_api_etl.py took 0.147 seconds
[2021-04-02 00:39:53,446] {scheduler_job.py:182} INFO - Started process (PID=10156) to work on /Library/Frameworks/Python.framework/Versions/3.9/lib/python3.9/site-packages/airflow/example_dags/tutorial_taskflow_api_etl.py
[2021-04-02 00:39:53,446] {scheduler_job.py:629} INFO - Processing file /Library/Frameworks/Python.framework/Versions/3.9/lib/python3.9/site-packages/airflow/example_dags/tutorial_taskflow_api_etl.py for tasks to queue
[2021-04-02 00:39:53,447] {logging_mixin.py:104} INFO - [2021-04-02 00:39:53,447] {dagbag.py:448} INFO - Filling up the DagBag from /Library/Frameworks/Python.framework/Versions/3.9/lib/python3.9/site-packages/airflow/example_dags/tutorial_taskflow_api_etl.py
[2021-04-02 00:39:53,455] {scheduler_job.py:639} INFO - DAG(s) dict_keys(['tutorial_taskflow_api_etl']) retrieved from /Library/Frameworks/Python.framework/Versions/3.9/lib/python3.9/site-packages/airflow/example_dags/tutorial_taskflow_api_etl.py
[2021-04-02 00:39:53,491] {logging_mixin.py:104} INFO - [2021-04-02 00:39:53,491] {dag.py:1818} INFO - Sync 1 DAGs
[2021-04-02 00:39:53,498] {logging_mixin.py:104} INFO - [2021-04-02 00:39:53,498] {dag.py:2273} INFO - Setting next_dagrun for tutorial_taskflow_api_etl to None
[2021-04-02 00:39:53,508] {scheduler_job.py:190} INFO - Processing /Library/Frameworks/Python.framework/Versions/3.9/lib/python3.9/site-packages/airflow/example_dags/tutorial_taskflow_api_etl.py took 0.063 seconds
[2021-04-02 00:41:12,382] {scheduler_job.py:182} INFO - Started process (PID=10222) to work on /Library/Frameworks/Python.framework/Versions/3.9/lib/python3.9/site-packages/airflow/example_dags/tutorial_taskflow_api_etl.py
[2021-04-02 00:41:12,384] {scheduler_job.py:629} INFO - Processing file /Library/Frameworks/Python.framework/Versions/3.9/lib/python3.9/site-packages/airflow/example_dags/tutorial_taskflow_api_etl.py for tasks to queue
[2021-04-02 00:41:12,384] {logging_mixin.py:104} INFO - [2021-04-02 00:41:12,384] {dagbag.py:448} INFO - Filling up the DagBag from /Library/Frameworks/Python.framework/Versions/3.9/lib/python3.9/site-packages/airflow/example_dags/tutorial_taskflow_api_etl.py
[2021-04-02 00:41:12,394] {scheduler_job.py:639} INFO - DAG(s) dict_keys(['tutorial_taskflow_api_etl']) retrieved from /Library/Frameworks/Python.framework/Versions/3.9/lib/python3.9/site-packages/airflow/example_dags/tutorial_taskflow_api_etl.py
[2021-04-02 00:41:12,451] {logging_mixin.py:104} INFO - [2021-04-02 00:41:12,451] {dag.py:1818} INFO - Sync 1 DAGs
[2021-04-02 00:41:12,465] {logging_mixin.py:104} INFO - [2021-04-02 00:41:12,465] {dag.py:2273} INFO - Setting next_dagrun for tutorial_taskflow_api_etl to None
[2021-04-02 00:41:12,478] {scheduler_job.py:190} INFO - Processing /Library/Frameworks/Python.framework/Versions/3.9/lib/python3.9/site-packages/airflow/example_dags/tutorial_taskflow_api_etl.py took 0.097 seconds
[2021-04-02 00:42:05,788] {scheduler_job.py:182} INFO - Started process (PID=10252) to work on /Library/Frameworks/Python.framework/Versions/3.9/lib/python3.9/site-packages/airflow/example_dags/tutorial_taskflow_api_etl.py
[2021-04-02 00:42:05,790] {scheduler_job.py:629} INFO - Processing file /Library/Frameworks/Python.framework/Versions/3.9/lib/python3.9/site-packages/airflow/example_dags/tutorial_taskflow_api_etl.py for tasks to queue
[2021-04-02 00:42:05,791] {logging_mixin.py:104} INFO - [2021-04-02 00:42:05,790] {dagbag.py:448} INFO - Filling up the DagBag from /Library/Frameworks/Python.framework/Versions/3.9/lib/python3.9/site-packages/airflow/example_dags/tutorial_taskflow_api_etl.py
[2021-04-02 00:42:05,800] {scheduler_job.py:639} INFO - DAG(s) dict_keys(['tutorial_taskflow_api_etl']) retrieved from /Library/Frameworks/Python.framework/Versions/3.9/lib/python3.9/site-packages/airflow/example_dags/tutorial_taskflow_api_etl.py
[2021-04-02 00:42:05,839] {logging_mixin.py:104} INFO - [2021-04-02 00:42:05,839] {dag.py:1818} INFO - Sync 1 DAGs
[2021-04-02 00:42:05,847] {logging_mixin.py:104} INFO - [2021-04-02 00:42:05,847] {dag.py:2273} INFO - Setting next_dagrun for tutorial_taskflow_api_etl to None
[2021-04-02 00:42:05,857] {scheduler_job.py:190} INFO - Processing /Library/Frameworks/Python.framework/Versions/3.9/lib/python3.9/site-packages/airflow/example_dags/tutorial_taskflow_api_etl.py took 0.069 seconds
[2021-04-02 00:42:47,328] {scheduler_job.py:182} INFO - Started process (PID=10278) to work on /Library/Frameworks/Python.framework/Versions/3.9/lib/python3.9/site-packages/airflow/example_dags/tutorial_taskflow_api_etl.py
[2021-04-02 00:42:47,328] {scheduler_job.py:629} INFO - Processing file /Library/Frameworks/Python.framework/Versions/3.9/lib/python3.9/site-packages/airflow/example_dags/tutorial_taskflow_api_etl.py for tasks to queue
[2021-04-02 00:42:47,329] {logging_mixin.py:104} INFO - [2021-04-02 00:42:47,329] {dagbag.py:448} INFO - Filling up the DagBag from /Library/Frameworks/Python.framework/Versions/3.9/lib/python3.9/site-packages/airflow/example_dags/tutorial_taskflow_api_etl.py
[2021-04-02 00:42:47,338] {scheduler_job.py:639} INFO - DAG(s) dict_keys(['tutorial_taskflow_api_etl']) retrieved from /Library/Frameworks/Python.framework/Versions/3.9/lib/python3.9/site-packages/airflow/example_dags/tutorial_taskflow_api_etl.py
[2021-04-02 00:42:47,376] {logging_mixin.py:104} INFO - [2021-04-02 00:42:47,376] {dag.py:1818} INFO - Sync 1 DAGs
[2021-04-02 00:42:47,385] {logging_mixin.py:104} INFO - [2021-04-02 00:42:47,385] {dag.py:2273} INFO - Setting next_dagrun for tutorial_taskflow_api_etl to None
[2021-04-02 00:42:47,394] {scheduler_job.py:190} INFO - Processing /Library/Frameworks/Python.framework/Versions/3.9/lib/python3.9/site-packages/airflow/example_dags/tutorial_taskflow_api_etl.py took 0.067 seconds
[2021-04-02 00:43:59,333] {scheduler_job.py:182} INFO - Started process (PID=10329) to work on /Library/Frameworks/Python.framework/Versions/3.9/lib/python3.9/site-packages/airflow/example_dags/tutorial_taskflow_api_etl.py
[2021-04-02 00:43:59,336] {scheduler_job.py:629} INFO - Processing file /Library/Frameworks/Python.framework/Versions/3.9/lib/python3.9/site-packages/airflow/example_dags/tutorial_taskflow_api_etl.py for tasks to queue
[2021-04-02 00:43:59,337] {logging_mixin.py:104} INFO - [2021-04-02 00:43:59,337] {dagbag.py:448} INFO - Filling up the DagBag from /Library/Frameworks/Python.framework/Versions/3.9/lib/python3.9/site-packages/airflow/example_dags/tutorial_taskflow_api_etl.py
[2021-04-02 00:43:59,432] {scheduler_job.py:639} INFO - DAG(s) dict_keys(['tutorial_taskflow_api_etl']) retrieved from /Library/Frameworks/Python.framework/Versions/3.9/lib/python3.9/site-packages/airflow/example_dags/tutorial_taskflow_api_etl.py
[2021-04-02 00:43:59,755] {logging_mixin.py:104} INFO - [2021-04-02 00:43:59,755] {dag.py:1818} INFO - Sync 1 DAGs
[2021-04-02 00:43:59,770] {logging_mixin.py:104} INFO - [2021-04-02 00:43:59,770] {dag.py:2273} INFO - Setting next_dagrun for tutorial_taskflow_api_etl to None
[2021-04-02 00:43:59,782] {scheduler_job.py:190} INFO - Processing /Library/Frameworks/Python.framework/Versions/3.9/lib/python3.9/site-packages/airflow/example_dags/tutorial_taskflow_api_etl.py took 0.450 seconds
[2021-04-02 00:44:57,349] {scheduler_job.py:182} INFO - Started process (PID=10363) to work on /Library/Frameworks/Python.framework/Versions/3.9/lib/python3.9/site-packages/airflow/example_dags/tutorial_taskflow_api_etl.py
[2021-04-02 00:44:57,351] {scheduler_job.py:629} INFO - Processing file /Library/Frameworks/Python.framework/Versions/3.9/lib/python3.9/site-packages/airflow/example_dags/tutorial_taskflow_api_etl.py for tasks to queue
[2021-04-02 00:44:57,351] {logging_mixin.py:104} INFO - [2021-04-02 00:44:57,351] {dagbag.py:448} INFO - Filling up the DagBag from /Library/Frameworks/Python.framework/Versions/3.9/lib/python3.9/site-packages/airflow/example_dags/tutorial_taskflow_api_etl.py
[2021-04-02 00:44:57,432] {scheduler_job.py:639} INFO - DAG(s) dict_keys(['tutorial_taskflow_api_etl']) retrieved from /Library/Frameworks/Python.framework/Versions/3.9/lib/python3.9/site-packages/airflow/example_dags/tutorial_taskflow_api_etl.py
[2021-04-02 00:44:57,852] {logging_mixin.py:104} INFO - [2021-04-02 00:44:57,829] {dag.py:1818} INFO - Sync 1 DAGs
[2021-04-02 00:44:57,884] {logging_mixin.py:104} INFO - [2021-04-02 00:44:57,884] {dag.py:2273} INFO - Setting next_dagrun for tutorial_taskflow_api_etl to None
[2021-04-02 00:44:57,984] {scheduler_job.py:190} INFO - Processing /Library/Frameworks/Python.framework/Versions/3.9/lib/python3.9/site-packages/airflow/example_dags/tutorial_taskflow_api_etl.py took 0.636 seconds
[2021-04-02 00:46:09,164] {scheduler_job.py:182} INFO - Started process (PID=10441) to work on /Library/Frameworks/Python.framework/Versions/3.9/lib/python3.9/site-packages/airflow/example_dags/tutorial_taskflow_api_etl.py
[2021-04-02 00:46:09,166] {scheduler_job.py:629} INFO - Processing file /Library/Frameworks/Python.framework/Versions/3.9/lib/python3.9/site-packages/airflow/example_dags/tutorial_taskflow_api_etl.py for tasks to queue
[2021-04-02 00:46:09,166] {logging_mixin.py:104} INFO - [2021-04-02 00:46:09,166] {dagbag.py:448} INFO - Filling up the DagBag from /Library/Frameworks/Python.framework/Versions/3.9/lib/python3.9/site-packages/airflow/example_dags/tutorial_taskflow_api_etl.py
[2021-04-02 00:46:09,181] {scheduler_job.py:639} INFO - DAG(s) dict_keys(['tutorial_taskflow_api_etl']) retrieved from /Library/Frameworks/Python.framework/Versions/3.9/lib/python3.9/site-packages/airflow/example_dags/tutorial_taskflow_api_etl.py
[2021-04-02 00:46:09,253] {logging_mixin.py:104} INFO - [2021-04-02 00:46:09,253] {dag.py:1818} INFO - Sync 1 DAGs
[2021-04-02 00:46:09,271] {logging_mixin.py:104} INFO - [2021-04-02 00:46:09,271] {dag.py:2273} INFO - Setting next_dagrun for tutorial_taskflow_api_etl to None
[2021-04-02 00:46:09,284] {scheduler_job.py:190} INFO - Processing /Library/Frameworks/Python.framework/Versions/3.9/lib/python3.9/site-packages/airflow/example_dags/tutorial_taskflow_api_etl.py took 0.121 seconds
[2021-04-02 00:47:11,075] {scheduler_job.py:182} INFO - Started process (PID=10472) to work on /Library/Frameworks/Python.framework/Versions/3.9/lib/python3.9/site-packages/airflow/example_dags/tutorial_taskflow_api_etl.py
[2021-04-02 00:47:11,077] {scheduler_job.py:629} INFO - Processing file /Library/Frameworks/Python.framework/Versions/3.9/lib/python3.9/site-packages/airflow/example_dags/tutorial_taskflow_api_etl.py for tasks to queue
[2021-04-02 00:47:11,077] {logging_mixin.py:104} INFO - [2021-04-02 00:47:11,077] {dagbag.py:448} INFO - Filling up the DagBag from /Library/Frameworks/Python.framework/Versions/3.9/lib/python3.9/site-packages/airflow/example_dags/tutorial_taskflow_api_etl.py
[2021-04-02 00:47:11,088] {scheduler_job.py:639} INFO - DAG(s) dict_keys(['tutorial_taskflow_api_etl']) retrieved from /Library/Frameworks/Python.framework/Versions/3.9/lib/python3.9/site-packages/airflow/example_dags/tutorial_taskflow_api_etl.py
[2021-04-02 00:47:11,127] {logging_mixin.py:104} INFO - [2021-04-02 00:47:11,127] {dag.py:1818} INFO - Sync 1 DAGs
[2021-04-02 00:47:11,144] {logging_mixin.py:104} INFO - [2021-04-02 00:47:11,144] {dag.py:2273} INFO - Setting next_dagrun for tutorial_taskflow_api_etl to None
[2021-04-02 00:47:11,155] {scheduler_job.py:190} INFO - Processing /Library/Frameworks/Python.framework/Versions/3.9/lib/python3.9/site-packages/airflow/example_dags/tutorial_taskflow_api_etl.py took 0.080 seconds
[2021-04-02 00:48:03,784] {scheduler_job.py:182} INFO - Started process (PID=10494) to work on /Library/Frameworks/Python.framework/Versions/3.9/lib/python3.9/site-packages/airflow/example_dags/tutorial_taskflow_api_etl.py
[2021-04-02 00:48:03,788] {scheduler_job.py:629} INFO - Processing file /Library/Frameworks/Python.framework/Versions/3.9/lib/python3.9/site-packages/airflow/example_dags/tutorial_taskflow_api_etl.py for tasks to queue
[2021-04-02 00:48:03,794] {logging_mixin.py:104} INFO - [2021-04-02 00:48:03,793] {dagbag.py:448} INFO - Filling up the DagBag from /Library/Frameworks/Python.framework/Versions/3.9/lib/python3.9/site-packages/airflow/example_dags/tutorial_taskflow_api_etl.py
[2021-04-02 00:48:03,878] {scheduler_job.py:639} INFO - DAG(s) dict_keys(['tutorial_taskflow_api_etl']) retrieved from /Library/Frameworks/Python.framework/Versions/3.9/lib/python3.9/site-packages/airflow/example_dags/tutorial_taskflow_api_etl.py
[2021-04-02 00:48:04,046] {logging_mixin.py:104} INFO - [2021-04-02 00:48:04,046] {dag.py:1818} INFO - Sync 1 DAGs
[2021-04-02 00:48:04,059] {logging_mixin.py:104} INFO - [2021-04-02 00:48:04,059] {dag.py:2273} INFO - Setting next_dagrun for tutorial_taskflow_api_etl to None
[2021-04-02 00:48:04,070] {scheduler_job.py:190} INFO - Processing /Library/Frameworks/Python.framework/Versions/3.9/lib/python3.9/site-packages/airflow/example_dags/tutorial_taskflow_api_etl.py took 0.288 seconds
[2021-04-02 00:49:05,107] {scheduler_job.py:182} INFO - Started process (PID=10518) to work on /Library/Frameworks/Python.framework/Versions/3.9/lib/python3.9/site-packages/airflow/example_dags/tutorial_taskflow_api_etl.py
[2021-04-02 00:49:05,107] {scheduler_job.py:629} INFO - Processing file /Library/Frameworks/Python.framework/Versions/3.9/lib/python3.9/site-packages/airflow/example_dags/tutorial_taskflow_api_etl.py for tasks to queue
[2021-04-02 00:49:05,108] {logging_mixin.py:104} INFO - [2021-04-02 00:49:05,108] {dagbag.py:448} INFO - Filling up the DagBag from /Library/Frameworks/Python.framework/Versions/3.9/lib/python3.9/site-packages/airflow/example_dags/tutorial_taskflow_api_etl.py
[2021-04-02 00:49:05,117] {scheduler_job.py:639} INFO - DAG(s) dict_keys(['tutorial_taskflow_api_etl']) retrieved from /Library/Frameworks/Python.framework/Versions/3.9/lib/python3.9/site-packages/airflow/example_dags/tutorial_taskflow_api_etl.py
[2021-04-02 00:49:05,154] {logging_mixin.py:104} INFO - [2021-04-02 00:49:05,153] {dag.py:1818} INFO - Sync 1 DAGs
[2021-04-02 00:49:05,162] {logging_mixin.py:104} INFO - [2021-04-02 00:49:05,162] {dag.py:2273} INFO - Setting next_dagrun for tutorial_taskflow_api_etl to None
[2021-04-02 00:49:05,172] {scheduler_job.py:190} INFO - Processing /Library/Frameworks/Python.framework/Versions/3.9/lib/python3.9/site-packages/airflow/example_dags/tutorial_taskflow_api_etl.py took 0.066 seconds
[2021-04-02 00:50:01,052] {scheduler_job.py:182} INFO - Started process (PID=10543) to work on /Library/Frameworks/Python.framework/Versions/3.9/lib/python3.9/site-packages/airflow/example_dags/tutorial_taskflow_api_etl.py
[2021-04-02 00:50:01,054] {scheduler_job.py:629} INFO - Processing file /Library/Frameworks/Python.framework/Versions/3.9/lib/python3.9/site-packages/airflow/example_dags/tutorial_taskflow_api_etl.py for tasks to queue
[2021-04-02 00:50:01,054] {logging_mixin.py:104} INFO - [2021-04-02 00:50:01,054] {dagbag.py:448} INFO - Filling up the DagBag from /Library/Frameworks/Python.framework/Versions/3.9/lib/python3.9/site-packages/airflow/example_dags/tutorial_taskflow_api_etl.py
[2021-04-02 00:50:01,063] {scheduler_job.py:639} INFO - DAG(s) dict_keys(['tutorial_taskflow_api_etl']) retrieved from /Library/Frameworks/Python.framework/Versions/3.9/lib/python3.9/site-packages/airflow/example_dags/tutorial_taskflow_api_etl.py
[2021-04-02 00:50:01,104] {logging_mixin.py:104} INFO - [2021-04-02 00:50:01,104] {dag.py:1818} INFO - Sync 1 DAGs
[2021-04-02 00:50:01,119] {logging_mixin.py:104} INFO - [2021-04-02 00:50:01,118] {dag.py:2273} INFO - Setting next_dagrun for tutorial_taskflow_api_etl to None
[2021-04-02 00:50:01,139] {scheduler_job.py:190} INFO - Processing /Library/Frameworks/Python.framework/Versions/3.9/lib/python3.9/site-packages/airflow/example_dags/tutorial_taskflow_api_etl.py took 0.087 seconds
[2021-04-02 00:50:49,049] {scheduler_job.py:182} INFO - Started process (PID=10568) to work on /Library/Frameworks/Python.framework/Versions/3.9/lib/python3.9/site-packages/airflow/example_dags/tutorial_taskflow_api_etl.py
[2021-04-02 00:50:49,055] {scheduler_job.py:629} INFO - Processing file /Library/Frameworks/Python.framework/Versions/3.9/lib/python3.9/site-packages/airflow/example_dags/tutorial_taskflow_api_etl.py for tasks to queue
[2021-04-02 00:50:49,056] {logging_mixin.py:104} INFO - [2021-04-02 00:50:49,056] {dagbag.py:448} INFO - Filling up the DagBag from /Library/Frameworks/Python.framework/Versions/3.9/lib/python3.9/site-packages/airflow/example_dags/tutorial_taskflow_api_etl.py
[2021-04-02 00:50:49,078] {scheduler_job.py:639} INFO - DAG(s) dict_keys(['tutorial_taskflow_api_etl']) retrieved from /Library/Frameworks/Python.framework/Versions/3.9/lib/python3.9/site-packages/airflow/example_dags/tutorial_taskflow_api_etl.py
[2021-04-02 00:50:49,206] {logging_mixin.py:104} INFO - [2021-04-02 00:50:49,206] {dag.py:1818} INFO - Sync 1 DAGs
[2021-04-02 00:50:49,235] {logging_mixin.py:104} INFO - [2021-04-02 00:50:49,234] {dag.py:2273} INFO - Setting next_dagrun for tutorial_taskflow_api_etl to None
[2021-04-02 00:50:49,257] {scheduler_job.py:190} INFO - Processing /Library/Frameworks/Python.framework/Versions/3.9/lib/python3.9/site-packages/airflow/example_dags/tutorial_taskflow_api_etl.py took 0.214 seconds
[2021-04-02 00:51:45,446] {scheduler_job.py:182} INFO - Started process (PID=10594) to work on /Library/Frameworks/Python.framework/Versions/3.9/lib/python3.9/site-packages/airflow/example_dags/tutorial_taskflow_api_etl.py
[2021-04-02 00:51:45,448] {scheduler_job.py:629} INFO - Processing file /Library/Frameworks/Python.framework/Versions/3.9/lib/python3.9/site-packages/airflow/example_dags/tutorial_taskflow_api_etl.py for tasks to queue
[2021-04-02 00:51:45,448] {logging_mixin.py:104} INFO - [2021-04-02 00:51:45,448] {dagbag.py:448} INFO - Filling up the DagBag from /Library/Frameworks/Python.framework/Versions/3.9/lib/python3.9/site-packages/airflow/example_dags/tutorial_taskflow_api_etl.py
[2021-04-02 00:51:45,457] {scheduler_job.py:639} INFO - DAG(s) dict_keys(['tutorial_taskflow_api_etl']) retrieved from /Library/Frameworks/Python.framework/Versions/3.9/lib/python3.9/site-packages/airflow/example_dags/tutorial_taskflow_api_etl.py
[2021-04-02 00:51:45,494] {logging_mixin.py:104} INFO - [2021-04-02 00:51:45,494] {dag.py:1818} INFO - Sync 1 DAGs
[2021-04-02 00:51:45,502] {logging_mixin.py:104} INFO - [2021-04-02 00:51:45,502] {dag.py:2273} INFO - Setting next_dagrun for tutorial_taskflow_api_etl to None
[2021-04-02 00:51:45,511] {scheduler_job.py:190} INFO - Processing /Library/Frameworks/Python.framework/Versions/3.9/lib/python3.9/site-packages/airflow/example_dags/tutorial_taskflow_api_etl.py took 0.065 seconds
[2021-04-02 00:52:50,020] {scheduler_job.py:182} INFO - Started process (PID=10627) to work on /Library/Frameworks/Python.framework/Versions/3.9/lib/python3.9/site-packages/airflow/example_dags/tutorial_taskflow_api_etl.py
[2021-04-02 00:52:50,022] {scheduler_job.py:629} INFO - Processing file /Library/Frameworks/Python.framework/Versions/3.9/lib/python3.9/site-packages/airflow/example_dags/tutorial_taskflow_api_etl.py for tasks to queue
[2021-04-02 00:52:50,022] {logging_mixin.py:104} INFO - [2021-04-02 00:52:50,022] {dagbag.py:448} INFO - Filling up the DagBag from /Library/Frameworks/Python.framework/Versions/3.9/lib/python3.9/site-packages/airflow/example_dags/tutorial_taskflow_api_etl.py
[2021-04-02 00:52:50,032] {scheduler_job.py:639} INFO - DAG(s) dict_keys(['tutorial_taskflow_api_etl']) retrieved from /Library/Frameworks/Python.framework/Versions/3.9/lib/python3.9/site-packages/airflow/example_dags/tutorial_taskflow_api_etl.py
[2021-04-02 00:52:50,069] {logging_mixin.py:104} INFO - [2021-04-02 00:52:50,069] {dag.py:1818} INFO - Sync 1 DAGs
[2021-04-02 00:52:50,077] {logging_mixin.py:104} INFO - [2021-04-02 00:52:50,077] {dag.py:2273} INFO - Setting next_dagrun for tutorial_taskflow_api_etl to None
[2021-04-02 00:52:50,087] {scheduler_job.py:190} INFO - Processing /Library/Frameworks/Python.framework/Versions/3.9/lib/python3.9/site-packages/airflow/example_dags/tutorial_taskflow_api_etl.py took 0.067 seconds
[2021-04-02 00:53:33,086] {scheduler_job.py:182} INFO - Started process (PID=10664) to work on /Library/Frameworks/Python.framework/Versions/3.9/lib/python3.9/site-packages/airflow/example_dags/tutorial_taskflow_api_etl.py
[2021-04-02 00:53:33,088] {scheduler_job.py:629} INFO - Processing file /Library/Frameworks/Python.framework/Versions/3.9/lib/python3.9/site-packages/airflow/example_dags/tutorial_taskflow_api_etl.py for tasks to queue
[2021-04-02 00:53:33,088] {logging_mixin.py:104} INFO - [2021-04-02 00:53:33,088] {dagbag.py:448} INFO - Filling up the DagBag from /Library/Frameworks/Python.framework/Versions/3.9/lib/python3.9/site-packages/airflow/example_dags/tutorial_taskflow_api_etl.py
[2021-04-02 00:53:33,097] {scheduler_job.py:639} INFO - DAG(s) dict_keys(['tutorial_taskflow_api_etl']) retrieved from /Library/Frameworks/Python.framework/Versions/3.9/lib/python3.9/site-packages/airflow/example_dags/tutorial_taskflow_api_etl.py
[2021-04-02 00:53:33,137] {logging_mixin.py:104} INFO - [2021-04-02 00:53:33,137] {dag.py:1818} INFO - Sync 1 DAGs
[2021-04-02 00:53:33,145] {logging_mixin.py:104} INFO - [2021-04-02 00:53:33,144] {dag.py:2273} INFO - Setting next_dagrun for tutorial_taskflow_api_etl to None
[2021-04-02 00:53:33,154] {scheduler_job.py:190} INFO - Processing /Library/Frameworks/Python.framework/Versions/3.9/lib/python3.9/site-packages/airflow/example_dags/tutorial_taskflow_api_etl.py took 0.068 seconds
