[2021-03-25 14:23:38,915] {taskinstance.py:851} INFO - Dependencies all met for <TaskInstance: EDGAR-Inference-Pipeline.DownloadDataFromCloud 2021-03-25T21:23:27.575703+00:00 [queued]>
[2021-03-25 14:23:38,925] {taskinstance.py:851} INFO - Dependencies all met for <TaskInstance: EDGAR-Inference-Pipeline.DownloadDataFromCloud 2021-03-25T21:23:27.575703+00:00 [queued]>
[2021-03-25 14:23:38,926] {taskinstance.py:1042} INFO - 
--------------------------------------------------------------------------------
[2021-03-25 14:23:38,926] {taskinstance.py:1043} INFO - Starting attempt 1 of 1
[2021-03-25 14:23:38,926] {taskinstance.py:1044} INFO - 
--------------------------------------------------------------------------------
[2021-03-25 14:23:38,935] {taskinstance.py:1063} INFO - Executing <Task(PythonOperator): DownloadDataFromCloud> on 2021-03-25T21:23:27.575703+00:00
[2021-03-25 14:23:38,938] {standard_task_runner.py:52} INFO - Started process 3192 to run task
[2021-03-25 14:23:38,947] {standard_task_runner.py:76} INFO - Running: ['airflow', 'tasks', 'run', 'EDGAR-Inference-Pipeline', 'DownloadDataFromCloud', '2021-03-25T21:23:27.575703+00:00', '--job-id', '10', '--pool', 'default_pool', '--raw', '--subdir', 'DAGS_FOLDER/edgar_inference.py', '--cfg-path', '/var/folders/_j/s8vbc0cs1fvgclq8hnvtq1wm0000gn/T/tmpd01ylfqb', '--error-file', '/var/folders/_j/s8vbc0cs1fvgclq8hnvtq1wm0000gn/T/tmpsueji4bg']
[2021-03-25 14:23:38,949] {standard_task_runner.py:77} INFO - Job 10: Subtask DownloadDataFromCloud
[2021-03-25 14:23:39,005] {logging_mixin.py:104} INFO - Running <TaskInstance: EDGAR-Inference-Pipeline.DownloadDataFromCloud 2021-03-25T21:23:27.575703+00:00 [running]> on host prathyushas-mbp.home
[2021-03-25 14:23:39,045] {taskinstance.py:1257} INFO - Exporting the following env vars:
AIRFLOW_CTX_DAG_OWNER=airflow
AIRFLOW_CTX_DAG_ID=EDGAR-Inference-Pipeline
AIRFLOW_CTX_TASK_ID=DownloadDataFromCloud
AIRFLOW_CTX_EXECUTION_DATE=2021-03-25T21:23:27.575703+00:00
AIRFLOW_CTX_DAG_RUN_ID=manual__2021-03-25T21:23:27.575703+00:00
[2021-03-25 14:23:39,093] {logging_mixin.py:104} INFO - /Users/prathyusha/Desktop/pranathi/CSYE7245-Spring2021-Labs/transcript-simulated-api/edgar_download
[2021-03-25 14:23:39,100] {logging_mixin.py:104} INFO - /Users/prathyusha/Desktop/pranathi/CSYE7245-Spring2021-Labs/transcript-simulated-api/edgar_download
[2021-03-25 14:23:39,107] {logging_mixin.py:104} INFO - /Users/prathyusha/Desktop/pranathi/CSYE7245-Spring2021-Labs/transcript-simulated-api/edgar_download
[2021-03-25 14:23:39,113] {logging_mixin.py:104} INFO - /Users/prathyusha/Desktop/pranathi/CSYE7245-Spring2021-Labs/transcript-simulated-api/edgar_download
[2021-03-25 14:23:39,118] {logging_mixin.py:104} INFO - /Users/prathyusha/Desktop/pranathi/CSYE7245-Spring2021-Labs/transcript-simulated-api/edgar_download
[2021-03-25 14:23:39,124] {logging_mixin.py:104} INFO - /Users/prathyusha/Desktop/pranathi/CSYE7245-Spring2021-Labs/transcript-simulated-api/edgar_download
[2021-03-25 14:23:39,132] {logging_mixin.py:104} INFO - /Users/prathyusha/Desktop/pranathi/CSYE7245-Spring2021-Labs/transcript-simulated-api/edgar_download
[2021-03-25 14:23:39,140] {logging_mixin.py:104} INFO - /Users/prathyusha/Desktop/pranathi/CSYE7245-Spring2021-Labs/transcript-simulated-api/edgar_download
[2021-03-25 14:23:39,141] {python.py:118} INFO - Done. Returned value was: None
[2021-03-25 14:23:39,146] {taskinstance.py:1166} INFO - Marking task as SUCCESS. dag_id=EDGAR-Inference-Pipeline, task_id=DownloadDataFromCloud, execution_date=20210325T212327, start_date=20210325T212338, end_date=20210325T212339
[2021-03-25 14:23:39,164] {taskinstance.py:1220} INFO - 1 downstream tasks scheduled from follow-on schedule check
[2021-03-25 14:23:39,185] {local_task_job.py:146} INFO - Task exited with return code 0
