[2021-03-17 18:51:50,446] {scheduler_job.py:182} INFO - Started process (PID=26442) to work on /Users/harika/Desktop/CSYE_7245/Labs/airflow_tfx_lab/vlab/lib/python3.7/site-packages/airflow/example_dags/example_xcom.py
[2021-03-17 18:51:50,449] {scheduler_job.py:629} INFO - Processing file /Users/harika/Desktop/CSYE_7245/Labs/airflow_tfx_lab/vlab/lib/python3.7/site-packages/airflow/example_dags/example_xcom.py for tasks to queue
[2021-03-17 18:51:50,452] {logging_mixin.py:104} INFO - [2021-03-17 18:51:50,451] {dagbag.py:448} INFO - Filling up the DagBag from /Users/harika/Desktop/CSYE_7245/Labs/airflow_tfx_lab/vlab/lib/python3.7/site-packages/airflow/example_dags/example_xcom.py
[2021-03-17 18:51:50,480] {scheduler_job.py:639} INFO - DAG(s) dict_keys(['example_xcom']) retrieved from /Users/harika/Desktop/CSYE_7245/Labs/airflow_tfx_lab/vlab/lib/python3.7/site-packages/airflow/example_dags/example_xcom.py
[2021-03-17 18:51:50,511] {logging_mixin.py:104} INFO - [2021-03-17 18:51:50,510] {dag.py:1818} INFO - Sync 1 DAGs
[2021-03-17 18:51:50,810] {logging_mixin.py:104} INFO - [2021-03-17 18:51:50,809] {dag.py:2273} INFO - Setting next_dagrun for example_xcom to 2021-03-15 00:00:00+00:00
[2021-03-17 18:51:50,885] {scheduler_job.py:190} INFO - Processing /Users/harika/Desktop/CSYE_7245/Labs/airflow_tfx_lab/vlab/lib/python3.7/site-packages/airflow/example_dags/example_xcom.py took 0.444 seconds
[2021-03-17 18:55:45,889] {scheduler_job.py:182} INFO - Started process (PID=26750) to work on /Users/harika/Desktop/CSYE_7245/Labs/airflow_tfx_lab/vlab/lib/python3.7/site-packages/airflow/example_dags/example_xcom.py
[2021-03-17 18:55:45,893] {scheduler_job.py:629} INFO - Processing file /Users/harika/Desktop/CSYE_7245/Labs/airflow_tfx_lab/vlab/lib/python3.7/site-packages/airflow/example_dags/example_xcom.py for tasks to queue
[2021-03-17 18:55:45,896] {logging_mixin.py:104} INFO - [2021-03-17 18:55:45,895] {dagbag.py:448} INFO - Filling up the DagBag from /Users/harika/Desktop/CSYE_7245/Labs/airflow_tfx_lab/vlab/lib/python3.7/site-packages/airflow/example_dags/example_xcom.py
[2021-03-17 18:55:45,912] {scheduler_job.py:639} INFO - DAG(s) dict_keys(['example_xcom']) retrieved from /Users/harika/Desktop/CSYE_7245/Labs/airflow_tfx_lab/vlab/lib/python3.7/site-packages/airflow/example_dags/example_xcom.py
[2021-03-17 18:55:45,951] {logging_mixin.py:104} INFO - [2021-03-17 18:55:45,951] {dag.py:1818} INFO - Sync 1 DAGs
[2021-03-17 18:55:45,983] {logging_mixin.py:104} INFO - [2021-03-17 18:55:45,983] {dag.py:2273} INFO - Setting next_dagrun for example_xcom to 2021-03-15 00:00:00+00:00
[2021-03-17 18:55:45,997] {scheduler_job.py:190} INFO - Processing /Users/harika/Desktop/CSYE_7245/Labs/airflow_tfx_lab/vlab/lib/python3.7/site-packages/airflow/example_dags/example_xcom.py took 0.116 seconds
[2021-03-17 18:56:34,436] {scheduler_job.py:182} INFO - Started process (PID=26826) to work on /Users/harika/Desktop/CSYE_7245/Labs/airflow_tfx_lab/vlab/lib/python3.7/site-packages/airflow/example_dags/example_xcom.py
[2021-03-17 18:56:34,439] {scheduler_job.py:629} INFO - Processing file /Users/harika/Desktop/CSYE_7245/Labs/airflow_tfx_lab/vlab/lib/python3.7/site-packages/airflow/example_dags/example_xcom.py for tasks to queue
[2021-03-17 18:56:34,441] {logging_mixin.py:104} INFO - [2021-03-17 18:56:34,440] {dagbag.py:448} INFO - Filling up the DagBag from /Users/harika/Desktop/CSYE_7245/Labs/airflow_tfx_lab/vlab/lib/python3.7/site-packages/airflow/example_dags/example_xcom.py
[2021-03-17 18:56:34,459] {scheduler_job.py:639} INFO - DAG(s) dict_keys(['example_xcom']) retrieved from /Users/harika/Desktop/CSYE_7245/Labs/airflow_tfx_lab/vlab/lib/python3.7/site-packages/airflow/example_dags/example_xcom.py
[2021-03-17 18:56:34,510] {logging_mixin.py:104} INFO - [2021-03-17 18:56:34,507] {dag.py:1818} INFO - Sync 1 DAGs
[2021-03-17 18:56:34,576] {logging_mixin.py:104} INFO - [2021-03-17 18:56:34,575] {dag.py:2273} INFO - Setting next_dagrun for example_xcom to 2021-03-15 00:00:00+00:00
[2021-03-17 18:56:34,611] {scheduler_job.py:190} INFO - Processing /Users/harika/Desktop/CSYE_7245/Labs/airflow_tfx_lab/vlab/lib/python3.7/site-packages/airflow/example_dags/example_xcom.py took 0.186 seconds
[2021-03-17 18:57:15,526] {scheduler_job.py:182} INFO - Started process (PID=26910) to work on /Users/harika/Desktop/CSYE_7245/Labs/airflow_tfx_lab/vlab/lib/python3.7/site-packages/airflow/example_dags/example_xcom.py
[2021-03-17 18:57:15,528] {scheduler_job.py:629} INFO - Processing file /Users/harika/Desktop/CSYE_7245/Labs/airflow_tfx_lab/vlab/lib/python3.7/site-packages/airflow/example_dags/example_xcom.py for tasks to queue
[2021-03-17 18:57:15,531] {logging_mixin.py:104} INFO - [2021-03-17 18:57:15,530] {dagbag.py:448} INFO - Filling up the DagBag from /Users/harika/Desktop/CSYE_7245/Labs/airflow_tfx_lab/vlab/lib/python3.7/site-packages/airflow/example_dags/example_xcom.py
[2021-03-17 18:57:15,542] {scheduler_job.py:639} INFO - DAG(s) dict_keys(['example_xcom']) retrieved from /Users/harika/Desktop/CSYE_7245/Labs/airflow_tfx_lab/vlab/lib/python3.7/site-packages/airflow/example_dags/example_xcom.py
[2021-03-17 18:57:15,562] {logging_mixin.py:104} INFO - [2021-03-17 18:57:15,561] {dag.py:1818} INFO - Sync 1 DAGs
[2021-03-17 18:57:15,580] {logging_mixin.py:104} INFO - [2021-03-17 18:57:15,579] {dag.py:2273} INFO - Setting next_dagrun for example_xcom to 2021-03-15 00:00:00+00:00
[2021-03-17 18:57:15,590] {scheduler_job.py:190} INFO - Processing /Users/harika/Desktop/CSYE_7245/Labs/airflow_tfx_lab/vlab/lib/python3.7/site-packages/airflow/example_dags/example_xcom.py took 0.068 seconds
[2021-03-17 18:58:10,601] {scheduler_job.py:182} INFO - Started process (PID=27025) to work on /Users/harika/Desktop/CSYE_7245/Labs/airflow_tfx_lab/vlab/lib/python3.7/site-packages/airflow/example_dags/example_xcom.py
[2021-03-17 18:58:10,610] {scheduler_job.py:629} INFO - Processing file /Users/harika/Desktop/CSYE_7245/Labs/airflow_tfx_lab/vlab/lib/python3.7/site-packages/airflow/example_dags/example_xcom.py for tasks to queue
[2021-03-17 18:58:10,616] {logging_mixin.py:104} INFO - [2021-03-17 18:58:10,614] {dagbag.py:448} INFO - Filling up the DagBag from /Users/harika/Desktop/CSYE_7245/Labs/airflow_tfx_lab/vlab/lib/python3.7/site-packages/airflow/example_dags/example_xcom.py
[2021-03-17 18:58:10,645] {scheduler_job.py:639} INFO - DAG(s) dict_keys(['example_xcom']) retrieved from /Users/harika/Desktop/CSYE_7245/Labs/airflow_tfx_lab/vlab/lib/python3.7/site-packages/airflow/example_dags/example_xcom.py
[2021-03-17 18:58:10,701] {logging_mixin.py:104} INFO - [2021-03-17 18:58:10,701] {dag.py:1818} INFO - Sync 1 DAGs
[2021-03-17 18:58:10,725] {logging_mixin.py:104} INFO - [2021-03-17 18:58:10,724] {dag.py:2273} INFO - Setting next_dagrun for example_xcom to 2021-03-15 00:00:00+00:00
[2021-03-17 18:58:10,743] {scheduler_job.py:190} INFO - Processing /Users/harika/Desktop/CSYE_7245/Labs/airflow_tfx_lab/vlab/lib/python3.7/site-packages/airflow/example_dags/example_xcom.py took 0.157 seconds
[2021-03-17 18:59:06,977] {scheduler_job.py:182} INFO - Started process (PID=27093) to work on /Users/harika/Desktop/CSYE_7245/Labs/airflow_tfx_lab/vlab/lib/python3.7/site-packages/airflow/example_dags/example_xcom.py
[2021-03-17 18:59:06,979] {scheduler_job.py:629} INFO - Processing file /Users/harika/Desktop/CSYE_7245/Labs/airflow_tfx_lab/vlab/lib/python3.7/site-packages/airflow/example_dags/example_xcom.py for tasks to queue
[2021-03-17 18:59:06,981] {logging_mixin.py:104} INFO - [2021-03-17 18:59:06,980] {dagbag.py:448} INFO - Filling up the DagBag from /Users/harika/Desktop/CSYE_7245/Labs/airflow_tfx_lab/vlab/lib/python3.7/site-packages/airflow/example_dags/example_xcom.py
[2021-03-17 18:59:06,992] {scheduler_job.py:639} INFO - DAG(s) dict_keys(['example_xcom']) retrieved from /Users/harika/Desktop/CSYE_7245/Labs/airflow_tfx_lab/vlab/lib/python3.7/site-packages/airflow/example_dags/example_xcom.py
[2021-03-17 18:59:07,016] {logging_mixin.py:104} INFO - [2021-03-17 18:59:07,016] {dag.py:1818} INFO - Sync 1 DAGs
[2021-03-17 18:59:07,033] {logging_mixin.py:104} INFO - [2021-03-17 18:59:07,033] {dag.py:2273} INFO - Setting next_dagrun for example_xcom to 2021-03-15 00:00:00+00:00
[2021-03-17 18:59:07,043] {scheduler_job.py:190} INFO - Processing /Users/harika/Desktop/CSYE_7245/Labs/airflow_tfx_lab/vlab/lib/python3.7/site-packages/airflow/example_dags/example_xcom.py took 0.071 seconds
[2021-03-17 18:59:46,074] {scheduler_job.py:182} INFO - Started process (PID=27127) to work on /Users/harika/Desktop/CSYE_7245/Labs/airflow_tfx_lab/vlab/lib/python3.7/site-packages/airflow/example_dags/example_xcom.py
[2021-03-17 18:59:46,077] {scheduler_job.py:629} INFO - Processing file /Users/harika/Desktop/CSYE_7245/Labs/airflow_tfx_lab/vlab/lib/python3.7/site-packages/airflow/example_dags/example_xcom.py for tasks to queue
[2021-03-17 18:59:46,082] {logging_mixin.py:104} INFO - [2021-03-17 18:59:46,080] {dagbag.py:448} INFO - Filling up the DagBag from /Users/harika/Desktop/CSYE_7245/Labs/airflow_tfx_lab/vlab/lib/python3.7/site-packages/airflow/example_dags/example_xcom.py
[2021-03-17 18:59:46,097] {scheduler_job.py:639} INFO - DAG(s) dict_keys(['example_xcom']) retrieved from /Users/harika/Desktop/CSYE_7245/Labs/airflow_tfx_lab/vlab/lib/python3.7/site-packages/airflow/example_dags/example_xcom.py
[2021-03-17 18:59:46,114] {logging_mixin.py:104} INFO - [2021-03-17 18:59:46,114] {dag.py:1818} INFO - Sync 1 DAGs
[2021-03-17 18:59:46,126] {logging_mixin.py:104} INFO - [2021-03-17 18:59:46,125] {dag.py:2273} INFO - Setting next_dagrun for example_xcom to 2021-03-15 00:00:00+00:00
[2021-03-17 18:59:46,136] {scheduler_job.py:190} INFO - Processing /Users/harika/Desktop/CSYE_7245/Labs/airflow_tfx_lab/vlab/lib/python3.7/site-packages/airflow/example_dags/example_xcom.py took 0.067 seconds
[2021-03-17 19:00:47,823] {scheduler_job.py:182} INFO - Started process (PID=27242) to work on /Users/harika/Desktop/CSYE_7245/Labs/airflow_tfx_lab/vlab/lib/python3.7/site-packages/airflow/example_dags/example_xcom.py
[2021-03-17 19:00:47,825] {scheduler_job.py:629} INFO - Processing file /Users/harika/Desktop/CSYE_7245/Labs/airflow_tfx_lab/vlab/lib/python3.7/site-packages/airflow/example_dags/example_xcom.py for tasks to queue
[2021-03-17 19:00:47,827] {logging_mixin.py:104} INFO - [2021-03-17 19:00:47,827] {dagbag.py:448} INFO - Filling up the DagBag from /Users/harika/Desktop/CSYE_7245/Labs/airflow_tfx_lab/vlab/lib/python3.7/site-packages/airflow/example_dags/example_xcom.py
[2021-03-17 19:00:47,863] {scheduler_job.py:639} INFO - DAG(s) dict_keys(['example_xcom']) retrieved from /Users/harika/Desktop/CSYE_7245/Labs/airflow_tfx_lab/vlab/lib/python3.7/site-packages/airflow/example_dags/example_xcom.py
[2021-03-17 19:00:47,987] {logging_mixin.py:104} INFO - [2021-03-17 19:00:47,986] {dag.py:1818} INFO - Sync 1 DAGs
[2021-03-17 19:00:48,034] {logging_mixin.py:104} INFO - [2021-03-17 19:00:48,033] {dag.py:2273} INFO - Setting next_dagrun for example_xcom to 2021-03-15 00:00:00+00:00
[2021-03-17 19:00:48,048] {scheduler_job.py:190} INFO - Processing /Users/harika/Desktop/CSYE_7245/Labs/airflow_tfx_lab/vlab/lib/python3.7/site-packages/airflow/example_dags/example_xcom.py took 0.230 seconds
[2021-03-17 19:01:37,371] {scheduler_job.py:182} INFO - Started process (PID=27342) to work on /Users/harika/Desktop/CSYE_7245/Labs/airflow_tfx_lab/vlab/lib/python3.7/site-packages/airflow/example_dags/example_xcom.py
[2021-03-17 19:01:37,375] {scheduler_job.py:629} INFO - Processing file /Users/harika/Desktop/CSYE_7245/Labs/airflow_tfx_lab/vlab/lib/python3.7/site-packages/airflow/example_dags/example_xcom.py for tasks to queue
[2021-03-17 19:01:37,378] {logging_mixin.py:104} INFO - [2021-03-17 19:01:37,377] {dagbag.py:448} INFO - Filling up the DagBag from /Users/harika/Desktop/CSYE_7245/Labs/airflow_tfx_lab/vlab/lib/python3.7/site-packages/airflow/example_dags/example_xcom.py
[2021-03-17 19:01:37,403] {scheduler_job.py:639} INFO - DAG(s) dict_keys(['example_xcom']) retrieved from /Users/harika/Desktop/CSYE_7245/Labs/airflow_tfx_lab/vlab/lib/python3.7/site-packages/airflow/example_dags/example_xcom.py
[2021-03-17 19:01:37,442] {logging_mixin.py:104} INFO - [2021-03-17 19:01:37,441] {dag.py:1818} INFO - Sync 1 DAGs
[2021-03-17 19:01:37,482] {logging_mixin.py:104} INFO - [2021-03-17 19:01:37,480] {dag.py:2273} INFO - Setting next_dagrun for example_xcom to 2021-03-15 00:00:00+00:00
[2021-03-17 19:01:37,571] {scheduler_job.py:190} INFO - Processing /Users/harika/Desktop/CSYE_7245/Labs/airflow_tfx_lab/vlab/lib/python3.7/site-packages/airflow/example_dags/example_xcom.py took 0.209 seconds
[2021-03-17 19:02:29,429] {scheduler_job.py:182} INFO - Started process (PID=27452) to work on /Users/harika/Desktop/CSYE_7245/Labs/airflow_tfx_lab/vlab/lib/python3.7/site-packages/airflow/example_dags/example_xcom.py
[2021-03-17 19:02:29,432] {scheduler_job.py:629} INFO - Processing file /Users/harika/Desktop/CSYE_7245/Labs/airflow_tfx_lab/vlab/lib/python3.7/site-packages/airflow/example_dags/example_xcom.py for tasks to queue
[2021-03-17 19:02:29,434] {logging_mixin.py:104} INFO - [2021-03-17 19:02:29,433] {dagbag.py:448} INFO - Filling up the DagBag from /Users/harika/Desktop/CSYE_7245/Labs/airflow_tfx_lab/vlab/lib/python3.7/site-packages/airflow/example_dags/example_xcom.py
[2021-03-17 19:02:29,451] {scheduler_job.py:639} INFO - DAG(s) dict_keys(['example_xcom']) retrieved from /Users/harika/Desktop/CSYE_7245/Labs/airflow_tfx_lab/vlab/lib/python3.7/site-packages/airflow/example_dags/example_xcom.py
[2021-03-17 19:02:29,476] {logging_mixin.py:104} INFO - [2021-03-17 19:02:29,476] {dag.py:1818} INFO - Sync 1 DAGs
[2021-03-17 19:02:29,490] {logging_mixin.py:104} INFO - [2021-03-17 19:02:29,490] {dag.py:2273} INFO - Setting next_dagrun for example_xcom to 2021-03-15 00:00:00+00:00
[2021-03-17 19:02:29,500] {scheduler_job.py:190} INFO - Processing /Users/harika/Desktop/CSYE_7245/Labs/airflow_tfx_lab/vlab/lib/python3.7/site-packages/airflow/example_dags/example_xcom.py took 0.075 seconds
[2021-03-17 19:03:11,688] {scheduler_job.py:182} INFO - Started process (PID=27557) to work on /Users/harika/Desktop/CSYE_7245/Labs/airflow_tfx_lab/vlab/lib/python3.7/site-packages/airflow/example_dags/example_xcom.py
[2021-03-17 19:03:11,694] {scheduler_job.py:629} INFO - Processing file /Users/harika/Desktop/CSYE_7245/Labs/airflow_tfx_lab/vlab/lib/python3.7/site-packages/airflow/example_dags/example_xcom.py for tasks to queue
[2021-03-17 19:03:11,696] {logging_mixin.py:104} INFO - [2021-03-17 19:03:11,695] {dagbag.py:448} INFO - Filling up the DagBag from /Users/harika/Desktop/CSYE_7245/Labs/airflow_tfx_lab/vlab/lib/python3.7/site-packages/airflow/example_dags/example_xcom.py
[2021-03-17 19:03:11,716] {scheduler_job.py:639} INFO - DAG(s) dict_keys(['example_xcom']) retrieved from /Users/harika/Desktop/CSYE_7245/Labs/airflow_tfx_lab/vlab/lib/python3.7/site-packages/airflow/example_dags/example_xcom.py
[2021-03-17 19:03:11,744] {logging_mixin.py:104} INFO - [2021-03-17 19:03:11,742] {dag.py:1818} INFO - Sync 1 DAGs
[2021-03-17 19:03:11,771] {logging_mixin.py:104} INFO - [2021-03-17 19:03:11,769] {dag.py:2273} INFO - Setting next_dagrun for example_xcom to 2021-03-15 00:00:00+00:00
[2021-03-17 19:03:11,788] {scheduler_job.py:190} INFO - Processing /Users/harika/Desktop/CSYE_7245/Labs/airflow_tfx_lab/vlab/lib/python3.7/site-packages/airflow/example_dags/example_xcom.py took 0.106 seconds
[2021-03-17 19:04:01,464] {scheduler_job.py:182} INFO - Started process (PID=27657) to work on /Users/harika/Desktop/CSYE_7245/Labs/airflow_tfx_lab/vlab/lib/python3.7/site-packages/airflow/example_dags/example_xcom.py
[2021-03-17 19:04:01,468] {scheduler_job.py:629} INFO - Processing file /Users/harika/Desktop/CSYE_7245/Labs/airflow_tfx_lab/vlab/lib/python3.7/site-packages/airflow/example_dags/example_xcom.py for tasks to queue
[2021-03-17 19:04:01,470] {logging_mixin.py:104} INFO - [2021-03-17 19:04:01,470] {dagbag.py:448} INFO - Filling up the DagBag from /Users/harika/Desktop/CSYE_7245/Labs/airflow_tfx_lab/vlab/lib/python3.7/site-packages/airflow/example_dags/example_xcom.py
[2021-03-17 19:04:01,495] {scheduler_job.py:639} INFO - DAG(s) dict_keys(['example_xcom']) retrieved from /Users/harika/Desktop/CSYE_7245/Labs/airflow_tfx_lab/vlab/lib/python3.7/site-packages/airflow/example_dags/example_xcom.py
[2021-03-17 19:04:01,533] {logging_mixin.py:104} INFO - [2021-03-17 19:04:01,532] {dag.py:1818} INFO - Sync 1 DAGs
[2021-03-17 19:04:01,572] {logging_mixin.py:104} INFO - [2021-03-17 19:04:01,570] {dag.py:2273} INFO - Setting next_dagrun for example_xcom to 2021-03-15 00:00:00+00:00
[2021-03-17 19:04:01,595] {scheduler_job.py:190} INFO - Processing /Users/harika/Desktop/CSYE_7245/Labs/airflow_tfx_lab/vlab/lib/python3.7/site-packages/airflow/example_dags/example_xcom.py took 0.138 seconds
[2021-03-17 19:04:50,392] {scheduler_job.py:182} INFO - Started process (PID=27711) to work on /Users/harika/Desktop/CSYE_7245/Labs/airflow_tfx_lab/vlab/lib/python3.7/site-packages/airflow/example_dags/example_xcom.py
[2021-03-17 19:04:50,399] {scheduler_job.py:629} INFO - Processing file /Users/harika/Desktop/CSYE_7245/Labs/airflow_tfx_lab/vlab/lib/python3.7/site-packages/airflow/example_dags/example_xcom.py for tasks to queue
[2021-03-17 19:04:50,401] {logging_mixin.py:104} INFO - [2021-03-17 19:04:50,400] {dagbag.py:448} INFO - Filling up the DagBag from /Users/harika/Desktop/CSYE_7245/Labs/airflow_tfx_lab/vlab/lib/python3.7/site-packages/airflow/example_dags/example_xcom.py
[2021-03-17 19:04:50,420] {scheduler_job.py:639} INFO - DAG(s) dict_keys(['example_xcom']) retrieved from /Users/harika/Desktop/CSYE_7245/Labs/airflow_tfx_lab/vlab/lib/python3.7/site-packages/airflow/example_dags/example_xcom.py
[2021-03-17 19:04:50,457] {logging_mixin.py:104} INFO - [2021-03-17 19:04:50,456] {dag.py:1818} INFO - Sync 1 DAGs
[2021-03-17 19:04:50,484] {logging_mixin.py:104} INFO - [2021-03-17 19:04:50,484] {dag.py:2273} INFO - Setting next_dagrun for example_xcom to 2021-03-15 00:00:00+00:00
[2021-03-17 19:04:50,506] {scheduler_job.py:190} INFO - Processing /Users/harika/Desktop/CSYE_7245/Labs/airflow_tfx_lab/vlab/lib/python3.7/site-packages/airflow/example_dags/example_xcom.py took 0.130 seconds
[2021-03-17 19:05:37,295] {scheduler_job.py:182} INFO - Started process (PID=27800) to work on /Users/harika/Desktop/CSYE_7245/Labs/airflow_tfx_lab/vlab/lib/python3.7/site-packages/airflow/example_dags/example_xcom.py
[2021-03-17 19:05:37,297] {scheduler_job.py:629} INFO - Processing file /Users/harika/Desktop/CSYE_7245/Labs/airflow_tfx_lab/vlab/lib/python3.7/site-packages/airflow/example_dags/example_xcom.py for tasks to queue
[2021-03-17 19:05:37,299] {logging_mixin.py:104} INFO - [2021-03-17 19:05:37,299] {dagbag.py:448} INFO - Filling up the DagBag from /Users/harika/Desktop/CSYE_7245/Labs/airflow_tfx_lab/vlab/lib/python3.7/site-packages/airflow/example_dags/example_xcom.py
[2021-03-17 19:05:37,325] {scheduler_job.py:639} INFO - DAG(s) dict_keys(['example_xcom']) retrieved from /Users/harika/Desktop/CSYE_7245/Labs/airflow_tfx_lab/vlab/lib/python3.7/site-packages/airflow/example_dags/example_xcom.py
[2021-03-17 19:05:37,345] {logging_mixin.py:104} INFO - [2021-03-17 19:05:37,344] {dag.py:1818} INFO - Sync 1 DAGs
[2021-03-17 19:05:37,359] {logging_mixin.py:104} INFO - [2021-03-17 19:05:37,358] {dag.py:2273} INFO - Setting next_dagrun for example_xcom to 2021-03-15 00:00:00+00:00
[2021-03-17 19:05:37,383] {scheduler_job.py:190} INFO - Processing /Users/harika/Desktop/CSYE_7245/Labs/airflow_tfx_lab/vlab/lib/python3.7/site-packages/airflow/example_dags/example_xcom.py took 0.093 seconds
[2021-03-17 19:06:23,847] {scheduler_job.py:182} INFO - Started process (PID=27929) to work on /Users/harika/Desktop/CSYE_7245/Labs/airflow_tfx_lab/vlab/lib/python3.7/site-packages/airflow/example_dags/example_xcom.py
[2021-03-17 19:06:23,849] {scheduler_job.py:629} INFO - Processing file /Users/harika/Desktop/CSYE_7245/Labs/airflow_tfx_lab/vlab/lib/python3.7/site-packages/airflow/example_dags/example_xcom.py for tasks to queue
[2021-03-17 19:06:23,852] {logging_mixin.py:104} INFO - [2021-03-17 19:06:23,851] {dagbag.py:448} INFO - Filling up the DagBag from /Users/harika/Desktop/CSYE_7245/Labs/airflow_tfx_lab/vlab/lib/python3.7/site-packages/airflow/example_dags/example_xcom.py
[2021-03-17 19:06:23,873] {scheduler_job.py:639} INFO - DAG(s) dict_keys(['example_xcom']) retrieved from /Users/harika/Desktop/CSYE_7245/Labs/airflow_tfx_lab/vlab/lib/python3.7/site-packages/airflow/example_dags/example_xcom.py
[2021-03-17 19:06:23,923] {logging_mixin.py:104} INFO - [2021-03-17 19:06:23,922] {dag.py:1818} INFO - Sync 1 DAGs
[2021-03-17 19:06:23,951] {logging_mixin.py:104} INFO - [2021-03-17 19:06:23,950] {dag.py:2273} INFO - Setting next_dagrun for example_xcom to 2021-03-15 00:00:00+00:00
[2021-03-17 19:06:23,982] {scheduler_job.py:190} INFO - Processing /Users/harika/Desktop/CSYE_7245/Labs/airflow_tfx_lab/vlab/lib/python3.7/site-packages/airflow/example_dags/example_xcom.py took 0.139 seconds
[2021-03-17 19:14:22,403] {scheduler_job.py:182} INFO - Started process (PID=28406) to work on /Users/harika/Desktop/CSYE_7245/Labs/airflow_tfx_lab/vlab/lib/python3.7/site-packages/airflow/example_dags/example_xcom.py
[2021-03-17 19:14:22,407] {scheduler_job.py:629} INFO - Processing file /Users/harika/Desktop/CSYE_7245/Labs/airflow_tfx_lab/vlab/lib/python3.7/site-packages/airflow/example_dags/example_xcom.py for tasks to queue
[2021-03-17 19:14:22,408] {logging_mixin.py:104} INFO - [2021-03-17 19:14:22,408] {dagbag.py:448} INFO - Filling up the DagBag from /Users/harika/Desktop/CSYE_7245/Labs/airflow_tfx_lab/vlab/lib/python3.7/site-packages/airflow/example_dags/example_xcom.py
[2021-03-17 19:14:22,432] {scheduler_job.py:639} INFO - DAG(s) dict_keys(['example_xcom']) retrieved from /Users/harika/Desktop/CSYE_7245/Labs/airflow_tfx_lab/vlab/lib/python3.7/site-packages/airflow/example_dags/example_xcom.py
[2021-03-17 19:14:22,455] {logging_mixin.py:104} INFO - [2021-03-17 19:14:22,454] {dag.py:1818} INFO - Sync 1 DAGs
[2021-03-17 19:14:22,472] {logging_mixin.py:104} INFO - [2021-03-17 19:14:22,471] {dag.py:2273} INFO - Setting next_dagrun for example_xcom to 2021-03-15 00:00:00+00:00
[2021-03-17 19:14:22,483] {scheduler_job.py:190} INFO - Processing /Users/harika/Desktop/CSYE_7245/Labs/airflow_tfx_lab/vlab/lib/python3.7/site-packages/airflow/example_dags/example_xcom.py took 0.083 seconds
[2021-03-17 19:14:56,862] {scheduler_job.py:182} INFO - Started process (PID=28453) to work on /Users/harika/Desktop/CSYE_7245/Labs/airflow_tfx_lab/vlab/lib/python3.7/site-packages/airflow/example_dags/example_xcom.py
[2021-03-17 19:14:56,865] {scheduler_job.py:629} INFO - Processing file /Users/harika/Desktop/CSYE_7245/Labs/airflow_tfx_lab/vlab/lib/python3.7/site-packages/airflow/example_dags/example_xcom.py for tasks to queue
[2021-03-17 19:14:56,867] {logging_mixin.py:104} INFO - [2021-03-17 19:14:56,867] {dagbag.py:448} INFO - Filling up the DagBag from /Users/harika/Desktop/CSYE_7245/Labs/airflow_tfx_lab/vlab/lib/python3.7/site-packages/airflow/example_dags/example_xcom.py
[2021-03-17 19:14:56,903] {scheduler_job.py:639} INFO - DAG(s) dict_keys(['example_xcom']) retrieved from /Users/harika/Desktop/CSYE_7245/Labs/airflow_tfx_lab/vlab/lib/python3.7/site-packages/airflow/example_dags/example_xcom.py
[2021-03-17 19:14:56,954] {logging_mixin.py:104} INFO - [2021-03-17 19:14:56,954] {dag.py:1818} INFO - Sync 1 DAGs
[2021-03-17 19:14:57,025] {logging_mixin.py:104} INFO - [2021-03-17 19:14:57,024] {dag.py:2273} INFO - Setting next_dagrun for example_xcom to 2021-03-15 00:00:00+00:00
[2021-03-17 19:14:57,050] {scheduler_job.py:190} INFO - Processing /Users/harika/Desktop/CSYE_7245/Labs/airflow_tfx_lab/vlab/lib/python3.7/site-packages/airflow/example_dags/example_xcom.py took 0.193 seconds
[2021-03-17 19:15:33,842] {scheduler_job.py:182} INFO - Started process (PID=28555) to work on /Users/harika/Desktop/CSYE_7245/Labs/airflow_tfx_lab/vlab/lib/python3.7/site-packages/airflow/example_dags/example_xcom.py
[2021-03-17 19:15:33,847] {scheduler_job.py:629} INFO - Processing file /Users/harika/Desktop/CSYE_7245/Labs/airflow_tfx_lab/vlab/lib/python3.7/site-packages/airflow/example_dags/example_xcom.py for tasks to queue
[2021-03-17 19:15:33,849] {logging_mixin.py:104} INFO - [2021-03-17 19:15:33,849] {dagbag.py:448} INFO - Filling up the DagBag from /Users/harika/Desktop/CSYE_7245/Labs/airflow_tfx_lab/vlab/lib/python3.7/site-packages/airflow/example_dags/example_xcom.py
[2021-03-17 19:15:33,865] {scheduler_job.py:639} INFO - DAG(s) dict_keys(['example_xcom']) retrieved from /Users/harika/Desktop/CSYE_7245/Labs/airflow_tfx_lab/vlab/lib/python3.7/site-packages/airflow/example_dags/example_xcom.py
[2021-03-17 19:15:33,884] {logging_mixin.py:104} INFO - [2021-03-17 19:15:33,881] {dag.py:1818} INFO - Sync 1 DAGs
[2021-03-17 19:15:33,908] {logging_mixin.py:104} INFO - [2021-03-17 19:15:33,908] {dag.py:2273} INFO - Setting next_dagrun for example_xcom to 2021-03-15 00:00:00+00:00
[2021-03-17 19:15:33,917] {scheduler_job.py:190} INFO - Processing /Users/harika/Desktop/CSYE_7245/Labs/airflow_tfx_lab/vlab/lib/python3.7/site-packages/airflow/example_dags/example_xcom.py took 0.082 seconds
[2021-03-17 19:16:14,162] {scheduler_job.py:182} INFO - Started process (PID=28646) to work on /Users/harika/Desktop/CSYE_7245/Labs/airflow_tfx_lab/vlab/lib/python3.7/site-packages/airflow/example_dags/example_xcom.py
[2021-03-17 19:16:14,166] {scheduler_job.py:629} INFO - Processing file /Users/harika/Desktop/CSYE_7245/Labs/airflow_tfx_lab/vlab/lib/python3.7/site-packages/airflow/example_dags/example_xcom.py for tasks to queue
[2021-03-17 19:16:14,168] {logging_mixin.py:104} INFO - [2021-03-17 19:16:14,167] {dagbag.py:448} INFO - Filling up the DagBag from /Users/harika/Desktop/CSYE_7245/Labs/airflow_tfx_lab/vlab/lib/python3.7/site-packages/airflow/example_dags/example_xcom.py
[2021-03-17 19:16:14,186] {scheduler_job.py:639} INFO - DAG(s) dict_keys(['example_xcom']) retrieved from /Users/harika/Desktop/CSYE_7245/Labs/airflow_tfx_lab/vlab/lib/python3.7/site-packages/airflow/example_dags/example_xcom.py
[2021-03-17 19:16:14,205] {logging_mixin.py:104} INFO - [2021-03-17 19:16:14,205] {dag.py:1818} INFO - Sync 1 DAGs
[2021-03-17 19:16:14,227] {logging_mixin.py:104} INFO - [2021-03-17 19:16:14,226] {dag.py:2273} INFO - Setting next_dagrun for example_xcom to 2021-03-15 00:00:00+00:00
[2021-03-17 19:16:14,239] {scheduler_job.py:190} INFO - Processing /Users/harika/Desktop/CSYE_7245/Labs/airflow_tfx_lab/vlab/lib/python3.7/site-packages/airflow/example_dags/example_xcom.py took 0.082 seconds
[2021-03-17 19:17:01,209] {scheduler_job.py:182} INFO - Started process (PID=28718) to work on /Users/harika/Desktop/CSYE_7245/Labs/airflow_tfx_lab/vlab/lib/python3.7/site-packages/airflow/example_dags/example_xcom.py
[2021-03-17 19:17:01,212] {scheduler_job.py:629} INFO - Processing file /Users/harika/Desktop/CSYE_7245/Labs/airflow_tfx_lab/vlab/lib/python3.7/site-packages/airflow/example_dags/example_xcom.py for tasks to queue
[2021-03-17 19:17:01,213] {logging_mixin.py:104} INFO - [2021-03-17 19:17:01,213] {dagbag.py:448} INFO - Filling up the DagBag from /Users/harika/Desktop/CSYE_7245/Labs/airflow_tfx_lab/vlab/lib/python3.7/site-packages/airflow/example_dags/example_xcom.py
[2021-03-17 19:17:01,247] {scheduler_job.py:639} INFO - DAG(s) dict_keys(['example_xcom']) retrieved from /Users/harika/Desktop/CSYE_7245/Labs/airflow_tfx_lab/vlab/lib/python3.7/site-packages/airflow/example_dags/example_xcom.py
[2021-03-17 19:17:01,271] {logging_mixin.py:104} INFO - [2021-03-17 19:17:01,270] {dag.py:1818} INFO - Sync 1 DAGs
[2021-03-17 19:17:01,292] {logging_mixin.py:104} INFO - [2021-03-17 19:17:01,292] {dag.py:2273} INFO - Setting next_dagrun for example_xcom to 2021-03-15 00:00:00+00:00
[2021-03-17 19:17:01,314] {scheduler_job.py:190} INFO - Processing /Users/harika/Desktop/CSYE_7245/Labs/airflow_tfx_lab/vlab/lib/python3.7/site-packages/airflow/example_dags/example_xcom.py took 0.109 seconds
[2021-03-17 19:22:00,470] {scheduler_job.py:182} INFO - Started process (PID=28895) to work on /Users/harika/Desktop/CSYE_7245/Labs/airflow_tfx_lab/vlab/lib/python3.7/site-packages/airflow/example_dags/example_xcom.py
[2021-03-17 19:22:00,474] {scheduler_job.py:629} INFO - Processing file /Users/harika/Desktop/CSYE_7245/Labs/airflow_tfx_lab/vlab/lib/python3.7/site-packages/airflow/example_dags/example_xcom.py for tasks to queue
[2021-03-17 19:22:00,477] {logging_mixin.py:104} INFO - [2021-03-17 19:22:00,476] {dagbag.py:448} INFO - Filling up the DagBag from /Users/harika/Desktop/CSYE_7245/Labs/airflow_tfx_lab/vlab/lib/python3.7/site-packages/airflow/example_dags/example_xcom.py
[2021-03-17 19:22:00,505] {scheduler_job.py:639} INFO - DAG(s) dict_keys(['example_xcom']) retrieved from /Users/harika/Desktop/CSYE_7245/Labs/airflow_tfx_lab/vlab/lib/python3.7/site-packages/airflow/example_dags/example_xcom.py
[2021-03-17 19:22:00,528] {logging_mixin.py:104} INFO - [2021-03-17 19:22:00,526] {dag.py:1818} INFO - Sync 1 DAGs
[2021-03-17 19:22:00,557] {logging_mixin.py:104} INFO - [2021-03-17 19:22:00,557] {dag.py:2273} INFO - Setting next_dagrun for example_xcom to 2021-03-15 00:00:00+00:00
[2021-03-17 19:22:00,569] {scheduler_job.py:190} INFO - Processing /Users/harika/Desktop/CSYE_7245/Labs/airflow_tfx_lab/vlab/lib/python3.7/site-packages/airflow/example_dags/example_xcom.py took 0.109 seconds
[2021-03-17 19:22:43,663] {scheduler_job.py:182} INFO - Started process (PID=28924) to work on /Users/harika/Desktop/CSYE_7245/Labs/airflow_tfx_lab/vlab/lib/python3.7/site-packages/airflow/example_dags/example_xcom.py
[2021-03-17 19:22:43,671] {scheduler_job.py:629} INFO - Processing file /Users/harika/Desktop/CSYE_7245/Labs/airflow_tfx_lab/vlab/lib/python3.7/site-packages/airflow/example_dags/example_xcom.py for tasks to queue
[2021-03-17 19:22:43,673] {logging_mixin.py:104} INFO - [2021-03-17 19:22:43,672] {dagbag.py:448} INFO - Filling up the DagBag from /Users/harika/Desktop/CSYE_7245/Labs/airflow_tfx_lab/vlab/lib/python3.7/site-packages/airflow/example_dags/example_xcom.py
[2021-03-17 19:22:43,693] {scheduler_job.py:639} INFO - DAG(s) dict_keys(['example_xcom']) retrieved from /Users/harika/Desktop/CSYE_7245/Labs/airflow_tfx_lab/vlab/lib/python3.7/site-packages/airflow/example_dags/example_xcom.py
[2021-03-17 19:22:43,711] {logging_mixin.py:104} INFO - [2021-03-17 19:22:43,710] {dag.py:1818} INFO - Sync 1 DAGs
[2021-03-17 19:22:43,727] {logging_mixin.py:104} INFO - [2021-03-17 19:22:43,726] {dag.py:2273} INFO - Setting next_dagrun for example_xcom to 2021-03-15 00:00:00+00:00
[2021-03-17 19:22:43,742] {scheduler_job.py:190} INFO - Processing /Users/harika/Desktop/CSYE_7245/Labs/airflow_tfx_lab/vlab/lib/python3.7/site-packages/airflow/example_dags/example_xcom.py took 0.084 seconds
[2021-03-17 19:23:24,865] {scheduler_job.py:182} INFO - Started process (PID=28955) to work on /Users/harika/Desktop/CSYE_7245/Labs/airflow_tfx_lab/vlab/lib/python3.7/site-packages/airflow/example_dags/example_xcom.py
[2021-03-17 19:23:24,872] {scheduler_job.py:629} INFO - Processing file /Users/harika/Desktop/CSYE_7245/Labs/airflow_tfx_lab/vlab/lib/python3.7/site-packages/airflow/example_dags/example_xcom.py for tasks to queue
[2021-03-17 19:23:24,877] {logging_mixin.py:104} INFO - [2021-03-17 19:23:24,875] {dagbag.py:448} INFO - Filling up the DagBag from /Users/harika/Desktop/CSYE_7245/Labs/airflow_tfx_lab/vlab/lib/python3.7/site-packages/airflow/example_dags/example_xcom.py
[2021-03-17 19:23:24,923] {scheduler_job.py:639} INFO - DAG(s) dict_keys(['example_xcom']) retrieved from /Users/harika/Desktop/CSYE_7245/Labs/airflow_tfx_lab/vlab/lib/python3.7/site-packages/airflow/example_dags/example_xcom.py
[2021-03-17 19:23:24,963] {logging_mixin.py:104} INFO - [2021-03-17 19:23:24,960] {dag.py:1818} INFO - Sync 1 DAGs
[2021-03-17 19:23:25,000] {logging_mixin.py:104} INFO - [2021-03-17 19:23:24,999] {dag.py:2273} INFO - Setting next_dagrun for example_xcom to 2021-03-15 00:00:00+00:00
[2021-03-17 19:23:25,023] {scheduler_job.py:190} INFO - Processing /Users/harika/Desktop/CSYE_7245/Labs/airflow_tfx_lab/vlab/lib/python3.7/site-packages/airflow/example_dags/example_xcom.py took 0.192 seconds
[2021-03-17 19:24:07,869] {scheduler_job.py:182} INFO - Started process (PID=28986) to work on /Users/harika/Desktop/CSYE_7245/Labs/airflow_tfx_lab/vlab/lib/python3.7/site-packages/airflow/example_dags/example_xcom.py
[2021-03-17 19:24:07,875] {scheduler_job.py:629} INFO - Processing file /Users/harika/Desktop/CSYE_7245/Labs/airflow_tfx_lab/vlab/lib/python3.7/site-packages/airflow/example_dags/example_xcom.py for tasks to queue
[2021-03-17 19:24:07,879] {logging_mixin.py:104} INFO - [2021-03-17 19:24:07,878] {dagbag.py:448} INFO - Filling up the DagBag from /Users/harika/Desktop/CSYE_7245/Labs/airflow_tfx_lab/vlab/lib/python3.7/site-packages/airflow/example_dags/example_xcom.py
[2021-03-17 19:24:07,923] {scheduler_job.py:639} INFO - DAG(s) dict_keys(['example_xcom']) retrieved from /Users/harika/Desktop/CSYE_7245/Labs/airflow_tfx_lab/vlab/lib/python3.7/site-packages/airflow/example_dags/example_xcom.py
[2021-03-17 19:24:07,966] {logging_mixin.py:104} INFO - [2021-03-17 19:24:07,965] {dag.py:1818} INFO - Sync 1 DAGs
[2021-03-17 19:24:08,006] {logging_mixin.py:104} INFO - [2021-03-17 19:24:08,005] {dag.py:2273} INFO - Setting next_dagrun for example_xcom to 2021-03-15 00:00:00+00:00
[2021-03-17 19:24:08,038] {scheduler_job.py:190} INFO - Processing /Users/harika/Desktop/CSYE_7245/Labs/airflow_tfx_lab/vlab/lib/python3.7/site-packages/airflow/example_dags/example_xcom.py took 0.185 seconds
[2021-03-17 19:26:27,187] {scheduler_job.py:182} INFO - Started process (PID=29082) to work on /Users/harika/Desktop/CSYE_7245/Labs/airflow_tfx_lab/vlab/lib/python3.7/site-packages/airflow/example_dags/example_xcom.py
[2021-03-17 19:26:27,189] {scheduler_job.py:629} INFO - Processing file /Users/harika/Desktop/CSYE_7245/Labs/airflow_tfx_lab/vlab/lib/python3.7/site-packages/airflow/example_dags/example_xcom.py for tasks to queue
[2021-03-17 19:26:27,192] {logging_mixin.py:104} INFO - [2021-03-17 19:26:27,191] {dagbag.py:448} INFO - Filling up the DagBag from /Users/harika/Desktop/CSYE_7245/Labs/airflow_tfx_lab/vlab/lib/python3.7/site-packages/airflow/example_dags/example_xcom.py
[2021-03-17 19:26:27,209] {scheduler_job.py:639} INFO - DAG(s) dict_keys(['example_xcom']) retrieved from /Users/harika/Desktop/CSYE_7245/Labs/airflow_tfx_lab/vlab/lib/python3.7/site-packages/airflow/example_dags/example_xcom.py
[2021-03-17 19:26:27,235] {logging_mixin.py:104} INFO - [2021-03-17 19:26:27,232] {dag.py:1818} INFO - Sync 1 DAGs
[2021-03-17 19:26:27,258] {logging_mixin.py:104} INFO - [2021-03-17 19:26:27,257] {dag.py:2273} INFO - Setting next_dagrun for example_xcom to 2021-03-15 00:00:00+00:00
[2021-03-17 19:26:27,266] {scheduler_job.py:190} INFO - Processing /Users/harika/Desktop/CSYE_7245/Labs/airflow_tfx_lab/vlab/lib/python3.7/site-packages/airflow/example_dags/example_xcom.py took 0.084 seconds
[2021-03-17 19:27:11,811] {scheduler_job.py:182} INFO - Started process (PID=29114) to work on /Users/harika/Desktop/CSYE_7245/Labs/airflow_tfx_lab/vlab/lib/python3.7/site-packages/airflow/example_dags/example_xcom.py
[2021-03-17 19:27:11,814] {scheduler_job.py:629} INFO - Processing file /Users/harika/Desktop/CSYE_7245/Labs/airflow_tfx_lab/vlab/lib/python3.7/site-packages/airflow/example_dags/example_xcom.py for tasks to queue
[2021-03-17 19:27:11,817] {logging_mixin.py:104} INFO - [2021-03-17 19:27:11,816] {dagbag.py:448} INFO - Filling up the DagBag from /Users/harika/Desktop/CSYE_7245/Labs/airflow_tfx_lab/vlab/lib/python3.7/site-packages/airflow/example_dags/example_xcom.py
[2021-03-17 19:27:11,850] {scheduler_job.py:639} INFO - DAG(s) dict_keys(['example_xcom']) retrieved from /Users/harika/Desktop/CSYE_7245/Labs/airflow_tfx_lab/vlab/lib/python3.7/site-packages/airflow/example_dags/example_xcom.py
[2021-03-17 19:27:11,873] {logging_mixin.py:104} INFO - [2021-03-17 19:27:11,873] {dag.py:1818} INFO - Sync 1 DAGs
[2021-03-17 19:27:11,904] {logging_mixin.py:104} INFO - [2021-03-17 19:27:11,904] {dag.py:2273} INFO - Setting next_dagrun for example_xcom to 2021-03-15 00:00:00+00:00
[2021-03-17 19:27:11,926] {scheduler_job.py:190} INFO - Processing /Users/harika/Desktop/CSYE_7245/Labs/airflow_tfx_lab/vlab/lib/python3.7/site-packages/airflow/example_dags/example_xcom.py took 0.121 seconds
[2021-03-17 19:29:34,841] {scheduler_job.py:182} INFO - Started process (PID=29179) to work on /Users/harika/Desktop/CSYE_7245/Labs/airflow_tfx_lab/vlab/lib/python3.7/site-packages/airflow/example_dags/example_xcom.py
[2021-03-17 19:29:34,844] {scheduler_job.py:629} INFO - Processing file /Users/harika/Desktop/CSYE_7245/Labs/airflow_tfx_lab/vlab/lib/python3.7/site-packages/airflow/example_dags/example_xcom.py for tasks to queue
[2021-03-17 19:29:34,846] {logging_mixin.py:104} INFO - [2021-03-17 19:29:34,845] {dagbag.py:448} INFO - Filling up the DagBag from /Users/harika/Desktop/CSYE_7245/Labs/airflow_tfx_lab/vlab/lib/python3.7/site-packages/airflow/example_dags/example_xcom.py
[2021-03-17 19:29:34,867] {scheduler_job.py:639} INFO - DAG(s) dict_keys(['example_xcom']) retrieved from /Users/harika/Desktop/CSYE_7245/Labs/airflow_tfx_lab/vlab/lib/python3.7/site-packages/airflow/example_dags/example_xcom.py
[2021-03-17 19:29:34,890] {logging_mixin.py:104} INFO - [2021-03-17 19:29:34,889] {dag.py:1818} INFO - Sync 1 DAGs
[2021-03-17 19:29:34,907] {logging_mixin.py:104} INFO - [2021-03-17 19:29:34,906] {dag.py:2273} INFO - Setting next_dagrun for example_xcom to 2021-03-15 00:00:00+00:00
[2021-03-17 19:29:34,919] {scheduler_job.py:190} INFO - Processing /Users/harika/Desktop/CSYE_7245/Labs/airflow_tfx_lab/vlab/lib/python3.7/site-packages/airflow/example_dags/example_xcom.py took 0.082 seconds
[2021-03-17 19:30:06,586] {scheduler_job.py:182} INFO - Started process (PID=29218) to work on /Users/harika/Desktop/CSYE_7245/Labs/airflow_tfx_lab/vlab/lib/python3.7/site-packages/airflow/example_dags/example_xcom.py
[2021-03-17 19:30:06,591] {scheduler_job.py:629} INFO - Processing file /Users/harika/Desktop/CSYE_7245/Labs/airflow_tfx_lab/vlab/lib/python3.7/site-packages/airflow/example_dags/example_xcom.py for tasks to queue
[2021-03-17 19:30:06,597] {logging_mixin.py:104} INFO - [2021-03-17 19:30:06,596] {dagbag.py:448} INFO - Filling up the DagBag from /Users/harika/Desktop/CSYE_7245/Labs/airflow_tfx_lab/vlab/lib/python3.7/site-packages/airflow/example_dags/example_xcom.py
[2021-03-17 19:30:06,620] {scheduler_job.py:639} INFO - DAG(s) dict_keys(['example_xcom']) retrieved from /Users/harika/Desktop/CSYE_7245/Labs/airflow_tfx_lab/vlab/lib/python3.7/site-packages/airflow/example_dags/example_xcom.py
[2021-03-17 19:30:06,658] {logging_mixin.py:104} INFO - [2021-03-17 19:30:06,657] {dag.py:1818} INFO - Sync 1 DAGs
[2021-03-17 19:30:06,691] {logging_mixin.py:104} INFO - [2021-03-17 19:30:06,690] {dag.py:2273} INFO - Setting next_dagrun for example_xcom to 2021-03-15 00:00:00+00:00
[2021-03-17 19:30:06,712] {scheduler_job.py:190} INFO - Processing /Users/harika/Desktop/CSYE_7245/Labs/airflow_tfx_lab/vlab/lib/python3.7/site-packages/airflow/example_dags/example_xcom.py took 0.137 seconds
[2021-03-17 19:30:45,592] {scheduler_job.py:182} INFO - Started process (PID=29305) to work on /Users/harika/Desktop/CSYE_7245/Labs/airflow_tfx_lab/vlab/lib/python3.7/site-packages/airflow/example_dags/example_xcom.py
[2021-03-17 19:30:45,596] {scheduler_job.py:629} INFO - Processing file /Users/harika/Desktop/CSYE_7245/Labs/airflow_tfx_lab/vlab/lib/python3.7/site-packages/airflow/example_dags/example_xcom.py for tasks to queue
[2021-03-17 19:30:45,598] {logging_mixin.py:104} INFO - [2021-03-17 19:30:45,597] {dagbag.py:448} INFO - Filling up the DagBag from /Users/harika/Desktop/CSYE_7245/Labs/airflow_tfx_lab/vlab/lib/python3.7/site-packages/airflow/example_dags/example_xcom.py
[2021-03-17 19:30:45,618] {scheduler_job.py:639} INFO - DAG(s) dict_keys(['example_xcom']) retrieved from /Users/harika/Desktop/CSYE_7245/Labs/airflow_tfx_lab/vlab/lib/python3.7/site-packages/airflow/example_dags/example_xcom.py
[2021-03-17 19:30:45,649] {logging_mixin.py:104} INFO - [2021-03-17 19:30:45,649] {dag.py:1818} INFO - Sync 1 DAGs
[2021-03-17 19:30:45,683] {logging_mixin.py:104} INFO - [2021-03-17 19:30:45,683] {dag.py:2273} INFO - Setting next_dagrun for example_xcom to 2021-03-15 00:00:00+00:00
[2021-03-17 19:30:45,701] {scheduler_job.py:190} INFO - Processing /Users/harika/Desktop/CSYE_7245/Labs/airflow_tfx_lab/vlab/lib/python3.7/site-packages/airflow/example_dags/example_xcom.py took 0.116 seconds
[2021-03-17 19:31:17,105] {scheduler_job.py:182} INFO - Started process (PID=29383) to work on /Users/harika/Desktop/CSYE_7245/Labs/airflow_tfx_lab/vlab/lib/python3.7/site-packages/airflow/example_dags/example_xcom.py
[2021-03-17 19:31:17,107] {scheduler_job.py:629} INFO - Processing file /Users/harika/Desktop/CSYE_7245/Labs/airflow_tfx_lab/vlab/lib/python3.7/site-packages/airflow/example_dags/example_xcom.py for tasks to queue
[2021-03-17 19:31:17,110] {logging_mixin.py:104} INFO - [2021-03-17 19:31:17,109] {dagbag.py:448} INFO - Filling up the DagBag from /Users/harika/Desktop/CSYE_7245/Labs/airflow_tfx_lab/vlab/lib/python3.7/site-packages/airflow/example_dags/example_xcom.py
[2021-03-17 19:31:17,130] {scheduler_job.py:639} INFO - DAG(s) dict_keys(['example_xcom']) retrieved from /Users/harika/Desktop/CSYE_7245/Labs/airflow_tfx_lab/vlab/lib/python3.7/site-packages/airflow/example_dags/example_xcom.py
[2021-03-17 19:31:17,160] {logging_mixin.py:104} INFO - [2021-03-17 19:31:17,159] {dag.py:1818} INFO - Sync 1 DAGs
[2021-03-17 19:31:17,186] {logging_mixin.py:104} INFO - [2021-03-17 19:31:17,186] {dag.py:2273} INFO - Setting next_dagrun for example_xcom to 2021-03-15 00:00:00+00:00
[2021-03-17 19:31:17,197] {scheduler_job.py:190} INFO - Processing /Users/harika/Desktop/CSYE_7245/Labs/airflow_tfx_lab/vlab/lib/python3.7/site-packages/airflow/example_dags/example_xcom.py took 0.099 seconds
[2021-03-17 19:32:04,714] {scheduler_job.py:182} INFO - Started process (PID=29437) to work on /Users/harika/Desktop/CSYE_7245/Labs/airflow_tfx_lab/vlab/lib/python3.7/site-packages/airflow/example_dags/example_xcom.py
[2021-03-17 19:32:04,723] {scheduler_job.py:629} INFO - Processing file /Users/harika/Desktop/CSYE_7245/Labs/airflow_tfx_lab/vlab/lib/python3.7/site-packages/airflow/example_dags/example_xcom.py for tasks to queue
[2021-03-17 19:32:04,727] {logging_mixin.py:104} INFO - [2021-03-17 19:32:04,726] {dagbag.py:448} INFO - Filling up the DagBag from /Users/harika/Desktop/CSYE_7245/Labs/airflow_tfx_lab/vlab/lib/python3.7/site-packages/airflow/example_dags/example_xcom.py
[2021-03-17 19:32:04,762] {scheduler_job.py:639} INFO - DAG(s) dict_keys(['example_xcom']) retrieved from /Users/harika/Desktop/CSYE_7245/Labs/airflow_tfx_lab/vlab/lib/python3.7/site-packages/airflow/example_dags/example_xcom.py
[2021-03-17 19:32:04,804] {logging_mixin.py:104} INFO - [2021-03-17 19:32:04,803] {dag.py:1818} INFO - Sync 1 DAGs
[2021-03-17 19:32:04,862] {logging_mixin.py:104} INFO - [2021-03-17 19:32:04,861] {dag.py:2273} INFO - Setting next_dagrun for example_xcom to 2021-03-15 00:00:00+00:00
[2021-03-17 19:32:04,903] {scheduler_job.py:190} INFO - Processing /Users/harika/Desktop/CSYE_7245/Labs/airflow_tfx_lab/vlab/lib/python3.7/site-packages/airflow/example_dags/example_xcom.py took 0.198 seconds
[2021-03-17 19:33:06,356] {scheduler_job.py:182} INFO - Started process (PID=29509) to work on /Users/harika/Desktop/CSYE_7245/Labs/airflow_tfx_lab/vlab/lib/python3.7/site-packages/airflow/example_dags/example_xcom.py
[2021-03-17 19:33:06,359] {scheduler_job.py:629} INFO - Processing file /Users/harika/Desktop/CSYE_7245/Labs/airflow_tfx_lab/vlab/lib/python3.7/site-packages/airflow/example_dags/example_xcom.py for tasks to queue
[2021-03-17 19:33:06,361] {logging_mixin.py:104} INFO - [2021-03-17 19:33:06,360] {dagbag.py:448} INFO - Filling up the DagBag from /Users/harika/Desktop/CSYE_7245/Labs/airflow_tfx_lab/vlab/lib/python3.7/site-packages/airflow/example_dags/example_xcom.py
[2021-03-17 19:33:06,382] {scheduler_job.py:639} INFO - DAG(s) dict_keys(['example_xcom']) retrieved from /Users/harika/Desktop/CSYE_7245/Labs/airflow_tfx_lab/vlab/lib/python3.7/site-packages/airflow/example_dags/example_xcom.py
[2021-03-17 19:33:06,408] {logging_mixin.py:104} INFO - [2021-03-17 19:33:06,407] {dag.py:1818} INFO - Sync 1 DAGs
[2021-03-17 19:33:06,425] {logging_mixin.py:104} INFO - [2021-03-17 19:33:06,424] {dag.py:2273} INFO - Setting next_dagrun for example_xcom to 2021-03-15 00:00:00+00:00
[2021-03-17 19:33:06,433] {scheduler_job.py:190} INFO - Processing /Users/harika/Desktop/CSYE_7245/Labs/airflow_tfx_lab/vlab/lib/python3.7/site-packages/airflow/example_dags/example_xcom.py took 0.081 seconds
[2021-03-17 19:33:44,798] {scheduler_job.py:182} INFO - Started process (PID=29569) to work on /Users/harika/Desktop/CSYE_7245/Labs/airflow_tfx_lab/vlab/lib/python3.7/site-packages/airflow/example_dags/example_xcom.py
[2021-03-17 19:33:44,802] {scheduler_job.py:629} INFO - Processing file /Users/harika/Desktop/CSYE_7245/Labs/airflow_tfx_lab/vlab/lib/python3.7/site-packages/airflow/example_dags/example_xcom.py for tasks to queue
[2021-03-17 19:33:44,804] {logging_mixin.py:104} INFO - [2021-03-17 19:33:44,803] {dagbag.py:448} INFO - Filling up the DagBag from /Users/harika/Desktop/CSYE_7245/Labs/airflow_tfx_lab/vlab/lib/python3.7/site-packages/airflow/example_dags/example_xcom.py
[2021-03-17 19:33:44,821] {scheduler_job.py:639} INFO - DAG(s) dict_keys(['example_xcom']) retrieved from /Users/harika/Desktop/CSYE_7245/Labs/airflow_tfx_lab/vlab/lib/python3.7/site-packages/airflow/example_dags/example_xcom.py
[2021-03-17 19:33:44,848] {logging_mixin.py:104} INFO - [2021-03-17 19:33:44,848] {dag.py:1818} INFO - Sync 1 DAGs
[2021-03-17 19:33:44,864] {logging_mixin.py:104} INFO - [2021-03-17 19:33:44,863] {dag.py:2273} INFO - Setting next_dagrun for example_xcom to 2021-03-15 00:00:00+00:00
[2021-03-17 19:33:44,873] {scheduler_job.py:190} INFO - Processing /Users/harika/Desktop/CSYE_7245/Labs/airflow_tfx_lab/vlab/lib/python3.7/site-packages/airflow/example_dags/example_xcom.py took 0.082 seconds
[2021-03-17 19:34:19,376] {scheduler_job.py:182} INFO - Started process (PID=29608) to work on /Users/harika/Desktop/CSYE_7245/Labs/airflow_tfx_lab/vlab/lib/python3.7/site-packages/airflow/example_dags/example_xcom.py
[2021-03-17 19:34:19,380] {scheduler_job.py:629} INFO - Processing file /Users/harika/Desktop/CSYE_7245/Labs/airflow_tfx_lab/vlab/lib/python3.7/site-packages/airflow/example_dags/example_xcom.py for tasks to queue
[2021-03-17 19:34:19,388] {logging_mixin.py:104} INFO - [2021-03-17 19:34:19,382] {dagbag.py:448} INFO - Filling up the DagBag from /Users/harika/Desktop/CSYE_7245/Labs/airflow_tfx_lab/vlab/lib/python3.7/site-packages/airflow/example_dags/example_xcom.py
[2021-03-17 19:34:19,423] {scheduler_job.py:639} INFO - DAG(s) dict_keys(['example_xcom']) retrieved from /Users/harika/Desktop/CSYE_7245/Labs/airflow_tfx_lab/vlab/lib/python3.7/site-packages/airflow/example_dags/example_xcom.py
[2021-03-17 19:34:19,453] {logging_mixin.py:104} INFO - [2021-03-17 19:34:19,453] {dag.py:1818} INFO - Sync 1 DAGs
[2021-03-17 19:34:19,475] {logging_mixin.py:104} INFO - [2021-03-17 19:34:19,474] {dag.py:2273} INFO - Setting next_dagrun for example_xcom to 2021-03-15 00:00:00+00:00
[2021-03-17 19:34:19,489] {scheduler_job.py:190} INFO - Processing /Users/harika/Desktop/CSYE_7245/Labs/airflow_tfx_lab/vlab/lib/python3.7/site-packages/airflow/example_dags/example_xcom.py took 0.120 seconds
[2021-03-17 19:35:21,092] {scheduler_job.py:182} INFO - Started process (PID=29665) to work on /Users/harika/Desktop/CSYE_7245/Labs/airflow_tfx_lab/vlab/lib/python3.7/site-packages/airflow/example_dags/example_xcom.py
[2021-03-17 19:35:21,097] {scheduler_job.py:629} INFO - Processing file /Users/harika/Desktop/CSYE_7245/Labs/airflow_tfx_lab/vlab/lib/python3.7/site-packages/airflow/example_dags/example_xcom.py for tasks to queue
[2021-03-17 19:35:21,099] {logging_mixin.py:104} INFO - [2021-03-17 19:35:21,099] {dagbag.py:448} INFO - Filling up the DagBag from /Users/harika/Desktop/CSYE_7245/Labs/airflow_tfx_lab/vlab/lib/python3.7/site-packages/airflow/example_dags/example_xcom.py
[2021-03-17 19:35:21,137] {scheduler_job.py:639} INFO - DAG(s) dict_keys(['example_xcom']) retrieved from /Users/harika/Desktop/CSYE_7245/Labs/airflow_tfx_lab/vlab/lib/python3.7/site-packages/airflow/example_dags/example_xcom.py
[2021-03-17 19:35:21,175] {logging_mixin.py:104} INFO - [2021-03-17 19:35:21,174] {dag.py:1818} INFO - Sync 1 DAGs
[2021-03-17 19:35:21,196] {logging_mixin.py:104} INFO - [2021-03-17 19:35:21,196] {dag.py:2273} INFO - Setting next_dagrun for example_xcom to 2021-03-15 00:00:00+00:00
[2021-03-17 19:35:21,209] {scheduler_job.py:190} INFO - Processing /Users/harika/Desktop/CSYE_7245/Labs/airflow_tfx_lab/vlab/lib/python3.7/site-packages/airflow/example_dags/example_xcom.py took 0.126 seconds
[2021-03-17 19:35:51,839] {scheduler_job.py:182} INFO - Started process (PID=29693) to work on /Users/harika/Desktop/CSYE_7245/Labs/airflow_tfx_lab/vlab/lib/python3.7/site-packages/airflow/example_dags/example_xcom.py
[2021-03-17 19:35:51,842] {scheduler_job.py:629} INFO - Processing file /Users/harika/Desktop/CSYE_7245/Labs/airflow_tfx_lab/vlab/lib/python3.7/site-packages/airflow/example_dags/example_xcom.py for tasks to queue
[2021-03-17 19:35:51,844] {logging_mixin.py:104} INFO - [2021-03-17 19:35:51,843] {dagbag.py:448} INFO - Filling up the DagBag from /Users/harika/Desktop/CSYE_7245/Labs/airflow_tfx_lab/vlab/lib/python3.7/site-packages/airflow/example_dags/example_xcom.py
[2021-03-17 19:35:51,884] {scheduler_job.py:639} INFO - DAG(s) dict_keys(['example_xcom']) retrieved from /Users/harika/Desktop/CSYE_7245/Labs/airflow_tfx_lab/vlab/lib/python3.7/site-packages/airflow/example_dags/example_xcom.py
[2021-03-17 19:35:51,905] {logging_mixin.py:104} INFO - [2021-03-17 19:35:51,905] {dag.py:1818} INFO - Sync 1 DAGs
[2021-03-17 19:35:51,926] {logging_mixin.py:104} INFO - [2021-03-17 19:35:51,925] {dag.py:2273} INFO - Setting next_dagrun for example_xcom to 2021-03-15 00:00:00+00:00
[2021-03-17 19:35:51,944] {scheduler_job.py:190} INFO - Processing /Users/harika/Desktop/CSYE_7245/Labs/airflow_tfx_lab/vlab/lib/python3.7/site-packages/airflow/example_dags/example_xcom.py took 0.112 seconds
[2021-03-17 19:37:06,477] {scheduler_job.py:182} INFO - Started process (PID=29766) to work on /Users/harika/Desktop/CSYE_7245/Labs/airflow_tfx_lab/vlab/lib/python3.7/site-packages/airflow/example_dags/example_xcom.py
[2021-03-17 19:37:06,480] {scheduler_job.py:629} INFO - Processing file /Users/harika/Desktop/CSYE_7245/Labs/airflow_tfx_lab/vlab/lib/python3.7/site-packages/airflow/example_dags/example_xcom.py for tasks to queue
[2021-03-17 19:37:06,483] {logging_mixin.py:104} INFO - [2021-03-17 19:37:06,482] {dagbag.py:448} INFO - Filling up the DagBag from /Users/harika/Desktop/CSYE_7245/Labs/airflow_tfx_lab/vlab/lib/python3.7/site-packages/airflow/example_dags/example_xcom.py
[2021-03-17 19:37:06,513] {scheduler_job.py:639} INFO - DAG(s) dict_keys(['example_xcom']) retrieved from /Users/harika/Desktop/CSYE_7245/Labs/airflow_tfx_lab/vlab/lib/python3.7/site-packages/airflow/example_dags/example_xcom.py
[2021-03-17 19:37:06,539] {logging_mixin.py:104} INFO - [2021-03-17 19:37:06,538] {dag.py:1818} INFO - Sync 1 DAGs
[2021-03-17 19:37:06,567] {logging_mixin.py:104} INFO - [2021-03-17 19:37:06,567] {dag.py:2273} INFO - Setting next_dagrun for example_xcom to 2021-03-15 00:00:00+00:00
[2021-03-17 19:37:06,590] {scheduler_job.py:190} INFO - Processing /Users/harika/Desktop/CSYE_7245/Labs/airflow_tfx_lab/vlab/lib/python3.7/site-packages/airflow/example_dags/example_xcom.py took 0.120 seconds
[2021-03-17 19:38:13,706] {scheduler_job.py:182} INFO - Started process (PID=29823) to work on /Users/harika/Desktop/CSYE_7245/Labs/airflow_tfx_lab/vlab/lib/python3.7/site-packages/airflow/example_dags/example_xcom.py
[2021-03-17 19:38:13,709] {scheduler_job.py:629} INFO - Processing file /Users/harika/Desktop/CSYE_7245/Labs/airflow_tfx_lab/vlab/lib/python3.7/site-packages/airflow/example_dags/example_xcom.py for tasks to queue
[2021-03-17 19:38:13,711] {logging_mixin.py:104} INFO - [2021-03-17 19:38:13,710] {dagbag.py:448} INFO - Filling up the DagBag from /Users/harika/Desktop/CSYE_7245/Labs/airflow_tfx_lab/vlab/lib/python3.7/site-packages/airflow/example_dags/example_xcom.py
[2021-03-17 19:38:13,741] {scheduler_job.py:639} INFO - DAG(s) dict_keys(['example_xcom']) retrieved from /Users/harika/Desktop/CSYE_7245/Labs/airflow_tfx_lab/vlab/lib/python3.7/site-packages/airflow/example_dags/example_xcom.py
[2021-03-17 19:38:13,758] {logging_mixin.py:104} INFO - [2021-03-17 19:38:13,758] {dag.py:1818} INFO - Sync 1 DAGs
[2021-03-17 19:38:13,771] {logging_mixin.py:104} INFO - [2021-03-17 19:38:13,771] {dag.py:2273} INFO - Setting next_dagrun for example_xcom to 2021-03-15 00:00:00+00:00
[2021-03-17 19:38:13,785] {scheduler_job.py:190} INFO - Processing /Users/harika/Desktop/CSYE_7245/Labs/airflow_tfx_lab/vlab/lib/python3.7/site-packages/airflow/example_dags/example_xcom.py took 0.084 seconds
[2021-03-17 19:38:46,193] {scheduler_job.py:182} INFO - Started process (PID=29850) to work on /Users/harika/Desktop/CSYE_7245/Labs/airflow_tfx_lab/vlab/lib/python3.7/site-packages/airflow/example_dags/example_xcom.py
[2021-03-17 19:38:46,202] {scheduler_job.py:629} INFO - Processing file /Users/harika/Desktop/CSYE_7245/Labs/airflow_tfx_lab/vlab/lib/python3.7/site-packages/airflow/example_dags/example_xcom.py for tasks to queue
[2021-03-17 19:38:46,206] {logging_mixin.py:104} INFO - [2021-03-17 19:38:46,204] {dagbag.py:448} INFO - Filling up the DagBag from /Users/harika/Desktop/CSYE_7245/Labs/airflow_tfx_lab/vlab/lib/python3.7/site-packages/airflow/example_dags/example_xcom.py
[2021-03-17 19:38:46,242] {scheduler_job.py:639} INFO - DAG(s) dict_keys(['example_xcom']) retrieved from /Users/harika/Desktop/CSYE_7245/Labs/airflow_tfx_lab/vlab/lib/python3.7/site-packages/airflow/example_dags/example_xcom.py
[2021-03-17 19:38:46,287] {logging_mixin.py:104} INFO - [2021-03-17 19:38:46,286] {dag.py:1818} INFO - Sync 1 DAGs
[2021-03-17 19:38:46,325] {logging_mixin.py:104} INFO - [2021-03-17 19:38:46,324] {dag.py:2273} INFO - Setting next_dagrun for example_xcom to 2021-03-15 00:00:00+00:00
[2021-03-17 19:38:46,353] {scheduler_job.py:190} INFO - Processing /Users/harika/Desktop/CSYE_7245/Labs/airflow_tfx_lab/vlab/lib/python3.7/site-packages/airflow/example_dags/example_xcom.py took 0.167 seconds
[2021-03-17 19:39:21,173] {scheduler_job.py:182} INFO - Started process (PID=29892) to work on /Users/harika/Desktop/CSYE_7245/Labs/airflow_tfx_lab/vlab/lib/python3.7/site-packages/airflow/example_dags/example_xcom.py
[2021-03-17 19:39:21,179] {scheduler_job.py:629} INFO - Processing file /Users/harika/Desktop/CSYE_7245/Labs/airflow_tfx_lab/vlab/lib/python3.7/site-packages/airflow/example_dags/example_xcom.py for tasks to queue
[2021-03-17 19:39:21,188] {logging_mixin.py:104} INFO - [2021-03-17 19:39:21,185] {dagbag.py:448} INFO - Filling up the DagBag from /Users/harika/Desktop/CSYE_7245/Labs/airflow_tfx_lab/vlab/lib/python3.7/site-packages/airflow/example_dags/example_xcom.py
[2021-03-17 19:39:21,276] {scheduler_job.py:639} INFO - DAG(s) dict_keys(['example_xcom']) retrieved from /Users/harika/Desktop/CSYE_7245/Labs/airflow_tfx_lab/vlab/lib/python3.7/site-packages/airflow/example_dags/example_xcom.py
[2021-03-17 19:39:21,350] {logging_mixin.py:104} INFO - [2021-03-17 19:39:21,349] {dag.py:1818} INFO - Sync 1 DAGs
[2021-03-17 19:39:21,385] {logging_mixin.py:104} INFO - [2021-03-17 19:39:21,381] {dag.py:2273} INFO - Setting next_dagrun for example_xcom to 2021-03-15 00:00:00+00:00
[2021-03-17 19:39:21,410] {scheduler_job.py:190} INFO - Processing /Users/harika/Desktop/CSYE_7245/Labs/airflow_tfx_lab/vlab/lib/python3.7/site-packages/airflow/example_dags/example_xcom.py took 0.247 seconds
[2021-03-17 19:40:11,400] {scheduler_job.py:182} INFO - Started process (PID=29978) to work on /Users/harika/Desktop/CSYE_7245/Labs/airflow_tfx_lab/vlab/lib/python3.7/site-packages/airflow/example_dags/example_xcom.py
[2021-03-17 19:40:11,403] {scheduler_job.py:629} INFO - Processing file /Users/harika/Desktop/CSYE_7245/Labs/airflow_tfx_lab/vlab/lib/python3.7/site-packages/airflow/example_dags/example_xcom.py for tasks to queue
[2021-03-17 19:40:11,405] {logging_mixin.py:104} INFO - [2021-03-17 19:40:11,405] {dagbag.py:448} INFO - Filling up the DagBag from /Users/harika/Desktop/CSYE_7245/Labs/airflow_tfx_lab/vlab/lib/python3.7/site-packages/airflow/example_dags/example_xcom.py
[2021-03-17 19:40:11,433] {scheduler_job.py:639} INFO - DAG(s) dict_keys(['example_xcom']) retrieved from /Users/harika/Desktop/CSYE_7245/Labs/airflow_tfx_lab/vlab/lib/python3.7/site-packages/airflow/example_dags/example_xcom.py
[2021-03-17 19:40:11,455] {logging_mixin.py:104} INFO - [2021-03-17 19:40:11,454] {dag.py:1818} INFO - Sync 1 DAGs
[2021-03-17 19:40:11,469] {logging_mixin.py:104} INFO - [2021-03-17 19:40:11,469] {dag.py:2273} INFO - Setting next_dagrun for example_xcom to 2021-03-15 00:00:00+00:00
[2021-03-17 19:40:11,482] {scheduler_job.py:190} INFO - Processing /Users/harika/Desktop/CSYE_7245/Labs/airflow_tfx_lab/vlab/lib/python3.7/site-packages/airflow/example_dags/example_xcom.py took 0.088 seconds
[2021-03-17 19:40:50,207] {scheduler_job.py:182} INFO - Started process (PID=30020) to work on /Users/harika/Desktop/CSYE_7245/Labs/airflow_tfx_lab/vlab/lib/python3.7/site-packages/airflow/example_dags/example_xcom.py
[2021-03-17 19:40:50,214] {scheduler_job.py:629} INFO - Processing file /Users/harika/Desktop/CSYE_7245/Labs/airflow_tfx_lab/vlab/lib/python3.7/site-packages/airflow/example_dags/example_xcom.py for tasks to queue
[2021-03-17 19:40:50,216] {logging_mixin.py:104} INFO - [2021-03-17 19:40:50,215] {dagbag.py:448} INFO - Filling up the DagBag from /Users/harika/Desktop/CSYE_7245/Labs/airflow_tfx_lab/vlab/lib/python3.7/site-packages/airflow/example_dags/example_xcom.py
[2021-03-17 19:40:50,251] {scheduler_job.py:639} INFO - DAG(s) dict_keys(['example_xcom']) retrieved from /Users/harika/Desktop/CSYE_7245/Labs/airflow_tfx_lab/vlab/lib/python3.7/site-packages/airflow/example_dags/example_xcom.py
[2021-03-17 19:40:50,275] {logging_mixin.py:104} INFO - [2021-03-17 19:40:50,274] {dag.py:1818} INFO - Sync 1 DAGs
[2021-03-17 19:40:50,304] {logging_mixin.py:104} INFO - [2021-03-17 19:40:50,302] {dag.py:2273} INFO - Setting next_dagrun for example_xcom to 2021-03-15 00:00:00+00:00
[2021-03-17 19:40:50,326] {scheduler_job.py:190} INFO - Processing /Users/harika/Desktop/CSYE_7245/Labs/airflow_tfx_lab/vlab/lib/python3.7/site-packages/airflow/example_dags/example_xcom.py took 0.126 seconds
[2021-03-17 19:41:36,757] {scheduler_job.py:182} INFO - Started process (PID=30062) to work on /Users/harika/Desktop/CSYE_7245/Labs/airflow_tfx_lab/vlab/lib/python3.7/site-packages/airflow/example_dags/example_xcom.py
[2021-03-17 19:41:36,759] {scheduler_job.py:629} INFO - Processing file /Users/harika/Desktop/CSYE_7245/Labs/airflow_tfx_lab/vlab/lib/python3.7/site-packages/airflow/example_dags/example_xcom.py for tasks to queue
[2021-03-17 19:41:36,762] {logging_mixin.py:104} INFO - [2021-03-17 19:41:36,761] {dagbag.py:448} INFO - Filling up the DagBag from /Users/harika/Desktop/CSYE_7245/Labs/airflow_tfx_lab/vlab/lib/python3.7/site-packages/airflow/example_dags/example_xcom.py
[2021-03-17 19:41:36,782] {scheduler_job.py:639} INFO - DAG(s) dict_keys(['example_xcom']) retrieved from /Users/harika/Desktop/CSYE_7245/Labs/airflow_tfx_lab/vlab/lib/python3.7/site-packages/airflow/example_dags/example_xcom.py
[2021-03-17 19:41:36,805] {logging_mixin.py:104} INFO - [2021-03-17 19:41:36,804] {dag.py:1818} INFO - Sync 1 DAGs
[2021-03-17 19:41:36,827] {logging_mixin.py:104} INFO - [2021-03-17 19:41:36,827] {dag.py:2273} INFO - Setting next_dagrun for example_xcom to 2021-03-15 00:00:00+00:00
[2021-03-17 19:41:36,844] {scheduler_job.py:190} INFO - Processing /Users/harika/Desktop/CSYE_7245/Labs/airflow_tfx_lab/vlab/lib/python3.7/site-packages/airflow/example_dags/example_xcom.py took 0.091 seconds
[2021-03-17 19:42:18,339] {scheduler_job.py:182} INFO - Started process (PID=30111) to work on /Users/harika/Desktop/CSYE_7245/Labs/airflow_tfx_lab/vlab/lib/python3.7/site-packages/airflow/example_dags/example_xcom.py
[2021-03-17 19:42:18,342] {scheduler_job.py:629} INFO - Processing file /Users/harika/Desktop/CSYE_7245/Labs/airflow_tfx_lab/vlab/lib/python3.7/site-packages/airflow/example_dags/example_xcom.py for tasks to queue
[2021-03-17 19:42:18,344] {logging_mixin.py:104} INFO - [2021-03-17 19:42:18,343] {dagbag.py:448} INFO - Filling up the DagBag from /Users/harika/Desktop/CSYE_7245/Labs/airflow_tfx_lab/vlab/lib/python3.7/site-packages/airflow/example_dags/example_xcom.py
[2021-03-17 19:42:18,363] {scheduler_job.py:639} INFO - DAG(s) dict_keys(['example_xcom']) retrieved from /Users/harika/Desktop/CSYE_7245/Labs/airflow_tfx_lab/vlab/lib/python3.7/site-packages/airflow/example_dags/example_xcom.py
[2021-03-17 19:42:18,380] {logging_mixin.py:104} INFO - [2021-03-17 19:42:18,380] {dag.py:1818} INFO - Sync 1 DAGs
[2021-03-17 19:42:18,393] {logging_mixin.py:104} INFO - [2021-03-17 19:42:18,392] {dag.py:2273} INFO - Setting next_dagrun for example_xcom to 2021-03-15 00:00:00+00:00
[2021-03-17 19:42:18,403] {scheduler_job.py:190} INFO - Processing /Users/harika/Desktop/CSYE_7245/Labs/airflow_tfx_lab/vlab/lib/python3.7/site-packages/airflow/example_dags/example_xcom.py took 0.068 seconds
[2021-03-17 19:42:57,610] {scheduler_job.py:182} INFO - Started process (PID=30152) to work on /Users/harika/Desktop/CSYE_7245/Labs/airflow_tfx_lab/vlab/lib/python3.7/site-packages/airflow/example_dags/example_xcom.py
[2021-03-17 19:42:57,612] {scheduler_job.py:629} INFO - Processing file /Users/harika/Desktop/CSYE_7245/Labs/airflow_tfx_lab/vlab/lib/python3.7/site-packages/airflow/example_dags/example_xcom.py for tasks to queue
[2021-03-17 19:42:57,613] {logging_mixin.py:104} INFO - [2021-03-17 19:42:57,613] {dagbag.py:448} INFO - Filling up the DagBag from /Users/harika/Desktop/CSYE_7245/Labs/airflow_tfx_lab/vlab/lib/python3.7/site-packages/airflow/example_dags/example_xcom.py
[2021-03-17 19:42:57,629] {scheduler_job.py:639} INFO - DAG(s) dict_keys(['example_xcom']) retrieved from /Users/harika/Desktop/CSYE_7245/Labs/airflow_tfx_lab/vlab/lib/python3.7/site-packages/airflow/example_dags/example_xcom.py
[2021-03-17 19:42:57,645] {logging_mixin.py:104} INFO - [2021-03-17 19:42:57,645] {dag.py:1818} INFO - Sync 1 DAGs
[2021-03-17 19:42:57,657] {logging_mixin.py:104} INFO - [2021-03-17 19:42:57,657] {dag.py:2273} INFO - Setting next_dagrun for example_xcom to 2021-03-15 00:00:00+00:00
[2021-03-17 19:42:57,666] {scheduler_job.py:190} INFO - Processing /Users/harika/Desktop/CSYE_7245/Labs/airflow_tfx_lab/vlab/lib/python3.7/site-packages/airflow/example_dags/example_xcom.py took 0.061 seconds
[2021-03-17 19:43:36,667] {scheduler_job.py:182} INFO - Started process (PID=30207) to work on /Users/harika/Desktop/CSYE_7245/Labs/airflow_tfx_lab/vlab/lib/python3.7/site-packages/airflow/example_dags/example_xcom.py
[2021-03-17 19:43:36,670] {scheduler_job.py:629} INFO - Processing file /Users/harika/Desktop/CSYE_7245/Labs/airflow_tfx_lab/vlab/lib/python3.7/site-packages/airflow/example_dags/example_xcom.py for tasks to queue
[2021-03-17 19:43:36,674] {logging_mixin.py:104} INFO - [2021-03-17 19:43:36,672] {dagbag.py:448} INFO - Filling up the DagBag from /Users/harika/Desktop/CSYE_7245/Labs/airflow_tfx_lab/vlab/lib/python3.7/site-packages/airflow/example_dags/example_xcom.py
[2021-03-17 19:43:36,693] {scheduler_job.py:639} INFO - DAG(s) dict_keys(['example_xcom']) retrieved from /Users/harika/Desktop/CSYE_7245/Labs/airflow_tfx_lab/vlab/lib/python3.7/site-packages/airflow/example_dags/example_xcom.py
[2021-03-17 19:43:36,713] {logging_mixin.py:104} INFO - [2021-03-17 19:43:36,712] {dag.py:1818} INFO - Sync 1 DAGs
[2021-03-17 19:43:36,732] {logging_mixin.py:104} INFO - [2021-03-17 19:43:36,731] {dag.py:2273} INFO - Setting next_dagrun for example_xcom to 2021-03-15 00:00:00+00:00
[2021-03-17 19:43:36,744] {scheduler_job.py:190} INFO - Processing /Users/harika/Desktop/CSYE_7245/Labs/airflow_tfx_lab/vlab/lib/python3.7/site-packages/airflow/example_dags/example_xcom.py took 0.085 seconds
[2021-03-17 19:44:36,297] {scheduler_job.py:182} INFO - Started process (PID=30262) to work on /Users/harika/Desktop/CSYE_7245/Labs/airflow_tfx_lab/vlab/lib/python3.7/site-packages/airflow/example_dags/example_xcom.py
[2021-03-17 19:44:36,300] {scheduler_job.py:629} INFO - Processing file /Users/harika/Desktop/CSYE_7245/Labs/airflow_tfx_lab/vlab/lib/python3.7/site-packages/airflow/example_dags/example_xcom.py for tasks to queue
[2021-03-17 19:44:36,304] {logging_mixin.py:104} INFO - [2021-03-17 19:44:36,302] {dagbag.py:448} INFO - Filling up the DagBag from /Users/harika/Desktop/CSYE_7245/Labs/airflow_tfx_lab/vlab/lib/python3.7/site-packages/airflow/example_dags/example_xcom.py
[2021-03-17 19:44:36,327] {scheduler_job.py:639} INFO - DAG(s) dict_keys(['example_xcom']) retrieved from /Users/harika/Desktop/CSYE_7245/Labs/airflow_tfx_lab/vlab/lib/python3.7/site-packages/airflow/example_dags/example_xcom.py
[2021-03-17 19:44:36,351] {logging_mixin.py:104} INFO - [2021-03-17 19:44:36,350] {dag.py:1818} INFO - Sync 1 DAGs
[2021-03-17 19:44:36,372] {logging_mixin.py:104} INFO - [2021-03-17 19:44:36,372] {dag.py:2273} INFO - Setting next_dagrun for example_xcom to 2021-03-15 00:00:00+00:00
[2021-03-17 19:44:36,384] {scheduler_job.py:190} INFO - Processing /Users/harika/Desktop/CSYE_7245/Labs/airflow_tfx_lab/vlab/lib/python3.7/site-packages/airflow/example_dags/example_xcom.py took 0.097 seconds
[2021-03-17 19:45:08,561] {scheduler_job.py:182} INFO - Started process (PID=30295) to work on /Users/harika/Desktop/CSYE_7245/Labs/airflow_tfx_lab/vlab/lib/python3.7/site-packages/airflow/example_dags/example_xcom.py
[2021-03-17 19:45:08,564] {scheduler_job.py:629} INFO - Processing file /Users/harika/Desktop/CSYE_7245/Labs/airflow_tfx_lab/vlab/lib/python3.7/site-packages/airflow/example_dags/example_xcom.py for tasks to queue
[2021-03-17 19:45:08,565] {logging_mixin.py:104} INFO - [2021-03-17 19:45:08,565] {dagbag.py:448} INFO - Filling up the DagBag from /Users/harika/Desktop/CSYE_7245/Labs/airflow_tfx_lab/vlab/lib/python3.7/site-packages/airflow/example_dags/example_xcom.py
[2021-03-17 19:45:08,585] {scheduler_job.py:639} INFO - DAG(s) dict_keys(['example_xcom']) retrieved from /Users/harika/Desktop/CSYE_7245/Labs/airflow_tfx_lab/vlab/lib/python3.7/site-packages/airflow/example_dags/example_xcom.py
[2021-03-17 19:45:08,603] {logging_mixin.py:104} INFO - [2021-03-17 19:45:08,602] {dag.py:1818} INFO - Sync 1 DAGs
[2021-03-17 19:45:08,615] {logging_mixin.py:104} INFO - [2021-03-17 19:45:08,614] {dag.py:2273} INFO - Setting next_dagrun for example_xcom to 2021-03-15 00:00:00+00:00
[2021-03-17 19:45:08,624] {scheduler_job.py:190} INFO - Processing /Users/harika/Desktop/CSYE_7245/Labs/airflow_tfx_lab/vlab/lib/python3.7/site-packages/airflow/example_dags/example_xcom.py took 0.067 seconds
[2021-03-17 19:45:48,179] {scheduler_job.py:182} INFO - Started process (PID=30335) to work on /Users/harika/Desktop/CSYE_7245/Labs/airflow_tfx_lab/vlab/lib/python3.7/site-packages/airflow/example_dags/example_xcom.py
[2021-03-17 19:45:48,182] {scheduler_job.py:629} INFO - Processing file /Users/harika/Desktop/CSYE_7245/Labs/airflow_tfx_lab/vlab/lib/python3.7/site-packages/airflow/example_dags/example_xcom.py for tasks to queue
[2021-03-17 19:45:48,183] {logging_mixin.py:104} INFO - [2021-03-17 19:45:48,183] {dagbag.py:448} INFO - Filling up the DagBag from /Users/harika/Desktop/CSYE_7245/Labs/airflow_tfx_lab/vlab/lib/python3.7/site-packages/airflow/example_dags/example_xcom.py
[2021-03-17 19:45:48,200] {scheduler_job.py:639} INFO - DAG(s) dict_keys(['example_xcom']) retrieved from /Users/harika/Desktop/CSYE_7245/Labs/airflow_tfx_lab/vlab/lib/python3.7/site-packages/airflow/example_dags/example_xcom.py
[2021-03-17 19:45:48,217] {logging_mixin.py:104} INFO - [2021-03-17 19:45:48,216] {dag.py:1818} INFO - Sync 1 DAGs
[2021-03-17 19:45:48,234] {logging_mixin.py:104} INFO - [2021-03-17 19:45:48,233] {dag.py:2273} INFO - Setting next_dagrun for example_xcom to 2021-03-15 00:00:00+00:00
[2021-03-17 19:45:48,243] {scheduler_job.py:190} INFO - Processing /Users/harika/Desktop/CSYE_7245/Labs/airflow_tfx_lab/vlab/lib/python3.7/site-packages/airflow/example_dags/example_xcom.py took 0.068 seconds
[2021-03-17 19:46:26,578] {scheduler_job.py:182} INFO - Started process (PID=30364) to work on /Users/harika/Desktop/CSYE_7245/Labs/airflow_tfx_lab/vlab/lib/python3.7/site-packages/airflow/example_dags/example_xcom.py
[2021-03-17 19:46:26,579] {scheduler_job.py:629} INFO - Processing file /Users/harika/Desktop/CSYE_7245/Labs/airflow_tfx_lab/vlab/lib/python3.7/site-packages/airflow/example_dags/example_xcom.py for tasks to queue
[2021-03-17 19:46:26,581] {logging_mixin.py:104} INFO - [2021-03-17 19:46:26,580] {dagbag.py:448} INFO - Filling up the DagBag from /Users/harika/Desktop/CSYE_7245/Labs/airflow_tfx_lab/vlab/lib/python3.7/site-packages/airflow/example_dags/example_xcom.py
[2021-03-17 19:46:26,599] {scheduler_job.py:639} INFO - DAG(s) dict_keys(['example_xcom']) retrieved from /Users/harika/Desktop/CSYE_7245/Labs/airflow_tfx_lab/vlab/lib/python3.7/site-packages/airflow/example_dags/example_xcom.py
[2021-03-17 19:46:26,623] {logging_mixin.py:104} INFO - [2021-03-17 19:46:26,622] {dag.py:1818} INFO - Sync 1 DAGs
[2021-03-17 19:46:26,636] {logging_mixin.py:104} INFO - [2021-03-17 19:46:26,636] {dag.py:2273} INFO - Setting next_dagrun for example_xcom to 2021-03-15 00:00:00+00:00
[2021-03-17 19:46:26,645] {scheduler_job.py:190} INFO - Processing /Users/harika/Desktop/CSYE_7245/Labs/airflow_tfx_lab/vlab/lib/python3.7/site-packages/airflow/example_dags/example_xcom.py took 0.073 seconds
[2021-03-17 19:47:12,391] {scheduler_job.py:182} INFO - Started process (PID=30401) to work on /Users/harika/Desktop/CSYE_7245/Labs/airflow_tfx_lab/vlab/lib/python3.7/site-packages/airflow/example_dags/example_xcom.py
[2021-03-17 19:47:12,394] {scheduler_job.py:629} INFO - Processing file /Users/harika/Desktop/CSYE_7245/Labs/airflow_tfx_lab/vlab/lib/python3.7/site-packages/airflow/example_dags/example_xcom.py for tasks to queue
[2021-03-17 19:47:12,395] {logging_mixin.py:104} INFO - [2021-03-17 19:47:12,395] {dagbag.py:448} INFO - Filling up the DagBag from /Users/harika/Desktop/CSYE_7245/Labs/airflow_tfx_lab/vlab/lib/python3.7/site-packages/airflow/example_dags/example_xcom.py
[2021-03-17 19:47:12,414] {scheduler_job.py:639} INFO - DAG(s) dict_keys(['example_xcom']) retrieved from /Users/harika/Desktop/CSYE_7245/Labs/airflow_tfx_lab/vlab/lib/python3.7/site-packages/airflow/example_dags/example_xcom.py
[2021-03-17 19:47:12,436] {logging_mixin.py:104} INFO - [2021-03-17 19:47:12,435] {dag.py:1818} INFO - Sync 1 DAGs
[2021-03-17 19:47:12,452] {logging_mixin.py:104} INFO - [2021-03-17 19:47:12,452] {dag.py:2273} INFO - Setting next_dagrun for example_xcom to 2021-03-15 00:00:00+00:00
[2021-03-17 19:47:12,464] {scheduler_job.py:190} INFO - Processing /Users/harika/Desktop/CSYE_7245/Labs/airflow_tfx_lab/vlab/lib/python3.7/site-packages/airflow/example_dags/example_xcom.py took 0.077 seconds
[2021-03-17 19:47:57,898] {scheduler_job.py:182} INFO - Started process (PID=30442) to work on /Users/harika/Desktop/CSYE_7245/Labs/airflow_tfx_lab/vlab/lib/python3.7/site-packages/airflow/example_dags/example_xcom.py
[2021-03-17 19:47:57,900] {scheduler_job.py:629} INFO - Processing file /Users/harika/Desktop/CSYE_7245/Labs/airflow_tfx_lab/vlab/lib/python3.7/site-packages/airflow/example_dags/example_xcom.py for tasks to queue
[2021-03-17 19:47:57,901] {logging_mixin.py:104} INFO - [2021-03-17 19:47:57,901] {dagbag.py:448} INFO - Filling up the DagBag from /Users/harika/Desktop/CSYE_7245/Labs/airflow_tfx_lab/vlab/lib/python3.7/site-packages/airflow/example_dags/example_xcom.py
[2021-03-17 19:47:57,918] {scheduler_job.py:639} INFO - DAG(s) dict_keys(['example_xcom']) retrieved from /Users/harika/Desktop/CSYE_7245/Labs/airflow_tfx_lab/vlab/lib/python3.7/site-packages/airflow/example_dags/example_xcom.py
[2021-03-17 19:47:57,937] {logging_mixin.py:104} INFO - [2021-03-17 19:47:57,936] {dag.py:1818} INFO - Sync 1 DAGs
[2021-03-17 19:47:57,952] {logging_mixin.py:104} INFO - [2021-03-17 19:47:57,951] {dag.py:2273} INFO - Setting next_dagrun for example_xcom to 2021-03-15 00:00:00+00:00
[2021-03-17 19:47:57,962] {scheduler_job.py:190} INFO - Processing /Users/harika/Desktop/CSYE_7245/Labs/airflow_tfx_lab/vlab/lib/python3.7/site-packages/airflow/example_dags/example_xcom.py took 0.069 seconds
[2021-03-17 19:48:39,348] {scheduler_job.py:182} INFO - Started process (PID=30492) to work on /Users/harika/Desktop/CSYE_7245/Labs/airflow_tfx_lab/vlab/lib/python3.7/site-packages/airflow/example_dags/example_xcom.py
[2021-03-17 19:48:39,351] {scheduler_job.py:629} INFO - Processing file /Users/harika/Desktop/CSYE_7245/Labs/airflow_tfx_lab/vlab/lib/python3.7/site-packages/airflow/example_dags/example_xcom.py for tasks to queue
[2021-03-17 19:48:39,356] {logging_mixin.py:104} INFO - [2021-03-17 19:48:39,353] {dagbag.py:448} INFO - Filling up the DagBag from /Users/harika/Desktop/CSYE_7245/Labs/airflow_tfx_lab/vlab/lib/python3.7/site-packages/airflow/example_dags/example_xcom.py
[2021-03-17 19:48:39,375] {scheduler_job.py:639} INFO - DAG(s) dict_keys(['example_xcom']) retrieved from /Users/harika/Desktop/CSYE_7245/Labs/airflow_tfx_lab/vlab/lib/python3.7/site-packages/airflow/example_dags/example_xcom.py
[2021-03-17 19:48:39,404] {logging_mixin.py:104} INFO - [2021-03-17 19:48:39,404] {dag.py:1818} INFO - Sync 1 DAGs
[2021-03-17 19:48:39,451] {logging_mixin.py:104} INFO - [2021-03-17 19:48:39,449] {dag.py:2273} INFO - Setting next_dagrun for example_xcom to 2021-03-15 00:00:00+00:00
[2021-03-17 19:48:39,512] {scheduler_job.py:190} INFO - Processing /Users/harika/Desktop/CSYE_7245/Labs/airflow_tfx_lab/vlab/lib/python3.7/site-packages/airflow/example_dags/example_xcom.py took 0.169 seconds
[2021-03-17 19:49:25,134] {scheduler_job.py:182} INFO - Started process (PID=30559) to work on /Users/harika/Desktop/CSYE_7245/Labs/airflow_tfx_lab/vlab/lib/python3.7/site-packages/airflow/example_dags/example_xcom.py
[2021-03-17 19:49:25,136] {scheduler_job.py:629} INFO - Processing file /Users/harika/Desktop/CSYE_7245/Labs/airflow_tfx_lab/vlab/lib/python3.7/site-packages/airflow/example_dags/example_xcom.py for tasks to queue
[2021-03-17 19:49:25,139] {logging_mixin.py:104} INFO - [2021-03-17 19:49:25,138] {dagbag.py:448} INFO - Filling up the DagBag from /Users/harika/Desktop/CSYE_7245/Labs/airflow_tfx_lab/vlab/lib/python3.7/site-packages/airflow/example_dags/example_xcom.py
[2021-03-17 19:49:25,161] {scheduler_job.py:639} INFO - DAG(s) dict_keys(['example_xcom']) retrieved from /Users/harika/Desktop/CSYE_7245/Labs/airflow_tfx_lab/vlab/lib/python3.7/site-packages/airflow/example_dags/example_xcom.py
[2021-03-17 19:49:25,191] {logging_mixin.py:104} INFO - [2021-03-17 19:49:25,190] {dag.py:1818} INFO - Sync 1 DAGs
[2021-03-17 19:49:25,215] {logging_mixin.py:104} INFO - [2021-03-17 19:49:25,214] {dag.py:2273} INFO - Setting next_dagrun for example_xcom to 2021-03-15 00:00:00+00:00
[2021-03-17 19:49:25,233] {scheduler_job.py:190} INFO - Processing /Users/harika/Desktop/CSYE_7245/Labs/airflow_tfx_lab/vlab/lib/python3.7/site-packages/airflow/example_dags/example_xcom.py took 0.105 seconds
[2021-03-17 19:50:08,673] {scheduler_job.py:182} INFO - Started process (PID=30593) to work on /Users/harika/Desktop/CSYE_7245/Labs/airflow_tfx_lab/vlab/lib/python3.7/site-packages/airflow/example_dags/example_xcom.py
[2021-03-17 19:50:08,675] {scheduler_job.py:629} INFO - Processing file /Users/harika/Desktop/CSYE_7245/Labs/airflow_tfx_lab/vlab/lib/python3.7/site-packages/airflow/example_dags/example_xcom.py for tasks to queue
[2021-03-17 19:50:08,676] {logging_mixin.py:104} INFO - [2021-03-17 19:50:08,676] {dagbag.py:448} INFO - Filling up the DagBag from /Users/harika/Desktop/CSYE_7245/Labs/airflow_tfx_lab/vlab/lib/python3.7/site-packages/airflow/example_dags/example_xcom.py
[2021-03-17 19:50:08,695] {scheduler_job.py:639} INFO - DAG(s) dict_keys(['example_xcom']) retrieved from /Users/harika/Desktop/CSYE_7245/Labs/airflow_tfx_lab/vlab/lib/python3.7/site-packages/airflow/example_dags/example_xcom.py
[2021-03-17 19:50:08,737] {logging_mixin.py:104} INFO - [2021-03-17 19:50:08,736] {dag.py:1818} INFO - Sync 1 DAGs
[2021-03-17 19:50:08,757] {logging_mixin.py:104} INFO - [2021-03-17 19:50:08,757] {dag.py:2273} INFO - Setting next_dagrun for example_xcom to 2021-03-15 00:00:00+00:00
[2021-03-17 19:50:08,772] {scheduler_job.py:190} INFO - Processing /Users/harika/Desktop/CSYE_7245/Labs/airflow_tfx_lab/vlab/lib/python3.7/site-packages/airflow/example_dags/example_xcom.py took 0.105 seconds
[2021-03-17 19:50:50,566] {scheduler_job.py:182} INFO - Started process (PID=30625) to work on /Users/harika/Desktop/CSYE_7245/Labs/airflow_tfx_lab/vlab/lib/python3.7/site-packages/airflow/example_dags/example_xcom.py
[2021-03-17 19:50:50,569] {scheduler_job.py:629} INFO - Processing file /Users/harika/Desktop/CSYE_7245/Labs/airflow_tfx_lab/vlab/lib/python3.7/site-packages/airflow/example_dags/example_xcom.py for tasks to queue
[2021-03-17 19:50:50,571] {logging_mixin.py:104} INFO - [2021-03-17 19:50:50,570] {dagbag.py:448} INFO - Filling up the DagBag from /Users/harika/Desktop/CSYE_7245/Labs/airflow_tfx_lab/vlab/lib/python3.7/site-packages/airflow/example_dags/example_xcom.py
[2021-03-17 19:50:50,590] {scheduler_job.py:639} INFO - DAG(s) dict_keys(['example_xcom']) retrieved from /Users/harika/Desktop/CSYE_7245/Labs/airflow_tfx_lab/vlab/lib/python3.7/site-packages/airflow/example_dags/example_xcom.py
[2021-03-17 19:50:50,610] {logging_mixin.py:104} INFO - [2021-03-17 19:50:50,610] {dag.py:1818} INFO - Sync 1 DAGs
[2021-03-17 19:50:50,629] {logging_mixin.py:104} INFO - [2021-03-17 19:50:50,628] {dag.py:2273} INFO - Setting next_dagrun for example_xcom to 2021-03-15 00:00:00+00:00
[2021-03-17 19:50:50,643] {scheduler_job.py:190} INFO - Processing /Users/harika/Desktop/CSYE_7245/Labs/airflow_tfx_lab/vlab/lib/python3.7/site-packages/airflow/example_dags/example_xcom.py took 0.083 seconds
[2021-03-17 19:51:34,487] {scheduler_job.py:182} INFO - Started process (PID=30658) to work on /Users/harika/Desktop/CSYE_7245/Labs/airflow_tfx_lab/vlab/lib/python3.7/site-packages/airflow/example_dags/example_xcom.py
[2021-03-17 19:51:34,490] {scheduler_job.py:629} INFO - Processing file /Users/harika/Desktop/CSYE_7245/Labs/airflow_tfx_lab/vlab/lib/python3.7/site-packages/airflow/example_dags/example_xcom.py for tasks to queue
[2021-03-17 19:51:34,492] {logging_mixin.py:104} INFO - [2021-03-17 19:51:34,491] {dagbag.py:448} INFO - Filling up the DagBag from /Users/harika/Desktop/CSYE_7245/Labs/airflow_tfx_lab/vlab/lib/python3.7/site-packages/airflow/example_dags/example_xcom.py
[2021-03-17 19:51:34,517] {scheduler_job.py:639} INFO - DAG(s) dict_keys(['example_xcom']) retrieved from /Users/harika/Desktop/CSYE_7245/Labs/airflow_tfx_lab/vlab/lib/python3.7/site-packages/airflow/example_dags/example_xcom.py
[2021-03-17 19:51:34,540] {logging_mixin.py:104} INFO - [2021-03-17 19:51:34,540] {dag.py:1818} INFO - Sync 1 DAGs
[2021-03-17 19:51:34,554] {logging_mixin.py:104} INFO - [2021-03-17 19:51:34,553] {dag.py:2273} INFO - Setting next_dagrun for example_xcom to 2021-03-15 00:00:00+00:00
[2021-03-17 19:51:34,564] {scheduler_job.py:190} INFO - Processing /Users/harika/Desktop/CSYE_7245/Labs/airflow_tfx_lab/vlab/lib/python3.7/site-packages/airflow/example_dags/example_xcom.py took 0.084 seconds
[2021-03-17 19:52:16,525] {scheduler_job.py:182} INFO - Started process (PID=30698) to work on /Users/harika/Desktop/CSYE_7245/Labs/airflow_tfx_lab/vlab/lib/python3.7/site-packages/airflow/example_dags/example_xcom.py
[2021-03-17 19:52:16,529] {scheduler_job.py:629} INFO - Processing file /Users/harika/Desktop/CSYE_7245/Labs/airflow_tfx_lab/vlab/lib/python3.7/site-packages/airflow/example_dags/example_xcom.py for tasks to queue
[2021-03-17 19:52:16,530] {logging_mixin.py:104} INFO - [2021-03-17 19:52:16,530] {dagbag.py:448} INFO - Filling up the DagBag from /Users/harika/Desktop/CSYE_7245/Labs/airflow_tfx_lab/vlab/lib/python3.7/site-packages/airflow/example_dags/example_xcom.py
[2021-03-17 19:52:16,548] {scheduler_job.py:639} INFO - DAG(s) dict_keys(['example_xcom']) retrieved from /Users/harika/Desktop/CSYE_7245/Labs/airflow_tfx_lab/vlab/lib/python3.7/site-packages/airflow/example_dags/example_xcom.py
[2021-03-17 19:52:16,565] {logging_mixin.py:104} INFO - [2021-03-17 19:52:16,565] {dag.py:1818} INFO - Sync 1 DAGs
[2021-03-17 19:52:16,580] {logging_mixin.py:104} INFO - [2021-03-17 19:52:16,579] {dag.py:2273} INFO - Setting next_dagrun for example_xcom to 2021-03-15 00:00:00+00:00
[2021-03-17 19:52:16,591] {scheduler_job.py:190} INFO - Processing /Users/harika/Desktop/CSYE_7245/Labs/airflow_tfx_lab/vlab/lib/python3.7/site-packages/airflow/example_dags/example_xcom.py took 0.072 seconds
[2021-03-17 19:52:59,258] {scheduler_job.py:182} INFO - Started process (PID=30741) to work on /Users/harika/Desktop/CSYE_7245/Labs/airflow_tfx_lab/vlab/lib/python3.7/site-packages/airflow/example_dags/example_xcom.py
[2021-03-17 19:52:59,264] {scheduler_job.py:629} INFO - Processing file /Users/harika/Desktop/CSYE_7245/Labs/airflow_tfx_lab/vlab/lib/python3.7/site-packages/airflow/example_dags/example_xcom.py for tasks to queue
[2021-03-17 19:52:59,267] {logging_mixin.py:104} INFO - [2021-03-17 19:52:59,266] {dagbag.py:448} INFO - Filling up the DagBag from /Users/harika/Desktop/CSYE_7245/Labs/airflow_tfx_lab/vlab/lib/python3.7/site-packages/airflow/example_dags/example_xcom.py
[2021-03-17 19:52:59,292] {scheduler_job.py:639} INFO - DAG(s) dict_keys(['example_xcom']) retrieved from /Users/harika/Desktop/CSYE_7245/Labs/airflow_tfx_lab/vlab/lib/python3.7/site-packages/airflow/example_dags/example_xcom.py
[2021-03-17 19:52:59,315] {logging_mixin.py:104} INFO - [2021-03-17 19:52:59,314] {dag.py:1818} INFO - Sync 1 DAGs
[2021-03-17 19:52:59,329] {logging_mixin.py:104} INFO - [2021-03-17 19:52:59,329] {dag.py:2273} INFO - Setting next_dagrun for example_xcom to 2021-03-15 00:00:00+00:00
[2021-03-17 19:52:59,339] {scheduler_job.py:190} INFO - Processing /Users/harika/Desktop/CSYE_7245/Labs/airflow_tfx_lab/vlab/lib/python3.7/site-packages/airflow/example_dags/example_xcom.py took 0.086 seconds
[2021-03-17 19:53:41,367] {scheduler_job.py:182} INFO - Started process (PID=30771) to work on /Users/harika/Desktop/CSYE_7245/Labs/airflow_tfx_lab/vlab/lib/python3.7/site-packages/airflow/example_dags/example_xcom.py
[2021-03-17 19:53:41,370] {scheduler_job.py:629} INFO - Processing file /Users/harika/Desktop/CSYE_7245/Labs/airflow_tfx_lab/vlab/lib/python3.7/site-packages/airflow/example_dags/example_xcom.py for tasks to queue
[2021-03-17 19:53:41,371] {logging_mixin.py:104} INFO - [2021-03-17 19:53:41,371] {dagbag.py:448} INFO - Filling up the DagBag from /Users/harika/Desktop/CSYE_7245/Labs/airflow_tfx_lab/vlab/lib/python3.7/site-packages/airflow/example_dags/example_xcom.py
[2021-03-17 19:53:41,390] {scheduler_job.py:639} INFO - DAG(s) dict_keys(['example_xcom']) retrieved from /Users/harika/Desktop/CSYE_7245/Labs/airflow_tfx_lab/vlab/lib/python3.7/site-packages/airflow/example_dags/example_xcom.py
[2021-03-17 19:53:41,408] {logging_mixin.py:104} INFO - [2021-03-17 19:53:41,408] {dag.py:1818} INFO - Sync 1 DAGs
[2021-03-17 19:53:41,427] {logging_mixin.py:104} INFO - [2021-03-17 19:53:41,426] {dag.py:2273} INFO - Setting next_dagrun for example_xcom to 2021-03-15 00:00:00+00:00
[2021-03-17 19:53:41,437] {scheduler_job.py:190} INFO - Processing /Users/harika/Desktop/CSYE_7245/Labs/airflow_tfx_lab/vlab/lib/python3.7/site-packages/airflow/example_dags/example_xcom.py took 0.076 seconds
[2021-03-17 19:54:24,518] {scheduler_job.py:182} INFO - Started process (PID=30804) to work on /Users/harika/Desktop/CSYE_7245/Labs/airflow_tfx_lab/vlab/lib/python3.7/site-packages/airflow/example_dags/example_xcom.py
[2021-03-17 19:54:24,521] {scheduler_job.py:629} INFO - Processing file /Users/harika/Desktop/CSYE_7245/Labs/airflow_tfx_lab/vlab/lib/python3.7/site-packages/airflow/example_dags/example_xcom.py for tasks to queue
[2021-03-17 19:54:24,524] {logging_mixin.py:104} INFO - [2021-03-17 19:54:24,523] {dagbag.py:448} INFO - Filling up the DagBag from /Users/harika/Desktop/CSYE_7245/Labs/airflow_tfx_lab/vlab/lib/python3.7/site-packages/airflow/example_dags/example_xcom.py
[2021-03-17 19:54:24,548] {scheduler_job.py:639} INFO - DAG(s) dict_keys(['example_xcom']) retrieved from /Users/harika/Desktop/CSYE_7245/Labs/airflow_tfx_lab/vlab/lib/python3.7/site-packages/airflow/example_dags/example_xcom.py
[2021-03-17 19:54:24,572] {logging_mixin.py:104} INFO - [2021-03-17 19:54:24,572] {dag.py:1818} INFO - Sync 1 DAGs
[2021-03-17 19:54:24,596] {logging_mixin.py:104} INFO - [2021-03-17 19:54:24,596] {dag.py:2273} INFO - Setting next_dagrun for example_xcom to 2021-03-15 00:00:00+00:00
[2021-03-17 19:54:24,607] {scheduler_job.py:190} INFO - Processing /Users/harika/Desktop/CSYE_7245/Labs/airflow_tfx_lab/vlab/lib/python3.7/site-packages/airflow/example_dags/example_xcom.py took 0.095 seconds
[2021-03-17 19:55:07,114] {scheduler_job.py:182} INFO - Started process (PID=30839) to work on /Users/harika/Desktop/CSYE_7245/Labs/airflow_tfx_lab/vlab/lib/python3.7/site-packages/airflow/example_dags/example_xcom.py
[2021-03-17 19:55:07,117] {scheduler_job.py:629} INFO - Processing file /Users/harika/Desktop/CSYE_7245/Labs/airflow_tfx_lab/vlab/lib/python3.7/site-packages/airflow/example_dags/example_xcom.py for tasks to queue
[2021-03-17 19:55:07,120] {logging_mixin.py:104} INFO - [2021-03-17 19:55:07,119] {dagbag.py:448} INFO - Filling up the DagBag from /Users/harika/Desktop/CSYE_7245/Labs/airflow_tfx_lab/vlab/lib/python3.7/site-packages/airflow/example_dags/example_xcom.py
[2021-03-17 19:55:07,138] {scheduler_job.py:639} INFO - DAG(s) dict_keys(['example_xcom']) retrieved from /Users/harika/Desktop/CSYE_7245/Labs/airflow_tfx_lab/vlab/lib/python3.7/site-packages/airflow/example_dags/example_xcom.py
[2021-03-17 19:55:07,157] {logging_mixin.py:104} INFO - [2021-03-17 19:55:07,157] {dag.py:1818} INFO - Sync 1 DAGs
[2021-03-17 19:55:07,171] {logging_mixin.py:104} INFO - [2021-03-17 19:55:07,170] {dag.py:2273} INFO - Setting next_dagrun for example_xcom to 2021-03-15 00:00:00+00:00
[2021-03-17 19:55:07,182] {scheduler_job.py:190} INFO - Processing /Users/harika/Desktop/CSYE_7245/Labs/airflow_tfx_lab/vlab/lib/python3.7/site-packages/airflow/example_dags/example_xcom.py took 0.071 seconds
[2021-03-17 19:55:46,929] {scheduler_job.py:182} INFO - Started process (PID=30869) to work on /Users/harika/Desktop/CSYE_7245/Labs/airflow_tfx_lab/vlab/lib/python3.7/site-packages/airflow/example_dags/example_xcom.py
[2021-03-17 19:55:46,932] {scheduler_job.py:629} INFO - Processing file /Users/harika/Desktop/CSYE_7245/Labs/airflow_tfx_lab/vlab/lib/python3.7/site-packages/airflow/example_dags/example_xcom.py for tasks to queue
[2021-03-17 19:55:46,934] {logging_mixin.py:104} INFO - [2021-03-17 19:55:46,933] {dagbag.py:448} INFO - Filling up the DagBag from /Users/harika/Desktop/CSYE_7245/Labs/airflow_tfx_lab/vlab/lib/python3.7/site-packages/airflow/example_dags/example_xcom.py
[2021-03-17 19:55:46,953] {scheduler_job.py:639} INFO - DAG(s) dict_keys(['example_xcom']) retrieved from /Users/harika/Desktop/CSYE_7245/Labs/airflow_tfx_lab/vlab/lib/python3.7/site-packages/airflow/example_dags/example_xcom.py
[2021-03-17 19:55:46,974] {logging_mixin.py:104} INFO - [2021-03-17 19:55:46,973] {dag.py:1818} INFO - Sync 1 DAGs
[2021-03-17 19:55:46,991] {logging_mixin.py:104} INFO - [2021-03-17 19:55:46,991] {dag.py:2273} INFO - Setting next_dagrun for example_xcom to 2021-03-15 00:00:00+00:00
[2021-03-17 19:55:47,001] {scheduler_job.py:190} INFO - Processing /Users/harika/Desktop/CSYE_7245/Labs/airflow_tfx_lab/vlab/lib/python3.7/site-packages/airflow/example_dags/example_xcom.py took 0.077 seconds
[2021-03-17 19:56:27,537] {scheduler_job.py:182} INFO - Started process (PID=30899) to work on /Users/harika/Desktop/CSYE_7245/Labs/airflow_tfx_lab/vlab/lib/python3.7/site-packages/airflow/example_dags/example_xcom.py
[2021-03-17 19:56:27,540] {scheduler_job.py:629} INFO - Processing file /Users/harika/Desktop/CSYE_7245/Labs/airflow_tfx_lab/vlab/lib/python3.7/site-packages/airflow/example_dags/example_xcom.py for tasks to queue
[2021-03-17 19:56:27,542] {logging_mixin.py:104} INFO - [2021-03-17 19:56:27,541] {dagbag.py:448} INFO - Filling up the DagBag from /Users/harika/Desktop/CSYE_7245/Labs/airflow_tfx_lab/vlab/lib/python3.7/site-packages/airflow/example_dags/example_xcom.py
[2021-03-17 19:56:27,561] {scheduler_job.py:639} INFO - DAG(s) dict_keys(['example_xcom']) retrieved from /Users/harika/Desktop/CSYE_7245/Labs/airflow_tfx_lab/vlab/lib/python3.7/site-packages/airflow/example_dags/example_xcom.py
[2021-03-17 19:56:27,580] {logging_mixin.py:104} INFO - [2021-03-17 19:56:27,580] {dag.py:1818} INFO - Sync 1 DAGs
[2021-03-17 19:56:27,595] {logging_mixin.py:104} INFO - [2021-03-17 19:56:27,595] {dag.py:2273} INFO - Setting next_dagrun for example_xcom to 2021-03-15 00:00:00+00:00
[2021-03-17 19:56:27,605] {scheduler_job.py:190} INFO - Processing /Users/harika/Desktop/CSYE_7245/Labs/airflow_tfx_lab/vlab/lib/python3.7/site-packages/airflow/example_dags/example_xcom.py took 0.074 seconds
[2021-03-17 19:57:07,188] {scheduler_job.py:182} INFO - Started process (PID=30928) to work on /Users/harika/Desktop/CSYE_7245/Labs/airflow_tfx_lab/vlab/lib/python3.7/site-packages/airflow/example_dags/example_xcom.py
[2021-03-17 19:57:07,191] {scheduler_job.py:629} INFO - Processing file /Users/harika/Desktop/CSYE_7245/Labs/airflow_tfx_lab/vlab/lib/python3.7/site-packages/airflow/example_dags/example_xcom.py for tasks to queue
[2021-03-17 19:57:07,193] {logging_mixin.py:104} INFO - [2021-03-17 19:57:07,192] {dagbag.py:448} INFO - Filling up the DagBag from /Users/harika/Desktop/CSYE_7245/Labs/airflow_tfx_lab/vlab/lib/python3.7/site-packages/airflow/example_dags/example_xcom.py
[2021-03-17 19:57:07,214] {scheduler_job.py:639} INFO - DAG(s) dict_keys(['example_xcom']) retrieved from /Users/harika/Desktop/CSYE_7245/Labs/airflow_tfx_lab/vlab/lib/python3.7/site-packages/airflow/example_dags/example_xcom.py
[2021-03-17 19:57:07,231] {logging_mixin.py:104} INFO - [2021-03-17 19:57:07,231] {dag.py:1818} INFO - Sync 1 DAGs
[2021-03-17 19:57:07,251] {logging_mixin.py:104} INFO - [2021-03-17 19:57:07,251] {dag.py:2273} INFO - Setting next_dagrun for example_xcom to 2021-03-15 00:00:00+00:00
[2021-03-17 19:57:07,261] {scheduler_job.py:190} INFO - Processing /Users/harika/Desktop/CSYE_7245/Labs/airflow_tfx_lab/vlab/lib/python3.7/site-packages/airflow/example_dags/example_xcom.py took 0.078 seconds
[2021-03-17 19:57:45,659] {scheduler_job.py:182} INFO - Started process (PID=30957) to work on /Users/harika/Desktop/CSYE_7245/Labs/airflow_tfx_lab/vlab/lib/python3.7/site-packages/airflow/example_dags/example_xcom.py
[2021-03-17 19:57:45,663] {scheduler_job.py:629} INFO - Processing file /Users/harika/Desktop/CSYE_7245/Labs/airflow_tfx_lab/vlab/lib/python3.7/site-packages/airflow/example_dags/example_xcom.py for tasks to queue
[2021-03-17 19:57:45,666] {logging_mixin.py:104} INFO - [2021-03-17 19:57:45,665] {dagbag.py:448} INFO - Filling up the DagBag from /Users/harika/Desktop/CSYE_7245/Labs/airflow_tfx_lab/vlab/lib/python3.7/site-packages/airflow/example_dags/example_xcom.py
[2021-03-17 19:57:45,683] {scheduler_job.py:639} INFO - DAG(s) dict_keys(['example_xcom']) retrieved from /Users/harika/Desktop/CSYE_7245/Labs/airflow_tfx_lab/vlab/lib/python3.7/site-packages/airflow/example_dags/example_xcom.py
[2021-03-17 19:57:45,700] {logging_mixin.py:104} INFO - [2021-03-17 19:57:45,700] {dag.py:1818} INFO - Sync 1 DAGs
[2021-03-17 19:57:45,713] {logging_mixin.py:104} INFO - [2021-03-17 19:57:45,712] {dag.py:2273} INFO - Setting next_dagrun for example_xcom to 2021-03-15 00:00:00+00:00
[2021-03-17 19:57:45,723] {scheduler_job.py:190} INFO - Processing /Users/harika/Desktop/CSYE_7245/Labs/airflow_tfx_lab/vlab/lib/python3.7/site-packages/airflow/example_dags/example_xcom.py took 0.071 seconds
[2021-03-17 19:58:27,294] {scheduler_job.py:182} INFO - Started process (PID=31001) to work on /Users/harika/Desktop/CSYE_7245/Labs/airflow_tfx_lab/vlab/lib/python3.7/site-packages/airflow/example_dags/example_xcom.py
[2021-03-17 19:58:27,297] {scheduler_job.py:629} INFO - Processing file /Users/harika/Desktop/CSYE_7245/Labs/airflow_tfx_lab/vlab/lib/python3.7/site-packages/airflow/example_dags/example_xcom.py for tasks to queue
[2021-03-17 19:58:27,299] {logging_mixin.py:104} INFO - [2021-03-17 19:58:27,299] {dagbag.py:448} INFO - Filling up the DagBag from /Users/harika/Desktop/CSYE_7245/Labs/airflow_tfx_lab/vlab/lib/python3.7/site-packages/airflow/example_dags/example_xcom.py
[2021-03-17 19:58:27,316] {scheduler_job.py:639} INFO - DAG(s) dict_keys(['example_xcom']) retrieved from /Users/harika/Desktop/CSYE_7245/Labs/airflow_tfx_lab/vlab/lib/python3.7/site-packages/airflow/example_dags/example_xcom.py
[2021-03-17 19:58:27,334] {logging_mixin.py:104} INFO - [2021-03-17 19:58:27,333] {dag.py:1818} INFO - Sync 1 DAGs
[2021-03-17 19:58:27,348] {logging_mixin.py:104} INFO - [2021-03-17 19:58:27,348] {dag.py:2273} INFO - Setting next_dagrun for example_xcom to 2021-03-15 00:00:00+00:00
[2021-03-17 19:58:27,359] {scheduler_job.py:190} INFO - Processing /Users/harika/Desktop/CSYE_7245/Labs/airflow_tfx_lab/vlab/lib/python3.7/site-packages/airflow/example_dags/example_xcom.py took 0.071 seconds
[2021-03-17 19:59:06,450] {scheduler_job.py:182} INFO - Started process (PID=31034) to work on /Users/harika/Desktop/CSYE_7245/Labs/airflow_tfx_lab/vlab/lib/python3.7/site-packages/airflow/example_dags/example_xcom.py
[2021-03-17 19:59:06,452] {scheduler_job.py:629} INFO - Processing file /Users/harika/Desktop/CSYE_7245/Labs/airflow_tfx_lab/vlab/lib/python3.7/site-packages/airflow/example_dags/example_xcom.py for tasks to queue
[2021-03-17 19:59:06,454] {logging_mixin.py:104} INFO - [2021-03-17 19:59:06,453] {dagbag.py:448} INFO - Filling up the DagBag from /Users/harika/Desktop/CSYE_7245/Labs/airflow_tfx_lab/vlab/lib/python3.7/site-packages/airflow/example_dags/example_xcom.py
[2021-03-17 19:59:06,469] {scheduler_job.py:639} INFO - DAG(s) dict_keys(['example_xcom']) retrieved from /Users/harika/Desktop/CSYE_7245/Labs/airflow_tfx_lab/vlab/lib/python3.7/site-packages/airflow/example_dags/example_xcom.py
[2021-03-17 19:59:06,486] {logging_mixin.py:104} INFO - [2021-03-17 19:59:06,486] {dag.py:1818} INFO - Sync 1 DAGs
[2021-03-17 19:59:06,501] {logging_mixin.py:104} INFO - [2021-03-17 19:59:06,500] {dag.py:2273} INFO - Setting next_dagrun for example_xcom to 2021-03-15 00:00:00+00:00
[2021-03-17 19:59:06,509] {scheduler_job.py:190} INFO - Processing /Users/harika/Desktop/CSYE_7245/Labs/airflow_tfx_lab/vlab/lib/python3.7/site-packages/airflow/example_dags/example_xcom.py took 0.064 seconds
[2021-03-17 19:59:45,129] {scheduler_job.py:182} INFO - Started process (PID=31063) to work on /Users/harika/Desktop/CSYE_7245/Labs/airflow_tfx_lab/vlab/lib/python3.7/site-packages/airflow/example_dags/example_xcom.py
[2021-03-17 19:59:45,132] {scheduler_job.py:629} INFO - Processing file /Users/harika/Desktop/CSYE_7245/Labs/airflow_tfx_lab/vlab/lib/python3.7/site-packages/airflow/example_dags/example_xcom.py for tasks to queue
[2021-03-17 19:59:45,133] {logging_mixin.py:104} INFO - [2021-03-17 19:59:45,133] {dagbag.py:448} INFO - Filling up the DagBag from /Users/harika/Desktop/CSYE_7245/Labs/airflow_tfx_lab/vlab/lib/python3.7/site-packages/airflow/example_dags/example_xcom.py
[2021-03-17 19:59:45,151] {scheduler_job.py:639} INFO - DAG(s) dict_keys(['example_xcom']) retrieved from /Users/harika/Desktop/CSYE_7245/Labs/airflow_tfx_lab/vlab/lib/python3.7/site-packages/airflow/example_dags/example_xcom.py
[2021-03-17 19:59:45,169] {logging_mixin.py:104} INFO - [2021-03-17 19:59:45,169] {dag.py:1818} INFO - Sync 1 DAGs
[2021-03-17 19:59:45,182] {logging_mixin.py:104} INFO - [2021-03-17 19:59:45,182] {dag.py:2273} INFO - Setting next_dagrun for example_xcom to 2021-03-15 00:00:00+00:00
[2021-03-17 19:59:45,191] {scheduler_job.py:190} INFO - Processing /Users/harika/Desktop/CSYE_7245/Labs/airflow_tfx_lab/vlab/lib/python3.7/site-packages/airflow/example_dags/example_xcom.py took 0.066 seconds
