[2021-03-17 18:51:26,841] {scheduler_job.py:182} INFO - Started process (PID=26378) to work on /Users/harika/Desktop/CSYE_7245/Labs/airflow_tfx_lab/vlab/lib/python3.7/site-packages/airflow/example_dags/example_python_operator.py
[2021-03-17 18:51:26,846] {scheduler_job.py:629} INFO - Processing file /Users/harika/Desktop/CSYE_7245/Labs/airflow_tfx_lab/vlab/lib/python3.7/site-packages/airflow/example_dags/example_python_operator.py for tasks to queue
[2021-03-17 18:51:26,850] {logging_mixin.py:104} INFO - [2021-03-17 18:51:26,849] {dagbag.py:448} INFO - Filling up the DagBag from /Users/harika/Desktop/CSYE_7245/Labs/airflow_tfx_lab/vlab/lib/python3.7/site-packages/airflow/example_dags/example_python_operator.py
[2021-03-17 18:51:26,885] {scheduler_job.py:639} INFO - DAG(s) dict_keys(['example_python_operator']) retrieved from /Users/harika/Desktop/CSYE_7245/Labs/airflow_tfx_lab/vlab/lib/python3.7/site-packages/airflow/example_dags/example_python_operator.py
[2021-03-17 18:51:26,926] {logging_mixin.py:104} INFO - [2021-03-17 18:51:26,925] {dag.py:1818} INFO - Sync 1 DAGs
[2021-03-17 18:51:26,965] {logging_mixin.py:104} INFO - [2021-03-17 18:51:26,964] {dag.py:2273} INFO - Setting next_dagrun for example_python_operator to None
[2021-03-17 18:51:27,014] {scheduler_job.py:190} INFO - Processing /Users/harika/Desktop/CSYE_7245/Labs/airflow_tfx_lab/vlab/lib/python3.7/site-packages/airflow/example_dags/example_python_operator.py took 0.179 seconds
[2021-03-17 18:52:19,807] {scheduler_job.py:182} INFO - Started process (PID=26485) to work on /Users/harika/Desktop/CSYE_7245/Labs/airflow_tfx_lab/vlab/lib/python3.7/site-packages/airflow/example_dags/example_python_operator.py
[2021-03-17 18:52:19,813] {scheduler_job.py:629} INFO - Processing file /Users/harika/Desktop/CSYE_7245/Labs/airflow_tfx_lab/vlab/lib/python3.7/site-packages/airflow/example_dags/example_python_operator.py for tasks to queue
[2021-03-17 18:52:19,818] {logging_mixin.py:104} INFO - [2021-03-17 18:52:19,815] {dagbag.py:448} INFO - Filling up the DagBag from /Users/harika/Desktop/CSYE_7245/Labs/airflow_tfx_lab/vlab/lib/python3.7/site-packages/airflow/example_dags/example_python_operator.py
[2021-03-17 18:52:19,865] {scheduler_job.py:639} INFO - DAG(s) dict_keys(['example_python_operator']) retrieved from /Users/harika/Desktop/CSYE_7245/Labs/airflow_tfx_lab/vlab/lib/python3.7/site-packages/airflow/example_dags/example_python_operator.py
[2021-03-17 18:52:19,929] {logging_mixin.py:104} INFO - [2021-03-17 18:52:19,927] {dag.py:1818} INFO - Sync 1 DAGs
[2021-03-17 18:52:19,978] {logging_mixin.py:104} INFO - [2021-03-17 18:52:19,976] {dag.py:2273} INFO - Setting next_dagrun for example_python_operator to None
[2021-03-17 18:52:19,997] {scheduler_job.py:190} INFO - Processing /Users/harika/Desktop/CSYE_7245/Labs/airflow_tfx_lab/vlab/lib/python3.7/site-packages/airflow/example_dags/example_python_operator.py took 0.202 seconds
[2021-03-17 18:55:25,594] {scheduler_job.py:182} INFO - Started process (PID=26731) to work on /Users/harika/Desktop/CSYE_7245/Labs/airflow_tfx_lab/vlab/lib/python3.7/site-packages/airflow/example_dags/example_python_operator.py
[2021-03-17 18:55:25,597] {scheduler_job.py:629} INFO - Processing file /Users/harika/Desktop/CSYE_7245/Labs/airflow_tfx_lab/vlab/lib/python3.7/site-packages/airflow/example_dags/example_python_operator.py for tasks to queue
[2021-03-17 18:55:25,598] {logging_mixin.py:104} INFO - [2021-03-17 18:55:25,598] {dagbag.py:448} INFO - Filling up the DagBag from /Users/harika/Desktop/CSYE_7245/Labs/airflow_tfx_lab/vlab/lib/python3.7/site-packages/airflow/example_dags/example_python_operator.py
[2021-03-17 18:55:25,610] {scheduler_job.py:639} INFO - DAG(s) dict_keys(['example_python_operator']) retrieved from /Users/harika/Desktop/CSYE_7245/Labs/airflow_tfx_lab/vlab/lib/python3.7/site-packages/airflow/example_dags/example_python_operator.py
[2021-03-17 18:55:25,647] {logging_mixin.py:104} INFO - [2021-03-17 18:55:25,645] {dag.py:1818} INFO - Sync 1 DAGs
[2021-03-17 18:55:25,666] {logging_mixin.py:104} INFO - [2021-03-17 18:55:25,665] {dag.py:2273} INFO - Setting next_dagrun for example_python_operator to None
[2021-03-17 18:55:25,682] {scheduler_job.py:190} INFO - Processing /Users/harika/Desktop/CSYE_7245/Labs/airflow_tfx_lab/vlab/lib/python3.7/site-packages/airflow/example_dags/example_python_operator.py took 0.093 seconds
[2021-03-17 18:56:16,055] {scheduler_job.py:182} INFO - Started process (PID=26783) to work on /Users/harika/Desktop/CSYE_7245/Labs/airflow_tfx_lab/vlab/lib/python3.7/site-packages/airflow/example_dags/example_python_operator.py
[2021-03-17 18:56:16,059] {scheduler_job.py:629} INFO - Processing file /Users/harika/Desktop/CSYE_7245/Labs/airflow_tfx_lab/vlab/lib/python3.7/site-packages/airflow/example_dags/example_python_operator.py for tasks to queue
[2021-03-17 18:56:16,060] {logging_mixin.py:104} INFO - [2021-03-17 18:56:16,060] {dagbag.py:448} INFO - Filling up the DagBag from /Users/harika/Desktop/CSYE_7245/Labs/airflow_tfx_lab/vlab/lib/python3.7/site-packages/airflow/example_dags/example_python_operator.py
[2021-03-17 18:56:16,074] {scheduler_job.py:639} INFO - DAG(s) dict_keys(['example_python_operator']) retrieved from /Users/harika/Desktop/CSYE_7245/Labs/airflow_tfx_lab/vlab/lib/python3.7/site-packages/airflow/example_dags/example_python_operator.py
[2021-03-17 18:56:16,111] {logging_mixin.py:104} INFO - [2021-03-17 18:56:16,110] {dag.py:1818} INFO - Sync 1 DAGs
[2021-03-17 18:56:16,130] {logging_mixin.py:104} INFO - [2021-03-17 18:56:16,129] {dag.py:2273} INFO - Setting next_dagrun for example_python_operator to None
[2021-03-17 18:56:16,141] {scheduler_job.py:190} INFO - Processing /Users/harika/Desktop/CSYE_7245/Labs/airflow_tfx_lab/vlab/lib/python3.7/site-packages/airflow/example_dags/example_python_operator.py took 0.093 seconds
[2021-03-17 18:57:00,418] {scheduler_job.py:182} INFO - Started process (PID=26895) to work on /Users/harika/Desktop/CSYE_7245/Labs/airflow_tfx_lab/vlab/lib/python3.7/site-packages/airflow/example_dags/example_python_operator.py
[2021-03-17 18:57:00,421] {scheduler_job.py:629} INFO - Processing file /Users/harika/Desktop/CSYE_7245/Labs/airflow_tfx_lab/vlab/lib/python3.7/site-packages/airflow/example_dags/example_python_operator.py for tasks to queue
[2021-03-17 18:57:00,423] {logging_mixin.py:104} INFO - [2021-03-17 18:57:00,422] {dagbag.py:448} INFO - Filling up the DagBag from /Users/harika/Desktop/CSYE_7245/Labs/airflow_tfx_lab/vlab/lib/python3.7/site-packages/airflow/example_dags/example_python_operator.py
[2021-03-17 18:57:00,438] {scheduler_job.py:639} INFO - DAG(s) dict_keys(['example_python_operator']) retrieved from /Users/harika/Desktop/CSYE_7245/Labs/airflow_tfx_lab/vlab/lib/python3.7/site-packages/airflow/example_dags/example_python_operator.py
[2021-03-17 18:57:00,472] {logging_mixin.py:104} INFO - [2021-03-17 18:57:00,471] {dag.py:1818} INFO - Sync 1 DAGs
[2021-03-17 18:57:00,495] {logging_mixin.py:104} INFO - [2021-03-17 18:57:00,495] {dag.py:2273} INFO - Setting next_dagrun for example_python_operator to None
[2021-03-17 18:57:00,515] {scheduler_job.py:190} INFO - Processing /Users/harika/Desktop/CSYE_7245/Labs/airflow_tfx_lab/vlab/lib/python3.7/site-packages/airflow/example_dags/example_python_operator.py took 0.107 seconds
[2021-03-17 18:57:52,713] {scheduler_job.py:182} INFO - Started process (PID=26985) to work on /Users/harika/Desktop/CSYE_7245/Labs/airflow_tfx_lab/vlab/lib/python3.7/site-packages/airflow/example_dags/example_python_operator.py
[2021-03-17 18:57:52,717] {scheduler_job.py:629} INFO - Processing file /Users/harika/Desktop/CSYE_7245/Labs/airflow_tfx_lab/vlab/lib/python3.7/site-packages/airflow/example_dags/example_python_operator.py for tasks to queue
[2021-03-17 18:57:52,719] {logging_mixin.py:104} INFO - [2021-03-17 18:57:52,718] {dagbag.py:448} INFO - Filling up the DagBag from /Users/harika/Desktop/CSYE_7245/Labs/airflow_tfx_lab/vlab/lib/python3.7/site-packages/airflow/example_dags/example_python_operator.py
[2021-03-17 18:57:52,814] {scheduler_job.py:639} INFO - DAG(s) dict_keys(['example_python_operator']) retrieved from /Users/harika/Desktop/CSYE_7245/Labs/airflow_tfx_lab/vlab/lib/python3.7/site-packages/airflow/example_dags/example_python_operator.py
[2021-03-17 18:57:52,879] {logging_mixin.py:104} INFO - [2021-03-17 18:57:52,879] {dag.py:1818} INFO - Sync 1 DAGs
[2021-03-17 18:57:52,939] {logging_mixin.py:104} INFO - [2021-03-17 18:57:52,938] {dag.py:2273} INFO - Setting next_dagrun for example_python_operator to None
[2021-03-17 18:57:53,028] {scheduler_job.py:190} INFO - Processing /Users/harika/Desktop/CSYE_7245/Labs/airflow_tfx_lab/vlab/lib/python3.7/site-packages/airflow/example_dags/example_python_operator.py took 0.326 seconds
[2021-03-17 18:58:48,282] {scheduler_job.py:182} INFO - Started process (PID=27065) to work on /Users/harika/Desktop/CSYE_7245/Labs/airflow_tfx_lab/vlab/lib/python3.7/site-packages/airflow/example_dags/example_python_operator.py
[2021-03-17 18:58:48,289] {scheduler_job.py:629} INFO - Processing file /Users/harika/Desktop/CSYE_7245/Labs/airflow_tfx_lab/vlab/lib/python3.7/site-packages/airflow/example_dags/example_python_operator.py for tasks to queue
[2021-03-17 18:58:48,292] {logging_mixin.py:104} INFO - [2021-03-17 18:58:48,291] {dagbag.py:448} INFO - Filling up the DagBag from /Users/harika/Desktop/CSYE_7245/Labs/airflow_tfx_lab/vlab/lib/python3.7/site-packages/airflow/example_dags/example_python_operator.py
[2021-03-17 18:58:48,323] {scheduler_job.py:639} INFO - DAG(s) dict_keys(['example_python_operator']) retrieved from /Users/harika/Desktop/CSYE_7245/Labs/airflow_tfx_lab/vlab/lib/python3.7/site-packages/airflow/example_dags/example_python_operator.py
[2021-03-17 18:58:48,518] {logging_mixin.py:104} INFO - [2021-03-17 18:58:48,517] {dag.py:1818} INFO - Sync 1 DAGs
[2021-03-17 18:58:48,714] {logging_mixin.py:104} INFO - [2021-03-17 18:58:48,689] {dag.py:2273} INFO - Setting next_dagrun for example_python_operator to None
[2021-03-17 18:58:48,742] {scheduler_job.py:190} INFO - Processing /Users/harika/Desktop/CSYE_7245/Labs/airflow_tfx_lab/vlab/lib/python3.7/site-packages/airflow/example_dags/example_python_operator.py took 0.471 seconds
[2021-03-17 18:59:38,336] {scheduler_job.py:182} INFO - Started process (PID=27115) to work on /Users/harika/Desktop/CSYE_7245/Labs/airflow_tfx_lab/vlab/lib/python3.7/site-packages/airflow/example_dags/example_python_operator.py
[2021-03-17 18:59:38,346] {scheduler_job.py:629} INFO - Processing file /Users/harika/Desktop/CSYE_7245/Labs/airflow_tfx_lab/vlab/lib/python3.7/site-packages/airflow/example_dags/example_python_operator.py for tasks to queue
[2021-03-17 18:59:38,351] {logging_mixin.py:104} INFO - [2021-03-17 18:59:38,350] {dagbag.py:448} INFO - Filling up the DagBag from /Users/harika/Desktop/CSYE_7245/Labs/airflow_tfx_lab/vlab/lib/python3.7/site-packages/airflow/example_dags/example_python_operator.py
[2021-03-17 18:59:38,401] {scheduler_job.py:639} INFO - DAG(s) dict_keys(['example_python_operator']) retrieved from /Users/harika/Desktop/CSYE_7245/Labs/airflow_tfx_lab/vlab/lib/python3.7/site-packages/airflow/example_dags/example_python_operator.py
[2021-03-17 18:59:38,468] {logging_mixin.py:104} INFO - [2021-03-17 18:59:38,467] {dag.py:1818} INFO - Sync 1 DAGs
[2021-03-17 18:59:38,538] {logging_mixin.py:104} INFO - [2021-03-17 18:59:38,537] {dag.py:2273} INFO - Setting next_dagrun for example_python_operator to None
[2021-03-17 18:59:38,574] {scheduler_job.py:190} INFO - Processing /Users/harika/Desktop/CSYE_7245/Labs/airflow_tfx_lab/vlab/lib/python3.7/site-packages/airflow/example_dags/example_python_operator.py took 0.249 seconds
[2021-03-17 19:00:31,176] {scheduler_job.py:182} INFO - Started process (PID=27194) to work on /Users/harika/Desktop/CSYE_7245/Labs/airflow_tfx_lab/vlab/lib/python3.7/site-packages/airflow/example_dags/example_python_operator.py
[2021-03-17 19:00:31,179] {scheduler_job.py:629} INFO - Processing file /Users/harika/Desktop/CSYE_7245/Labs/airflow_tfx_lab/vlab/lib/python3.7/site-packages/airflow/example_dags/example_python_operator.py for tasks to queue
[2021-03-17 19:00:31,180] {logging_mixin.py:104} INFO - [2021-03-17 19:00:31,180] {dagbag.py:448} INFO - Filling up the DagBag from /Users/harika/Desktop/CSYE_7245/Labs/airflow_tfx_lab/vlab/lib/python3.7/site-packages/airflow/example_dags/example_python_operator.py
[2021-03-17 19:00:31,192] {scheduler_job.py:639} INFO - DAG(s) dict_keys(['example_python_operator']) retrieved from /Users/harika/Desktop/CSYE_7245/Labs/airflow_tfx_lab/vlab/lib/python3.7/site-packages/airflow/example_dags/example_python_operator.py
[2021-03-17 19:00:31,217] {logging_mixin.py:104} INFO - [2021-03-17 19:00:31,217] {dag.py:1818} INFO - Sync 1 DAGs
[2021-03-17 19:00:31,238] {logging_mixin.py:104} INFO - [2021-03-17 19:00:31,237] {dag.py:2273} INFO - Setting next_dagrun for example_python_operator to None
[2021-03-17 19:00:31,250] {scheduler_job.py:190} INFO - Processing /Users/harika/Desktop/CSYE_7245/Labs/airflow_tfx_lab/vlab/lib/python3.7/site-packages/airflow/example_dags/example_python_operator.py took 0.079 seconds
[2021-03-17 19:01:21,650] {scheduler_job.py:182} INFO - Started process (PID=27311) to work on /Users/harika/Desktop/CSYE_7245/Labs/airflow_tfx_lab/vlab/lib/python3.7/site-packages/airflow/example_dags/example_python_operator.py
[2021-03-17 19:01:21,653] {scheduler_job.py:629} INFO - Processing file /Users/harika/Desktop/CSYE_7245/Labs/airflow_tfx_lab/vlab/lib/python3.7/site-packages/airflow/example_dags/example_python_operator.py for tasks to queue
[2021-03-17 19:01:21,655] {logging_mixin.py:104} INFO - [2021-03-17 19:01:21,654] {dagbag.py:448} INFO - Filling up the DagBag from /Users/harika/Desktop/CSYE_7245/Labs/airflow_tfx_lab/vlab/lib/python3.7/site-packages/airflow/example_dags/example_python_operator.py
[2021-03-17 19:01:21,667] {scheduler_job.py:639} INFO - DAG(s) dict_keys(['example_python_operator']) retrieved from /Users/harika/Desktop/CSYE_7245/Labs/airflow_tfx_lab/vlab/lib/python3.7/site-packages/airflow/example_dags/example_python_operator.py
[2021-03-17 19:01:21,694] {logging_mixin.py:104} INFO - [2021-03-17 19:01:21,693] {dag.py:1818} INFO - Sync 1 DAGs
[2021-03-17 19:01:21,713] {logging_mixin.py:104} INFO - [2021-03-17 19:01:21,712] {dag.py:2273} INFO - Setting next_dagrun for example_python_operator to None
[2021-03-17 19:01:21,723] {scheduler_job.py:190} INFO - Processing /Users/harika/Desktop/CSYE_7245/Labs/airflow_tfx_lab/vlab/lib/python3.7/site-packages/airflow/example_dags/example_python_operator.py took 0.077 seconds
[2021-03-17 19:02:14,596] {scheduler_job.py:182} INFO - Started process (PID=27394) to work on /Users/harika/Desktop/CSYE_7245/Labs/airflow_tfx_lab/vlab/lib/python3.7/site-packages/airflow/example_dags/example_python_operator.py
[2021-03-17 19:02:14,599] {scheduler_job.py:629} INFO - Processing file /Users/harika/Desktop/CSYE_7245/Labs/airflow_tfx_lab/vlab/lib/python3.7/site-packages/airflow/example_dags/example_python_operator.py for tasks to queue
[2021-03-17 19:02:14,601] {logging_mixin.py:104} INFO - [2021-03-17 19:02:14,600] {dagbag.py:448} INFO - Filling up the DagBag from /Users/harika/Desktop/CSYE_7245/Labs/airflow_tfx_lab/vlab/lib/python3.7/site-packages/airflow/example_dags/example_python_operator.py
[2021-03-17 19:02:14,628] {scheduler_job.py:639} INFO - DAG(s) dict_keys(['example_python_operator']) retrieved from /Users/harika/Desktop/CSYE_7245/Labs/airflow_tfx_lab/vlab/lib/python3.7/site-packages/airflow/example_dags/example_python_operator.py
[2021-03-17 19:02:14,650] {logging_mixin.py:104} INFO - [2021-03-17 19:02:14,650] {dag.py:1818} INFO - Sync 1 DAGs
[2021-03-17 19:02:14,667] {logging_mixin.py:104} INFO - [2021-03-17 19:02:14,666] {dag.py:2273} INFO - Setting next_dagrun for example_python_operator to None
[2021-03-17 19:02:14,693] {scheduler_job.py:190} INFO - Processing /Users/harika/Desktop/CSYE_7245/Labs/airflow_tfx_lab/vlab/lib/python3.7/site-packages/airflow/example_dags/example_python_operator.py took 0.102 seconds
[2021-03-17 19:02:59,659] {scheduler_job.py:182} INFO - Started process (PID=27524) to work on /Users/harika/Desktop/CSYE_7245/Labs/airflow_tfx_lab/vlab/lib/python3.7/site-packages/airflow/example_dags/example_python_operator.py
[2021-03-17 19:02:59,662] {scheduler_job.py:629} INFO - Processing file /Users/harika/Desktop/CSYE_7245/Labs/airflow_tfx_lab/vlab/lib/python3.7/site-packages/airflow/example_dags/example_python_operator.py for tasks to queue
[2021-03-17 19:02:59,664] {logging_mixin.py:104} INFO - [2021-03-17 19:02:59,663] {dagbag.py:448} INFO - Filling up the DagBag from /Users/harika/Desktop/CSYE_7245/Labs/airflow_tfx_lab/vlab/lib/python3.7/site-packages/airflow/example_dags/example_python_operator.py
[2021-03-17 19:02:59,675] {scheduler_job.py:639} INFO - DAG(s) dict_keys(['example_python_operator']) retrieved from /Users/harika/Desktop/CSYE_7245/Labs/airflow_tfx_lab/vlab/lib/python3.7/site-packages/airflow/example_dags/example_python_operator.py
[2021-03-17 19:02:59,703] {logging_mixin.py:104} INFO - [2021-03-17 19:02:59,702] {dag.py:1818} INFO - Sync 1 DAGs
[2021-03-17 19:02:59,724] {logging_mixin.py:104} INFO - [2021-03-17 19:02:59,724] {dag.py:2273} INFO - Setting next_dagrun for example_python_operator to None
[2021-03-17 19:02:59,733] {scheduler_job.py:190} INFO - Processing /Users/harika/Desktop/CSYE_7245/Labs/airflow_tfx_lab/vlab/lib/python3.7/site-packages/airflow/example_dags/example_python_operator.py took 0.079 seconds
[2021-03-17 19:03:50,949] {scheduler_job.py:182} INFO - Started process (PID=27627) to work on /Users/harika/Desktop/CSYE_7245/Labs/airflow_tfx_lab/vlab/lib/python3.7/site-packages/airflow/example_dags/example_python_operator.py
[2021-03-17 19:03:50,953] {scheduler_job.py:629} INFO - Processing file /Users/harika/Desktop/CSYE_7245/Labs/airflow_tfx_lab/vlab/lib/python3.7/site-packages/airflow/example_dags/example_python_operator.py for tasks to queue
[2021-03-17 19:03:50,955] {logging_mixin.py:104} INFO - [2021-03-17 19:03:50,955] {dagbag.py:448} INFO - Filling up the DagBag from /Users/harika/Desktop/CSYE_7245/Labs/airflow_tfx_lab/vlab/lib/python3.7/site-packages/airflow/example_dags/example_python_operator.py
[2021-03-17 19:03:50,977] {scheduler_job.py:639} INFO - DAG(s) dict_keys(['example_python_operator']) retrieved from /Users/harika/Desktop/CSYE_7245/Labs/airflow_tfx_lab/vlab/lib/python3.7/site-packages/airflow/example_dags/example_python_operator.py
[2021-03-17 19:03:51,005] {logging_mixin.py:104} INFO - [2021-03-17 19:03:51,004] {dag.py:1818} INFO - Sync 1 DAGs
[2021-03-17 19:03:51,025] {logging_mixin.py:104} INFO - [2021-03-17 19:03:51,025] {dag.py:2273} INFO - Setting next_dagrun for example_python_operator to None
[2021-03-17 19:03:51,046] {scheduler_job.py:190} INFO - Processing /Users/harika/Desktop/CSYE_7245/Labs/airflow_tfx_lab/vlab/lib/python3.7/site-packages/airflow/example_dags/example_python_operator.py took 0.102 seconds
[2021-03-17 19:04:36,742] {scheduler_job.py:182} INFO - Started process (PID=27699) to work on /Users/harika/Desktop/CSYE_7245/Labs/airflow_tfx_lab/vlab/lib/python3.7/site-packages/airflow/example_dags/example_python_operator.py
[2021-03-17 19:04:36,745] {scheduler_job.py:629} INFO - Processing file /Users/harika/Desktop/CSYE_7245/Labs/airflow_tfx_lab/vlab/lib/python3.7/site-packages/airflow/example_dags/example_python_operator.py for tasks to queue
[2021-03-17 19:04:36,746] {logging_mixin.py:104} INFO - [2021-03-17 19:04:36,746] {dagbag.py:448} INFO - Filling up the DagBag from /Users/harika/Desktop/CSYE_7245/Labs/airflow_tfx_lab/vlab/lib/python3.7/site-packages/airflow/example_dags/example_python_operator.py
[2021-03-17 19:04:36,759] {scheduler_job.py:639} INFO - DAG(s) dict_keys(['example_python_operator']) retrieved from /Users/harika/Desktop/CSYE_7245/Labs/airflow_tfx_lab/vlab/lib/python3.7/site-packages/airflow/example_dags/example_python_operator.py
[2021-03-17 19:04:36,792] {logging_mixin.py:104} INFO - [2021-03-17 19:04:36,791] {dag.py:1818} INFO - Sync 1 DAGs
[2021-03-17 19:04:36,805] {logging_mixin.py:104} INFO - [2021-03-17 19:04:36,804] {dag.py:2273} INFO - Setting next_dagrun for example_python_operator to None
[2021-03-17 19:04:36,818] {scheduler_job.py:190} INFO - Processing /Users/harika/Desktop/CSYE_7245/Labs/airflow_tfx_lab/vlab/lib/python3.7/site-packages/airflow/example_dags/example_python_operator.py took 0.081 seconds
[2021-03-17 19:05:23,182] {scheduler_job.py:182} INFO - Started process (PID=27759) to work on /Users/harika/Desktop/CSYE_7245/Labs/airflow_tfx_lab/vlab/lib/python3.7/site-packages/airflow/example_dags/example_python_operator.py
[2021-03-17 19:05:23,184] {scheduler_job.py:629} INFO - Processing file /Users/harika/Desktop/CSYE_7245/Labs/airflow_tfx_lab/vlab/lib/python3.7/site-packages/airflow/example_dags/example_python_operator.py for tasks to queue
[2021-03-17 19:05:23,186] {logging_mixin.py:104} INFO - [2021-03-17 19:05:23,186] {dagbag.py:448} INFO - Filling up the DagBag from /Users/harika/Desktop/CSYE_7245/Labs/airflow_tfx_lab/vlab/lib/python3.7/site-packages/airflow/example_dags/example_python_operator.py
[2021-03-17 19:05:23,198] {scheduler_job.py:639} INFO - DAG(s) dict_keys(['example_python_operator']) retrieved from /Users/harika/Desktop/CSYE_7245/Labs/airflow_tfx_lab/vlab/lib/python3.7/site-packages/airflow/example_dags/example_python_operator.py
[2021-03-17 19:05:23,224] {logging_mixin.py:104} INFO - [2021-03-17 19:05:23,223] {dag.py:1818} INFO - Sync 1 DAGs
[2021-03-17 19:05:23,242] {logging_mixin.py:104} INFO - [2021-03-17 19:05:23,241] {dag.py:2273} INFO - Setting next_dagrun for example_python_operator to None
[2021-03-17 19:05:23,253] {scheduler_job.py:190} INFO - Processing /Users/harika/Desktop/CSYE_7245/Labs/airflow_tfx_lab/vlab/lib/python3.7/site-packages/airflow/example_dags/example_python_operator.py took 0.075 seconds
[2021-03-17 19:06:09,834] {scheduler_job.py:182} INFO - Started process (PID=27856) to work on /Users/harika/Desktop/CSYE_7245/Labs/airflow_tfx_lab/vlab/lib/python3.7/site-packages/airflow/example_dags/example_python_operator.py
[2021-03-17 19:06:09,837] {scheduler_job.py:629} INFO - Processing file /Users/harika/Desktop/CSYE_7245/Labs/airflow_tfx_lab/vlab/lib/python3.7/site-packages/airflow/example_dags/example_python_operator.py for tasks to queue
[2021-03-17 19:06:09,839] {logging_mixin.py:104} INFO - [2021-03-17 19:06:09,839] {dagbag.py:448} INFO - Filling up the DagBag from /Users/harika/Desktop/CSYE_7245/Labs/airflow_tfx_lab/vlab/lib/python3.7/site-packages/airflow/example_dags/example_python_operator.py
[2021-03-17 19:06:09,851] {scheduler_job.py:639} INFO - DAG(s) dict_keys(['example_python_operator']) retrieved from /Users/harika/Desktop/CSYE_7245/Labs/airflow_tfx_lab/vlab/lib/python3.7/site-packages/airflow/example_dags/example_python_operator.py
[2021-03-17 19:06:09,890] {logging_mixin.py:104} INFO - [2021-03-17 19:06:09,889] {dag.py:1818} INFO - Sync 1 DAGs
[2021-03-17 19:06:09,905] {logging_mixin.py:104} INFO - [2021-03-17 19:06:09,905] {dag.py:2273} INFO - Setting next_dagrun for example_python_operator to None
[2021-03-17 19:06:09,923] {scheduler_job.py:190} INFO - Processing /Users/harika/Desktop/CSYE_7245/Labs/airflow_tfx_lab/vlab/lib/python3.7/site-packages/airflow/example_dags/example_python_operator.py took 0.095 seconds
[2021-03-17 19:14:09,379] {scheduler_job.py:182} INFO - Started process (PID=28383) to work on /Users/harika/Desktop/CSYE_7245/Labs/airflow_tfx_lab/vlab/lib/python3.7/site-packages/airflow/example_dags/example_python_operator.py
[2021-03-17 19:14:09,384] {scheduler_job.py:629} INFO - Processing file /Users/harika/Desktop/CSYE_7245/Labs/airflow_tfx_lab/vlab/lib/python3.7/site-packages/airflow/example_dags/example_python_operator.py for tasks to queue
[2021-03-17 19:14:09,388] {logging_mixin.py:104} INFO - [2021-03-17 19:14:09,387] {dagbag.py:448} INFO - Filling up the DagBag from /Users/harika/Desktop/CSYE_7245/Labs/airflow_tfx_lab/vlab/lib/python3.7/site-packages/airflow/example_dags/example_python_operator.py
[2021-03-17 19:14:09,424] {scheduler_job.py:639} INFO - DAG(s) dict_keys(['example_python_operator']) retrieved from /Users/harika/Desktop/CSYE_7245/Labs/airflow_tfx_lab/vlab/lib/python3.7/site-packages/airflow/example_dags/example_python_operator.py
[2021-03-17 19:14:09,472] {logging_mixin.py:104} INFO - [2021-03-17 19:14:09,470] {dag.py:1818} INFO - Sync 1 DAGs
[2021-03-17 19:14:09,502] {logging_mixin.py:104} INFO - [2021-03-17 19:14:09,501] {dag.py:2273} INFO - Setting next_dagrun for example_python_operator to None
[2021-03-17 19:14:09,519] {scheduler_job.py:190} INFO - Processing /Users/harika/Desktop/CSYE_7245/Labs/airflow_tfx_lab/vlab/lib/python3.7/site-packages/airflow/example_dags/example_python_operator.py took 0.145 seconds
[2021-03-17 19:15:03,184] {scheduler_job.py:182} INFO - Started process (PID=28469) to work on /Users/harika/Desktop/CSYE_7245/Labs/airflow_tfx_lab/vlab/lib/python3.7/site-packages/airflow/example_dags/example_python_operator.py
[2021-03-17 19:15:03,189] {scheduler_job.py:629} INFO - Processing file /Users/harika/Desktop/CSYE_7245/Labs/airflow_tfx_lab/vlab/lib/python3.7/site-packages/airflow/example_dags/example_python_operator.py for tasks to queue
[2021-03-17 19:15:03,191] {logging_mixin.py:104} INFO - [2021-03-17 19:15:03,190] {dagbag.py:448} INFO - Filling up the DagBag from /Users/harika/Desktop/CSYE_7245/Labs/airflow_tfx_lab/vlab/lib/python3.7/site-packages/airflow/example_dags/example_python_operator.py
[2021-03-17 19:15:03,230] {scheduler_job.py:639} INFO - DAG(s) dict_keys(['example_python_operator']) retrieved from /Users/harika/Desktop/CSYE_7245/Labs/airflow_tfx_lab/vlab/lib/python3.7/site-packages/airflow/example_dags/example_python_operator.py
[2021-03-17 19:15:03,265] {logging_mixin.py:104} INFO - [2021-03-17 19:15:03,264] {dag.py:1818} INFO - Sync 1 DAGs
[2021-03-17 19:15:03,297] {logging_mixin.py:104} INFO - [2021-03-17 19:15:03,296] {dag.py:2273} INFO - Setting next_dagrun for example_python_operator to None
[2021-03-17 19:15:03,318] {scheduler_job.py:190} INFO - Processing /Users/harika/Desktop/CSYE_7245/Labs/airflow_tfx_lab/vlab/lib/python3.7/site-packages/airflow/example_dags/example_python_operator.py took 0.140 seconds
[2021-03-17 19:15:44,448] {scheduler_job.py:182} INFO - Started process (PID=28580) to work on /Users/harika/Desktop/CSYE_7245/Labs/airflow_tfx_lab/vlab/lib/python3.7/site-packages/airflow/example_dags/example_python_operator.py
[2021-03-17 19:15:44,452] {scheduler_job.py:629} INFO - Processing file /Users/harika/Desktop/CSYE_7245/Labs/airflow_tfx_lab/vlab/lib/python3.7/site-packages/airflow/example_dags/example_python_operator.py for tasks to queue
[2021-03-17 19:15:44,457] {logging_mixin.py:104} INFO - [2021-03-17 19:15:44,456] {dagbag.py:448} INFO - Filling up the DagBag from /Users/harika/Desktop/CSYE_7245/Labs/airflow_tfx_lab/vlab/lib/python3.7/site-packages/airflow/example_dags/example_python_operator.py
[2021-03-17 19:15:44,502] {scheduler_job.py:639} INFO - DAG(s) dict_keys(['example_python_operator']) retrieved from /Users/harika/Desktop/CSYE_7245/Labs/airflow_tfx_lab/vlab/lib/python3.7/site-packages/airflow/example_dags/example_python_operator.py
[2021-03-17 19:15:44,528] {logging_mixin.py:104} INFO - [2021-03-17 19:15:44,526] {dag.py:1818} INFO - Sync 1 DAGs
[2021-03-17 19:15:44,544] {logging_mixin.py:104} INFO - [2021-03-17 19:15:44,543] {dag.py:2273} INFO - Setting next_dagrun for example_python_operator to None
[2021-03-17 19:15:44,552] {scheduler_job.py:190} INFO - Processing /Users/harika/Desktop/CSYE_7245/Labs/airflow_tfx_lab/vlab/lib/python3.7/site-packages/airflow/example_dags/example_python_operator.py took 0.111 seconds
[2021-03-17 19:16:25,970] {scheduler_job.py:182} INFO - Started process (PID=28664) to work on /Users/harika/Desktop/CSYE_7245/Labs/airflow_tfx_lab/vlab/lib/python3.7/site-packages/airflow/example_dags/example_python_operator.py
[2021-03-17 19:16:25,973] {scheduler_job.py:629} INFO - Processing file /Users/harika/Desktop/CSYE_7245/Labs/airflow_tfx_lab/vlab/lib/python3.7/site-packages/airflow/example_dags/example_python_operator.py for tasks to queue
[2021-03-17 19:16:25,975] {logging_mixin.py:104} INFO - [2021-03-17 19:16:25,975] {dagbag.py:448} INFO - Filling up the DagBag from /Users/harika/Desktop/CSYE_7245/Labs/airflow_tfx_lab/vlab/lib/python3.7/site-packages/airflow/example_dags/example_python_operator.py
[2021-03-17 19:16:26,000] {scheduler_job.py:639} INFO - DAG(s) dict_keys(['example_python_operator']) retrieved from /Users/harika/Desktop/CSYE_7245/Labs/airflow_tfx_lab/vlab/lib/python3.7/site-packages/airflow/example_dags/example_python_operator.py
[2021-03-17 19:16:26,017] {logging_mixin.py:104} INFO - [2021-03-17 19:16:26,017] {dag.py:1818} INFO - Sync 1 DAGs
[2021-03-17 19:16:26,038] {logging_mixin.py:104} INFO - [2021-03-17 19:16:26,036] {dag.py:2273} INFO - Setting next_dagrun for example_python_operator to None
[2021-03-17 19:16:26,052] {scheduler_job.py:190} INFO - Processing /Users/harika/Desktop/CSYE_7245/Labs/airflow_tfx_lab/vlab/lib/python3.7/site-packages/airflow/example_dags/example_python_operator.py took 0.089 seconds
[2021-03-17 19:22:09,069] {scheduler_job.py:182} INFO - Started process (PID=28902) to work on /Users/harika/Desktop/CSYE_7245/Labs/airflow_tfx_lab/vlab/lib/python3.7/site-packages/airflow/example_dags/example_python_operator.py
[2021-03-17 19:22:09,073] {scheduler_job.py:629} INFO - Processing file /Users/harika/Desktop/CSYE_7245/Labs/airflow_tfx_lab/vlab/lib/python3.7/site-packages/airflow/example_dags/example_python_operator.py for tasks to queue
[2021-03-17 19:22:09,075] {logging_mixin.py:104} INFO - [2021-03-17 19:22:09,074] {dagbag.py:448} INFO - Filling up the DagBag from /Users/harika/Desktop/CSYE_7245/Labs/airflow_tfx_lab/vlab/lib/python3.7/site-packages/airflow/example_dags/example_python_operator.py
[2021-03-17 19:22:09,094] {scheduler_job.py:639} INFO - DAG(s) dict_keys(['example_python_operator']) retrieved from /Users/harika/Desktop/CSYE_7245/Labs/airflow_tfx_lab/vlab/lib/python3.7/site-packages/airflow/example_dags/example_python_operator.py
[2021-03-17 19:22:09,123] {logging_mixin.py:104} INFO - [2021-03-17 19:22:09,122] {dag.py:1818} INFO - Sync 1 DAGs
[2021-03-17 19:22:09,144] {logging_mixin.py:104} INFO - [2021-03-17 19:22:09,144] {dag.py:2273} INFO - Setting next_dagrun for example_python_operator to None
[2021-03-17 19:22:09,156] {scheduler_job.py:190} INFO - Processing /Users/harika/Desktop/CSYE_7245/Labs/airflow_tfx_lab/vlab/lib/python3.7/site-packages/airflow/example_dags/example_python_operator.py took 0.091 seconds
[2021-03-17 19:22:51,476] {scheduler_job.py:182} INFO - Started process (PID=28931) to work on /Users/harika/Desktop/CSYE_7245/Labs/airflow_tfx_lab/vlab/lib/python3.7/site-packages/airflow/example_dags/example_python_operator.py
[2021-03-17 19:22:51,479] {scheduler_job.py:629} INFO - Processing file /Users/harika/Desktop/CSYE_7245/Labs/airflow_tfx_lab/vlab/lib/python3.7/site-packages/airflow/example_dags/example_python_operator.py for tasks to queue
[2021-03-17 19:22:51,480] {logging_mixin.py:104} INFO - [2021-03-17 19:22:51,480] {dagbag.py:448} INFO - Filling up the DagBag from /Users/harika/Desktop/CSYE_7245/Labs/airflow_tfx_lab/vlab/lib/python3.7/site-packages/airflow/example_dags/example_python_operator.py
[2021-03-17 19:22:51,497] {scheduler_job.py:639} INFO - DAG(s) dict_keys(['example_python_operator']) retrieved from /Users/harika/Desktop/CSYE_7245/Labs/airflow_tfx_lab/vlab/lib/python3.7/site-packages/airflow/example_dags/example_python_operator.py
[2021-03-17 19:22:51,518] {logging_mixin.py:104} INFO - [2021-03-17 19:22:51,518] {dag.py:1818} INFO - Sync 1 DAGs
[2021-03-17 19:22:51,537] {logging_mixin.py:104} INFO - [2021-03-17 19:22:51,537] {dag.py:2273} INFO - Setting next_dagrun for example_python_operator to None
[2021-03-17 19:22:51,547] {scheduler_job.py:190} INFO - Processing /Users/harika/Desktop/CSYE_7245/Labs/airflow_tfx_lab/vlab/lib/python3.7/site-packages/airflow/example_dags/example_python_operator.py took 0.076 seconds
[2021-03-17 19:23:34,118] {scheduler_job.py:182} INFO - Started process (PID=28963) to work on /Users/harika/Desktop/CSYE_7245/Labs/airflow_tfx_lab/vlab/lib/python3.7/site-packages/airflow/example_dags/example_python_operator.py
[2021-03-17 19:23:34,122] {scheduler_job.py:629} INFO - Processing file /Users/harika/Desktop/CSYE_7245/Labs/airflow_tfx_lab/vlab/lib/python3.7/site-packages/airflow/example_dags/example_python_operator.py for tasks to queue
[2021-03-17 19:23:34,124] {logging_mixin.py:104} INFO - [2021-03-17 19:23:34,124] {dagbag.py:448} INFO - Filling up the DagBag from /Users/harika/Desktop/CSYE_7245/Labs/airflow_tfx_lab/vlab/lib/python3.7/site-packages/airflow/example_dags/example_python_operator.py
[2021-03-17 19:23:34,149] {scheduler_job.py:639} INFO - DAG(s) dict_keys(['example_python_operator']) retrieved from /Users/harika/Desktop/CSYE_7245/Labs/airflow_tfx_lab/vlab/lib/python3.7/site-packages/airflow/example_dags/example_python_operator.py
[2021-03-17 19:23:34,167] {logging_mixin.py:104} INFO - [2021-03-17 19:23:34,166] {dag.py:1818} INFO - Sync 1 DAGs
[2021-03-17 19:23:34,213] {logging_mixin.py:104} INFO - [2021-03-17 19:23:34,212] {dag.py:2273} INFO - Setting next_dagrun for example_python_operator to None
[2021-03-17 19:23:34,225] {scheduler_job.py:190} INFO - Processing /Users/harika/Desktop/CSYE_7245/Labs/airflow_tfx_lab/vlab/lib/python3.7/site-packages/airflow/example_dags/example_python_operator.py took 0.120 seconds
[2021-03-17 19:24:15,470] {scheduler_job.py:182} INFO - Started process (PID=28993) to work on /Users/harika/Desktop/CSYE_7245/Labs/airflow_tfx_lab/vlab/lib/python3.7/site-packages/airflow/example_dags/example_python_operator.py
[2021-03-17 19:24:15,473] {scheduler_job.py:629} INFO - Processing file /Users/harika/Desktop/CSYE_7245/Labs/airflow_tfx_lab/vlab/lib/python3.7/site-packages/airflow/example_dags/example_python_operator.py for tasks to queue
[2021-03-17 19:24:15,475] {logging_mixin.py:104} INFO - [2021-03-17 19:24:15,474] {dagbag.py:448} INFO - Filling up the DagBag from /Users/harika/Desktop/CSYE_7245/Labs/airflow_tfx_lab/vlab/lib/python3.7/site-packages/airflow/example_dags/example_python_operator.py
[2021-03-17 19:24:15,500] {scheduler_job.py:639} INFO - DAG(s) dict_keys(['example_python_operator']) retrieved from /Users/harika/Desktop/CSYE_7245/Labs/airflow_tfx_lab/vlab/lib/python3.7/site-packages/airflow/example_dags/example_python_operator.py
[2021-03-17 19:24:15,523] {logging_mixin.py:104} INFO - [2021-03-17 19:24:15,523] {dag.py:1818} INFO - Sync 1 DAGs
[2021-03-17 19:24:15,541] {logging_mixin.py:104} INFO - [2021-03-17 19:24:15,540] {dag.py:2273} INFO - Setting next_dagrun for example_python_operator to None
[2021-03-17 19:24:15,553] {scheduler_job.py:190} INFO - Processing /Users/harika/Desktop/CSYE_7245/Labs/airflow_tfx_lab/vlab/lib/python3.7/site-packages/airflow/example_dags/example_python_operator.py took 0.089 seconds
[2021-03-17 19:25:11,350] {scheduler_job.py:182} INFO - Started process (PID=29041) to work on /Users/harika/Desktop/CSYE_7245/Labs/airflow_tfx_lab/vlab/lib/python3.7/site-packages/airflow/example_dags/example_python_operator.py
[2021-03-17 19:25:11,356] {scheduler_job.py:629} INFO - Processing file /Users/harika/Desktop/CSYE_7245/Labs/airflow_tfx_lab/vlab/lib/python3.7/site-packages/airflow/example_dags/example_python_operator.py for tasks to queue
[2021-03-17 19:25:11,360] {logging_mixin.py:104} INFO - [2021-03-17 19:25:11,359] {dagbag.py:448} INFO - Filling up the DagBag from /Users/harika/Desktop/CSYE_7245/Labs/airflow_tfx_lab/vlab/lib/python3.7/site-packages/airflow/example_dags/example_python_operator.py
[2021-03-17 19:25:11,404] {scheduler_job.py:639} INFO - DAG(s) dict_keys(['example_python_operator']) retrieved from /Users/harika/Desktop/CSYE_7245/Labs/airflow_tfx_lab/vlab/lib/python3.7/site-packages/airflow/example_dags/example_python_operator.py
[2021-03-17 19:25:11,453] {logging_mixin.py:104} INFO - [2021-03-17 19:25:11,452] {dag.py:1818} INFO - Sync 1 DAGs
[2021-03-17 19:25:11,519] {logging_mixin.py:104} INFO - [2021-03-17 19:25:11,518] {dag.py:2273} INFO - Setting next_dagrun for example_python_operator to None
[2021-03-17 19:25:11,545] {scheduler_job.py:190} INFO - Processing /Users/harika/Desktop/CSYE_7245/Labs/airflow_tfx_lab/vlab/lib/python3.7/site-packages/airflow/example_dags/example_python_operator.py took 0.202 seconds
[2021-03-17 19:26:28,355] {scheduler_job.py:182} INFO - Started process (PID=29083) to work on /Users/harika/Desktop/CSYE_7245/Labs/airflow_tfx_lab/vlab/lib/python3.7/site-packages/airflow/example_dags/example_python_operator.py
[2021-03-17 19:26:28,358] {scheduler_job.py:629} INFO - Processing file /Users/harika/Desktop/CSYE_7245/Labs/airflow_tfx_lab/vlab/lib/python3.7/site-packages/airflow/example_dags/example_python_operator.py for tasks to queue
[2021-03-17 19:26:28,360] {logging_mixin.py:104} INFO - [2021-03-17 19:26:28,360] {dagbag.py:448} INFO - Filling up the DagBag from /Users/harika/Desktop/CSYE_7245/Labs/airflow_tfx_lab/vlab/lib/python3.7/site-packages/airflow/example_dags/example_python_operator.py
[2021-03-17 19:26:28,392] {scheduler_job.py:639} INFO - DAG(s) dict_keys(['example_python_operator']) retrieved from /Users/harika/Desktop/CSYE_7245/Labs/airflow_tfx_lab/vlab/lib/python3.7/site-packages/airflow/example_dags/example_python_operator.py
[2021-03-17 19:26:28,422] {logging_mixin.py:104} INFO - [2021-03-17 19:26:28,421] {dag.py:1818} INFO - Sync 1 DAGs
[2021-03-17 19:26:28,451] {logging_mixin.py:104} INFO - [2021-03-17 19:26:28,450] {dag.py:2273} INFO - Setting next_dagrun for example_python_operator to None
[2021-03-17 19:26:28,467] {scheduler_job.py:190} INFO - Processing /Users/harika/Desktop/CSYE_7245/Labs/airflow_tfx_lab/vlab/lib/python3.7/site-packages/airflow/example_dags/example_python_operator.py took 0.117 seconds
[2021-03-17 19:29:08,726] {scheduler_job.py:182} INFO - Started process (PID=29164) to work on /Users/harika/Desktop/CSYE_7245/Labs/airflow_tfx_lab/vlab/lib/python3.7/site-packages/airflow/example_dags/example_python_operator.py
[2021-03-17 19:29:08,730] {scheduler_job.py:629} INFO - Processing file /Users/harika/Desktop/CSYE_7245/Labs/airflow_tfx_lab/vlab/lib/python3.7/site-packages/airflow/example_dags/example_python_operator.py for tasks to queue
[2021-03-17 19:29:08,733] {logging_mixin.py:104} INFO - [2021-03-17 19:29:08,732] {dagbag.py:448} INFO - Filling up the DagBag from /Users/harika/Desktop/CSYE_7245/Labs/airflow_tfx_lab/vlab/lib/python3.7/site-packages/airflow/example_dags/example_python_operator.py
[2021-03-17 19:29:08,760] {scheduler_job.py:639} INFO - DAG(s) dict_keys(['example_python_operator']) retrieved from /Users/harika/Desktop/CSYE_7245/Labs/airflow_tfx_lab/vlab/lib/python3.7/site-packages/airflow/example_dags/example_python_operator.py
[2021-03-17 19:29:08,783] {logging_mixin.py:104} INFO - [2021-03-17 19:29:08,783] {dag.py:1818} INFO - Sync 1 DAGs
[2021-03-17 19:29:08,803] {logging_mixin.py:104} INFO - [2021-03-17 19:29:08,799] {dag.py:2273} INFO - Setting next_dagrun for example_python_operator to None
[2021-03-17 19:29:08,817] {scheduler_job.py:190} INFO - Processing /Users/harika/Desktop/CSYE_7245/Labs/airflow_tfx_lab/vlab/lib/python3.7/site-packages/airflow/example_dags/example_python_operator.py took 0.095 seconds
[2021-03-17 19:30:05,019] {scheduler_job.py:182} INFO - Started process (PID=29209) to work on /Users/harika/Desktop/CSYE_7245/Labs/airflow_tfx_lab/vlab/lib/python3.7/site-packages/airflow/example_dags/example_python_operator.py
[2021-03-17 19:30:05,026] {scheduler_job.py:629} INFO - Processing file /Users/harika/Desktop/CSYE_7245/Labs/airflow_tfx_lab/vlab/lib/python3.7/site-packages/airflow/example_dags/example_python_operator.py for tasks to queue
[2021-03-17 19:30:05,030] {logging_mixin.py:104} INFO - [2021-03-17 19:30:05,029] {dagbag.py:448} INFO - Filling up the DagBag from /Users/harika/Desktop/CSYE_7245/Labs/airflow_tfx_lab/vlab/lib/python3.7/site-packages/airflow/example_dags/example_python_operator.py
[2021-03-17 19:30:05,123] {scheduler_job.py:639} INFO - DAG(s) dict_keys(['example_python_operator']) retrieved from /Users/harika/Desktop/CSYE_7245/Labs/airflow_tfx_lab/vlab/lib/python3.7/site-packages/airflow/example_dags/example_python_operator.py
[2021-03-17 19:30:05,192] {logging_mixin.py:104} INFO - [2021-03-17 19:30:05,190] {dag.py:1818} INFO - Sync 1 DAGs
[2021-03-17 19:30:05,265] {logging_mixin.py:104} INFO - [2021-03-17 19:30:05,262] {dag.py:2273} INFO - Setting next_dagrun for example_python_operator to None
[2021-03-17 19:30:05,472] {scheduler_job.py:190} INFO - Processing /Users/harika/Desktop/CSYE_7245/Labs/airflow_tfx_lab/vlab/lib/python3.7/site-packages/airflow/example_dags/example_python_operator.py took 0.467 seconds
[2021-03-17 19:30:53,300] {scheduler_job.py:182} INFO - Started process (PID=29331) to work on /Users/harika/Desktop/CSYE_7245/Labs/airflow_tfx_lab/vlab/lib/python3.7/site-packages/airflow/example_dags/example_python_operator.py
[2021-03-17 19:30:53,305] {scheduler_job.py:629} INFO - Processing file /Users/harika/Desktop/CSYE_7245/Labs/airflow_tfx_lab/vlab/lib/python3.7/site-packages/airflow/example_dags/example_python_operator.py for tasks to queue
[2021-03-17 19:30:53,308] {logging_mixin.py:104} INFO - [2021-03-17 19:30:53,307] {dagbag.py:448} INFO - Filling up the DagBag from /Users/harika/Desktop/CSYE_7245/Labs/airflow_tfx_lab/vlab/lib/python3.7/site-packages/airflow/example_dags/example_python_operator.py
[2021-03-17 19:30:53,350] {scheduler_job.py:639} INFO - DAG(s) dict_keys(['example_python_operator']) retrieved from /Users/harika/Desktop/CSYE_7245/Labs/airflow_tfx_lab/vlab/lib/python3.7/site-packages/airflow/example_dags/example_python_operator.py
[2021-03-17 19:30:53,505] {logging_mixin.py:104} INFO - [2021-03-17 19:30:53,504] {dag.py:1818} INFO - Sync 1 DAGs
[2021-03-17 19:30:53,569] {logging_mixin.py:104} INFO - [2021-03-17 19:30:53,568] {dag.py:2273} INFO - Setting next_dagrun for example_python_operator to None
[2021-03-17 19:30:53,596] {scheduler_job.py:190} INFO - Processing /Users/harika/Desktop/CSYE_7245/Labs/airflow_tfx_lab/vlab/lib/python3.7/site-packages/airflow/example_dags/example_python_operator.py took 0.305 seconds
[2021-03-17 19:31:47,029] {scheduler_job.py:182} INFO - Started process (PID=29419) to work on /Users/harika/Desktop/CSYE_7245/Labs/airflow_tfx_lab/vlab/lib/python3.7/site-packages/airflow/example_dags/example_python_operator.py
[2021-03-17 19:31:47,033] {scheduler_job.py:629} INFO - Processing file /Users/harika/Desktop/CSYE_7245/Labs/airflow_tfx_lab/vlab/lib/python3.7/site-packages/airflow/example_dags/example_python_operator.py for tasks to queue
[2021-03-17 19:31:47,037] {logging_mixin.py:104} INFO - [2021-03-17 19:31:47,035] {dagbag.py:448} INFO - Filling up the DagBag from /Users/harika/Desktop/CSYE_7245/Labs/airflow_tfx_lab/vlab/lib/python3.7/site-packages/airflow/example_dags/example_python_operator.py
[2021-03-17 19:31:47,094] {scheduler_job.py:639} INFO - DAG(s) dict_keys(['example_python_operator']) retrieved from /Users/harika/Desktop/CSYE_7245/Labs/airflow_tfx_lab/vlab/lib/python3.7/site-packages/airflow/example_dags/example_python_operator.py
[2021-03-17 19:31:47,141] {logging_mixin.py:104} INFO - [2021-03-17 19:31:47,140] {dag.py:1818} INFO - Sync 1 DAGs
[2021-03-17 19:31:47,279] {logging_mixin.py:104} INFO - [2021-03-17 19:31:47,278] {dag.py:2273} INFO - Setting next_dagrun for example_python_operator to None
[2021-03-17 19:31:47,321] {scheduler_job.py:190} INFO - Processing /Users/harika/Desktop/CSYE_7245/Labs/airflow_tfx_lab/vlab/lib/python3.7/site-packages/airflow/example_dags/example_python_operator.py took 0.311 seconds
[2021-03-17 19:32:57,179] {scheduler_job.py:182} INFO - Started process (PID=29475) to work on /Users/harika/Desktop/CSYE_7245/Labs/airflow_tfx_lab/vlab/lib/python3.7/site-packages/airflow/example_dags/example_python_operator.py
[2021-03-17 19:32:57,185] {scheduler_job.py:629} INFO - Processing file /Users/harika/Desktop/CSYE_7245/Labs/airflow_tfx_lab/vlab/lib/python3.7/site-packages/airflow/example_dags/example_python_operator.py for tasks to queue
[2021-03-17 19:32:57,188] {logging_mixin.py:104} INFO - [2021-03-17 19:32:57,187] {dagbag.py:448} INFO - Filling up the DagBag from /Users/harika/Desktop/CSYE_7245/Labs/airflow_tfx_lab/vlab/lib/python3.7/site-packages/airflow/example_dags/example_python_operator.py
[2021-03-17 19:32:57,250] {scheduler_job.py:639} INFO - DAG(s) dict_keys(['example_python_operator']) retrieved from /Users/harika/Desktop/CSYE_7245/Labs/airflow_tfx_lab/vlab/lib/python3.7/site-packages/airflow/example_dags/example_python_operator.py
[2021-03-17 19:32:57,324] {logging_mixin.py:104} INFO - [2021-03-17 19:32:57,317] {dag.py:1818} INFO - Sync 1 DAGs
[2021-03-17 19:32:57,373] {logging_mixin.py:104} INFO - [2021-03-17 19:32:57,372] {dag.py:2273} INFO - Setting next_dagrun for example_python_operator to None
[2021-03-17 19:32:57,402] {scheduler_job.py:190} INFO - Processing /Users/harika/Desktop/CSYE_7245/Labs/airflow_tfx_lab/vlab/lib/python3.7/site-packages/airflow/example_dags/example_python_operator.py took 0.233 seconds
[2021-03-17 19:33:39,877] {scheduler_job.py:182} INFO - Started process (PID=29561) to work on /Users/harika/Desktop/CSYE_7245/Labs/airflow_tfx_lab/vlab/lib/python3.7/site-packages/airflow/example_dags/example_python_operator.py
[2021-03-17 19:33:39,881] {scheduler_job.py:629} INFO - Processing file /Users/harika/Desktop/CSYE_7245/Labs/airflow_tfx_lab/vlab/lib/python3.7/site-packages/airflow/example_dags/example_python_operator.py for tasks to queue
[2021-03-17 19:33:39,883] {logging_mixin.py:104} INFO - [2021-03-17 19:33:39,882] {dagbag.py:448} INFO - Filling up the DagBag from /Users/harika/Desktop/CSYE_7245/Labs/airflow_tfx_lab/vlab/lib/python3.7/site-packages/airflow/example_dags/example_python_operator.py
[2021-03-17 19:33:39,902] {scheduler_job.py:639} INFO - DAG(s) dict_keys(['example_python_operator']) retrieved from /Users/harika/Desktop/CSYE_7245/Labs/airflow_tfx_lab/vlab/lib/python3.7/site-packages/airflow/example_dags/example_python_operator.py
[2021-03-17 19:33:39,925] {logging_mixin.py:104} INFO - [2021-03-17 19:33:39,925] {dag.py:1818} INFO - Sync 1 DAGs
[2021-03-17 19:33:39,955] {logging_mixin.py:104} INFO - [2021-03-17 19:33:39,954] {dag.py:2273} INFO - Setting next_dagrun for example_python_operator to None
[2021-03-17 19:33:39,966] {scheduler_job.py:190} INFO - Processing /Users/harika/Desktop/CSYE_7245/Labs/airflow_tfx_lab/vlab/lib/python3.7/site-packages/airflow/example_dags/example_python_operator.py took 0.099 seconds
[2021-03-17 19:34:28,687] {scheduler_job.py:182} INFO - Started process (PID=29616) to work on /Users/harika/Desktop/CSYE_7245/Labs/airflow_tfx_lab/vlab/lib/python3.7/site-packages/airflow/example_dags/example_python_operator.py
[2021-03-17 19:34:28,689] {scheduler_job.py:629} INFO - Processing file /Users/harika/Desktop/CSYE_7245/Labs/airflow_tfx_lab/vlab/lib/python3.7/site-packages/airflow/example_dags/example_python_operator.py for tasks to queue
[2021-03-17 19:34:28,691] {logging_mixin.py:104} INFO - [2021-03-17 19:34:28,690] {dagbag.py:448} INFO - Filling up the DagBag from /Users/harika/Desktop/CSYE_7245/Labs/airflow_tfx_lab/vlab/lib/python3.7/site-packages/airflow/example_dags/example_python_operator.py
[2021-03-17 19:34:28,711] {scheduler_job.py:639} INFO - DAG(s) dict_keys(['example_python_operator']) retrieved from /Users/harika/Desktop/CSYE_7245/Labs/airflow_tfx_lab/vlab/lib/python3.7/site-packages/airflow/example_dags/example_python_operator.py
[2021-03-17 19:34:28,754] {logging_mixin.py:104} INFO - [2021-03-17 19:34:28,753] {dag.py:1818} INFO - Sync 1 DAGs
[2021-03-17 19:34:28,770] {logging_mixin.py:104} INFO - [2021-03-17 19:34:28,770] {dag.py:2273} INFO - Setting next_dagrun for example_python_operator to None
[2021-03-17 19:34:28,790] {scheduler_job.py:190} INFO - Processing /Users/harika/Desktop/CSYE_7245/Labs/airflow_tfx_lab/vlab/lib/python3.7/site-packages/airflow/example_dags/example_python_operator.py took 0.110 seconds
[2021-03-17 19:35:14,511] {scheduler_job.py:182} INFO - Started process (PID=29660) to work on /Users/harika/Desktop/CSYE_7245/Labs/airflow_tfx_lab/vlab/lib/python3.7/site-packages/airflow/example_dags/example_python_operator.py
[2021-03-17 19:35:14,517] {scheduler_job.py:629} INFO - Processing file /Users/harika/Desktop/CSYE_7245/Labs/airflow_tfx_lab/vlab/lib/python3.7/site-packages/airflow/example_dags/example_python_operator.py for tasks to queue
[2021-03-17 19:35:14,520] {logging_mixin.py:104} INFO - [2021-03-17 19:35:14,519] {dagbag.py:448} INFO - Filling up the DagBag from /Users/harika/Desktop/CSYE_7245/Labs/airflow_tfx_lab/vlab/lib/python3.7/site-packages/airflow/example_dags/example_python_operator.py
[2021-03-17 19:35:14,554] {scheduler_job.py:639} INFO - DAG(s) dict_keys(['example_python_operator']) retrieved from /Users/harika/Desktop/CSYE_7245/Labs/airflow_tfx_lab/vlab/lib/python3.7/site-packages/airflow/example_dags/example_python_operator.py
[2021-03-17 19:35:14,591] {logging_mixin.py:104} INFO - [2021-03-17 19:35:14,590] {dag.py:1818} INFO - Sync 1 DAGs
[2021-03-17 19:35:14,624] {logging_mixin.py:104} INFO - [2021-03-17 19:35:14,623] {dag.py:2273} INFO - Setting next_dagrun for example_python_operator to None
[2021-03-17 19:35:14,640] {scheduler_job.py:190} INFO - Processing /Users/harika/Desktop/CSYE_7245/Labs/airflow_tfx_lab/vlab/lib/python3.7/site-packages/airflow/example_dags/example_python_operator.py took 0.134 seconds
[2021-03-17 19:35:57,091] {scheduler_job.py:182} INFO - Started process (PID=29709) to work on /Users/harika/Desktop/CSYE_7245/Labs/airflow_tfx_lab/vlab/lib/python3.7/site-packages/airflow/example_dags/example_python_operator.py
[2021-03-17 19:35:57,093] {scheduler_job.py:629} INFO - Processing file /Users/harika/Desktop/CSYE_7245/Labs/airflow_tfx_lab/vlab/lib/python3.7/site-packages/airflow/example_dags/example_python_operator.py for tasks to queue
[2021-03-17 19:35:57,095] {logging_mixin.py:104} INFO - [2021-03-17 19:35:57,095] {dagbag.py:448} INFO - Filling up the DagBag from /Users/harika/Desktop/CSYE_7245/Labs/airflow_tfx_lab/vlab/lib/python3.7/site-packages/airflow/example_dags/example_python_operator.py
[2021-03-17 19:35:57,119] {scheduler_job.py:639} INFO - DAG(s) dict_keys(['example_python_operator']) retrieved from /Users/harika/Desktop/CSYE_7245/Labs/airflow_tfx_lab/vlab/lib/python3.7/site-packages/airflow/example_dags/example_python_operator.py
[2021-03-17 19:35:57,150] {logging_mixin.py:104} INFO - [2021-03-17 19:35:57,149] {dag.py:1818} INFO - Sync 1 DAGs
[2021-03-17 19:35:57,168] {logging_mixin.py:104} INFO - [2021-03-17 19:35:57,167] {dag.py:2273} INFO - Setting next_dagrun for example_python_operator to None
[2021-03-17 19:35:57,184] {scheduler_job.py:190} INFO - Processing /Users/harika/Desktop/CSYE_7245/Labs/airflow_tfx_lab/vlab/lib/python3.7/site-packages/airflow/example_dags/example_python_operator.py took 0.098 seconds
[2021-03-17 19:36:56,938] {scheduler_job.py:182} INFO - Started process (PID=29757) to work on /Users/harika/Desktop/CSYE_7245/Labs/airflow_tfx_lab/vlab/lib/python3.7/site-packages/airflow/example_dags/example_python_operator.py
[2021-03-17 19:36:56,941] {scheduler_job.py:629} INFO - Processing file /Users/harika/Desktop/CSYE_7245/Labs/airflow_tfx_lab/vlab/lib/python3.7/site-packages/airflow/example_dags/example_python_operator.py for tasks to queue
[2021-03-17 19:36:56,943] {logging_mixin.py:104} INFO - [2021-03-17 19:36:56,943] {dagbag.py:448} INFO - Filling up the DagBag from /Users/harika/Desktop/CSYE_7245/Labs/airflow_tfx_lab/vlab/lib/python3.7/site-packages/airflow/example_dags/example_python_operator.py
[2021-03-17 19:36:57,003] {scheduler_job.py:639} INFO - DAG(s) dict_keys(['example_python_operator']) retrieved from /Users/harika/Desktop/CSYE_7245/Labs/airflow_tfx_lab/vlab/lib/python3.7/site-packages/airflow/example_dags/example_python_operator.py
[2021-03-17 19:36:57,079] {logging_mixin.py:104} INFO - [2021-03-17 19:36:57,075] {dag.py:1818} INFO - Sync 1 DAGs
[2021-03-17 19:36:57,118] {logging_mixin.py:104} INFO - [2021-03-17 19:36:57,118] {dag.py:2273} INFO - Setting next_dagrun for example_python_operator to None
[2021-03-17 19:36:57,171] {scheduler_job.py:190} INFO - Processing /Users/harika/Desktop/CSYE_7245/Labs/airflow_tfx_lab/vlab/lib/python3.7/site-packages/airflow/example_dags/example_python_operator.py took 0.241 seconds
[2021-03-17 19:38:04,476] {scheduler_job.py:182} INFO - Started process (PID=29814) to work on /Users/harika/Desktop/CSYE_7245/Labs/airflow_tfx_lab/vlab/lib/python3.7/site-packages/airflow/example_dags/example_python_operator.py
[2021-03-17 19:38:04,480] {scheduler_job.py:629} INFO - Processing file /Users/harika/Desktop/CSYE_7245/Labs/airflow_tfx_lab/vlab/lib/python3.7/site-packages/airflow/example_dags/example_python_operator.py for tasks to queue
[2021-03-17 19:38:04,483] {logging_mixin.py:104} INFO - [2021-03-17 19:38:04,482] {dagbag.py:448} INFO - Filling up the DagBag from /Users/harika/Desktop/CSYE_7245/Labs/airflow_tfx_lab/vlab/lib/python3.7/site-packages/airflow/example_dags/example_python_operator.py
[2021-03-17 19:38:04,529] {scheduler_job.py:639} INFO - DAG(s) dict_keys(['example_python_operator']) retrieved from /Users/harika/Desktop/CSYE_7245/Labs/airflow_tfx_lab/vlab/lib/python3.7/site-packages/airflow/example_dags/example_python_operator.py
[2021-03-17 19:38:04,587] {logging_mixin.py:104} INFO - [2021-03-17 19:38:04,586] {dag.py:1818} INFO - Sync 1 DAGs
[2021-03-17 19:38:04,607] {logging_mixin.py:104} INFO - [2021-03-17 19:38:04,606] {dag.py:2273} INFO - Setting next_dagrun for example_python_operator to None
[2021-03-17 19:38:04,635] {scheduler_job.py:190} INFO - Processing /Users/harika/Desktop/CSYE_7245/Labs/airflow_tfx_lab/vlab/lib/python3.7/site-packages/airflow/example_dags/example_python_operator.py took 0.173 seconds
[2021-03-17 19:38:43,432] {scheduler_job.py:182} INFO - Started process (PID=29847) to work on /Users/harika/Desktop/CSYE_7245/Labs/airflow_tfx_lab/vlab/lib/python3.7/site-packages/airflow/example_dags/example_python_operator.py
[2021-03-17 19:38:43,435] {scheduler_job.py:629} INFO - Processing file /Users/harika/Desktop/CSYE_7245/Labs/airflow_tfx_lab/vlab/lib/python3.7/site-packages/airflow/example_dags/example_python_operator.py for tasks to queue
[2021-03-17 19:38:43,437] {logging_mixin.py:104} INFO - [2021-03-17 19:38:43,436] {dagbag.py:448} INFO - Filling up the DagBag from /Users/harika/Desktop/CSYE_7245/Labs/airflow_tfx_lab/vlab/lib/python3.7/site-packages/airflow/example_dags/example_python_operator.py
[2021-03-17 19:38:43,457] {scheduler_job.py:639} INFO - DAG(s) dict_keys(['example_python_operator']) retrieved from /Users/harika/Desktop/CSYE_7245/Labs/airflow_tfx_lab/vlab/lib/python3.7/site-packages/airflow/example_dags/example_python_operator.py
[2021-03-17 19:38:43,474] {logging_mixin.py:104} INFO - [2021-03-17 19:38:43,474] {dag.py:1818} INFO - Sync 1 DAGs
[2021-03-17 19:38:43,493] {logging_mixin.py:104} INFO - [2021-03-17 19:38:43,492] {dag.py:2273} INFO - Setting next_dagrun for example_python_operator to None
[2021-03-17 19:38:43,505] {scheduler_job.py:190} INFO - Processing /Users/harika/Desktop/CSYE_7245/Labs/airflow_tfx_lab/vlab/lib/python3.7/site-packages/airflow/example_dags/example_python_operator.py took 0.079 seconds
[2021-03-17 19:39:29,219] {scheduler_job.py:182} INFO - Started process (PID=29916) to work on /Users/harika/Desktop/CSYE_7245/Labs/airflow_tfx_lab/vlab/lib/python3.7/site-packages/airflow/example_dags/example_python_operator.py
[2021-03-17 19:39:29,223] {scheduler_job.py:629} INFO - Processing file /Users/harika/Desktop/CSYE_7245/Labs/airflow_tfx_lab/vlab/lib/python3.7/site-packages/airflow/example_dags/example_python_operator.py for tasks to queue
[2021-03-17 19:39:29,226] {logging_mixin.py:104} INFO - [2021-03-17 19:39:29,225] {dagbag.py:448} INFO - Filling up the DagBag from /Users/harika/Desktop/CSYE_7245/Labs/airflow_tfx_lab/vlab/lib/python3.7/site-packages/airflow/example_dags/example_python_operator.py
[2021-03-17 19:39:29,258] {scheduler_job.py:639} INFO - DAG(s) dict_keys(['example_python_operator']) retrieved from /Users/harika/Desktop/CSYE_7245/Labs/airflow_tfx_lab/vlab/lib/python3.7/site-packages/airflow/example_dags/example_python_operator.py
[2021-03-17 19:39:29,297] {logging_mixin.py:104} INFO - [2021-03-17 19:39:29,296] {dag.py:1818} INFO - Sync 1 DAGs
[2021-03-17 19:39:29,328] {logging_mixin.py:104} INFO - [2021-03-17 19:39:29,327] {dag.py:2273} INFO - Setting next_dagrun for example_python_operator to None
[2021-03-17 19:39:29,363] {scheduler_job.py:190} INFO - Processing /Users/harika/Desktop/CSYE_7245/Labs/airflow_tfx_lab/vlab/lib/python3.7/site-packages/airflow/example_dags/example_python_operator.py took 0.154 seconds
[2021-03-17 19:40:22,847] {scheduler_job.py:182} INFO - Started process (PID=29993) to work on /Users/harika/Desktop/CSYE_7245/Labs/airflow_tfx_lab/vlab/lib/python3.7/site-packages/airflow/example_dags/example_python_operator.py
[2021-03-17 19:40:22,849] {scheduler_job.py:629} INFO - Processing file /Users/harika/Desktop/CSYE_7245/Labs/airflow_tfx_lab/vlab/lib/python3.7/site-packages/airflow/example_dags/example_python_operator.py for tasks to queue
[2021-03-17 19:40:22,853] {logging_mixin.py:104} INFO - [2021-03-17 19:40:22,852] {dagbag.py:448} INFO - Filling up the DagBag from /Users/harika/Desktop/CSYE_7245/Labs/airflow_tfx_lab/vlab/lib/python3.7/site-packages/airflow/example_dags/example_python_operator.py
[2021-03-17 19:40:22,879] {scheduler_job.py:639} INFO - DAG(s) dict_keys(['example_python_operator']) retrieved from /Users/harika/Desktop/CSYE_7245/Labs/airflow_tfx_lab/vlab/lib/python3.7/site-packages/airflow/example_dags/example_python_operator.py
[2021-03-17 19:40:22,899] {logging_mixin.py:104} INFO - [2021-03-17 19:40:22,899] {dag.py:1818} INFO - Sync 1 DAGs
[2021-03-17 19:40:22,927] {logging_mixin.py:104} INFO - [2021-03-17 19:40:22,921] {dag.py:2273} INFO - Setting next_dagrun for example_python_operator to None
[2021-03-17 19:40:22,954] {scheduler_job.py:190} INFO - Processing /Users/harika/Desktop/CSYE_7245/Labs/airflow_tfx_lab/vlab/lib/python3.7/site-packages/airflow/example_dags/example_python_operator.py took 0.111 seconds
[2021-03-17 19:41:07,067] {scheduler_job.py:182} INFO - Started process (PID=30040) to work on /Users/harika/Desktop/CSYE_7245/Labs/airflow_tfx_lab/vlab/lib/python3.7/site-packages/airflow/example_dags/example_python_operator.py
[2021-03-17 19:41:07,071] {scheduler_job.py:629} INFO - Processing file /Users/harika/Desktop/CSYE_7245/Labs/airflow_tfx_lab/vlab/lib/python3.7/site-packages/airflow/example_dags/example_python_operator.py for tasks to queue
[2021-03-17 19:41:07,075] {logging_mixin.py:104} INFO - [2021-03-17 19:41:07,073] {dagbag.py:448} INFO - Filling up the DagBag from /Users/harika/Desktop/CSYE_7245/Labs/airflow_tfx_lab/vlab/lib/python3.7/site-packages/airflow/example_dags/example_python_operator.py
[2021-03-17 19:41:07,113] {scheduler_job.py:639} INFO - DAG(s) dict_keys(['example_python_operator']) retrieved from /Users/harika/Desktop/CSYE_7245/Labs/airflow_tfx_lab/vlab/lib/python3.7/site-packages/airflow/example_dags/example_python_operator.py
[2021-03-17 19:41:07,280] {logging_mixin.py:104} INFO - [2021-03-17 19:41:07,279] {dag.py:1818} INFO - Sync 1 DAGs
[2021-03-17 19:41:07,347] {logging_mixin.py:104} INFO - [2021-03-17 19:41:07,346] {dag.py:2273} INFO - Setting next_dagrun for example_python_operator to None
[2021-03-17 19:41:07,420] {scheduler_job.py:190} INFO - Processing /Users/harika/Desktop/CSYE_7245/Labs/airflow_tfx_lab/vlab/lib/python3.7/site-packages/airflow/example_dags/example_python_operator.py took 0.361 seconds
[2021-03-17 19:41:53,252] {scheduler_job.py:182} INFO - Started process (PID=30085) to work on /Users/harika/Desktop/CSYE_7245/Labs/airflow_tfx_lab/vlab/lib/python3.7/site-packages/airflow/example_dags/example_python_operator.py
[2021-03-17 19:41:53,254] {scheduler_job.py:629} INFO - Processing file /Users/harika/Desktop/CSYE_7245/Labs/airflow_tfx_lab/vlab/lib/python3.7/site-packages/airflow/example_dags/example_python_operator.py for tasks to queue
[2021-03-17 19:41:53,256] {logging_mixin.py:104} INFO - [2021-03-17 19:41:53,255] {dagbag.py:448} INFO - Filling up the DagBag from /Users/harika/Desktop/CSYE_7245/Labs/airflow_tfx_lab/vlab/lib/python3.7/site-packages/airflow/example_dags/example_python_operator.py
[2021-03-17 19:41:53,275] {scheduler_job.py:639} INFO - DAG(s) dict_keys(['example_python_operator']) retrieved from /Users/harika/Desktop/CSYE_7245/Labs/airflow_tfx_lab/vlab/lib/python3.7/site-packages/airflow/example_dags/example_python_operator.py
[2021-03-17 19:41:53,292] {logging_mixin.py:104} INFO - [2021-03-17 19:41:53,292] {dag.py:1818} INFO - Sync 1 DAGs
[2021-03-17 19:41:53,305] {logging_mixin.py:104} INFO - [2021-03-17 19:41:53,304] {dag.py:2273} INFO - Setting next_dagrun for example_python_operator to None
[2021-03-17 19:41:53,313] {scheduler_job.py:190} INFO - Processing /Users/harika/Desktop/CSYE_7245/Labs/airflow_tfx_lab/vlab/lib/python3.7/site-packages/airflow/example_dags/example_python_operator.py took 0.065 seconds
[2021-03-17 19:42:32,080] {scheduler_job.py:182} INFO - Started process (PID=30137) to work on /Users/harika/Desktop/CSYE_7245/Labs/airflow_tfx_lab/vlab/lib/python3.7/site-packages/airflow/example_dags/example_python_operator.py
[2021-03-17 19:42:32,082] {scheduler_job.py:629} INFO - Processing file /Users/harika/Desktop/CSYE_7245/Labs/airflow_tfx_lab/vlab/lib/python3.7/site-packages/airflow/example_dags/example_python_operator.py for tasks to queue
[2021-03-17 19:42:32,084] {logging_mixin.py:104} INFO - [2021-03-17 19:42:32,083] {dagbag.py:448} INFO - Filling up the DagBag from /Users/harika/Desktop/CSYE_7245/Labs/airflow_tfx_lab/vlab/lib/python3.7/site-packages/airflow/example_dags/example_python_operator.py
[2021-03-17 19:42:32,104] {scheduler_job.py:639} INFO - DAG(s) dict_keys(['example_python_operator']) retrieved from /Users/harika/Desktop/CSYE_7245/Labs/airflow_tfx_lab/vlab/lib/python3.7/site-packages/airflow/example_dags/example_python_operator.py
[2021-03-17 19:42:32,124] {logging_mixin.py:104} INFO - [2021-03-17 19:42:32,123] {dag.py:1818} INFO - Sync 1 DAGs
[2021-03-17 19:42:32,136] {logging_mixin.py:104} INFO - [2021-03-17 19:42:32,136] {dag.py:2273} INFO - Setting next_dagrun for example_python_operator to None
[2021-03-17 19:42:32,145] {scheduler_job.py:190} INFO - Processing /Users/harika/Desktop/CSYE_7245/Labs/airflow_tfx_lab/vlab/lib/python3.7/site-packages/airflow/example_dags/example_python_operator.py took 0.070 seconds
[2021-03-17 19:43:11,389] {scheduler_job.py:182} INFO - Started process (PID=30166) to work on /Users/harika/Desktop/CSYE_7245/Labs/airflow_tfx_lab/vlab/lib/python3.7/site-packages/airflow/example_dags/example_python_operator.py
[2021-03-17 19:43:11,392] {scheduler_job.py:629} INFO - Processing file /Users/harika/Desktop/CSYE_7245/Labs/airflow_tfx_lab/vlab/lib/python3.7/site-packages/airflow/example_dags/example_python_operator.py for tasks to queue
[2021-03-17 19:43:11,394] {logging_mixin.py:104} INFO - [2021-03-17 19:43:11,393] {dagbag.py:448} INFO - Filling up the DagBag from /Users/harika/Desktop/CSYE_7245/Labs/airflow_tfx_lab/vlab/lib/python3.7/site-packages/airflow/example_dags/example_python_operator.py
[2021-03-17 19:43:11,413] {scheduler_job.py:639} INFO - DAG(s) dict_keys(['example_python_operator']) retrieved from /Users/harika/Desktop/CSYE_7245/Labs/airflow_tfx_lab/vlab/lib/python3.7/site-packages/airflow/example_dags/example_python_operator.py
[2021-03-17 19:43:11,432] {logging_mixin.py:104} INFO - [2021-03-17 19:43:11,432] {dag.py:1818} INFO - Sync 1 DAGs
[2021-03-17 19:43:11,448] {logging_mixin.py:104} INFO - [2021-03-17 19:43:11,447] {dag.py:2273} INFO - Setting next_dagrun for example_python_operator to None
[2021-03-17 19:43:11,459] {scheduler_job.py:190} INFO - Processing /Users/harika/Desktop/CSYE_7245/Labs/airflow_tfx_lab/vlab/lib/python3.7/site-packages/airflow/example_dags/example_python_operator.py took 0.076 seconds
[2021-03-17 19:43:50,658] {scheduler_job.py:182} INFO - Started process (PID=30220) to work on /Users/harika/Desktop/CSYE_7245/Labs/airflow_tfx_lab/vlab/lib/python3.7/site-packages/airflow/example_dags/example_python_operator.py
[2021-03-17 19:43:50,661] {scheduler_job.py:629} INFO - Processing file /Users/harika/Desktop/CSYE_7245/Labs/airflow_tfx_lab/vlab/lib/python3.7/site-packages/airflow/example_dags/example_python_operator.py for tasks to queue
[2021-03-17 19:43:50,663] {logging_mixin.py:104} INFO - [2021-03-17 19:43:50,662] {dagbag.py:448} INFO - Filling up the DagBag from /Users/harika/Desktop/CSYE_7245/Labs/airflow_tfx_lab/vlab/lib/python3.7/site-packages/airflow/example_dags/example_python_operator.py
[2021-03-17 19:43:50,685] {scheduler_job.py:639} INFO - DAG(s) dict_keys(['example_python_operator']) retrieved from /Users/harika/Desktop/CSYE_7245/Labs/airflow_tfx_lab/vlab/lib/python3.7/site-packages/airflow/example_dags/example_python_operator.py
[2021-03-17 19:43:50,708] {logging_mixin.py:104} INFO - [2021-03-17 19:43:50,706] {dag.py:1818} INFO - Sync 1 DAGs
[2021-03-17 19:43:50,730] {logging_mixin.py:104} INFO - [2021-03-17 19:43:50,729] {dag.py:2273} INFO - Setting next_dagrun for example_python_operator to None
[2021-03-17 19:43:50,741] {scheduler_job.py:190} INFO - Processing /Users/harika/Desktop/CSYE_7245/Labs/airflow_tfx_lab/vlab/lib/python3.7/site-packages/airflow/example_dags/example_python_operator.py took 0.088 seconds
[2021-03-17 19:44:31,176] {scheduler_job.py:182} INFO - Started process (PID=30257) to work on /Users/harika/Desktop/CSYE_7245/Labs/airflow_tfx_lab/vlab/lib/python3.7/site-packages/airflow/example_dags/example_python_operator.py
[2021-03-17 19:44:31,179] {scheduler_job.py:629} INFO - Processing file /Users/harika/Desktop/CSYE_7245/Labs/airflow_tfx_lab/vlab/lib/python3.7/site-packages/airflow/example_dags/example_python_operator.py for tasks to queue
[2021-03-17 19:44:31,185] {logging_mixin.py:104} INFO - [2021-03-17 19:44:31,183] {dagbag.py:448} INFO - Filling up the DagBag from /Users/harika/Desktop/CSYE_7245/Labs/airflow_tfx_lab/vlab/lib/python3.7/site-packages/airflow/example_dags/example_python_operator.py
[2021-03-17 19:44:31,212] {scheduler_job.py:639} INFO - DAG(s) dict_keys(['example_python_operator']) retrieved from /Users/harika/Desktop/CSYE_7245/Labs/airflow_tfx_lab/vlab/lib/python3.7/site-packages/airflow/example_dags/example_python_operator.py
[2021-03-17 19:44:31,249] {logging_mixin.py:104} INFO - [2021-03-17 19:44:31,244] {dag.py:1818} INFO - Sync 1 DAGs
[2021-03-17 19:44:31,313] {logging_mixin.py:104} INFO - [2021-03-17 19:44:31,309] {dag.py:2273} INFO - Setting next_dagrun for example_python_operator to None
[2021-03-17 19:44:31,348] {scheduler_job.py:190} INFO - Processing /Users/harika/Desktop/CSYE_7245/Labs/airflow_tfx_lab/vlab/lib/python3.7/site-packages/airflow/example_dags/example_python_operator.py took 0.176 seconds
[2021-03-17 19:45:16,103] {scheduler_job.py:182} INFO - Started process (PID=30312) to work on /Users/harika/Desktop/CSYE_7245/Labs/airflow_tfx_lab/vlab/lib/python3.7/site-packages/airflow/example_dags/example_python_operator.py
[2021-03-17 19:45:16,107] {scheduler_job.py:629} INFO - Processing file /Users/harika/Desktop/CSYE_7245/Labs/airflow_tfx_lab/vlab/lib/python3.7/site-packages/airflow/example_dags/example_python_operator.py for tasks to queue
[2021-03-17 19:45:16,110] {logging_mixin.py:104} INFO - [2021-03-17 19:45:16,109] {dagbag.py:448} INFO - Filling up the DagBag from /Users/harika/Desktop/CSYE_7245/Labs/airflow_tfx_lab/vlab/lib/python3.7/site-packages/airflow/example_dags/example_python_operator.py
[2021-03-17 19:45:16,142] {scheduler_job.py:639} INFO - DAG(s) dict_keys(['example_python_operator']) retrieved from /Users/harika/Desktop/CSYE_7245/Labs/airflow_tfx_lab/vlab/lib/python3.7/site-packages/airflow/example_dags/example_python_operator.py
[2021-03-17 19:45:16,164] {logging_mixin.py:104} INFO - [2021-03-17 19:45:16,163] {dag.py:1818} INFO - Sync 1 DAGs
[2021-03-17 19:45:16,181] {logging_mixin.py:104} INFO - [2021-03-17 19:45:16,180] {dag.py:2273} INFO - Setting next_dagrun for example_python_operator to None
[2021-03-17 19:45:16,192] {scheduler_job.py:190} INFO - Processing /Users/harika/Desktop/CSYE_7245/Labs/airflow_tfx_lab/vlab/lib/python3.7/site-packages/airflow/example_dags/example_python_operator.py took 0.096 seconds
[2021-03-17 19:45:55,609] {scheduler_job.py:182} INFO - Started process (PID=30342) to work on /Users/harika/Desktop/CSYE_7245/Labs/airflow_tfx_lab/vlab/lib/python3.7/site-packages/airflow/example_dags/example_python_operator.py
[2021-03-17 19:45:55,613] {scheduler_job.py:629} INFO - Processing file /Users/harika/Desktop/CSYE_7245/Labs/airflow_tfx_lab/vlab/lib/python3.7/site-packages/airflow/example_dags/example_python_operator.py for tasks to queue
[2021-03-17 19:45:55,615] {logging_mixin.py:104} INFO - [2021-03-17 19:45:55,615] {dagbag.py:448} INFO - Filling up the DagBag from /Users/harika/Desktop/CSYE_7245/Labs/airflow_tfx_lab/vlab/lib/python3.7/site-packages/airflow/example_dags/example_python_operator.py
[2021-03-17 19:45:55,633] {scheduler_job.py:639} INFO - DAG(s) dict_keys(['example_python_operator']) retrieved from /Users/harika/Desktop/CSYE_7245/Labs/airflow_tfx_lab/vlab/lib/python3.7/site-packages/airflow/example_dags/example_python_operator.py
[2021-03-17 19:45:55,649] {logging_mixin.py:104} INFO - [2021-03-17 19:45:55,648] {dag.py:1818} INFO - Sync 1 DAGs
[2021-03-17 19:45:55,662] {logging_mixin.py:104} INFO - [2021-03-17 19:45:55,661] {dag.py:2273} INFO - Setting next_dagrun for example_python_operator to None
[2021-03-17 19:45:55,671] {scheduler_job.py:190} INFO - Processing /Users/harika/Desktop/CSYE_7245/Labs/airflow_tfx_lab/vlab/lib/python3.7/site-packages/airflow/example_dags/example_python_operator.py took 0.066 seconds
[2021-03-17 19:46:34,224] {scheduler_job.py:182} INFO - Started process (PID=30371) to work on /Users/harika/Desktop/CSYE_7245/Labs/airflow_tfx_lab/vlab/lib/python3.7/site-packages/airflow/example_dags/example_python_operator.py
[2021-03-17 19:46:34,227] {scheduler_job.py:629} INFO - Processing file /Users/harika/Desktop/CSYE_7245/Labs/airflow_tfx_lab/vlab/lib/python3.7/site-packages/airflow/example_dags/example_python_operator.py for tasks to queue
[2021-03-17 19:46:34,228] {logging_mixin.py:104} INFO - [2021-03-17 19:46:34,228] {dagbag.py:448} INFO - Filling up the DagBag from /Users/harika/Desktop/CSYE_7245/Labs/airflow_tfx_lab/vlab/lib/python3.7/site-packages/airflow/example_dags/example_python_operator.py
[2021-03-17 19:46:34,246] {scheduler_job.py:639} INFO - DAG(s) dict_keys(['example_python_operator']) retrieved from /Users/harika/Desktop/CSYE_7245/Labs/airflow_tfx_lab/vlab/lib/python3.7/site-packages/airflow/example_dags/example_python_operator.py
[2021-03-17 19:46:34,266] {logging_mixin.py:104} INFO - [2021-03-17 19:46:34,265] {dag.py:1818} INFO - Sync 1 DAGs
[2021-03-17 19:46:34,282] {logging_mixin.py:104} INFO - [2021-03-17 19:46:34,281] {dag.py:2273} INFO - Setting next_dagrun for example_python_operator to None
[2021-03-17 19:46:34,294] {scheduler_job.py:190} INFO - Processing /Users/harika/Desktop/CSYE_7245/Labs/airflow_tfx_lab/vlab/lib/python3.7/site-packages/airflow/example_dags/example_python_operator.py took 0.078 seconds
[2021-03-17 19:47:22,992] {scheduler_job.py:182} INFO - Started process (PID=30411) to work on /Users/harika/Desktop/CSYE_7245/Labs/airflow_tfx_lab/vlab/lib/python3.7/site-packages/airflow/example_dags/example_python_operator.py
[2021-03-17 19:47:22,996] {scheduler_job.py:629} INFO - Processing file /Users/harika/Desktop/CSYE_7245/Labs/airflow_tfx_lab/vlab/lib/python3.7/site-packages/airflow/example_dags/example_python_operator.py for tasks to queue
[2021-03-17 19:47:22,999] {logging_mixin.py:104} INFO - [2021-03-17 19:47:22,998] {dagbag.py:448} INFO - Filling up the DagBag from /Users/harika/Desktop/CSYE_7245/Labs/airflow_tfx_lab/vlab/lib/python3.7/site-packages/airflow/example_dags/example_python_operator.py
[2021-03-17 19:47:23,047] {scheduler_job.py:639} INFO - DAG(s) dict_keys(['example_python_operator']) retrieved from /Users/harika/Desktop/CSYE_7245/Labs/airflow_tfx_lab/vlab/lib/python3.7/site-packages/airflow/example_dags/example_python_operator.py
[2021-03-17 19:47:23,083] {logging_mixin.py:104} INFO - [2021-03-17 19:47:23,081] {dag.py:1818} INFO - Sync 1 DAGs
[2021-03-17 19:47:23,105] {logging_mixin.py:104} INFO - [2021-03-17 19:47:23,104] {dag.py:2273} INFO - Setting next_dagrun for example_python_operator to None
[2021-03-17 19:47:23,120] {scheduler_job.py:190} INFO - Processing /Users/harika/Desktop/CSYE_7245/Labs/airflow_tfx_lab/vlab/lib/python3.7/site-packages/airflow/example_dags/example_python_operator.py took 0.135 seconds
[2021-03-17 19:48:09,626] {scheduler_job.py:182} INFO - Started process (PID=30460) to work on /Users/harika/Desktop/CSYE_7245/Labs/airflow_tfx_lab/vlab/lib/python3.7/site-packages/airflow/example_dags/example_python_operator.py
[2021-03-17 19:48:09,632] {scheduler_job.py:629} INFO - Processing file /Users/harika/Desktop/CSYE_7245/Labs/airflow_tfx_lab/vlab/lib/python3.7/site-packages/airflow/example_dags/example_python_operator.py for tasks to queue
[2021-03-17 19:48:09,635] {logging_mixin.py:104} INFO - [2021-03-17 19:48:09,634] {dagbag.py:448} INFO - Filling up the DagBag from /Users/harika/Desktop/CSYE_7245/Labs/airflow_tfx_lab/vlab/lib/python3.7/site-packages/airflow/example_dags/example_python_operator.py
[2021-03-17 19:48:09,670] {scheduler_job.py:639} INFO - DAG(s) dict_keys(['example_python_operator']) retrieved from /Users/harika/Desktop/CSYE_7245/Labs/airflow_tfx_lab/vlab/lib/python3.7/site-packages/airflow/example_dags/example_python_operator.py
[2021-03-17 19:48:09,696] {logging_mixin.py:104} INFO - [2021-03-17 19:48:09,695] {dag.py:1818} INFO - Sync 1 DAGs
[2021-03-17 19:48:09,715] {logging_mixin.py:104} INFO - [2021-03-17 19:48:09,714] {dag.py:2273} INFO - Setting next_dagrun for example_python_operator to None
[2021-03-17 19:48:09,725] {scheduler_job.py:190} INFO - Processing /Users/harika/Desktop/CSYE_7245/Labs/airflow_tfx_lab/vlab/lib/python3.7/site-packages/airflow/example_dags/example_python_operator.py took 0.105 seconds
[2021-03-17 19:48:53,555] {scheduler_job.py:182} INFO - Started process (PID=30510) to work on /Users/harika/Desktop/CSYE_7245/Labs/airflow_tfx_lab/vlab/lib/python3.7/site-packages/airflow/example_dags/example_python_operator.py
[2021-03-17 19:48:53,559] {scheduler_job.py:629} INFO - Processing file /Users/harika/Desktop/CSYE_7245/Labs/airflow_tfx_lab/vlab/lib/python3.7/site-packages/airflow/example_dags/example_python_operator.py for tasks to queue
[2021-03-17 19:48:53,561] {logging_mixin.py:104} INFO - [2021-03-17 19:48:53,560] {dagbag.py:448} INFO - Filling up the DagBag from /Users/harika/Desktop/CSYE_7245/Labs/airflow_tfx_lab/vlab/lib/python3.7/site-packages/airflow/example_dags/example_python_operator.py
[2021-03-17 19:48:53,578] {scheduler_job.py:639} INFO - DAG(s) dict_keys(['example_python_operator']) retrieved from /Users/harika/Desktop/CSYE_7245/Labs/airflow_tfx_lab/vlab/lib/python3.7/site-packages/airflow/example_dags/example_python_operator.py
[2021-03-17 19:48:53,598] {logging_mixin.py:104} INFO - [2021-03-17 19:48:53,597] {dag.py:1818} INFO - Sync 1 DAGs
[2021-03-17 19:48:53,626] {logging_mixin.py:104} INFO - [2021-03-17 19:48:53,625] {dag.py:2273} INFO - Setting next_dagrun for example_python_operator to None
[2021-03-17 19:48:53,635] {scheduler_job.py:190} INFO - Processing /Users/harika/Desktop/CSYE_7245/Labs/airflow_tfx_lab/vlab/lib/python3.7/site-packages/airflow/example_dags/example_python_operator.py took 0.085 seconds
[2021-03-17 19:49:40,155] {scheduler_job.py:182} INFO - Started process (PID=30577) to work on /Users/harika/Desktop/CSYE_7245/Labs/airflow_tfx_lab/vlab/lib/python3.7/site-packages/airflow/example_dags/example_python_operator.py
[2021-03-17 19:49:40,158] {scheduler_job.py:629} INFO - Processing file /Users/harika/Desktop/CSYE_7245/Labs/airflow_tfx_lab/vlab/lib/python3.7/site-packages/airflow/example_dags/example_python_operator.py for tasks to queue
[2021-03-17 19:49:40,160] {logging_mixin.py:104} INFO - [2021-03-17 19:49:40,160] {dagbag.py:448} INFO - Filling up the DagBag from /Users/harika/Desktop/CSYE_7245/Labs/airflow_tfx_lab/vlab/lib/python3.7/site-packages/airflow/example_dags/example_python_operator.py
[2021-03-17 19:49:40,177] {scheduler_job.py:639} INFO - DAG(s) dict_keys(['example_python_operator']) retrieved from /Users/harika/Desktop/CSYE_7245/Labs/airflow_tfx_lab/vlab/lib/python3.7/site-packages/airflow/example_dags/example_python_operator.py
[2021-03-17 19:49:40,193] {logging_mixin.py:104} INFO - [2021-03-17 19:49:40,193] {dag.py:1818} INFO - Sync 1 DAGs
[2021-03-17 19:49:40,208] {logging_mixin.py:104} INFO - [2021-03-17 19:49:40,208] {dag.py:2273} INFO - Setting next_dagrun for example_python_operator to None
[2021-03-17 19:49:40,217] {scheduler_job.py:190} INFO - Processing /Users/harika/Desktop/CSYE_7245/Labs/airflow_tfx_lab/vlab/lib/python3.7/site-packages/airflow/example_dags/example_python_operator.py took 0.067 seconds
[2021-03-17 19:50:20,708] {scheduler_job.py:182} INFO - Started process (PID=30607) to work on /Users/harika/Desktop/CSYE_7245/Labs/airflow_tfx_lab/vlab/lib/python3.7/site-packages/airflow/example_dags/example_python_operator.py
[2021-03-17 19:50:20,712] {scheduler_job.py:629} INFO - Processing file /Users/harika/Desktop/CSYE_7245/Labs/airflow_tfx_lab/vlab/lib/python3.7/site-packages/airflow/example_dags/example_python_operator.py for tasks to queue
[2021-03-17 19:50:20,714] {logging_mixin.py:104} INFO - [2021-03-17 19:50:20,713] {dagbag.py:448} INFO - Filling up the DagBag from /Users/harika/Desktop/CSYE_7245/Labs/airflow_tfx_lab/vlab/lib/python3.7/site-packages/airflow/example_dags/example_python_operator.py
[2021-03-17 19:50:20,739] {scheduler_job.py:639} INFO - DAG(s) dict_keys(['example_python_operator']) retrieved from /Users/harika/Desktop/CSYE_7245/Labs/airflow_tfx_lab/vlab/lib/python3.7/site-packages/airflow/example_dags/example_python_operator.py
[2021-03-17 19:50:20,761] {logging_mixin.py:104} INFO - [2021-03-17 19:50:20,760] {dag.py:1818} INFO - Sync 1 DAGs
[2021-03-17 19:50:20,779] {logging_mixin.py:104} INFO - [2021-03-17 19:50:20,778] {dag.py:2273} INFO - Setting next_dagrun for example_python_operator to None
[2021-03-17 19:50:20,796] {scheduler_job.py:190} INFO - Processing /Users/harika/Desktop/CSYE_7245/Labs/airflow_tfx_lab/vlab/lib/python3.7/site-packages/airflow/example_dags/example_python_operator.py took 0.094 seconds
[2021-03-17 19:51:02,693] {scheduler_job.py:182} INFO - Started process (PID=30639) to work on /Users/harika/Desktop/CSYE_7245/Labs/airflow_tfx_lab/vlab/lib/python3.7/site-packages/airflow/example_dags/example_python_operator.py
[2021-03-17 19:51:02,696] {scheduler_job.py:629} INFO - Processing file /Users/harika/Desktop/CSYE_7245/Labs/airflow_tfx_lab/vlab/lib/python3.7/site-packages/airflow/example_dags/example_python_operator.py for tasks to queue
[2021-03-17 19:51:02,698] {logging_mixin.py:104} INFO - [2021-03-17 19:51:02,697] {dagbag.py:448} INFO - Filling up the DagBag from /Users/harika/Desktop/CSYE_7245/Labs/airflow_tfx_lab/vlab/lib/python3.7/site-packages/airflow/example_dags/example_python_operator.py
[2021-03-17 19:51:02,716] {scheduler_job.py:639} INFO - DAG(s) dict_keys(['example_python_operator']) retrieved from /Users/harika/Desktop/CSYE_7245/Labs/airflow_tfx_lab/vlab/lib/python3.7/site-packages/airflow/example_dags/example_python_operator.py
[2021-03-17 19:51:02,742] {logging_mixin.py:104} INFO - [2021-03-17 19:51:02,741] {dag.py:1818} INFO - Sync 1 DAGs
[2021-03-17 19:51:02,759] {logging_mixin.py:104} INFO - [2021-03-17 19:51:02,758] {dag.py:2273} INFO - Setting next_dagrun for example_python_operator to None
[2021-03-17 19:51:02,771] {scheduler_job.py:190} INFO - Processing /Users/harika/Desktop/CSYE_7245/Labs/airflow_tfx_lab/vlab/lib/python3.7/site-packages/airflow/example_dags/example_python_operator.py took 0.083 seconds
[2021-03-17 19:51:49,055] {scheduler_job.py:182} INFO - Started process (PID=30675) to work on /Users/harika/Desktop/CSYE_7245/Labs/airflow_tfx_lab/vlab/lib/python3.7/site-packages/airflow/example_dags/example_python_operator.py
[2021-03-17 19:51:49,059] {scheduler_job.py:629} INFO - Processing file /Users/harika/Desktop/CSYE_7245/Labs/airflow_tfx_lab/vlab/lib/python3.7/site-packages/airflow/example_dags/example_python_operator.py for tasks to queue
[2021-03-17 19:51:49,062] {logging_mixin.py:104} INFO - [2021-03-17 19:51:49,061] {dagbag.py:448} INFO - Filling up the DagBag from /Users/harika/Desktop/CSYE_7245/Labs/airflow_tfx_lab/vlab/lib/python3.7/site-packages/airflow/example_dags/example_python_operator.py
[2021-03-17 19:51:49,088] {scheduler_job.py:639} INFO - DAG(s) dict_keys(['example_python_operator']) retrieved from /Users/harika/Desktop/CSYE_7245/Labs/airflow_tfx_lab/vlab/lib/python3.7/site-packages/airflow/example_dags/example_python_operator.py
[2021-03-17 19:51:49,116] {logging_mixin.py:104} INFO - [2021-03-17 19:51:49,115] {dag.py:1818} INFO - Sync 1 DAGs
[2021-03-17 19:51:49,133] {logging_mixin.py:104} INFO - [2021-03-17 19:51:49,133] {dag.py:2273} INFO - Setting next_dagrun for example_python_operator to None
[2021-03-17 19:51:49,147] {scheduler_job.py:190} INFO - Processing /Users/harika/Desktop/CSYE_7245/Labs/airflow_tfx_lab/vlab/lib/python3.7/site-packages/airflow/example_dags/example_python_operator.py took 0.097 seconds
[2021-03-17 19:52:29,748] {scheduler_job.py:182} INFO - Started process (PID=30718) to work on /Users/harika/Desktop/CSYE_7245/Labs/airflow_tfx_lab/vlab/lib/python3.7/site-packages/airflow/example_dags/example_python_operator.py
[2021-03-17 19:52:29,750] {scheduler_job.py:629} INFO - Processing file /Users/harika/Desktop/CSYE_7245/Labs/airflow_tfx_lab/vlab/lib/python3.7/site-packages/airflow/example_dags/example_python_operator.py for tasks to queue
[2021-03-17 19:52:29,752] {logging_mixin.py:104} INFO - [2021-03-17 19:52:29,751] {dagbag.py:448} INFO - Filling up the DagBag from /Users/harika/Desktop/CSYE_7245/Labs/airflow_tfx_lab/vlab/lib/python3.7/site-packages/airflow/example_dags/example_python_operator.py
[2021-03-17 19:52:29,779] {scheduler_job.py:639} INFO - DAG(s) dict_keys(['example_python_operator']) retrieved from /Users/harika/Desktop/CSYE_7245/Labs/airflow_tfx_lab/vlab/lib/python3.7/site-packages/airflow/example_dags/example_python_operator.py
[2021-03-17 19:52:29,797] {logging_mixin.py:104} INFO - [2021-03-17 19:52:29,796] {dag.py:1818} INFO - Sync 1 DAGs
[2021-03-17 19:52:29,811] {logging_mixin.py:104} INFO - [2021-03-17 19:52:29,810] {dag.py:2273} INFO - Setting next_dagrun for example_python_operator to None
[2021-03-17 19:52:29,820] {scheduler_job.py:190} INFO - Processing /Users/harika/Desktop/CSYE_7245/Labs/airflow_tfx_lab/vlab/lib/python3.7/site-packages/airflow/example_dags/example_python_operator.py took 0.077 seconds
[2021-03-17 19:53:11,546] {scheduler_job.py:182} INFO - Started process (PID=30753) to work on /Users/harika/Desktop/CSYE_7245/Labs/airflow_tfx_lab/vlab/lib/python3.7/site-packages/airflow/example_dags/example_python_operator.py
[2021-03-17 19:53:11,550] {scheduler_job.py:629} INFO - Processing file /Users/harika/Desktop/CSYE_7245/Labs/airflow_tfx_lab/vlab/lib/python3.7/site-packages/airflow/example_dags/example_python_operator.py for tasks to queue
[2021-03-17 19:53:11,554] {logging_mixin.py:104} INFO - [2021-03-17 19:53:11,553] {dagbag.py:448} INFO - Filling up the DagBag from /Users/harika/Desktop/CSYE_7245/Labs/airflow_tfx_lab/vlab/lib/python3.7/site-packages/airflow/example_dags/example_python_operator.py
[2021-03-17 19:53:11,574] {scheduler_job.py:639} INFO - DAG(s) dict_keys(['example_python_operator']) retrieved from /Users/harika/Desktop/CSYE_7245/Labs/airflow_tfx_lab/vlab/lib/python3.7/site-packages/airflow/example_dags/example_python_operator.py
[2021-03-17 19:53:11,597] {logging_mixin.py:104} INFO - [2021-03-17 19:53:11,597] {dag.py:1818} INFO - Sync 1 DAGs
[2021-03-17 19:53:11,610] {logging_mixin.py:104} INFO - [2021-03-17 19:53:11,610] {dag.py:2273} INFO - Setting next_dagrun for example_python_operator to None
[2021-03-17 19:53:11,619] {scheduler_job.py:190} INFO - Processing /Users/harika/Desktop/CSYE_7245/Labs/airflow_tfx_lab/vlab/lib/python3.7/site-packages/airflow/example_dags/example_python_operator.py took 0.080 seconds
[2021-03-17 19:53:53,197] {scheduler_job.py:182} INFO - Started process (PID=30785) to work on /Users/harika/Desktop/CSYE_7245/Labs/airflow_tfx_lab/vlab/lib/python3.7/site-packages/airflow/example_dags/example_python_operator.py
[2021-03-17 19:53:53,199] {scheduler_job.py:629} INFO - Processing file /Users/harika/Desktop/CSYE_7245/Labs/airflow_tfx_lab/vlab/lib/python3.7/site-packages/airflow/example_dags/example_python_operator.py for tasks to queue
[2021-03-17 19:53:53,201] {logging_mixin.py:104} INFO - [2021-03-17 19:53:53,200] {dagbag.py:448} INFO - Filling up the DagBag from /Users/harika/Desktop/CSYE_7245/Labs/airflow_tfx_lab/vlab/lib/python3.7/site-packages/airflow/example_dags/example_python_operator.py
[2021-03-17 19:53:53,233] {scheduler_job.py:639} INFO - DAG(s) dict_keys(['example_python_operator']) retrieved from /Users/harika/Desktop/CSYE_7245/Labs/airflow_tfx_lab/vlab/lib/python3.7/site-packages/airflow/example_dags/example_python_operator.py
[2021-03-17 19:53:53,265] {logging_mixin.py:104} INFO - [2021-03-17 19:53:53,264] {dag.py:1818} INFO - Sync 1 DAGs
[2021-03-17 19:53:53,284] {logging_mixin.py:104} INFO - [2021-03-17 19:53:53,284] {dag.py:2273} INFO - Setting next_dagrun for example_python_operator to None
[2021-03-17 19:53:53,298] {scheduler_job.py:190} INFO - Processing /Users/harika/Desktop/CSYE_7245/Labs/airflow_tfx_lab/vlab/lib/python3.7/site-packages/airflow/example_dags/example_python_operator.py took 0.107 seconds
[2021-03-17 19:54:39,043] {scheduler_job.py:182} INFO - Started process (PID=30818) to work on /Users/harika/Desktop/CSYE_7245/Labs/airflow_tfx_lab/vlab/lib/python3.7/site-packages/airflow/example_dags/example_python_operator.py
[2021-03-17 19:54:39,045] {scheduler_job.py:629} INFO - Processing file /Users/harika/Desktop/CSYE_7245/Labs/airflow_tfx_lab/vlab/lib/python3.7/site-packages/airflow/example_dags/example_python_operator.py for tasks to queue
[2021-03-17 19:54:39,047] {logging_mixin.py:104} INFO - [2021-03-17 19:54:39,046] {dagbag.py:448} INFO - Filling up the DagBag from /Users/harika/Desktop/CSYE_7245/Labs/airflow_tfx_lab/vlab/lib/python3.7/site-packages/airflow/example_dags/example_python_operator.py
[2021-03-17 19:54:39,063] {scheduler_job.py:639} INFO - DAG(s) dict_keys(['example_python_operator']) retrieved from /Users/harika/Desktop/CSYE_7245/Labs/airflow_tfx_lab/vlab/lib/python3.7/site-packages/airflow/example_dags/example_python_operator.py
[2021-03-17 19:54:39,087] {logging_mixin.py:104} INFO - [2021-03-17 19:54:39,086] {dag.py:1818} INFO - Sync 1 DAGs
[2021-03-17 19:54:39,112] {logging_mixin.py:104} INFO - [2021-03-17 19:54:39,112] {dag.py:2273} INFO - Setting next_dagrun for example_python_operator to None
[2021-03-17 19:54:39,127] {scheduler_job.py:190} INFO - Processing /Users/harika/Desktop/CSYE_7245/Labs/airflow_tfx_lab/vlab/lib/python3.7/site-packages/airflow/example_dags/example_python_operator.py took 0.089 seconds
[2021-03-17 19:55:21,372] {scheduler_job.py:182} INFO - Started process (PID=30854) to work on /Users/harika/Desktop/CSYE_7245/Labs/airflow_tfx_lab/vlab/lib/python3.7/site-packages/airflow/example_dags/example_python_operator.py
[2021-03-17 19:55:21,376] {scheduler_job.py:629} INFO - Processing file /Users/harika/Desktop/CSYE_7245/Labs/airflow_tfx_lab/vlab/lib/python3.7/site-packages/airflow/example_dags/example_python_operator.py for tasks to queue
[2021-03-17 19:55:21,378] {logging_mixin.py:104} INFO - [2021-03-17 19:55:21,377] {dagbag.py:448} INFO - Filling up the DagBag from /Users/harika/Desktop/CSYE_7245/Labs/airflow_tfx_lab/vlab/lib/python3.7/site-packages/airflow/example_dags/example_python_operator.py
[2021-03-17 19:55:21,406] {scheduler_job.py:639} INFO - DAG(s) dict_keys(['example_python_operator']) retrieved from /Users/harika/Desktop/CSYE_7245/Labs/airflow_tfx_lab/vlab/lib/python3.7/site-packages/airflow/example_dags/example_python_operator.py
[2021-03-17 19:55:21,425] {logging_mixin.py:104} INFO - [2021-03-17 19:55:21,424] {dag.py:1818} INFO - Sync 1 DAGs
[2021-03-17 19:55:21,444] {logging_mixin.py:104} INFO - [2021-03-17 19:55:21,443] {dag.py:2273} INFO - Setting next_dagrun for example_python_operator to None
[2021-03-17 19:55:21,455] {scheduler_job.py:190} INFO - Processing /Users/harika/Desktop/CSYE_7245/Labs/airflow_tfx_lab/vlab/lib/python3.7/site-packages/airflow/example_dags/example_python_operator.py took 0.090 seconds
[2021-03-17 19:55:58,935] {scheduler_job.py:182} INFO - Started process (PID=30882) to work on /Users/harika/Desktop/CSYE_7245/Labs/airflow_tfx_lab/vlab/lib/python3.7/site-packages/airflow/example_dags/example_python_operator.py
[2021-03-17 19:55:58,940] {scheduler_job.py:629} INFO - Processing file /Users/harika/Desktop/CSYE_7245/Labs/airflow_tfx_lab/vlab/lib/python3.7/site-packages/airflow/example_dags/example_python_operator.py for tasks to queue
[2021-03-17 19:55:58,942] {logging_mixin.py:104} INFO - [2021-03-17 19:55:58,941] {dagbag.py:448} INFO - Filling up the DagBag from /Users/harika/Desktop/CSYE_7245/Labs/airflow_tfx_lab/vlab/lib/python3.7/site-packages/airflow/example_dags/example_python_operator.py
[2021-03-17 19:55:58,962] {scheduler_job.py:639} INFO - DAG(s) dict_keys(['example_python_operator']) retrieved from /Users/harika/Desktop/CSYE_7245/Labs/airflow_tfx_lab/vlab/lib/python3.7/site-packages/airflow/example_dags/example_python_operator.py
[2021-03-17 19:55:58,981] {logging_mixin.py:104} INFO - [2021-03-17 19:55:58,981] {dag.py:1818} INFO - Sync 1 DAGs
[2021-03-17 19:55:59,000] {logging_mixin.py:104} INFO - [2021-03-17 19:55:58,999] {dag.py:2273} INFO - Setting next_dagrun for example_python_operator to None
[2021-03-17 19:55:59,013] {scheduler_job.py:190} INFO - Processing /Users/harika/Desktop/CSYE_7245/Labs/airflow_tfx_lab/vlab/lib/python3.7/site-packages/airflow/example_dags/example_python_operator.py took 0.083 seconds
[2021-03-17 19:56:39,131] {scheduler_job.py:182} INFO - Started process (PID=30911) to work on /Users/harika/Desktop/CSYE_7245/Labs/airflow_tfx_lab/vlab/lib/python3.7/site-packages/airflow/example_dags/example_python_operator.py
[2021-03-17 19:56:39,135] {scheduler_job.py:629} INFO - Processing file /Users/harika/Desktop/CSYE_7245/Labs/airflow_tfx_lab/vlab/lib/python3.7/site-packages/airflow/example_dags/example_python_operator.py for tasks to queue
[2021-03-17 19:56:39,137] {logging_mixin.py:104} INFO - [2021-03-17 19:56:39,136] {dagbag.py:448} INFO - Filling up the DagBag from /Users/harika/Desktop/CSYE_7245/Labs/airflow_tfx_lab/vlab/lib/python3.7/site-packages/airflow/example_dags/example_python_operator.py
[2021-03-17 19:56:39,159] {scheduler_job.py:639} INFO - DAG(s) dict_keys(['example_python_operator']) retrieved from /Users/harika/Desktop/CSYE_7245/Labs/airflow_tfx_lab/vlab/lib/python3.7/site-packages/airflow/example_dags/example_python_operator.py
[2021-03-17 19:56:39,181] {logging_mixin.py:104} INFO - [2021-03-17 19:56:39,180] {dag.py:1818} INFO - Sync 1 DAGs
[2021-03-17 19:56:39,195] {logging_mixin.py:104} INFO - [2021-03-17 19:56:39,194] {dag.py:2273} INFO - Setting next_dagrun for example_python_operator to None
[2021-03-17 19:56:39,207] {scheduler_job.py:190} INFO - Processing /Users/harika/Desktop/CSYE_7245/Labs/airflow_tfx_lab/vlab/lib/python3.7/site-packages/airflow/example_dags/example_python_operator.py took 0.081 seconds
[2021-03-17 19:57:18,780] {scheduler_job.py:182} INFO - Started process (PID=30940) to work on /Users/harika/Desktop/CSYE_7245/Labs/airflow_tfx_lab/vlab/lib/python3.7/site-packages/airflow/example_dags/example_python_operator.py
[2021-03-17 19:57:18,783] {scheduler_job.py:629} INFO - Processing file /Users/harika/Desktop/CSYE_7245/Labs/airflow_tfx_lab/vlab/lib/python3.7/site-packages/airflow/example_dags/example_python_operator.py for tasks to queue
[2021-03-17 19:57:18,785] {logging_mixin.py:104} INFO - [2021-03-17 19:57:18,784] {dagbag.py:448} INFO - Filling up the DagBag from /Users/harika/Desktop/CSYE_7245/Labs/airflow_tfx_lab/vlab/lib/python3.7/site-packages/airflow/example_dags/example_python_operator.py
[2021-03-17 19:57:18,803] {scheduler_job.py:639} INFO - DAG(s) dict_keys(['example_python_operator']) retrieved from /Users/harika/Desktop/CSYE_7245/Labs/airflow_tfx_lab/vlab/lib/python3.7/site-packages/airflow/example_dags/example_python_operator.py
[2021-03-17 19:57:18,821] {logging_mixin.py:104} INFO - [2021-03-17 19:57:18,821] {dag.py:1818} INFO - Sync 1 DAGs
[2021-03-17 19:57:18,834] {logging_mixin.py:104} INFO - [2021-03-17 19:57:18,834] {dag.py:2273} INFO - Setting next_dagrun for example_python_operator to None
[2021-03-17 19:57:18,845] {scheduler_job.py:190} INFO - Processing /Users/harika/Desktop/CSYE_7245/Labs/airflow_tfx_lab/vlab/lib/python3.7/site-packages/airflow/example_dags/example_python_operator.py took 0.070 seconds
[2021-03-17 19:57:57,273] {scheduler_job.py:182} INFO - Started process (PID=30973) to work on /Users/harika/Desktop/CSYE_7245/Labs/airflow_tfx_lab/vlab/lib/python3.7/site-packages/airflow/example_dags/example_python_operator.py
[2021-03-17 19:57:57,278] {scheduler_job.py:629} INFO - Processing file /Users/harika/Desktop/CSYE_7245/Labs/airflow_tfx_lab/vlab/lib/python3.7/site-packages/airflow/example_dags/example_python_operator.py for tasks to queue
[2021-03-17 19:57:57,280] {logging_mixin.py:104} INFO - [2021-03-17 19:57:57,279] {dagbag.py:448} INFO - Filling up the DagBag from /Users/harika/Desktop/CSYE_7245/Labs/airflow_tfx_lab/vlab/lib/python3.7/site-packages/airflow/example_dags/example_python_operator.py
[2021-03-17 19:57:57,297] {scheduler_job.py:639} INFO - DAG(s) dict_keys(['example_python_operator']) retrieved from /Users/harika/Desktop/CSYE_7245/Labs/airflow_tfx_lab/vlab/lib/python3.7/site-packages/airflow/example_dags/example_python_operator.py
[2021-03-17 19:57:57,315] {logging_mixin.py:104} INFO - [2021-03-17 19:57:57,315] {dag.py:1818} INFO - Sync 1 DAGs
[2021-03-17 19:57:57,329] {logging_mixin.py:104} INFO - [2021-03-17 19:57:57,329] {dag.py:2273} INFO - Setting next_dagrun for example_python_operator to None
[2021-03-17 19:57:57,343] {scheduler_job.py:190} INFO - Processing /Users/harika/Desktop/CSYE_7245/Labs/airflow_tfx_lab/vlab/lib/python3.7/site-packages/airflow/example_dags/example_python_operator.py took 0.075 seconds
[2021-03-17 19:58:38,885] {scheduler_job.py:182} INFO - Started process (PID=31016) to work on /Users/harika/Desktop/CSYE_7245/Labs/airflow_tfx_lab/vlab/lib/python3.7/site-packages/airflow/example_dags/example_python_operator.py
[2021-03-17 19:58:38,888] {scheduler_job.py:629} INFO - Processing file /Users/harika/Desktop/CSYE_7245/Labs/airflow_tfx_lab/vlab/lib/python3.7/site-packages/airflow/example_dags/example_python_operator.py for tasks to queue
[2021-03-17 19:58:38,890] {logging_mixin.py:104} INFO - [2021-03-17 19:58:38,889] {dagbag.py:448} INFO - Filling up the DagBag from /Users/harika/Desktop/CSYE_7245/Labs/airflow_tfx_lab/vlab/lib/python3.7/site-packages/airflow/example_dags/example_python_operator.py
[2021-03-17 19:58:38,906] {scheduler_job.py:639} INFO - DAG(s) dict_keys(['example_python_operator']) retrieved from /Users/harika/Desktop/CSYE_7245/Labs/airflow_tfx_lab/vlab/lib/python3.7/site-packages/airflow/example_dags/example_python_operator.py
[2021-03-17 19:58:38,923] {logging_mixin.py:104} INFO - [2021-03-17 19:58:38,922] {dag.py:1818} INFO - Sync 1 DAGs
[2021-03-17 19:58:38,936] {logging_mixin.py:104} INFO - [2021-03-17 19:58:38,935] {dag.py:2273} INFO - Setting next_dagrun for example_python_operator to None
[2021-03-17 19:58:38,946] {scheduler_job.py:190} INFO - Processing /Users/harika/Desktop/CSYE_7245/Labs/airflow_tfx_lab/vlab/lib/python3.7/site-packages/airflow/example_dags/example_python_operator.py took 0.065 seconds
[2021-03-17 19:59:18,061] {scheduler_job.py:182} INFO - Started process (PID=31046) to work on /Users/harika/Desktop/CSYE_7245/Labs/airflow_tfx_lab/vlab/lib/python3.7/site-packages/airflow/example_dags/example_python_operator.py
[2021-03-17 19:59:18,064] {scheduler_job.py:629} INFO - Processing file /Users/harika/Desktop/CSYE_7245/Labs/airflow_tfx_lab/vlab/lib/python3.7/site-packages/airflow/example_dags/example_python_operator.py for tasks to queue
[2021-03-17 19:59:18,066] {logging_mixin.py:104} INFO - [2021-03-17 19:59:18,066] {dagbag.py:448} INFO - Filling up the DagBag from /Users/harika/Desktop/CSYE_7245/Labs/airflow_tfx_lab/vlab/lib/python3.7/site-packages/airflow/example_dags/example_python_operator.py
[2021-03-17 19:59:18,086] {scheduler_job.py:639} INFO - DAG(s) dict_keys(['example_python_operator']) retrieved from /Users/harika/Desktop/CSYE_7245/Labs/airflow_tfx_lab/vlab/lib/python3.7/site-packages/airflow/example_dags/example_python_operator.py
[2021-03-17 19:59:18,103] {logging_mixin.py:104} INFO - [2021-03-17 19:59:18,102] {dag.py:1818} INFO - Sync 1 DAGs
[2021-03-17 19:59:18,118] {logging_mixin.py:104} INFO - [2021-03-17 19:59:18,118] {dag.py:2273} INFO - Setting next_dagrun for example_python_operator to None
[2021-03-17 19:59:18,127] {scheduler_job.py:190} INFO - Processing /Users/harika/Desktop/CSYE_7245/Labs/airflow_tfx_lab/vlab/lib/python3.7/site-packages/airflow/example_dags/example_python_operator.py took 0.072 seconds
[2021-03-17 19:59:57,137] {scheduler_job.py:182} INFO - Started process (PID=31077) to work on /Users/harika/Desktop/CSYE_7245/Labs/airflow_tfx_lab/vlab/lib/python3.7/site-packages/airflow/example_dags/example_python_operator.py
[2021-03-17 19:59:57,142] {scheduler_job.py:629} INFO - Processing file /Users/harika/Desktop/CSYE_7245/Labs/airflow_tfx_lab/vlab/lib/python3.7/site-packages/airflow/example_dags/example_python_operator.py for tasks to queue
[2021-03-17 19:59:57,144] {logging_mixin.py:104} INFO - [2021-03-17 19:59:57,143] {dagbag.py:448} INFO - Filling up the DagBag from /Users/harika/Desktop/CSYE_7245/Labs/airflow_tfx_lab/vlab/lib/python3.7/site-packages/airflow/example_dags/example_python_operator.py
[2021-03-17 19:59:57,164] {scheduler_job.py:639} INFO - DAG(s) dict_keys(['example_python_operator']) retrieved from /Users/harika/Desktop/CSYE_7245/Labs/airflow_tfx_lab/vlab/lib/python3.7/site-packages/airflow/example_dags/example_python_operator.py
[2021-03-17 19:59:57,183] {logging_mixin.py:104} INFO - [2021-03-17 19:59:57,182] {dag.py:1818} INFO - Sync 1 DAGs
[2021-03-17 19:59:57,198] {logging_mixin.py:104} INFO - [2021-03-17 19:59:57,198] {dag.py:2273} INFO - Setting next_dagrun for example_python_operator to None
[2021-03-17 19:59:57,209] {scheduler_job.py:190} INFO - Processing /Users/harika/Desktop/CSYE_7245/Labs/airflow_tfx_lab/vlab/lib/python3.7/site-packages/airflow/example_dags/example_python_operator.py took 0.078 seconds
