[2021-03-17 18:51:31,923] {scheduler_job.py:182} INFO - Started process (PID=26385) to work on /Users/harika/Desktop/CSYE_7245/Labs/airflow_tfx_lab/vlab/lib/python3.7/site-packages/airflow/example_dags/example_latest_only.py
[2021-03-17 18:51:31,927] {scheduler_job.py:629} INFO - Processing file /Users/harika/Desktop/CSYE_7245/Labs/airflow_tfx_lab/vlab/lib/python3.7/site-packages/airflow/example_dags/example_latest_only.py for tasks to queue
[2021-03-17 18:51:31,930] {logging_mixin.py:104} INFO - [2021-03-17 18:51:31,929] {dagbag.py:448} INFO - Filling up the DagBag from /Users/harika/Desktop/CSYE_7245/Labs/airflow_tfx_lab/vlab/lib/python3.7/site-packages/airflow/example_dags/example_latest_only.py
[2021-03-17 18:51:32,056] {scheduler_job.py:639} INFO - DAG(s) dict_keys(['latest_only']) retrieved from /Users/harika/Desktop/CSYE_7245/Labs/airflow_tfx_lab/vlab/lib/python3.7/site-packages/airflow/example_dags/example_latest_only.py
[2021-03-17 18:51:32,185] {logging_mixin.py:104} INFO - [2021-03-17 18:51:32,124] {dag.py:1818} INFO - Sync 1 DAGs
[2021-03-17 18:51:32,443] {logging_mixin.py:104} INFO - [2021-03-17 18:51:32,440] {dag.py:2273} INFO - Setting next_dagrun for latest_only to 2021-03-15 00:00:00+00:00
[2021-03-17 18:51:32,548] {scheduler_job.py:190} INFO - Processing /Users/harika/Desktop/CSYE_7245/Labs/airflow_tfx_lab/vlab/lib/python3.7/site-packages/airflow/example_dags/example_latest_only.py took 0.632 seconds
[2021-03-17 18:52:25,024] {scheduler_job.py:182} INFO - Started process (PID=26492) to work on /Users/harika/Desktop/CSYE_7245/Labs/airflow_tfx_lab/vlab/lib/python3.7/site-packages/airflow/example_dags/example_latest_only.py
[2021-03-17 18:52:25,028] {scheduler_job.py:629} INFO - Processing file /Users/harika/Desktop/CSYE_7245/Labs/airflow_tfx_lab/vlab/lib/python3.7/site-packages/airflow/example_dags/example_latest_only.py for tasks to queue
[2021-03-17 18:52:25,032] {logging_mixin.py:104} INFO - [2021-03-17 18:52:25,031] {dagbag.py:448} INFO - Filling up the DagBag from /Users/harika/Desktop/CSYE_7245/Labs/airflow_tfx_lab/vlab/lib/python3.7/site-packages/airflow/example_dags/example_latest_only.py
[2021-03-17 18:52:25,055] {scheduler_job.py:639} INFO - DAG(s) dict_keys(['latest_only']) retrieved from /Users/harika/Desktop/CSYE_7245/Labs/airflow_tfx_lab/vlab/lib/python3.7/site-packages/airflow/example_dags/example_latest_only.py
[2021-03-17 18:52:25,090] {logging_mixin.py:104} INFO - [2021-03-17 18:52:25,089] {dag.py:1818} INFO - Sync 1 DAGs
[2021-03-17 18:52:25,115] {logging_mixin.py:104} INFO - [2021-03-17 18:52:25,114] {dag.py:2273} INFO - Setting next_dagrun for latest_only to 2021-03-15 00:00:00+00:00
[2021-03-17 18:52:25,127] {scheduler_job.py:190} INFO - Processing /Users/harika/Desktop/CSYE_7245/Labs/airflow_tfx_lab/vlab/lib/python3.7/site-packages/airflow/example_dags/example_latest_only.py took 0.110 seconds
[2021-03-17 18:55:29,821] {scheduler_job.py:182} INFO - Started process (PID=26735) to work on /Users/harika/Desktop/CSYE_7245/Labs/airflow_tfx_lab/vlab/lib/python3.7/site-packages/airflow/example_dags/example_latest_only.py
[2021-03-17 18:55:29,823] {scheduler_job.py:629} INFO - Processing file /Users/harika/Desktop/CSYE_7245/Labs/airflow_tfx_lab/vlab/lib/python3.7/site-packages/airflow/example_dags/example_latest_only.py for tasks to queue
[2021-03-17 18:55:29,825] {logging_mixin.py:104} INFO - [2021-03-17 18:55:29,824] {dagbag.py:448} INFO - Filling up the DagBag from /Users/harika/Desktop/CSYE_7245/Labs/airflow_tfx_lab/vlab/lib/python3.7/site-packages/airflow/example_dags/example_latest_only.py
[2021-03-17 18:55:29,844] {scheduler_job.py:639} INFO - DAG(s) dict_keys(['latest_only']) retrieved from /Users/harika/Desktop/CSYE_7245/Labs/airflow_tfx_lab/vlab/lib/python3.7/site-packages/airflow/example_dags/example_latest_only.py
[2021-03-17 18:55:29,887] {logging_mixin.py:104} INFO - [2021-03-17 18:55:29,886] {dag.py:1818} INFO - Sync 1 DAGs
[2021-03-17 18:55:29,924] {logging_mixin.py:104} INFO - [2021-03-17 18:55:29,923] {dag.py:2273} INFO - Setting next_dagrun for latest_only to 2021-03-15 00:00:00+00:00
[2021-03-17 18:55:29,944] {scheduler_job.py:190} INFO - Processing /Users/harika/Desktop/CSYE_7245/Labs/airflow_tfx_lab/vlab/lib/python3.7/site-packages/airflow/example_dags/example_latest_only.py took 0.130 seconds
[2021-03-17 18:56:20,344] {scheduler_job.py:182} INFO - Started process (PID=26791) to work on /Users/harika/Desktop/CSYE_7245/Labs/airflow_tfx_lab/vlab/lib/python3.7/site-packages/airflow/example_dags/example_latest_only.py
[2021-03-17 18:56:20,347] {scheduler_job.py:629} INFO - Processing file /Users/harika/Desktop/CSYE_7245/Labs/airflow_tfx_lab/vlab/lib/python3.7/site-packages/airflow/example_dags/example_latest_only.py for tasks to queue
[2021-03-17 18:56:20,351] {logging_mixin.py:104} INFO - [2021-03-17 18:56:20,350] {dagbag.py:448} INFO - Filling up the DagBag from /Users/harika/Desktop/CSYE_7245/Labs/airflow_tfx_lab/vlab/lib/python3.7/site-packages/airflow/example_dags/example_latest_only.py
[2021-03-17 18:56:20,369] {scheduler_job.py:639} INFO - DAG(s) dict_keys(['latest_only']) retrieved from /Users/harika/Desktop/CSYE_7245/Labs/airflow_tfx_lab/vlab/lib/python3.7/site-packages/airflow/example_dags/example_latest_only.py
[2021-03-17 18:56:20,409] {logging_mixin.py:104} INFO - [2021-03-17 18:56:20,408] {dag.py:1818} INFO - Sync 1 DAGs
[2021-03-17 18:56:20,439] {logging_mixin.py:104} INFO - [2021-03-17 18:56:20,438] {dag.py:2273} INFO - Setting next_dagrun for latest_only to 2021-03-15 00:00:00+00:00
[2021-03-17 18:56:20,462] {scheduler_job.py:190} INFO - Processing /Users/harika/Desktop/CSYE_7245/Labs/airflow_tfx_lab/vlab/lib/python3.7/site-packages/airflow/example_dags/example_latest_only.py took 0.127 seconds
[2021-03-17 18:57:04,169] {scheduler_job.py:182} INFO - Started process (PID=26898) to work on /Users/harika/Desktop/CSYE_7245/Labs/airflow_tfx_lab/vlab/lib/python3.7/site-packages/airflow/example_dags/example_latest_only.py
[2021-03-17 18:57:04,174] {scheduler_job.py:629} INFO - Processing file /Users/harika/Desktop/CSYE_7245/Labs/airflow_tfx_lab/vlab/lib/python3.7/site-packages/airflow/example_dags/example_latest_only.py for tasks to queue
[2021-03-17 18:57:04,177] {logging_mixin.py:104} INFO - [2021-03-17 18:57:04,176] {dagbag.py:448} INFO - Filling up the DagBag from /Users/harika/Desktop/CSYE_7245/Labs/airflow_tfx_lab/vlab/lib/python3.7/site-packages/airflow/example_dags/example_latest_only.py
[2021-03-17 18:57:04,194] {scheduler_job.py:639} INFO - DAG(s) dict_keys(['latest_only']) retrieved from /Users/harika/Desktop/CSYE_7245/Labs/airflow_tfx_lab/vlab/lib/python3.7/site-packages/airflow/example_dags/example_latest_only.py
[2021-03-17 18:57:04,219] {logging_mixin.py:104} INFO - [2021-03-17 18:57:04,218] {dag.py:1818} INFO - Sync 1 DAGs
[2021-03-17 18:57:04,244] {logging_mixin.py:104} INFO - [2021-03-17 18:57:04,242] {dag.py:2273} INFO - Setting next_dagrun for latest_only to 2021-03-15 00:00:00+00:00
[2021-03-17 18:57:04,262] {scheduler_job.py:190} INFO - Processing /Users/harika/Desktop/CSYE_7245/Labs/airflow_tfx_lab/vlab/lib/python3.7/site-packages/airflow/example_dags/example_latest_only.py took 0.103 seconds
[2021-03-17 18:57:57,426] {scheduler_job.py:182} INFO - Started process (PID=26992) to work on /Users/harika/Desktop/CSYE_7245/Labs/airflow_tfx_lab/vlab/lib/python3.7/site-packages/airflow/example_dags/example_latest_only.py
[2021-03-17 18:57:57,429] {scheduler_job.py:629} INFO - Processing file /Users/harika/Desktop/CSYE_7245/Labs/airflow_tfx_lab/vlab/lib/python3.7/site-packages/airflow/example_dags/example_latest_only.py for tasks to queue
[2021-03-17 18:57:57,433] {logging_mixin.py:104} INFO - [2021-03-17 18:57:57,432] {dagbag.py:448} INFO - Filling up the DagBag from /Users/harika/Desktop/CSYE_7245/Labs/airflow_tfx_lab/vlab/lib/python3.7/site-packages/airflow/example_dags/example_latest_only.py
[2021-03-17 18:57:57,457] {scheduler_job.py:639} INFO - DAG(s) dict_keys(['latest_only']) retrieved from /Users/harika/Desktop/CSYE_7245/Labs/airflow_tfx_lab/vlab/lib/python3.7/site-packages/airflow/example_dags/example_latest_only.py
[2021-03-17 18:57:57,501] {logging_mixin.py:104} INFO - [2021-03-17 18:57:57,501] {dag.py:1818} INFO - Sync 1 DAGs
[2021-03-17 18:57:57,523] {logging_mixin.py:104} INFO - [2021-03-17 18:57:57,522] {dag.py:2273} INFO - Setting next_dagrun for latest_only to 2021-03-15 00:00:00+00:00
[2021-03-17 18:57:57,548] {scheduler_job.py:190} INFO - Processing /Users/harika/Desktop/CSYE_7245/Labs/airflow_tfx_lab/vlab/lib/python3.7/site-packages/airflow/example_dags/example_latest_only.py took 0.146 seconds
[2021-03-17 18:58:52,256] {scheduler_job.py:182} INFO - Started process (PID=27072) to work on /Users/harika/Desktop/CSYE_7245/Labs/airflow_tfx_lab/vlab/lib/python3.7/site-packages/airflow/example_dags/example_latest_only.py
[2021-03-17 18:58:52,261] {scheduler_job.py:629} INFO - Processing file /Users/harika/Desktop/CSYE_7245/Labs/airflow_tfx_lab/vlab/lib/python3.7/site-packages/airflow/example_dags/example_latest_only.py for tasks to queue
[2021-03-17 18:58:52,267] {logging_mixin.py:104} INFO - [2021-03-17 18:58:52,265] {dagbag.py:448} INFO - Filling up the DagBag from /Users/harika/Desktop/CSYE_7245/Labs/airflow_tfx_lab/vlab/lib/python3.7/site-packages/airflow/example_dags/example_latest_only.py
[2021-03-17 18:58:52,288] {scheduler_job.py:639} INFO - DAG(s) dict_keys(['latest_only']) retrieved from /Users/harika/Desktop/CSYE_7245/Labs/airflow_tfx_lab/vlab/lib/python3.7/site-packages/airflow/example_dags/example_latest_only.py
[2021-03-17 18:58:52,328] {logging_mixin.py:104} INFO - [2021-03-17 18:58:52,327] {dag.py:1818} INFO - Sync 1 DAGs
[2021-03-17 18:58:52,488] {logging_mixin.py:104} INFO - [2021-03-17 18:58:52,487] {dag.py:2273} INFO - Setting next_dagrun for latest_only to 2021-03-15 00:00:00+00:00
[2021-03-17 18:58:52,543] {scheduler_job.py:190} INFO - Processing /Users/harika/Desktop/CSYE_7245/Labs/airflow_tfx_lab/vlab/lib/python3.7/site-packages/airflow/example_dags/example_latest_only.py took 0.302 seconds
[2021-03-17 18:59:48,829] {scheduler_job.py:182} INFO - Started process (PID=27140) to work on /Users/harika/Desktop/CSYE_7245/Labs/airflow_tfx_lab/vlab/lib/python3.7/site-packages/airflow/example_dags/example_latest_only.py
[2021-03-17 18:59:48,833] {scheduler_job.py:629} INFO - Processing file /Users/harika/Desktop/CSYE_7245/Labs/airflow_tfx_lab/vlab/lib/python3.7/site-packages/airflow/example_dags/example_latest_only.py for tasks to queue
[2021-03-17 18:59:48,835] {logging_mixin.py:104} INFO - [2021-03-17 18:59:48,834] {dagbag.py:448} INFO - Filling up the DagBag from /Users/harika/Desktop/CSYE_7245/Labs/airflow_tfx_lab/vlab/lib/python3.7/site-packages/airflow/example_dags/example_latest_only.py
[2021-03-17 18:59:48,847] {scheduler_job.py:639} INFO - DAG(s) dict_keys(['latest_only']) retrieved from /Users/harika/Desktop/CSYE_7245/Labs/airflow_tfx_lab/vlab/lib/python3.7/site-packages/airflow/example_dags/example_latest_only.py
[2021-03-17 18:59:48,879] {logging_mixin.py:104} INFO - [2021-03-17 18:59:48,879] {dag.py:1818} INFO - Sync 1 DAGs
[2021-03-17 18:59:48,928] {logging_mixin.py:104} INFO - [2021-03-17 18:59:48,927] {dag.py:2273} INFO - Setting next_dagrun for latest_only to 2021-03-15 00:00:00+00:00
[2021-03-17 18:59:48,957] {scheduler_job.py:190} INFO - Processing /Users/harika/Desktop/CSYE_7245/Labs/airflow_tfx_lab/vlab/lib/python3.7/site-packages/airflow/example_dags/example_latest_only.py took 0.136 seconds
[2021-03-17 19:00:35,083] {scheduler_job.py:182} INFO - Started process (PID=27205) to work on /Users/harika/Desktop/CSYE_7245/Labs/airflow_tfx_lab/vlab/lib/python3.7/site-packages/airflow/example_dags/example_latest_only.py
[2021-03-17 19:00:35,087] {scheduler_job.py:629} INFO - Processing file /Users/harika/Desktop/CSYE_7245/Labs/airflow_tfx_lab/vlab/lib/python3.7/site-packages/airflow/example_dags/example_latest_only.py for tasks to queue
[2021-03-17 19:00:35,090] {logging_mixin.py:104} INFO - [2021-03-17 19:00:35,089] {dagbag.py:448} INFO - Filling up the DagBag from /Users/harika/Desktop/CSYE_7245/Labs/airflow_tfx_lab/vlab/lib/python3.7/site-packages/airflow/example_dags/example_latest_only.py
[2021-03-17 19:00:35,100] {scheduler_job.py:639} INFO - DAG(s) dict_keys(['latest_only']) retrieved from /Users/harika/Desktop/CSYE_7245/Labs/airflow_tfx_lab/vlab/lib/python3.7/site-packages/airflow/example_dags/example_latest_only.py
[2021-03-17 19:00:35,125] {logging_mixin.py:104} INFO - [2021-03-17 19:00:35,125] {dag.py:1818} INFO - Sync 1 DAGs
[2021-03-17 19:00:35,150] {logging_mixin.py:104} INFO - [2021-03-17 19:00:35,149] {dag.py:2273} INFO - Setting next_dagrun for latest_only to 2021-03-15 00:00:00+00:00
[2021-03-17 19:00:35,171] {scheduler_job.py:190} INFO - Processing /Users/harika/Desktop/CSYE_7245/Labs/airflow_tfx_lab/vlab/lib/python3.7/site-packages/airflow/example_dags/example_latest_only.py took 0.098 seconds
[2021-03-17 19:01:24,345] {scheduler_job.py:182} INFO - Started process (PID=27315) to work on /Users/harika/Desktop/CSYE_7245/Labs/airflow_tfx_lab/vlab/lib/python3.7/site-packages/airflow/example_dags/example_latest_only.py
[2021-03-17 19:01:24,348] {scheduler_job.py:629} INFO - Processing file /Users/harika/Desktop/CSYE_7245/Labs/airflow_tfx_lab/vlab/lib/python3.7/site-packages/airflow/example_dags/example_latest_only.py for tasks to queue
[2021-03-17 19:01:24,350] {logging_mixin.py:104} INFO - [2021-03-17 19:01:24,350] {dagbag.py:448} INFO - Filling up the DagBag from /Users/harika/Desktop/CSYE_7245/Labs/airflow_tfx_lab/vlab/lib/python3.7/site-packages/airflow/example_dags/example_latest_only.py
[2021-03-17 19:01:24,362] {scheduler_job.py:639} INFO - DAG(s) dict_keys(['latest_only']) retrieved from /Users/harika/Desktop/CSYE_7245/Labs/airflow_tfx_lab/vlab/lib/python3.7/site-packages/airflow/example_dags/example_latest_only.py
[2021-03-17 19:01:24,408] {logging_mixin.py:104} INFO - [2021-03-17 19:01:24,407] {dag.py:1818} INFO - Sync 1 DAGs
[2021-03-17 19:01:24,440] {logging_mixin.py:104} INFO - [2021-03-17 19:01:24,439] {dag.py:2273} INFO - Setting next_dagrun for latest_only to 2021-03-15 00:00:00+00:00
[2021-03-17 19:01:24,481] {scheduler_job.py:190} INFO - Processing /Users/harika/Desktop/CSYE_7245/Labs/airflow_tfx_lab/vlab/lib/python3.7/site-packages/airflow/example_dags/example_latest_only.py took 0.141 seconds
[2021-03-17 19:02:18,150] {scheduler_job.py:182} INFO - Started process (PID=27408) to work on /Users/harika/Desktop/CSYE_7245/Labs/airflow_tfx_lab/vlab/lib/python3.7/site-packages/airflow/example_dags/example_latest_only.py
[2021-03-17 19:02:18,154] {scheduler_job.py:629} INFO - Processing file /Users/harika/Desktop/CSYE_7245/Labs/airflow_tfx_lab/vlab/lib/python3.7/site-packages/airflow/example_dags/example_latest_only.py for tasks to queue
[2021-03-17 19:02:18,157] {logging_mixin.py:104} INFO - [2021-03-17 19:02:18,156] {dagbag.py:448} INFO - Filling up the DagBag from /Users/harika/Desktop/CSYE_7245/Labs/airflow_tfx_lab/vlab/lib/python3.7/site-packages/airflow/example_dags/example_latest_only.py
[2021-03-17 19:02:18,176] {scheduler_job.py:639} INFO - DAG(s) dict_keys(['latest_only']) retrieved from /Users/harika/Desktop/CSYE_7245/Labs/airflow_tfx_lab/vlab/lib/python3.7/site-packages/airflow/example_dags/example_latest_only.py
[2021-03-17 19:02:18,201] {logging_mixin.py:104} INFO - [2021-03-17 19:02:18,200] {dag.py:1818} INFO - Sync 1 DAGs
[2021-03-17 19:02:18,221] {logging_mixin.py:104} INFO - [2021-03-17 19:02:18,221] {dag.py:2273} INFO - Setting next_dagrun for latest_only to 2021-03-15 00:00:00+00:00
[2021-03-17 19:02:18,232] {scheduler_job.py:190} INFO - Processing /Users/harika/Desktop/CSYE_7245/Labs/airflow_tfx_lab/vlab/lib/python3.7/site-packages/airflow/example_dags/example_latest_only.py took 0.086 seconds
[2021-03-17 19:03:01,251] {scheduler_job.py:182} INFO - Started process (PID=27528) to work on /Users/harika/Desktop/CSYE_7245/Labs/airflow_tfx_lab/vlab/lib/python3.7/site-packages/airflow/example_dags/example_latest_only.py
[2021-03-17 19:03:01,254] {scheduler_job.py:629} INFO - Processing file /Users/harika/Desktop/CSYE_7245/Labs/airflow_tfx_lab/vlab/lib/python3.7/site-packages/airflow/example_dags/example_latest_only.py for tasks to queue
[2021-03-17 19:03:01,256] {logging_mixin.py:104} INFO - [2021-03-17 19:03:01,255] {dagbag.py:448} INFO - Filling up the DagBag from /Users/harika/Desktop/CSYE_7245/Labs/airflow_tfx_lab/vlab/lib/python3.7/site-packages/airflow/example_dags/example_latest_only.py
[2021-03-17 19:03:01,266] {scheduler_job.py:639} INFO - DAG(s) dict_keys(['latest_only']) retrieved from /Users/harika/Desktop/CSYE_7245/Labs/airflow_tfx_lab/vlab/lib/python3.7/site-packages/airflow/example_dags/example_latest_only.py
[2021-03-17 19:03:01,285] {logging_mixin.py:104} INFO - [2021-03-17 19:03:01,284] {dag.py:1818} INFO - Sync 1 DAGs
[2021-03-17 19:03:01,308] {logging_mixin.py:104} INFO - [2021-03-17 19:03:01,308] {dag.py:2273} INFO - Setting next_dagrun for latest_only to 2021-03-15 00:00:00+00:00
[2021-03-17 19:03:01,321] {scheduler_job.py:190} INFO - Processing /Users/harika/Desktop/CSYE_7245/Labs/airflow_tfx_lab/vlab/lib/python3.7/site-packages/airflow/example_dags/example_latest_only.py took 0.074 seconds
[2021-03-17 19:03:53,362] {scheduler_job.py:182} INFO - Started process (PID=27630) to work on /Users/harika/Desktop/CSYE_7245/Labs/airflow_tfx_lab/vlab/lib/python3.7/site-packages/airflow/example_dags/example_latest_only.py
[2021-03-17 19:03:53,365] {scheduler_job.py:629} INFO - Processing file /Users/harika/Desktop/CSYE_7245/Labs/airflow_tfx_lab/vlab/lib/python3.7/site-packages/airflow/example_dags/example_latest_only.py for tasks to queue
[2021-03-17 19:03:53,367] {logging_mixin.py:104} INFO - [2021-03-17 19:03:53,367] {dagbag.py:448} INFO - Filling up the DagBag from /Users/harika/Desktop/CSYE_7245/Labs/airflow_tfx_lab/vlab/lib/python3.7/site-packages/airflow/example_dags/example_latest_only.py
[2021-03-17 19:03:53,382] {scheduler_job.py:639} INFO - DAG(s) dict_keys(['latest_only']) retrieved from /Users/harika/Desktop/CSYE_7245/Labs/airflow_tfx_lab/vlab/lib/python3.7/site-packages/airflow/example_dags/example_latest_only.py
[2021-03-17 19:03:53,402] {logging_mixin.py:104} INFO - [2021-03-17 19:03:53,401] {dag.py:1818} INFO - Sync 1 DAGs
[2021-03-17 19:03:53,414] {logging_mixin.py:104} INFO - [2021-03-17 19:03:53,414] {dag.py:2273} INFO - Setting next_dagrun for latest_only to 2021-03-15 00:00:00+00:00
[2021-03-17 19:03:53,424] {scheduler_job.py:190} INFO - Processing /Users/harika/Desktop/CSYE_7245/Labs/airflow_tfx_lab/vlab/lib/python3.7/site-packages/airflow/example_dags/example_latest_only.py took 0.068 seconds
[2021-03-17 19:04:39,484] {scheduler_job.py:182} INFO - Started process (PID=27702) to work on /Users/harika/Desktop/CSYE_7245/Labs/airflow_tfx_lab/vlab/lib/python3.7/site-packages/airflow/example_dags/example_latest_only.py
[2021-03-17 19:04:39,490] {scheduler_job.py:629} INFO - Processing file /Users/harika/Desktop/CSYE_7245/Labs/airflow_tfx_lab/vlab/lib/python3.7/site-packages/airflow/example_dags/example_latest_only.py for tasks to queue
[2021-03-17 19:04:39,495] {logging_mixin.py:104} INFO - [2021-03-17 19:04:39,492] {dagbag.py:448} INFO - Filling up the DagBag from /Users/harika/Desktop/CSYE_7245/Labs/airflow_tfx_lab/vlab/lib/python3.7/site-packages/airflow/example_dags/example_latest_only.py
[2021-03-17 19:04:39,513] {scheduler_job.py:639} INFO - DAG(s) dict_keys(['latest_only']) retrieved from /Users/harika/Desktop/CSYE_7245/Labs/airflow_tfx_lab/vlab/lib/python3.7/site-packages/airflow/example_dags/example_latest_only.py
[2021-03-17 19:04:39,575] {logging_mixin.py:104} INFO - [2021-03-17 19:04:39,571] {dag.py:1818} INFO - Sync 1 DAGs
[2021-03-17 19:04:39,598] {logging_mixin.py:104} INFO - [2021-03-17 19:04:39,597] {dag.py:2273} INFO - Setting next_dagrun for latest_only to 2021-03-15 00:00:00+00:00
[2021-03-17 19:04:39,623] {scheduler_job.py:190} INFO - Processing /Users/harika/Desktop/CSYE_7245/Labs/airflow_tfx_lab/vlab/lib/python3.7/site-packages/airflow/example_dags/example_latest_only.py took 0.152 seconds
[2021-03-17 19:05:25,896] {scheduler_job.py:182} INFO - Started process (PID=27770) to work on /Users/harika/Desktop/CSYE_7245/Labs/airflow_tfx_lab/vlab/lib/python3.7/site-packages/airflow/example_dags/example_latest_only.py
[2021-03-17 19:05:25,898] {scheduler_job.py:629} INFO - Processing file /Users/harika/Desktop/CSYE_7245/Labs/airflow_tfx_lab/vlab/lib/python3.7/site-packages/airflow/example_dags/example_latest_only.py for tasks to queue
[2021-03-17 19:05:25,905] {logging_mixin.py:104} INFO - [2021-03-17 19:05:25,900] {dagbag.py:448} INFO - Filling up the DagBag from /Users/harika/Desktop/CSYE_7245/Labs/airflow_tfx_lab/vlab/lib/python3.7/site-packages/airflow/example_dags/example_latest_only.py
[2021-03-17 19:05:25,919] {scheduler_job.py:639} INFO - DAG(s) dict_keys(['latest_only']) retrieved from /Users/harika/Desktop/CSYE_7245/Labs/airflow_tfx_lab/vlab/lib/python3.7/site-packages/airflow/example_dags/example_latest_only.py
[2021-03-17 19:05:25,946] {logging_mixin.py:104} INFO - [2021-03-17 19:05:25,945] {dag.py:1818} INFO - Sync 1 DAGs
[2021-03-17 19:05:25,960] {logging_mixin.py:104} INFO - [2021-03-17 19:05:25,960] {dag.py:2273} INFO - Setting next_dagrun for latest_only to 2021-03-15 00:00:00+00:00
[2021-03-17 19:05:25,983] {scheduler_job.py:190} INFO - Processing /Users/harika/Desktop/CSYE_7245/Labs/airflow_tfx_lab/vlab/lib/python3.7/site-packages/airflow/example_dags/example_latest_only.py took 0.093 seconds
[2021-03-17 19:06:13,650] {scheduler_job.py:182} INFO - Started process (PID=27880) to work on /Users/harika/Desktop/CSYE_7245/Labs/airflow_tfx_lab/vlab/lib/python3.7/site-packages/airflow/example_dags/example_latest_only.py
[2021-03-17 19:06:13,656] {scheduler_job.py:629} INFO - Processing file /Users/harika/Desktop/CSYE_7245/Labs/airflow_tfx_lab/vlab/lib/python3.7/site-packages/airflow/example_dags/example_latest_only.py for tasks to queue
[2021-03-17 19:06:13,659] {logging_mixin.py:104} INFO - [2021-03-17 19:06:13,658] {dagbag.py:448} INFO - Filling up the DagBag from /Users/harika/Desktop/CSYE_7245/Labs/airflow_tfx_lab/vlab/lib/python3.7/site-packages/airflow/example_dags/example_latest_only.py
[2021-03-17 19:06:13,681] {scheduler_job.py:639} INFO - DAG(s) dict_keys(['latest_only']) retrieved from /Users/harika/Desktop/CSYE_7245/Labs/airflow_tfx_lab/vlab/lib/python3.7/site-packages/airflow/example_dags/example_latest_only.py
[2021-03-17 19:06:13,715] {logging_mixin.py:104} INFO - [2021-03-17 19:06:13,715] {dag.py:1818} INFO - Sync 1 DAGs
[2021-03-17 19:06:13,793] {logging_mixin.py:104} INFO - [2021-03-17 19:06:13,792] {dag.py:2273} INFO - Setting next_dagrun for latest_only to 2021-03-15 00:00:00+00:00
[2021-03-17 19:06:13,829] {scheduler_job.py:190} INFO - Processing /Users/harika/Desktop/CSYE_7245/Labs/airflow_tfx_lab/vlab/lib/python3.7/site-packages/airflow/example_dags/example_latest_only.py took 0.191 seconds
[2021-03-17 19:14:27,639] {scheduler_job.py:182} INFO - Started process (PID=28414) to work on /Users/harika/Desktop/CSYE_7245/Labs/airflow_tfx_lab/vlab/lib/python3.7/site-packages/airflow/example_dags/example_latest_only.py
[2021-03-17 19:14:27,644] {scheduler_job.py:629} INFO - Processing file /Users/harika/Desktop/CSYE_7245/Labs/airflow_tfx_lab/vlab/lib/python3.7/site-packages/airflow/example_dags/example_latest_only.py for tasks to queue
[2021-03-17 19:14:27,647] {logging_mixin.py:104} INFO - [2021-03-17 19:14:27,646] {dagbag.py:448} INFO - Filling up the DagBag from /Users/harika/Desktop/CSYE_7245/Labs/airflow_tfx_lab/vlab/lib/python3.7/site-packages/airflow/example_dags/example_latest_only.py
[2021-03-17 19:14:27,686] {scheduler_job.py:639} INFO - DAG(s) dict_keys(['latest_only']) retrieved from /Users/harika/Desktop/CSYE_7245/Labs/airflow_tfx_lab/vlab/lib/python3.7/site-packages/airflow/example_dags/example_latest_only.py
[2021-03-17 19:14:27,726] {logging_mixin.py:104} INFO - [2021-03-17 19:14:27,725] {dag.py:1818} INFO - Sync 1 DAGs
[2021-03-17 19:14:27,825] {logging_mixin.py:104} INFO - [2021-03-17 19:14:27,817] {dag.py:2273} INFO - Setting next_dagrun for latest_only to 2021-03-15 00:00:00+00:00
[2021-03-17 19:14:27,892] {scheduler_job.py:190} INFO - Processing /Users/harika/Desktop/CSYE_7245/Labs/airflow_tfx_lab/vlab/lib/python3.7/site-packages/airflow/example_dags/example_latest_only.py took 0.270 seconds
[2021-03-17 19:15:13,517] {scheduler_job.py:182} INFO - Started process (PID=28502) to work on /Users/harika/Desktop/CSYE_7245/Labs/airflow_tfx_lab/vlab/lib/python3.7/site-packages/airflow/example_dags/example_latest_only.py
[2021-03-17 19:15:13,521] {scheduler_job.py:629} INFO - Processing file /Users/harika/Desktop/CSYE_7245/Labs/airflow_tfx_lab/vlab/lib/python3.7/site-packages/airflow/example_dags/example_latest_only.py for tasks to queue
[2021-03-17 19:15:13,524] {logging_mixin.py:104} INFO - [2021-03-17 19:15:13,523] {dagbag.py:448} INFO - Filling up the DagBag from /Users/harika/Desktop/CSYE_7245/Labs/airflow_tfx_lab/vlab/lib/python3.7/site-packages/airflow/example_dags/example_latest_only.py
[2021-03-17 19:15:13,556] {scheduler_job.py:639} INFO - DAG(s) dict_keys(['latest_only']) retrieved from /Users/harika/Desktop/CSYE_7245/Labs/airflow_tfx_lab/vlab/lib/python3.7/site-packages/airflow/example_dags/example_latest_only.py
[2021-03-17 19:15:13,593] {logging_mixin.py:104} INFO - [2021-03-17 19:15:13,592] {dag.py:1818} INFO - Sync 1 DAGs
[2021-03-17 19:15:13,614] {logging_mixin.py:104} INFO - [2021-03-17 19:15:13,613] {dag.py:2273} INFO - Setting next_dagrun for latest_only to 2021-03-15 00:00:00+00:00
[2021-03-17 19:15:13,625] {scheduler_job.py:190} INFO - Processing /Users/harika/Desktop/CSYE_7245/Labs/airflow_tfx_lab/vlab/lib/python3.7/site-packages/airflow/example_dags/example_latest_only.py took 0.126 seconds
[2021-03-17 19:15:53,526] {scheduler_job.py:182} INFO - Started process (PID=28605) to work on /Users/harika/Desktop/CSYE_7245/Labs/airflow_tfx_lab/vlab/lib/python3.7/site-packages/airflow/example_dags/example_latest_only.py
[2021-03-17 19:15:53,528] {scheduler_job.py:629} INFO - Processing file /Users/harika/Desktop/CSYE_7245/Labs/airflow_tfx_lab/vlab/lib/python3.7/site-packages/airflow/example_dags/example_latest_only.py for tasks to queue
[2021-03-17 19:15:53,529] {logging_mixin.py:104} INFO - [2021-03-17 19:15:53,529] {dagbag.py:448} INFO - Filling up the DagBag from /Users/harika/Desktop/CSYE_7245/Labs/airflow_tfx_lab/vlab/lib/python3.7/site-packages/airflow/example_dags/example_latest_only.py
[2021-03-17 19:15:53,557] {scheduler_job.py:639} INFO - DAG(s) dict_keys(['latest_only']) retrieved from /Users/harika/Desktop/CSYE_7245/Labs/airflow_tfx_lab/vlab/lib/python3.7/site-packages/airflow/example_dags/example_latest_only.py
[2021-03-17 19:15:53,574] {logging_mixin.py:104} INFO - [2021-03-17 19:15:53,574] {dag.py:1818} INFO - Sync 1 DAGs
[2021-03-17 19:15:53,595] {logging_mixin.py:104} INFO - [2021-03-17 19:15:53,594] {dag.py:2273} INFO - Setting next_dagrun for latest_only to 2021-03-15 00:00:00+00:00
[2021-03-17 19:15:53,606] {scheduler_job.py:190} INFO - Processing /Users/harika/Desktop/CSYE_7245/Labs/airflow_tfx_lab/vlab/lib/python3.7/site-packages/airflow/example_dags/example_latest_only.py took 0.085 seconds
[2021-03-17 19:16:29,539] {scheduler_job.py:182} INFO - Started process (PID=28671) to work on /Users/harika/Desktop/CSYE_7245/Labs/airflow_tfx_lab/vlab/lib/python3.7/site-packages/airflow/example_dags/example_latest_only.py
[2021-03-17 19:16:29,547] {scheduler_job.py:629} INFO - Processing file /Users/harika/Desktop/CSYE_7245/Labs/airflow_tfx_lab/vlab/lib/python3.7/site-packages/airflow/example_dags/example_latest_only.py for tasks to queue
[2021-03-17 19:16:29,551] {logging_mixin.py:104} INFO - [2021-03-17 19:16:29,549] {dagbag.py:448} INFO - Filling up the DagBag from /Users/harika/Desktop/CSYE_7245/Labs/airflow_tfx_lab/vlab/lib/python3.7/site-packages/airflow/example_dags/example_latest_only.py
[2021-03-17 19:16:29,576] {scheduler_job.py:639} INFO - DAG(s) dict_keys(['latest_only']) retrieved from /Users/harika/Desktop/CSYE_7245/Labs/airflow_tfx_lab/vlab/lib/python3.7/site-packages/airflow/example_dags/example_latest_only.py
[2021-03-17 19:16:29,614] {logging_mixin.py:104} INFO - [2021-03-17 19:16:29,613] {dag.py:1818} INFO - Sync 1 DAGs
[2021-03-17 19:16:29,638] {logging_mixin.py:104} INFO - [2021-03-17 19:16:29,637] {dag.py:2273} INFO - Setting next_dagrun for latest_only to 2021-03-15 00:00:00+00:00
[2021-03-17 19:16:29,657] {scheduler_job.py:190} INFO - Processing /Users/harika/Desktop/CSYE_7245/Labs/airflow_tfx_lab/vlab/lib/python3.7/site-packages/airflow/example_dags/example_latest_only.py took 0.126 seconds
[2021-03-17 19:19:40,284] {scheduler_job.py:182} INFO - Started process (PID=28841) to work on /Users/harika/Desktop/CSYE_7245/Labs/airflow_tfx_lab/vlab/lib/python3.7/site-packages/airflow/example_dags/example_latest_only.py
[2021-03-17 19:19:40,286] {scheduler_job.py:629} INFO - Processing file /Users/harika/Desktop/CSYE_7245/Labs/airflow_tfx_lab/vlab/lib/python3.7/site-packages/airflow/example_dags/example_latest_only.py for tasks to queue
[2021-03-17 19:19:40,289] {logging_mixin.py:104} INFO - [2021-03-17 19:19:40,288] {dagbag.py:448} INFO - Filling up the DagBag from /Users/harika/Desktop/CSYE_7245/Labs/airflow_tfx_lab/vlab/lib/python3.7/site-packages/airflow/example_dags/example_latest_only.py
[2021-03-17 19:19:40,316] {scheduler_job.py:639} INFO - DAG(s) dict_keys(['latest_only']) retrieved from /Users/harika/Desktop/CSYE_7245/Labs/airflow_tfx_lab/vlab/lib/python3.7/site-packages/airflow/example_dags/example_latest_only.py
[2021-03-17 19:19:40,342] {logging_mixin.py:104} INFO - [2021-03-17 19:19:40,341] {dag.py:1818} INFO - Sync 1 DAGs
[2021-03-17 19:19:40,363] {logging_mixin.py:104} INFO - [2021-03-17 19:19:40,363] {dag.py:2273} INFO - Setting next_dagrun for latest_only to 2021-03-15 00:00:00+00:00
[2021-03-17 19:19:40,395] {scheduler_job.py:190} INFO - Processing /Users/harika/Desktop/CSYE_7245/Labs/airflow_tfx_lab/vlab/lib/python3.7/site-packages/airflow/example_dags/example_latest_only.py took 0.117 seconds
[2021-03-17 19:22:22,457] {scheduler_job.py:182} INFO - Started process (PID=28915) to work on /Users/harika/Desktop/CSYE_7245/Labs/airflow_tfx_lab/vlab/lib/python3.7/site-packages/airflow/example_dags/example_latest_only.py
[2021-03-17 19:22:22,460] {scheduler_job.py:629} INFO - Processing file /Users/harika/Desktop/CSYE_7245/Labs/airflow_tfx_lab/vlab/lib/python3.7/site-packages/airflow/example_dags/example_latest_only.py for tasks to queue
[2021-03-17 19:22:22,462] {logging_mixin.py:104} INFO - [2021-03-17 19:22:22,461] {dagbag.py:448} INFO - Filling up the DagBag from /Users/harika/Desktop/CSYE_7245/Labs/airflow_tfx_lab/vlab/lib/python3.7/site-packages/airflow/example_dags/example_latest_only.py
[2021-03-17 19:22:22,490] {scheduler_job.py:639} INFO - DAG(s) dict_keys(['latest_only']) retrieved from /Users/harika/Desktop/CSYE_7245/Labs/airflow_tfx_lab/vlab/lib/python3.7/site-packages/airflow/example_dags/example_latest_only.py
[2021-03-17 19:22:22,510] {logging_mixin.py:104} INFO - [2021-03-17 19:22:22,509] {dag.py:1818} INFO - Sync 1 DAGs
[2021-03-17 19:22:22,526] {logging_mixin.py:104} INFO - [2021-03-17 19:22:22,525] {dag.py:2273} INFO - Setting next_dagrun for latest_only to 2021-03-15 00:00:00+00:00
[2021-03-17 19:22:22,541] {scheduler_job.py:190} INFO - Processing /Users/harika/Desktop/CSYE_7245/Labs/airflow_tfx_lab/vlab/lib/python3.7/site-packages/airflow/example_dags/example_latest_only.py took 0.089 seconds
[2021-03-17 19:23:04,720] {scheduler_job.py:182} INFO - Started process (PID=28945) to work on /Users/harika/Desktop/CSYE_7245/Labs/airflow_tfx_lab/vlab/lib/python3.7/site-packages/airflow/example_dags/example_latest_only.py
[2021-03-17 19:23:04,726] {scheduler_job.py:629} INFO - Processing file /Users/harika/Desktop/CSYE_7245/Labs/airflow_tfx_lab/vlab/lib/python3.7/site-packages/airflow/example_dags/example_latest_only.py for tasks to queue
[2021-03-17 19:23:04,729] {logging_mixin.py:104} INFO - [2021-03-17 19:23:04,728] {dagbag.py:448} INFO - Filling up the DagBag from /Users/harika/Desktop/CSYE_7245/Labs/airflow_tfx_lab/vlab/lib/python3.7/site-packages/airflow/example_dags/example_latest_only.py
[2021-03-17 19:23:04,758] {scheduler_job.py:639} INFO - DAG(s) dict_keys(['latest_only']) retrieved from /Users/harika/Desktop/CSYE_7245/Labs/airflow_tfx_lab/vlab/lib/python3.7/site-packages/airflow/example_dags/example_latest_only.py
[2021-03-17 19:23:04,786] {logging_mixin.py:104} INFO - [2021-03-17 19:23:04,785] {dag.py:1818} INFO - Sync 1 DAGs
[2021-03-17 19:23:04,827] {logging_mixin.py:104} INFO - [2021-03-17 19:23:04,827] {dag.py:2273} INFO - Setting next_dagrun for latest_only to 2021-03-15 00:00:00+00:00
[2021-03-17 19:23:04,854] {scheduler_job.py:190} INFO - Processing /Users/harika/Desktop/CSYE_7245/Labs/airflow_tfx_lab/vlab/lib/python3.7/site-packages/airflow/example_dags/example_latest_only.py took 0.151 seconds
[2021-03-17 19:23:47,211] {scheduler_job.py:182} INFO - Started process (PID=28975) to work on /Users/harika/Desktop/CSYE_7245/Labs/airflow_tfx_lab/vlab/lib/python3.7/site-packages/airflow/example_dags/example_latest_only.py
[2021-03-17 19:23:47,216] {scheduler_job.py:629} INFO - Processing file /Users/harika/Desktop/CSYE_7245/Labs/airflow_tfx_lab/vlab/lib/python3.7/site-packages/airflow/example_dags/example_latest_only.py for tasks to queue
[2021-03-17 19:23:47,219] {logging_mixin.py:104} INFO - [2021-03-17 19:23:47,218] {dagbag.py:448} INFO - Filling up the DagBag from /Users/harika/Desktop/CSYE_7245/Labs/airflow_tfx_lab/vlab/lib/python3.7/site-packages/airflow/example_dags/example_latest_only.py
[2021-03-17 19:23:47,240] {scheduler_job.py:639} INFO - DAG(s) dict_keys(['latest_only']) retrieved from /Users/harika/Desktop/CSYE_7245/Labs/airflow_tfx_lab/vlab/lib/python3.7/site-packages/airflow/example_dags/example_latest_only.py
[2021-03-17 19:23:47,269] {logging_mixin.py:104} INFO - [2021-03-17 19:23:47,268] {dag.py:1818} INFO - Sync 1 DAGs
[2021-03-17 19:23:47,292] {logging_mixin.py:104} INFO - [2021-03-17 19:23:47,292] {dag.py:2273} INFO - Setting next_dagrun for latest_only to 2021-03-15 00:00:00+00:00
[2021-03-17 19:23:47,315] {scheduler_job.py:190} INFO - Processing /Users/harika/Desktop/CSYE_7245/Labs/airflow_tfx_lab/vlab/lib/python3.7/site-packages/airflow/example_dags/example_latest_only.py took 0.115 seconds
[2021-03-17 19:24:27,599] {scheduler_job.py:182} INFO - Started process (PID=29004) to work on /Users/harika/Desktop/CSYE_7245/Labs/airflow_tfx_lab/vlab/lib/python3.7/site-packages/airflow/example_dags/example_latest_only.py
[2021-03-17 19:24:27,603] {scheduler_job.py:629} INFO - Processing file /Users/harika/Desktop/CSYE_7245/Labs/airflow_tfx_lab/vlab/lib/python3.7/site-packages/airflow/example_dags/example_latest_only.py for tasks to queue
[2021-03-17 19:24:27,606] {logging_mixin.py:104} INFO - [2021-03-17 19:24:27,605] {dagbag.py:448} INFO - Filling up the DagBag from /Users/harika/Desktop/CSYE_7245/Labs/airflow_tfx_lab/vlab/lib/python3.7/site-packages/airflow/example_dags/example_latest_only.py
[2021-03-17 19:24:27,638] {scheduler_job.py:639} INFO - DAG(s) dict_keys(['latest_only']) retrieved from /Users/harika/Desktop/CSYE_7245/Labs/airflow_tfx_lab/vlab/lib/python3.7/site-packages/airflow/example_dags/example_latest_only.py
[2021-03-17 19:24:27,665] {logging_mixin.py:104} INFO - [2021-03-17 19:24:27,664] {dag.py:1818} INFO - Sync 1 DAGs
[2021-03-17 19:24:27,707] {logging_mixin.py:104} INFO - [2021-03-17 19:24:27,706] {dag.py:2273} INFO - Setting next_dagrun for latest_only to 2021-03-15 00:00:00+00:00
[2021-03-17 19:24:27,718] {scheduler_job.py:190} INFO - Processing /Users/harika/Desktop/CSYE_7245/Labs/airflow_tfx_lab/vlab/lib/python3.7/site-packages/airflow/example_dags/example_latest_only.py took 0.125 seconds
[2021-03-17 19:25:25,828] {scheduler_job.py:182} INFO - Started process (PID=29052) to work on /Users/harika/Desktop/CSYE_7245/Labs/airflow_tfx_lab/vlab/lib/python3.7/site-packages/airflow/example_dags/example_latest_only.py
[2021-03-17 19:25:25,837] {scheduler_job.py:629} INFO - Processing file /Users/harika/Desktop/CSYE_7245/Labs/airflow_tfx_lab/vlab/lib/python3.7/site-packages/airflow/example_dags/example_latest_only.py for tasks to queue
[2021-03-17 19:25:25,843] {logging_mixin.py:104} INFO - [2021-03-17 19:25:25,842] {dagbag.py:448} INFO - Filling up the DagBag from /Users/harika/Desktop/CSYE_7245/Labs/airflow_tfx_lab/vlab/lib/python3.7/site-packages/airflow/example_dags/example_latest_only.py
[2021-03-17 19:25:25,890] {scheduler_job.py:639} INFO - DAG(s) dict_keys(['latest_only']) retrieved from /Users/harika/Desktop/CSYE_7245/Labs/airflow_tfx_lab/vlab/lib/python3.7/site-packages/airflow/example_dags/example_latest_only.py
[2021-03-17 19:25:25,961] {logging_mixin.py:104} INFO - [2021-03-17 19:25:25,948] {dag.py:1818} INFO - Sync 1 DAGs
[2021-03-17 19:25:26,235] {logging_mixin.py:104} INFO - [2021-03-17 19:25:26,233] {dag.py:2273} INFO - Setting next_dagrun for latest_only to 2021-03-15 00:00:00+00:00
[2021-03-17 19:25:26,284] {scheduler_job.py:190} INFO - Processing /Users/harika/Desktop/CSYE_7245/Labs/airflow_tfx_lab/vlab/lib/python3.7/site-packages/airflow/example_dags/example_latest_only.py took 0.464 seconds
[2021-03-17 19:26:41,190] {scheduler_job.py:182} INFO - Started process (PID=29096) to work on /Users/harika/Desktop/CSYE_7245/Labs/airflow_tfx_lab/vlab/lib/python3.7/site-packages/airflow/example_dags/example_latest_only.py
[2021-03-17 19:26:41,195] {scheduler_job.py:629} INFO - Processing file /Users/harika/Desktop/CSYE_7245/Labs/airflow_tfx_lab/vlab/lib/python3.7/site-packages/airflow/example_dags/example_latest_only.py for tasks to queue
[2021-03-17 19:26:41,199] {logging_mixin.py:104} INFO - [2021-03-17 19:26:41,198] {dagbag.py:448} INFO - Filling up the DagBag from /Users/harika/Desktop/CSYE_7245/Labs/airflow_tfx_lab/vlab/lib/python3.7/site-packages/airflow/example_dags/example_latest_only.py
[2021-03-17 19:26:41,233] {scheduler_job.py:639} INFO - DAG(s) dict_keys(['latest_only']) retrieved from /Users/harika/Desktop/CSYE_7245/Labs/airflow_tfx_lab/vlab/lib/python3.7/site-packages/airflow/example_dags/example_latest_only.py
[2021-03-17 19:26:41,290] {logging_mixin.py:104} INFO - [2021-03-17 19:26:41,288] {dag.py:1818} INFO - Sync 1 DAGs
[2021-03-17 19:26:41,366] {logging_mixin.py:104} INFO - [2021-03-17 19:26:41,365] {dag.py:2273} INFO - Setting next_dagrun for latest_only to 2021-03-15 00:00:00+00:00
[2021-03-17 19:26:41,448] {scheduler_job.py:190} INFO - Processing /Users/harika/Desktop/CSYE_7245/Labs/airflow_tfx_lab/vlab/lib/python3.7/site-packages/airflow/example_dags/example_latest_only.py took 0.266 seconds
[2021-03-17 19:29:37,596] {scheduler_job.py:182} INFO - Started process (PID=29182) to work on /Users/harika/Desktop/CSYE_7245/Labs/airflow_tfx_lab/vlab/lib/python3.7/site-packages/airflow/example_dags/example_latest_only.py
[2021-03-17 19:29:37,598] {scheduler_job.py:629} INFO - Processing file /Users/harika/Desktop/CSYE_7245/Labs/airflow_tfx_lab/vlab/lib/python3.7/site-packages/airflow/example_dags/example_latest_only.py for tasks to queue
[2021-03-17 19:29:37,599] {logging_mixin.py:104} INFO - [2021-03-17 19:29:37,599] {dagbag.py:448} INFO - Filling up the DagBag from /Users/harika/Desktop/CSYE_7245/Labs/airflow_tfx_lab/vlab/lib/python3.7/site-packages/airflow/example_dags/example_latest_only.py
[2021-03-17 19:29:37,627] {scheduler_job.py:639} INFO - DAG(s) dict_keys(['latest_only']) retrieved from /Users/harika/Desktop/CSYE_7245/Labs/airflow_tfx_lab/vlab/lib/python3.7/site-packages/airflow/example_dags/example_latest_only.py
[2021-03-17 19:29:37,647] {logging_mixin.py:104} INFO - [2021-03-17 19:29:37,647] {dag.py:1818} INFO - Sync 1 DAGs
[2021-03-17 19:29:37,665] {logging_mixin.py:104} INFO - [2021-03-17 19:29:37,663] {dag.py:2273} INFO - Setting next_dagrun for latest_only to 2021-03-15 00:00:00+00:00
[2021-03-17 19:29:37,680] {scheduler_job.py:190} INFO - Processing /Users/harika/Desktop/CSYE_7245/Labs/airflow_tfx_lab/vlab/lib/python3.7/site-packages/airflow/example_dags/example_latest_only.py took 0.090 seconds
[2021-03-17 19:30:20,825] {scheduler_job.py:182} INFO - Started process (PID=29247) to work on /Users/harika/Desktop/CSYE_7245/Labs/airflow_tfx_lab/vlab/lib/python3.7/site-packages/airflow/example_dags/example_latest_only.py
[2021-03-17 19:30:20,827] {scheduler_job.py:629} INFO - Processing file /Users/harika/Desktop/CSYE_7245/Labs/airflow_tfx_lab/vlab/lib/python3.7/site-packages/airflow/example_dags/example_latest_only.py for tasks to queue
[2021-03-17 19:30:20,836] {logging_mixin.py:104} INFO - [2021-03-17 19:30:20,833] {dagbag.py:448} INFO - Filling up the DagBag from /Users/harika/Desktop/CSYE_7245/Labs/airflow_tfx_lab/vlab/lib/python3.7/site-packages/airflow/example_dags/example_latest_only.py
[2021-03-17 19:30:20,882] {scheduler_job.py:639} INFO - DAG(s) dict_keys(['latest_only']) retrieved from /Users/harika/Desktop/CSYE_7245/Labs/airflow_tfx_lab/vlab/lib/python3.7/site-packages/airflow/example_dags/example_latest_only.py
[2021-03-17 19:30:20,932] {logging_mixin.py:104} INFO - [2021-03-17 19:30:20,931] {dag.py:1818} INFO - Sync 1 DAGs
[2021-03-17 19:30:20,989] {logging_mixin.py:104} INFO - [2021-03-17 19:30:20,985] {dag.py:2273} INFO - Setting next_dagrun for latest_only to 2021-03-15 00:00:00+00:00
[2021-03-17 19:30:21,056] {scheduler_job.py:190} INFO - Processing /Users/harika/Desktop/CSYE_7245/Labs/airflow_tfx_lab/vlab/lib/python3.7/site-packages/airflow/example_dags/example_latest_only.py took 0.240 seconds
[2021-03-17 19:31:03,634] {scheduler_job.py:182} INFO - Started process (PID=29359) to work on /Users/harika/Desktop/CSYE_7245/Labs/airflow_tfx_lab/vlab/lib/python3.7/site-packages/airflow/example_dags/example_latest_only.py
[2021-03-17 19:31:03,644] {scheduler_job.py:629} INFO - Processing file /Users/harika/Desktop/CSYE_7245/Labs/airflow_tfx_lab/vlab/lib/python3.7/site-packages/airflow/example_dags/example_latest_only.py for tasks to queue
[2021-03-17 19:31:03,649] {logging_mixin.py:104} INFO - [2021-03-17 19:31:03,648] {dagbag.py:448} INFO - Filling up the DagBag from /Users/harika/Desktop/CSYE_7245/Labs/airflow_tfx_lab/vlab/lib/python3.7/site-packages/airflow/example_dags/example_latest_only.py
[2021-03-17 19:31:03,687] {scheduler_job.py:639} INFO - DAG(s) dict_keys(['latest_only']) retrieved from /Users/harika/Desktop/CSYE_7245/Labs/airflow_tfx_lab/vlab/lib/python3.7/site-packages/airflow/example_dags/example_latest_only.py
[2021-03-17 19:31:03,733] {logging_mixin.py:104} INFO - [2021-03-17 19:31:03,732] {dag.py:1818} INFO - Sync 1 DAGs
[2021-03-17 19:31:03,770] {logging_mixin.py:104} INFO - [2021-03-17 19:31:03,763] {dag.py:2273} INFO - Setting next_dagrun for latest_only to 2021-03-15 00:00:00+00:00
[2021-03-17 19:31:03,788] {scheduler_job.py:190} INFO - Processing /Users/harika/Desktop/CSYE_7245/Labs/airflow_tfx_lab/vlab/lib/python3.7/site-packages/airflow/example_dags/example_latest_only.py took 0.170 seconds
[2021-03-17 19:31:57,988] {scheduler_job.py:182} INFO - Started process (PID=29432) to work on /Users/harika/Desktop/CSYE_7245/Labs/airflow_tfx_lab/vlab/lib/python3.7/site-packages/airflow/example_dags/example_latest_only.py
[2021-03-17 19:31:57,992] {scheduler_job.py:629} INFO - Processing file /Users/harika/Desktop/CSYE_7245/Labs/airflow_tfx_lab/vlab/lib/python3.7/site-packages/airflow/example_dags/example_latest_only.py for tasks to queue
[2021-03-17 19:31:57,996] {logging_mixin.py:104} INFO - [2021-03-17 19:31:57,995] {dagbag.py:448} INFO - Filling up the DagBag from /Users/harika/Desktop/CSYE_7245/Labs/airflow_tfx_lab/vlab/lib/python3.7/site-packages/airflow/example_dags/example_latest_only.py
[2021-03-17 19:31:58,042] {scheduler_job.py:639} INFO - DAG(s) dict_keys(['latest_only']) retrieved from /Users/harika/Desktop/CSYE_7245/Labs/airflow_tfx_lab/vlab/lib/python3.7/site-packages/airflow/example_dags/example_latest_only.py
[2021-03-17 19:31:58,084] {logging_mixin.py:104} INFO - [2021-03-17 19:31:58,082] {dag.py:1818} INFO - Sync 1 DAGs
[2021-03-17 19:31:58,125] {logging_mixin.py:104} INFO - [2021-03-17 19:31:58,124] {dag.py:2273} INFO - Setting next_dagrun for latest_only to 2021-03-15 00:00:00+00:00
[2021-03-17 19:31:58,154] {scheduler_job.py:190} INFO - Processing /Users/harika/Desktop/CSYE_7245/Labs/airflow_tfx_lab/vlab/lib/python3.7/site-packages/airflow/example_dags/example_latest_only.py took 0.174 seconds
[2021-03-17 19:33:09,094] {scheduler_job.py:182} INFO - Started process (PID=29523) to work on /Users/harika/Desktop/CSYE_7245/Labs/airflow_tfx_lab/vlab/lib/python3.7/site-packages/airflow/example_dags/example_latest_only.py
[2021-03-17 19:33:09,096] {scheduler_job.py:629} INFO - Processing file /Users/harika/Desktop/CSYE_7245/Labs/airflow_tfx_lab/vlab/lib/python3.7/site-packages/airflow/example_dags/example_latest_only.py for tasks to queue
[2021-03-17 19:33:09,099] {logging_mixin.py:104} INFO - [2021-03-17 19:33:09,098] {dagbag.py:448} INFO - Filling up the DagBag from /Users/harika/Desktop/CSYE_7245/Labs/airflow_tfx_lab/vlab/lib/python3.7/site-packages/airflow/example_dags/example_latest_only.py
[2021-03-17 19:33:09,115] {scheduler_job.py:639} INFO - DAG(s) dict_keys(['latest_only']) retrieved from /Users/harika/Desktop/CSYE_7245/Labs/airflow_tfx_lab/vlab/lib/python3.7/site-packages/airflow/example_dags/example_latest_only.py
[2021-03-17 19:33:09,140] {logging_mixin.py:104} INFO - [2021-03-17 19:33:09,140] {dag.py:1818} INFO - Sync 1 DAGs
[2021-03-17 19:33:09,159] {logging_mixin.py:104} INFO - [2021-03-17 19:33:09,158] {dag.py:2273} INFO - Setting next_dagrun for latest_only to 2021-03-15 00:00:00+00:00
[2021-03-17 19:33:09,173] {scheduler_job.py:190} INFO - Processing /Users/harika/Desktop/CSYE_7245/Labs/airflow_tfx_lab/vlab/lib/python3.7/site-packages/airflow/example_dags/example_latest_only.py took 0.088 seconds
[2021-03-17 19:33:47,556] {scheduler_job.py:182} INFO - Started process (PID=29572) to work on /Users/harika/Desktop/CSYE_7245/Labs/airflow_tfx_lab/vlab/lib/python3.7/site-packages/airflow/example_dags/example_latest_only.py
[2021-03-17 19:33:47,559] {scheduler_job.py:629} INFO - Processing file /Users/harika/Desktop/CSYE_7245/Labs/airflow_tfx_lab/vlab/lib/python3.7/site-packages/airflow/example_dags/example_latest_only.py for tasks to queue
[2021-03-17 19:33:47,561] {logging_mixin.py:104} INFO - [2021-03-17 19:33:47,560] {dagbag.py:448} INFO - Filling up the DagBag from /Users/harika/Desktop/CSYE_7245/Labs/airflow_tfx_lab/vlab/lib/python3.7/site-packages/airflow/example_dags/example_latest_only.py
[2021-03-17 19:33:47,577] {scheduler_job.py:639} INFO - DAG(s) dict_keys(['latest_only']) retrieved from /Users/harika/Desktop/CSYE_7245/Labs/airflow_tfx_lab/vlab/lib/python3.7/site-packages/airflow/example_dags/example_latest_only.py
[2021-03-17 19:33:47,607] {logging_mixin.py:104} INFO - [2021-03-17 19:33:47,606] {dag.py:1818} INFO - Sync 1 DAGs
[2021-03-17 19:33:47,620] {logging_mixin.py:104} INFO - [2021-03-17 19:33:47,619] {dag.py:2273} INFO - Setting next_dagrun for latest_only to 2021-03-15 00:00:00+00:00
[2021-03-17 19:33:47,629] {scheduler_job.py:190} INFO - Processing /Users/harika/Desktop/CSYE_7245/Labs/airflow_tfx_lab/vlab/lib/python3.7/site-packages/airflow/example_dags/example_latest_only.py took 0.077 seconds
[2021-03-17 19:34:32,687] {scheduler_job.py:182} INFO - Started process (PID=29621) to work on /Users/harika/Desktop/CSYE_7245/Labs/airflow_tfx_lab/vlab/lib/python3.7/site-packages/airflow/example_dags/example_latest_only.py
[2021-03-17 19:34:32,689] {scheduler_job.py:629} INFO - Processing file /Users/harika/Desktop/CSYE_7245/Labs/airflow_tfx_lab/vlab/lib/python3.7/site-packages/airflow/example_dags/example_latest_only.py for tasks to queue
[2021-03-17 19:34:32,691] {logging_mixin.py:104} INFO - [2021-03-17 19:34:32,691] {dagbag.py:448} INFO - Filling up the DagBag from /Users/harika/Desktop/CSYE_7245/Labs/airflow_tfx_lab/vlab/lib/python3.7/site-packages/airflow/example_dags/example_latest_only.py
[2021-03-17 19:34:32,707] {scheduler_job.py:639} INFO - DAG(s) dict_keys(['latest_only']) retrieved from /Users/harika/Desktop/CSYE_7245/Labs/airflow_tfx_lab/vlab/lib/python3.7/site-packages/airflow/example_dags/example_latest_only.py
[2021-03-17 19:34:32,735] {logging_mixin.py:104} INFO - [2021-03-17 19:34:32,733] {dag.py:1818} INFO - Sync 1 DAGs
[2021-03-17 19:34:32,755] {logging_mixin.py:104} INFO - [2021-03-17 19:34:32,754] {dag.py:2273} INFO - Setting next_dagrun for latest_only to 2021-03-15 00:00:00+00:00
[2021-03-17 19:34:32,764] {scheduler_job.py:190} INFO - Processing /Users/harika/Desktop/CSYE_7245/Labs/airflow_tfx_lab/vlab/lib/python3.7/site-packages/airflow/example_dags/example_latest_only.py took 0.083 seconds
[2021-03-17 19:35:24,784] {scheduler_job.py:182} INFO - Started process (PID=29668) to work on /Users/harika/Desktop/CSYE_7245/Labs/airflow_tfx_lab/vlab/lib/python3.7/site-packages/airflow/example_dags/example_latest_only.py
[2021-03-17 19:35:24,787] {scheduler_job.py:629} INFO - Processing file /Users/harika/Desktop/CSYE_7245/Labs/airflow_tfx_lab/vlab/lib/python3.7/site-packages/airflow/example_dags/example_latest_only.py for tasks to queue
[2021-03-17 19:35:24,789] {logging_mixin.py:104} INFO - [2021-03-17 19:35:24,789] {dagbag.py:448} INFO - Filling up the DagBag from /Users/harika/Desktop/CSYE_7245/Labs/airflow_tfx_lab/vlab/lib/python3.7/site-packages/airflow/example_dags/example_latest_only.py
[2021-03-17 19:35:24,815] {scheduler_job.py:639} INFO - DAG(s) dict_keys(['latest_only']) retrieved from /Users/harika/Desktop/CSYE_7245/Labs/airflow_tfx_lab/vlab/lib/python3.7/site-packages/airflow/example_dags/example_latest_only.py
[2021-03-17 19:35:24,839] {logging_mixin.py:104} INFO - [2021-03-17 19:35:24,839] {dag.py:1818} INFO - Sync 1 DAGs
[2021-03-17 19:35:24,853] {logging_mixin.py:104} INFO - [2021-03-17 19:35:24,852] {dag.py:2273} INFO - Setting next_dagrun for latest_only to 2021-03-15 00:00:00+00:00
[2021-03-17 19:35:24,869] {scheduler_job.py:190} INFO - Processing /Users/harika/Desktop/CSYE_7245/Labs/airflow_tfx_lab/vlab/lib/python3.7/site-packages/airflow/example_dags/example_latest_only.py took 0.094 seconds
[2021-03-17 19:36:06,367] {scheduler_job.py:182} INFO - Started process (PID=29719) to work on /Users/harika/Desktop/CSYE_7245/Labs/airflow_tfx_lab/vlab/lib/python3.7/site-packages/airflow/example_dags/example_latest_only.py
[2021-03-17 19:36:06,372] {scheduler_job.py:629} INFO - Processing file /Users/harika/Desktop/CSYE_7245/Labs/airflow_tfx_lab/vlab/lib/python3.7/site-packages/airflow/example_dags/example_latest_only.py for tasks to queue
[2021-03-17 19:36:06,376] {logging_mixin.py:104} INFO - [2021-03-17 19:36:06,375] {dagbag.py:448} INFO - Filling up the DagBag from /Users/harika/Desktop/CSYE_7245/Labs/airflow_tfx_lab/vlab/lib/python3.7/site-packages/airflow/example_dags/example_latest_only.py
[2021-03-17 19:36:06,401] {scheduler_job.py:639} INFO - DAG(s) dict_keys(['latest_only']) retrieved from /Users/harika/Desktop/CSYE_7245/Labs/airflow_tfx_lab/vlab/lib/python3.7/site-packages/airflow/example_dags/example_latest_only.py
[2021-03-17 19:36:06,438] {logging_mixin.py:104} INFO - [2021-03-17 19:36:06,438] {dag.py:1818} INFO - Sync 1 DAGs
[2021-03-17 19:36:06,457] {logging_mixin.py:104} INFO - [2021-03-17 19:36:06,456] {dag.py:2273} INFO - Setting next_dagrun for latest_only to 2021-03-15 00:00:00+00:00
[2021-03-17 19:36:06,475] {scheduler_job.py:190} INFO - Processing /Users/harika/Desktop/CSYE_7245/Labs/airflow_tfx_lab/vlab/lib/python3.7/site-packages/airflow/example_dags/example_latest_only.py took 0.116 seconds
[2021-03-17 19:37:10,315] {scheduler_job.py:182} INFO - Started process (PID=29770) to work on /Users/harika/Desktop/CSYE_7245/Labs/airflow_tfx_lab/vlab/lib/python3.7/site-packages/airflow/example_dags/example_latest_only.py
[2021-03-17 19:37:10,325] {scheduler_job.py:629} INFO - Processing file /Users/harika/Desktop/CSYE_7245/Labs/airflow_tfx_lab/vlab/lib/python3.7/site-packages/airflow/example_dags/example_latest_only.py for tasks to queue
[2021-03-17 19:37:10,328] {logging_mixin.py:104} INFO - [2021-03-17 19:37:10,327] {dagbag.py:448} INFO - Filling up the DagBag from /Users/harika/Desktop/CSYE_7245/Labs/airflow_tfx_lab/vlab/lib/python3.7/site-packages/airflow/example_dags/example_latest_only.py
[2021-03-17 19:37:10,362] {scheduler_job.py:639} INFO - DAG(s) dict_keys(['latest_only']) retrieved from /Users/harika/Desktop/CSYE_7245/Labs/airflow_tfx_lab/vlab/lib/python3.7/site-packages/airflow/example_dags/example_latest_only.py
[2021-03-17 19:37:10,397] {logging_mixin.py:104} INFO - [2021-03-17 19:37:10,396] {dag.py:1818} INFO - Sync 1 DAGs
[2021-03-17 19:37:10,426] {logging_mixin.py:104} INFO - [2021-03-17 19:37:10,425] {dag.py:2273} INFO - Setting next_dagrun for latest_only to 2021-03-15 00:00:00+00:00
[2021-03-17 19:37:10,447] {scheduler_job.py:190} INFO - Processing /Users/harika/Desktop/CSYE_7245/Labs/airflow_tfx_lab/vlab/lib/python3.7/site-packages/airflow/example_dags/example_latest_only.py took 0.140 seconds
[2021-03-17 19:38:16,222] {scheduler_job.py:182} INFO - Started process (PID=29827) to work on /Users/harika/Desktop/CSYE_7245/Labs/airflow_tfx_lab/vlab/lib/python3.7/site-packages/airflow/example_dags/example_latest_only.py
[2021-03-17 19:38:16,224] {scheduler_job.py:629} INFO - Processing file /Users/harika/Desktop/CSYE_7245/Labs/airflow_tfx_lab/vlab/lib/python3.7/site-packages/airflow/example_dags/example_latest_only.py for tasks to queue
[2021-03-17 19:38:16,226] {logging_mixin.py:104} INFO - [2021-03-17 19:38:16,225] {dagbag.py:448} INFO - Filling up the DagBag from /Users/harika/Desktop/CSYE_7245/Labs/airflow_tfx_lab/vlab/lib/python3.7/site-packages/airflow/example_dags/example_latest_only.py
[2021-03-17 19:38:16,249] {scheduler_job.py:639} INFO - DAG(s) dict_keys(['latest_only']) retrieved from /Users/harika/Desktop/CSYE_7245/Labs/airflow_tfx_lab/vlab/lib/python3.7/site-packages/airflow/example_dags/example_latest_only.py
[2021-03-17 19:38:16,266] {logging_mixin.py:104} INFO - [2021-03-17 19:38:16,265] {dag.py:1818} INFO - Sync 1 DAGs
[2021-03-17 19:38:16,278] {logging_mixin.py:104} INFO - [2021-03-17 19:38:16,278] {dag.py:2273} INFO - Setting next_dagrun for latest_only to 2021-03-15 00:00:00+00:00
[2021-03-17 19:38:16,288] {scheduler_job.py:190} INFO - Processing /Users/harika/Desktop/CSYE_7245/Labs/airflow_tfx_lab/vlab/lib/python3.7/site-packages/airflow/example_dags/example_latest_only.py took 0.070 seconds
[2021-03-17 19:38:56,639] {scheduler_job.py:182} INFO - Started process (PID=29860) to work on /Users/harika/Desktop/CSYE_7245/Labs/airflow_tfx_lab/vlab/lib/python3.7/site-packages/airflow/example_dags/example_latest_only.py
[2021-03-17 19:38:56,648] {scheduler_job.py:629} INFO - Processing file /Users/harika/Desktop/CSYE_7245/Labs/airflow_tfx_lab/vlab/lib/python3.7/site-packages/airflow/example_dags/example_latest_only.py for tasks to queue
[2021-03-17 19:38:56,652] {logging_mixin.py:104} INFO - [2021-03-17 19:38:56,651] {dagbag.py:448} INFO - Filling up the DagBag from /Users/harika/Desktop/CSYE_7245/Labs/airflow_tfx_lab/vlab/lib/python3.7/site-packages/airflow/example_dags/example_latest_only.py
[2021-03-17 19:38:56,668] {scheduler_job.py:639} INFO - DAG(s) dict_keys(['latest_only']) retrieved from /Users/harika/Desktop/CSYE_7245/Labs/airflow_tfx_lab/vlab/lib/python3.7/site-packages/airflow/example_dags/example_latest_only.py
[2021-03-17 19:38:56,691] {logging_mixin.py:104} INFO - [2021-03-17 19:38:56,690] {dag.py:1818} INFO - Sync 1 DAGs
[2021-03-17 19:38:56,709] {logging_mixin.py:104} INFO - [2021-03-17 19:38:56,708] {dag.py:2273} INFO - Setting next_dagrun for latest_only to 2021-03-15 00:00:00+00:00
[2021-03-17 19:38:56,733] {scheduler_job.py:190} INFO - Processing /Users/harika/Desktop/CSYE_7245/Labs/airflow_tfx_lab/vlab/lib/python3.7/site-packages/airflow/example_dags/example_latest_only.py took 0.100 seconds
[2021-03-17 19:39:34,288] {scheduler_job.py:182} INFO - Started process (PID=29930) to work on /Users/harika/Desktop/CSYE_7245/Labs/airflow_tfx_lab/vlab/lib/python3.7/site-packages/airflow/example_dags/example_latest_only.py
[2021-03-17 19:39:34,300] {scheduler_job.py:629} INFO - Processing file /Users/harika/Desktop/CSYE_7245/Labs/airflow_tfx_lab/vlab/lib/python3.7/site-packages/airflow/example_dags/example_latest_only.py for tasks to queue
[2021-03-17 19:39:34,303] {logging_mixin.py:104} INFO - [2021-03-17 19:39:34,302] {dagbag.py:448} INFO - Filling up the DagBag from /Users/harika/Desktop/CSYE_7245/Labs/airflow_tfx_lab/vlab/lib/python3.7/site-packages/airflow/example_dags/example_latest_only.py
[2021-03-17 19:39:34,339] {scheduler_job.py:639} INFO - DAG(s) dict_keys(['latest_only']) retrieved from /Users/harika/Desktop/CSYE_7245/Labs/airflow_tfx_lab/vlab/lib/python3.7/site-packages/airflow/example_dags/example_latest_only.py
[2021-03-17 19:39:34,381] {logging_mixin.py:104} INFO - [2021-03-17 19:39:34,379] {dag.py:1818} INFO - Sync 1 DAGs
[2021-03-17 19:39:34,414] {logging_mixin.py:104} INFO - [2021-03-17 19:39:34,413] {dag.py:2273} INFO - Setting next_dagrun for latest_only to 2021-03-15 00:00:00+00:00
[2021-03-17 19:39:34,439] {scheduler_job.py:190} INFO - Processing /Users/harika/Desktop/CSYE_7245/Labs/airflow_tfx_lab/vlab/lib/python3.7/site-packages/airflow/example_dags/example_latest_only.py took 0.165 seconds
[2021-03-17 19:40:17,796] {scheduler_job.py:182} INFO - Started process (PID=29986) to work on /Users/harika/Desktop/CSYE_7245/Labs/airflow_tfx_lab/vlab/lib/python3.7/site-packages/airflow/example_dags/example_latest_only.py
[2021-03-17 19:40:17,799] {scheduler_job.py:629} INFO - Processing file /Users/harika/Desktop/CSYE_7245/Labs/airflow_tfx_lab/vlab/lib/python3.7/site-packages/airflow/example_dags/example_latest_only.py for tasks to queue
[2021-03-17 19:40:17,801] {logging_mixin.py:104} INFO - [2021-03-17 19:40:17,800] {dagbag.py:448} INFO - Filling up the DagBag from /Users/harika/Desktop/CSYE_7245/Labs/airflow_tfx_lab/vlab/lib/python3.7/site-packages/airflow/example_dags/example_latest_only.py
[2021-03-17 19:40:17,818] {scheduler_job.py:639} INFO - DAG(s) dict_keys(['latest_only']) retrieved from /Users/harika/Desktop/CSYE_7245/Labs/airflow_tfx_lab/vlab/lib/python3.7/site-packages/airflow/example_dags/example_latest_only.py
[2021-03-17 19:40:17,843] {logging_mixin.py:104} INFO - [2021-03-17 19:40:17,842] {dag.py:1818} INFO - Sync 1 DAGs
[2021-03-17 19:40:17,859] {logging_mixin.py:104} INFO - [2021-03-17 19:40:17,858] {dag.py:2273} INFO - Setting next_dagrun for latest_only to 2021-03-15 00:00:00+00:00
[2021-03-17 19:40:17,869] {scheduler_job.py:190} INFO - Processing /Users/harika/Desktop/CSYE_7245/Labs/airflow_tfx_lab/vlab/lib/python3.7/site-packages/airflow/example_dags/example_latest_only.py took 0.077 seconds
[2021-03-17 19:40:56,592] {scheduler_job.py:182} INFO - Started process (PID=30029) to work on /Users/harika/Desktop/CSYE_7245/Labs/airflow_tfx_lab/vlab/lib/python3.7/site-packages/airflow/example_dags/example_latest_only.py
[2021-03-17 19:40:56,594] {scheduler_job.py:629} INFO - Processing file /Users/harika/Desktop/CSYE_7245/Labs/airflow_tfx_lab/vlab/lib/python3.7/site-packages/airflow/example_dags/example_latest_only.py for tasks to queue
[2021-03-17 19:40:56,596] {logging_mixin.py:104} INFO - [2021-03-17 19:40:56,595] {dagbag.py:448} INFO - Filling up the DagBag from /Users/harika/Desktop/CSYE_7245/Labs/airflow_tfx_lab/vlab/lib/python3.7/site-packages/airflow/example_dags/example_latest_only.py
[2021-03-17 19:40:56,611] {scheduler_job.py:639} INFO - DAG(s) dict_keys(['latest_only']) retrieved from /Users/harika/Desktop/CSYE_7245/Labs/airflow_tfx_lab/vlab/lib/python3.7/site-packages/airflow/example_dags/example_latest_only.py
[2021-03-17 19:40:56,638] {logging_mixin.py:104} INFO - [2021-03-17 19:40:56,638] {dag.py:1818} INFO - Sync 1 DAGs
[2021-03-17 19:40:56,652] {logging_mixin.py:104} INFO - [2021-03-17 19:40:56,652] {dag.py:2273} INFO - Setting next_dagrun for latest_only to 2021-03-15 00:00:00+00:00
[2021-03-17 19:40:56,662] {scheduler_job.py:190} INFO - Processing /Users/harika/Desktop/CSYE_7245/Labs/airflow_tfx_lab/vlab/lib/python3.7/site-packages/airflow/example_dags/example_latest_only.py took 0.074 seconds
[2021-03-17 19:41:43,951] {scheduler_job.py:182} INFO - Started process (PID=30072) to work on /Users/harika/Desktop/CSYE_7245/Labs/airflow_tfx_lab/vlab/lib/python3.7/site-packages/airflow/example_dags/example_latest_only.py
[2021-03-17 19:41:43,954] {scheduler_job.py:629} INFO - Processing file /Users/harika/Desktop/CSYE_7245/Labs/airflow_tfx_lab/vlab/lib/python3.7/site-packages/airflow/example_dags/example_latest_only.py for tasks to queue
[2021-03-17 19:41:43,956] {logging_mixin.py:104} INFO - [2021-03-17 19:41:43,956] {dagbag.py:448} INFO - Filling up the DagBag from /Users/harika/Desktop/CSYE_7245/Labs/airflow_tfx_lab/vlab/lib/python3.7/site-packages/airflow/example_dags/example_latest_only.py
[2021-03-17 19:41:43,972] {scheduler_job.py:639} INFO - DAG(s) dict_keys(['latest_only']) retrieved from /Users/harika/Desktop/CSYE_7245/Labs/airflow_tfx_lab/vlab/lib/python3.7/site-packages/airflow/example_dags/example_latest_only.py
[2021-03-17 19:41:43,989] {logging_mixin.py:104} INFO - [2021-03-17 19:41:43,989] {dag.py:1818} INFO - Sync 1 DAGs
[2021-03-17 19:41:44,001] {logging_mixin.py:104} INFO - [2021-03-17 19:41:44,001] {dag.py:2273} INFO - Setting next_dagrun for latest_only to 2021-03-15 00:00:00+00:00
[2021-03-17 19:41:44,010] {scheduler_job.py:190} INFO - Processing /Users/harika/Desktop/CSYE_7245/Labs/airflow_tfx_lab/vlab/lib/python3.7/site-packages/airflow/example_dags/example_latest_only.py took 0.063 seconds
[2021-03-17 19:42:24,616] {scheduler_job.py:182} INFO - Started process (PID=30128) to work on /Users/harika/Desktop/CSYE_7245/Labs/airflow_tfx_lab/vlab/lib/python3.7/site-packages/airflow/example_dags/example_latest_only.py
[2021-03-17 19:42:24,618] {scheduler_job.py:629} INFO - Processing file /Users/harika/Desktop/CSYE_7245/Labs/airflow_tfx_lab/vlab/lib/python3.7/site-packages/airflow/example_dags/example_latest_only.py for tasks to queue
[2021-03-17 19:42:24,620] {logging_mixin.py:104} INFO - [2021-03-17 19:42:24,619] {dagbag.py:448} INFO - Filling up the DagBag from /Users/harika/Desktop/CSYE_7245/Labs/airflow_tfx_lab/vlab/lib/python3.7/site-packages/airflow/example_dags/example_latest_only.py
[2021-03-17 19:42:24,636] {scheduler_job.py:639} INFO - DAG(s) dict_keys(['latest_only']) retrieved from /Users/harika/Desktop/CSYE_7245/Labs/airflow_tfx_lab/vlab/lib/python3.7/site-packages/airflow/example_dags/example_latest_only.py
[2021-03-17 19:42:24,652] {logging_mixin.py:104} INFO - [2021-03-17 19:42:24,652] {dag.py:1818} INFO - Sync 1 DAGs
[2021-03-17 19:42:24,667] {logging_mixin.py:104} INFO - [2021-03-17 19:42:24,666] {dag.py:2273} INFO - Setting next_dagrun for latest_only to 2021-03-15 00:00:00+00:00
[2021-03-17 19:42:24,677] {scheduler_job.py:190} INFO - Processing /Users/harika/Desktop/CSYE_7245/Labs/airflow_tfx_lab/vlab/lib/python3.7/site-packages/airflow/example_dags/example_latest_only.py took 0.066 seconds
[2021-03-17 19:43:04,956] {scheduler_job.py:182} INFO - Started process (PID=30159) to work on /Users/harika/Desktop/CSYE_7245/Labs/airflow_tfx_lab/vlab/lib/python3.7/site-packages/airflow/example_dags/example_latest_only.py
[2021-03-17 19:43:04,958] {scheduler_job.py:629} INFO - Processing file /Users/harika/Desktop/CSYE_7245/Labs/airflow_tfx_lab/vlab/lib/python3.7/site-packages/airflow/example_dags/example_latest_only.py for tasks to queue
[2021-03-17 19:43:04,959] {logging_mixin.py:104} INFO - [2021-03-17 19:43:04,959] {dagbag.py:448} INFO - Filling up the DagBag from /Users/harika/Desktop/CSYE_7245/Labs/airflow_tfx_lab/vlab/lib/python3.7/site-packages/airflow/example_dags/example_latest_only.py
[2021-03-17 19:43:04,974] {scheduler_job.py:639} INFO - DAG(s) dict_keys(['latest_only']) retrieved from /Users/harika/Desktop/CSYE_7245/Labs/airflow_tfx_lab/vlab/lib/python3.7/site-packages/airflow/example_dags/example_latest_only.py
[2021-03-17 19:43:04,994] {logging_mixin.py:104} INFO - [2021-03-17 19:43:04,993] {dag.py:1818} INFO - Sync 1 DAGs
[2021-03-17 19:43:05,008] {logging_mixin.py:104} INFO - [2021-03-17 19:43:05,008] {dag.py:2273} INFO - Setting next_dagrun for latest_only to 2021-03-15 00:00:00+00:00
[2021-03-17 19:43:05,017] {scheduler_job.py:190} INFO - Processing /Users/harika/Desktop/CSYE_7245/Labs/airflow_tfx_lab/vlab/lib/python3.7/site-packages/airflow/example_dags/example_latest_only.py took 0.066 seconds
[2021-03-17 19:43:44,195] {scheduler_job.py:182} INFO - Started process (PID=30214) to work on /Users/harika/Desktop/CSYE_7245/Labs/airflow_tfx_lab/vlab/lib/python3.7/site-packages/airflow/example_dags/example_latest_only.py
[2021-03-17 19:43:44,198] {scheduler_job.py:629} INFO - Processing file /Users/harika/Desktop/CSYE_7245/Labs/airflow_tfx_lab/vlab/lib/python3.7/site-packages/airflow/example_dags/example_latest_only.py for tasks to queue
[2021-03-17 19:43:44,199] {logging_mixin.py:104} INFO - [2021-03-17 19:43:44,199] {dagbag.py:448} INFO - Filling up the DagBag from /Users/harika/Desktop/CSYE_7245/Labs/airflow_tfx_lab/vlab/lib/python3.7/site-packages/airflow/example_dags/example_latest_only.py
[2021-03-17 19:43:44,217] {scheduler_job.py:639} INFO - DAG(s) dict_keys(['latest_only']) retrieved from /Users/harika/Desktop/CSYE_7245/Labs/airflow_tfx_lab/vlab/lib/python3.7/site-packages/airflow/example_dags/example_latest_only.py
[2021-03-17 19:43:44,236] {logging_mixin.py:104} INFO - [2021-03-17 19:43:44,236] {dag.py:1818} INFO - Sync 1 DAGs
[2021-03-17 19:43:44,249] {logging_mixin.py:104} INFO - [2021-03-17 19:43:44,248] {dag.py:2273} INFO - Setting next_dagrun for latest_only to 2021-03-15 00:00:00+00:00
[2021-03-17 19:43:44,258] {scheduler_job.py:190} INFO - Processing /Users/harika/Desktop/CSYE_7245/Labs/airflow_tfx_lab/vlab/lib/python3.7/site-packages/airflow/example_dags/example_latest_only.py took 0.067 seconds
[2021-03-17 19:44:40,104] {scheduler_job.py:182} INFO - Started process (PID=30266) to work on /Users/harika/Desktop/CSYE_7245/Labs/airflow_tfx_lab/vlab/lib/python3.7/site-packages/airflow/example_dags/example_latest_only.py
[2021-03-17 19:44:40,110] {scheduler_job.py:629} INFO - Processing file /Users/harika/Desktop/CSYE_7245/Labs/airflow_tfx_lab/vlab/lib/python3.7/site-packages/airflow/example_dags/example_latest_only.py for tasks to queue
[2021-03-17 19:44:40,120] {logging_mixin.py:104} INFO - [2021-03-17 19:44:40,119] {dagbag.py:448} INFO - Filling up the DagBag from /Users/harika/Desktop/CSYE_7245/Labs/airflow_tfx_lab/vlab/lib/python3.7/site-packages/airflow/example_dags/example_latest_only.py
[2021-03-17 19:44:40,166] {scheduler_job.py:639} INFO - DAG(s) dict_keys(['latest_only']) retrieved from /Users/harika/Desktop/CSYE_7245/Labs/airflow_tfx_lab/vlab/lib/python3.7/site-packages/airflow/example_dags/example_latest_only.py
[2021-03-17 19:44:40,196] {logging_mixin.py:104} INFO - [2021-03-17 19:44:40,195] {dag.py:1818} INFO - Sync 1 DAGs
[2021-03-17 19:44:40,235] {logging_mixin.py:104} INFO - [2021-03-17 19:44:40,234] {dag.py:2273} INFO - Setting next_dagrun for latest_only to 2021-03-15 00:00:00+00:00
[2021-03-17 19:44:40,254] {scheduler_job.py:190} INFO - Processing /Users/harika/Desktop/CSYE_7245/Labs/airflow_tfx_lab/vlab/lib/python3.7/site-packages/airflow/example_dags/example_latest_only.py took 0.166 seconds
[2021-03-17 19:45:22,732] {scheduler_job.py:182} INFO - Started process (PID=30318) to work on /Users/harika/Desktop/CSYE_7245/Labs/airflow_tfx_lab/vlab/lib/python3.7/site-packages/airflow/example_dags/example_latest_only.py
[2021-03-17 19:45:22,735] {scheduler_job.py:629} INFO - Processing file /Users/harika/Desktop/CSYE_7245/Labs/airflow_tfx_lab/vlab/lib/python3.7/site-packages/airflow/example_dags/example_latest_only.py for tasks to queue
[2021-03-17 19:45:22,737] {logging_mixin.py:104} INFO - [2021-03-17 19:45:22,736] {dagbag.py:448} INFO - Filling up the DagBag from /Users/harika/Desktop/CSYE_7245/Labs/airflow_tfx_lab/vlab/lib/python3.7/site-packages/airflow/example_dags/example_latest_only.py
[2021-03-17 19:45:22,752] {scheduler_job.py:639} INFO - DAG(s) dict_keys(['latest_only']) retrieved from /Users/harika/Desktop/CSYE_7245/Labs/airflow_tfx_lab/vlab/lib/python3.7/site-packages/airflow/example_dags/example_latest_only.py
[2021-03-17 19:45:22,768] {logging_mixin.py:104} INFO - [2021-03-17 19:45:22,767] {dag.py:1818} INFO - Sync 1 DAGs
[2021-03-17 19:45:22,783] {logging_mixin.py:104} INFO - [2021-03-17 19:45:22,782] {dag.py:2273} INFO - Setting next_dagrun for latest_only to 2021-03-15 00:00:00+00:00
[2021-03-17 19:45:22,791] {scheduler_job.py:190} INFO - Processing /Users/harika/Desktop/CSYE_7245/Labs/airflow_tfx_lab/vlab/lib/python3.7/site-packages/airflow/example_dags/example_latest_only.py took 0.063 seconds
[2021-03-17 19:46:00,766] {scheduler_job.py:182} INFO - Started process (PID=30347) to work on /Users/harika/Desktop/CSYE_7245/Labs/airflow_tfx_lab/vlab/lib/python3.7/site-packages/airflow/example_dags/example_latest_only.py
[2021-03-17 19:46:00,770] {scheduler_job.py:629} INFO - Processing file /Users/harika/Desktop/CSYE_7245/Labs/airflow_tfx_lab/vlab/lib/python3.7/site-packages/airflow/example_dags/example_latest_only.py for tasks to queue
[2021-03-17 19:46:00,771] {logging_mixin.py:104} INFO - [2021-03-17 19:46:00,771] {dagbag.py:448} INFO - Filling up the DagBag from /Users/harika/Desktop/CSYE_7245/Labs/airflow_tfx_lab/vlab/lib/python3.7/site-packages/airflow/example_dags/example_latest_only.py
[2021-03-17 19:46:00,786] {scheduler_job.py:639} INFO - DAG(s) dict_keys(['latest_only']) retrieved from /Users/harika/Desktop/CSYE_7245/Labs/airflow_tfx_lab/vlab/lib/python3.7/site-packages/airflow/example_dags/example_latest_only.py
[2021-03-17 19:46:00,801] {logging_mixin.py:104} INFO - [2021-03-17 19:46:00,801] {dag.py:1818} INFO - Sync 1 DAGs
[2021-03-17 19:46:00,817] {logging_mixin.py:104} INFO - [2021-03-17 19:46:00,817] {dag.py:2273} INFO - Setting next_dagrun for latest_only to 2021-03-15 00:00:00+00:00
[2021-03-17 19:46:00,826] {scheduler_job.py:190} INFO - Processing /Users/harika/Desktop/CSYE_7245/Labs/airflow_tfx_lab/vlab/lib/python3.7/site-packages/airflow/example_dags/example_latest_only.py took 0.065 seconds
[2021-03-17 19:46:36,992] {scheduler_job.py:182} INFO - Started process (PID=30374) to work on /Users/harika/Desktop/CSYE_7245/Labs/airflow_tfx_lab/vlab/lib/python3.7/site-packages/airflow/example_dags/example_latest_only.py
[2021-03-17 19:46:36,994] {scheduler_job.py:629} INFO - Processing file /Users/harika/Desktop/CSYE_7245/Labs/airflow_tfx_lab/vlab/lib/python3.7/site-packages/airflow/example_dags/example_latest_only.py for tasks to queue
[2021-03-17 19:46:36,995] {logging_mixin.py:104} INFO - [2021-03-17 19:46:36,995] {dagbag.py:448} INFO - Filling up the DagBag from /Users/harika/Desktop/CSYE_7245/Labs/airflow_tfx_lab/vlab/lib/python3.7/site-packages/airflow/example_dags/example_latest_only.py
[2021-03-17 19:46:37,013] {scheduler_job.py:639} INFO - DAG(s) dict_keys(['latest_only']) retrieved from /Users/harika/Desktop/CSYE_7245/Labs/airflow_tfx_lab/vlab/lib/python3.7/site-packages/airflow/example_dags/example_latest_only.py
[2021-03-17 19:46:37,032] {logging_mixin.py:104} INFO - [2021-03-17 19:46:37,032] {dag.py:1818} INFO - Sync 1 DAGs
[2021-03-17 19:46:37,047] {logging_mixin.py:104} INFO - [2021-03-17 19:46:37,046] {dag.py:2273} INFO - Setting next_dagrun for latest_only to 2021-03-15 00:00:00+00:00
[2021-03-17 19:46:37,056] {scheduler_job.py:190} INFO - Processing /Users/harika/Desktop/CSYE_7245/Labs/airflow_tfx_lab/vlab/lib/python3.7/site-packages/airflow/example_dags/example_latest_only.py took 0.068 seconds
[2021-03-17 19:47:18,732] {scheduler_job.py:182} INFO - Started process (PID=30407) to work on /Users/harika/Desktop/CSYE_7245/Labs/airflow_tfx_lab/vlab/lib/python3.7/site-packages/airflow/example_dags/example_latest_only.py
[2021-03-17 19:47:18,737] {scheduler_job.py:629} INFO - Processing file /Users/harika/Desktop/CSYE_7245/Labs/airflow_tfx_lab/vlab/lib/python3.7/site-packages/airflow/example_dags/example_latest_only.py for tasks to queue
[2021-03-17 19:47:18,743] {logging_mixin.py:104} INFO - [2021-03-17 19:47:18,738] {dagbag.py:448} INFO - Filling up the DagBag from /Users/harika/Desktop/CSYE_7245/Labs/airflow_tfx_lab/vlab/lib/python3.7/site-packages/airflow/example_dags/example_latest_only.py
[2021-03-17 19:47:18,759] {scheduler_job.py:639} INFO - DAG(s) dict_keys(['latest_only']) retrieved from /Users/harika/Desktop/CSYE_7245/Labs/airflow_tfx_lab/vlab/lib/python3.7/site-packages/airflow/example_dags/example_latest_only.py
[2021-03-17 19:47:18,775] {logging_mixin.py:104} INFO - [2021-03-17 19:47:18,774] {dag.py:1818} INFO - Sync 1 DAGs
[2021-03-17 19:47:18,789] {logging_mixin.py:104} INFO - [2021-03-17 19:47:18,789] {dag.py:2273} INFO - Setting next_dagrun for latest_only to 2021-03-15 00:00:00+00:00
[2021-03-17 19:47:18,856] {scheduler_job.py:190} INFO - Processing /Users/harika/Desktop/CSYE_7245/Labs/airflow_tfx_lab/vlab/lib/python3.7/site-packages/airflow/example_dags/example_latest_only.py took 0.130 seconds
[2021-03-17 19:48:04,474] {scheduler_job.py:182} INFO - Started process (PID=30455) to work on /Users/harika/Desktop/CSYE_7245/Labs/airflow_tfx_lab/vlab/lib/python3.7/site-packages/airflow/example_dags/example_latest_only.py
[2021-03-17 19:48:04,477] {scheduler_job.py:629} INFO - Processing file /Users/harika/Desktop/CSYE_7245/Labs/airflow_tfx_lab/vlab/lib/python3.7/site-packages/airflow/example_dags/example_latest_only.py for tasks to queue
[2021-03-17 19:48:04,479] {logging_mixin.py:104} INFO - [2021-03-17 19:48:04,479] {dagbag.py:448} INFO - Filling up the DagBag from /Users/harika/Desktop/CSYE_7245/Labs/airflow_tfx_lab/vlab/lib/python3.7/site-packages/airflow/example_dags/example_latest_only.py
[2021-03-17 19:48:04,495] {scheduler_job.py:639} INFO - DAG(s) dict_keys(['latest_only']) retrieved from /Users/harika/Desktop/CSYE_7245/Labs/airflow_tfx_lab/vlab/lib/python3.7/site-packages/airflow/example_dags/example_latest_only.py
[2021-03-17 19:48:04,512] {logging_mixin.py:104} INFO - [2021-03-17 19:48:04,512] {dag.py:1818} INFO - Sync 1 DAGs
[2021-03-17 19:48:04,526] {logging_mixin.py:104} INFO - [2021-03-17 19:48:04,525] {dag.py:2273} INFO - Setting next_dagrun for latest_only to 2021-03-15 00:00:00+00:00
[2021-03-17 19:48:04,535] {scheduler_job.py:190} INFO - Processing /Users/harika/Desktop/CSYE_7245/Labs/airflow_tfx_lab/vlab/lib/python3.7/site-packages/airflow/example_dags/example_latest_only.py took 0.064 seconds
[2021-03-17 19:48:45,965] {scheduler_job.py:182} INFO - Started process (PID=30502) to work on /Users/harika/Desktop/CSYE_7245/Labs/airflow_tfx_lab/vlab/lib/python3.7/site-packages/airflow/example_dags/example_latest_only.py
[2021-03-17 19:48:45,968] {scheduler_job.py:629} INFO - Processing file /Users/harika/Desktop/CSYE_7245/Labs/airflow_tfx_lab/vlab/lib/python3.7/site-packages/airflow/example_dags/example_latest_only.py for tasks to queue
[2021-03-17 19:48:45,970] {logging_mixin.py:104} INFO - [2021-03-17 19:48:45,969] {dagbag.py:448} INFO - Filling up the DagBag from /Users/harika/Desktop/CSYE_7245/Labs/airflow_tfx_lab/vlab/lib/python3.7/site-packages/airflow/example_dags/example_latest_only.py
[2021-03-17 19:48:45,995] {scheduler_job.py:639} INFO - DAG(s) dict_keys(['latest_only']) retrieved from /Users/harika/Desktop/CSYE_7245/Labs/airflow_tfx_lab/vlab/lib/python3.7/site-packages/airflow/example_dags/example_latest_only.py
[2021-03-17 19:48:46,021] {logging_mixin.py:104} INFO - [2021-03-17 19:48:46,020] {dag.py:1818} INFO - Sync 1 DAGs
[2021-03-17 19:48:46,045] {logging_mixin.py:104} INFO - [2021-03-17 19:48:46,044] {dag.py:2273} INFO - Setting next_dagrun for latest_only to 2021-03-15 00:00:00+00:00
[2021-03-17 19:48:46,061] {scheduler_job.py:190} INFO - Processing /Users/harika/Desktop/CSYE_7245/Labs/airflow_tfx_lab/vlab/lib/python3.7/site-packages/airflow/example_dags/example_latest_only.py took 0.102 seconds
[2021-03-17 19:49:31,566] {scheduler_job.py:182} INFO - Started process (PID=30568) to work on /Users/harika/Desktop/CSYE_7245/Labs/airflow_tfx_lab/vlab/lib/python3.7/site-packages/airflow/example_dags/example_latest_only.py
[2021-03-17 19:49:31,569] {scheduler_job.py:629} INFO - Processing file /Users/harika/Desktop/CSYE_7245/Labs/airflow_tfx_lab/vlab/lib/python3.7/site-packages/airflow/example_dags/example_latest_only.py for tasks to queue
[2021-03-17 19:49:31,571] {logging_mixin.py:104} INFO - [2021-03-17 19:49:31,570] {dagbag.py:448} INFO - Filling up the DagBag from /Users/harika/Desktop/CSYE_7245/Labs/airflow_tfx_lab/vlab/lib/python3.7/site-packages/airflow/example_dags/example_latest_only.py
[2021-03-17 19:49:31,592] {scheduler_job.py:639} INFO - DAG(s) dict_keys(['latest_only']) retrieved from /Users/harika/Desktop/CSYE_7245/Labs/airflow_tfx_lab/vlab/lib/python3.7/site-packages/airflow/example_dags/example_latest_only.py
[2021-03-17 19:49:31,616] {logging_mixin.py:104} INFO - [2021-03-17 19:49:31,615] {dag.py:1818} INFO - Sync 1 DAGs
[2021-03-17 19:49:31,634] {logging_mixin.py:104} INFO - [2021-03-17 19:49:31,633] {dag.py:2273} INFO - Setting next_dagrun for latest_only to 2021-03-15 00:00:00+00:00
[2021-03-17 19:49:31,648] {scheduler_job.py:190} INFO - Processing /Users/harika/Desktop/CSYE_7245/Labs/airflow_tfx_lab/vlab/lib/python3.7/site-packages/airflow/example_dags/example_latest_only.py took 0.089 seconds
[2021-03-17 19:50:15,144] {scheduler_job.py:182} INFO - Started process (PID=30601) to work on /Users/harika/Desktop/CSYE_7245/Labs/airflow_tfx_lab/vlab/lib/python3.7/site-packages/airflow/example_dags/example_latest_only.py
[2021-03-17 19:50:15,148] {scheduler_job.py:629} INFO - Processing file /Users/harika/Desktop/CSYE_7245/Labs/airflow_tfx_lab/vlab/lib/python3.7/site-packages/airflow/example_dags/example_latest_only.py for tasks to queue
[2021-03-17 19:50:15,150] {logging_mixin.py:104} INFO - [2021-03-17 19:50:15,150] {dagbag.py:448} INFO - Filling up the DagBag from /Users/harika/Desktop/CSYE_7245/Labs/airflow_tfx_lab/vlab/lib/python3.7/site-packages/airflow/example_dags/example_latest_only.py
[2021-03-17 19:50:15,172] {scheduler_job.py:639} INFO - DAG(s) dict_keys(['latest_only']) retrieved from /Users/harika/Desktop/CSYE_7245/Labs/airflow_tfx_lab/vlab/lib/python3.7/site-packages/airflow/example_dags/example_latest_only.py
[2021-03-17 19:50:15,193] {logging_mixin.py:104} INFO - [2021-03-17 19:50:15,192] {dag.py:1818} INFO - Sync 1 DAGs
[2021-03-17 19:50:15,208] {logging_mixin.py:104} INFO - [2021-03-17 19:50:15,208] {dag.py:2273} INFO - Setting next_dagrun for latest_only to 2021-03-15 00:00:00+00:00
[2021-03-17 19:50:15,221] {scheduler_job.py:190} INFO - Processing /Users/harika/Desktop/CSYE_7245/Labs/airflow_tfx_lab/vlab/lib/python3.7/site-packages/airflow/example_dags/example_latest_only.py took 0.083 seconds
[2021-03-17 19:50:57,113] {scheduler_job.py:182} INFO - Started process (PID=30633) to work on /Users/harika/Desktop/CSYE_7245/Labs/airflow_tfx_lab/vlab/lib/python3.7/site-packages/airflow/example_dags/example_latest_only.py
[2021-03-17 19:50:57,116] {scheduler_job.py:629} INFO - Processing file /Users/harika/Desktop/CSYE_7245/Labs/airflow_tfx_lab/vlab/lib/python3.7/site-packages/airflow/example_dags/example_latest_only.py for tasks to queue
[2021-03-17 19:50:57,118] {logging_mixin.py:104} INFO - [2021-03-17 19:50:57,118] {dagbag.py:448} INFO - Filling up the DagBag from /Users/harika/Desktop/CSYE_7245/Labs/airflow_tfx_lab/vlab/lib/python3.7/site-packages/airflow/example_dags/example_latest_only.py
[2021-03-17 19:50:57,135] {scheduler_job.py:639} INFO - DAG(s) dict_keys(['latest_only']) retrieved from /Users/harika/Desktop/CSYE_7245/Labs/airflow_tfx_lab/vlab/lib/python3.7/site-packages/airflow/example_dags/example_latest_only.py
[2021-03-17 19:50:57,151] {logging_mixin.py:104} INFO - [2021-03-17 19:50:57,151] {dag.py:1818} INFO - Sync 1 DAGs
[2021-03-17 19:50:57,165] {logging_mixin.py:104} INFO - [2021-03-17 19:50:57,164] {dag.py:2273} INFO - Setting next_dagrun for latest_only to 2021-03-15 00:00:00+00:00
[2021-03-17 19:50:57,175] {scheduler_job.py:190} INFO - Processing /Users/harika/Desktop/CSYE_7245/Labs/airflow_tfx_lab/vlab/lib/python3.7/site-packages/airflow/example_dags/example_latest_only.py took 0.066 seconds
[2021-03-17 19:51:41,000] {scheduler_job.py:182} INFO - Started process (PID=30664) to work on /Users/harika/Desktop/CSYE_7245/Labs/airflow_tfx_lab/vlab/lib/python3.7/site-packages/airflow/example_dags/example_latest_only.py
[2021-03-17 19:51:41,005] {scheduler_job.py:629} INFO - Processing file /Users/harika/Desktop/CSYE_7245/Labs/airflow_tfx_lab/vlab/lib/python3.7/site-packages/airflow/example_dags/example_latest_only.py for tasks to queue
[2021-03-17 19:51:41,007] {logging_mixin.py:104} INFO - [2021-03-17 19:51:41,006] {dagbag.py:448} INFO - Filling up the DagBag from /Users/harika/Desktop/CSYE_7245/Labs/airflow_tfx_lab/vlab/lib/python3.7/site-packages/airflow/example_dags/example_latest_only.py
[2021-03-17 19:51:41,039] {scheduler_job.py:639} INFO - DAG(s) dict_keys(['latest_only']) retrieved from /Users/harika/Desktop/CSYE_7245/Labs/airflow_tfx_lab/vlab/lib/python3.7/site-packages/airflow/example_dags/example_latest_only.py
[2021-03-17 19:51:41,074] {logging_mixin.py:104} INFO - [2021-03-17 19:51:41,073] {dag.py:1818} INFO - Sync 1 DAGs
[2021-03-17 19:51:41,099] {logging_mixin.py:104} INFO - [2021-03-17 19:51:41,098] {dag.py:2273} INFO - Setting next_dagrun for latest_only to 2021-03-15 00:00:00+00:00
[2021-03-17 19:51:41,111] {scheduler_job.py:190} INFO - Processing /Users/harika/Desktop/CSYE_7245/Labs/airflow_tfx_lab/vlab/lib/python3.7/site-packages/airflow/example_dags/example_latest_only.py took 0.121 seconds
[2021-03-17 19:52:23,203] {scheduler_job.py:182} INFO - Started process (PID=30712) to work on /Users/harika/Desktop/CSYE_7245/Labs/airflow_tfx_lab/vlab/lib/python3.7/site-packages/airflow/example_dags/example_latest_only.py
[2021-03-17 19:52:23,207] {scheduler_job.py:629} INFO - Processing file /Users/harika/Desktop/CSYE_7245/Labs/airflow_tfx_lab/vlab/lib/python3.7/site-packages/airflow/example_dags/example_latest_only.py for tasks to queue
[2021-03-17 19:52:23,216] {logging_mixin.py:104} INFO - [2021-03-17 19:52:23,214] {dagbag.py:448} INFO - Filling up the DagBag from /Users/harika/Desktop/CSYE_7245/Labs/airflow_tfx_lab/vlab/lib/python3.7/site-packages/airflow/example_dags/example_latest_only.py
[2021-03-17 19:52:23,243] {scheduler_job.py:639} INFO - DAG(s) dict_keys(['latest_only']) retrieved from /Users/harika/Desktop/CSYE_7245/Labs/airflow_tfx_lab/vlab/lib/python3.7/site-packages/airflow/example_dags/example_latest_only.py
[2021-03-17 19:52:23,290] {logging_mixin.py:104} INFO - [2021-03-17 19:52:23,290] {dag.py:1818} INFO - Sync 1 DAGs
[2021-03-17 19:52:23,326] {logging_mixin.py:104} INFO - [2021-03-17 19:52:23,325] {dag.py:2273} INFO - Setting next_dagrun for latest_only to 2021-03-15 00:00:00+00:00
[2021-03-17 19:52:23,344] {scheduler_job.py:190} INFO - Processing /Users/harika/Desktop/CSYE_7245/Labs/airflow_tfx_lab/vlab/lib/python3.7/site-packages/airflow/example_dags/example_latest_only.py took 0.145 seconds
[2021-03-17 19:53:05,964] {scheduler_job.py:182} INFO - Started process (PID=30747) to work on /Users/harika/Desktop/CSYE_7245/Labs/airflow_tfx_lab/vlab/lib/python3.7/site-packages/airflow/example_dags/example_latest_only.py
[2021-03-17 19:53:05,968] {scheduler_job.py:629} INFO - Processing file /Users/harika/Desktop/CSYE_7245/Labs/airflow_tfx_lab/vlab/lib/python3.7/site-packages/airflow/example_dags/example_latest_only.py for tasks to queue
[2021-03-17 19:53:05,970] {logging_mixin.py:104} INFO - [2021-03-17 19:53:05,969] {dagbag.py:448} INFO - Filling up the DagBag from /Users/harika/Desktop/CSYE_7245/Labs/airflow_tfx_lab/vlab/lib/python3.7/site-packages/airflow/example_dags/example_latest_only.py
[2021-03-17 19:53:05,993] {scheduler_job.py:639} INFO - DAG(s) dict_keys(['latest_only']) retrieved from /Users/harika/Desktop/CSYE_7245/Labs/airflow_tfx_lab/vlab/lib/python3.7/site-packages/airflow/example_dags/example_latest_only.py
[2021-03-17 19:53:06,013] {logging_mixin.py:104} INFO - [2021-03-17 19:53:06,012] {dag.py:1818} INFO - Sync 1 DAGs
[2021-03-17 19:53:06,030] {logging_mixin.py:104} INFO - [2021-03-17 19:53:06,030] {dag.py:2273} INFO - Setting next_dagrun for latest_only to 2021-03-15 00:00:00+00:00
[2021-03-17 19:53:06,040] {scheduler_job.py:190} INFO - Processing /Users/harika/Desktop/CSYE_7245/Labs/airflow_tfx_lab/vlab/lib/python3.7/site-packages/airflow/example_dags/example_latest_only.py took 0.085 seconds
[2021-03-17 19:53:47,800] {scheduler_job.py:182} INFO - Started process (PID=30777) to work on /Users/harika/Desktop/CSYE_7245/Labs/airflow_tfx_lab/vlab/lib/python3.7/site-packages/airflow/example_dags/example_latest_only.py
[2021-03-17 19:53:47,803] {scheduler_job.py:629} INFO - Processing file /Users/harika/Desktop/CSYE_7245/Labs/airflow_tfx_lab/vlab/lib/python3.7/site-packages/airflow/example_dags/example_latest_only.py for tasks to queue
[2021-03-17 19:53:47,806] {logging_mixin.py:104} INFO - [2021-03-17 19:53:47,805] {dagbag.py:448} INFO - Filling up the DagBag from /Users/harika/Desktop/CSYE_7245/Labs/airflow_tfx_lab/vlab/lib/python3.7/site-packages/airflow/example_dags/example_latest_only.py
[2021-03-17 19:53:47,825] {scheduler_job.py:639} INFO - DAG(s) dict_keys(['latest_only']) retrieved from /Users/harika/Desktop/CSYE_7245/Labs/airflow_tfx_lab/vlab/lib/python3.7/site-packages/airflow/example_dags/example_latest_only.py
[2021-03-17 19:53:47,846] {logging_mixin.py:104} INFO - [2021-03-17 19:53:47,846] {dag.py:1818} INFO - Sync 1 DAGs
[2021-03-17 19:53:47,859] {logging_mixin.py:104} INFO - [2021-03-17 19:53:47,859] {dag.py:2273} INFO - Setting next_dagrun for latest_only to 2021-03-15 00:00:00+00:00
[2021-03-17 19:53:47,869] {scheduler_job.py:190} INFO - Processing /Users/harika/Desktop/CSYE_7245/Labs/airflow_tfx_lab/vlab/lib/python3.7/site-packages/airflow/example_dags/example_latest_only.py took 0.074 seconds
[2021-03-17 19:54:30,917] {scheduler_job.py:182} INFO - Started process (PID=30810) to work on /Users/harika/Desktop/CSYE_7245/Labs/airflow_tfx_lab/vlab/lib/python3.7/site-packages/airflow/example_dags/example_latest_only.py
[2021-03-17 19:54:30,920] {scheduler_job.py:629} INFO - Processing file /Users/harika/Desktop/CSYE_7245/Labs/airflow_tfx_lab/vlab/lib/python3.7/site-packages/airflow/example_dags/example_latest_only.py for tasks to queue
[2021-03-17 19:54:30,922] {logging_mixin.py:104} INFO - [2021-03-17 19:54:30,922] {dagbag.py:448} INFO - Filling up the DagBag from /Users/harika/Desktop/CSYE_7245/Labs/airflow_tfx_lab/vlab/lib/python3.7/site-packages/airflow/example_dags/example_latest_only.py
[2021-03-17 19:54:30,942] {scheduler_job.py:639} INFO - DAG(s) dict_keys(['latest_only']) retrieved from /Users/harika/Desktop/CSYE_7245/Labs/airflow_tfx_lab/vlab/lib/python3.7/site-packages/airflow/example_dags/example_latest_only.py
[2021-03-17 19:54:30,962] {logging_mixin.py:104} INFO - [2021-03-17 19:54:30,961] {dag.py:1818} INFO - Sync 1 DAGs
[2021-03-17 19:54:30,976] {logging_mixin.py:104} INFO - [2021-03-17 19:54:30,976] {dag.py:2273} INFO - Setting next_dagrun for latest_only to 2021-03-15 00:00:00+00:00
[2021-03-17 19:54:30,987] {scheduler_job.py:190} INFO - Processing /Users/harika/Desktop/CSYE_7245/Labs/airflow_tfx_lab/vlab/lib/python3.7/site-packages/airflow/example_dags/example_latest_only.py took 0.075 seconds
[2021-03-17 19:55:13,743] {scheduler_job.py:182} INFO - Started process (PID=30845) to work on /Users/harika/Desktop/CSYE_7245/Labs/airflow_tfx_lab/vlab/lib/python3.7/site-packages/airflow/example_dags/example_latest_only.py
[2021-03-17 19:55:13,746] {scheduler_job.py:629} INFO - Processing file /Users/harika/Desktop/CSYE_7245/Labs/airflow_tfx_lab/vlab/lib/python3.7/site-packages/airflow/example_dags/example_latest_only.py for tasks to queue
[2021-03-17 19:55:13,748] {logging_mixin.py:104} INFO - [2021-03-17 19:55:13,747] {dagbag.py:448} INFO - Filling up the DagBag from /Users/harika/Desktop/CSYE_7245/Labs/airflow_tfx_lab/vlab/lib/python3.7/site-packages/airflow/example_dags/example_latest_only.py
[2021-03-17 19:55:13,764] {scheduler_job.py:639} INFO - DAG(s) dict_keys(['latest_only']) retrieved from /Users/harika/Desktop/CSYE_7245/Labs/airflow_tfx_lab/vlab/lib/python3.7/site-packages/airflow/example_dags/example_latest_only.py
[2021-03-17 19:55:13,782] {logging_mixin.py:104} INFO - [2021-03-17 19:55:13,781] {dag.py:1818} INFO - Sync 1 DAGs
[2021-03-17 19:55:13,802] {logging_mixin.py:104} INFO - [2021-03-17 19:55:13,801] {dag.py:2273} INFO - Setting next_dagrun for latest_only to 2021-03-15 00:00:00+00:00
[2021-03-17 19:55:13,814] {scheduler_job.py:190} INFO - Processing /Users/harika/Desktop/CSYE_7245/Labs/airflow_tfx_lab/vlab/lib/python3.7/site-packages/airflow/example_dags/example_latest_only.py took 0.075 seconds
[2021-03-17 19:55:53,357] {scheduler_job.py:182} INFO - Started process (PID=30876) to work on /Users/harika/Desktop/CSYE_7245/Labs/airflow_tfx_lab/vlab/lib/python3.7/site-packages/airflow/example_dags/example_latest_only.py
[2021-03-17 19:55:53,360] {scheduler_job.py:629} INFO - Processing file /Users/harika/Desktop/CSYE_7245/Labs/airflow_tfx_lab/vlab/lib/python3.7/site-packages/airflow/example_dags/example_latest_only.py for tasks to queue
[2021-03-17 19:55:53,362] {logging_mixin.py:104} INFO - [2021-03-17 19:55:53,361] {dagbag.py:448} INFO - Filling up the DagBag from /Users/harika/Desktop/CSYE_7245/Labs/airflow_tfx_lab/vlab/lib/python3.7/site-packages/airflow/example_dags/example_latest_only.py
[2021-03-17 19:55:53,379] {scheduler_job.py:639} INFO - DAG(s) dict_keys(['latest_only']) retrieved from /Users/harika/Desktop/CSYE_7245/Labs/airflow_tfx_lab/vlab/lib/python3.7/site-packages/airflow/example_dags/example_latest_only.py
[2021-03-17 19:55:53,397] {logging_mixin.py:104} INFO - [2021-03-17 19:55:53,396] {dag.py:1818} INFO - Sync 1 DAGs
[2021-03-17 19:55:53,415] {logging_mixin.py:104} INFO - [2021-03-17 19:55:53,414] {dag.py:2273} INFO - Setting next_dagrun for latest_only to 2021-03-15 00:00:00+00:00
[2021-03-17 19:55:53,428] {scheduler_job.py:190} INFO - Processing /Users/harika/Desktop/CSYE_7245/Labs/airflow_tfx_lab/vlab/lib/python3.7/site-packages/airflow/example_dags/example_latest_only.py took 0.076 seconds
[2021-03-17 19:56:33,817] {scheduler_job.py:182} INFO - Started process (PID=30905) to work on /Users/harika/Desktop/CSYE_7245/Labs/airflow_tfx_lab/vlab/lib/python3.7/site-packages/airflow/example_dags/example_latest_only.py
[2021-03-17 19:56:33,821] {scheduler_job.py:629} INFO - Processing file /Users/harika/Desktop/CSYE_7245/Labs/airflow_tfx_lab/vlab/lib/python3.7/site-packages/airflow/example_dags/example_latest_only.py for tasks to queue
[2021-03-17 19:56:33,822] {logging_mixin.py:104} INFO - [2021-03-17 19:56:33,822] {dagbag.py:448} INFO - Filling up the DagBag from /Users/harika/Desktop/CSYE_7245/Labs/airflow_tfx_lab/vlab/lib/python3.7/site-packages/airflow/example_dags/example_latest_only.py
[2021-03-17 19:56:33,838] {scheduler_job.py:639} INFO - DAG(s) dict_keys(['latest_only']) retrieved from /Users/harika/Desktop/CSYE_7245/Labs/airflow_tfx_lab/vlab/lib/python3.7/site-packages/airflow/example_dags/example_latest_only.py
[2021-03-17 19:56:33,855] {logging_mixin.py:104} INFO - [2021-03-17 19:56:33,854] {dag.py:1818} INFO - Sync 1 DAGs
[2021-03-17 19:56:33,870] {logging_mixin.py:104} INFO - [2021-03-17 19:56:33,869] {dag.py:2273} INFO - Setting next_dagrun for latest_only to 2021-03-15 00:00:00+00:00
[2021-03-17 19:56:33,884] {scheduler_job.py:190} INFO - Processing /Users/harika/Desktop/CSYE_7245/Labs/airflow_tfx_lab/vlab/lib/python3.7/site-packages/airflow/example_dags/example_latest_only.py took 0.071 seconds
[2021-03-17 19:57:13,463] {scheduler_job.py:182} INFO - Started process (PID=30934) to work on /Users/harika/Desktop/CSYE_7245/Labs/airflow_tfx_lab/vlab/lib/python3.7/site-packages/airflow/example_dags/example_latest_only.py
[2021-03-17 19:57:13,466] {scheduler_job.py:629} INFO - Processing file /Users/harika/Desktop/CSYE_7245/Labs/airflow_tfx_lab/vlab/lib/python3.7/site-packages/airflow/example_dags/example_latest_only.py for tasks to queue
[2021-03-17 19:57:13,469] {logging_mixin.py:104} INFO - [2021-03-17 19:57:13,468] {dagbag.py:448} INFO - Filling up the DagBag from /Users/harika/Desktop/CSYE_7245/Labs/airflow_tfx_lab/vlab/lib/python3.7/site-packages/airflow/example_dags/example_latest_only.py
[2021-03-17 19:57:13,484] {scheduler_job.py:639} INFO - DAG(s) dict_keys(['latest_only']) retrieved from /Users/harika/Desktop/CSYE_7245/Labs/airflow_tfx_lab/vlab/lib/python3.7/site-packages/airflow/example_dags/example_latest_only.py
[2021-03-17 19:57:13,500] {logging_mixin.py:104} INFO - [2021-03-17 19:57:13,500] {dag.py:1818} INFO - Sync 1 DAGs
[2021-03-17 19:57:13,512] {logging_mixin.py:104} INFO - [2021-03-17 19:57:13,512] {dag.py:2273} INFO - Setting next_dagrun for latest_only to 2021-03-15 00:00:00+00:00
[2021-03-17 19:57:13,523] {scheduler_job.py:190} INFO - Processing /Users/harika/Desktop/CSYE_7245/Labs/airflow_tfx_lab/vlab/lib/python3.7/site-packages/airflow/example_dags/example_latest_only.py took 0.064 seconds
[2021-03-17 19:57:51,992] {scheduler_job.py:182} INFO - Started process (PID=30966) to work on /Users/harika/Desktop/CSYE_7245/Labs/airflow_tfx_lab/vlab/lib/python3.7/site-packages/airflow/example_dags/example_latest_only.py
[2021-03-17 19:57:51,998] {scheduler_job.py:629} INFO - Processing file /Users/harika/Desktop/CSYE_7245/Labs/airflow_tfx_lab/vlab/lib/python3.7/site-packages/airflow/example_dags/example_latest_only.py for tasks to queue
[2021-03-17 19:57:52,000] {logging_mixin.py:104} INFO - [2021-03-17 19:57:52,000] {dagbag.py:448} INFO - Filling up the DagBag from /Users/harika/Desktop/CSYE_7245/Labs/airflow_tfx_lab/vlab/lib/python3.7/site-packages/airflow/example_dags/example_latest_only.py
[2021-03-17 19:57:52,041] {scheduler_job.py:639} INFO - DAG(s) dict_keys(['latest_only']) retrieved from /Users/harika/Desktop/CSYE_7245/Labs/airflow_tfx_lab/vlab/lib/python3.7/site-packages/airflow/example_dags/example_latest_only.py
[2021-03-17 19:57:52,060] {logging_mixin.py:104} INFO - [2021-03-17 19:57:52,059] {dag.py:1818} INFO - Sync 1 DAGs
[2021-03-17 19:57:52,077] {logging_mixin.py:104} INFO - [2021-03-17 19:57:52,076] {dag.py:2273} INFO - Setting next_dagrun for latest_only to 2021-03-15 00:00:00+00:00
[2021-03-17 19:57:52,091] {scheduler_job.py:190} INFO - Processing /Users/harika/Desktop/CSYE_7245/Labs/airflow_tfx_lab/vlab/lib/python3.7/site-packages/airflow/example_dags/example_latest_only.py took 0.104 seconds
[2021-03-17 19:58:33,482] {scheduler_job.py:182} INFO - Started process (PID=31010) to work on /Users/harika/Desktop/CSYE_7245/Labs/airflow_tfx_lab/vlab/lib/python3.7/site-packages/airflow/example_dags/example_latest_only.py
[2021-03-17 19:58:33,485] {scheduler_job.py:629} INFO - Processing file /Users/harika/Desktop/CSYE_7245/Labs/airflow_tfx_lab/vlab/lib/python3.7/site-packages/airflow/example_dags/example_latest_only.py for tasks to queue
[2021-03-17 19:58:33,486] {logging_mixin.py:104} INFO - [2021-03-17 19:58:33,486] {dagbag.py:448} INFO - Filling up the DagBag from /Users/harika/Desktop/CSYE_7245/Labs/airflow_tfx_lab/vlab/lib/python3.7/site-packages/airflow/example_dags/example_latest_only.py
[2021-03-17 19:58:33,502] {scheduler_job.py:639} INFO - DAG(s) dict_keys(['latest_only']) retrieved from /Users/harika/Desktop/CSYE_7245/Labs/airflow_tfx_lab/vlab/lib/python3.7/site-packages/airflow/example_dags/example_latest_only.py
[2021-03-17 19:58:33,522] {logging_mixin.py:104} INFO - [2021-03-17 19:58:33,521] {dag.py:1818} INFO - Sync 1 DAGs
[2021-03-17 19:58:33,538] {logging_mixin.py:104} INFO - [2021-03-17 19:58:33,537] {dag.py:2273} INFO - Setting next_dagrun for latest_only to 2021-03-15 00:00:00+00:00
[2021-03-17 19:58:33,547] {scheduler_job.py:190} INFO - Processing /Users/harika/Desktop/CSYE_7245/Labs/airflow_tfx_lab/vlab/lib/python3.7/site-packages/airflow/example_dags/example_latest_only.py took 0.070 seconds
[2021-03-17 19:59:12,640] {scheduler_job.py:182} INFO - Started process (PID=31040) to work on /Users/harika/Desktop/CSYE_7245/Labs/airflow_tfx_lab/vlab/lib/python3.7/site-packages/airflow/example_dags/example_latest_only.py
[2021-03-17 19:59:12,644] {scheduler_job.py:629} INFO - Processing file /Users/harika/Desktop/CSYE_7245/Labs/airflow_tfx_lab/vlab/lib/python3.7/site-packages/airflow/example_dags/example_latest_only.py for tasks to queue
[2021-03-17 19:59:12,646] {logging_mixin.py:104} INFO - [2021-03-17 19:59:12,645] {dagbag.py:448} INFO - Filling up the DagBag from /Users/harika/Desktop/CSYE_7245/Labs/airflow_tfx_lab/vlab/lib/python3.7/site-packages/airflow/example_dags/example_latest_only.py
[2021-03-17 19:59:12,666] {scheduler_job.py:639} INFO - DAG(s) dict_keys(['latest_only']) retrieved from /Users/harika/Desktop/CSYE_7245/Labs/airflow_tfx_lab/vlab/lib/python3.7/site-packages/airflow/example_dags/example_latest_only.py
[2021-03-17 19:59:12,682] {logging_mixin.py:104} INFO - [2021-03-17 19:59:12,682] {dag.py:1818} INFO - Sync 1 DAGs
[2021-03-17 19:59:12,695] {logging_mixin.py:104} INFO - [2021-03-17 19:59:12,694] {dag.py:2273} INFO - Setting next_dagrun for latest_only to 2021-03-15 00:00:00+00:00
[2021-03-17 19:59:12,705] {scheduler_job.py:190} INFO - Processing /Users/harika/Desktop/CSYE_7245/Labs/airflow_tfx_lab/vlab/lib/python3.7/site-packages/airflow/example_dags/example_latest_only.py took 0.070 seconds
[2021-03-17 19:59:51,400] {scheduler_job.py:182} INFO - Started process (PID=31070) to work on /Users/harika/Desktop/CSYE_7245/Labs/airflow_tfx_lab/vlab/lib/python3.7/site-packages/airflow/example_dags/example_latest_only.py
[2021-03-17 19:59:51,404] {scheduler_job.py:629} INFO - Processing file /Users/harika/Desktop/CSYE_7245/Labs/airflow_tfx_lab/vlab/lib/python3.7/site-packages/airflow/example_dags/example_latest_only.py for tasks to queue
[2021-03-17 19:59:51,405] {logging_mixin.py:104} INFO - [2021-03-17 19:59:51,405] {dagbag.py:448} INFO - Filling up the DagBag from /Users/harika/Desktop/CSYE_7245/Labs/airflow_tfx_lab/vlab/lib/python3.7/site-packages/airflow/example_dags/example_latest_only.py
[2021-03-17 19:59:51,421] {scheduler_job.py:639} INFO - DAG(s) dict_keys(['latest_only']) retrieved from /Users/harika/Desktop/CSYE_7245/Labs/airflow_tfx_lab/vlab/lib/python3.7/site-packages/airflow/example_dags/example_latest_only.py
[2021-03-17 19:59:51,439] {logging_mixin.py:104} INFO - [2021-03-17 19:59:51,439] {dag.py:1818} INFO - Sync 1 DAGs
[2021-03-17 19:59:51,454] {logging_mixin.py:104} INFO - [2021-03-17 19:59:51,453] {dag.py:2273} INFO - Setting next_dagrun for latest_only to 2021-03-15 00:00:00+00:00
[2021-03-17 19:59:51,465] {scheduler_job.py:190} INFO - Processing /Users/harika/Desktop/CSYE_7245/Labs/airflow_tfx_lab/vlab/lib/python3.7/site-packages/airflow/example_dags/example_latest_only.py took 0.068 seconds
