[2021-03-17 18:51:39,813] {scheduler_job.py:182} INFO - Started process (PID=26405) to work on /Users/harika/Desktop/CSYE_7245/Labs/airflow_tfx_lab/vlab/lib/python3.7/site-packages/airflow/example_dags/example_skip_dag.py
[2021-03-17 18:51:39,817] {scheduler_job.py:629} INFO - Processing file /Users/harika/Desktop/CSYE_7245/Labs/airflow_tfx_lab/vlab/lib/python3.7/site-packages/airflow/example_dags/example_skip_dag.py for tasks to queue
[2021-03-17 18:51:39,819] {logging_mixin.py:104} INFO - [2021-03-17 18:51:39,818] {dagbag.py:448} INFO - Filling up the DagBag from /Users/harika/Desktop/CSYE_7245/Labs/airflow_tfx_lab/vlab/lib/python3.7/site-packages/airflow/example_dags/example_skip_dag.py
[2021-03-17 18:51:39,844] {scheduler_job.py:639} INFO - DAG(s) dict_keys(['example_skip_dag']) retrieved from /Users/harika/Desktop/CSYE_7245/Labs/airflow_tfx_lab/vlab/lib/python3.7/site-packages/airflow/example_dags/example_skip_dag.py
[2021-03-17 18:51:39,904] {logging_mixin.py:104} INFO - [2021-03-17 18:51:39,903] {dag.py:1818} INFO - Sync 1 DAGs
[2021-03-17 18:51:39,953] {logging_mixin.py:104} INFO - [2021-03-17 18:51:39,952] {dag.py:2273} INFO - Setting next_dagrun for example_skip_dag to 2021-03-15 00:00:00+00:00
[2021-03-17 18:51:39,971] {scheduler_job.py:190} INFO - Processing /Users/harika/Desktop/CSYE_7245/Labs/airflow_tfx_lab/vlab/lib/python3.7/site-packages/airflow/example_dags/example_skip_dag.py took 0.164 seconds
[2021-03-17 18:53:15,155] {scheduler_job.py:182} INFO - Started process (PID=26573) to work on /Users/harika/Desktop/CSYE_7245/Labs/airflow_tfx_lab/vlab/lib/python3.7/site-packages/airflow/example_dags/example_skip_dag.py
[2021-03-17 18:53:15,158] {scheduler_job.py:629} INFO - Processing file /Users/harika/Desktop/CSYE_7245/Labs/airflow_tfx_lab/vlab/lib/python3.7/site-packages/airflow/example_dags/example_skip_dag.py for tasks to queue
[2021-03-17 18:53:15,159] {logging_mixin.py:104} INFO - [2021-03-17 18:53:15,159] {dagbag.py:448} INFO - Filling up the DagBag from /Users/harika/Desktop/CSYE_7245/Labs/airflow_tfx_lab/vlab/lib/python3.7/site-packages/airflow/example_dags/example_skip_dag.py
[2021-03-17 18:53:15,176] {scheduler_job.py:639} INFO - DAG(s) dict_keys(['example_skip_dag']) retrieved from /Users/harika/Desktop/CSYE_7245/Labs/airflow_tfx_lab/vlab/lib/python3.7/site-packages/airflow/example_dags/example_skip_dag.py
[2021-03-17 18:53:15,201] {logging_mixin.py:104} INFO - [2021-03-17 18:53:15,200] {dag.py:1818} INFO - Sync 1 DAGs
[2021-03-17 18:53:15,221] {logging_mixin.py:104} INFO - [2021-03-17 18:53:15,220] {dag.py:2273} INFO - Setting next_dagrun for example_skip_dag to 2021-03-15 00:00:00+00:00
[2021-03-17 18:53:15,229] {scheduler_job.py:190} INFO - Processing /Users/harika/Desktop/CSYE_7245/Labs/airflow_tfx_lab/vlab/lib/python3.7/site-packages/airflow/example_dags/example_skip_dag.py took 0.078 seconds
[2021-03-17 18:55:36,510] {scheduler_job.py:182} INFO - Started process (PID=26740) to work on /Users/harika/Desktop/CSYE_7245/Labs/airflow_tfx_lab/vlab/lib/python3.7/site-packages/airflow/example_dags/example_skip_dag.py
[2021-03-17 18:55:36,513] {scheduler_job.py:629} INFO - Processing file /Users/harika/Desktop/CSYE_7245/Labs/airflow_tfx_lab/vlab/lib/python3.7/site-packages/airflow/example_dags/example_skip_dag.py for tasks to queue
[2021-03-17 18:55:36,516] {logging_mixin.py:104} INFO - [2021-03-17 18:55:36,515] {dagbag.py:448} INFO - Filling up the DagBag from /Users/harika/Desktop/CSYE_7245/Labs/airflow_tfx_lab/vlab/lib/python3.7/site-packages/airflow/example_dags/example_skip_dag.py
[2021-03-17 18:55:36,536] {scheduler_job.py:639} INFO - DAG(s) dict_keys(['example_skip_dag']) retrieved from /Users/harika/Desktop/CSYE_7245/Labs/airflow_tfx_lab/vlab/lib/python3.7/site-packages/airflow/example_dags/example_skip_dag.py
[2021-03-17 18:55:36,561] {logging_mixin.py:104} INFO - [2021-03-17 18:55:36,560] {dag.py:1818} INFO - Sync 1 DAGs
[2021-03-17 18:55:36,597] {logging_mixin.py:104} INFO - [2021-03-17 18:55:36,596] {dag.py:2273} INFO - Setting next_dagrun for example_skip_dag to 2021-03-15 00:00:00+00:00
[2021-03-17 18:55:36,616] {scheduler_job.py:190} INFO - Processing /Users/harika/Desktop/CSYE_7245/Labs/airflow_tfx_lab/vlab/lib/python3.7/site-packages/airflow/example_dags/example_skip_dag.py took 0.113 seconds
[2021-03-17 18:56:26,059] {scheduler_job.py:182} INFO - Started process (PID=26804) to work on /Users/harika/Desktop/CSYE_7245/Labs/airflow_tfx_lab/vlab/lib/python3.7/site-packages/airflow/example_dags/example_skip_dag.py
[2021-03-17 18:56:26,074] {scheduler_job.py:629} INFO - Processing file /Users/harika/Desktop/CSYE_7245/Labs/airflow_tfx_lab/vlab/lib/python3.7/site-packages/airflow/example_dags/example_skip_dag.py for tasks to queue
[2021-03-17 18:56:26,077] {logging_mixin.py:104} INFO - [2021-03-17 18:56:26,076] {dagbag.py:448} INFO - Filling up the DagBag from /Users/harika/Desktop/CSYE_7245/Labs/airflow_tfx_lab/vlab/lib/python3.7/site-packages/airflow/example_dags/example_skip_dag.py
[2021-03-17 18:56:26,093] {scheduler_job.py:639} INFO - DAG(s) dict_keys(['example_skip_dag']) retrieved from /Users/harika/Desktop/CSYE_7245/Labs/airflow_tfx_lab/vlab/lib/python3.7/site-packages/airflow/example_dags/example_skip_dag.py
[2021-03-17 18:56:26,133] {logging_mixin.py:104} INFO - [2021-03-17 18:56:26,132] {dag.py:1818} INFO - Sync 1 DAGs
[2021-03-17 18:56:26,162] {logging_mixin.py:104} INFO - [2021-03-17 18:56:26,161] {dag.py:2273} INFO - Setting next_dagrun for example_skip_dag to 2021-03-15 00:00:00+00:00
[2021-03-17 18:56:26,183] {scheduler_job.py:190} INFO - Processing /Users/harika/Desktop/CSYE_7245/Labs/airflow_tfx_lab/vlab/lib/python3.7/site-packages/airflow/example_dags/example_skip_dag.py took 0.130 seconds
[2021-03-17 18:57:09,285] {scheduler_job.py:182} INFO - Started process (PID=26903) to work on /Users/harika/Desktop/CSYE_7245/Labs/airflow_tfx_lab/vlab/lib/python3.7/site-packages/airflow/example_dags/example_skip_dag.py
[2021-03-17 18:57:09,289] {scheduler_job.py:629} INFO - Processing file /Users/harika/Desktop/CSYE_7245/Labs/airflow_tfx_lab/vlab/lib/python3.7/site-packages/airflow/example_dags/example_skip_dag.py for tasks to queue
[2021-03-17 18:57:09,291] {logging_mixin.py:104} INFO - [2021-03-17 18:57:09,290] {dagbag.py:448} INFO - Filling up the DagBag from /Users/harika/Desktop/CSYE_7245/Labs/airflow_tfx_lab/vlab/lib/python3.7/site-packages/airflow/example_dags/example_skip_dag.py
[2021-03-17 18:57:09,304] {scheduler_job.py:639} INFO - DAG(s) dict_keys(['example_skip_dag']) retrieved from /Users/harika/Desktop/CSYE_7245/Labs/airflow_tfx_lab/vlab/lib/python3.7/site-packages/airflow/example_dags/example_skip_dag.py
[2021-03-17 18:57:09,323] {logging_mixin.py:104} INFO - [2021-03-17 18:57:09,323] {dag.py:1818} INFO - Sync 1 DAGs
[2021-03-17 18:57:09,336] {logging_mixin.py:104} INFO - [2021-03-17 18:57:09,335] {dag.py:2273} INFO - Setting next_dagrun for example_skip_dag to 2021-03-15 00:00:00+00:00
[2021-03-17 18:57:09,347] {scheduler_job.py:190} INFO - Processing /Users/harika/Desktop/CSYE_7245/Labs/airflow_tfx_lab/vlab/lib/python3.7/site-packages/airflow/example_dags/example_skip_dag.py took 0.070 seconds
[2021-03-17 18:58:03,847] {scheduler_job.py:182} INFO - Started process (PID=27007) to work on /Users/harika/Desktop/CSYE_7245/Labs/airflow_tfx_lab/vlab/lib/python3.7/site-packages/airflow/example_dags/example_skip_dag.py
[2021-03-17 18:58:03,855] {scheduler_job.py:629} INFO - Processing file /Users/harika/Desktop/CSYE_7245/Labs/airflow_tfx_lab/vlab/lib/python3.7/site-packages/airflow/example_dags/example_skip_dag.py for tasks to queue
[2021-03-17 18:58:03,858] {logging_mixin.py:104} INFO - [2021-03-17 18:58:03,857] {dagbag.py:448} INFO - Filling up the DagBag from /Users/harika/Desktop/CSYE_7245/Labs/airflow_tfx_lab/vlab/lib/python3.7/site-packages/airflow/example_dags/example_skip_dag.py
[2021-03-17 18:58:03,879] {scheduler_job.py:639} INFO - DAG(s) dict_keys(['example_skip_dag']) retrieved from /Users/harika/Desktop/CSYE_7245/Labs/airflow_tfx_lab/vlab/lib/python3.7/site-packages/airflow/example_dags/example_skip_dag.py
[2021-03-17 18:58:03,974] {logging_mixin.py:104} INFO - [2021-03-17 18:58:03,973] {dag.py:1818} INFO - Sync 1 DAGs
[2021-03-17 18:58:04,130] {logging_mixin.py:104} INFO - [2021-03-17 18:58:04,130] {dag.py:2273} INFO - Setting next_dagrun for example_skip_dag to 2021-03-15 00:00:00+00:00
[2021-03-17 18:58:04,176] {scheduler_job.py:190} INFO - Processing /Users/harika/Desktop/CSYE_7245/Labs/airflow_tfx_lab/vlab/lib/python3.7/site-packages/airflow/example_dags/example_skip_dag.py took 0.339 seconds
[2021-03-17 18:58:59,332] {scheduler_job.py:182} INFO - Started process (PID=27083) to work on /Users/harika/Desktop/CSYE_7245/Labs/airflow_tfx_lab/vlab/lib/python3.7/site-packages/airflow/example_dags/example_skip_dag.py
[2021-03-17 18:58:59,334] {scheduler_job.py:629} INFO - Processing file /Users/harika/Desktop/CSYE_7245/Labs/airflow_tfx_lab/vlab/lib/python3.7/site-packages/airflow/example_dags/example_skip_dag.py for tasks to queue
[2021-03-17 18:58:59,336] {logging_mixin.py:104} INFO - [2021-03-17 18:58:59,335] {dagbag.py:448} INFO - Filling up the DagBag from /Users/harika/Desktop/CSYE_7245/Labs/airflow_tfx_lab/vlab/lib/python3.7/site-packages/airflow/example_dags/example_skip_dag.py
[2021-03-17 18:58:59,345] {scheduler_job.py:639} INFO - DAG(s) dict_keys(['example_skip_dag']) retrieved from /Users/harika/Desktop/CSYE_7245/Labs/airflow_tfx_lab/vlab/lib/python3.7/site-packages/airflow/example_dags/example_skip_dag.py
[2021-03-17 18:58:59,378] {logging_mixin.py:104} INFO - [2021-03-17 18:58:59,378] {dag.py:1818} INFO - Sync 1 DAGs
[2021-03-17 18:58:59,391] {logging_mixin.py:104} INFO - [2021-03-17 18:58:59,391] {dag.py:2273} INFO - Setting next_dagrun for example_skip_dag to 2021-03-15 00:00:00+00:00
[2021-03-17 18:58:59,406] {scheduler_job.py:190} INFO - Processing /Users/harika/Desktop/CSYE_7245/Labs/airflow_tfx_lab/vlab/lib/python3.7/site-packages/airflow/example_dags/example_skip_dag.py took 0.079 seconds
[2021-03-17 18:59:52,799] {scheduler_job.py:182} INFO - Started process (PID=27150) to work on /Users/harika/Desktop/CSYE_7245/Labs/airflow_tfx_lab/vlab/lib/python3.7/site-packages/airflow/example_dags/example_skip_dag.py
[2021-03-17 18:59:52,808] {scheduler_job.py:629} INFO - Processing file /Users/harika/Desktop/CSYE_7245/Labs/airflow_tfx_lab/vlab/lib/python3.7/site-packages/airflow/example_dags/example_skip_dag.py for tasks to queue
[2021-03-17 18:59:52,815] {logging_mixin.py:104} INFO - [2021-03-17 18:59:52,813] {dagbag.py:448} INFO - Filling up the DagBag from /Users/harika/Desktop/CSYE_7245/Labs/airflow_tfx_lab/vlab/lib/python3.7/site-packages/airflow/example_dags/example_skip_dag.py
[2021-03-17 18:59:52,843] {scheduler_job.py:639} INFO - DAG(s) dict_keys(['example_skip_dag']) retrieved from /Users/harika/Desktop/CSYE_7245/Labs/airflow_tfx_lab/vlab/lib/python3.7/site-packages/airflow/example_dags/example_skip_dag.py
[2021-03-17 18:59:52,889] {logging_mixin.py:104} INFO - [2021-03-17 18:59:52,887] {dag.py:1818} INFO - Sync 1 DAGs
[2021-03-17 18:59:52,929] {logging_mixin.py:104} INFO - [2021-03-17 18:59:52,928] {dag.py:2273} INFO - Setting next_dagrun for example_skip_dag to 2021-03-15 00:00:00+00:00
[2021-03-17 18:59:52,952] {scheduler_job.py:190} INFO - Processing /Users/harika/Desktop/CSYE_7245/Labs/airflow_tfx_lab/vlab/lib/python3.7/site-packages/airflow/example_dags/example_skip_dag.py took 0.158 seconds
[2021-03-17 19:00:41,472] {scheduler_job.py:182} INFO - Started process (PID=27225) to work on /Users/harika/Desktop/CSYE_7245/Labs/airflow_tfx_lab/vlab/lib/python3.7/site-packages/airflow/example_dags/example_skip_dag.py
[2021-03-17 19:00:41,479] {scheduler_job.py:629} INFO - Processing file /Users/harika/Desktop/CSYE_7245/Labs/airflow_tfx_lab/vlab/lib/python3.7/site-packages/airflow/example_dags/example_skip_dag.py for tasks to queue
[2021-03-17 19:00:41,481] {logging_mixin.py:104} INFO - [2021-03-17 19:00:41,481] {dagbag.py:448} INFO - Filling up the DagBag from /Users/harika/Desktop/CSYE_7245/Labs/airflow_tfx_lab/vlab/lib/python3.7/site-packages/airflow/example_dags/example_skip_dag.py
[2021-03-17 19:00:41,501] {scheduler_job.py:639} INFO - DAG(s) dict_keys(['example_skip_dag']) retrieved from /Users/harika/Desktop/CSYE_7245/Labs/airflow_tfx_lab/vlab/lib/python3.7/site-packages/airflow/example_dags/example_skip_dag.py
[2021-03-17 19:00:41,548] {logging_mixin.py:104} INFO - [2021-03-17 19:00:41,546] {dag.py:1818} INFO - Sync 1 DAGs
[2021-03-17 19:00:41,615] {logging_mixin.py:104} INFO - [2021-03-17 19:00:41,612] {dag.py:2273} INFO - Setting next_dagrun for example_skip_dag to 2021-03-15 00:00:00+00:00
[2021-03-17 19:00:41,659] {scheduler_job.py:190} INFO - Processing /Users/harika/Desktop/CSYE_7245/Labs/airflow_tfx_lab/vlab/lib/python3.7/site-packages/airflow/example_dags/example_skip_dag.py took 0.197 seconds
[2021-03-17 19:01:30,751] {scheduler_job.py:182} INFO - Started process (PID=27330) to work on /Users/harika/Desktop/CSYE_7245/Labs/airflow_tfx_lab/vlab/lib/python3.7/site-packages/airflow/example_dags/example_skip_dag.py
[2021-03-17 19:01:30,754] {scheduler_job.py:629} INFO - Processing file /Users/harika/Desktop/CSYE_7245/Labs/airflow_tfx_lab/vlab/lib/python3.7/site-packages/airflow/example_dags/example_skip_dag.py for tasks to queue
[2021-03-17 19:01:30,756] {logging_mixin.py:104} INFO - [2021-03-17 19:01:30,755] {dagbag.py:448} INFO - Filling up the DagBag from /Users/harika/Desktop/CSYE_7245/Labs/airflow_tfx_lab/vlab/lib/python3.7/site-packages/airflow/example_dags/example_skip_dag.py
[2021-03-17 19:01:30,765] {scheduler_job.py:639} INFO - DAG(s) dict_keys(['example_skip_dag']) retrieved from /Users/harika/Desktop/CSYE_7245/Labs/airflow_tfx_lab/vlab/lib/python3.7/site-packages/airflow/example_dags/example_skip_dag.py
[2021-03-17 19:01:30,792] {logging_mixin.py:104} INFO - [2021-03-17 19:01:30,791] {dag.py:1818} INFO - Sync 1 DAGs
[2021-03-17 19:01:30,810] {logging_mixin.py:104} INFO - [2021-03-17 19:01:30,809] {dag.py:2273} INFO - Setting next_dagrun for example_skip_dag to 2021-03-15 00:00:00+00:00
[2021-03-17 19:01:30,820] {scheduler_job.py:190} INFO - Processing /Users/harika/Desktop/CSYE_7245/Labs/airflow_tfx_lab/vlab/lib/python3.7/site-packages/airflow/example_dags/example_skip_dag.py took 0.074 seconds
[2021-03-17 19:02:23,684] {scheduler_job.py:182} INFO - Started process (PID=27421) to work on /Users/harika/Desktop/CSYE_7245/Labs/airflow_tfx_lab/vlab/lib/python3.7/site-packages/airflow/example_dags/example_skip_dag.py
[2021-03-17 19:02:23,692] {scheduler_job.py:629} INFO - Processing file /Users/harika/Desktop/CSYE_7245/Labs/airflow_tfx_lab/vlab/lib/python3.7/site-packages/airflow/example_dags/example_skip_dag.py for tasks to queue
[2021-03-17 19:02:23,699] {logging_mixin.py:104} INFO - [2021-03-17 19:02:23,698] {dagbag.py:448} INFO - Filling up the DagBag from /Users/harika/Desktop/CSYE_7245/Labs/airflow_tfx_lab/vlab/lib/python3.7/site-packages/airflow/example_dags/example_skip_dag.py
[2021-03-17 19:02:23,720] {scheduler_job.py:639} INFO - DAG(s) dict_keys(['example_skip_dag']) retrieved from /Users/harika/Desktop/CSYE_7245/Labs/airflow_tfx_lab/vlab/lib/python3.7/site-packages/airflow/example_dags/example_skip_dag.py
[2021-03-17 19:02:23,760] {logging_mixin.py:104} INFO - [2021-03-17 19:02:23,759] {dag.py:1818} INFO - Sync 1 DAGs
[2021-03-17 19:02:23,780] {logging_mixin.py:104} INFO - [2021-03-17 19:02:23,779] {dag.py:2273} INFO - Setting next_dagrun for example_skip_dag to 2021-03-15 00:00:00+00:00
[2021-03-17 19:02:23,796] {scheduler_job.py:190} INFO - Processing /Users/harika/Desktop/CSYE_7245/Labs/airflow_tfx_lab/vlab/lib/python3.7/site-packages/airflow/example_dags/example_skip_dag.py took 0.125 seconds
[2021-03-17 19:03:05,248] {scheduler_job.py:182} INFO - Started process (PID=27533) to work on /Users/harika/Desktop/CSYE_7245/Labs/airflow_tfx_lab/vlab/lib/python3.7/site-packages/airflow/example_dags/example_skip_dag.py
[2021-03-17 19:03:05,251] {scheduler_job.py:629} INFO - Processing file /Users/harika/Desktop/CSYE_7245/Labs/airflow_tfx_lab/vlab/lib/python3.7/site-packages/airflow/example_dags/example_skip_dag.py for tasks to queue
[2021-03-17 19:03:05,253] {logging_mixin.py:104} INFO - [2021-03-17 19:03:05,253] {dagbag.py:448} INFO - Filling up the DagBag from /Users/harika/Desktop/CSYE_7245/Labs/airflow_tfx_lab/vlab/lib/python3.7/site-packages/airflow/example_dags/example_skip_dag.py
[2021-03-17 19:03:05,268] {scheduler_job.py:639} INFO - DAG(s) dict_keys(['example_skip_dag']) retrieved from /Users/harika/Desktop/CSYE_7245/Labs/airflow_tfx_lab/vlab/lib/python3.7/site-packages/airflow/example_dags/example_skip_dag.py
[2021-03-17 19:03:05,304] {logging_mixin.py:104} INFO - [2021-03-17 19:03:05,303] {dag.py:1818} INFO - Sync 1 DAGs
[2021-03-17 19:03:05,347] {logging_mixin.py:104} INFO - [2021-03-17 19:03:05,344] {dag.py:2273} INFO - Setting next_dagrun for example_skip_dag to 2021-03-15 00:00:00+00:00
[2021-03-17 19:03:05,380] {scheduler_job.py:190} INFO - Processing /Users/harika/Desktop/CSYE_7245/Labs/airflow_tfx_lab/vlab/lib/python3.7/site-packages/airflow/example_dags/example_skip_dag.py took 0.137 seconds
[2021-03-17 19:03:57,602] {scheduler_job.py:182} INFO - Started process (PID=27644) to work on /Users/harika/Desktop/CSYE_7245/Labs/airflow_tfx_lab/vlab/lib/python3.7/site-packages/airflow/example_dags/example_skip_dag.py
[2021-03-17 19:03:57,605] {scheduler_job.py:629} INFO - Processing file /Users/harika/Desktop/CSYE_7245/Labs/airflow_tfx_lab/vlab/lib/python3.7/site-packages/airflow/example_dags/example_skip_dag.py for tasks to queue
[2021-03-17 19:03:57,613] {logging_mixin.py:104} INFO - [2021-03-17 19:03:57,610] {dagbag.py:448} INFO - Filling up the DagBag from /Users/harika/Desktop/CSYE_7245/Labs/airflow_tfx_lab/vlab/lib/python3.7/site-packages/airflow/example_dags/example_skip_dag.py
[2021-03-17 19:03:57,652] {scheduler_job.py:639} INFO - DAG(s) dict_keys(['example_skip_dag']) retrieved from /Users/harika/Desktop/CSYE_7245/Labs/airflow_tfx_lab/vlab/lib/python3.7/site-packages/airflow/example_dags/example_skip_dag.py
[2021-03-17 19:03:57,710] {logging_mixin.py:104} INFO - [2021-03-17 19:03:57,709] {dag.py:1818} INFO - Sync 1 DAGs
[2021-03-17 19:03:57,742] {logging_mixin.py:104} INFO - [2021-03-17 19:03:57,741] {dag.py:2273} INFO - Setting next_dagrun for example_skip_dag to 2021-03-15 00:00:00+00:00
[2021-03-17 19:03:57,785] {scheduler_job.py:190} INFO - Processing /Users/harika/Desktop/CSYE_7245/Labs/airflow_tfx_lab/vlab/lib/python3.7/site-packages/airflow/example_dags/example_skip_dag.py took 0.199 seconds
[2021-03-17 19:04:44,824] {scheduler_job.py:182} INFO - Started process (PID=27707) to work on /Users/harika/Desktop/CSYE_7245/Labs/airflow_tfx_lab/vlab/lib/python3.7/site-packages/airflow/example_dags/example_skip_dag.py
[2021-03-17 19:04:44,833] {scheduler_job.py:629} INFO - Processing file /Users/harika/Desktop/CSYE_7245/Labs/airflow_tfx_lab/vlab/lib/python3.7/site-packages/airflow/example_dags/example_skip_dag.py for tasks to queue
[2021-03-17 19:04:44,840] {logging_mixin.py:104} INFO - [2021-03-17 19:04:44,839] {dagbag.py:448} INFO - Filling up the DagBag from /Users/harika/Desktop/CSYE_7245/Labs/airflow_tfx_lab/vlab/lib/python3.7/site-packages/airflow/example_dags/example_skip_dag.py
[2021-03-17 19:04:44,882] {scheduler_job.py:639} INFO - DAG(s) dict_keys(['example_skip_dag']) retrieved from /Users/harika/Desktop/CSYE_7245/Labs/airflow_tfx_lab/vlab/lib/python3.7/site-packages/airflow/example_dags/example_skip_dag.py
[2021-03-17 19:04:44,964] {logging_mixin.py:104} INFO - [2021-03-17 19:04:44,962] {dag.py:1818} INFO - Sync 1 DAGs
[2021-03-17 19:04:45,047] {logging_mixin.py:104} INFO - [2021-03-17 19:04:45,042] {dag.py:2273} INFO - Setting next_dagrun for example_skip_dag to 2021-03-15 00:00:00+00:00
[2021-03-17 19:04:45,098] {scheduler_job.py:190} INFO - Processing /Users/harika/Desktop/CSYE_7245/Labs/airflow_tfx_lab/vlab/lib/python3.7/site-packages/airflow/example_dags/example_skip_dag.py took 0.307 seconds
[2021-03-17 19:05:30,706] {scheduler_job.py:182} INFO - Started process (PID=27786) to work on /Users/harika/Desktop/CSYE_7245/Labs/airflow_tfx_lab/vlab/lib/python3.7/site-packages/airflow/example_dags/example_skip_dag.py
[2021-03-17 19:05:30,710] {scheduler_job.py:629} INFO - Processing file /Users/harika/Desktop/CSYE_7245/Labs/airflow_tfx_lab/vlab/lib/python3.7/site-packages/airflow/example_dags/example_skip_dag.py for tasks to queue
[2021-03-17 19:05:30,712] {logging_mixin.py:104} INFO - [2021-03-17 19:05:30,711] {dagbag.py:448} INFO - Filling up the DagBag from /Users/harika/Desktop/CSYE_7245/Labs/airflow_tfx_lab/vlab/lib/python3.7/site-packages/airflow/example_dags/example_skip_dag.py
[2021-03-17 19:05:30,733] {scheduler_job.py:639} INFO - DAG(s) dict_keys(['example_skip_dag']) retrieved from /Users/harika/Desktop/CSYE_7245/Labs/airflow_tfx_lab/vlab/lib/python3.7/site-packages/airflow/example_dags/example_skip_dag.py
[2021-03-17 19:05:30,755] {logging_mixin.py:104} INFO - [2021-03-17 19:05:30,755] {dag.py:1818} INFO - Sync 1 DAGs
[2021-03-17 19:05:30,774] {logging_mixin.py:104} INFO - [2021-03-17 19:05:30,773] {dag.py:2273} INFO - Setting next_dagrun for example_skip_dag to 2021-03-15 00:00:00+00:00
[2021-03-17 19:05:30,784] {scheduler_job.py:190} INFO - Processing /Users/harika/Desktop/CSYE_7245/Labs/airflow_tfx_lab/vlab/lib/python3.7/site-packages/airflow/example_dags/example_skip_dag.py took 0.088 seconds
[2021-03-17 19:06:18,915] {scheduler_job.py:182} INFO - Started process (PID=27906) to work on /Users/harika/Desktop/CSYE_7245/Labs/airflow_tfx_lab/vlab/lib/python3.7/site-packages/airflow/example_dags/example_skip_dag.py
[2021-03-17 19:06:18,921] {scheduler_job.py:629} INFO - Processing file /Users/harika/Desktop/CSYE_7245/Labs/airflow_tfx_lab/vlab/lib/python3.7/site-packages/airflow/example_dags/example_skip_dag.py for tasks to queue
[2021-03-17 19:06:18,924] {logging_mixin.py:104} INFO - [2021-03-17 19:06:18,923] {dagbag.py:448} INFO - Filling up the DagBag from /Users/harika/Desktop/CSYE_7245/Labs/airflow_tfx_lab/vlab/lib/python3.7/site-packages/airflow/example_dags/example_skip_dag.py
[2021-03-17 19:06:18,937] {scheduler_job.py:639} INFO - DAG(s) dict_keys(['example_skip_dag']) retrieved from /Users/harika/Desktop/CSYE_7245/Labs/airflow_tfx_lab/vlab/lib/python3.7/site-packages/airflow/example_dags/example_skip_dag.py
[2021-03-17 19:06:18,971] {logging_mixin.py:104} INFO - [2021-03-17 19:06:18,971] {dag.py:1818} INFO - Sync 1 DAGs
[2021-03-17 19:06:19,000] {logging_mixin.py:104} INFO - [2021-03-17 19:06:18,999] {dag.py:2273} INFO - Setting next_dagrun for example_skip_dag to 2021-03-15 00:00:00+00:00
[2021-03-17 19:06:19,010] {scheduler_job.py:190} INFO - Processing /Users/harika/Desktop/CSYE_7245/Labs/airflow_tfx_lab/vlab/lib/python3.7/site-packages/airflow/example_dags/example_skip_dag.py took 0.104 seconds
[2021-03-17 19:14:03,048] {scheduler_job.py:182} INFO - Started process (PID=28373) to work on /Users/harika/Desktop/CSYE_7245/Labs/airflow_tfx_lab/vlab/lib/python3.7/site-packages/airflow/example_dags/example_skip_dag.py
[2021-03-17 19:14:03,051] {scheduler_job.py:629} INFO - Processing file /Users/harika/Desktop/CSYE_7245/Labs/airflow_tfx_lab/vlab/lib/python3.7/site-packages/airflow/example_dags/example_skip_dag.py for tasks to queue
[2021-03-17 19:14:03,052] {logging_mixin.py:104} INFO - [2021-03-17 19:14:03,052] {dagbag.py:448} INFO - Filling up the DagBag from /Users/harika/Desktop/CSYE_7245/Labs/airflow_tfx_lab/vlab/lib/python3.7/site-packages/airflow/example_dags/example_skip_dag.py
[2021-03-17 19:14:03,067] {scheduler_job.py:639} INFO - DAG(s) dict_keys(['example_skip_dag']) retrieved from /Users/harika/Desktop/CSYE_7245/Labs/airflow_tfx_lab/vlab/lib/python3.7/site-packages/airflow/example_dags/example_skip_dag.py
[2021-03-17 19:14:03,089] {logging_mixin.py:104} INFO - [2021-03-17 19:14:03,088] {dag.py:1818} INFO - Sync 1 DAGs
[2021-03-17 19:14:03,116] {logging_mixin.py:104} INFO - [2021-03-17 19:14:03,115] {dag.py:2273} INFO - Setting next_dagrun for example_skip_dag to 2021-03-15 00:00:00+00:00
[2021-03-17 19:14:03,138] {scheduler_job.py:190} INFO - Processing /Users/harika/Desktop/CSYE_7245/Labs/airflow_tfx_lab/vlab/lib/python3.7/site-packages/airflow/example_dags/example_skip_dag.py took 0.097 seconds
[2021-03-17 19:14:51,624] {scheduler_job.py:182} INFO - Started process (PID=28439) to work on /Users/harika/Desktop/CSYE_7245/Labs/airflow_tfx_lab/vlab/lib/python3.7/site-packages/airflow/example_dags/example_skip_dag.py
[2021-03-17 19:14:51,627] {scheduler_job.py:629} INFO - Processing file /Users/harika/Desktop/CSYE_7245/Labs/airflow_tfx_lab/vlab/lib/python3.7/site-packages/airflow/example_dags/example_skip_dag.py for tasks to queue
[2021-03-17 19:14:51,629] {logging_mixin.py:104} INFO - [2021-03-17 19:14:51,629] {dagbag.py:448} INFO - Filling up the DagBag from /Users/harika/Desktop/CSYE_7245/Labs/airflow_tfx_lab/vlab/lib/python3.7/site-packages/airflow/example_dags/example_skip_dag.py
[2021-03-17 19:14:51,648] {scheduler_job.py:639} INFO - DAG(s) dict_keys(['example_skip_dag']) retrieved from /Users/harika/Desktop/CSYE_7245/Labs/airflow_tfx_lab/vlab/lib/python3.7/site-packages/airflow/example_dags/example_skip_dag.py
[2021-03-17 19:14:51,675] {logging_mixin.py:104} INFO - [2021-03-17 19:14:51,674] {dag.py:1818} INFO - Sync 1 DAGs
[2021-03-17 19:14:51,704] {logging_mixin.py:104} INFO - [2021-03-17 19:14:51,704] {dag.py:2273} INFO - Setting next_dagrun for example_skip_dag to 2021-03-15 00:00:00+00:00
[2021-03-17 19:14:51,719] {scheduler_job.py:190} INFO - Processing /Users/harika/Desktop/CSYE_7245/Labs/airflow_tfx_lab/vlab/lib/python3.7/site-packages/airflow/example_dags/example_skip_dag.py took 0.100 seconds
[2021-03-17 19:15:36,686] {scheduler_job.py:182} INFO - Started process (PID=28559) to work on /Users/harika/Desktop/CSYE_7245/Labs/airflow_tfx_lab/vlab/lib/python3.7/site-packages/airflow/example_dags/example_skip_dag.py
[2021-03-17 19:15:36,689] {scheduler_job.py:629} INFO - Processing file /Users/harika/Desktop/CSYE_7245/Labs/airflow_tfx_lab/vlab/lib/python3.7/site-packages/airflow/example_dags/example_skip_dag.py for tasks to queue
[2021-03-17 19:15:36,691] {logging_mixin.py:104} INFO - [2021-03-17 19:15:36,690] {dagbag.py:448} INFO - Filling up the DagBag from /Users/harika/Desktop/CSYE_7245/Labs/airflow_tfx_lab/vlab/lib/python3.7/site-packages/airflow/example_dags/example_skip_dag.py
[2021-03-17 19:15:36,707] {scheduler_job.py:639} INFO - DAG(s) dict_keys(['example_skip_dag']) retrieved from /Users/harika/Desktop/CSYE_7245/Labs/airflow_tfx_lab/vlab/lib/python3.7/site-packages/airflow/example_dags/example_skip_dag.py
[2021-03-17 19:15:36,735] {logging_mixin.py:104} INFO - [2021-03-17 19:15:36,735] {dag.py:1818} INFO - Sync 1 DAGs
[2021-03-17 19:15:36,760] {logging_mixin.py:104} INFO - [2021-03-17 19:15:36,759] {dag.py:2273} INFO - Setting next_dagrun for example_skip_dag to 2021-03-15 00:00:00+00:00
[2021-03-17 19:15:36,771] {scheduler_job.py:190} INFO - Processing /Users/harika/Desktop/CSYE_7245/Labs/airflow_tfx_lab/vlab/lib/python3.7/site-packages/airflow/example_dags/example_skip_dag.py took 0.090 seconds
[2021-03-17 19:16:17,971] {scheduler_job.py:182} INFO - Started process (PID=28651) to work on /Users/harika/Desktop/CSYE_7245/Labs/airflow_tfx_lab/vlab/lib/python3.7/site-packages/airflow/example_dags/example_skip_dag.py
[2021-03-17 19:16:17,974] {scheduler_job.py:629} INFO - Processing file /Users/harika/Desktop/CSYE_7245/Labs/airflow_tfx_lab/vlab/lib/python3.7/site-packages/airflow/example_dags/example_skip_dag.py for tasks to queue
[2021-03-17 19:16:17,976] {logging_mixin.py:104} INFO - [2021-03-17 19:16:17,976] {dagbag.py:448} INFO - Filling up the DagBag from /Users/harika/Desktop/CSYE_7245/Labs/airflow_tfx_lab/vlab/lib/python3.7/site-packages/airflow/example_dags/example_skip_dag.py
[2021-03-17 19:16:18,007] {scheduler_job.py:639} INFO - DAG(s) dict_keys(['example_skip_dag']) retrieved from /Users/harika/Desktop/CSYE_7245/Labs/airflow_tfx_lab/vlab/lib/python3.7/site-packages/airflow/example_dags/example_skip_dag.py
[2021-03-17 19:16:18,033] {logging_mixin.py:104} INFO - [2021-03-17 19:16:18,032] {dag.py:1818} INFO - Sync 1 DAGs
[2021-03-17 19:16:18,054] {logging_mixin.py:104} INFO - [2021-03-17 19:16:18,054] {dag.py:2273} INFO - Setting next_dagrun for example_skip_dag to 2021-03-15 00:00:00+00:00
[2021-03-17 19:16:18,070] {scheduler_job.py:190} INFO - Processing /Users/harika/Desktop/CSYE_7245/Labs/airflow_tfx_lab/vlab/lib/python3.7/site-packages/airflow/example_dags/example_skip_dag.py took 0.104 seconds
[2021-03-17 19:22:10,772] {scheduler_job.py:182} INFO - Started process (PID=28904) to work on /Users/harika/Desktop/CSYE_7245/Labs/airflow_tfx_lab/vlab/lib/python3.7/site-packages/airflow/example_dags/example_skip_dag.py
[2021-03-17 19:22:10,775] {scheduler_job.py:629} INFO - Processing file /Users/harika/Desktop/CSYE_7245/Labs/airflow_tfx_lab/vlab/lib/python3.7/site-packages/airflow/example_dags/example_skip_dag.py for tasks to queue
[2021-03-17 19:22:10,776] {logging_mixin.py:104} INFO - [2021-03-17 19:22:10,776] {dagbag.py:448} INFO - Filling up the DagBag from /Users/harika/Desktop/CSYE_7245/Labs/airflow_tfx_lab/vlab/lib/python3.7/site-packages/airflow/example_dags/example_skip_dag.py
[2021-03-17 19:22:10,793] {scheduler_job.py:639} INFO - DAG(s) dict_keys(['example_skip_dag']) retrieved from /Users/harika/Desktop/CSYE_7245/Labs/airflow_tfx_lab/vlab/lib/python3.7/site-packages/airflow/example_dags/example_skip_dag.py
[2021-03-17 19:22:10,815] {logging_mixin.py:104} INFO - [2021-03-17 19:22:10,815] {dag.py:1818} INFO - Sync 1 DAGs
[2021-03-17 19:22:10,832] {logging_mixin.py:104} INFO - [2021-03-17 19:22:10,831] {dag.py:2273} INFO - Setting next_dagrun for example_skip_dag to 2021-03-15 00:00:00+00:00
[2021-03-17 19:22:10,841] {scheduler_job.py:190} INFO - Processing /Users/harika/Desktop/CSYE_7245/Labs/airflow_tfx_lab/vlab/lib/python3.7/site-packages/airflow/example_dags/example_skip_dag.py took 0.075 seconds
[2021-03-17 19:22:52,943] {scheduler_job.py:182} INFO - Started process (PID=28933) to work on /Users/harika/Desktop/CSYE_7245/Labs/airflow_tfx_lab/vlab/lib/python3.7/site-packages/airflow/example_dags/example_skip_dag.py
[2021-03-17 19:22:52,945] {scheduler_job.py:629} INFO - Processing file /Users/harika/Desktop/CSYE_7245/Labs/airflow_tfx_lab/vlab/lib/python3.7/site-packages/airflow/example_dags/example_skip_dag.py for tasks to queue
[2021-03-17 19:22:52,947] {logging_mixin.py:104} INFO - [2021-03-17 19:22:52,947] {dagbag.py:448} INFO - Filling up the DagBag from /Users/harika/Desktop/CSYE_7245/Labs/airflow_tfx_lab/vlab/lib/python3.7/site-packages/airflow/example_dags/example_skip_dag.py
[2021-03-17 19:22:52,962] {scheduler_job.py:639} INFO - DAG(s) dict_keys(['example_skip_dag']) retrieved from /Users/harika/Desktop/CSYE_7245/Labs/airflow_tfx_lab/vlab/lib/python3.7/site-packages/airflow/example_dags/example_skip_dag.py
[2021-03-17 19:22:52,978] {logging_mixin.py:104} INFO - [2021-03-17 19:22:52,978] {dag.py:1818} INFO - Sync 1 DAGs
[2021-03-17 19:22:53,000] {logging_mixin.py:104} INFO - [2021-03-17 19:22:52,999] {dag.py:2273} INFO - Setting next_dagrun for example_skip_dag to 2021-03-15 00:00:00+00:00
[2021-03-17 19:22:53,011] {scheduler_job.py:190} INFO - Processing /Users/harika/Desktop/CSYE_7245/Labs/airflow_tfx_lab/vlab/lib/python3.7/site-packages/airflow/example_dags/example_skip_dag.py took 0.073 seconds
[2021-03-17 19:23:36,731] {scheduler_job.py:182} INFO - Started process (PID=28965) to work on /Users/harika/Desktop/CSYE_7245/Labs/airflow_tfx_lab/vlab/lib/python3.7/site-packages/airflow/example_dags/example_skip_dag.py
[2021-03-17 19:23:36,737] {scheduler_job.py:629} INFO - Processing file /Users/harika/Desktop/CSYE_7245/Labs/airflow_tfx_lab/vlab/lib/python3.7/site-packages/airflow/example_dags/example_skip_dag.py for tasks to queue
[2021-03-17 19:23:36,740] {logging_mixin.py:104} INFO - [2021-03-17 19:23:36,739] {dagbag.py:448} INFO - Filling up the DagBag from /Users/harika/Desktop/CSYE_7245/Labs/airflow_tfx_lab/vlab/lib/python3.7/site-packages/airflow/example_dags/example_skip_dag.py
[2021-03-17 19:23:36,767] {scheduler_job.py:639} INFO - DAG(s) dict_keys(['example_skip_dag']) retrieved from /Users/harika/Desktop/CSYE_7245/Labs/airflow_tfx_lab/vlab/lib/python3.7/site-packages/airflow/example_dags/example_skip_dag.py
[2021-03-17 19:23:36,793] {logging_mixin.py:104} INFO - [2021-03-17 19:23:36,792] {dag.py:1818} INFO - Sync 1 DAGs
[2021-03-17 19:23:36,823] {logging_mixin.py:104} INFO - [2021-03-17 19:23:36,822] {dag.py:2273} INFO - Setting next_dagrun for example_skip_dag to 2021-03-15 00:00:00+00:00
[2021-03-17 19:23:36,841] {scheduler_job.py:190} INFO - Processing /Users/harika/Desktop/CSYE_7245/Labs/airflow_tfx_lab/vlab/lib/python3.7/site-packages/airflow/example_dags/example_skip_dag.py took 0.127 seconds
[2021-03-17 19:24:17,057] {scheduler_job.py:182} INFO - Started process (PID=28995) to work on /Users/harika/Desktop/CSYE_7245/Labs/airflow_tfx_lab/vlab/lib/python3.7/site-packages/airflow/example_dags/example_skip_dag.py
[2021-03-17 19:24:17,059] {scheduler_job.py:629} INFO - Processing file /Users/harika/Desktop/CSYE_7245/Labs/airflow_tfx_lab/vlab/lib/python3.7/site-packages/airflow/example_dags/example_skip_dag.py for tasks to queue
[2021-03-17 19:24:17,061] {logging_mixin.py:104} INFO - [2021-03-17 19:24:17,060] {dagbag.py:448} INFO - Filling up the DagBag from /Users/harika/Desktop/CSYE_7245/Labs/airflow_tfx_lab/vlab/lib/python3.7/site-packages/airflow/example_dags/example_skip_dag.py
[2021-03-17 19:24:17,075] {scheduler_job.py:639} INFO - DAG(s) dict_keys(['example_skip_dag']) retrieved from /Users/harika/Desktop/CSYE_7245/Labs/airflow_tfx_lab/vlab/lib/python3.7/site-packages/airflow/example_dags/example_skip_dag.py
[2021-03-17 19:24:17,091] {logging_mixin.py:104} INFO - [2021-03-17 19:24:17,091] {dag.py:1818} INFO - Sync 1 DAGs
[2021-03-17 19:24:17,112] {logging_mixin.py:104} INFO - [2021-03-17 19:24:17,111] {dag.py:2273} INFO - Setting next_dagrun for example_skip_dag to 2021-03-15 00:00:00+00:00
[2021-03-17 19:24:17,124] {scheduler_job.py:190} INFO - Processing /Users/harika/Desktop/CSYE_7245/Labs/airflow_tfx_lab/vlab/lib/python3.7/site-packages/airflow/example_dags/example_skip_dag.py took 0.073 seconds
[2021-03-17 19:25:38,626] {scheduler_job.py:182} INFO - Started process (PID=29064) to work on /Users/harika/Desktop/CSYE_7245/Labs/airflow_tfx_lab/vlab/lib/python3.7/site-packages/airflow/example_dags/example_skip_dag.py
[2021-03-17 19:25:38,629] {scheduler_job.py:629} INFO - Processing file /Users/harika/Desktop/CSYE_7245/Labs/airflow_tfx_lab/vlab/lib/python3.7/site-packages/airflow/example_dags/example_skip_dag.py for tasks to queue
[2021-03-17 19:25:38,637] {logging_mixin.py:104} INFO - [2021-03-17 19:25:38,634] {dagbag.py:448} INFO - Filling up the DagBag from /Users/harika/Desktop/CSYE_7245/Labs/airflow_tfx_lab/vlab/lib/python3.7/site-packages/airflow/example_dags/example_skip_dag.py
[2021-03-17 19:25:38,664] {scheduler_job.py:639} INFO - DAG(s) dict_keys(['example_skip_dag']) retrieved from /Users/harika/Desktop/CSYE_7245/Labs/airflow_tfx_lab/vlab/lib/python3.7/site-packages/airflow/example_dags/example_skip_dag.py
[2021-03-17 19:25:38,703] {logging_mixin.py:104} INFO - [2021-03-17 19:25:38,702] {dag.py:1818} INFO - Sync 1 DAGs
[2021-03-17 19:25:38,725] {logging_mixin.py:104} INFO - [2021-03-17 19:25:38,725] {dag.py:2273} INFO - Setting next_dagrun for example_skip_dag to 2021-03-15 00:00:00+00:00
[2021-03-17 19:25:38,776] {scheduler_job.py:190} INFO - Processing /Users/harika/Desktop/CSYE_7245/Labs/airflow_tfx_lab/vlab/lib/python3.7/site-packages/airflow/example_dags/example_skip_dag.py took 0.158 seconds
[2021-03-17 19:26:51,905] {scheduler_job.py:182} INFO - Started process (PID=29105) to work on /Users/harika/Desktop/CSYE_7245/Labs/airflow_tfx_lab/vlab/lib/python3.7/site-packages/airflow/example_dags/example_skip_dag.py
[2021-03-17 19:26:51,910] {scheduler_job.py:629} INFO - Processing file /Users/harika/Desktop/CSYE_7245/Labs/airflow_tfx_lab/vlab/lib/python3.7/site-packages/airflow/example_dags/example_skip_dag.py for tasks to queue
[2021-03-17 19:26:51,913] {logging_mixin.py:104} INFO - [2021-03-17 19:26:51,912] {dagbag.py:448} INFO - Filling up the DagBag from /Users/harika/Desktop/CSYE_7245/Labs/airflow_tfx_lab/vlab/lib/python3.7/site-packages/airflow/example_dags/example_skip_dag.py
[2021-03-17 19:26:51,954] {scheduler_job.py:639} INFO - DAG(s) dict_keys(['example_skip_dag']) retrieved from /Users/harika/Desktop/CSYE_7245/Labs/airflow_tfx_lab/vlab/lib/python3.7/site-packages/airflow/example_dags/example_skip_dag.py
[2021-03-17 19:26:51,984] {logging_mixin.py:104} INFO - [2021-03-17 19:26:51,984] {dag.py:1818} INFO - Sync 1 DAGs
[2021-03-17 19:26:52,008] {logging_mixin.py:104} INFO - [2021-03-17 19:26:52,007] {dag.py:2273} INFO - Setting next_dagrun for example_skip_dag to 2021-03-15 00:00:00+00:00
[2021-03-17 19:26:52,021] {scheduler_job.py:190} INFO - Processing /Users/harika/Desktop/CSYE_7245/Labs/airflow_tfx_lab/vlab/lib/python3.7/site-packages/airflow/example_dags/example_skip_dag.py took 0.121 seconds
[2021-03-17 19:29:44,110] {scheduler_job.py:182} INFO - Started process (PID=29189) to work on /Users/harika/Desktop/CSYE_7245/Labs/airflow_tfx_lab/vlab/lib/python3.7/site-packages/airflow/example_dags/example_skip_dag.py
[2021-03-17 19:29:44,114] {scheduler_job.py:629} INFO - Processing file /Users/harika/Desktop/CSYE_7245/Labs/airflow_tfx_lab/vlab/lib/python3.7/site-packages/airflow/example_dags/example_skip_dag.py for tasks to queue
[2021-03-17 19:29:44,116] {logging_mixin.py:104} INFO - [2021-03-17 19:29:44,116] {dagbag.py:448} INFO - Filling up the DagBag from /Users/harika/Desktop/CSYE_7245/Labs/airflow_tfx_lab/vlab/lib/python3.7/site-packages/airflow/example_dags/example_skip_dag.py
[2021-03-17 19:29:44,134] {scheduler_job.py:639} INFO - DAG(s) dict_keys(['example_skip_dag']) retrieved from /Users/harika/Desktop/CSYE_7245/Labs/airflow_tfx_lab/vlab/lib/python3.7/site-packages/airflow/example_dags/example_skip_dag.py
[2021-03-17 19:29:44,152] {logging_mixin.py:104} INFO - [2021-03-17 19:29:44,151] {dag.py:1818} INFO - Sync 1 DAGs
[2021-03-17 19:29:44,175] {logging_mixin.py:104} INFO - [2021-03-17 19:29:44,175] {dag.py:2273} INFO - Setting next_dagrun for example_skip_dag to 2021-03-15 00:00:00+00:00
[2021-03-17 19:29:44,188] {scheduler_job.py:190} INFO - Processing /Users/harika/Desktop/CSYE_7245/Labs/airflow_tfx_lab/vlab/lib/python3.7/site-packages/airflow/example_dags/example_skip_dag.py took 0.084 seconds
[2021-03-17 19:30:27,374] {scheduler_job.py:182} INFO - Started process (PID=29271) to work on /Users/harika/Desktop/CSYE_7245/Labs/airflow_tfx_lab/vlab/lib/python3.7/site-packages/airflow/example_dags/example_skip_dag.py
[2021-03-17 19:30:27,376] {scheduler_job.py:629} INFO - Processing file /Users/harika/Desktop/CSYE_7245/Labs/airflow_tfx_lab/vlab/lib/python3.7/site-packages/airflow/example_dags/example_skip_dag.py for tasks to queue
[2021-03-17 19:30:27,377] {logging_mixin.py:104} INFO - [2021-03-17 19:30:27,377] {dagbag.py:448} INFO - Filling up the DagBag from /Users/harika/Desktop/CSYE_7245/Labs/airflow_tfx_lab/vlab/lib/python3.7/site-packages/airflow/example_dags/example_skip_dag.py
[2021-03-17 19:30:27,405] {scheduler_job.py:639} INFO - DAG(s) dict_keys(['example_skip_dag']) retrieved from /Users/harika/Desktop/CSYE_7245/Labs/airflow_tfx_lab/vlab/lib/python3.7/site-packages/airflow/example_dags/example_skip_dag.py
[2021-03-17 19:30:27,423] {logging_mixin.py:104} INFO - [2021-03-17 19:30:27,422] {dag.py:1818} INFO - Sync 1 DAGs
[2021-03-17 19:30:27,438] {logging_mixin.py:104} INFO - [2021-03-17 19:30:27,438] {dag.py:2273} INFO - Setting next_dagrun for example_skip_dag to 2021-03-15 00:00:00+00:00
[2021-03-17 19:30:27,447] {scheduler_job.py:190} INFO - Processing /Users/harika/Desktop/CSYE_7245/Labs/airflow_tfx_lab/vlab/lib/python3.7/site-packages/airflow/example_dags/example_skip_dag.py took 0.077 seconds
[2021-03-17 19:31:11,804] {scheduler_job.py:182} INFO - Started process (PID=29374) to work on /Users/harika/Desktop/CSYE_7245/Labs/airflow_tfx_lab/vlab/lib/python3.7/site-packages/airflow/example_dags/example_skip_dag.py
[2021-03-17 19:31:11,807] {scheduler_job.py:629} INFO - Processing file /Users/harika/Desktop/CSYE_7245/Labs/airflow_tfx_lab/vlab/lib/python3.7/site-packages/airflow/example_dags/example_skip_dag.py for tasks to queue
[2021-03-17 19:31:11,809] {logging_mixin.py:104} INFO - [2021-03-17 19:31:11,808] {dagbag.py:448} INFO - Filling up the DagBag from /Users/harika/Desktop/CSYE_7245/Labs/airflow_tfx_lab/vlab/lib/python3.7/site-packages/airflow/example_dags/example_skip_dag.py
[2021-03-17 19:31:11,842] {scheduler_job.py:639} INFO - DAG(s) dict_keys(['example_skip_dag']) retrieved from /Users/harika/Desktop/CSYE_7245/Labs/airflow_tfx_lab/vlab/lib/python3.7/site-packages/airflow/example_dags/example_skip_dag.py
[2021-03-17 19:31:11,876] {logging_mixin.py:104} INFO - [2021-03-17 19:31:11,876] {dag.py:1818} INFO - Sync 1 DAGs
[2021-03-17 19:31:11,937] {logging_mixin.py:104} INFO - [2021-03-17 19:31:11,937] {dag.py:2273} INFO - Setting next_dagrun for example_skip_dag to 2021-03-15 00:00:00+00:00
[2021-03-17 19:31:11,948] {scheduler_job.py:190} INFO - Processing /Users/harika/Desktop/CSYE_7245/Labs/airflow_tfx_lab/vlab/lib/python3.7/site-packages/airflow/example_dags/example_skip_dag.py took 0.155 seconds
[2021-03-17 19:32:08,814] {scheduler_job.py:182} INFO - Started process (PID=29441) to work on /Users/harika/Desktop/CSYE_7245/Labs/airflow_tfx_lab/vlab/lib/python3.7/site-packages/airflow/example_dags/example_skip_dag.py
[2021-03-17 19:32:08,820] {scheduler_job.py:629} INFO - Processing file /Users/harika/Desktop/CSYE_7245/Labs/airflow_tfx_lab/vlab/lib/python3.7/site-packages/airflow/example_dags/example_skip_dag.py for tasks to queue
[2021-03-17 19:32:08,828] {logging_mixin.py:104} INFO - [2021-03-17 19:32:08,822] {dagbag.py:448} INFO - Filling up the DagBag from /Users/harika/Desktop/CSYE_7245/Labs/airflow_tfx_lab/vlab/lib/python3.7/site-packages/airflow/example_dags/example_skip_dag.py
[2021-03-17 19:32:08,891] {scheduler_job.py:639} INFO - DAG(s) dict_keys(['example_skip_dag']) retrieved from /Users/harika/Desktop/CSYE_7245/Labs/airflow_tfx_lab/vlab/lib/python3.7/site-packages/airflow/example_dags/example_skip_dag.py
[2021-03-17 19:32:09,076] {logging_mixin.py:104} INFO - [2021-03-17 19:32:09,075] {dag.py:1818} INFO - Sync 1 DAGs
[2021-03-17 19:32:09,110] {logging_mixin.py:104} INFO - [2021-03-17 19:32:09,110] {dag.py:2273} INFO - Setting next_dagrun for example_skip_dag to 2021-03-15 00:00:00+00:00
[2021-03-17 19:32:09,128] {scheduler_job.py:190} INFO - Processing /Users/harika/Desktop/CSYE_7245/Labs/airflow_tfx_lab/vlab/lib/python3.7/site-packages/airflow/example_dags/example_skip_dag.py took 0.336 seconds
[2021-03-17 19:33:15,522] {scheduler_job.py:182} INFO - Started process (PID=29531) to work on /Users/harika/Desktop/CSYE_7245/Labs/airflow_tfx_lab/vlab/lib/python3.7/site-packages/airflow/example_dags/example_skip_dag.py
[2021-03-17 19:33:15,525] {scheduler_job.py:629} INFO - Processing file /Users/harika/Desktop/CSYE_7245/Labs/airflow_tfx_lab/vlab/lib/python3.7/site-packages/airflow/example_dags/example_skip_dag.py for tasks to queue
[2021-03-17 19:33:15,529] {logging_mixin.py:104} INFO - [2021-03-17 19:33:15,527] {dagbag.py:448} INFO - Filling up the DagBag from /Users/harika/Desktop/CSYE_7245/Labs/airflow_tfx_lab/vlab/lib/python3.7/site-packages/airflow/example_dags/example_skip_dag.py
[2021-03-17 19:33:15,550] {scheduler_job.py:639} INFO - DAG(s) dict_keys(['example_skip_dag']) retrieved from /Users/harika/Desktop/CSYE_7245/Labs/airflow_tfx_lab/vlab/lib/python3.7/site-packages/airflow/example_dags/example_skip_dag.py
[2021-03-17 19:33:15,569] {logging_mixin.py:104} INFO - [2021-03-17 19:33:15,569] {dag.py:1818} INFO - Sync 1 DAGs
[2021-03-17 19:33:15,582] {logging_mixin.py:104} INFO - [2021-03-17 19:33:15,581] {dag.py:2273} INFO - Setting next_dagrun for example_skip_dag to 2021-03-15 00:00:00+00:00
[2021-03-17 19:33:15,591] {scheduler_job.py:190} INFO - Processing /Users/harika/Desktop/CSYE_7245/Labs/airflow_tfx_lab/vlab/lib/python3.7/site-packages/airflow/example_dags/example_skip_dag.py took 0.075 seconds
[2021-03-17 19:33:59,194] {scheduler_job.py:182} INFO - Started process (PID=29586) to work on /Users/harika/Desktop/CSYE_7245/Labs/airflow_tfx_lab/vlab/lib/python3.7/site-packages/airflow/example_dags/example_skip_dag.py
[2021-03-17 19:33:59,197] {scheduler_job.py:629} INFO - Processing file /Users/harika/Desktop/CSYE_7245/Labs/airflow_tfx_lab/vlab/lib/python3.7/site-packages/airflow/example_dags/example_skip_dag.py for tasks to queue
[2021-03-17 19:33:59,200] {logging_mixin.py:104} INFO - [2021-03-17 19:33:59,199] {dagbag.py:448} INFO - Filling up the DagBag from /Users/harika/Desktop/CSYE_7245/Labs/airflow_tfx_lab/vlab/lib/python3.7/site-packages/airflow/example_dags/example_skip_dag.py
[2021-03-17 19:33:59,234] {scheduler_job.py:639} INFO - DAG(s) dict_keys(['example_skip_dag']) retrieved from /Users/harika/Desktop/CSYE_7245/Labs/airflow_tfx_lab/vlab/lib/python3.7/site-packages/airflow/example_dags/example_skip_dag.py
[2021-03-17 19:33:59,268] {logging_mixin.py:104} INFO - [2021-03-17 19:33:59,267] {dag.py:1818} INFO - Sync 1 DAGs
[2021-03-17 19:33:59,298] {logging_mixin.py:104} INFO - [2021-03-17 19:33:59,296] {dag.py:2273} INFO - Setting next_dagrun for example_skip_dag to 2021-03-15 00:00:00+00:00
[2021-03-17 19:33:59,316] {scheduler_job.py:190} INFO - Processing /Users/harika/Desktop/CSYE_7245/Labs/airflow_tfx_lab/vlab/lib/python3.7/site-packages/airflow/example_dags/example_skip_dag.py took 0.130 seconds
[2021-03-17 19:34:42,797] {scheduler_job.py:182} INFO - Started process (PID=29630) to work on /Users/harika/Desktop/CSYE_7245/Labs/airflow_tfx_lab/vlab/lib/python3.7/site-packages/airflow/example_dags/example_skip_dag.py
[2021-03-17 19:34:42,800] {scheduler_job.py:629} INFO - Processing file /Users/harika/Desktop/CSYE_7245/Labs/airflow_tfx_lab/vlab/lib/python3.7/site-packages/airflow/example_dags/example_skip_dag.py for tasks to queue
[2021-03-17 19:34:42,802] {logging_mixin.py:104} INFO - [2021-03-17 19:34:42,801] {dagbag.py:448} INFO - Filling up the DagBag from /Users/harika/Desktop/CSYE_7245/Labs/airflow_tfx_lab/vlab/lib/python3.7/site-packages/airflow/example_dags/example_skip_dag.py
[2021-03-17 19:34:42,821] {scheduler_job.py:639} INFO - DAG(s) dict_keys(['example_skip_dag']) retrieved from /Users/harika/Desktop/CSYE_7245/Labs/airflow_tfx_lab/vlab/lib/python3.7/site-packages/airflow/example_dags/example_skip_dag.py
[2021-03-17 19:34:42,878] {logging_mixin.py:104} INFO - [2021-03-17 19:34:42,877] {dag.py:1818} INFO - Sync 1 DAGs
[2021-03-17 19:34:42,935] {logging_mixin.py:104} INFO - [2021-03-17 19:34:42,934] {dag.py:2273} INFO - Setting next_dagrun for example_skip_dag to 2021-03-15 00:00:00+00:00
[2021-03-17 19:34:42,962] {scheduler_job.py:190} INFO - Processing /Users/harika/Desktop/CSYE_7245/Labs/airflow_tfx_lab/vlab/lib/python3.7/site-packages/airflow/example_dags/example_skip_dag.py took 0.170 seconds
[2021-03-17 19:35:34,027] {scheduler_job.py:182} INFO - Started process (PID=29678) to work on /Users/harika/Desktop/CSYE_7245/Labs/airflow_tfx_lab/vlab/lib/python3.7/site-packages/airflow/example_dags/example_skip_dag.py
[2021-03-17 19:35:34,031] {scheduler_job.py:629} INFO - Processing file /Users/harika/Desktop/CSYE_7245/Labs/airflow_tfx_lab/vlab/lib/python3.7/site-packages/airflow/example_dags/example_skip_dag.py for tasks to queue
[2021-03-17 19:35:34,035] {logging_mixin.py:104} INFO - [2021-03-17 19:35:34,035] {dagbag.py:448} INFO - Filling up the DagBag from /Users/harika/Desktop/CSYE_7245/Labs/airflow_tfx_lab/vlab/lib/python3.7/site-packages/airflow/example_dags/example_skip_dag.py
[2021-03-17 19:35:34,054] {scheduler_job.py:639} INFO - DAG(s) dict_keys(['example_skip_dag']) retrieved from /Users/harika/Desktop/CSYE_7245/Labs/airflow_tfx_lab/vlab/lib/python3.7/site-packages/airflow/example_dags/example_skip_dag.py
[2021-03-17 19:35:34,074] {logging_mixin.py:104} INFO - [2021-03-17 19:35:34,074] {dag.py:1818} INFO - Sync 1 DAGs
[2021-03-17 19:35:34,086] {logging_mixin.py:104} INFO - [2021-03-17 19:35:34,086] {dag.py:2273} INFO - Setting next_dagrun for example_skip_dag to 2021-03-15 00:00:00+00:00
[2021-03-17 19:35:34,095] {scheduler_job.py:190} INFO - Processing /Users/harika/Desktop/CSYE_7245/Labs/airflow_tfx_lab/vlab/lib/python3.7/site-packages/airflow/example_dags/example_skip_dag.py took 0.073 seconds
[2021-03-17 19:36:14,229] {scheduler_job.py:182} INFO - Started process (PID=29732) to work on /Users/harika/Desktop/CSYE_7245/Labs/airflow_tfx_lab/vlab/lib/python3.7/site-packages/airflow/example_dags/example_skip_dag.py
[2021-03-17 19:36:14,232] {scheduler_job.py:629} INFO - Processing file /Users/harika/Desktop/CSYE_7245/Labs/airflow_tfx_lab/vlab/lib/python3.7/site-packages/airflow/example_dags/example_skip_dag.py for tasks to queue
[2021-03-17 19:36:14,234] {logging_mixin.py:104} INFO - [2021-03-17 19:36:14,233] {dagbag.py:448} INFO - Filling up the DagBag from /Users/harika/Desktop/CSYE_7245/Labs/airflow_tfx_lab/vlab/lib/python3.7/site-packages/airflow/example_dags/example_skip_dag.py
[2021-03-17 19:36:14,258] {scheduler_job.py:639} INFO - DAG(s) dict_keys(['example_skip_dag']) retrieved from /Users/harika/Desktop/CSYE_7245/Labs/airflow_tfx_lab/vlab/lib/python3.7/site-packages/airflow/example_dags/example_skip_dag.py
[2021-03-17 19:36:14,295] {logging_mixin.py:104} INFO - [2021-03-17 19:36:14,295] {dag.py:1818} INFO - Sync 1 DAGs
[2021-03-17 19:36:14,328] {logging_mixin.py:104} INFO - [2021-03-17 19:36:14,325] {dag.py:2273} INFO - Setting next_dagrun for example_skip_dag to 2021-03-15 00:00:00+00:00
[2021-03-17 19:36:14,355] {scheduler_job.py:190} INFO - Processing /Users/harika/Desktop/CSYE_7245/Labs/airflow_tfx_lab/vlab/lib/python3.7/site-packages/airflow/example_dags/example_skip_dag.py took 0.132 seconds
[2021-03-17 19:37:18,359] {scheduler_job.py:182} INFO - Started process (PID=29790) to work on /Users/harika/Desktop/CSYE_7245/Labs/airflow_tfx_lab/vlab/lib/python3.7/site-packages/airflow/example_dags/example_skip_dag.py
[2021-03-17 19:37:18,364] {scheduler_job.py:629} INFO - Processing file /Users/harika/Desktop/CSYE_7245/Labs/airflow_tfx_lab/vlab/lib/python3.7/site-packages/airflow/example_dags/example_skip_dag.py for tasks to queue
[2021-03-17 19:37:18,367] {logging_mixin.py:104} INFO - [2021-03-17 19:37:18,366] {dagbag.py:448} INFO - Filling up the DagBag from /Users/harika/Desktop/CSYE_7245/Labs/airflow_tfx_lab/vlab/lib/python3.7/site-packages/airflow/example_dags/example_skip_dag.py
[2021-03-17 19:37:18,404] {scheduler_job.py:639} INFO - DAG(s) dict_keys(['example_skip_dag']) retrieved from /Users/harika/Desktop/CSYE_7245/Labs/airflow_tfx_lab/vlab/lib/python3.7/site-packages/airflow/example_dags/example_skip_dag.py
[2021-03-17 19:37:18,543] {logging_mixin.py:104} INFO - [2021-03-17 19:37:18,541] {dag.py:1818} INFO - Sync 1 DAGs
[2021-03-17 19:37:18,678] {logging_mixin.py:104} INFO - [2021-03-17 19:37:18,677] {dag.py:2273} INFO - Setting next_dagrun for example_skip_dag to 2021-03-15 00:00:00+00:00
[2021-03-17 19:37:18,708] {scheduler_job.py:190} INFO - Processing /Users/harika/Desktop/CSYE_7245/Labs/airflow_tfx_lab/vlab/lib/python3.7/site-packages/airflow/example_dags/example_skip_dag.py took 0.356 seconds
[2021-03-17 19:38:22,726] {scheduler_job.py:182} INFO - Started process (PID=29834) to work on /Users/harika/Desktop/CSYE_7245/Labs/airflow_tfx_lab/vlab/lib/python3.7/site-packages/airflow/example_dags/example_skip_dag.py
[2021-03-17 19:38:22,730] {scheduler_job.py:629} INFO - Processing file /Users/harika/Desktop/CSYE_7245/Labs/airflow_tfx_lab/vlab/lib/python3.7/site-packages/airflow/example_dags/example_skip_dag.py for tasks to queue
[2021-03-17 19:38:22,734] {logging_mixin.py:104} INFO - [2021-03-17 19:38:22,733] {dagbag.py:448} INFO - Filling up the DagBag from /Users/harika/Desktop/CSYE_7245/Labs/airflow_tfx_lab/vlab/lib/python3.7/site-packages/airflow/example_dags/example_skip_dag.py
[2021-03-17 19:38:22,753] {scheduler_job.py:639} INFO - DAG(s) dict_keys(['example_skip_dag']) retrieved from /Users/harika/Desktop/CSYE_7245/Labs/airflow_tfx_lab/vlab/lib/python3.7/site-packages/airflow/example_dags/example_skip_dag.py
[2021-03-17 19:38:22,770] {logging_mixin.py:104} INFO - [2021-03-17 19:38:22,769] {dag.py:1818} INFO - Sync 1 DAGs
[2021-03-17 19:38:22,783] {logging_mixin.py:104} INFO - [2021-03-17 19:38:22,782] {dag.py:2273} INFO - Setting next_dagrun for example_skip_dag to 2021-03-15 00:00:00+00:00
[2021-03-17 19:38:22,795] {scheduler_job.py:190} INFO - Processing /Users/harika/Desktop/CSYE_7245/Labs/airflow_tfx_lab/vlab/lib/python3.7/site-packages/airflow/example_dags/example_skip_dag.py took 0.075 seconds
[2021-03-17 19:39:03,046] {scheduler_job.py:182} INFO - Started process (PID=29871) to work on /Users/harika/Desktop/CSYE_7245/Labs/airflow_tfx_lab/vlab/lib/python3.7/site-packages/airflow/example_dags/example_skip_dag.py
[2021-03-17 19:39:03,049] {scheduler_job.py:629} INFO - Processing file /Users/harika/Desktop/CSYE_7245/Labs/airflow_tfx_lab/vlab/lib/python3.7/site-packages/airflow/example_dags/example_skip_dag.py for tasks to queue
[2021-03-17 19:39:03,054] {logging_mixin.py:104} INFO - [2021-03-17 19:39:03,051] {dagbag.py:448} INFO - Filling up the DagBag from /Users/harika/Desktop/CSYE_7245/Labs/airflow_tfx_lab/vlab/lib/python3.7/site-packages/airflow/example_dags/example_skip_dag.py
[2021-03-17 19:39:03,087] {scheduler_job.py:639} INFO - DAG(s) dict_keys(['example_skip_dag']) retrieved from /Users/harika/Desktop/CSYE_7245/Labs/airflow_tfx_lab/vlab/lib/python3.7/site-packages/airflow/example_dags/example_skip_dag.py
[2021-03-17 19:39:03,118] {logging_mixin.py:104} INFO - [2021-03-17 19:39:03,117] {dag.py:1818} INFO - Sync 1 DAGs
[2021-03-17 19:39:03,160] {logging_mixin.py:104} INFO - [2021-03-17 19:39:03,159] {dag.py:2273} INFO - Setting next_dagrun for example_skip_dag to 2021-03-15 00:00:00+00:00
[2021-03-17 19:39:03,181] {scheduler_job.py:190} INFO - Processing /Users/harika/Desktop/CSYE_7245/Labs/airflow_tfx_lab/vlab/lib/python3.7/site-packages/airflow/example_dags/example_skip_dag.py took 0.141 seconds
[2021-03-17 19:40:08,886] {scheduler_job.py:182} INFO - Started process (PID=29970) to work on /Users/harika/Desktop/CSYE_7245/Labs/airflow_tfx_lab/vlab/lib/python3.7/site-packages/airflow/example_dags/example_skip_dag.py
[2021-03-17 19:40:08,889] {scheduler_job.py:629} INFO - Processing file /Users/harika/Desktop/CSYE_7245/Labs/airflow_tfx_lab/vlab/lib/python3.7/site-packages/airflow/example_dags/example_skip_dag.py for tasks to queue
[2021-03-17 19:40:08,891] {logging_mixin.py:104} INFO - [2021-03-17 19:40:08,890] {dagbag.py:448} INFO - Filling up the DagBag from /Users/harika/Desktop/CSYE_7245/Labs/airflow_tfx_lab/vlab/lib/python3.7/site-packages/airflow/example_dags/example_skip_dag.py
[2021-03-17 19:40:08,908] {scheduler_job.py:639} INFO - DAG(s) dict_keys(['example_skip_dag']) retrieved from /Users/harika/Desktop/CSYE_7245/Labs/airflow_tfx_lab/vlab/lib/python3.7/site-packages/airflow/example_dags/example_skip_dag.py
[2021-03-17 19:40:08,959] {logging_mixin.py:104} INFO - [2021-03-17 19:40:08,958] {dag.py:1818} INFO - Sync 1 DAGs
[2021-03-17 19:40:08,998] {logging_mixin.py:104} INFO - [2021-03-17 19:40:08,997] {dag.py:2273} INFO - Setting next_dagrun for example_skip_dag to 2021-03-15 00:00:00+00:00
[2021-03-17 19:40:09,023] {scheduler_job.py:190} INFO - Processing /Users/harika/Desktop/CSYE_7245/Labs/airflow_tfx_lab/vlab/lib/python3.7/site-packages/airflow/example_dags/example_skip_dag.py took 0.142 seconds
[2021-03-17 19:40:59,338] {scheduler_job.py:182} INFO - Started process (PID=30032) to work on /Users/harika/Desktop/CSYE_7245/Labs/airflow_tfx_lab/vlab/lib/python3.7/site-packages/airflow/example_dags/example_skip_dag.py
[2021-03-17 19:40:59,342] {scheduler_job.py:629} INFO - Processing file /Users/harika/Desktop/CSYE_7245/Labs/airflow_tfx_lab/vlab/lib/python3.7/site-packages/airflow/example_dags/example_skip_dag.py for tasks to queue
[2021-03-17 19:40:59,343] {logging_mixin.py:104} INFO - [2021-03-17 19:40:59,343] {dagbag.py:448} INFO - Filling up the DagBag from /Users/harika/Desktop/CSYE_7245/Labs/airflow_tfx_lab/vlab/lib/python3.7/site-packages/airflow/example_dags/example_skip_dag.py
[2021-03-17 19:40:59,363] {scheduler_job.py:639} INFO - DAG(s) dict_keys(['example_skip_dag']) retrieved from /Users/harika/Desktop/CSYE_7245/Labs/airflow_tfx_lab/vlab/lib/python3.7/site-packages/airflow/example_dags/example_skip_dag.py
[2021-03-17 19:40:59,383] {logging_mixin.py:104} INFO - [2021-03-17 19:40:59,382] {dag.py:1818} INFO - Sync 1 DAGs
[2021-03-17 19:40:59,396] {logging_mixin.py:104} INFO - [2021-03-17 19:40:59,395] {dag.py:2273} INFO - Setting next_dagrun for example_skip_dag to 2021-03-15 00:00:00+00:00
[2021-03-17 19:40:59,404] {scheduler_job.py:190} INFO - Processing /Users/harika/Desktop/CSYE_7245/Labs/airflow_tfx_lab/vlab/lib/python3.7/site-packages/airflow/example_dags/example_skip_dag.py took 0.070 seconds
[2021-03-17 19:41:47,774] {scheduler_job.py:182} INFO - Started process (PID=30078) to work on /Users/harika/Desktop/CSYE_7245/Labs/airflow_tfx_lab/vlab/lib/python3.7/site-packages/airflow/example_dags/example_skip_dag.py
[2021-03-17 19:41:47,777] {scheduler_job.py:629} INFO - Processing file /Users/harika/Desktop/CSYE_7245/Labs/airflow_tfx_lab/vlab/lib/python3.7/site-packages/airflow/example_dags/example_skip_dag.py for tasks to queue
[2021-03-17 19:41:47,780] {logging_mixin.py:104} INFO - [2021-03-17 19:41:47,779] {dagbag.py:448} INFO - Filling up the DagBag from /Users/harika/Desktop/CSYE_7245/Labs/airflow_tfx_lab/vlab/lib/python3.7/site-packages/airflow/example_dags/example_skip_dag.py
[2021-03-17 19:41:47,796] {scheduler_job.py:639} INFO - DAG(s) dict_keys(['example_skip_dag']) retrieved from /Users/harika/Desktop/CSYE_7245/Labs/airflow_tfx_lab/vlab/lib/python3.7/site-packages/airflow/example_dags/example_skip_dag.py
[2021-03-17 19:41:47,812] {logging_mixin.py:104} INFO - [2021-03-17 19:41:47,812] {dag.py:1818} INFO - Sync 1 DAGs
[2021-03-17 19:41:47,826] {logging_mixin.py:104} INFO - [2021-03-17 19:41:47,825] {dag.py:2273} INFO - Setting next_dagrun for example_skip_dag to 2021-03-15 00:00:00+00:00
[2021-03-17 19:41:47,836] {scheduler_job.py:190} INFO - Processing /Users/harika/Desktop/CSYE_7245/Labs/airflow_tfx_lab/vlab/lib/python3.7/site-packages/airflow/example_dags/example_skip_dag.py took 0.069 seconds
[2021-03-17 19:42:28,649] {scheduler_job.py:182} INFO - Started process (PID=30133) to work on /Users/harika/Desktop/CSYE_7245/Labs/airflow_tfx_lab/vlab/lib/python3.7/site-packages/airflow/example_dags/example_skip_dag.py
[2021-03-17 19:42:28,651] {scheduler_job.py:629} INFO - Processing file /Users/harika/Desktop/CSYE_7245/Labs/airflow_tfx_lab/vlab/lib/python3.7/site-packages/airflow/example_dags/example_skip_dag.py for tasks to queue
[2021-03-17 19:42:28,653] {logging_mixin.py:104} INFO - [2021-03-17 19:42:28,652] {dagbag.py:448} INFO - Filling up the DagBag from /Users/harika/Desktop/CSYE_7245/Labs/airflow_tfx_lab/vlab/lib/python3.7/site-packages/airflow/example_dags/example_skip_dag.py
[2021-03-17 19:42:28,670] {scheduler_job.py:639} INFO - DAG(s) dict_keys(['example_skip_dag']) retrieved from /Users/harika/Desktop/CSYE_7245/Labs/airflow_tfx_lab/vlab/lib/python3.7/site-packages/airflow/example_dags/example_skip_dag.py
[2021-03-17 19:42:28,688] {logging_mixin.py:104} INFO - [2021-03-17 19:42:28,687] {dag.py:1818} INFO - Sync 1 DAGs
[2021-03-17 19:42:28,707] {logging_mixin.py:104} INFO - [2021-03-17 19:42:28,705] {dag.py:2273} INFO - Setting next_dagrun for example_skip_dag to 2021-03-15 00:00:00+00:00
[2021-03-17 19:42:28,717] {scheduler_job.py:190} INFO - Processing /Users/harika/Desktop/CSYE_7245/Labs/airflow_tfx_lab/vlab/lib/python3.7/site-packages/airflow/example_dags/example_skip_dag.py took 0.073 seconds
[2021-03-17 19:43:16,619] {scheduler_job.py:182} INFO - Started process (PID=30172) to work on /Users/harika/Desktop/CSYE_7245/Labs/airflow_tfx_lab/vlab/lib/python3.7/site-packages/airflow/example_dags/example_skip_dag.py
[2021-03-17 19:43:16,621] {scheduler_job.py:629} INFO - Processing file /Users/harika/Desktop/CSYE_7245/Labs/airflow_tfx_lab/vlab/lib/python3.7/site-packages/airflow/example_dags/example_skip_dag.py for tasks to queue
[2021-03-17 19:43:16,624] {logging_mixin.py:104} INFO - [2021-03-17 19:43:16,623] {dagbag.py:448} INFO - Filling up the DagBag from /Users/harika/Desktop/CSYE_7245/Labs/airflow_tfx_lab/vlab/lib/python3.7/site-packages/airflow/example_dags/example_skip_dag.py
[2021-03-17 19:43:16,644] {scheduler_job.py:639} INFO - DAG(s) dict_keys(['example_skip_dag']) retrieved from /Users/harika/Desktop/CSYE_7245/Labs/airflow_tfx_lab/vlab/lib/python3.7/site-packages/airflow/example_dags/example_skip_dag.py
[2021-03-17 19:43:16,661] {logging_mixin.py:104} INFO - [2021-03-17 19:43:16,660] {dag.py:1818} INFO - Sync 1 DAGs
[2021-03-17 19:43:16,674] {logging_mixin.py:104} INFO - [2021-03-17 19:43:16,674] {dag.py:2273} INFO - Setting next_dagrun for example_skip_dag to 2021-03-15 00:00:00+00:00
[2021-03-17 19:43:16,683] {scheduler_job.py:190} INFO - Processing /Users/harika/Desktop/CSYE_7245/Labs/airflow_tfx_lab/vlab/lib/python3.7/site-packages/airflow/example_dags/example_skip_dag.py took 0.071 seconds
[2021-03-17 19:43:58,897] {scheduler_job.py:182} INFO - Started process (PID=30229) to work on /Users/harika/Desktop/CSYE_7245/Labs/airflow_tfx_lab/vlab/lib/python3.7/site-packages/airflow/example_dags/example_skip_dag.py
[2021-03-17 19:43:58,908] {scheduler_job.py:629} INFO - Processing file /Users/harika/Desktop/CSYE_7245/Labs/airflow_tfx_lab/vlab/lib/python3.7/site-packages/airflow/example_dags/example_skip_dag.py for tasks to queue
[2021-03-17 19:43:58,914] {logging_mixin.py:104} INFO - [2021-03-17 19:43:58,912] {dagbag.py:448} INFO - Filling up the DagBag from /Users/harika/Desktop/CSYE_7245/Labs/airflow_tfx_lab/vlab/lib/python3.7/site-packages/airflow/example_dags/example_skip_dag.py
[2021-03-17 19:43:58,953] {scheduler_job.py:639} INFO - DAG(s) dict_keys(['example_skip_dag']) retrieved from /Users/harika/Desktop/CSYE_7245/Labs/airflow_tfx_lab/vlab/lib/python3.7/site-packages/airflow/example_dags/example_skip_dag.py
[2021-03-17 19:43:58,980] {logging_mixin.py:104} INFO - [2021-03-17 19:43:58,980] {dag.py:1818} INFO - Sync 1 DAGs
[2021-03-17 19:43:59,003] {logging_mixin.py:104} INFO - [2021-03-17 19:43:59,002] {dag.py:2273} INFO - Setting next_dagrun for example_skip_dag to 2021-03-15 00:00:00+00:00
[2021-03-17 19:43:59,032] {scheduler_job.py:190} INFO - Processing /Users/harika/Desktop/CSYE_7245/Labs/airflow_tfx_lab/vlab/lib/python3.7/site-packages/airflow/example_dags/example_skip_dag.py took 0.141 seconds
[2021-03-17 19:44:50,316] {scheduler_job.py:182} INFO - Started process (PID=30275) to work on /Users/harika/Desktop/CSYE_7245/Labs/airflow_tfx_lab/vlab/lib/python3.7/site-packages/airflow/example_dags/example_skip_dag.py
[2021-03-17 19:44:50,319] {scheduler_job.py:629} INFO - Processing file /Users/harika/Desktop/CSYE_7245/Labs/airflow_tfx_lab/vlab/lib/python3.7/site-packages/airflow/example_dags/example_skip_dag.py for tasks to queue
[2021-03-17 19:44:50,320] {logging_mixin.py:104} INFO - [2021-03-17 19:44:50,320] {dagbag.py:448} INFO - Filling up the DagBag from /Users/harika/Desktop/CSYE_7245/Labs/airflow_tfx_lab/vlab/lib/python3.7/site-packages/airflow/example_dags/example_skip_dag.py
[2021-03-17 19:44:50,335] {scheduler_job.py:639} INFO - DAG(s) dict_keys(['example_skip_dag']) retrieved from /Users/harika/Desktop/CSYE_7245/Labs/airflow_tfx_lab/vlab/lib/python3.7/site-packages/airflow/example_dags/example_skip_dag.py
[2021-03-17 19:44:50,352] {logging_mixin.py:104} INFO - [2021-03-17 19:44:50,351] {dag.py:1818} INFO - Sync 1 DAGs
[2021-03-17 19:44:50,367] {logging_mixin.py:104} INFO - [2021-03-17 19:44:50,367] {dag.py:2273} INFO - Setting next_dagrun for example_skip_dag to 2021-03-15 00:00:00+00:00
[2021-03-17 19:44:50,379] {scheduler_job.py:190} INFO - Processing /Users/harika/Desktop/CSYE_7245/Labs/airflow_tfx_lab/vlab/lib/python3.7/site-packages/airflow/example_dags/example_skip_dag.py took 0.067 seconds
[2021-03-17 19:45:29,482] {scheduler_job.py:182} INFO - Started process (PID=30326) to work on /Users/harika/Desktop/CSYE_7245/Labs/airflow_tfx_lab/vlab/lib/python3.7/site-packages/airflow/example_dags/example_skip_dag.py
[2021-03-17 19:45:29,486] {scheduler_job.py:629} INFO - Processing file /Users/harika/Desktop/CSYE_7245/Labs/airflow_tfx_lab/vlab/lib/python3.7/site-packages/airflow/example_dags/example_skip_dag.py for tasks to queue
[2021-03-17 19:45:29,488] {logging_mixin.py:104} INFO - [2021-03-17 19:45:29,487] {dagbag.py:448} INFO - Filling up the DagBag from /Users/harika/Desktop/CSYE_7245/Labs/airflow_tfx_lab/vlab/lib/python3.7/site-packages/airflow/example_dags/example_skip_dag.py
[2021-03-17 19:45:29,507] {scheduler_job.py:639} INFO - DAG(s) dict_keys(['example_skip_dag']) retrieved from /Users/harika/Desktop/CSYE_7245/Labs/airflow_tfx_lab/vlab/lib/python3.7/site-packages/airflow/example_dags/example_skip_dag.py
[2021-03-17 19:45:29,526] {logging_mixin.py:104} INFO - [2021-03-17 19:45:29,525] {dag.py:1818} INFO - Sync 1 DAGs
[2021-03-17 19:45:29,539] {logging_mixin.py:104} INFO - [2021-03-17 19:45:29,539] {dag.py:2273} INFO - Setting next_dagrun for example_skip_dag to 2021-03-15 00:00:00+00:00
[2021-03-17 19:45:29,554] {scheduler_job.py:190} INFO - Processing /Users/harika/Desktop/CSYE_7245/Labs/airflow_tfx_lab/vlab/lib/python3.7/site-packages/airflow/example_dags/example_skip_dag.py took 0.076 seconds
[2021-03-17 19:46:08,799] {scheduler_job.py:182} INFO - Started process (PID=30356) to work on /Users/harika/Desktop/CSYE_7245/Labs/airflow_tfx_lab/vlab/lib/python3.7/site-packages/airflow/example_dags/example_skip_dag.py
[2021-03-17 19:46:08,803] {scheduler_job.py:629} INFO - Processing file /Users/harika/Desktop/CSYE_7245/Labs/airflow_tfx_lab/vlab/lib/python3.7/site-packages/airflow/example_dags/example_skip_dag.py for tasks to queue
[2021-03-17 19:46:08,805] {logging_mixin.py:104} INFO - [2021-03-17 19:46:08,804] {dagbag.py:448} INFO - Filling up the DagBag from /Users/harika/Desktop/CSYE_7245/Labs/airflow_tfx_lab/vlab/lib/python3.7/site-packages/airflow/example_dags/example_skip_dag.py
[2021-03-17 19:46:08,819] {scheduler_job.py:639} INFO - DAG(s) dict_keys(['example_skip_dag']) retrieved from /Users/harika/Desktop/CSYE_7245/Labs/airflow_tfx_lab/vlab/lib/python3.7/site-packages/airflow/example_dags/example_skip_dag.py
[2021-03-17 19:46:08,835] {logging_mixin.py:104} INFO - [2021-03-17 19:46:08,835] {dag.py:1818} INFO - Sync 1 DAGs
[2021-03-17 19:46:08,849] {logging_mixin.py:104} INFO - [2021-03-17 19:46:08,849] {dag.py:2273} INFO - Setting next_dagrun for example_skip_dag to 2021-03-15 00:00:00+00:00
[2021-03-17 19:46:08,859] {scheduler_job.py:190} INFO - Processing /Users/harika/Desktop/CSYE_7245/Labs/airflow_tfx_lab/vlab/lib/python3.7/site-packages/airflow/example_dags/example_skip_dag.py took 0.063 seconds
[2021-03-17 19:46:46,241] {scheduler_job.py:182} INFO - Started process (PID=30386) to work on /Users/harika/Desktop/CSYE_7245/Labs/airflow_tfx_lab/vlab/lib/python3.7/site-packages/airflow/example_dags/example_skip_dag.py
[2021-03-17 19:46:46,245] {scheduler_job.py:629} INFO - Processing file /Users/harika/Desktop/CSYE_7245/Labs/airflow_tfx_lab/vlab/lib/python3.7/site-packages/airflow/example_dags/example_skip_dag.py for tasks to queue
[2021-03-17 19:46:46,247] {logging_mixin.py:104} INFO - [2021-03-17 19:46:46,247] {dagbag.py:448} INFO - Filling up the DagBag from /Users/harika/Desktop/CSYE_7245/Labs/airflow_tfx_lab/vlab/lib/python3.7/site-packages/airflow/example_dags/example_skip_dag.py
[2021-03-17 19:46:46,266] {scheduler_job.py:639} INFO - DAG(s) dict_keys(['example_skip_dag']) retrieved from /Users/harika/Desktop/CSYE_7245/Labs/airflow_tfx_lab/vlab/lib/python3.7/site-packages/airflow/example_dags/example_skip_dag.py
[2021-03-17 19:46:46,286] {logging_mixin.py:104} INFO - [2021-03-17 19:46:46,285] {dag.py:1818} INFO - Sync 1 DAGs
[2021-03-17 19:46:46,301] {logging_mixin.py:104} INFO - [2021-03-17 19:46:46,301] {dag.py:2273} INFO - Setting next_dagrun for example_skip_dag to 2021-03-15 00:00:00+00:00
[2021-03-17 19:46:46,312] {scheduler_job.py:190} INFO - Processing /Users/harika/Desktop/CSYE_7245/Labs/airflow_tfx_lab/vlab/lib/python3.7/site-packages/airflow/example_dags/example_skip_dag.py took 0.076 seconds
[2021-03-17 19:47:33,335] {scheduler_job.py:182} INFO - Started process (PID=30421) to work on /Users/harika/Desktop/CSYE_7245/Labs/airflow_tfx_lab/vlab/lib/python3.7/site-packages/airflow/example_dags/example_skip_dag.py
[2021-03-17 19:47:33,339] {scheduler_job.py:629} INFO - Processing file /Users/harika/Desktop/CSYE_7245/Labs/airflow_tfx_lab/vlab/lib/python3.7/site-packages/airflow/example_dags/example_skip_dag.py for tasks to queue
[2021-03-17 19:47:33,341] {logging_mixin.py:104} INFO - [2021-03-17 19:47:33,340] {dagbag.py:448} INFO - Filling up the DagBag from /Users/harika/Desktop/CSYE_7245/Labs/airflow_tfx_lab/vlab/lib/python3.7/site-packages/airflow/example_dags/example_skip_dag.py
[2021-03-17 19:47:33,360] {scheduler_job.py:639} INFO - DAG(s) dict_keys(['example_skip_dag']) retrieved from /Users/harika/Desktop/CSYE_7245/Labs/airflow_tfx_lab/vlab/lib/python3.7/site-packages/airflow/example_dags/example_skip_dag.py
[2021-03-17 19:47:33,382] {logging_mixin.py:104} INFO - [2021-03-17 19:47:33,381] {dag.py:1818} INFO - Sync 1 DAGs
[2021-03-17 19:47:33,398] {logging_mixin.py:104} INFO - [2021-03-17 19:47:33,398] {dag.py:2273} INFO - Setting next_dagrun for example_skip_dag to 2021-03-15 00:00:00+00:00
[2021-03-17 19:47:33,413] {scheduler_job.py:190} INFO - Processing /Users/harika/Desktop/CSYE_7245/Labs/airflow_tfx_lab/vlab/lib/python3.7/site-packages/airflow/example_dags/example_skip_dag.py took 0.083 seconds
[2021-03-17 19:48:20,141] {scheduler_job.py:182} INFO - Started process (PID=30473) to work on /Users/harika/Desktop/CSYE_7245/Labs/airflow_tfx_lab/vlab/lib/python3.7/site-packages/airflow/example_dags/example_skip_dag.py
[2021-03-17 19:48:20,144] {scheduler_job.py:629} INFO - Processing file /Users/harika/Desktop/CSYE_7245/Labs/airflow_tfx_lab/vlab/lib/python3.7/site-packages/airflow/example_dags/example_skip_dag.py for tasks to queue
[2021-03-17 19:48:20,147] {logging_mixin.py:104} INFO - [2021-03-17 19:48:20,146] {dagbag.py:448} INFO - Filling up the DagBag from /Users/harika/Desktop/CSYE_7245/Labs/airflow_tfx_lab/vlab/lib/python3.7/site-packages/airflow/example_dags/example_skip_dag.py
[2021-03-17 19:48:20,164] {scheduler_job.py:639} INFO - DAG(s) dict_keys(['example_skip_dag']) retrieved from /Users/harika/Desktop/CSYE_7245/Labs/airflow_tfx_lab/vlab/lib/python3.7/site-packages/airflow/example_dags/example_skip_dag.py
[2021-03-17 19:48:20,185] {logging_mixin.py:104} INFO - [2021-03-17 19:48:20,185] {dag.py:1818} INFO - Sync 1 DAGs
[2021-03-17 19:48:20,214] {logging_mixin.py:104} INFO - [2021-03-17 19:48:20,210] {dag.py:2273} INFO - Setting next_dagrun for example_skip_dag to 2021-03-15 00:00:00+00:00
[2021-03-17 19:48:20,249] {scheduler_job.py:190} INFO - Processing /Users/harika/Desktop/CSYE_7245/Labs/airflow_tfx_lab/vlab/lib/python3.7/site-packages/airflow/example_dags/example_skip_dag.py took 0.113 seconds
[2021-03-17 19:48:58,817] {scheduler_job.py:182} INFO - Started process (PID=30516) to work on /Users/harika/Desktop/CSYE_7245/Labs/airflow_tfx_lab/vlab/lib/python3.7/site-packages/airflow/example_dags/example_skip_dag.py
[2021-03-17 19:48:58,820] {scheduler_job.py:629} INFO - Processing file /Users/harika/Desktop/CSYE_7245/Labs/airflow_tfx_lab/vlab/lib/python3.7/site-packages/airflow/example_dags/example_skip_dag.py for tasks to queue
[2021-03-17 19:48:58,821] {logging_mixin.py:104} INFO - [2021-03-17 19:48:58,821] {dagbag.py:448} INFO - Filling up the DagBag from /Users/harika/Desktop/CSYE_7245/Labs/airflow_tfx_lab/vlab/lib/python3.7/site-packages/airflow/example_dags/example_skip_dag.py
[2021-03-17 19:48:58,835] {scheduler_job.py:639} INFO - DAG(s) dict_keys(['example_skip_dag']) retrieved from /Users/harika/Desktop/CSYE_7245/Labs/airflow_tfx_lab/vlab/lib/python3.7/site-packages/airflow/example_dags/example_skip_dag.py
[2021-03-17 19:48:58,851] {logging_mixin.py:104} INFO - [2021-03-17 19:48:58,851] {dag.py:1818} INFO - Sync 1 DAGs
[2021-03-17 19:48:58,868] {logging_mixin.py:104} INFO - [2021-03-17 19:48:58,867] {dag.py:2273} INFO - Setting next_dagrun for example_skip_dag to 2021-03-15 00:00:00+00:00
[2021-03-17 19:48:58,877] {scheduler_job.py:190} INFO - Processing /Users/harika/Desktop/CSYE_7245/Labs/airflow_tfx_lab/vlab/lib/python3.7/site-packages/airflow/example_dags/example_skip_dag.py took 0.064 seconds
[2021-03-17 19:49:46,948] {scheduler_job.py:182} INFO - Started process (PID=30585) to work on /Users/harika/Desktop/CSYE_7245/Labs/airflow_tfx_lab/vlab/lib/python3.7/site-packages/airflow/example_dags/example_skip_dag.py
[2021-03-17 19:49:46,951] {scheduler_job.py:629} INFO - Processing file /Users/harika/Desktop/CSYE_7245/Labs/airflow_tfx_lab/vlab/lib/python3.7/site-packages/airflow/example_dags/example_skip_dag.py for tasks to queue
[2021-03-17 19:49:46,956] {logging_mixin.py:104} INFO - [2021-03-17 19:49:46,955] {dagbag.py:448} INFO - Filling up the DagBag from /Users/harika/Desktop/CSYE_7245/Labs/airflow_tfx_lab/vlab/lib/python3.7/site-packages/airflow/example_dags/example_skip_dag.py
[2021-03-17 19:49:46,987] {scheduler_job.py:639} INFO - DAG(s) dict_keys(['example_skip_dag']) retrieved from /Users/harika/Desktop/CSYE_7245/Labs/airflow_tfx_lab/vlab/lib/python3.7/site-packages/airflow/example_dags/example_skip_dag.py
[2021-03-17 19:49:47,027] {logging_mixin.py:104} INFO - [2021-03-17 19:49:47,027] {dag.py:1818} INFO - Sync 1 DAGs
[2021-03-17 19:49:47,053] {logging_mixin.py:104} INFO - [2021-03-17 19:49:47,053] {dag.py:2273} INFO - Setting next_dagrun for example_skip_dag to 2021-03-15 00:00:00+00:00
[2021-03-17 19:49:47,069] {scheduler_job.py:190} INFO - Processing /Users/harika/Desktop/CSYE_7245/Labs/airflow_tfx_lab/vlab/lib/python3.7/site-packages/airflow/example_dags/example_skip_dag.py took 0.128 seconds
[2021-03-17 19:50:28,379] {scheduler_job.py:182} INFO - Started process (PID=30614) to work on /Users/harika/Desktop/CSYE_7245/Labs/airflow_tfx_lab/vlab/lib/python3.7/site-packages/airflow/example_dags/example_skip_dag.py
[2021-03-17 19:50:28,382] {scheduler_job.py:629} INFO - Processing file /Users/harika/Desktop/CSYE_7245/Labs/airflow_tfx_lab/vlab/lib/python3.7/site-packages/airflow/example_dags/example_skip_dag.py for tasks to queue
[2021-03-17 19:50:28,386] {logging_mixin.py:104} INFO - [2021-03-17 19:50:28,385] {dagbag.py:448} INFO - Filling up the DagBag from /Users/harika/Desktop/CSYE_7245/Labs/airflow_tfx_lab/vlab/lib/python3.7/site-packages/airflow/example_dags/example_skip_dag.py
[2021-03-17 19:50:28,416] {scheduler_job.py:639} INFO - DAG(s) dict_keys(['example_skip_dag']) retrieved from /Users/harika/Desktop/CSYE_7245/Labs/airflow_tfx_lab/vlab/lib/python3.7/site-packages/airflow/example_dags/example_skip_dag.py
[2021-03-17 19:50:28,448] {logging_mixin.py:104} INFO - [2021-03-17 19:50:28,447] {dag.py:1818} INFO - Sync 1 DAGs
[2021-03-17 19:50:28,514] {logging_mixin.py:104} INFO - [2021-03-17 19:50:28,513] {dag.py:2273} INFO - Setting next_dagrun for example_skip_dag to 2021-03-15 00:00:00+00:00
[2021-03-17 19:50:28,543] {scheduler_job.py:190} INFO - Processing /Users/harika/Desktop/CSYE_7245/Labs/airflow_tfx_lab/vlab/lib/python3.7/site-packages/airflow/example_dags/example_skip_dag.py took 0.168 seconds
[2021-03-17 19:51:10,276] {scheduler_job.py:182} INFO - Started process (PID=30647) to work on /Users/harika/Desktop/CSYE_7245/Labs/airflow_tfx_lab/vlab/lib/python3.7/site-packages/airflow/example_dags/example_skip_dag.py
[2021-03-17 19:51:10,278] {scheduler_job.py:629} INFO - Processing file /Users/harika/Desktop/CSYE_7245/Labs/airflow_tfx_lab/vlab/lib/python3.7/site-packages/airflow/example_dags/example_skip_dag.py for tasks to queue
[2021-03-17 19:51:10,280] {logging_mixin.py:104} INFO - [2021-03-17 19:51:10,280] {dagbag.py:448} INFO - Filling up the DagBag from /Users/harika/Desktop/CSYE_7245/Labs/airflow_tfx_lab/vlab/lib/python3.7/site-packages/airflow/example_dags/example_skip_dag.py
[2021-03-17 19:51:10,298] {scheduler_job.py:639} INFO - DAG(s) dict_keys(['example_skip_dag']) retrieved from /Users/harika/Desktop/CSYE_7245/Labs/airflow_tfx_lab/vlab/lib/python3.7/site-packages/airflow/example_dags/example_skip_dag.py
[2021-03-17 19:51:10,330] {logging_mixin.py:104} INFO - [2021-03-17 19:51:10,330] {dag.py:1818} INFO - Sync 1 DAGs
[2021-03-17 19:51:10,356] {logging_mixin.py:104} INFO - [2021-03-17 19:51:10,355] {dag.py:2273} INFO - Setting next_dagrun for example_skip_dag to 2021-03-15 00:00:00+00:00
[2021-03-17 19:51:10,368] {scheduler_job.py:190} INFO - Processing /Users/harika/Desktop/CSYE_7245/Labs/airflow_tfx_lab/vlab/lib/python3.7/site-packages/airflow/example_dags/example_skip_dag.py took 0.099 seconds
[2021-03-17 19:51:56,700] {scheduler_job.py:182} INFO - Started process (PID=30683) to work on /Users/harika/Desktop/CSYE_7245/Labs/airflow_tfx_lab/vlab/lib/python3.7/site-packages/airflow/example_dags/example_skip_dag.py
[2021-03-17 19:51:56,707] {scheduler_job.py:629} INFO - Processing file /Users/harika/Desktop/CSYE_7245/Labs/airflow_tfx_lab/vlab/lib/python3.7/site-packages/airflow/example_dags/example_skip_dag.py for tasks to queue
[2021-03-17 19:51:56,712] {logging_mixin.py:104} INFO - [2021-03-17 19:51:56,710] {dagbag.py:448} INFO - Filling up the DagBag from /Users/harika/Desktop/CSYE_7245/Labs/airflow_tfx_lab/vlab/lib/python3.7/site-packages/airflow/example_dags/example_skip_dag.py
[2021-03-17 19:51:56,949] {scheduler_job.py:639} INFO - DAG(s) dict_keys(['example_skip_dag']) retrieved from /Users/harika/Desktop/CSYE_7245/Labs/airflow_tfx_lab/vlab/lib/python3.7/site-packages/airflow/example_dags/example_skip_dag.py
[2021-03-17 19:51:57,155] {logging_mixin.py:104} INFO - [2021-03-17 19:51:57,154] {dag.py:1818} INFO - Sync 1 DAGs
[2021-03-17 19:51:57,219] {logging_mixin.py:104} INFO - [2021-03-17 19:51:57,218] {dag.py:2273} INFO - Setting next_dagrun for example_skip_dag to 2021-03-15 00:00:00+00:00
[2021-03-17 19:51:57,315] {scheduler_job.py:190} INFO - Processing /Users/harika/Desktop/CSYE_7245/Labs/airflow_tfx_lab/vlab/lib/python3.7/site-packages/airflow/example_dags/example_skip_dag.py took 0.637 seconds
[2021-03-17 19:52:37,449] {scheduler_job.py:182} INFO - Started process (PID=30726) to work on /Users/harika/Desktop/CSYE_7245/Labs/airflow_tfx_lab/vlab/lib/python3.7/site-packages/airflow/example_dags/example_skip_dag.py
[2021-03-17 19:52:37,453] {scheduler_job.py:629} INFO - Processing file /Users/harika/Desktop/CSYE_7245/Labs/airflow_tfx_lab/vlab/lib/python3.7/site-packages/airflow/example_dags/example_skip_dag.py for tasks to queue
[2021-03-17 19:52:37,455] {logging_mixin.py:104} INFO - [2021-03-17 19:52:37,454] {dagbag.py:448} INFO - Filling up the DagBag from /Users/harika/Desktop/CSYE_7245/Labs/airflow_tfx_lab/vlab/lib/python3.7/site-packages/airflow/example_dags/example_skip_dag.py
[2021-03-17 19:52:37,472] {scheduler_job.py:639} INFO - DAG(s) dict_keys(['example_skip_dag']) retrieved from /Users/harika/Desktop/CSYE_7245/Labs/airflow_tfx_lab/vlab/lib/python3.7/site-packages/airflow/example_dags/example_skip_dag.py
[2021-03-17 19:52:37,491] {logging_mixin.py:104} INFO - [2021-03-17 19:52:37,490] {dag.py:1818} INFO - Sync 1 DAGs
[2021-03-17 19:52:37,504] {logging_mixin.py:104} INFO - [2021-03-17 19:52:37,503] {dag.py:2273} INFO - Setting next_dagrun for example_skip_dag to 2021-03-15 00:00:00+00:00
[2021-03-17 19:52:37,513] {scheduler_job.py:190} INFO - Processing /Users/harika/Desktop/CSYE_7245/Labs/airflow_tfx_lab/vlab/lib/python3.7/site-packages/airflow/example_dags/example_skip_dag.py took 0.068 seconds
[2021-03-17 19:53:19,123] {scheduler_job.py:182} INFO - Started process (PID=30761) to work on /Users/harika/Desktop/CSYE_7245/Labs/airflow_tfx_lab/vlab/lib/python3.7/site-packages/airflow/example_dags/example_skip_dag.py
[2021-03-17 19:53:19,125] {scheduler_job.py:629} INFO - Processing file /Users/harika/Desktop/CSYE_7245/Labs/airflow_tfx_lab/vlab/lib/python3.7/site-packages/airflow/example_dags/example_skip_dag.py for tasks to queue
[2021-03-17 19:53:19,127] {logging_mixin.py:104} INFO - [2021-03-17 19:53:19,126] {dagbag.py:448} INFO - Filling up the DagBag from /Users/harika/Desktop/CSYE_7245/Labs/airflow_tfx_lab/vlab/lib/python3.7/site-packages/airflow/example_dags/example_skip_dag.py
[2021-03-17 19:53:19,145] {scheduler_job.py:639} INFO - DAG(s) dict_keys(['example_skip_dag']) retrieved from /Users/harika/Desktop/CSYE_7245/Labs/airflow_tfx_lab/vlab/lib/python3.7/site-packages/airflow/example_dags/example_skip_dag.py
[2021-03-17 19:53:19,165] {logging_mixin.py:104} INFO - [2021-03-17 19:53:19,165] {dag.py:1818} INFO - Sync 1 DAGs
[2021-03-17 19:53:19,185] {logging_mixin.py:104} INFO - [2021-03-17 19:53:19,185] {dag.py:2273} INFO - Setting next_dagrun for example_skip_dag to 2021-03-15 00:00:00+00:00
[2021-03-17 19:53:19,200] {scheduler_job.py:190} INFO - Processing /Users/harika/Desktop/CSYE_7245/Labs/airflow_tfx_lab/vlab/lib/python3.7/site-packages/airflow/example_dags/example_skip_dag.py took 0.083 seconds
[2021-03-17 19:54:00,884] {scheduler_job.py:182} INFO - Started process (PID=30793) to work on /Users/harika/Desktop/CSYE_7245/Labs/airflow_tfx_lab/vlab/lib/python3.7/site-packages/airflow/example_dags/example_skip_dag.py
[2021-03-17 19:54:00,886] {scheduler_job.py:629} INFO - Processing file /Users/harika/Desktop/CSYE_7245/Labs/airflow_tfx_lab/vlab/lib/python3.7/site-packages/airflow/example_dags/example_skip_dag.py for tasks to queue
[2021-03-17 19:54:00,888] {logging_mixin.py:104} INFO - [2021-03-17 19:54:00,887] {dagbag.py:448} INFO - Filling up the DagBag from /Users/harika/Desktop/CSYE_7245/Labs/airflow_tfx_lab/vlab/lib/python3.7/site-packages/airflow/example_dags/example_skip_dag.py
[2021-03-17 19:54:00,915] {scheduler_job.py:639} INFO - DAG(s) dict_keys(['example_skip_dag']) retrieved from /Users/harika/Desktop/CSYE_7245/Labs/airflow_tfx_lab/vlab/lib/python3.7/site-packages/airflow/example_dags/example_skip_dag.py
[2021-03-17 19:54:00,944] {logging_mixin.py:104} INFO - [2021-03-17 19:54:00,944] {dag.py:1818} INFO - Sync 1 DAGs
[2021-03-17 19:54:00,960] {logging_mixin.py:104} INFO - [2021-03-17 19:54:00,959] {dag.py:2273} INFO - Setting next_dagrun for example_skip_dag to 2021-03-15 00:00:00+00:00
[2021-03-17 19:54:00,968] {scheduler_job.py:190} INFO - Processing /Users/harika/Desktop/CSYE_7245/Labs/airflow_tfx_lab/vlab/lib/python3.7/site-packages/airflow/example_dags/example_skip_dag.py took 0.092 seconds
[2021-03-17 19:54:45,349] {scheduler_job.py:182} INFO - Started process (PID=30830) to work on /Users/harika/Desktop/CSYE_7245/Labs/airflow_tfx_lab/vlab/lib/python3.7/site-packages/airflow/example_dags/example_skip_dag.py
[2021-03-17 19:54:45,351] {scheduler_job.py:629} INFO - Processing file /Users/harika/Desktop/CSYE_7245/Labs/airflow_tfx_lab/vlab/lib/python3.7/site-packages/airflow/example_dags/example_skip_dag.py for tasks to queue
[2021-03-17 19:54:45,354] {logging_mixin.py:104} INFO - [2021-03-17 19:54:45,353] {dagbag.py:448} INFO - Filling up the DagBag from /Users/harika/Desktop/CSYE_7245/Labs/airflow_tfx_lab/vlab/lib/python3.7/site-packages/airflow/example_dags/example_skip_dag.py
[2021-03-17 19:54:45,369] {scheduler_job.py:639} INFO - DAG(s) dict_keys(['example_skip_dag']) retrieved from /Users/harika/Desktop/CSYE_7245/Labs/airflow_tfx_lab/vlab/lib/python3.7/site-packages/airflow/example_dags/example_skip_dag.py
[2021-03-17 19:54:45,387] {logging_mixin.py:104} INFO - [2021-03-17 19:54:45,386] {dag.py:1818} INFO - Sync 1 DAGs
[2021-03-17 19:54:45,399] {logging_mixin.py:104} INFO - [2021-03-17 19:54:45,399] {dag.py:2273} INFO - Setting next_dagrun for example_skip_dag to 2021-03-15 00:00:00+00:00
[2021-03-17 19:54:45,409] {scheduler_job.py:190} INFO - Processing /Users/harika/Desktop/CSYE_7245/Labs/airflow_tfx_lab/vlab/lib/python3.7/site-packages/airflow/example_dags/example_skip_dag.py took 0.066 seconds
[2021-03-17 19:55:29,156] {scheduler_job.py:182} INFO - Started process (PID=30861) to work on /Users/harika/Desktop/CSYE_7245/Labs/airflow_tfx_lab/vlab/lib/python3.7/site-packages/airflow/example_dags/example_skip_dag.py
[2021-03-17 19:55:29,160] {scheduler_job.py:629} INFO - Processing file /Users/harika/Desktop/CSYE_7245/Labs/airflow_tfx_lab/vlab/lib/python3.7/site-packages/airflow/example_dags/example_skip_dag.py for tasks to queue
[2021-03-17 19:55:29,163] {logging_mixin.py:104} INFO - [2021-03-17 19:55:29,162] {dagbag.py:448} INFO - Filling up the DagBag from /Users/harika/Desktop/CSYE_7245/Labs/airflow_tfx_lab/vlab/lib/python3.7/site-packages/airflow/example_dags/example_skip_dag.py
[2021-03-17 19:55:29,178] {scheduler_job.py:639} INFO - DAG(s) dict_keys(['example_skip_dag']) retrieved from /Users/harika/Desktop/CSYE_7245/Labs/airflow_tfx_lab/vlab/lib/python3.7/site-packages/airflow/example_dags/example_skip_dag.py
[2021-03-17 19:55:29,212] {logging_mixin.py:104} INFO - [2021-03-17 19:55:29,212] {dag.py:1818} INFO - Sync 1 DAGs
[2021-03-17 19:55:29,228] {logging_mixin.py:104} INFO - [2021-03-17 19:55:29,227] {dag.py:2273} INFO - Setting next_dagrun for example_skip_dag to 2021-03-15 00:00:00+00:00
[2021-03-17 19:55:29,241] {scheduler_job.py:190} INFO - Processing /Users/harika/Desktop/CSYE_7245/Labs/airflow_tfx_lab/vlab/lib/python3.7/site-packages/airflow/example_dags/example_skip_dag.py took 0.089 seconds
[2021-03-17 19:56:07,534] {scheduler_job.py:182} INFO - Started process (PID=30890) to work on /Users/harika/Desktop/CSYE_7245/Labs/airflow_tfx_lab/vlab/lib/python3.7/site-packages/airflow/example_dags/example_skip_dag.py
[2021-03-17 19:56:07,538] {scheduler_job.py:629} INFO - Processing file /Users/harika/Desktop/CSYE_7245/Labs/airflow_tfx_lab/vlab/lib/python3.7/site-packages/airflow/example_dags/example_skip_dag.py for tasks to queue
[2021-03-17 19:56:07,541] {logging_mixin.py:104} INFO - [2021-03-17 19:56:07,540] {dagbag.py:448} INFO - Filling up the DagBag from /Users/harika/Desktop/CSYE_7245/Labs/airflow_tfx_lab/vlab/lib/python3.7/site-packages/airflow/example_dags/example_skip_dag.py
[2021-03-17 19:56:07,557] {scheduler_job.py:639} INFO - DAG(s) dict_keys(['example_skip_dag']) retrieved from /Users/harika/Desktop/CSYE_7245/Labs/airflow_tfx_lab/vlab/lib/python3.7/site-packages/airflow/example_dags/example_skip_dag.py
[2021-03-17 19:56:07,576] {logging_mixin.py:104} INFO - [2021-03-17 19:56:07,576] {dag.py:1818} INFO - Sync 1 DAGs
[2021-03-17 19:56:07,594] {logging_mixin.py:104} INFO - [2021-03-17 19:56:07,593] {dag.py:2273} INFO - Setting next_dagrun for example_skip_dag to 2021-03-15 00:00:00+00:00
[2021-03-17 19:56:07,604] {scheduler_job.py:190} INFO - Processing /Users/harika/Desktop/CSYE_7245/Labs/airflow_tfx_lab/vlab/lib/python3.7/site-packages/airflow/example_dags/example_skip_dag.py took 0.074 seconds
[2021-03-17 19:56:47,014] {scheduler_job.py:182} INFO - Started process (PID=30919) to work on /Users/harika/Desktop/CSYE_7245/Labs/airflow_tfx_lab/vlab/lib/python3.7/site-packages/airflow/example_dags/example_skip_dag.py
[2021-03-17 19:56:47,017] {scheduler_job.py:629} INFO - Processing file /Users/harika/Desktop/CSYE_7245/Labs/airflow_tfx_lab/vlab/lib/python3.7/site-packages/airflow/example_dags/example_skip_dag.py for tasks to queue
[2021-03-17 19:56:47,019] {logging_mixin.py:104} INFO - [2021-03-17 19:56:47,018] {dagbag.py:448} INFO - Filling up the DagBag from /Users/harika/Desktop/CSYE_7245/Labs/airflow_tfx_lab/vlab/lib/python3.7/site-packages/airflow/example_dags/example_skip_dag.py
[2021-03-17 19:56:47,033] {scheduler_job.py:639} INFO - DAG(s) dict_keys(['example_skip_dag']) retrieved from /Users/harika/Desktop/CSYE_7245/Labs/airflow_tfx_lab/vlab/lib/python3.7/site-packages/airflow/example_dags/example_skip_dag.py
[2021-03-17 19:56:47,055] {logging_mixin.py:104} INFO - [2021-03-17 19:56:47,055] {dag.py:1818} INFO - Sync 1 DAGs
[2021-03-17 19:56:47,069] {logging_mixin.py:104} INFO - [2021-03-17 19:56:47,069] {dag.py:2273} INFO - Setting next_dagrun for example_skip_dag to 2021-03-15 00:00:00+00:00
[2021-03-17 19:56:47,080] {scheduler_job.py:190} INFO - Processing /Users/harika/Desktop/CSYE_7245/Labs/airflow_tfx_lab/vlab/lib/python3.7/site-packages/airflow/example_dags/example_skip_dag.py took 0.070 seconds
[2021-03-17 19:57:25,421] {scheduler_job.py:182} INFO - Started process (PID=30948) to work on /Users/harika/Desktop/CSYE_7245/Labs/airflow_tfx_lab/vlab/lib/python3.7/site-packages/airflow/example_dags/example_skip_dag.py
[2021-03-17 19:57:25,425] {scheduler_job.py:629} INFO - Processing file /Users/harika/Desktop/CSYE_7245/Labs/airflow_tfx_lab/vlab/lib/python3.7/site-packages/airflow/example_dags/example_skip_dag.py for tasks to queue
[2021-03-17 19:57:25,426] {logging_mixin.py:104} INFO - [2021-03-17 19:57:25,426] {dagbag.py:448} INFO - Filling up the DagBag from /Users/harika/Desktop/CSYE_7245/Labs/airflow_tfx_lab/vlab/lib/python3.7/site-packages/airflow/example_dags/example_skip_dag.py
[2021-03-17 19:57:25,448] {scheduler_job.py:639} INFO - DAG(s) dict_keys(['example_skip_dag']) retrieved from /Users/harika/Desktop/CSYE_7245/Labs/airflow_tfx_lab/vlab/lib/python3.7/site-packages/airflow/example_dags/example_skip_dag.py
[2021-03-17 19:57:25,467] {logging_mixin.py:104} INFO - [2021-03-17 19:57:25,466] {dag.py:1818} INFO - Sync 1 DAGs
[2021-03-17 19:57:25,486] {logging_mixin.py:104} INFO - [2021-03-17 19:57:25,485] {dag.py:2273} INFO - Setting next_dagrun for example_skip_dag to 2021-03-15 00:00:00+00:00
[2021-03-17 19:57:25,495] {scheduler_job.py:190} INFO - Processing /Users/harika/Desktop/CSYE_7245/Labs/airflow_tfx_lab/vlab/lib/python3.7/site-packages/airflow/example_dags/example_skip_dag.py took 0.079 seconds
[2021-03-17 19:58:04,025] {scheduler_job.py:182} INFO - Started process (PID=30981) to work on /Users/harika/Desktop/CSYE_7245/Labs/airflow_tfx_lab/vlab/lib/python3.7/site-packages/airflow/example_dags/example_skip_dag.py
[2021-03-17 19:58:04,027] {scheduler_job.py:629} INFO - Processing file /Users/harika/Desktop/CSYE_7245/Labs/airflow_tfx_lab/vlab/lib/python3.7/site-packages/airflow/example_dags/example_skip_dag.py for tasks to queue
[2021-03-17 19:58:04,029] {logging_mixin.py:104} INFO - [2021-03-17 19:58:04,029] {dagbag.py:448} INFO - Filling up the DagBag from /Users/harika/Desktop/CSYE_7245/Labs/airflow_tfx_lab/vlab/lib/python3.7/site-packages/airflow/example_dags/example_skip_dag.py
[2021-03-17 19:58:04,052] {scheduler_job.py:639} INFO - DAG(s) dict_keys(['example_skip_dag']) retrieved from /Users/harika/Desktop/CSYE_7245/Labs/airflow_tfx_lab/vlab/lib/python3.7/site-packages/airflow/example_dags/example_skip_dag.py
[2021-03-17 19:58:04,079] {logging_mixin.py:104} INFO - [2021-03-17 19:58:04,078] {dag.py:1818} INFO - Sync 1 DAGs
[2021-03-17 19:58:04,094] {logging_mixin.py:104} INFO - [2021-03-17 19:58:04,093] {dag.py:2273} INFO - Setting next_dagrun for example_skip_dag to 2021-03-15 00:00:00+00:00
[2021-03-17 19:58:04,104] {scheduler_job.py:190} INFO - Processing /Users/harika/Desktop/CSYE_7245/Labs/airflow_tfx_lab/vlab/lib/python3.7/site-packages/airflow/example_dags/example_skip_dag.py took 0.084 seconds
[2021-03-17 19:58:45,511] {scheduler_job.py:182} INFO - Started process (PID=31024) to work on /Users/harika/Desktop/CSYE_7245/Labs/airflow_tfx_lab/vlab/lib/python3.7/site-packages/airflow/example_dags/example_skip_dag.py
[2021-03-17 19:58:45,515] {scheduler_job.py:629} INFO - Processing file /Users/harika/Desktop/CSYE_7245/Labs/airflow_tfx_lab/vlab/lib/python3.7/site-packages/airflow/example_dags/example_skip_dag.py for tasks to queue
[2021-03-17 19:58:45,517] {logging_mixin.py:104} INFO - [2021-03-17 19:58:45,516] {dagbag.py:448} INFO - Filling up the DagBag from /Users/harika/Desktop/CSYE_7245/Labs/airflow_tfx_lab/vlab/lib/python3.7/site-packages/airflow/example_dags/example_skip_dag.py
[2021-03-17 19:58:45,530] {scheduler_job.py:639} INFO - DAG(s) dict_keys(['example_skip_dag']) retrieved from /Users/harika/Desktop/CSYE_7245/Labs/airflow_tfx_lab/vlab/lib/python3.7/site-packages/airflow/example_dags/example_skip_dag.py
[2021-03-17 19:58:45,551] {logging_mixin.py:104} INFO - [2021-03-17 19:58:45,550] {dag.py:1818} INFO - Sync 1 DAGs
[2021-03-17 19:58:45,565] {logging_mixin.py:104} INFO - [2021-03-17 19:58:45,565] {dag.py:2273} INFO - Setting next_dagrun for example_skip_dag to 2021-03-15 00:00:00+00:00
[2021-03-17 19:58:45,575] {scheduler_job.py:190} INFO - Processing /Users/harika/Desktop/CSYE_7245/Labs/airflow_tfx_lab/vlab/lib/python3.7/site-packages/airflow/example_dags/example_skip_dag.py took 0.068 seconds
[2021-03-17 19:59:24,696] {scheduler_job.py:182} INFO - Started process (PID=31054) to work on /Users/harika/Desktop/CSYE_7245/Labs/airflow_tfx_lab/vlab/lib/python3.7/site-packages/airflow/example_dags/example_skip_dag.py
[2021-03-17 19:59:24,699] {scheduler_job.py:629} INFO - Processing file /Users/harika/Desktop/CSYE_7245/Labs/airflow_tfx_lab/vlab/lib/python3.7/site-packages/airflow/example_dags/example_skip_dag.py for tasks to queue
[2021-03-17 19:59:24,701] {logging_mixin.py:104} INFO - [2021-03-17 19:59:24,700] {dagbag.py:448} INFO - Filling up the DagBag from /Users/harika/Desktop/CSYE_7245/Labs/airflow_tfx_lab/vlab/lib/python3.7/site-packages/airflow/example_dags/example_skip_dag.py
[2021-03-17 19:59:24,725] {scheduler_job.py:639} INFO - DAG(s) dict_keys(['example_skip_dag']) retrieved from /Users/harika/Desktop/CSYE_7245/Labs/airflow_tfx_lab/vlab/lib/python3.7/site-packages/airflow/example_dags/example_skip_dag.py
[2021-03-17 19:59:24,745] {logging_mixin.py:104} INFO - [2021-03-17 19:59:24,745] {dag.py:1818} INFO - Sync 1 DAGs
[2021-03-17 19:59:24,760] {logging_mixin.py:104} INFO - [2021-03-17 19:59:24,760] {dag.py:2273} INFO - Setting next_dagrun for example_skip_dag to 2021-03-15 00:00:00+00:00
[2021-03-17 19:59:24,772] {scheduler_job.py:190} INFO - Processing /Users/harika/Desktop/CSYE_7245/Labs/airflow_tfx_lab/vlab/lib/python3.7/site-packages/airflow/example_dags/example_skip_dag.py took 0.081 seconds
