[2021-03-17 18:51:39,263] {scheduler_job.py:182} INFO - Started process (PID=26404) to work on /Users/harika/Desktop/CSYE_7245/Labs/airflow_tfx_lab/vlab/lib/python3.7/site-packages/airflow/example_dags/tutorial.py
[2021-03-17 18:51:39,265] {scheduler_job.py:629} INFO - Processing file /Users/harika/Desktop/CSYE_7245/Labs/airflow_tfx_lab/vlab/lib/python3.7/site-packages/airflow/example_dags/tutorial.py for tasks to queue
[2021-03-17 18:51:39,266] {logging_mixin.py:104} INFO - [2021-03-17 18:51:39,265] {dagbag.py:448} INFO - Filling up the DagBag from /Users/harika/Desktop/CSYE_7245/Labs/airflow_tfx_lab/vlab/lib/python3.7/site-packages/airflow/example_dags/tutorial.py
[2021-03-17 18:51:39,284] {scheduler_job.py:639} INFO - DAG(s) dict_keys(['tutorial']) retrieved from /Users/harika/Desktop/CSYE_7245/Labs/airflow_tfx_lab/vlab/lib/python3.7/site-packages/airflow/example_dags/tutorial.py
[2021-03-17 18:51:39,311] {logging_mixin.py:104} INFO - [2021-03-17 18:51:39,310] {dag.py:1818} INFO - Sync 1 DAGs
[2021-03-17 18:51:39,326] {logging_mixin.py:104} INFO - [2021-03-17 18:51:39,325] {dag.py:2273} INFO - Setting next_dagrun for tutorial to 2021-03-15 00:00:00+00:00
[2021-03-17 18:51:39,339] {scheduler_job.py:190} INFO - Processing /Users/harika/Desktop/CSYE_7245/Labs/airflow_tfx_lab/vlab/lib/python3.7/site-packages/airflow/example_dags/tutorial.py took 0.080 seconds
[2021-03-17 18:52:28,954] {scheduler_job.py:182} INFO - Started process (PID=26503) to work on /Users/harika/Desktop/CSYE_7245/Labs/airflow_tfx_lab/vlab/lib/python3.7/site-packages/airflow/example_dags/tutorial.py
[2021-03-17 18:52:28,957] {scheduler_job.py:629} INFO - Processing file /Users/harika/Desktop/CSYE_7245/Labs/airflow_tfx_lab/vlab/lib/python3.7/site-packages/airflow/example_dags/tutorial.py for tasks to queue
[2021-03-17 18:52:28,960] {logging_mixin.py:104} INFO - [2021-03-17 18:52:28,959] {dagbag.py:448} INFO - Filling up the DagBag from /Users/harika/Desktop/CSYE_7245/Labs/airflow_tfx_lab/vlab/lib/python3.7/site-packages/airflow/example_dags/tutorial.py
[2021-03-17 18:52:28,979] {scheduler_job.py:639} INFO - DAG(s) dict_keys(['tutorial']) retrieved from /Users/harika/Desktop/CSYE_7245/Labs/airflow_tfx_lab/vlab/lib/python3.7/site-packages/airflow/example_dags/tutorial.py
[2021-03-17 18:52:29,008] {logging_mixin.py:104} INFO - [2021-03-17 18:52:29,007] {dag.py:1818} INFO - Sync 1 DAGs
[2021-03-17 18:52:29,029] {logging_mixin.py:104} INFO - [2021-03-17 18:52:29,028] {dag.py:2273} INFO - Setting next_dagrun for tutorial to 2021-03-15 00:00:00+00:00
[2021-03-17 18:52:29,053] {scheduler_job.py:190} INFO - Processing /Users/harika/Desktop/CSYE_7245/Labs/airflow_tfx_lab/vlab/lib/python3.7/site-packages/airflow/example_dags/tutorial.py took 0.104 seconds
[2021-03-17 18:55:35,235] {scheduler_job.py:182} INFO - Started process (PID=26739) to work on /Users/harika/Desktop/CSYE_7245/Labs/airflow_tfx_lab/vlab/lib/python3.7/site-packages/airflow/example_dags/tutorial.py
[2021-03-17 18:55:35,241] {scheduler_job.py:629} INFO - Processing file /Users/harika/Desktop/CSYE_7245/Labs/airflow_tfx_lab/vlab/lib/python3.7/site-packages/airflow/example_dags/tutorial.py for tasks to queue
[2021-03-17 18:55:35,246] {logging_mixin.py:104} INFO - [2021-03-17 18:55:35,244] {dagbag.py:448} INFO - Filling up the DagBag from /Users/harika/Desktop/CSYE_7245/Labs/airflow_tfx_lab/vlab/lib/python3.7/site-packages/airflow/example_dags/tutorial.py
[2021-03-17 18:55:35,264] {scheduler_job.py:639} INFO - DAG(s) dict_keys(['tutorial']) retrieved from /Users/harika/Desktop/CSYE_7245/Labs/airflow_tfx_lab/vlab/lib/python3.7/site-packages/airflow/example_dags/tutorial.py
[2021-03-17 18:55:35,311] {logging_mixin.py:104} INFO - [2021-03-17 18:55:35,310] {dag.py:1818} INFO - Sync 1 DAGs
[2021-03-17 18:55:35,332] {logging_mixin.py:104} INFO - [2021-03-17 18:55:35,331] {dag.py:2273} INFO - Setting next_dagrun for tutorial to 2021-03-15 00:00:00+00:00
[2021-03-17 18:55:35,357] {scheduler_job.py:190} INFO - Processing /Users/harika/Desktop/CSYE_7245/Labs/airflow_tfx_lab/vlab/lib/python3.7/site-packages/airflow/example_dags/tutorial.py took 0.126 seconds
[2021-03-17 18:56:12,087] {scheduler_job.py:182} INFO - Started process (PID=26765) to work on /Users/harika/Desktop/CSYE_7245/Labs/airflow_tfx_lab/vlab/lib/python3.7/site-packages/airflow/example_dags/tutorial.py
[2021-03-17 18:56:12,091] {scheduler_job.py:629} INFO - Processing file /Users/harika/Desktop/CSYE_7245/Labs/airflow_tfx_lab/vlab/lib/python3.7/site-packages/airflow/example_dags/tutorial.py for tasks to queue
[2021-03-17 18:56:12,093] {logging_mixin.py:104} INFO - [2021-03-17 18:56:12,092] {dagbag.py:448} INFO - Filling up the DagBag from /Users/harika/Desktop/CSYE_7245/Labs/airflow_tfx_lab/vlab/lib/python3.7/site-packages/airflow/example_dags/tutorial.py
[2021-03-17 18:56:12,112] {scheduler_job.py:639} INFO - DAG(s) dict_keys(['tutorial']) retrieved from /Users/harika/Desktop/CSYE_7245/Labs/airflow_tfx_lab/vlab/lib/python3.7/site-packages/airflow/example_dags/tutorial.py
[2021-03-17 18:56:12,144] {logging_mixin.py:104} INFO - [2021-03-17 18:56:12,143] {dag.py:1818} INFO - Sync 1 DAGs
[2021-03-17 18:56:12,165] {logging_mixin.py:104} INFO - [2021-03-17 18:56:12,164] {dag.py:2273} INFO - Setting next_dagrun for tutorial to 2021-03-15 00:00:00+00:00
[2021-03-17 18:56:12,178] {scheduler_job.py:190} INFO - Processing /Users/harika/Desktop/CSYE_7245/Labs/airflow_tfx_lab/vlab/lib/python3.7/site-packages/airflow/example_dags/tutorial.py took 0.104 seconds
[2021-03-17 18:56:56,610] {scheduler_job.py:182} INFO - Started process (PID=26889) to work on /Users/harika/Desktop/CSYE_7245/Labs/airflow_tfx_lab/vlab/lib/python3.7/site-packages/airflow/example_dags/tutorial.py
[2021-03-17 18:56:56,613] {scheduler_job.py:629} INFO - Processing file /Users/harika/Desktop/CSYE_7245/Labs/airflow_tfx_lab/vlab/lib/python3.7/site-packages/airflow/example_dags/tutorial.py for tasks to queue
[2021-03-17 18:56:56,616] {logging_mixin.py:104} INFO - [2021-03-17 18:56:56,615] {dagbag.py:448} INFO - Filling up the DagBag from /Users/harika/Desktop/CSYE_7245/Labs/airflow_tfx_lab/vlab/lib/python3.7/site-packages/airflow/example_dags/tutorial.py
[2021-03-17 18:56:56,631] {scheduler_job.py:639} INFO - DAG(s) dict_keys(['tutorial']) retrieved from /Users/harika/Desktop/CSYE_7245/Labs/airflow_tfx_lab/vlab/lib/python3.7/site-packages/airflow/example_dags/tutorial.py
[2021-03-17 18:56:56,653] {logging_mixin.py:104} INFO - [2021-03-17 18:56:56,653] {dag.py:1818} INFO - Sync 1 DAGs
[2021-03-17 18:56:56,674] {logging_mixin.py:104} INFO - [2021-03-17 18:56:56,673] {dag.py:2273} INFO - Setting next_dagrun for tutorial to 2021-03-15 00:00:00+00:00
[2021-03-17 18:56:56,699] {scheduler_job.py:190} INFO - Processing /Users/harika/Desktop/CSYE_7245/Labs/airflow_tfx_lab/vlab/lib/python3.7/site-packages/airflow/example_dags/tutorial.py took 0.095 seconds
[2021-03-17 18:58:01,285] {scheduler_job.py:182} INFO - Started process (PID=27001) to work on /Users/harika/Desktop/CSYE_7245/Labs/airflow_tfx_lab/vlab/lib/python3.7/site-packages/airflow/example_dags/tutorial.py
[2021-03-17 18:58:01,288] {scheduler_job.py:629} INFO - Processing file /Users/harika/Desktop/CSYE_7245/Labs/airflow_tfx_lab/vlab/lib/python3.7/site-packages/airflow/example_dags/tutorial.py for tasks to queue
[2021-03-17 18:58:01,292] {logging_mixin.py:104} INFO - [2021-03-17 18:58:01,291] {dagbag.py:448} INFO - Filling up the DagBag from /Users/harika/Desktop/CSYE_7245/Labs/airflow_tfx_lab/vlab/lib/python3.7/site-packages/airflow/example_dags/tutorial.py
[2021-03-17 18:58:01,312] {scheduler_job.py:639} INFO - DAG(s) dict_keys(['tutorial']) retrieved from /Users/harika/Desktop/CSYE_7245/Labs/airflow_tfx_lab/vlab/lib/python3.7/site-packages/airflow/example_dags/tutorial.py
[2021-03-17 18:58:01,337] {logging_mixin.py:104} INFO - [2021-03-17 18:58:01,336] {dag.py:1818} INFO - Sync 1 DAGs
[2021-03-17 18:58:01,370] {logging_mixin.py:104} INFO - [2021-03-17 18:58:01,369] {dag.py:2273} INFO - Setting next_dagrun for tutorial to 2021-03-15 00:00:00+00:00
[2021-03-17 18:58:01,400] {scheduler_job.py:190} INFO - Processing /Users/harika/Desktop/CSYE_7245/Labs/airflow_tfx_lab/vlab/lib/python3.7/site-packages/airflow/example_dags/tutorial.py took 0.129 seconds
[2021-03-17 18:58:56,703] {scheduler_job.py:182} INFO - Started process (PID=27081) to work on /Users/harika/Desktop/CSYE_7245/Labs/airflow_tfx_lab/vlab/lib/python3.7/site-packages/airflow/example_dags/tutorial.py
[2021-03-17 18:58:56,708] {scheduler_job.py:629} INFO - Processing file /Users/harika/Desktop/CSYE_7245/Labs/airflow_tfx_lab/vlab/lib/python3.7/site-packages/airflow/example_dags/tutorial.py for tasks to queue
[2021-03-17 18:58:56,712] {logging_mixin.py:104} INFO - [2021-03-17 18:58:56,711] {dagbag.py:448} INFO - Filling up the DagBag from /Users/harika/Desktop/CSYE_7245/Labs/airflow_tfx_lab/vlab/lib/python3.7/site-packages/airflow/example_dags/tutorial.py
[2021-03-17 18:58:56,747] {scheduler_job.py:639} INFO - DAG(s) dict_keys(['tutorial']) retrieved from /Users/harika/Desktop/CSYE_7245/Labs/airflow_tfx_lab/vlab/lib/python3.7/site-packages/airflow/example_dags/tutorial.py
[2021-03-17 18:58:56,919] {logging_mixin.py:104} INFO - [2021-03-17 18:58:56,918] {dag.py:1818} INFO - Sync 1 DAGs
[2021-03-17 18:58:57,100] {logging_mixin.py:104} INFO - [2021-03-17 18:58:57,034] {dag.py:2273} INFO - Setting next_dagrun for tutorial to 2021-03-15 00:00:00+00:00
[2021-03-17 18:58:57,329] {scheduler_job.py:190} INFO - Processing /Users/harika/Desktop/CSYE_7245/Labs/airflow_tfx_lab/vlab/lib/python3.7/site-packages/airflow/example_dags/tutorial.py took 0.639 seconds
[2021-03-17 18:59:39,688] {scheduler_job.py:182} INFO - Started process (PID=27118) to work on /Users/harika/Desktop/CSYE_7245/Labs/airflow_tfx_lab/vlab/lib/python3.7/site-packages/airflow/example_dags/tutorial.py
[2021-03-17 18:59:39,694] {scheduler_job.py:629} INFO - Processing file /Users/harika/Desktop/CSYE_7245/Labs/airflow_tfx_lab/vlab/lib/python3.7/site-packages/airflow/example_dags/tutorial.py for tasks to queue
[2021-03-17 18:59:39,697] {logging_mixin.py:104} INFO - [2021-03-17 18:59:39,696] {dagbag.py:448} INFO - Filling up the DagBag from /Users/harika/Desktop/CSYE_7245/Labs/airflow_tfx_lab/vlab/lib/python3.7/site-packages/airflow/example_dags/tutorial.py
[2021-03-17 18:59:39,715] {scheduler_job.py:639} INFO - DAG(s) dict_keys(['tutorial']) retrieved from /Users/harika/Desktop/CSYE_7245/Labs/airflow_tfx_lab/vlab/lib/python3.7/site-packages/airflow/example_dags/tutorial.py
[2021-03-17 18:59:39,746] {logging_mixin.py:104} INFO - [2021-03-17 18:59:39,745] {dag.py:1818} INFO - Sync 1 DAGs
[2021-03-17 18:59:39,774] {logging_mixin.py:104} INFO - [2021-03-17 18:59:39,772] {dag.py:2273} INFO - Setting next_dagrun for tutorial to 2021-03-15 00:00:00+00:00
[2021-03-17 18:59:39,787] {scheduler_job.py:190} INFO - Processing /Users/harika/Desktop/CSYE_7245/Labs/airflow_tfx_lab/vlab/lib/python3.7/site-packages/airflow/example_dags/tutorial.py took 0.116 seconds
[2021-03-17 19:00:38,931] {scheduler_job.py:182} INFO - Started process (PID=27220) to work on /Users/harika/Desktop/CSYE_7245/Labs/airflow_tfx_lab/vlab/lib/python3.7/site-packages/airflow/example_dags/tutorial.py
[2021-03-17 19:00:38,937] {scheduler_job.py:629} INFO - Processing file /Users/harika/Desktop/CSYE_7245/Labs/airflow_tfx_lab/vlab/lib/python3.7/site-packages/airflow/example_dags/tutorial.py for tasks to queue
[2021-03-17 19:00:38,940] {logging_mixin.py:104} INFO - [2021-03-17 19:00:38,939] {dagbag.py:448} INFO - Filling up the DagBag from /Users/harika/Desktop/CSYE_7245/Labs/airflow_tfx_lab/vlab/lib/python3.7/site-packages/airflow/example_dags/tutorial.py
[2021-03-17 19:00:38,966] {scheduler_job.py:639} INFO - DAG(s) dict_keys(['tutorial']) retrieved from /Users/harika/Desktop/CSYE_7245/Labs/airflow_tfx_lab/vlab/lib/python3.7/site-packages/airflow/example_dags/tutorial.py
[2021-03-17 19:00:39,032] {logging_mixin.py:104} INFO - [2021-03-17 19:00:39,031] {dag.py:1818} INFO - Sync 1 DAGs
[2021-03-17 19:00:39,072] {logging_mixin.py:104} INFO - [2021-03-17 19:00:39,071] {dag.py:2273} INFO - Setting next_dagrun for tutorial to 2021-03-15 00:00:00+00:00
[2021-03-17 19:00:39,102] {scheduler_job.py:190} INFO - Processing /Users/harika/Desktop/CSYE_7245/Labs/airflow_tfx_lab/vlab/lib/python3.7/site-packages/airflow/example_dags/tutorial.py took 0.189 seconds
[2021-03-17 19:01:28,133] {scheduler_job.py:182} INFO - Started process (PID=27328) to work on /Users/harika/Desktop/CSYE_7245/Labs/airflow_tfx_lab/vlab/lib/python3.7/site-packages/airflow/example_dags/tutorial.py
[2021-03-17 19:01:28,136] {scheduler_job.py:629} INFO - Processing file /Users/harika/Desktop/CSYE_7245/Labs/airflow_tfx_lab/vlab/lib/python3.7/site-packages/airflow/example_dags/tutorial.py for tasks to queue
[2021-03-17 19:01:28,138] {logging_mixin.py:104} INFO - [2021-03-17 19:01:28,137] {dagbag.py:448} INFO - Filling up the DagBag from /Users/harika/Desktop/CSYE_7245/Labs/airflow_tfx_lab/vlab/lib/python3.7/site-packages/airflow/example_dags/tutorial.py
[2021-03-17 19:01:28,148] {scheduler_job.py:639} INFO - DAG(s) dict_keys(['tutorial']) retrieved from /Users/harika/Desktop/CSYE_7245/Labs/airflow_tfx_lab/vlab/lib/python3.7/site-packages/airflow/example_dags/tutorial.py
[2021-03-17 19:01:28,191] {logging_mixin.py:104} INFO - [2021-03-17 19:01:28,190] {dag.py:1818} INFO - Sync 1 DAGs
[2021-03-17 19:01:28,217] {logging_mixin.py:104} INFO - [2021-03-17 19:01:28,216] {dag.py:2273} INFO - Setting next_dagrun for tutorial to 2021-03-15 00:00:00+00:00
[2021-03-17 19:01:28,237] {scheduler_job.py:190} INFO - Processing /Users/harika/Desktop/CSYE_7245/Labs/airflow_tfx_lab/vlab/lib/python3.7/site-packages/airflow/example_dags/tutorial.py took 0.114 seconds
[2021-03-17 19:02:21,260] {scheduler_job.py:182} INFO - Started process (PID=27417) to work on /Users/harika/Desktop/CSYE_7245/Labs/airflow_tfx_lab/vlab/lib/python3.7/site-packages/airflow/example_dags/tutorial.py
[2021-03-17 19:02:21,266] {scheduler_job.py:629} INFO - Processing file /Users/harika/Desktop/CSYE_7245/Labs/airflow_tfx_lab/vlab/lib/python3.7/site-packages/airflow/example_dags/tutorial.py for tasks to queue
[2021-03-17 19:02:21,272] {logging_mixin.py:104} INFO - [2021-03-17 19:02:21,269] {dagbag.py:448} INFO - Filling up the DagBag from /Users/harika/Desktop/CSYE_7245/Labs/airflow_tfx_lab/vlab/lib/python3.7/site-packages/airflow/example_dags/tutorial.py
[2021-03-17 19:02:21,288] {scheduler_job.py:639} INFO - DAG(s) dict_keys(['tutorial']) retrieved from /Users/harika/Desktop/CSYE_7245/Labs/airflow_tfx_lab/vlab/lib/python3.7/site-packages/airflow/example_dags/tutorial.py
[2021-03-17 19:02:21,328] {logging_mixin.py:104} INFO - [2021-03-17 19:02:21,328] {dag.py:1818} INFO - Sync 1 DAGs
[2021-03-17 19:02:21,348] {logging_mixin.py:104} INFO - [2021-03-17 19:02:21,347] {dag.py:2273} INFO - Setting next_dagrun for tutorial to 2021-03-15 00:00:00+00:00
[2021-03-17 19:02:21,369] {scheduler_job.py:190} INFO - Processing /Users/harika/Desktop/CSYE_7245/Labs/airflow_tfx_lab/vlab/lib/python3.7/site-packages/airflow/example_dags/tutorial.py took 0.116 seconds
[2021-03-17 19:02:57,246] {scheduler_job.py:182} INFO - Started process (PID=27517) to work on /Users/harika/Desktop/CSYE_7245/Labs/airflow_tfx_lab/vlab/lib/python3.7/site-packages/airflow/example_dags/tutorial.py
[2021-03-17 19:02:57,249] {scheduler_job.py:629} INFO - Processing file /Users/harika/Desktop/CSYE_7245/Labs/airflow_tfx_lab/vlab/lib/python3.7/site-packages/airflow/example_dags/tutorial.py for tasks to queue
[2021-03-17 19:02:57,250] {logging_mixin.py:104} INFO - [2021-03-17 19:02:57,250] {dagbag.py:448} INFO - Filling up the DagBag from /Users/harika/Desktop/CSYE_7245/Labs/airflow_tfx_lab/vlab/lib/python3.7/site-packages/airflow/example_dags/tutorial.py
[2021-03-17 19:02:57,265] {scheduler_job.py:639} INFO - DAG(s) dict_keys(['tutorial']) retrieved from /Users/harika/Desktop/CSYE_7245/Labs/airflow_tfx_lab/vlab/lib/python3.7/site-packages/airflow/example_dags/tutorial.py
[2021-03-17 19:02:57,307] {logging_mixin.py:104} INFO - [2021-03-17 19:02:57,305] {dag.py:1818} INFO - Sync 1 DAGs
[2021-03-17 19:02:57,335] {logging_mixin.py:104} INFO - [2021-03-17 19:02:57,334] {dag.py:2273} INFO - Setting next_dagrun for tutorial to 2021-03-15 00:00:00+00:00
[2021-03-17 19:02:57,373] {scheduler_job.py:190} INFO - Processing /Users/harika/Desktop/CSYE_7245/Labs/airflow_tfx_lab/vlab/lib/python3.7/site-packages/airflow/example_dags/tutorial.py took 0.134 seconds
[2021-03-17 19:03:43,186] {scheduler_job.py:182} INFO - Started process (PID=27610) to work on /Users/harika/Desktop/CSYE_7245/Labs/airflow_tfx_lab/vlab/lib/python3.7/site-packages/airflow/example_dags/tutorial.py
[2021-03-17 19:03:43,189] {scheduler_job.py:629} INFO - Processing file /Users/harika/Desktop/CSYE_7245/Labs/airflow_tfx_lab/vlab/lib/python3.7/site-packages/airflow/example_dags/tutorial.py for tasks to queue
[2021-03-17 19:03:43,191] {logging_mixin.py:104} INFO - [2021-03-17 19:03:43,190] {dagbag.py:448} INFO - Filling up the DagBag from /Users/harika/Desktop/CSYE_7245/Labs/airflow_tfx_lab/vlab/lib/python3.7/site-packages/airflow/example_dags/tutorial.py
[2021-03-17 19:03:43,205] {scheduler_job.py:639} INFO - DAG(s) dict_keys(['tutorial']) retrieved from /Users/harika/Desktop/CSYE_7245/Labs/airflow_tfx_lab/vlab/lib/python3.7/site-packages/airflow/example_dags/tutorial.py
[2021-03-17 19:03:43,265] {logging_mixin.py:104} INFO - [2021-03-17 19:03:43,262] {dag.py:1818} INFO - Sync 1 DAGs
[2021-03-17 19:03:43,354] {logging_mixin.py:104} INFO - [2021-03-17 19:03:43,311] {dag.py:2273} INFO - Setting next_dagrun for tutorial to 2021-03-15 00:00:00+00:00
[2021-03-17 19:03:43,414] {scheduler_job.py:190} INFO - Processing /Users/harika/Desktop/CSYE_7245/Labs/airflow_tfx_lab/vlab/lib/python3.7/site-packages/airflow/example_dags/tutorial.py took 0.237 seconds
[2021-03-17 19:04:30,107] {scheduler_job.py:182} INFO - Started process (PID=27690) to work on /Users/harika/Desktop/CSYE_7245/Labs/airflow_tfx_lab/vlab/lib/python3.7/site-packages/airflow/example_dags/tutorial.py
[2021-03-17 19:04:30,115] {scheduler_job.py:629} INFO - Processing file /Users/harika/Desktop/CSYE_7245/Labs/airflow_tfx_lab/vlab/lib/python3.7/site-packages/airflow/example_dags/tutorial.py for tasks to queue
[2021-03-17 19:04:30,121] {logging_mixin.py:104} INFO - [2021-03-17 19:04:30,119] {dagbag.py:448} INFO - Filling up the DagBag from /Users/harika/Desktop/CSYE_7245/Labs/airflow_tfx_lab/vlab/lib/python3.7/site-packages/airflow/example_dags/tutorial.py
[2021-03-17 19:04:30,152] {scheduler_job.py:639} INFO - DAG(s) dict_keys(['tutorial']) retrieved from /Users/harika/Desktop/CSYE_7245/Labs/airflow_tfx_lab/vlab/lib/python3.7/site-packages/airflow/example_dags/tutorial.py
[2021-03-17 19:04:30,193] {logging_mixin.py:104} INFO - [2021-03-17 19:04:30,193] {dag.py:1818} INFO - Sync 1 DAGs
[2021-03-17 19:04:30,212] {logging_mixin.py:104} INFO - [2021-03-17 19:04:30,211] {dag.py:2273} INFO - Setting next_dagrun for tutorial to 2021-03-15 00:00:00+00:00
[2021-03-17 19:04:30,232] {scheduler_job.py:190} INFO - Processing /Users/harika/Desktop/CSYE_7245/Labs/airflow_tfx_lab/vlab/lib/python3.7/site-packages/airflow/example_dags/tutorial.py took 0.143 seconds
[2021-03-17 19:05:04,148] {scheduler_job.py:182} INFO - Started process (PID=27742) to work on /Users/harika/Desktop/CSYE_7245/Labs/airflow_tfx_lab/vlab/lib/python3.7/site-packages/airflow/example_dags/tutorial.py
[2021-03-17 19:05:04,153] {scheduler_job.py:629} INFO - Processing file /Users/harika/Desktop/CSYE_7245/Labs/airflow_tfx_lab/vlab/lib/python3.7/site-packages/airflow/example_dags/tutorial.py for tasks to queue
[2021-03-17 19:05:04,156] {logging_mixin.py:104} INFO - [2021-03-17 19:05:04,155] {dagbag.py:448} INFO - Filling up the DagBag from /Users/harika/Desktop/CSYE_7245/Labs/airflow_tfx_lab/vlab/lib/python3.7/site-packages/airflow/example_dags/tutorial.py
[2021-03-17 19:05:04,171] {scheduler_job.py:639} INFO - DAG(s) dict_keys(['tutorial']) retrieved from /Users/harika/Desktop/CSYE_7245/Labs/airflow_tfx_lab/vlab/lib/python3.7/site-packages/airflow/example_dags/tutorial.py
[2021-03-17 19:05:04,212] {logging_mixin.py:104} INFO - [2021-03-17 19:05:04,211] {dag.py:1818} INFO - Sync 1 DAGs
[2021-03-17 19:05:04,251] {logging_mixin.py:104} INFO - [2021-03-17 19:05:04,248] {dag.py:2273} INFO - Setting next_dagrun for tutorial to 2021-03-15 00:00:00+00:00
[2021-03-17 19:05:04,409] {scheduler_job.py:190} INFO - Processing /Users/harika/Desktop/CSYE_7245/Labs/airflow_tfx_lab/vlab/lib/python3.7/site-packages/airflow/example_dags/tutorial.py took 0.272 seconds
[2021-03-17 19:05:47,511] {scheduler_job.py:182} INFO - Started process (PID=27823) to work on /Users/harika/Desktop/CSYE_7245/Labs/airflow_tfx_lab/vlab/lib/python3.7/site-packages/airflow/example_dags/tutorial.py
[2021-03-17 19:05:47,514] {scheduler_job.py:629} INFO - Processing file /Users/harika/Desktop/CSYE_7245/Labs/airflow_tfx_lab/vlab/lib/python3.7/site-packages/airflow/example_dags/tutorial.py for tasks to queue
[2021-03-17 19:05:47,517] {logging_mixin.py:104} INFO - [2021-03-17 19:05:47,516] {dagbag.py:448} INFO - Filling up the DagBag from /Users/harika/Desktop/CSYE_7245/Labs/airflow_tfx_lab/vlab/lib/python3.7/site-packages/airflow/example_dags/tutorial.py
[2021-03-17 19:05:47,528] {scheduler_job.py:639} INFO - DAG(s) dict_keys(['tutorial']) retrieved from /Users/harika/Desktop/CSYE_7245/Labs/airflow_tfx_lab/vlab/lib/python3.7/site-packages/airflow/example_dags/tutorial.py
[2021-03-17 19:05:47,545] {logging_mixin.py:104} INFO - [2021-03-17 19:05:47,545] {dag.py:1818} INFO - Sync 1 DAGs
[2021-03-17 19:05:47,568] {logging_mixin.py:104} INFO - [2021-03-17 19:05:47,567] {dag.py:2273} INFO - Setting next_dagrun for tutorial to 2021-03-15 00:00:00+00:00
[2021-03-17 19:05:47,586] {scheduler_job.py:190} INFO - Processing /Users/harika/Desktop/CSYE_7245/Labs/airflow_tfx_lab/vlab/lib/python3.7/site-packages/airflow/example_dags/tutorial.py took 0.080 seconds
[2021-03-17 19:06:30,591] {scheduler_job.py:182} INFO - Started process (PID=27950) to work on /Users/harika/Desktop/CSYE_7245/Labs/airflow_tfx_lab/vlab/lib/python3.7/site-packages/airflow/example_dags/tutorial.py
[2021-03-17 19:06:30,595] {scheduler_job.py:629} INFO - Processing file /Users/harika/Desktop/CSYE_7245/Labs/airflow_tfx_lab/vlab/lib/python3.7/site-packages/airflow/example_dags/tutorial.py for tasks to queue
[2021-03-17 19:06:30,597] {logging_mixin.py:104} INFO - [2021-03-17 19:06:30,596] {dagbag.py:448} INFO - Filling up the DagBag from /Users/harika/Desktop/CSYE_7245/Labs/airflow_tfx_lab/vlab/lib/python3.7/site-packages/airflow/example_dags/tutorial.py
[2021-03-17 19:06:30,606] {scheduler_job.py:639} INFO - DAG(s) dict_keys(['tutorial']) retrieved from /Users/harika/Desktop/CSYE_7245/Labs/airflow_tfx_lab/vlab/lib/python3.7/site-packages/airflow/example_dags/tutorial.py
[2021-03-17 19:06:30,623] {logging_mixin.py:104} INFO - [2021-03-17 19:06:30,622] {dag.py:1818} INFO - Sync 1 DAGs
[2021-03-17 19:06:30,635] {logging_mixin.py:104} INFO - [2021-03-17 19:06:30,634] {dag.py:2273} INFO - Setting next_dagrun for tutorial to 2021-03-15 00:00:00+00:00
[2021-03-17 19:06:30,645] {scheduler_job.py:190} INFO - Processing /Users/harika/Desktop/CSYE_7245/Labs/airflow_tfx_lab/vlab/lib/python3.7/site-packages/airflow/example_dags/tutorial.py took 0.058 seconds
[2021-03-17 19:14:17,129] {scheduler_job.py:182} INFO - Started process (PID=28396) to work on /Users/harika/Desktop/CSYE_7245/Labs/airflow_tfx_lab/vlab/lib/python3.7/site-packages/airflow/example_dags/tutorial.py
[2021-03-17 19:14:17,132] {scheduler_job.py:629} INFO - Processing file /Users/harika/Desktop/CSYE_7245/Labs/airflow_tfx_lab/vlab/lib/python3.7/site-packages/airflow/example_dags/tutorial.py for tasks to queue
[2021-03-17 19:14:17,135] {logging_mixin.py:104} INFO - [2021-03-17 19:14:17,133] {dagbag.py:448} INFO - Filling up the DagBag from /Users/harika/Desktop/CSYE_7245/Labs/airflow_tfx_lab/vlab/lib/python3.7/site-packages/airflow/example_dags/tutorial.py
[2021-03-17 19:14:17,160] {scheduler_job.py:639} INFO - DAG(s) dict_keys(['tutorial']) retrieved from /Users/harika/Desktop/CSYE_7245/Labs/airflow_tfx_lab/vlab/lib/python3.7/site-packages/airflow/example_dags/tutorial.py
[2021-03-17 19:14:17,248] {logging_mixin.py:104} INFO - [2021-03-17 19:14:17,245] {dag.py:1818} INFO - Sync 1 DAGs
[2021-03-17 19:14:17,289] {logging_mixin.py:104} INFO - [2021-03-17 19:14:17,289] {dag.py:2273} INFO - Setting next_dagrun for tutorial to 2021-03-15 00:00:00+00:00
[2021-03-17 19:14:17,317] {scheduler_job.py:190} INFO - Processing /Users/harika/Desktop/CSYE_7245/Labs/airflow_tfx_lab/vlab/lib/python3.7/site-packages/airflow/example_dags/tutorial.py took 0.195 seconds
[2021-03-17 19:15:10,033] {scheduler_job.py:182} INFO - Started process (PID=28487) to work on /Users/harika/Desktop/CSYE_7245/Labs/airflow_tfx_lab/vlab/lib/python3.7/site-packages/airflow/example_dags/tutorial.py
[2021-03-17 19:15:10,037] {scheduler_job.py:629} INFO - Processing file /Users/harika/Desktop/CSYE_7245/Labs/airflow_tfx_lab/vlab/lib/python3.7/site-packages/airflow/example_dags/tutorial.py for tasks to queue
[2021-03-17 19:15:10,039] {logging_mixin.py:104} INFO - [2021-03-17 19:15:10,039] {dagbag.py:448} INFO - Filling up the DagBag from /Users/harika/Desktop/CSYE_7245/Labs/airflow_tfx_lab/vlab/lib/python3.7/site-packages/airflow/example_dags/tutorial.py
[2021-03-17 19:15:10,056] {scheduler_job.py:639} INFO - DAG(s) dict_keys(['tutorial']) retrieved from /Users/harika/Desktop/CSYE_7245/Labs/airflow_tfx_lab/vlab/lib/python3.7/site-packages/airflow/example_dags/tutorial.py
[2021-03-17 19:15:10,072] {logging_mixin.py:104} INFO - [2021-03-17 19:15:10,072] {dag.py:1818} INFO - Sync 1 DAGs
[2021-03-17 19:15:10,087] {logging_mixin.py:104} INFO - [2021-03-17 19:15:10,087] {dag.py:2273} INFO - Setting next_dagrun for tutorial to 2021-03-15 00:00:00+00:00
[2021-03-17 19:15:10,098] {scheduler_job.py:190} INFO - Processing /Users/harika/Desktop/CSYE_7245/Labs/airflow_tfx_lab/vlab/lib/python3.7/site-packages/airflow/example_dags/tutorial.py took 0.071 seconds
[2021-03-17 19:15:50,984] {scheduler_job.py:182} INFO - Started process (PID=28595) to work on /Users/harika/Desktop/CSYE_7245/Labs/airflow_tfx_lab/vlab/lib/python3.7/site-packages/airflow/example_dags/tutorial.py
[2021-03-17 19:15:50,987] {scheduler_job.py:629} INFO - Processing file /Users/harika/Desktop/CSYE_7245/Labs/airflow_tfx_lab/vlab/lib/python3.7/site-packages/airflow/example_dags/tutorial.py for tasks to queue
[2021-03-17 19:15:50,991] {logging_mixin.py:104} INFO - [2021-03-17 19:15:50,990] {dagbag.py:448} INFO - Filling up the DagBag from /Users/harika/Desktop/CSYE_7245/Labs/airflow_tfx_lab/vlab/lib/python3.7/site-packages/airflow/example_dags/tutorial.py
[2021-03-17 19:15:51,010] {scheduler_job.py:639} INFO - DAG(s) dict_keys(['tutorial']) retrieved from /Users/harika/Desktop/CSYE_7245/Labs/airflow_tfx_lab/vlab/lib/python3.7/site-packages/airflow/example_dags/tutorial.py
[2021-03-17 19:15:51,040] {logging_mixin.py:104} INFO - [2021-03-17 19:15:51,039] {dag.py:1818} INFO - Sync 1 DAGs
[2021-03-17 19:15:51,064] {logging_mixin.py:104} INFO - [2021-03-17 19:15:51,063] {dag.py:2273} INFO - Setting next_dagrun for tutorial to 2021-03-15 00:00:00+00:00
[2021-03-17 19:15:51,075] {scheduler_job.py:190} INFO - Processing /Users/harika/Desktop/CSYE_7245/Labs/airflow_tfx_lab/vlab/lib/python3.7/site-packages/airflow/example_dags/tutorial.py took 0.105 seconds
[2021-03-17 19:16:33,827] {scheduler_job.py:182} INFO - Started process (PID=28675) to work on /Users/harika/Desktop/CSYE_7245/Labs/airflow_tfx_lab/vlab/lib/python3.7/site-packages/airflow/example_dags/tutorial.py
[2021-03-17 19:16:33,829] {scheduler_job.py:629} INFO - Processing file /Users/harika/Desktop/CSYE_7245/Labs/airflow_tfx_lab/vlab/lib/python3.7/site-packages/airflow/example_dags/tutorial.py for tasks to queue
[2021-03-17 19:16:33,832] {logging_mixin.py:104} INFO - [2021-03-17 19:16:33,831] {dagbag.py:448} INFO - Filling up the DagBag from /Users/harika/Desktop/CSYE_7245/Labs/airflow_tfx_lab/vlab/lib/python3.7/site-packages/airflow/example_dags/tutorial.py
[2021-03-17 19:16:33,857] {scheduler_job.py:639} INFO - DAG(s) dict_keys(['tutorial']) retrieved from /Users/harika/Desktop/CSYE_7245/Labs/airflow_tfx_lab/vlab/lib/python3.7/site-packages/airflow/example_dags/tutorial.py
[2021-03-17 19:16:33,906] {logging_mixin.py:104} INFO - [2021-03-17 19:16:33,905] {dag.py:1818} INFO - Sync 1 DAGs
[2021-03-17 19:16:33,965] {logging_mixin.py:104} INFO - [2021-03-17 19:16:33,964] {dag.py:2273} INFO - Setting next_dagrun for tutorial to 2021-03-15 00:00:00+00:00
[2021-03-17 19:16:34,026] {scheduler_job.py:190} INFO - Processing /Users/harika/Desktop/CSYE_7245/Labs/airflow_tfx_lab/vlab/lib/python3.7/site-packages/airflow/example_dags/tutorial.py took 0.213 seconds
[2021-03-17 19:19:34,209] {scheduler_job.py:182} INFO - Started process (PID=28836) to work on /Users/harika/Desktop/CSYE_7245/Labs/airflow_tfx_lab/vlab/lib/python3.7/site-packages/airflow/example_dags/tutorial.py
[2021-03-17 19:19:34,214] {scheduler_job.py:629} INFO - Processing file /Users/harika/Desktop/CSYE_7245/Labs/airflow_tfx_lab/vlab/lib/python3.7/site-packages/airflow/example_dags/tutorial.py for tasks to queue
[2021-03-17 19:19:34,217] {logging_mixin.py:104} INFO - [2021-03-17 19:19:34,216] {dagbag.py:448} INFO - Filling up the DagBag from /Users/harika/Desktop/CSYE_7245/Labs/airflow_tfx_lab/vlab/lib/python3.7/site-packages/airflow/example_dags/tutorial.py
[2021-03-17 19:19:34,242] {scheduler_job.py:639} INFO - DAG(s) dict_keys(['tutorial']) retrieved from /Users/harika/Desktop/CSYE_7245/Labs/airflow_tfx_lab/vlab/lib/python3.7/site-packages/airflow/example_dags/tutorial.py
[2021-03-17 19:19:34,292] {logging_mixin.py:104} INFO - [2021-03-17 19:19:34,292] {dag.py:1818} INFO - Sync 1 DAGs
[2021-03-17 19:19:34,379] {logging_mixin.py:104} INFO - [2021-03-17 19:19:34,378] {dag.py:2273} INFO - Setting next_dagrun for tutorial to 2021-03-15 00:00:00+00:00
[2021-03-17 19:19:34,409] {scheduler_job.py:190} INFO - Processing /Users/harika/Desktop/CSYE_7245/Labs/airflow_tfx_lab/vlab/lib/python3.7/site-packages/airflow/example_dags/tutorial.py took 0.207 seconds
[2021-03-17 19:22:14,416] {scheduler_job.py:182} INFO - Started process (PID=28907) to work on /Users/harika/Desktop/CSYE_7245/Labs/airflow_tfx_lab/vlab/lib/python3.7/site-packages/airflow/example_dags/tutorial.py
[2021-03-17 19:22:14,419] {scheduler_job.py:629} INFO - Processing file /Users/harika/Desktop/CSYE_7245/Labs/airflow_tfx_lab/vlab/lib/python3.7/site-packages/airflow/example_dags/tutorial.py for tasks to queue
[2021-03-17 19:22:14,422] {logging_mixin.py:104} INFO - [2021-03-17 19:22:14,421] {dagbag.py:448} INFO - Filling up the DagBag from /Users/harika/Desktop/CSYE_7245/Labs/airflow_tfx_lab/vlab/lib/python3.7/site-packages/airflow/example_dags/tutorial.py
[2021-03-17 19:22:14,441] {scheduler_job.py:639} INFO - DAG(s) dict_keys(['tutorial']) retrieved from /Users/harika/Desktop/CSYE_7245/Labs/airflow_tfx_lab/vlab/lib/python3.7/site-packages/airflow/example_dags/tutorial.py
[2021-03-17 19:22:14,459] {logging_mixin.py:104} INFO - [2021-03-17 19:22:14,458] {dag.py:1818} INFO - Sync 1 DAGs
[2021-03-17 19:22:14,490] {logging_mixin.py:104} INFO - [2021-03-17 19:22:14,490] {dag.py:2273} INFO - Setting next_dagrun for tutorial to 2021-03-15 00:00:00+00:00
[2021-03-17 19:22:14,507] {scheduler_job.py:190} INFO - Processing /Users/harika/Desktop/CSYE_7245/Labs/airflow_tfx_lab/vlab/lib/python3.7/site-packages/airflow/example_dags/tutorial.py took 0.096 seconds
[2021-03-17 19:22:56,410] {scheduler_job.py:182} INFO - Started process (PID=28936) to work on /Users/harika/Desktop/CSYE_7245/Labs/airflow_tfx_lab/vlab/lib/python3.7/site-packages/airflow/example_dags/tutorial.py
[2021-03-17 19:22:56,412] {scheduler_job.py:629} INFO - Processing file /Users/harika/Desktop/CSYE_7245/Labs/airflow_tfx_lab/vlab/lib/python3.7/site-packages/airflow/example_dags/tutorial.py for tasks to queue
[2021-03-17 19:22:56,415] {logging_mixin.py:104} INFO - [2021-03-17 19:22:56,414] {dagbag.py:448} INFO - Filling up the DagBag from /Users/harika/Desktop/CSYE_7245/Labs/airflow_tfx_lab/vlab/lib/python3.7/site-packages/airflow/example_dags/tutorial.py
[2021-03-17 19:22:56,482] {scheduler_job.py:639} INFO - DAG(s) dict_keys(['tutorial']) retrieved from /Users/harika/Desktop/CSYE_7245/Labs/airflow_tfx_lab/vlab/lib/python3.7/site-packages/airflow/example_dags/tutorial.py
[2021-03-17 19:22:56,534] {logging_mixin.py:104} INFO - [2021-03-17 19:22:56,534] {dag.py:1818} INFO - Sync 1 DAGs
[2021-03-17 19:22:56,627] {logging_mixin.py:104} INFO - [2021-03-17 19:22:56,627] {dag.py:2273} INFO - Setting next_dagrun for tutorial to 2021-03-15 00:00:00+00:00
[2021-03-17 19:22:56,653] {scheduler_job.py:190} INFO - Processing /Users/harika/Desktop/CSYE_7245/Labs/airflow_tfx_lab/vlab/lib/python3.7/site-packages/airflow/example_dags/tutorial.py took 0.251 seconds
[2021-03-17 19:23:38,799] {scheduler_job.py:182} INFO - Started process (PID=28967) to work on /Users/harika/Desktop/CSYE_7245/Labs/airflow_tfx_lab/vlab/lib/python3.7/site-packages/airflow/example_dags/tutorial.py
[2021-03-17 19:23:38,806] {scheduler_job.py:629} INFO - Processing file /Users/harika/Desktop/CSYE_7245/Labs/airflow_tfx_lab/vlab/lib/python3.7/site-packages/airflow/example_dags/tutorial.py for tasks to queue
[2021-03-17 19:23:38,809] {logging_mixin.py:104} INFO - [2021-03-17 19:23:38,809] {dagbag.py:448} INFO - Filling up the DagBag from /Users/harika/Desktop/CSYE_7245/Labs/airflow_tfx_lab/vlab/lib/python3.7/site-packages/airflow/example_dags/tutorial.py
[2021-03-17 19:23:38,825] {scheduler_job.py:639} INFO - DAG(s) dict_keys(['tutorial']) retrieved from /Users/harika/Desktop/CSYE_7245/Labs/airflow_tfx_lab/vlab/lib/python3.7/site-packages/airflow/example_dags/tutorial.py
[2021-03-17 19:23:38,857] {logging_mixin.py:104} INFO - [2021-03-17 19:23:38,855] {dag.py:1818} INFO - Sync 1 DAGs
[2021-03-17 19:23:38,880] {logging_mixin.py:104} INFO - [2021-03-17 19:23:38,880] {dag.py:2273} INFO - Setting next_dagrun for tutorial to 2021-03-15 00:00:00+00:00
[2021-03-17 19:23:38,891] {scheduler_job.py:190} INFO - Processing /Users/harika/Desktop/CSYE_7245/Labs/airflow_tfx_lab/vlab/lib/python3.7/site-packages/airflow/example_dags/tutorial.py took 0.097 seconds
[2021-03-17 19:24:18,217] {scheduler_job.py:182} INFO - Started process (PID=28996) to work on /Users/harika/Desktop/CSYE_7245/Labs/airflow_tfx_lab/vlab/lib/python3.7/site-packages/airflow/example_dags/tutorial.py
[2021-03-17 19:24:18,220] {scheduler_job.py:629} INFO - Processing file /Users/harika/Desktop/CSYE_7245/Labs/airflow_tfx_lab/vlab/lib/python3.7/site-packages/airflow/example_dags/tutorial.py for tasks to queue
[2021-03-17 19:24:18,222] {logging_mixin.py:104} INFO - [2021-03-17 19:24:18,221] {dagbag.py:448} INFO - Filling up the DagBag from /Users/harika/Desktop/CSYE_7245/Labs/airflow_tfx_lab/vlab/lib/python3.7/site-packages/airflow/example_dags/tutorial.py
[2021-03-17 19:24:18,236] {scheduler_job.py:639} INFO - DAG(s) dict_keys(['tutorial']) retrieved from /Users/harika/Desktop/CSYE_7245/Labs/airflow_tfx_lab/vlab/lib/python3.7/site-packages/airflow/example_dags/tutorial.py
[2021-03-17 19:24:18,257] {logging_mixin.py:104} INFO - [2021-03-17 19:24:18,257] {dag.py:1818} INFO - Sync 1 DAGs
[2021-03-17 19:24:18,275] {logging_mixin.py:104} INFO - [2021-03-17 19:24:18,275] {dag.py:2273} INFO - Setting next_dagrun for tutorial to 2021-03-15 00:00:00+00:00
[2021-03-17 19:24:18,284] {scheduler_job.py:190} INFO - Processing /Users/harika/Desktop/CSYE_7245/Labs/airflow_tfx_lab/vlab/lib/python3.7/site-packages/airflow/example_dags/tutorial.py took 0.070 seconds
[2021-03-17 19:25:16,029] {scheduler_job.py:182} INFO - Started process (PID=29045) to work on /Users/harika/Desktop/CSYE_7245/Labs/airflow_tfx_lab/vlab/lib/python3.7/site-packages/airflow/example_dags/tutorial.py
[2021-03-17 19:25:16,034] {scheduler_job.py:629} INFO - Processing file /Users/harika/Desktop/CSYE_7245/Labs/airflow_tfx_lab/vlab/lib/python3.7/site-packages/airflow/example_dags/tutorial.py for tasks to queue
[2021-03-17 19:25:16,038] {logging_mixin.py:104} INFO - [2021-03-17 19:25:16,037] {dagbag.py:448} INFO - Filling up the DagBag from /Users/harika/Desktop/CSYE_7245/Labs/airflow_tfx_lab/vlab/lib/python3.7/site-packages/airflow/example_dags/tutorial.py
[2021-03-17 19:25:16,067] {scheduler_job.py:639} INFO - DAG(s) dict_keys(['tutorial']) retrieved from /Users/harika/Desktop/CSYE_7245/Labs/airflow_tfx_lab/vlab/lib/python3.7/site-packages/airflow/example_dags/tutorial.py
[2021-03-17 19:25:16,123] {logging_mixin.py:104} INFO - [2021-03-17 19:25:16,122] {dag.py:1818} INFO - Sync 1 DAGs
[2021-03-17 19:25:16,206] {logging_mixin.py:104} INFO - [2021-03-17 19:25:16,183] {dag.py:2273} INFO - Setting next_dagrun for tutorial to 2021-03-15 00:00:00+00:00
[2021-03-17 19:25:16,297] {scheduler_job.py:190} INFO - Processing /Users/harika/Desktop/CSYE_7245/Labs/airflow_tfx_lab/vlab/lib/python3.7/site-packages/airflow/example_dags/tutorial.py took 0.277 seconds
[2021-03-17 19:26:32,377] {scheduler_job.py:182} INFO - Started process (PID=29086) to work on /Users/harika/Desktop/CSYE_7245/Labs/airflow_tfx_lab/vlab/lib/python3.7/site-packages/airflow/example_dags/tutorial.py
[2021-03-17 19:26:32,381] {scheduler_job.py:629} INFO - Processing file /Users/harika/Desktop/CSYE_7245/Labs/airflow_tfx_lab/vlab/lib/python3.7/site-packages/airflow/example_dags/tutorial.py for tasks to queue
[2021-03-17 19:26:32,384] {logging_mixin.py:104} INFO - [2021-03-17 19:26:32,383] {dagbag.py:448} INFO - Filling up the DagBag from /Users/harika/Desktop/CSYE_7245/Labs/airflow_tfx_lab/vlab/lib/python3.7/site-packages/airflow/example_dags/tutorial.py
[2021-03-17 19:26:32,430] {scheduler_job.py:639} INFO - DAG(s) dict_keys(['tutorial']) retrieved from /Users/harika/Desktop/CSYE_7245/Labs/airflow_tfx_lab/vlab/lib/python3.7/site-packages/airflow/example_dags/tutorial.py
[2021-03-17 19:26:32,468] {logging_mixin.py:104} INFO - [2021-03-17 19:26:32,466] {dag.py:1818} INFO - Sync 1 DAGs
[2021-03-17 19:26:32,509] {logging_mixin.py:104} INFO - [2021-03-17 19:26:32,509] {dag.py:2273} INFO - Setting next_dagrun for tutorial to 2021-03-15 00:00:00+00:00
[2021-03-17 19:26:32,523] {scheduler_job.py:190} INFO - Processing /Users/harika/Desktop/CSYE_7245/Labs/airflow_tfx_lab/vlab/lib/python3.7/site-packages/airflow/example_dags/tutorial.py took 0.171 seconds
[2021-03-17 19:29:29,906] {scheduler_job.py:182} INFO - Started process (PID=29175) to work on /Users/harika/Desktop/CSYE_7245/Labs/airflow_tfx_lab/vlab/lib/python3.7/site-packages/airflow/example_dags/tutorial.py
[2021-03-17 19:29:29,911] {scheduler_job.py:629} INFO - Processing file /Users/harika/Desktop/CSYE_7245/Labs/airflow_tfx_lab/vlab/lib/python3.7/site-packages/airflow/example_dags/tutorial.py for tasks to queue
[2021-03-17 19:29:29,914] {logging_mixin.py:104} INFO - [2021-03-17 19:29:29,913] {dagbag.py:448} INFO - Filling up the DagBag from /Users/harika/Desktop/CSYE_7245/Labs/airflow_tfx_lab/vlab/lib/python3.7/site-packages/airflow/example_dags/tutorial.py
[2021-03-17 19:29:29,936] {scheduler_job.py:639} INFO - DAG(s) dict_keys(['tutorial']) retrieved from /Users/harika/Desktop/CSYE_7245/Labs/airflow_tfx_lab/vlab/lib/python3.7/site-packages/airflow/example_dags/tutorial.py
[2021-03-17 19:29:29,956] {logging_mixin.py:104} INFO - [2021-03-17 19:29:29,955] {dag.py:1818} INFO - Sync 1 DAGs
[2021-03-17 19:29:29,973] {logging_mixin.py:104} INFO - [2021-03-17 19:29:29,972] {dag.py:2273} INFO - Setting next_dagrun for tutorial to 2021-03-15 00:00:00+00:00
[2021-03-17 19:29:29,990] {scheduler_job.py:190} INFO - Processing /Users/harika/Desktop/CSYE_7245/Labs/airflow_tfx_lab/vlab/lib/python3.7/site-packages/airflow/example_dags/tutorial.py took 0.089 seconds
[2021-03-17 19:30:15,606] {scheduler_job.py:182} INFO - Started process (PID=29233) to work on /Users/harika/Desktop/CSYE_7245/Labs/airflow_tfx_lab/vlab/lib/python3.7/site-packages/airflow/example_dags/tutorial.py
[2021-03-17 19:30:15,608] {scheduler_job.py:629} INFO - Processing file /Users/harika/Desktop/CSYE_7245/Labs/airflow_tfx_lab/vlab/lib/python3.7/site-packages/airflow/example_dags/tutorial.py for tasks to queue
[2021-03-17 19:30:15,610] {logging_mixin.py:104} INFO - [2021-03-17 19:30:15,609] {dagbag.py:448} INFO - Filling up the DagBag from /Users/harika/Desktop/CSYE_7245/Labs/airflow_tfx_lab/vlab/lib/python3.7/site-packages/airflow/example_dags/tutorial.py
[2021-03-17 19:30:15,635] {scheduler_job.py:639} INFO - DAG(s) dict_keys(['tutorial']) retrieved from /Users/harika/Desktop/CSYE_7245/Labs/airflow_tfx_lab/vlab/lib/python3.7/site-packages/airflow/example_dags/tutorial.py
[2021-03-17 19:30:15,661] {logging_mixin.py:104} INFO - [2021-03-17 19:30:15,660] {dag.py:1818} INFO - Sync 1 DAGs
[2021-03-17 19:30:15,692] {logging_mixin.py:104} INFO - [2021-03-17 19:30:15,691] {dag.py:2273} INFO - Setting next_dagrun for tutorial to 2021-03-15 00:00:00+00:00
[2021-03-17 19:30:15,714] {scheduler_job.py:190} INFO - Processing /Users/harika/Desktop/CSYE_7245/Labs/airflow_tfx_lab/vlab/lib/python3.7/site-packages/airflow/example_dags/tutorial.py took 0.113 seconds
[2021-03-17 19:31:13,060] {scheduler_job.py:182} INFO - Started process (PID=29379) to work on /Users/harika/Desktop/CSYE_7245/Labs/airflow_tfx_lab/vlab/lib/python3.7/site-packages/airflow/example_dags/tutorial.py
[2021-03-17 19:31:13,064] {scheduler_job.py:629} INFO - Processing file /Users/harika/Desktop/CSYE_7245/Labs/airflow_tfx_lab/vlab/lib/python3.7/site-packages/airflow/example_dags/tutorial.py for tasks to queue
[2021-03-17 19:31:13,068] {logging_mixin.py:104} INFO - [2021-03-17 19:31:13,067] {dagbag.py:448} INFO - Filling up the DagBag from /Users/harika/Desktop/CSYE_7245/Labs/airflow_tfx_lab/vlab/lib/python3.7/site-packages/airflow/example_dags/tutorial.py
[2021-03-17 19:31:13,102] {scheduler_job.py:639} INFO - DAG(s) dict_keys(['tutorial']) retrieved from /Users/harika/Desktop/CSYE_7245/Labs/airflow_tfx_lab/vlab/lib/python3.7/site-packages/airflow/example_dags/tutorial.py
[2021-03-17 19:31:13,136] {logging_mixin.py:104} INFO - [2021-03-17 19:31:13,135] {dag.py:1818} INFO - Sync 1 DAGs
[2021-03-17 19:31:13,165] {logging_mixin.py:104} INFO - [2021-03-17 19:31:13,164] {dag.py:2273} INFO - Setting next_dagrun for tutorial to 2021-03-15 00:00:00+00:00
[2021-03-17 19:31:13,187] {scheduler_job.py:190} INFO - Processing /Users/harika/Desktop/CSYE_7245/Labs/airflow_tfx_lab/vlab/lib/python3.7/site-packages/airflow/example_dags/tutorial.py took 0.136 seconds
[2021-03-17 19:32:10,351] {scheduler_job.py:182} INFO - Started process (PID=29442) to work on /Users/harika/Desktop/CSYE_7245/Labs/airflow_tfx_lab/vlab/lib/python3.7/site-packages/airflow/example_dags/tutorial.py
[2021-03-17 19:32:10,355] {scheduler_job.py:629} INFO - Processing file /Users/harika/Desktop/CSYE_7245/Labs/airflow_tfx_lab/vlab/lib/python3.7/site-packages/airflow/example_dags/tutorial.py for tasks to queue
[2021-03-17 19:32:10,358] {logging_mixin.py:104} INFO - [2021-03-17 19:32:10,357] {dagbag.py:448} INFO - Filling up the DagBag from /Users/harika/Desktop/CSYE_7245/Labs/airflow_tfx_lab/vlab/lib/python3.7/site-packages/airflow/example_dags/tutorial.py
[2021-03-17 19:32:10,400] {scheduler_job.py:639} INFO - DAG(s) dict_keys(['tutorial']) retrieved from /Users/harika/Desktop/CSYE_7245/Labs/airflow_tfx_lab/vlab/lib/python3.7/site-packages/airflow/example_dags/tutorial.py
[2021-03-17 19:32:10,449] {logging_mixin.py:104} INFO - [2021-03-17 19:32:10,448] {dag.py:1818} INFO - Sync 1 DAGs
[2021-03-17 19:32:10,478] {logging_mixin.py:104} INFO - [2021-03-17 19:32:10,477] {dag.py:2273} INFO - Setting next_dagrun for tutorial to 2021-03-15 00:00:00+00:00
[2021-03-17 19:32:10,492] {scheduler_job.py:190} INFO - Processing /Users/harika/Desktop/CSYE_7245/Labs/airflow_tfx_lab/vlab/lib/python3.7/site-packages/airflow/example_dags/tutorial.py took 0.151 seconds
[2021-03-17 19:33:02,455] {scheduler_job.py:182} INFO - Started process (PID=29497) to work on /Users/harika/Desktop/CSYE_7245/Labs/airflow_tfx_lab/vlab/lib/python3.7/site-packages/airflow/example_dags/tutorial.py
[2021-03-17 19:33:02,458] {scheduler_job.py:629} INFO - Processing file /Users/harika/Desktop/CSYE_7245/Labs/airflow_tfx_lab/vlab/lib/python3.7/site-packages/airflow/example_dags/tutorial.py for tasks to queue
[2021-03-17 19:33:02,459] {logging_mixin.py:104} INFO - [2021-03-17 19:33:02,459] {dagbag.py:448} INFO - Filling up the DagBag from /Users/harika/Desktop/CSYE_7245/Labs/airflow_tfx_lab/vlab/lib/python3.7/site-packages/airflow/example_dags/tutorial.py
[2021-03-17 19:33:02,478] {scheduler_job.py:639} INFO - DAG(s) dict_keys(['tutorial']) retrieved from /Users/harika/Desktop/CSYE_7245/Labs/airflow_tfx_lab/vlab/lib/python3.7/site-packages/airflow/example_dags/tutorial.py
[2021-03-17 19:33:02,499] {logging_mixin.py:104} INFO - [2021-03-17 19:33:02,499] {dag.py:1818} INFO - Sync 1 DAGs
[2021-03-17 19:33:02,521] {logging_mixin.py:104} INFO - [2021-03-17 19:33:02,520] {dag.py:2273} INFO - Setting next_dagrun for tutorial to 2021-03-15 00:00:00+00:00
[2021-03-17 19:33:02,534] {scheduler_job.py:190} INFO - Processing /Users/harika/Desktop/CSYE_7245/Labs/airflow_tfx_lab/vlab/lib/python3.7/site-packages/airflow/example_dags/tutorial.py took 0.083 seconds
[2021-03-17 19:33:56,639] {scheduler_job.py:182} INFO - Started process (PID=29583) to work on /Users/harika/Desktop/CSYE_7245/Labs/airflow_tfx_lab/vlab/lib/python3.7/site-packages/airflow/example_dags/tutorial.py
[2021-03-17 19:33:56,642] {scheduler_job.py:629} INFO - Processing file /Users/harika/Desktop/CSYE_7245/Labs/airflow_tfx_lab/vlab/lib/python3.7/site-packages/airflow/example_dags/tutorial.py for tasks to queue
[2021-03-17 19:33:56,644] {logging_mixin.py:104} INFO - [2021-03-17 19:33:56,643] {dagbag.py:448} INFO - Filling up the DagBag from /Users/harika/Desktop/CSYE_7245/Labs/airflow_tfx_lab/vlab/lib/python3.7/site-packages/airflow/example_dags/tutorial.py
[2021-03-17 19:33:56,669] {scheduler_job.py:639} INFO - DAG(s) dict_keys(['tutorial']) retrieved from /Users/harika/Desktop/CSYE_7245/Labs/airflow_tfx_lab/vlab/lib/python3.7/site-packages/airflow/example_dags/tutorial.py
[2021-03-17 19:33:56,704] {logging_mixin.py:104} INFO - [2021-03-17 19:33:56,703] {dag.py:1818} INFO - Sync 1 DAGs
[2021-03-17 19:33:56,738] {logging_mixin.py:104} INFO - [2021-03-17 19:33:56,736] {dag.py:2273} INFO - Setting next_dagrun for tutorial to 2021-03-15 00:00:00+00:00
[2021-03-17 19:33:56,758] {scheduler_job.py:190} INFO - Processing /Users/harika/Desktop/CSYE_7245/Labs/airflow_tfx_lab/vlab/lib/python3.7/site-packages/airflow/example_dags/tutorial.py took 0.124 seconds
[2021-03-17 19:34:44,119] {scheduler_job.py:182} INFO - Started process (PID=29631) to work on /Users/harika/Desktop/CSYE_7245/Labs/airflow_tfx_lab/vlab/lib/python3.7/site-packages/airflow/example_dags/tutorial.py
[2021-03-17 19:34:44,125] {scheduler_job.py:629} INFO - Processing file /Users/harika/Desktop/CSYE_7245/Labs/airflow_tfx_lab/vlab/lib/python3.7/site-packages/airflow/example_dags/tutorial.py for tasks to queue
[2021-03-17 19:34:44,133] {logging_mixin.py:104} INFO - [2021-03-17 19:34:44,132] {dagbag.py:448} INFO - Filling up the DagBag from /Users/harika/Desktop/CSYE_7245/Labs/airflow_tfx_lab/vlab/lib/python3.7/site-packages/airflow/example_dags/tutorial.py
[2021-03-17 19:34:44,157] {scheduler_job.py:639} INFO - DAG(s) dict_keys(['tutorial']) retrieved from /Users/harika/Desktop/CSYE_7245/Labs/airflow_tfx_lab/vlab/lib/python3.7/site-packages/airflow/example_dags/tutorial.py
[2021-03-17 19:34:44,183] {logging_mixin.py:104} INFO - [2021-03-17 19:34:44,182] {dag.py:1818} INFO - Sync 1 DAGs
[2021-03-17 19:34:44,207] {logging_mixin.py:104} INFO - [2021-03-17 19:34:44,206] {dag.py:2273} INFO - Setting next_dagrun for tutorial to 2021-03-15 00:00:00+00:00
[2021-03-17 19:34:44,217] {scheduler_job.py:190} INFO - Processing /Users/harika/Desktop/CSYE_7245/Labs/airflow_tfx_lab/vlab/lib/python3.7/site-packages/airflow/example_dags/tutorial.py took 0.104 seconds
[2021-03-17 19:35:35,162] {scheduler_job.py:182} INFO - Started process (PID=29679) to work on /Users/harika/Desktop/CSYE_7245/Labs/airflow_tfx_lab/vlab/lib/python3.7/site-packages/airflow/example_dags/tutorial.py
[2021-03-17 19:35:35,165] {scheduler_job.py:629} INFO - Processing file /Users/harika/Desktop/CSYE_7245/Labs/airflow_tfx_lab/vlab/lib/python3.7/site-packages/airflow/example_dags/tutorial.py for tasks to queue
[2021-03-17 19:35:35,167] {logging_mixin.py:104} INFO - [2021-03-17 19:35:35,166] {dagbag.py:448} INFO - Filling up the DagBag from /Users/harika/Desktop/CSYE_7245/Labs/airflow_tfx_lab/vlab/lib/python3.7/site-packages/airflow/example_dags/tutorial.py
[2021-03-17 19:35:35,187] {scheduler_job.py:639} INFO - DAG(s) dict_keys(['tutorial']) retrieved from /Users/harika/Desktop/CSYE_7245/Labs/airflow_tfx_lab/vlab/lib/python3.7/site-packages/airflow/example_dags/tutorial.py
[2021-03-17 19:35:35,217] {logging_mixin.py:104} INFO - [2021-03-17 19:35:35,216] {dag.py:1818} INFO - Sync 1 DAGs
[2021-03-17 19:35:35,236] {logging_mixin.py:104} INFO - [2021-03-17 19:35:35,236] {dag.py:2273} INFO - Setting next_dagrun for tutorial to 2021-03-15 00:00:00+00:00
[2021-03-17 19:35:35,245] {scheduler_job.py:190} INFO - Processing /Users/harika/Desktop/CSYE_7245/Labs/airflow_tfx_lab/vlab/lib/python3.7/site-packages/airflow/example_dags/tutorial.py took 0.087 seconds
[2021-03-17 19:36:15,490] {scheduler_job.py:182} INFO - Started process (PID=29733) to work on /Users/harika/Desktop/CSYE_7245/Labs/airflow_tfx_lab/vlab/lib/python3.7/site-packages/airflow/example_dags/tutorial.py
[2021-03-17 19:36:15,494] {scheduler_job.py:629} INFO - Processing file /Users/harika/Desktop/CSYE_7245/Labs/airflow_tfx_lab/vlab/lib/python3.7/site-packages/airflow/example_dags/tutorial.py for tasks to queue
[2021-03-17 19:36:15,496] {logging_mixin.py:104} INFO - [2021-03-17 19:36:15,495] {dagbag.py:448} INFO - Filling up the DagBag from /Users/harika/Desktop/CSYE_7245/Labs/airflow_tfx_lab/vlab/lib/python3.7/site-packages/airflow/example_dags/tutorial.py
[2021-03-17 19:36:15,515] {scheduler_job.py:639} INFO - DAG(s) dict_keys(['tutorial']) retrieved from /Users/harika/Desktop/CSYE_7245/Labs/airflow_tfx_lab/vlab/lib/python3.7/site-packages/airflow/example_dags/tutorial.py
[2021-03-17 19:36:15,540] {logging_mixin.py:104} INFO - [2021-03-17 19:36:15,539] {dag.py:1818} INFO - Sync 1 DAGs
[2021-03-17 19:36:15,561] {logging_mixin.py:104} INFO - [2021-03-17 19:36:15,561] {dag.py:2273} INFO - Setting next_dagrun for tutorial to 2021-03-15 00:00:00+00:00
[2021-03-17 19:36:15,575] {scheduler_job.py:190} INFO - Processing /Users/harika/Desktop/CSYE_7245/Labs/airflow_tfx_lab/vlab/lib/python3.7/site-packages/airflow/example_dags/tutorial.py took 0.094 seconds
[2021-03-17 19:37:02,364] {scheduler_job.py:182} INFO - Started process (PID=29762) to work on /Users/harika/Desktop/CSYE_7245/Labs/airflow_tfx_lab/vlab/lib/python3.7/site-packages/airflow/example_dags/tutorial.py
[2021-03-17 19:37:02,368] {scheduler_job.py:629} INFO - Processing file /Users/harika/Desktop/CSYE_7245/Labs/airflow_tfx_lab/vlab/lib/python3.7/site-packages/airflow/example_dags/tutorial.py for tasks to queue
[2021-03-17 19:37:02,371] {logging_mixin.py:104} INFO - [2021-03-17 19:37:02,370] {dagbag.py:448} INFO - Filling up the DagBag from /Users/harika/Desktop/CSYE_7245/Labs/airflow_tfx_lab/vlab/lib/python3.7/site-packages/airflow/example_dags/tutorial.py
[2021-03-17 19:37:02,417] {scheduler_job.py:639} INFO - DAG(s) dict_keys(['tutorial']) retrieved from /Users/harika/Desktop/CSYE_7245/Labs/airflow_tfx_lab/vlab/lib/python3.7/site-packages/airflow/example_dags/tutorial.py
[2021-03-17 19:37:02,453] {logging_mixin.py:104} INFO - [2021-03-17 19:37:02,451] {dag.py:1818} INFO - Sync 1 DAGs
[2021-03-17 19:37:02,486] {logging_mixin.py:104} INFO - [2021-03-17 19:37:02,485] {dag.py:2273} INFO - Setting next_dagrun for tutorial to 2021-03-15 00:00:00+00:00
[2021-03-17 19:37:02,513] {scheduler_job.py:190} INFO - Processing /Users/harika/Desktop/CSYE_7245/Labs/airflow_tfx_lab/vlab/lib/python3.7/site-packages/airflow/example_dags/tutorial.py took 0.158 seconds
[2021-03-17 19:38:09,208] {scheduler_job.py:182} INFO - Started process (PID=29818) to work on /Users/harika/Desktop/CSYE_7245/Labs/airflow_tfx_lab/vlab/lib/python3.7/site-packages/airflow/example_dags/tutorial.py
[2021-03-17 19:38:09,213] {scheduler_job.py:629} INFO - Processing file /Users/harika/Desktop/CSYE_7245/Labs/airflow_tfx_lab/vlab/lib/python3.7/site-packages/airflow/example_dags/tutorial.py for tasks to queue
[2021-03-17 19:38:09,216] {logging_mixin.py:104} INFO - [2021-03-17 19:38:09,215] {dagbag.py:448} INFO - Filling up the DagBag from /Users/harika/Desktop/CSYE_7245/Labs/airflow_tfx_lab/vlab/lib/python3.7/site-packages/airflow/example_dags/tutorial.py
[2021-03-17 19:38:09,265] {scheduler_job.py:639} INFO - DAG(s) dict_keys(['tutorial']) retrieved from /Users/harika/Desktop/CSYE_7245/Labs/airflow_tfx_lab/vlab/lib/python3.7/site-packages/airflow/example_dags/tutorial.py
[2021-03-17 19:38:09,307] {logging_mixin.py:104} INFO - [2021-03-17 19:38:09,306] {dag.py:1818} INFO - Sync 1 DAGs
[2021-03-17 19:38:09,331] {logging_mixin.py:104} INFO - [2021-03-17 19:38:09,330] {dag.py:2273} INFO - Setting next_dagrun for tutorial to 2021-03-15 00:00:00+00:00
[2021-03-17 19:38:09,342] {scheduler_job.py:190} INFO - Processing /Users/harika/Desktop/CSYE_7245/Labs/airflow_tfx_lab/vlab/lib/python3.7/site-packages/airflow/example_dags/tutorial.py took 0.148 seconds
[2021-03-17 19:38:53,873] {scheduler_job.py:182} INFO - Started process (PID=29857) to work on /Users/harika/Desktop/CSYE_7245/Labs/airflow_tfx_lab/vlab/lib/python3.7/site-packages/airflow/example_dags/tutorial.py
[2021-03-17 19:38:53,887] {scheduler_job.py:629} INFO - Processing file /Users/harika/Desktop/CSYE_7245/Labs/airflow_tfx_lab/vlab/lib/python3.7/site-packages/airflow/example_dags/tutorial.py for tasks to queue
[2021-03-17 19:38:53,890] {logging_mixin.py:104} INFO - [2021-03-17 19:38:53,889] {dagbag.py:448} INFO - Filling up the DagBag from /Users/harika/Desktop/CSYE_7245/Labs/airflow_tfx_lab/vlab/lib/python3.7/site-packages/airflow/example_dags/tutorial.py
[2021-03-17 19:38:53,907] {scheduler_job.py:639} INFO - DAG(s) dict_keys(['tutorial']) retrieved from /Users/harika/Desktop/CSYE_7245/Labs/airflow_tfx_lab/vlab/lib/python3.7/site-packages/airflow/example_dags/tutorial.py
[2021-03-17 19:38:53,927] {logging_mixin.py:104} INFO - [2021-03-17 19:38:53,927] {dag.py:1818} INFO - Sync 1 DAGs
[2021-03-17 19:38:53,944] {logging_mixin.py:104} INFO - [2021-03-17 19:38:53,943] {dag.py:2273} INFO - Setting next_dagrun for tutorial to 2021-03-15 00:00:00+00:00
[2021-03-17 19:38:53,958] {scheduler_job.py:190} INFO - Processing /Users/harika/Desktop/CSYE_7245/Labs/airflow_tfx_lab/vlab/lib/python3.7/site-packages/airflow/example_dags/tutorial.py took 0.091 seconds
[2021-03-17 19:39:47,998] {scheduler_job.py:182} INFO - Started process (PID=29956) to work on /Users/harika/Desktop/CSYE_7245/Labs/airflow_tfx_lab/vlab/lib/python3.7/site-packages/airflow/example_dags/tutorial.py
[2021-03-17 19:39:48,002] {scheduler_job.py:629} INFO - Processing file /Users/harika/Desktop/CSYE_7245/Labs/airflow_tfx_lab/vlab/lib/python3.7/site-packages/airflow/example_dags/tutorial.py for tasks to queue
[2021-03-17 19:39:48,007] {logging_mixin.py:104} INFO - [2021-03-17 19:39:48,005] {dagbag.py:448} INFO - Filling up the DagBag from /Users/harika/Desktop/CSYE_7245/Labs/airflow_tfx_lab/vlab/lib/python3.7/site-packages/airflow/example_dags/tutorial.py
[2021-03-17 19:39:48,049] {scheduler_job.py:639} INFO - DAG(s) dict_keys(['tutorial']) retrieved from /Users/harika/Desktop/CSYE_7245/Labs/airflow_tfx_lab/vlab/lib/python3.7/site-packages/airflow/example_dags/tutorial.py
[2021-03-17 19:39:48,134] {logging_mixin.py:104} INFO - [2021-03-17 19:39:48,133] {dag.py:1818} INFO - Sync 1 DAGs
[2021-03-17 19:39:48,172] {logging_mixin.py:104} INFO - [2021-03-17 19:39:48,171] {dag.py:2273} INFO - Setting next_dagrun for tutorial to 2021-03-15 00:00:00+00:00
[2021-03-17 19:39:48,193] {scheduler_job.py:190} INFO - Processing /Users/harika/Desktop/CSYE_7245/Labs/airflow_tfx_lab/vlab/lib/python3.7/site-packages/airflow/example_dags/tutorial.py took 0.203 seconds
[2021-03-17 19:40:33,930] {scheduler_job.py:182} INFO - Started process (PID=30009) to work on /Users/harika/Desktop/CSYE_7245/Labs/airflow_tfx_lab/vlab/lib/python3.7/site-packages/airflow/example_dags/tutorial.py
[2021-03-17 19:40:33,932] {scheduler_job.py:629} INFO - Processing file /Users/harika/Desktop/CSYE_7245/Labs/airflow_tfx_lab/vlab/lib/python3.7/site-packages/airflow/example_dags/tutorial.py for tasks to queue
[2021-03-17 19:40:33,936] {logging_mixin.py:104} INFO - [2021-03-17 19:40:33,935] {dagbag.py:448} INFO - Filling up the DagBag from /Users/harika/Desktop/CSYE_7245/Labs/airflow_tfx_lab/vlab/lib/python3.7/site-packages/airflow/example_dags/tutorial.py
[2021-03-17 19:40:33,960] {scheduler_job.py:639} INFO - DAG(s) dict_keys(['tutorial']) retrieved from /Users/harika/Desktop/CSYE_7245/Labs/airflow_tfx_lab/vlab/lib/python3.7/site-packages/airflow/example_dags/tutorial.py
[2021-03-17 19:40:33,989] {logging_mixin.py:104} INFO - [2021-03-17 19:40:33,986] {dag.py:1818} INFO - Sync 1 DAGs
[2021-03-17 19:40:34,013] {logging_mixin.py:104} INFO - [2021-03-17 19:40:34,013] {dag.py:2273} INFO - Setting next_dagrun for tutorial to 2021-03-15 00:00:00+00:00
[2021-03-17 19:40:34,026] {scheduler_job.py:190} INFO - Processing /Users/harika/Desktop/CSYE_7245/Labs/airflow_tfx_lab/vlab/lib/python3.7/site-packages/airflow/example_dags/tutorial.py took 0.105 seconds
[2021-03-17 19:41:19,174] {scheduler_job.py:182} INFO - Started process (PID=30050) to work on /Users/harika/Desktop/CSYE_7245/Labs/airflow_tfx_lab/vlab/lib/python3.7/site-packages/airflow/example_dags/tutorial.py
[2021-03-17 19:41:19,178] {scheduler_job.py:629} INFO - Processing file /Users/harika/Desktop/CSYE_7245/Labs/airflow_tfx_lab/vlab/lib/python3.7/site-packages/airflow/example_dags/tutorial.py for tasks to queue
[2021-03-17 19:41:19,179] {logging_mixin.py:104} INFO - [2021-03-17 19:41:19,179] {dagbag.py:448} INFO - Filling up the DagBag from /Users/harika/Desktop/CSYE_7245/Labs/airflow_tfx_lab/vlab/lib/python3.7/site-packages/airflow/example_dags/tutorial.py
[2021-03-17 19:41:19,205] {scheduler_job.py:639} INFO - DAG(s) dict_keys(['tutorial']) retrieved from /Users/harika/Desktop/CSYE_7245/Labs/airflow_tfx_lab/vlab/lib/python3.7/site-packages/airflow/example_dags/tutorial.py
[2021-03-17 19:41:19,230] {logging_mixin.py:104} INFO - [2021-03-17 19:41:19,229] {dag.py:1818} INFO - Sync 1 DAGs
[2021-03-17 19:41:19,249] {logging_mixin.py:104} INFO - [2021-03-17 19:41:19,248] {dag.py:2273} INFO - Setting next_dagrun for tutorial to 2021-03-15 00:00:00+00:00
[2021-03-17 19:41:19,260] {scheduler_job.py:190} INFO - Processing /Users/harika/Desktop/CSYE_7245/Labs/airflow_tfx_lab/vlab/lib/python3.7/site-packages/airflow/example_dags/tutorial.py took 0.091 seconds
[2021-03-17 19:41:57,205] {scheduler_job.py:182} INFO - Started process (PID=30090) to work on /Users/harika/Desktop/CSYE_7245/Labs/airflow_tfx_lab/vlab/lib/python3.7/site-packages/airflow/example_dags/tutorial.py
[2021-03-17 19:41:57,209] {scheduler_job.py:629} INFO - Processing file /Users/harika/Desktop/CSYE_7245/Labs/airflow_tfx_lab/vlab/lib/python3.7/site-packages/airflow/example_dags/tutorial.py for tasks to queue
[2021-03-17 19:41:57,213] {logging_mixin.py:104} INFO - [2021-03-17 19:41:57,211] {dagbag.py:448} INFO - Filling up the DagBag from /Users/harika/Desktop/CSYE_7245/Labs/airflow_tfx_lab/vlab/lib/python3.7/site-packages/airflow/example_dags/tutorial.py
[2021-03-17 19:41:57,243] {scheduler_job.py:639} INFO - DAG(s) dict_keys(['tutorial']) retrieved from /Users/harika/Desktop/CSYE_7245/Labs/airflow_tfx_lab/vlab/lib/python3.7/site-packages/airflow/example_dags/tutorial.py
[2021-03-17 19:41:57,262] {logging_mixin.py:104} INFO - [2021-03-17 19:41:57,261] {dag.py:1818} INFO - Sync 1 DAGs
[2021-03-17 19:41:57,283] {logging_mixin.py:104} INFO - [2021-03-17 19:41:57,282] {dag.py:2273} INFO - Setting next_dagrun for tutorial to 2021-03-15 00:00:00+00:00
[2021-03-17 19:41:57,293] {scheduler_job.py:190} INFO - Processing /Users/harika/Desktop/CSYE_7245/Labs/airflow_tfx_lab/vlab/lib/python3.7/site-packages/airflow/example_dags/tutorial.py took 0.101 seconds
[2021-03-17 19:42:36,096] {scheduler_job.py:182} INFO - Started process (PID=30142) to work on /Users/harika/Desktop/CSYE_7245/Labs/airflow_tfx_lab/vlab/lib/python3.7/site-packages/airflow/example_dags/tutorial.py
[2021-03-17 19:42:36,098] {scheduler_job.py:629} INFO - Processing file /Users/harika/Desktop/CSYE_7245/Labs/airflow_tfx_lab/vlab/lib/python3.7/site-packages/airflow/example_dags/tutorial.py for tasks to queue
[2021-03-17 19:42:36,100] {logging_mixin.py:104} INFO - [2021-03-17 19:42:36,099] {dagbag.py:448} INFO - Filling up the DagBag from /Users/harika/Desktop/CSYE_7245/Labs/airflow_tfx_lab/vlab/lib/python3.7/site-packages/airflow/example_dags/tutorial.py
[2021-03-17 19:42:36,126] {scheduler_job.py:639} INFO - DAG(s) dict_keys(['tutorial']) retrieved from /Users/harika/Desktop/CSYE_7245/Labs/airflow_tfx_lab/vlab/lib/python3.7/site-packages/airflow/example_dags/tutorial.py
[2021-03-17 19:42:36,156] {logging_mixin.py:104} INFO - [2021-03-17 19:42:36,156] {dag.py:1818} INFO - Sync 1 DAGs
[2021-03-17 19:42:36,192] {logging_mixin.py:104} INFO - [2021-03-17 19:42:36,191] {dag.py:2273} INFO - Setting next_dagrun for tutorial to 2021-03-15 00:00:00+00:00
[2021-03-17 19:42:36,202] {scheduler_job.py:190} INFO - Processing /Users/harika/Desktop/CSYE_7245/Labs/airflow_tfx_lab/vlab/lib/python3.7/site-packages/airflow/example_dags/tutorial.py took 0.111 seconds
[2021-03-17 19:43:14,338] {scheduler_job.py:182} INFO - Started process (PID=30170) to work on /Users/harika/Desktop/CSYE_7245/Labs/airflow_tfx_lab/vlab/lib/python3.7/site-packages/airflow/example_dags/tutorial.py
[2021-03-17 19:43:14,340] {scheduler_job.py:629} INFO - Processing file /Users/harika/Desktop/CSYE_7245/Labs/airflow_tfx_lab/vlab/lib/python3.7/site-packages/airflow/example_dags/tutorial.py for tasks to queue
[2021-03-17 19:43:14,342] {logging_mixin.py:104} INFO - [2021-03-17 19:43:14,342] {dagbag.py:448} INFO - Filling up the DagBag from /Users/harika/Desktop/CSYE_7245/Labs/airflow_tfx_lab/vlab/lib/python3.7/site-packages/airflow/example_dags/tutorial.py
[2021-03-17 19:43:14,356] {scheduler_job.py:639} INFO - DAG(s) dict_keys(['tutorial']) retrieved from /Users/harika/Desktop/CSYE_7245/Labs/airflow_tfx_lab/vlab/lib/python3.7/site-packages/airflow/example_dags/tutorial.py
[2021-03-17 19:43:14,376] {logging_mixin.py:104} INFO - [2021-03-17 19:43:14,375] {dag.py:1818} INFO - Sync 1 DAGs
[2021-03-17 19:43:14,392] {logging_mixin.py:104} INFO - [2021-03-17 19:43:14,392] {dag.py:2273} INFO - Setting next_dagrun for tutorial to 2021-03-15 00:00:00+00:00
[2021-03-17 19:43:14,401] {scheduler_job.py:190} INFO - Processing /Users/harika/Desktop/CSYE_7245/Labs/airflow_tfx_lab/vlab/lib/python3.7/site-packages/airflow/example_dags/tutorial.py took 0.067 seconds
[2021-03-17 19:43:54,858] {scheduler_job.py:182} INFO - Started process (PID=30225) to work on /Users/harika/Desktop/CSYE_7245/Labs/airflow_tfx_lab/vlab/lib/python3.7/site-packages/airflow/example_dags/tutorial.py
[2021-03-17 19:43:54,864] {scheduler_job.py:629} INFO - Processing file /Users/harika/Desktop/CSYE_7245/Labs/airflow_tfx_lab/vlab/lib/python3.7/site-packages/airflow/example_dags/tutorial.py for tasks to queue
[2021-03-17 19:43:54,870] {logging_mixin.py:104} INFO - [2021-03-17 19:43:54,869] {dagbag.py:448} INFO - Filling up the DagBag from /Users/harika/Desktop/CSYE_7245/Labs/airflow_tfx_lab/vlab/lib/python3.7/site-packages/airflow/example_dags/tutorial.py
[2021-03-17 19:43:54,898] {scheduler_job.py:639} INFO - DAG(s) dict_keys(['tutorial']) retrieved from /Users/harika/Desktop/CSYE_7245/Labs/airflow_tfx_lab/vlab/lib/python3.7/site-packages/airflow/example_dags/tutorial.py
[2021-03-17 19:43:54,922] {logging_mixin.py:104} INFO - [2021-03-17 19:43:54,922] {dag.py:1818} INFO - Sync 1 DAGs
[2021-03-17 19:43:54,937] {logging_mixin.py:104} INFO - [2021-03-17 19:43:54,936] {dag.py:2273} INFO - Setting next_dagrun for tutorial to 2021-03-15 00:00:00+00:00
[2021-03-17 19:43:54,948] {scheduler_job.py:190} INFO - Processing /Users/harika/Desktop/CSYE_7245/Labs/airflow_tfx_lab/vlab/lib/python3.7/site-packages/airflow/example_dags/tutorial.py took 0.104 seconds
[2021-03-17 19:44:51,458] {scheduler_job.py:182} INFO - Started process (PID=30276) to work on /Users/harika/Desktop/CSYE_7245/Labs/airflow_tfx_lab/vlab/lib/python3.7/site-packages/airflow/example_dags/tutorial.py
[2021-03-17 19:44:51,460] {scheduler_job.py:629} INFO - Processing file /Users/harika/Desktop/CSYE_7245/Labs/airflow_tfx_lab/vlab/lib/python3.7/site-packages/airflow/example_dags/tutorial.py for tasks to queue
[2021-03-17 19:44:51,462] {logging_mixin.py:104} INFO - [2021-03-17 19:44:51,462] {dagbag.py:448} INFO - Filling up the DagBag from /Users/harika/Desktop/CSYE_7245/Labs/airflow_tfx_lab/vlab/lib/python3.7/site-packages/airflow/example_dags/tutorial.py
[2021-03-17 19:44:51,476] {scheduler_job.py:639} INFO - DAG(s) dict_keys(['tutorial']) retrieved from /Users/harika/Desktop/CSYE_7245/Labs/airflow_tfx_lab/vlab/lib/python3.7/site-packages/airflow/example_dags/tutorial.py
[2021-03-17 19:44:51,493] {logging_mixin.py:104} INFO - [2021-03-17 19:44:51,492] {dag.py:1818} INFO - Sync 1 DAGs
[2021-03-17 19:44:51,507] {logging_mixin.py:104} INFO - [2021-03-17 19:44:51,506] {dag.py:2273} INFO - Setting next_dagrun for tutorial to 2021-03-15 00:00:00+00:00
[2021-03-17 19:44:51,520] {scheduler_job.py:190} INFO - Processing /Users/harika/Desktop/CSYE_7245/Labs/airflow_tfx_lab/vlab/lib/python3.7/site-packages/airflow/example_dags/tutorial.py took 0.065 seconds
[2021-03-17 19:45:30,633] {scheduler_job.py:182} INFO - Started process (PID=30327) to work on /Users/harika/Desktop/CSYE_7245/Labs/airflow_tfx_lab/vlab/lib/python3.7/site-packages/airflow/example_dags/tutorial.py
[2021-03-17 19:45:30,635] {scheduler_job.py:629} INFO - Processing file /Users/harika/Desktop/CSYE_7245/Labs/airflow_tfx_lab/vlab/lib/python3.7/site-packages/airflow/example_dags/tutorial.py for tasks to queue
[2021-03-17 19:45:30,636] {logging_mixin.py:104} INFO - [2021-03-17 19:45:30,636] {dagbag.py:448} INFO - Filling up the DagBag from /Users/harika/Desktop/CSYE_7245/Labs/airflow_tfx_lab/vlab/lib/python3.7/site-packages/airflow/example_dags/tutorial.py
[2021-03-17 19:45:30,657] {scheduler_job.py:639} INFO - DAG(s) dict_keys(['tutorial']) retrieved from /Users/harika/Desktop/CSYE_7245/Labs/airflow_tfx_lab/vlab/lib/python3.7/site-packages/airflow/example_dags/tutorial.py
[2021-03-17 19:45:30,674] {logging_mixin.py:104} INFO - [2021-03-17 19:45:30,674] {dag.py:1818} INFO - Sync 1 DAGs
[2021-03-17 19:45:30,687] {logging_mixin.py:104} INFO - [2021-03-17 19:45:30,687] {dag.py:2273} INFO - Setting next_dagrun for tutorial to 2021-03-15 00:00:00+00:00
[2021-03-17 19:45:30,696] {scheduler_job.py:190} INFO - Processing /Users/harika/Desktop/CSYE_7245/Labs/airflow_tfx_lab/vlab/lib/python3.7/site-packages/airflow/example_dags/tutorial.py took 0.067 seconds
[2021-03-17 19:46:09,941] {scheduler_job.py:182} INFO - Started process (PID=30358) to work on /Users/harika/Desktop/CSYE_7245/Labs/airflow_tfx_lab/vlab/lib/python3.7/site-packages/airflow/example_dags/tutorial.py
[2021-03-17 19:46:09,944] {scheduler_job.py:629} INFO - Processing file /Users/harika/Desktop/CSYE_7245/Labs/airflow_tfx_lab/vlab/lib/python3.7/site-packages/airflow/example_dags/tutorial.py for tasks to queue
[2021-03-17 19:46:09,945] {logging_mixin.py:104} INFO - [2021-03-17 19:46:09,945] {dagbag.py:448} INFO - Filling up the DagBag from /Users/harika/Desktop/CSYE_7245/Labs/airflow_tfx_lab/vlab/lib/python3.7/site-packages/airflow/example_dags/tutorial.py
[2021-03-17 19:46:09,963] {scheduler_job.py:639} INFO - DAG(s) dict_keys(['tutorial']) retrieved from /Users/harika/Desktop/CSYE_7245/Labs/airflow_tfx_lab/vlab/lib/python3.7/site-packages/airflow/example_dags/tutorial.py
[2021-03-17 19:46:09,985] {logging_mixin.py:104} INFO - [2021-03-17 19:46:09,984] {dag.py:1818} INFO - Sync 1 DAGs
[2021-03-17 19:46:10,000] {logging_mixin.py:104} INFO - [2021-03-17 19:46:09,999] {dag.py:2273} INFO - Setting next_dagrun for tutorial to 2021-03-15 00:00:00+00:00
[2021-03-17 19:46:10,016] {scheduler_job.py:190} INFO - Processing /Users/harika/Desktop/CSYE_7245/Labs/airflow_tfx_lab/vlab/lib/python3.7/site-packages/airflow/example_dags/tutorial.py took 0.080 seconds
[2021-03-17 19:46:48,587] {scheduler_job.py:182} INFO - Started process (PID=30388) to work on /Users/harika/Desktop/CSYE_7245/Labs/airflow_tfx_lab/vlab/lib/python3.7/site-packages/airflow/example_dags/tutorial.py
[2021-03-17 19:46:48,589] {scheduler_job.py:629} INFO - Processing file /Users/harika/Desktop/CSYE_7245/Labs/airflow_tfx_lab/vlab/lib/python3.7/site-packages/airflow/example_dags/tutorial.py for tasks to queue
[2021-03-17 19:46:48,592] {logging_mixin.py:104} INFO - [2021-03-17 19:46:48,591] {dagbag.py:448} INFO - Filling up the DagBag from /Users/harika/Desktop/CSYE_7245/Labs/airflow_tfx_lab/vlab/lib/python3.7/site-packages/airflow/example_dags/tutorial.py
[2021-03-17 19:46:48,613] {scheduler_job.py:639} INFO - DAG(s) dict_keys(['tutorial']) retrieved from /Users/harika/Desktop/CSYE_7245/Labs/airflow_tfx_lab/vlab/lib/python3.7/site-packages/airflow/example_dags/tutorial.py
[2021-03-17 19:46:48,633] {logging_mixin.py:104} INFO - [2021-03-17 19:46:48,633] {dag.py:1818} INFO - Sync 1 DAGs
[2021-03-17 19:46:48,652] {logging_mixin.py:104} INFO - [2021-03-17 19:46:48,651] {dag.py:2273} INFO - Setting next_dagrun for tutorial to 2021-03-15 00:00:00+00:00
[2021-03-17 19:46:48,670] {scheduler_job.py:190} INFO - Processing /Users/harika/Desktop/CSYE_7245/Labs/airflow_tfx_lab/vlab/lib/python3.7/site-packages/airflow/example_dags/tutorial.py took 0.096 seconds
[2021-03-17 19:47:32,188] {scheduler_job.py:182} INFO - Started process (PID=30420) to work on /Users/harika/Desktop/CSYE_7245/Labs/airflow_tfx_lab/vlab/lib/python3.7/site-packages/airflow/example_dags/tutorial.py
[2021-03-17 19:47:32,193] {scheduler_job.py:629} INFO - Processing file /Users/harika/Desktop/CSYE_7245/Labs/airflow_tfx_lab/vlab/lib/python3.7/site-packages/airflow/example_dags/tutorial.py for tasks to queue
[2021-03-17 19:47:32,196] {logging_mixin.py:104} INFO - [2021-03-17 19:47:32,195] {dagbag.py:448} INFO - Filling up the DagBag from /Users/harika/Desktop/CSYE_7245/Labs/airflow_tfx_lab/vlab/lib/python3.7/site-packages/airflow/example_dags/tutorial.py
[2021-03-17 19:47:32,212] {scheduler_job.py:639} INFO - DAG(s) dict_keys(['tutorial']) retrieved from /Users/harika/Desktop/CSYE_7245/Labs/airflow_tfx_lab/vlab/lib/python3.7/site-packages/airflow/example_dags/tutorial.py
[2021-03-17 19:47:32,230] {logging_mixin.py:104} INFO - [2021-03-17 19:47:32,229] {dag.py:1818} INFO - Sync 1 DAGs
[2021-03-17 19:47:32,244] {logging_mixin.py:104} INFO - [2021-03-17 19:47:32,243] {dag.py:2273} INFO - Setting next_dagrun for tutorial to 2021-03-15 00:00:00+00:00
[2021-03-17 19:47:32,254] {scheduler_job.py:190} INFO - Processing /Users/harika/Desktop/CSYE_7245/Labs/airflow_tfx_lab/vlab/lib/python3.7/site-packages/airflow/example_dags/tutorial.py took 0.073 seconds
[2021-03-17 19:48:19,962] {scheduler_job.py:182} INFO - Started process (PID=30472) to work on /Users/harika/Desktop/CSYE_7245/Labs/airflow_tfx_lab/vlab/lib/python3.7/site-packages/airflow/example_dags/tutorial.py
[2021-03-17 19:48:19,965] {scheduler_job.py:629} INFO - Processing file /Users/harika/Desktop/CSYE_7245/Labs/airflow_tfx_lab/vlab/lib/python3.7/site-packages/airflow/example_dags/tutorial.py for tasks to queue
[2021-03-17 19:48:19,967] {logging_mixin.py:104} INFO - [2021-03-17 19:48:19,966] {dagbag.py:448} INFO - Filling up the DagBag from /Users/harika/Desktop/CSYE_7245/Labs/airflow_tfx_lab/vlab/lib/python3.7/site-packages/airflow/example_dags/tutorial.py
[2021-03-17 19:48:19,982] {scheduler_job.py:639} INFO - DAG(s) dict_keys(['tutorial']) retrieved from /Users/harika/Desktop/CSYE_7245/Labs/airflow_tfx_lab/vlab/lib/python3.7/site-packages/airflow/example_dags/tutorial.py
[2021-03-17 19:48:20,000] {logging_mixin.py:104} INFO - [2021-03-17 19:48:20,000] {dag.py:1818} INFO - Sync 1 DAGs
[2021-03-17 19:48:20,016] {logging_mixin.py:104} INFO - [2021-03-17 19:48:20,015] {dag.py:2273} INFO - Setting next_dagrun for tutorial to 2021-03-15 00:00:00+00:00
[2021-03-17 19:48:20,029] {scheduler_job.py:190} INFO - Processing /Users/harika/Desktop/CSYE_7245/Labs/airflow_tfx_lab/vlab/lib/python3.7/site-packages/airflow/example_dags/tutorial.py took 0.072 seconds
[2021-03-17 19:49:01,206] {scheduler_job.py:182} INFO - Started process (PID=30518) to work on /Users/harika/Desktop/CSYE_7245/Labs/airflow_tfx_lab/vlab/lib/python3.7/site-packages/airflow/example_dags/tutorial.py
[2021-03-17 19:49:01,209] {scheduler_job.py:629} INFO - Processing file /Users/harika/Desktop/CSYE_7245/Labs/airflow_tfx_lab/vlab/lib/python3.7/site-packages/airflow/example_dags/tutorial.py for tasks to queue
[2021-03-17 19:49:01,211] {logging_mixin.py:104} INFO - [2021-03-17 19:49:01,210] {dagbag.py:448} INFO - Filling up the DagBag from /Users/harika/Desktop/CSYE_7245/Labs/airflow_tfx_lab/vlab/lib/python3.7/site-packages/airflow/example_dags/tutorial.py
[2021-03-17 19:49:01,225] {scheduler_job.py:639} INFO - DAG(s) dict_keys(['tutorial']) retrieved from /Users/harika/Desktop/CSYE_7245/Labs/airflow_tfx_lab/vlab/lib/python3.7/site-packages/airflow/example_dags/tutorial.py
[2021-03-17 19:49:01,241] {logging_mixin.py:104} INFO - [2021-03-17 19:49:01,240] {dag.py:1818} INFO - Sync 1 DAGs
[2021-03-17 19:49:01,255] {logging_mixin.py:104} INFO - [2021-03-17 19:49:01,255] {dag.py:2273} INFO - Setting next_dagrun for tutorial to 2021-03-15 00:00:00+00:00
[2021-03-17 19:49:01,269] {scheduler_job.py:190} INFO - Processing /Users/harika/Desktop/CSYE_7245/Labs/airflow_tfx_lab/vlab/lib/python3.7/site-packages/airflow/example_dags/tutorial.py took 0.067 seconds
[2021-03-17 19:49:43,046] {scheduler_job.py:182} INFO - Started process (PID=30580) to work on /Users/harika/Desktop/CSYE_7245/Labs/airflow_tfx_lab/vlab/lib/python3.7/site-packages/airflow/example_dags/tutorial.py
[2021-03-17 19:49:43,049] {scheduler_job.py:629} INFO - Processing file /Users/harika/Desktop/CSYE_7245/Labs/airflow_tfx_lab/vlab/lib/python3.7/site-packages/airflow/example_dags/tutorial.py for tasks to queue
[2021-03-17 19:49:43,050] {logging_mixin.py:104} INFO - [2021-03-17 19:49:43,050] {dagbag.py:448} INFO - Filling up the DagBag from /Users/harika/Desktop/CSYE_7245/Labs/airflow_tfx_lab/vlab/lib/python3.7/site-packages/airflow/example_dags/tutorial.py
[2021-03-17 19:49:43,072] {scheduler_job.py:639} INFO - DAG(s) dict_keys(['tutorial']) retrieved from /Users/harika/Desktop/CSYE_7245/Labs/airflow_tfx_lab/vlab/lib/python3.7/site-packages/airflow/example_dags/tutorial.py
[2021-03-17 19:49:43,094] {logging_mixin.py:104} INFO - [2021-03-17 19:49:43,094] {dag.py:1818} INFO - Sync 1 DAGs
[2021-03-17 19:49:43,136] {logging_mixin.py:104} INFO - [2021-03-17 19:49:43,134] {dag.py:2273} INFO - Setting next_dagrun for tutorial to 2021-03-15 00:00:00+00:00
[2021-03-17 19:49:43,164] {scheduler_job.py:190} INFO - Processing /Users/harika/Desktop/CSYE_7245/Labs/airflow_tfx_lab/vlab/lib/python3.7/site-packages/airflow/example_dags/tutorial.py took 0.127 seconds
[2021-03-17 19:50:25,628] {scheduler_job.py:182} INFO - Started process (PID=30611) to work on /Users/harika/Desktop/CSYE_7245/Labs/airflow_tfx_lab/vlab/lib/python3.7/site-packages/airflow/example_dags/tutorial.py
[2021-03-17 19:50:25,630] {scheduler_job.py:629} INFO - Processing file /Users/harika/Desktop/CSYE_7245/Labs/airflow_tfx_lab/vlab/lib/python3.7/site-packages/airflow/example_dags/tutorial.py for tasks to queue
[2021-03-17 19:50:25,631] {logging_mixin.py:104} INFO - [2021-03-17 19:50:25,631] {dagbag.py:448} INFO - Filling up the DagBag from /Users/harika/Desktop/CSYE_7245/Labs/airflow_tfx_lab/vlab/lib/python3.7/site-packages/airflow/example_dags/tutorial.py
[2021-03-17 19:50:25,648] {scheduler_job.py:639} INFO - DAG(s) dict_keys(['tutorial']) retrieved from /Users/harika/Desktop/CSYE_7245/Labs/airflow_tfx_lab/vlab/lib/python3.7/site-packages/airflow/example_dags/tutorial.py
[2021-03-17 19:50:25,667] {logging_mixin.py:104} INFO - [2021-03-17 19:50:25,666] {dag.py:1818} INFO - Sync 1 DAGs
[2021-03-17 19:50:25,679] {logging_mixin.py:104} INFO - [2021-03-17 19:50:25,679] {dag.py:2273} INFO - Setting next_dagrun for tutorial to 2021-03-15 00:00:00+00:00
[2021-03-17 19:50:25,688] {scheduler_job.py:190} INFO - Processing /Users/harika/Desktop/CSYE_7245/Labs/airflow_tfx_lab/vlab/lib/python3.7/site-packages/airflow/example_dags/tutorial.py took 0.064 seconds
[2021-03-17 19:51:07,570] {scheduler_job.py:182} INFO - Started process (PID=30644) to work on /Users/harika/Desktop/CSYE_7245/Labs/airflow_tfx_lab/vlab/lib/python3.7/site-packages/airflow/example_dags/tutorial.py
[2021-03-17 19:51:07,573] {scheduler_job.py:629} INFO - Processing file /Users/harika/Desktop/CSYE_7245/Labs/airflow_tfx_lab/vlab/lib/python3.7/site-packages/airflow/example_dags/tutorial.py for tasks to queue
[2021-03-17 19:51:07,575] {logging_mixin.py:104} INFO - [2021-03-17 19:51:07,574] {dagbag.py:448} INFO - Filling up the DagBag from /Users/harika/Desktop/CSYE_7245/Labs/airflow_tfx_lab/vlab/lib/python3.7/site-packages/airflow/example_dags/tutorial.py
[2021-03-17 19:51:07,603] {scheduler_job.py:639} INFO - DAG(s) dict_keys(['tutorial']) retrieved from /Users/harika/Desktop/CSYE_7245/Labs/airflow_tfx_lab/vlab/lib/python3.7/site-packages/airflow/example_dags/tutorial.py
[2021-03-17 19:51:07,620] {logging_mixin.py:104} INFO - [2021-03-17 19:51:07,620] {dag.py:1818} INFO - Sync 1 DAGs
[2021-03-17 19:51:07,640] {logging_mixin.py:104} INFO - [2021-03-17 19:51:07,640] {dag.py:2273} INFO - Setting next_dagrun for tutorial to 2021-03-15 00:00:00+00:00
[2021-03-17 19:51:07,652] {scheduler_job.py:190} INFO - Processing /Users/harika/Desktop/CSYE_7245/Labs/airflow_tfx_lab/vlab/lib/python3.7/site-packages/airflow/example_dags/tutorial.py took 0.091 seconds
[2021-03-17 19:51:52,892] {scheduler_job.py:182} INFO - Started process (PID=30680) to work on /Users/harika/Desktop/CSYE_7245/Labs/airflow_tfx_lab/vlab/lib/python3.7/site-packages/airflow/example_dags/tutorial.py
[2021-03-17 19:51:52,895] {scheduler_job.py:629} INFO - Processing file /Users/harika/Desktop/CSYE_7245/Labs/airflow_tfx_lab/vlab/lib/python3.7/site-packages/airflow/example_dags/tutorial.py for tasks to queue
[2021-03-17 19:51:52,897] {logging_mixin.py:104} INFO - [2021-03-17 19:51:52,897] {dagbag.py:448} INFO - Filling up the DagBag from /Users/harika/Desktop/CSYE_7245/Labs/airflow_tfx_lab/vlab/lib/python3.7/site-packages/airflow/example_dags/tutorial.py
[2021-03-17 19:51:52,924] {scheduler_job.py:639} INFO - DAG(s) dict_keys(['tutorial']) retrieved from /Users/harika/Desktop/CSYE_7245/Labs/airflow_tfx_lab/vlab/lib/python3.7/site-packages/airflow/example_dags/tutorial.py
[2021-03-17 19:51:52,951] {logging_mixin.py:104} INFO - [2021-03-17 19:51:52,951] {dag.py:1818} INFO - Sync 1 DAGs
[2021-03-17 19:51:52,970] {logging_mixin.py:104} INFO - [2021-03-17 19:51:52,969] {dag.py:2273} INFO - Setting next_dagrun for tutorial to 2021-03-15 00:00:00+00:00
[2021-03-17 19:51:52,982] {scheduler_job.py:190} INFO - Processing /Users/harika/Desktop/CSYE_7245/Labs/airflow_tfx_lab/vlab/lib/python3.7/site-packages/airflow/example_dags/tutorial.py took 0.095 seconds
[2021-03-17 19:52:33,754] {scheduler_job.py:182} INFO - Started process (PID=30722) to work on /Users/harika/Desktop/CSYE_7245/Labs/airflow_tfx_lab/vlab/lib/python3.7/site-packages/airflow/example_dags/tutorial.py
[2021-03-17 19:52:33,758] {scheduler_job.py:629} INFO - Processing file /Users/harika/Desktop/CSYE_7245/Labs/airflow_tfx_lab/vlab/lib/python3.7/site-packages/airflow/example_dags/tutorial.py for tasks to queue
[2021-03-17 19:52:33,759] {logging_mixin.py:104} INFO - [2021-03-17 19:52:33,759] {dagbag.py:448} INFO - Filling up the DagBag from /Users/harika/Desktop/CSYE_7245/Labs/airflow_tfx_lab/vlab/lib/python3.7/site-packages/airflow/example_dags/tutorial.py
[2021-03-17 19:52:33,778] {scheduler_job.py:639} INFO - DAG(s) dict_keys(['tutorial']) retrieved from /Users/harika/Desktop/CSYE_7245/Labs/airflow_tfx_lab/vlab/lib/python3.7/site-packages/airflow/example_dags/tutorial.py
[2021-03-17 19:52:33,798] {logging_mixin.py:104} INFO - [2021-03-17 19:52:33,798] {dag.py:1818} INFO - Sync 1 DAGs
[2021-03-17 19:52:33,811] {logging_mixin.py:104} INFO - [2021-03-17 19:52:33,811] {dag.py:2273} INFO - Setting next_dagrun for tutorial to 2021-03-15 00:00:00+00:00
[2021-03-17 19:52:33,820] {scheduler_job.py:190} INFO - Processing /Users/harika/Desktop/CSYE_7245/Labs/airflow_tfx_lab/vlab/lib/python3.7/site-packages/airflow/example_dags/tutorial.py took 0.072 seconds
[2021-03-17 19:53:16,237] {scheduler_job.py:182} INFO - Started process (PID=30757) to work on /Users/harika/Desktop/CSYE_7245/Labs/airflow_tfx_lab/vlab/lib/python3.7/site-packages/airflow/example_dags/tutorial.py
[2021-03-17 19:53:16,240] {scheduler_job.py:629} INFO - Processing file /Users/harika/Desktop/CSYE_7245/Labs/airflow_tfx_lab/vlab/lib/python3.7/site-packages/airflow/example_dags/tutorial.py for tasks to queue
[2021-03-17 19:53:16,241] {logging_mixin.py:104} INFO - [2021-03-17 19:53:16,241] {dagbag.py:448} INFO - Filling up the DagBag from /Users/harika/Desktop/CSYE_7245/Labs/airflow_tfx_lab/vlab/lib/python3.7/site-packages/airflow/example_dags/tutorial.py
[2021-03-17 19:53:16,255] {scheduler_job.py:639} INFO - DAG(s) dict_keys(['tutorial']) retrieved from /Users/harika/Desktop/CSYE_7245/Labs/airflow_tfx_lab/vlab/lib/python3.7/site-packages/airflow/example_dags/tutorial.py
[2021-03-17 19:53:16,275] {logging_mixin.py:104} INFO - [2021-03-17 19:53:16,274] {dag.py:1818} INFO - Sync 1 DAGs
[2021-03-17 19:53:16,288] {logging_mixin.py:104} INFO - [2021-03-17 19:53:16,287] {dag.py:2273} INFO - Setting next_dagrun for tutorial to 2021-03-15 00:00:00+00:00
[2021-03-17 19:53:16,296] {scheduler_job.py:190} INFO - Processing /Users/harika/Desktop/CSYE_7245/Labs/airflow_tfx_lab/vlab/lib/python3.7/site-packages/airflow/example_dags/tutorial.py took 0.063 seconds
[2021-03-17 19:53:58,103] {scheduler_job.py:182} INFO - Started process (PID=30790) to work on /Users/harika/Desktop/CSYE_7245/Labs/airflow_tfx_lab/vlab/lib/python3.7/site-packages/airflow/example_dags/tutorial.py
[2021-03-17 19:53:58,105] {scheduler_job.py:629} INFO - Processing file /Users/harika/Desktop/CSYE_7245/Labs/airflow_tfx_lab/vlab/lib/python3.7/site-packages/airflow/example_dags/tutorial.py for tasks to queue
[2021-03-17 19:53:58,106] {logging_mixin.py:104} INFO - [2021-03-17 19:53:58,106] {dagbag.py:448} INFO - Filling up the DagBag from /Users/harika/Desktop/CSYE_7245/Labs/airflow_tfx_lab/vlab/lib/python3.7/site-packages/airflow/example_dags/tutorial.py
[2021-03-17 19:53:58,126] {scheduler_job.py:639} INFO - DAG(s) dict_keys(['tutorial']) retrieved from /Users/harika/Desktop/CSYE_7245/Labs/airflow_tfx_lab/vlab/lib/python3.7/site-packages/airflow/example_dags/tutorial.py
[2021-03-17 19:53:58,145] {logging_mixin.py:104} INFO - [2021-03-17 19:53:58,145] {dag.py:1818} INFO - Sync 1 DAGs
[2021-03-17 19:53:58,163] {logging_mixin.py:104} INFO - [2021-03-17 19:53:58,162] {dag.py:2273} INFO - Setting next_dagrun for tutorial to 2021-03-15 00:00:00+00:00
[2021-03-17 19:53:58,175] {scheduler_job.py:190} INFO - Processing /Users/harika/Desktop/CSYE_7245/Labs/airflow_tfx_lab/vlab/lib/python3.7/site-packages/airflow/example_dags/tutorial.py took 0.078 seconds
[2021-03-17 19:54:41,903] {scheduler_job.py:182} INFO - Started process (PID=30827) to work on /Users/harika/Desktop/CSYE_7245/Labs/airflow_tfx_lab/vlab/lib/python3.7/site-packages/airflow/example_dags/tutorial.py
[2021-03-17 19:54:41,905] {scheduler_job.py:629} INFO - Processing file /Users/harika/Desktop/CSYE_7245/Labs/airflow_tfx_lab/vlab/lib/python3.7/site-packages/airflow/example_dags/tutorial.py for tasks to queue
[2021-03-17 19:54:41,907] {logging_mixin.py:104} INFO - [2021-03-17 19:54:41,906] {dagbag.py:448} INFO - Filling up the DagBag from /Users/harika/Desktop/CSYE_7245/Labs/airflow_tfx_lab/vlab/lib/python3.7/site-packages/airflow/example_dags/tutorial.py
[2021-03-17 19:54:41,923] {scheduler_job.py:639} INFO - DAG(s) dict_keys(['tutorial']) retrieved from /Users/harika/Desktop/CSYE_7245/Labs/airflow_tfx_lab/vlab/lib/python3.7/site-packages/airflow/example_dags/tutorial.py
[2021-03-17 19:54:41,943] {logging_mixin.py:104} INFO - [2021-03-17 19:54:41,942] {dag.py:1818} INFO - Sync 1 DAGs
[2021-03-17 19:54:41,955] {logging_mixin.py:104} INFO - [2021-03-17 19:54:41,955] {dag.py:2273} INFO - Setting next_dagrun for tutorial to 2021-03-15 00:00:00+00:00
[2021-03-17 19:54:41,965] {scheduler_job.py:190} INFO - Processing /Users/harika/Desktop/CSYE_7245/Labs/airflow_tfx_lab/vlab/lib/python3.7/site-packages/airflow/example_dags/tutorial.py took 0.067 seconds
[2021-03-17 19:55:25,495] {scheduler_job.py:182} INFO - Started process (PID=30858) to work on /Users/harika/Desktop/CSYE_7245/Labs/airflow_tfx_lab/vlab/lib/python3.7/site-packages/airflow/example_dags/tutorial.py
[2021-03-17 19:55:25,499] {scheduler_job.py:629} INFO - Processing file /Users/harika/Desktop/CSYE_7245/Labs/airflow_tfx_lab/vlab/lib/python3.7/site-packages/airflow/example_dags/tutorial.py for tasks to queue
[2021-03-17 19:55:25,503] {logging_mixin.py:104} INFO - [2021-03-17 19:55:25,502] {dagbag.py:448} INFO - Filling up the DagBag from /Users/harika/Desktop/CSYE_7245/Labs/airflow_tfx_lab/vlab/lib/python3.7/site-packages/airflow/example_dags/tutorial.py
[2021-03-17 19:55:25,524] {scheduler_job.py:639} INFO - DAG(s) dict_keys(['tutorial']) retrieved from /Users/harika/Desktop/CSYE_7245/Labs/airflow_tfx_lab/vlab/lib/python3.7/site-packages/airflow/example_dags/tutorial.py
[2021-03-17 19:55:25,548] {logging_mixin.py:104} INFO - [2021-03-17 19:55:25,548] {dag.py:1818} INFO - Sync 1 DAGs
[2021-03-17 19:55:25,564] {logging_mixin.py:104} INFO - [2021-03-17 19:55:25,563] {dag.py:2273} INFO - Setting next_dagrun for tutorial to 2021-03-15 00:00:00+00:00
[2021-03-17 19:55:25,596] {scheduler_job.py:190} INFO - Processing /Users/harika/Desktop/CSYE_7245/Labs/airflow_tfx_lab/vlab/lib/python3.7/site-packages/airflow/example_dags/tutorial.py took 0.107 seconds
[2021-03-17 19:56:06,399] {scheduler_job.py:182} INFO - Started process (PID=30889) to work on /Users/harika/Desktop/CSYE_7245/Labs/airflow_tfx_lab/vlab/lib/python3.7/site-packages/airflow/example_dags/tutorial.py
[2021-03-17 19:56:06,404] {scheduler_job.py:629} INFO - Processing file /Users/harika/Desktop/CSYE_7245/Labs/airflow_tfx_lab/vlab/lib/python3.7/site-packages/airflow/example_dags/tutorial.py for tasks to queue
[2021-03-17 19:56:06,406] {logging_mixin.py:104} INFO - [2021-03-17 19:56:06,405] {dagbag.py:448} INFO - Filling up the DagBag from /Users/harika/Desktop/CSYE_7245/Labs/airflow_tfx_lab/vlab/lib/python3.7/site-packages/airflow/example_dags/tutorial.py
[2021-03-17 19:56:06,419] {scheduler_job.py:639} INFO - DAG(s) dict_keys(['tutorial']) retrieved from /Users/harika/Desktop/CSYE_7245/Labs/airflow_tfx_lab/vlab/lib/python3.7/site-packages/airflow/example_dags/tutorial.py
[2021-03-17 19:56:06,442] {logging_mixin.py:104} INFO - [2021-03-17 19:56:06,441] {dag.py:1818} INFO - Sync 1 DAGs
[2021-03-17 19:56:06,461] {logging_mixin.py:104} INFO - [2021-03-17 19:56:06,460] {dag.py:2273} INFO - Setting next_dagrun for tutorial to 2021-03-15 00:00:00+00:00
[2021-03-17 19:56:06,470] {scheduler_job.py:190} INFO - Processing /Users/harika/Desktop/CSYE_7245/Labs/airflow_tfx_lab/vlab/lib/python3.7/site-packages/airflow/example_dags/tutorial.py took 0.075 seconds
[2021-03-17 19:56:42,903] {scheduler_job.py:182} INFO - Started process (PID=30915) to work on /Users/harika/Desktop/CSYE_7245/Labs/airflow_tfx_lab/vlab/lib/python3.7/site-packages/airflow/example_dags/tutorial.py
[2021-03-17 19:56:42,906] {scheduler_job.py:629} INFO - Processing file /Users/harika/Desktop/CSYE_7245/Labs/airflow_tfx_lab/vlab/lib/python3.7/site-packages/airflow/example_dags/tutorial.py for tasks to queue
[2021-03-17 19:56:42,908] {logging_mixin.py:104} INFO - [2021-03-17 19:56:42,907] {dagbag.py:448} INFO - Filling up the DagBag from /Users/harika/Desktop/CSYE_7245/Labs/airflow_tfx_lab/vlab/lib/python3.7/site-packages/airflow/example_dags/tutorial.py
[2021-03-17 19:56:42,923] {scheduler_job.py:639} INFO - DAG(s) dict_keys(['tutorial']) retrieved from /Users/harika/Desktop/CSYE_7245/Labs/airflow_tfx_lab/vlab/lib/python3.7/site-packages/airflow/example_dags/tutorial.py
[2021-03-17 19:56:42,940] {logging_mixin.py:104} INFO - [2021-03-17 19:56:42,939] {dag.py:1818} INFO - Sync 1 DAGs
[2021-03-17 19:56:42,953] {logging_mixin.py:104} INFO - [2021-03-17 19:56:42,953] {dag.py:2273} INFO - Setting next_dagrun for tutorial to 2021-03-15 00:00:00+00:00
[2021-03-17 19:56:42,962] {scheduler_job.py:190} INFO - Processing /Users/harika/Desktop/CSYE_7245/Labs/airflow_tfx_lab/vlab/lib/python3.7/site-packages/airflow/example_dags/tutorial.py took 0.064 seconds
[2021-03-17 19:57:22,531] {scheduler_job.py:182} INFO - Started process (PID=30945) to work on /Users/harika/Desktop/CSYE_7245/Labs/airflow_tfx_lab/vlab/lib/python3.7/site-packages/airflow/example_dags/tutorial.py
[2021-03-17 19:57:22,536] {scheduler_job.py:629} INFO - Processing file /Users/harika/Desktop/CSYE_7245/Labs/airflow_tfx_lab/vlab/lib/python3.7/site-packages/airflow/example_dags/tutorial.py for tasks to queue
[2021-03-17 19:57:22,541] {logging_mixin.py:104} INFO - [2021-03-17 19:57:22,539] {dagbag.py:448} INFO - Filling up the DagBag from /Users/harika/Desktop/CSYE_7245/Labs/airflow_tfx_lab/vlab/lib/python3.7/site-packages/airflow/example_dags/tutorial.py
[2021-03-17 19:57:22,561] {scheduler_job.py:639} INFO - DAG(s) dict_keys(['tutorial']) retrieved from /Users/harika/Desktop/CSYE_7245/Labs/airflow_tfx_lab/vlab/lib/python3.7/site-packages/airflow/example_dags/tutorial.py
[2021-03-17 19:57:22,579] {logging_mixin.py:104} INFO - [2021-03-17 19:57:22,578] {dag.py:1818} INFO - Sync 1 DAGs
[2021-03-17 19:57:22,593] {logging_mixin.py:104} INFO - [2021-03-17 19:57:22,593] {dag.py:2273} INFO - Setting next_dagrun for tutorial to 2021-03-15 00:00:00+00:00
[2021-03-17 19:57:22,603] {scheduler_job.py:190} INFO - Processing /Users/harika/Desktop/CSYE_7245/Labs/airflow_tfx_lab/vlab/lib/python3.7/site-packages/airflow/example_dags/tutorial.py took 0.078 seconds
[2021-03-17 19:58:05,177] {scheduler_job.py:182} INFO - Started process (PID=30982) to work on /Users/harika/Desktop/CSYE_7245/Labs/airflow_tfx_lab/vlab/lib/python3.7/site-packages/airflow/example_dags/tutorial.py
[2021-03-17 19:58:05,180] {scheduler_job.py:629} INFO - Processing file /Users/harika/Desktop/CSYE_7245/Labs/airflow_tfx_lab/vlab/lib/python3.7/site-packages/airflow/example_dags/tutorial.py for tasks to queue
[2021-03-17 19:58:05,182] {logging_mixin.py:104} INFO - [2021-03-17 19:58:05,182] {dagbag.py:448} INFO - Filling up the DagBag from /Users/harika/Desktop/CSYE_7245/Labs/airflow_tfx_lab/vlab/lib/python3.7/site-packages/airflow/example_dags/tutorial.py
[2021-03-17 19:58:05,199] {scheduler_job.py:639} INFO - DAG(s) dict_keys(['tutorial']) retrieved from /Users/harika/Desktop/CSYE_7245/Labs/airflow_tfx_lab/vlab/lib/python3.7/site-packages/airflow/example_dags/tutorial.py
[2021-03-17 19:58:05,218] {logging_mixin.py:104} INFO - [2021-03-17 19:58:05,217] {dag.py:1818} INFO - Sync 1 DAGs
[2021-03-17 19:58:05,234] {logging_mixin.py:104} INFO - [2021-03-17 19:58:05,233] {dag.py:2273} INFO - Setting next_dagrun for tutorial to 2021-03-15 00:00:00+00:00
[2021-03-17 19:58:05,246] {scheduler_job.py:190} INFO - Processing /Users/harika/Desktop/CSYE_7245/Labs/airflow_tfx_lab/vlab/lib/python3.7/site-packages/airflow/example_dags/tutorial.py took 0.077 seconds
[2021-03-17 19:58:42,630] {scheduler_job.py:182} INFO - Started process (PID=31021) to work on /Users/harika/Desktop/CSYE_7245/Labs/airflow_tfx_lab/vlab/lib/python3.7/site-packages/airflow/example_dags/tutorial.py
[2021-03-17 19:58:42,633] {scheduler_job.py:629} INFO - Processing file /Users/harika/Desktop/CSYE_7245/Labs/airflow_tfx_lab/vlab/lib/python3.7/site-packages/airflow/example_dags/tutorial.py for tasks to queue
[2021-03-17 19:58:42,635] {logging_mixin.py:104} INFO - [2021-03-17 19:58:42,634] {dagbag.py:448} INFO - Filling up the DagBag from /Users/harika/Desktop/CSYE_7245/Labs/airflow_tfx_lab/vlab/lib/python3.7/site-packages/airflow/example_dags/tutorial.py
[2021-03-17 19:58:42,649] {scheduler_job.py:639} INFO - DAG(s) dict_keys(['tutorial']) retrieved from /Users/harika/Desktop/CSYE_7245/Labs/airflow_tfx_lab/vlab/lib/python3.7/site-packages/airflow/example_dags/tutorial.py
[2021-03-17 19:58:42,666] {logging_mixin.py:104} INFO - [2021-03-17 19:58:42,665] {dag.py:1818} INFO - Sync 1 DAGs
[2021-03-17 19:58:42,679] {logging_mixin.py:104} INFO - [2021-03-17 19:58:42,679] {dag.py:2273} INFO - Setting next_dagrun for tutorial to 2021-03-15 00:00:00+00:00
[2021-03-17 19:58:42,689] {scheduler_job.py:190} INFO - Processing /Users/harika/Desktop/CSYE_7245/Labs/airflow_tfx_lab/vlab/lib/python3.7/site-packages/airflow/example_dags/tutorial.py took 0.062 seconds
[2021-03-17 19:59:21,799] {scheduler_job.py:182} INFO - Started process (PID=31050) to work on /Users/harika/Desktop/CSYE_7245/Labs/airflow_tfx_lab/vlab/lib/python3.7/site-packages/airflow/example_dags/tutorial.py
[2021-03-17 19:59:21,802] {scheduler_job.py:629} INFO - Processing file /Users/harika/Desktop/CSYE_7245/Labs/airflow_tfx_lab/vlab/lib/python3.7/site-packages/airflow/example_dags/tutorial.py for tasks to queue
[2021-03-17 19:59:21,804] {logging_mixin.py:104} INFO - [2021-03-17 19:59:21,803] {dagbag.py:448} INFO - Filling up the DagBag from /Users/harika/Desktop/CSYE_7245/Labs/airflow_tfx_lab/vlab/lib/python3.7/site-packages/airflow/example_dags/tutorial.py
[2021-03-17 19:59:21,818] {scheduler_job.py:639} INFO - DAG(s) dict_keys(['tutorial']) retrieved from /Users/harika/Desktop/CSYE_7245/Labs/airflow_tfx_lab/vlab/lib/python3.7/site-packages/airflow/example_dags/tutorial.py
[2021-03-17 19:59:21,834] {logging_mixin.py:104} INFO - [2021-03-17 19:59:21,834] {dag.py:1818} INFO - Sync 1 DAGs
[2021-03-17 19:59:21,847] {logging_mixin.py:104} INFO - [2021-03-17 19:59:21,847] {dag.py:2273} INFO - Setting next_dagrun for tutorial to 2021-03-15 00:00:00+00:00
[2021-03-17 19:59:21,856] {scheduler_job.py:190} INFO - Processing /Users/harika/Desktop/CSYE_7245/Labs/airflow_tfx_lab/vlab/lib/python3.7/site-packages/airflow/example_dags/tutorial.py took 0.062 seconds
