[2021-03-17 18:51:42,366] {scheduler_job.py:182} INFO - Started process (PID=26417) to work on /Users/harika/Desktop/CSYE_7245/Labs/airflow_tfx_lab/vlab/lib/python3.7/site-packages/airflow/example_dags/tutorial_etl_dag.py
[2021-03-17 18:51:42,368] {scheduler_job.py:629} INFO - Processing file /Users/harika/Desktop/CSYE_7245/Labs/airflow_tfx_lab/vlab/lib/python3.7/site-packages/airflow/example_dags/tutorial_etl_dag.py for tasks to queue
[2021-03-17 18:51:42,369] {logging_mixin.py:104} INFO - [2021-03-17 18:51:42,369] {dagbag.py:448} INFO - Filling up the DagBag from /Users/harika/Desktop/CSYE_7245/Labs/airflow_tfx_lab/vlab/lib/python3.7/site-packages/airflow/example_dags/tutorial_etl_dag.py
[2021-03-17 18:51:42,393] {scheduler_job.py:639} INFO - DAG(s) dict_keys(['tutorial_etl_dag']) retrieved from /Users/harika/Desktop/CSYE_7245/Labs/airflow_tfx_lab/vlab/lib/python3.7/site-packages/airflow/example_dags/tutorial_etl_dag.py
[2021-03-17 18:51:42,410] {logging_mixin.py:104} INFO - [2021-03-17 18:51:42,410] {dag.py:1818} INFO - Sync 1 DAGs
[2021-03-17 18:51:42,423] {logging_mixin.py:104} INFO - [2021-03-17 18:51:42,422] {dag.py:2273} INFO - Setting next_dagrun for tutorial_etl_dag to None
[2021-03-17 18:51:42,436] {scheduler_job.py:190} INFO - Processing /Users/harika/Desktop/CSYE_7245/Labs/airflow_tfx_lab/vlab/lib/python3.7/site-packages/airflow/example_dags/tutorial_etl_dag.py took 0.074 seconds
[2021-03-17 18:55:39,292] {scheduler_job.py:182} INFO - Started process (PID=26742) to work on /Users/harika/Desktop/CSYE_7245/Labs/airflow_tfx_lab/vlab/lib/python3.7/site-packages/airflow/example_dags/tutorial_etl_dag.py
[2021-03-17 18:55:39,296] {scheduler_job.py:629} INFO - Processing file /Users/harika/Desktop/CSYE_7245/Labs/airflow_tfx_lab/vlab/lib/python3.7/site-packages/airflow/example_dags/tutorial_etl_dag.py for tasks to queue
[2021-03-17 18:55:39,299] {logging_mixin.py:104} INFO - [2021-03-17 18:55:39,298] {dagbag.py:448} INFO - Filling up the DagBag from /Users/harika/Desktop/CSYE_7245/Labs/airflow_tfx_lab/vlab/lib/python3.7/site-packages/airflow/example_dags/tutorial_etl_dag.py
[2021-03-17 18:55:39,313] {scheduler_job.py:639} INFO - DAG(s) dict_keys(['tutorial_etl_dag']) retrieved from /Users/harika/Desktop/CSYE_7245/Labs/airflow_tfx_lab/vlab/lib/python3.7/site-packages/airflow/example_dags/tutorial_etl_dag.py
[2021-03-17 18:55:39,349] {logging_mixin.py:104} INFO - [2021-03-17 18:55:39,348] {dag.py:1818} INFO - Sync 1 DAGs
[2021-03-17 18:55:39,369] {logging_mixin.py:104} INFO - [2021-03-17 18:55:39,368] {dag.py:2273} INFO - Setting next_dagrun for tutorial_etl_dag to None
[2021-03-17 18:55:39,395] {scheduler_job.py:190} INFO - Processing /Users/harika/Desktop/CSYE_7245/Labs/airflow_tfx_lab/vlab/lib/python3.7/site-packages/airflow/example_dags/tutorial_etl_dag.py took 0.114 seconds
[2021-03-17 18:56:24,037] {scheduler_job.py:182} INFO - Started process (PID=26802) to work on /Users/harika/Desktop/CSYE_7245/Labs/airflow_tfx_lab/vlab/lib/python3.7/site-packages/airflow/example_dags/tutorial_etl_dag.py
[2021-03-17 18:56:24,040] {scheduler_job.py:629} INFO - Processing file /Users/harika/Desktop/CSYE_7245/Labs/airflow_tfx_lab/vlab/lib/python3.7/site-packages/airflow/example_dags/tutorial_etl_dag.py for tasks to queue
[2021-03-17 18:56:24,042] {logging_mixin.py:104} INFO - [2021-03-17 18:56:24,041] {dagbag.py:448} INFO - Filling up the DagBag from /Users/harika/Desktop/CSYE_7245/Labs/airflow_tfx_lab/vlab/lib/python3.7/site-packages/airflow/example_dags/tutorial_etl_dag.py
[2021-03-17 18:56:24,064] {scheduler_job.py:639} INFO - DAG(s) dict_keys(['tutorial_etl_dag']) retrieved from /Users/harika/Desktop/CSYE_7245/Labs/airflow_tfx_lab/vlab/lib/python3.7/site-packages/airflow/example_dags/tutorial_etl_dag.py
[2021-03-17 18:56:24,088] {logging_mixin.py:104} INFO - [2021-03-17 18:56:24,087] {dag.py:1818} INFO - Sync 1 DAGs
[2021-03-17 18:56:24,106] {logging_mixin.py:104} INFO - [2021-03-17 18:56:24,106] {dag.py:2273} INFO - Setting next_dagrun for tutorial_etl_dag to None
[2021-03-17 18:56:24,134] {scheduler_job.py:190} INFO - Processing /Users/harika/Desktop/CSYE_7245/Labs/airflow_tfx_lab/vlab/lib/python3.7/site-packages/airflow/example_dags/tutorial_etl_dag.py took 0.102 seconds
[2021-03-17 18:57:06,974] {scheduler_job.py:182} INFO - Started process (PID=26901) to work on /Users/harika/Desktop/CSYE_7245/Labs/airflow_tfx_lab/vlab/lib/python3.7/site-packages/airflow/example_dags/tutorial_etl_dag.py
[2021-03-17 18:57:06,978] {scheduler_job.py:629} INFO - Processing file /Users/harika/Desktop/CSYE_7245/Labs/airflow_tfx_lab/vlab/lib/python3.7/site-packages/airflow/example_dags/tutorial_etl_dag.py for tasks to queue
[2021-03-17 18:57:06,979] {logging_mixin.py:104} INFO - [2021-03-17 18:57:06,979] {dagbag.py:448} INFO - Filling up the DagBag from /Users/harika/Desktop/CSYE_7245/Labs/airflow_tfx_lab/vlab/lib/python3.7/site-packages/airflow/example_dags/tutorial_etl_dag.py
[2021-03-17 18:57:06,991] {scheduler_job.py:639} INFO - DAG(s) dict_keys(['tutorial_etl_dag']) retrieved from /Users/harika/Desktop/CSYE_7245/Labs/airflow_tfx_lab/vlab/lib/python3.7/site-packages/airflow/example_dags/tutorial_etl_dag.py
[2021-03-17 18:57:07,023] {logging_mixin.py:104} INFO - [2021-03-17 18:57:07,023] {dag.py:1818} INFO - Sync 1 DAGs
[2021-03-17 18:57:07,039] {logging_mixin.py:104} INFO - [2021-03-17 18:57:07,038] {dag.py:2273} INFO - Setting next_dagrun for tutorial_etl_dag to None
[2021-03-17 18:57:07,054] {scheduler_job.py:190} INFO - Processing /Users/harika/Desktop/CSYE_7245/Labs/airflow_tfx_lab/vlab/lib/python3.7/site-packages/airflow/example_dags/tutorial_etl_dag.py took 0.085 seconds
[2021-03-17 18:58:15,740] {scheduler_job.py:182} INFO - Started process (PID=27042) to work on /Users/harika/Desktop/CSYE_7245/Labs/airflow_tfx_lab/vlab/lib/python3.7/site-packages/airflow/example_dags/tutorial_etl_dag.py
[2021-03-17 18:58:15,742] {scheduler_job.py:629} INFO - Processing file /Users/harika/Desktop/CSYE_7245/Labs/airflow_tfx_lab/vlab/lib/python3.7/site-packages/airflow/example_dags/tutorial_etl_dag.py for tasks to queue
[2021-03-17 18:58:15,744] {logging_mixin.py:104} INFO - [2021-03-17 18:58:15,743] {dagbag.py:448} INFO - Filling up the DagBag from /Users/harika/Desktop/CSYE_7245/Labs/airflow_tfx_lab/vlab/lib/python3.7/site-packages/airflow/example_dags/tutorial_etl_dag.py
[2021-03-17 18:58:15,757] {scheduler_job.py:639} INFO - DAG(s) dict_keys(['tutorial_etl_dag']) retrieved from /Users/harika/Desktop/CSYE_7245/Labs/airflow_tfx_lab/vlab/lib/python3.7/site-packages/airflow/example_dags/tutorial_etl_dag.py
[2021-03-17 18:58:15,783] {logging_mixin.py:104} INFO - [2021-03-17 18:58:15,782] {dag.py:1818} INFO - Sync 1 DAGs
[2021-03-17 18:58:15,798] {logging_mixin.py:104} INFO - [2021-03-17 18:58:15,797] {dag.py:2273} INFO - Setting next_dagrun for tutorial_etl_dag to None
[2021-03-17 18:58:15,808] {scheduler_job.py:190} INFO - Processing /Users/harika/Desktop/CSYE_7245/Labs/airflow_tfx_lab/vlab/lib/python3.7/site-packages/airflow/example_dags/tutorial_etl_dag.py took 0.073 seconds
[2021-03-17 18:59:13,579] {scheduler_job.py:182} INFO - Started process (PID=27098) to work on /Users/harika/Desktop/CSYE_7245/Labs/airflow_tfx_lab/vlab/lib/python3.7/site-packages/airflow/example_dags/tutorial_etl_dag.py
[2021-03-17 18:59:13,581] {scheduler_job.py:629} INFO - Processing file /Users/harika/Desktop/CSYE_7245/Labs/airflow_tfx_lab/vlab/lib/python3.7/site-packages/airflow/example_dags/tutorial_etl_dag.py for tasks to queue
[2021-03-17 18:59:13,583] {logging_mixin.py:104} INFO - [2021-03-17 18:59:13,583] {dagbag.py:448} INFO - Filling up the DagBag from /Users/harika/Desktop/CSYE_7245/Labs/airflow_tfx_lab/vlab/lib/python3.7/site-packages/airflow/example_dags/tutorial_etl_dag.py
[2021-03-17 18:59:13,595] {scheduler_job.py:639} INFO - DAG(s) dict_keys(['tutorial_etl_dag']) retrieved from /Users/harika/Desktop/CSYE_7245/Labs/airflow_tfx_lab/vlab/lib/python3.7/site-packages/airflow/example_dags/tutorial_etl_dag.py
[2021-03-17 18:59:13,621] {logging_mixin.py:104} INFO - [2021-03-17 18:59:13,620] {dag.py:1818} INFO - Sync 1 DAGs
[2021-03-17 18:59:13,642] {logging_mixin.py:104} INFO - [2021-03-17 18:59:13,640] {dag.py:2273} INFO - Setting next_dagrun for tutorial_etl_dag to None
[2021-03-17 18:59:13,654] {scheduler_job.py:190} INFO - Processing /Users/harika/Desktop/CSYE_7245/Labs/airflow_tfx_lab/vlab/lib/python3.7/site-packages/airflow/example_dags/tutorial_etl_dag.py took 0.080 seconds
[2021-03-17 19:00:03,355] {scheduler_job.py:182} INFO - Started process (PID=27165) to work on /Users/harika/Desktop/CSYE_7245/Labs/airflow_tfx_lab/vlab/lib/python3.7/site-packages/airflow/example_dags/tutorial_etl_dag.py
[2021-03-17 19:00:03,358] {scheduler_job.py:629} INFO - Processing file /Users/harika/Desktop/CSYE_7245/Labs/airflow_tfx_lab/vlab/lib/python3.7/site-packages/airflow/example_dags/tutorial_etl_dag.py for tasks to queue
[2021-03-17 19:00:03,360] {logging_mixin.py:104} INFO - [2021-03-17 19:00:03,359] {dagbag.py:448} INFO - Filling up the DagBag from /Users/harika/Desktop/CSYE_7245/Labs/airflow_tfx_lab/vlab/lib/python3.7/site-packages/airflow/example_dags/tutorial_etl_dag.py
[2021-03-17 19:00:03,379] {scheduler_job.py:639} INFO - DAG(s) dict_keys(['tutorial_etl_dag']) retrieved from /Users/harika/Desktop/CSYE_7245/Labs/airflow_tfx_lab/vlab/lib/python3.7/site-packages/airflow/example_dags/tutorial_etl_dag.py
[2021-03-17 19:00:03,409] {logging_mixin.py:104} INFO - [2021-03-17 19:00:03,408] {dag.py:1818} INFO - Sync 1 DAGs
[2021-03-17 19:00:03,424] {logging_mixin.py:104} INFO - [2021-03-17 19:00:03,424] {dag.py:2273} INFO - Setting next_dagrun for tutorial_etl_dag to None
[2021-03-17 19:00:03,435] {scheduler_job.py:190} INFO - Processing /Users/harika/Desktop/CSYE_7245/Labs/airflow_tfx_lab/vlab/lib/python3.7/site-packages/airflow/example_dags/tutorial_etl_dag.py took 0.087 seconds
[2021-03-17 19:00:57,132] {scheduler_job.py:182} INFO - Started process (PID=27267) to work on /Users/harika/Desktop/CSYE_7245/Labs/airflow_tfx_lab/vlab/lib/python3.7/site-packages/airflow/example_dags/tutorial_etl_dag.py
[2021-03-17 19:00:57,134] {scheduler_job.py:629} INFO - Processing file /Users/harika/Desktop/CSYE_7245/Labs/airflow_tfx_lab/vlab/lib/python3.7/site-packages/airflow/example_dags/tutorial_etl_dag.py for tasks to queue
[2021-03-17 19:00:57,136] {logging_mixin.py:104} INFO - [2021-03-17 19:00:57,135] {dagbag.py:448} INFO - Filling up the DagBag from /Users/harika/Desktop/CSYE_7245/Labs/airflow_tfx_lab/vlab/lib/python3.7/site-packages/airflow/example_dags/tutorial_etl_dag.py
[2021-03-17 19:00:57,151] {scheduler_job.py:639} INFO - DAG(s) dict_keys(['tutorial_etl_dag']) retrieved from /Users/harika/Desktop/CSYE_7245/Labs/airflow_tfx_lab/vlab/lib/python3.7/site-packages/airflow/example_dags/tutorial_etl_dag.py
[2021-03-17 19:00:57,180] {logging_mixin.py:104} INFO - [2021-03-17 19:00:57,180] {dag.py:1818} INFO - Sync 1 DAGs
[2021-03-17 19:00:57,195] {logging_mixin.py:104} INFO - [2021-03-17 19:00:57,195] {dag.py:2273} INFO - Setting next_dagrun for tutorial_etl_dag to None
[2021-03-17 19:00:57,209] {scheduler_job.py:190} INFO - Processing /Users/harika/Desktop/CSYE_7245/Labs/airflow_tfx_lab/vlab/lib/python3.7/site-packages/airflow/example_dags/tutorial_etl_dag.py took 0.082 seconds
[2021-03-17 19:01:49,709] {scheduler_job.py:182} INFO - Started process (PID=27367) to work on /Users/harika/Desktop/CSYE_7245/Labs/airflow_tfx_lab/vlab/lib/python3.7/site-packages/airflow/example_dags/tutorial_etl_dag.py
[2021-03-17 19:01:49,714] {scheduler_job.py:629} INFO - Processing file /Users/harika/Desktop/CSYE_7245/Labs/airflow_tfx_lab/vlab/lib/python3.7/site-packages/airflow/example_dags/tutorial_etl_dag.py for tasks to queue
[2021-03-17 19:01:49,717] {logging_mixin.py:104} INFO - [2021-03-17 19:01:49,716] {dagbag.py:448} INFO - Filling up the DagBag from /Users/harika/Desktop/CSYE_7245/Labs/airflow_tfx_lab/vlab/lib/python3.7/site-packages/airflow/example_dags/tutorial_etl_dag.py
[2021-03-17 19:01:49,775] {scheduler_job.py:639} INFO - DAG(s) dict_keys(['tutorial_etl_dag']) retrieved from /Users/harika/Desktop/CSYE_7245/Labs/airflow_tfx_lab/vlab/lib/python3.7/site-packages/airflow/example_dags/tutorial_etl_dag.py
[2021-03-17 19:01:49,927] {logging_mixin.py:104} INFO - [2021-03-17 19:01:49,926] {dag.py:1818} INFO - Sync 1 DAGs
[2021-03-17 19:01:49,990] {logging_mixin.py:104} INFO - [2021-03-17 19:01:49,988] {dag.py:2273} INFO - Setting next_dagrun for tutorial_etl_dag to None
[2021-03-17 19:01:50,039] {scheduler_job.py:190} INFO - Processing /Users/harika/Desktop/CSYE_7245/Labs/airflow_tfx_lab/vlab/lib/python3.7/site-packages/airflow/example_dags/tutorial_etl_dag.py took 0.338 seconds
[2021-03-17 19:02:39,727] {scheduler_job.py:182} INFO - Started process (PID=27483) to work on /Users/harika/Desktop/CSYE_7245/Labs/airflow_tfx_lab/vlab/lib/python3.7/site-packages/airflow/example_dags/tutorial_etl_dag.py
[2021-03-17 19:02:39,734] {scheduler_job.py:629} INFO - Processing file /Users/harika/Desktop/CSYE_7245/Labs/airflow_tfx_lab/vlab/lib/python3.7/site-packages/airflow/example_dags/tutorial_etl_dag.py for tasks to queue
[2021-03-17 19:02:39,738] {logging_mixin.py:104} INFO - [2021-03-17 19:02:39,737] {dagbag.py:448} INFO - Filling up the DagBag from /Users/harika/Desktop/CSYE_7245/Labs/airflow_tfx_lab/vlab/lib/python3.7/site-packages/airflow/example_dags/tutorial_etl_dag.py
[2021-03-17 19:02:39,763] {scheduler_job.py:639} INFO - DAG(s) dict_keys(['tutorial_etl_dag']) retrieved from /Users/harika/Desktop/CSYE_7245/Labs/airflow_tfx_lab/vlab/lib/python3.7/site-packages/airflow/example_dags/tutorial_etl_dag.py
[2021-03-17 19:02:39,817] {logging_mixin.py:104} INFO - [2021-03-17 19:02:39,816] {dag.py:1818} INFO - Sync 1 DAGs
[2021-03-17 19:02:39,837] {logging_mixin.py:104} INFO - [2021-03-17 19:02:39,836] {dag.py:2273} INFO - Setting next_dagrun for tutorial_etl_dag to None
[2021-03-17 19:02:39,863] {scheduler_job.py:190} INFO - Processing /Users/harika/Desktop/CSYE_7245/Labs/airflow_tfx_lab/vlab/lib/python3.7/site-packages/airflow/example_dags/tutorial_etl_dag.py took 0.144 seconds
[2021-03-17 19:03:22,452] {scheduler_job.py:182} INFO - Started process (PID=27586) to work on /Users/harika/Desktop/CSYE_7245/Labs/airflow_tfx_lab/vlab/lib/python3.7/site-packages/airflow/example_dags/tutorial_etl_dag.py
[2021-03-17 19:03:22,457] {scheduler_job.py:629} INFO - Processing file /Users/harika/Desktop/CSYE_7245/Labs/airflow_tfx_lab/vlab/lib/python3.7/site-packages/airflow/example_dags/tutorial_etl_dag.py for tasks to queue
[2021-03-17 19:03:22,459] {logging_mixin.py:104} INFO - [2021-03-17 19:03:22,458] {dagbag.py:448} INFO - Filling up the DagBag from /Users/harika/Desktop/CSYE_7245/Labs/airflow_tfx_lab/vlab/lib/python3.7/site-packages/airflow/example_dags/tutorial_etl_dag.py
[2021-03-17 19:03:22,475] {scheduler_job.py:639} INFO - DAG(s) dict_keys(['tutorial_etl_dag']) retrieved from /Users/harika/Desktop/CSYE_7245/Labs/airflow_tfx_lab/vlab/lib/python3.7/site-packages/airflow/example_dags/tutorial_etl_dag.py
[2021-03-17 19:03:22,497] {logging_mixin.py:104} INFO - [2021-03-17 19:03:22,497] {dag.py:1818} INFO - Sync 1 DAGs
[2021-03-17 19:03:22,513] {logging_mixin.py:104} INFO - [2021-03-17 19:03:22,512] {dag.py:2273} INFO - Setting next_dagrun for tutorial_etl_dag to None
[2021-03-17 19:03:22,525] {scheduler_job.py:190} INFO - Processing /Users/harika/Desktop/CSYE_7245/Labs/airflow_tfx_lab/vlab/lib/python3.7/site-packages/airflow/example_dags/tutorial_etl_dag.py took 0.077 seconds
[2021-03-17 19:04:10,660] {scheduler_job.py:182} INFO - Started process (PID=27676) to work on /Users/harika/Desktop/CSYE_7245/Labs/airflow_tfx_lab/vlab/lib/python3.7/site-packages/airflow/example_dags/tutorial_etl_dag.py
[2021-03-17 19:04:10,665] {scheduler_job.py:629} INFO - Processing file /Users/harika/Desktop/CSYE_7245/Labs/airflow_tfx_lab/vlab/lib/python3.7/site-packages/airflow/example_dags/tutorial_etl_dag.py for tasks to queue
[2021-03-17 19:04:10,669] {logging_mixin.py:104} INFO - [2021-03-17 19:04:10,668] {dagbag.py:448} INFO - Filling up the DagBag from /Users/harika/Desktop/CSYE_7245/Labs/airflow_tfx_lab/vlab/lib/python3.7/site-packages/airflow/example_dags/tutorial_etl_dag.py
[2021-03-17 19:04:10,686] {scheduler_job.py:639} INFO - DAG(s) dict_keys(['tutorial_etl_dag']) retrieved from /Users/harika/Desktop/CSYE_7245/Labs/airflow_tfx_lab/vlab/lib/python3.7/site-packages/airflow/example_dags/tutorial_etl_dag.py
[2021-03-17 19:04:10,721] {logging_mixin.py:104} INFO - [2021-03-17 19:04:10,721] {dag.py:1818} INFO - Sync 1 DAGs
[2021-03-17 19:04:10,750] {logging_mixin.py:104} INFO - [2021-03-17 19:04:10,749] {dag.py:2273} INFO - Setting next_dagrun for tutorial_etl_dag to None
[2021-03-17 19:04:10,769] {scheduler_job.py:190} INFO - Processing /Users/harika/Desktop/CSYE_7245/Labs/airflow_tfx_lab/vlab/lib/python3.7/site-packages/airflow/example_dags/tutorial_etl_dag.py took 0.115 seconds
[2021-03-17 19:04:59,168] {scheduler_job.py:182} INFO - Started process (PID=27729) to work on /Users/harika/Desktop/CSYE_7245/Labs/airflow_tfx_lab/vlab/lib/python3.7/site-packages/airflow/example_dags/tutorial_etl_dag.py
[2021-03-17 19:04:59,174] {scheduler_job.py:629} INFO - Processing file /Users/harika/Desktop/CSYE_7245/Labs/airflow_tfx_lab/vlab/lib/python3.7/site-packages/airflow/example_dags/tutorial_etl_dag.py for tasks to queue
[2021-03-17 19:04:59,175] {logging_mixin.py:104} INFO - [2021-03-17 19:04:59,175] {dagbag.py:448} INFO - Filling up the DagBag from /Users/harika/Desktop/CSYE_7245/Labs/airflow_tfx_lab/vlab/lib/python3.7/site-packages/airflow/example_dags/tutorial_etl_dag.py
[2021-03-17 19:04:59,187] {scheduler_job.py:639} INFO - DAG(s) dict_keys(['tutorial_etl_dag']) retrieved from /Users/harika/Desktop/CSYE_7245/Labs/airflow_tfx_lab/vlab/lib/python3.7/site-packages/airflow/example_dags/tutorial_etl_dag.py
[2021-03-17 19:04:59,208] {logging_mixin.py:104} INFO - [2021-03-17 19:04:59,207] {dag.py:1818} INFO - Sync 1 DAGs
[2021-03-17 19:04:59,234] {logging_mixin.py:104} INFO - [2021-03-17 19:04:59,234] {dag.py:2273} INFO - Setting next_dagrun for tutorial_etl_dag to None
[2021-03-17 19:04:59,243] {scheduler_job.py:190} INFO - Processing /Users/harika/Desktop/CSYE_7245/Labs/airflow_tfx_lab/vlab/lib/python3.7/site-packages/airflow/example_dags/tutorial_etl_dag.py took 0.080 seconds
[2021-03-17 19:05:48,651] {scheduler_job.py:182} INFO - Started process (PID=27829) to work on /Users/harika/Desktop/CSYE_7245/Labs/airflow_tfx_lab/vlab/lib/python3.7/site-packages/airflow/example_dags/tutorial_etl_dag.py
[2021-03-17 19:05:48,655] {scheduler_job.py:629} INFO - Processing file /Users/harika/Desktop/CSYE_7245/Labs/airflow_tfx_lab/vlab/lib/python3.7/site-packages/airflow/example_dags/tutorial_etl_dag.py for tasks to queue
[2021-03-17 19:05:48,658] {logging_mixin.py:104} INFO - [2021-03-17 19:05:48,657] {dagbag.py:448} INFO - Filling up the DagBag from /Users/harika/Desktop/CSYE_7245/Labs/airflow_tfx_lab/vlab/lib/python3.7/site-packages/airflow/example_dags/tutorial_etl_dag.py
[2021-03-17 19:05:48,671] {scheduler_job.py:639} INFO - DAG(s) dict_keys(['tutorial_etl_dag']) retrieved from /Users/harika/Desktop/CSYE_7245/Labs/airflow_tfx_lab/vlab/lib/python3.7/site-packages/airflow/example_dags/tutorial_etl_dag.py
[2021-03-17 19:05:48,691] {logging_mixin.py:104} INFO - [2021-03-17 19:05:48,690] {dag.py:1818} INFO - Sync 1 DAGs
[2021-03-17 19:05:48,709] {logging_mixin.py:104} INFO - [2021-03-17 19:05:48,708] {dag.py:2273} INFO - Setting next_dagrun for tutorial_etl_dag to None
[2021-03-17 19:05:48,724] {scheduler_job.py:190} INFO - Processing /Users/harika/Desktop/CSYE_7245/Labs/airflow_tfx_lab/vlab/lib/python3.7/site-packages/airflow/example_dags/tutorial_etl_dag.py took 0.077 seconds
[2021-03-17 19:06:31,752] {scheduler_job.py:182} INFO - Started process (PID=27953) to work on /Users/harika/Desktop/CSYE_7245/Labs/airflow_tfx_lab/vlab/lib/python3.7/site-packages/airflow/example_dags/tutorial_etl_dag.py
[2021-03-17 19:06:31,754] {scheduler_job.py:629} INFO - Processing file /Users/harika/Desktop/CSYE_7245/Labs/airflow_tfx_lab/vlab/lib/python3.7/site-packages/airflow/example_dags/tutorial_etl_dag.py for tasks to queue
[2021-03-17 19:06:31,756] {logging_mixin.py:104} INFO - [2021-03-17 19:06:31,755] {dagbag.py:448} INFO - Filling up the DagBag from /Users/harika/Desktop/CSYE_7245/Labs/airflow_tfx_lab/vlab/lib/python3.7/site-packages/airflow/example_dags/tutorial_etl_dag.py
[2021-03-17 19:06:31,767] {scheduler_job.py:639} INFO - DAG(s) dict_keys(['tutorial_etl_dag']) retrieved from /Users/harika/Desktop/CSYE_7245/Labs/airflow_tfx_lab/vlab/lib/python3.7/site-packages/airflow/example_dags/tutorial_etl_dag.py
[2021-03-17 19:06:31,802] {logging_mixin.py:104} INFO - [2021-03-17 19:06:31,801] {dag.py:1818} INFO - Sync 1 DAGs
[2021-03-17 19:06:31,824] {logging_mixin.py:104} INFO - [2021-03-17 19:06:31,823] {dag.py:2273} INFO - Setting next_dagrun for tutorial_etl_dag to None
[2021-03-17 19:06:31,833] {scheduler_job.py:190} INFO - Processing /Users/harika/Desktop/CSYE_7245/Labs/airflow_tfx_lab/vlab/lib/python3.7/site-packages/airflow/example_dags/tutorial_etl_dag.py took 0.086 seconds
[2021-03-17 19:14:08,095] {scheduler_job.py:182} INFO - Started process (PID=28380) to work on /Users/harika/Desktop/CSYE_7245/Labs/airflow_tfx_lab/vlab/lib/python3.7/site-packages/airflow/example_dags/tutorial_etl_dag.py
[2021-03-17 19:14:08,100] {scheduler_job.py:629} INFO - Processing file /Users/harika/Desktop/CSYE_7245/Labs/airflow_tfx_lab/vlab/lib/python3.7/site-packages/airflow/example_dags/tutorial_etl_dag.py for tasks to queue
[2021-03-17 19:14:08,104] {logging_mixin.py:104} INFO - [2021-03-17 19:14:08,103] {dagbag.py:448} INFO - Filling up the DagBag from /Users/harika/Desktop/CSYE_7245/Labs/airflow_tfx_lab/vlab/lib/python3.7/site-packages/airflow/example_dags/tutorial_etl_dag.py
[2021-03-17 19:14:08,136] {scheduler_job.py:639} INFO - DAG(s) dict_keys(['tutorial_etl_dag']) retrieved from /Users/harika/Desktop/CSYE_7245/Labs/airflow_tfx_lab/vlab/lib/python3.7/site-packages/airflow/example_dags/tutorial_etl_dag.py
[2021-03-17 19:14:08,171] {logging_mixin.py:104} INFO - [2021-03-17 19:14:08,170] {dag.py:1818} INFO - Sync 1 DAGs
[2021-03-17 19:14:08,197] {logging_mixin.py:104} INFO - [2021-03-17 19:14:08,196] {dag.py:2273} INFO - Setting next_dagrun for tutorial_etl_dag to None
[2021-03-17 19:14:08,227] {scheduler_job.py:190} INFO - Processing /Users/harika/Desktop/CSYE_7245/Labs/airflow_tfx_lab/vlab/lib/python3.7/site-packages/airflow/example_dags/tutorial_etl_dag.py took 0.140 seconds
[2021-03-17 19:15:00,770] {scheduler_job.py:182} INFO - Started process (PID=28461) to work on /Users/harika/Desktop/CSYE_7245/Labs/airflow_tfx_lab/vlab/lib/python3.7/site-packages/airflow/example_dags/tutorial_etl_dag.py
[2021-03-17 19:15:00,781] {scheduler_job.py:629} INFO - Processing file /Users/harika/Desktop/CSYE_7245/Labs/airflow_tfx_lab/vlab/lib/python3.7/site-packages/airflow/example_dags/tutorial_etl_dag.py for tasks to queue
[2021-03-17 19:15:00,784] {logging_mixin.py:104} INFO - [2021-03-17 19:15:00,783] {dagbag.py:448} INFO - Filling up the DagBag from /Users/harika/Desktop/CSYE_7245/Labs/airflow_tfx_lab/vlab/lib/python3.7/site-packages/airflow/example_dags/tutorial_etl_dag.py
[2021-03-17 19:15:00,818] {scheduler_job.py:639} INFO - DAG(s) dict_keys(['tutorial_etl_dag']) retrieved from /Users/harika/Desktop/CSYE_7245/Labs/airflow_tfx_lab/vlab/lib/python3.7/site-packages/airflow/example_dags/tutorial_etl_dag.py
[2021-03-17 19:15:00,857] {logging_mixin.py:104} INFO - [2021-03-17 19:15:00,856] {dag.py:1818} INFO - Sync 1 DAGs
[2021-03-17 19:15:00,878] {logging_mixin.py:104} INFO - [2021-03-17 19:15:00,878] {dag.py:2273} INFO - Setting next_dagrun for tutorial_etl_dag to None
[2021-03-17 19:15:00,890] {scheduler_job.py:190} INFO - Processing /Users/harika/Desktop/CSYE_7245/Labs/airflow_tfx_lab/vlab/lib/python3.7/site-packages/airflow/example_dags/tutorial_etl_dag.py took 0.127 seconds
[2021-03-17 19:15:37,842] {scheduler_job.py:182} INFO - Started process (PID=28562) to work on /Users/harika/Desktop/CSYE_7245/Labs/airflow_tfx_lab/vlab/lib/python3.7/site-packages/airflow/example_dags/tutorial_etl_dag.py
[2021-03-17 19:15:37,845] {scheduler_job.py:629} INFO - Processing file /Users/harika/Desktop/CSYE_7245/Labs/airflow_tfx_lab/vlab/lib/python3.7/site-packages/airflow/example_dags/tutorial_etl_dag.py for tasks to queue
[2021-03-17 19:15:37,848] {logging_mixin.py:104} INFO - [2021-03-17 19:15:37,847] {dagbag.py:448} INFO - Filling up the DagBag from /Users/harika/Desktop/CSYE_7245/Labs/airflow_tfx_lab/vlab/lib/python3.7/site-packages/airflow/example_dags/tutorial_etl_dag.py
[2021-03-17 19:15:37,864] {scheduler_job.py:639} INFO - DAG(s) dict_keys(['tutorial_etl_dag']) retrieved from /Users/harika/Desktop/CSYE_7245/Labs/airflow_tfx_lab/vlab/lib/python3.7/site-packages/airflow/example_dags/tutorial_etl_dag.py
[2021-03-17 19:15:37,889] {logging_mixin.py:104} INFO - [2021-03-17 19:15:37,888] {dag.py:1818} INFO - Sync 1 DAGs
[2021-03-17 19:15:37,909] {logging_mixin.py:104} INFO - [2021-03-17 19:15:37,908] {dag.py:2273} INFO - Setting next_dagrun for tutorial_etl_dag to None
[2021-03-17 19:15:37,918] {scheduler_job.py:190} INFO - Processing /Users/harika/Desktop/CSYE_7245/Labs/airflow_tfx_lab/vlab/lib/python3.7/site-packages/airflow/example_dags/tutorial_etl_dag.py took 0.084 seconds
[2021-03-17 19:16:19,316] {scheduler_job.py:182} INFO - Started process (PID=28652) to work on /Users/harika/Desktop/CSYE_7245/Labs/airflow_tfx_lab/vlab/lib/python3.7/site-packages/airflow/example_dags/tutorial_etl_dag.py
[2021-03-17 19:16:19,324] {scheduler_job.py:629} INFO - Processing file /Users/harika/Desktop/CSYE_7245/Labs/airflow_tfx_lab/vlab/lib/python3.7/site-packages/airflow/example_dags/tutorial_etl_dag.py for tasks to queue
[2021-03-17 19:16:19,329] {logging_mixin.py:104} INFO - [2021-03-17 19:16:19,326] {dagbag.py:448} INFO - Filling up the DagBag from /Users/harika/Desktop/CSYE_7245/Labs/airflow_tfx_lab/vlab/lib/python3.7/site-packages/airflow/example_dags/tutorial_etl_dag.py
[2021-03-17 19:16:19,394] {scheduler_job.py:639} INFO - DAG(s) dict_keys(['tutorial_etl_dag']) retrieved from /Users/harika/Desktop/CSYE_7245/Labs/airflow_tfx_lab/vlab/lib/python3.7/site-packages/airflow/example_dags/tutorial_etl_dag.py
[2021-03-17 19:16:19,428] {logging_mixin.py:104} INFO - [2021-03-17 19:16:19,426] {dag.py:1818} INFO - Sync 1 DAGs
[2021-03-17 19:16:19,466] {logging_mixin.py:104} INFO - [2021-03-17 19:16:19,465] {dag.py:2273} INFO - Setting next_dagrun for tutorial_etl_dag to None
[2021-03-17 19:16:19,480] {scheduler_job.py:190} INFO - Processing /Users/harika/Desktop/CSYE_7245/Labs/airflow_tfx_lab/vlab/lib/python3.7/site-packages/airflow/example_dags/tutorial_etl_dag.py took 0.240 seconds
[2021-03-17 19:22:02,996] {scheduler_job.py:182} INFO - Started process (PID=28897) to work on /Users/harika/Desktop/CSYE_7245/Labs/airflow_tfx_lab/vlab/lib/python3.7/site-packages/airflow/example_dags/tutorial_etl_dag.py
[2021-03-17 19:22:02,999] {scheduler_job.py:629} INFO - Processing file /Users/harika/Desktop/CSYE_7245/Labs/airflow_tfx_lab/vlab/lib/python3.7/site-packages/airflow/example_dags/tutorial_etl_dag.py for tasks to queue
[2021-03-17 19:22:03,005] {logging_mixin.py:104} INFO - [2021-03-17 19:22:03,004] {dagbag.py:448} INFO - Filling up the DagBag from /Users/harika/Desktop/CSYE_7245/Labs/airflow_tfx_lab/vlab/lib/python3.7/site-packages/airflow/example_dags/tutorial_etl_dag.py
[2021-03-17 19:22:03,037] {scheduler_job.py:639} INFO - DAG(s) dict_keys(['tutorial_etl_dag']) retrieved from /Users/harika/Desktop/CSYE_7245/Labs/airflow_tfx_lab/vlab/lib/python3.7/site-packages/airflow/example_dags/tutorial_etl_dag.py
[2021-03-17 19:22:03,057] {logging_mixin.py:104} INFO - [2021-03-17 19:22:03,057] {dag.py:1818} INFO - Sync 1 DAGs
[2021-03-17 19:22:03,084] {logging_mixin.py:104} INFO - [2021-03-17 19:22:03,084] {dag.py:2273} INFO - Setting next_dagrun for tutorial_etl_dag to None
[2021-03-17 19:22:03,095] {scheduler_job.py:190} INFO - Processing /Users/harika/Desktop/CSYE_7245/Labs/airflow_tfx_lab/vlab/lib/python3.7/site-packages/airflow/example_dags/tutorial_etl_dag.py took 0.106 seconds
[2021-03-17 19:22:46,056] {scheduler_job.py:182} INFO - Started process (PID=28926) to work on /Users/harika/Desktop/CSYE_7245/Labs/airflow_tfx_lab/vlab/lib/python3.7/site-packages/airflow/example_dags/tutorial_etl_dag.py
[2021-03-17 19:22:46,060] {scheduler_job.py:629} INFO - Processing file /Users/harika/Desktop/CSYE_7245/Labs/airflow_tfx_lab/vlab/lib/python3.7/site-packages/airflow/example_dags/tutorial_etl_dag.py for tasks to queue
[2021-03-17 19:22:46,062] {logging_mixin.py:104} INFO - [2021-03-17 19:22:46,061] {dagbag.py:448} INFO - Filling up the DagBag from /Users/harika/Desktop/CSYE_7245/Labs/airflow_tfx_lab/vlab/lib/python3.7/site-packages/airflow/example_dags/tutorial_etl_dag.py
[2021-03-17 19:22:46,084] {scheduler_job.py:639} INFO - DAG(s) dict_keys(['tutorial_etl_dag']) retrieved from /Users/harika/Desktop/CSYE_7245/Labs/airflow_tfx_lab/vlab/lib/python3.7/site-packages/airflow/example_dags/tutorial_etl_dag.py
[2021-03-17 19:22:46,111] {logging_mixin.py:104} INFO - [2021-03-17 19:22:46,110] {dag.py:1818} INFO - Sync 1 DAGs
[2021-03-17 19:22:46,127] {logging_mixin.py:104} INFO - [2021-03-17 19:22:46,127] {dag.py:2273} INFO - Setting next_dagrun for tutorial_etl_dag to None
[2021-03-17 19:22:46,138] {scheduler_job.py:190} INFO - Processing /Users/harika/Desktop/CSYE_7245/Labs/airflow_tfx_lab/vlab/lib/python3.7/site-packages/airflow/example_dags/tutorial_etl_dag.py took 0.086 seconds
[2021-03-17 19:23:27,581] {scheduler_job.py:182} INFO - Started process (PID=28957) to work on /Users/harika/Desktop/CSYE_7245/Labs/airflow_tfx_lab/vlab/lib/python3.7/site-packages/airflow/example_dags/tutorial_etl_dag.py
[2021-03-17 19:23:27,591] {scheduler_job.py:629} INFO - Processing file /Users/harika/Desktop/CSYE_7245/Labs/airflow_tfx_lab/vlab/lib/python3.7/site-packages/airflow/example_dags/tutorial_etl_dag.py for tasks to queue
[2021-03-17 19:23:27,598] {logging_mixin.py:104} INFO - [2021-03-17 19:23:27,595] {dagbag.py:448} INFO - Filling up the DagBag from /Users/harika/Desktop/CSYE_7245/Labs/airflow_tfx_lab/vlab/lib/python3.7/site-packages/airflow/example_dags/tutorial_etl_dag.py
[2021-03-17 19:23:27,670] {scheduler_job.py:639} INFO - DAG(s) dict_keys(['tutorial_etl_dag']) retrieved from /Users/harika/Desktop/CSYE_7245/Labs/airflow_tfx_lab/vlab/lib/python3.7/site-packages/airflow/example_dags/tutorial_etl_dag.py
[2021-03-17 19:23:27,709] {logging_mixin.py:104} INFO - [2021-03-17 19:23:27,709] {dag.py:1818} INFO - Sync 1 DAGs
[2021-03-17 19:23:27,749] {logging_mixin.py:104} INFO - [2021-03-17 19:23:27,747] {dag.py:2273} INFO - Setting next_dagrun for tutorial_etl_dag to None
[2021-03-17 19:23:27,771] {scheduler_job.py:190} INFO - Processing /Users/harika/Desktop/CSYE_7245/Labs/airflow_tfx_lab/vlab/lib/python3.7/site-packages/airflow/example_dags/tutorial_etl_dag.py took 0.212 seconds
[2021-03-17 19:24:10,374] {scheduler_job.py:182} INFO - Started process (PID=28988) to work on /Users/harika/Desktop/CSYE_7245/Labs/airflow_tfx_lab/vlab/lib/python3.7/site-packages/airflow/example_dags/tutorial_etl_dag.py
[2021-03-17 19:24:10,376] {scheduler_job.py:629} INFO - Processing file /Users/harika/Desktop/CSYE_7245/Labs/airflow_tfx_lab/vlab/lib/python3.7/site-packages/airflow/example_dags/tutorial_etl_dag.py for tasks to queue
[2021-03-17 19:24:10,379] {logging_mixin.py:104} INFO - [2021-03-17 19:24:10,378] {dagbag.py:448} INFO - Filling up the DagBag from /Users/harika/Desktop/CSYE_7245/Labs/airflow_tfx_lab/vlab/lib/python3.7/site-packages/airflow/example_dags/tutorial_etl_dag.py
[2021-03-17 19:24:10,404] {scheduler_job.py:639} INFO - DAG(s) dict_keys(['tutorial_etl_dag']) retrieved from /Users/harika/Desktop/CSYE_7245/Labs/airflow_tfx_lab/vlab/lib/python3.7/site-packages/airflow/example_dags/tutorial_etl_dag.py
[2021-03-17 19:24:10,425] {logging_mixin.py:104} INFO - [2021-03-17 19:24:10,425] {dag.py:1818} INFO - Sync 1 DAGs
[2021-03-17 19:24:10,444] {logging_mixin.py:104} INFO - [2021-03-17 19:24:10,444] {dag.py:2273} INFO - Setting next_dagrun for tutorial_etl_dag to None
[2021-03-17 19:24:10,454] {scheduler_job.py:190} INFO - Processing /Users/harika/Desktop/CSYE_7245/Labs/airflow_tfx_lab/vlab/lib/python3.7/site-packages/airflow/example_dags/tutorial_etl_dag.py took 0.086 seconds
[2021-03-17 19:25:15,275] {scheduler_job.py:182} INFO - Started process (PID=29044) to work on /Users/harika/Desktop/CSYE_7245/Labs/airflow_tfx_lab/vlab/lib/python3.7/site-packages/airflow/example_dags/tutorial_etl_dag.py
[2021-03-17 19:25:15,279] {scheduler_job.py:629} INFO - Processing file /Users/harika/Desktop/CSYE_7245/Labs/airflow_tfx_lab/vlab/lib/python3.7/site-packages/airflow/example_dags/tutorial_etl_dag.py for tasks to queue
[2021-03-17 19:25:15,281] {logging_mixin.py:104} INFO - [2021-03-17 19:25:15,280] {dagbag.py:448} INFO - Filling up the DagBag from /Users/harika/Desktop/CSYE_7245/Labs/airflow_tfx_lab/vlab/lib/python3.7/site-packages/airflow/example_dags/tutorial_etl_dag.py
[2021-03-17 19:25:15,306] {scheduler_job.py:639} INFO - DAG(s) dict_keys(['tutorial_etl_dag']) retrieved from /Users/harika/Desktop/CSYE_7245/Labs/airflow_tfx_lab/vlab/lib/python3.7/site-packages/airflow/example_dags/tutorial_etl_dag.py
[2021-03-17 19:25:15,345] {logging_mixin.py:104} INFO - [2021-03-17 19:25:15,344] {dag.py:1818} INFO - Sync 1 DAGs
[2021-03-17 19:25:15,398] {logging_mixin.py:104} INFO - [2021-03-17 19:25:15,392] {dag.py:2273} INFO - Setting next_dagrun for tutorial_etl_dag to None
[2021-03-17 19:25:15,543] {scheduler_job.py:190} INFO - Processing /Users/harika/Desktop/CSYE_7245/Labs/airflow_tfx_lab/vlab/lib/python3.7/site-packages/airflow/example_dags/tutorial_etl_dag.py took 0.275 seconds
[2021-03-17 19:26:56,030] {scheduler_job.py:182} INFO - Started process (PID=29109) to work on /Users/harika/Desktop/CSYE_7245/Labs/airflow_tfx_lab/vlab/lib/python3.7/site-packages/airflow/example_dags/tutorial_etl_dag.py
[2021-03-17 19:26:56,033] {scheduler_job.py:629} INFO - Processing file /Users/harika/Desktop/CSYE_7245/Labs/airflow_tfx_lab/vlab/lib/python3.7/site-packages/airflow/example_dags/tutorial_etl_dag.py for tasks to queue
[2021-03-17 19:26:56,035] {logging_mixin.py:104} INFO - [2021-03-17 19:26:56,034] {dagbag.py:448} INFO - Filling up the DagBag from /Users/harika/Desktop/CSYE_7245/Labs/airflow_tfx_lab/vlab/lib/python3.7/site-packages/airflow/example_dags/tutorial_etl_dag.py
[2021-03-17 19:26:56,064] {scheduler_job.py:639} INFO - DAG(s) dict_keys(['tutorial_etl_dag']) retrieved from /Users/harika/Desktop/CSYE_7245/Labs/airflow_tfx_lab/vlab/lib/python3.7/site-packages/airflow/example_dags/tutorial_etl_dag.py
[2021-03-17 19:26:56,085] {logging_mixin.py:104} INFO - [2021-03-17 19:26:56,084] {dag.py:1818} INFO - Sync 1 DAGs
[2021-03-17 19:26:56,101] {logging_mixin.py:104} INFO - [2021-03-17 19:26:56,100] {dag.py:2273} INFO - Setting next_dagrun for tutorial_etl_dag to None
[2021-03-17 19:26:56,124] {scheduler_job.py:190} INFO - Processing /Users/harika/Desktop/CSYE_7245/Labs/airflow_tfx_lab/vlab/lib/python3.7/site-packages/airflow/example_dags/tutorial_etl_dag.py took 0.099 seconds
[2021-03-17 19:29:26,251] {scheduler_job.py:182} INFO - Started process (PID=29172) to work on /Users/harika/Desktop/CSYE_7245/Labs/airflow_tfx_lab/vlab/lib/python3.7/site-packages/airflow/example_dags/tutorial_etl_dag.py
[2021-03-17 19:29:26,253] {scheduler_job.py:629} INFO - Processing file /Users/harika/Desktop/CSYE_7245/Labs/airflow_tfx_lab/vlab/lib/python3.7/site-packages/airflow/example_dags/tutorial_etl_dag.py for tasks to queue
[2021-03-17 19:29:26,255] {logging_mixin.py:104} INFO - [2021-03-17 19:29:26,254] {dagbag.py:448} INFO - Filling up the DagBag from /Users/harika/Desktop/CSYE_7245/Labs/airflow_tfx_lab/vlab/lib/python3.7/site-packages/airflow/example_dags/tutorial_etl_dag.py
[2021-03-17 19:29:26,288] {scheduler_job.py:639} INFO - DAG(s) dict_keys(['tutorial_etl_dag']) retrieved from /Users/harika/Desktop/CSYE_7245/Labs/airflow_tfx_lab/vlab/lib/python3.7/site-packages/airflow/example_dags/tutorial_etl_dag.py
[2021-03-17 19:29:26,310] {logging_mixin.py:104} INFO - [2021-03-17 19:29:26,309] {dag.py:1818} INFO - Sync 1 DAGs
[2021-03-17 19:29:26,334] {logging_mixin.py:104} INFO - [2021-03-17 19:29:26,333] {dag.py:2273} INFO - Setting next_dagrun for tutorial_etl_dag to None
[2021-03-17 19:29:26,352] {scheduler_job.py:190} INFO - Processing /Users/harika/Desktop/CSYE_7245/Labs/airflow_tfx_lab/vlab/lib/python3.7/site-packages/airflow/example_dags/tutorial_etl_dag.py took 0.106 seconds
[2021-03-17 19:30:12,852] {scheduler_job.py:182} INFO - Started process (PID=29226) to work on /Users/harika/Desktop/CSYE_7245/Labs/airflow_tfx_lab/vlab/lib/python3.7/site-packages/airflow/example_dags/tutorial_etl_dag.py
[2021-03-17 19:30:12,858] {scheduler_job.py:629} INFO - Processing file /Users/harika/Desktop/CSYE_7245/Labs/airflow_tfx_lab/vlab/lib/python3.7/site-packages/airflow/example_dags/tutorial_etl_dag.py for tasks to queue
[2021-03-17 19:30:12,862] {logging_mixin.py:104} INFO - [2021-03-17 19:30:12,861] {dagbag.py:448} INFO - Filling up the DagBag from /Users/harika/Desktop/CSYE_7245/Labs/airflow_tfx_lab/vlab/lib/python3.7/site-packages/airflow/example_dags/tutorial_etl_dag.py
[2021-03-17 19:30:12,893] {scheduler_job.py:639} INFO - DAG(s) dict_keys(['tutorial_etl_dag']) retrieved from /Users/harika/Desktop/CSYE_7245/Labs/airflow_tfx_lab/vlab/lib/python3.7/site-packages/airflow/example_dags/tutorial_etl_dag.py
[2021-03-17 19:30:12,928] {logging_mixin.py:104} INFO - [2021-03-17 19:30:12,927] {dag.py:1818} INFO - Sync 1 DAGs
[2021-03-17 19:30:13,088] {logging_mixin.py:104} INFO - [2021-03-17 19:30:13,087] {dag.py:2273} INFO - Setting next_dagrun for tutorial_etl_dag to None
[2021-03-17 19:30:13,108] {scheduler_job.py:190} INFO - Processing /Users/harika/Desktop/CSYE_7245/Labs/airflow_tfx_lab/vlab/lib/python3.7/site-packages/airflow/example_dags/tutorial_etl_dag.py took 0.277 seconds
[2021-03-17 19:30:54,319] {scheduler_job.py:182} INFO - Started process (PID=29332) to work on /Users/harika/Desktop/CSYE_7245/Labs/airflow_tfx_lab/vlab/lib/python3.7/site-packages/airflow/example_dags/tutorial_etl_dag.py
[2021-03-17 19:30:54,322] {scheduler_job.py:629} INFO - Processing file /Users/harika/Desktop/CSYE_7245/Labs/airflow_tfx_lab/vlab/lib/python3.7/site-packages/airflow/example_dags/tutorial_etl_dag.py for tasks to queue
[2021-03-17 19:30:54,325] {logging_mixin.py:104} INFO - [2021-03-17 19:30:54,324] {dagbag.py:448} INFO - Filling up the DagBag from /Users/harika/Desktop/CSYE_7245/Labs/airflow_tfx_lab/vlab/lib/python3.7/site-packages/airflow/example_dags/tutorial_etl_dag.py
[2021-03-17 19:30:54,358] {scheduler_job.py:639} INFO - DAG(s) dict_keys(['tutorial_etl_dag']) retrieved from /Users/harika/Desktop/CSYE_7245/Labs/airflow_tfx_lab/vlab/lib/python3.7/site-packages/airflow/example_dags/tutorial_etl_dag.py
[2021-03-17 19:30:54,420] {logging_mixin.py:104} INFO - [2021-03-17 19:30:54,396] {dag.py:1818} INFO - Sync 1 DAGs
[2021-03-17 19:30:54,486] {logging_mixin.py:104} INFO - [2021-03-17 19:30:54,485] {dag.py:2273} INFO - Setting next_dagrun for tutorial_etl_dag to None
[2021-03-17 19:30:54,517] {scheduler_job.py:190} INFO - Processing /Users/harika/Desktop/CSYE_7245/Labs/airflow_tfx_lab/vlab/lib/python3.7/site-packages/airflow/example_dags/tutorial_etl_dag.py took 0.205 seconds
[2021-03-17 19:31:48,801] {scheduler_job.py:182} INFO - Started process (PID=29422) to work on /Users/harika/Desktop/CSYE_7245/Labs/airflow_tfx_lab/vlab/lib/python3.7/site-packages/airflow/example_dags/tutorial_etl_dag.py
[2021-03-17 19:31:48,809] {scheduler_job.py:629} INFO - Processing file /Users/harika/Desktop/CSYE_7245/Labs/airflow_tfx_lab/vlab/lib/python3.7/site-packages/airflow/example_dags/tutorial_etl_dag.py for tasks to queue
[2021-03-17 19:31:48,813] {logging_mixin.py:104} INFO - [2021-03-17 19:31:48,812] {dagbag.py:448} INFO - Filling up the DagBag from /Users/harika/Desktop/CSYE_7245/Labs/airflow_tfx_lab/vlab/lib/python3.7/site-packages/airflow/example_dags/tutorial_etl_dag.py
[2021-03-17 19:31:48,861] {scheduler_job.py:639} INFO - DAG(s) dict_keys(['tutorial_etl_dag']) retrieved from /Users/harika/Desktop/CSYE_7245/Labs/airflow_tfx_lab/vlab/lib/python3.7/site-packages/airflow/example_dags/tutorial_etl_dag.py
[2021-03-17 19:31:49,163] {logging_mixin.py:104} INFO - [2021-03-17 19:31:49,162] {dag.py:1818} INFO - Sync 1 DAGs
[2021-03-17 19:31:49,460] {logging_mixin.py:104} INFO - [2021-03-17 19:31:49,459] {dag.py:2273} INFO - Setting next_dagrun for tutorial_etl_dag to None
[2021-03-17 19:31:49,510] {scheduler_job.py:190} INFO - Processing /Users/harika/Desktop/CSYE_7245/Labs/airflow_tfx_lab/vlab/lib/python3.7/site-packages/airflow/example_dags/tutorial_etl_dag.py took 0.718 seconds
[2021-03-17 19:32:58,523] {scheduler_job.py:182} INFO - Started process (PID=29478) to work on /Users/harika/Desktop/CSYE_7245/Labs/airflow_tfx_lab/vlab/lib/python3.7/site-packages/airflow/example_dags/tutorial_etl_dag.py
[2021-03-17 19:32:58,527] {scheduler_job.py:629} INFO - Processing file /Users/harika/Desktop/CSYE_7245/Labs/airflow_tfx_lab/vlab/lib/python3.7/site-packages/airflow/example_dags/tutorial_etl_dag.py for tasks to queue
[2021-03-17 19:32:58,529] {logging_mixin.py:104} INFO - [2021-03-17 19:32:58,528] {dagbag.py:448} INFO - Filling up the DagBag from /Users/harika/Desktop/CSYE_7245/Labs/airflow_tfx_lab/vlab/lib/python3.7/site-packages/airflow/example_dags/tutorial_etl_dag.py
[2021-03-17 19:32:58,549] {scheduler_job.py:639} INFO - DAG(s) dict_keys(['tutorial_etl_dag']) retrieved from /Users/harika/Desktop/CSYE_7245/Labs/airflow_tfx_lab/vlab/lib/python3.7/site-packages/airflow/example_dags/tutorial_etl_dag.py
[2021-03-17 19:32:58,582] {logging_mixin.py:104} INFO - [2021-03-17 19:32:58,582] {dag.py:1818} INFO - Sync 1 DAGs
[2021-03-17 19:32:58,599] {logging_mixin.py:104} INFO - [2021-03-17 19:32:58,599] {dag.py:2273} INFO - Setting next_dagrun for tutorial_etl_dag to None
[2021-03-17 19:32:58,610] {scheduler_job.py:190} INFO - Processing /Users/harika/Desktop/CSYE_7245/Labs/airflow_tfx_lab/vlab/lib/python3.7/site-packages/airflow/example_dags/tutorial_etl_dag.py took 0.094 seconds
[2021-03-17 19:33:41,133] {scheduler_job.py:182} INFO - Started process (PID=29566) to work on /Users/harika/Desktop/CSYE_7245/Labs/airflow_tfx_lab/vlab/lib/python3.7/site-packages/airflow/example_dags/tutorial_etl_dag.py
[2021-03-17 19:33:41,136] {scheduler_job.py:629} INFO - Processing file /Users/harika/Desktop/CSYE_7245/Labs/airflow_tfx_lab/vlab/lib/python3.7/site-packages/airflow/example_dags/tutorial_etl_dag.py for tasks to queue
[2021-03-17 19:33:41,138] {logging_mixin.py:104} INFO - [2021-03-17 19:33:41,137] {dagbag.py:448} INFO - Filling up the DagBag from /Users/harika/Desktop/CSYE_7245/Labs/airflow_tfx_lab/vlab/lib/python3.7/site-packages/airflow/example_dags/tutorial_etl_dag.py
[2021-03-17 19:33:41,166] {scheduler_job.py:639} INFO - DAG(s) dict_keys(['tutorial_etl_dag']) retrieved from /Users/harika/Desktop/CSYE_7245/Labs/airflow_tfx_lab/vlab/lib/python3.7/site-packages/airflow/example_dags/tutorial_etl_dag.py
[2021-03-17 19:33:41,198] {logging_mixin.py:104} INFO - [2021-03-17 19:33:41,198] {dag.py:1818} INFO - Sync 1 DAGs
[2021-03-17 19:33:41,223] {logging_mixin.py:104} INFO - [2021-03-17 19:33:41,221] {dag.py:2273} INFO - Setting next_dagrun for tutorial_etl_dag to None
[2021-03-17 19:33:41,241] {scheduler_job.py:190} INFO - Processing /Users/harika/Desktop/CSYE_7245/Labs/airflow_tfx_lab/vlab/lib/python3.7/site-packages/airflow/example_dags/tutorial_etl_dag.py took 0.114 seconds
[2021-03-17 19:34:29,979] {scheduler_job.py:182} INFO - Started process (PID=29617) to work on /Users/harika/Desktop/CSYE_7245/Labs/airflow_tfx_lab/vlab/lib/python3.7/site-packages/airflow/example_dags/tutorial_etl_dag.py
[2021-03-17 19:34:29,985] {scheduler_job.py:629} INFO - Processing file /Users/harika/Desktop/CSYE_7245/Labs/airflow_tfx_lab/vlab/lib/python3.7/site-packages/airflow/example_dags/tutorial_etl_dag.py for tasks to queue
[2021-03-17 19:34:29,996] {logging_mixin.py:104} INFO - [2021-03-17 19:34:29,992] {dagbag.py:448} INFO - Filling up the DagBag from /Users/harika/Desktop/CSYE_7245/Labs/airflow_tfx_lab/vlab/lib/python3.7/site-packages/airflow/example_dags/tutorial_etl_dag.py
[2021-03-17 19:34:30,024] {scheduler_job.py:639} INFO - DAG(s) dict_keys(['tutorial_etl_dag']) retrieved from /Users/harika/Desktop/CSYE_7245/Labs/airflow_tfx_lab/vlab/lib/python3.7/site-packages/airflow/example_dags/tutorial_etl_dag.py
[2021-03-17 19:34:30,067] {logging_mixin.py:104} INFO - [2021-03-17 19:34:30,066] {dag.py:1818} INFO - Sync 1 DAGs
[2021-03-17 19:34:30,094] {logging_mixin.py:104} INFO - [2021-03-17 19:34:30,093] {dag.py:2273} INFO - Setting next_dagrun for tutorial_etl_dag to None
[2021-03-17 19:34:30,107] {scheduler_job.py:190} INFO - Processing /Users/harika/Desktop/CSYE_7245/Labs/airflow_tfx_lab/vlab/lib/python3.7/site-packages/airflow/example_dags/tutorial_etl_dag.py took 0.148 seconds
[2021-03-17 19:35:15,760] {scheduler_job.py:182} INFO - Started process (PID=29661) to work on /Users/harika/Desktop/CSYE_7245/Labs/airflow_tfx_lab/vlab/lib/python3.7/site-packages/airflow/example_dags/tutorial_etl_dag.py
[2021-03-17 19:35:15,763] {scheduler_job.py:629} INFO - Processing file /Users/harika/Desktop/CSYE_7245/Labs/airflow_tfx_lab/vlab/lib/python3.7/site-packages/airflow/example_dags/tutorial_etl_dag.py for tasks to queue
[2021-03-17 19:35:15,765] {logging_mixin.py:104} INFO - [2021-03-17 19:35:15,764] {dagbag.py:448} INFO - Filling up the DagBag from /Users/harika/Desktop/CSYE_7245/Labs/airflow_tfx_lab/vlab/lib/python3.7/site-packages/airflow/example_dags/tutorial_etl_dag.py
[2021-03-17 19:35:15,790] {scheduler_job.py:639} INFO - DAG(s) dict_keys(['tutorial_etl_dag']) retrieved from /Users/harika/Desktop/CSYE_7245/Labs/airflow_tfx_lab/vlab/lib/python3.7/site-packages/airflow/example_dags/tutorial_etl_dag.py
[2021-03-17 19:35:15,827] {logging_mixin.py:104} INFO - [2021-03-17 19:35:15,824] {dag.py:1818} INFO - Sync 1 DAGs
[2021-03-17 19:35:15,845] {logging_mixin.py:104} INFO - [2021-03-17 19:35:15,845] {dag.py:2273} INFO - Setting next_dagrun for tutorial_etl_dag to None
[2021-03-17 19:35:15,856] {scheduler_job.py:190} INFO - Processing /Users/harika/Desktop/CSYE_7245/Labs/airflow_tfx_lab/vlab/lib/python3.7/site-packages/airflow/example_dags/tutorial_etl_dag.py took 0.101 seconds
[2021-03-17 19:35:58,325] {scheduler_job.py:182} INFO - Started process (PID=29710) to work on /Users/harika/Desktop/CSYE_7245/Labs/airflow_tfx_lab/vlab/lib/python3.7/site-packages/airflow/example_dags/tutorial_etl_dag.py
[2021-03-17 19:35:58,327] {scheduler_job.py:629} INFO - Processing file /Users/harika/Desktop/CSYE_7245/Labs/airflow_tfx_lab/vlab/lib/python3.7/site-packages/airflow/example_dags/tutorial_etl_dag.py for tasks to queue
[2021-03-17 19:35:58,329] {logging_mixin.py:104} INFO - [2021-03-17 19:35:58,328] {dagbag.py:448} INFO - Filling up the DagBag from /Users/harika/Desktop/CSYE_7245/Labs/airflow_tfx_lab/vlab/lib/python3.7/site-packages/airflow/example_dags/tutorial_etl_dag.py
[2021-03-17 19:35:58,352] {scheduler_job.py:639} INFO - DAG(s) dict_keys(['tutorial_etl_dag']) retrieved from /Users/harika/Desktop/CSYE_7245/Labs/airflow_tfx_lab/vlab/lib/python3.7/site-packages/airflow/example_dags/tutorial_etl_dag.py
[2021-03-17 19:35:58,378] {logging_mixin.py:104} INFO - [2021-03-17 19:35:58,377] {dag.py:1818} INFO - Sync 1 DAGs
[2021-03-17 19:35:58,392] {logging_mixin.py:104} INFO - [2021-03-17 19:35:58,391] {dag.py:2273} INFO - Setting next_dagrun for tutorial_etl_dag to None
[2021-03-17 19:35:58,402] {scheduler_job.py:190} INFO - Processing /Users/harika/Desktop/CSYE_7245/Labs/airflow_tfx_lab/vlab/lib/python3.7/site-packages/airflow/example_dags/tutorial_etl_dag.py took 0.081 seconds
[2021-03-17 19:36:58,224] {scheduler_job.py:182} INFO - Started process (PID=29759) to work on /Users/harika/Desktop/CSYE_7245/Labs/airflow_tfx_lab/vlab/lib/python3.7/site-packages/airflow/example_dags/tutorial_etl_dag.py
[2021-03-17 19:36:58,229] {scheduler_job.py:629} INFO - Processing file /Users/harika/Desktop/CSYE_7245/Labs/airflow_tfx_lab/vlab/lib/python3.7/site-packages/airflow/example_dags/tutorial_etl_dag.py for tasks to queue
[2021-03-17 19:36:58,231] {logging_mixin.py:104} INFO - [2021-03-17 19:36:58,231] {dagbag.py:448} INFO - Filling up the DagBag from /Users/harika/Desktop/CSYE_7245/Labs/airflow_tfx_lab/vlab/lib/python3.7/site-packages/airflow/example_dags/tutorial_etl_dag.py
[2021-03-17 19:36:58,261] {scheduler_job.py:639} INFO - DAG(s) dict_keys(['tutorial_etl_dag']) retrieved from /Users/harika/Desktop/CSYE_7245/Labs/airflow_tfx_lab/vlab/lib/python3.7/site-packages/airflow/example_dags/tutorial_etl_dag.py
[2021-03-17 19:36:58,369] {logging_mixin.py:104} INFO - [2021-03-17 19:36:58,369] {dag.py:1818} INFO - Sync 1 DAGs
[2021-03-17 19:36:58,396] {logging_mixin.py:104} INFO - [2021-03-17 19:36:58,395] {dag.py:2273} INFO - Setting next_dagrun for tutorial_etl_dag to None
[2021-03-17 19:36:58,499] {scheduler_job.py:190} INFO - Processing /Users/harika/Desktop/CSYE_7245/Labs/airflow_tfx_lab/vlab/lib/python3.7/site-packages/airflow/example_dags/tutorial_etl_dag.py took 0.283 seconds
[2021-03-17 19:38:05,811] {scheduler_job.py:182} INFO - Started process (PID=29815) to work on /Users/harika/Desktop/CSYE_7245/Labs/airflow_tfx_lab/vlab/lib/python3.7/site-packages/airflow/example_dags/tutorial_etl_dag.py
[2021-03-17 19:38:05,813] {scheduler_job.py:629} INFO - Processing file /Users/harika/Desktop/CSYE_7245/Labs/airflow_tfx_lab/vlab/lib/python3.7/site-packages/airflow/example_dags/tutorial_etl_dag.py for tasks to queue
[2021-03-17 19:38:05,815] {logging_mixin.py:104} INFO - [2021-03-17 19:38:05,815] {dagbag.py:448} INFO - Filling up the DagBag from /Users/harika/Desktop/CSYE_7245/Labs/airflow_tfx_lab/vlab/lib/python3.7/site-packages/airflow/example_dags/tutorial_etl_dag.py
[2021-03-17 19:38:05,847] {scheduler_job.py:639} INFO - DAG(s) dict_keys(['tutorial_etl_dag']) retrieved from /Users/harika/Desktop/CSYE_7245/Labs/airflow_tfx_lab/vlab/lib/python3.7/site-packages/airflow/example_dags/tutorial_etl_dag.py
[2021-03-17 19:38:05,886] {logging_mixin.py:104} INFO - [2021-03-17 19:38:05,885] {dag.py:1818} INFO - Sync 1 DAGs
[2021-03-17 19:38:05,909] {logging_mixin.py:104} INFO - [2021-03-17 19:38:05,906] {dag.py:2273} INFO - Setting next_dagrun for tutorial_etl_dag to None
[2021-03-17 19:38:05,928] {scheduler_job.py:190} INFO - Processing /Users/harika/Desktop/CSYE_7245/Labs/airflow_tfx_lab/vlab/lib/python3.7/site-packages/airflow/example_dags/tutorial_etl_dag.py took 0.122 seconds
[2021-03-17 19:38:44,566] {scheduler_job.py:182} INFO - Started process (PID=29848) to work on /Users/harika/Desktop/CSYE_7245/Labs/airflow_tfx_lab/vlab/lib/python3.7/site-packages/airflow/example_dags/tutorial_etl_dag.py
[2021-03-17 19:38:44,569] {scheduler_job.py:629} INFO - Processing file /Users/harika/Desktop/CSYE_7245/Labs/airflow_tfx_lab/vlab/lib/python3.7/site-packages/airflow/example_dags/tutorial_etl_dag.py for tasks to queue
[2021-03-17 19:38:44,572] {logging_mixin.py:104} INFO - [2021-03-17 19:38:44,571] {dagbag.py:448} INFO - Filling up the DagBag from /Users/harika/Desktop/CSYE_7245/Labs/airflow_tfx_lab/vlab/lib/python3.7/site-packages/airflow/example_dags/tutorial_etl_dag.py
[2021-03-17 19:38:44,602] {scheduler_job.py:639} INFO - DAG(s) dict_keys(['tutorial_etl_dag']) retrieved from /Users/harika/Desktop/CSYE_7245/Labs/airflow_tfx_lab/vlab/lib/python3.7/site-packages/airflow/example_dags/tutorial_etl_dag.py
[2021-03-17 19:38:44,617] {logging_mixin.py:104} INFO - [2021-03-17 19:38:44,617] {dag.py:1818} INFO - Sync 1 DAGs
[2021-03-17 19:38:44,635] {logging_mixin.py:104} INFO - [2021-03-17 19:38:44,635] {dag.py:2273} INFO - Setting next_dagrun for tutorial_etl_dag to None
[2021-03-17 19:38:44,646] {scheduler_job.py:190} INFO - Processing /Users/harika/Desktop/CSYE_7245/Labs/airflow_tfx_lab/vlab/lib/python3.7/site-packages/airflow/example_dags/tutorial_etl_dag.py took 0.083 seconds
[2021-03-17 19:39:30,479] {scheduler_job.py:182} INFO - Started process (PID=29919) to work on /Users/harika/Desktop/CSYE_7245/Labs/airflow_tfx_lab/vlab/lib/python3.7/site-packages/airflow/example_dags/tutorial_etl_dag.py
[2021-03-17 19:39:30,486] {scheduler_job.py:629} INFO - Processing file /Users/harika/Desktop/CSYE_7245/Labs/airflow_tfx_lab/vlab/lib/python3.7/site-packages/airflow/example_dags/tutorial_etl_dag.py for tasks to queue
[2021-03-17 19:39:30,489] {logging_mixin.py:104} INFO - [2021-03-17 19:39:30,488] {dagbag.py:448} INFO - Filling up the DagBag from /Users/harika/Desktop/CSYE_7245/Labs/airflow_tfx_lab/vlab/lib/python3.7/site-packages/airflow/example_dags/tutorial_etl_dag.py
[2021-03-17 19:39:30,529] {scheduler_job.py:639} INFO - DAG(s) dict_keys(['tutorial_etl_dag']) retrieved from /Users/harika/Desktop/CSYE_7245/Labs/airflow_tfx_lab/vlab/lib/python3.7/site-packages/airflow/example_dags/tutorial_etl_dag.py
[2021-03-17 19:39:30,593] {logging_mixin.py:104} INFO - [2021-03-17 19:39:30,590] {dag.py:1818} INFO - Sync 1 DAGs
[2021-03-17 19:39:30,722] {logging_mixin.py:104} INFO - [2021-03-17 19:39:30,721] {dag.py:2273} INFO - Setting next_dagrun for tutorial_etl_dag to None
[2021-03-17 19:39:30,780] {scheduler_job.py:190} INFO - Processing /Users/harika/Desktop/CSYE_7245/Labs/airflow_tfx_lab/vlab/lib/python3.7/site-packages/airflow/example_dags/tutorial_etl_dag.py took 0.308 seconds
[2021-03-17 19:40:23,278] {scheduler_job.py:182} INFO - Started process (PID=29998) to work on /Users/harika/Desktop/CSYE_7245/Labs/airflow_tfx_lab/vlab/lib/python3.7/site-packages/airflow/example_dags/tutorial_etl_dag.py
[2021-03-17 19:40:23,282] {scheduler_job.py:629} INFO - Processing file /Users/harika/Desktop/CSYE_7245/Labs/airflow_tfx_lab/vlab/lib/python3.7/site-packages/airflow/example_dags/tutorial_etl_dag.py for tasks to queue
[2021-03-17 19:40:23,285] {logging_mixin.py:104} INFO - [2021-03-17 19:40:23,284] {dagbag.py:448} INFO - Filling up the DagBag from /Users/harika/Desktop/CSYE_7245/Labs/airflow_tfx_lab/vlab/lib/python3.7/site-packages/airflow/example_dags/tutorial_etl_dag.py
[2021-03-17 19:40:23,315] {scheduler_job.py:639} INFO - DAG(s) dict_keys(['tutorial_etl_dag']) retrieved from /Users/harika/Desktop/CSYE_7245/Labs/airflow_tfx_lab/vlab/lib/python3.7/site-packages/airflow/example_dags/tutorial_etl_dag.py
[2021-03-17 19:40:23,360] {logging_mixin.py:104} INFO - [2021-03-17 19:40:23,359] {dag.py:1818} INFO - Sync 1 DAGs
[2021-03-17 19:40:23,388] {logging_mixin.py:104} INFO - [2021-03-17 19:40:23,387] {dag.py:2273} INFO - Setting next_dagrun for tutorial_etl_dag to None
[2021-03-17 19:40:23,407] {scheduler_job.py:190} INFO - Processing /Users/harika/Desktop/CSYE_7245/Labs/airflow_tfx_lab/vlab/lib/python3.7/site-packages/airflow/example_dags/tutorial_etl_dag.py took 0.137 seconds
[2021-03-17 19:41:08,568] {scheduler_job.py:182} INFO - Started process (PID=30041) to work on /Users/harika/Desktop/CSYE_7245/Labs/airflow_tfx_lab/vlab/lib/python3.7/site-packages/airflow/example_dags/tutorial_etl_dag.py
[2021-03-17 19:41:08,573] {scheduler_job.py:629} INFO - Processing file /Users/harika/Desktop/CSYE_7245/Labs/airflow_tfx_lab/vlab/lib/python3.7/site-packages/airflow/example_dags/tutorial_etl_dag.py for tasks to queue
[2021-03-17 19:41:08,579] {logging_mixin.py:104} INFO - [2021-03-17 19:41:08,577] {dagbag.py:448} INFO - Filling up the DagBag from /Users/harika/Desktop/CSYE_7245/Labs/airflow_tfx_lab/vlab/lib/python3.7/site-packages/airflow/example_dags/tutorial_etl_dag.py
[2021-03-17 19:41:08,622] {scheduler_job.py:639} INFO - DAG(s) dict_keys(['tutorial_etl_dag']) retrieved from /Users/harika/Desktop/CSYE_7245/Labs/airflow_tfx_lab/vlab/lib/python3.7/site-packages/airflow/example_dags/tutorial_etl_dag.py
[2021-03-17 19:41:08,669] {logging_mixin.py:104} INFO - [2021-03-17 19:41:08,668] {dag.py:1818} INFO - Sync 1 DAGs
[2021-03-17 19:41:08,743] {logging_mixin.py:104} INFO - [2021-03-17 19:41:08,743] {dag.py:2273} INFO - Setting next_dagrun for tutorial_etl_dag to None
[2021-03-17 19:41:08,774] {scheduler_job.py:190} INFO - Processing /Users/harika/Desktop/CSYE_7245/Labs/airflow_tfx_lab/vlab/lib/python3.7/site-packages/airflow/example_dags/tutorial_etl_dag.py took 0.222 seconds
[2021-03-17 19:41:55,943] {scheduler_job.py:182} INFO - Started process (PID=30088) to work on /Users/harika/Desktop/CSYE_7245/Labs/airflow_tfx_lab/vlab/lib/python3.7/site-packages/airflow/example_dags/tutorial_etl_dag.py
[2021-03-17 19:41:55,951] {scheduler_job.py:629} INFO - Processing file /Users/harika/Desktop/CSYE_7245/Labs/airflow_tfx_lab/vlab/lib/python3.7/site-packages/airflow/example_dags/tutorial_etl_dag.py for tasks to queue
[2021-03-17 19:41:55,953] {logging_mixin.py:104} INFO - [2021-03-17 19:41:55,952] {dagbag.py:448} INFO - Filling up the DagBag from /Users/harika/Desktop/CSYE_7245/Labs/airflow_tfx_lab/vlab/lib/python3.7/site-packages/airflow/example_dags/tutorial_etl_dag.py
[2021-03-17 19:41:55,981] {scheduler_job.py:639} INFO - DAG(s) dict_keys(['tutorial_etl_dag']) retrieved from /Users/harika/Desktop/CSYE_7245/Labs/airflow_tfx_lab/vlab/lib/python3.7/site-packages/airflow/example_dags/tutorial_etl_dag.py
[2021-03-17 19:41:56,007] {logging_mixin.py:104} INFO - [2021-03-17 19:41:56,006] {dag.py:1818} INFO - Sync 1 DAGs
[2021-03-17 19:41:56,029] {logging_mixin.py:104} INFO - [2021-03-17 19:41:56,028] {dag.py:2273} INFO - Setting next_dagrun for tutorial_etl_dag to None
[2021-03-17 19:41:56,045] {scheduler_job.py:190} INFO - Processing /Users/harika/Desktop/CSYE_7245/Labs/airflow_tfx_lab/vlab/lib/python3.7/site-packages/airflow/example_dags/tutorial_etl_dag.py took 0.108 seconds
[2021-03-17 19:42:34,940] {scheduler_job.py:182} INFO - Started process (PID=30140) to work on /Users/harika/Desktop/CSYE_7245/Labs/airflow_tfx_lab/vlab/lib/python3.7/site-packages/airflow/example_dags/tutorial_etl_dag.py
[2021-03-17 19:42:34,942] {scheduler_job.py:629} INFO - Processing file /Users/harika/Desktop/CSYE_7245/Labs/airflow_tfx_lab/vlab/lib/python3.7/site-packages/airflow/example_dags/tutorial_etl_dag.py for tasks to queue
[2021-03-17 19:42:34,944] {logging_mixin.py:104} INFO - [2021-03-17 19:42:34,943] {dagbag.py:448} INFO - Filling up the DagBag from /Users/harika/Desktop/CSYE_7245/Labs/airflow_tfx_lab/vlab/lib/python3.7/site-packages/airflow/example_dags/tutorial_etl_dag.py
[2021-03-17 19:42:34,962] {scheduler_job.py:639} INFO - DAG(s) dict_keys(['tutorial_etl_dag']) retrieved from /Users/harika/Desktop/CSYE_7245/Labs/airflow_tfx_lab/vlab/lib/python3.7/site-packages/airflow/example_dags/tutorial_etl_dag.py
[2021-03-17 19:42:34,981] {logging_mixin.py:104} INFO - [2021-03-17 19:42:34,980] {dag.py:1818} INFO - Sync 1 DAGs
[2021-03-17 19:42:34,994] {logging_mixin.py:104} INFO - [2021-03-17 19:42:34,993] {dag.py:2273} INFO - Setting next_dagrun for tutorial_etl_dag to None
[2021-03-17 19:42:35,003] {scheduler_job.py:190} INFO - Processing /Users/harika/Desktop/CSYE_7245/Labs/airflow_tfx_lab/vlab/lib/python3.7/site-packages/airflow/example_dags/tutorial_etl_dag.py took 0.069 seconds
[2021-03-17 19:43:13,200] {scheduler_job.py:182} INFO - Started process (PID=30169) to work on /Users/harika/Desktop/CSYE_7245/Labs/airflow_tfx_lab/vlab/lib/python3.7/site-packages/airflow/example_dags/tutorial_etl_dag.py
[2021-03-17 19:43:13,203] {scheduler_job.py:629} INFO - Processing file /Users/harika/Desktop/CSYE_7245/Labs/airflow_tfx_lab/vlab/lib/python3.7/site-packages/airflow/example_dags/tutorial_etl_dag.py for tasks to queue
[2021-03-17 19:43:13,204] {logging_mixin.py:104} INFO - [2021-03-17 19:43:13,204] {dagbag.py:448} INFO - Filling up the DagBag from /Users/harika/Desktop/CSYE_7245/Labs/airflow_tfx_lab/vlab/lib/python3.7/site-packages/airflow/example_dags/tutorial_etl_dag.py
[2021-03-17 19:43:13,225] {scheduler_job.py:639} INFO - DAG(s) dict_keys(['tutorial_etl_dag']) retrieved from /Users/harika/Desktop/CSYE_7245/Labs/airflow_tfx_lab/vlab/lib/python3.7/site-packages/airflow/example_dags/tutorial_etl_dag.py
[2021-03-17 19:43:13,243] {logging_mixin.py:104} INFO - [2021-03-17 19:43:13,243] {dag.py:1818} INFO - Sync 1 DAGs
[2021-03-17 19:43:13,256] {logging_mixin.py:104} INFO - [2021-03-17 19:43:13,256] {dag.py:2273} INFO - Setting next_dagrun for tutorial_etl_dag to None
[2021-03-17 19:43:13,266] {scheduler_job.py:190} INFO - Processing /Users/harika/Desktop/CSYE_7245/Labs/airflow_tfx_lab/vlab/lib/python3.7/site-packages/airflow/example_dags/tutorial_etl_dag.py took 0.071 seconds
[2021-03-17 19:43:53,675] {scheduler_job.py:182} INFO - Started process (PID=30224) to work on /Users/harika/Desktop/CSYE_7245/Labs/airflow_tfx_lab/vlab/lib/python3.7/site-packages/airflow/example_dags/tutorial_etl_dag.py
[2021-03-17 19:43:53,679] {scheduler_job.py:629} INFO - Processing file /Users/harika/Desktop/CSYE_7245/Labs/airflow_tfx_lab/vlab/lib/python3.7/site-packages/airflow/example_dags/tutorial_etl_dag.py for tasks to queue
[2021-03-17 19:43:53,683] {logging_mixin.py:104} INFO - [2021-03-17 19:43:53,682] {dagbag.py:448} INFO - Filling up the DagBag from /Users/harika/Desktop/CSYE_7245/Labs/airflow_tfx_lab/vlab/lib/python3.7/site-packages/airflow/example_dags/tutorial_etl_dag.py
[2021-03-17 19:43:53,710] {scheduler_job.py:639} INFO - DAG(s) dict_keys(['tutorial_etl_dag']) retrieved from /Users/harika/Desktop/CSYE_7245/Labs/airflow_tfx_lab/vlab/lib/python3.7/site-packages/airflow/example_dags/tutorial_etl_dag.py
[2021-03-17 19:43:53,729] {logging_mixin.py:104} INFO - [2021-03-17 19:43:53,729] {dag.py:1818} INFO - Sync 1 DAGs
[2021-03-17 19:43:53,744] {logging_mixin.py:104} INFO - [2021-03-17 19:43:53,743] {dag.py:2273} INFO - Setting next_dagrun for tutorial_etl_dag to None
[2021-03-17 19:43:53,754] {scheduler_job.py:190} INFO - Processing /Users/harika/Desktop/CSYE_7245/Labs/airflow_tfx_lab/vlab/lib/python3.7/site-packages/airflow/example_dags/tutorial_etl_dag.py took 0.087 seconds
[2021-03-17 19:44:32,457] {scheduler_job.py:182} INFO - Started process (PID=30258) to work on /Users/harika/Desktop/CSYE_7245/Labs/airflow_tfx_lab/vlab/lib/python3.7/site-packages/airflow/example_dags/tutorial_etl_dag.py
[2021-03-17 19:44:32,463] {scheduler_job.py:629} INFO - Processing file /Users/harika/Desktop/CSYE_7245/Labs/airflow_tfx_lab/vlab/lib/python3.7/site-packages/airflow/example_dags/tutorial_etl_dag.py for tasks to queue
[2021-03-17 19:44:32,466] {logging_mixin.py:104} INFO - [2021-03-17 19:44:32,466] {dagbag.py:448} INFO - Filling up the DagBag from /Users/harika/Desktop/CSYE_7245/Labs/airflow_tfx_lab/vlab/lib/python3.7/site-packages/airflow/example_dags/tutorial_etl_dag.py
[2021-03-17 19:44:32,503] {scheduler_job.py:639} INFO - DAG(s) dict_keys(['tutorial_etl_dag']) retrieved from /Users/harika/Desktop/CSYE_7245/Labs/airflow_tfx_lab/vlab/lib/python3.7/site-packages/airflow/example_dags/tutorial_etl_dag.py
[2021-03-17 19:44:32,538] {logging_mixin.py:104} INFO - [2021-03-17 19:44:32,538] {dag.py:1818} INFO - Sync 1 DAGs
[2021-03-17 19:44:32,574] {logging_mixin.py:104} INFO - [2021-03-17 19:44:32,573] {dag.py:2273} INFO - Setting next_dagrun for tutorial_etl_dag to None
[2021-03-17 19:44:32,600] {scheduler_job.py:190} INFO - Processing /Users/harika/Desktop/CSYE_7245/Labs/airflow_tfx_lab/vlab/lib/python3.7/site-packages/airflow/example_dags/tutorial_etl_dag.py took 0.151 seconds
[2021-03-17 19:45:17,355] {scheduler_job.py:182} INFO - Started process (PID=30313) to work on /Users/harika/Desktop/CSYE_7245/Labs/airflow_tfx_lab/vlab/lib/python3.7/site-packages/airflow/example_dags/tutorial_etl_dag.py
[2021-03-17 19:45:17,358] {scheduler_job.py:629} INFO - Processing file /Users/harika/Desktop/CSYE_7245/Labs/airflow_tfx_lab/vlab/lib/python3.7/site-packages/airflow/example_dags/tutorial_etl_dag.py for tasks to queue
[2021-03-17 19:45:17,360] {logging_mixin.py:104} INFO - [2021-03-17 19:45:17,360] {dagbag.py:448} INFO - Filling up the DagBag from /Users/harika/Desktop/CSYE_7245/Labs/airflow_tfx_lab/vlab/lib/python3.7/site-packages/airflow/example_dags/tutorial_etl_dag.py
[2021-03-17 19:45:17,390] {scheduler_job.py:639} INFO - DAG(s) dict_keys(['tutorial_etl_dag']) retrieved from /Users/harika/Desktop/CSYE_7245/Labs/airflow_tfx_lab/vlab/lib/python3.7/site-packages/airflow/example_dags/tutorial_etl_dag.py
[2021-03-17 19:45:17,411] {logging_mixin.py:104} INFO - [2021-03-17 19:45:17,410] {dag.py:1818} INFO - Sync 1 DAGs
[2021-03-17 19:45:17,427] {logging_mixin.py:104} INFO - [2021-03-17 19:45:17,426] {dag.py:2273} INFO - Setting next_dagrun for tutorial_etl_dag to None
[2021-03-17 19:45:17,438] {scheduler_job.py:190} INFO - Processing /Users/harika/Desktop/CSYE_7245/Labs/airflow_tfx_lab/vlab/lib/python3.7/site-packages/airflow/example_dags/tutorial_etl_dag.py took 0.092 seconds
[2021-03-17 19:45:56,751] {scheduler_job.py:182} INFO - Started process (PID=30343) to work on /Users/harika/Desktop/CSYE_7245/Labs/airflow_tfx_lab/vlab/lib/python3.7/site-packages/airflow/example_dags/tutorial_etl_dag.py
[2021-03-17 19:45:56,754] {scheduler_job.py:629} INFO - Processing file /Users/harika/Desktop/CSYE_7245/Labs/airflow_tfx_lab/vlab/lib/python3.7/site-packages/airflow/example_dags/tutorial_etl_dag.py for tasks to queue
[2021-03-17 19:45:56,755] {logging_mixin.py:104} INFO - [2021-03-17 19:45:56,755] {dagbag.py:448} INFO - Filling up the DagBag from /Users/harika/Desktop/CSYE_7245/Labs/airflow_tfx_lab/vlab/lib/python3.7/site-packages/airflow/example_dags/tutorial_etl_dag.py
[2021-03-17 19:45:56,773] {scheduler_job.py:639} INFO - DAG(s) dict_keys(['tutorial_etl_dag']) retrieved from /Users/harika/Desktop/CSYE_7245/Labs/airflow_tfx_lab/vlab/lib/python3.7/site-packages/airflow/example_dags/tutorial_etl_dag.py
[2021-03-17 19:45:56,789] {logging_mixin.py:104} INFO - [2021-03-17 19:45:56,788] {dag.py:1818} INFO - Sync 1 DAGs
[2021-03-17 19:45:56,801] {logging_mixin.py:104} INFO - [2021-03-17 19:45:56,801] {dag.py:2273} INFO - Setting next_dagrun for tutorial_etl_dag to None
[2021-03-17 19:45:56,811] {scheduler_job.py:190} INFO - Processing /Users/harika/Desktop/CSYE_7245/Labs/airflow_tfx_lab/vlab/lib/python3.7/site-packages/airflow/example_dags/tutorial_etl_dag.py took 0.064 seconds
[2021-03-17 19:46:42,242] {scheduler_job.py:182} INFO - Started process (PID=30381) to work on /Users/harika/Desktop/CSYE_7245/Labs/airflow_tfx_lab/vlab/lib/python3.7/site-packages/airflow/example_dags/tutorial_etl_dag.py
[2021-03-17 19:46:42,245] {scheduler_job.py:629} INFO - Processing file /Users/harika/Desktop/CSYE_7245/Labs/airflow_tfx_lab/vlab/lib/python3.7/site-packages/airflow/example_dags/tutorial_etl_dag.py for tasks to queue
[2021-03-17 19:46:42,246] {logging_mixin.py:104} INFO - [2021-03-17 19:46:42,246] {dagbag.py:448} INFO - Filling up the DagBag from /Users/harika/Desktop/CSYE_7245/Labs/airflow_tfx_lab/vlab/lib/python3.7/site-packages/airflow/example_dags/tutorial_etl_dag.py
[2021-03-17 19:46:42,263] {scheduler_job.py:639} INFO - DAG(s) dict_keys(['tutorial_etl_dag']) retrieved from /Users/harika/Desktop/CSYE_7245/Labs/airflow_tfx_lab/vlab/lib/python3.7/site-packages/airflow/example_dags/tutorial_etl_dag.py
[2021-03-17 19:46:42,283] {logging_mixin.py:104} INFO - [2021-03-17 19:46:42,281] {dag.py:1818} INFO - Sync 1 DAGs
[2021-03-17 19:46:42,301] {logging_mixin.py:104} INFO - [2021-03-17 19:46:42,300] {dag.py:2273} INFO - Setting next_dagrun for tutorial_etl_dag to None
[2021-03-17 19:46:42,312] {scheduler_job.py:190} INFO - Processing /Users/harika/Desktop/CSYE_7245/Labs/airflow_tfx_lab/vlab/lib/python3.7/site-packages/airflow/example_dags/tutorial_etl_dag.py took 0.075 seconds
[2021-03-17 19:47:29,204] {scheduler_job.py:182} INFO - Started process (PID=30417) to work on /Users/harika/Desktop/CSYE_7245/Labs/airflow_tfx_lab/vlab/lib/python3.7/site-packages/airflow/example_dags/tutorial_etl_dag.py
[2021-03-17 19:47:29,209] {scheduler_job.py:629} INFO - Processing file /Users/harika/Desktop/CSYE_7245/Labs/airflow_tfx_lab/vlab/lib/python3.7/site-packages/airflow/example_dags/tutorial_etl_dag.py for tasks to queue
[2021-03-17 19:47:29,213] {logging_mixin.py:104} INFO - [2021-03-17 19:47:29,212] {dagbag.py:448} INFO - Filling up the DagBag from /Users/harika/Desktop/CSYE_7245/Labs/airflow_tfx_lab/vlab/lib/python3.7/site-packages/airflow/example_dags/tutorial_etl_dag.py
[2021-03-17 19:47:29,249] {scheduler_job.py:639} INFO - DAG(s) dict_keys(['tutorial_etl_dag']) retrieved from /Users/harika/Desktop/CSYE_7245/Labs/airflow_tfx_lab/vlab/lib/python3.7/site-packages/airflow/example_dags/tutorial_etl_dag.py
[2021-03-17 19:47:29,280] {logging_mixin.py:104} INFO - [2021-03-17 19:47:29,279] {dag.py:1818} INFO - Sync 1 DAGs
[2021-03-17 19:47:29,316] {logging_mixin.py:104} INFO - [2021-03-17 19:47:29,314] {dag.py:2273} INFO - Setting next_dagrun for tutorial_etl_dag to None
[2021-03-17 19:47:29,353] {scheduler_job.py:190} INFO - Processing /Users/harika/Desktop/CSYE_7245/Labs/airflow_tfx_lab/vlab/lib/python3.7/site-packages/airflow/example_dags/tutorial_etl_dag.py took 0.161 seconds
[2021-03-17 19:48:16,153] {scheduler_job.py:182} INFO - Started process (PID=30467) to work on /Users/harika/Desktop/CSYE_7245/Labs/airflow_tfx_lab/vlab/lib/python3.7/site-packages/airflow/example_dags/tutorial_etl_dag.py
[2021-03-17 19:48:16,155] {scheduler_job.py:629} INFO - Processing file /Users/harika/Desktop/CSYE_7245/Labs/airflow_tfx_lab/vlab/lib/python3.7/site-packages/airflow/example_dags/tutorial_etl_dag.py for tasks to queue
[2021-03-17 19:48:16,158] {logging_mixin.py:104} INFO - [2021-03-17 19:48:16,157] {dagbag.py:448} INFO - Filling up the DagBag from /Users/harika/Desktop/CSYE_7245/Labs/airflow_tfx_lab/vlab/lib/python3.7/site-packages/airflow/example_dags/tutorial_etl_dag.py
[2021-03-17 19:48:16,181] {scheduler_job.py:639} INFO - DAG(s) dict_keys(['tutorial_etl_dag']) retrieved from /Users/harika/Desktop/CSYE_7245/Labs/airflow_tfx_lab/vlab/lib/python3.7/site-packages/airflow/example_dags/tutorial_etl_dag.py
[2021-03-17 19:48:16,201] {logging_mixin.py:104} INFO - [2021-03-17 19:48:16,201] {dag.py:1818} INFO - Sync 1 DAGs
[2021-03-17 19:48:16,220] {logging_mixin.py:104} INFO - [2021-03-17 19:48:16,219] {dag.py:2273} INFO - Setting next_dagrun for tutorial_etl_dag to None
[2021-03-17 19:48:16,236] {scheduler_job.py:190} INFO - Processing /Users/harika/Desktop/CSYE_7245/Labs/airflow_tfx_lab/vlab/lib/python3.7/site-packages/airflow/example_dags/tutorial_etl_dag.py took 0.088 seconds
[2021-03-17 19:48:55,854] {scheduler_job.py:182} INFO - Started process (PID=30512) to work on /Users/harika/Desktop/CSYE_7245/Labs/airflow_tfx_lab/vlab/lib/python3.7/site-packages/airflow/example_dags/tutorial_etl_dag.py
[2021-03-17 19:48:55,858] {scheduler_job.py:629} INFO - Processing file /Users/harika/Desktop/CSYE_7245/Labs/airflow_tfx_lab/vlab/lib/python3.7/site-packages/airflow/example_dags/tutorial_etl_dag.py for tasks to queue
[2021-03-17 19:48:55,860] {logging_mixin.py:104} INFO - [2021-03-17 19:48:55,859] {dagbag.py:448} INFO - Filling up the DagBag from /Users/harika/Desktop/CSYE_7245/Labs/airflow_tfx_lab/vlab/lib/python3.7/site-packages/airflow/example_dags/tutorial_etl_dag.py
[2021-03-17 19:48:55,875] {scheduler_job.py:639} INFO - DAG(s) dict_keys(['tutorial_etl_dag']) retrieved from /Users/harika/Desktop/CSYE_7245/Labs/airflow_tfx_lab/vlab/lib/python3.7/site-packages/airflow/example_dags/tutorial_etl_dag.py
[2021-03-17 19:48:55,891] {logging_mixin.py:104} INFO - [2021-03-17 19:48:55,891] {dag.py:1818} INFO - Sync 1 DAGs
[2021-03-17 19:48:55,905] {logging_mixin.py:104} INFO - [2021-03-17 19:48:55,904] {dag.py:2273} INFO - Setting next_dagrun for tutorial_etl_dag to None
[2021-03-17 19:48:55,913] {scheduler_job.py:190} INFO - Processing /Users/harika/Desktop/CSYE_7245/Labs/airflow_tfx_lab/vlab/lib/python3.7/site-packages/airflow/example_dags/tutorial_etl_dag.py took 0.064 seconds
[2021-03-17 19:49:44,391] {scheduler_job.py:182} INFO - Started process (PID=30583) to work on /Users/harika/Desktop/CSYE_7245/Labs/airflow_tfx_lab/vlab/lib/python3.7/site-packages/airflow/example_dags/tutorial_etl_dag.py
[2021-03-17 19:49:44,399] {scheduler_job.py:629} INFO - Processing file /Users/harika/Desktop/CSYE_7245/Labs/airflow_tfx_lab/vlab/lib/python3.7/site-packages/airflow/example_dags/tutorial_etl_dag.py for tasks to queue
[2021-03-17 19:49:44,409] {logging_mixin.py:104} INFO - [2021-03-17 19:49:44,407] {dagbag.py:448} INFO - Filling up the DagBag from /Users/harika/Desktop/CSYE_7245/Labs/airflow_tfx_lab/vlab/lib/python3.7/site-packages/airflow/example_dags/tutorial_etl_dag.py
[2021-03-17 19:49:44,457] {scheduler_job.py:639} INFO - DAG(s) dict_keys(['tutorial_etl_dag']) retrieved from /Users/harika/Desktop/CSYE_7245/Labs/airflow_tfx_lab/vlab/lib/python3.7/site-packages/airflow/example_dags/tutorial_etl_dag.py
[2021-03-17 19:49:44,501] {logging_mixin.py:104} INFO - [2021-03-17 19:49:44,500] {dag.py:1818} INFO - Sync 1 DAGs
[2021-03-17 19:49:44,541] {logging_mixin.py:104} INFO - [2021-03-17 19:49:44,540] {dag.py:2273} INFO - Setting next_dagrun for tutorial_etl_dag to None
[2021-03-17 19:49:44,559] {scheduler_job.py:190} INFO - Processing /Users/harika/Desktop/CSYE_7245/Labs/airflow_tfx_lab/vlab/lib/python3.7/site-packages/airflow/example_dags/tutorial_etl_dag.py took 0.196 seconds
[2021-03-17 19:50:24,489] {scheduler_job.py:182} INFO - Started process (PID=30610) to work on /Users/harika/Desktop/CSYE_7245/Labs/airflow_tfx_lab/vlab/lib/python3.7/site-packages/airflow/example_dags/tutorial_etl_dag.py
[2021-03-17 19:50:24,493] {scheduler_job.py:629} INFO - Processing file /Users/harika/Desktop/CSYE_7245/Labs/airflow_tfx_lab/vlab/lib/python3.7/site-packages/airflow/example_dags/tutorial_etl_dag.py for tasks to queue
[2021-03-17 19:50:24,495] {logging_mixin.py:104} INFO - [2021-03-17 19:50:24,494] {dagbag.py:448} INFO - Filling up the DagBag from /Users/harika/Desktop/CSYE_7245/Labs/airflow_tfx_lab/vlab/lib/python3.7/site-packages/airflow/example_dags/tutorial_etl_dag.py
[2021-03-17 19:50:24,512] {scheduler_job.py:639} INFO - DAG(s) dict_keys(['tutorial_etl_dag']) retrieved from /Users/harika/Desktop/CSYE_7245/Labs/airflow_tfx_lab/vlab/lib/python3.7/site-packages/airflow/example_dags/tutorial_etl_dag.py
[2021-03-17 19:50:24,530] {logging_mixin.py:104} INFO - [2021-03-17 19:50:24,529] {dag.py:1818} INFO - Sync 1 DAGs
[2021-03-17 19:50:24,541] {logging_mixin.py:104} INFO - [2021-03-17 19:50:24,541] {dag.py:2273} INFO - Setting next_dagrun for tutorial_etl_dag to None
[2021-03-17 19:50:24,551] {scheduler_job.py:190} INFO - Processing /Users/harika/Desktop/CSYE_7245/Labs/airflow_tfx_lab/vlab/lib/python3.7/site-packages/airflow/example_dags/tutorial_etl_dag.py took 0.065 seconds
[2021-03-17 19:51:06,302] {scheduler_job.py:182} INFO - Started process (PID=30643) to work on /Users/harika/Desktop/CSYE_7245/Labs/airflow_tfx_lab/vlab/lib/python3.7/site-packages/airflow/example_dags/tutorial_etl_dag.py
[2021-03-17 19:51:06,305] {scheduler_job.py:629} INFO - Processing file /Users/harika/Desktop/CSYE_7245/Labs/airflow_tfx_lab/vlab/lib/python3.7/site-packages/airflow/example_dags/tutorial_etl_dag.py for tasks to queue
[2021-03-17 19:51:06,306] {logging_mixin.py:104} INFO - [2021-03-17 19:51:06,306] {dagbag.py:448} INFO - Filling up the DagBag from /Users/harika/Desktop/CSYE_7245/Labs/airflow_tfx_lab/vlab/lib/python3.7/site-packages/airflow/example_dags/tutorial_etl_dag.py
[2021-03-17 19:51:06,322] {scheduler_job.py:639} INFO - DAG(s) dict_keys(['tutorial_etl_dag']) retrieved from /Users/harika/Desktop/CSYE_7245/Labs/airflow_tfx_lab/vlab/lib/python3.7/site-packages/airflow/example_dags/tutorial_etl_dag.py
[2021-03-17 19:51:06,342] {logging_mixin.py:104} INFO - [2021-03-17 19:51:06,341] {dag.py:1818} INFO - Sync 1 DAGs
[2021-03-17 19:51:06,374] {logging_mixin.py:104} INFO - [2021-03-17 19:51:06,374] {dag.py:2273} INFO - Setting next_dagrun for tutorial_etl_dag to None
[2021-03-17 19:51:06,401] {scheduler_job.py:190} INFO - Processing /Users/harika/Desktop/CSYE_7245/Labs/airflow_tfx_lab/vlab/lib/python3.7/site-packages/airflow/example_dags/tutorial_etl_dag.py took 0.104 seconds
[2021-03-17 19:51:54,149] {scheduler_job.py:182} INFO - Started process (PID=30681) to work on /Users/harika/Desktop/CSYE_7245/Labs/airflow_tfx_lab/vlab/lib/python3.7/site-packages/airflow/example_dags/tutorial_etl_dag.py
[2021-03-17 19:51:54,155] {scheduler_job.py:629} INFO - Processing file /Users/harika/Desktop/CSYE_7245/Labs/airflow_tfx_lab/vlab/lib/python3.7/site-packages/airflow/example_dags/tutorial_etl_dag.py for tasks to queue
[2021-03-17 19:51:54,159] {logging_mixin.py:104} INFO - [2021-03-17 19:51:54,157] {dagbag.py:448} INFO - Filling up the DagBag from /Users/harika/Desktop/CSYE_7245/Labs/airflow_tfx_lab/vlab/lib/python3.7/site-packages/airflow/example_dags/tutorial_etl_dag.py
[2021-03-17 19:51:54,189] {scheduler_job.py:639} INFO - DAG(s) dict_keys(['tutorial_etl_dag']) retrieved from /Users/harika/Desktop/CSYE_7245/Labs/airflow_tfx_lab/vlab/lib/python3.7/site-packages/airflow/example_dags/tutorial_etl_dag.py
[2021-03-17 19:51:54,221] {logging_mixin.py:104} INFO - [2021-03-17 19:51:54,219] {dag.py:1818} INFO - Sync 1 DAGs
[2021-03-17 19:51:54,241] {logging_mixin.py:104} INFO - [2021-03-17 19:51:54,240] {dag.py:2273} INFO - Setting next_dagrun for tutorial_etl_dag to None
[2021-03-17 19:51:54,251] {scheduler_job.py:190} INFO - Processing /Users/harika/Desktop/CSYE_7245/Labs/airflow_tfx_lab/vlab/lib/python3.7/site-packages/airflow/example_dags/tutorial_etl_dag.py took 0.118 seconds
[2021-03-17 19:52:33,291] {scheduler_job.py:182} INFO - Started process (PID=30721) to work on /Users/harika/Desktop/CSYE_7245/Labs/airflow_tfx_lab/vlab/lib/python3.7/site-packages/airflow/example_dags/tutorial_etl_dag.py
[2021-03-17 19:52:33,294] {scheduler_job.py:629} INFO - Processing file /Users/harika/Desktop/CSYE_7245/Labs/airflow_tfx_lab/vlab/lib/python3.7/site-packages/airflow/example_dags/tutorial_etl_dag.py for tasks to queue
[2021-03-17 19:52:33,296] {logging_mixin.py:104} INFO - [2021-03-17 19:52:33,295] {dagbag.py:448} INFO - Filling up the DagBag from /Users/harika/Desktop/CSYE_7245/Labs/airflow_tfx_lab/vlab/lib/python3.7/site-packages/airflow/example_dags/tutorial_etl_dag.py
[2021-03-17 19:52:33,312] {scheduler_job.py:639} INFO - DAG(s) dict_keys(['tutorial_etl_dag']) retrieved from /Users/harika/Desktop/CSYE_7245/Labs/airflow_tfx_lab/vlab/lib/python3.7/site-packages/airflow/example_dags/tutorial_etl_dag.py
[2021-03-17 19:52:33,330] {logging_mixin.py:104} INFO - [2021-03-17 19:52:33,330] {dag.py:1818} INFO - Sync 1 DAGs
[2021-03-17 19:52:33,351] {logging_mixin.py:104} INFO - [2021-03-17 19:52:33,350] {dag.py:2273} INFO - Setting next_dagrun for tutorial_etl_dag to None
[2021-03-17 19:52:33,360] {scheduler_job.py:190} INFO - Processing /Users/harika/Desktop/CSYE_7245/Labs/airflow_tfx_lab/vlab/lib/python3.7/site-packages/airflow/example_dags/tutorial_etl_dag.py took 0.073 seconds
[2021-03-17 19:53:15,083] {scheduler_job.py:182} INFO - Started process (PID=30756) to work on /Users/harika/Desktop/CSYE_7245/Labs/airflow_tfx_lab/vlab/lib/python3.7/site-packages/airflow/example_dags/tutorial_etl_dag.py
[2021-03-17 19:53:15,087] {scheduler_job.py:629} INFO - Processing file /Users/harika/Desktop/CSYE_7245/Labs/airflow_tfx_lab/vlab/lib/python3.7/site-packages/airflow/example_dags/tutorial_etl_dag.py for tasks to queue
[2021-03-17 19:53:15,089] {logging_mixin.py:104} INFO - [2021-03-17 19:53:15,088] {dagbag.py:448} INFO - Filling up the DagBag from /Users/harika/Desktop/CSYE_7245/Labs/airflow_tfx_lab/vlab/lib/python3.7/site-packages/airflow/example_dags/tutorial_etl_dag.py
[2021-03-17 19:53:15,108] {scheduler_job.py:639} INFO - DAG(s) dict_keys(['tutorial_etl_dag']) retrieved from /Users/harika/Desktop/CSYE_7245/Labs/airflow_tfx_lab/vlab/lib/python3.7/site-packages/airflow/example_dags/tutorial_etl_dag.py
[2021-03-17 19:53:15,126] {logging_mixin.py:104} INFO - [2021-03-17 19:53:15,126] {dag.py:1818} INFO - Sync 1 DAGs
[2021-03-17 19:53:15,139] {logging_mixin.py:104} INFO - [2021-03-17 19:53:15,138] {dag.py:2273} INFO - Setting next_dagrun for tutorial_etl_dag to None
[2021-03-17 19:53:15,149] {scheduler_job.py:190} INFO - Processing /Users/harika/Desktop/CSYE_7245/Labs/airflow_tfx_lab/vlab/lib/python3.7/site-packages/airflow/example_dags/tutorial_etl_dag.py took 0.070 seconds
[2021-03-17 19:53:56,961] {scheduler_job.py:182} INFO - Started process (PID=30788) to work on /Users/harika/Desktop/CSYE_7245/Labs/airflow_tfx_lab/vlab/lib/python3.7/site-packages/airflow/example_dags/tutorial_etl_dag.py
[2021-03-17 19:53:56,963] {scheduler_job.py:629} INFO - Processing file /Users/harika/Desktop/CSYE_7245/Labs/airflow_tfx_lab/vlab/lib/python3.7/site-packages/airflow/example_dags/tutorial_etl_dag.py for tasks to queue
[2021-03-17 19:53:56,965] {logging_mixin.py:104} INFO - [2021-03-17 19:53:56,965] {dagbag.py:448} INFO - Filling up the DagBag from /Users/harika/Desktop/CSYE_7245/Labs/airflow_tfx_lab/vlab/lib/python3.7/site-packages/airflow/example_dags/tutorial_etl_dag.py
[2021-03-17 19:53:56,982] {scheduler_job.py:639} INFO - DAG(s) dict_keys(['tutorial_etl_dag']) retrieved from /Users/harika/Desktop/CSYE_7245/Labs/airflow_tfx_lab/vlab/lib/python3.7/site-packages/airflow/example_dags/tutorial_etl_dag.py
[2021-03-17 19:53:57,002] {logging_mixin.py:104} INFO - [2021-03-17 19:53:57,001] {dag.py:1818} INFO - Sync 1 DAGs
[2021-03-17 19:53:57,016] {logging_mixin.py:104} INFO - [2021-03-17 19:53:57,016] {dag.py:2273} INFO - Setting next_dagrun for tutorial_etl_dag to None
[2021-03-17 19:53:57,026] {scheduler_job.py:190} INFO - Processing /Users/harika/Desktop/CSYE_7245/Labs/airflow_tfx_lab/vlab/lib/python3.7/site-packages/airflow/example_dags/tutorial_etl_dag.py took 0.069 seconds
[2021-03-17 19:54:43,073] {scheduler_job.py:182} INFO - Started process (PID=30828) to work on /Users/harika/Desktop/CSYE_7245/Labs/airflow_tfx_lab/vlab/lib/python3.7/site-packages/airflow/example_dags/tutorial_etl_dag.py
[2021-03-17 19:54:43,075] {scheduler_job.py:629} INFO - Processing file /Users/harika/Desktop/CSYE_7245/Labs/airflow_tfx_lab/vlab/lib/python3.7/site-packages/airflow/example_dags/tutorial_etl_dag.py for tasks to queue
[2021-03-17 19:54:43,077] {logging_mixin.py:104} INFO - [2021-03-17 19:54:43,077] {dagbag.py:448} INFO - Filling up the DagBag from /Users/harika/Desktop/CSYE_7245/Labs/airflow_tfx_lab/vlab/lib/python3.7/site-packages/airflow/example_dags/tutorial_etl_dag.py
[2021-03-17 19:54:43,093] {scheduler_job.py:639} INFO - DAG(s) dict_keys(['tutorial_etl_dag']) retrieved from /Users/harika/Desktop/CSYE_7245/Labs/airflow_tfx_lab/vlab/lib/python3.7/site-packages/airflow/example_dags/tutorial_etl_dag.py
[2021-03-17 19:54:43,110] {logging_mixin.py:104} INFO - [2021-03-17 19:54:43,110] {dag.py:1818} INFO - Sync 1 DAGs
[2021-03-17 19:54:43,126] {logging_mixin.py:104} INFO - [2021-03-17 19:54:43,126] {dag.py:2273} INFO - Setting next_dagrun for tutorial_etl_dag to None
[2021-03-17 19:54:43,136] {scheduler_job.py:190} INFO - Processing /Users/harika/Desktop/CSYE_7245/Labs/airflow_tfx_lab/vlab/lib/python3.7/site-packages/airflow/example_dags/tutorial_etl_dag.py took 0.068 seconds
[2021-03-17 19:55:24,220] {scheduler_job.py:182} INFO - Started process (PID=30857) to work on /Users/harika/Desktop/CSYE_7245/Labs/airflow_tfx_lab/vlab/lib/python3.7/site-packages/airflow/example_dags/tutorial_etl_dag.py
[2021-03-17 19:55:24,227] {scheduler_job.py:629} INFO - Processing file /Users/harika/Desktop/CSYE_7245/Labs/airflow_tfx_lab/vlab/lib/python3.7/site-packages/airflow/example_dags/tutorial_etl_dag.py for tasks to queue
[2021-03-17 19:55:24,234] {logging_mixin.py:104} INFO - [2021-03-17 19:55:24,234] {dagbag.py:448} INFO - Filling up the DagBag from /Users/harika/Desktop/CSYE_7245/Labs/airflow_tfx_lab/vlab/lib/python3.7/site-packages/airflow/example_dags/tutorial_etl_dag.py
[2021-03-17 19:55:24,253] {scheduler_job.py:639} INFO - DAG(s) dict_keys(['tutorial_etl_dag']) retrieved from /Users/harika/Desktop/CSYE_7245/Labs/airflow_tfx_lab/vlab/lib/python3.7/site-packages/airflow/example_dags/tutorial_etl_dag.py
[2021-03-17 19:55:24,274] {logging_mixin.py:104} INFO - [2021-03-17 19:55:24,273] {dag.py:1818} INFO - Sync 1 DAGs
[2021-03-17 19:55:24,290] {logging_mixin.py:104} INFO - [2021-03-17 19:55:24,289] {dag.py:2273} INFO - Setting next_dagrun for tutorial_etl_dag to None
[2021-03-17 19:55:24,305] {scheduler_job.py:190} INFO - Processing /Users/harika/Desktop/CSYE_7245/Labs/airflow_tfx_lab/vlab/lib/python3.7/site-packages/airflow/example_dags/tutorial_etl_dag.py took 0.095 seconds
[2021-03-17 19:56:04,089] {scheduler_job.py:182} INFO - Started process (PID=30887) to work on /Users/harika/Desktop/CSYE_7245/Labs/airflow_tfx_lab/vlab/lib/python3.7/site-packages/airflow/example_dags/tutorial_etl_dag.py
[2021-03-17 19:56:04,091] {scheduler_job.py:629} INFO - Processing file /Users/harika/Desktop/CSYE_7245/Labs/airflow_tfx_lab/vlab/lib/python3.7/site-packages/airflow/example_dags/tutorial_etl_dag.py for tasks to queue
[2021-03-17 19:56:04,093] {logging_mixin.py:104} INFO - [2021-03-17 19:56:04,093] {dagbag.py:448} INFO - Filling up the DagBag from /Users/harika/Desktop/CSYE_7245/Labs/airflow_tfx_lab/vlab/lib/python3.7/site-packages/airflow/example_dags/tutorial_etl_dag.py
[2021-03-17 19:56:04,110] {scheduler_job.py:639} INFO - DAG(s) dict_keys(['tutorial_etl_dag']) retrieved from /Users/harika/Desktop/CSYE_7245/Labs/airflow_tfx_lab/vlab/lib/python3.7/site-packages/airflow/example_dags/tutorial_etl_dag.py
[2021-03-17 19:56:04,128] {logging_mixin.py:104} INFO - [2021-03-17 19:56:04,128] {dag.py:1818} INFO - Sync 1 DAGs
[2021-03-17 19:56:04,146] {logging_mixin.py:104} INFO - [2021-03-17 19:56:04,145] {dag.py:2273} INFO - Setting next_dagrun for tutorial_etl_dag to None
[2021-03-17 19:56:04,156] {scheduler_job.py:190} INFO - Processing /Users/harika/Desktop/CSYE_7245/Labs/airflow_tfx_lab/vlab/lib/python3.7/site-packages/airflow/example_dags/tutorial_etl_dag.py took 0.072 seconds
[2021-03-17 19:56:41,763] {scheduler_job.py:182} INFO - Started process (PID=30914) to work on /Users/harika/Desktop/CSYE_7245/Labs/airflow_tfx_lab/vlab/lib/python3.7/site-packages/airflow/example_dags/tutorial_etl_dag.py
[2021-03-17 19:56:41,766] {scheduler_job.py:629} INFO - Processing file /Users/harika/Desktop/CSYE_7245/Labs/airflow_tfx_lab/vlab/lib/python3.7/site-packages/airflow/example_dags/tutorial_etl_dag.py for tasks to queue
[2021-03-17 19:56:41,770] {logging_mixin.py:104} INFO - [2021-03-17 19:56:41,769] {dagbag.py:448} INFO - Filling up the DagBag from /Users/harika/Desktop/CSYE_7245/Labs/airflow_tfx_lab/vlab/lib/python3.7/site-packages/airflow/example_dags/tutorial_etl_dag.py
[2021-03-17 19:56:41,787] {scheduler_job.py:639} INFO - DAG(s) dict_keys(['tutorial_etl_dag']) retrieved from /Users/harika/Desktop/CSYE_7245/Labs/airflow_tfx_lab/vlab/lib/python3.7/site-packages/airflow/example_dags/tutorial_etl_dag.py
[2021-03-17 19:56:41,803] {logging_mixin.py:104} INFO - [2021-03-17 19:56:41,803] {dag.py:1818} INFO - Sync 1 DAGs
[2021-03-17 19:56:41,816] {logging_mixin.py:104} INFO - [2021-03-17 19:56:41,815] {dag.py:2273} INFO - Setting next_dagrun for tutorial_etl_dag to None
[2021-03-17 19:56:41,825] {scheduler_job.py:190} INFO - Processing /Users/harika/Desktop/CSYE_7245/Labs/airflow_tfx_lab/vlab/lib/python3.7/site-packages/airflow/example_dags/tutorial_etl_dag.py took 0.067 seconds
[2021-03-17 19:57:21,394] {scheduler_job.py:182} INFO - Started process (PID=30944) to work on /Users/harika/Desktop/CSYE_7245/Labs/airflow_tfx_lab/vlab/lib/python3.7/site-packages/airflow/example_dags/tutorial_etl_dag.py
[2021-03-17 19:57:21,396] {scheduler_job.py:629} INFO - Processing file /Users/harika/Desktop/CSYE_7245/Labs/airflow_tfx_lab/vlab/lib/python3.7/site-packages/airflow/example_dags/tutorial_etl_dag.py for tasks to queue
[2021-03-17 19:57:21,397] {logging_mixin.py:104} INFO - [2021-03-17 19:57:21,397] {dagbag.py:448} INFO - Filling up the DagBag from /Users/harika/Desktop/CSYE_7245/Labs/airflow_tfx_lab/vlab/lib/python3.7/site-packages/airflow/example_dags/tutorial_etl_dag.py
[2021-03-17 19:57:21,418] {scheduler_job.py:639} INFO - DAG(s) dict_keys(['tutorial_etl_dag']) retrieved from /Users/harika/Desktop/CSYE_7245/Labs/airflow_tfx_lab/vlab/lib/python3.7/site-packages/airflow/example_dags/tutorial_etl_dag.py
[2021-03-17 19:57:21,437] {logging_mixin.py:104} INFO - [2021-03-17 19:57:21,436] {dag.py:1818} INFO - Sync 1 DAGs
[2021-03-17 19:57:21,451] {logging_mixin.py:104} INFO - [2021-03-17 19:57:21,451] {dag.py:2273} INFO - Setting next_dagrun for tutorial_etl_dag to None
[2021-03-17 19:57:21,462] {scheduler_job.py:190} INFO - Processing /Users/harika/Desktop/CSYE_7245/Labs/airflow_tfx_lab/vlab/lib/python3.7/site-packages/airflow/example_dags/tutorial_etl_dag.py took 0.077 seconds
[2021-03-17 19:58:00,142] {scheduler_job.py:182} INFO - Started process (PID=30977) to work on /Users/harika/Desktop/CSYE_7245/Labs/airflow_tfx_lab/vlab/lib/python3.7/site-packages/airflow/example_dags/tutorial_etl_dag.py
[2021-03-17 19:58:00,145] {scheduler_job.py:629} INFO - Processing file /Users/harika/Desktop/CSYE_7245/Labs/airflow_tfx_lab/vlab/lib/python3.7/site-packages/airflow/example_dags/tutorial_etl_dag.py for tasks to queue
[2021-03-17 19:58:00,147] {logging_mixin.py:104} INFO - [2021-03-17 19:58:00,146] {dagbag.py:448} INFO - Filling up the DagBag from /Users/harika/Desktop/CSYE_7245/Labs/airflow_tfx_lab/vlab/lib/python3.7/site-packages/airflow/example_dags/tutorial_etl_dag.py
[2021-03-17 19:58:00,161] {scheduler_job.py:639} INFO - DAG(s) dict_keys(['tutorial_etl_dag']) retrieved from /Users/harika/Desktop/CSYE_7245/Labs/airflow_tfx_lab/vlab/lib/python3.7/site-packages/airflow/example_dags/tutorial_etl_dag.py
[2021-03-17 19:58:00,177] {logging_mixin.py:104} INFO - [2021-03-17 19:58:00,177] {dag.py:1818} INFO - Sync 1 DAGs
[2021-03-17 19:58:00,189] {logging_mixin.py:104} INFO - [2021-03-17 19:58:00,189] {dag.py:2273} INFO - Setting next_dagrun for tutorial_etl_dag to None
[2021-03-17 19:58:00,198] {scheduler_job.py:190} INFO - Processing /Users/harika/Desktop/CSYE_7245/Labs/airflow_tfx_lab/vlab/lib/python3.7/site-packages/airflow/example_dags/tutorial_etl_dag.py took 0.060 seconds
[2021-03-17 19:58:41,489] {scheduler_job.py:182} INFO - Started process (PID=31020) to work on /Users/harika/Desktop/CSYE_7245/Labs/airflow_tfx_lab/vlab/lib/python3.7/site-packages/airflow/example_dags/tutorial_etl_dag.py
[2021-03-17 19:58:41,492] {scheduler_job.py:629} INFO - Processing file /Users/harika/Desktop/CSYE_7245/Labs/airflow_tfx_lab/vlab/lib/python3.7/site-packages/airflow/example_dags/tutorial_etl_dag.py for tasks to queue
[2021-03-17 19:58:41,494] {logging_mixin.py:104} INFO - [2021-03-17 19:58:41,493] {dagbag.py:448} INFO - Filling up the DagBag from /Users/harika/Desktop/CSYE_7245/Labs/airflow_tfx_lab/vlab/lib/python3.7/site-packages/airflow/example_dags/tutorial_etl_dag.py
[2021-03-17 19:58:41,510] {scheduler_job.py:639} INFO - DAG(s) dict_keys(['tutorial_etl_dag']) retrieved from /Users/harika/Desktop/CSYE_7245/Labs/airflow_tfx_lab/vlab/lib/python3.7/site-packages/airflow/example_dags/tutorial_etl_dag.py
[2021-03-17 19:58:41,526] {logging_mixin.py:104} INFO - [2021-03-17 19:58:41,526] {dag.py:1818} INFO - Sync 1 DAGs
[2021-03-17 19:58:41,539] {logging_mixin.py:104} INFO - [2021-03-17 19:58:41,539] {dag.py:2273} INFO - Setting next_dagrun for tutorial_etl_dag to None
[2021-03-17 19:58:41,551] {scheduler_job.py:190} INFO - Processing /Users/harika/Desktop/CSYE_7245/Labs/airflow_tfx_lab/vlab/lib/python3.7/site-packages/airflow/example_dags/tutorial_etl_dag.py took 0.065 seconds
[2021-03-17 19:59:20,662] {scheduler_job.py:182} INFO - Started process (PID=31049) to work on /Users/harika/Desktop/CSYE_7245/Labs/airflow_tfx_lab/vlab/lib/python3.7/site-packages/airflow/example_dags/tutorial_etl_dag.py
[2021-03-17 19:59:20,665] {scheduler_job.py:629} INFO - Processing file /Users/harika/Desktop/CSYE_7245/Labs/airflow_tfx_lab/vlab/lib/python3.7/site-packages/airflow/example_dags/tutorial_etl_dag.py for tasks to queue
[2021-03-17 19:59:20,667] {logging_mixin.py:104} INFO - [2021-03-17 19:59:20,666] {dagbag.py:448} INFO - Filling up the DagBag from /Users/harika/Desktop/CSYE_7245/Labs/airflow_tfx_lab/vlab/lib/python3.7/site-packages/airflow/example_dags/tutorial_etl_dag.py
[2021-03-17 19:59:20,685] {scheduler_job.py:639} INFO - DAG(s) dict_keys(['tutorial_etl_dag']) retrieved from /Users/harika/Desktop/CSYE_7245/Labs/airflow_tfx_lab/vlab/lib/python3.7/site-packages/airflow/example_dags/tutorial_etl_dag.py
[2021-03-17 19:59:20,703] {logging_mixin.py:104} INFO - [2021-03-17 19:59:20,703] {dag.py:1818} INFO - Sync 1 DAGs
[2021-03-17 19:59:20,716] {logging_mixin.py:104} INFO - [2021-03-17 19:59:20,716] {dag.py:2273} INFO - Setting next_dagrun for tutorial_etl_dag to None
[2021-03-17 19:59:20,727] {scheduler_job.py:190} INFO - Processing /Users/harika/Desktop/CSYE_7245/Labs/airflow_tfx_lab/vlab/lib/python3.7/site-packages/airflow/example_dags/tutorial_etl_dag.py took 0.069 seconds
