[2021-03-17 16:32:23,893] {scheduler_job.py:182} INFO - Started process (PID=28222) to work on /Users/prathyusha/Desktop/pranathi/airflow_cnn_pipeline_final/airflow_test_env/lib/python3.7/site-packages/airflow/example_dags/subdags/subdag.py
[2021-03-17 16:32:23,895] {scheduler_job.py:629} INFO - Processing file /Users/prathyusha/Desktop/pranathi/airflow_cnn_pipeline_final/airflow_test_env/lib/python3.7/site-packages/airflow/example_dags/subdags/subdag.py for tasks to queue
[2021-03-17 16:32:23,896] {logging_mixin.py:104} INFO - [2021-03-17 16:32:23,896] {dagbag.py:448} INFO - Filling up the DagBag from /Users/prathyusha/Desktop/pranathi/airflow_cnn_pipeline_final/airflow_test_env/lib/python3.7/site-packages/airflow/example_dags/subdags/subdag.py
[2021-03-17 16:32:23,901] {scheduler_job.py:641} WARNING - No viable dags retrieved from /Users/prathyusha/Desktop/pranathi/airflow_cnn_pipeline_final/airflow_test_env/lib/python3.7/site-packages/airflow/example_dags/subdags/subdag.py
[2021-03-17 16:32:23,909] {scheduler_job.py:190} INFO - Processing /Users/prathyusha/Desktop/pranathi/airflow_cnn_pipeline_final/airflow_test_env/lib/python3.7/site-packages/airflow/example_dags/subdags/subdag.py took 0.019 seconds
[2021-03-17 16:32:54,930] {scheduler_job.py:182} INFO - Started process (PID=28272) to work on /Users/prathyusha/Desktop/pranathi/airflow_cnn_pipeline_final/airflow_test_env/lib/python3.7/site-packages/airflow/example_dags/subdags/subdag.py
[2021-03-17 16:32:54,934] {scheduler_job.py:629} INFO - Processing file /Users/prathyusha/Desktop/pranathi/airflow_cnn_pipeline_final/airflow_test_env/lib/python3.7/site-packages/airflow/example_dags/subdags/subdag.py for tasks to queue
[2021-03-17 16:32:54,935] {logging_mixin.py:104} INFO - [2021-03-17 16:32:54,935] {dagbag.py:448} INFO - Filling up the DagBag from /Users/prathyusha/Desktop/pranathi/airflow_cnn_pipeline_final/airflow_test_env/lib/python3.7/site-packages/airflow/example_dags/subdags/subdag.py
[2021-03-17 16:32:54,940] {scheduler_job.py:641} WARNING - No viable dags retrieved from /Users/prathyusha/Desktop/pranathi/airflow_cnn_pipeline_final/airflow_test_env/lib/python3.7/site-packages/airflow/example_dags/subdags/subdag.py
[2021-03-17 16:32:54,948] {scheduler_job.py:190} INFO - Processing /Users/prathyusha/Desktop/pranathi/airflow_cnn_pipeline_final/airflow_test_env/lib/python3.7/site-packages/airflow/example_dags/subdags/subdag.py took 0.022 seconds
[2021-03-17 16:33:25,759] {scheduler_job.py:182} INFO - Started process (PID=28301) to work on /Users/prathyusha/Desktop/pranathi/airflow_cnn_pipeline_final/airflow_test_env/lib/python3.7/site-packages/airflow/example_dags/subdags/subdag.py
[2021-03-17 16:33:25,761] {scheduler_job.py:629} INFO - Processing file /Users/prathyusha/Desktop/pranathi/airflow_cnn_pipeline_final/airflow_test_env/lib/python3.7/site-packages/airflow/example_dags/subdags/subdag.py for tasks to queue
[2021-03-17 16:33:25,762] {logging_mixin.py:104} INFO - [2021-03-17 16:33:25,762] {dagbag.py:448} INFO - Filling up the DagBag from /Users/prathyusha/Desktop/pranathi/airflow_cnn_pipeline_final/airflow_test_env/lib/python3.7/site-packages/airflow/example_dags/subdags/subdag.py
[2021-03-17 16:33:25,766] {scheduler_job.py:641} WARNING - No viable dags retrieved from /Users/prathyusha/Desktop/pranathi/airflow_cnn_pipeline_final/airflow_test_env/lib/python3.7/site-packages/airflow/example_dags/subdags/subdag.py
[2021-03-17 16:33:25,774] {scheduler_job.py:190} INFO - Processing /Users/prathyusha/Desktop/pranathi/airflow_cnn_pipeline_final/airflow_test_env/lib/python3.7/site-packages/airflow/example_dags/subdags/subdag.py took 0.019 seconds
[2021-03-17 16:33:56,600] {scheduler_job.py:182} INFO - Started process (PID=28336) to work on /Users/prathyusha/Desktop/pranathi/airflow_cnn_pipeline_final/airflow_test_env/lib/python3.7/site-packages/airflow/example_dags/subdags/subdag.py
[2021-03-17 16:33:56,603] {scheduler_job.py:629} INFO - Processing file /Users/prathyusha/Desktop/pranathi/airflow_cnn_pipeline_final/airflow_test_env/lib/python3.7/site-packages/airflow/example_dags/subdags/subdag.py for tasks to queue
[2021-03-17 16:33:56,605] {logging_mixin.py:104} INFO - [2021-03-17 16:33:56,604] {dagbag.py:448} INFO - Filling up the DagBag from /Users/prathyusha/Desktop/pranathi/airflow_cnn_pipeline_final/airflow_test_env/lib/python3.7/site-packages/airflow/example_dags/subdags/subdag.py
[2021-03-17 16:33:56,609] {scheduler_job.py:641} WARNING - No viable dags retrieved from /Users/prathyusha/Desktop/pranathi/airflow_cnn_pipeline_final/airflow_test_env/lib/python3.7/site-packages/airflow/example_dags/subdags/subdag.py
[2021-03-17 16:33:56,617] {scheduler_job.py:190} INFO - Processing /Users/prathyusha/Desktop/pranathi/airflow_cnn_pipeline_final/airflow_test_env/lib/python3.7/site-packages/airflow/example_dags/subdags/subdag.py took 0.021 seconds
[2021-03-17 16:34:27,328] {scheduler_job.py:182} INFO - Started process (PID=28365) to work on /Users/prathyusha/Desktop/pranathi/airflow_cnn_pipeline_final/airflow_test_env/lib/python3.7/site-packages/airflow/example_dags/subdags/subdag.py
[2021-03-17 16:34:27,330] {scheduler_job.py:629} INFO - Processing file /Users/prathyusha/Desktop/pranathi/airflow_cnn_pipeline_final/airflow_test_env/lib/python3.7/site-packages/airflow/example_dags/subdags/subdag.py for tasks to queue
[2021-03-17 16:34:27,331] {logging_mixin.py:104} INFO - [2021-03-17 16:34:27,331] {dagbag.py:448} INFO - Filling up the DagBag from /Users/prathyusha/Desktop/pranathi/airflow_cnn_pipeline_final/airflow_test_env/lib/python3.7/site-packages/airflow/example_dags/subdags/subdag.py
[2021-03-17 16:34:27,335] {scheduler_job.py:641} WARNING - No viable dags retrieved from /Users/prathyusha/Desktop/pranathi/airflow_cnn_pipeline_final/airflow_test_env/lib/python3.7/site-packages/airflow/example_dags/subdags/subdag.py
[2021-03-17 16:34:27,343] {scheduler_job.py:190} INFO - Processing /Users/prathyusha/Desktop/pranathi/airflow_cnn_pipeline_final/airflow_test_env/lib/python3.7/site-packages/airflow/example_dags/subdags/subdag.py took 0.018 seconds
[2021-03-17 16:34:58,128] {scheduler_job.py:182} INFO - Started process (PID=28397) to work on /Users/prathyusha/Desktop/pranathi/airflow_cnn_pipeline_final/airflow_test_env/lib/python3.7/site-packages/airflow/example_dags/subdags/subdag.py
[2021-03-17 16:34:58,129] {scheduler_job.py:629} INFO - Processing file /Users/prathyusha/Desktop/pranathi/airflow_cnn_pipeline_final/airflow_test_env/lib/python3.7/site-packages/airflow/example_dags/subdags/subdag.py for tasks to queue
[2021-03-17 16:34:58,131] {logging_mixin.py:104} INFO - [2021-03-17 16:34:58,130] {dagbag.py:448} INFO - Filling up the DagBag from /Users/prathyusha/Desktop/pranathi/airflow_cnn_pipeline_final/airflow_test_env/lib/python3.7/site-packages/airflow/example_dags/subdags/subdag.py
[2021-03-17 16:34:58,135] {scheduler_job.py:641} WARNING - No viable dags retrieved from /Users/prathyusha/Desktop/pranathi/airflow_cnn_pipeline_final/airflow_test_env/lib/python3.7/site-packages/airflow/example_dags/subdags/subdag.py
[2021-03-17 16:34:58,144] {scheduler_job.py:190} INFO - Processing /Users/prathyusha/Desktop/pranathi/airflow_cnn_pipeline_final/airflow_test_env/lib/python3.7/site-packages/airflow/example_dags/subdags/subdag.py took 0.020 seconds
[2021-03-17 16:35:28,770] {scheduler_job.py:182} INFO - Started process (PID=28430) to work on /Users/prathyusha/Desktop/pranathi/airflow_cnn_pipeline_final/airflow_test_env/lib/python3.7/site-packages/airflow/example_dags/subdags/subdag.py
[2021-03-17 16:35:28,772] {scheduler_job.py:629} INFO - Processing file /Users/prathyusha/Desktop/pranathi/airflow_cnn_pipeline_final/airflow_test_env/lib/python3.7/site-packages/airflow/example_dags/subdags/subdag.py for tasks to queue
[2021-03-17 16:35:28,773] {logging_mixin.py:104} INFO - [2021-03-17 16:35:28,772] {dagbag.py:448} INFO - Filling up the DagBag from /Users/prathyusha/Desktop/pranathi/airflow_cnn_pipeline_final/airflow_test_env/lib/python3.7/site-packages/airflow/example_dags/subdags/subdag.py
[2021-03-17 16:35:28,777] {scheduler_job.py:641} WARNING - No viable dags retrieved from /Users/prathyusha/Desktop/pranathi/airflow_cnn_pipeline_final/airflow_test_env/lib/python3.7/site-packages/airflow/example_dags/subdags/subdag.py
[2021-03-17 16:35:28,786] {scheduler_job.py:190} INFO - Processing /Users/prathyusha/Desktop/pranathi/airflow_cnn_pipeline_final/airflow_test_env/lib/python3.7/site-packages/airflow/example_dags/subdags/subdag.py took 0.019 seconds
[2021-03-17 16:35:59,079] {scheduler_job.py:182} INFO - Started process (PID=28472) to work on /Users/prathyusha/Desktop/pranathi/airflow_cnn_pipeline_final/airflow_test_env/lib/python3.7/site-packages/airflow/example_dags/subdags/subdag.py
[2021-03-17 16:35:59,083] {scheduler_job.py:629} INFO - Processing file /Users/prathyusha/Desktop/pranathi/airflow_cnn_pipeline_final/airflow_test_env/lib/python3.7/site-packages/airflow/example_dags/subdags/subdag.py for tasks to queue
[2021-03-17 16:35:59,085] {logging_mixin.py:104} INFO - [2021-03-17 16:35:59,084] {dagbag.py:448} INFO - Filling up the DagBag from /Users/prathyusha/Desktop/pranathi/airflow_cnn_pipeline_final/airflow_test_env/lib/python3.7/site-packages/airflow/example_dags/subdags/subdag.py
[2021-03-17 16:35:59,089] {scheduler_job.py:641} WARNING - No viable dags retrieved from /Users/prathyusha/Desktop/pranathi/airflow_cnn_pipeline_final/airflow_test_env/lib/python3.7/site-packages/airflow/example_dags/subdags/subdag.py
[2021-03-17 16:35:59,098] {scheduler_job.py:190} INFO - Processing /Users/prathyusha/Desktop/pranathi/airflow_cnn_pipeline_final/airflow_test_env/lib/python3.7/site-packages/airflow/example_dags/subdags/subdag.py took 0.023 seconds
[2021-03-17 16:36:30,502] {scheduler_job.py:182} INFO - Started process (PID=28507) to work on /Users/prathyusha/Desktop/pranathi/airflow_cnn_pipeline_final/airflow_test_env/lib/python3.7/site-packages/airflow/example_dags/subdags/subdag.py
[2021-03-17 16:36:30,505] {scheduler_job.py:629} INFO - Processing file /Users/prathyusha/Desktop/pranathi/airflow_cnn_pipeline_final/airflow_test_env/lib/python3.7/site-packages/airflow/example_dags/subdags/subdag.py for tasks to queue
[2021-03-17 16:36:30,507] {logging_mixin.py:104} INFO - [2021-03-17 16:36:30,507] {dagbag.py:448} INFO - Filling up the DagBag from /Users/prathyusha/Desktop/pranathi/airflow_cnn_pipeline_final/airflow_test_env/lib/python3.7/site-packages/airflow/example_dags/subdags/subdag.py
[2021-03-17 16:36:30,511] {scheduler_job.py:641} WARNING - No viable dags retrieved from /Users/prathyusha/Desktop/pranathi/airflow_cnn_pipeline_final/airflow_test_env/lib/python3.7/site-packages/airflow/example_dags/subdags/subdag.py
[2021-03-17 16:36:30,519] {scheduler_job.py:190} INFO - Processing /Users/prathyusha/Desktop/pranathi/airflow_cnn_pipeline_final/airflow_test_env/lib/python3.7/site-packages/airflow/example_dags/subdags/subdag.py took 0.021 seconds
[2021-03-17 16:37:01,339] {scheduler_job.py:182} INFO - Started process (PID=28536) to work on /Users/prathyusha/Desktop/pranathi/airflow_cnn_pipeline_final/airflow_test_env/lib/python3.7/site-packages/airflow/example_dags/subdags/subdag.py
[2021-03-17 16:37:01,341] {scheduler_job.py:629} INFO - Processing file /Users/prathyusha/Desktop/pranathi/airflow_cnn_pipeline_final/airflow_test_env/lib/python3.7/site-packages/airflow/example_dags/subdags/subdag.py for tasks to queue
[2021-03-17 16:37:01,342] {logging_mixin.py:104} INFO - [2021-03-17 16:37:01,342] {dagbag.py:448} INFO - Filling up the DagBag from /Users/prathyusha/Desktop/pranathi/airflow_cnn_pipeline_final/airflow_test_env/lib/python3.7/site-packages/airflow/example_dags/subdags/subdag.py
[2021-03-17 16:37:01,347] {scheduler_job.py:641} WARNING - No viable dags retrieved from /Users/prathyusha/Desktop/pranathi/airflow_cnn_pipeline_final/airflow_test_env/lib/python3.7/site-packages/airflow/example_dags/subdags/subdag.py
[2021-03-17 16:37:01,355] {scheduler_job.py:190} INFO - Processing /Users/prathyusha/Desktop/pranathi/airflow_cnn_pipeline_final/airflow_test_env/lib/python3.7/site-packages/airflow/example_dags/subdags/subdag.py took 0.020 seconds
[2021-03-17 16:37:32,185] {scheduler_job.py:182} INFO - Started process (PID=28568) to work on /Users/prathyusha/Desktop/pranathi/airflow_cnn_pipeline_final/airflow_test_env/lib/python3.7/site-packages/airflow/example_dags/subdags/subdag.py
[2021-03-17 16:37:32,187] {scheduler_job.py:629} INFO - Processing file /Users/prathyusha/Desktop/pranathi/airflow_cnn_pipeline_final/airflow_test_env/lib/python3.7/site-packages/airflow/example_dags/subdags/subdag.py for tasks to queue
[2021-03-17 16:37:32,188] {logging_mixin.py:104} INFO - [2021-03-17 16:37:32,187] {dagbag.py:448} INFO - Filling up the DagBag from /Users/prathyusha/Desktop/pranathi/airflow_cnn_pipeline_final/airflow_test_env/lib/python3.7/site-packages/airflow/example_dags/subdags/subdag.py
[2021-03-17 16:37:32,193] {scheduler_job.py:641} WARNING - No viable dags retrieved from /Users/prathyusha/Desktop/pranathi/airflow_cnn_pipeline_final/airflow_test_env/lib/python3.7/site-packages/airflow/example_dags/subdags/subdag.py
[2021-03-17 16:37:32,201] {scheduler_job.py:190} INFO - Processing /Users/prathyusha/Desktop/pranathi/airflow_cnn_pipeline_final/airflow_test_env/lib/python3.7/site-packages/airflow/example_dags/subdags/subdag.py took 0.020 seconds
[2021-03-17 16:38:02,925] {scheduler_job.py:182} INFO - Started process (PID=28599) to work on /Users/prathyusha/Desktop/pranathi/airflow_cnn_pipeline_final/airflow_test_env/lib/python3.7/site-packages/airflow/example_dags/subdags/subdag.py
[2021-03-17 16:38:02,927] {scheduler_job.py:629} INFO - Processing file /Users/prathyusha/Desktop/pranathi/airflow_cnn_pipeline_final/airflow_test_env/lib/python3.7/site-packages/airflow/example_dags/subdags/subdag.py for tasks to queue
[2021-03-17 16:38:02,928] {logging_mixin.py:104} INFO - [2021-03-17 16:38:02,928] {dagbag.py:448} INFO - Filling up the DagBag from /Users/prathyusha/Desktop/pranathi/airflow_cnn_pipeline_final/airflow_test_env/lib/python3.7/site-packages/airflow/example_dags/subdags/subdag.py
[2021-03-17 16:38:02,932] {scheduler_job.py:641} WARNING - No viable dags retrieved from /Users/prathyusha/Desktop/pranathi/airflow_cnn_pipeline_final/airflow_test_env/lib/python3.7/site-packages/airflow/example_dags/subdags/subdag.py
[2021-03-17 16:38:02,939] {scheduler_job.py:190} INFO - Processing /Users/prathyusha/Desktop/pranathi/airflow_cnn_pipeline_final/airflow_test_env/lib/python3.7/site-packages/airflow/example_dags/subdags/subdag.py took 0.018 seconds
[2021-03-17 16:38:33,755] {scheduler_job.py:182} INFO - Started process (PID=28632) to work on /Users/prathyusha/Desktop/pranathi/airflow_cnn_pipeline_final/airflow_test_env/lib/python3.7/site-packages/airflow/example_dags/subdags/subdag.py
[2021-03-17 16:38:33,757] {scheduler_job.py:629} INFO - Processing file /Users/prathyusha/Desktop/pranathi/airflow_cnn_pipeline_final/airflow_test_env/lib/python3.7/site-packages/airflow/example_dags/subdags/subdag.py for tasks to queue
[2021-03-17 16:38:33,758] {logging_mixin.py:104} INFO - [2021-03-17 16:38:33,758] {dagbag.py:448} INFO - Filling up the DagBag from /Users/prathyusha/Desktop/pranathi/airflow_cnn_pipeline_final/airflow_test_env/lib/python3.7/site-packages/airflow/example_dags/subdags/subdag.py
[2021-03-17 16:38:33,762] {scheduler_job.py:641} WARNING - No viable dags retrieved from /Users/prathyusha/Desktop/pranathi/airflow_cnn_pipeline_final/airflow_test_env/lib/python3.7/site-packages/airflow/example_dags/subdags/subdag.py
[2021-03-17 16:38:33,770] {scheduler_job.py:190} INFO - Processing /Users/prathyusha/Desktop/pranathi/airflow_cnn_pipeline_final/airflow_test_env/lib/python3.7/site-packages/airflow/example_dags/subdags/subdag.py took 0.019 seconds
[2021-03-17 16:39:04,590] {scheduler_job.py:182} INFO - Started process (PID=28699) to work on /Users/prathyusha/Desktop/pranathi/airflow_cnn_pipeline_final/airflow_test_env/lib/python3.7/site-packages/airflow/example_dags/subdags/subdag.py
[2021-03-17 16:39:04,593] {scheduler_job.py:629} INFO - Processing file /Users/prathyusha/Desktop/pranathi/airflow_cnn_pipeline_final/airflow_test_env/lib/python3.7/site-packages/airflow/example_dags/subdags/subdag.py for tasks to queue
[2021-03-17 16:39:04,595] {logging_mixin.py:104} INFO - [2021-03-17 16:39:04,594] {dagbag.py:448} INFO - Filling up the DagBag from /Users/prathyusha/Desktop/pranathi/airflow_cnn_pipeline_final/airflow_test_env/lib/python3.7/site-packages/airflow/example_dags/subdags/subdag.py
[2021-03-17 16:39:04,599] {scheduler_job.py:641} WARNING - No viable dags retrieved from /Users/prathyusha/Desktop/pranathi/airflow_cnn_pipeline_final/airflow_test_env/lib/python3.7/site-packages/airflow/example_dags/subdags/subdag.py
[2021-03-17 16:39:04,607] {scheduler_job.py:190} INFO - Processing /Users/prathyusha/Desktop/pranathi/airflow_cnn_pipeline_final/airflow_test_env/lib/python3.7/site-packages/airflow/example_dags/subdags/subdag.py took 0.021 seconds
[2021-03-17 16:39:35,205] {scheduler_job.py:182} INFO - Started process (PID=28744) to work on /Users/prathyusha/Desktop/pranathi/airflow_cnn_pipeline_final/airflow_test_env/lib/python3.7/site-packages/airflow/example_dags/subdags/subdag.py
[2021-03-17 16:39:35,207] {scheduler_job.py:629} INFO - Processing file /Users/prathyusha/Desktop/pranathi/airflow_cnn_pipeline_final/airflow_test_env/lib/python3.7/site-packages/airflow/example_dags/subdags/subdag.py for tasks to queue
[2021-03-17 16:39:35,208] {logging_mixin.py:104} INFO - [2021-03-17 16:39:35,208] {dagbag.py:448} INFO - Filling up the DagBag from /Users/prathyusha/Desktop/pranathi/airflow_cnn_pipeline_final/airflow_test_env/lib/python3.7/site-packages/airflow/example_dags/subdags/subdag.py
[2021-03-17 16:39:35,212] {scheduler_job.py:641} WARNING - No viable dags retrieved from /Users/prathyusha/Desktop/pranathi/airflow_cnn_pipeline_final/airflow_test_env/lib/python3.7/site-packages/airflow/example_dags/subdags/subdag.py
[2021-03-17 16:39:35,220] {scheduler_job.py:190} INFO - Processing /Users/prathyusha/Desktop/pranathi/airflow_cnn_pipeline_final/airflow_test_env/lib/python3.7/site-packages/airflow/example_dags/subdags/subdag.py took 0.018 seconds
[2021-03-17 16:40:05,928] {scheduler_job.py:182} INFO - Started process (PID=28789) to work on /Users/prathyusha/Desktop/pranathi/airflow_cnn_pipeline_final/airflow_test_env/lib/python3.7/site-packages/airflow/example_dags/subdags/subdag.py
[2021-03-17 16:40:05,930] {scheduler_job.py:629} INFO - Processing file /Users/prathyusha/Desktop/pranathi/airflow_cnn_pipeline_final/airflow_test_env/lib/python3.7/site-packages/airflow/example_dags/subdags/subdag.py for tasks to queue
[2021-03-17 16:40:05,931] {logging_mixin.py:104} INFO - [2021-03-17 16:40:05,931] {dagbag.py:448} INFO - Filling up the DagBag from /Users/prathyusha/Desktop/pranathi/airflow_cnn_pipeline_final/airflow_test_env/lib/python3.7/site-packages/airflow/example_dags/subdags/subdag.py
[2021-03-17 16:40:05,935] {scheduler_job.py:641} WARNING - No viable dags retrieved from /Users/prathyusha/Desktop/pranathi/airflow_cnn_pipeline_final/airflow_test_env/lib/python3.7/site-packages/airflow/example_dags/subdags/subdag.py
[2021-03-17 16:40:05,945] {scheduler_job.py:190} INFO - Processing /Users/prathyusha/Desktop/pranathi/airflow_cnn_pipeline_final/airflow_test_env/lib/python3.7/site-packages/airflow/example_dags/subdags/subdag.py took 0.021 seconds
[2021-03-17 16:40:36,775] {scheduler_job.py:182} INFO - Started process (PID=28825) to work on /Users/prathyusha/Desktop/pranathi/airflow_cnn_pipeline_final/airflow_test_env/lib/python3.7/site-packages/airflow/example_dags/subdags/subdag.py
[2021-03-17 16:40:36,780] {scheduler_job.py:629} INFO - Processing file /Users/prathyusha/Desktop/pranathi/airflow_cnn_pipeline_final/airflow_test_env/lib/python3.7/site-packages/airflow/example_dags/subdags/subdag.py for tasks to queue
[2021-03-17 16:40:36,782] {logging_mixin.py:104} INFO - [2021-03-17 16:40:36,781] {dagbag.py:448} INFO - Filling up the DagBag from /Users/prathyusha/Desktop/pranathi/airflow_cnn_pipeline_final/airflow_test_env/lib/python3.7/site-packages/airflow/example_dags/subdags/subdag.py
[2021-03-17 16:40:36,787] {scheduler_job.py:641} WARNING - No viable dags retrieved from /Users/prathyusha/Desktop/pranathi/airflow_cnn_pipeline_final/airflow_test_env/lib/python3.7/site-packages/airflow/example_dags/subdags/subdag.py
[2021-03-17 16:40:36,796] {scheduler_job.py:190} INFO - Processing /Users/prathyusha/Desktop/pranathi/airflow_cnn_pipeline_final/airflow_test_env/lib/python3.7/site-packages/airflow/example_dags/subdags/subdag.py took 0.025 seconds
[2021-03-17 16:41:07,827] {scheduler_job.py:182} INFO - Started process (PID=28860) to work on /Users/prathyusha/Desktop/pranathi/airflow_cnn_pipeline_final/airflow_test_env/lib/python3.7/site-packages/airflow/example_dags/subdags/subdag.py
[2021-03-17 16:41:07,831] {scheduler_job.py:629} INFO - Processing file /Users/prathyusha/Desktop/pranathi/airflow_cnn_pipeline_final/airflow_test_env/lib/python3.7/site-packages/airflow/example_dags/subdags/subdag.py for tasks to queue
[2021-03-17 16:41:07,833] {logging_mixin.py:104} INFO - [2021-03-17 16:41:07,833] {dagbag.py:448} INFO - Filling up the DagBag from /Users/prathyusha/Desktop/pranathi/airflow_cnn_pipeline_final/airflow_test_env/lib/python3.7/site-packages/airflow/example_dags/subdags/subdag.py
[2021-03-17 16:41:07,838] {scheduler_job.py:641} WARNING - No viable dags retrieved from /Users/prathyusha/Desktop/pranathi/airflow_cnn_pipeline_final/airflow_test_env/lib/python3.7/site-packages/airflow/example_dags/subdags/subdag.py
[2021-03-17 16:41:07,847] {scheduler_job.py:190} INFO - Processing /Users/prathyusha/Desktop/pranathi/airflow_cnn_pipeline_final/airflow_test_env/lib/python3.7/site-packages/airflow/example_dags/subdags/subdag.py took 0.023 seconds
[2021-03-17 16:41:38,673] {scheduler_job.py:182} INFO - Started process (PID=28891) to work on /Users/prathyusha/Desktop/pranathi/airflow_cnn_pipeline_final/airflow_test_env/lib/python3.7/site-packages/airflow/example_dags/subdags/subdag.py
[2021-03-17 16:41:38,677] {scheduler_job.py:629} INFO - Processing file /Users/prathyusha/Desktop/pranathi/airflow_cnn_pipeline_final/airflow_test_env/lib/python3.7/site-packages/airflow/example_dags/subdags/subdag.py for tasks to queue
[2021-03-17 16:41:38,680] {logging_mixin.py:104} INFO - [2021-03-17 16:41:38,679] {dagbag.py:448} INFO - Filling up the DagBag from /Users/prathyusha/Desktop/pranathi/airflow_cnn_pipeline_final/airflow_test_env/lib/python3.7/site-packages/airflow/example_dags/subdags/subdag.py
[2021-03-17 16:41:38,686] {scheduler_job.py:641} WARNING - No viable dags retrieved from /Users/prathyusha/Desktop/pranathi/airflow_cnn_pipeline_final/airflow_test_env/lib/python3.7/site-packages/airflow/example_dags/subdags/subdag.py
[2021-03-17 16:41:38,697] {scheduler_job.py:190} INFO - Processing /Users/prathyusha/Desktop/pranathi/airflow_cnn_pipeline_final/airflow_test_env/lib/python3.7/site-packages/airflow/example_dags/subdags/subdag.py took 0.029 seconds
[2021-03-17 16:42:09,234] {scheduler_job.py:182} INFO - Started process (PID=28930) to work on /Users/prathyusha/Desktop/pranathi/airflow_cnn_pipeline_final/airflow_test_env/lib/python3.7/site-packages/airflow/example_dags/subdags/subdag.py
[2021-03-17 16:42:09,239] {scheduler_job.py:629} INFO - Processing file /Users/prathyusha/Desktop/pranathi/airflow_cnn_pipeline_final/airflow_test_env/lib/python3.7/site-packages/airflow/example_dags/subdags/subdag.py for tasks to queue
[2021-03-17 16:42:09,242] {logging_mixin.py:104} INFO - [2021-03-17 16:42:09,241] {dagbag.py:448} INFO - Filling up the DagBag from /Users/prathyusha/Desktop/pranathi/airflow_cnn_pipeline_final/airflow_test_env/lib/python3.7/site-packages/airflow/example_dags/subdags/subdag.py
[2021-03-17 16:42:09,249] {scheduler_job.py:641} WARNING - No viable dags retrieved from /Users/prathyusha/Desktop/pranathi/airflow_cnn_pipeline_final/airflow_test_env/lib/python3.7/site-packages/airflow/example_dags/subdags/subdag.py
[2021-03-17 16:42:09,261] {scheduler_job.py:190} INFO - Processing /Users/prathyusha/Desktop/pranathi/airflow_cnn_pipeline_final/airflow_test_env/lib/python3.7/site-packages/airflow/example_dags/subdags/subdag.py took 0.032 seconds
[2021-03-17 16:42:39,862] {scheduler_job.py:182} INFO - Started process (PID=28961) to work on /Users/prathyusha/Desktop/pranathi/airflow_cnn_pipeline_final/airflow_test_env/lib/python3.7/site-packages/airflow/example_dags/subdags/subdag.py
[2021-03-17 16:42:39,865] {scheduler_job.py:629} INFO - Processing file /Users/prathyusha/Desktop/pranathi/airflow_cnn_pipeline_final/airflow_test_env/lib/python3.7/site-packages/airflow/example_dags/subdags/subdag.py for tasks to queue
[2021-03-17 16:42:39,867] {logging_mixin.py:104} INFO - [2021-03-17 16:42:39,866] {dagbag.py:448} INFO - Filling up the DagBag from /Users/prathyusha/Desktop/pranathi/airflow_cnn_pipeline_final/airflow_test_env/lib/python3.7/site-packages/airflow/example_dags/subdags/subdag.py
[2021-03-17 16:42:39,872] {scheduler_job.py:641} WARNING - No viable dags retrieved from /Users/prathyusha/Desktop/pranathi/airflow_cnn_pipeline_final/airflow_test_env/lib/python3.7/site-packages/airflow/example_dags/subdags/subdag.py
[2021-03-17 16:42:39,881] {scheduler_job.py:190} INFO - Processing /Users/prathyusha/Desktop/pranathi/airflow_cnn_pipeline_final/airflow_test_env/lib/python3.7/site-packages/airflow/example_dags/subdags/subdag.py took 0.023 seconds
[2021-03-17 16:43:10,512] {scheduler_job.py:182} INFO - Started process (PID=28990) to work on /Users/prathyusha/Desktop/pranathi/airflow_cnn_pipeline_final/airflow_test_env/lib/python3.7/site-packages/airflow/example_dags/subdags/subdag.py
[2021-03-17 16:43:10,514] {scheduler_job.py:629} INFO - Processing file /Users/prathyusha/Desktop/pranathi/airflow_cnn_pipeline_final/airflow_test_env/lib/python3.7/site-packages/airflow/example_dags/subdags/subdag.py for tasks to queue
[2021-03-17 16:43:10,516] {logging_mixin.py:104} INFO - [2021-03-17 16:43:10,515] {dagbag.py:448} INFO - Filling up the DagBag from /Users/prathyusha/Desktop/pranathi/airflow_cnn_pipeline_final/airflow_test_env/lib/python3.7/site-packages/airflow/example_dags/subdags/subdag.py
[2021-03-17 16:43:10,521] {scheduler_job.py:641} WARNING - No viable dags retrieved from /Users/prathyusha/Desktop/pranathi/airflow_cnn_pipeline_final/airflow_test_env/lib/python3.7/site-packages/airflow/example_dags/subdags/subdag.py
[2021-03-17 16:43:10,528] {scheduler_job.py:190} INFO - Processing /Users/prathyusha/Desktop/pranathi/airflow_cnn_pipeline_final/airflow_test_env/lib/python3.7/site-packages/airflow/example_dags/subdags/subdag.py took 0.020 seconds
[2021-03-17 16:43:41,174] {scheduler_job.py:182} INFO - Started process (PID=29025) to work on /Users/prathyusha/Desktop/pranathi/airflow_cnn_pipeline_final/airflow_test_env/lib/python3.7/site-packages/airflow/example_dags/subdags/subdag.py
[2021-03-17 16:43:41,178] {scheduler_job.py:629} INFO - Processing file /Users/prathyusha/Desktop/pranathi/airflow_cnn_pipeline_final/airflow_test_env/lib/python3.7/site-packages/airflow/example_dags/subdags/subdag.py for tasks to queue
[2021-03-17 16:43:41,180] {logging_mixin.py:104} INFO - [2021-03-17 16:43:41,179] {dagbag.py:448} INFO - Filling up the DagBag from /Users/prathyusha/Desktop/pranathi/airflow_cnn_pipeline_final/airflow_test_env/lib/python3.7/site-packages/airflow/example_dags/subdags/subdag.py
[2021-03-17 16:43:41,185] {scheduler_job.py:641} WARNING - No viable dags retrieved from /Users/prathyusha/Desktop/pranathi/airflow_cnn_pipeline_final/airflow_test_env/lib/python3.7/site-packages/airflow/example_dags/subdags/subdag.py
[2021-03-17 16:43:41,193] {scheduler_job.py:190} INFO - Processing /Users/prathyusha/Desktop/pranathi/airflow_cnn_pipeline_final/airflow_test_env/lib/python3.7/site-packages/airflow/example_dags/subdags/subdag.py took 0.023 seconds
[2021-03-17 16:44:11,706] {scheduler_job.py:182} INFO - Started process (PID=29056) to work on /Users/prathyusha/Desktop/pranathi/airflow_cnn_pipeline_final/airflow_test_env/lib/python3.7/site-packages/airflow/example_dags/subdags/subdag.py
[2021-03-17 16:44:11,708] {scheduler_job.py:629} INFO - Processing file /Users/prathyusha/Desktop/pranathi/airflow_cnn_pipeline_final/airflow_test_env/lib/python3.7/site-packages/airflow/example_dags/subdags/subdag.py for tasks to queue
[2021-03-17 16:44:11,709] {logging_mixin.py:104} INFO - [2021-03-17 16:44:11,709] {dagbag.py:448} INFO - Filling up the DagBag from /Users/prathyusha/Desktop/pranathi/airflow_cnn_pipeline_final/airflow_test_env/lib/python3.7/site-packages/airflow/example_dags/subdags/subdag.py
[2021-03-17 16:44:11,713] {scheduler_job.py:641} WARNING - No viable dags retrieved from /Users/prathyusha/Desktop/pranathi/airflow_cnn_pipeline_final/airflow_test_env/lib/python3.7/site-packages/airflow/example_dags/subdags/subdag.py
[2021-03-17 16:44:11,722] {scheduler_job.py:190} INFO - Processing /Users/prathyusha/Desktop/pranathi/airflow_cnn_pipeline_final/airflow_test_env/lib/python3.7/site-packages/airflow/example_dags/subdags/subdag.py took 0.020 seconds
[2021-03-17 16:44:41,986] {scheduler_job.py:182} INFO - Started process (PID=29086) to work on /Users/prathyusha/Desktop/pranathi/airflow_cnn_pipeline_final/airflow_test_env/lib/python3.7/site-packages/airflow/example_dags/subdags/subdag.py
[2021-03-17 16:44:41,988] {scheduler_job.py:629} INFO - Processing file /Users/prathyusha/Desktop/pranathi/airflow_cnn_pipeline_final/airflow_test_env/lib/python3.7/site-packages/airflow/example_dags/subdags/subdag.py for tasks to queue
[2021-03-17 16:44:41,989] {logging_mixin.py:104} INFO - [2021-03-17 16:44:41,989] {dagbag.py:448} INFO - Filling up the DagBag from /Users/prathyusha/Desktop/pranathi/airflow_cnn_pipeline_final/airflow_test_env/lib/python3.7/site-packages/airflow/example_dags/subdags/subdag.py
[2021-03-17 16:44:41,993] {scheduler_job.py:641} WARNING - No viable dags retrieved from /Users/prathyusha/Desktop/pranathi/airflow_cnn_pipeline_final/airflow_test_env/lib/python3.7/site-packages/airflow/example_dags/subdags/subdag.py
[2021-03-17 16:44:42,001] {scheduler_job.py:190} INFO - Processing /Users/prathyusha/Desktop/pranathi/airflow_cnn_pipeline_final/airflow_test_env/lib/python3.7/site-packages/airflow/example_dags/subdags/subdag.py took 0.018 seconds
[2021-03-17 16:45:12,844] {scheduler_job.py:182} INFO - Started process (PID=29128) to work on /Users/prathyusha/Desktop/pranathi/airflow_cnn_pipeline_final/airflow_test_env/lib/python3.7/site-packages/airflow/example_dags/subdags/subdag.py
[2021-03-17 16:45:12,846] {scheduler_job.py:629} INFO - Processing file /Users/prathyusha/Desktop/pranathi/airflow_cnn_pipeline_final/airflow_test_env/lib/python3.7/site-packages/airflow/example_dags/subdags/subdag.py for tasks to queue
[2021-03-17 16:45:12,848] {logging_mixin.py:104} INFO - [2021-03-17 16:45:12,848] {dagbag.py:448} INFO - Filling up the DagBag from /Users/prathyusha/Desktop/pranathi/airflow_cnn_pipeline_final/airflow_test_env/lib/python3.7/site-packages/airflow/example_dags/subdags/subdag.py
[2021-03-17 16:45:12,853] {scheduler_job.py:641} WARNING - No viable dags retrieved from /Users/prathyusha/Desktop/pranathi/airflow_cnn_pipeline_final/airflow_test_env/lib/python3.7/site-packages/airflow/example_dags/subdags/subdag.py
[2021-03-17 16:45:12,864] {scheduler_job.py:190} INFO - Processing /Users/prathyusha/Desktop/pranathi/airflow_cnn_pipeline_final/airflow_test_env/lib/python3.7/site-packages/airflow/example_dags/subdags/subdag.py took 0.026 seconds
[2021-03-17 16:45:43,415] {scheduler_job.py:182} INFO - Started process (PID=29163) to work on /Users/prathyusha/Desktop/pranathi/airflow_cnn_pipeline_final/airflow_test_env/lib/python3.7/site-packages/airflow/example_dags/subdags/subdag.py
[2021-03-17 16:45:43,418] {scheduler_job.py:629} INFO - Processing file /Users/prathyusha/Desktop/pranathi/airflow_cnn_pipeline_final/airflow_test_env/lib/python3.7/site-packages/airflow/example_dags/subdags/subdag.py for tasks to queue
[2021-03-17 16:45:43,421] {logging_mixin.py:104} INFO - [2021-03-17 16:45:43,420] {dagbag.py:448} INFO - Filling up the DagBag from /Users/prathyusha/Desktop/pranathi/airflow_cnn_pipeline_final/airflow_test_env/lib/python3.7/site-packages/airflow/example_dags/subdags/subdag.py
[2021-03-17 16:45:43,427] {scheduler_job.py:641} WARNING - No viable dags retrieved from /Users/prathyusha/Desktop/pranathi/airflow_cnn_pipeline_final/airflow_test_env/lib/python3.7/site-packages/airflow/example_dags/subdags/subdag.py
[2021-03-17 16:45:43,441] {scheduler_job.py:190} INFO - Processing /Users/prathyusha/Desktop/pranathi/airflow_cnn_pipeline_final/airflow_test_env/lib/python3.7/site-packages/airflow/example_dags/subdags/subdag.py took 0.031 seconds
[2021-03-17 16:46:14,241] {scheduler_job.py:182} INFO - Started process (PID=29215) to work on /Users/prathyusha/Desktop/pranathi/airflow_cnn_pipeline_final/airflow_test_env/lib/python3.7/site-packages/airflow/example_dags/subdags/subdag.py
[2021-03-17 16:46:14,245] {scheduler_job.py:629} INFO - Processing file /Users/prathyusha/Desktop/pranathi/airflow_cnn_pipeline_final/airflow_test_env/lib/python3.7/site-packages/airflow/example_dags/subdags/subdag.py for tasks to queue
[2021-03-17 16:46:14,248] {logging_mixin.py:104} INFO - [2021-03-17 16:46:14,247] {dagbag.py:448} INFO - Filling up the DagBag from /Users/prathyusha/Desktop/pranathi/airflow_cnn_pipeline_final/airflow_test_env/lib/python3.7/site-packages/airflow/example_dags/subdags/subdag.py
[2021-03-17 16:46:14,252] {scheduler_job.py:641} WARNING - No viable dags retrieved from /Users/prathyusha/Desktop/pranathi/airflow_cnn_pipeline_final/airflow_test_env/lib/python3.7/site-packages/airflow/example_dags/subdags/subdag.py
[2021-03-17 16:46:14,261] {scheduler_job.py:190} INFO - Processing /Users/prathyusha/Desktop/pranathi/airflow_cnn_pipeline_final/airflow_test_env/lib/python3.7/site-packages/airflow/example_dags/subdags/subdag.py took 0.026 seconds
[2021-03-17 16:46:44,817] {scheduler_job.py:182} INFO - Started process (PID=29311) to work on /Users/prathyusha/Desktop/pranathi/airflow_cnn_pipeline_final/airflow_test_env/lib/python3.7/site-packages/airflow/example_dags/subdags/subdag.py
[2021-03-17 16:46:44,821] {scheduler_job.py:629} INFO - Processing file /Users/prathyusha/Desktop/pranathi/airflow_cnn_pipeline_final/airflow_test_env/lib/python3.7/site-packages/airflow/example_dags/subdags/subdag.py for tasks to queue
[2021-03-17 16:46:44,823] {logging_mixin.py:104} INFO - [2021-03-17 16:46:44,822] {dagbag.py:448} INFO - Filling up the DagBag from /Users/prathyusha/Desktop/pranathi/airflow_cnn_pipeline_final/airflow_test_env/lib/python3.7/site-packages/airflow/example_dags/subdags/subdag.py
[2021-03-17 16:46:44,828] {scheduler_job.py:641} WARNING - No viable dags retrieved from /Users/prathyusha/Desktop/pranathi/airflow_cnn_pipeline_final/airflow_test_env/lib/python3.7/site-packages/airflow/example_dags/subdags/subdag.py
[2021-03-17 16:46:44,837] {scheduler_job.py:190} INFO - Processing /Users/prathyusha/Desktop/pranathi/airflow_cnn_pipeline_final/airflow_test_env/lib/python3.7/site-packages/airflow/example_dags/subdags/subdag.py took 0.025 seconds
[2021-03-17 16:47:15,417] {scheduler_job.py:182} INFO - Started process (PID=29344) to work on /Users/prathyusha/Desktop/pranathi/airflow_cnn_pipeline_final/airflow_test_env/lib/python3.7/site-packages/airflow/example_dags/subdags/subdag.py
[2021-03-17 16:47:15,419] {scheduler_job.py:629} INFO - Processing file /Users/prathyusha/Desktop/pranathi/airflow_cnn_pipeline_final/airflow_test_env/lib/python3.7/site-packages/airflow/example_dags/subdags/subdag.py for tasks to queue
[2021-03-17 16:47:15,421] {logging_mixin.py:104} INFO - [2021-03-17 16:47:15,420] {dagbag.py:448} INFO - Filling up the DagBag from /Users/prathyusha/Desktop/pranathi/airflow_cnn_pipeline_final/airflow_test_env/lib/python3.7/site-packages/airflow/example_dags/subdags/subdag.py
[2021-03-17 16:47:15,426] {scheduler_job.py:641} WARNING - No viable dags retrieved from /Users/prathyusha/Desktop/pranathi/airflow_cnn_pipeline_final/airflow_test_env/lib/python3.7/site-packages/airflow/example_dags/subdags/subdag.py
[2021-03-17 16:47:15,433] {scheduler_job.py:190} INFO - Processing /Users/prathyusha/Desktop/pranathi/airflow_cnn_pipeline_final/airflow_test_env/lib/python3.7/site-packages/airflow/example_dags/subdags/subdag.py took 0.021 seconds
[2021-03-17 16:47:46,190] {scheduler_job.py:182} INFO - Started process (PID=29376) to work on /Users/prathyusha/Desktop/pranathi/airflow_cnn_pipeline_final/airflow_test_env/lib/python3.7/site-packages/airflow/example_dags/subdags/subdag.py
[2021-03-17 16:47:46,193] {scheduler_job.py:629} INFO - Processing file /Users/prathyusha/Desktop/pranathi/airflow_cnn_pipeline_final/airflow_test_env/lib/python3.7/site-packages/airflow/example_dags/subdags/subdag.py for tasks to queue
[2021-03-17 16:47:46,195] {logging_mixin.py:104} INFO - [2021-03-17 16:47:46,194] {dagbag.py:448} INFO - Filling up the DagBag from /Users/prathyusha/Desktop/pranathi/airflow_cnn_pipeline_final/airflow_test_env/lib/python3.7/site-packages/airflow/example_dags/subdags/subdag.py
[2021-03-17 16:47:46,200] {scheduler_job.py:641} WARNING - No viable dags retrieved from /Users/prathyusha/Desktop/pranathi/airflow_cnn_pipeline_final/airflow_test_env/lib/python3.7/site-packages/airflow/example_dags/subdags/subdag.py
[2021-03-17 16:47:46,210] {scheduler_job.py:190} INFO - Processing /Users/prathyusha/Desktop/pranathi/airflow_cnn_pipeline_final/airflow_test_env/lib/python3.7/site-packages/airflow/example_dags/subdags/subdag.py took 0.025 seconds
[2021-03-17 16:48:16,596] {scheduler_job.py:182} INFO - Started process (PID=29405) to work on /Users/prathyusha/Desktop/pranathi/airflow_cnn_pipeline_final/airflow_test_env/lib/python3.7/site-packages/airflow/example_dags/subdags/subdag.py
[2021-03-17 16:48:16,601] {scheduler_job.py:629} INFO - Processing file /Users/prathyusha/Desktop/pranathi/airflow_cnn_pipeline_final/airflow_test_env/lib/python3.7/site-packages/airflow/example_dags/subdags/subdag.py for tasks to queue
[2021-03-17 16:48:16,604] {logging_mixin.py:104} INFO - [2021-03-17 16:48:16,603] {dagbag.py:448} INFO - Filling up the DagBag from /Users/prathyusha/Desktop/pranathi/airflow_cnn_pipeline_final/airflow_test_env/lib/python3.7/site-packages/airflow/example_dags/subdags/subdag.py
[2021-03-17 16:48:16,611] {scheduler_job.py:641} WARNING - No viable dags retrieved from /Users/prathyusha/Desktop/pranathi/airflow_cnn_pipeline_final/airflow_test_env/lib/python3.7/site-packages/airflow/example_dags/subdags/subdag.py
[2021-03-17 16:48:16,621] {scheduler_job.py:190} INFO - Processing /Users/prathyusha/Desktop/pranathi/airflow_cnn_pipeline_final/airflow_test_env/lib/python3.7/site-packages/airflow/example_dags/subdags/subdag.py took 0.033 seconds
[2021-03-17 16:48:47,452] {scheduler_job.py:182} INFO - Started process (PID=29437) to work on /Users/prathyusha/Desktop/pranathi/airflow_cnn_pipeline_final/airflow_test_env/lib/python3.7/site-packages/airflow/example_dags/subdags/subdag.py
[2021-03-17 16:48:47,456] {scheduler_job.py:629} INFO - Processing file /Users/prathyusha/Desktop/pranathi/airflow_cnn_pipeline_final/airflow_test_env/lib/python3.7/site-packages/airflow/example_dags/subdags/subdag.py for tasks to queue
[2021-03-17 16:48:47,458] {logging_mixin.py:104} INFO - [2021-03-17 16:48:47,457] {dagbag.py:448} INFO - Filling up the DagBag from /Users/prathyusha/Desktop/pranathi/airflow_cnn_pipeline_final/airflow_test_env/lib/python3.7/site-packages/airflow/example_dags/subdags/subdag.py
[2021-03-17 16:48:47,463] {scheduler_job.py:641} WARNING - No viable dags retrieved from /Users/prathyusha/Desktop/pranathi/airflow_cnn_pipeline_final/airflow_test_env/lib/python3.7/site-packages/airflow/example_dags/subdags/subdag.py
[2021-03-17 16:48:47,472] {scheduler_job.py:190} INFO - Processing /Users/prathyusha/Desktop/pranathi/airflow_cnn_pipeline_final/airflow_test_env/lib/python3.7/site-packages/airflow/example_dags/subdags/subdag.py took 0.023 seconds
[2021-03-17 16:49:18,182] {scheduler_job.py:182} INFO - Started process (PID=29470) to work on /Users/prathyusha/Desktop/pranathi/airflow_cnn_pipeline_final/airflow_test_env/lib/python3.7/site-packages/airflow/example_dags/subdags/subdag.py
[2021-03-17 16:49:18,185] {scheduler_job.py:629} INFO - Processing file /Users/prathyusha/Desktop/pranathi/airflow_cnn_pipeline_final/airflow_test_env/lib/python3.7/site-packages/airflow/example_dags/subdags/subdag.py for tasks to queue
[2021-03-17 16:49:18,186] {logging_mixin.py:104} INFO - [2021-03-17 16:49:18,186] {dagbag.py:448} INFO - Filling up the DagBag from /Users/prathyusha/Desktop/pranathi/airflow_cnn_pipeline_final/airflow_test_env/lib/python3.7/site-packages/airflow/example_dags/subdags/subdag.py
[2021-03-17 16:49:18,191] {scheduler_job.py:641} WARNING - No viable dags retrieved from /Users/prathyusha/Desktop/pranathi/airflow_cnn_pipeline_final/airflow_test_env/lib/python3.7/site-packages/airflow/example_dags/subdags/subdag.py
[2021-03-17 16:49:18,203] {scheduler_job.py:190} INFO - Processing /Users/prathyusha/Desktop/pranathi/airflow_cnn_pipeline_final/airflow_test_env/lib/python3.7/site-packages/airflow/example_dags/subdags/subdag.py took 0.027 seconds
[2021-03-17 16:49:49,236] {scheduler_job.py:182} INFO - Started process (PID=29501) to work on /Users/prathyusha/Desktop/pranathi/airflow_cnn_pipeline_final/airflow_test_env/lib/python3.7/site-packages/airflow/example_dags/subdags/subdag.py
[2021-03-17 16:49:49,239] {scheduler_job.py:629} INFO - Processing file /Users/prathyusha/Desktop/pranathi/airflow_cnn_pipeline_final/airflow_test_env/lib/python3.7/site-packages/airflow/example_dags/subdags/subdag.py for tasks to queue
[2021-03-17 16:49:49,240] {logging_mixin.py:104} INFO - [2021-03-17 16:49:49,240] {dagbag.py:448} INFO - Filling up the DagBag from /Users/prathyusha/Desktop/pranathi/airflow_cnn_pipeline_final/airflow_test_env/lib/python3.7/site-packages/airflow/example_dags/subdags/subdag.py
[2021-03-17 16:49:49,246] {scheduler_job.py:641} WARNING - No viable dags retrieved from /Users/prathyusha/Desktop/pranathi/airflow_cnn_pipeline_final/airflow_test_env/lib/python3.7/site-packages/airflow/example_dags/subdags/subdag.py
[2021-03-17 16:49:49,255] {scheduler_job.py:190} INFO - Processing /Users/prathyusha/Desktop/pranathi/airflow_cnn_pipeline_final/airflow_test_env/lib/python3.7/site-packages/airflow/example_dags/subdags/subdag.py took 0.023 seconds
[2021-03-17 16:50:20,143] {scheduler_job.py:182} INFO - Started process (PID=29531) to work on /Users/prathyusha/Desktop/pranathi/airflow_cnn_pipeline_final/airflow_test_env/lib/python3.7/site-packages/airflow/example_dags/subdags/subdag.py
[2021-03-17 16:50:20,145] {scheduler_job.py:629} INFO - Processing file /Users/prathyusha/Desktop/pranathi/airflow_cnn_pipeline_final/airflow_test_env/lib/python3.7/site-packages/airflow/example_dags/subdags/subdag.py for tasks to queue
[2021-03-17 16:50:20,147] {logging_mixin.py:104} INFO - [2021-03-17 16:50:20,146] {dagbag.py:448} INFO - Filling up the DagBag from /Users/prathyusha/Desktop/pranathi/airflow_cnn_pipeline_final/airflow_test_env/lib/python3.7/site-packages/airflow/example_dags/subdags/subdag.py
[2021-03-17 16:50:20,153] {scheduler_job.py:641} WARNING - No viable dags retrieved from /Users/prathyusha/Desktop/pranathi/airflow_cnn_pipeline_final/airflow_test_env/lib/python3.7/site-packages/airflow/example_dags/subdags/subdag.py
[2021-03-17 16:50:20,163] {scheduler_job.py:190} INFO - Processing /Users/prathyusha/Desktop/pranathi/airflow_cnn_pipeline_final/airflow_test_env/lib/python3.7/site-packages/airflow/example_dags/subdags/subdag.py took 0.027 seconds
[2021-03-17 16:50:51,201] {scheduler_job.py:182} INFO - Started process (PID=29564) to work on /Users/prathyusha/Desktop/pranathi/airflow_cnn_pipeline_final/airflow_test_env/lib/python3.7/site-packages/airflow/example_dags/subdags/subdag.py
[2021-03-17 16:50:51,206] {scheduler_job.py:629} INFO - Processing file /Users/prathyusha/Desktop/pranathi/airflow_cnn_pipeline_final/airflow_test_env/lib/python3.7/site-packages/airflow/example_dags/subdags/subdag.py for tasks to queue
[2021-03-17 16:50:51,209] {logging_mixin.py:104} INFO - [2021-03-17 16:50:51,208] {dagbag.py:448} INFO - Filling up the DagBag from /Users/prathyusha/Desktop/pranathi/airflow_cnn_pipeline_final/airflow_test_env/lib/python3.7/site-packages/airflow/example_dags/subdags/subdag.py
[2021-03-17 16:50:51,216] {scheduler_job.py:641} WARNING - No viable dags retrieved from /Users/prathyusha/Desktop/pranathi/airflow_cnn_pipeline_final/airflow_test_env/lib/python3.7/site-packages/airflow/example_dags/subdags/subdag.py
[2021-03-17 16:50:51,227] {scheduler_job.py:190} INFO - Processing /Users/prathyusha/Desktop/pranathi/airflow_cnn_pipeline_final/airflow_test_env/lib/python3.7/site-packages/airflow/example_dags/subdags/subdag.py took 0.031 seconds
[2021-03-17 16:51:22,271] {scheduler_job.py:182} INFO - Started process (PID=29593) to work on /Users/prathyusha/Desktop/pranathi/airflow_cnn_pipeline_final/airflow_test_env/lib/python3.7/site-packages/airflow/example_dags/subdags/subdag.py
[2021-03-17 16:51:22,275] {scheduler_job.py:629} INFO - Processing file /Users/prathyusha/Desktop/pranathi/airflow_cnn_pipeline_final/airflow_test_env/lib/python3.7/site-packages/airflow/example_dags/subdags/subdag.py for tasks to queue
[2021-03-17 16:51:22,277] {logging_mixin.py:104} INFO - [2021-03-17 16:51:22,276] {dagbag.py:448} INFO - Filling up the DagBag from /Users/prathyusha/Desktop/pranathi/airflow_cnn_pipeline_final/airflow_test_env/lib/python3.7/site-packages/airflow/example_dags/subdags/subdag.py
[2021-03-17 16:51:22,281] {scheduler_job.py:641} WARNING - No viable dags retrieved from /Users/prathyusha/Desktop/pranathi/airflow_cnn_pipeline_final/airflow_test_env/lib/python3.7/site-packages/airflow/example_dags/subdags/subdag.py
[2021-03-17 16:51:22,290] {scheduler_job.py:190} INFO - Processing /Users/prathyusha/Desktop/pranathi/airflow_cnn_pipeline_final/airflow_test_env/lib/python3.7/site-packages/airflow/example_dags/subdags/subdag.py took 0.024 seconds
[2021-03-17 16:51:53,314] {scheduler_job.py:182} INFO - Started process (PID=29626) to work on /Users/prathyusha/Desktop/pranathi/airflow_cnn_pipeline_final/airflow_test_env/lib/python3.7/site-packages/airflow/example_dags/subdags/subdag.py
[2021-03-17 16:51:53,318] {scheduler_job.py:629} INFO - Processing file /Users/prathyusha/Desktop/pranathi/airflow_cnn_pipeline_final/airflow_test_env/lib/python3.7/site-packages/airflow/example_dags/subdags/subdag.py for tasks to queue
[2021-03-17 16:51:53,320] {logging_mixin.py:104} INFO - [2021-03-17 16:51:53,319] {dagbag.py:448} INFO - Filling up the DagBag from /Users/prathyusha/Desktop/pranathi/airflow_cnn_pipeline_final/airflow_test_env/lib/python3.7/site-packages/airflow/example_dags/subdags/subdag.py
[2021-03-17 16:51:53,328] {scheduler_job.py:641} WARNING - No viable dags retrieved from /Users/prathyusha/Desktop/pranathi/airflow_cnn_pipeline_final/airflow_test_env/lib/python3.7/site-packages/airflow/example_dags/subdags/subdag.py
[2021-03-17 16:51:53,338] {scheduler_job.py:190} INFO - Processing /Users/prathyusha/Desktop/pranathi/airflow_cnn_pipeline_final/airflow_test_env/lib/python3.7/site-packages/airflow/example_dags/subdags/subdag.py took 0.029 seconds
[2021-03-17 16:52:24,268] {scheduler_job.py:182} INFO - Started process (PID=29746) to work on /Users/prathyusha/Desktop/pranathi/airflow_cnn_pipeline_final/airflow_test_env/lib/python3.7/site-packages/airflow/example_dags/subdags/subdag.py
[2021-03-17 16:52:24,271] {scheduler_job.py:629} INFO - Processing file /Users/prathyusha/Desktop/pranathi/airflow_cnn_pipeline_final/airflow_test_env/lib/python3.7/site-packages/airflow/example_dags/subdags/subdag.py for tasks to queue
[2021-03-17 16:52:24,273] {logging_mixin.py:104} INFO - [2021-03-17 16:52:24,273] {dagbag.py:448} INFO - Filling up the DagBag from /Users/prathyusha/Desktop/pranathi/airflow_cnn_pipeline_final/airflow_test_env/lib/python3.7/site-packages/airflow/example_dags/subdags/subdag.py
[2021-03-17 16:52:24,279] {scheduler_job.py:641} WARNING - No viable dags retrieved from /Users/prathyusha/Desktop/pranathi/airflow_cnn_pipeline_final/airflow_test_env/lib/python3.7/site-packages/airflow/example_dags/subdags/subdag.py
[2021-03-17 16:52:24,291] {scheduler_job.py:190} INFO - Processing /Users/prathyusha/Desktop/pranathi/airflow_cnn_pipeline_final/airflow_test_env/lib/python3.7/site-packages/airflow/example_dags/subdags/subdag.py took 0.029 seconds
[2021-03-17 16:52:55,353] {scheduler_job.py:182} INFO - Started process (PID=29805) to work on /Users/prathyusha/Desktop/pranathi/airflow_cnn_pipeline_final/airflow_test_env/lib/python3.7/site-packages/airflow/example_dags/subdags/subdag.py
[2021-03-17 16:52:55,355] {scheduler_job.py:629} INFO - Processing file /Users/prathyusha/Desktop/pranathi/airflow_cnn_pipeline_final/airflow_test_env/lib/python3.7/site-packages/airflow/example_dags/subdags/subdag.py for tasks to queue
[2021-03-17 16:52:55,357] {logging_mixin.py:104} INFO - [2021-03-17 16:52:55,356] {dagbag.py:448} INFO - Filling up the DagBag from /Users/prathyusha/Desktop/pranathi/airflow_cnn_pipeline_final/airflow_test_env/lib/python3.7/site-packages/airflow/example_dags/subdags/subdag.py
[2021-03-17 16:52:55,362] {scheduler_job.py:641} WARNING - No viable dags retrieved from /Users/prathyusha/Desktop/pranathi/airflow_cnn_pipeline_final/airflow_test_env/lib/python3.7/site-packages/airflow/example_dags/subdags/subdag.py
[2021-03-17 16:52:55,374] {scheduler_job.py:190} INFO - Processing /Users/prathyusha/Desktop/pranathi/airflow_cnn_pipeline_final/airflow_test_env/lib/python3.7/site-packages/airflow/example_dags/subdags/subdag.py took 0.026 seconds
[2021-03-17 16:53:25,917] {scheduler_job.py:182} INFO - Started process (PID=29877) to work on /Users/prathyusha/Desktop/pranathi/airflow_cnn_pipeline_final/airflow_test_env/lib/python3.7/site-packages/airflow/example_dags/subdags/subdag.py
[2021-03-17 16:53:25,922] {scheduler_job.py:629} INFO - Processing file /Users/prathyusha/Desktop/pranathi/airflow_cnn_pipeline_final/airflow_test_env/lib/python3.7/site-packages/airflow/example_dags/subdags/subdag.py for tasks to queue
[2021-03-17 16:53:25,923] {logging_mixin.py:104} INFO - [2021-03-17 16:53:25,922] {dagbag.py:448} INFO - Filling up the DagBag from /Users/prathyusha/Desktop/pranathi/airflow_cnn_pipeline_final/airflow_test_env/lib/python3.7/site-packages/airflow/example_dags/subdags/subdag.py
[2021-03-17 16:53:25,928] {scheduler_job.py:641} WARNING - No viable dags retrieved from /Users/prathyusha/Desktop/pranathi/airflow_cnn_pipeline_final/airflow_test_env/lib/python3.7/site-packages/airflow/example_dags/subdags/subdag.py
[2021-03-17 16:53:25,938] {scheduler_job.py:190} INFO - Processing /Users/prathyusha/Desktop/pranathi/airflow_cnn_pipeline_final/airflow_test_env/lib/python3.7/site-packages/airflow/example_dags/subdags/subdag.py took 0.025 seconds
[2021-03-17 16:53:56,713] {scheduler_job.py:182} INFO - Started process (PID=29918) to work on /Users/prathyusha/Desktop/pranathi/airflow_cnn_pipeline_final/airflow_test_env/lib/python3.7/site-packages/airflow/example_dags/subdags/subdag.py
[2021-03-17 16:53:56,714] {scheduler_job.py:629} INFO - Processing file /Users/prathyusha/Desktop/pranathi/airflow_cnn_pipeline_final/airflow_test_env/lib/python3.7/site-packages/airflow/example_dags/subdags/subdag.py for tasks to queue
[2021-03-17 16:53:56,715] {logging_mixin.py:104} INFO - [2021-03-17 16:53:56,715] {dagbag.py:448} INFO - Filling up the DagBag from /Users/prathyusha/Desktop/pranathi/airflow_cnn_pipeline_final/airflow_test_env/lib/python3.7/site-packages/airflow/example_dags/subdags/subdag.py
[2021-03-17 16:53:56,721] {scheduler_job.py:641} WARNING - No viable dags retrieved from /Users/prathyusha/Desktop/pranathi/airflow_cnn_pipeline_final/airflow_test_env/lib/python3.7/site-packages/airflow/example_dags/subdags/subdag.py
[2021-03-17 16:53:56,734] {scheduler_job.py:190} INFO - Processing /Users/prathyusha/Desktop/pranathi/airflow_cnn_pipeline_final/airflow_test_env/lib/python3.7/site-packages/airflow/example_dags/subdags/subdag.py took 0.027 seconds
[2021-03-17 16:54:28,832] {scheduler_job.py:182} INFO - Started process (PID=29962) to work on /Users/prathyusha/Desktop/pranathi/airflow_cnn_pipeline_final/airflow_test_env/lib/python3.7/site-packages/airflow/example_dags/subdags/subdag.py
[2021-03-17 16:54:28,836] {scheduler_job.py:629} INFO - Processing file /Users/prathyusha/Desktop/pranathi/airflow_cnn_pipeline_final/airflow_test_env/lib/python3.7/site-packages/airflow/example_dags/subdags/subdag.py for tasks to queue
[2021-03-17 16:54:28,839] {logging_mixin.py:104} INFO - [2021-03-17 16:54:28,838] {dagbag.py:448} INFO - Filling up the DagBag from /Users/prathyusha/Desktop/pranathi/airflow_cnn_pipeline_final/airflow_test_env/lib/python3.7/site-packages/airflow/example_dags/subdags/subdag.py
[2021-03-17 16:54:28,849] {scheduler_job.py:641} WARNING - No viable dags retrieved from /Users/prathyusha/Desktop/pranathi/airflow_cnn_pipeline_final/airflow_test_env/lib/python3.7/site-packages/airflow/example_dags/subdags/subdag.py
[2021-03-17 16:54:28,863] {scheduler_job.py:190} INFO - Processing /Users/prathyusha/Desktop/pranathi/airflow_cnn_pipeline_final/airflow_test_env/lib/python3.7/site-packages/airflow/example_dags/subdags/subdag.py took 0.041 seconds
[2021-03-17 16:54:59,002] {scheduler_job.py:182} INFO - Started process (PID=30010) to work on /Users/prathyusha/Desktop/pranathi/airflow_cnn_pipeline_final/airflow_test_env/lib/python3.7/site-packages/airflow/example_dags/subdags/subdag.py
[2021-03-17 16:54:59,004] {scheduler_job.py:629} INFO - Processing file /Users/prathyusha/Desktop/pranathi/airflow_cnn_pipeline_final/airflow_test_env/lib/python3.7/site-packages/airflow/example_dags/subdags/subdag.py for tasks to queue
[2021-03-17 16:54:59,008] {logging_mixin.py:104} INFO - [2021-03-17 16:54:59,007] {dagbag.py:448} INFO - Filling up the DagBag from /Users/prathyusha/Desktop/pranathi/airflow_cnn_pipeline_final/airflow_test_env/lib/python3.7/site-packages/airflow/example_dags/subdags/subdag.py
[2021-03-17 16:54:59,015] {scheduler_job.py:641} WARNING - No viable dags retrieved from /Users/prathyusha/Desktop/pranathi/airflow_cnn_pipeline_final/airflow_test_env/lib/python3.7/site-packages/airflow/example_dags/subdags/subdag.py
[2021-03-17 16:54:59,028] {scheduler_job.py:190} INFO - Processing /Users/prathyusha/Desktop/pranathi/airflow_cnn_pipeline_final/airflow_test_env/lib/python3.7/site-packages/airflow/example_dags/subdags/subdag.py took 0.031 seconds
[2021-03-17 16:55:29,432] {scheduler_job.py:182} INFO - Started process (PID=30050) to work on /Users/prathyusha/Desktop/pranathi/airflow_cnn_pipeline_final/airflow_test_env/lib/python3.7/site-packages/airflow/example_dags/subdags/subdag.py
[2021-03-17 16:55:29,434] {scheduler_job.py:629} INFO - Processing file /Users/prathyusha/Desktop/pranathi/airflow_cnn_pipeline_final/airflow_test_env/lib/python3.7/site-packages/airflow/example_dags/subdags/subdag.py for tasks to queue
[2021-03-17 16:55:29,436] {logging_mixin.py:104} INFO - [2021-03-17 16:55:29,436] {dagbag.py:448} INFO - Filling up the DagBag from /Users/prathyusha/Desktop/pranathi/airflow_cnn_pipeline_final/airflow_test_env/lib/python3.7/site-packages/airflow/example_dags/subdags/subdag.py
[2021-03-17 16:55:29,441] {scheduler_job.py:641} WARNING - No viable dags retrieved from /Users/prathyusha/Desktop/pranathi/airflow_cnn_pipeline_final/airflow_test_env/lib/python3.7/site-packages/airflow/example_dags/subdags/subdag.py
[2021-03-17 16:55:29,452] {scheduler_job.py:190} INFO - Processing /Users/prathyusha/Desktop/pranathi/airflow_cnn_pipeline_final/airflow_test_env/lib/python3.7/site-packages/airflow/example_dags/subdags/subdag.py took 0.025 seconds
[2021-03-17 16:56:00,807] {scheduler_job.py:182} INFO - Started process (PID=30095) to work on /Users/prathyusha/Desktop/pranathi/airflow_cnn_pipeline_final/airflow_test_env/lib/python3.7/site-packages/airflow/example_dags/subdags/subdag.py
[2021-03-17 16:56:00,811] {scheduler_job.py:629} INFO - Processing file /Users/prathyusha/Desktop/pranathi/airflow_cnn_pipeline_final/airflow_test_env/lib/python3.7/site-packages/airflow/example_dags/subdags/subdag.py for tasks to queue
[2021-03-17 16:56:00,813] {logging_mixin.py:104} INFO - [2021-03-17 16:56:00,812] {dagbag.py:448} INFO - Filling up the DagBag from /Users/prathyusha/Desktop/pranathi/airflow_cnn_pipeline_final/airflow_test_env/lib/python3.7/site-packages/airflow/example_dags/subdags/subdag.py
[2021-03-17 16:56:00,818] {scheduler_job.py:641} WARNING - No viable dags retrieved from /Users/prathyusha/Desktop/pranathi/airflow_cnn_pipeline_final/airflow_test_env/lib/python3.7/site-packages/airflow/example_dags/subdags/subdag.py
[2021-03-17 16:56:00,833] {scheduler_job.py:190} INFO - Processing /Users/prathyusha/Desktop/pranathi/airflow_cnn_pipeline_final/airflow_test_env/lib/python3.7/site-packages/airflow/example_dags/subdags/subdag.py took 0.033 seconds
[2021-03-17 16:56:31,431] {scheduler_job.py:182} INFO - Started process (PID=30128) to work on /Users/prathyusha/Desktop/pranathi/airflow_cnn_pipeline_final/airflow_test_env/lib/python3.7/site-packages/airflow/example_dags/subdags/subdag.py
[2021-03-17 16:56:31,437] {scheduler_job.py:629} INFO - Processing file /Users/prathyusha/Desktop/pranathi/airflow_cnn_pipeline_final/airflow_test_env/lib/python3.7/site-packages/airflow/example_dags/subdags/subdag.py for tasks to queue
[2021-03-17 16:56:31,439] {logging_mixin.py:104} INFO - [2021-03-17 16:56:31,438] {dagbag.py:448} INFO - Filling up the DagBag from /Users/prathyusha/Desktop/pranathi/airflow_cnn_pipeline_final/airflow_test_env/lib/python3.7/site-packages/airflow/example_dags/subdags/subdag.py
[2021-03-17 16:56:31,445] {scheduler_job.py:641} WARNING - No viable dags retrieved from /Users/prathyusha/Desktop/pranathi/airflow_cnn_pipeline_final/airflow_test_env/lib/python3.7/site-packages/airflow/example_dags/subdags/subdag.py
[2021-03-17 16:56:31,455] {scheduler_job.py:190} INFO - Processing /Users/prathyusha/Desktop/pranathi/airflow_cnn_pipeline_final/airflow_test_env/lib/python3.7/site-packages/airflow/example_dags/subdags/subdag.py took 0.034 seconds
[2021-03-17 16:57:02,176] {scheduler_job.py:182} INFO - Started process (PID=30162) to work on /Users/prathyusha/Desktop/pranathi/airflow_cnn_pipeline_final/airflow_test_env/lib/python3.7/site-packages/airflow/example_dags/subdags/subdag.py
[2021-03-17 16:57:02,181] {scheduler_job.py:629} INFO - Processing file /Users/prathyusha/Desktop/pranathi/airflow_cnn_pipeline_final/airflow_test_env/lib/python3.7/site-packages/airflow/example_dags/subdags/subdag.py for tasks to queue
[2021-03-17 16:57:02,183] {logging_mixin.py:104} INFO - [2021-03-17 16:57:02,182] {dagbag.py:448} INFO - Filling up the DagBag from /Users/prathyusha/Desktop/pranathi/airflow_cnn_pipeline_final/airflow_test_env/lib/python3.7/site-packages/airflow/example_dags/subdags/subdag.py
[2021-03-17 16:57:02,189] {scheduler_job.py:641} WARNING - No viable dags retrieved from /Users/prathyusha/Desktop/pranathi/airflow_cnn_pipeline_final/airflow_test_env/lib/python3.7/site-packages/airflow/example_dags/subdags/subdag.py
[2021-03-17 16:57:02,204] {scheduler_job.py:190} INFO - Processing /Users/prathyusha/Desktop/pranathi/airflow_cnn_pipeline_final/airflow_test_env/lib/python3.7/site-packages/airflow/example_dags/subdags/subdag.py took 0.035 seconds
[2021-03-17 16:57:35,294] {scheduler_job.py:182} INFO - Started process (PID=30193) to work on /Users/prathyusha/Desktop/pranathi/airflow_cnn_pipeline_final/airflow_test_env/lib/python3.7/site-packages/airflow/example_dags/subdags/subdag.py
[2021-03-17 16:57:35,300] {scheduler_job.py:629} INFO - Processing file /Users/prathyusha/Desktop/pranathi/airflow_cnn_pipeline_final/airflow_test_env/lib/python3.7/site-packages/airflow/example_dags/subdags/subdag.py for tasks to queue
[2021-03-17 16:57:35,302] {logging_mixin.py:104} INFO - [2021-03-17 16:57:35,301] {dagbag.py:448} INFO - Filling up the DagBag from /Users/prathyusha/Desktop/pranathi/airflow_cnn_pipeline_final/airflow_test_env/lib/python3.7/site-packages/airflow/example_dags/subdags/subdag.py
[2021-03-17 16:57:35,307] {scheduler_job.py:641} WARNING - No viable dags retrieved from /Users/prathyusha/Desktop/pranathi/airflow_cnn_pipeline_final/airflow_test_env/lib/python3.7/site-packages/airflow/example_dags/subdags/subdag.py
[2021-03-17 16:57:35,316] {scheduler_job.py:190} INFO - Processing /Users/prathyusha/Desktop/pranathi/airflow_cnn_pipeline_final/airflow_test_env/lib/python3.7/site-packages/airflow/example_dags/subdags/subdag.py took 0.028 seconds
[2021-03-17 16:58:07,409] {scheduler_job.py:182} INFO - Started process (PID=30245) to work on /Users/prathyusha/Desktop/pranathi/airflow_cnn_pipeline_final/airflow_test_env/lib/python3.7/site-packages/airflow/example_dags/subdags/subdag.py
[2021-03-17 16:58:07,417] {scheduler_job.py:629} INFO - Processing file /Users/prathyusha/Desktop/pranathi/airflow_cnn_pipeline_final/airflow_test_env/lib/python3.7/site-packages/airflow/example_dags/subdags/subdag.py for tasks to queue
[2021-03-17 16:58:07,421] {logging_mixin.py:104} INFO - [2021-03-17 16:58:07,420] {dagbag.py:448} INFO - Filling up the DagBag from /Users/prathyusha/Desktop/pranathi/airflow_cnn_pipeline_final/airflow_test_env/lib/python3.7/site-packages/airflow/example_dags/subdags/subdag.py
[2021-03-17 16:58:07,437] {scheduler_job.py:641} WARNING - No viable dags retrieved from /Users/prathyusha/Desktop/pranathi/airflow_cnn_pipeline_final/airflow_test_env/lib/python3.7/site-packages/airflow/example_dags/subdags/subdag.py
[2021-03-17 16:58:07,472] {scheduler_job.py:190} INFO - Processing /Users/prathyusha/Desktop/pranathi/airflow_cnn_pipeline_final/airflow_test_env/lib/python3.7/site-packages/airflow/example_dags/subdags/subdag.py took 0.069 seconds
[2021-03-17 16:58:39,817] {scheduler_job.py:182} INFO - Started process (PID=30294) to work on /Users/prathyusha/Desktop/pranathi/airflow_cnn_pipeline_final/airflow_test_env/lib/python3.7/site-packages/airflow/example_dags/subdags/subdag.py
[2021-03-17 16:58:39,845] {scheduler_job.py:629} INFO - Processing file /Users/prathyusha/Desktop/pranathi/airflow_cnn_pipeline_final/airflow_test_env/lib/python3.7/site-packages/airflow/example_dags/subdags/subdag.py for tasks to queue
[2021-03-17 16:58:39,852] {logging_mixin.py:104} INFO - [2021-03-17 16:58:39,847] {dagbag.py:448} INFO - Filling up the DagBag from /Users/prathyusha/Desktop/pranathi/airflow_cnn_pipeline_final/airflow_test_env/lib/python3.7/site-packages/airflow/example_dags/subdags/subdag.py
[2021-03-17 16:58:39,861] {scheduler_job.py:641} WARNING - No viable dags retrieved from /Users/prathyusha/Desktop/pranathi/airflow_cnn_pipeline_final/airflow_test_env/lib/python3.7/site-packages/airflow/example_dags/subdags/subdag.py
[2021-03-17 16:58:39,873] {scheduler_job.py:190} INFO - Processing /Users/prathyusha/Desktop/pranathi/airflow_cnn_pipeline_final/airflow_test_env/lib/python3.7/site-packages/airflow/example_dags/subdags/subdag.py took 0.062 seconds
[2021-03-17 16:59:13,676] {scheduler_job.py:182} INFO - Started process (PID=30352) to work on /Users/prathyusha/Desktop/pranathi/airflow_cnn_pipeline_final/airflow_test_env/lib/python3.7/site-packages/airflow/example_dags/subdags/subdag.py
[2021-03-17 16:59:13,680] {scheduler_job.py:629} INFO - Processing file /Users/prathyusha/Desktop/pranathi/airflow_cnn_pipeline_final/airflow_test_env/lib/python3.7/site-packages/airflow/example_dags/subdags/subdag.py for tasks to queue
[2021-03-17 16:59:13,686] {logging_mixin.py:104} INFO - [2021-03-17 16:59:13,683] {dagbag.py:448} INFO - Filling up the DagBag from /Users/prathyusha/Desktop/pranathi/airflow_cnn_pipeline_final/airflow_test_env/lib/python3.7/site-packages/airflow/example_dags/subdags/subdag.py
[2021-03-17 16:59:13,696] {scheduler_job.py:641} WARNING - No viable dags retrieved from /Users/prathyusha/Desktop/pranathi/airflow_cnn_pipeline_final/airflow_test_env/lib/python3.7/site-packages/airflow/example_dags/subdags/subdag.py
[2021-03-17 16:59:13,707] {scheduler_job.py:190} INFO - Processing /Users/prathyusha/Desktop/pranathi/airflow_cnn_pipeline_final/airflow_test_env/lib/python3.7/site-packages/airflow/example_dags/subdags/subdag.py took 0.037 seconds
