[2021-03-17 17:00:34,305] {scheduler_job.py:182} INFO - Started process (PID=30433) to work on /Users/prathyusha/Desktop/pranathi/airflow_cnn_pipeline_final/airflow_test_env/lib/python3.7/site-packages/airflow/example_dags/subdags/subdag.py
[2021-03-17 17:00:34,307] {scheduler_job.py:629} INFO - Processing file /Users/prathyusha/Desktop/pranathi/airflow_cnn_pipeline_final/airflow_test_env/lib/python3.7/site-packages/airflow/example_dags/subdags/subdag.py for tasks to queue
[2021-03-17 17:00:34,309] {logging_mixin.py:104} INFO - [2021-03-17 17:00:34,308] {dagbag.py:448} INFO - Filling up the DagBag from /Users/prathyusha/Desktop/pranathi/airflow_cnn_pipeline_final/airflow_test_env/lib/python3.7/site-packages/airflow/example_dags/subdags/subdag.py
[2021-03-17 17:00:34,318] {scheduler_job.py:641} WARNING - No viable dags retrieved from /Users/prathyusha/Desktop/pranathi/airflow_cnn_pipeline_final/airflow_test_env/lib/python3.7/site-packages/airflow/example_dags/subdags/subdag.py
[2021-03-17 17:00:34,329] {scheduler_job.py:190} INFO - Processing /Users/prathyusha/Desktop/pranathi/airflow_cnn_pipeline_final/airflow_test_env/lib/python3.7/site-packages/airflow/example_dags/subdags/subdag.py took 0.030 seconds
[2021-03-17 17:01:05,841] {scheduler_job.py:182} INFO - Started process (PID=30480) to work on /Users/prathyusha/Desktop/pranathi/airflow_cnn_pipeline_final/airflow_test_env/lib/python3.7/site-packages/airflow/example_dags/subdags/subdag.py
[2021-03-17 17:01:05,845] {scheduler_job.py:629} INFO - Processing file /Users/prathyusha/Desktop/pranathi/airflow_cnn_pipeline_final/airflow_test_env/lib/python3.7/site-packages/airflow/example_dags/subdags/subdag.py for tasks to queue
[2021-03-17 17:01:05,848] {logging_mixin.py:104} INFO - [2021-03-17 17:01:05,847] {dagbag.py:448} INFO - Filling up the DagBag from /Users/prathyusha/Desktop/pranathi/airflow_cnn_pipeline_final/airflow_test_env/lib/python3.7/site-packages/airflow/example_dags/subdags/subdag.py
[2021-03-17 17:01:05,860] {scheduler_job.py:641} WARNING - No viable dags retrieved from /Users/prathyusha/Desktop/pranathi/airflow_cnn_pipeline_final/airflow_test_env/lib/python3.7/site-packages/airflow/example_dags/subdags/subdag.py
[2021-03-17 17:01:05,871] {scheduler_job.py:190} INFO - Processing /Users/prathyusha/Desktop/pranathi/airflow_cnn_pipeline_final/airflow_test_env/lib/python3.7/site-packages/airflow/example_dags/subdags/subdag.py took 0.036 seconds
[2021-03-17 17:14:51,399] {scheduler_job.py:182} INFO - Started process (PID=30720) to work on /Users/prathyusha/Desktop/pranathi/airflow_cnn_pipeline_final/airflow_test_env/lib/python3.7/site-packages/airflow/example_dags/subdags/subdag.py
[2021-03-17 17:14:51,401] {scheduler_job.py:629} INFO - Processing file /Users/prathyusha/Desktop/pranathi/airflow_cnn_pipeline_final/airflow_test_env/lib/python3.7/site-packages/airflow/example_dags/subdags/subdag.py for tasks to queue
[2021-03-17 17:14:51,403] {logging_mixin.py:104} INFO - [2021-03-17 17:14:51,403] {dagbag.py:448} INFO - Filling up the DagBag from /Users/prathyusha/Desktop/pranathi/airflow_cnn_pipeline_final/airflow_test_env/lib/python3.7/site-packages/airflow/example_dags/subdags/subdag.py
[2021-03-17 17:14:51,409] {scheduler_job.py:641} WARNING - No viable dags retrieved from /Users/prathyusha/Desktop/pranathi/airflow_cnn_pipeline_final/airflow_test_env/lib/python3.7/site-packages/airflow/example_dags/subdags/subdag.py
[2021-03-17 17:14:51,420] {scheduler_job.py:190} INFO - Processing /Users/prathyusha/Desktop/pranathi/airflow_cnn_pipeline_final/airflow_test_env/lib/python3.7/site-packages/airflow/example_dags/subdags/subdag.py took 0.026 seconds
[2021-03-17 17:15:23,401] {scheduler_job.py:182} INFO - Started process (PID=30754) to work on /Users/prathyusha/Desktop/pranathi/airflow_cnn_pipeline_final/airflow_test_env/lib/python3.7/site-packages/airflow/example_dags/subdags/subdag.py
[2021-03-17 17:15:23,406] {scheduler_job.py:629} INFO - Processing file /Users/prathyusha/Desktop/pranathi/airflow_cnn_pipeline_final/airflow_test_env/lib/python3.7/site-packages/airflow/example_dags/subdags/subdag.py for tasks to queue
[2021-03-17 17:15:23,409] {logging_mixin.py:104} INFO - [2021-03-17 17:15:23,408] {dagbag.py:448} INFO - Filling up the DagBag from /Users/prathyusha/Desktop/pranathi/airflow_cnn_pipeline_final/airflow_test_env/lib/python3.7/site-packages/airflow/example_dags/subdags/subdag.py
[2021-03-17 17:15:23,419] {scheduler_job.py:641} WARNING - No viable dags retrieved from /Users/prathyusha/Desktop/pranathi/airflow_cnn_pipeline_final/airflow_test_env/lib/python3.7/site-packages/airflow/example_dags/subdags/subdag.py
[2021-03-17 17:15:23,432] {scheduler_job.py:190} INFO - Processing /Users/prathyusha/Desktop/pranathi/airflow_cnn_pipeline_final/airflow_test_env/lib/python3.7/site-packages/airflow/example_dags/subdags/subdag.py took 0.036 seconds
[2021-03-17 17:15:54,031] {scheduler_job.py:182} INFO - Started process (PID=30783) to work on /Users/prathyusha/Desktop/pranathi/airflow_cnn_pipeline_final/airflow_test_env/lib/python3.7/site-packages/airflow/example_dags/subdags/subdag.py
[2021-03-17 17:15:54,035] {scheduler_job.py:629} INFO - Processing file /Users/prathyusha/Desktop/pranathi/airflow_cnn_pipeline_final/airflow_test_env/lib/python3.7/site-packages/airflow/example_dags/subdags/subdag.py for tasks to queue
[2021-03-17 17:15:54,038] {logging_mixin.py:104} INFO - [2021-03-17 17:15:54,037] {dagbag.py:448} INFO - Filling up the DagBag from /Users/prathyusha/Desktop/pranathi/airflow_cnn_pipeline_final/airflow_test_env/lib/python3.7/site-packages/airflow/example_dags/subdags/subdag.py
[2021-03-17 17:15:54,044] {scheduler_job.py:641} WARNING - No viable dags retrieved from /Users/prathyusha/Desktop/pranathi/airflow_cnn_pipeline_final/airflow_test_env/lib/python3.7/site-packages/airflow/example_dags/subdags/subdag.py
[2021-03-17 17:15:54,055] {scheduler_job.py:190} INFO - Processing /Users/prathyusha/Desktop/pranathi/airflow_cnn_pipeline_final/airflow_test_env/lib/python3.7/site-packages/airflow/example_dags/subdags/subdag.py took 0.029 seconds
[2021-03-17 17:16:25,527] {scheduler_job.py:182} INFO - Started process (PID=30812) to work on /Users/prathyusha/Desktop/pranathi/airflow_cnn_pipeline_final/airflow_test_env/lib/python3.7/site-packages/airflow/example_dags/subdags/subdag.py
[2021-03-17 17:16:25,538] {scheduler_job.py:629} INFO - Processing file /Users/prathyusha/Desktop/pranathi/airflow_cnn_pipeline_final/airflow_test_env/lib/python3.7/site-packages/airflow/example_dags/subdags/subdag.py for tasks to queue
[2021-03-17 17:16:25,540] {logging_mixin.py:104} INFO - [2021-03-17 17:16:25,539] {dagbag.py:448} INFO - Filling up the DagBag from /Users/prathyusha/Desktop/pranathi/airflow_cnn_pipeline_final/airflow_test_env/lib/python3.7/site-packages/airflow/example_dags/subdags/subdag.py
[2021-03-17 17:16:25,549] {scheduler_job.py:641} WARNING - No viable dags retrieved from /Users/prathyusha/Desktop/pranathi/airflow_cnn_pipeline_final/airflow_test_env/lib/python3.7/site-packages/airflow/example_dags/subdags/subdag.py
[2021-03-17 17:16:25,565] {scheduler_job.py:190} INFO - Processing /Users/prathyusha/Desktop/pranathi/airflow_cnn_pipeline_final/airflow_test_env/lib/python3.7/site-packages/airflow/example_dags/subdags/subdag.py took 0.049 seconds
[2021-03-17 17:16:58,653] {scheduler_job.py:182} INFO - Started process (PID=30843) to work on /Users/prathyusha/Desktop/pranathi/airflow_cnn_pipeline_final/airflow_test_env/lib/python3.7/site-packages/airflow/example_dags/subdags/subdag.py
[2021-03-17 17:16:58,656] {scheduler_job.py:629} INFO - Processing file /Users/prathyusha/Desktop/pranathi/airflow_cnn_pipeline_final/airflow_test_env/lib/python3.7/site-packages/airflow/example_dags/subdags/subdag.py for tasks to queue
[2021-03-17 17:16:58,661] {logging_mixin.py:104} INFO - [2021-03-17 17:16:58,660] {dagbag.py:448} INFO - Filling up the DagBag from /Users/prathyusha/Desktop/pranathi/airflow_cnn_pipeline_final/airflow_test_env/lib/python3.7/site-packages/airflow/example_dags/subdags/subdag.py
[2021-03-17 17:16:58,667] {scheduler_job.py:641} WARNING - No viable dags retrieved from /Users/prathyusha/Desktop/pranathi/airflow_cnn_pipeline_final/airflow_test_env/lib/python3.7/site-packages/airflow/example_dags/subdags/subdag.py
[2021-03-17 17:16:58,679] {scheduler_job.py:190} INFO - Processing /Users/prathyusha/Desktop/pranathi/airflow_cnn_pipeline_final/airflow_test_env/lib/python3.7/site-packages/airflow/example_dags/subdags/subdag.py took 0.033 seconds
[2021-03-17 17:25:10,129] {scheduler_job.py:182} INFO - Started process (PID=31003) to work on /Users/prathyusha/Desktop/pranathi/airflow_cnn_pipeline_final/airflow_test_env/lib/python3.7/site-packages/airflow/example_dags/subdags/subdag.py
[2021-03-17 17:25:10,132] {scheduler_job.py:629} INFO - Processing file /Users/prathyusha/Desktop/pranathi/airflow_cnn_pipeline_final/airflow_test_env/lib/python3.7/site-packages/airflow/example_dags/subdags/subdag.py for tasks to queue
[2021-03-17 17:25:10,135] {logging_mixin.py:104} INFO - [2021-03-17 17:25:10,134] {dagbag.py:448} INFO - Filling up the DagBag from /Users/prathyusha/Desktop/pranathi/airflow_cnn_pipeline_final/airflow_test_env/lib/python3.7/site-packages/airflow/example_dags/subdags/subdag.py
[2021-03-17 17:25:10,146] {scheduler_job.py:641} WARNING - No viable dags retrieved from /Users/prathyusha/Desktop/pranathi/airflow_cnn_pipeline_final/airflow_test_env/lib/python3.7/site-packages/airflow/example_dags/subdags/subdag.py
[2021-03-17 17:25:10,162] {scheduler_job.py:190} INFO - Processing /Users/prathyusha/Desktop/pranathi/airflow_cnn_pipeline_final/airflow_test_env/lib/python3.7/site-packages/airflow/example_dags/subdags/subdag.py took 0.037 seconds
[2021-03-17 17:25:48,708] {scheduler_job.py:182} INFO - Started process (PID=31040) to work on /Users/prathyusha/Desktop/pranathi/airflow_cnn_pipeline_final/airflow_test_env/lib/python3.7/site-packages/airflow/example_dags/subdags/subdag.py
[2021-03-17 17:25:48,710] {scheduler_job.py:629} INFO - Processing file /Users/prathyusha/Desktop/pranathi/airflow_cnn_pipeline_final/airflow_test_env/lib/python3.7/site-packages/airflow/example_dags/subdags/subdag.py for tasks to queue
[2021-03-17 17:25:48,712] {logging_mixin.py:104} INFO - [2021-03-17 17:25:48,712] {dagbag.py:448} INFO - Filling up the DagBag from /Users/prathyusha/Desktop/pranathi/airflow_cnn_pipeline_final/airflow_test_env/lib/python3.7/site-packages/airflow/example_dags/subdags/subdag.py
[2021-03-17 17:25:48,718] {scheduler_job.py:641} WARNING - No viable dags retrieved from /Users/prathyusha/Desktop/pranathi/airflow_cnn_pipeline_final/airflow_test_env/lib/python3.7/site-packages/airflow/example_dags/subdags/subdag.py
[2021-03-17 17:25:48,729] {scheduler_job.py:190} INFO - Processing /Users/prathyusha/Desktop/pranathi/airflow_cnn_pipeline_final/airflow_test_env/lib/python3.7/site-packages/airflow/example_dags/subdags/subdag.py took 0.025 seconds
[2021-03-17 17:26:21,203] {scheduler_job.py:182} INFO - Started process (PID=31073) to work on /Users/prathyusha/Desktop/pranathi/airflow_cnn_pipeline_final/airflow_test_env/lib/python3.7/site-packages/airflow/example_dags/subdags/subdag.py
[2021-03-17 17:26:21,210] {scheduler_job.py:629} INFO - Processing file /Users/prathyusha/Desktop/pranathi/airflow_cnn_pipeline_final/airflow_test_env/lib/python3.7/site-packages/airflow/example_dags/subdags/subdag.py for tasks to queue
[2021-03-17 17:26:21,214] {logging_mixin.py:104} INFO - [2021-03-17 17:26:21,213] {dagbag.py:448} INFO - Filling up the DagBag from /Users/prathyusha/Desktop/pranathi/airflow_cnn_pipeline_final/airflow_test_env/lib/python3.7/site-packages/airflow/example_dags/subdags/subdag.py
[2021-03-17 17:26:21,234] {scheduler_job.py:641} WARNING - No viable dags retrieved from /Users/prathyusha/Desktop/pranathi/airflow_cnn_pipeline_final/airflow_test_env/lib/python3.7/site-packages/airflow/example_dags/subdags/subdag.py
[2021-03-17 17:26:21,261] {scheduler_job.py:190} INFO - Processing /Users/prathyusha/Desktop/pranathi/airflow_cnn_pipeline_final/airflow_test_env/lib/python3.7/site-packages/airflow/example_dags/subdags/subdag.py took 0.066 seconds
