[2021-03-17 17:00:27,979] {scheduler_job.py:182} INFO - Started process (PID=30428) to work on /Users/prathyusha/Desktop/pranathi/airflow_cnn_pipeline_final/dags/train_model.py
[2021-03-17 17:00:27,982] {scheduler_job.py:629} INFO - Processing file /Users/prathyusha/Desktop/pranathi/airflow_cnn_pipeline_final/dags/train_model.py for tasks to queue
[2021-03-17 17:00:27,985] {logging_mixin.py:104} INFO - [2021-03-17 17:00:27,984] {dagbag.py:448} INFO - Filling up the DagBag from /Users/prathyusha/Desktop/pranathi/airflow_cnn_pipeline_final/dags/train_model.py
[2021-03-17 17:00:28,594] {scheduler_job.py:639} INFO - DAG(s) dict_keys(['CNN-Training-Pipeline']) retrieved from /Users/prathyusha/Desktop/pranathi/airflow_cnn_pipeline_final/dags/train_model.py
[2021-03-17 17:00:28,686] {logging_mixin.py:104} INFO - [2021-03-17 17:00:28,684] {dag.py:1818} INFO - Sync 1 DAGs
[2021-03-17 17:00:28,720] {logging_mixin.py:104} INFO - [2021-03-17 17:00:28,720] {dag.py:2273} INFO - Setting next_dagrun for CNN-Training-Pipeline to None
[2021-03-17 17:00:28,771] {scheduler_job.py:190} INFO - Processing /Users/prathyusha/Desktop/pranathi/airflow_cnn_pipeline_final/dags/train_model.py took 0.795 seconds
[2021-03-17 17:00:59,172] {scheduler_job.py:182} INFO - Started process (PID=30471) to work on /Users/prathyusha/Desktop/pranathi/airflow_cnn_pipeline_final/dags/train_model.py
[2021-03-17 17:00:59,176] {scheduler_job.py:629} INFO - Processing file /Users/prathyusha/Desktop/pranathi/airflow_cnn_pipeline_final/dags/train_model.py for tasks to queue
[2021-03-17 17:00:59,178] {logging_mixin.py:104} INFO - [2021-03-17 17:00:59,177] {dagbag.py:448} INFO - Filling up the DagBag from /Users/prathyusha/Desktop/pranathi/airflow_cnn_pipeline_final/dags/train_model.py
[2021-03-17 17:00:59,588] {scheduler_job.py:639} INFO - DAG(s) dict_keys(['CNN-Training-Pipeline']) retrieved from /Users/prathyusha/Desktop/pranathi/airflow_cnn_pipeline_final/dags/train_model.py
[2021-03-17 17:00:59,609] {logging_mixin.py:104} INFO - [2021-03-17 17:00:59,608] {dag.py:1818} INFO - Sync 1 DAGs
[2021-03-17 17:00:59,635] {logging_mixin.py:104} INFO - [2021-03-17 17:00:59,634] {dag.py:2273} INFO - Setting next_dagrun for CNN-Training-Pipeline to None
[2021-03-17 17:00:59,646] {scheduler_job.py:190} INFO - Processing /Users/prathyusha/Desktop/pranathi/airflow_cnn_pipeline_final/dags/train_model.py took 0.481 seconds
[2021-03-17 17:14:40,678] {scheduler_job.py:182} INFO - Started process (PID=30698) to work on /Users/prathyusha/Desktop/pranathi/airflow_cnn_pipeline_final/dags/train_model.py
[2021-03-17 17:14:40,681] {scheduler_job.py:629} INFO - Processing file /Users/prathyusha/Desktop/pranathi/airflow_cnn_pipeline_final/dags/train_model.py for tasks to queue
[2021-03-17 17:14:40,683] {logging_mixin.py:104} INFO - [2021-03-17 17:14:40,682] {dagbag.py:448} INFO - Filling up the DagBag from /Users/prathyusha/Desktop/pranathi/airflow_cnn_pipeline_final/dags/train_model.py
[2021-03-17 17:14:41,616] {scheduler_job.py:639} INFO - DAG(s) dict_keys(['CNN-Training-Pipeline']) retrieved from /Users/prathyusha/Desktop/pranathi/airflow_cnn_pipeline_final/dags/train_model.py
[2021-03-17 17:14:41,648] {logging_mixin.py:104} INFO - [2021-03-17 17:14:41,647] {dag.py:1818} INFO - Sync 1 DAGs
[2021-03-17 17:14:41,851] {logging_mixin.py:104} INFO - [2021-03-17 17:14:41,851] {dag.py:2273} INFO - Setting next_dagrun for CNN-Training-Pipeline to None
[2021-03-17 17:14:41,870] {scheduler_job.py:190} INFO - Processing /Users/prathyusha/Desktop/pranathi/airflow_cnn_pipeline_final/dags/train_model.py took 1.197 seconds
[2021-03-17 17:15:14,227] {scheduler_job.py:182} INFO - Started process (PID=30747) to work on /Users/prathyusha/Desktop/pranathi/airflow_cnn_pipeline_final/dags/train_model.py
[2021-03-17 17:15:14,231] {scheduler_job.py:629} INFO - Processing file /Users/prathyusha/Desktop/pranathi/airflow_cnn_pipeline_final/dags/train_model.py for tasks to queue
[2021-03-17 17:15:14,233] {logging_mixin.py:104} INFO - [2021-03-17 17:15:14,232] {dagbag.py:448} INFO - Filling up the DagBag from /Users/prathyusha/Desktop/pranathi/airflow_cnn_pipeline_final/dags/train_model.py
[2021-03-17 17:15:14,680] {scheduler_job.py:639} INFO - DAG(s) dict_keys(['CNN-Training-Pipeline']) retrieved from /Users/prathyusha/Desktop/pranathi/airflow_cnn_pipeline_final/dags/train_model.py
[2021-03-17 17:15:14,711] {logging_mixin.py:104} INFO - [2021-03-17 17:15:14,710] {dag.py:1818} INFO - Sync 1 DAGs
[2021-03-17 17:15:14,730] {logging_mixin.py:104} INFO - [2021-03-17 17:15:14,729] {dag.py:2273} INFO - Setting next_dagrun for CNN-Training-Pipeline to None
[2021-03-17 17:15:14,738] {scheduler_job.py:190} INFO - Processing /Users/prathyusha/Desktop/pranathi/airflow_cnn_pipeline_final/dags/train_model.py took 0.515 seconds
[2021-03-17 17:15:46,462] {scheduler_job.py:182} INFO - Started process (PID=30777) to work on /Users/prathyusha/Desktop/pranathi/airflow_cnn_pipeline_final/dags/train_model.py
[2021-03-17 17:15:46,467] {scheduler_job.py:629} INFO - Processing file /Users/prathyusha/Desktop/pranathi/airflow_cnn_pipeline_final/dags/train_model.py for tasks to queue
[2021-03-17 17:15:46,472] {logging_mixin.py:104} INFO - [2021-03-17 17:15:46,471] {dagbag.py:448} INFO - Filling up the DagBag from /Users/prathyusha/Desktop/pranathi/airflow_cnn_pipeline_final/dags/train_model.py
[2021-03-17 17:15:46,875] {scheduler_job.py:639} INFO - DAG(s) dict_keys(['CNN-Training-Pipeline']) retrieved from /Users/prathyusha/Desktop/pranathi/airflow_cnn_pipeline_final/dags/train_model.py
[2021-03-17 17:15:46,903] {logging_mixin.py:104} INFO - [2021-03-17 17:15:46,902] {dag.py:1818} INFO - Sync 1 DAGs
[2021-03-17 17:15:46,930] {logging_mixin.py:104} INFO - [2021-03-17 17:15:46,928] {dag.py:2273} INFO - Setting next_dagrun for CNN-Training-Pipeline to None
[2021-03-17 17:15:46,944] {scheduler_job.py:190} INFO - Processing /Users/prathyusha/Desktop/pranathi/airflow_cnn_pipeline_final/dags/train_model.py took 0.486 seconds
[2021-03-17 17:16:17,425] {scheduler_job.py:182} INFO - Started process (PID=30806) to work on /Users/prathyusha/Desktop/pranathi/airflow_cnn_pipeline_final/dags/train_model.py
[2021-03-17 17:16:17,428] {scheduler_job.py:629} INFO - Processing file /Users/prathyusha/Desktop/pranathi/airflow_cnn_pipeline_final/dags/train_model.py for tasks to queue
[2021-03-17 17:16:17,432] {logging_mixin.py:104} INFO - [2021-03-17 17:16:17,430] {dagbag.py:448} INFO - Filling up the DagBag from /Users/prathyusha/Desktop/pranathi/airflow_cnn_pipeline_final/dags/train_model.py
[2021-03-17 17:16:17,820] {scheduler_job.py:639} INFO - DAG(s) dict_keys(['CNN-Training-Pipeline']) retrieved from /Users/prathyusha/Desktop/pranathi/airflow_cnn_pipeline_final/dags/train_model.py
[2021-03-17 17:16:17,841] {logging_mixin.py:104} INFO - [2021-03-17 17:16:17,840] {dag.py:1818} INFO - Sync 1 DAGs
[2021-03-17 17:16:17,861] {logging_mixin.py:104} INFO - [2021-03-17 17:16:17,860] {dag.py:2273} INFO - Setting next_dagrun for CNN-Training-Pipeline to None
[2021-03-17 17:16:17,877] {scheduler_job.py:190} INFO - Processing /Users/prathyusha/Desktop/pranathi/airflow_cnn_pipeline_final/dags/train_model.py took 0.458 seconds
[2021-03-17 17:16:53,409] {scheduler_job.py:182} INFO - Started process (PID=30836) to work on /Users/prathyusha/Desktop/pranathi/airflow_cnn_pipeline_final/dags/train_model.py
[2021-03-17 17:16:53,411] {scheduler_job.py:629} INFO - Processing file /Users/prathyusha/Desktop/pranathi/airflow_cnn_pipeline_final/dags/train_model.py for tasks to queue
[2021-03-17 17:16:53,413] {logging_mixin.py:104} INFO - [2021-03-17 17:16:53,412] {dagbag.py:448} INFO - Filling up the DagBag from /Users/prathyusha/Desktop/pranathi/airflow_cnn_pipeline_final/dags/train_model.py
[2021-03-17 17:16:53,607] {scheduler_job.py:639} INFO - DAG(s) dict_keys(['CNN-Training-Pipeline']) retrieved from /Users/prathyusha/Desktop/pranathi/airflow_cnn_pipeline_final/dags/train_model.py
[2021-03-17 17:16:53,622] {logging_mixin.py:104} INFO - [2021-03-17 17:16:53,622] {dag.py:1818} INFO - Sync 1 DAGs
[2021-03-17 17:16:53,639] {logging_mixin.py:104} INFO - [2021-03-17 17:16:53,638] {dag.py:2273} INFO - Setting next_dagrun for CNN-Training-Pipeline to None
[2021-03-17 17:16:53,645] {scheduler_job.py:190} INFO - Processing /Users/prathyusha/Desktop/pranathi/airflow_cnn_pipeline_final/dags/train_model.py took 0.241 seconds
[2021-03-17 17:18:14,774] {scheduler_job.py:182} INFO - Started process (PID=30895) to work on /Users/prathyusha/Desktop/pranathi/airflow_cnn_pipeline_final/dags/train_model.py
[2021-03-17 17:18:14,777] {scheduler_job.py:629} INFO - Processing file /Users/prathyusha/Desktop/pranathi/airflow_cnn_pipeline_final/dags/train_model.py for tasks to queue
[2021-03-17 17:18:14,779] {logging_mixin.py:104} INFO - [2021-03-17 17:18:14,778] {dagbag.py:448} INFO - Filling up the DagBag from /Users/prathyusha/Desktop/pranathi/airflow_cnn_pipeline_final/dags/train_model.py
[2021-03-17 17:18:15,619] {scheduler_job.py:639} INFO - DAG(s) dict_keys(['CNN-Training-Pipeline']) retrieved from /Users/prathyusha/Desktop/pranathi/airflow_cnn_pipeline_final/dags/train_model.py
[2021-03-17 17:18:15,818] {logging_mixin.py:104} INFO - [2021-03-17 17:18:15,816] {dag.py:1818} INFO - Sync 1 DAGs
[2021-03-17 17:18:15,960] {logging_mixin.py:104} INFO - [2021-03-17 17:18:15,957] {dag.py:2273} INFO - Setting next_dagrun for CNN-Training-Pipeline to None
[2021-03-17 17:18:16,043] {scheduler_job.py:190} INFO - Processing /Users/prathyusha/Desktop/pranathi/airflow_cnn_pipeline_final/dags/train_model.py took 1.275 seconds
[2021-03-17 17:24:57,196] {scheduler_job.py:182} INFO - Started process (PID=30997) to work on /Users/prathyusha/Desktop/pranathi/airflow_cnn_pipeline_final/dags/train_model.py
[2021-03-17 17:24:57,199] {scheduler_job.py:629} INFO - Processing file /Users/prathyusha/Desktop/pranathi/airflow_cnn_pipeline_final/dags/train_model.py for tasks to queue
[2021-03-17 17:24:57,201] {logging_mixin.py:104} INFO - [2021-03-17 17:24:57,201] {dagbag.py:448} INFO - Filling up the DagBag from /Users/prathyusha/Desktop/pranathi/airflow_cnn_pipeline_final/dags/train_model.py
[2021-03-17 17:24:57,662] {scheduler_job.py:639} INFO - DAG(s) dict_keys(['CNN-Training-Pipeline']) retrieved from /Users/prathyusha/Desktop/pranathi/airflow_cnn_pipeline_final/dags/train_model.py
[2021-03-17 17:24:57,677] {logging_mixin.py:104} INFO - [2021-03-17 17:24:57,676] {dag.py:1818} INFO - Sync 1 DAGs
[2021-03-17 17:24:57,694] {logging_mixin.py:104} INFO - [2021-03-17 17:24:57,694] {dag.py:2273} INFO - Setting next_dagrun for CNN-Training-Pipeline to None
[2021-03-17 17:24:57,700] {scheduler_job.py:190} INFO - Processing /Users/prathyusha/Desktop/pranathi/airflow_cnn_pipeline_final/dags/train_model.py took 0.512 seconds
[2021-03-17 17:25:47,199] {scheduler_job.py:182} INFO - Started process (PID=31037) to work on /Users/prathyusha/Desktop/pranathi/airflow_cnn_pipeline_final/dags/train_model.py
[2021-03-17 17:25:47,204] {scheduler_job.py:629} INFO - Processing file /Users/prathyusha/Desktop/pranathi/airflow_cnn_pipeline_final/dags/train_model.py for tasks to queue
[2021-03-17 17:25:47,211] {logging_mixin.py:104} INFO - [2021-03-17 17:25:47,209] {dagbag.py:448} INFO - Filling up the DagBag from /Users/prathyusha/Desktop/pranathi/airflow_cnn_pipeline_final/dags/train_model.py
[2021-03-17 17:25:48,170] {scheduler_job.py:639} INFO - DAG(s) dict_keys(['CNN-Training-Pipeline']) retrieved from /Users/prathyusha/Desktop/pranathi/airflow_cnn_pipeline_final/dags/train_model.py
[2021-03-17 17:25:48,190] {logging_mixin.py:104} INFO - [2021-03-17 17:25:48,188] {dag.py:1818} INFO - Sync 1 DAGs
[2021-03-17 17:25:48,234] {logging_mixin.py:104} INFO - [2021-03-17 17:25:48,229] {dag.py:2273} INFO - Setting next_dagrun for CNN-Training-Pipeline to None
[2021-03-17 17:25:48,299] {scheduler_job.py:190} INFO - Processing /Users/prathyusha/Desktop/pranathi/airflow_cnn_pipeline_final/dags/train_model.py took 1.112 seconds
[2021-03-17 17:26:19,045] {scheduler_job.py:182} INFO - Started process (PID=31072) to work on /Users/prathyusha/Desktop/pranathi/airflow_cnn_pipeline_final/dags/train_model.py
[2021-03-17 17:26:19,054] {scheduler_job.py:629} INFO - Processing file /Users/prathyusha/Desktop/pranathi/airflow_cnn_pipeline_final/dags/train_model.py for tasks to queue
[2021-03-17 17:26:19,060] {logging_mixin.py:104} INFO - [2021-03-17 17:26:19,057] {dagbag.py:448} INFO - Filling up the DagBag from /Users/prathyusha/Desktop/pranathi/airflow_cnn_pipeline_final/dags/train_model.py
[2021-03-17 17:26:20,028] {scheduler_job.py:639} INFO - DAG(s) dict_keys(['CNN-Training-Pipeline']) retrieved from /Users/prathyusha/Desktop/pranathi/airflow_cnn_pipeline_final/dags/train_model.py
[2021-03-17 17:26:20,044] {logging_mixin.py:104} INFO - [2021-03-17 17:26:20,044] {dag.py:1818} INFO - Sync 1 DAGs
[2021-03-17 17:26:20,064] {logging_mixin.py:104} INFO - [2021-03-17 17:26:20,063] {dag.py:2273} INFO - Setting next_dagrun for CNN-Training-Pipeline to None
[2021-03-17 17:26:20,071] {scheduler_job.py:190} INFO - Processing /Users/prathyusha/Desktop/pranathi/airflow_cnn_pipeline_final/dags/train_model.py took 1.039 seconds
