[2021-03-17 18:32:06,819] {taskinstance.py:851} INFO - Dependencies all met for <TaskInstance: CNN-Training-Pipeline.UploadModels 2021-03-18T01:31:24+00:00 [queued]>
[2021-03-17 18:32:06,828] {taskinstance.py:851} INFO - Dependencies all met for <TaskInstance: CNN-Training-Pipeline.UploadModels 2021-03-18T01:31:24+00:00 [queued]>
[2021-03-17 18:32:06,828] {taskinstance.py:1042} INFO - 
--------------------------------------------------------------------------------
[2021-03-17 18:32:06,828] {taskinstance.py:1043} INFO - Starting attempt 1 of 1
[2021-03-17 18:32:06,828] {taskinstance.py:1044} INFO - 
--------------------------------------------------------------------------------
[2021-03-17 18:32:06,839] {taskinstance.py:1063} INFO - Executing <Task(PythonOperator): UploadModels> on 2021-03-18T01:31:24+00:00
[2021-03-17 18:32:06,841] {standard_task_runner.py:52} INFO - Started process 31523 to run task
[2021-03-17 18:32:06,850] {standard_task_runner.py:76} INFO - Running: ['airflow', 'tasks', 'run', 'CNN-Training-Pipeline', 'UploadModels', '2021-03-18T01:31:24+00:00', '--job-id', '12', '--pool', 'default_pool', '--raw', '--subdir', 'DAGS_FOLDER/train_model.py', '--cfg-path', '/var/folders/_j/s8vbc0cs1fvgclq8hnvtq1wm0000gn/T/tmpni775tpu', '--error-file', '/var/folders/_j/s8vbc0cs1fvgclq8hnvtq1wm0000gn/T/tmp13zemier']
[2021-03-17 18:32:06,853] {standard_task_runner.py:77} INFO - Job 12: Subtask UploadModels
[2021-03-17 18:32:06,898] {logging_mixin.py:104} INFO - Running <TaskInstance: CNN-Training-Pipeline.UploadModels 2021-03-18T01:31:24+00:00 [running]> on host prathyushas-mbp.home
[2021-03-17 18:32:06,934] {taskinstance.py:1257} INFO - Exporting the following env vars:
AIRFLOW_CTX_DAG_OWNER=airflow
AIRFLOW_CTX_DAG_ID=CNN-Training-Pipeline
AIRFLOW_CTX_TASK_ID=UploadModels
AIRFLOW_CTX_EXECUTION_DATE=2021-03-18T01:31:24+00:00
AIRFLOW_CTX_DAG_RUN_ID=manual__2021-03-18T01:31:24+00:00
[2021-03-17 18:32:07,010] {credentials.py:1223} INFO - Found credentials in shared credentials file: ~/.aws/credentials
[2021-03-17 18:32:07,198] {logging_mixin.py:104} INFO - /Users/prathyusha/Desktop/pranathi/airflow_cnn_pipeline_final/models/retrained_graph_v2.pb
[2021-03-17 18:32:13,949] {logging_mixin.py:104} INFO - Upload Complete
[2021-03-17 18:32:13,950] {logging_mixin.py:104} INFO - /Users/prathyusha/Desktop/pranathi/airflow_cnn_pipeline_final/models/retrained_labels.txt
[2021-03-17 18:32:14,059] {logging_mixin.py:104} INFO - Upload Complete
[2021-03-17 18:32:14,060] {python.py:118} INFO - Done. Returned value was: None
[2021-03-17 18:32:14,073] {taskinstance.py:1166} INFO - Marking task as SUCCESS. dag_id=CNN-Training-Pipeline, task_id=UploadModels, execution_date=20210318T013124, start_date=20210318T013206, end_date=20210318T013214
[2021-03-17 18:32:14,097] {taskinstance.py:1220} INFO - 1 downstream tasks scheduled from follow-on schedule check
[2021-03-17 18:32:14,118] {local_task_job.py:146} INFO - Task exited with return code 0
