[2021-03-25 14:28:13,796] {taskinstance.py:851} INFO - Dependencies all met for <TaskInstance: EDGAR-Inference-Pipeline.DownloadDataFromCloud 2021-03-25T21:28:02.188461+00:00 [queued]>
[2021-03-25 14:28:13,809] {taskinstance.py:851} INFO - Dependencies all met for <TaskInstance: EDGAR-Inference-Pipeline.DownloadDataFromCloud 2021-03-25T21:28:02.188461+00:00 [queued]>
[2021-03-25 14:28:13,809] {taskinstance.py:1042} INFO - 
--------------------------------------------------------------------------------
[2021-03-25 14:28:13,810] {taskinstance.py:1043} INFO - Starting attempt 1 of 1
[2021-03-25 14:28:13,810] {taskinstance.py:1044} INFO - 
--------------------------------------------------------------------------------
[2021-03-25 14:28:13,842] {taskinstance.py:1063} INFO - Executing <Task(PythonOperator): DownloadDataFromCloud> on 2021-03-25T21:28:02.188461+00:00
[2021-03-25 14:28:13,847] {standard_task_runner.py:52} INFO - Started process 3466 to run task
[2021-03-25 14:28:13,856] {standard_task_runner.py:76} INFO - Running: ['airflow', 'tasks', 'run', 'EDGAR-Inference-Pipeline', 'DownloadDataFromCloud', '2021-03-25T21:28:02.188461+00:00', '--job-id', '14', '--pool', 'default_pool', '--raw', '--subdir', 'DAGS_FOLDER/edgar_inference.py', '--cfg-path', '/var/folders/_j/s8vbc0cs1fvgclq8hnvtq1wm0000gn/T/tmpi_r7vix5', '--error-file', '/var/folders/_j/s8vbc0cs1fvgclq8hnvtq1wm0000gn/T/tmp49_fo63i']
[2021-03-25 14:28:13,857] {standard_task_runner.py:77} INFO - Job 14: Subtask DownloadDataFromCloud
[2021-03-25 14:28:13,906] {logging_mixin.py:104} INFO - Running <TaskInstance: EDGAR-Inference-Pipeline.DownloadDataFromCloud 2021-03-25T21:28:02.188461+00:00 [running]> on host prathyushas-mbp.home
[2021-03-25 14:28:13,950] {taskinstance.py:1257} INFO - Exporting the following env vars:
AIRFLOW_CTX_DAG_OWNER=airflow
AIRFLOW_CTX_DAG_ID=EDGAR-Inference-Pipeline
AIRFLOW_CTX_TASK_ID=DownloadDataFromCloud
AIRFLOW_CTX_EXECUTION_DATE=2021-03-25T21:28:02.188461+00:00
AIRFLOW_CTX_DAG_RUN_ID=manual__2021-03-25T21:28:02.188461+00:00
[2021-03-25 14:28:13,992] {logging_mixin.py:104} INFO - /Users/prathyusha/Desktop/pranathi/CSYE7245-Spring2021-Labs/transcript-simulated-api/edgar_download
[2021-03-25 14:28:13,998] {logging_mixin.py:104} INFO - /Users/prathyusha/Desktop/pranathi/CSYE7245-Spring2021-Labs/transcript-simulated-api/edgar_download
[2021-03-25 14:28:14,003] {logging_mixin.py:104} INFO - /Users/prathyusha/Desktop/pranathi/CSYE7245-Spring2021-Labs/transcript-simulated-api/edgar_download
[2021-03-25 14:28:14,009] {logging_mixin.py:104} INFO - /Users/prathyusha/Desktop/pranathi/CSYE7245-Spring2021-Labs/transcript-simulated-api/edgar_download
[2021-03-25 14:28:14,013] {logging_mixin.py:104} INFO - /Users/prathyusha/Desktop/pranathi/CSYE7245-Spring2021-Labs/transcript-simulated-api/edgar_download
[2021-03-25 14:28:14,018] {logging_mixin.py:104} INFO - /Users/prathyusha/Desktop/pranathi/CSYE7245-Spring2021-Labs/transcript-simulated-api/edgar_download
[2021-03-25 14:28:14,024] {logging_mixin.py:104} INFO - /Users/prathyusha/Desktop/pranathi/CSYE7245-Spring2021-Labs/transcript-simulated-api/edgar_download
[2021-03-25 14:28:14,030] {logging_mixin.py:104} INFO - /Users/prathyusha/Desktop/pranathi/CSYE7245-Spring2021-Labs/transcript-simulated-api/edgar_download
[2021-03-25 14:28:14,031] {python.py:118} INFO - Done. Returned value was: None
[2021-03-25 14:28:14,038] {taskinstance.py:1166} INFO - Marking task as SUCCESS. dag_id=EDGAR-Inference-Pipeline, task_id=DownloadDataFromCloud, execution_date=20210325T212802, start_date=20210325T212813, end_date=20210325T212814
[2021-03-25 14:28:14,073] {taskinstance.py:1220} INFO - 1 downstream tasks scheduled from follow-on schedule check
[2021-03-25 14:28:14,122] {local_task_job.py:146} INFO - Task exited with return code 0
