[2021-03-25 15:00:32,368] {taskinstance.py:851} INFO - Dependencies all met for <TaskInstance: EDGAR-Inference-Pipeline.upload 2021-03-25T21:57:57.970562+00:00 [queued]>
[2021-03-25 15:00:32,379] {taskinstance.py:851} INFO - Dependencies all met for <TaskInstance: EDGAR-Inference-Pipeline.upload 2021-03-25T21:57:57.970562+00:00 [queued]>
[2021-03-25 15:00:32,379] {taskinstance.py:1042} INFO - 
--------------------------------------------------------------------------------
[2021-03-25 15:00:32,379] {taskinstance.py:1043} INFO - Starting attempt 1 of 1
[2021-03-25 15:00:32,379] {taskinstance.py:1044} INFO - 
--------------------------------------------------------------------------------
[2021-03-25 15:00:32,391] {taskinstance.py:1063} INFO - Executing <Task(PythonOperator): upload> on 2021-03-25T21:57:57.970562+00:00
[2021-03-25 15:00:32,393] {standard_task_runner.py:52} INFO - Started process 5082 to run task
[2021-03-25 15:00:32,402] {standard_task_runner.py:76} INFO - Running: ['airflow', 'tasks', 'run', 'EDGAR-Inference-Pipeline', 'upload', '2021-03-25T21:57:57.970562+00:00', '--job-id', '44', '--pool', 'default_pool', '--raw', '--subdir', 'DAGS_FOLDER/edgar_inference.py', '--cfg-path', '/var/folders/_j/s8vbc0cs1fvgclq8hnvtq1wm0000gn/T/tmpwxm1zf1_', '--error-file', '/var/folders/_j/s8vbc0cs1fvgclq8hnvtq1wm0000gn/T/tmpnrta4oew']
[2021-03-25 15:00:32,404] {standard_task_runner.py:77} INFO - Job 44: Subtask upload
[2021-03-25 15:00:32,454] {logging_mixin.py:104} INFO - Running <TaskInstance: EDGAR-Inference-Pipeline.upload 2021-03-25T21:57:57.970562+00:00 [running]> on host prathyushas-mbp.home
[2021-03-25 15:00:32,491] {taskinstance.py:1257} INFO - Exporting the following env vars:
AIRFLOW_CTX_DAG_OWNER=airflow
AIRFLOW_CTX_DAG_ID=EDGAR-Inference-Pipeline
AIRFLOW_CTX_TASK_ID=upload
AIRFLOW_CTX_EXECUTION_DATE=2021-03-25T21:57:57.970562+00:00
AIRFLOW_CTX_DAG_RUN_ID=manual__2021-03-25T21:57:57.970562+00:00
[2021-03-25 15:00:32,574] {credentials.py:1217} INFO - Found credentials in shared credentials file: ~/.aws/credentials
[2021-03-25 15:00:37,318] {python.py:118} INFO - Done. Returned value was: None
[2021-03-25 15:00:37,327] {taskinstance.py:1166} INFO - Marking task as SUCCESS. dag_id=EDGAR-Inference-Pipeline, task_id=upload, execution_date=20210325T215757, start_date=20210325T220032, end_date=20210325T220037
[2021-03-25 15:00:37,359] {taskinstance.py:1220} INFO - 0 downstream tasks scheduled from follow-on schedule check
[2021-03-25 15:00:37,413] {local_task_job.py:146} INFO - Task exited with return code 0
