[2021-03-25 14:55:20,545] {taskinstance.py:851} INFO - Dependencies all met for <TaskInstance: EDGAR-Inference-Pipeline.upload 2021-03-25T21:54:02.481651+00:00 [queued]>
[2021-03-25 14:55:20,553] {taskinstance.py:851} INFO - Dependencies all met for <TaskInstance: EDGAR-Inference-Pipeline.upload 2021-03-25T21:54:02.481651+00:00 [queued]>
[2021-03-25 14:55:20,553] {taskinstance.py:1042} INFO - 
--------------------------------------------------------------------------------
[2021-03-25 14:55:20,553] {taskinstance.py:1043} INFO - Starting attempt 1 of 1
[2021-03-25 14:55:20,553] {taskinstance.py:1044} INFO - 
--------------------------------------------------------------------------------
[2021-03-25 14:55:20,560] {taskinstance.py:1063} INFO - Executing <Task(PythonOperator): upload> on 2021-03-25T21:54:02.481651+00:00
[2021-03-25 14:55:20,563] {standard_task_runner.py:52} INFO - Started process 4878 to run task
[2021-03-25 14:55:20,570] {standard_task_runner.py:76} INFO - Running: ['airflow', 'tasks', 'run', 'EDGAR-Inference-Pipeline', 'upload', '2021-03-25T21:54:02.481651+00:00', '--job-id', '37', '--pool', 'default_pool', '--raw', '--subdir', 'DAGS_FOLDER/edgar_inference.py', '--cfg-path', '/var/folders/_j/s8vbc0cs1fvgclq8hnvtq1wm0000gn/T/tmp3lqdx7di', '--error-file', '/var/folders/_j/s8vbc0cs1fvgclq8hnvtq1wm0000gn/T/tmp4sjqjjxr']
[2021-03-25 14:55:20,572] {standard_task_runner.py:77} INFO - Job 37: Subtask upload
[2021-03-25 14:55:20,614] {logging_mixin.py:104} INFO - Running <TaskInstance: EDGAR-Inference-Pipeline.upload 2021-03-25T21:54:02.481651+00:00 [running]> on host prathyushas-mbp.home
[2021-03-25 14:55:20,641] {taskinstance.py:1257} INFO - Exporting the following env vars:
AIRFLOW_CTX_DAG_OWNER=airflow
AIRFLOW_CTX_DAG_ID=EDGAR-Inference-Pipeline
AIRFLOW_CTX_TASK_ID=upload
AIRFLOW_CTX_EXECUTION_DATE=2021-03-25T21:54:02.481651+00:00
AIRFLOW_CTX_DAG_RUN_ID=manual__2021-03-25T21:54:02.481651+00:00
[2021-03-25 14:55:20,697] {credentials.py:1217} INFO - Found credentials in shared credentials file: ~/.aws/credentials
[2021-03-25 14:55:21,765] {python.py:118} INFO - Done. Returned value was: None
[2021-03-25 14:55:21,772] {taskinstance.py:1166} INFO - Marking task as SUCCESS. dag_id=EDGAR-Inference-Pipeline, task_id=upload, execution_date=20210325T215402, start_date=20210325T215520, end_date=20210325T215521
[2021-03-25 14:55:21,789] {taskinstance.py:1220} INFO - 0 downstream tasks scheduled from follow-on schedule check
[2021-03-25 14:55:21,808] {local_task_job.py:146} INFO - Task exited with return code 0
