[2021-03-17 20:00:06,861] {scheduler_job.py:182} INFO - Started process (PID=31087) to work on /Users/harika/Desktop/CSYE_7245/Labs/airflow_tfx_lab/vlab/lib/python3.7/site-packages/airflow/example_dags/example_nested_branch_dag.py
[2021-03-17 20:00:06,863] {scheduler_job.py:629} INFO - Processing file /Users/harika/Desktop/CSYE_7245/Labs/airflow_tfx_lab/vlab/lib/python3.7/site-packages/airflow/example_dags/example_nested_branch_dag.py for tasks to queue
[2021-03-17 20:00:06,866] {logging_mixin.py:104} INFO - [2021-03-17 20:00:06,865] {dagbag.py:448} INFO - Filling up the DagBag from /Users/harika/Desktop/CSYE_7245/Labs/airflow_tfx_lab/vlab/lib/python3.7/site-packages/airflow/example_dags/example_nested_branch_dag.py
[2021-03-17 20:00:06,886] {scheduler_job.py:639} INFO - DAG(s) dict_keys(['example_nested_branch_dag']) retrieved from /Users/harika/Desktop/CSYE_7245/Labs/airflow_tfx_lab/vlab/lib/python3.7/site-packages/airflow/example_dags/example_nested_branch_dag.py
[2021-03-17 20:00:06,905] {logging_mixin.py:104} INFO - [2021-03-17 20:00:06,905] {dag.py:1818} INFO - Sync 1 DAGs
[2021-03-17 20:00:06,927] {logging_mixin.py:104} INFO - [2021-03-17 20:00:06,927] {dag.py:2273} INFO - Setting next_dagrun for example_nested_branch_dag to 2021-03-16 00:00:00+00:00
[2021-03-17 20:00:06,942] {scheduler_job.py:190} INFO - Processing /Users/harika/Desktop/CSYE_7245/Labs/airflow_tfx_lab/vlab/lib/python3.7/site-packages/airflow/example_dags/example_nested_branch_dag.py took 0.085 seconds
[2021-03-17 20:00:49,320] {scheduler_job.py:182} INFO - Started process (PID=31130) to work on /Users/harika/Desktop/CSYE_7245/Labs/airflow_tfx_lab/vlab/lib/python3.7/site-packages/airflow/example_dags/example_nested_branch_dag.py
[2021-03-17 20:00:49,323] {scheduler_job.py:629} INFO - Processing file /Users/harika/Desktop/CSYE_7245/Labs/airflow_tfx_lab/vlab/lib/python3.7/site-packages/airflow/example_dags/example_nested_branch_dag.py for tasks to queue
[2021-03-17 20:00:49,325] {logging_mixin.py:104} INFO - [2021-03-17 20:00:49,325] {dagbag.py:448} INFO - Filling up the DagBag from /Users/harika/Desktop/CSYE_7245/Labs/airflow_tfx_lab/vlab/lib/python3.7/site-packages/airflow/example_dags/example_nested_branch_dag.py
[2021-03-17 20:00:49,344] {scheduler_job.py:639} INFO - DAG(s) dict_keys(['example_nested_branch_dag']) retrieved from /Users/harika/Desktop/CSYE_7245/Labs/airflow_tfx_lab/vlab/lib/python3.7/site-packages/airflow/example_dags/example_nested_branch_dag.py
[2021-03-17 20:00:49,362] {logging_mixin.py:104} INFO - [2021-03-17 20:00:49,361] {dag.py:1818} INFO - Sync 1 DAGs
[2021-03-17 20:00:49,384] {logging_mixin.py:104} INFO - [2021-03-17 20:00:49,384] {dag.py:2273} INFO - Setting next_dagrun for example_nested_branch_dag to 2021-03-16 00:00:00+00:00
[2021-03-17 20:00:49,392] {scheduler_job.py:190} INFO - Processing /Users/harika/Desktop/CSYE_7245/Labs/airflow_tfx_lab/vlab/lib/python3.7/site-packages/airflow/example_dags/example_nested_branch_dag.py took 0.076 seconds
[2021-03-17 20:01:32,084] {scheduler_job.py:182} INFO - Started process (PID=31163) to work on /Users/harika/Desktop/CSYE_7245/Labs/airflow_tfx_lab/vlab/lib/python3.7/site-packages/airflow/example_dags/example_nested_branch_dag.py
[2021-03-17 20:01:32,086] {scheduler_job.py:629} INFO - Processing file /Users/harika/Desktop/CSYE_7245/Labs/airflow_tfx_lab/vlab/lib/python3.7/site-packages/airflow/example_dags/example_nested_branch_dag.py for tasks to queue
[2021-03-17 20:01:32,088] {logging_mixin.py:104} INFO - [2021-03-17 20:01:32,088] {dagbag.py:448} INFO - Filling up the DagBag from /Users/harika/Desktop/CSYE_7245/Labs/airflow_tfx_lab/vlab/lib/python3.7/site-packages/airflow/example_dags/example_nested_branch_dag.py
[2021-03-17 20:01:32,107] {scheduler_job.py:639} INFO - DAG(s) dict_keys(['example_nested_branch_dag']) retrieved from /Users/harika/Desktop/CSYE_7245/Labs/airflow_tfx_lab/vlab/lib/python3.7/site-packages/airflow/example_dags/example_nested_branch_dag.py
[2021-03-17 20:01:32,124] {logging_mixin.py:104} INFO - [2021-03-17 20:01:32,123] {dag.py:1818} INFO - Sync 1 DAGs
[2021-03-17 20:01:32,153] {logging_mixin.py:104} INFO - [2021-03-17 20:01:32,152] {dag.py:2273} INFO - Setting next_dagrun for example_nested_branch_dag to 2021-03-16 00:00:00+00:00
[2021-03-17 20:01:32,162] {scheduler_job.py:190} INFO - Processing /Users/harika/Desktop/CSYE_7245/Labs/airflow_tfx_lab/vlab/lib/python3.7/site-packages/airflow/example_dags/example_nested_branch_dag.py took 0.082 seconds
[2021-03-17 20:02:10,425] {scheduler_job.py:182} INFO - Started process (PID=31192) to work on /Users/harika/Desktop/CSYE_7245/Labs/airflow_tfx_lab/vlab/lib/python3.7/site-packages/airflow/example_dags/example_nested_branch_dag.py
[2021-03-17 20:02:10,428] {scheduler_job.py:629} INFO - Processing file /Users/harika/Desktop/CSYE_7245/Labs/airflow_tfx_lab/vlab/lib/python3.7/site-packages/airflow/example_dags/example_nested_branch_dag.py for tasks to queue
[2021-03-17 20:02:10,430] {logging_mixin.py:104} INFO - [2021-03-17 20:02:10,429] {dagbag.py:448} INFO - Filling up the DagBag from /Users/harika/Desktop/CSYE_7245/Labs/airflow_tfx_lab/vlab/lib/python3.7/site-packages/airflow/example_dags/example_nested_branch_dag.py
[2021-03-17 20:02:10,453] {scheduler_job.py:639} INFO - DAG(s) dict_keys(['example_nested_branch_dag']) retrieved from /Users/harika/Desktop/CSYE_7245/Labs/airflow_tfx_lab/vlab/lib/python3.7/site-packages/airflow/example_dags/example_nested_branch_dag.py
[2021-03-17 20:02:10,469] {logging_mixin.py:104} INFO - [2021-03-17 20:02:10,469] {dag.py:1818} INFO - Sync 1 DAGs
[2021-03-17 20:02:10,494] {logging_mixin.py:104} INFO - [2021-03-17 20:02:10,493] {dag.py:2273} INFO - Setting next_dagrun for example_nested_branch_dag to 2021-03-16 00:00:00+00:00
[2021-03-17 20:02:10,502] {scheduler_job.py:190} INFO - Processing /Users/harika/Desktop/CSYE_7245/Labs/airflow_tfx_lab/vlab/lib/python3.7/site-packages/airflow/example_dags/example_nested_branch_dag.py took 0.081 seconds
[2021-03-17 20:02:49,026] {scheduler_job.py:182} INFO - Started process (PID=31222) to work on /Users/harika/Desktop/CSYE_7245/Labs/airflow_tfx_lab/vlab/lib/python3.7/site-packages/airflow/example_dags/example_nested_branch_dag.py
[2021-03-17 20:02:49,029] {scheduler_job.py:629} INFO - Processing file /Users/harika/Desktop/CSYE_7245/Labs/airflow_tfx_lab/vlab/lib/python3.7/site-packages/airflow/example_dags/example_nested_branch_dag.py for tasks to queue
[2021-03-17 20:02:49,031] {logging_mixin.py:104} INFO - [2021-03-17 20:02:49,030] {dagbag.py:448} INFO - Filling up the DagBag from /Users/harika/Desktop/CSYE_7245/Labs/airflow_tfx_lab/vlab/lib/python3.7/site-packages/airflow/example_dags/example_nested_branch_dag.py
[2021-03-17 20:02:49,049] {scheduler_job.py:639} INFO - DAG(s) dict_keys(['example_nested_branch_dag']) retrieved from /Users/harika/Desktop/CSYE_7245/Labs/airflow_tfx_lab/vlab/lib/python3.7/site-packages/airflow/example_dags/example_nested_branch_dag.py
[2021-03-17 20:02:49,066] {logging_mixin.py:104} INFO - [2021-03-17 20:02:49,065] {dag.py:1818} INFO - Sync 1 DAGs
[2021-03-17 20:02:49,095] {logging_mixin.py:104} INFO - [2021-03-17 20:02:49,094] {dag.py:2273} INFO - Setting next_dagrun for example_nested_branch_dag to 2021-03-16 00:00:00+00:00
[2021-03-17 20:02:49,105] {scheduler_job.py:190} INFO - Processing /Users/harika/Desktop/CSYE_7245/Labs/airflow_tfx_lab/vlab/lib/python3.7/site-packages/airflow/example_dags/example_nested_branch_dag.py took 0.083 seconds
[2021-03-17 20:03:28,683] {scheduler_job.py:182} INFO - Started process (PID=31270) to work on /Users/harika/Desktop/CSYE_7245/Labs/airflow_tfx_lab/vlab/lib/python3.7/site-packages/airflow/example_dags/example_nested_branch_dag.py
[2021-03-17 20:03:28,686] {scheduler_job.py:629} INFO - Processing file /Users/harika/Desktop/CSYE_7245/Labs/airflow_tfx_lab/vlab/lib/python3.7/site-packages/airflow/example_dags/example_nested_branch_dag.py for tasks to queue
[2021-03-17 20:03:28,687] {logging_mixin.py:104} INFO - [2021-03-17 20:03:28,687] {dagbag.py:448} INFO - Filling up the DagBag from /Users/harika/Desktop/CSYE_7245/Labs/airflow_tfx_lab/vlab/lib/python3.7/site-packages/airflow/example_dags/example_nested_branch_dag.py
[2021-03-17 20:03:28,710] {scheduler_job.py:639} INFO - DAG(s) dict_keys(['example_nested_branch_dag']) retrieved from /Users/harika/Desktop/CSYE_7245/Labs/airflow_tfx_lab/vlab/lib/python3.7/site-packages/airflow/example_dags/example_nested_branch_dag.py
[2021-03-17 20:03:28,737] {logging_mixin.py:104} INFO - [2021-03-17 20:03:28,736] {dag.py:1818} INFO - Sync 1 DAGs
[2021-03-17 20:03:28,762] {logging_mixin.py:104} INFO - [2021-03-17 20:03:28,761] {dag.py:2273} INFO - Setting next_dagrun for example_nested_branch_dag to 2021-03-16 00:00:00+00:00
[2021-03-17 20:03:28,771] {scheduler_job.py:190} INFO - Processing /Users/harika/Desktop/CSYE_7245/Labs/airflow_tfx_lab/vlab/lib/python3.7/site-packages/airflow/example_dags/example_nested_branch_dag.py took 0.093 seconds
[2021-03-17 20:04:07,266] {scheduler_job.py:182} INFO - Started process (PID=31305) to work on /Users/harika/Desktop/CSYE_7245/Labs/airflow_tfx_lab/vlab/lib/python3.7/site-packages/airflow/example_dags/example_nested_branch_dag.py
[2021-03-17 20:04:07,268] {scheduler_job.py:629} INFO - Processing file /Users/harika/Desktop/CSYE_7245/Labs/airflow_tfx_lab/vlab/lib/python3.7/site-packages/airflow/example_dags/example_nested_branch_dag.py for tasks to queue
[2021-03-17 20:04:07,270] {logging_mixin.py:104} INFO - [2021-03-17 20:04:07,269] {dagbag.py:448} INFO - Filling up the DagBag from /Users/harika/Desktop/CSYE_7245/Labs/airflow_tfx_lab/vlab/lib/python3.7/site-packages/airflow/example_dags/example_nested_branch_dag.py
[2021-03-17 20:04:07,288] {scheduler_job.py:639} INFO - DAG(s) dict_keys(['example_nested_branch_dag']) retrieved from /Users/harika/Desktop/CSYE_7245/Labs/airflow_tfx_lab/vlab/lib/python3.7/site-packages/airflow/example_dags/example_nested_branch_dag.py
[2021-03-17 20:04:07,306] {logging_mixin.py:104} INFO - [2021-03-17 20:04:07,304] {dag.py:1818} INFO - Sync 1 DAGs
[2021-03-17 20:04:07,331] {logging_mixin.py:104} INFO - [2021-03-17 20:04:07,331] {dag.py:2273} INFO - Setting next_dagrun for example_nested_branch_dag to 2021-03-16 00:00:00+00:00
[2021-03-17 20:04:07,341] {scheduler_job.py:190} INFO - Processing /Users/harika/Desktop/CSYE_7245/Labs/airflow_tfx_lab/vlab/lib/python3.7/site-packages/airflow/example_dags/example_nested_branch_dag.py took 0.078 seconds
[2021-03-17 20:04:46,188] {scheduler_job.py:182} INFO - Started process (PID=31336) to work on /Users/harika/Desktop/CSYE_7245/Labs/airflow_tfx_lab/vlab/lib/python3.7/site-packages/airflow/example_dags/example_nested_branch_dag.py
[2021-03-17 20:04:46,190] {scheduler_job.py:629} INFO - Processing file /Users/harika/Desktop/CSYE_7245/Labs/airflow_tfx_lab/vlab/lib/python3.7/site-packages/airflow/example_dags/example_nested_branch_dag.py for tasks to queue
[2021-03-17 20:04:46,192] {logging_mixin.py:104} INFO - [2021-03-17 20:04:46,191] {dagbag.py:448} INFO - Filling up the DagBag from /Users/harika/Desktop/CSYE_7245/Labs/airflow_tfx_lab/vlab/lib/python3.7/site-packages/airflow/example_dags/example_nested_branch_dag.py
[2021-03-17 20:04:46,212] {scheduler_job.py:639} INFO - DAG(s) dict_keys(['example_nested_branch_dag']) retrieved from /Users/harika/Desktop/CSYE_7245/Labs/airflow_tfx_lab/vlab/lib/python3.7/site-packages/airflow/example_dags/example_nested_branch_dag.py
[2021-03-17 20:04:46,230] {logging_mixin.py:104} INFO - [2021-03-17 20:04:46,230] {dag.py:1818} INFO - Sync 1 DAGs
[2021-03-17 20:04:46,262] {logging_mixin.py:104} INFO - [2021-03-17 20:04:46,261] {dag.py:2273} INFO - Setting next_dagrun for example_nested_branch_dag to 2021-03-16 00:00:00+00:00
[2021-03-17 20:04:46,271] {scheduler_job.py:190} INFO - Processing /Users/harika/Desktop/CSYE_7245/Labs/airflow_tfx_lab/vlab/lib/python3.7/site-packages/airflow/example_dags/example_nested_branch_dag.py took 0.087 seconds
[2021-03-17 20:05:24,159] {scheduler_job.py:182} INFO - Started process (PID=31374) to work on /Users/harika/Desktop/CSYE_7245/Labs/airflow_tfx_lab/vlab/lib/python3.7/site-packages/airflow/example_dags/example_nested_branch_dag.py
[2021-03-17 20:05:24,162] {scheduler_job.py:629} INFO - Processing file /Users/harika/Desktop/CSYE_7245/Labs/airflow_tfx_lab/vlab/lib/python3.7/site-packages/airflow/example_dags/example_nested_branch_dag.py for tasks to queue
[2021-03-17 20:05:24,164] {logging_mixin.py:104} INFO - [2021-03-17 20:05:24,163] {dagbag.py:448} INFO - Filling up the DagBag from /Users/harika/Desktop/CSYE_7245/Labs/airflow_tfx_lab/vlab/lib/python3.7/site-packages/airflow/example_dags/example_nested_branch_dag.py
[2021-03-17 20:05:24,184] {scheduler_job.py:639} INFO - DAG(s) dict_keys(['example_nested_branch_dag']) retrieved from /Users/harika/Desktop/CSYE_7245/Labs/airflow_tfx_lab/vlab/lib/python3.7/site-packages/airflow/example_dags/example_nested_branch_dag.py
[2021-03-17 20:05:24,201] {logging_mixin.py:104} INFO - [2021-03-17 20:05:24,200] {dag.py:1818} INFO - Sync 1 DAGs
[2021-03-17 20:05:24,222] {logging_mixin.py:104} INFO - [2021-03-17 20:05:24,222] {dag.py:2273} INFO - Setting next_dagrun for example_nested_branch_dag to 2021-03-16 00:00:00+00:00
[2021-03-17 20:05:24,231] {scheduler_job.py:190} INFO - Processing /Users/harika/Desktop/CSYE_7245/Labs/airflow_tfx_lab/vlab/lib/python3.7/site-packages/airflow/example_dags/example_nested_branch_dag.py took 0.077 seconds
[2021-03-17 20:06:03,523] {scheduler_job.py:182} INFO - Started process (PID=31403) to work on /Users/harika/Desktop/CSYE_7245/Labs/airflow_tfx_lab/vlab/lib/python3.7/site-packages/airflow/example_dags/example_nested_branch_dag.py
[2021-03-17 20:06:03,526] {scheduler_job.py:629} INFO - Processing file /Users/harika/Desktop/CSYE_7245/Labs/airflow_tfx_lab/vlab/lib/python3.7/site-packages/airflow/example_dags/example_nested_branch_dag.py for tasks to queue
[2021-03-17 20:06:03,529] {logging_mixin.py:104} INFO - [2021-03-17 20:06:03,528] {dagbag.py:448} INFO - Filling up the DagBag from /Users/harika/Desktop/CSYE_7245/Labs/airflow_tfx_lab/vlab/lib/python3.7/site-packages/airflow/example_dags/example_nested_branch_dag.py
[2021-03-17 20:06:03,548] {scheduler_job.py:639} INFO - DAG(s) dict_keys(['example_nested_branch_dag']) retrieved from /Users/harika/Desktop/CSYE_7245/Labs/airflow_tfx_lab/vlab/lib/python3.7/site-packages/airflow/example_dags/example_nested_branch_dag.py
[2021-03-17 20:06:03,570] {logging_mixin.py:104} INFO - [2021-03-17 20:06:03,569] {dag.py:1818} INFO - Sync 1 DAGs
[2021-03-17 20:06:03,593] {logging_mixin.py:104} INFO - [2021-03-17 20:06:03,593] {dag.py:2273} INFO - Setting next_dagrun for example_nested_branch_dag to 2021-03-16 00:00:00+00:00
[2021-03-17 20:06:03,603] {scheduler_job.py:190} INFO - Processing /Users/harika/Desktop/CSYE_7245/Labs/airflow_tfx_lab/vlab/lib/python3.7/site-packages/airflow/example_dags/example_nested_branch_dag.py took 0.084 seconds
[2021-03-17 20:06:42,867] {scheduler_job.py:182} INFO - Started process (PID=31433) to work on /Users/harika/Desktop/CSYE_7245/Labs/airflow_tfx_lab/vlab/lib/python3.7/site-packages/airflow/example_dags/example_nested_branch_dag.py
[2021-03-17 20:06:42,869] {scheduler_job.py:629} INFO - Processing file /Users/harika/Desktop/CSYE_7245/Labs/airflow_tfx_lab/vlab/lib/python3.7/site-packages/airflow/example_dags/example_nested_branch_dag.py for tasks to queue
[2021-03-17 20:06:42,870] {logging_mixin.py:104} INFO - [2021-03-17 20:06:42,870] {dagbag.py:448} INFO - Filling up the DagBag from /Users/harika/Desktop/CSYE_7245/Labs/airflow_tfx_lab/vlab/lib/python3.7/site-packages/airflow/example_dags/example_nested_branch_dag.py
[2021-03-17 20:06:42,892] {scheduler_job.py:639} INFO - DAG(s) dict_keys(['example_nested_branch_dag']) retrieved from /Users/harika/Desktop/CSYE_7245/Labs/airflow_tfx_lab/vlab/lib/python3.7/site-packages/airflow/example_dags/example_nested_branch_dag.py
[2021-03-17 20:06:42,910] {logging_mixin.py:104} INFO - [2021-03-17 20:06:42,909] {dag.py:1818} INFO - Sync 1 DAGs
[2021-03-17 20:06:42,932] {logging_mixin.py:104} INFO - [2021-03-17 20:06:42,931] {dag.py:2273} INFO - Setting next_dagrun for example_nested_branch_dag to 2021-03-16 00:00:00+00:00
[2021-03-17 20:06:42,941] {scheduler_job.py:190} INFO - Processing /Users/harika/Desktop/CSYE_7245/Labs/airflow_tfx_lab/vlab/lib/python3.7/site-packages/airflow/example_dags/example_nested_branch_dag.py took 0.082 seconds
[2021-03-17 20:07:21,884] {scheduler_job.py:182} INFO - Started process (PID=31462) to work on /Users/harika/Desktop/CSYE_7245/Labs/airflow_tfx_lab/vlab/lib/python3.7/site-packages/airflow/example_dags/example_nested_branch_dag.py
[2021-03-17 20:07:21,887] {scheduler_job.py:629} INFO - Processing file /Users/harika/Desktop/CSYE_7245/Labs/airflow_tfx_lab/vlab/lib/python3.7/site-packages/airflow/example_dags/example_nested_branch_dag.py for tasks to queue
[2021-03-17 20:07:21,888] {logging_mixin.py:104} INFO - [2021-03-17 20:07:21,888] {dagbag.py:448} INFO - Filling up the DagBag from /Users/harika/Desktop/CSYE_7245/Labs/airflow_tfx_lab/vlab/lib/python3.7/site-packages/airflow/example_dags/example_nested_branch_dag.py
[2021-03-17 20:07:21,910] {scheduler_job.py:639} INFO - DAG(s) dict_keys(['example_nested_branch_dag']) retrieved from /Users/harika/Desktop/CSYE_7245/Labs/airflow_tfx_lab/vlab/lib/python3.7/site-packages/airflow/example_dags/example_nested_branch_dag.py
[2021-03-17 20:07:21,928] {logging_mixin.py:104} INFO - [2021-03-17 20:07:21,928] {dag.py:1818} INFO - Sync 1 DAGs
[2021-03-17 20:07:21,957] {logging_mixin.py:104} INFO - [2021-03-17 20:07:21,957] {dag.py:2273} INFO - Setting next_dagrun for example_nested_branch_dag to 2021-03-16 00:00:00+00:00
[2021-03-17 20:07:21,968] {scheduler_job.py:190} INFO - Processing /Users/harika/Desktop/CSYE_7245/Labs/airflow_tfx_lab/vlab/lib/python3.7/site-packages/airflow/example_dags/example_nested_branch_dag.py took 0.089 seconds
[2021-03-17 20:08:00,420] {scheduler_job.py:182} INFO - Started process (PID=31496) to work on /Users/harika/Desktop/CSYE_7245/Labs/airflow_tfx_lab/vlab/lib/python3.7/site-packages/airflow/example_dags/example_nested_branch_dag.py
[2021-03-17 20:08:00,424] {scheduler_job.py:629} INFO - Processing file /Users/harika/Desktop/CSYE_7245/Labs/airflow_tfx_lab/vlab/lib/python3.7/site-packages/airflow/example_dags/example_nested_branch_dag.py for tasks to queue
[2021-03-17 20:08:00,426] {logging_mixin.py:104} INFO - [2021-03-17 20:08:00,426] {dagbag.py:448} INFO - Filling up the DagBag from /Users/harika/Desktop/CSYE_7245/Labs/airflow_tfx_lab/vlab/lib/python3.7/site-packages/airflow/example_dags/example_nested_branch_dag.py
[2021-03-17 20:08:00,448] {scheduler_job.py:639} INFO - DAG(s) dict_keys(['example_nested_branch_dag']) retrieved from /Users/harika/Desktop/CSYE_7245/Labs/airflow_tfx_lab/vlab/lib/python3.7/site-packages/airflow/example_dags/example_nested_branch_dag.py
[2021-03-17 20:08:00,471] {logging_mixin.py:104} INFO - [2021-03-17 20:08:00,471] {dag.py:1818} INFO - Sync 1 DAGs
[2021-03-17 20:08:00,494] {logging_mixin.py:104} INFO - [2021-03-17 20:08:00,493] {dag.py:2273} INFO - Setting next_dagrun for example_nested_branch_dag to 2021-03-16 00:00:00+00:00
[2021-03-17 20:08:00,502] {scheduler_job.py:190} INFO - Processing /Users/harika/Desktop/CSYE_7245/Labs/airflow_tfx_lab/vlab/lib/python3.7/site-packages/airflow/example_dags/example_nested_branch_dag.py took 0.087 seconds
[2021-03-17 20:08:40,400] {scheduler_job.py:182} INFO - Started process (PID=31534) to work on /Users/harika/Desktop/CSYE_7245/Labs/airflow_tfx_lab/vlab/lib/python3.7/site-packages/airflow/example_dags/example_nested_branch_dag.py
[2021-03-17 20:08:40,402] {scheduler_job.py:629} INFO - Processing file /Users/harika/Desktop/CSYE_7245/Labs/airflow_tfx_lab/vlab/lib/python3.7/site-packages/airflow/example_dags/example_nested_branch_dag.py for tasks to queue
[2021-03-17 20:08:40,405] {logging_mixin.py:104} INFO - [2021-03-17 20:08:40,404] {dagbag.py:448} INFO - Filling up the DagBag from /Users/harika/Desktop/CSYE_7245/Labs/airflow_tfx_lab/vlab/lib/python3.7/site-packages/airflow/example_dags/example_nested_branch_dag.py
[2021-03-17 20:08:40,422] {scheduler_job.py:639} INFO - DAG(s) dict_keys(['example_nested_branch_dag']) retrieved from /Users/harika/Desktop/CSYE_7245/Labs/airflow_tfx_lab/vlab/lib/python3.7/site-packages/airflow/example_dags/example_nested_branch_dag.py
[2021-03-17 20:08:40,438] {logging_mixin.py:104} INFO - [2021-03-17 20:08:40,438] {dag.py:1818} INFO - Sync 1 DAGs
[2021-03-17 20:08:40,462] {logging_mixin.py:104} INFO - [2021-03-17 20:08:40,461] {dag.py:2273} INFO - Setting next_dagrun for example_nested_branch_dag to 2021-03-16 00:00:00+00:00
[2021-03-17 20:08:40,554] {scheduler_job.py:190} INFO - Processing /Users/harika/Desktop/CSYE_7245/Labs/airflow_tfx_lab/vlab/lib/python3.7/site-packages/airflow/example_dags/example_nested_branch_dag.py took 0.159 seconds
[2021-03-17 20:09:19,598] {scheduler_job.py:182} INFO - Started process (PID=31569) to work on /Users/harika/Desktop/CSYE_7245/Labs/airflow_tfx_lab/vlab/lib/python3.7/site-packages/airflow/example_dags/example_nested_branch_dag.py
[2021-03-17 20:09:19,601] {scheduler_job.py:629} INFO - Processing file /Users/harika/Desktop/CSYE_7245/Labs/airflow_tfx_lab/vlab/lib/python3.7/site-packages/airflow/example_dags/example_nested_branch_dag.py for tasks to queue
[2021-03-17 20:09:19,605] {logging_mixin.py:104} INFO - [2021-03-17 20:09:19,604] {dagbag.py:448} INFO - Filling up the DagBag from /Users/harika/Desktop/CSYE_7245/Labs/airflow_tfx_lab/vlab/lib/python3.7/site-packages/airflow/example_dags/example_nested_branch_dag.py
[2021-03-17 20:09:19,637] {scheduler_job.py:639} INFO - DAG(s) dict_keys(['example_nested_branch_dag']) retrieved from /Users/harika/Desktop/CSYE_7245/Labs/airflow_tfx_lab/vlab/lib/python3.7/site-packages/airflow/example_dags/example_nested_branch_dag.py
[2021-03-17 20:09:19,654] {logging_mixin.py:104} INFO - [2021-03-17 20:09:19,654] {dag.py:1818} INFO - Sync 1 DAGs
[2021-03-17 20:09:19,680] {logging_mixin.py:104} INFO - [2021-03-17 20:09:19,680] {dag.py:2273} INFO - Setting next_dagrun for example_nested_branch_dag to 2021-03-16 00:00:00+00:00
[2021-03-17 20:09:19,787] {scheduler_job.py:190} INFO - Processing /Users/harika/Desktop/CSYE_7245/Labs/airflow_tfx_lab/vlab/lib/python3.7/site-packages/airflow/example_dags/example_nested_branch_dag.py took 0.194 seconds
[2021-03-17 20:09:57,797] {scheduler_job.py:182} INFO - Started process (PID=31602) to work on /Users/harika/Desktop/CSYE_7245/Labs/airflow_tfx_lab/vlab/lib/python3.7/site-packages/airflow/example_dags/example_nested_branch_dag.py
[2021-03-17 20:09:57,799] {scheduler_job.py:629} INFO - Processing file /Users/harika/Desktop/CSYE_7245/Labs/airflow_tfx_lab/vlab/lib/python3.7/site-packages/airflow/example_dags/example_nested_branch_dag.py for tasks to queue
[2021-03-17 20:09:57,800] {logging_mixin.py:104} INFO - [2021-03-17 20:09:57,800] {dagbag.py:448} INFO - Filling up the DagBag from /Users/harika/Desktop/CSYE_7245/Labs/airflow_tfx_lab/vlab/lib/python3.7/site-packages/airflow/example_dags/example_nested_branch_dag.py
[2021-03-17 20:09:57,825] {scheduler_job.py:639} INFO - DAG(s) dict_keys(['example_nested_branch_dag']) retrieved from /Users/harika/Desktop/CSYE_7245/Labs/airflow_tfx_lab/vlab/lib/python3.7/site-packages/airflow/example_dags/example_nested_branch_dag.py
[2021-03-17 20:09:57,843] {logging_mixin.py:104} INFO - [2021-03-17 20:09:57,843] {dag.py:1818} INFO - Sync 1 DAGs
[2021-03-17 20:09:57,866] {logging_mixin.py:104} INFO - [2021-03-17 20:09:57,866] {dag.py:2273} INFO - Setting next_dagrun for example_nested_branch_dag to 2021-03-16 00:00:00+00:00
[2021-03-17 20:09:57,957] {scheduler_job.py:190} INFO - Processing /Users/harika/Desktop/CSYE_7245/Labs/airflow_tfx_lab/vlab/lib/python3.7/site-packages/airflow/example_dags/example_nested_branch_dag.py took 0.163 seconds
[2021-03-17 20:10:38,312] {scheduler_job.py:182} INFO - Started process (PID=31646) to work on /Users/harika/Desktop/CSYE_7245/Labs/airflow_tfx_lab/vlab/lib/python3.7/site-packages/airflow/example_dags/example_nested_branch_dag.py
[2021-03-17 20:10:38,314] {scheduler_job.py:629} INFO - Processing file /Users/harika/Desktop/CSYE_7245/Labs/airflow_tfx_lab/vlab/lib/python3.7/site-packages/airflow/example_dags/example_nested_branch_dag.py for tasks to queue
[2021-03-17 20:10:38,316] {logging_mixin.py:104} INFO - [2021-03-17 20:10:38,315] {dagbag.py:448} INFO - Filling up the DagBag from /Users/harika/Desktop/CSYE_7245/Labs/airflow_tfx_lab/vlab/lib/python3.7/site-packages/airflow/example_dags/example_nested_branch_dag.py
[2021-03-17 20:10:38,336] {scheduler_job.py:639} INFO - DAG(s) dict_keys(['example_nested_branch_dag']) retrieved from /Users/harika/Desktop/CSYE_7245/Labs/airflow_tfx_lab/vlab/lib/python3.7/site-packages/airflow/example_dags/example_nested_branch_dag.py
[2021-03-17 20:10:38,354] {logging_mixin.py:104} INFO - [2021-03-17 20:10:38,353] {dag.py:1818} INFO - Sync 1 DAGs
[2021-03-17 20:10:38,467] {logging_mixin.py:104} INFO - [2021-03-17 20:10:38,466] {dag.py:2273} INFO - Setting next_dagrun for example_nested_branch_dag to 2021-03-16 00:00:00+00:00
[2021-03-17 20:10:38,475] {scheduler_job.py:190} INFO - Processing /Users/harika/Desktop/CSYE_7245/Labs/airflow_tfx_lab/vlab/lib/python3.7/site-packages/airflow/example_dags/example_nested_branch_dag.py took 0.167 seconds
[2021-03-17 20:11:17,855] {scheduler_job.py:182} INFO - Started process (PID=31675) to work on /Users/harika/Desktop/CSYE_7245/Labs/airflow_tfx_lab/vlab/lib/python3.7/site-packages/airflow/example_dags/example_nested_branch_dag.py
[2021-03-17 20:11:17,858] {scheduler_job.py:629} INFO - Processing file /Users/harika/Desktop/CSYE_7245/Labs/airflow_tfx_lab/vlab/lib/python3.7/site-packages/airflow/example_dags/example_nested_branch_dag.py for tasks to queue
[2021-03-17 20:11:17,859] {logging_mixin.py:104} INFO - [2021-03-17 20:11:17,859] {dagbag.py:448} INFO - Filling up the DagBag from /Users/harika/Desktop/CSYE_7245/Labs/airflow_tfx_lab/vlab/lib/python3.7/site-packages/airflow/example_dags/example_nested_branch_dag.py
[2021-03-17 20:11:17,878] {scheduler_job.py:639} INFO - DAG(s) dict_keys(['example_nested_branch_dag']) retrieved from /Users/harika/Desktop/CSYE_7245/Labs/airflow_tfx_lab/vlab/lib/python3.7/site-packages/airflow/example_dags/example_nested_branch_dag.py
[2021-03-17 20:11:17,894] {logging_mixin.py:104} INFO - [2021-03-17 20:11:17,893] {dag.py:1818} INFO - Sync 1 DAGs
[2021-03-17 20:11:18,019] {logging_mixin.py:104} INFO - [2021-03-17 20:11:18,018] {dag.py:2273} INFO - Setting next_dagrun for example_nested_branch_dag to 2021-03-16 00:00:00+00:00
[2021-03-17 20:11:18,027] {scheduler_job.py:190} INFO - Processing /Users/harika/Desktop/CSYE_7245/Labs/airflow_tfx_lab/vlab/lib/python3.7/site-packages/airflow/example_dags/example_nested_branch_dag.py took 0.176 seconds
[2021-03-17 20:11:56,898] {scheduler_job.py:182} INFO - Started process (PID=31720) to work on /Users/harika/Desktop/CSYE_7245/Labs/airflow_tfx_lab/vlab/lib/python3.7/site-packages/airflow/example_dags/example_nested_branch_dag.py
[2021-03-17 20:11:56,904] {scheduler_job.py:629} INFO - Processing file /Users/harika/Desktop/CSYE_7245/Labs/airflow_tfx_lab/vlab/lib/python3.7/site-packages/airflow/example_dags/example_nested_branch_dag.py for tasks to queue
[2021-03-17 20:11:56,905] {logging_mixin.py:104} INFO - [2021-03-17 20:11:56,905] {dagbag.py:448} INFO - Filling up the DagBag from /Users/harika/Desktop/CSYE_7245/Labs/airflow_tfx_lab/vlab/lib/python3.7/site-packages/airflow/example_dags/example_nested_branch_dag.py
[2021-03-17 20:11:56,927] {scheduler_job.py:639} INFO - DAG(s) dict_keys(['example_nested_branch_dag']) retrieved from /Users/harika/Desktop/CSYE_7245/Labs/airflow_tfx_lab/vlab/lib/python3.7/site-packages/airflow/example_dags/example_nested_branch_dag.py
[2021-03-17 20:11:56,944] {logging_mixin.py:104} INFO - [2021-03-17 20:11:56,944] {dag.py:1818} INFO - Sync 1 DAGs
[2021-03-17 20:11:57,066] {logging_mixin.py:104} INFO - [2021-03-17 20:11:57,065] {dag.py:2273} INFO - Setting next_dagrun for example_nested_branch_dag to 2021-03-16 00:00:00+00:00
[2021-03-17 20:11:57,074] {scheduler_job.py:190} INFO - Processing /Users/harika/Desktop/CSYE_7245/Labs/airflow_tfx_lab/vlab/lib/python3.7/site-packages/airflow/example_dags/example_nested_branch_dag.py took 0.180 seconds
[2021-03-17 20:12:37,404] {scheduler_job.py:182} INFO - Started process (PID=31750) to work on /Users/harika/Desktop/CSYE_7245/Labs/airflow_tfx_lab/vlab/lib/python3.7/site-packages/airflow/example_dags/example_nested_branch_dag.py
[2021-03-17 20:12:37,407] {scheduler_job.py:629} INFO - Processing file /Users/harika/Desktop/CSYE_7245/Labs/airflow_tfx_lab/vlab/lib/python3.7/site-packages/airflow/example_dags/example_nested_branch_dag.py for tasks to queue
[2021-03-17 20:12:37,409] {logging_mixin.py:104} INFO - [2021-03-17 20:12:37,408] {dagbag.py:448} INFO - Filling up the DagBag from /Users/harika/Desktop/CSYE_7245/Labs/airflow_tfx_lab/vlab/lib/python3.7/site-packages/airflow/example_dags/example_nested_branch_dag.py
[2021-03-17 20:12:37,429] {scheduler_job.py:639} INFO - DAG(s) dict_keys(['example_nested_branch_dag']) retrieved from /Users/harika/Desktop/CSYE_7245/Labs/airflow_tfx_lab/vlab/lib/python3.7/site-packages/airflow/example_dags/example_nested_branch_dag.py
[2021-03-17 20:12:37,450] {logging_mixin.py:104} INFO - [2021-03-17 20:12:37,450] {dag.py:1818} INFO - Sync 1 DAGs
[2021-03-17 20:12:37,586] {logging_mixin.py:104} INFO - [2021-03-17 20:12:37,585] {dag.py:2273} INFO - Setting next_dagrun for example_nested_branch_dag to 2021-03-16 00:00:00+00:00
[2021-03-17 20:12:37,595] {scheduler_job.py:190} INFO - Processing /Users/harika/Desktop/CSYE_7245/Labs/airflow_tfx_lab/vlab/lib/python3.7/site-packages/airflow/example_dags/example_nested_branch_dag.py took 0.195 seconds
[2021-03-17 20:13:16,042] {scheduler_job.py:182} INFO - Started process (PID=31785) to work on /Users/harika/Desktop/CSYE_7245/Labs/airflow_tfx_lab/vlab/lib/python3.7/site-packages/airflow/example_dags/example_nested_branch_dag.py
[2021-03-17 20:13:16,043] {scheduler_job.py:629} INFO - Processing file /Users/harika/Desktop/CSYE_7245/Labs/airflow_tfx_lab/vlab/lib/python3.7/site-packages/airflow/example_dags/example_nested_branch_dag.py for tasks to queue
[2021-03-17 20:13:16,045] {logging_mixin.py:104} INFO - [2021-03-17 20:13:16,045] {dagbag.py:448} INFO - Filling up the DagBag from /Users/harika/Desktop/CSYE_7245/Labs/airflow_tfx_lab/vlab/lib/python3.7/site-packages/airflow/example_dags/example_nested_branch_dag.py
[2021-03-17 20:13:16,070] {scheduler_job.py:639} INFO - DAG(s) dict_keys(['example_nested_branch_dag']) retrieved from /Users/harika/Desktop/CSYE_7245/Labs/airflow_tfx_lab/vlab/lib/python3.7/site-packages/airflow/example_dags/example_nested_branch_dag.py
[2021-03-17 20:13:16,092] {logging_mixin.py:104} INFO - [2021-03-17 20:13:16,091] {dag.py:1818} INFO - Sync 1 DAGs
[2021-03-17 20:13:16,208] {logging_mixin.py:104} INFO - [2021-03-17 20:13:16,208] {dag.py:2273} INFO - Setting next_dagrun for example_nested_branch_dag to 2021-03-16 00:00:00+00:00
[2021-03-17 20:13:16,215] {scheduler_job.py:190} INFO - Processing /Users/harika/Desktop/CSYE_7245/Labs/airflow_tfx_lab/vlab/lib/python3.7/site-packages/airflow/example_dags/example_nested_branch_dag.py took 0.177 seconds
[2021-03-17 20:13:54,625] {scheduler_job.py:182} INFO - Started process (PID=31814) to work on /Users/harika/Desktop/CSYE_7245/Labs/airflow_tfx_lab/vlab/lib/python3.7/site-packages/airflow/example_dags/example_nested_branch_dag.py
[2021-03-17 20:13:54,627] {scheduler_job.py:629} INFO - Processing file /Users/harika/Desktop/CSYE_7245/Labs/airflow_tfx_lab/vlab/lib/python3.7/site-packages/airflow/example_dags/example_nested_branch_dag.py for tasks to queue
[2021-03-17 20:13:54,628] {logging_mixin.py:104} INFO - [2021-03-17 20:13:54,628] {dagbag.py:448} INFO - Filling up the DagBag from /Users/harika/Desktop/CSYE_7245/Labs/airflow_tfx_lab/vlab/lib/python3.7/site-packages/airflow/example_dags/example_nested_branch_dag.py
[2021-03-17 20:13:54,646] {scheduler_job.py:639} INFO - DAG(s) dict_keys(['example_nested_branch_dag']) retrieved from /Users/harika/Desktop/CSYE_7245/Labs/airflow_tfx_lab/vlab/lib/python3.7/site-packages/airflow/example_dags/example_nested_branch_dag.py
[2021-03-17 20:13:54,667] {logging_mixin.py:104} INFO - [2021-03-17 20:13:54,666] {dag.py:1818} INFO - Sync 1 DAGs
[2021-03-17 20:13:54,773] {logging_mixin.py:104} INFO - [2021-03-17 20:13:54,772] {dag.py:2273} INFO - Setting next_dagrun for example_nested_branch_dag to 2021-03-16 00:00:00+00:00
[2021-03-17 20:13:54,780] {scheduler_job.py:190} INFO - Processing /Users/harika/Desktop/CSYE_7245/Labs/airflow_tfx_lab/vlab/lib/python3.7/site-packages/airflow/example_dags/example_nested_branch_dag.py took 0.159 seconds
[2021-03-17 20:14:34,521] {scheduler_job.py:182} INFO - Started process (PID=31844) to work on /Users/harika/Desktop/CSYE_7245/Labs/airflow_tfx_lab/vlab/lib/python3.7/site-packages/airflow/example_dags/example_nested_branch_dag.py
[2021-03-17 20:14:34,523] {scheduler_job.py:629} INFO - Processing file /Users/harika/Desktop/CSYE_7245/Labs/airflow_tfx_lab/vlab/lib/python3.7/site-packages/airflow/example_dags/example_nested_branch_dag.py for tasks to queue
[2021-03-17 20:14:34,525] {logging_mixin.py:104} INFO - [2021-03-17 20:14:34,524] {dagbag.py:448} INFO - Filling up the DagBag from /Users/harika/Desktop/CSYE_7245/Labs/airflow_tfx_lab/vlab/lib/python3.7/site-packages/airflow/example_dags/example_nested_branch_dag.py
[2021-03-17 20:14:34,543] {scheduler_job.py:639} INFO - DAG(s) dict_keys(['example_nested_branch_dag']) retrieved from /Users/harika/Desktop/CSYE_7245/Labs/airflow_tfx_lab/vlab/lib/python3.7/site-packages/airflow/example_dags/example_nested_branch_dag.py
[2021-03-17 20:14:34,560] {logging_mixin.py:104} INFO - [2021-03-17 20:14:34,560] {dag.py:1818} INFO - Sync 1 DAGs
[2021-03-17 20:14:34,678] {logging_mixin.py:104} INFO - [2021-03-17 20:14:34,678] {dag.py:2273} INFO - Setting next_dagrun for example_nested_branch_dag to 2021-03-16 00:00:00+00:00
[2021-03-17 20:14:34,686] {scheduler_job.py:190} INFO - Processing /Users/harika/Desktop/CSYE_7245/Labs/airflow_tfx_lab/vlab/lib/python3.7/site-packages/airflow/example_dags/example_nested_branch_dag.py took 0.169 seconds
[2021-03-17 20:15:11,191] {scheduler_job.py:182} INFO - Started process (PID=31875) to work on /Users/harika/Desktop/CSYE_7245/Labs/airflow_tfx_lab/vlab/lib/python3.7/site-packages/airflow/example_dags/example_nested_branch_dag.py
[2021-03-17 20:15:11,193] {scheduler_job.py:629} INFO - Processing file /Users/harika/Desktop/CSYE_7245/Labs/airflow_tfx_lab/vlab/lib/python3.7/site-packages/airflow/example_dags/example_nested_branch_dag.py for tasks to queue
[2021-03-17 20:15:11,194] {logging_mixin.py:104} INFO - [2021-03-17 20:15:11,194] {dagbag.py:448} INFO - Filling up the DagBag from /Users/harika/Desktop/CSYE_7245/Labs/airflow_tfx_lab/vlab/lib/python3.7/site-packages/airflow/example_dags/example_nested_branch_dag.py
[2021-03-17 20:15:11,217] {scheduler_job.py:639} INFO - DAG(s) dict_keys(['example_nested_branch_dag']) retrieved from /Users/harika/Desktop/CSYE_7245/Labs/airflow_tfx_lab/vlab/lib/python3.7/site-packages/airflow/example_dags/example_nested_branch_dag.py
[2021-03-17 20:15:11,354] {logging_mixin.py:104} INFO - [2021-03-17 20:15:11,353] {dag.py:1818} INFO - Sync 1 DAGs
[2021-03-17 20:15:11,373] {logging_mixin.py:104} INFO - [2021-03-17 20:15:11,373] {dag.py:2273} INFO - Setting next_dagrun for example_nested_branch_dag to 2021-03-16 00:00:00+00:00
[2021-03-17 20:15:11,381] {scheduler_job.py:190} INFO - Processing /Users/harika/Desktop/CSYE_7245/Labs/airflow_tfx_lab/vlab/lib/python3.7/site-packages/airflow/example_dags/example_nested_branch_dag.py took 0.195 seconds
[2021-03-17 20:15:51,251] {scheduler_job.py:182} INFO - Started process (PID=31910) to work on /Users/harika/Desktop/CSYE_7245/Labs/airflow_tfx_lab/vlab/lib/python3.7/site-packages/airflow/example_dags/example_nested_branch_dag.py
[2021-03-17 20:15:51,253] {scheduler_job.py:629} INFO - Processing file /Users/harika/Desktop/CSYE_7245/Labs/airflow_tfx_lab/vlab/lib/python3.7/site-packages/airflow/example_dags/example_nested_branch_dag.py for tasks to queue
[2021-03-17 20:15:51,255] {logging_mixin.py:104} INFO - [2021-03-17 20:15:51,254] {dagbag.py:448} INFO - Filling up the DagBag from /Users/harika/Desktop/CSYE_7245/Labs/airflow_tfx_lab/vlab/lib/python3.7/site-packages/airflow/example_dags/example_nested_branch_dag.py
[2021-03-17 20:15:51,273] {scheduler_job.py:639} INFO - DAG(s) dict_keys(['example_nested_branch_dag']) retrieved from /Users/harika/Desktop/CSYE_7245/Labs/airflow_tfx_lab/vlab/lib/python3.7/site-packages/airflow/example_dags/example_nested_branch_dag.py
[2021-03-17 20:15:51,376] {logging_mixin.py:104} INFO - [2021-03-17 20:15:51,376] {dag.py:1818} INFO - Sync 1 DAGs
[2021-03-17 20:15:51,397] {logging_mixin.py:104} INFO - [2021-03-17 20:15:51,396] {dag.py:2273} INFO - Setting next_dagrun for example_nested_branch_dag to 2021-03-16 00:00:00+00:00
[2021-03-17 20:15:51,404] {scheduler_job.py:190} INFO - Processing /Users/harika/Desktop/CSYE_7245/Labs/airflow_tfx_lab/vlab/lib/python3.7/site-packages/airflow/example_dags/example_nested_branch_dag.py took 0.157 seconds
[2021-03-17 20:16:29,318] {scheduler_job.py:182} INFO - Started process (PID=31946) to work on /Users/harika/Desktop/CSYE_7245/Labs/airflow_tfx_lab/vlab/lib/python3.7/site-packages/airflow/example_dags/example_nested_branch_dag.py
[2021-03-17 20:16:29,320] {scheduler_job.py:629} INFO - Processing file /Users/harika/Desktop/CSYE_7245/Labs/airflow_tfx_lab/vlab/lib/python3.7/site-packages/airflow/example_dags/example_nested_branch_dag.py for tasks to queue
[2021-03-17 20:16:29,322] {logging_mixin.py:104} INFO - [2021-03-17 20:16:29,321] {dagbag.py:448} INFO - Filling up the DagBag from /Users/harika/Desktop/CSYE_7245/Labs/airflow_tfx_lab/vlab/lib/python3.7/site-packages/airflow/example_dags/example_nested_branch_dag.py
[2021-03-17 20:16:29,344] {scheduler_job.py:639} INFO - DAG(s) dict_keys(['example_nested_branch_dag']) retrieved from /Users/harika/Desktop/CSYE_7245/Labs/airflow_tfx_lab/vlab/lib/python3.7/site-packages/airflow/example_dags/example_nested_branch_dag.py
[2021-03-17 20:16:29,452] {logging_mixin.py:104} INFO - [2021-03-17 20:16:29,451] {dag.py:1818} INFO - Sync 1 DAGs
[2021-03-17 20:16:29,470] {logging_mixin.py:104} INFO - [2021-03-17 20:16:29,470] {dag.py:2273} INFO - Setting next_dagrun for example_nested_branch_dag to 2021-03-16 00:00:00+00:00
[2021-03-17 20:16:29,478] {scheduler_job.py:190} INFO - Processing /Users/harika/Desktop/CSYE_7245/Labs/airflow_tfx_lab/vlab/lib/python3.7/site-packages/airflow/example_dags/example_nested_branch_dag.py took 0.164 seconds
[2021-03-17 20:17:08,849] {scheduler_job.py:182} INFO - Started process (PID=31977) to work on /Users/harika/Desktop/CSYE_7245/Labs/airflow_tfx_lab/vlab/lib/python3.7/site-packages/airflow/example_dags/example_nested_branch_dag.py
[2021-03-17 20:17:08,851] {scheduler_job.py:629} INFO - Processing file /Users/harika/Desktop/CSYE_7245/Labs/airflow_tfx_lab/vlab/lib/python3.7/site-packages/airflow/example_dags/example_nested_branch_dag.py for tasks to queue
[2021-03-17 20:17:08,853] {logging_mixin.py:104} INFO - [2021-03-17 20:17:08,852] {dagbag.py:448} INFO - Filling up the DagBag from /Users/harika/Desktop/CSYE_7245/Labs/airflow_tfx_lab/vlab/lib/python3.7/site-packages/airflow/example_dags/example_nested_branch_dag.py
[2021-03-17 20:17:08,872] {scheduler_job.py:639} INFO - DAG(s) dict_keys(['example_nested_branch_dag']) retrieved from /Users/harika/Desktop/CSYE_7245/Labs/airflow_tfx_lab/vlab/lib/python3.7/site-packages/airflow/example_dags/example_nested_branch_dag.py
[2021-03-17 20:17:08,984] {logging_mixin.py:104} INFO - [2021-03-17 20:17:08,983] {dag.py:1818} INFO - Sync 1 DAGs
[2021-03-17 20:17:09,003] {logging_mixin.py:104} INFO - [2021-03-17 20:17:09,003] {dag.py:2273} INFO - Setting next_dagrun for example_nested_branch_dag to 2021-03-16 00:00:00+00:00
[2021-03-17 20:17:09,010] {scheduler_job.py:190} INFO - Processing /Users/harika/Desktop/CSYE_7245/Labs/airflow_tfx_lab/vlab/lib/python3.7/site-packages/airflow/example_dags/example_nested_branch_dag.py took 0.165 seconds
[2021-03-17 20:17:47,205] {scheduler_job.py:182} INFO - Started process (PID=32007) to work on /Users/harika/Desktop/CSYE_7245/Labs/airflow_tfx_lab/vlab/lib/python3.7/site-packages/airflow/example_dags/example_nested_branch_dag.py
[2021-03-17 20:17:47,209] {scheduler_job.py:629} INFO - Processing file /Users/harika/Desktop/CSYE_7245/Labs/airflow_tfx_lab/vlab/lib/python3.7/site-packages/airflow/example_dags/example_nested_branch_dag.py for tasks to queue
[2021-03-17 20:17:47,211] {logging_mixin.py:104} INFO - [2021-03-17 20:17:47,211] {dagbag.py:448} INFO - Filling up the DagBag from /Users/harika/Desktop/CSYE_7245/Labs/airflow_tfx_lab/vlab/lib/python3.7/site-packages/airflow/example_dags/example_nested_branch_dag.py
[2021-03-17 20:17:47,237] {scheduler_job.py:639} INFO - DAG(s) dict_keys(['example_nested_branch_dag']) retrieved from /Users/harika/Desktop/CSYE_7245/Labs/airflow_tfx_lab/vlab/lib/python3.7/site-packages/airflow/example_dags/example_nested_branch_dag.py
[2021-03-17 20:17:47,391] {logging_mixin.py:104} INFO - [2021-03-17 20:17:47,390] {dag.py:1818} INFO - Sync 1 DAGs
[2021-03-17 20:17:47,412] {logging_mixin.py:104} INFO - [2021-03-17 20:17:47,411] {dag.py:2273} INFO - Setting next_dagrun for example_nested_branch_dag to 2021-03-16 00:00:00+00:00
[2021-03-17 20:17:47,422] {scheduler_job.py:190} INFO - Processing /Users/harika/Desktop/CSYE_7245/Labs/airflow_tfx_lab/vlab/lib/python3.7/site-packages/airflow/example_dags/example_nested_branch_dag.py took 0.226 seconds
[2021-03-17 20:18:29,243] {scheduler_job.py:182} INFO - Started process (PID=32058) to work on /Users/harika/Desktop/CSYE_7245/Labs/airflow_tfx_lab/vlab/lib/python3.7/site-packages/airflow/example_dags/example_nested_branch_dag.py
[2021-03-17 20:18:29,246] {scheduler_job.py:629} INFO - Processing file /Users/harika/Desktop/CSYE_7245/Labs/airflow_tfx_lab/vlab/lib/python3.7/site-packages/airflow/example_dags/example_nested_branch_dag.py for tasks to queue
[2021-03-17 20:18:29,248] {logging_mixin.py:104} INFO - [2021-03-17 20:18:29,247] {dagbag.py:448} INFO - Filling up the DagBag from /Users/harika/Desktop/CSYE_7245/Labs/airflow_tfx_lab/vlab/lib/python3.7/site-packages/airflow/example_dags/example_nested_branch_dag.py
[2021-03-17 20:18:29,389] {scheduler_job.py:639} INFO - DAG(s) dict_keys(['example_nested_branch_dag']) retrieved from /Users/harika/Desktop/CSYE_7245/Labs/airflow_tfx_lab/vlab/lib/python3.7/site-packages/airflow/example_dags/example_nested_branch_dag.py
[2021-03-17 20:18:29,413] {logging_mixin.py:104} INFO - [2021-03-17 20:18:29,413] {dag.py:1818} INFO - Sync 1 DAGs
[2021-03-17 20:18:29,440] {logging_mixin.py:104} INFO - [2021-03-17 20:18:29,439] {dag.py:2273} INFO - Setting next_dagrun for example_nested_branch_dag to 2021-03-16 00:00:00+00:00
[2021-03-17 20:18:29,450] {scheduler_job.py:190} INFO - Processing /Users/harika/Desktop/CSYE_7245/Labs/airflow_tfx_lab/vlab/lib/python3.7/site-packages/airflow/example_dags/example_nested_branch_dag.py took 0.211 seconds
[2021-03-17 20:19:09,260] {scheduler_job.py:182} INFO - Started process (PID=32092) to work on /Users/harika/Desktop/CSYE_7245/Labs/airflow_tfx_lab/vlab/lib/python3.7/site-packages/airflow/example_dags/example_nested_branch_dag.py
[2021-03-17 20:19:09,263] {scheduler_job.py:629} INFO - Processing file /Users/harika/Desktop/CSYE_7245/Labs/airflow_tfx_lab/vlab/lib/python3.7/site-packages/airflow/example_dags/example_nested_branch_dag.py for tasks to queue
[2021-03-17 20:19:09,264] {logging_mixin.py:104} INFO - [2021-03-17 20:19:09,264] {dagbag.py:448} INFO - Filling up the DagBag from /Users/harika/Desktop/CSYE_7245/Labs/airflow_tfx_lab/vlab/lib/python3.7/site-packages/airflow/example_dags/example_nested_branch_dag.py
[2021-03-17 20:19:09,379] {scheduler_job.py:639} INFO - DAG(s) dict_keys(['example_nested_branch_dag']) retrieved from /Users/harika/Desktop/CSYE_7245/Labs/airflow_tfx_lab/vlab/lib/python3.7/site-packages/airflow/example_dags/example_nested_branch_dag.py
[2021-03-17 20:19:09,392] {logging_mixin.py:104} INFO - [2021-03-17 20:19:09,391] {dag.py:1818} INFO - Sync 1 DAGs
[2021-03-17 20:19:09,417] {logging_mixin.py:104} INFO - [2021-03-17 20:19:09,416] {dag.py:2273} INFO - Setting next_dagrun for example_nested_branch_dag to 2021-03-16 00:00:00+00:00
[2021-03-17 20:19:09,425] {scheduler_job.py:190} INFO - Processing /Users/harika/Desktop/CSYE_7245/Labs/airflow_tfx_lab/vlab/lib/python3.7/site-packages/airflow/example_dags/example_nested_branch_dag.py took 0.169 seconds
[2021-03-17 20:19:49,862] {scheduler_job.py:182} INFO - Started process (PID=32127) to work on /Users/harika/Desktop/CSYE_7245/Labs/airflow_tfx_lab/vlab/lib/python3.7/site-packages/airflow/example_dags/example_nested_branch_dag.py
[2021-03-17 20:19:49,865] {scheduler_job.py:629} INFO - Processing file /Users/harika/Desktop/CSYE_7245/Labs/airflow_tfx_lab/vlab/lib/python3.7/site-packages/airflow/example_dags/example_nested_branch_dag.py for tasks to queue
[2021-03-17 20:19:49,867] {logging_mixin.py:104} INFO - [2021-03-17 20:19:49,866] {dagbag.py:448} INFO - Filling up the DagBag from /Users/harika/Desktop/CSYE_7245/Labs/airflow_tfx_lab/vlab/lib/python3.7/site-packages/airflow/example_dags/example_nested_branch_dag.py
[2021-03-17 20:19:49,993] {scheduler_job.py:639} INFO - DAG(s) dict_keys(['example_nested_branch_dag']) retrieved from /Users/harika/Desktop/CSYE_7245/Labs/airflow_tfx_lab/vlab/lib/python3.7/site-packages/airflow/example_dags/example_nested_branch_dag.py
[2021-03-17 20:19:50,007] {logging_mixin.py:104} INFO - [2021-03-17 20:19:50,007] {dag.py:1818} INFO - Sync 1 DAGs
[2021-03-17 20:19:50,031] {logging_mixin.py:104} INFO - [2021-03-17 20:19:50,030] {dag.py:2273} INFO - Setting next_dagrun for example_nested_branch_dag to 2021-03-16 00:00:00+00:00
[2021-03-17 20:19:50,038] {scheduler_job.py:190} INFO - Processing /Users/harika/Desktop/CSYE_7245/Labs/airflow_tfx_lab/vlab/lib/python3.7/site-packages/airflow/example_dags/example_nested_branch_dag.py took 0.183 seconds
[2021-03-17 20:20:28,314] {scheduler_job.py:182} INFO - Started process (PID=32156) to work on /Users/harika/Desktop/CSYE_7245/Labs/airflow_tfx_lab/vlab/lib/python3.7/site-packages/airflow/example_dags/example_nested_branch_dag.py
[2021-03-17 20:20:28,315] {scheduler_job.py:629} INFO - Processing file /Users/harika/Desktop/CSYE_7245/Labs/airflow_tfx_lab/vlab/lib/python3.7/site-packages/airflow/example_dags/example_nested_branch_dag.py for tasks to queue
[2021-03-17 20:20:28,317] {logging_mixin.py:104} INFO - [2021-03-17 20:20:28,316] {dagbag.py:448} INFO - Filling up the DagBag from /Users/harika/Desktop/CSYE_7245/Labs/airflow_tfx_lab/vlab/lib/python3.7/site-packages/airflow/example_dags/example_nested_branch_dag.py
[2021-03-17 20:20:28,440] {scheduler_job.py:639} INFO - DAG(s) dict_keys(['example_nested_branch_dag']) retrieved from /Users/harika/Desktop/CSYE_7245/Labs/airflow_tfx_lab/vlab/lib/python3.7/site-packages/airflow/example_dags/example_nested_branch_dag.py
[2021-03-17 20:20:28,452] {logging_mixin.py:104} INFO - [2021-03-17 20:20:28,452] {dag.py:1818} INFO - Sync 1 DAGs
[2021-03-17 20:20:28,471] {logging_mixin.py:104} INFO - [2021-03-17 20:20:28,471] {dag.py:2273} INFO - Setting next_dagrun for example_nested_branch_dag to 2021-03-16 00:00:00+00:00
[2021-03-17 20:20:28,478] {scheduler_job.py:190} INFO - Processing /Users/harika/Desktop/CSYE_7245/Labs/airflow_tfx_lab/vlab/lib/python3.7/site-packages/airflow/example_dags/example_nested_branch_dag.py took 0.169 seconds
[2021-03-17 20:21:09,351] {scheduler_job.py:182} INFO - Started process (PID=32188) to work on /Users/harika/Desktop/CSYE_7245/Labs/airflow_tfx_lab/vlab/lib/python3.7/site-packages/airflow/example_dags/example_nested_branch_dag.py
[2021-03-17 20:21:09,355] {scheduler_job.py:629} INFO - Processing file /Users/harika/Desktop/CSYE_7245/Labs/airflow_tfx_lab/vlab/lib/python3.7/site-packages/airflow/example_dags/example_nested_branch_dag.py for tasks to queue
[2021-03-17 20:21:09,356] {logging_mixin.py:104} INFO - [2021-03-17 20:21:09,356] {dagbag.py:448} INFO - Filling up the DagBag from /Users/harika/Desktop/CSYE_7245/Labs/airflow_tfx_lab/vlab/lib/python3.7/site-packages/airflow/example_dags/example_nested_branch_dag.py
[2021-03-17 20:21:09,399] {scheduler_job.py:639} INFO - DAG(s) dict_keys(['example_nested_branch_dag']) retrieved from /Users/harika/Desktop/CSYE_7245/Labs/airflow_tfx_lab/vlab/lib/python3.7/site-packages/airflow/example_dags/example_nested_branch_dag.py
[2021-03-17 20:21:09,433] {logging_mixin.py:104} INFO - [2021-03-17 20:21:09,432] {dag.py:1818} INFO - Sync 1 DAGs
[2021-03-17 20:21:09,465] {logging_mixin.py:104} INFO - [2021-03-17 20:21:09,465] {dag.py:2273} INFO - Setting next_dagrun for example_nested_branch_dag to 2021-03-16 00:00:00+00:00
[2021-03-17 20:21:09,485] {scheduler_job.py:190} INFO - Processing /Users/harika/Desktop/CSYE_7245/Labs/airflow_tfx_lab/vlab/lib/python3.7/site-packages/airflow/example_dags/example_nested_branch_dag.py took 0.144 seconds
[2021-03-17 20:21:47,869] {scheduler_job.py:182} INFO - Started process (PID=32241) to work on /Users/harika/Desktop/CSYE_7245/Labs/airflow_tfx_lab/vlab/lib/python3.7/site-packages/airflow/example_dags/example_nested_branch_dag.py
[2021-03-17 20:21:47,873] {scheduler_job.py:629} INFO - Processing file /Users/harika/Desktop/CSYE_7245/Labs/airflow_tfx_lab/vlab/lib/python3.7/site-packages/airflow/example_dags/example_nested_branch_dag.py for tasks to queue
[2021-03-17 20:21:47,877] {logging_mixin.py:104} INFO - [2021-03-17 20:21:47,875] {dagbag.py:448} INFO - Filling up the DagBag from /Users/harika/Desktop/CSYE_7245/Labs/airflow_tfx_lab/vlab/lib/python3.7/site-packages/airflow/example_dags/example_nested_branch_dag.py
[2021-03-17 20:21:47,926] {scheduler_job.py:639} INFO - DAG(s) dict_keys(['example_nested_branch_dag']) retrieved from /Users/harika/Desktop/CSYE_7245/Labs/airflow_tfx_lab/vlab/lib/python3.7/site-packages/airflow/example_dags/example_nested_branch_dag.py
[2021-03-17 20:21:47,970] {logging_mixin.py:104} INFO - [2021-03-17 20:21:47,969] {dag.py:1818} INFO - Sync 1 DAGs
[2021-03-17 20:21:48,084] {logging_mixin.py:104} INFO - [2021-03-17 20:21:48,083] {dag.py:2273} INFO - Setting next_dagrun for example_nested_branch_dag to 2021-03-16 00:00:00+00:00
[2021-03-17 20:21:48,123] {scheduler_job.py:190} INFO - Processing /Users/harika/Desktop/CSYE_7245/Labs/airflow_tfx_lab/vlab/lib/python3.7/site-packages/airflow/example_dags/example_nested_branch_dag.py took 0.261 seconds
[2021-03-17 20:22:31,918] {scheduler_job.py:182} INFO - Started process (PID=32293) to work on /Users/harika/Desktop/CSYE_7245/Labs/airflow_tfx_lab/vlab/lib/python3.7/site-packages/airflow/example_dags/example_nested_branch_dag.py
[2021-03-17 20:22:31,929] {scheduler_job.py:629} INFO - Processing file /Users/harika/Desktop/CSYE_7245/Labs/airflow_tfx_lab/vlab/lib/python3.7/site-packages/airflow/example_dags/example_nested_branch_dag.py for tasks to queue
[2021-03-17 20:22:31,931] {logging_mixin.py:104} INFO - [2021-03-17 20:22:31,930] {dagbag.py:448} INFO - Filling up the DagBag from /Users/harika/Desktop/CSYE_7245/Labs/airflow_tfx_lab/vlab/lib/python3.7/site-packages/airflow/example_dags/example_nested_branch_dag.py
[2021-03-17 20:22:31,962] {scheduler_job.py:639} INFO - DAG(s) dict_keys(['example_nested_branch_dag']) retrieved from /Users/harika/Desktop/CSYE_7245/Labs/airflow_tfx_lab/vlab/lib/python3.7/site-packages/airflow/example_dags/example_nested_branch_dag.py
[2021-03-17 20:22:32,005] {logging_mixin.py:104} INFO - [2021-03-17 20:22:32,004] {dag.py:1818} INFO - Sync 1 DAGs
[2021-03-17 20:22:32,065] {logging_mixin.py:104} INFO - [2021-03-17 20:22:32,065] {dag.py:2273} INFO - Setting next_dagrun for example_nested_branch_dag to 2021-03-16 00:00:00+00:00
[2021-03-17 20:22:32,080] {scheduler_job.py:190} INFO - Processing /Users/harika/Desktop/CSYE_7245/Labs/airflow_tfx_lab/vlab/lib/python3.7/site-packages/airflow/example_dags/example_nested_branch_dag.py took 0.176 seconds
[2021-03-17 20:23:11,424] {scheduler_job.py:182} INFO - Started process (PID=32336) to work on /Users/harika/Desktop/CSYE_7245/Labs/airflow_tfx_lab/vlab/lib/python3.7/site-packages/airflow/example_dags/example_nested_branch_dag.py
[2021-03-17 20:23:11,427] {scheduler_job.py:629} INFO - Processing file /Users/harika/Desktop/CSYE_7245/Labs/airflow_tfx_lab/vlab/lib/python3.7/site-packages/airflow/example_dags/example_nested_branch_dag.py for tasks to queue
[2021-03-17 20:23:11,430] {logging_mixin.py:104} INFO - [2021-03-17 20:23:11,429] {dagbag.py:448} INFO - Filling up the DagBag from /Users/harika/Desktop/CSYE_7245/Labs/airflow_tfx_lab/vlab/lib/python3.7/site-packages/airflow/example_dags/example_nested_branch_dag.py
[2021-03-17 20:23:11,451] {scheduler_job.py:639} INFO - DAG(s) dict_keys(['example_nested_branch_dag']) retrieved from /Users/harika/Desktop/CSYE_7245/Labs/airflow_tfx_lab/vlab/lib/python3.7/site-packages/airflow/example_dags/example_nested_branch_dag.py
[2021-03-17 20:23:11,472] {logging_mixin.py:104} INFO - [2021-03-17 20:23:11,471] {dag.py:1818} INFO - Sync 1 DAGs
[2021-03-17 20:23:11,497] {logging_mixin.py:104} INFO - [2021-03-17 20:23:11,496] {dag.py:2273} INFO - Setting next_dagrun for example_nested_branch_dag to 2021-03-16 00:00:00+00:00
[2021-03-17 20:23:11,506] {scheduler_job.py:190} INFO - Processing /Users/harika/Desktop/CSYE_7245/Labs/airflow_tfx_lab/vlab/lib/python3.7/site-packages/airflow/example_dags/example_nested_branch_dag.py took 0.086 seconds
[2021-03-17 20:23:57,963] {scheduler_job.py:182} INFO - Started process (PID=32389) to work on /Users/harika/Desktop/CSYE_7245/Labs/airflow_tfx_lab/vlab/lib/python3.7/site-packages/airflow/example_dags/example_nested_branch_dag.py
[2021-03-17 20:23:57,966] {scheduler_job.py:629} INFO - Processing file /Users/harika/Desktop/CSYE_7245/Labs/airflow_tfx_lab/vlab/lib/python3.7/site-packages/airflow/example_dags/example_nested_branch_dag.py for tasks to queue
[2021-03-17 20:23:57,974] {logging_mixin.py:104} INFO - [2021-03-17 20:23:57,968] {dagbag.py:448} INFO - Filling up the DagBag from /Users/harika/Desktop/CSYE_7245/Labs/airflow_tfx_lab/vlab/lib/python3.7/site-packages/airflow/example_dags/example_nested_branch_dag.py
[2021-03-17 20:23:58,012] {scheduler_job.py:639} INFO - DAG(s) dict_keys(['example_nested_branch_dag']) retrieved from /Users/harika/Desktop/CSYE_7245/Labs/airflow_tfx_lab/vlab/lib/python3.7/site-packages/airflow/example_dags/example_nested_branch_dag.py
[2021-03-17 20:23:58,044] {logging_mixin.py:104} INFO - [2021-03-17 20:23:58,044] {dag.py:1818} INFO - Sync 1 DAGs
[2021-03-17 20:23:58,094] {logging_mixin.py:104} INFO - [2021-03-17 20:23:58,093] {dag.py:2273} INFO - Setting next_dagrun for example_nested_branch_dag to 2021-03-16 00:00:00+00:00
[2021-03-17 20:23:58,112] {scheduler_job.py:190} INFO - Processing /Users/harika/Desktop/CSYE_7245/Labs/airflow_tfx_lab/vlab/lib/python3.7/site-packages/airflow/example_dags/example_nested_branch_dag.py took 0.154 seconds
[2021-03-17 20:24:38,591] {scheduler_job.py:182} INFO - Started process (PID=32433) to work on /Users/harika/Desktop/CSYE_7245/Labs/airflow_tfx_lab/vlab/lib/python3.7/site-packages/airflow/example_dags/example_nested_branch_dag.py
[2021-03-17 20:24:38,595] {scheduler_job.py:629} INFO - Processing file /Users/harika/Desktop/CSYE_7245/Labs/airflow_tfx_lab/vlab/lib/python3.7/site-packages/airflow/example_dags/example_nested_branch_dag.py for tasks to queue
[2021-03-17 20:24:38,596] {logging_mixin.py:104} INFO - [2021-03-17 20:24:38,596] {dagbag.py:448} INFO - Filling up the DagBag from /Users/harika/Desktop/CSYE_7245/Labs/airflow_tfx_lab/vlab/lib/python3.7/site-packages/airflow/example_dags/example_nested_branch_dag.py
[2021-03-17 20:24:38,617] {scheduler_job.py:639} INFO - DAG(s) dict_keys(['example_nested_branch_dag']) retrieved from /Users/harika/Desktop/CSYE_7245/Labs/airflow_tfx_lab/vlab/lib/python3.7/site-packages/airflow/example_dags/example_nested_branch_dag.py
[2021-03-17 20:24:38,638] {logging_mixin.py:104} INFO - [2021-03-17 20:24:38,638] {dag.py:1818} INFO - Sync 1 DAGs
[2021-03-17 20:24:38,666] {logging_mixin.py:104} INFO - [2021-03-17 20:24:38,665] {dag.py:2273} INFO - Setting next_dagrun for example_nested_branch_dag to 2021-03-16 00:00:00+00:00
[2021-03-17 20:24:38,675] {scheduler_job.py:190} INFO - Processing /Users/harika/Desktop/CSYE_7245/Labs/airflow_tfx_lab/vlab/lib/python3.7/site-packages/airflow/example_dags/example_nested_branch_dag.py took 0.090 seconds
[2021-03-17 20:25:15,216] {scheduler_job.py:182} INFO - Started process (PID=32469) to work on /Users/harika/Desktop/CSYE_7245/Labs/airflow_tfx_lab/vlab/lib/python3.7/site-packages/airflow/example_dags/example_nested_branch_dag.py
[2021-03-17 20:25:15,218] {scheduler_job.py:629} INFO - Processing file /Users/harika/Desktop/CSYE_7245/Labs/airflow_tfx_lab/vlab/lib/python3.7/site-packages/airflow/example_dags/example_nested_branch_dag.py for tasks to queue
[2021-03-17 20:25:15,220] {logging_mixin.py:104} INFO - [2021-03-17 20:25:15,220] {dagbag.py:448} INFO - Filling up the DagBag from /Users/harika/Desktop/CSYE_7245/Labs/airflow_tfx_lab/vlab/lib/python3.7/site-packages/airflow/example_dags/example_nested_branch_dag.py
[2021-03-17 20:25:15,239] {scheduler_job.py:639} INFO - DAG(s) dict_keys(['example_nested_branch_dag']) retrieved from /Users/harika/Desktop/CSYE_7245/Labs/airflow_tfx_lab/vlab/lib/python3.7/site-packages/airflow/example_dags/example_nested_branch_dag.py
[2021-03-17 20:25:15,266] {logging_mixin.py:104} INFO - [2021-03-17 20:25:15,265] {dag.py:1818} INFO - Sync 1 DAGs
[2021-03-17 20:25:15,290] {logging_mixin.py:104} INFO - [2021-03-17 20:25:15,290] {dag.py:2273} INFO - Setting next_dagrun for example_nested_branch_dag to 2021-03-16 00:00:00+00:00
[2021-03-17 20:25:15,299] {scheduler_job.py:190} INFO - Processing /Users/harika/Desktop/CSYE_7245/Labs/airflow_tfx_lab/vlab/lib/python3.7/site-packages/airflow/example_dags/example_nested_branch_dag.py took 0.089 seconds
