[2021-03-17 20:00:04,586] {scheduler_job.py:182} INFO - Started process (PID=31085) to work on /Users/harika/Desktop/CSYE_7245/Labs/airflow_tfx_lab/vlab/lib/python3.7/site-packages/airflow/example_dags/example_skip_dag.py
[2021-03-17 20:00:04,589] {scheduler_job.py:629} INFO - Processing file /Users/harika/Desktop/CSYE_7245/Labs/airflow_tfx_lab/vlab/lib/python3.7/site-packages/airflow/example_dags/example_skip_dag.py for tasks to queue
[2021-03-17 20:00:04,591] {logging_mixin.py:104} INFO - [2021-03-17 20:00:04,590] {dagbag.py:448} INFO - Filling up the DagBag from /Users/harika/Desktop/CSYE_7245/Labs/airflow_tfx_lab/vlab/lib/python3.7/site-packages/airflow/example_dags/example_skip_dag.py
[2021-03-17 20:00:04,609] {scheduler_job.py:639} INFO - DAG(s) dict_keys(['example_skip_dag']) retrieved from /Users/harika/Desktop/CSYE_7245/Labs/airflow_tfx_lab/vlab/lib/python3.7/site-packages/airflow/example_dags/example_skip_dag.py
[2021-03-17 20:00:04,629] {logging_mixin.py:104} INFO - [2021-03-17 20:00:04,628] {dag.py:1818} INFO - Sync 1 DAGs
[2021-03-17 20:00:04,641] {logging_mixin.py:104} INFO - [2021-03-17 20:00:04,641] {dag.py:2273} INFO - Setting next_dagrun for example_skip_dag to 2021-03-16 00:00:00+00:00
[2021-03-17 20:00:04,655] {scheduler_job.py:190} INFO - Processing /Users/harika/Desktop/CSYE_7245/Labs/airflow_tfx_lab/vlab/lib/python3.7/site-packages/airflow/example_dags/example_skip_dag.py took 0.073 seconds
[2021-03-17 20:00:47,640] {scheduler_job.py:182} INFO - Started process (PID=31128) to work on /Users/harika/Desktop/CSYE_7245/Labs/airflow_tfx_lab/vlab/lib/python3.7/site-packages/airflow/example_dags/example_skip_dag.py
[2021-03-17 20:00:47,642] {scheduler_job.py:629} INFO - Processing file /Users/harika/Desktop/CSYE_7245/Labs/airflow_tfx_lab/vlab/lib/python3.7/site-packages/airflow/example_dags/example_skip_dag.py for tasks to queue
[2021-03-17 20:00:47,644] {logging_mixin.py:104} INFO - [2021-03-17 20:00:47,643] {dagbag.py:448} INFO - Filling up the DagBag from /Users/harika/Desktop/CSYE_7245/Labs/airflow_tfx_lab/vlab/lib/python3.7/site-packages/airflow/example_dags/example_skip_dag.py
[2021-03-17 20:00:47,660] {scheduler_job.py:639} INFO - DAG(s) dict_keys(['example_skip_dag']) retrieved from /Users/harika/Desktop/CSYE_7245/Labs/airflow_tfx_lab/vlab/lib/python3.7/site-packages/airflow/example_dags/example_skip_dag.py
[2021-03-17 20:00:47,677] {logging_mixin.py:104} INFO - [2021-03-17 20:00:47,677] {dag.py:1818} INFO - Sync 1 DAGs
[2021-03-17 20:00:47,692] {logging_mixin.py:104} INFO - [2021-03-17 20:00:47,692] {dag.py:2273} INFO - Setting next_dagrun for example_skip_dag to 2021-03-16 00:00:00+00:00
[2021-03-17 20:00:47,701] {scheduler_job.py:190} INFO - Processing /Users/harika/Desktop/CSYE_7245/Labs/airflow_tfx_lab/vlab/lib/python3.7/site-packages/airflow/example_dags/example_skip_dag.py took 0.065 seconds
[2021-03-17 20:01:29,792] {scheduler_job.py:182} INFO - Started process (PID=31161) to work on /Users/harika/Desktop/CSYE_7245/Labs/airflow_tfx_lab/vlab/lib/python3.7/site-packages/airflow/example_dags/example_skip_dag.py
[2021-03-17 20:01:29,795] {scheduler_job.py:629} INFO - Processing file /Users/harika/Desktop/CSYE_7245/Labs/airflow_tfx_lab/vlab/lib/python3.7/site-packages/airflow/example_dags/example_skip_dag.py for tasks to queue
[2021-03-17 20:01:29,797] {logging_mixin.py:104} INFO - [2021-03-17 20:01:29,796] {dagbag.py:448} INFO - Filling up the DagBag from /Users/harika/Desktop/CSYE_7245/Labs/airflow_tfx_lab/vlab/lib/python3.7/site-packages/airflow/example_dags/example_skip_dag.py
[2021-03-17 20:01:29,814] {scheduler_job.py:639} INFO - DAG(s) dict_keys(['example_skip_dag']) retrieved from /Users/harika/Desktop/CSYE_7245/Labs/airflow_tfx_lab/vlab/lib/python3.7/site-packages/airflow/example_dags/example_skip_dag.py
[2021-03-17 20:01:29,831] {logging_mixin.py:104} INFO - [2021-03-17 20:01:29,831] {dag.py:1818} INFO - Sync 1 DAGs
[2021-03-17 20:01:29,846] {logging_mixin.py:104} INFO - [2021-03-17 20:01:29,846] {dag.py:2273} INFO - Setting next_dagrun for example_skip_dag to 2021-03-16 00:00:00+00:00
[2021-03-17 20:01:29,856] {scheduler_job.py:190} INFO - Processing /Users/harika/Desktop/CSYE_7245/Labs/airflow_tfx_lab/vlab/lib/python3.7/site-packages/airflow/example_dags/example_skip_dag.py took 0.070 seconds
[2021-03-17 20:02:07,004] {scheduler_job.py:182} INFO - Started process (PID=31189) to work on /Users/harika/Desktop/CSYE_7245/Labs/airflow_tfx_lab/vlab/lib/python3.7/site-packages/airflow/example_dags/example_skip_dag.py
[2021-03-17 20:02:07,007] {scheduler_job.py:629} INFO - Processing file /Users/harika/Desktop/CSYE_7245/Labs/airflow_tfx_lab/vlab/lib/python3.7/site-packages/airflow/example_dags/example_skip_dag.py for tasks to queue
[2021-03-17 20:02:07,008] {logging_mixin.py:104} INFO - [2021-03-17 20:02:07,008] {dagbag.py:448} INFO - Filling up the DagBag from /Users/harika/Desktop/CSYE_7245/Labs/airflow_tfx_lab/vlab/lib/python3.7/site-packages/airflow/example_dags/example_skip_dag.py
[2021-03-17 20:02:07,023] {scheduler_job.py:639} INFO - DAG(s) dict_keys(['example_skip_dag']) retrieved from /Users/harika/Desktop/CSYE_7245/Labs/airflow_tfx_lab/vlab/lib/python3.7/site-packages/airflow/example_dags/example_skip_dag.py
[2021-03-17 20:02:07,040] {logging_mixin.py:104} INFO - [2021-03-17 20:02:07,040] {dag.py:1818} INFO - Sync 1 DAGs
[2021-03-17 20:02:07,053] {logging_mixin.py:104} INFO - [2021-03-17 20:02:07,053] {dag.py:2273} INFO - Setting next_dagrun for example_skip_dag to 2021-03-16 00:00:00+00:00
[2021-03-17 20:02:07,061] {scheduler_job.py:190} INFO - Processing /Users/harika/Desktop/CSYE_7245/Labs/airflow_tfx_lab/vlab/lib/python3.7/site-packages/airflow/example_dags/example_skip_dag.py took 0.062 seconds
[2021-03-17 20:02:45,602] {scheduler_job.py:182} INFO - Started process (PID=31219) to work on /Users/harika/Desktop/CSYE_7245/Labs/airflow_tfx_lab/vlab/lib/python3.7/site-packages/airflow/example_dags/example_skip_dag.py
[2021-03-17 20:02:45,606] {scheduler_job.py:629} INFO - Processing file /Users/harika/Desktop/CSYE_7245/Labs/airflow_tfx_lab/vlab/lib/python3.7/site-packages/airflow/example_dags/example_skip_dag.py for tasks to queue
[2021-03-17 20:02:45,607] {logging_mixin.py:104} INFO - [2021-03-17 20:02:45,607] {dagbag.py:448} INFO - Filling up the DagBag from /Users/harika/Desktop/CSYE_7245/Labs/airflow_tfx_lab/vlab/lib/python3.7/site-packages/airflow/example_dags/example_skip_dag.py
[2021-03-17 20:02:45,621] {scheduler_job.py:639} INFO - DAG(s) dict_keys(['example_skip_dag']) retrieved from /Users/harika/Desktop/CSYE_7245/Labs/airflow_tfx_lab/vlab/lib/python3.7/site-packages/airflow/example_dags/example_skip_dag.py
[2021-03-17 20:02:45,641] {logging_mixin.py:104} INFO - [2021-03-17 20:02:45,641] {dag.py:1818} INFO - Sync 1 DAGs
[2021-03-17 20:02:45,656] {logging_mixin.py:104} INFO - [2021-03-17 20:02:45,656] {dag.py:2273} INFO - Setting next_dagrun for example_skip_dag to 2021-03-16 00:00:00+00:00
[2021-03-17 20:02:45,664] {scheduler_job.py:190} INFO - Processing /Users/harika/Desktop/CSYE_7245/Labs/airflow_tfx_lab/vlab/lib/python3.7/site-packages/airflow/example_dags/example_skip_dag.py took 0.067 seconds
[2021-03-17 20:03:25,261] {scheduler_job.py:182} INFO - Started process (PID=31266) to work on /Users/harika/Desktop/CSYE_7245/Labs/airflow_tfx_lab/vlab/lib/python3.7/site-packages/airflow/example_dags/example_skip_dag.py
[2021-03-17 20:03:25,264] {scheduler_job.py:629} INFO - Processing file /Users/harika/Desktop/CSYE_7245/Labs/airflow_tfx_lab/vlab/lib/python3.7/site-packages/airflow/example_dags/example_skip_dag.py for tasks to queue
[2021-03-17 20:03:25,267] {logging_mixin.py:104} INFO - [2021-03-17 20:03:25,265] {dagbag.py:448} INFO - Filling up the DagBag from /Users/harika/Desktop/CSYE_7245/Labs/airflow_tfx_lab/vlab/lib/python3.7/site-packages/airflow/example_dags/example_skip_dag.py
[2021-03-17 20:03:25,281] {scheduler_job.py:639} INFO - DAG(s) dict_keys(['example_skip_dag']) retrieved from /Users/harika/Desktop/CSYE_7245/Labs/airflow_tfx_lab/vlab/lib/python3.7/site-packages/airflow/example_dags/example_skip_dag.py
[2021-03-17 20:03:25,297] {logging_mixin.py:104} INFO - [2021-03-17 20:03:25,297] {dag.py:1818} INFO - Sync 1 DAGs
[2021-03-17 20:03:25,315] {logging_mixin.py:104} INFO - [2021-03-17 20:03:25,314] {dag.py:2273} INFO - Setting next_dagrun for example_skip_dag to 2021-03-16 00:00:00+00:00
[2021-03-17 20:03:25,324] {scheduler_job.py:190} INFO - Processing /Users/harika/Desktop/CSYE_7245/Labs/airflow_tfx_lab/vlab/lib/python3.7/site-packages/airflow/example_dags/example_skip_dag.py took 0.066 seconds
[2021-03-17 20:04:03,848] {scheduler_job.py:182} INFO - Started process (PID=31302) to work on /Users/harika/Desktop/CSYE_7245/Labs/airflow_tfx_lab/vlab/lib/python3.7/site-packages/airflow/example_dags/example_skip_dag.py
[2021-03-17 20:04:03,850] {scheduler_job.py:629} INFO - Processing file /Users/harika/Desktop/CSYE_7245/Labs/airflow_tfx_lab/vlab/lib/python3.7/site-packages/airflow/example_dags/example_skip_dag.py for tasks to queue
[2021-03-17 20:04:03,852] {logging_mixin.py:104} INFO - [2021-03-17 20:04:03,851] {dagbag.py:448} INFO - Filling up the DagBag from /Users/harika/Desktop/CSYE_7245/Labs/airflow_tfx_lab/vlab/lib/python3.7/site-packages/airflow/example_dags/example_skip_dag.py
[2021-03-17 20:04:03,872] {scheduler_job.py:639} INFO - DAG(s) dict_keys(['example_skip_dag']) retrieved from /Users/harika/Desktop/CSYE_7245/Labs/airflow_tfx_lab/vlab/lib/python3.7/site-packages/airflow/example_dags/example_skip_dag.py
[2021-03-17 20:04:03,895] {logging_mixin.py:104} INFO - [2021-03-17 20:04:03,895] {dag.py:1818} INFO - Sync 1 DAGs
[2021-03-17 20:04:03,910] {logging_mixin.py:104} INFO - [2021-03-17 20:04:03,909] {dag.py:2273} INFO - Setting next_dagrun for example_skip_dag to 2021-03-16 00:00:00+00:00
[2021-03-17 20:04:03,920] {scheduler_job.py:190} INFO - Processing /Users/harika/Desktop/CSYE_7245/Labs/airflow_tfx_lab/vlab/lib/python3.7/site-packages/airflow/example_dags/example_skip_dag.py took 0.078 seconds
[2021-03-17 20:04:43,324] {scheduler_job.py:182} INFO - Started process (PID=31333) to work on /Users/harika/Desktop/CSYE_7245/Labs/airflow_tfx_lab/vlab/lib/python3.7/site-packages/airflow/example_dags/example_skip_dag.py
[2021-03-17 20:04:43,327] {scheduler_job.py:629} INFO - Processing file /Users/harika/Desktop/CSYE_7245/Labs/airflow_tfx_lab/vlab/lib/python3.7/site-packages/airflow/example_dags/example_skip_dag.py for tasks to queue
[2021-03-17 20:04:43,331] {logging_mixin.py:104} INFO - [2021-03-17 20:04:43,330] {dagbag.py:448} INFO - Filling up the DagBag from /Users/harika/Desktop/CSYE_7245/Labs/airflow_tfx_lab/vlab/lib/python3.7/site-packages/airflow/example_dags/example_skip_dag.py
[2021-03-17 20:04:43,345] {scheduler_job.py:639} INFO - DAG(s) dict_keys(['example_skip_dag']) retrieved from /Users/harika/Desktop/CSYE_7245/Labs/airflow_tfx_lab/vlab/lib/python3.7/site-packages/airflow/example_dags/example_skip_dag.py
[2021-03-17 20:04:43,362] {logging_mixin.py:104} INFO - [2021-03-17 20:04:43,362] {dag.py:1818} INFO - Sync 1 DAGs
[2021-03-17 20:04:43,376] {logging_mixin.py:104} INFO - [2021-03-17 20:04:43,375] {dag.py:2273} INFO - Setting next_dagrun for example_skip_dag to 2021-03-16 00:00:00+00:00
[2021-03-17 20:04:43,388] {scheduler_job.py:190} INFO - Processing /Users/harika/Desktop/CSYE_7245/Labs/airflow_tfx_lab/vlab/lib/python3.7/site-packages/airflow/example_dags/example_skip_dag.py took 0.067 seconds
[2021-03-17 20:05:20,745] {scheduler_job.py:182} INFO - Started process (PID=31371) to work on /Users/harika/Desktop/CSYE_7245/Labs/airflow_tfx_lab/vlab/lib/python3.7/site-packages/airflow/example_dags/example_skip_dag.py
[2021-03-17 20:05:20,749] {scheduler_job.py:629} INFO - Processing file /Users/harika/Desktop/CSYE_7245/Labs/airflow_tfx_lab/vlab/lib/python3.7/site-packages/airflow/example_dags/example_skip_dag.py for tasks to queue
[2021-03-17 20:05:20,750] {logging_mixin.py:104} INFO - [2021-03-17 20:05:20,750] {dagbag.py:448} INFO - Filling up the DagBag from /Users/harika/Desktop/CSYE_7245/Labs/airflow_tfx_lab/vlab/lib/python3.7/site-packages/airflow/example_dags/example_skip_dag.py
[2021-03-17 20:05:20,765] {scheduler_job.py:639} INFO - DAG(s) dict_keys(['example_skip_dag']) retrieved from /Users/harika/Desktop/CSYE_7245/Labs/airflow_tfx_lab/vlab/lib/python3.7/site-packages/airflow/example_dags/example_skip_dag.py
[2021-03-17 20:05:20,782] {logging_mixin.py:104} INFO - [2021-03-17 20:05:20,782] {dag.py:1818} INFO - Sync 1 DAGs
[2021-03-17 20:05:20,795] {logging_mixin.py:104} INFO - [2021-03-17 20:05:20,795] {dag.py:2273} INFO - Setting next_dagrun for example_skip_dag to 2021-03-16 00:00:00+00:00
[2021-03-17 20:05:20,803] {scheduler_job.py:190} INFO - Processing /Users/harika/Desktop/CSYE_7245/Labs/airflow_tfx_lab/vlab/lib/python3.7/site-packages/airflow/example_dags/example_skip_dag.py took 0.063 seconds
[2021-03-17 20:06:01,243] {scheduler_job.py:182} INFO - Started process (PID=31401) to work on /Users/harika/Desktop/CSYE_7245/Labs/airflow_tfx_lab/vlab/lib/python3.7/site-packages/airflow/example_dags/example_skip_dag.py
[2021-03-17 20:06:01,246] {scheduler_job.py:629} INFO - Processing file /Users/harika/Desktop/CSYE_7245/Labs/airflow_tfx_lab/vlab/lib/python3.7/site-packages/airflow/example_dags/example_skip_dag.py for tasks to queue
[2021-03-17 20:06:01,248] {logging_mixin.py:104} INFO - [2021-03-17 20:06:01,248] {dagbag.py:448} INFO - Filling up the DagBag from /Users/harika/Desktop/CSYE_7245/Labs/airflow_tfx_lab/vlab/lib/python3.7/site-packages/airflow/example_dags/example_skip_dag.py
[2021-03-17 20:06:01,264] {scheduler_job.py:639} INFO - DAG(s) dict_keys(['example_skip_dag']) retrieved from /Users/harika/Desktop/CSYE_7245/Labs/airflow_tfx_lab/vlab/lib/python3.7/site-packages/airflow/example_dags/example_skip_dag.py
[2021-03-17 20:06:01,287] {logging_mixin.py:104} INFO - [2021-03-17 20:06:01,285] {dag.py:1818} INFO - Sync 1 DAGs
[2021-03-17 20:06:01,303] {logging_mixin.py:104} INFO - [2021-03-17 20:06:01,302] {dag.py:2273} INFO - Setting next_dagrun for example_skip_dag to 2021-03-16 00:00:00+00:00
[2021-03-17 20:06:01,314] {scheduler_job.py:190} INFO - Processing /Users/harika/Desktop/CSYE_7245/Labs/airflow_tfx_lab/vlab/lib/python3.7/site-packages/airflow/example_dags/example_skip_dag.py took 0.075 seconds
[2021-03-17 20:06:39,427] {scheduler_job.py:182} INFO - Started process (PID=31430) to work on /Users/harika/Desktop/CSYE_7245/Labs/airflow_tfx_lab/vlab/lib/python3.7/site-packages/airflow/example_dags/example_skip_dag.py
[2021-03-17 20:06:39,430] {scheduler_job.py:629} INFO - Processing file /Users/harika/Desktop/CSYE_7245/Labs/airflow_tfx_lab/vlab/lib/python3.7/site-packages/airflow/example_dags/example_skip_dag.py for tasks to queue
[2021-03-17 20:06:39,432] {logging_mixin.py:104} INFO - [2021-03-17 20:06:39,432] {dagbag.py:448} INFO - Filling up the DagBag from /Users/harika/Desktop/CSYE_7245/Labs/airflow_tfx_lab/vlab/lib/python3.7/site-packages/airflow/example_dags/example_skip_dag.py
[2021-03-17 20:06:39,451] {scheduler_job.py:639} INFO - DAG(s) dict_keys(['example_skip_dag']) retrieved from /Users/harika/Desktop/CSYE_7245/Labs/airflow_tfx_lab/vlab/lib/python3.7/site-packages/airflow/example_dags/example_skip_dag.py
[2021-03-17 20:06:39,474] {logging_mixin.py:104} INFO - [2021-03-17 20:06:39,473] {dag.py:1818} INFO - Sync 1 DAGs
[2021-03-17 20:06:39,494] {logging_mixin.py:104} INFO - [2021-03-17 20:06:39,493] {dag.py:2273} INFO - Setting next_dagrun for example_skip_dag to 2021-03-16 00:00:00+00:00
[2021-03-17 20:06:39,510] {scheduler_job.py:190} INFO - Processing /Users/harika/Desktop/CSYE_7245/Labs/airflow_tfx_lab/vlab/lib/python3.7/site-packages/airflow/example_dags/example_skip_dag.py took 0.088 seconds
[2021-03-17 20:07:19,030] {scheduler_job.py:182} INFO - Started process (PID=31459) to work on /Users/harika/Desktop/CSYE_7245/Labs/airflow_tfx_lab/vlab/lib/python3.7/site-packages/airflow/example_dags/example_skip_dag.py
[2021-03-17 20:07:19,031] {scheduler_job.py:629} INFO - Processing file /Users/harika/Desktop/CSYE_7245/Labs/airflow_tfx_lab/vlab/lib/python3.7/site-packages/airflow/example_dags/example_skip_dag.py for tasks to queue
[2021-03-17 20:07:19,033] {logging_mixin.py:104} INFO - [2021-03-17 20:07:19,033] {dagbag.py:448} INFO - Filling up the DagBag from /Users/harika/Desktop/CSYE_7245/Labs/airflow_tfx_lab/vlab/lib/python3.7/site-packages/airflow/example_dags/example_skip_dag.py
[2021-03-17 20:07:19,048] {scheduler_job.py:639} INFO - DAG(s) dict_keys(['example_skip_dag']) retrieved from /Users/harika/Desktop/CSYE_7245/Labs/airflow_tfx_lab/vlab/lib/python3.7/site-packages/airflow/example_dags/example_skip_dag.py
[2021-03-17 20:07:19,064] {logging_mixin.py:104} INFO - [2021-03-17 20:07:19,064] {dag.py:1818} INFO - Sync 1 DAGs
[2021-03-17 20:07:19,077] {logging_mixin.py:104} INFO - [2021-03-17 20:07:19,077] {dag.py:2273} INFO - Setting next_dagrun for example_skip_dag to 2021-03-16 00:00:00+00:00
[2021-03-17 20:07:19,087] {scheduler_job.py:190} INFO - Processing /Users/harika/Desktop/CSYE_7245/Labs/airflow_tfx_lab/vlab/lib/python3.7/site-packages/airflow/example_dags/example_skip_dag.py took 0.061 seconds
[2021-03-17 20:07:57,008] {scheduler_job.py:182} INFO - Started process (PID=31493) to work on /Users/harika/Desktop/CSYE_7245/Labs/airflow_tfx_lab/vlab/lib/python3.7/site-packages/airflow/example_dags/example_skip_dag.py
[2021-03-17 20:07:57,011] {scheduler_job.py:629} INFO - Processing file /Users/harika/Desktop/CSYE_7245/Labs/airflow_tfx_lab/vlab/lib/python3.7/site-packages/airflow/example_dags/example_skip_dag.py for tasks to queue
[2021-03-17 20:07:57,012] {logging_mixin.py:104} INFO - [2021-03-17 20:07:57,012] {dagbag.py:448} INFO - Filling up the DagBag from /Users/harika/Desktop/CSYE_7245/Labs/airflow_tfx_lab/vlab/lib/python3.7/site-packages/airflow/example_dags/example_skip_dag.py
[2021-03-17 20:07:57,029] {scheduler_job.py:639} INFO - DAG(s) dict_keys(['example_skip_dag']) retrieved from /Users/harika/Desktop/CSYE_7245/Labs/airflow_tfx_lab/vlab/lib/python3.7/site-packages/airflow/example_dags/example_skip_dag.py
[2021-03-17 20:07:57,045] {logging_mixin.py:104} INFO - [2021-03-17 20:07:57,045] {dag.py:1818} INFO - Sync 1 DAGs
[2021-03-17 20:07:57,060] {logging_mixin.py:104} INFO - [2021-03-17 20:07:57,060] {dag.py:2273} INFO - Setting next_dagrun for example_skip_dag to 2021-03-16 00:00:00+00:00
[2021-03-17 20:07:57,072] {scheduler_job.py:190} INFO - Processing /Users/harika/Desktop/CSYE_7245/Labs/airflow_tfx_lab/vlab/lib/python3.7/site-packages/airflow/example_dags/example_skip_dag.py took 0.069 seconds
[2021-03-17 20:08:37,660] {scheduler_job.py:182} INFO - Started process (PID=31531) to work on /Users/harika/Desktop/CSYE_7245/Labs/airflow_tfx_lab/vlab/lib/python3.7/site-packages/airflow/example_dags/example_skip_dag.py
[2021-03-17 20:08:37,663] {scheduler_job.py:629} INFO - Processing file /Users/harika/Desktop/CSYE_7245/Labs/airflow_tfx_lab/vlab/lib/python3.7/site-packages/airflow/example_dags/example_skip_dag.py for tasks to queue
[2021-03-17 20:08:37,666] {logging_mixin.py:104} INFO - [2021-03-17 20:08:37,666] {dagbag.py:448} INFO - Filling up the DagBag from /Users/harika/Desktop/CSYE_7245/Labs/airflow_tfx_lab/vlab/lib/python3.7/site-packages/airflow/example_dags/example_skip_dag.py
[2021-03-17 20:08:37,682] {scheduler_job.py:639} INFO - DAG(s) dict_keys(['example_skip_dag']) retrieved from /Users/harika/Desktop/CSYE_7245/Labs/airflow_tfx_lab/vlab/lib/python3.7/site-packages/airflow/example_dags/example_skip_dag.py
[2021-03-17 20:08:37,700] {logging_mixin.py:104} INFO - [2021-03-17 20:08:37,700] {dag.py:1818} INFO - Sync 1 DAGs
[2021-03-17 20:08:37,717] {logging_mixin.py:104} INFO - [2021-03-17 20:08:37,716] {dag.py:2273} INFO - Setting next_dagrun for example_skip_dag to 2021-03-16 00:00:00+00:00
[2021-03-17 20:08:37,727] {scheduler_job.py:190} INFO - Processing /Users/harika/Desktop/CSYE_7245/Labs/airflow_tfx_lab/vlab/lib/python3.7/site-packages/airflow/example_dags/example_skip_dag.py took 0.071 seconds
[2021-03-17 20:09:16,748] {scheduler_job.py:182} INFO - Started process (PID=31565) to work on /Users/harika/Desktop/CSYE_7245/Labs/airflow_tfx_lab/vlab/lib/python3.7/site-packages/airflow/example_dags/example_skip_dag.py
[2021-03-17 20:09:16,750] {scheduler_job.py:629} INFO - Processing file /Users/harika/Desktop/CSYE_7245/Labs/airflow_tfx_lab/vlab/lib/python3.7/site-packages/airflow/example_dags/example_skip_dag.py for tasks to queue
[2021-03-17 20:09:16,752] {logging_mixin.py:104} INFO - [2021-03-17 20:09:16,752] {dagbag.py:448} INFO - Filling up the DagBag from /Users/harika/Desktop/CSYE_7245/Labs/airflow_tfx_lab/vlab/lib/python3.7/site-packages/airflow/example_dags/example_skip_dag.py
[2021-03-17 20:09:16,768] {scheduler_job.py:639} INFO - DAG(s) dict_keys(['example_skip_dag']) retrieved from /Users/harika/Desktop/CSYE_7245/Labs/airflow_tfx_lab/vlab/lib/python3.7/site-packages/airflow/example_dags/example_skip_dag.py
[2021-03-17 20:09:16,786] {logging_mixin.py:104} INFO - [2021-03-17 20:09:16,786] {dag.py:1818} INFO - Sync 1 DAGs
[2021-03-17 20:09:16,806] {logging_mixin.py:104} INFO - [2021-03-17 20:09:16,806] {dag.py:2273} INFO - Setting next_dagrun for example_skip_dag to 2021-03-16 00:00:00+00:00
[2021-03-17 20:09:16,814] {scheduler_job.py:190} INFO - Processing /Users/harika/Desktop/CSYE_7245/Labs/airflow_tfx_lab/vlab/lib/python3.7/site-packages/airflow/example_dags/example_skip_dag.py took 0.072 seconds
[2021-03-17 20:09:54,954] {scheduler_job.py:182} INFO - Started process (PID=31599) to work on /Users/harika/Desktop/CSYE_7245/Labs/airflow_tfx_lab/vlab/lib/python3.7/site-packages/airflow/example_dags/example_skip_dag.py
[2021-03-17 20:09:54,957] {scheduler_job.py:629} INFO - Processing file /Users/harika/Desktop/CSYE_7245/Labs/airflow_tfx_lab/vlab/lib/python3.7/site-packages/airflow/example_dags/example_skip_dag.py for tasks to queue
[2021-03-17 20:09:54,959] {logging_mixin.py:104} INFO - [2021-03-17 20:09:54,959] {dagbag.py:448} INFO - Filling up the DagBag from /Users/harika/Desktop/CSYE_7245/Labs/airflow_tfx_lab/vlab/lib/python3.7/site-packages/airflow/example_dags/example_skip_dag.py
[2021-03-17 20:09:54,973] {scheduler_job.py:639} INFO - DAG(s) dict_keys(['example_skip_dag']) retrieved from /Users/harika/Desktop/CSYE_7245/Labs/airflow_tfx_lab/vlab/lib/python3.7/site-packages/airflow/example_dags/example_skip_dag.py
[2021-03-17 20:09:54,990] {logging_mixin.py:104} INFO - [2021-03-17 20:09:54,989] {dag.py:1818} INFO - Sync 1 DAGs
[2021-03-17 20:09:55,005] {logging_mixin.py:104} INFO - [2021-03-17 20:09:55,004] {dag.py:2273} INFO - Setting next_dagrun for example_skip_dag to 2021-03-16 00:00:00+00:00
[2021-03-17 20:09:55,013] {scheduler_job.py:190} INFO - Processing /Users/harika/Desktop/CSYE_7245/Labs/airflow_tfx_lab/vlab/lib/python3.7/site-packages/airflow/example_dags/example_skip_dag.py took 0.063 seconds
[2021-03-17 20:10:35,559] {scheduler_job.py:182} INFO - Started process (PID=31643) to work on /Users/harika/Desktop/CSYE_7245/Labs/airflow_tfx_lab/vlab/lib/python3.7/site-packages/airflow/example_dags/example_skip_dag.py
[2021-03-17 20:10:35,564] {scheduler_job.py:629} INFO - Processing file /Users/harika/Desktop/CSYE_7245/Labs/airflow_tfx_lab/vlab/lib/python3.7/site-packages/airflow/example_dags/example_skip_dag.py for tasks to queue
[2021-03-17 20:10:35,566] {logging_mixin.py:104} INFO - [2021-03-17 20:10:35,565] {dagbag.py:448} INFO - Filling up the DagBag from /Users/harika/Desktop/CSYE_7245/Labs/airflow_tfx_lab/vlab/lib/python3.7/site-packages/airflow/example_dags/example_skip_dag.py
[2021-03-17 20:10:35,582] {scheduler_job.py:639} INFO - DAG(s) dict_keys(['example_skip_dag']) retrieved from /Users/harika/Desktop/CSYE_7245/Labs/airflow_tfx_lab/vlab/lib/python3.7/site-packages/airflow/example_dags/example_skip_dag.py
[2021-03-17 20:10:35,605] {logging_mixin.py:104} INFO - [2021-03-17 20:10:35,605] {dag.py:1818} INFO - Sync 1 DAGs
[2021-03-17 20:10:35,622] {logging_mixin.py:104} INFO - [2021-03-17 20:10:35,621] {dag.py:2273} INFO - Setting next_dagrun for example_skip_dag to 2021-03-16 00:00:00+00:00
[2021-03-17 20:10:35,632] {scheduler_job.py:190} INFO - Processing /Users/harika/Desktop/CSYE_7245/Labs/airflow_tfx_lab/vlab/lib/python3.7/site-packages/airflow/example_dags/example_skip_dag.py took 0.078 seconds
[2021-03-17 20:11:15,005] {scheduler_job.py:182} INFO - Started process (PID=31672) to work on /Users/harika/Desktop/CSYE_7245/Labs/airflow_tfx_lab/vlab/lib/python3.7/site-packages/airflow/example_dags/example_skip_dag.py
[2021-03-17 20:11:15,008] {scheduler_job.py:629} INFO - Processing file /Users/harika/Desktop/CSYE_7245/Labs/airflow_tfx_lab/vlab/lib/python3.7/site-packages/airflow/example_dags/example_skip_dag.py for tasks to queue
[2021-03-17 20:11:15,010] {logging_mixin.py:104} INFO - [2021-03-17 20:11:15,010] {dagbag.py:448} INFO - Filling up the DagBag from /Users/harika/Desktop/CSYE_7245/Labs/airflow_tfx_lab/vlab/lib/python3.7/site-packages/airflow/example_dags/example_skip_dag.py
[2021-03-17 20:11:15,025] {scheduler_job.py:639} INFO - DAG(s) dict_keys(['example_skip_dag']) retrieved from /Users/harika/Desktop/CSYE_7245/Labs/airflow_tfx_lab/vlab/lib/python3.7/site-packages/airflow/example_dags/example_skip_dag.py
[2021-03-17 20:11:15,041] {logging_mixin.py:104} INFO - [2021-03-17 20:11:15,040] {dag.py:1818} INFO - Sync 1 DAGs
[2021-03-17 20:11:15,054] {logging_mixin.py:104} INFO - [2021-03-17 20:11:15,054] {dag.py:2273} INFO - Setting next_dagrun for example_skip_dag to 2021-03-16 00:00:00+00:00
[2021-03-17 20:11:15,063] {scheduler_job.py:190} INFO - Processing /Users/harika/Desktop/CSYE_7245/Labs/airflow_tfx_lab/vlab/lib/python3.7/site-packages/airflow/example_dags/example_skip_dag.py took 0.062 seconds
[2021-03-17 20:11:54,141] {scheduler_job.py:182} INFO - Started process (PID=31717) to work on /Users/harika/Desktop/CSYE_7245/Labs/airflow_tfx_lab/vlab/lib/python3.7/site-packages/airflow/example_dags/example_skip_dag.py
[2021-03-17 20:11:54,144] {scheduler_job.py:629} INFO - Processing file /Users/harika/Desktop/CSYE_7245/Labs/airflow_tfx_lab/vlab/lib/python3.7/site-packages/airflow/example_dags/example_skip_dag.py for tasks to queue
[2021-03-17 20:11:54,146] {logging_mixin.py:104} INFO - [2021-03-17 20:11:54,145] {dagbag.py:448} INFO - Filling up the DagBag from /Users/harika/Desktop/CSYE_7245/Labs/airflow_tfx_lab/vlab/lib/python3.7/site-packages/airflow/example_dags/example_skip_dag.py
[2021-03-17 20:11:54,161] {scheduler_job.py:639} INFO - DAG(s) dict_keys(['example_skip_dag']) retrieved from /Users/harika/Desktop/CSYE_7245/Labs/airflow_tfx_lab/vlab/lib/python3.7/site-packages/airflow/example_dags/example_skip_dag.py
[2021-03-17 20:11:54,177] {logging_mixin.py:104} INFO - [2021-03-17 20:11:54,177] {dag.py:1818} INFO - Sync 1 DAGs
[2021-03-17 20:11:54,190] {logging_mixin.py:104} INFO - [2021-03-17 20:11:54,190] {dag.py:2273} INFO - Setting next_dagrun for example_skip_dag to 2021-03-16 00:00:00+00:00
[2021-03-17 20:11:54,200] {scheduler_job.py:190} INFO - Processing /Users/harika/Desktop/CSYE_7245/Labs/airflow_tfx_lab/vlab/lib/python3.7/site-packages/airflow/example_dags/example_skip_dag.py took 0.064 seconds
[2021-03-17 20:12:34,638] {scheduler_job.py:182} INFO - Started process (PID=31746) to work on /Users/harika/Desktop/CSYE_7245/Labs/airflow_tfx_lab/vlab/lib/python3.7/site-packages/airflow/example_dags/example_skip_dag.py
[2021-03-17 20:12:34,641] {scheduler_job.py:629} INFO - Processing file /Users/harika/Desktop/CSYE_7245/Labs/airflow_tfx_lab/vlab/lib/python3.7/site-packages/airflow/example_dags/example_skip_dag.py for tasks to queue
[2021-03-17 20:12:34,643] {logging_mixin.py:104} INFO - [2021-03-17 20:12:34,642] {dagbag.py:448} INFO - Filling up the DagBag from /Users/harika/Desktop/CSYE_7245/Labs/airflow_tfx_lab/vlab/lib/python3.7/site-packages/airflow/example_dags/example_skip_dag.py
[2021-03-17 20:12:34,656] {scheduler_job.py:639} INFO - DAG(s) dict_keys(['example_skip_dag']) retrieved from /Users/harika/Desktop/CSYE_7245/Labs/airflow_tfx_lab/vlab/lib/python3.7/site-packages/airflow/example_dags/example_skip_dag.py
[2021-03-17 20:12:34,673] {logging_mixin.py:104} INFO - [2021-03-17 20:12:34,673] {dag.py:1818} INFO - Sync 1 DAGs
[2021-03-17 20:12:34,781] {logging_mixin.py:104} INFO - [2021-03-17 20:12:34,780] {dag.py:2273} INFO - Setting next_dagrun for example_skip_dag to 2021-03-16 00:00:00+00:00
[2021-03-17 20:12:34,788] {scheduler_job.py:190} INFO - Processing /Users/harika/Desktop/CSYE_7245/Labs/airflow_tfx_lab/vlab/lib/python3.7/site-packages/airflow/example_dags/example_skip_dag.py took 0.154 seconds
[2021-03-17 20:13:12,315] {scheduler_job.py:182} INFO - Started process (PID=31782) to work on /Users/harika/Desktop/CSYE_7245/Labs/airflow_tfx_lab/vlab/lib/python3.7/site-packages/airflow/example_dags/example_skip_dag.py
[2021-03-17 20:13:12,317] {scheduler_job.py:629} INFO - Processing file /Users/harika/Desktop/CSYE_7245/Labs/airflow_tfx_lab/vlab/lib/python3.7/site-packages/airflow/example_dags/example_skip_dag.py for tasks to queue
[2021-03-17 20:13:12,319] {logging_mixin.py:104} INFO - [2021-03-17 20:13:12,318] {dagbag.py:448} INFO - Filling up the DagBag from /Users/harika/Desktop/CSYE_7245/Labs/airflow_tfx_lab/vlab/lib/python3.7/site-packages/airflow/example_dags/example_skip_dag.py
[2021-03-17 20:13:12,338] {scheduler_job.py:639} INFO - DAG(s) dict_keys(['example_skip_dag']) retrieved from /Users/harika/Desktop/CSYE_7245/Labs/airflow_tfx_lab/vlab/lib/python3.7/site-packages/airflow/example_dags/example_skip_dag.py
[2021-03-17 20:13:12,358] {logging_mixin.py:104} INFO - [2021-03-17 20:13:12,357] {dag.py:1818} INFO - Sync 1 DAGs
[2021-03-17 20:13:12,485] {logging_mixin.py:104} INFO - [2021-03-17 20:13:12,485] {dag.py:2273} INFO - Setting next_dagrun for example_skip_dag to 2021-03-16 00:00:00+00:00
[2021-03-17 20:13:12,494] {scheduler_job.py:190} INFO - Processing /Users/harika/Desktop/CSYE_7245/Labs/airflow_tfx_lab/vlab/lib/python3.7/site-packages/airflow/example_dags/example_skip_dag.py took 0.184 seconds
[2021-03-17 20:13:53,106] {scheduler_job.py:182} INFO - Started process (PID=31812) to work on /Users/harika/Desktop/CSYE_7245/Labs/airflow_tfx_lab/vlab/lib/python3.7/site-packages/airflow/example_dags/example_skip_dag.py
[2021-03-17 20:13:53,109] {scheduler_job.py:629} INFO - Processing file /Users/harika/Desktop/CSYE_7245/Labs/airflow_tfx_lab/vlab/lib/python3.7/site-packages/airflow/example_dags/example_skip_dag.py for tasks to queue
[2021-03-17 20:13:53,112] {logging_mixin.py:104} INFO - [2021-03-17 20:13:53,111] {dagbag.py:448} INFO - Filling up the DagBag from /Users/harika/Desktop/CSYE_7245/Labs/airflow_tfx_lab/vlab/lib/python3.7/site-packages/airflow/example_dags/example_skip_dag.py
[2021-03-17 20:13:53,130] {scheduler_job.py:639} INFO - DAG(s) dict_keys(['example_skip_dag']) retrieved from /Users/harika/Desktop/CSYE_7245/Labs/airflow_tfx_lab/vlab/lib/python3.7/site-packages/airflow/example_dags/example_skip_dag.py
[2021-03-17 20:13:53,147] {logging_mixin.py:104} INFO - [2021-03-17 20:13:53,147] {dag.py:1818} INFO - Sync 1 DAGs
[2021-03-17 20:13:53,248] {logging_mixin.py:104} INFO - [2021-03-17 20:13:53,248] {dag.py:2273} INFO - Setting next_dagrun for example_skip_dag to 2021-03-16 00:00:00+00:00
[2021-03-17 20:13:53,259] {scheduler_job.py:190} INFO - Processing /Users/harika/Desktop/CSYE_7245/Labs/airflow_tfx_lab/vlab/lib/python3.7/site-packages/airflow/example_dags/example_skip_dag.py took 0.160 seconds
[2021-03-17 20:14:32,032] {scheduler_job.py:182} INFO - Started process (PID=31842) to work on /Users/harika/Desktop/CSYE_7245/Labs/airflow_tfx_lab/vlab/lib/python3.7/site-packages/airflow/example_dags/example_skip_dag.py
[2021-03-17 20:14:32,034] {scheduler_job.py:629} INFO - Processing file /Users/harika/Desktop/CSYE_7245/Labs/airflow_tfx_lab/vlab/lib/python3.7/site-packages/airflow/example_dags/example_skip_dag.py for tasks to queue
[2021-03-17 20:14:32,036] {logging_mixin.py:104} INFO - [2021-03-17 20:14:32,035] {dagbag.py:448} INFO - Filling up the DagBag from /Users/harika/Desktop/CSYE_7245/Labs/airflow_tfx_lab/vlab/lib/python3.7/site-packages/airflow/example_dags/example_skip_dag.py
[2021-03-17 20:14:32,061] {scheduler_job.py:639} INFO - DAG(s) dict_keys(['example_skip_dag']) retrieved from /Users/harika/Desktop/CSYE_7245/Labs/airflow_tfx_lab/vlab/lib/python3.7/site-packages/airflow/example_dags/example_skip_dag.py
[2021-03-17 20:14:32,080] {logging_mixin.py:104} INFO - [2021-03-17 20:14:32,079] {dag.py:1818} INFO - Sync 1 DAGs
[2021-03-17 20:14:32,178] {logging_mixin.py:104} INFO - [2021-03-17 20:14:32,177] {dag.py:2273} INFO - Setting next_dagrun for example_skip_dag to 2021-03-16 00:00:00+00:00
[2021-03-17 20:14:32,185] {scheduler_job.py:190} INFO - Processing /Users/harika/Desktop/CSYE_7245/Labs/airflow_tfx_lab/vlab/lib/python3.7/site-packages/airflow/example_dags/example_skip_dag.py took 0.157 seconds
[2021-03-17 20:15:07,198] {scheduler_job.py:182} INFO - Started process (PID=31869) to work on /Users/harika/Desktop/CSYE_7245/Labs/airflow_tfx_lab/vlab/lib/python3.7/site-packages/airflow/example_dags/example_skip_dag.py
[2021-03-17 20:15:07,201] {scheduler_job.py:629} INFO - Processing file /Users/harika/Desktop/CSYE_7245/Labs/airflow_tfx_lab/vlab/lib/python3.7/site-packages/airflow/example_dags/example_skip_dag.py for tasks to queue
[2021-03-17 20:15:07,204] {logging_mixin.py:104} INFO - [2021-03-17 20:15:07,203] {dagbag.py:448} INFO - Filling up the DagBag from /Users/harika/Desktop/CSYE_7245/Labs/airflow_tfx_lab/vlab/lib/python3.7/site-packages/airflow/example_dags/example_skip_dag.py
[2021-03-17 20:15:07,223] {scheduler_job.py:639} INFO - DAG(s) dict_keys(['example_skip_dag']) retrieved from /Users/harika/Desktop/CSYE_7245/Labs/airflow_tfx_lab/vlab/lib/python3.7/site-packages/airflow/example_dags/example_skip_dag.py
[2021-03-17 20:15:07,239] {logging_mixin.py:104} INFO - [2021-03-17 20:15:07,239] {dag.py:1818} INFO - Sync 1 DAGs
[2021-03-17 20:15:07,338] {logging_mixin.py:104} INFO - [2021-03-17 20:15:07,337] {dag.py:2273} INFO - Setting next_dagrun for example_skip_dag to 2021-03-16 00:00:00+00:00
[2021-03-17 20:15:07,345] {scheduler_job.py:190} INFO - Processing /Users/harika/Desktop/CSYE_7245/Labs/airflow_tfx_lab/vlab/lib/python3.7/site-packages/airflow/example_dags/example_skip_dag.py took 0.151 seconds
[2021-03-17 20:15:49,722] {scheduler_job.py:182} INFO - Started process (PID=31908) to work on /Users/harika/Desktop/CSYE_7245/Labs/airflow_tfx_lab/vlab/lib/python3.7/site-packages/airflow/example_dags/example_skip_dag.py
[2021-03-17 20:15:49,725] {scheduler_job.py:629} INFO - Processing file /Users/harika/Desktop/CSYE_7245/Labs/airflow_tfx_lab/vlab/lib/python3.7/site-packages/airflow/example_dags/example_skip_dag.py for tasks to queue
[2021-03-17 20:15:49,726] {logging_mixin.py:104} INFO - [2021-03-17 20:15:49,726] {dagbag.py:448} INFO - Filling up the DagBag from /Users/harika/Desktop/CSYE_7245/Labs/airflow_tfx_lab/vlab/lib/python3.7/site-packages/airflow/example_dags/example_skip_dag.py
[2021-03-17 20:15:49,742] {scheduler_job.py:639} INFO - DAG(s) dict_keys(['example_skip_dag']) retrieved from /Users/harika/Desktop/CSYE_7245/Labs/airflow_tfx_lab/vlab/lib/python3.7/site-packages/airflow/example_dags/example_skip_dag.py
[2021-03-17 20:15:49,846] {logging_mixin.py:104} INFO - [2021-03-17 20:15:49,845] {dag.py:1818} INFO - Sync 1 DAGs
[2021-03-17 20:15:49,857] {logging_mixin.py:104} INFO - [2021-03-17 20:15:49,856] {dag.py:2273} INFO - Setting next_dagrun for example_skip_dag to 2021-03-16 00:00:00+00:00
[2021-03-17 20:15:49,868] {scheduler_job.py:190} INFO - Processing /Users/harika/Desktop/CSYE_7245/Labs/airflow_tfx_lab/vlab/lib/python3.7/site-packages/airflow/example_dags/example_skip_dag.py took 0.151 seconds
[2021-03-17 20:16:26,555] {scheduler_job.py:182} INFO - Started process (PID=31943) to work on /Users/harika/Desktop/CSYE_7245/Labs/airflow_tfx_lab/vlab/lib/python3.7/site-packages/airflow/example_dags/example_skip_dag.py
[2021-03-17 20:16:26,556] {scheduler_job.py:629} INFO - Processing file /Users/harika/Desktop/CSYE_7245/Labs/airflow_tfx_lab/vlab/lib/python3.7/site-packages/airflow/example_dags/example_skip_dag.py for tasks to queue
[2021-03-17 20:16:26,558] {logging_mixin.py:104} INFO - [2021-03-17 20:16:26,557] {dagbag.py:448} INFO - Filling up the DagBag from /Users/harika/Desktop/CSYE_7245/Labs/airflow_tfx_lab/vlab/lib/python3.7/site-packages/airflow/example_dags/example_skip_dag.py
[2021-03-17 20:16:26,573] {scheduler_job.py:639} INFO - DAG(s) dict_keys(['example_skip_dag']) retrieved from /Users/harika/Desktop/CSYE_7245/Labs/airflow_tfx_lab/vlab/lib/python3.7/site-packages/airflow/example_dags/example_skip_dag.py
[2021-03-17 20:16:26,688] {logging_mixin.py:104} INFO - [2021-03-17 20:16:26,687] {dag.py:1818} INFO - Sync 1 DAGs
[2021-03-17 20:16:26,699] {logging_mixin.py:104} INFO - [2021-03-17 20:16:26,698] {dag.py:2273} INFO - Setting next_dagrun for example_skip_dag to 2021-03-16 00:00:00+00:00
[2021-03-17 20:16:26,707] {scheduler_job.py:190} INFO - Processing /Users/harika/Desktop/CSYE_7245/Labs/airflow_tfx_lab/vlab/lib/python3.7/site-packages/airflow/example_dags/example_skip_dag.py took 0.156 seconds
[2021-03-17 20:17:06,343] {scheduler_job.py:182} INFO - Started process (PID=31975) to work on /Users/harika/Desktop/CSYE_7245/Labs/airflow_tfx_lab/vlab/lib/python3.7/site-packages/airflow/example_dags/example_skip_dag.py
[2021-03-17 20:17:06,345] {scheduler_job.py:629} INFO - Processing file /Users/harika/Desktop/CSYE_7245/Labs/airflow_tfx_lab/vlab/lib/python3.7/site-packages/airflow/example_dags/example_skip_dag.py for tasks to queue
[2021-03-17 20:17:06,346] {logging_mixin.py:104} INFO - [2021-03-17 20:17:06,346] {dagbag.py:448} INFO - Filling up the DagBag from /Users/harika/Desktop/CSYE_7245/Labs/airflow_tfx_lab/vlab/lib/python3.7/site-packages/airflow/example_dags/example_skip_dag.py
[2021-03-17 20:17:06,361] {scheduler_job.py:639} INFO - DAG(s) dict_keys(['example_skip_dag']) retrieved from /Users/harika/Desktop/CSYE_7245/Labs/airflow_tfx_lab/vlab/lib/python3.7/site-packages/airflow/example_dags/example_skip_dag.py
[2021-03-17 20:17:06,469] {logging_mixin.py:104} INFO - [2021-03-17 20:17:06,469] {dag.py:1818} INFO - Sync 1 DAGs
[2021-03-17 20:17:06,480] {logging_mixin.py:104} INFO - [2021-03-17 20:17:06,479] {dag.py:2273} INFO - Setting next_dagrun for example_skip_dag to 2021-03-16 00:00:00+00:00
[2021-03-17 20:17:06,487] {scheduler_job.py:190} INFO - Processing /Users/harika/Desktop/CSYE_7245/Labs/airflow_tfx_lab/vlab/lib/python3.7/site-packages/airflow/example_dags/example_skip_dag.py took 0.149 seconds
[2021-03-17 20:17:43,321] {scheduler_job.py:182} INFO - Started process (PID=32003) to work on /Users/harika/Desktop/CSYE_7245/Labs/airflow_tfx_lab/vlab/lib/python3.7/site-packages/airflow/example_dags/example_skip_dag.py
[2021-03-17 20:17:43,324] {scheduler_job.py:629} INFO - Processing file /Users/harika/Desktop/CSYE_7245/Labs/airflow_tfx_lab/vlab/lib/python3.7/site-packages/airflow/example_dags/example_skip_dag.py for tasks to queue
[2021-03-17 20:17:43,326] {logging_mixin.py:104} INFO - [2021-03-17 20:17:43,325] {dagbag.py:448} INFO - Filling up the DagBag from /Users/harika/Desktop/CSYE_7245/Labs/airflow_tfx_lab/vlab/lib/python3.7/site-packages/airflow/example_dags/example_skip_dag.py
[2021-03-17 20:17:43,340] {scheduler_job.py:639} INFO - DAG(s) dict_keys(['example_skip_dag']) retrieved from /Users/harika/Desktop/CSYE_7245/Labs/airflow_tfx_lab/vlab/lib/python3.7/site-packages/airflow/example_dags/example_skip_dag.py
[2021-03-17 20:17:43,455] {logging_mixin.py:104} INFO - [2021-03-17 20:17:43,454] {dag.py:1818} INFO - Sync 1 DAGs
[2021-03-17 20:17:43,466] {logging_mixin.py:104} INFO - [2021-03-17 20:17:43,465] {dag.py:2273} INFO - Setting next_dagrun for example_skip_dag to 2021-03-16 00:00:00+00:00
[2021-03-17 20:17:43,474] {scheduler_job.py:190} INFO - Processing /Users/harika/Desktop/CSYE_7245/Labs/airflow_tfx_lab/vlab/lib/python3.7/site-packages/airflow/example_dags/example_skip_dag.py took 0.159 seconds
[2021-03-17 20:18:26,765] {scheduler_job.py:182} INFO - Started process (PID=32056) to work on /Users/harika/Desktop/CSYE_7245/Labs/airflow_tfx_lab/vlab/lib/python3.7/site-packages/airflow/example_dags/example_skip_dag.py
[2021-03-17 20:18:26,767] {scheduler_job.py:629} INFO - Processing file /Users/harika/Desktop/CSYE_7245/Labs/airflow_tfx_lab/vlab/lib/python3.7/site-packages/airflow/example_dags/example_skip_dag.py for tasks to queue
[2021-03-17 20:18:26,769] {logging_mixin.py:104} INFO - [2021-03-17 20:18:26,768] {dagbag.py:448} INFO - Filling up the DagBag from /Users/harika/Desktop/CSYE_7245/Labs/airflow_tfx_lab/vlab/lib/python3.7/site-packages/airflow/example_dags/example_skip_dag.py
[2021-03-17 20:18:26,888] {scheduler_job.py:639} INFO - DAG(s) dict_keys(['example_skip_dag']) retrieved from /Users/harika/Desktop/CSYE_7245/Labs/airflow_tfx_lab/vlab/lib/python3.7/site-packages/airflow/example_dags/example_skip_dag.py
[2021-03-17 20:18:26,902] {logging_mixin.py:104} INFO - [2021-03-17 20:18:26,902] {dag.py:1818} INFO - Sync 1 DAGs
[2021-03-17 20:18:26,913] {logging_mixin.py:104} INFO - [2021-03-17 20:18:26,913] {dag.py:2273} INFO - Setting next_dagrun for example_skip_dag to 2021-03-16 00:00:00+00:00
[2021-03-17 20:18:26,920] {scheduler_job.py:190} INFO - Processing /Users/harika/Desktop/CSYE_7245/Labs/airflow_tfx_lab/vlab/lib/python3.7/site-packages/airflow/example_dags/example_skip_dag.py took 0.162 seconds
[2021-03-17 20:19:07,648] {scheduler_job.py:182} INFO - Started process (PID=32090) to work on /Users/harika/Desktop/CSYE_7245/Labs/airflow_tfx_lab/vlab/lib/python3.7/site-packages/airflow/example_dags/example_skip_dag.py
[2021-03-17 20:19:07,651] {scheduler_job.py:629} INFO - Processing file /Users/harika/Desktop/CSYE_7245/Labs/airflow_tfx_lab/vlab/lib/python3.7/site-packages/airflow/example_dags/example_skip_dag.py for tasks to queue
[2021-03-17 20:19:07,654] {logging_mixin.py:104} INFO - [2021-03-17 20:19:07,653] {dagbag.py:448} INFO - Filling up the DagBag from /Users/harika/Desktop/CSYE_7245/Labs/airflow_tfx_lab/vlab/lib/python3.7/site-packages/airflow/example_dags/example_skip_dag.py
[2021-03-17 20:19:07,762] {scheduler_job.py:639} INFO - DAG(s) dict_keys(['example_skip_dag']) retrieved from /Users/harika/Desktop/CSYE_7245/Labs/airflow_tfx_lab/vlab/lib/python3.7/site-packages/airflow/example_dags/example_skip_dag.py
[2021-03-17 20:19:07,775] {logging_mixin.py:104} INFO - [2021-03-17 20:19:07,774] {dag.py:1818} INFO - Sync 1 DAGs
[2021-03-17 20:19:07,788] {logging_mixin.py:104} INFO - [2021-03-17 20:19:07,787] {dag.py:2273} INFO - Setting next_dagrun for example_skip_dag to 2021-03-16 00:00:00+00:00
[2021-03-17 20:19:07,798] {scheduler_job.py:190} INFO - Processing /Users/harika/Desktop/CSYE_7245/Labs/airflow_tfx_lab/vlab/lib/python3.7/site-packages/airflow/example_dags/example_skip_dag.py took 0.155 seconds
[2021-03-17 20:19:45,907] {scheduler_job.py:182} INFO - Started process (PID=32124) to work on /Users/harika/Desktop/CSYE_7245/Labs/airflow_tfx_lab/vlab/lib/python3.7/site-packages/airflow/example_dags/example_skip_dag.py
[2021-03-17 20:19:45,909] {scheduler_job.py:629} INFO - Processing file /Users/harika/Desktop/CSYE_7245/Labs/airflow_tfx_lab/vlab/lib/python3.7/site-packages/airflow/example_dags/example_skip_dag.py for tasks to queue
[2021-03-17 20:19:45,911] {logging_mixin.py:104} INFO - [2021-03-17 20:19:45,911] {dagbag.py:448} INFO - Filling up the DagBag from /Users/harika/Desktop/CSYE_7245/Labs/airflow_tfx_lab/vlab/lib/python3.7/site-packages/airflow/example_dags/example_skip_dag.py
[2021-03-17 20:19:46,030] {scheduler_job.py:639} INFO - DAG(s) dict_keys(['example_skip_dag']) retrieved from /Users/harika/Desktop/CSYE_7245/Labs/airflow_tfx_lab/vlab/lib/python3.7/site-packages/airflow/example_dags/example_skip_dag.py
[2021-03-17 20:19:46,045] {logging_mixin.py:104} INFO - [2021-03-17 20:19:46,044] {dag.py:1818} INFO - Sync 1 DAGs
[2021-03-17 20:19:46,060] {logging_mixin.py:104} INFO - [2021-03-17 20:19:46,060] {dag.py:2273} INFO - Setting next_dagrun for example_skip_dag to 2021-03-16 00:00:00+00:00
[2021-03-17 20:19:46,068] {scheduler_job.py:190} INFO - Processing /Users/harika/Desktop/CSYE_7245/Labs/airflow_tfx_lab/vlab/lib/python3.7/site-packages/airflow/example_dags/example_skip_dag.py took 0.166 seconds
[2021-03-17 20:20:25,543] {scheduler_job.py:182} INFO - Started process (PID=32153) to work on /Users/harika/Desktop/CSYE_7245/Labs/airflow_tfx_lab/vlab/lib/python3.7/site-packages/airflow/example_dags/example_skip_dag.py
[2021-03-17 20:20:25,545] {scheduler_job.py:629} INFO - Processing file /Users/harika/Desktop/CSYE_7245/Labs/airflow_tfx_lab/vlab/lib/python3.7/site-packages/airflow/example_dags/example_skip_dag.py for tasks to queue
[2021-03-17 20:20:25,546] {logging_mixin.py:104} INFO - [2021-03-17 20:20:25,546] {dagbag.py:448} INFO - Filling up the DagBag from /Users/harika/Desktop/CSYE_7245/Labs/airflow_tfx_lab/vlab/lib/python3.7/site-packages/airflow/example_dags/example_skip_dag.py
[2021-03-17 20:20:25,673] {scheduler_job.py:639} INFO - DAG(s) dict_keys(['example_skip_dag']) retrieved from /Users/harika/Desktop/CSYE_7245/Labs/airflow_tfx_lab/vlab/lib/python3.7/site-packages/airflow/example_dags/example_skip_dag.py
[2021-03-17 20:20:25,688] {logging_mixin.py:104} INFO - [2021-03-17 20:20:25,686] {dag.py:1818} INFO - Sync 1 DAGs
[2021-03-17 20:20:25,700] {logging_mixin.py:104} INFO - [2021-03-17 20:20:25,699] {dag.py:2273} INFO - Setting next_dagrun for example_skip_dag to 2021-03-16 00:00:00+00:00
[2021-03-17 20:20:25,712] {scheduler_job.py:190} INFO - Processing /Users/harika/Desktop/CSYE_7245/Labs/airflow_tfx_lab/vlab/lib/python3.7/site-packages/airflow/example_dags/example_skip_dag.py took 0.178 seconds
[2021-03-17 20:21:05,504] {scheduler_job.py:182} INFO - Started process (PID=32184) to work on /Users/harika/Desktop/CSYE_7245/Labs/airflow_tfx_lab/vlab/lib/python3.7/site-packages/airflow/example_dags/example_skip_dag.py
[2021-03-17 20:21:05,506] {scheduler_job.py:629} INFO - Processing file /Users/harika/Desktop/CSYE_7245/Labs/airflow_tfx_lab/vlab/lib/python3.7/site-packages/airflow/example_dags/example_skip_dag.py for tasks to queue
[2021-03-17 20:21:05,508] {logging_mixin.py:104} INFO - [2021-03-17 20:21:05,507] {dagbag.py:448} INFO - Filling up the DagBag from /Users/harika/Desktop/CSYE_7245/Labs/airflow_tfx_lab/vlab/lib/python3.7/site-packages/airflow/example_dags/example_skip_dag.py
[2021-03-17 20:21:05,537] {scheduler_job.py:639} INFO - DAG(s) dict_keys(['example_skip_dag']) retrieved from /Users/harika/Desktop/CSYE_7245/Labs/airflow_tfx_lab/vlab/lib/python3.7/site-packages/airflow/example_dags/example_skip_dag.py
[2021-03-17 20:21:05,565] {logging_mixin.py:104} INFO - [2021-03-17 20:21:05,564] {dag.py:1818} INFO - Sync 1 DAGs
[2021-03-17 20:21:05,607] {logging_mixin.py:104} INFO - [2021-03-17 20:21:05,605] {dag.py:2273} INFO - Setting next_dagrun for example_skip_dag to 2021-03-16 00:00:00+00:00
[2021-03-17 20:21:05,630] {scheduler_job.py:190} INFO - Processing /Users/harika/Desktop/CSYE_7245/Labs/airflow_tfx_lab/vlab/lib/python3.7/site-packages/airflow/example_dags/example_skip_dag.py took 0.133 seconds
[2021-03-17 20:21:45,141] {scheduler_job.py:182} INFO - Started process (PID=32235) to work on /Users/harika/Desktop/CSYE_7245/Labs/airflow_tfx_lab/vlab/lib/python3.7/site-packages/airflow/example_dags/example_skip_dag.py
[2021-03-17 20:21:45,144] {scheduler_job.py:629} INFO - Processing file /Users/harika/Desktop/CSYE_7245/Labs/airflow_tfx_lab/vlab/lib/python3.7/site-packages/airflow/example_dags/example_skip_dag.py for tasks to queue
[2021-03-17 20:21:45,145] {logging_mixin.py:104} INFO - [2021-03-17 20:21:45,145] {dagbag.py:448} INFO - Filling up the DagBag from /Users/harika/Desktop/CSYE_7245/Labs/airflow_tfx_lab/vlab/lib/python3.7/site-packages/airflow/example_dags/example_skip_dag.py
[2021-03-17 20:21:45,159] {scheduler_job.py:639} INFO - DAG(s) dict_keys(['example_skip_dag']) retrieved from /Users/harika/Desktop/CSYE_7245/Labs/airflow_tfx_lab/vlab/lib/python3.7/site-packages/airflow/example_dags/example_skip_dag.py
[2021-03-17 20:21:45,174] {logging_mixin.py:104} INFO - [2021-03-17 20:21:45,173] {dag.py:1818} INFO - Sync 1 DAGs
[2021-03-17 20:21:45,186] {logging_mixin.py:104} INFO - [2021-03-17 20:21:45,185] {dag.py:2273} INFO - Setting next_dagrun for example_skip_dag to 2021-03-16 00:00:00+00:00
[2021-03-17 20:21:45,194] {scheduler_job.py:190} INFO - Processing /Users/harika/Desktop/CSYE_7245/Labs/airflow_tfx_lab/vlab/lib/python3.7/site-packages/airflow/example_dags/example_skip_dag.py took 0.056 seconds
[2021-03-17 20:22:30,739] {scheduler_job.py:182} INFO - Started process (PID=32291) to work on /Users/harika/Desktop/CSYE_7245/Labs/airflow_tfx_lab/vlab/lib/python3.7/site-packages/airflow/example_dags/example_skip_dag.py
[2021-03-17 20:22:30,742] {scheduler_job.py:629} INFO - Processing file /Users/harika/Desktop/CSYE_7245/Labs/airflow_tfx_lab/vlab/lib/python3.7/site-packages/airflow/example_dags/example_skip_dag.py for tasks to queue
[2021-03-17 20:22:30,745] {logging_mixin.py:104} INFO - [2021-03-17 20:22:30,744] {dagbag.py:448} INFO - Filling up the DagBag from /Users/harika/Desktop/CSYE_7245/Labs/airflow_tfx_lab/vlab/lib/python3.7/site-packages/airflow/example_dags/example_skip_dag.py
[2021-03-17 20:22:30,759] {scheduler_job.py:639} INFO - DAG(s) dict_keys(['example_skip_dag']) retrieved from /Users/harika/Desktop/CSYE_7245/Labs/airflow_tfx_lab/vlab/lib/python3.7/site-packages/airflow/example_dags/example_skip_dag.py
[2021-03-17 20:22:30,775] {logging_mixin.py:104} INFO - [2021-03-17 20:22:30,775] {dag.py:1818} INFO - Sync 1 DAGs
[2021-03-17 20:22:30,788] {logging_mixin.py:104} INFO - [2021-03-17 20:22:30,788] {dag.py:2273} INFO - Setting next_dagrun for example_skip_dag to 2021-03-16 00:00:00+00:00
[2021-03-17 20:22:30,799] {scheduler_job.py:190} INFO - Processing /Users/harika/Desktop/CSYE_7245/Labs/airflow_tfx_lab/vlab/lib/python3.7/site-packages/airflow/example_dags/example_skip_dag.py took 0.064 seconds
[2021-03-17 20:23:09,805] {scheduler_job.py:182} INFO - Started process (PID=32334) to work on /Users/harika/Desktop/CSYE_7245/Labs/airflow_tfx_lab/vlab/lib/python3.7/site-packages/airflow/example_dags/example_skip_dag.py
[2021-03-17 20:23:09,807] {scheduler_job.py:629} INFO - Processing file /Users/harika/Desktop/CSYE_7245/Labs/airflow_tfx_lab/vlab/lib/python3.7/site-packages/airflow/example_dags/example_skip_dag.py for tasks to queue
[2021-03-17 20:23:09,809] {logging_mixin.py:104} INFO - [2021-03-17 20:23:09,808] {dagbag.py:448} INFO - Filling up the DagBag from /Users/harika/Desktop/CSYE_7245/Labs/airflow_tfx_lab/vlab/lib/python3.7/site-packages/airflow/example_dags/example_skip_dag.py
[2021-03-17 20:23:09,824] {scheduler_job.py:639} INFO - DAG(s) dict_keys(['example_skip_dag']) retrieved from /Users/harika/Desktop/CSYE_7245/Labs/airflow_tfx_lab/vlab/lib/python3.7/site-packages/airflow/example_dags/example_skip_dag.py
[2021-03-17 20:23:09,840] {logging_mixin.py:104} INFO - [2021-03-17 20:23:09,840] {dag.py:1818} INFO - Sync 1 DAGs
[2021-03-17 20:23:09,853] {logging_mixin.py:104} INFO - [2021-03-17 20:23:09,853] {dag.py:2273} INFO - Setting next_dagrun for example_skip_dag to 2021-03-16 00:00:00+00:00
[2021-03-17 20:23:09,862] {scheduler_job.py:190} INFO - Processing /Users/harika/Desktop/CSYE_7245/Labs/airflow_tfx_lab/vlab/lib/python3.7/site-packages/airflow/example_dags/example_skip_dag.py took 0.061 seconds
[2021-03-17 20:23:55,386] {scheduler_job.py:182} INFO - Started process (PID=32383) to work on /Users/harika/Desktop/CSYE_7245/Labs/airflow_tfx_lab/vlab/lib/python3.7/site-packages/airflow/example_dags/example_skip_dag.py
[2021-03-17 20:23:55,395] {scheduler_job.py:629} INFO - Processing file /Users/harika/Desktop/CSYE_7245/Labs/airflow_tfx_lab/vlab/lib/python3.7/site-packages/airflow/example_dags/example_skip_dag.py for tasks to queue
[2021-03-17 20:23:55,397] {logging_mixin.py:104} INFO - [2021-03-17 20:23:55,396] {dagbag.py:448} INFO - Filling up the DagBag from /Users/harika/Desktop/CSYE_7245/Labs/airflow_tfx_lab/vlab/lib/python3.7/site-packages/airflow/example_dags/example_skip_dag.py
[2021-03-17 20:23:55,427] {scheduler_job.py:639} INFO - DAG(s) dict_keys(['example_skip_dag']) retrieved from /Users/harika/Desktop/CSYE_7245/Labs/airflow_tfx_lab/vlab/lib/python3.7/site-packages/airflow/example_dags/example_skip_dag.py
[2021-03-17 20:23:55,459] {logging_mixin.py:104} INFO - [2021-03-17 20:23:55,458] {dag.py:1818} INFO - Sync 1 DAGs
[2021-03-17 20:23:55,483] {logging_mixin.py:104} INFO - [2021-03-17 20:23:55,482] {dag.py:2273} INFO - Setting next_dagrun for example_skip_dag to 2021-03-16 00:00:00+00:00
[2021-03-17 20:23:55,498] {scheduler_job.py:190} INFO - Processing /Users/harika/Desktop/CSYE_7245/Labs/airflow_tfx_lab/vlab/lib/python3.7/site-packages/airflow/example_dags/example_skip_dag.py took 0.119 seconds
[2021-03-17 20:24:35,590] {scheduler_job.py:182} INFO - Started process (PID=32427) to work on /Users/harika/Desktop/CSYE_7245/Labs/airflow_tfx_lab/vlab/lib/python3.7/site-packages/airflow/example_dags/example_skip_dag.py
[2021-03-17 20:24:35,594] {scheduler_job.py:629} INFO - Processing file /Users/harika/Desktop/CSYE_7245/Labs/airflow_tfx_lab/vlab/lib/python3.7/site-packages/airflow/example_dags/example_skip_dag.py for tasks to queue
[2021-03-17 20:24:35,595] {logging_mixin.py:104} INFO - [2021-03-17 20:24:35,595] {dagbag.py:448} INFO - Filling up the DagBag from /Users/harika/Desktop/CSYE_7245/Labs/airflow_tfx_lab/vlab/lib/python3.7/site-packages/airflow/example_dags/example_skip_dag.py
[2021-03-17 20:24:35,619] {scheduler_job.py:639} INFO - DAG(s) dict_keys(['example_skip_dag']) retrieved from /Users/harika/Desktop/CSYE_7245/Labs/airflow_tfx_lab/vlab/lib/python3.7/site-packages/airflow/example_dags/example_skip_dag.py
[2021-03-17 20:24:35,636] {logging_mixin.py:104} INFO - [2021-03-17 20:24:35,635] {dag.py:1818} INFO - Sync 1 DAGs
[2021-03-17 20:24:35,649] {logging_mixin.py:104} INFO - [2021-03-17 20:24:35,648] {dag.py:2273} INFO - Setting next_dagrun for example_skip_dag to 2021-03-16 00:00:00+00:00
[2021-03-17 20:24:35,658] {scheduler_job.py:190} INFO - Processing /Users/harika/Desktop/CSYE_7245/Labs/airflow_tfx_lab/vlab/lib/python3.7/site-packages/airflow/example_dags/example_skip_dag.py took 0.073 seconds
[2021-03-17 20:25:10,516] {scheduler_job.py:182} INFO - Started process (PID=32465) to work on /Users/harika/Desktop/CSYE_7245/Labs/airflow_tfx_lab/vlab/lib/python3.7/site-packages/airflow/example_dags/example_skip_dag.py
[2021-03-17 20:25:10,519] {scheduler_job.py:629} INFO - Processing file /Users/harika/Desktop/CSYE_7245/Labs/airflow_tfx_lab/vlab/lib/python3.7/site-packages/airflow/example_dags/example_skip_dag.py for tasks to queue
[2021-03-17 20:25:10,521] {logging_mixin.py:104} INFO - [2021-03-17 20:25:10,520] {dagbag.py:448} INFO - Filling up the DagBag from /Users/harika/Desktop/CSYE_7245/Labs/airflow_tfx_lab/vlab/lib/python3.7/site-packages/airflow/example_dags/example_skip_dag.py
[2021-03-17 20:25:10,535] {scheduler_job.py:639} INFO - DAG(s) dict_keys(['example_skip_dag']) retrieved from /Users/harika/Desktop/CSYE_7245/Labs/airflow_tfx_lab/vlab/lib/python3.7/site-packages/airflow/example_dags/example_skip_dag.py
[2021-03-17 20:25:10,553] {logging_mixin.py:104} INFO - [2021-03-17 20:25:10,553] {dag.py:1818} INFO - Sync 1 DAGs
[2021-03-17 20:25:10,566] {logging_mixin.py:104} INFO - [2021-03-17 20:25:10,566] {dag.py:2273} INFO - Setting next_dagrun for example_skip_dag to 2021-03-16 00:00:00+00:00
[2021-03-17 20:25:10,579] {scheduler_job.py:190} INFO - Processing /Users/harika/Desktop/CSYE_7245/Labs/airflow_tfx_lab/vlab/lib/python3.7/site-packages/airflow/example_dags/example_skip_dag.py took 0.068 seconds
