[2021-03-17 20:00:27,159] {scheduler_job.py:182} INFO - Started process (PID=31100) to work on /Users/harika/Desktop/CSYE_7245/Labs/airflow_tfx_lab/vlab/lib/python3.7/site-packages/airflow/example_dags/example_xcom.py
[2021-03-17 20:00:27,161] {scheduler_job.py:629} INFO - Processing file /Users/harika/Desktop/CSYE_7245/Labs/airflow_tfx_lab/vlab/lib/python3.7/site-packages/airflow/example_dags/example_xcom.py for tasks to queue
[2021-03-17 20:00:27,165] {logging_mixin.py:104} INFO - [2021-03-17 20:00:27,163] {dagbag.py:448} INFO - Filling up the DagBag from /Users/harika/Desktop/CSYE_7245/Labs/airflow_tfx_lab/vlab/lib/python3.7/site-packages/airflow/example_dags/example_xcom.py
[2021-03-17 20:00:27,191] {scheduler_job.py:639} INFO - DAG(s) dict_keys(['example_xcom']) retrieved from /Users/harika/Desktop/CSYE_7245/Labs/airflow_tfx_lab/vlab/lib/python3.7/site-packages/airflow/example_dags/example_xcom.py
[2021-03-17 20:00:27,238] {logging_mixin.py:104} INFO - [2021-03-17 20:00:27,237] {dag.py:1818} INFO - Sync 1 DAGs
[2021-03-17 20:00:27,258] {logging_mixin.py:104} INFO - [2021-03-17 20:00:27,257] {dag.py:2273} INFO - Setting next_dagrun for example_xcom to 2021-03-16 00:00:00+00:00
[2021-03-17 20:00:27,277] {scheduler_job.py:190} INFO - Processing /Users/harika/Desktop/CSYE_7245/Labs/airflow_tfx_lab/vlab/lib/python3.7/site-packages/airflow/example_dags/example_xcom.py took 0.124 seconds
[2021-03-17 20:01:10,435] {scheduler_job.py:182} INFO - Started process (PID=31140) to work on /Users/harika/Desktop/CSYE_7245/Labs/airflow_tfx_lab/vlab/lib/python3.7/site-packages/airflow/example_dags/example_xcom.py
[2021-03-17 20:01:10,439] {scheduler_job.py:629} INFO - Processing file /Users/harika/Desktop/CSYE_7245/Labs/airflow_tfx_lab/vlab/lib/python3.7/site-packages/airflow/example_dags/example_xcom.py for tasks to queue
[2021-03-17 20:01:10,441] {logging_mixin.py:104} INFO - [2021-03-17 20:01:10,440] {dagbag.py:448} INFO - Filling up the DagBag from /Users/harika/Desktop/CSYE_7245/Labs/airflow_tfx_lab/vlab/lib/python3.7/site-packages/airflow/example_dags/example_xcom.py
[2021-03-17 20:01:10,461] {scheduler_job.py:639} INFO - DAG(s) dict_keys(['example_xcom']) retrieved from /Users/harika/Desktop/CSYE_7245/Labs/airflow_tfx_lab/vlab/lib/python3.7/site-packages/airflow/example_dags/example_xcom.py
[2021-03-17 20:01:10,482] {logging_mixin.py:104} INFO - [2021-03-17 20:01:10,481] {dag.py:1818} INFO - Sync 1 DAGs
[2021-03-17 20:01:10,499] {logging_mixin.py:104} INFO - [2021-03-17 20:01:10,498] {dag.py:2273} INFO - Setting next_dagrun for example_xcom to 2021-03-16 00:00:00+00:00
[2021-03-17 20:01:10,510] {scheduler_job.py:190} INFO - Processing /Users/harika/Desktop/CSYE_7245/Labs/airflow_tfx_lab/vlab/lib/python3.7/site-packages/airflow/example_dags/example_xcom.py took 0.081 seconds
[2021-03-17 20:01:48,680] {scheduler_job.py:182} INFO - Started process (PID=31169) to work on /Users/harika/Desktop/CSYE_7245/Labs/airflow_tfx_lab/vlab/lib/python3.7/site-packages/airflow/example_dags/example_xcom.py
[2021-03-17 20:01:48,683] {scheduler_job.py:629} INFO - Processing file /Users/harika/Desktop/CSYE_7245/Labs/airflow_tfx_lab/vlab/lib/python3.7/site-packages/airflow/example_dags/example_xcom.py for tasks to queue
[2021-03-17 20:01:48,684] {logging_mixin.py:104} INFO - [2021-03-17 20:01:48,684] {dagbag.py:448} INFO - Filling up the DagBag from /Users/harika/Desktop/CSYE_7245/Labs/airflow_tfx_lab/vlab/lib/python3.7/site-packages/airflow/example_dags/example_xcom.py
[2021-03-17 20:01:48,700] {scheduler_job.py:639} INFO - DAG(s) dict_keys(['example_xcom']) retrieved from /Users/harika/Desktop/CSYE_7245/Labs/airflow_tfx_lab/vlab/lib/python3.7/site-packages/airflow/example_dags/example_xcom.py
[2021-03-17 20:01:48,717] {logging_mixin.py:104} INFO - [2021-03-17 20:01:48,717] {dag.py:1818} INFO - Sync 1 DAGs
[2021-03-17 20:01:48,730] {logging_mixin.py:104} INFO - [2021-03-17 20:01:48,729] {dag.py:2273} INFO - Setting next_dagrun for example_xcom to 2021-03-16 00:00:00+00:00
[2021-03-17 20:01:48,743] {scheduler_job.py:190} INFO - Processing /Users/harika/Desktop/CSYE_7245/Labs/airflow_tfx_lab/vlab/lib/python3.7/site-packages/airflow/example_dags/example_xcom.py took 0.067 seconds
[2021-03-17 20:02:27,148] {scheduler_job.py:182} INFO - Started process (PID=31200) to work on /Users/harika/Desktop/CSYE_7245/Labs/airflow_tfx_lab/vlab/lib/python3.7/site-packages/airflow/example_dags/example_xcom.py
[2021-03-17 20:02:27,150] {scheduler_job.py:629} INFO - Processing file /Users/harika/Desktop/CSYE_7245/Labs/airflow_tfx_lab/vlab/lib/python3.7/site-packages/airflow/example_dags/example_xcom.py for tasks to queue
[2021-03-17 20:02:27,153] {logging_mixin.py:104} INFO - [2021-03-17 20:02:27,152] {dagbag.py:448} INFO - Filling up the DagBag from /Users/harika/Desktop/CSYE_7245/Labs/airflow_tfx_lab/vlab/lib/python3.7/site-packages/airflow/example_dags/example_xcom.py
[2021-03-17 20:02:27,170] {scheduler_job.py:639} INFO - DAG(s) dict_keys(['example_xcom']) retrieved from /Users/harika/Desktop/CSYE_7245/Labs/airflow_tfx_lab/vlab/lib/python3.7/site-packages/airflow/example_dags/example_xcom.py
[2021-03-17 20:02:27,194] {logging_mixin.py:104} INFO - [2021-03-17 20:02:27,193] {dag.py:1818} INFO - Sync 1 DAGs
[2021-03-17 20:02:27,210] {logging_mixin.py:104} INFO - [2021-03-17 20:02:27,209] {dag.py:2273} INFO - Setting next_dagrun for example_xcom to 2021-03-16 00:00:00+00:00
[2021-03-17 20:02:27,221] {scheduler_job.py:190} INFO - Processing /Users/harika/Desktop/CSYE_7245/Labs/airflow_tfx_lab/vlab/lib/python3.7/site-packages/airflow/example_dags/example_xcom.py took 0.077 seconds
[2021-03-17 20:03:07,099] {scheduler_job.py:182} INFO - Started process (PID=31240) to work on /Users/harika/Desktop/CSYE_7245/Labs/airflow_tfx_lab/vlab/lib/python3.7/site-packages/airflow/example_dags/example_xcom.py
[2021-03-17 20:03:07,102] {scheduler_job.py:629} INFO - Processing file /Users/harika/Desktop/CSYE_7245/Labs/airflow_tfx_lab/vlab/lib/python3.7/site-packages/airflow/example_dags/example_xcom.py for tasks to queue
[2021-03-17 20:03:07,104] {logging_mixin.py:104} INFO - [2021-03-17 20:03:07,103] {dagbag.py:448} INFO - Filling up the DagBag from /Users/harika/Desktop/CSYE_7245/Labs/airflow_tfx_lab/vlab/lib/python3.7/site-packages/airflow/example_dags/example_xcom.py
[2021-03-17 20:03:07,118] {scheduler_job.py:639} INFO - DAG(s) dict_keys(['example_xcom']) retrieved from /Users/harika/Desktop/CSYE_7245/Labs/airflow_tfx_lab/vlab/lib/python3.7/site-packages/airflow/example_dags/example_xcom.py
[2021-03-17 20:03:07,134] {logging_mixin.py:104} INFO - [2021-03-17 20:03:07,133] {dag.py:1818} INFO - Sync 1 DAGs
[2021-03-17 20:03:07,146] {logging_mixin.py:104} INFO - [2021-03-17 20:03:07,146] {dag.py:2273} INFO - Setting next_dagrun for example_xcom to 2021-03-16 00:00:00+00:00
[2021-03-17 20:03:07,155] {scheduler_job.py:190} INFO - Processing /Users/harika/Desktop/CSYE_7245/Labs/airflow_tfx_lab/vlab/lib/python3.7/site-packages/airflow/example_dags/example_xcom.py took 0.060 seconds
[2021-03-17 20:03:45,595] {scheduler_job.py:182} INFO - Started process (PID=31279) to work on /Users/harika/Desktop/CSYE_7245/Labs/airflow_tfx_lab/vlab/lib/python3.7/site-packages/airflow/example_dags/example_xcom.py
[2021-03-17 20:03:45,596] {scheduler_job.py:629} INFO - Processing file /Users/harika/Desktop/CSYE_7245/Labs/airflow_tfx_lab/vlab/lib/python3.7/site-packages/airflow/example_dags/example_xcom.py for tasks to queue
[2021-03-17 20:03:45,598] {logging_mixin.py:104} INFO - [2021-03-17 20:03:45,597] {dagbag.py:448} INFO - Filling up the DagBag from /Users/harika/Desktop/CSYE_7245/Labs/airflow_tfx_lab/vlab/lib/python3.7/site-packages/airflow/example_dags/example_xcom.py
[2021-03-17 20:03:45,614] {scheduler_job.py:639} INFO - DAG(s) dict_keys(['example_xcom']) retrieved from /Users/harika/Desktop/CSYE_7245/Labs/airflow_tfx_lab/vlab/lib/python3.7/site-packages/airflow/example_dags/example_xcom.py
[2021-03-17 20:03:45,631] {logging_mixin.py:104} INFO - [2021-03-17 20:03:45,630] {dag.py:1818} INFO - Sync 1 DAGs
[2021-03-17 20:03:45,643] {logging_mixin.py:104} INFO - [2021-03-17 20:03:45,642] {dag.py:2273} INFO - Setting next_dagrun for example_xcom to 2021-03-16 00:00:00+00:00
[2021-03-17 20:03:45,651] {scheduler_job.py:190} INFO - Processing /Users/harika/Desktop/CSYE_7245/Labs/airflow_tfx_lab/vlab/lib/python3.7/site-packages/airflow/example_dags/example_xcom.py took 0.061 seconds
[2021-03-17 20:04:23,782] {scheduler_job.py:182} INFO - Started process (PID=31313) to work on /Users/harika/Desktop/CSYE_7245/Labs/airflow_tfx_lab/vlab/lib/python3.7/site-packages/airflow/example_dags/example_xcom.py
[2021-03-17 20:04:23,785] {scheduler_job.py:629} INFO - Processing file /Users/harika/Desktop/CSYE_7245/Labs/airflow_tfx_lab/vlab/lib/python3.7/site-packages/airflow/example_dags/example_xcom.py for tasks to queue
[2021-03-17 20:04:23,787] {logging_mixin.py:104} INFO - [2021-03-17 20:04:23,786] {dagbag.py:448} INFO - Filling up the DagBag from /Users/harika/Desktop/CSYE_7245/Labs/airflow_tfx_lab/vlab/lib/python3.7/site-packages/airflow/example_dags/example_xcom.py
[2021-03-17 20:04:23,803] {scheduler_job.py:639} INFO - DAG(s) dict_keys(['example_xcom']) retrieved from /Users/harika/Desktop/CSYE_7245/Labs/airflow_tfx_lab/vlab/lib/python3.7/site-packages/airflow/example_dags/example_xcom.py
[2021-03-17 20:04:23,822] {logging_mixin.py:104} INFO - [2021-03-17 20:04:23,821] {dag.py:1818} INFO - Sync 1 DAGs
[2021-03-17 20:04:23,836] {logging_mixin.py:104} INFO - [2021-03-17 20:04:23,835] {dag.py:2273} INFO - Setting next_dagrun for example_xcom to 2021-03-16 00:00:00+00:00
[2021-03-17 20:04:23,844] {scheduler_job.py:190} INFO - Processing /Users/harika/Desktop/CSYE_7245/Labs/airflow_tfx_lab/vlab/lib/python3.7/site-packages/airflow/example_dags/example_xcom.py took 0.068 seconds
[2021-03-17 20:05:02,533] {scheduler_job.py:182} INFO - Started process (PID=31346) to work on /Users/harika/Desktop/CSYE_7245/Labs/airflow_tfx_lab/vlab/lib/python3.7/site-packages/airflow/example_dags/example_xcom.py
[2021-03-17 20:05:02,536] {scheduler_job.py:629} INFO - Processing file /Users/harika/Desktop/CSYE_7245/Labs/airflow_tfx_lab/vlab/lib/python3.7/site-packages/airflow/example_dags/example_xcom.py for tasks to queue
[2021-03-17 20:05:02,538] {logging_mixin.py:104} INFO - [2021-03-17 20:05:02,538] {dagbag.py:448} INFO - Filling up the DagBag from /Users/harika/Desktop/CSYE_7245/Labs/airflow_tfx_lab/vlab/lib/python3.7/site-packages/airflow/example_dags/example_xcom.py
[2021-03-17 20:05:02,554] {scheduler_job.py:639} INFO - DAG(s) dict_keys(['example_xcom']) retrieved from /Users/harika/Desktop/CSYE_7245/Labs/airflow_tfx_lab/vlab/lib/python3.7/site-packages/airflow/example_dags/example_xcom.py
[2021-03-17 20:05:02,575] {logging_mixin.py:104} INFO - [2021-03-17 20:05:02,575] {dag.py:1818} INFO - Sync 1 DAGs
[2021-03-17 20:05:02,589] {logging_mixin.py:104} INFO - [2021-03-17 20:05:02,589] {dag.py:2273} INFO - Setting next_dagrun for example_xcom to 2021-03-16 00:00:00+00:00
[2021-03-17 20:05:02,598] {scheduler_job.py:190} INFO - Processing /Users/harika/Desktop/CSYE_7245/Labs/airflow_tfx_lab/vlab/lib/python3.7/site-packages/airflow/example_dags/example_xcom.py took 0.069 seconds
[2021-03-17 20:05:42,914] {scheduler_job.py:182} INFO - Started process (PID=31381) to work on /Users/harika/Desktop/CSYE_7245/Labs/airflow_tfx_lab/vlab/lib/python3.7/site-packages/airflow/example_dags/example_xcom.py
[2021-03-17 20:05:42,917] {scheduler_job.py:629} INFO - Processing file /Users/harika/Desktop/CSYE_7245/Labs/airflow_tfx_lab/vlab/lib/python3.7/site-packages/airflow/example_dags/example_xcom.py for tasks to queue
[2021-03-17 20:05:42,919] {logging_mixin.py:104} INFO - [2021-03-17 20:05:42,918] {dagbag.py:448} INFO - Filling up the DagBag from /Users/harika/Desktop/CSYE_7245/Labs/airflow_tfx_lab/vlab/lib/python3.7/site-packages/airflow/example_dags/example_xcom.py
[2021-03-17 20:05:42,939] {scheduler_job.py:639} INFO - DAG(s) dict_keys(['example_xcom']) retrieved from /Users/harika/Desktop/CSYE_7245/Labs/airflow_tfx_lab/vlab/lib/python3.7/site-packages/airflow/example_dags/example_xcom.py
[2021-03-17 20:05:42,958] {logging_mixin.py:104} INFO - [2021-03-17 20:05:42,958] {dag.py:1818} INFO - Sync 1 DAGs
[2021-03-17 20:05:42,972] {logging_mixin.py:104} INFO - [2021-03-17 20:05:42,971] {dag.py:2273} INFO - Setting next_dagrun for example_xcom to 2021-03-16 00:00:00+00:00
[2021-03-17 20:05:42,981] {scheduler_job.py:190} INFO - Processing /Users/harika/Desktop/CSYE_7245/Labs/airflow_tfx_lab/vlab/lib/python3.7/site-packages/airflow/example_dags/example_xcom.py took 0.070 seconds
[2021-03-17 20:06:21,085] {scheduler_job.py:182} INFO - Started process (PID=31410) to work on /Users/harika/Desktop/CSYE_7245/Labs/airflow_tfx_lab/vlab/lib/python3.7/site-packages/airflow/example_dags/example_xcom.py
[2021-03-17 20:06:21,088] {scheduler_job.py:629} INFO - Processing file /Users/harika/Desktop/CSYE_7245/Labs/airflow_tfx_lab/vlab/lib/python3.7/site-packages/airflow/example_dags/example_xcom.py for tasks to queue
[2021-03-17 20:06:21,089] {logging_mixin.py:104} INFO - [2021-03-17 20:06:21,089] {dagbag.py:448} INFO - Filling up the DagBag from /Users/harika/Desktop/CSYE_7245/Labs/airflow_tfx_lab/vlab/lib/python3.7/site-packages/airflow/example_dags/example_xcom.py
[2021-03-17 20:06:21,105] {scheduler_job.py:639} INFO - DAG(s) dict_keys(['example_xcom']) retrieved from /Users/harika/Desktop/CSYE_7245/Labs/airflow_tfx_lab/vlab/lib/python3.7/site-packages/airflow/example_dags/example_xcom.py
[2021-03-17 20:06:21,122] {logging_mixin.py:104} INFO - [2021-03-17 20:06:21,121] {dag.py:1818} INFO - Sync 1 DAGs
[2021-03-17 20:06:21,136] {logging_mixin.py:104} INFO - [2021-03-17 20:06:21,135] {dag.py:2273} INFO - Setting next_dagrun for example_xcom to 2021-03-16 00:00:00+00:00
[2021-03-17 20:06:21,145] {scheduler_job.py:190} INFO - Processing /Users/harika/Desktop/CSYE_7245/Labs/airflow_tfx_lab/vlab/lib/python3.7/site-packages/airflow/example_dags/example_xcom.py took 0.064 seconds
[2021-03-17 20:06:59,546] {scheduler_job.py:182} INFO - Started process (PID=31439) to work on /Users/harika/Desktop/CSYE_7245/Labs/airflow_tfx_lab/vlab/lib/python3.7/site-packages/airflow/example_dags/example_xcom.py
[2021-03-17 20:06:59,550] {scheduler_job.py:629} INFO - Processing file /Users/harika/Desktop/CSYE_7245/Labs/airflow_tfx_lab/vlab/lib/python3.7/site-packages/airflow/example_dags/example_xcom.py for tasks to queue
[2021-03-17 20:06:59,553] {logging_mixin.py:104} INFO - [2021-03-17 20:06:59,552] {dagbag.py:448} INFO - Filling up the DagBag from /Users/harika/Desktop/CSYE_7245/Labs/airflow_tfx_lab/vlab/lib/python3.7/site-packages/airflow/example_dags/example_xcom.py
[2021-03-17 20:06:59,572] {scheduler_job.py:639} INFO - DAG(s) dict_keys(['example_xcom']) retrieved from /Users/harika/Desktop/CSYE_7245/Labs/airflow_tfx_lab/vlab/lib/python3.7/site-packages/airflow/example_dags/example_xcom.py
[2021-03-17 20:06:59,593] {logging_mixin.py:104} INFO - [2021-03-17 20:06:59,592] {dag.py:1818} INFO - Sync 1 DAGs
[2021-03-17 20:06:59,609] {logging_mixin.py:104} INFO - [2021-03-17 20:06:59,608] {dag.py:2273} INFO - Setting next_dagrun for example_xcom to 2021-03-16 00:00:00+00:00
[2021-03-17 20:06:59,618] {scheduler_job.py:190} INFO - Processing /Users/harika/Desktop/CSYE_7245/Labs/airflow_tfx_lab/vlab/lib/python3.7/site-packages/airflow/example_dags/example_xcom.py took 0.081 seconds
[2021-03-17 20:07:38,528] {scheduler_job.py:182} INFO - Started process (PID=31469) to work on /Users/harika/Desktop/CSYE_7245/Labs/airflow_tfx_lab/vlab/lib/python3.7/site-packages/airflow/example_dags/example_xcom.py
[2021-03-17 20:07:38,531] {scheduler_job.py:629} INFO - Processing file /Users/harika/Desktop/CSYE_7245/Labs/airflow_tfx_lab/vlab/lib/python3.7/site-packages/airflow/example_dags/example_xcom.py for tasks to queue
[2021-03-17 20:07:38,532] {logging_mixin.py:104} INFO - [2021-03-17 20:07:38,532] {dagbag.py:448} INFO - Filling up the DagBag from /Users/harika/Desktop/CSYE_7245/Labs/airflow_tfx_lab/vlab/lib/python3.7/site-packages/airflow/example_dags/example_xcom.py
[2021-03-17 20:07:38,548] {scheduler_job.py:639} INFO - DAG(s) dict_keys(['example_xcom']) retrieved from /Users/harika/Desktop/CSYE_7245/Labs/airflow_tfx_lab/vlab/lib/python3.7/site-packages/airflow/example_dags/example_xcom.py
[2021-03-17 20:07:38,566] {logging_mixin.py:104} INFO - [2021-03-17 20:07:38,566] {dag.py:1818} INFO - Sync 1 DAGs
[2021-03-17 20:07:38,581] {logging_mixin.py:104} INFO - [2021-03-17 20:07:38,580] {dag.py:2273} INFO - Setting next_dagrun for example_xcom to 2021-03-16 00:00:00+00:00
[2021-03-17 20:07:38,591] {scheduler_job.py:190} INFO - Processing /Users/harika/Desktop/CSYE_7245/Labs/airflow_tfx_lab/vlab/lib/python3.7/site-packages/airflow/example_dags/example_xcom.py took 0.068 seconds
[2021-03-17 20:08:18,122] {scheduler_job.py:182} INFO - Started process (PID=31509) to work on /Users/harika/Desktop/CSYE_7245/Labs/airflow_tfx_lab/vlab/lib/python3.7/site-packages/airflow/example_dags/example_xcom.py
[2021-03-17 20:08:18,125] {scheduler_job.py:629} INFO - Processing file /Users/harika/Desktop/CSYE_7245/Labs/airflow_tfx_lab/vlab/lib/python3.7/site-packages/airflow/example_dags/example_xcom.py for tasks to queue
[2021-03-17 20:08:18,127] {logging_mixin.py:104} INFO - [2021-03-17 20:08:18,126] {dagbag.py:448} INFO - Filling up the DagBag from /Users/harika/Desktop/CSYE_7245/Labs/airflow_tfx_lab/vlab/lib/python3.7/site-packages/airflow/example_dags/example_xcom.py
[2021-03-17 20:08:18,144] {scheduler_job.py:639} INFO - DAG(s) dict_keys(['example_xcom']) retrieved from /Users/harika/Desktop/CSYE_7245/Labs/airflow_tfx_lab/vlab/lib/python3.7/site-packages/airflow/example_dags/example_xcom.py
[2021-03-17 20:08:18,160] {logging_mixin.py:104} INFO - [2021-03-17 20:08:18,160] {dag.py:1818} INFO - Sync 1 DAGs
[2021-03-17 20:08:18,174] {logging_mixin.py:104} INFO - [2021-03-17 20:08:18,173] {dag.py:2273} INFO - Setting next_dagrun for example_xcom to 2021-03-16 00:00:00+00:00
[2021-03-17 20:08:18,183] {scheduler_job.py:190} INFO - Processing /Users/harika/Desktop/CSYE_7245/Labs/airflow_tfx_lab/vlab/lib/python3.7/site-packages/airflow/example_dags/example_xcom.py took 0.065 seconds
[2021-03-17 20:08:57,270] {scheduler_job.py:182} INFO - Started process (PID=31543) to work on /Users/harika/Desktop/CSYE_7245/Labs/airflow_tfx_lab/vlab/lib/python3.7/site-packages/airflow/example_dags/example_xcom.py
[2021-03-17 20:08:57,274] {scheduler_job.py:629} INFO - Processing file /Users/harika/Desktop/CSYE_7245/Labs/airflow_tfx_lab/vlab/lib/python3.7/site-packages/airflow/example_dags/example_xcom.py for tasks to queue
[2021-03-17 20:08:57,276] {logging_mixin.py:104} INFO - [2021-03-17 20:08:57,275] {dagbag.py:448} INFO - Filling up the DagBag from /Users/harika/Desktop/CSYE_7245/Labs/airflow_tfx_lab/vlab/lib/python3.7/site-packages/airflow/example_dags/example_xcom.py
[2021-03-17 20:08:57,291] {scheduler_job.py:639} INFO - DAG(s) dict_keys(['example_xcom']) retrieved from /Users/harika/Desktop/CSYE_7245/Labs/airflow_tfx_lab/vlab/lib/python3.7/site-packages/airflow/example_dags/example_xcom.py
[2021-03-17 20:08:57,307] {logging_mixin.py:104} INFO - [2021-03-17 20:08:57,307] {dag.py:1818} INFO - Sync 1 DAGs
[2021-03-17 20:08:57,320] {logging_mixin.py:104} INFO - [2021-03-17 20:08:57,320] {dag.py:2273} INFO - Setting next_dagrun for example_xcom to 2021-03-16 00:00:00+00:00
[2021-03-17 20:08:57,329] {scheduler_job.py:190} INFO - Processing /Users/harika/Desktop/CSYE_7245/Labs/airflow_tfx_lab/vlab/lib/python3.7/site-packages/airflow/example_dags/example_xcom.py took 0.063 seconds
[2021-03-17 20:09:35,590] {scheduler_job.py:182} INFO - Started process (PID=31579) to work on /Users/harika/Desktop/CSYE_7245/Labs/airflow_tfx_lab/vlab/lib/python3.7/site-packages/airflow/example_dags/example_xcom.py
[2021-03-17 20:09:35,593] {scheduler_job.py:629} INFO - Processing file /Users/harika/Desktop/CSYE_7245/Labs/airflow_tfx_lab/vlab/lib/python3.7/site-packages/airflow/example_dags/example_xcom.py for tasks to queue
[2021-03-17 20:09:35,595] {logging_mixin.py:104} INFO - [2021-03-17 20:09:35,594] {dagbag.py:448} INFO - Filling up the DagBag from /Users/harika/Desktop/CSYE_7245/Labs/airflow_tfx_lab/vlab/lib/python3.7/site-packages/airflow/example_dags/example_xcom.py
[2021-03-17 20:09:35,614] {scheduler_job.py:639} INFO - DAG(s) dict_keys(['example_xcom']) retrieved from /Users/harika/Desktop/CSYE_7245/Labs/airflow_tfx_lab/vlab/lib/python3.7/site-packages/airflow/example_dags/example_xcom.py
[2021-03-17 20:09:35,632] {logging_mixin.py:104} INFO - [2021-03-17 20:09:35,631] {dag.py:1818} INFO - Sync 1 DAGs
[2021-03-17 20:09:35,646] {logging_mixin.py:104} INFO - [2021-03-17 20:09:35,646] {dag.py:2273} INFO - Setting next_dagrun for example_xcom to 2021-03-16 00:00:00+00:00
[2021-03-17 20:09:35,656] {scheduler_job.py:190} INFO - Processing /Users/harika/Desktop/CSYE_7245/Labs/airflow_tfx_lab/vlab/lib/python3.7/site-packages/airflow/example_dags/example_xcom.py took 0.070 seconds
[2021-03-17 20:10:15,986] {scheduler_job.py:182} INFO - Started process (PID=31610) to work on /Users/harika/Desktop/CSYE_7245/Labs/airflow_tfx_lab/vlab/lib/python3.7/site-packages/airflow/example_dags/example_xcom.py
[2021-03-17 20:10:15,989] {scheduler_job.py:629} INFO - Processing file /Users/harika/Desktop/CSYE_7245/Labs/airflow_tfx_lab/vlab/lib/python3.7/site-packages/airflow/example_dags/example_xcom.py for tasks to queue
[2021-03-17 20:10:15,990] {logging_mixin.py:104} INFO - [2021-03-17 20:10:15,990] {dagbag.py:448} INFO - Filling up the DagBag from /Users/harika/Desktop/CSYE_7245/Labs/airflow_tfx_lab/vlab/lib/python3.7/site-packages/airflow/example_dags/example_xcom.py
[2021-03-17 20:10:16,006] {scheduler_job.py:639} INFO - DAG(s) dict_keys(['example_xcom']) retrieved from /Users/harika/Desktop/CSYE_7245/Labs/airflow_tfx_lab/vlab/lib/python3.7/site-packages/airflow/example_dags/example_xcom.py
[2021-03-17 20:10:16,023] {logging_mixin.py:104} INFO - [2021-03-17 20:10:16,022] {dag.py:1818} INFO - Sync 1 DAGs
[2021-03-17 20:10:16,035] {logging_mixin.py:104} INFO - [2021-03-17 20:10:16,035] {dag.py:2273} INFO - Setting next_dagrun for example_xcom to 2021-03-16 00:00:00+00:00
[2021-03-17 20:10:16,044] {scheduler_job.py:190} INFO - Processing /Users/harika/Desktop/CSYE_7245/Labs/airflow_tfx_lab/vlab/lib/python3.7/site-packages/airflow/example_dags/example_xcom.py took 0.062 seconds
[2021-03-17 20:10:54,268] {scheduler_job.py:182} INFO - Started process (PID=31652) to work on /Users/harika/Desktop/CSYE_7245/Labs/airflow_tfx_lab/vlab/lib/python3.7/site-packages/airflow/example_dags/example_xcom.py
[2021-03-17 20:10:54,271] {scheduler_job.py:629} INFO - Processing file /Users/harika/Desktop/CSYE_7245/Labs/airflow_tfx_lab/vlab/lib/python3.7/site-packages/airflow/example_dags/example_xcom.py for tasks to queue
[2021-03-17 20:10:54,273] {logging_mixin.py:104} INFO - [2021-03-17 20:10:54,273] {dagbag.py:448} INFO - Filling up the DagBag from /Users/harika/Desktop/CSYE_7245/Labs/airflow_tfx_lab/vlab/lib/python3.7/site-packages/airflow/example_dags/example_xcom.py
[2021-03-17 20:10:54,289] {scheduler_job.py:639} INFO - DAG(s) dict_keys(['example_xcom']) retrieved from /Users/harika/Desktop/CSYE_7245/Labs/airflow_tfx_lab/vlab/lib/python3.7/site-packages/airflow/example_dags/example_xcom.py
[2021-03-17 20:10:54,304] {logging_mixin.py:104} INFO - [2021-03-17 20:10:54,304] {dag.py:1818} INFO - Sync 1 DAGs
[2021-03-17 20:10:54,317] {logging_mixin.py:104} INFO - [2021-03-17 20:10:54,317] {dag.py:2273} INFO - Setting next_dagrun for example_xcom to 2021-03-16 00:00:00+00:00
[2021-03-17 20:10:54,411] {scheduler_job.py:190} INFO - Processing /Users/harika/Desktop/CSYE_7245/Labs/airflow_tfx_lab/vlab/lib/python3.7/site-packages/airflow/example_dags/example_xcom.py took 0.147 seconds
[2021-03-17 20:11:34,465] {scheduler_job.py:182} INFO - Started process (PID=31690) to work on /Users/harika/Desktop/CSYE_7245/Labs/airflow_tfx_lab/vlab/lib/python3.7/site-packages/airflow/example_dags/example_xcom.py
[2021-03-17 20:11:34,468] {scheduler_job.py:629} INFO - Processing file /Users/harika/Desktop/CSYE_7245/Labs/airflow_tfx_lab/vlab/lib/python3.7/site-packages/airflow/example_dags/example_xcom.py for tasks to queue
[2021-03-17 20:11:34,470] {logging_mixin.py:104} INFO - [2021-03-17 20:11:34,469] {dagbag.py:448} INFO - Filling up the DagBag from /Users/harika/Desktop/CSYE_7245/Labs/airflow_tfx_lab/vlab/lib/python3.7/site-packages/airflow/example_dags/example_xcom.py
[2021-03-17 20:11:34,486] {scheduler_job.py:639} INFO - DAG(s) dict_keys(['example_xcom']) retrieved from /Users/harika/Desktop/CSYE_7245/Labs/airflow_tfx_lab/vlab/lib/python3.7/site-packages/airflow/example_dags/example_xcom.py
[2021-03-17 20:11:34,502] {logging_mixin.py:104} INFO - [2021-03-17 20:11:34,501] {dag.py:1818} INFO - Sync 1 DAGs
[2021-03-17 20:11:34,514] {logging_mixin.py:104} INFO - [2021-03-17 20:11:34,514] {dag.py:2273} INFO - Setting next_dagrun for example_xcom to 2021-03-16 00:00:00+00:00
[2021-03-17 20:11:34,612] {scheduler_job.py:190} INFO - Processing /Users/harika/Desktop/CSYE_7245/Labs/airflow_tfx_lab/vlab/lib/python3.7/site-packages/airflow/example_dags/example_xcom.py took 0.151 seconds
[2021-03-17 20:12:13,901] {scheduler_job.py:182} INFO - Started process (PID=31727) to work on /Users/harika/Desktop/CSYE_7245/Labs/airflow_tfx_lab/vlab/lib/python3.7/site-packages/airflow/example_dags/example_xcom.py
[2021-03-17 20:12:13,904] {scheduler_job.py:629} INFO - Processing file /Users/harika/Desktop/CSYE_7245/Labs/airflow_tfx_lab/vlab/lib/python3.7/site-packages/airflow/example_dags/example_xcom.py for tasks to queue
[2021-03-17 20:12:13,907] {logging_mixin.py:104} INFO - [2021-03-17 20:12:13,906] {dagbag.py:448} INFO - Filling up the DagBag from /Users/harika/Desktop/CSYE_7245/Labs/airflow_tfx_lab/vlab/lib/python3.7/site-packages/airflow/example_dags/example_xcom.py
[2021-03-17 20:12:13,921] {scheduler_job.py:639} INFO - DAG(s) dict_keys(['example_xcom']) retrieved from /Users/harika/Desktop/CSYE_7245/Labs/airflow_tfx_lab/vlab/lib/python3.7/site-packages/airflow/example_dags/example_xcom.py
[2021-03-17 20:12:13,940] {logging_mixin.py:104} INFO - [2021-03-17 20:12:13,940] {dag.py:1818} INFO - Sync 1 DAGs
[2021-03-17 20:12:14,042] {logging_mixin.py:104} INFO - [2021-03-17 20:12:14,042] {dag.py:2273} INFO - Setting next_dagrun for example_xcom to 2021-03-16 00:00:00+00:00
[2021-03-17 20:12:14,050] {scheduler_job.py:190} INFO - Processing /Users/harika/Desktop/CSYE_7245/Labs/airflow_tfx_lab/vlab/lib/python3.7/site-packages/airflow/example_dags/example_xcom.py took 0.153 seconds
[2021-03-17 20:12:52,444] {scheduler_job.py:182} INFO - Started process (PID=31759) to work on /Users/harika/Desktop/CSYE_7245/Labs/airflow_tfx_lab/vlab/lib/python3.7/site-packages/airflow/example_dags/example_xcom.py
[2021-03-17 20:12:52,446] {scheduler_job.py:629} INFO - Processing file /Users/harika/Desktop/CSYE_7245/Labs/airflow_tfx_lab/vlab/lib/python3.7/site-packages/airflow/example_dags/example_xcom.py for tasks to queue
[2021-03-17 20:12:52,448] {logging_mixin.py:104} INFO - [2021-03-17 20:12:52,448] {dagbag.py:448} INFO - Filling up the DagBag from /Users/harika/Desktop/CSYE_7245/Labs/airflow_tfx_lab/vlab/lib/python3.7/site-packages/airflow/example_dags/example_xcom.py
[2021-03-17 20:12:52,470] {scheduler_job.py:639} INFO - DAG(s) dict_keys(['example_xcom']) retrieved from /Users/harika/Desktop/CSYE_7245/Labs/airflow_tfx_lab/vlab/lib/python3.7/site-packages/airflow/example_dags/example_xcom.py
[2021-03-17 20:12:52,487] {logging_mixin.py:104} INFO - [2021-03-17 20:12:52,486] {dag.py:1818} INFO - Sync 1 DAGs
[2021-03-17 20:12:52,590] {logging_mixin.py:104} INFO - [2021-03-17 20:12:52,590] {dag.py:2273} INFO - Setting next_dagrun for example_xcom to 2021-03-16 00:00:00+00:00
[2021-03-17 20:12:52,598] {scheduler_job.py:190} INFO - Processing /Users/harika/Desktop/CSYE_7245/Labs/airflow_tfx_lab/vlab/lib/python3.7/site-packages/airflow/example_dags/example_xcom.py took 0.160 seconds
[2021-03-17 20:13:30,918] {scheduler_job.py:182} INFO - Started process (PID=31791) to work on /Users/harika/Desktop/CSYE_7245/Labs/airflow_tfx_lab/vlab/lib/python3.7/site-packages/airflow/example_dags/example_xcom.py
[2021-03-17 20:13:30,920] {scheduler_job.py:629} INFO - Processing file /Users/harika/Desktop/CSYE_7245/Labs/airflow_tfx_lab/vlab/lib/python3.7/site-packages/airflow/example_dags/example_xcom.py for tasks to queue
[2021-03-17 20:13:30,922] {logging_mixin.py:104} INFO - [2021-03-17 20:13:30,922] {dagbag.py:448} INFO - Filling up the DagBag from /Users/harika/Desktop/CSYE_7245/Labs/airflow_tfx_lab/vlab/lib/python3.7/site-packages/airflow/example_dags/example_xcom.py
[2021-03-17 20:13:30,938] {scheduler_job.py:639} INFO - DAG(s) dict_keys(['example_xcom']) retrieved from /Users/harika/Desktop/CSYE_7245/Labs/airflow_tfx_lab/vlab/lib/python3.7/site-packages/airflow/example_dags/example_xcom.py
[2021-03-17 20:13:30,955] {logging_mixin.py:104} INFO - [2021-03-17 20:13:30,955] {dag.py:1818} INFO - Sync 1 DAGs
[2021-03-17 20:13:31,070] {logging_mixin.py:104} INFO - [2021-03-17 20:13:31,069] {dag.py:2273} INFO - Setting next_dagrun for example_xcom to 2021-03-16 00:00:00+00:00
[2021-03-17 20:13:31,078] {scheduler_job.py:190} INFO - Processing /Users/harika/Desktop/CSYE_7245/Labs/airflow_tfx_lab/vlab/lib/python3.7/site-packages/airflow/example_dags/example_xcom.py took 0.164 seconds
[2021-03-17 20:14:09,716] {scheduler_job.py:182} INFO - Started process (PID=31822) to work on /Users/harika/Desktop/CSYE_7245/Labs/airflow_tfx_lab/vlab/lib/python3.7/site-packages/airflow/example_dags/example_xcom.py
[2021-03-17 20:14:09,721] {scheduler_job.py:629} INFO - Processing file /Users/harika/Desktop/CSYE_7245/Labs/airflow_tfx_lab/vlab/lib/python3.7/site-packages/airflow/example_dags/example_xcom.py for tasks to queue
[2021-03-17 20:14:09,725] {logging_mixin.py:104} INFO - [2021-03-17 20:14:09,724] {dagbag.py:448} INFO - Filling up the DagBag from /Users/harika/Desktop/CSYE_7245/Labs/airflow_tfx_lab/vlab/lib/python3.7/site-packages/airflow/example_dags/example_xcom.py
[2021-03-17 20:14:09,745] {scheduler_job.py:639} INFO - DAG(s) dict_keys(['example_xcom']) retrieved from /Users/harika/Desktop/CSYE_7245/Labs/airflow_tfx_lab/vlab/lib/python3.7/site-packages/airflow/example_dags/example_xcom.py
[2021-03-17 20:14:09,766] {logging_mixin.py:104} INFO - [2021-03-17 20:14:09,765] {dag.py:1818} INFO - Sync 1 DAGs
[2021-03-17 20:14:09,905] {logging_mixin.py:104} INFO - [2021-03-17 20:14:09,903] {dag.py:2273} INFO - Setting next_dagrun for example_xcom to 2021-03-16 00:00:00+00:00
[2021-03-17 20:14:09,917] {scheduler_job.py:190} INFO - Processing /Users/harika/Desktop/CSYE_7245/Labs/airflow_tfx_lab/vlab/lib/python3.7/site-packages/airflow/example_dags/example_xcom.py took 0.207 seconds
[2021-03-17 20:14:48,572] {scheduler_job.py:182} INFO - Started process (PID=31851) to work on /Users/harika/Desktop/CSYE_7245/Labs/airflow_tfx_lab/vlab/lib/python3.7/site-packages/airflow/example_dags/example_xcom.py
[2021-03-17 20:14:48,575] {scheduler_job.py:629} INFO - Processing file /Users/harika/Desktop/CSYE_7245/Labs/airflow_tfx_lab/vlab/lib/python3.7/site-packages/airflow/example_dags/example_xcom.py for tasks to queue
[2021-03-17 20:14:48,577] {logging_mixin.py:104} INFO - [2021-03-17 20:14:48,576] {dagbag.py:448} INFO - Filling up the DagBag from /Users/harika/Desktop/CSYE_7245/Labs/airflow_tfx_lab/vlab/lib/python3.7/site-packages/airflow/example_dags/example_xcom.py
[2021-03-17 20:14:48,596] {scheduler_job.py:639} INFO - DAG(s) dict_keys(['example_xcom']) retrieved from /Users/harika/Desktop/CSYE_7245/Labs/airflow_tfx_lab/vlab/lib/python3.7/site-packages/airflow/example_dags/example_xcom.py
[2021-03-17 20:14:48,621] {logging_mixin.py:104} INFO - [2021-03-17 20:14:48,620] {dag.py:1818} INFO - Sync 1 DAGs
[2021-03-17 20:14:48,727] {logging_mixin.py:104} INFO - [2021-03-17 20:14:48,726] {dag.py:2273} INFO - Setting next_dagrun for example_xcom to 2021-03-16 00:00:00+00:00
[2021-03-17 20:14:48,734] {scheduler_job.py:190} INFO - Processing /Users/harika/Desktop/CSYE_7245/Labs/airflow_tfx_lab/vlab/lib/python3.7/site-packages/airflow/example_dags/example_xcom.py took 0.166 seconds
[2021-03-17 20:15:27,339] {scheduler_job.py:182} INFO - Started process (PID=31886) to work on /Users/harika/Desktop/CSYE_7245/Labs/airflow_tfx_lab/vlab/lib/python3.7/site-packages/airflow/example_dags/example_xcom.py
[2021-03-17 20:15:27,341] {scheduler_job.py:629} INFO - Processing file /Users/harika/Desktop/CSYE_7245/Labs/airflow_tfx_lab/vlab/lib/python3.7/site-packages/airflow/example_dags/example_xcom.py for tasks to queue
[2021-03-17 20:15:27,343] {logging_mixin.py:104} INFO - [2021-03-17 20:15:27,342] {dagbag.py:448} INFO - Filling up the DagBag from /Users/harika/Desktop/CSYE_7245/Labs/airflow_tfx_lab/vlab/lib/python3.7/site-packages/airflow/example_dags/example_xcom.py
[2021-03-17 20:15:27,359] {scheduler_job.py:639} INFO - DAG(s) dict_keys(['example_xcom']) retrieved from /Users/harika/Desktop/CSYE_7245/Labs/airflow_tfx_lab/vlab/lib/python3.7/site-packages/airflow/example_dags/example_xcom.py
[2021-03-17 20:15:27,467] {logging_mixin.py:104} INFO - [2021-03-17 20:15:27,467] {dag.py:1818} INFO - Sync 1 DAGs
[2021-03-17 20:15:27,478] {logging_mixin.py:104} INFO - [2021-03-17 20:15:27,478] {dag.py:2273} INFO - Setting next_dagrun for example_xcom to 2021-03-16 00:00:00+00:00
[2021-03-17 20:15:27,487] {scheduler_job.py:190} INFO - Processing /Users/harika/Desktop/CSYE_7245/Labs/airflow_tfx_lab/vlab/lib/python3.7/site-packages/airflow/example_dags/example_xcom.py took 0.153 seconds
[2021-03-17 20:16:05,610] {scheduler_job.py:182} INFO - Started process (PID=31917) to work on /Users/harika/Desktop/CSYE_7245/Labs/airflow_tfx_lab/vlab/lib/python3.7/site-packages/airflow/example_dags/example_xcom.py
[2021-03-17 20:16:05,612] {scheduler_job.py:629} INFO - Processing file /Users/harika/Desktop/CSYE_7245/Labs/airflow_tfx_lab/vlab/lib/python3.7/site-packages/airflow/example_dags/example_xcom.py for tasks to queue
[2021-03-17 20:16:05,614] {logging_mixin.py:104} INFO - [2021-03-17 20:16:05,613] {dagbag.py:448} INFO - Filling up the DagBag from /Users/harika/Desktop/CSYE_7245/Labs/airflow_tfx_lab/vlab/lib/python3.7/site-packages/airflow/example_dags/example_xcom.py
[2021-03-17 20:16:05,629] {scheduler_job.py:639} INFO - DAG(s) dict_keys(['example_xcom']) retrieved from /Users/harika/Desktop/CSYE_7245/Labs/airflow_tfx_lab/vlab/lib/python3.7/site-packages/airflow/example_dags/example_xcom.py
[2021-03-17 20:16:05,736] {logging_mixin.py:104} INFO - [2021-03-17 20:16:05,736] {dag.py:1818} INFO - Sync 1 DAGs
[2021-03-17 20:16:05,747] {logging_mixin.py:104} INFO - [2021-03-17 20:16:05,747] {dag.py:2273} INFO - Setting next_dagrun for example_xcom to 2021-03-16 00:00:00+00:00
[2021-03-17 20:16:05,755] {scheduler_job.py:190} INFO - Processing /Users/harika/Desktop/CSYE_7245/Labs/airflow_tfx_lab/vlab/lib/python3.7/site-packages/airflow/example_dags/example_xcom.py took 0.149 seconds
[2021-03-17 20:16:44,000] {scheduler_job.py:182} INFO - Started process (PID=31953) to work on /Users/harika/Desktop/CSYE_7245/Labs/airflow_tfx_lab/vlab/lib/python3.7/site-packages/airflow/example_dags/example_xcom.py
[2021-03-17 20:16:44,002] {scheduler_job.py:629} INFO - Processing file /Users/harika/Desktop/CSYE_7245/Labs/airflow_tfx_lab/vlab/lib/python3.7/site-packages/airflow/example_dags/example_xcom.py for tasks to queue
[2021-03-17 20:16:44,004] {logging_mixin.py:104} INFO - [2021-03-17 20:16:44,004] {dagbag.py:448} INFO - Filling up the DagBag from /Users/harika/Desktop/CSYE_7245/Labs/airflow_tfx_lab/vlab/lib/python3.7/site-packages/airflow/example_dags/example_xcom.py
[2021-03-17 20:16:44,023] {scheduler_job.py:639} INFO - DAG(s) dict_keys(['example_xcom']) retrieved from /Users/harika/Desktop/CSYE_7245/Labs/airflow_tfx_lab/vlab/lib/python3.7/site-packages/airflow/example_dags/example_xcom.py
[2021-03-17 20:16:44,148] {logging_mixin.py:104} INFO - [2021-03-17 20:16:44,147] {dag.py:1818} INFO - Sync 1 DAGs
[2021-03-17 20:16:44,161] {logging_mixin.py:104} INFO - [2021-03-17 20:16:44,160] {dag.py:2273} INFO - Setting next_dagrun for example_xcom to 2021-03-16 00:00:00+00:00
[2021-03-17 20:16:44,173] {scheduler_job.py:190} INFO - Processing /Users/harika/Desktop/CSYE_7245/Labs/airflow_tfx_lab/vlab/lib/python3.7/site-packages/airflow/example_dags/example_xcom.py took 0.178 seconds
[2021-03-17 20:17:23,416] {scheduler_job.py:182} INFO - Started process (PID=31984) to work on /Users/harika/Desktop/CSYE_7245/Labs/airflow_tfx_lab/vlab/lib/python3.7/site-packages/airflow/example_dags/example_xcom.py
[2021-03-17 20:17:23,420] {scheduler_job.py:629} INFO - Processing file /Users/harika/Desktop/CSYE_7245/Labs/airflow_tfx_lab/vlab/lib/python3.7/site-packages/airflow/example_dags/example_xcom.py for tasks to queue
[2021-03-17 20:17:23,422] {logging_mixin.py:104} INFO - [2021-03-17 20:17:23,422] {dagbag.py:448} INFO - Filling up the DagBag from /Users/harika/Desktop/CSYE_7245/Labs/airflow_tfx_lab/vlab/lib/python3.7/site-packages/airflow/example_dags/example_xcom.py
[2021-03-17 20:17:23,437] {scheduler_job.py:639} INFO - DAG(s) dict_keys(['example_xcom']) retrieved from /Users/harika/Desktop/CSYE_7245/Labs/airflow_tfx_lab/vlab/lib/python3.7/site-packages/airflow/example_dags/example_xcom.py
[2021-03-17 20:17:23,540] {logging_mixin.py:104} INFO - [2021-03-17 20:17:23,539] {dag.py:1818} INFO - Sync 1 DAGs
[2021-03-17 20:17:23,551] {logging_mixin.py:104} INFO - [2021-03-17 20:17:23,551] {dag.py:2273} INFO - Setting next_dagrun for example_xcom to 2021-03-16 00:00:00+00:00
[2021-03-17 20:17:23,559] {scheduler_job.py:190} INFO - Processing /Users/harika/Desktop/CSYE_7245/Labs/airflow_tfx_lab/vlab/lib/python3.7/site-packages/airflow/example_dags/example_xcom.py took 0.147 seconds
[2021-03-17 20:18:03,350] {scheduler_job.py:182} INFO - Started process (PID=32024) to work on /Users/harika/Desktop/CSYE_7245/Labs/airflow_tfx_lab/vlab/lib/python3.7/site-packages/airflow/example_dags/example_xcom.py
[2021-03-17 20:18:03,353] {scheduler_job.py:629} INFO - Processing file /Users/harika/Desktop/CSYE_7245/Labs/airflow_tfx_lab/vlab/lib/python3.7/site-packages/airflow/example_dags/example_xcom.py for tasks to queue
[2021-03-17 20:18:03,355] {logging_mixin.py:104} INFO - [2021-03-17 20:18:03,354] {dagbag.py:448} INFO - Filling up the DagBag from /Users/harika/Desktop/CSYE_7245/Labs/airflow_tfx_lab/vlab/lib/python3.7/site-packages/airflow/example_dags/example_xcom.py
[2021-03-17 20:18:03,373] {scheduler_job.py:639} INFO - DAG(s) dict_keys(['example_xcom']) retrieved from /Users/harika/Desktop/CSYE_7245/Labs/airflow_tfx_lab/vlab/lib/python3.7/site-packages/airflow/example_dags/example_xcom.py
[2021-03-17 20:18:03,481] {logging_mixin.py:104} INFO - [2021-03-17 20:18:03,480] {dag.py:1818} INFO - Sync 1 DAGs
[2021-03-17 20:18:03,491] {logging_mixin.py:104} INFO - [2021-03-17 20:18:03,490] {dag.py:2273} INFO - Setting next_dagrun for example_xcom to 2021-03-16 00:00:00+00:00
[2021-03-17 20:18:03,498] {scheduler_job.py:190} INFO - Processing /Users/harika/Desktop/CSYE_7245/Labs/airflow_tfx_lab/vlab/lib/python3.7/site-packages/airflow/example_dags/example_xcom.py took 0.153 seconds
[2021-03-17 20:18:43,286] {scheduler_job.py:182} INFO - Started process (PID=32066) to work on /Users/harika/Desktop/CSYE_7245/Labs/airflow_tfx_lab/vlab/lib/python3.7/site-packages/airflow/example_dags/example_xcom.py
[2021-03-17 20:18:43,288] {scheduler_job.py:629} INFO - Processing file /Users/harika/Desktop/CSYE_7245/Labs/airflow_tfx_lab/vlab/lib/python3.7/site-packages/airflow/example_dags/example_xcom.py for tasks to queue
[2021-03-17 20:18:43,290] {logging_mixin.py:104} INFO - [2021-03-17 20:18:43,289] {dagbag.py:448} INFO - Filling up the DagBag from /Users/harika/Desktop/CSYE_7245/Labs/airflow_tfx_lab/vlab/lib/python3.7/site-packages/airflow/example_dags/example_xcom.py
[2021-03-17 20:18:43,397] {scheduler_job.py:639} INFO - DAG(s) dict_keys(['example_xcom']) retrieved from /Users/harika/Desktop/CSYE_7245/Labs/airflow_tfx_lab/vlab/lib/python3.7/site-packages/airflow/example_dags/example_xcom.py
[2021-03-17 20:18:43,410] {logging_mixin.py:104} INFO - [2021-03-17 20:18:43,409] {dag.py:1818} INFO - Sync 1 DAGs
[2021-03-17 20:18:43,421] {logging_mixin.py:104} INFO - [2021-03-17 20:18:43,420] {dag.py:2273} INFO - Setting next_dagrun for example_xcom to 2021-03-16 00:00:00+00:00
[2021-03-17 20:18:43,434] {scheduler_job.py:190} INFO - Processing /Users/harika/Desktop/CSYE_7245/Labs/airflow_tfx_lab/vlab/lib/python3.7/site-packages/airflow/example_dags/example_xcom.py took 0.151 seconds
[2021-03-17 20:19:23,656] {scheduler_job.py:182} INFO - Started process (PID=32100) to work on /Users/harika/Desktop/CSYE_7245/Labs/airflow_tfx_lab/vlab/lib/python3.7/site-packages/airflow/example_dags/example_xcom.py
[2021-03-17 20:19:23,658] {scheduler_job.py:629} INFO - Processing file /Users/harika/Desktop/CSYE_7245/Labs/airflow_tfx_lab/vlab/lib/python3.7/site-packages/airflow/example_dags/example_xcom.py for tasks to queue
[2021-03-17 20:19:23,660] {logging_mixin.py:104} INFO - [2021-03-17 20:19:23,660] {dagbag.py:448} INFO - Filling up the DagBag from /Users/harika/Desktop/CSYE_7245/Labs/airflow_tfx_lab/vlab/lib/python3.7/site-packages/airflow/example_dags/example_xcom.py
[2021-03-17 20:19:23,767] {scheduler_job.py:639} INFO - DAG(s) dict_keys(['example_xcom']) retrieved from /Users/harika/Desktop/CSYE_7245/Labs/airflow_tfx_lab/vlab/lib/python3.7/site-packages/airflow/example_dags/example_xcom.py
[2021-03-17 20:19:23,778] {logging_mixin.py:104} INFO - [2021-03-17 20:19:23,777] {dag.py:1818} INFO - Sync 1 DAGs
[2021-03-17 20:19:23,788] {logging_mixin.py:104} INFO - [2021-03-17 20:19:23,787] {dag.py:2273} INFO - Setting next_dagrun for example_xcom to 2021-03-16 00:00:00+00:00
[2021-03-17 20:19:23,796] {scheduler_job.py:190} INFO - Processing /Users/harika/Desktop/CSYE_7245/Labs/airflow_tfx_lab/vlab/lib/python3.7/site-packages/airflow/example_dags/example_xcom.py took 0.144 seconds
[2021-03-17 20:20:02,155] {scheduler_job.py:182} INFO - Started process (PID=32131) to work on /Users/harika/Desktop/CSYE_7245/Labs/airflow_tfx_lab/vlab/lib/python3.7/site-packages/airflow/example_dags/example_xcom.py
[2021-03-17 20:20:02,157] {scheduler_job.py:629} INFO - Processing file /Users/harika/Desktop/CSYE_7245/Labs/airflow_tfx_lab/vlab/lib/python3.7/site-packages/airflow/example_dags/example_xcom.py for tasks to queue
[2021-03-17 20:20:02,158] {logging_mixin.py:104} INFO - [2021-03-17 20:20:02,158] {dagbag.py:448} INFO - Filling up the DagBag from /Users/harika/Desktop/CSYE_7245/Labs/airflow_tfx_lab/vlab/lib/python3.7/site-packages/airflow/example_dags/example_xcom.py
[2021-03-17 20:20:02,272] {scheduler_job.py:639} INFO - DAG(s) dict_keys(['example_xcom']) retrieved from /Users/harika/Desktop/CSYE_7245/Labs/airflow_tfx_lab/vlab/lib/python3.7/site-packages/airflow/example_dags/example_xcom.py
[2021-03-17 20:20:02,283] {logging_mixin.py:104} INFO - [2021-03-17 20:20:02,282] {dag.py:1818} INFO - Sync 1 DAGs
[2021-03-17 20:20:02,293] {logging_mixin.py:104} INFO - [2021-03-17 20:20:02,293] {dag.py:2273} INFO - Setting next_dagrun for example_xcom to 2021-03-16 00:00:00+00:00
[2021-03-17 20:20:02,301] {scheduler_job.py:190} INFO - Processing /Users/harika/Desktop/CSYE_7245/Labs/airflow_tfx_lab/vlab/lib/python3.7/site-packages/airflow/example_dags/example_xcom.py took 0.150 seconds
[2021-03-17 20:20:40,725] {scheduler_job.py:182} INFO - Started process (PID=32160) to work on /Users/harika/Desktop/CSYE_7245/Labs/airflow_tfx_lab/vlab/lib/python3.7/site-packages/airflow/example_dags/example_xcom.py
[2021-03-17 20:20:40,727] {scheduler_job.py:629} INFO - Processing file /Users/harika/Desktop/CSYE_7245/Labs/airflow_tfx_lab/vlab/lib/python3.7/site-packages/airflow/example_dags/example_xcom.py for tasks to queue
[2021-03-17 20:20:40,729] {logging_mixin.py:104} INFO - [2021-03-17 20:20:40,729] {dagbag.py:448} INFO - Filling up the DagBag from /Users/harika/Desktop/CSYE_7245/Labs/airflow_tfx_lab/vlab/lib/python3.7/site-packages/airflow/example_dags/example_xcom.py
[2021-03-17 20:20:40,837] {scheduler_job.py:639} INFO - DAG(s) dict_keys(['example_xcom']) retrieved from /Users/harika/Desktop/CSYE_7245/Labs/airflow_tfx_lab/vlab/lib/python3.7/site-packages/airflow/example_dags/example_xcom.py
[2021-03-17 20:20:40,855] {logging_mixin.py:104} INFO - [2021-03-17 20:20:40,855] {dag.py:1818} INFO - Sync 1 DAGs
[2021-03-17 20:20:40,869] {logging_mixin.py:104} INFO - [2021-03-17 20:20:40,868] {dag.py:2273} INFO - Setting next_dagrun for example_xcom to 2021-03-16 00:00:00+00:00
[2021-03-17 20:20:40,876] {scheduler_job.py:190} INFO - Processing /Users/harika/Desktop/CSYE_7245/Labs/airflow_tfx_lab/vlab/lib/python3.7/site-packages/airflow/example_dags/example_xcom.py took 0.155 seconds
[2021-03-17 20:21:24,236] {scheduler_job.py:182} INFO - Started process (PID=32196) to work on /Users/harika/Desktop/CSYE_7245/Labs/airflow_tfx_lab/vlab/lib/python3.7/site-packages/airflow/example_dags/example_xcom.py
[2021-03-17 20:21:24,239] {scheduler_job.py:629} INFO - Processing file /Users/harika/Desktop/CSYE_7245/Labs/airflow_tfx_lab/vlab/lib/python3.7/site-packages/airflow/example_dags/example_xcom.py for tasks to queue
[2021-03-17 20:21:24,241] {logging_mixin.py:104} INFO - [2021-03-17 20:21:24,240] {dagbag.py:448} INFO - Filling up the DagBag from /Users/harika/Desktop/CSYE_7245/Labs/airflow_tfx_lab/vlab/lib/python3.7/site-packages/airflow/example_dags/example_xcom.py
[2021-03-17 20:21:24,259] {scheduler_job.py:639} INFO - DAG(s) dict_keys(['example_xcom']) retrieved from /Users/harika/Desktop/CSYE_7245/Labs/airflow_tfx_lab/vlab/lib/python3.7/site-packages/airflow/example_dags/example_xcom.py
[2021-03-17 20:21:24,279] {logging_mixin.py:104} INFO - [2021-03-17 20:21:24,278] {dag.py:1818} INFO - Sync 1 DAGs
[2021-03-17 20:21:24,295] {logging_mixin.py:104} INFO - [2021-03-17 20:21:24,294] {dag.py:2273} INFO - Setting next_dagrun for example_xcom to 2021-03-16 00:00:00+00:00
[2021-03-17 20:21:24,306] {scheduler_job.py:190} INFO - Processing /Users/harika/Desktop/CSYE_7245/Labs/airflow_tfx_lab/vlab/lib/python3.7/site-packages/airflow/example_dags/example_xcom.py took 0.074 seconds
[2021-03-17 20:22:10,068] {scheduler_job.py:182} INFO - Started process (PID=32257) to work on /Users/harika/Desktop/CSYE_7245/Labs/airflow_tfx_lab/vlab/lib/python3.7/site-packages/airflow/example_dags/example_xcom.py
[2021-03-17 20:22:10,071] {scheduler_job.py:629} INFO - Processing file /Users/harika/Desktop/CSYE_7245/Labs/airflow_tfx_lab/vlab/lib/python3.7/site-packages/airflow/example_dags/example_xcom.py for tasks to queue
[2021-03-17 20:22:10,074] {logging_mixin.py:104} INFO - [2021-03-17 20:22:10,073] {dagbag.py:448} INFO - Filling up the DagBag from /Users/harika/Desktop/CSYE_7245/Labs/airflow_tfx_lab/vlab/lib/python3.7/site-packages/airflow/example_dags/example_xcom.py
[2021-03-17 20:22:10,103] {scheduler_job.py:639} INFO - DAG(s) dict_keys(['example_xcom']) retrieved from /Users/harika/Desktop/CSYE_7245/Labs/airflow_tfx_lab/vlab/lib/python3.7/site-packages/airflow/example_dags/example_xcom.py
[2021-03-17 20:22:10,129] {logging_mixin.py:104} INFO - [2021-03-17 20:22:10,128] {dag.py:1818} INFO - Sync 1 DAGs
[2021-03-17 20:22:10,153] {logging_mixin.py:104} INFO - [2021-03-17 20:22:10,149] {dag.py:2273} INFO - Setting next_dagrun for example_xcom to 2021-03-16 00:00:00+00:00
[2021-03-17 20:22:10,176] {scheduler_job.py:190} INFO - Processing /Users/harika/Desktop/CSYE_7245/Labs/airflow_tfx_lab/vlab/lib/python3.7/site-packages/airflow/example_dags/example_xcom.py took 0.111 seconds
[2021-03-17 20:22:48,929] {scheduler_job.py:182} INFO - Started process (PID=32302) to work on /Users/harika/Desktop/CSYE_7245/Labs/airflow_tfx_lab/vlab/lib/python3.7/site-packages/airflow/example_dags/example_xcom.py
[2021-03-17 20:22:48,931] {scheduler_job.py:629} INFO - Processing file /Users/harika/Desktop/CSYE_7245/Labs/airflow_tfx_lab/vlab/lib/python3.7/site-packages/airflow/example_dags/example_xcom.py for tasks to queue
[2021-03-17 20:22:48,935] {logging_mixin.py:104} INFO - [2021-03-17 20:22:48,933] {dagbag.py:448} INFO - Filling up the DagBag from /Users/harika/Desktop/CSYE_7245/Labs/airflow_tfx_lab/vlab/lib/python3.7/site-packages/airflow/example_dags/example_xcom.py
[2021-03-17 20:22:48,959] {scheduler_job.py:639} INFO - DAG(s) dict_keys(['example_xcom']) retrieved from /Users/harika/Desktop/CSYE_7245/Labs/airflow_tfx_lab/vlab/lib/python3.7/site-packages/airflow/example_dags/example_xcom.py
[2021-03-17 20:22:48,985] {logging_mixin.py:104} INFO - [2021-03-17 20:22:48,983] {dag.py:1818} INFO - Sync 1 DAGs
[2021-03-17 20:22:49,004] {logging_mixin.py:104} INFO - [2021-03-17 20:22:49,003] {dag.py:2273} INFO - Setting next_dagrun for example_xcom to 2021-03-16 00:00:00+00:00
[2021-03-17 20:22:49,015] {scheduler_job.py:190} INFO - Processing /Users/harika/Desktop/CSYE_7245/Labs/airflow_tfx_lab/vlab/lib/python3.7/site-packages/airflow/example_dags/example_xcom.py took 0.092 seconds
[2021-03-17 20:23:33,524] {scheduler_job.py:182} INFO - Started process (PID=32348) to work on /Users/harika/Desktop/CSYE_7245/Labs/airflow_tfx_lab/vlab/lib/python3.7/site-packages/airflow/example_dags/example_xcom.py
[2021-03-17 20:23:33,530] {scheduler_job.py:629} INFO - Processing file /Users/harika/Desktop/CSYE_7245/Labs/airflow_tfx_lab/vlab/lib/python3.7/site-packages/airflow/example_dags/example_xcom.py for tasks to queue
[2021-03-17 20:23:33,532] {logging_mixin.py:104} INFO - [2021-03-17 20:23:33,532] {dagbag.py:448} INFO - Filling up the DagBag from /Users/harika/Desktop/CSYE_7245/Labs/airflow_tfx_lab/vlab/lib/python3.7/site-packages/airflow/example_dags/example_xcom.py
[2021-03-17 20:23:33,563] {scheduler_job.py:639} INFO - DAG(s) dict_keys(['example_xcom']) retrieved from /Users/harika/Desktop/CSYE_7245/Labs/airflow_tfx_lab/vlab/lib/python3.7/site-packages/airflow/example_dags/example_xcom.py
[2021-03-17 20:23:33,603] {logging_mixin.py:104} INFO - [2021-03-17 20:23:33,602] {dag.py:1818} INFO - Sync 1 DAGs
[2021-03-17 20:23:33,632] {logging_mixin.py:104} INFO - [2021-03-17 20:23:33,631] {dag.py:2273} INFO - Setting next_dagrun for example_xcom to 2021-03-16 00:00:00+00:00
[2021-03-17 20:23:33,653] {scheduler_job.py:190} INFO - Processing /Users/harika/Desktop/CSYE_7245/Labs/airflow_tfx_lab/vlab/lib/python3.7/site-packages/airflow/example_dags/example_xcom.py took 0.138 seconds
[2021-03-17 20:24:13,530] {scheduler_job.py:182} INFO - Started process (PID=32397) to work on /Users/harika/Desktop/CSYE_7245/Labs/airflow_tfx_lab/vlab/lib/python3.7/site-packages/airflow/example_dags/example_xcom.py
[2021-03-17 20:24:13,533] {scheduler_job.py:629} INFO - Processing file /Users/harika/Desktop/CSYE_7245/Labs/airflow_tfx_lab/vlab/lib/python3.7/site-packages/airflow/example_dags/example_xcom.py for tasks to queue
[2021-03-17 20:24:13,535] {logging_mixin.py:104} INFO - [2021-03-17 20:24:13,535] {dagbag.py:448} INFO - Filling up the DagBag from /Users/harika/Desktop/CSYE_7245/Labs/airflow_tfx_lab/vlab/lib/python3.7/site-packages/airflow/example_dags/example_xcom.py
[2021-03-17 20:24:13,554] {scheduler_job.py:639} INFO - DAG(s) dict_keys(['example_xcom']) retrieved from /Users/harika/Desktop/CSYE_7245/Labs/airflow_tfx_lab/vlab/lib/python3.7/site-packages/airflow/example_dags/example_xcom.py
[2021-03-17 20:24:13,576] {logging_mixin.py:104} INFO - [2021-03-17 20:24:13,575] {dag.py:1818} INFO - Sync 1 DAGs
[2021-03-17 20:24:13,597] {logging_mixin.py:104} INFO - [2021-03-17 20:24:13,596] {dag.py:2273} INFO - Setting next_dagrun for example_xcom to 2021-03-16 00:00:00+00:00
[2021-03-17 20:24:13,608] {scheduler_job.py:190} INFO - Processing /Users/harika/Desktop/CSYE_7245/Labs/airflow_tfx_lab/vlab/lib/python3.7/site-packages/airflow/example_dags/example_xcom.py took 0.083 seconds
[2021-03-17 20:24:53,458] {scheduler_job.py:182} INFO - Started process (PID=32445) to work on /Users/harika/Desktop/CSYE_7245/Labs/airflow_tfx_lab/vlab/lib/python3.7/site-packages/airflow/example_dags/example_xcom.py
[2021-03-17 20:24:53,469] {scheduler_job.py:629} INFO - Processing file /Users/harika/Desktop/CSYE_7245/Labs/airflow_tfx_lab/vlab/lib/python3.7/site-packages/airflow/example_dags/example_xcom.py for tasks to queue
[2021-03-17 20:24:53,471] {logging_mixin.py:104} INFO - [2021-03-17 20:24:53,470] {dagbag.py:448} INFO - Filling up the DagBag from /Users/harika/Desktop/CSYE_7245/Labs/airflow_tfx_lab/vlab/lib/python3.7/site-packages/airflow/example_dags/example_xcom.py
[2021-03-17 20:24:53,495] {scheduler_job.py:639} INFO - DAG(s) dict_keys(['example_xcom']) retrieved from /Users/harika/Desktop/CSYE_7245/Labs/airflow_tfx_lab/vlab/lib/python3.7/site-packages/airflow/example_dags/example_xcom.py
[2021-03-17 20:24:53,518] {logging_mixin.py:104} INFO - [2021-03-17 20:24:53,517] {dag.py:1818} INFO - Sync 1 DAGs
[2021-03-17 20:24:53,535] {logging_mixin.py:104} INFO - [2021-03-17 20:24:53,535] {dag.py:2273} INFO - Setting next_dagrun for example_xcom to 2021-03-16 00:00:00+00:00
[2021-03-17 20:24:53,547] {scheduler_job.py:190} INFO - Processing /Users/harika/Desktop/CSYE_7245/Labs/airflow_tfx_lab/vlab/lib/python3.7/site-packages/airflow/example_dags/example_xcom.py took 0.095 seconds
