[2021-03-17 20:00:30,859] {scheduler_job.py:182} INFO - Started process (PID=31104) to work on /Users/harika/Desktop/CSYE_7245/Labs/airflow_tfx_lab/vlab/lib/python3.7/site-packages/airflow/example_dags/example_short_circuit_operator.py
[2021-03-17 20:00:30,862] {scheduler_job.py:629} INFO - Processing file /Users/harika/Desktop/CSYE_7245/Labs/airflow_tfx_lab/vlab/lib/python3.7/site-packages/airflow/example_dags/example_short_circuit_operator.py for tasks to queue
[2021-03-17 20:00:30,865] {logging_mixin.py:104} INFO - [2021-03-17 20:00:30,863] {dagbag.py:448} INFO - Filling up the DagBag from /Users/harika/Desktop/CSYE_7245/Labs/airflow_tfx_lab/vlab/lib/python3.7/site-packages/airflow/example_dags/example_short_circuit_operator.py
[2021-03-17 20:00:30,899] {scheduler_job.py:639} INFO - DAG(s) dict_keys(['example_short_circuit_operator']) retrieved from /Users/harika/Desktop/CSYE_7245/Labs/airflow_tfx_lab/vlab/lib/python3.7/site-packages/airflow/example_dags/example_short_circuit_operator.py
[2021-03-17 20:00:30,932] {logging_mixin.py:104} INFO - [2021-03-17 20:00:30,930] {dag.py:1818} INFO - Sync 1 DAGs
[2021-03-17 20:00:30,953] {logging_mixin.py:104} INFO - [2021-03-17 20:00:30,952] {dag.py:2273} INFO - Setting next_dagrun for example_short_circuit_operator to 2021-03-16 00:00:00+00:00
[2021-03-17 20:00:30,974] {scheduler_job.py:190} INFO - Processing /Users/harika/Desktop/CSYE_7245/Labs/airflow_tfx_lab/vlab/lib/python3.7/site-packages/airflow/example_dags/example_short_circuit_operator.py took 0.122 seconds
[2021-03-17 20:01:13,193] {scheduler_job.py:182} INFO - Started process (PID=31143) to work on /Users/harika/Desktop/CSYE_7245/Labs/airflow_tfx_lab/vlab/lib/python3.7/site-packages/airflow/example_dags/example_short_circuit_operator.py
[2021-03-17 20:01:13,197] {scheduler_job.py:629} INFO - Processing file /Users/harika/Desktop/CSYE_7245/Labs/airflow_tfx_lab/vlab/lib/python3.7/site-packages/airflow/example_dags/example_short_circuit_operator.py for tasks to queue
[2021-03-17 20:01:13,199] {logging_mixin.py:104} INFO - [2021-03-17 20:01:13,198] {dagbag.py:448} INFO - Filling up the DagBag from /Users/harika/Desktop/CSYE_7245/Labs/airflow_tfx_lab/vlab/lib/python3.7/site-packages/airflow/example_dags/example_short_circuit_operator.py
[2021-03-17 20:01:13,216] {scheduler_job.py:639} INFO - DAG(s) dict_keys(['example_short_circuit_operator']) retrieved from /Users/harika/Desktop/CSYE_7245/Labs/airflow_tfx_lab/vlab/lib/python3.7/site-packages/airflow/example_dags/example_short_circuit_operator.py
[2021-03-17 20:01:13,235] {logging_mixin.py:104} INFO - [2021-03-17 20:01:13,234] {dag.py:1818} INFO - Sync 1 DAGs
[2021-03-17 20:01:13,248] {logging_mixin.py:104} INFO - [2021-03-17 20:01:13,248] {dag.py:2273} INFO - Setting next_dagrun for example_short_circuit_operator to 2021-03-16 00:00:00+00:00
[2021-03-17 20:01:13,258] {scheduler_job.py:190} INFO - Processing /Users/harika/Desktop/CSYE_7245/Labs/airflow_tfx_lab/vlab/lib/python3.7/site-packages/airflow/example_dags/example_short_circuit_operator.py took 0.070 seconds
[2021-03-17 20:01:51,544] {scheduler_job.py:182} INFO - Started process (PID=31172) to work on /Users/harika/Desktop/CSYE_7245/Labs/airflow_tfx_lab/vlab/lib/python3.7/site-packages/airflow/example_dags/example_short_circuit_operator.py
[2021-03-17 20:01:51,547] {scheduler_job.py:629} INFO - Processing file /Users/harika/Desktop/CSYE_7245/Labs/airflow_tfx_lab/vlab/lib/python3.7/site-packages/airflow/example_dags/example_short_circuit_operator.py for tasks to queue
[2021-03-17 20:01:51,549] {logging_mixin.py:104} INFO - [2021-03-17 20:01:51,548] {dagbag.py:448} INFO - Filling up the DagBag from /Users/harika/Desktop/CSYE_7245/Labs/airflow_tfx_lab/vlab/lib/python3.7/site-packages/airflow/example_dags/example_short_circuit_operator.py
[2021-03-17 20:01:51,567] {scheduler_job.py:639} INFO - DAG(s) dict_keys(['example_short_circuit_operator']) retrieved from /Users/harika/Desktop/CSYE_7245/Labs/airflow_tfx_lab/vlab/lib/python3.7/site-packages/airflow/example_dags/example_short_circuit_operator.py
[2021-03-17 20:01:51,588] {logging_mixin.py:104} INFO - [2021-03-17 20:01:51,587] {dag.py:1818} INFO - Sync 1 DAGs
[2021-03-17 20:01:51,601] {logging_mixin.py:104} INFO - [2021-03-17 20:01:51,600] {dag.py:2273} INFO - Setting next_dagrun for example_short_circuit_operator to 2021-03-16 00:00:00+00:00
[2021-03-17 20:01:51,611] {scheduler_job.py:190} INFO - Processing /Users/harika/Desktop/CSYE_7245/Labs/airflow_tfx_lab/vlab/lib/python3.7/site-packages/airflow/example_dags/example_short_circuit_operator.py took 0.071 seconds
[2021-03-17 20:02:30,139] {scheduler_job.py:182} INFO - Started process (PID=31203) to work on /Users/harika/Desktop/CSYE_7245/Labs/airflow_tfx_lab/vlab/lib/python3.7/site-packages/airflow/example_dags/example_short_circuit_operator.py
[2021-03-17 20:02:30,142] {scheduler_job.py:629} INFO - Processing file /Users/harika/Desktop/CSYE_7245/Labs/airflow_tfx_lab/vlab/lib/python3.7/site-packages/airflow/example_dags/example_short_circuit_operator.py for tasks to queue
[2021-03-17 20:02:30,145] {logging_mixin.py:104} INFO - [2021-03-17 20:02:30,144] {dagbag.py:448} INFO - Filling up the DagBag from /Users/harika/Desktop/CSYE_7245/Labs/airflow_tfx_lab/vlab/lib/python3.7/site-packages/airflow/example_dags/example_short_circuit_operator.py
[2021-03-17 20:02:30,174] {scheduler_job.py:639} INFO - DAG(s) dict_keys(['example_short_circuit_operator']) retrieved from /Users/harika/Desktop/CSYE_7245/Labs/airflow_tfx_lab/vlab/lib/python3.7/site-packages/airflow/example_dags/example_short_circuit_operator.py
[2021-03-17 20:02:30,198] {logging_mixin.py:104} INFO - [2021-03-17 20:02:30,197] {dag.py:1818} INFO - Sync 1 DAGs
[2021-03-17 20:02:30,215] {logging_mixin.py:104} INFO - [2021-03-17 20:02:30,214] {dag.py:2273} INFO - Setting next_dagrun for example_short_circuit_operator to 2021-03-16 00:00:00+00:00
[2021-03-17 20:02:30,225] {scheduler_job.py:190} INFO - Processing /Users/harika/Desktop/CSYE_7245/Labs/airflow_tfx_lab/vlab/lib/python3.7/site-packages/airflow/example_dags/example_short_circuit_operator.py took 0.090 seconds
[2021-03-17 20:03:09,794] {scheduler_job.py:182} INFO - Started process (PID=31245) to work on /Users/harika/Desktop/CSYE_7245/Labs/airflow_tfx_lab/vlab/lib/python3.7/site-packages/airflow/example_dags/example_short_circuit_operator.py
[2021-03-17 20:03:09,797] {scheduler_job.py:629} INFO - Processing file /Users/harika/Desktop/CSYE_7245/Labs/airflow_tfx_lab/vlab/lib/python3.7/site-packages/airflow/example_dags/example_short_circuit_operator.py for tasks to queue
[2021-03-17 20:03:09,799] {logging_mixin.py:104} INFO - [2021-03-17 20:03:09,799] {dagbag.py:448} INFO - Filling up the DagBag from /Users/harika/Desktop/CSYE_7245/Labs/airflow_tfx_lab/vlab/lib/python3.7/site-packages/airflow/example_dags/example_short_circuit_operator.py
[2021-03-17 20:03:09,815] {scheduler_job.py:639} INFO - DAG(s) dict_keys(['example_short_circuit_operator']) retrieved from /Users/harika/Desktop/CSYE_7245/Labs/airflow_tfx_lab/vlab/lib/python3.7/site-packages/airflow/example_dags/example_short_circuit_operator.py
[2021-03-17 20:03:09,832] {logging_mixin.py:104} INFO - [2021-03-17 20:03:09,831] {dag.py:1818} INFO - Sync 1 DAGs
[2021-03-17 20:03:09,845] {logging_mixin.py:104} INFO - [2021-03-17 20:03:09,844] {dag.py:2273} INFO - Setting next_dagrun for example_short_circuit_operator to 2021-03-16 00:00:00+00:00
[2021-03-17 20:03:09,853] {scheduler_job.py:190} INFO - Processing /Users/harika/Desktop/CSYE_7245/Labs/airflow_tfx_lab/vlab/lib/python3.7/site-packages/airflow/example_dags/example_short_circuit_operator.py took 0.064 seconds
[2021-03-17 20:03:48,364] {scheduler_job.py:182} INFO - Started process (PID=31282) to work on /Users/harika/Desktop/CSYE_7245/Labs/airflow_tfx_lab/vlab/lib/python3.7/site-packages/airflow/example_dags/example_short_circuit_operator.py
[2021-03-17 20:03:48,366] {scheduler_job.py:629} INFO - Processing file /Users/harika/Desktop/CSYE_7245/Labs/airflow_tfx_lab/vlab/lib/python3.7/site-packages/airflow/example_dags/example_short_circuit_operator.py for tasks to queue
[2021-03-17 20:03:48,368] {logging_mixin.py:104} INFO - [2021-03-17 20:03:48,367] {dagbag.py:448} INFO - Filling up the DagBag from /Users/harika/Desktop/CSYE_7245/Labs/airflow_tfx_lab/vlab/lib/python3.7/site-packages/airflow/example_dags/example_short_circuit_operator.py
[2021-03-17 20:03:48,388] {scheduler_job.py:639} INFO - DAG(s) dict_keys(['example_short_circuit_operator']) retrieved from /Users/harika/Desktop/CSYE_7245/Labs/airflow_tfx_lab/vlab/lib/python3.7/site-packages/airflow/example_dags/example_short_circuit_operator.py
[2021-03-17 20:03:48,407] {logging_mixin.py:104} INFO - [2021-03-17 20:03:48,406] {dag.py:1818} INFO - Sync 1 DAGs
[2021-03-17 20:03:48,421] {logging_mixin.py:104} INFO - [2021-03-17 20:03:48,421] {dag.py:2273} INFO - Setting next_dagrun for example_short_circuit_operator to 2021-03-16 00:00:00+00:00
[2021-03-17 20:03:48,434] {scheduler_job.py:190} INFO - Processing /Users/harika/Desktop/CSYE_7245/Labs/airflow_tfx_lab/vlab/lib/python3.7/site-packages/airflow/example_dags/example_short_circuit_operator.py took 0.076 seconds
[2021-03-17 20:04:26,624] {scheduler_job.py:182} INFO - Started process (PID=31316) to work on /Users/harika/Desktop/CSYE_7245/Labs/airflow_tfx_lab/vlab/lib/python3.7/site-packages/airflow/example_dags/example_short_circuit_operator.py
[2021-03-17 20:04:26,627] {scheduler_job.py:629} INFO - Processing file /Users/harika/Desktop/CSYE_7245/Labs/airflow_tfx_lab/vlab/lib/python3.7/site-packages/airflow/example_dags/example_short_circuit_operator.py for tasks to queue
[2021-03-17 20:04:26,630] {logging_mixin.py:104} INFO - [2021-03-17 20:04:26,629] {dagbag.py:448} INFO - Filling up the DagBag from /Users/harika/Desktop/CSYE_7245/Labs/airflow_tfx_lab/vlab/lib/python3.7/site-packages/airflow/example_dags/example_short_circuit_operator.py
[2021-03-17 20:04:26,646] {scheduler_job.py:639} INFO - DAG(s) dict_keys(['example_short_circuit_operator']) retrieved from /Users/harika/Desktop/CSYE_7245/Labs/airflow_tfx_lab/vlab/lib/python3.7/site-packages/airflow/example_dags/example_short_circuit_operator.py
[2021-03-17 20:04:26,669] {logging_mixin.py:104} INFO - [2021-03-17 20:04:26,669] {dag.py:1818} INFO - Sync 1 DAGs
[2021-03-17 20:04:26,683] {logging_mixin.py:104} INFO - [2021-03-17 20:04:26,682] {dag.py:2273} INFO - Setting next_dagrun for example_short_circuit_operator to 2021-03-16 00:00:00+00:00
[2021-03-17 20:04:26,691] {scheduler_job.py:190} INFO - Processing /Users/harika/Desktop/CSYE_7245/Labs/airflow_tfx_lab/vlab/lib/python3.7/site-packages/airflow/example_dags/example_short_circuit_operator.py took 0.072 seconds
[2021-03-17 20:05:05,295] {scheduler_job.py:182} INFO - Started process (PID=31349) to work on /Users/harika/Desktop/CSYE_7245/Labs/airflow_tfx_lab/vlab/lib/python3.7/site-packages/airflow/example_dags/example_short_circuit_operator.py
[2021-03-17 20:05:05,299] {scheduler_job.py:629} INFO - Processing file /Users/harika/Desktop/CSYE_7245/Labs/airflow_tfx_lab/vlab/lib/python3.7/site-packages/airflow/example_dags/example_short_circuit_operator.py for tasks to queue
[2021-03-17 20:05:05,301] {logging_mixin.py:104} INFO - [2021-03-17 20:05:05,300] {dagbag.py:448} INFO - Filling up the DagBag from /Users/harika/Desktop/CSYE_7245/Labs/airflow_tfx_lab/vlab/lib/python3.7/site-packages/airflow/example_dags/example_short_circuit_operator.py
[2021-03-17 20:05:05,323] {scheduler_job.py:639} INFO - DAG(s) dict_keys(['example_short_circuit_operator']) retrieved from /Users/harika/Desktop/CSYE_7245/Labs/airflow_tfx_lab/vlab/lib/python3.7/site-packages/airflow/example_dags/example_short_circuit_operator.py
[2021-03-17 20:05:05,343] {logging_mixin.py:104} INFO - [2021-03-17 20:05:05,343] {dag.py:1818} INFO - Sync 1 DAGs
[2021-03-17 20:05:05,363] {logging_mixin.py:104} INFO - [2021-03-17 20:05:05,363] {dag.py:2273} INFO - Setting next_dagrun for example_short_circuit_operator to 2021-03-16 00:00:00+00:00
[2021-03-17 20:05:05,376] {scheduler_job.py:190} INFO - Processing /Users/harika/Desktop/CSYE_7245/Labs/airflow_tfx_lab/vlab/lib/python3.7/site-packages/airflow/example_dags/example_short_circuit_operator.py took 0.086 seconds
[2021-03-17 20:05:45,778] {scheduler_job.py:182} INFO - Started process (PID=31384) to work on /Users/harika/Desktop/CSYE_7245/Labs/airflow_tfx_lab/vlab/lib/python3.7/site-packages/airflow/example_dags/example_short_circuit_operator.py
[2021-03-17 20:05:45,781] {scheduler_job.py:629} INFO - Processing file /Users/harika/Desktop/CSYE_7245/Labs/airflow_tfx_lab/vlab/lib/python3.7/site-packages/airflow/example_dags/example_short_circuit_operator.py for tasks to queue
[2021-03-17 20:05:45,783] {logging_mixin.py:104} INFO - [2021-03-17 20:05:45,782] {dagbag.py:448} INFO - Filling up the DagBag from /Users/harika/Desktop/CSYE_7245/Labs/airflow_tfx_lab/vlab/lib/python3.7/site-packages/airflow/example_dags/example_short_circuit_operator.py
[2021-03-17 20:05:45,799] {scheduler_job.py:639} INFO - DAG(s) dict_keys(['example_short_circuit_operator']) retrieved from /Users/harika/Desktop/CSYE_7245/Labs/airflow_tfx_lab/vlab/lib/python3.7/site-packages/airflow/example_dags/example_short_circuit_operator.py
[2021-03-17 20:05:45,816] {logging_mixin.py:104} INFO - [2021-03-17 20:05:45,816] {dag.py:1818} INFO - Sync 1 DAGs
[2021-03-17 20:05:45,829] {logging_mixin.py:104} INFO - [2021-03-17 20:05:45,829] {dag.py:2273} INFO - Setting next_dagrun for example_short_circuit_operator to 2021-03-16 00:00:00+00:00
[2021-03-17 20:05:45,837] {scheduler_job.py:190} INFO - Processing /Users/harika/Desktop/CSYE_7245/Labs/airflow_tfx_lab/vlab/lib/python3.7/site-packages/airflow/example_dags/example_short_circuit_operator.py took 0.063 seconds
[2021-03-17 20:06:23,947] {scheduler_job.py:182} INFO - Started process (PID=31413) to work on /Users/harika/Desktop/CSYE_7245/Labs/airflow_tfx_lab/vlab/lib/python3.7/site-packages/airflow/example_dags/example_short_circuit_operator.py
[2021-03-17 20:06:23,949] {scheduler_job.py:629} INFO - Processing file /Users/harika/Desktop/CSYE_7245/Labs/airflow_tfx_lab/vlab/lib/python3.7/site-packages/airflow/example_dags/example_short_circuit_operator.py for tasks to queue
[2021-03-17 20:06:23,951] {logging_mixin.py:104} INFO - [2021-03-17 20:06:23,951] {dagbag.py:448} INFO - Filling up the DagBag from /Users/harika/Desktop/CSYE_7245/Labs/airflow_tfx_lab/vlab/lib/python3.7/site-packages/airflow/example_dags/example_short_circuit_operator.py
[2021-03-17 20:06:23,969] {scheduler_job.py:639} INFO - DAG(s) dict_keys(['example_short_circuit_operator']) retrieved from /Users/harika/Desktop/CSYE_7245/Labs/airflow_tfx_lab/vlab/lib/python3.7/site-packages/airflow/example_dags/example_short_circuit_operator.py
[2021-03-17 20:06:23,987] {logging_mixin.py:104} INFO - [2021-03-17 20:06:23,986] {dag.py:1818} INFO - Sync 1 DAGs
[2021-03-17 20:06:24,000] {logging_mixin.py:104} INFO - [2021-03-17 20:06:23,999] {dag.py:2273} INFO - Setting next_dagrun for example_short_circuit_operator to 2021-03-16 00:00:00+00:00
[2021-03-17 20:06:24,009] {scheduler_job.py:190} INFO - Processing /Users/harika/Desktop/CSYE_7245/Labs/airflow_tfx_lab/vlab/lib/python3.7/site-packages/airflow/example_dags/example_short_circuit_operator.py took 0.067 seconds
[2021-03-17 20:07:02,316] {scheduler_job.py:182} INFO - Started process (PID=31443) to work on /Users/harika/Desktop/CSYE_7245/Labs/airflow_tfx_lab/vlab/lib/python3.7/site-packages/airflow/example_dags/example_short_circuit_operator.py
[2021-03-17 20:07:02,317] {scheduler_job.py:629} INFO - Processing file /Users/harika/Desktop/CSYE_7245/Labs/airflow_tfx_lab/vlab/lib/python3.7/site-packages/airflow/example_dags/example_short_circuit_operator.py for tasks to queue
[2021-03-17 20:07:02,319] {logging_mixin.py:104} INFO - [2021-03-17 20:07:02,318] {dagbag.py:448} INFO - Filling up the DagBag from /Users/harika/Desktop/CSYE_7245/Labs/airflow_tfx_lab/vlab/lib/python3.7/site-packages/airflow/example_dags/example_short_circuit_operator.py
[2021-03-17 20:07:02,337] {scheduler_job.py:639} INFO - DAG(s) dict_keys(['example_short_circuit_operator']) retrieved from /Users/harika/Desktop/CSYE_7245/Labs/airflow_tfx_lab/vlab/lib/python3.7/site-packages/airflow/example_dags/example_short_circuit_operator.py
[2021-03-17 20:07:02,361] {logging_mixin.py:104} INFO - [2021-03-17 20:07:02,361] {dag.py:1818} INFO - Sync 1 DAGs
[2021-03-17 20:07:02,379] {logging_mixin.py:104} INFO - [2021-03-17 20:07:02,379] {dag.py:2273} INFO - Setting next_dagrun for example_short_circuit_operator to 2021-03-16 00:00:00+00:00
[2021-03-17 20:07:02,389] {scheduler_job.py:190} INFO - Processing /Users/harika/Desktop/CSYE_7245/Labs/airflow_tfx_lab/vlab/lib/python3.7/site-packages/airflow/example_dags/example_short_circuit_operator.py took 0.078 seconds
[2021-03-17 20:07:41,290] {scheduler_job.py:182} INFO - Started process (PID=31472) to work on /Users/harika/Desktop/CSYE_7245/Labs/airflow_tfx_lab/vlab/lib/python3.7/site-packages/airflow/example_dags/example_short_circuit_operator.py
[2021-03-17 20:07:41,294] {scheduler_job.py:629} INFO - Processing file /Users/harika/Desktop/CSYE_7245/Labs/airflow_tfx_lab/vlab/lib/python3.7/site-packages/airflow/example_dags/example_short_circuit_operator.py for tasks to queue
[2021-03-17 20:07:41,296] {logging_mixin.py:104} INFO - [2021-03-17 20:07:41,295] {dagbag.py:448} INFO - Filling up the DagBag from /Users/harika/Desktop/CSYE_7245/Labs/airflow_tfx_lab/vlab/lib/python3.7/site-packages/airflow/example_dags/example_short_circuit_operator.py
[2021-03-17 20:07:41,326] {scheduler_job.py:639} INFO - DAG(s) dict_keys(['example_short_circuit_operator']) retrieved from /Users/harika/Desktop/CSYE_7245/Labs/airflow_tfx_lab/vlab/lib/python3.7/site-packages/airflow/example_dags/example_short_circuit_operator.py
[2021-03-17 20:07:41,356] {logging_mixin.py:104} INFO - [2021-03-17 20:07:41,355] {dag.py:1818} INFO - Sync 1 DAGs
[2021-03-17 20:07:41,385] {logging_mixin.py:104} INFO - [2021-03-17 20:07:41,383] {dag.py:2273} INFO - Setting next_dagrun for example_short_circuit_operator to 2021-03-16 00:00:00+00:00
[2021-03-17 20:07:41,405] {scheduler_job.py:190} INFO - Processing /Users/harika/Desktop/CSYE_7245/Labs/airflow_tfx_lab/vlab/lib/python3.7/site-packages/airflow/example_dags/example_short_circuit_operator.py took 0.122 seconds
[2021-03-17 20:08:20,748] {scheduler_job.py:182} INFO - Started process (PID=31513) to work on /Users/harika/Desktop/CSYE_7245/Labs/airflow_tfx_lab/vlab/lib/python3.7/site-packages/airflow/example_dags/example_short_circuit_operator.py
[2021-03-17 20:08:20,751] {scheduler_job.py:629} INFO - Processing file /Users/harika/Desktop/CSYE_7245/Labs/airflow_tfx_lab/vlab/lib/python3.7/site-packages/airflow/example_dags/example_short_circuit_operator.py for tasks to queue
[2021-03-17 20:08:20,753] {logging_mixin.py:104} INFO - [2021-03-17 20:08:20,752] {dagbag.py:448} INFO - Filling up the DagBag from /Users/harika/Desktop/CSYE_7245/Labs/airflow_tfx_lab/vlab/lib/python3.7/site-packages/airflow/example_dags/example_short_circuit_operator.py
[2021-03-17 20:08:20,770] {scheduler_job.py:639} INFO - DAG(s) dict_keys(['example_short_circuit_operator']) retrieved from /Users/harika/Desktop/CSYE_7245/Labs/airflow_tfx_lab/vlab/lib/python3.7/site-packages/airflow/example_dags/example_short_circuit_operator.py
[2021-03-17 20:08:20,789] {logging_mixin.py:104} INFO - [2021-03-17 20:08:20,788] {dag.py:1818} INFO - Sync 1 DAGs
[2021-03-17 20:08:20,802] {logging_mixin.py:104} INFO - [2021-03-17 20:08:20,802] {dag.py:2273} INFO - Setting next_dagrun for example_short_circuit_operator to 2021-03-16 00:00:00+00:00
[2021-03-17 20:08:20,811] {scheduler_job.py:190} INFO - Processing /Users/harika/Desktop/CSYE_7245/Labs/airflow_tfx_lab/vlab/lib/python3.7/site-packages/airflow/example_dags/example_short_circuit_operator.py took 0.068 seconds
[2021-03-17 20:08:59,938] {scheduler_job.py:182} INFO - Started process (PID=31546) to work on /Users/harika/Desktop/CSYE_7245/Labs/airflow_tfx_lab/vlab/lib/python3.7/site-packages/airflow/example_dags/example_short_circuit_operator.py
[2021-03-17 20:08:59,941] {scheduler_job.py:629} INFO - Processing file /Users/harika/Desktop/CSYE_7245/Labs/airflow_tfx_lab/vlab/lib/python3.7/site-packages/airflow/example_dags/example_short_circuit_operator.py for tasks to queue
[2021-03-17 20:08:59,942] {logging_mixin.py:104} INFO - [2021-03-17 20:08:59,942] {dagbag.py:448} INFO - Filling up the DagBag from /Users/harika/Desktop/CSYE_7245/Labs/airflow_tfx_lab/vlab/lib/python3.7/site-packages/airflow/example_dags/example_short_circuit_operator.py
[2021-03-17 20:08:59,961] {scheduler_job.py:639} INFO - DAG(s) dict_keys(['example_short_circuit_operator']) retrieved from /Users/harika/Desktop/CSYE_7245/Labs/airflow_tfx_lab/vlab/lib/python3.7/site-packages/airflow/example_dags/example_short_circuit_operator.py
[2021-03-17 20:08:59,980] {logging_mixin.py:104} INFO - [2021-03-17 20:08:59,980] {dag.py:1818} INFO - Sync 1 DAGs
[2021-03-17 20:08:59,995] {logging_mixin.py:104} INFO - [2021-03-17 20:08:59,995] {dag.py:2273} INFO - Setting next_dagrun for example_short_circuit_operator to 2021-03-16 00:00:00+00:00
[2021-03-17 20:09:00,005] {scheduler_job.py:190} INFO - Processing /Users/harika/Desktop/CSYE_7245/Labs/airflow_tfx_lab/vlab/lib/python3.7/site-packages/airflow/example_dags/example_short_circuit_operator.py took 0.071 seconds
[2021-03-17 20:09:38,247] {scheduler_job.py:182} INFO - Started process (PID=31582) to work on /Users/harika/Desktop/CSYE_7245/Labs/airflow_tfx_lab/vlab/lib/python3.7/site-packages/airflow/example_dags/example_short_circuit_operator.py
[2021-03-17 20:09:38,250] {scheduler_job.py:629} INFO - Processing file /Users/harika/Desktop/CSYE_7245/Labs/airflow_tfx_lab/vlab/lib/python3.7/site-packages/airflow/example_dags/example_short_circuit_operator.py for tasks to queue
[2021-03-17 20:09:38,252] {logging_mixin.py:104} INFO - [2021-03-17 20:09:38,251] {dagbag.py:448} INFO - Filling up the DagBag from /Users/harika/Desktop/CSYE_7245/Labs/airflow_tfx_lab/vlab/lib/python3.7/site-packages/airflow/example_dags/example_short_circuit_operator.py
[2021-03-17 20:09:38,275] {scheduler_job.py:639} INFO - DAG(s) dict_keys(['example_short_circuit_operator']) retrieved from /Users/harika/Desktop/CSYE_7245/Labs/airflow_tfx_lab/vlab/lib/python3.7/site-packages/airflow/example_dags/example_short_circuit_operator.py
[2021-03-17 20:09:38,295] {logging_mixin.py:104} INFO - [2021-03-17 20:09:38,294] {dag.py:1818} INFO - Sync 1 DAGs
[2021-03-17 20:09:38,310] {logging_mixin.py:104} INFO - [2021-03-17 20:09:38,309] {dag.py:2273} INFO - Setting next_dagrun for example_short_circuit_operator to 2021-03-16 00:00:00+00:00
[2021-03-17 20:09:38,320] {scheduler_job.py:190} INFO - Processing /Users/harika/Desktop/CSYE_7245/Labs/airflow_tfx_lab/vlab/lib/python3.7/site-packages/airflow/example_dags/example_short_circuit_operator.py took 0.077 seconds
[2021-03-17 20:10:18,654] {scheduler_job.py:182} INFO - Started process (PID=31613) to work on /Users/harika/Desktop/CSYE_7245/Labs/airflow_tfx_lab/vlab/lib/python3.7/site-packages/airflow/example_dags/example_short_circuit_operator.py
[2021-03-17 20:10:18,658] {scheduler_job.py:629} INFO - Processing file /Users/harika/Desktop/CSYE_7245/Labs/airflow_tfx_lab/vlab/lib/python3.7/site-packages/airflow/example_dags/example_short_circuit_operator.py for tasks to queue
[2021-03-17 20:10:18,660] {logging_mixin.py:104} INFO - [2021-03-17 20:10:18,660] {dagbag.py:448} INFO - Filling up the DagBag from /Users/harika/Desktop/CSYE_7245/Labs/airflow_tfx_lab/vlab/lib/python3.7/site-packages/airflow/example_dags/example_short_circuit_operator.py
[2021-03-17 20:10:18,682] {scheduler_job.py:639} INFO - DAG(s) dict_keys(['example_short_circuit_operator']) retrieved from /Users/harika/Desktop/CSYE_7245/Labs/airflow_tfx_lab/vlab/lib/python3.7/site-packages/airflow/example_dags/example_short_circuit_operator.py
[2021-03-17 20:10:18,702] {logging_mixin.py:104} INFO - [2021-03-17 20:10:18,701] {dag.py:1818} INFO - Sync 1 DAGs
[2021-03-17 20:10:18,715] {logging_mixin.py:104} INFO - [2021-03-17 20:10:18,715] {dag.py:2273} INFO - Setting next_dagrun for example_short_circuit_operator to 2021-03-16 00:00:00+00:00
[2021-03-17 20:10:18,811] {scheduler_job.py:190} INFO - Processing /Users/harika/Desktop/CSYE_7245/Labs/airflow_tfx_lab/vlab/lib/python3.7/site-packages/airflow/example_dags/example_short_circuit_operator.py took 0.161 seconds
[2021-03-17 20:10:57,037] {scheduler_job.py:182} INFO - Started process (PID=31655) to work on /Users/harika/Desktop/CSYE_7245/Labs/airflow_tfx_lab/vlab/lib/python3.7/site-packages/airflow/example_dags/example_short_circuit_operator.py
[2021-03-17 20:10:57,039] {scheduler_job.py:629} INFO - Processing file /Users/harika/Desktop/CSYE_7245/Labs/airflow_tfx_lab/vlab/lib/python3.7/site-packages/airflow/example_dags/example_short_circuit_operator.py for tasks to queue
[2021-03-17 20:10:57,042] {logging_mixin.py:104} INFO - [2021-03-17 20:10:57,041] {dagbag.py:448} INFO - Filling up the DagBag from /Users/harika/Desktop/CSYE_7245/Labs/airflow_tfx_lab/vlab/lib/python3.7/site-packages/airflow/example_dags/example_short_circuit_operator.py
[2021-03-17 20:10:57,058] {scheduler_job.py:639} INFO - DAG(s) dict_keys(['example_short_circuit_operator']) retrieved from /Users/harika/Desktop/CSYE_7245/Labs/airflow_tfx_lab/vlab/lib/python3.7/site-packages/airflow/example_dags/example_short_circuit_operator.py
[2021-03-17 20:10:57,076] {logging_mixin.py:104} INFO - [2021-03-17 20:10:57,075] {dag.py:1818} INFO - Sync 1 DAGs
[2021-03-17 20:10:57,091] {logging_mixin.py:104} INFO - [2021-03-17 20:10:57,091] {dag.py:2273} INFO - Setting next_dagrun for example_short_circuit_operator to 2021-03-16 00:00:00+00:00
[2021-03-17 20:10:57,190] {scheduler_job.py:190} INFO - Processing /Users/harika/Desktop/CSYE_7245/Labs/airflow_tfx_lab/vlab/lib/python3.7/site-packages/airflow/example_dags/example_short_circuit_operator.py took 0.158 seconds
[2021-03-17 20:11:37,242] {scheduler_job.py:182} INFO - Started process (PID=31696) to work on /Users/harika/Desktop/CSYE_7245/Labs/airflow_tfx_lab/vlab/lib/python3.7/site-packages/airflow/example_dags/example_short_circuit_operator.py
[2021-03-17 20:11:37,244] {scheduler_job.py:629} INFO - Processing file /Users/harika/Desktop/CSYE_7245/Labs/airflow_tfx_lab/vlab/lib/python3.7/site-packages/airflow/example_dags/example_short_circuit_operator.py for tasks to queue
[2021-03-17 20:11:37,246] {logging_mixin.py:104} INFO - [2021-03-17 20:11:37,245] {dagbag.py:448} INFO - Filling up the DagBag from /Users/harika/Desktop/CSYE_7245/Labs/airflow_tfx_lab/vlab/lib/python3.7/site-packages/airflow/example_dags/example_short_circuit_operator.py
[2021-03-17 20:11:37,266] {scheduler_job.py:639} INFO - DAG(s) dict_keys(['example_short_circuit_operator']) retrieved from /Users/harika/Desktop/CSYE_7245/Labs/airflow_tfx_lab/vlab/lib/python3.7/site-packages/airflow/example_dags/example_short_circuit_operator.py
[2021-03-17 20:11:37,285] {logging_mixin.py:104} INFO - [2021-03-17 20:11:37,284] {dag.py:1818} INFO - Sync 1 DAGs
[2021-03-17 20:11:37,302] {logging_mixin.py:104} INFO - [2021-03-17 20:11:37,301] {dag.py:2273} INFO - Setting next_dagrun for example_short_circuit_operator to 2021-03-16 00:00:00+00:00
[2021-03-17 20:11:37,405] {scheduler_job.py:190} INFO - Processing /Users/harika/Desktop/CSYE_7245/Labs/airflow_tfx_lab/vlab/lib/python3.7/site-packages/airflow/example_dags/example_short_circuit_operator.py took 0.169 seconds
[2021-03-17 20:12:17,534] {scheduler_job.py:182} INFO - Started process (PID=31730) to work on /Users/harika/Desktop/CSYE_7245/Labs/airflow_tfx_lab/vlab/lib/python3.7/site-packages/airflow/example_dags/example_short_circuit_operator.py
[2021-03-17 20:12:17,537] {scheduler_job.py:629} INFO - Processing file /Users/harika/Desktop/CSYE_7245/Labs/airflow_tfx_lab/vlab/lib/python3.7/site-packages/airflow/example_dags/example_short_circuit_operator.py for tasks to queue
[2021-03-17 20:12:17,540] {logging_mixin.py:104} INFO - [2021-03-17 20:12:17,540] {dagbag.py:448} INFO - Filling up the DagBag from /Users/harika/Desktop/CSYE_7245/Labs/airflow_tfx_lab/vlab/lib/python3.7/site-packages/airflow/example_dags/example_short_circuit_operator.py
[2021-03-17 20:12:17,563] {scheduler_job.py:639} INFO - DAG(s) dict_keys(['example_short_circuit_operator']) retrieved from /Users/harika/Desktop/CSYE_7245/Labs/airflow_tfx_lab/vlab/lib/python3.7/site-packages/airflow/example_dags/example_short_circuit_operator.py
[2021-03-17 20:12:17,580] {logging_mixin.py:104} INFO - [2021-03-17 20:12:17,579] {dag.py:1818} INFO - Sync 1 DAGs
[2021-03-17 20:12:17,684] {logging_mixin.py:104} INFO - [2021-03-17 20:12:17,683] {dag.py:2273} INFO - Setting next_dagrun for example_short_circuit_operator to 2021-03-16 00:00:00+00:00
[2021-03-17 20:12:17,693] {scheduler_job.py:190} INFO - Processing /Users/harika/Desktop/CSYE_7245/Labs/airflow_tfx_lab/vlab/lib/python3.7/site-packages/airflow/example_dags/example_short_circuit_operator.py took 0.163 seconds
[2021-03-17 20:12:55,306] {scheduler_job.py:182} INFO - Started process (PID=31762) to work on /Users/harika/Desktop/CSYE_7245/Labs/airflow_tfx_lab/vlab/lib/python3.7/site-packages/airflow/example_dags/example_short_circuit_operator.py
[2021-03-17 20:12:55,308] {scheduler_job.py:629} INFO - Processing file /Users/harika/Desktop/CSYE_7245/Labs/airflow_tfx_lab/vlab/lib/python3.7/site-packages/airflow/example_dags/example_short_circuit_operator.py for tasks to queue
[2021-03-17 20:12:55,310] {logging_mixin.py:104} INFO - [2021-03-17 20:12:55,309] {dagbag.py:448} INFO - Filling up the DagBag from /Users/harika/Desktop/CSYE_7245/Labs/airflow_tfx_lab/vlab/lib/python3.7/site-packages/airflow/example_dags/example_short_circuit_operator.py
[2021-03-17 20:12:55,330] {scheduler_job.py:639} INFO - DAG(s) dict_keys(['example_short_circuit_operator']) retrieved from /Users/harika/Desktop/CSYE_7245/Labs/airflow_tfx_lab/vlab/lib/python3.7/site-packages/airflow/example_dags/example_short_circuit_operator.py
[2021-03-17 20:12:55,351] {logging_mixin.py:104} INFO - [2021-03-17 20:12:55,350] {dag.py:1818} INFO - Sync 1 DAGs
[2021-03-17 20:12:55,453] {logging_mixin.py:104} INFO - [2021-03-17 20:12:55,452] {dag.py:2273} INFO - Setting next_dagrun for example_short_circuit_operator to 2021-03-16 00:00:00+00:00
[2021-03-17 20:12:55,464] {scheduler_job.py:190} INFO - Processing /Users/harika/Desktop/CSYE_7245/Labs/airflow_tfx_lab/vlab/lib/python3.7/site-packages/airflow/example_dags/example_short_circuit_operator.py took 0.161 seconds
[2021-03-17 20:13:33,784] {scheduler_job.py:182} INFO - Started process (PID=31794) to work on /Users/harika/Desktop/CSYE_7245/Labs/airflow_tfx_lab/vlab/lib/python3.7/site-packages/airflow/example_dags/example_short_circuit_operator.py
[2021-03-17 20:13:33,786] {scheduler_job.py:629} INFO - Processing file /Users/harika/Desktop/CSYE_7245/Labs/airflow_tfx_lab/vlab/lib/python3.7/site-packages/airflow/example_dags/example_short_circuit_operator.py for tasks to queue
[2021-03-17 20:13:33,787] {logging_mixin.py:104} INFO - [2021-03-17 20:13:33,787] {dagbag.py:448} INFO - Filling up the DagBag from /Users/harika/Desktop/CSYE_7245/Labs/airflow_tfx_lab/vlab/lib/python3.7/site-packages/airflow/example_dags/example_short_circuit_operator.py
[2021-03-17 20:13:33,806] {scheduler_job.py:639} INFO - DAG(s) dict_keys(['example_short_circuit_operator']) retrieved from /Users/harika/Desktop/CSYE_7245/Labs/airflow_tfx_lab/vlab/lib/python3.7/site-packages/airflow/example_dags/example_short_circuit_operator.py
[2021-03-17 20:13:33,825] {logging_mixin.py:104} INFO - [2021-03-17 20:13:33,825] {dag.py:1818} INFO - Sync 1 DAGs
[2021-03-17 20:13:33,931] {logging_mixin.py:104} INFO - [2021-03-17 20:13:33,931] {dag.py:2273} INFO - Setting next_dagrun for example_short_circuit_operator to 2021-03-16 00:00:00+00:00
[2021-03-17 20:13:33,938] {scheduler_job.py:190} INFO - Processing /Users/harika/Desktop/CSYE_7245/Labs/airflow_tfx_lab/vlab/lib/python3.7/site-packages/airflow/example_dags/example_short_circuit_operator.py took 0.159 seconds
[2021-03-17 20:14:13,655] {scheduler_job.py:182} INFO - Started process (PID=31825) to work on /Users/harika/Desktop/CSYE_7245/Labs/airflow_tfx_lab/vlab/lib/python3.7/site-packages/airflow/example_dags/example_short_circuit_operator.py
[2021-03-17 20:14:13,657] {scheduler_job.py:629} INFO - Processing file /Users/harika/Desktop/CSYE_7245/Labs/airflow_tfx_lab/vlab/lib/python3.7/site-packages/airflow/example_dags/example_short_circuit_operator.py for tasks to queue
[2021-03-17 20:14:13,659] {logging_mixin.py:104} INFO - [2021-03-17 20:14:13,659] {dagbag.py:448} INFO - Filling up the DagBag from /Users/harika/Desktop/CSYE_7245/Labs/airflow_tfx_lab/vlab/lib/python3.7/site-packages/airflow/example_dags/example_short_circuit_operator.py
[2021-03-17 20:14:13,683] {scheduler_job.py:639} INFO - DAG(s) dict_keys(['example_short_circuit_operator']) retrieved from /Users/harika/Desktop/CSYE_7245/Labs/airflow_tfx_lab/vlab/lib/python3.7/site-packages/airflow/example_dags/example_short_circuit_operator.py
[2021-03-17 20:14:13,704] {logging_mixin.py:104} INFO - [2021-03-17 20:14:13,703] {dag.py:1818} INFO - Sync 1 DAGs
[2021-03-17 20:14:13,841] {logging_mixin.py:104} INFO - [2021-03-17 20:14:13,840] {dag.py:2273} INFO - Setting next_dagrun for example_short_circuit_operator to 2021-03-16 00:00:00+00:00
[2021-03-17 20:14:13,851] {scheduler_job.py:190} INFO - Processing /Users/harika/Desktop/CSYE_7245/Labs/airflow_tfx_lab/vlab/lib/python3.7/site-packages/airflow/example_dags/example_short_circuit_operator.py took 0.201 seconds
[2021-03-17 20:14:51,436] {scheduler_job.py:182} INFO - Started process (PID=31854) to work on /Users/harika/Desktop/CSYE_7245/Labs/airflow_tfx_lab/vlab/lib/python3.7/site-packages/airflow/example_dags/example_short_circuit_operator.py
[2021-03-17 20:14:51,440] {scheduler_job.py:629} INFO - Processing file /Users/harika/Desktop/CSYE_7245/Labs/airflow_tfx_lab/vlab/lib/python3.7/site-packages/airflow/example_dags/example_short_circuit_operator.py for tasks to queue
[2021-03-17 20:14:51,441] {logging_mixin.py:104} INFO - [2021-03-17 20:14:51,441] {dagbag.py:448} INFO - Filling up the DagBag from /Users/harika/Desktop/CSYE_7245/Labs/airflow_tfx_lab/vlab/lib/python3.7/site-packages/airflow/example_dags/example_short_circuit_operator.py
[2021-03-17 20:14:51,458] {scheduler_job.py:639} INFO - DAG(s) dict_keys(['example_short_circuit_operator']) retrieved from /Users/harika/Desktop/CSYE_7245/Labs/airflow_tfx_lab/vlab/lib/python3.7/site-packages/airflow/example_dags/example_short_circuit_operator.py
[2021-03-17 20:14:51,474] {logging_mixin.py:104} INFO - [2021-03-17 20:14:51,473] {dag.py:1818} INFO - Sync 1 DAGs
[2021-03-17 20:14:51,578] {logging_mixin.py:104} INFO - [2021-03-17 20:14:51,577] {dag.py:2273} INFO - Setting next_dagrun for example_short_circuit_operator to 2021-03-16 00:00:00+00:00
[2021-03-17 20:14:51,585] {scheduler_job.py:190} INFO - Processing /Users/harika/Desktop/CSYE_7245/Labs/airflow_tfx_lab/vlab/lib/python3.7/site-packages/airflow/example_dags/example_short_circuit_operator.py took 0.153 seconds
[2021-03-17 20:15:30,203] {scheduler_job.py:182} INFO - Started process (PID=31889) to work on /Users/harika/Desktop/CSYE_7245/Labs/airflow_tfx_lab/vlab/lib/python3.7/site-packages/airflow/example_dags/example_short_circuit_operator.py
[2021-03-17 20:15:30,205] {scheduler_job.py:629} INFO - Processing file /Users/harika/Desktop/CSYE_7245/Labs/airflow_tfx_lab/vlab/lib/python3.7/site-packages/airflow/example_dags/example_short_circuit_operator.py for tasks to queue
[2021-03-17 20:15:30,207] {logging_mixin.py:104} INFO - [2021-03-17 20:15:30,206] {dagbag.py:448} INFO - Filling up the DagBag from /Users/harika/Desktop/CSYE_7245/Labs/airflow_tfx_lab/vlab/lib/python3.7/site-packages/airflow/example_dags/example_short_circuit_operator.py
[2021-03-17 20:15:30,223] {scheduler_job.py:639} INFO - DAG(s) dict_keys(['example_short_circuit_operator']) retrieved from /Users/harika/Desktop/CSYE_7245/Labs/airflow_tfx_lab/vlab/lib/python3.7/site-packages/airflow/example_dags/example_short_circuit_operator.py
[2021-03-17 20:15:30,336] {logging_mixin.py:104} INFO - [2021-03-17 20:15:30,336] {dag.py:1818} INFO - Sync 1 DAGs
[2021-03-17 20:15:30,347] {logging_mixin.py:104} INFO - [2021-03-17 20:15:30,346] {dag.py:2273} INFO - Setting next_dagrun for example_short_circuit_operator to 2021-03-16 00:00:00+00:00
[2021-03-17 20:15:30,356] {scheduler_job.py:190} INFO - Processing /Users/harika/Desktop/CSYE_7245/Labs/airflow_tfx_lab/vlab/lib/python3.7/site-packages/airflow/example_dags/example_short_circuit_operator.py took 0.157 seconds
[2021-03-17 20:16:08,469] {scheduler_job.py:182} INFO - Started process (PID=31920) to work on /Users/harika/Desktop/CSYE_7245/Labs/airflow_tfx_lab/vlab/lib/python3.7/site-packages/airflow/example_dags/example_short_circuit_operator.py
[2021-03-17 20:16:08,471] {scheduler_job.py:629} INFO - Processing file /Users/harika/Desktop/CSYE_7245/Labs/airflow_tfx_lab/vlab/lib/python3.7/site-packages/airflow/example_dags/example_short_circuit_operator.py for tasks to queue
[2021-03-17 20:16:08,472] {logging_mixin.py:104} INFO - [2021-03-17 20:16:08,472] {dagbag.py:448} INFO - Filling up the DagBag from /Users/harika/Desktop/CSYE_7245/Labs/airflow_tfx_lab/vlab/lib/python3.7/site-packages/airflow/example_dags/example_short_circuit_operator.py
[2021-03-17 20:16:08,490] {scheduler_job.py:639} INFO - DAG(s) dict_keys(['example_short_circuit_operator']) retrieved from /Users/harika/Desktop/CSYE_7245/Labs/airflow_tfx_lab/vlab/lib/python3.7/site-packages/airflow/example_dags/example_short_circuit_operator.py
[2021-03-17 20:16:08,601] {logging_mixin.py:104} INFO - [2021-03-17 20:16:08,600] {dag.py:1818} INFO - Sync 1 DAGs
[2021-03-17 20:16:08,611] {logging_mixin.py:104} INFO - [2021-03-17 20:16:08,610] {dag.py:2273} INFO - Setting next_dagrun for example_short_circuit_operator to 2021-03-16 00:00:00+00:00
[2021-03-17 20:16:08,621] {scheduler_job.py:190} INFO - Processing /Users/harika/Desktop/CSYE_7245/Labs/airflow_tfx_lab/vlab/lib/python3.7/site-packages/airflow/example_dags/example_short_circuit_operator.py took 0.156 seconds
[2021-03-17 20:16:47,989] {scheduler_job.py:182} INFO - Started process (PID=31957) to work on /Users/harika/Desktop/CSYE_7245/Labs/airflow_tfx_lab/vlab/lib/python3.7/site-packages/airflow/example_dags/example_short_circuit_operator.py
[2021-03-17 20:16:47,993] {scheduler_job.py:629} INFO - Processing file /Users/harika/Desktop/CSYE_7245/Labs/airflow_tfx_lab/vlab/lib/python3.7/site-packages/airflow/example_dags/example_short_circuit_operator.py for tasks to queue
[2021-03-17 20:16:47,995] {logging_mixin.py:104} INFO - [2021-03-17 20:16:47,995] {dagbag.py:448} INFO - Filling up the DagBag from /Users/harika/Desktop/CSYE_7245/Labs/airflow_tfx_lab/vlab/lib/python3.7/site-packages/airflow/example_dags/example_short_circuit_operator.py
[2021-03-17 20:16:48,015] {scheduler_job.py:639} INFO - DAG(s) dict_keys(['example_short_circuit_operator']) retrieved from /Users/harika/Desktop/CSYE_7245/Labs/airflow_tfx_lab/vlab/lib/python3.7/site-packages/airflow/example_dags/example_short_circuit_operator.py
[2021-03-17 20:16:48,141] {logging_mixin.py:104} INFO - [2021-03-17 20:16:48,141] {dag.py:1818} INFO - Sync 1 DAGs
[2021-03-17 20:16:48,155] {logging_mixin.py:104} INFO - [2021-03-17 20:16:48,154] {dag.py:2273} INFO - Setting next_dagrun for example_short_circuit_operator to 2021-03-16 00:00:00+00:00
[2021-03-17 20:16:48,163] {scheduler_job.py:190} INFO - Processing /Users/harika/Desktop/CSYE_7245/Labs/airflow_tfx_lab/vlab/lib/python3.7/site-packages/airflow/example_dags/example_short_circuit_operator.py took 0.178 seconds
[2021-03-17 20:17:26,266] {scheduler_job.py:182} INFO - Started process (PID=31987) to work on /Users/harika/Desktop/CSYE_7245/Labs/airflow_tfx_lab/vlab/lib/python3.7/site-packages/airflow/example_dags/example_short_circuit_operator.py
[2021-03-17 20:17:26,269] {scheduler_job.py:629} INFO - Processing file /Users/harika/Desktop/CSYE_7245/Labs/airflow_tfx_lab/vlab/lib/python3.7/site-packages/airflow/example_dags/example_short_circuit_operator.py for tasks to queue
[2021-03-17 20:17:26,271] {logging_mixin.py:104} INFO - [2021-03-17 20:17:26,270] {dagbag.py:448} INFO - Filling up the DagBag from /Users/harika/Desktop/CSYE_7245/Labs/airflow_tfx_lab/vlab/lib/python3.7/site-packages/airflow/example_dags/example_short_circuit_operator.py
[2021-03-17 20:17:26,290] {scheduler_job.py:639} INFO - DAG(s) dict_keys(['example_short_circuit_operator']) retrieved from /Users/harika/Desktop/CSYE_7245/Labs/airflow_tfx_lab/vlab/lib/python3.7/site-packages/airflow/example_dags/example_short_circuit_operator.py
[2021-03-17 20:17:26,394] {logging_mixin.py:104} INFO - [2021-03-17 20:17:26,393] {dag.py:1818} INFO - Sync 1 DAGs
[2021-03-17 20:17:26,404] {logging_mixin.py:104} INFO - [2021-03-17 20:17:26,403] {dag.py:2273} INFO - Setting next_dagrun for example_short_circuit_operator to 2021-03-16 00:00:00+00:00
[2021-03-17 20:17:26,411] {scheduler_job.py:190} INFO - Processing /Users/harika/Desktop/CSYE_7245/Labs/airflow_tfx_lab/vlab/lib/python3.7/site-packages/airflow/example_dags/example_short_circuit_operator.py took 0.149 seconds
[2021-03-17 20:18:06,155] {scheduler_job.py:182} INFO - Started process (PID=32028) to work on /Users/harika/Desktop/CSYE_7245/Labs/airflow_tfx_lab/vlab/lib/python3.7/site-packages/airflow/example_dags/example_short_circuit_operator.py
[2021-03-17 20:18:06,159] {scheduler_job.py:629} INFO - Processing file /Users/harika/Desktop/CSYE_7245/Labs/airflow_tfx_lab/vlab/lib/python3.7/site-packages/airflow/example_dags/example_short_circuit_operator.py for tasks to queue
[2021-03-17 20:18:06,160] {logging_mixin.py:104} INFO - [2021-03-17 20:18:06,160] {dagbag.py:448} INFO - Filling up the DagBag from /Users/harika/Desktop/CSYE_7245/Labs/airflow_tfx_lab/vlab/lib/python3.7/site-packages/airflow/example_dags/example_short_circuit_operator.py
[2021-03-17 20:18:06,269] {scheduler_job.py:639} INFO - DAG(s) dict_keys(['example_short_circuit_operator']) retrieved from /Users/harika/Desktop/CSYE_7245/Labs/airflow_tfx_lab/vlab/lib/python3.7/site-packages/airflow/example_dags/example_short_circuit_operator.py
[2021-03-17 20:18:06,281] {logging_mixin.py:104} INFO - [2021-03-17 20:18:06,280] {dag.py:1818} INFO - Sync 1 DAGs
[2021-03-17 20:18:06,293] {logging_mixin.py:104} INFO - [2021-03-17 20:18:06,292] {dag.py:2273} INFO - Setting next_dagrun for example_short_circuit_operator to 2021-03-16 00:00:00+00:00
[2021-03-17 20:18:06,300] {scheduler_job.py:190} INFO - Processing /Users/harika/Desktop/CSYE_7245/Labs/airflow_tfx_lab/vlab/lib/python3.7/site-packages/airflow/example_dags/example_short_circuit_operator.py took 0.152 seconds
[2021-03-17 20:18:48,639] {scheduler_job.py:182} INFO - Started process (PID=32072) to work on /Users/harika/Desktop/CSYE_7245/Labs/airflow_tfx_lab/vlab/lib/python3.7/site-packages/airflow/example_dags/example_short_circuit_operator.py
[2021-03-17 20:18:48,643] {scheduler_job.py:629} INFO - Processing file /Users/harika/Desktop/CSYE_7245/Labs/airflow_tfx_lab/vlab/lib/python3.7/site-packages/airflow/example_dags/example_short_circuit_operator.py for tasks to queue
[2021-03-17 20:18:48,644] {logging_mixin.py:104} INFO - [2021-03-17 20:18:48,644] {dagbag.py:448} INFO - Filling up the DagBag from /Users/harika/Desktop/CSYE_7245/Labs/airflow_tfx_lab/vlab/lib/python3.7/site-packages/airflow/example_dags/example_short_circuit_operator.py
[2021-03-17 20:18:48,772] {scheduler_job.py:639} INFO - DAG(s) dict_keys(['example_short_circuit_operator']) retrieved from /Users/harika/Desktop/CSYE_7245/Labs/airflow_tfx_lab/vlab/lib/python3.7/site-packages/airflow/example_dags/example_short_circuit_operator.py
[2021-03-17 20:18:48,785] {logging_mixin.py:104} INFO - [2021-03-17 20:18:48,784] {dag.py:1818} INFO - Sync 1 DAGs
[2021-03-17 20:18:48,796] {logging_mixin.py:104} INFO - [2021-03-17 20:18:48,795] {dag.py:2273} INFO - Setting next_dagrun for example_short_circuit_operator to 2021-03-16 00:00:00+00:00
[2021-03-17 20:18:48,809] {scheduler_job.py:190} INFO - Processing /Users/harika/Desktop/CSYE_7245/Labs/airflow_tfx_lab/vlab/lib/python3.7/site-packages/airflow/example_dags/example_short_circuit_operator.py took 0.176 seconds
[2021-03-17 20:19:28,899] {scheduler_job.py:182} INFO - Started process (PID=32106) to work on /Users/harika/Desktop/CSYE_7245/Labs/airflow_tfx_lab/vlab/lib/python3.7/site-packages/airflow/example_dags/example_short_circuit_operator.py
[2021-03-17 20:19:28,902] {scheduler_job.py:629} INFO - Processing file /Users/harika/Desktop/CSYE_7245/Labs/airflow_tfx_lab/vlab/lib/python3.7/site-packages/airflow/example_dags/example_short_circuit_operator.py for tasks to queue
[2021-03-17 20:19:28,903] {logging_mixin.py:104} INFO - [2021-03-17 20:19:28,903] {dagbag.py:448} INFO - Filling up the DagBag from /Users/harika/Desktop/CSYE_7245/Labs/airflow_tfx_lab/vlab/lib/python3.7/site-packages/airflow/example_dags/example_short_circuit_operator.py
[2021-03-17 20:19:29,010] {scheduler_job.py:639} INFO - DAG(s) dict_keys(['example_short_circuit_operator']) retrieved from /Users/harika/Desktop/CSYE_7245/Labs/airflow_tfx_lab/vlab/lib/python3.7/site-packages/airflow/example_dags/example_short_circuit_operator.py
[2021-03-17 20:19:29,022] {logging_mixin.py:104} INFO - [2021-03-17 20:19:29,021] {dag.py:1818} INFO - Sync 1 DAGs
[2021-03-17 20:19:29,032] {logging_mixin.py:104} INFO - [2021-03-17 20:19:29,032] {dag.py:2273} INFO - Setting next_dagrun for example_short_circuit_operator to 2021-03-16 00:00:00+00:00
[2021-03-17 20:19:29,039] {scheduler_job.py:190} INFO - Processing /Users/harika/Desktop/CSYE_7245/Labs/airflow_tfx_lab/vlab/lib/python3.7/site-packages/airflow/example_dags/example_short_circuit_operator.py took 0.145 seconds
[2021-03-17 20:20:07,404] {scheduler_job.py:182} INFO - Started process (PID=32136) to work on /Users/harika/Desktop/CSYE_7245/Labs/airflow_tfx_lab/vlab/lib/python3.7/site-packages/airflow/example_dags/example_short_circuit_operator.py
[2021-03-17 20:20:07,406] {scheduler_job.py:629} INFO - Processing file /Users/harika/Desktop/CSYE_7245/Labs/airflow_tfx_lab/vlab/lib/python3.7/site-packages/airflow/example_dags/example_short_circuit_operator.py for tasks to queue
[2021-03-17 20:20:07,410] {logging_mixin.py:104} INFO - [2021-03-17 20:20:07,408] {dagbag.py:448} INFO - Filling up the DagBag from /Users/harika/Desktop/CSYE_7245/Labs/airflow_tfx_lab/vlab/lib/python3.7/site-packages/airflow/example_dags/example_short_circuit_operator.py
[2021-03-17 20:20:07,523] {scheduler_job.py:639} INFO - DAG(s) dict_keys(['example_short_circuit_operator']) retrieved from /Users/harika/Desktop/CSYE_7245/Labs/airflow_tfx_lab/vlab/lib/python3.7/site-packages/airflow/example_dags/example_short_circuit_operator.py
[2021-03-17 20:20:07,536] {logging_mixin.py:104} INFO - [2021-03-17 20:20:07,536] {dag.py:1818} INFO - Sync 1 DAGs
[2021-03-17 20:20:07,548] {logging_mixin.py:104} INFO - [2021-03-17 20:20:07,548] {dag.py:2273} INFO - Setting next_dagrun for example_short_circuit_operator to 2021-03-16 00:00:00+00:00
[2021-03-17 20:20:07,557] {scheduler_job.py:190} INFO - Processing /Users/harika/Desktop/CSYE_7245/Labs/airflow_tfx_lab/vlab/lib/python3.7/site-packages/airflow/example_dags/example_short_circuit_operator.py took 0.157 seconds
[2021-03-17 20:20:45,965] {scheduler_job.py:182} INFO - Started process (PID=32165) to work on /Users/harika/Desktop/CSYE_7245/Labs/airflow_tfx_lab/vlab/lib/python3.7/site-packages/airflow/example_dags/example_short_circuit_operator.py
[2021-03-17 20:20:45,968] {scheduler_job.py:629} INFO - Processing file /Users/harika/Desktop/CSYE_7245/Labs/airflow_tfx_lab/vlab/lib/python3.7/site-packages/airflow/example_dags/example_short_circuit_operator.py for tasks to queue
[2021-03-17 20:20:45,970] {logging_mixin.py:104} INFO - [2021-03-17 20:20:45,969] {dagbag.py:448} INFO - Filling up the DagBag from /Users/harika/Desktop/CSYE_7245/Labs/airflow_tfx_lab/vlab/lib/python3.7/site-packages/airflow/example_dags/example_short_circuit_operator.py
[2021-03-17 20:20:46,090] {scheduler_job.py:639} INFO - DAG(s) dict_keys(['example_short_circuit_operator']) retrieved from /Users/harika/Desktop/CSYE_7245/Labs/airflow_tfx_lab/vlab/lib/python3.7/site-packages/airflow/example_dags/example_short_circuit_operator.py
[2021-03-17 20:20:46,101] {logging_mixin.py:104} INFO - [2021-03-17 20:20:46,101] {dag.py:1818} INFO - Sync 1 DAGs
[2021-03-17 20:20:46,112] {logging_mixin.py:104} INFO - [2021-03-17 20:20:46,111] {dag.py:2273} INFO - Setting next_dagrun for example_short_circuit_operator to 2021-03-16 00:00:00+00:00
[2021-03-17 20:20:46,119] {scheduler_job.py:190} INFO - Processing /Users/harika/Desktop/CSYE_7245/Labs/airflow_tfx_lab/vlab/lib/python3.7/site-packages/airflow/example_dags/example_short_circuit_operator.py took 0.158 seconds
[2021-03-17 20:21:29,724] {scheduler_job.py:182} INFO - Started process (PID=32215) to work on /Users/harika/Desktop/CSYE_7245/Labs/airflow_tfx_lab/vlab/lib/python3.7/site-packages/airflow/example_dags/example_short_circuit_operator.py
[2021-03-17 20:21:29,726] {scheduler_job.py:629} INFO - Processing file /Users/harika/Desktop/CSYE_7245/Labs/airflow_tfx_lab/vlab/lib/python3.7/site-packages/airflow/example_dags/example_short_circuit_operator.py for tasks to queue
[2021-03-17 20:21:29,728] {logging_mixin.py:104} INFO - [2021-03-17 20:21:29,727] {dagbag.py:448} INFO - Filling up the DagBag from /Users/harika/Desktop/CSYE_7245/Labs/airflow_tfx_lab/vlab/lib/python3.7/site-packages/airflow/example_dags/example_short_circuit_operator.py
[2021-03-17 20:21:29,743] {scheduler_job.py:639} INFO - DAG(s) dict_keys(['example_short_circuit_operator']) retrieved from /Users/harika/Desktop/CSYE_7245/Labs/airflow_tfx_lab/vlab/lib/python3.7/site-packages/airflow/example_dags/example_short_circuit_operator.py
[2021-03-17 20:21:29,759] {logging_mixin.py:104} INFO - [2021-03-17 20:21:29,759] {dag.py:1818} INFO - Sync 1 DAGs
[2021-03-17 20:21:29,772] {logging_mixin.py:104} INFO - [2021-03-17 20:21:29,771] {dag.py:2273} INFO - Setting next_dagrun for example_short_circuit_operator to 2021-03-16 00:00:00+00:00
[2021-03-17 20:21:29,780] {scheduler_job.py:190} INFO - Processing /Users/harika/Desktop/CSYE_7245/Labs/airflow_tfx_lab/vlab/lib/python3.7/site-packages/airflow/example_dags/example_short_circuit_operator.py took 0.060 seconds
[2021-03-17 20:22:12,760] {scheduler_job.py:182} INFO - Started process (PID=32263) to work on /Users/harika/Desktop/CSYE_7245/Labs/airflow_tfx_lab/vlab/lib/python3.7/site-packages/airflow/example_dags/example_short_circuit_operator.py
[2021-03-17 20:22:12,764] {scheduler_job.py:629} INFO - Processing file /Users/harika/Desktop/CSYE_7245/Labs/airflow_tfx_lab/vlab/lib/python3.7/site-packages/airflow/example_dags/example_short_circuit_operator.py for tasks to queue
[2021-03-17 20:22:12,765] {logging_mixin.py:104} INFO - [2021-03-17 20:22:12,765] {dagbag.py:448} INFO - Filling up the DagBag from /Users/harika/Desktop/CSYE_7245/Labs/airflow_tfx_lab/vlab/lib/python3.7/site-packages/airflow/example_dags/example_short_circuit_operator.py
[2021-03-17 20:22:12,782] {scheduler_job.py:639} INFO - DAG(s) dict_keys(['example_short_circuit_operator']) retrieved from /Users/harika/Desktop/CSYE_7245/Labs/airflow_tfx_lab/vlab/lib/python3.7/site-packages/airflow/example_dags/example_short_circuit_operator.py
[2021-03-17 20:22:12,801] {logging_mixin.py:104} INFO - [2021-03-17 20:22:12,800] {dag.py:1818} INFO - Sync 1 DAGs
[2021-03-17 20:22:12,813] {logging_mixin.py:104} INFO - [2021-03-17 20:22:12,813] {dag.py:2273} INFO - Setting next_dagrun for example_short_circuit_operator to 2021-03-16 00:00:00+00:00
[2021-03-17 20:22:12,824] {scheduler_job.py:190} INFO - Processing /Users/harika/Desktop/CSYE_7245/Labs/airflow_tfx_lab/vlab/lib/python3.7/site-packages/airflow/example_dags/example_short_circuit_operator.py took 0.068 seconds
[2021-03-17 20:22:51,780] {scheduler_job.py:182} INFO - Started process (PID=32307) to work on /Users/harika/Desktop/CSYE_7245/Labs/airflow_tfx_lab/vlab/lib/python3.7/site-packages/airflow/example_dags/example_short_circuit_operator.py
[2021-03-17 20:22:51,782] {scheduler_job.py:629} INFO - Processing file /Users/harika/Desktop/CSYE_7245/Labs/airflow_tfx_lab/vlab/lib/python3.7/site-packages/airflow/example_dags/example_short_circuit_operator.py for tasks to queue
[2021-03-17 20:22:51,786] {logging_mixin.py:104} INFO - [2021-03-17 20:22:51,785] {dagbag.py:448} INFO - Filling up the DagBag from /Users/harika/Desktop/CSYE_7245/Labs/airflow_tfx_lab/vlab/lib/python3.7/site-packages/airflow/example_dags/example_short_circuit_operator.py
[2021-03-17 20:22:51,807] {scheduler_job.py:639} INFO - DAG(s) dict_keys(['example_short_circuit_operator']) retrieved from /Users/harika/Desktop/CSYE_7245/Labs/airflow_tfx_lab/vlab/lib/python3.7/site-packages/airflow/example_dags/example_short_circuit_operator.py
[2021-03-17 20:22:51,830] {logging_mixin.py:104} INFO - [2021-03-17 20:22:51,830] {dag.py:1818} INFO - Sync 1 DAGs
[2021-03-17 20:22:51,852] {logging_mixin.py:104} INFO - [2021-03-17 20:22:51,851] {dag.py:2273} INFO - Setting next_dagrun for example_short_circuit_operator to 2021-03-16 00:00:00+00:00
[2021-03-17 20:22:51,864] {scheduler_job.py:190} INFO - Processing /Users/harika/Desktop/CSYE_7245/Labs/airflow_tfx_lab/vlab/lib/python3.7/site-packages/airflow/example_dags/example_short_circuit_operator.py took 0.091 seconds
[2021-03-17 20:23:37,244] {scheduler_job.py:182} INFO - Started process (PID=32353) to work on /Users/harika/Desktop/CSYE_7245/Labs/airflow_tfx_lab/vlab/lib/python3.7/site-packages/airflow/example_dags/example_short_circuit_operator.py
[2021-03-17 20:23:37,247] {scheduler_job.py:629} INFO - Processing file /Users/harika/Desktop/CSYE_7245/Labs/airflow_tfx_lab/vlab/lib/python3.7/site-packages/airflow/example_dags/example_short_circuit_operator.py for tasks to queue
[2021-03-17 20:23:37,248] {logging_mixin.py:104} INFO - [2021-03-17 20:23:37,248] {dagbag.py:448} INFO - Filling up the DagBag from /Users/harika/Desktop/CSYE_7245/Labs/airflow_tfx_lab/vlab/lib/python3.7/site-packages/airflow/example_dags/example_short_circuit_operator.py
[2021-03-17 20:23:37,269] {scheduler_job.py:639} INFO - DAG(s) dict_keys(['example_short_circuit_operator']) retrieved from /Users/harika/Desktop/CSYE_7245/Labs/airflow_tfx_lab/vlab/lib/python3.7/site-packages/airflow/example_dags/example_short_circuit_operator.py
[2021-03-17 20:23:37,288] {logging_mixin.py:104} INFO - [2021-03-17 20:23:37,288] {dag.py:1818} INFO - Sync 1 DAGs
[2021-03-17 20:23:37,304] {logging_mixin.py:104} INFO - [2021-03-17 20:23:37,303] {dag.py:2273} INFO - Setting next_dagrun for example_short_circuit_operator to 2021-03-16 00:00:00+00:00
[2021-03-17 20:23:37,312] {scheduler_job.py:190} INFO - Processing /Users/harika/Desktop/CSYE_7245/Labs/airflow_tfx_lab/vlab/lib/python3.7/site-packages/airflow/example_dags/example_short_circuit_operator.py took 0.073 seconds
[2021-03-17 20:24:16,395] {scheduler_job.py:182} INFO - Started process (PID=32400) to work on /Users/harika/Desktop/CSYE_7245/Labs/airflow_tfx_lab/vlab/lib/python3.7/site-packages/airflow/example_dags/example_short_circuit_operator.py
[2021-03-17 20:24:16,397] {scheduler_job.py:629} INFO - Processing file /Users/harika/Desktop/CSYE_7245/Labs/airflow_tfx_lab/vlab/lib/python3.7/site-packages/airflow/example_dags/example_short_circuit_operator.py for tasks to queue
[2021-03-17 20:24:16,399] {logging_mixin.py:104} INFO - [2021-03-17 20:24:16,398] {dagbag.py:448} INFO - Filling up the DagBag from /Users/harika/Desktop/CSYE_7245/Labs/airflow_tfx_lab/vlab/lib/python3.7/site-packages/airflow/example_dags/example_short_circuit_operator.py
[2021-03-17 20:24:16,415] {scheduler_job.py:639} INFO - DAG(s) dict_keys(['example_short_circuit_operator']) retrieved from /Users/harika/Desktop/CSYE_7245/Labs/airflow_tfx_lab/vlab/lib/python3.7/site-packages/airflow/example_dags/example_short_circuit_operator.py
[2021-03-17 20:24:16,430] {logging_mixin.py:104} INFO - [2021-03-17 20:24:16,430] {dag.py:1818} INFO - Sync 1 DAGs
[2021-03-17 20:24:16,443] {logging_mixin.py:104} INFO - [2021-03-17 20:24:16,442] {dag.py:2273} INFO - Setting next_dagrun for example_short_circuit_operator to 2021-03-16 00:00:00+00:00
[2021-03-17 20:24:16,451] {scheduler_job.py:190} INFO - Processing /Users/harika/Desktop/CSYE_7245/Labs/airflow_tfx_lab/vlab/lib/python3.7/site-packages/airflow/example_dags/example_short_circuit_operator.py took 0.060 seconds
[2021-03-17 20:24:56,200] {scheduler_job.py:182} INFO - Started process (PID=32448) to work on /Users/harika/Desktop/CSYE_7245/Labs/airflow_tfx_lab/vlab/lib/python3.7/site-packages/airflow/example_dags/example_short_circuit_operator.py
[2021-03-17 20:24:56,207] {scheduler_job.py:629} INFO - Processing file /Users/harika/Desktop/CSYE_7245/Labs/airflow_tfx_lab/vlab/lib/python3.7/site-packages/airflow/example_dags/example_short_circuit_operator.py for tasks to queue
[2021-03-17 20:24:56,208] {logging_mixin.py:104} INFO - [2021-03-17 20:24:56,208] {dagbag.py:448} INFO - Filling up the DagBag from /Users/harika/Desktop/CSYE_7245/Labs/airflow_tfx_lab/vlab/lib/python3.7/site-packages/airflow/example_dags/example_short_circuit_operator.py
[2021-03-17 20:24:56,230] {scheduler_job.py:639} INFO - DAG(s) dict_keys(['example_short_circuit_operator']) retrieved from /Users/harika/Desktop/CSYE_7245/Labs/airflow_tfx_lab/vlab/lib/python3.7/site-packages/airflow/example_dags/example_short_circuit_operator.py
[2021-03-17 20:24:56,252] {logging_mixin.py:104} INFO - [2021-03-17 20:24:56,251] {dag.py:1818} INFO - Sync 1 DAGs
[2021-03-17 20:24:56,269] {logging_mixin.py:104} INFO - [2021-03-17 20:24:56,269] {dag.py:2273} INFO - Setting next_dagrun for example_short_circuit_operator to 2021-03-16 00:00:00+00:00
[2021-03-17 20:24:56,281] {scheduler_job.py:190} INFO - Processing /Users/harika/Desktop/CSYE_7245/Labs/airflow_tfx_lab/vlab/lib/python3.7/site-packages/airflow/example_dags/example_short_circuit_operator.py took 0.085 seconds
