[2021-03-17 20:00:02,286] {scheduler_job.py:182} INFO - Started process (PID=31083) to work on /Users/harika/Desktop/CSYE_7245/Labs/airflow_tfx_lab/vlab/lib/python3.7/site-packages/airflow/example_dags/example_dag_decorator.py
[2021-03-17 20:00:02,287] {scheduler_job.py:629} INFO - Processing file /Users/harika/Desktop/CSYE_7245/Labs/airflow_tfx_lab/vlab/lib/python3.7/site-packages/airflow/example_dags/example_dag_decorator.py for tasks to queue
[2021-03-17 20:00:02,289] {logging_mixin.py:104} INFO - [2021-03-17 20:00:02,289] {dagbag.py:448} INFO - Filling up the DagBag from /Users/harika/Desktop/CSYE_7245/Labs/airflow_tfx_lab/vlab/lib/python3.7/site-packages/airflow/example_dags/example_dag_decorator.py
[2021-03-17 20:00:02,311] {scheduler_job.py:639} INFO - DAG(s) dict_keys(['example_dag_decorator']) retrieved from /Users/harika/Desktop/CSYE_7245/Labs/airflow_tfx_lab/vlab/lib/python3.7/site-packages/airflow/example_dags/example_dag_decorator.py
[2021-03-17 20:00:02,335] {logging_mixin.py:104} INFO - [2021-03-17 20:00:02,335] {dag.py:1818} INFO - Sync 1 DAGs
[2021-03-17 20:00:02,347] {logging_mixin.py:104} INFO - [2021-03-17 20:00:02,347] {dag.py:2273} INFO - Setting next_dagrun for example_dag_decorator to None
[2021-03-17 20:00:02,361] {scheduler_job.py:190} INFO - Processing /Users/harika/Desktop/CSYE_7245/Labs/airflow_tfx_lab/vlab/lib/python3.7/site-packages/airflow/example_dags/example_dag_decorator.py took 0.080 seconds
[2021-03-17 20:00:46,490] {scheduler_job.py:182} INFO - Started process (PID=31127) to work on /Users/harika/Desktop/CSYE_7245/Labs/airflow_tfx_lab/vlab/lib/python3.7/site-packages/airflow/example_dags/example_dag_decorator.py
[2021-03-17 20:00:46,493] {scheduler_job.py:629} INFO - Processing file /Users/harika/Desktop/CSYE_7245/Labs/airflow_tfx_lab/vlab/lib/python3.7/site-packages/airflow/example_dags/example_dag_decorator.py for tasks to queue
[2021-03-17 20:00:46,495] {logging_mixin.py:104} INFO - [2021-03-17 20:00:46,495] {dagbag.py:448} INFO - Filling up the DagBag from /Users/harika/Desktop/CSYE_7245/Labs/airflow_tfx_lab/vlab/lib/python3.7/site-packages/airflow/example_dags/example_dag_decorator.py
[2021-03-17 20:00:46,516] {scheduler_job.py:639} INFO - DAG(s) dict_keys(['example_dag_decorator']) retrieved from /Users/harika/Desktop/CSYE_7245/Labs/airflow_tfx_lab/vlab/lib/python3.7/site-packages/airflow/example_dags/example_dag_decorator.py
[2021-03-17 20:00:46,538] {logging_mixin.py:104} INFO - [2021-03-17 20:00:46,537] {dag.py:1818} INFO - Sync 1 DAGs
[2021-03-17 20:00:46,552] {logging_mixin.py:104} INFO - [2021-03-17 20:00:46,551] {dag.py:2273} INFO - Setting next_dagrun for example_dag_decorator to None
[2021-03-17 20:00:46,567] {scheduler_job.py:190} INFO - Processing /Users/harika/Desktop/CSYE_7245/Labs/airflow_tfx_lab/vlab/lib/python3.7/site-packages/airflow/example_dags/example_dag_decorator.py took 0.083 seconds
[2021-03-17 20:01:28,648] {scheduler_job.py:182} INFO - Started process (PID=31160) to work on /Users/harika/Desktop/CSYE_7245/Labs/airflow_tfx_lab/vlab/lib/python3.7/site-packages/airflow/example_dags/example_dag_decorator.py
[2021-03-17 20:01:28,650] {scheduler_job.py:629} INFO - Processing file /Users/harika/Desktop/CSYE_7245/Labs/airflow_tfx_lab/vlab/lib/python3.7/site-packages/airflow/example_dags/example_dag_decorator.py for tasks to queue
[2021-03-17 20:01:28,652] {logging_mixin.py:104} INFO - [2021-03-17 20:01:28,651] {dagbag.py:448} INFO - Filling up the DagBag from /Users/harika/Desktop/CSYE_7245/Labs/airflow_tfx_lab/vlab/lib/python3.7/site-packages/airflow/example_dags/example_dag_decorator.py
[2021-03-17 20:01:28,676] {scheduler_job.py:639} INFO - DAG(s) dict_keys(['example_dag_decorator']) retrieved from /Users/harika/Desktop/CSYE_7245/Labs/airflow_tfx_lab/vlab/lib/python3.7/site-packages/airflow/example_dags/example_dag_decorator.py
[2021-03-17 20:01:28,697] {logging_mixin.py:104} INFO - [2021-03-17 20:01:28,697] {dag.py:1818} INFO - Sync 1 DAGs
[2021-03-17 20:01:28,709] {logging_mixin.py:104} INFO - [2021-03-17 20:01:28,709] {dag.py:2273} INFO - Setting next_dagrun for example_dag_decorator to None
[2021-03-17 20:01:28,723] {scheduler_job.py:190} INFO - Processing /Users/harika/Desktop/CSYE_7245/Labs/airflow_tfx_lab/vlab/lib/python3.7/site-packages/airflow/example_dags/example_dag_decorator.py took 0.080 seconds
[2021-03-17 20:02:04,335] {scheduler_job.py:182} INFO - Started process (PID=31186) to work on /Users/harika/Desktop/CSYE_7245/Labs/airflow_tfx_lab/vlab/lib/python3.7/site-packages/airflow/example_dags/example_dag_decorator.py
[2021-03-17 20:02:04,338] {scheduler_job.py:629} INFO - Processing file /Users/harika/Desktop/CSYE_7245/Labs/airflow_tfx_lab/vlab/lib/python3.7/site-packages/airflow/example_dags/example_dag_decorator.py for tasks to queue
[2021-03-17 20:02:04,340] {logging_mixin.py:104} INFO - [2021-03-17 20:02:04,340] {dagbag.py:448} INFO - Filling up the DagBag from /Users/harika/Desktop/CSYE_7245/Labs/airflow_tfx_lab/vlab/lib/python3.7/site-packages/airflow/example_dags/example_dag_decorator.py
[2021-03-17 20:02:04,360] {scheduler_job.py:639} INFO - DAG(s) dict_keys(['example_dag_decorator']) retrieved from /Users/harika/Desktop/CSYE_7245/Labs/airflow_tfx_lab/vlab/lib/python3.7/site-packages/airflow/example_dags/example_dag_decorator.py
[2021-03-17 20:02:04,379] {logging_mixin.py:104} INFO - [2021-03-17 20:02:04,379] {dag.py:1818} INFO - Sync 1 DAGs
[2021-03-17 20:02:04,391] {logging_mixin.py:104} INFO - [2021-03-17 20:02:04,390] {dag.py:2273} INFO - Setting next_dagrun for example_dag_decorator to None
[2021-03-17 20:02:04,403] {scheduler_job.py:190} INFO - Processing /Users/harika/Desktop/CSYE_7245/Labs/airflow_tfx_lab/vlab/lib/python3.7/site-packages/airflow/example_dags/example_dag_decorator.py took 0.073 seconds
[2021-03-17 20:02:42,721] {scheduler_job.py:182} INFO - Started process (PID=31216) to work on /Users/harika/Desktop/CSYE_7245/Labs/airflow_tfx_lab/vlab/lib/python3.7/site-packages/airflow/example_dags/example_dag_decorator.py
[2021-03-17 20:02:42,724] {scheduler_job.py:629} INFO - Processing file /Users/harika/Desktop/CSYE_7245/Labs/airflow_tfx_lab/vlab/lib/python3.7/site-packages/airflow/example_dags/example_dag_decorator.py for tasks to queue
[2021-03-17 20:02:42,726] {logging_mixin.py:104} INFO - [2021-03-17 20:02:42,726] {dagbag.py:448} INFO - Filling up the DagBag from /Users/harika/Desktop/CSYE_7245/Labs/airflow_tfx_lab/vlab/lib/python3.7/site-packages/airflow/example_dags/example_dag_decorator.py
[2021-03-17 20:02:42,750] {scheduler_job.py:639} INFO - DAG(s) dict_keys(['example_dag_decorator']) retrieved from /Users/harika/Desktop/CSYE_7245/Labs/airflow_tfx_lab/vlab/lib/python3.7/site-packages/airflow/example_dags/example_dag_decorator.py
[2021-03-17 20:02:42,769] {logging_mixin.py:104} INFO - [2021-03-17 20:02:42,769] {dag.py:1818} INFO - Sync 1 DAGs
[2021-03-17 20:02:42,782] {logging_mixin.py:104} INFO - [2021-03-17 20:02:42,782] {dag.py:2273} INFO - Setting next_dagrun for example_dag_decorator to None
[2021-03-17 20:02:42,794] {scheduler_job.py:190} INFO - Processing /Users/harika/Desktop/CSYE_7245/Labs/airflow_tfx_lab/vlab/lib/python3.7/site-packages/airflow/example_dags/example_dag_decorator.py took 0.077 seconds
[2021-03-17 20:03:23,517] {scheduler_job.py:182} INFO - Started process (PID=31264) to work on /Users/harika/Desktop/CSYE_7245/Labs/airflow_tfx_lab/vlab/lib/python3.7/site-packages/airflow/example_dags/example_dag_decorator.py
[2021-03-17 20:03:23,520] {scheduler_job.py:629} INFO - Processing file /Users/harika/Desktop/CSYE_7245/Labs/airflow_tfx_lab/vlab/lib/python3.7/site-packages/airflow/example_dags/example_dag_decorator.py for tasks to queue
[2021-03-17 20:03:23,522] {logging_mixin.py:104} INFO - [2021-03-17 20:03:23,521] {dagbag.py:448} INFO - Filling up the DagBag from /Users/harika/Desktop/CSYE_7245/Labs/airflow_tfx_lab/vlab/lib/python3.7/site-packages/airflow/example_dags/example_dag_decorator.py
[2021-03-17 20:03:23,541] {scheduler_job.py:639} INFO - DAG(s) dict_keys(['example_dag_decorator']) retrieved from /Users/harika/Desktop/CSYE_7245/Labs/airflow_tfx_lab/vlab/lib/python3.7/site-packages/airflow/example_dags/example_dag_decorator.py
[2021-03-17 20:03:23,559] {logging_mixin.py:104} INFO - [2021-03-17 20:03:23,558] {dag.py:1818} INFO - Sync 1 DAGs
[2021-03-17 20:03:23,571] {logging_mixin.py:104} INFO - [2021-03-17 20:03:23,570] {dag.py:2273} INFO - Setting next_dagrun for example_dag_decorator to None
[2021-03-17 20:03:23,583] {scheduler_job.py:190} INFO - Processing /Users/harika/Desktop/CSYE_7245/Labs/airflow_tfx_lab/vlab/lib/python3.7/site-packages/airflow/example_dags/example_dag_decorator.py took 0.070 seconds
[2021-03-17 20:04:02,136] {scheduler_job.py:182} INFO - Started process (PID=31300) to work on /Users/harika/Desktop/CSYE_7245/Labs/airflow_tfx_lab/vlab/lib/python3.7/site-packages/airflow/example_dags/example_dag_decorator.py
[2021-03-17 20:04:02,138] {scheduler_job.py:629} INFO - Processing file /Users/harika/Desktop/CSYE_7245/Labs/airflow_tfx_lab/vlab/lib/python3.7/site-packages/airflow/example_dags/example_dag_decorator.py for tasks to queue
[2021-03-17 20:04:02,140] {logging_mixin.py:104} INFO - [2021-03-17 20:04:02,140] {dagbag.py:448} INFO - Filling up the DagBag from /Users/harika/Desktop/CSYE_7245/Labs/airflow_tfx_lab/vlab/lib/python3.7/site-packages/airflow/example_dags/example_dag_decorator.py
[2021-03-17 20:04:02,167] {scheduler_job.py:639} INFO - DAG(s) dict_keys(['example_dag_decorator']) retrieved from /Users/harika/Desktop/CSYE_7245/Labs/airflow_tfx_lab/vlab/lib/python3.7/site-packages/airflow/example_dags/example_dag_decorator.py
[2021-03-17 20:04:02,198] {logging_mixin.py:104} INFO - [2021-03-17 20:04:02,197] {dag.py:1818} INFO - Sync 1 DAGs
[2021-03-17 20:04:02,212] {logging_mixin.py:104} INFO - [2021-03-17 20:04:02,211] {dag.py:2273} INFO - Setting next_dagrun for example_dag_decorator to None
[2021-03-17 20:04:02,225] {scheduler_job.py:190} INFO - Processing /Users/harika/Desktop/CSYE_7245/Labs/airflow_tfx_lab/vlab/lib/python3.7/site-packages/airflow/example_dags/example_dag_decorator.py took 0.094 seconds
[2021-03-17 20:04:41,035] {scheduler_job.py:182} INFO - Started process (PID=31331) to work on /Users/harika/Desktop/CSYE_7245/Labs/airflow_tfx_lab/vlab/lib/python3.7/site-packages/airflow/example_dags/example_dag_decorator.py
[2021-03-17 20:04:41,038] {scheduler_job.py:629} INFO - Processing file /Users/harika/Desktop/CSYE_7245/Labs/airflow_tfx_lab/vlab/lib/python3.7/site-packages/airflow/example_dags/example_dag_decorator.py for tasks to queue
[2021-03-17 20:04:41,039] {logging_mixin.py:104} INFO - [2021-03-17 20:04:41,039] {dagbag.py:448} INFO - Filling up the DagBag from /Users/harika/Desktop/CSYE_7245/Labs/airflow_tfx_lab/vlab/lib/python3.7/site-packages/airflow/example_dags/example_dag_decorator.py
[2021-03-17 20:04:41,059] {scheduler_job.py:639} INFO - DAG(s) dict_keys(['example_dag_decorator']) retrieved from /Users/harika/Desktop/CSYE_7245/Labs/airflow_tfx_lab/vlab/lib/python3.7/site-packages/airflow/example_dags/example_dag_decorator.py
[2021-03-17 20:04:41,078] {logging_mixin.py:104} INFO - [2021-03-17 20:04:41,077] {dag.py:1818} INFO - Sync 1 DAGs
[2021-03-17 20:04:41,090] {logging_mixin.py:104} INFO - [2021-03-17 20:04:41,089] {dag.py:2273} INFO - Setting next_dagrun for example_dag_decorator to None
[2021-03-17 20:04:41,102] {scheduler_job.py:190} INFO - Processing /Users/harika/Desktop/CSYE_7245/Labs/airflow_tfx_lab/vlab/lib/python3.7/site-packages/airflow/example_dags/example_dag_decorator.py took 0.072 seconds
[2021-03-17 20:05:17,870] {scheduler_job.py:182} INFO - Started process (PID=31364) to work on /Users/harika/Desktop/CSYE_7245/Labs/airflow_tfx_lab/vlab/lib/python3.7/site-packages/airflow/example_dags/example_dag_decorator.py
[2021-03-17 20:05:17,873] {scheduler_job.py:629} INFO - Processing file /Users/harika/Desktop/CSYE_7245/Labs/airflow_tfx_lab/vlab/lib/python3.7/site-packages/airflow/example_dags/example_dag_decorator.py for tasks to queue
[2021-03-17 20:05:17,874] {logging_mixin.py:104} INFO - [2021-03-17 20:05:17,874] {dagbag.py:448} INFO - Filling up the DagBag from /Users/harika/Desktop/CSYE_7245/Labs/airflow_tfx_lab/vlab/lib/python3.7/site-packages/airflow/example_dags/example_dag_decorator.py
[2021-03-17 20:05:17,905] {scheduler_job.py:639} INFO - DAG(s) dict_keys(['example_dag_decorator']) retrieved from /Users/harika/Desktop/CSYE_7245/Labs/airflow_tfx_lab/vlab/lib/python3.7/site-packages/airflow/example_dags/example_dag_decorator.py
[2021-03-17 20:05:17,924] {logging_mixin.py:104} INFO - [2021-03-17 20:05:17,924] {dag.py:1818} INFO - Sync 1 DAGs
[2021-03-17 20:05:17,939] {logging_mixin.py:104} INFO - [2021-03-17 20:05:17,938] {dag.py:2273} INFO - Setting next_dagrun for example_dag_decorator to None
[2021-03-17 20:05:17,973] {scheduler_job.py:190} INFO - Processing /Users/harika/Desktop/CSYE_7245/Labs/airflow_tfx_lab/vlab/lib/python3.7/site-packages/airflow/example_dags/example_dag_decorator.py took 0.109 seconds
[2021-03-17 20:06:00,086] {scheduler_job.py:182} INFO - Started process (PID=31400) to work on /Users/harika/Desktop/CSYE_7245/Labs/airflow_tfx_lab/vlab/lib/python3.7/site-packages/airflow/example_dags/example_dag_decorator.py
[2021-03-17 20:06:00,090] {scheduler_job.py:629} INFO - Processing file /Users/harika/Desktop/CSYE_7245/Labs/airflow_tfx_lab/vlab/lib/python3.7/site-packages/airflow/example_dags/example_dag_decorator.py for tasks to queue
[2021-03-17 20:06:00,092] {logging_mixin.py:104} INFO - [2021-03-17 20:06:00,091] {dagbag.py:448} INFO - Filling up the DagBag from /Users/harika/Desktop/CSYE_7245/Labs/airflow_tfx_lab/vlab/lib/python3.7/site-packages/airflow/example_dags/example_dag_decorator.py
[2021-03-17 20:06:00,115] {scheduler_job.py:639} INFO - DAG(s) dict_keys(['example_dag_decorator']) retrieved from /Users/harika/Desktop/CSYE_7245/Labs/airflow_tfx_lab/vlab/lib/python3.7/site-packages/airflow/example_dags/example_dag_decorator.py
[2021-03-17 20:06:00,133] {logging_mixin.py:104} INFO - [2021-03-17 20:06:00,133] {dag.py:1818} INFO - Sync 1 DAGs
[2021-03-17 20:06:00,148] {logging_mixin.py:104} INFO - [2021-03-17 20:06:00,147] {dag.py:2273} INFO - Setting next_dagrun for example_dag_decorator to None
[2021-03-17 20:06:00,159] {scheduler_job.py:190} INFO - Processing /Users/harika/Desktop/CSYE_7245/Labs/airflow_tfx_lab/vlab/lib/python3.7/site-packages/airflow/example_dags/example_dag_decorator.py took 0.078 seconds
[2021-03-17 20:06:37,786] {scheduler_job.py:182} INFO - Started process (PID=31428) to work on /Users/harika/Desktop/CSYE_7245/Labs/airflow_tfx_lab/vlab/lib/python3.7/site-packages/airflow/example_dags/example_dag_decorator.py
[2021-03-17 20:06:37,789] {scheduler_job.py:629} INFO - Processing file /Users/harika/Desktop/CSYE_7245/Labs/airflow_tfx_lab/vlab/lib/python3.7/site-packages/airflow/example_dags/example_dag_decorator.py for tasks to queue
[2021-03-17 20:06:37,791] {logging_mixin.py:104} INFO - [2021-03-17 20:06:37,790] {dagbag.py:448} INFO - Filling up the DagBag from /Users/harika/Desktop/CSYE_7245/Labs/airflow_tfx_lab/vlab/lib/python3.7/site-packages/airflow/example_dags/example_dag_decorator.py
[2021-03-17 20:06:37,816] {scheduler_job.py:639} INFO - DAG(s) dict_keys(['example_dag_decorator']) retrieved from /Users/harika/Desktop/CSYE_7245/Labs/airflow_tfx_lab/vlab/lib/python3.7/site-packages/airflow/example_dags/example_dag_decorator.py
[2021-03-17 20:06:37,839] {logging_mixin.py:104} INFO - [2021-03-17 20:06:37,838] {dag.py:1818} INFO - Sync 1 DAGs
[2021-03-17 20:06:37,860] {logging_mixin.py:104} INFO - [2021-03-17 20:06:37,859] {dag.py:2273} INFO - Setting next_dagrun for example_dag_decorator to None
[2021-03-17 20:06:37,875] {scheduler_job.py:190} INFO - Processing /Users/harika/Desktop/CSYE_7245/Labs/airflow_tfx_lab/vlab/lib/python3.7/site-packages/airflow/example_dags/example_dag_decorator.py took 0.095 seconds
[2021-03-17 20:07:16,725] {scheduler_job.py:182} INFO - Started process (PID=31457) to work on /Users/harika/Desktop/CSYE_7245/Labs/airflow_tfx_lab/vlab/lib/python3.7/site-packages/airflow/example_dags/example_dag_decorator.py
[2021-03-17 20:07:16,728] {scheduler_job.py:629} INFO - Processing file /Users/harika/Desktop/CSYE_7245/Labs/airflow_tfx_lab/vlab/lib/python3.7/site-packages/airflow/example_dags/example_dag_decorator.py for tasks to queue
[2021-03-17 20:07:16,729] {logging_mixin.py:104} INFO - [2021-03-17 20:07:16,729] {dagbag.py:448} INFO - Filling up the DagBag from /Users/harika/Desktop/CSYE_7245/Labs/airflow_tfx_lab/vlab/lib/python3.7/site-packages/airflow/example_dags/example_dag_decorator.py
[2021-03-17 20:07:16,755] {scheduler_job.py:639} INFO - DAG(s) dict_keys(['example_dag_decorator']) retrieved from /Users/harika/Desktop/CSYE_7245/Labs/airflow_tfx_lab/vlab/lib/python3.7/site-packages/airflow/example_dags/example_dag_decorator.py
[2021-03-17 20:07:16,776] {logging_mixin.py:104} INFO - [2021-03-17 20:07:16,776] {dag.py:1818} INFO - Sync 1 DAGs
[2021-03-17 20:07:16,789] {logging_mixin.py:104} INFO - [2021-03-17 20:07:16,788] {dag.py:2273} INFO - Setting next_dagrun for example_dag_decorator to None
[2021-03-17 20:07:16,801] {scheduler_job.py:190} INFO - Processing /Users/harika/Desktop/CSYE_7245/Labs/airflow_tfx_lab/vlab/lib/python3.7/site-packages/airflow/example_dags/example_dag_decorator.py took 0.081 seconds
[2021-03-17 20:07:55,359] {scheduler_job.py:182} INFO - Started process (PID=31491) to work on /Users/harika/Desktop/CSYE_7245/Labs/airflow_tfx_lab/vlab/lib/python3.7/site-packages/airflow/example_dags/example_dag_decorator.py
[2021-03-17 20:07:55,362] {scheduler_job.py:629} INFO - Processing file /Users/harika/Desktop/CSYE_7245/Labs/airflow_tfx_lab/vlab/lib/python3.7/site-packages/airflow/example_dags/example_dag_decorator.py for tasks to queue
[2021-03-17 20:07:55,364] {logging_mixin.py:104} INFO - [2021-03-17 20:07:55,364] {dagbag.py:448} INFO - Filling up the DagBag from /Users/harika/Desktop/CSYE_7245/Labs/airflow_tfx_lab/vlab/lib/python3.7/site-packages/airflow/example_dags/example_dag_decorator.py
[2021-03-17 20:07:55,386] {scheduler_job.py:639} INFO - DAG(s) dict_keys(['example_dag_decorator']) retrieved from /Users/harika/Desktop/CSYE_7245/Labs/airflow_tfx_lab/vlab/lib/python3.7/site-packages/airflow/example_dags/example_dag_decorator.py
[2021-03-17 20:07:55,407] {logging_mixin.py:104} INFO - [2021-03-17 20:07:55,406] {dag.py:1818} INFO - Sync 1 DAGs
[2021-03-17 20:07:55,419] {logging_mixin.py:104} INFO - [2021-03-17 20:07:55,419] {dag.py:2273} INFO - Setting next_dagrun for example_dag_decorator to None
[2021-03-17 20:07:55,518] {scheduler_job.py:190} INFO - Processing /Users/harika/Desktop/CSYE_7245/Labs/airflow_tfx_lab/vlab/lib/python3.7/site-packages/airflow/example_dags/example_dag_decorator.py took 0.163 seconds
[2021-03-17 20:08:35,145] {scheduler_job.py:182} INFO - Started process (PID=31529) to work on /Users/harika/Desktop/CSYE_7245/Labs/airflow_tfx_lab/vlab/lib/python3.7/site-packages/airflow/example_dags/example_dag_decorator.py
[2021-03-17 20:08:35,149] {scheduler_job.py:629} INFO - Processing file /Users/harika/Desktop/CSYE_7245/Labs/airflow_tfx_lab/vlab/lib/python3.7/site-packages/airflow/example_dags/example_dag_decorator.py for tasks to queue
[2021-03-17 20:08:35,151] {logging_mixin.py:104} INFO - [2021-03-17 20:08:35,150] {dagbag.py:448} INFO - Filling up the DagBag from /Users/harika/Desktop/CSYE_7245/Labs/airflow_tfx_lab/vlab/lib/python3.7/site-packages/airflow/example_dags/example_dag_decorator.py
[2021-03-17 20:08:35,172] {scheduler_job.py:639} INFO - DAG(s) dict_keys(['example_dag_decorator']) retrieved from /Users/harika/Desktop/CSYE_7245/Labs/airflow_tfx_lab/vlab/lib/python3.7/site-packages/airflow/example_dags/example_dag_decorator.py
[2021-03-17 20:08:35,192] {logging_mixin.py:104} INFO - [2021-03-17 20:08:35,192] {dag.py:1818} INFO - Sync 1 DAGs
[2021-03-17 20:08:35,301] {logging_mixin.py:104} INFO - [2021-03-17 20:08:35,300] {dag.py:2273} INFO - Setting next_dagrun for example_dag_decorator to None
[2021-03-17 20:08:35,314] {scheduler_job.py:190} INFO - Processing /Users/harika/Desktop/CSYE_7245/Labs/airflow_tfx_lab/vlab/lib/python3.7/site-packages/airflow/example_dags/example_dag_decorator.py took 0.174 seconds
[2021-03-17 20:09:14,346] {scheduler_job.py:182} INFO - Started process (PID=31562) to work on /Users/harika/Desktop/CSYE_7245/Labs/airflow_tfx_lab/vlab/lib/python3.7/site-packages/airflow/example_dags/example_dag_decorator.py
[2021-03-17 20:09:14,348] {scheduler_job.py:629} INFO - Processing file /Users/harika/Desktop/CSYE_7245/Labs/airflow_tfx_lab/vlab/lib/python3.7/site-packages/airflow/example_dags/example_dag_decorator.py for tasks to queue
[2021-03-17 20:09:14,350] {logging_mixin.py:104} INFO - [2021-03-17 20:09:14,349] {dagbag.py:448} INFO - Filling up the DagBag from /Users/harika/Desktop/CSYE_7245/Labs/airflow_tfx_lab/vlab/lib/python3.7/site-packages/airflow/example_dags/example_dag_decorator.py
[2021-03-17 20:09:14,369] {scheduler_job.py:639} INFO - DAG(s) dict_keys(['example_dag_decorator']) retrieved from /Users/harika/Desktop/CSYE_7245/Labs/airflow_tfx_lab/vlab/lib/python3.7/site-packages/airflow/example_dags/example_dag_decorator.py
[2021-03-17 20:09:14,390] {logging_mixin.py:104} INFO - [2021-03-17 20:09:14,389] {dag.py:1818} INFO - Sync 1 DAGs
[2021-03-17 20:09:14,497] {logging_mixin.py:104} INFO - [2021-03-17 20:09:14,497] {dag.py:2273} INFO - Setting next_dagrun for example_dag_decorator to None
[2021-03-17 20:09:14,510] {scheduler_job.py:190} INFO - Processing /Users/harika/Desktop/CSYE_7245/Labs/airflow_tfx_lab/vlab/lib/python3.7/site-packages/airflow/example_dags/example_dag_decorator.py took 0.168 seconds
[2021-03-17 20:09:52,267] {scheduler_job.py:182} INFO - Started process (PID=31596) to work on /Users/harika/Desktop/CSYE_7245/Labs/airflow_tfx_lab/vlab/lib/python3.7/site-packages/airflow/example_dags/example_dag_decorator.py
[2021-03-17 20:09:52,269] {scheduler_job.py:629} INFO - Processing file /Users/harika/Desktop/CSYE_7245/Labs/airflow_tfx_lab/vlab/lib/python3.7/site-packages/airflow/example_dags/example_dag_decorator.py for tasks to queue
[2021-03-17 20:09:52,271] {logging_mixin.py:104} INFO - [2021-03-17 20:09:52,271] {dagbag.py:448} INFO - Filling up the DagBag from /Users/harika/Desktop/CSYE_7245/Labs/airflow_tfx_lab/vlab/lib/python3.7/site-packages/airflow/example_dags/example_dag_decorator.py
[2021-03-17 20:09:52,295] {scheduler_job.py:639} INFO - DAG(s) dict_keys(['example_dag_decorator']) retrieved from /Users/harika/Desktop/CSYE_7245/Labs/airflow_tfx_lab/vlab/lib/python3.7/site-packages/airflow/example_dags/example_dag_decorator.py
[2021-03-17 20:09:52,314] {logging_mixin.py:104} INFO - [2021-03-17 20:09:52,313] {dag.py:1818} INFO - Sync 1 DAGs
[2021-03-17 20:09:52,417] {logging_mixin.py:104} INFO - [2021-03-17 20:09:52,417] {dag.py:2273} INFO - Setting next_dagrun for example_dag_decorator to None
[2021-03-17 20:09:52,428] {scheduler_job.py:190} INFO - Processing /Users/harika/Desktop/CSYE_7245/Labs/airflow_tfx_lab/vlab/lib/python3.7/site-packages/airflow/example_dags/example_dag_decorator.py took 0.166 seconds
[2021-03-17 20:10:33,060] {scheduler_job.py:182} INFO - Started process (PID=31640) to work on /Users/harika/Desktop/CSYE_7245/Labs/airflow_tfx_lab/vlab/lib/python3.7/site-packages/airflow/example_dags/example_dag_decorator.py
[2021-03-17 20:10:33,063] {scheduler_job.py:629} INFO - Processing file /Users/harika/Desktop/CSYE_7245/Labs/airflow_tfx_lab/vlab/lib/python3.7/site-packages/airflow/example_dags/example_dag_decorator.py for tasks to queue
[2021-03-17 20:10:33,065] {logging_mixin.py:104} INFO - [2021-03-17 20:10:33,064] {dagbag.py:448} INFO - Filling up the DagBag from /Users/harika/Desktop/CSYE_7245/Labs/airflow_tfx_lab/vlab/lib/python3.7/site-packages/airflow/example_dags/example_dag_decorator.py
[2021-03-17 20:10:33,088] {scheduler_job.py:639} INFO - DAG(s) dict_keys(['example_dag_decorator']) retrieved from /Users/harika/Desktop/CSYE_7245/Labs/airflow_tfx_lab/vlab/lib/python3.7/site-packages/airflow/example_dags/example_dag_decorator.py
[2021-03-17 20:10:33,107] {logging_mixin.py:104} INFO - [2021-03-17 20:10:33,107] {dag.py:1818} INFO - Sync 1 DAGs
[2021-03-17 20:10:33,203] {logging_mixin.py:104} INFO - [2021-03-17 20:10:33,202] {dag.py:2273} INFO - Setting next_dagrun for example_dag_decorator to None
[2021-03-17 20:10:33,214] {scheduler_job.py:190} INFO - Processing /Users/harika/Desktop/CSYE_7245/Labs/airflow_tfx_lab/vlab/lib/python3.7/site-packages/airflow/example_dags/example_dag_decorator.py took 0.158 seconds
[2021-03-17 20:11:11,358] {scheduler_job.py:182} INFO - Started process (PID=31669) to work on /Users/harika/Desktop/CSYE_7245/Labs/airflow_tfx_lab/vlab/lib/python3.7/site-packages/airflow/example_dags/example_dag_decorator.py
[2021-03-17 20:11:11,362] {scheduler_job.py:629} INFO - Processing file /Users/harika/Desktop/CSYE_7245/Labs/airflow_tfx_lab/vlab/lib/python3.7/site-packages/airflow/example_dags/example_dag_decorator.py for tasks to queue
[2021-03-17 20:11:11,364] {logging_mixin.py:104} INFO - [2021-03-17 20:11:11,364] {dagbag.py:448} INFO - Filling up the DagBag from /Users/harika/Desktop/CSYE_7245/Labs/airflow_tfx_lab/vlab/lib/python3.7/site-packages/airflow/example_dags/example_dag_decorator.py
[2021-03-17 20:11:11,386] {scheduler_job.py:639} INFO - DAG(s) dict_keys(['example_dag_decorator']) retrieved from /Users/harika/Desktop/CSYE_7245/Labs/airflow_tfx_lab/vlab/lib/python3.7/site-packages/airflow/example_dags/example_dag_decorator.py
[2021-03-17 20:11:11,405] {logging_mixin.py:104} INFO - [2021-03-17 20:11:11,404] {dag.py:1818} INFO - Sync 1 DAGs
[2021-03-17 20:11:11,499] {logging_mixin.py:104} INFO - [2021-03-17 20:11:11,499] {dag.py:2273} INFO - Setting next_dagrun for example_dag_decorator to None
[2021-03-17 20:11:11,511] {scheduler_job.py:190} INFO - Processing /Users/harika/Desktop/CSYE_7245/Labs/airflow_tfx_lab/vlab/lib/python3.7/site-packages/airflow/example_dags/example_dag_decorator.py took 0.157 seconds
[2021-03-17 20:11:50,228] {scheduler_job.py:182} INFO - Started process (PID=31712) to work on /Users/harika/Desktop/CSYE_7245/Labs/airflow_tfx_lab/vlab/lib/python3.7/site-packages/airflow/example_dags/example_dag_decorator.py
[2021-03-17 20:11:50,231] {scheduler_job.py:629} INFO - Processing file /Users/harika/Desktop/CSYE_7245/Labs/airflow_tfx_lab/vlab/lib/python3.7/site-packages/airflow/example_dags/example_dag_decorator.py for tasks to queue
[2021-03-17 20:11:50,233] {logging_mixin.py:104} INFO - [2021-03-17 20:11:50,232] {dagbag.py:448} INFO - Filling up the DagBag from /Users/harika/Desktop/CSYE_7245/Labs/airflow_tfx_lab/vlab/lib/python3.7/site-packages/airflow/example_dags/example_dag_decorator.py
[2021-03-17 20:11:50,253] {scheduler_job.py:639} INFO - DAG(s) dict_keys(['example_dag_decorator']) retrieved from /Users/harika/Desktop/CSYE_7245/Labs/airflow_tfx_lab/vlab/lib/python3.7/site-packages/airflow/example_dags/example_dag_decorator.py
[2021-03-17 20:11:50,271] {logging_mixin.py:104} INFO - [2021-03-17 20:11:50,271] {dag.py:1818} INFO - Sync 1 DAGs
[2021-03-17 20:11:50,388] {logging_mixin.py:104} INFO - [2021-03-17 20:11:50,387] {dag.py:2273} INFO - Setting next_dagrun for example_dag_decorator to None
[2021-03-17 20:11:50,399] {scheduler_job.py:190} INFO - Processing /Users/harika/Desktop/CSYE_7245/Labs/airflow_tfx_lab/vlab/lib/python3.7/site-packages/airflow/example_dags/example_dag_decorator.py took 0.175 seconds
[2021-03-17 20:12:30,623] {scheduler_job.py:182} INFO - Started process (PID=31742) to work on /Users/harika/Desktop/CSYE_7245/Labs/airflow_tfx_lab/vlab/lib/python3.7/site-packages/airflow/example_dags/example_dag_decorator.py
[2021-03-17 20:12:30,627] {scheduler_job.py:629} INFO - Processing file /Users/harika/Desktop/CSYE_7245/Labs/airflow_tfx_lab/vlab/lib/python3.7/site-packages/airflow/example_dags/example_dag_decorator.py for tasks to queue
[2021-03-17 20:12:30,628] {logging_mixin.py:104} INFO - [2021-03-17 20:12:30,628] {dagbag.py:448} INFO - Filling up the DagBag from /Users/harika/Desktop/CSYE_7245/Labs/airflow_tfx_lab/vlab/lib/python3.7/site-packages/airflow/example_dags/example_dag_decorator.py
[2021-03-17 20:12:30,650] {scheduler_job.py:639} INFO - DAG(s) dict_keys(['example_dag_decorator']) retrieved from /Users/harika/Desktop/CSYE_7245/Labs/airflow_tfx_lab/vlab/lib/python3.7/site-packages/airflow/example_dags/example_dag_decorator.py
[2021-03-17 20:12:30,672] {logging_mixin.py:104} INFO - [2021-03-17 20:12:30,671] {dag.py:1818} INFO - Sync 1 DAGs
[2021-03-17 20:12:30,777] {logging_mixin.py:104} INFO - [2021-03-17 20:12:30,776] {dag.py:2273} INFO - Setting next_dagrun for example_dag_decorator to None
[2021-03-17 20:12:30,785] {scheduler_job.py:190} INFO - Processing /Users/harika/Desktop/CSYE_7245/Labs/airflow_tfx_lab/vlab/lib/python3.7/site-packages/airflow/example_dags/example_dag_decorator.py took 0.167 seconds
[2021-03-17 20:13:04,564] {scheduler_job.py:182} INFO - Started process (PID=31773) to work on /Users/harika/Desktop/CSYE_7245/Labs/airflow_tfx_lab/vlab/lib/python3.7/site-packages/airflow/example_dags/example_dag_decorator.py
[2021-03-17 20:13:04,566] {scheduler_job.py:629} INFO - Processing file /Users/harika/Desktop/CSYE_7245/Labs/airflow_tfx_lab/vlab/lib/python3.7/site-packages/airflow/example_dags/example_dag_decorator.py for tasks to queue
[2021-03-17 20:13:04,568] {logging_mixin.py:104} INFO - [2021-03-17 20:13:04,567] {dagbag.py:448} INFO - Filling up the DagBag from /Users/harika/Desktop/CSYE_7245/Labs/airflow_tfx_lab/vlab/lib/python3.7/site-packages/airflow/example_dags/example_dag_decorator.py
[2021-03-17 20:13:04,588] {scheduler_job.py:639} INFO - DAG(s) dict_keys(['example_dag_decorator']) retrieved from /Users/harika/Desktop/CSYE_7245/Labs/airflow_tfx_lab/vlab/lib/python3.7/site-packages/airflow/example_dags/example_dag_decorator.py
[2021-03-17 20:13:04,606] {logging_mixin.py:104} INFO - [2021-03-17 20:13:04,605] {dag.py:1818} INFO - Sync 1 DAGs
[2021-03-17 20:13:04,702] {logging_mixin.py:104} INFO - [2021-03-17 20:13:04,701] {dag.py:2273} INFO - Setting next_dagrun for example_dag_decorator to None
[2021-03-17 20:13:04,715] {scheduler_job.py:190} INFO - Processing /Users/harika/Desktop/CSYE_7245/Labs/airflow_tfx_lab/vlab/lib/python3.7/site-packages/airflow/example_dags/example_dag_decorator.py took 0.154 seconds
[2021-03-17 20:13:47,872] {scheduler_job.py:182} INFO - Started process (PID=31807) to work on /Users/harika/Desktop/CSYE_7245/Labs/airflow_tfx_lab/vlab/lib/python3.7/site-packages/airflow/example_dags/example_dag_decorator.py
[2021-03-17 20:13:47,874] {scheduler_job.py:629} INFO - Processing file /Users/harika/Desktop/CSYE_7245/Labs/airflow_tfx_lab/vlab/lib/python3.7/site-packages/airflow/example_dags/example_dag_decorator.py for tasks to queue
[2021-03-17 20:13:47,876] {logging_mixin.py:104} INFO - [2021-03-17 20:13:47,875] {dagbag.py:448} INFO - Filling up the DagBag from /Users/harika/Desktop/CSYE_7245/Labs/airflow_tfx_lab/vlab/lib/python3.7/site-packages/airflow/example_dags/example_dag_decorator.py
[2021-03-17 20:13:47,897] {scheduler_job.py:639} INFO - DAG(s) dict_keys(['example_dag_decorator']) retrieved from /Users/harika/Desktop/CSYE_7245/Labs/airflow_tfx_lab/vlab/lib/python3.7/site-packages/airflow/example_dags/example_dag_decorator.py
[2021-03-17 20:13:48,015] {logging_mixin.py:104} INFO - [2021-03-17 20:13:48,014] {dag.py:1818} INFO - Sync 1 DAGs
[2021-03-17 20:13:48,025] {logging_mixin.py:104} INFO - [2021-03-17 20:13:48,025] {dag.py:2273} INFO - Setting next_dagrun for example_dag_decorator to None
[2021-03-17 20:13:48,036] {scheduler_job.py:190} INFO - Processing /Users/harika/Desktop/CSYE_7245/Labs/airflow_tfx_lab/vlab/lib/python3.7/site-packages/airflow/example_dags/example_dag_decorator.py took 0.168 seconds
[2021-03-17 20:14:28,039] {scheduler_job.py:182} INFO - Started process (PID=31838) to work on /Users/harika/Desktop/CSYE_7245/Labs/airflow_tfx_lab/vlab/lib/python3.7/site-packages/airflow/example_dags/example_dag_decorator.py
[2021-03-17 20:14:28,041] {scheduler_job.py:629} INFO - Processing file /Users/harika/Desktop/CSYE_7245/Labs/airflow_tfx_lab/vlab/lib/python3.7/site-packages/airflow/example_dags/example_dag_decorator.py for tasks to queue
[2021-03-17 20:14:28,043] {logging_mixin.py:104} INFO - [2021-03-17 20:14:28,042] {dagbag.py:448} INFO - Filling up the DagBag from /Users/harika/Desktop/CSYE_7245/Labs/airflow_tfx_lab/vlab/lib/python3.7/site-packages/airflow/example_dags/example_dag_decorator.py
[2021-03-17 20:14:28,064] {scheduler_job.py:639} INFO - DAG(s) dict_keys(['example_dag_decorator']) retrieved from /Users/harika/Desktop/CSYE_7245/Labs/airflow_tfx_lab/vlab/lib/python3.7/site-packages/airflow/example_dags/example_dag_decorator.py
[2021-03-17 20:14:28,172] {logging_mixin.py:104} INFO - [2021-03-17 20:14:28,172] {dag.py:1818} INFO - Sync 1 DAGs
[2021-03-17 20:14:28,182] {logging_mixin.py:104} INFO - [2021-03-17 20:14:28,182] {dag.py:2273} INFO - Setting next_dagrun for example_dag_decorator to None
[2021-03-17 20:14:28,192] {scheduler_job.py:190} INFO - Processing /Users/harika/Desktop/CSYE_7245/Labs/airflow_tfx_lab/vlab/lib/python3.7/site-packages/airflow/example_dags/example_dag_decorator.py took 0.158 seconds
[2021-03-17 20:15:00,689] {scheduler_job.py:182} INFO - Started process (PID=31863) to work on /Users/harika/Desktop/CSYE_7245/Labs/airflow_tfx_lab/vlab/lib/python3.7/site-packages/airflow/example_dags/example_dag_decorator.py
[2021-03-17 20:15:00,693] {scheduler_job.py:629} INFO - Processing file /Users/harika/Desktop/CSYE_7245/Labs/airflow_tfx_lab/vlab/lib/python3.7/site-packages/airflow/example_dags/example_dag_decorator.py for tasks to queue
[2021-03-17 20:15:00,694] {logging_mixin.py:104} INFO - [2021-03-17 20:15:00,694] {dagbag.py:448} INFO - Filling up the DagBag from /Users/harika/Desktop/CSYE_7245/Labs/airflow_tfx_lab/vlab/lib/python3.7/site-packages/airflow/example_dags/example_dag_decorator.py
[2021-03-17 20:15:00,713] {scheduler_job.py:639} INFO - DAG(s) dict_keys(['example_dag_decorator']) retrieved from /Users/harika/Desktop/CSYE_7245/Labs/airflow_tfx_lab/vlab/lib/python3.7/site-packages/airflow/example_dags/example_dag_decorator.py
[2021-03-17 20:15:00,828] {logging_mixin.py:104} INFO - [2021-03-17 20:15:00,827] {dag.py:1818} INFO - Sync 1 DAGs
[2021-03-17 20:15:00,838] {logging_mixin.py:104} INFO - [2021-03-17 20:15:00,838] {dag.py:2273} INFO - Setting next_dagrun for example_dag_decorator to None
[2021-03-17 20:15:00,849] {scheduler_job.py:190} INFO - Processing /Users/harika/Desktop/CSYE_7245/Labs/airflow_tfx_lab/vlab/lib/python3.7/site-packages/airflow/example_dags/example_dag_decorator.py took 0.166 seconds
[2021-03-17 20:15:39,465] {scheduler_job.py:182} INFO - Started process (PID=31898) to work on /Users/harika/Desktop/CSYE_7245/Labs/airflow_tfx_lab/vlab/lib/python3.7/site-packages/airflow/example_dags/example_dag_decorator.py
[2021-03-17 20:15:39,468] {scheduler_job.py:629} INFO - Processing file /Users/harika/Desktop/CSYE_7245/Labs/airflow_tfx_lab/vlab/lib/python3.7/site-packages/airflow/example_dags/example_dag_decorator.py for tasks to queue
[2021-03-17 20:15:39,470] {logging_mixin.py:104} INFO - [2021-03-17 20:15:39,469] {dagbag.py:448} INFO - Filling up the DagBag from /Users/harika/Desktop/CSYE_7245/Labs/airflow_tfx_lab/vlab/lib/python3.7/site-packages/airflow/example_dags/example_dag_decorator.py
[2021-03-17 20:15:39,491] {scheduler_job.py:639} INFO - DAG(s) dict_keys(['example_dag_decorator']) retrieved from /Users/harika/Desktop/CSYE_7245/Labs/airflow_tfx_lab/vlab/lib/python3.7/site-packages/airflow/example_dags/example_dag_decorator.py
[2021-03-17 20:15:39,602] {logging_mixin.py:104} INFO - [2021-03-17 20:15:39,601] {dag.py:1818} INFO - Sync 1 DAGs
[2021-03-17 20:15:39,611] {logging_mixin.py:104} INFO - [2021-03-17 20:15:39,611] {dag.py:2273} INFO - Setting next_dagrun for example_dag_decorator to None
[2021-03-17 20:15:39,627] {scheduler_job.py:190} INFO - Processing /Users/harika/Desktop/CSYE_7245/Labs/airflow_tfx_lab/vlab/lib/python3.7/site-packages/airflow/example_dags/example_dag_decorator.py took 0.166 seconds
[2021-03-17 20:16:18,801] {scheduler_job.py:182} INFO - Started process (PID=31932) to work on /Users/harika/Desktop/CSYE_7245/Labs/airflow_tfx_lab/vlab/lib/python3.7/site-packages/airflow/example_dags/example_dag_decorator.py
[2021-03-17 20:16:18,804] {scheduler_job.py:629} INFO - Processing file /Users/harika/Desktop/CSYE_7245/Labs/airflow_tfx_lab/vlab/lib/python3.7/site-packages/airflow/example_dags/example_dag_decorator.py for tasks to queue
[2021-03-17 20:16:18,807] {logging_mixin.py:104} INFO - [2021-03-17 20:16:18,806] {dagbag.py:448} INFO - Filling up the DagBag from /Users/harika/Desktop/CSYE_7245/Labs/airflow_tfx_lab/vlab/lib/python3.7/site-packages/airflow/example_dags/example_dag_decorator.py
[2021-03-17 20:16:18,830] {scheduler_job.py:639} INFO - DAG(s) dict_keys(['example_dag_decorator']) retrieved from /Users/harika/Desktop/CSYE_7245/Labs/airflow_tfx_lab/vlab/lib/python3.7/site-packages/airflow/example_dags/example_dag_decorator.py
[2021-03-17 20:16:18,959] {logging_mixin.py:104} INFO - [2021-03-17 20:16:18,958] {dag.py:1818} INFO - Sync 1 DAGs
[2021-03-17 20:16:18,969] {logging_mixin.py:104} INFO - [2021-03-17 20:16:18,969] {dag.py:2273} INFO - Setting next_dagrun for example_dag_decorator to None
[2021-03-17 20:16:18,980] {scheduler_job.py:190} INFO - Processing /Users/harika/Desktop/CSYE_7245/Labs/airflow_tfx_lab/vlab/lib/python3.7/site-packages/airflow/example_dags/example_dag_decorator.py took 0.183 seconds
[2021-03-17 20:16:58,341] {scheduler_job.py:182} INFO - Started process (PID=31967) to work on /Users/harika/Desktop/CSYE_7245/Labs/airflow_tfx_lab/vlab/lib/python3.7/site-packages/airflow/example_dags/example_dag_decorator.py
[2021-03-17 20:16:58,343] {scheduler_job.py:629} INFO - Processing file /Users/harika/Desktop/CSYE_7245/Labs/airflow_tfx_lab/vlab/lib/python3.7/site-packages/airflow/example_dags/example_dag_decorator.py for tasks to queue
[2021-03-17 20:16:58,345] {logging_mixin.py:104} INFO - [2021-03-17 20:16:58,344] {dagbag.py:448} INFO - Filling up the DagBag from /Users/harika/Desktop/CSYE_7245/Labs/airflow_tfx_lab/vlab/lib/python3.7/site-packages/airflow/example_dags/example_dag_decorator.py
[2021-03-17 20:16:58,468] {scheduler_job.py:639} INFO - DAG(s) dict_keys(['example_dag_decorator']) retrieved from /Users/harika/Desktop/CSYE_7245/Labs/airflow_tfx_lab/vlab/lib/python3.7/site-packages/airflow/example_dags/example_dag_decorator.py
[2021-03-17 20:16:58,485] {logging_mixin.py:104} INFO - [2021-03-17 20:16:58,485] {dag.py:1818} INFO - Sync 1 DAGs
[2021-03-17 20:16:58,497] {logging_mixin.py:104} INFO - [2021-03-17 20:16:58,496] {dag.py:2273} INFO - Setting next_dagrun for example_dag_decorator to None
[2021-03-17 20:16:58,508] {scheduler_job.py:190} INFO - Processing /Users/harika/Desktop/CSYE_7245/Labs/airflow_tfx_lab/vlab/lib/python3.7/site-packages/airflow/example_dags/example_dag_decorator.py took 0.171 seconds
[2021-03-17 20:17:35,529] {scheduler_job.py:182} INFO - Started process (PID=31996) to work on /Users/harika/Desktop/CSYE_7245/Labs/airflow_tfx_lab/vlab/lib/python3.7/site-packages/airflow/example_dags/example_dag_decorator.py
[2021-03-17 20:17:35,531] {scheduler_job.py:629} INFO - Processing file /Users/harika/Desktop/CSYE_7245/Labs/airflow_tfx_lab/vlab/lib/python3.7/site-packages/airflow/example_dags/example_dag_decorator.py for tasks to queue
[2021-03-17 20:17:35,533] {logging_mixin.py:104} INFO - [2021-03-17 20:17:35,532] {dagbag.py:448} INFO - Filling up the DagBag from /Users/harika/Desktop/CSYE_7245/Labs/airflow_tfx_lab/vlab/lib/python3.7/site-packages/airflow/example_dags/example_dag_decorator.py
[2021-03-17 20:17:35,646] {scheduler_job.py:639} INFO - DAG(s) dict_keys(['example_dag_decorator']) retrieved from /Users/harika/Desktop/CSYE_7245/Labs/airflow_tfx_lab/vlab/lib/python3.7/site-packages/airflow/example_dags/example_dag_decorator.py
[2021-03-17 20:17:35,663] {logging_mixin.py:104} INFO - [2021-03-17 20:17:35,662] {dag.py:1818} INFO - Sync 1 DAGs
[2021-03-17 20:17:35,673] {logging_mixin.py:104} INFO - [2021-03-17 20:17:35,673] {dag.py:2273} INFO - Setting next_dagrun for example_dag_decorator to None
[2021-03-17 20:17:35,684] {scheduler_job.py:190} INFO - Processing /Users/harika/Desktop/CSYE_7245/Labs/airflow_tfx_lab/vlab/lib/python3.7/site-packages/airflow/example_dags/example_dag_decorator.py took 0.161 seconds
[2021-03-17 20:18:17,569] {scheduler_job.py:182} INFO - Started process (PID=32042) to work on /Users/harika/Desktop/CSYE_7245/Labs/airflow_tfx_lab/vlab/lib/python3.7/site-packages/airflow/example_dags/example_dag_decorator.py
[2021-03-17 20:18:17,573] {scheduler_job.py:629} INFO - Processing file /Users/harika/Desktop/CSYE_7245/Labs/airflow_tfx_lab/vlab/lib/python3.7/site-packages/airflow/example_dags/example_dag_decorator.py for tasks to queue
[2021-03-17 20:18:17,575] {logging_mixin.py:104} INFO - [2021-03-17 20:18:17,574] {dagbag.py:448} INFO - Filling up the DagBag from /Users/harika/Desktop/CSYE_7245/Labs/airflow_tfx_lab/vlab/lib/python3.7/site-packages/airflow/example_dags/example_dag_decorator.py
[2021-03-17 20:18:17,709] {scheduler_job.py:639} INFO - DAG(s) dict_keys(['example_dag_decorator']) retrieved from /Users/harika/Desktop/CSYE_7245/Labs/airflow_tfx_lab/vlab/lib/python3.7/site-packages/airflow/example_dags/example_dag_decorator.py
[2021-03-17 20:18:17,728] {logging_mixin.py:104} INFO - [2021-03-17 20:18:17,727] {dag.py:1818} INFO - Sync 1 DAGs
[2021-03-17 20:18:17,740] {logging_mixin.py:104} INFO - [2021-03-17 20:18:17,739] {dag.py:2273} INFO - Setting next_dagrun for example_dag_decorator to None
[2021-03-17 20:18:17,755] {scheduler_job.py:190} INFO - Processing /Users/harika/Desktop/CSYE_7245/Labs/airflow_tfx_lab/vlab/lib/python3.7/site-packages/airflow/example_dags/example_dag_decorator.py took 0.193 seconds
[2021-03-17 20:18:58,745] {scheduler_job.py:182} INFO - Started process (PID=32082) to work on /Users/harika/Desktop/CSYE_7245/Labs/airflow_tfx_lab/vlab/lib/python3.7/site-packages/airflow/example_dags/example_dag_decorator.py
[2021-03-17 20:18:58,748] {scheduler_job.py:629} INFO - Processing file /Users/harika/Desktop/CSYE_7245/Labs/airflow_tfx_lab/vlab/lib/python3.7/site-packages/airflow/example_dags/example_dag_decorator.py for tasks to queue
[2021-03-17 20:18:58,750] {logging_mixin.py:104} INFO - [2021-03-17 20:18:58,749] {dagbag.py:448} INFO - Filling up the DagBag from /Users/harika/Desktop/CSYE_7245/Labs/airflow_tfx_lab/vlab/lib/python3.7/site-packages/airflow/example_dags/example_dag_decorator.py
[2021-03-17 20:18:58,874] {scheduler_job.py:639} INFO - DAG(s) dict_keys(['example_dag_decorator']) retrieved from /Users/harika/Desktop/CSYE_7245/Labs/airflow_tfx_lab/vlab/lib/python3.7/site-packages/airflow/example_dags/example_dag_decorator.py
[2021-03-17 20:18:58,887] {logging_mixin.py:104} INFO - [2021-03-17 20:18:58,887] {dag.py:1818} INFO - Sync 1 DAGs
[2021-03-17 20:18:58,904] {logging_mixin.py:104} INFO - [2021-03-17 20:18:58,904] {dag.py:2273} INFO - Setting next_dagrun for example_dag_decorator to None
[2021-03-17 20:18:58,916] {scheduler_job.py:190} INFO - Processing /Users/harika/Desktop/CSYE_7245/Labs/airflow_tfx_lab/vlab/lib/python3.7/site-packages/airflow/example_dags/example_dag_decorator.py took 0.175 seconds
[2021-03-17 20:19:40,646] {scheduler_job.py:182} INFO - Started process (PID=32118) to work on /Users/harika/Desktop/CSYE_7245/Labs/airflow_tfx_lab/vlab/lib/python3.7/site-packages/airflow/example_dags/example_dag_decorator.py
[2021-03-17 20:19:40,649] {scheduler_job.py:629} INFO - Processing file /Users/harika/Desktop/CSYE_7245/Labs/airflow_tfx_lab/vlab/lib/python3.7/site-packages/airflow/example_dags/example_dag_decorator.py for tasks to queue
[2021-03-17 20:19:40,651] {logging_mixin.py:104} INFO - [2021-03-17 20:19:40,650] {dagbag.py:448} INFO - Filling up the DagBag from /Users/harika/Desktop/CSYE_7245/Labs/airflow_tfx_lab/vlab/lib/python3.7/site-packages/airflow/example_dags/example_dag_decorator.py
[2021-03-17 20:19:40,762] {scheduler_job.py:639} INFO - DAG(s) dict_keys(['example_dag_decorator']) retrieved from /Users/harika/Desktop/CSYE_7245/Labs/airflow_tfx_lab/vlab/lib/python3.7/site-packages/airflow/example_dags/example_dag_decorator.py
[2021-03-17 20:19:40,775] {logging_mixin.py:104} INFO - [2021-03-17 20:19:40,775] {dag.py:1818} INFO - Sync 1 DAGs
[2021-03-17 20:19:40,785] {logging_mixin.py:104} INFO - [2021-03-17 20:19:40,785] {dag.py:2273} INFO - Setting next_dagrun for example_dag_decorator to None
[2021-03-17 20:19:40,796] {scheduler_job.py:190} INFO - Processing /Users/harika/Desktop/CSYE_7245/Labs/airflow_tfx_lab/vlab/lib/python3.7/site-packages/airflow/example_dags/example_dag_decorator.py took 0.154 seconds
[2021-03-17 20:20:19,194] {scheduler_job.py:182} INFO - Started process (PID=32148) to work on /Users/harika/Desktop/CSYE_7245/Labs/airflow_tfx_lab/vlab/lib/python3.7/site-packages/airflow/example_dags/example_dag_decorator.py
[2021-03-17 20:20:19,196] {scheduler_job.py:629} INFO - Processing file /Users/harika/Desktop/CSYE_7245/Labs/airflow_tfx_lab/vlab/lib/python3.7/site-packages/airflow/example_dags/example_dag_decorator.py for tasks to queue
[2021-03-17 20:20:19,200] {logging_mixin.py:104} INFO - [2021-03-17 20:20:19,198] {dagbag.py:448} INFO - Filling up the DagBag from /Users/harika/Desktop/CSYE_7245/Labs/airflow_tfx_lab/vlab/lib/python3.7/site-packages/airflow/example_dags/example_dag_decorator.py
[2021-03-17 20:20:19,333] {scheduler_job.py:639} INFO - DAG(s) dict_keys(['example_dag_decorator']) retrieved from /Users/harika/Desktop/CSYE_7245/Labs/airflow_tfx_lab/vlab/lib/python3.7/site-packages/airflow/example_dags/example_dag_decorator.py
[2021-03-17 20:20:19,349] {logging_mixin.py:104} INFO - [2021-03-17 20:20:19,348] {dag.py:1818} INFO - Sync 1 DAGs
[2021-03-17 20:20:19,361] {logging_mixin.py:104} INFO - [2021-03-17 20:20:19,361] {dag.py:2273} INFO - Setting next_dagrun for example_dag_decorator to None
[2021-03-17 20:20:19,377] {scheduler_job.py:190} INFO - Processing /Users/harika/Desktop/CSYE_7245/Labs/airflow_tfx_lab/vlab/lib/python3.7/site-packages/airflow/example_dags/example_dag_decorator.py took 0.187 seconds
[2021-03-17 20:20:59,098] {scheduler_job.py:182} INFO - Started process (PID=32179) to work on /Users/harika/Desktop/CSYE_7245/Labs/airflow_tfx_lab/vlab/lib/python3.7/site-packages/airflow/example_dags/example_dag_decorator.py
[2021-03-17 20:20:59,229] {scheduler_job.py:629} INFO - Processing file /Users/harika/Desktop/CSYE_7245/Labs/airflow_tfx_lab/vlab/lib/python3.7/site-packages/airflow/example_dags/example_dag_decorator.py for tasks to queue
[2021-03-17 20:20:59,230] {logging_mixin.py:104} INFO - [2021-03-17 20:20:59,230] {dagbag.py:448} INFO - Filling up the DagBag from /Users/harika/Desktop/CSYE_7245/Labs/airflow_tfx_lab/vlab/lib/python3.7/site-packages/airflow/example_dags/example_dag_decorator.py
[2021-03-17 20:20:59,249] {scheduler_job.py:639} INFO - DAG(s) dict_keys(['example_dag_decorator']) retrieved from /Users/harika/Desktop/CSYE_7245/Labs/airflow_tfx_lab/vlab/lib/python3.7/site-packages/airflow/example_dags/example_dag_decorator.py
[2021-03-17 20:20:59,263] {logging_mixin.py:104} INFO - [2021-03-17 20:20:59,262] {dag.py:1818} INFO - Sync 1 DAGs
[2021-03-17 20:20:59,281] {logging_mixin.py:104} INFO - [2021-03-17 20:20:59,280] {dag.py:2273} INFO - Setting next_dagrun for example_dag_decorator to None
[2021-03-17 20:20:59,292] {scheduler_job.py:190} INFO - Processing /Users/harika/Desktop/CSYE_7245/Labs/airflow_tfx_lab/vlab/lib/python3.7/site-packages/airflow/example_dags/example_dag_decorator.py took 0.200 seconds
[2021-03-17 20:21:43,979] {scheduler_job.py:182} INFO - Started process (PID=32234) to work on /Users/harika/Desktop/CSYE_7245/Labs/airflow_tfx_lab/vlab/lib/python3.7/site-packages/airflow/example_dags/example_dag_decorator.py
[2021-03-17 20:21:43,982] {scheduler_job.py:629} INFO - Processing file /Users/harika/Desktop/CSYE_7245/Labs/airflow_tfx_lab/vlab/lib/python3.7/site-packages/airflow/example_dags/example_dag_decorator.py for tasks to queue
[2021-03-17 20:21:43,983] {logging_mixin.py:104} INFO - [2021-03-17 20:21:43,983] {dagbag.py:448} INFO - Filling up the DagBag from /Users/harika/Desktop/CSYE_7245/Labs/airflow_tfx_lab/vlab/lib/python3.7/site-packages/airflow/example_dags/example_dag_decorator.py
[2021-03-17 20:21:44,007] {scheduler_job.py:639} INFO - DAG(s) dict_keys(['example_dag_decorator']) retrieved from /Users/harika/Desktop/CSYE_7245/Labs/airflow_tfx_lab/vlab/lib/python3.7/site-packages/airflow/example_dags/example_dag_decorator.py
[2021-03-17 20:21:44,030] {logging_mixin.py:104} INFO - [2021-03-17 20:21:44,029] {dag.py:1818} INFO - Sync 1 DAGs
[2021-03-17 20:21:44,047] {logging_mixin.py:104} INFO - [2021-03-17 20:21:44,046] {dag.py:2273} INFO - Setting next_dagrun for example_dag_decorator to None
[2021-03-17 20:21:44,061] {scheduler_job.py:190} INFO - Processing /Users/harika/Desktop/CSYE_7245/Labs/airflow_tfx_lab/vlab/lib/python3.7/site-packages/airflow/example_dags/example_dag_decorator.py took 0.086 seconds
[2021-03-17 20:22:23,179] {scheduler_job.py:182} INFO - Started process (PID=32283) to work on /Users/harika/Desktop/CSYE_7245/Labs/airflow_tfx_lab/vlab/lib/python3.7/site-packages/airflow/example_dags/example_dag_decorator.py
[2021-03-17 20:22:23,183] {scheduler_job.py:629} INFO - Processing file /Users/harika/Desktop/CSYE_7245/Labs/airflow_tfx_lab/vlab/lib/python3.7/site-packages/airflow/example_dags/example_dag_decorator.py for tasks to queue
[2021-03-17 20:22:23,184] {logging_mixin.py:104} INFO - [2021-03-17 20:22:23,183] {dagbag.py:448} INFO - Filling up the DagBag from /Users/harika/Desktop/CSYE_7245/Labs/airflow_tfx_lab/vlab/lib/python3.7/site-packages/airflow/example_dags/example_dag_decorator.py
[2021-03-17 20:22:23,210] {scheduler_job.py:639} INFO - DAG(s) dict_keys(['example_dag_decorator']) retrieved from /Users/harika/Desktop/CSYE_7245/Labs/airflow_tfx_lab/vlab/lib/python3.7/site-packages/airflow/example_dags/example_dag_decorator.py
[2021-03-17 20:22:23,241] {logging_mixin.py:104} INFO - [2021-03-17 20:22:23,241] {dag.py:1818} INFO - Sync 1 DAGs
[2021-03-17 20:22:23,256] {logging_mixin.py:104} INFO - [2021-03-17 20:22:23,256] {dag.py:2273} INFO - Setting next_dagrun for example_dag_decorator to None
[2021-03-17 20:22:23,271] {scheduler_job.py:190} INFO - Processing /Users/harika/Desktop/CSYE_7245/Labs/airflow_tfx_lab/vlab/lib/python3.7/site-packages/airflow/example_dags/example_dag_decorator.py took 0.097 seconds
[2021-03-17 20:23:03,467] {scheduler_job.py:182} INFO - Started process (PID=32328) to work on /Users/harika/Desktop/CSYE_7245/Labs/airflow_tfx_lab/vlab/lib/python3.7/site-packages/airflow/example_dags/example_dag_decorator.py
[2021-03-17 20:23:03,470] {scheduler_job.py:629} INFO - Processing file /Users/harika/Desktop/CSYE_7245/Labs/airflow_tfx_lab/vlab/lib/python3.7/site-packages/airflow/example_dags/example_dag_decorator.py for tasks to queue
[2021-03-17 20:23:03,472] {logging_mixin.py:104} INFO - [2021-03-17 20:23:03,471] {dagbag.py:448} INFO - Filling up the DagBag from /Users/harika/Desktop/CSYE_7245/Labs/airflow_tfx_lab/vlab/lib/python3.7/site-packages/airflow/example_dags/example_dag_decorator.py
[2021-03-17 20:23:03,494] {scheduler_job.py:639} INFO - DAG(s) dict_keys(['example_dag_decorator']) retrieved from /Users/harika/Desktop/CSYE_7245/Labs/airflow_tfx_lab/vlab/lib/python3.7/site-packages/airflow/example_dags/example_dag_decorator.py
[2021-03-17 20:23:03,516] {logging_mixin.py:104} INFO - [2021-03-17 20:23:03,516] {dag.py:1818} INFO - Sync 1 DAGs
[2021-03-17 20:23:03,528] {logging_mixin.py:104} INFO - [2021-03-17 20:23:03,528] {dag.py:2273} INFO - Setting next_dagrun for example_dag_decorator to None
[2021-03-17 20:23:03,542] {scheduler_job.py:190} INFO - Processing /Users/harika/Desktop/CSYE_7245/Labs/airflow_tfx_lab/vlab/lib/python3.7/site-packages/airflow/example_dags/example_dag_decorator.py took 0.080 seconds
[2021-03-17 20:23:47,566] {scheduler_job.py:182} INFO - Started process (PID=32368) to work on /Users/harika/Desktop/CSYE_7245/Labs/airflow_tfx_lab/vlab/lib/python3.7/site-packages/airflow/example_dags/example_dag_decorator.py
[2021-03-17 20:23:47,569] {scheduler_job.py:629} INFO - Processing file /Users/harika/Desktop/CSYE_7245/Labs/airflow_tfx_lab/vlab/lib/python3.7/site-packages/airflow/example_dags/example_dag_decorator.py for tasks to queue
[2021-03-17 20:23:47,570] {logging_mixin.py:104} INFO - [2021-03-17 20:23:47,570] {dagbag.py:448} INFO - Filling up the DagBag from /Users/harika/Desktop/CSYE_7245/Labs/airflow_tfx_lab/vlab/lib/python3.7/site-packages/airflow/example_dags/example_dag_decorator.py
[2021-03-17 20:23:47,593] {scheduler_job.py:639} INFO - DAG(s) dict_keys(['example_dag_decorator']) retrieved from /Users/harika/Desktop/CSYE_7245/Labs/airflow_tfx_lab/vlab/lib/python3.7/site-packages/airflow/example_dags/example_dag_decorator.py
[2021-03-17 20:23:47,622] {logging_mixin.py:104} INFO - [2021-03-17 20:23:47,621] {dag.py:1818} INFO - Sync 1 DAGs
[2021-03-17 20:23:47,652] {logging_mixin.py:104} INFO - [2021-03-17 20:23:47,652] {dag.py:2273} INFO - Setting next_dagrun for example_dag_decorator to None
[2021-03-17 20:23:47,676] {scheduler_job.py:190} INFO - Processing /Users/harika/Desktop/CSYE_7245/Labs/airflow_tfx_lab/vlab/lib/python3.7/site-packages/airflow/example_dags/example_dag_decorator.py took 0.115 seconds
[2021-03-17 20:24:30,660] {scheduler_job.py:182} INFO - Started process (PID=32420) to work on /Users/harika/Desktop/CSYE_7245/Labs/airflow_tfx_lab/vlab/lib/python3.7/site-packages/airflow/example_dags/example_dag_decorator.py
[2021-03-17 20:24:30,664] {scheduler_job.py:629} INFO - Processing file /Users/harika/Desktop/CSYE_7245/Labs/airflow_tfx_lab/vlab/lib/python3.7/site-packages/airflow/example_dags/example_dag_decorator.py for tasks to queue
[2021-03-17 20:24:30,666] {logging_mixin.py:104} INFO - [2021-03-17 20:24:30,665] {dagbag.py:448} INFO - Filling up the DagBag from /Users/harika/Desktop/CSYE_7245/Labs/airflow_tfx_lab/vlab/lib/python3.7/site-packages/airflow/example_dags/example_dag_decorator.py
[2021-03-17 20:24:30,693] {scheduler_job.py:639} INFO - DAG(s) dict_keys(['example_dag_decorator']) retrieved from /Users/harika/Desktop/CSYE_7245/Labs/airflow_tfx_lab/vlab/lib/python3.7/site-packages/airflow/example_dags/example_dag_decorator.py
[2021-03-17 20:24:30,715] {logging_mixin.py:104} INFO - [2021-03-17 20:24:30,714] {dag.py:1818} INFO - Sync 1 DAGs
[2021-03-17 20:24:30,732] {logging_mixin.py:104} INFO - [2021-03-17 20:24:30,731] {dag.py:2273} INFO - Setting next_dagrun for example_dag_decorator to None
[2021-03-17 20:24:30,753] {scheduler_job.py:190} INFO - Processing /Users/harika/Desktop/CSYE_7245/Labs/airflow_tfx_lab/vlab/lib/python3.7/site-packages/airflow/example_dags/example_dag_decorator.py took 0.097 seconds
[2021-03-17 20:25:07,653] {scheduler_job.py:182} INFO - Started process (PID=32462) to work on /Users/harika/Desktop/CSYE_7245/Labs/airflow_tfx_lab/vlab/lib/python3.7/site-packages/airflow/example_dags/example_dag_decorator.py
[2021-03-17 20:25:07,656] {scheduler_job.py:629} INFO - Processing file /Users/harika/Desktop/CSYE_7245/Labs/airflow_tfx_lab/vlab/lib/python3.7/site-packages/airflow/example_dags/example_dag_decorator.py for tasks to queue
[2021-03-17 20:25:07,658] {logging_mixin.py:104} INFO - [2021-03-17 20:25:07,658] {dagbag.py:448} INFO - Filling up the DagBag from /Users/harika/Desktop/CSYE_7245/Labs/airflow_tfx_lab/vlab/lib/python3.7/site-packages/airflow/example_dags/example_dag_decorator.py
[2021-03-17 20:25:07,685] {scheduler_job.py:639} INFO - DAG(s) dict_keys(['example_dag_decorator']) retrieved from /Users/harika/Desktop/CSYE_7245/Labs/airflow_tfx_lab/vlab/lib/python3.7/site-packages/airflow/example_dags/example_dag_decorator.py
[2021-03-17 20:25:07,708] {logging_mixin.py:104} INFO - [2021-03-17 20:25:07,707] {dag.py:1818} INFO - Sync 1 DAGs
[2021-03-17 20:25:07,720] {logging_mixin.py:104} INFO - [2021-03-17 20:25:07,719] {dag.py:2273} INFO - Setting next_dagrun for example_dag_decorator to None
[2021-03-17 20:25:07,734] {scheduler_job.py:190} INFO - Processing /Users/harika/Desktop/CSYE_7245/Labs/airflow_tfx_lab/vlab/lib/python3.7/site-packages/airflow/example_dags/example_dag_decorator.py took 0.086 seconds
