[2021-03-17 20:00:42,658] {scheduler_job.py:182} INFO - Started process (PID=31123) to work on /Users/harika/Desktop/CSYE_7245/Labs/airflow_tfx_lab/vlab/lib/python3.7/site-packages/airflow/example_dags/example_branch_operator.py
[2021-03-17 20:00:42,661] {scheduler_job.py:629} INFO - Processing file /Users/harika/Desktop/CSYE_7245/Labs/airflow_tfx_lab/vlab/lib/python3.7/site-packages/airflow/example_dags/example_branch_operator.py for tasks to queue
[2021-03-17 20:00:42,664] {logging_mixin.py:104} INFO - [2021-03-17 20:00:42,663] {dagbag.py:448} INFO - Filling up the DagBag from /Users/harika/Desktop/CSYE_7245/Labs/airflow_tfx_lab/vlab/lib/python3.7/site-packages/airflow/example_dags/example_branch_operator.py
[2021-03-17 20:00:42,688] {scheduler_job.py:639} INFO - DAG(s) dict_keys(['example_branch_operator']) retrieved from /Users/harika/Desktop/CSYE_7245/Labs/airflow_tfx_lab/vlab/lib/python3.7/site-packages/airflow/example_dags/example_branch_operator.py
[2021-03-17 20:00:42,721] {logging_mixin.py:104} INFO - [2021-03-17 20:00:42,720] {dag.py:1818} INFO - Sync 1 DAGs
[2021-03-17 20:00:42,751] {logging_mixin.py:104} INFO - [2021-03-17 20:00:42,751] {dag.py:2273} INFO - Setting next_dagrun for example_branch_operator to 2021-03-16 00:00:00+00:00
[2021-03-17 20:00:42,768] {scheduler_job.py:190} INFO - Processing /Users/harika/Desktop/CSYE_7245/Labs/airflow_tfx_lab/vlab/lib/python3.7/site-packages/airflow/example_dags/example_branch_operator.py took 0.119 seconds
[2021-03-17 20:01:24,633] {scheduler_job.py:182} INFO - Started process (PID=31155) to work on /Users/harika/Desktop/CSYE_7245/Labs/airflow_tfx_lab/vlab/lib/python3.7/site-packages/airflow/example_dags/example_branch_operator.py
[2021-03-17 20:01:24,636] {scheduler_job.py:629} INFO - Processing file /Users/harika/Desktop/CSYE_7245/Labs/airflow_tfx_lab/vlab/lib/python3.7/site-packages/airflow/example_dags/example_branch_operator.py for tasks to queue
[2021-03-17 20:01:24,638] {logging_mixin.py:104} INFO - [2021-03-17 20:01:24,637] {dagbag.py:448} INFO - Filling up the DagBag from /Users/harika/Desktop/CSYE_7245/Labs/airflow_tfx_lab/vlab/lib/python3.7/site-packages/airflow/example_dags/example_branch_operator.py
[2021-03-17 20:01:24,659] {scheduler_job.py:639} INFO - DAG(s) dict_keys(['example_branch_operator']) retrieved from /Users/harika/Desktop/CSYE_7245/Labs/airflow_tfx_lab/vlab/lib/python3.7/site-packages/airflow/example_dags/example_branch_operator.py
[2021-03-17 20:01:24,676] {logging_mixin.py:104} INFO - [2021-03-17 20:01:24,676] {dag.py:1818} INFO - Sync 1 DAGs
[2021-03-17 20:01:24,699] {logging_mixin.py:104} INFO - [2021-03-17 20:01:24,699] {dag.py:2273} INFO - Setting next_dagrun for example_branch_operator to 2021-03-16 00:00:00+00:00
[2021-03-17 20:01:24,708] {scheduler_job.py:190} INFO - Processing /Users/harika/Desktop/CSYE_7245/Labs/airflow_tfx_lab/vlab/lib/python3.7/site-packages/airflow/example_dags/example_branch_operator.py took 0.079 seconds
[2021-03-17 20:02:01,852] {scheduler_job.py:182} INFO - Started process (PID=31184) to work on /Users/harika/Desktop/CSYE_7245/Labs/airflow_tfx_lab/vlab/lib/python3.7/site-packages/airflow/example_dags/example_branch_operator.py
[2021-03-17 20:02:01,855] {scheduler_job.py:629} INFO - Processing file /Users/harika/Desktop/CSYE_7245/Labs/airflow_tfx_lab/vlab/lib/python3.7/site-packages/airflow/example_dags/example_branch_operator.py for tasks to queue
[2021-03-17 20:02:01,857] {logging_mixin.py:104} INFO - [2021-03-17 20:02:01,857] {dagbag.py:448} INFO - Filling up the DagBag from /Users/harika/Desktop/CSYE_7245/Labs/airflow_tfx_lab/vlab/lib/python3.7/site-packages/airflow/example_dags/example_branch_operator.py
[2021-03-17 20:02:01,880] {scheduler_job.py:639} INFO - DAG(s) dict_keys(['example_branch_operator']) retrieved from /Users/harika/Desktop/CSYE_7245/Labs/airflow_tfx_lab/vlab/lib/python3.7/site-packages/airflow/example_dags/example_branch_operator.py
[2021-03-17 20:02:01,904] {logging_mixin.py:104} INFO - [2021-03-17 20:02:01,903] {dag.py:1818} INFO - Sync 1 DAGs
[2021-03-17 20:02:01,932] {logging_mixin.py:104} INFO - [2021-03-17 20:02:01,931] {dag.py:2273} INFO - Setting next_dagrun for example_branch_operator to 2021-03-16 00:00:00+00:00
[2021-03-17 20:02:01,941] {scheduler_job.py:190} INFO - Processing /Users/harika/Desktop/CSYE_7245/Labs/airflow_tfx_lab/vlab/lib/python3.7/site-packages/airflow/example_dags/example_branch_operator.py took 0.097 seconds
[2021-03-17 20:02:40,444] {scheduler_job.py:182} INFO - Started process (PID=31214) to work on /Users/harika/Desktop/CSYE_7245/Labs/airflow_tfx_lab/vlab/lib/python3.7/site-packages/airflow/example_dags/example_branch_operator.py
[2021-03-17 20:02:40,447] {scheduler_job.py:629} INFO - Processing file /Users/harika/Desktop/CSYE_7245/Labs/airflow_tfx_lab/vlab/lib/python3.7/site-packages/airflow/example_dags/example_branch_operator.py for tasks to queue
[2021-03-17 20:02:40,450] {logging_mixin.py:104} INFO - [2021-03-17 20:02:40,449] {dagbag.py:448} INFO - Filling up the DagBag from /Users/harika/Desktop/CSYE_7245/Labs/airflow_tfx_lab/vlab/lib/python3.7/site-packages/airflow/example_dags/example_branch_operator.py
[2021-03-17 20:02:40,469] {scheduler_job.py:639} INFO - DAG(s) dict_keys(['example_branch_operator']) retrieved from /Users/harika/Desktop/CSYE_7245/Labs/airflow_tfx_lab/vlab/lib/python3.7/site-packages/airflow/example_dags/example_branch_operator.py
[2021-03-17 20:02:40,486] {logging_mixin.py:104} INFO - [2021-03-17 20:02:40,486] {dag.py:1818} INFO - Sync 1 DAGs
[2021-03-17 20:02:40,508] {logging_mixin.py:104} INFO - [2021-03-17 20:02:40,507] {dag.py:2273} INFO - Setting next_dagrun for example_branch_operator to 2021-03-16 00:00:00+00:00
[2021-03-17 20:02:40,517] {scheduler_job.py:190} INFO - Processing /Users/harika/Desktop/CSYE_7245/Labs/airflow_tfx_lab/vlab/lib/python3.7/site-packages/airflow/example_dags/example_branch_operator.py took 0.076 seconds
[2021-03-17 20:03:20,094] {scheduler_job.py:182} INFO - Started process (PID=31256) to work on /Users/harika/Desktop/CSYE_7245/Labs/airflow_tfx_lab/vlab/lib/python3.7/site-packages/airflow/example_dags/example_branch_operator.py
[2021-03-17 20:03:20,097] {scheduler_job.py:629} INFO - Processing file /Users/harika/Desktop/CSYE_7245/Labs/airflow_tfx_lab/vlab/lib/python3.7/site-packages/airflow/example_dags/example_branch_operator.py for tasks to queue
[2021-03-17 20:03:20,099] {logging_mixin.py:104} INFO - [2021-03-17 20:03:20,098] {dagbag.py:448} INFO - Filling up the DagBag from /Users/harika/Desktop/CSYE_7245/Labs/airflow_tfx_lab/vlab/lib/python3.7/site-packages/airflow/example_dags/example_branch_operator.py
[2021-03-17 20:03:20,117] {scheduler_job.py:639} INFO - DAG(s) dict_keys(['example_branch_operator']) retrieved from /Users/harika/Desktop/CSYE_7245/Labs/airflow_tfx_lab/vlab/lib/python3.7/site-packages/airflow/example_dags/example_branch_operator.py
[2021-03-17 20:03:20,134] {logging_mixin.py:104} INFO - [2021-03-17 20:03:20,133] {dag.py:1818} INFO - Sync 1 DAGs
[2021-03-17 20:03:20,156] {logging_mixin.py:104} INFO - [2021-03-17 20:03:20,155] {dag.py:2273} INFO - Setting next_dagrun for example_branch_operator to 2021-03-16 00:00:00+00:00
[2021-03-17 20:03:20,165] {scheduler_job.py:190} INFO - Processing /Users/harika/Desktop/CSYE_7245/Labs/airflow_tfx_lab/vlab/lib/python3.7/site-packages/airflow/example_dags/example_branch_operator.py took 0.075 seconds
[2021-03-17 20:03:58,680] {scheduler_job.py:182} INFO - Started process (PID=31296) to work on /Users/harika/Desktop/CSYE_7245/Labs/airflow_tfx_lab/vlab/lib/python3.7/site-packages/airflow/example_dags/example_branch_operator.py
[2021-03-17 20:03:58,681] {scheduler_job.py:629} INFO - Processing file /Users/harika/Desktop/CSYE_7245/Labs/airflow_tfx_lab/vlab/lib/python3.7/site-packages/airflow/example_dags/example_branch_operator.py for tasks to queue
[2021-03-17 20:03:58,683] {logging_mixin.py:104} INFO - [2021-03-17 20:03:58,682] {dagbag.py:448} INFO - Filling up the DagBag from /Users/harika/Desktop/CSYE_7245/Labs/airflow_tfx_lab/vlab/lib/python3.7/site-packages/airflow/example_dags/example_branch_operator.py
[2021-03-17 20:03:58,704] {scheduler_job.py:639} INFO - DAG(s) dict_keys(['example_branch_operator']) retrieved from /Users/harika/Desktop/CSYE_7245/Labs/airflow_tfx_lab/vlab/lib/python3.7/site-packages/airflow/example_dags/example_branch_operator.py
[2021-03-17 20:03:58,724] {logging_mixin.py:104} INFO - [2021-03-17 20:03:58,723] {dag.py:1818} INFO - Sync 1 DAGs
[2021-03-17 20:03:58,748] {logging_mixin.py:104} INFO - [2021-03-17 20:03:58,747] {dag.py:2273} INFO - Setting next_dagrun for example_branch_operator to 2021-03-16 00:00:00+00:00
[2021-03-17 20:03:58,757] {scheduler_job.py:190} INFO - Processing /Users/harika/Desktop/CSYE_7245/Labs/airflow_tfx_lab/vlab/lib/python3.7/site-packages/airflow/example_dags/example_branch_operator.py took 0.083 seconds
[2021-03-17 20:04:38,177] {scheduler_job.py:182} INFO - Started process (PID=31328) to work on /Users/harika/Desktop/CSYE_7245/Labs/airflow_tfx_lab/vlab/lib/python3.7/site-packages/airflow/example_dags/example_branch_operator.py
[2021-03-17 20:04:38,180] {scheduler_job.py:629} INFO - Processing file /Users/harika/Desktop/CSYE_7245/Labs/airflow_tfx_lab/vlab/lib/python3.7/site-packages/airflow/example_dags/example_branch_operator.py for tasks to queue
[2021-03-17 20:04:38,182] {logging_mixin.py:104} INFO - [2021-03-17 20:04:38,181] {dagbag.py:448} INFO - Filling up the DagBag from /Users/harika/Desktop/CSYE_7245/Labs/airflow_tfx_lab/vlab/lib/python3.7/site-packages/airflow/example_dags/example_branch_operator.py
[2021-03-17 20:04:38,204] {scheduler_job.py:639} INFO - DAG(s) dict_keys(['example_branch_operator']) retrieved from /Users/harika/Desktop/CSYE_7245/Labs/airflow_tfx_lab/vlab/lib/python3.7/site-packages/airflow/example_dags/example_branch_operator.py
[2021-03-17 20:04:38,221] {logging_mixin.py:104} INFO - [2021-03-17 20:04:38,221] {dag.py:1818} INFO - Sync 1 DAGs
[2021-03-17 20:04:38,243] {logging_mixin.py:104} INFO - [2021-03-17 20:04:38,242] {dag.py:2273} INFO - Setting next_dagrun for example_branch_operator to 2021-03-16 00:00:00+00:00
[2021-03-17 20:04:38,252] {scheduler_job.py:190} INFO - Processing /Users/harika/Desktop/CSYE_7245/Labs/airflow_tfx_lab/vlab/lib/python3.7/site-packages/airflow/example_dags/example_branch_operator.py took 0.079 seconds
[2021-03-17 20:05:15,589] {scheduler_job.py:182} INFO - Started process (PID=31361) to work on /Users/harika/Desktop/CSYE_7245/Labs/airflow_tfx_lab/vlab/lib/python3.7/site-packages/airflow/example_dags/example_branch_operator.py
[2021-03-17 20:05:15,593] {scheduler_job.py:629} INFO - Processing file /Users/harika/Desktop/CSYE_7245/Labs/airflow_tfx_lab/vlab/lib/python3.7/site-packages/airflow/example_dags/example_branch_operator.py for tasks to queue
[2021-03-17 20:05:15,594] {logging_mixin.py:104} INFO - [2021-03-17 20:05:15,594] {dagbag.py:448} INFO - Filling up the DagBag from /Users/harika/Desktop/CSYE_7245/Labs/airflow_tfx_lab/vlab/lib/python3.7/site-packages/airflow/example_dags/example_branch_operator.py
[2021-03-17 20:05:15,614] {scheduler_job.py:639} INFO - DAG(s) dict_keys(['example_branch_operator']) retrieved from /Users/harika/Desktop/CSYE_7245/Labs/airflow_tfx_lab/vlab/lib/python3.7/site-packages/airflow/example_dags/example_branch_operator.py
[2021-03-17 20:05:15,631] {logging_mixin.py:104} INFO - [2021-03-17 20:05:15,631] {dag.py:1818} INFO - Sync 1 DAGs
[2021-03-17 20:05:15,659] {logging_mixin.py:104} INFO - [2021-03-17 20:05:15,659] {dag.py:2273} INFO - Setting next_dagrun for example_branch_operator to 2021-03-16 00:00:00+00:00
[2021-03-17 20:05:15,669] {scheduler_job.py:190} INFO - Processing /Users/harika/Desktop/CSYE_7245/Labs/airflow_tfx_lab/vlab/lib/python3.7/site-packages/airflow/example_dags/example_branch_operator.py took 0.085 seconds
[2021-03-17 20:05:56,094] {scheduler_job.py:182} INFO - Started process (PID=31395) to work on /Users/harika/Desktop/CSYE_7245/Labs/airflow_tfx_lab/vlab/lib/python3.7/site-packages/airflow/example_dags/example_branch_operator.py
[2021-03-17 20:05:56,099] {scheduler_job.py:629} INFO - Processing file /Users/harika/Desktop/CSYE_7245/Labs/airflow_tfx_lab/vlab/lib/python3.7/site-packages/airflow/example_dags/example_branch_operator.py for tasks to queue
[2021-03-17 20:05:56,101] {logging_mixin.py:104} INFO - [2021-03-17 20:05:56,100] {dagbag.py:448} INFO - Filling up the DagBag from /Users/harika/Desktop/CSYE_7245/Labs/airflow_tfx_lab/vlab/lib/python3.7/site-packages/airflow/example_dags/example_branch_operator.py
[2021-03-17 20:05:56,120] {scheduler_job.py:639} INFO - DAG(s) dict_keys(['example_branch_operator']) retrieved from /Users/harika/Desktop/CSYE_7245/Labs/airflow_tfx_lab/vlab/lib/python3.7/site-packages/airflow/example_dags/example_branch_operator.py
[2021-03-17 20:05:56,138] {logging_mixin.py:104} INFO - [2021-03-17 20:05:56,138] {dag.py:1818} INFO - Sync 1 DAGs
[2021-03-17 20:05:56,160] {logging_mixin.py:104} INFO - [2021-03-17 20:05:56,159] {dag.py:2273} INFO - Setting next_dagrun for example_branch_operator to 2021-03-16 00:00:00+00:00
[2021-03-17 20:05:56,172] {scheduler_job.py:190} INFO - Processing /Users/harika/Desktop/CSYE_7245/Labs/airflow_tfx_lab/vlab/lib/python3.7/site-packages/airflow/example_dags/example_branch_operator.py took 0.083 seconds
[2021-03-17 20:06:34,253] {scheduler_job.py:182} INFO - Started process (PID=31425) to work on /Users/harika/Desktop/CSYE_7245/Labs/airflow_tfx_lab/vlab/lib/python3.7/site-packages/airflow/example_dags/example_branch_operator.py
[2021-03-17 20:06:34,255] {scheduler_job.py:629} INFO - Processing file /Users/harika/Desktop/CSYE_7245/Labs/airflow_tfx_lab/vlab/lib/python3.7/site-packages/airflow/example_dags/example_branch_operator.py for tasks to queue
[2021-03-17 20:06:34,257] {logging_mixin.py:104} INFO - [2021-03-17 20:06:34,257] {dagbag.py:448} INFO - Filling up the DagBag from /Users/harika/Desktop/CSYE_7245/Labs/airflow_tfx_lab/vlab/lib/python3.7/site-packages/airflow/example_dags/example_branch_operator.py
[2021-03-17 20:06:34,278] {scheduler_job.py:639} INFO - DAG(s) dict_keys(['example_branch_operator']) retrieved from /Users/harika/Desktop/CSYE_7245/Labs/airflow_tfx_lab/vlab/lib/python3.7/site-packages/airflow/example_dags/example_branch_operator.py
[2021-03-17 20:06:34,296] {logging_mixin.py:104} INFO - [2021-03-17 20:06:34,296] {dag.py:1818} INFO - Sync 1 DAGs
[2021-03-17 20:06:34,329] {logging_mixin.py:104} INFO - [2021-03-17 20:06:34,328] {dag.py:2273} INFO - Setting next_dagrun for example_branch_operator to 2021-03-16 00:00:00+00:00
[2021-03-17 20:06:34,338] {scheduler_job.py:190} INFO - Processing /Users/harika/Desktop/CSYE_7245/Labs/airflow_tfx_lab/vlab/lib/python3.7/site-packages/airflow/example_dags/example_branch_operator.py took 0.089 seconds
[2021-03-17 20:07:13,866] {scheduler_job.py:182} INFO - Started process (PID=31454) to work on /Users/harika/Desktop/CSYE_7245/Labs/airflow_tfx_lab/vlab/lib/python3.7/site-packages/airflow/example_dags/example_branch_operator.py
[2021-03-17 20:07:13,868] {scheduler_job.py:629} INFO - Processing file /Users/harika/Desktop/CSYE_7245/Labs/airflow_tfx_lab/vlab/lib/python3.7/site-packages/airflow/example_dags/example_branch_operator.py for tasks to queue
[2021-03-17 20:07:13,869] {logging_mixin.py:104} INFO - [2021-03-17 20:07:13,869] {dagbag.py:448} INFO - Filling up the DagBag from /Users/harika/Desktop/CSYE_7245/Labs/airflow_tfx_lab/vlab/lib/python3.7/site-packages/airflow/example_dags/example_branch_operator.py
[2021-03-17 20:07:13,889] {scheduler_job.py:639} INFO - DAG(s) dict_keys(['example_branch_operator']) retrieved from /Users/harika/Desktop/CSYE_7245/Labs/airflow_tfx_lab/vlab/lib/python3.7/site-packages/airflow/example_dags/example_branch_operator.py
[2021-03-17 20:07:13,907] {logging_mixin.py:104} INFO - [2021-03-17 20:07:13,906] {dag.py:1818} INFO - Sync 1 DAGs
[2021-03-17 20:07:13,931] {logging_mixin.py:104} INFO - [2021-03-17 20:07:13,930] {dag.py:2273} INFO - Setting next_dagrun for example_branch_operator to 2021-03-16 00:00:00+00:00
[2021-03-17 20:07:13,940] {scheduler_job.py:190} INFO - Processing /Users/harika/Desktop/CSYE_7245/Labs/airflow_tfx_lab/vlab/lib/python3.7/site-packages/airflow/example_dags/example_branch_operator.py took 0.082 seconds
[2021-03-17 20:07:51,842] {scheduler_job.py:182} INFO - Started process (PID=31488) to work on /Users/harika/Desktop/CSYE_7245/Labs/airflow_tfx_lab/vlab/lib/python3.7/site-packages/airflow/example_dags/example_branch_operator.py
[2021-03-17 20:07:51,845] {scheduler_job.py:629} INFO - Processing file /Users/harika/Desktop/CSYE_7245/Labs/airflow_tfx_lab/vlab/lib/python3.7/site-packages/airflow/example_dags/example_branch_operator.py for tasks to queue
[2021-03-17 20:07:51,847] {logging_mixin.py:104} INFO - [2021-03-17 20:07:51,846] {dagbag.py:448} INFO - Filling up the DagBag from /Users/harika/Desktop/CSYE_7245/Labs/airflow_tfx_lab/vlab/lib/python3.7/site-packages/airflow/example_dags/example_branch_operator.py
[2021-03-17 20:07:51,867] {scheduler_job.py:639} INFO - DAG(s) dict_keys(['example_branch_operator']) retrieved from /Users/harika/Desktop/CSYE_7245/Labs/airflow_tfx_lab/vlab/lib/python3.7/site-packages/airflow/example_dags/example_branch_operator.py
[2021-03-17 20:07:51,883] {logging_mixin.py:104} INFO - [2021-03-17 20:07:51,883] {dag.py:1818} INFO - Sync 1 DAGs
[2021-03-17 20:07:51,906] {logging_mixin.py:104} INFO - [2021-03-17 20:07:51,905] {dag.py:2273} INFO - Setting next_dagrun for example_branch_operator to 2021-03-16 00:00:00+00:00
[2021-03-17 20:07:51,916] {scheduler_job.py:190} INFO - Processing /Users/harika/Desktop/CSYE_7245/Labs/airflow_tfx_lab/vlab/lib/python3.7/site-packages/airflow/example_dags/example_branch_operator.py took 0.079 seconds
[2021-03-17 20:08:32,283] {scheduler_job.py:182} INFO - Started process (PID=31526) to work on /Users/harika/Desktop/CSYE_7245/Labs/airflow_tfx_lab/vlab/lib/python3.7/site-packages/airflow/example_dags/example_branch_operator.py
[2021-03-17 20:08:32,287] {scheduler_job.py:629} INFO - Processing file /Users/harika/Desktop/CSYE_7245/Labs/airflow_tfx_lab/vlab/lib/python3.7/site-packages/airflow/example_dags/example_branch_operator.py for tasks to queue
[2021-03-17 20:08:32,288] {logging_mixin.py:104} INFO - [2021-03-17 20:08:32,288] {dagbag.py:448} INFO - Filling up the DagBag from /Users/harika/Desktop/CSYE_7245/Labs/airflow_tfx_lab/vlab/lib/python3.7/site-packages/airflow/example_dags/example_branch_operator.py
[2021-03-17 20:08:32,309] {scheduler_job.py:639} INFO - DAG(s) dict_keys(['example_branch_operator']) retrieved from /Users/harika/Desktop/CSYE_7245/Labs/airflow_tfx_lab/vlab/lib/python3.7/site-packages/airflow/example_dags/example_branch_operator.py
[2021-03-17 20:08:32,331] {logging_mixin.py:104} INFO - [2021-03-17 20:08:32,331] {dag.py:1818} INFO - Sync 1 DAGs
[2021-03-17 20:08:32,360] {logging_mixin.py:104} INFO - [2021-03-17 20:08:32,359] {dag.py:2273} INFO - Setting next_dagrun for example_branch_operator to 2021-03-16 00:00:00+00:00
[2021-03-17 20:08:32,371] {scheduler_job.py:190} INFO - Processing /Users/harika/Desktop/CSYE_7245/Labs/airflow_tfx_lab/vlab/lib/python3.7/site-packages/airflow/example_dags/example_branch_operator.py took 0.093 seconds
[2021-03-17 20:09:11,491] {scheduler_job.py:182} INFO - Started process (PID=31559) to work on /Users/harika/Desktop/CSYE_7245/Labs/airflow_tfx_lab/vlab/lib/python3.7/site-packages/airflow/example_dags/example_branch_operator.py
[2021-03-17 20:09:11,494] {scheduler_job.py:629} INFO - Processing file /Users/harika/Desktop/CSYE_7245/Labs/airflow_tfx_lab/vlab/lib/python3.7/site-packages/airflow/example_dags/example_branch_operator.py for tasks to queue
[2021-03-17 20:09:11,495] {logging_mixin.py:104} INFO - [2021-03-17 20:09:11,495] {dagbag.py:448} INFO - Filling up the DagBag from /Users/harika/Desktop/CSYE_7245/Labs/airflow_tfx_lab/vlab/lib/python3.7/site-packages/airflow/example_dags/example_branch_operator.py
[2021-03-17 20:09:11,517] {scheduler_job.py:639} INFO - DAG(s) dict_keys(['example_branch_operator']) retrieved from /Users/harika/Desktop/CSYE_7245/Labs/airflow_tfx_lab/vlab/lib/python3.7/site-packages/airflow/example_dags/example_branch_operator.py
[2021-03-17 20:09:11,535] {logging_mixin.py:104} INFO - [2021-03-17 20:09:11,534] {dag.py:1818} INFO - Sync 1 DAGs
[2021-03-17 20:09:11,560] {logging_mixin.py:104} INFO - [2021-03-17 20:09:11,560] {dag.py:2273} INFO - Setting next_dagrun for example_branch_operator to 2021-03-16 00:00:00+00:00
[2021-03-17 20:09:11,664] {scheduler_job.py:190} INFO - Processing /Users/harika/Desktop/CSYE_7245/Labs/airflow_tfx_lab/vlab/lib/python3.7/site-packages/airflow/example_dags/example_branch_operator.py took 0.178 seconds
[2021-03-17 20:09:49,790] {scheduler_job.py:182} INFO - Started process (PID=31594) to work on /Users/harika/Desktop/CSYE_7245/Labs/airflow_tfx_lab/vlab/lib/python3.7/site-packages/airflow/example_dags/example_branch_operator.py
[2021-03-17 20:09:49,793] {scheduler_job.py:629} INFO - Processing file /Users/harika/Desktop/CSYE_7245/Labs/airflow_tfx_lab/vlab/lib/python3.7/site-packages/airflow/example_dags/example_branch_operator.py for tasks to queue
[2021-03-17 20:09:49,794] {logging_mixin.py:104} INFO - [2021-03-17 20:09:49,794] {dagbag.py:448} INFO - Filling up the DagBag from /Users/harika/Desktop/CSYE_7245/Labs/airflow_tfx_lab/vlab/lib/python3.7/site-packages/airflow/example_dags/example_branch_operator.py
[2021-03-17 20:09:49,812] {scheduler_job.py:639} INFO - DAG(s) dict_keys(['example_branch_operator']) retrieved from /Users/harika/Desktop/CSYE_7245/Labs/airflow_tfx_lab/vlab/lib/python3.7/site-packages/airflow/example_dags/example_branch_operator.py
[2021-03-17 20:09:49,829] {logging_mixin.py:104} INFO - [2021-03-17 20:09:49,829] {dag.py:1818} INFO - Sync 1 DAGs
[2021-03-17 20:09:49,852] {logging_mixin.py:104} INFO - [2021-03-17 20:09:49,852] {dag.py:2273} INFO - Setting next_dagrun for example_branch_operator to 2021-03-16 00:00:00+00:00
[2021-03-17 20:09:49,943] {scheduler_job.py:190} INFO - Processing /Users/harika/Desktop/CSYE_7245/Labs/airflow_tfx_lab/vlab/lib/python3.7/site-packages/airflow/example_dags/example_branch_operator.py took 0.157 seconds
[2021-03-17 20:10:30,197] {scheduler_job.py:182} INFO - Started process (PID=31637) to work on /Users/harika/Desktop/CSYE_7245/Labs/airflow_tfx_lab/vlab/lib/python3.7/site-packages/airflow/example_dags/example_branch_operator.py
[2021-03-17 20:10:30,200] {scheduler_job.py:629} INFO - Processing file /Users/harika/Desktop/CSYE_7245/Labs/airflow_tfx_lab/vlab/lib/python3.7/site-packages/airflow/example_dags/example_branch_operator.py for tasks to queue
[2021-03-17 20:10:30,202] {logging_mixin.py:104} INFO - [2021-03-17 20:10:30,202] {dagbag.py:448} INFO - Filling up the DagBag from /Users/harika/Desktop/CSYE_7245/Labs/airflow_tfx_lab/vlab/lib/python3.7/site-packages/airflow/example_dags/example_branch_operator.py
[2021-03-17 20:10:30,223] {scheduler_job.py:639} INFO - DAG(s) dict_keys(['example_branch_operator']) retrieved from /Users/harika/Desktop/CSYE_7245/Labs/airflow_tfx_lab/vlab/lib/python3.7/site-packages/airflow/example_dags/example_branch_operator.py
[2021-03-17 20:10:30,244] {logging_mixin.py:104} INFO - [2021-03-17 20:10:30,244] {dag.py:1818} INFO - Sync 1 DAGs
[2021-03-17 20:10:30,370] {logging_mixin.py:104} INFO - [2021-03-17 20:10:30,369] {dag.py:2273} INFO - Setting next_dagrun for example_branch_operator to 2021-03-16 00:00:00+00:00
[2021-03-17 20:10:30,382] {scheduler_job.py:190} INFO - Processing /Users/harika/Desktop/CSYE_7245/Labs/airflow_tfx_lab/vlab/lib/python3.7/site-packages/airflow/example_dags/example_branch_operator.py took 0.189 seconds
[2021-03-17 20:11:08,675] {scheduler_job.py:182} INFO - Started process (PID=31667) to work on /Users/harika/Desktop/CSYE_7245/Labs/airflow_tfx_lab/vlab/lib/python3.7/site-packages/airflow/example_dags/example_branch_operator.py
[2021-03-17 20:11:08,678] {scheduler_job.py:629} INFO - Processing file /Users/harika/Desktop/CSYE_7245/Labs/airflow_tfx_lab/vlab/lib/python3.7/site-packages/airflow/example_dags/example_branch_operator.py for tasks to queue
[2021-03-17 20:11:08,681] {logging_mixin.py:104} INFO - [2021-03-17 20:11:08,680] {dagbag.py:448} INFO - Filling up the DagBag from /Users/harika/Desktop/CSYE_7245/Labs/airflow_tfx_lab/vlab/lib/python3.7/site-packages/airflow/example_dags/example_branch_operator.py
[2021-03-17 20:11:08,702] {scheduler_job.py:639} INFO - DAG(s) dict_keys(['example_branch_operator']) retrieved from /Users/harika/Desktop/CSYE_7245/Labs/airflow_tfx_lab/vlab/lib/python3.7/site-packages/airflow/example_dags/example_branch_operator.py
[2021-03-17 20:11:08,720] {logging_mixin.py:104} INFO - [2021-03-17 20:11:08,719] {dag.py:1818} INFO - Sync 1 DAGs
[2021-03-17 20:11:08,864] {logging_mixin.py:104} INFO - [2021-03-17 20:11:08,863] {dag.py:2273} INFO - Setting next_dagrun for example_branch_operator to 2021-03-16 00:00:00+00:00
[2021-03-17 20:11:08,876] {scheduler_job.py:190} INFO - Processing /Users/harika/Desktop/CSYE_7245/Labs/airflow_tfx_lab/vlab/lib/python3.7/site-packages/airflow/example_dags/example_branch_operator.py took 0.205 seconds
[2021-03-17 20:11:48,988] {scheduler_job.py:182} INFO - Started process (PID=31710) to work on /Users/harika/Desktop/CSYE_7245/Labs/airflow_tfx_lab/vlab/lib/python3.7/site-packages/airflow/example_dags/example_branch_operator.py
[2021-03-17 20:11:48,991] {scheduler_job.py:629} INFO - Processing file /Users/harika/Desktop/CSYE_7245/Labs/airflow_tfx_lab/vlab/lib/python3.7/site-packages/airflow/example_dags/example_branch_operator.py for tasks to queue
[2021-03-17 20:11:48,993] {logging_mixin.py:104} INFO - [2021-03-17 20:11:48,992] {dagbag.py:448} INFO - Filling up the DagBag from /Users/harika/Desktop/CSYE_7245/Labs/airflow_tfx_lab/vlab/lib/python3.7/site-packages/airflow/example_dags/example_branch_operator.py
[2021-03-17 20:11:49,011] {scheduler_job.py:639} INFO - DAG(s) dict_keys(['example_branch_operator']) retrieved from /Users/harika/Desktop/CSYE_7245/Labs/airflow_tfx_lab/vlab/lib/python3.7/site-packages/airflow/example_dags/example_branch_operator.py
[2021-03-17 20:11:49,029] {logging_mixin.py:104} INFO - [2021-03-17 20:11:49,029] {dag.py:1818} INFO - Sync 1 DAGs
[2021-03-17 20:11:49,139] {logging_mixin.py:104} INFO - [2021-03-17 20:11:49,139] {dag.py:2273} INFO - Setting next_dagrun for example_branch_operator to 2021-03-16 00:00:00+00:00
[2021-03-17 20:11:49,147] {scheduler_job.py:190} INFO - Processing /Users/harika/Desktop/CSYE_7245/Labs/airflow_tfx_lab/vlab/lib/python3.7/site-packages/airflow/example_dags/example_branch_operator.py took 0.163 seconds
[2021-03-17 20:12:29,383] {scheduler_job.py:182} INFO - Started process (PID=31741) to work on /Users/harika/Desktop/CSYE_7245/Labs/airflow_tfx_lab/vlab/lib/python3.7/site-packages/airflow/example_dags/example_branch_operator.py
[2021-03-17 20:12:29,387] {scheduler_job.py:629} INFO - Processing file /Users/harika/Desktop/CSYE_7245/Labs/airflow_tfx_lab/vlab/lib/python3.7/site-packages/airflow/example_dags/example_branch_operator.py for tasks to queue
[2021-03-17 20:12:29,389] {logging_mixin.py:104} INFO - [2021-03-17 20:12:29,388] {dagbag.py:448} INFO - Filling up the DagBag from /Users/harika/Desktop/CSYE_7245/Labs/airflow_tfx_lab/vlab/lib/python3.7/site-packages/airflow/example_dags/example_branch_operator.py
[2021-03-17 20:12:29,408] {scheduler_job.py:639} INFO - DAG(s) dict_keys(['example_branch_operator']) retrieved from /Users/harika/Desktop/CSYE_7245/Labs/airflow_tfx_lab/vlab/lib/python3.7/site-packages/airflow/example_dags/example_branch_operator.py
[2021-03-17 20:12:29,425] {logging_mixin.py:104} INFO - [2021-03-17 20:12:29,425] {dag.py:1818} INFO - Sync 1 DAGs
[2021-03-17 20:12:29,543] {logging_mixin.py:104} INFO - [2021-03-17 20:12:29,542] {dag.py:2273} INFO - Setting next_dagrun for example_branch_operator to 2021-03-16 00:00:00+00:00
[2021-03-17 20:12:29,551] {scheduler_job.py:190} INFO - Processing /Users/harika/Desktop/CSYE_7245/Labs/airflow_tfx_lab/vlab/lib/python3.7/site-packages/airflow/example_dags/example_branch_operator.py took 0.172 seconds
[2021-03-17 20:13:09,605] {scheduler_job.py:182} INFO - Started process (PID=31780) to work on /Users/harika/Desktop/CSYE_7245/Labs/airflow_tfx_lab/vlab/lib/python3.7/site-packages/airflow/example_dags/example_branch_operator.py
[2021-03-17 20:13:09,607] {scheduler_job.py:629} INFO - Processing file /Users/harika/Desktop/CSYE_7245/Labs/airflow_tfx_lab/vlab/lib/python3.7/site-packages/airflow/example_dags/example_branch_operator.py for tasks to queue
[2021-03-17 20:13:09,608] {logging_mixin.py:104} INFO - [2021-03-17 20:13:09,608] {dagbag.py:448} INFO - Filling up the DagBag from /Users/harika/Desktop/CSYE_7245/Labs/airflow_tfx_lab/vlab/lib/python3.7/site-packages/airflow/example_dags/example_branch_operator.py
[2021-03-17 20:13:09,632] {scheduler_job.py:639} INFO - DAG(s) dict_keys(['example_branch_operator']) retrieved from /Users/harika/Desktop/CSYE_7245/Labs/airflow_tfx_lab/vlab/lib/python3.7/site-packages/airflow/example_dags/example_branch_operator.py
[2021-03-17 20:13:09,655] {logging_mixin.py:104} INFO - [2021-03-17 20:13:09,654] {dag.py:1818} INFO - Sync 1 DAGs
[2021-03-17 20:13:09,786] {logging_mixin.py:104} INFO - [2021-03-17 20:13:09,785] {dag.py:2273} INFO - Setting next_dagrun for example_branch_operator to 2021-03-16 00:00:00+00:00
[2021-03-17 20:13:09,795] {scheduler_job.py:190} INFO - Processing /Users/harika/Desktop/CSYE_7245/Labs/airflow_tfx_lab/vlab/lib/python3.7/site-packages/airflow/example_dags/example_branch_operator.py took 0.195 seconds
[2021-03-17 20:13:50,621] {scheduler_job.py:182} INFO - Started process (PID=31810) to work on /Users/harika/Desktop/CSYE_7245/Labs/airflow_tfx_lab/vlab/lib/python3.7/site-packages/airflow/example_dags/example_branch_operator.py
[2021-03-17 20:13:50,623] {scheduler_job.py:629} INFO - Processing file /Users/harika/Desktop/CSYE_7245/Labs/airflow_tfx_lab/vlab/lib/python3.7/site-packages/airflow/example_dags/example_branch_operator.py for tasks to queue
[2021-03-17 20:13:50,624] {logging_mixin.py:104} INFO - [2021-03-17 20:13:50,624] {dagbag.py:448} INFO - Filling up the DagBag from /Users/harika/Desktop/CSYE_7245/Labs/airflow_tfx_lab/vlab/lib/python3.7/site-packages/airflow/example_dags/example_branch_operator.py
[2021-03-17 20:13:50,647] {scheduler_job.py:639} INFO - DAG(s) dict_keys(['example_branch_operator']) retrieved from /Users/harika/Desktop/CSYE_7245/Labs/airflow_tfx_lab/vlab/lib/python3.7/site-packages/airflow/example_dags/example_branch_operator.py
[2021-03-17 20:13:50,669] {logging_mixin.py:104} INFO - [2021-03-17 20:13:50,669] {dag.py:1818} INFO - Sync 1 DAGs
[2021-03-17 20:13:50,789] {logging_mixin.py:104} INFO - [2021-03-17 20:13:50,789] {dag.py:2273} INFO - Setting next_dagrun for example_branch_operator to 2021-03-16 00:00:00+00:00
[2021-03-17 20:13:50,797] {scheduler_job.py:190} INFO - Processing /Users/harika/Desktop/CSYE_7245/Labs/airflow_tfx_lab/vlab/lib/python3.7/site-packages/airflow/example_dags/example_branch_operator.py took 0.180 seconds
[2021-03-17 20:14:30,515] {scheduler_job.py:182} INFO - Started process (PID=31840) to work on /Users/harika/Desktop/CSYE_7245/Labs/airflow_tfx_lab/vlab/lib/python3.7/site-packages/airflow/example_dags/example_branch_operator.py
[2021-03-17 20:14:30,518] {scheduler_job.py:629} INFO - Processing file /Users/harika/Desktop/CSYE_7245/Labs/airflow_tfx_lab/vlab/lib/python3.7/site-packages/airflow/example_dags/example_branch_operator.py for tasks to queue
[2021-03-17 20:14:30,520] {logging_mixin.py:104} INFO - [2021-03-17 20:14:30,519] {dagbag.py:448} INFO - Filling up the DagBag from /Users/harika/Desktop/CSYE_7245/Labs/airflow_tfx_lab/vlab/lib/python3.7/site-packages/airflow/example_dags/example_branch_operator.py
[2021-03-17 20:14:30,540] {scheduler_job.py:639} INFO - DAG(s) dict_keys(['example_branch_operator']) retrieved from /Users/harika/Desktop/CSYE_7245/Labs/airflow_tfx_lab/vlab/lib/python3.7/site-packages/airflow/example_dags/example_branch_operator.py
[2021-03-17 20:14:30,559] {logging_mixin.py:104} INFO - [2021-03-17 20:14:30,558] {dag.py:1818} INFO - Sync 1 DAGs
[2021-03-17 20:14:30,670] {logging_mixin.py:104} INFO - [2021-03-17 20:14:30,670] {dag.py:2273} INFO - Setting next_dagrun for example_branch_operator to 2021-03-16 00:00:00+00:00
[2021-03-17 20:14:30,679] {scheduler_job.py:190} INFO - Processing /Users/harika/Desktop/CSYE_7245/Labs/airflow_tfx_lab/vlab/lib/python3.7/site-packages/airflow/example_dags/example_branch_operator.py took 0.167 seconds
[2021-03-17 20:15:08,436] {scheduler_job.py:182} INFO - Started process (PID=31870) to work on /Users/harika/Desktop/CSYE_7245/Labs/airflow_tfx_lab/vlab/lib/python3.7/site-packages/airflow/example_dags/example_branch_operator.py
[2021-03-17 20:15:08,439] {scheduler_job.py:629} INFO - Processing file /Users/harika/Desktop/CSYE_7245/Labs/airflow_tfx_lab/vlab/lib/python3.7/site-packages/airflow/example_dags/example_branch_operator.py for tasks to queue
[2021-03-17 20:15:08,441] {logging_mixin.py:104} INFO - [2021-03-17 20:15:08,441] {dagbag.py:448} INFO - Filling up the DagBag from /Users/harika/Desktop/CSYE_7245/Labs/airflow_tfx_lab/vlab/lib/python3.7/site-packages/airflow/example_dags/example_branch_operator.py
[2021-03-17 20:15:08,461] {scheduler_job.py:639} INFO - DAG(s) dict_keys(['example_branch_operator']) retrieved from /Users/harika/Desktop/CSYE_7245/Labs/airflow_tfx_lab/vlab/lib/python3.7/site-packages/airflow/example_dags/example_branch_operator.py
[2021-03-17 20:15:08,569] {logging_mixin.py:104} INFO - [2021-03-17 20:15:08,569] {dag.py:1818} INFO - Sync 1 DAGs
[2021-03-17 20:15:08,588] {logging_mixin.py:104} INFO - [2021-03-17 20:15:08,588] {dag.py:2273} INFO - Setting next_dagrun for example_branch_operator to 2021-03-16 00:00:00+00:00
[2021-03-17 20:15:08,598] {scheduler_job.py:190} INFO - Processing /Users/harika/Desktop/CSYE_7245/Labs/airflow_tfx_lab/vlab/lib/python3.7/site-packages/airflow/example_dags/example_branch_operator.py took 0.167 seconds
[2021-03-17 20:15:47,249] {scheduler_job.py:182} INFO - Started process (PID=31906) to work on /Users/harika/Desktop/CSYE_7245/Labs/airflow_tfx_lab/vlab/lib/python3.7/site-packages/airflow/example_dags/example_branch_operator.py
[2021-03-17 20:15:47,251] {scheduler_job.py:629} INFO - Processing file /Users/harika/Desktop/CSYE_7245/Labs/airflow_tfx_lab/vlab/lib/python3.7/site-packages/airflow/example_dags/example_branch_operator.py for tasks to queue
[2021-03-17 20:15:47,253] {logging_mixin.py:104} INFO - [2021-03-17 20:15:47,252] {dagbag.py:448} INFO - Filling up the DagBag from /Users/harika/Desktop/CSYE_7245/Labs/airflow_tfx_lab/vlab/lib/python3.7/site-packages/airflow/example_dags/example_branch_operator.py
[2021-03-17 20:15:47,272] {scheduler_job.py:639} INFO - DAG(s) dict_keys(['example_branch_operator']) retrieved from /Users/harika/Desktop/CSYE_7245/Labs/airflow_tfx_lab/vlab/lib/python3.7/site-packages/airflow/example_dags/example_branch_operator.py
[2021-03-17 20:15:47,387] {logging_mixin.py:104} INFO - [2021-03-17 20:15:47,386] {dag.py:1818} INFO - Sync 1 DAGs
[2021-03-17 20:15:47,413] {logging_mixin.py:104} INFO - [2021-03-17 20:15:47,412] {dag.py:2273} INFO - Setting next_dagrun for example_branch_operator to 2021-03-16 00:00:00+00:00
[2021-03-17 20:15:47,420] {scheduler_job.py:190} INFO - Processing /Users/harika/Desktop/CSYE_7245/Labs/airflow_tfx_lab/vlab/lib/python3.7/site-packages/airflow/example_dags/example_branch_operator.py took 0.175 seconds
[2021-03-17 20:16:22,801] {scheduler_job.py:182} INFO - Started process (PID=31939) to work on /Users/harika/Desktop/CSYE_7245/Labs/airflow_tfx_lab/vlab/lib/python3.7/site-packages/airflow/example_dags/example_branch_operator.py
[2021-03-17 20:16:22,803] {scheduler_job.py:629} INFO - Processing file /Users/harika/Desktop/CSYE_7245/Labs/airflow_tfx_lab/vlab/lib/python3.7/site-packages/airflow/example_dags/example_branch_operator.py for tasks to queue
[2021-03-17 20:16:22,805] {logging_mixin.py:104} INFO - [2021-03-17 20:16:22,804] {dagbag.py:448} INFO - Filling up the DagBag from /Users/harika/Desktop/CSYE_7245/Labs/airflow_tfx_lab/vlab/lib/python3.7/site-packages/airflow/example_dags/example_branch_operator.py
[2021-03-17 20:16:22,825] {scheduler_job.py:639} INFO - DAG(s) dict_keys(['example_branch_operator']) retrieved from /Users/harika/Desktop/CSYE_7245/Labs/airflow_tfx_lab/vlab/lib/python3.7/site-packages/airflow/example_dags/example_branch_operator.py
[2021-03-17 20:16:22,928] {logging_mixin.py:104} INFO - [2021-03-17 20:16:22,928] {dag.py:1818} INFO - Sync 1 DAGs
[2021-03-17 20:16:22,947] {logging_mixin.py:104} INFO - [2021-03-17 20:16:22,947] {dag.py:2273} INFO - Setting next_dagrun for example_branch_operator to 2021-03-16 00:00:00+00:00
[2021-03-17 20:16:22,955] {scheduler_job.py:190} INFO - Processing /Users/harika/Desktop/CSYE_7245/Labs/airflow_tfx_lab/vlab/lib/python3.7/site-packages/airflow/example_dags/example_branch_operator.py took 0.158 seconds
[2021-03-17 20:17:04,847] {scheduler_job.py:182} INFO - Started process (PID=31973) to work on /Users/harika/Desktop/CSYE_7245/Labs/airflow_tfx_lab/vlab/lib/python3.7/site-packages/airflow/example_dags/example_branch_operator.py
[2021-03-17 20:17:04,849] {scheduler_job.py:629} INFO - Processing file /Users/harika/Desktop/CSYE_7245/Labs/airflow_tfx_lab/vlab/lib/python3.7/site-packages/airflow/example_dags/example_branch_operator.py for tasks to queue
[2021-03-17 20:17:04,851] {logging_mixin.py:104} INFO - [2021-03-17 20:17:04,850] {dagbag.py:448} INFO - Filling up the DagBag from /Users/harika/Desktop/CSYE_7245/Labs/airflow_tfx_lab/vlab/lib/python3.7/site-packages/airflow/example_dags/example_branch_operator.py
[2021-03-17 20:17:04,871] {scheduler_job.py:639} INFO - DAG(s) dict_keys(['example_branch_operator']) retrieved from /Users/harika/Desktop/CSYE_7245/Labs/airflow_tfx_lab/vlab/lib/python3.7/site-packages/airflow/example_dags/example_branch_operator.py
[2021-03-17 20:17:04,985] {logging_mixin.py:104} INFO - [2021-03-17 20:17:04,985] {dag.py:1818} INFO - Sync 1 DAGs
[2021-03-17 20:17:05,005] {logging_mixin.py:104} INFO - [2021-03-17 20:17:05,005] {dag.py:2273} INFO - Setting next_dagrun for example_branch_operator to 2021-03-16 00:00:00+00:00
[2021-03-17 20:17:05,015] {scheduler_job.py:190} INFO - Processing /Users/harika/Desktop/CSYE_7245/Labs/airflow_tfx_lab/vlab/lib/python3.7/site-packages/airflow/example_dags/example_branch_operator.py took 0.172 seconds
[2021-03-17 20:17:40,527] {scheduler_job.py:182} INFO - Started process (PID=32000) to work on /Users/harika/Desktop/CSYE_7245/Labs/airflow_tfx_lab/vlab/lib/python3.7/site-packages/airflow/example_dags/example_branch_operator.py
[2021-03-17 20:17:40,530] {scheduler_job.py:629} INFO - Processing file /Users/harika/Desktop/CSYE_7245/Labs/airflow_tfx_lab/vlab/lib/python3.7/site-packages/airflow/example_dags/example_branch_operator.py for tasks to queue
[2021-03-17 20:17:40,531] {logging_mixin.py:104} INFO - [2021-03-17 20:17:40,531] {dagbag.py:448} INFO - Filling up the DagBag from /Users/harika/Desktop/CSYE_7245/Labs/airflow_tfx_lab/vlab/lib/python3.7/site-packages/airflow/example_dags/example_branch_operator.py
[2021-03-17 20:17:40,550] {scheduler_job.py:639} INFO - DAG(s) dict_keys(['example_branch_operator']) retrieved from /Users/harika/Desktop/CSYE_7245/Labs/airflow_tfx_lab/vlab/lib/python3.7/site-packages/airflow/example_dags/example_branch_operator.py
[2021-03-17 20:17:40,654] {logging_mixin.py:104} INFO - [2021-03-17 20:17:40,653] {dag.py:1818} INFO - Sync 1 DAGs
[2021-03-17 20:17:40,674] {logging_mixin.py:104} INFO - [2021-03-17 20:17:40,673] {dag.py:2273} INFO - Setting next_dagrun for example_branch_operator to 2021-03-16 00:00:00+00:00
[2021-03-17 20:17:40,681] {scheduler_job.py:190} INFO - Processing /Users/harika/Desktop/CSYE_7245/Labs/airflow_tfx_lab/vlab/lib/python3.7/site-packages/airflow/example_dags/example_branch_operator.py took 0.158 seconds
[2021-03-17 20:18:21,548] {scheduler_job.py:182} INFO - Started process (PID=32050) to work on /Users/harika/Desktop/CSYE_7245/Labs/airflow_tfx_lab/vlab/lib/python3.7/site-packages/airflow/example_dags/example_branch_operator.py
[2021-03-17 20:18:21,551] {scheduler_job.py:629} INFO - Processing file /Users/harika/Desktop/CSYE_7245/Labs/airflow_tfx_lab/vlab/lib/python3.7/site-packages/airflow/example_dags/example_branch_operator.py for tasks to queue
[2021-03-17 20:18:21,554] {logging_mixin.py:104} INFO - [2021-03-17 20:18:21,553] {dagbag.py:448} INFO - Filling up the DagBag from /Users/harika/Desktop/CSYE_7245/Labs/airflow_tfx_lab/vlab/lib/python3.7/site-packages/airflow/example_dags/example_branch_operator.py
[2021-03-17 20:18:21,701] {scheduler_job.py:639} INFO - DAG(s) dict_keys(['example_branch_operator']) retrieved from /Users/harika/Desktop/CSYE_7245/Labs/airflow_tfx_lab/vlab/lib/python3.7/site-packages/airflow/example_dags/example_branch_operator.py
[2021-03-17 20:18:21,717] {logging_mixin.py:104} INFO - [2021-03-17 20:18:21,716] {dag.py:1818} INFO - Sync 1 DAGs
[2021-03-17 20:18:21,740] {logging_mixin.py:104} INFO - [2021-03-17 20:18:21,739] {dag.py:2273} INFO - Setting next_dagrun for example_branch_operator to 2021-03-16 00:00:00+00:00
[2021-03-17 20:18:21,750] {scheduler_job.py:190} INFO - Processing /Users/harika/Desktop/CSYE_7245/Labs/airflow_tfx_lab/vlab/lib/python3.7/site-packages/airflow/example_dags/example_branch_operator.py took 0.208 seconds
[2021-03-17 20:19:02,118] {scheduler_job.py:182} INFO - Started process (PID=32085) to work on /Users/harika/Desktop/CSYE_7245/Labs/airflow_tfx_lab/vlab/lib/python3.7/site-packages/airflow/example_dags/example_branch_operator.py
[2021-03-17 20:19:02,121] {scheduler_job.py:629} INFO - Processing file /Users/harika/Desktop/CSYE_7245/Labs/airflow_tfx_lab/vlab/lib/python3.7/site-packages/airflow/example_dags/example_branch_operator.py for tasks to queue
[2021-03-17 20:19:02,122] {logging_mixin.py:104} INFO - [2021-03-17 20:19:02,122] {dagbag.py:448} INFO - Filling up the DagBag from /Users/harika/Desktop/CSYE_7245/Labs/airflow_tfx_lab/vlab/lib/python3.7/site-packages/airflow/example_dags/example_branch_operator.py
[2021-03-17 20:19:02,230] {scheduler_job.py:639} INFO - DAG(s) dict_keys(['example_branch_operator']) retrieved from /Users/harika/Desktop/CSYE_7245/Labs/airflow_tfx_lab/vlab/lib/python3.7/site-packages/airflow/example_dags/example_branch_operator.py
[2021-03-17 20:19:02,242] {logging_mixin.py:104} INFO - [2021-03-17 20:19:02,242] {dag.py:1818} INFO - Sync 1 DAGs
[2021-03-17 20:19:02,262] {logging_mixin.py:104} INFO - [2021-03-17 20:19:02,261] {dag.py:2273} INFO - Setting next_dagrun for example_branch_operator to 2021-03-16 00:00:00+00:00
[2021-03-17 20:19:02,269] {scheduler_job.py:190} INFO - Processing /Users/harika/Desktop/CSYE_7245/Labs/airflow_tfx_lab/vlab/lib/python3.7/site-packages/airflow/example_dags/example_branch_operator.py took 0.155 seconds
[2021-03-17 20:19:39,400] {scheduler_job.py:182} INFO - Started process (PID=32117) to work on /Users/harika/Desktop/CSYE_7245/Labs/airflow_tfx_lab/vlab/lib/python3.7/site-packages/airflow/example_dags/example_branch_operator.py
[2021-03-17 20:19:39,404] {scheduler_job.py:629} INFO - Processing file /Users/harika/Desktop/CSYE_7245/Labs/airflow_tfx_lab/vlab/lib/python3.7/site-packages/airflow/example_dags/example_branch_operator.py for tasks to queue
[2021-03-17 20:19:39,405] {logging_mixin.py:104} INFO - [2021-03-17 20:19:39,405] {dagbag.py:448} INFO - Filling up the DagBag from /Users/harika/Desktop/CSYE_7245/Labs/airflow_tfx_lab/vlab/lib/python3.7/site-packages/airflow/example_dags/example_branch_operator.py
[2021-03-17 20:19:39,536] {scheduler_job.py:639} INFO - DAG(s) dict_keys(['example_branch_operator']) retrieved from /Users/harika/Desktop/CSYE_7245/Labs/airflow_tfx_lab/vlab/lib/python3.7/site-packages/airflow/example_dags/example_branch_operator.py
[2021-03-17 20:19:39,549] {logging_mixin.py:104} INFO - [2021-03-17 20:19:39,548] {dag.py:1818} INFO - Sync 1 DAGs
[2021-03-17 20:19:39,578] {logging_mixin.py:104} INFO - [2021-03-17 20:19:39,577] {dag.py:2273} INFO - Setting next_dagrun for example_branch_operator to 2021-03-16 00:00:00+00:00
[2021-03-17 20:19:39,587] {scheduler_job.py:190} INFO - Processing /Users/harika/Desktop/CSYE_7245/Labs/airflow_tfx_lab/vlab/lib/python3.7/site-packages/airflow/example_dags/example_branch_operator.py took 0.191 seconds
[2021-03-17 20:20:17,956] {scheduler_job.py:182} INFO - Started process (PID=32147) to work on /Users/harika/Desktop/CSYE_7245/Labs/airflow_tfx_lab/vlab/lib/python3.7/site-packages/airflow/example_dags/example_branch_operator.py
[2021-03-17 20:20:17,958] {scheduler_job.py:629} INFO - Processing file /Users/harika/Desktop/CSYE_7245/Labs/airflow_tfx_lab/vlab/lib/python3.7/site-packages/airflow/example_dags/example_branch_operator.py for tasks to queue
[2021-03-17 20:20:17,959] {logging_mixin.py:104} INFO - [2021-03-17 20:20:17,959] {dagbag.py:448} INFO - Filling up the DagBag from /Users/harika/Desktop/CSYE_7245/Labs/airflow_tfx_lab/vlab/lib/python3.7/site-packages/airflow/example_dags/example_branch_operator.py
[2021-03-17 20:20:18,077] {scheduler_job.py:639} INFO - DAG(s) dict_keys(['example_branch_operator']) retrieved from /Users/harika/Desktop/CSYE_7245/Labs/airflow_tfx_lab/vlab/lib/python3.7/site-packages/airflow/example_dags/example_branch_operator.py
[2021-03-17 20:20:18,089] {logging_mixin.py:104} INFO - [2021-03-17 20:20:18,088] {dag.py:1818} INFO - Sync 1 DAGs
[2021-03-17 20:20:18,110] {logging_mixin.py:104} INFO - [2021-03-17 20:20:18,109] {dag.py:2273} INFO - Setting next_dagrun for example_branch_operator to 2021-03-16 00:00:00+00:00
[2021-03-17 20:20:18,118] {scheduler_job.py:190} INFO - Processing /Users/harika/Desktop/CSYE_7245/Labs/airflow_tfx_lab/vlab/lib/python3.7/site-packages/airflow/example_dags/example_branch_operator.py took 0.167 seconds
[2021-03-17 20:20:57,755] {scheduler_job.py:182} INFO - Started process (PID=32178) to work on /Users/harika/Desktop/CSYE_7245/Labs/airflow_tfx_lab/vlab/lib/python3.7/site-packages/airflow/example_dags/example_branch_operator.py
[2021-03-17 20:20:57,878] {scheduler_job.py:629} INFO - Processing file /Users/harika/Desktop/CSYE_7245/Labs/airflow_tfx_lab/vlab/lib/python3.7/site-packages/airflow/example_dags/example_branch_operator.py for tasks to queue
[2021-03-17 20:20:57,880] {logging_mixin.py:104} INFO - [2021-03-17 20:20:57,879] {dagbag.py:448} INFO - Filling up the DagBag from /Users/harika/Desktop/CSYE_7245/Labs/airflow_tfx_lab/vlab/lib/python3.7/site-packages/airflow/example_dags/example_branch_operator.py
[2021-03-17 20:20:57,897] {scheduler_job.py:639} INFO - DAG(s) dict_keys(['example_branch_operator']) retrieved from /Users/harika/Desktop/CSYE_7245/Labs/airflow_tfx_lab/vlab/lib/python3.7/site-packages/airflow/example_dags/example_branch_operator.py
[2021-03-17 20:20:57,913] {logging_mixin.py:104} INFO - [2021-03-17 20:20:57,913] {dag.py:1818} INFO - Sync 1 DAGs
[2021-03-17 20:20:57,939] {logging_mixin.py:104} INFO - [2021-03-17 20:20:57,939] {dag.py:2273} INFO - Setting next_dagrun for example_branch_operator to 2021-03-16 00:00:00+00:00
[2021-03-17 20:20:57,949] {scheduler_job.py:190} INFO - Processing /Users/harika/Desktop/CSYE_7245/Labs/airflow_tfx_lab/vlab/lib/python3.7/site-packages/airflow/example_dags/example_branch_operator.py took 0.199 seconds
[2021-03-17 20:21:41,688] {scheduler_job.py:182} INFO - Started process (PID=32232) to work on /Users/harika/Desktop/CSYE_7245/Labs/airflow_tfx_lab/vlab/lib/python3.7/site-packages/airflow/example_dags/example_branch_operator.py
[2021-03-17 20:21:41,692] {scheduler_job.py:629} INFO - Processing file /Users/harika/Desktop/CSYE_7245/Labs/airflow_tfx_lab/vlab/lib/python3.7/site-packages/airflow/example_dags/example_branch_operator.py for tasks to queue
[2021-03-17 20:21:41,697] {logging_mixin.py:104} INFO - [2021-03-17 20:21:41,696] {dagbag.py:448} INFO - Filling up the DagBag from /Users/harika/Desktop/CSYE_7245/Labs/airflow_tfx_lab/vlab/lib/python3.7/site-packages/airflow/example_dags/example_branch_operator.py
[2021-03-17 20:21:41,723] {scheduler_job.py:639} INFO - DAG(s) dict_keys(['example_branch_operator']) retrieved from /Users/harika/Desktop/CSYE_7245/Labs/airflow_tfx_lab/vlab/lib/python3.7/site-packages/airflow/example_dags/example_branch_operator.py
[2021-03-17 20:21:41,741] {logging_mixin.py:104} INFO - [2021-03-17 20:21:41,741] {dag.py:1818} INFO - Sync 1 DAGs
[2021-03-17 20:21:41,767] {logging_mixin.py:104} INFO - [2021-03-17 20:21:41,766] {dag.py:2273} INFO - Setting next_dagrun for example_branch_operator to 2021-03-16 00:00:00+00:00
[2021-03-17 20:21:41,778] {scheduler_job.py:190} INFO - Processing /Users/harika/Desktop/CSYE_7245/Labs/airflow_tfx_lab/vlab/lib/python3.7/site-packages/airflow/example_dags/example_branch_operator.py took 0.093 seconds
[2021-03-17 20:22:26,816] {scheduler_job.py:182} INFO - Started process (PID=32287) to work on /Users/harika/Desktop/CSYE_7245/Labs/airflow_tfx_lab/vlab/lib/python3.7/site-packages/airflow/example_dags/example_branch_operator.py
[2021-03-17 20:22:26,820] {scheduler_job.py:629} INFO - Processing file /Users/harika/Desktop/CSYE_7245/Labs/airflow_tfx_lab/vlab/lib/python3.7/site-packages/airflow/example_dags/example_branch_operator.py for tasks to queue
[2021-03-17 20:22:26,822] {logging_mixin.py:104} INFO - [2021-03-17 20:22:26,821] {dagbag.py:448} INFO - Filling up the DagBag from /Users/harika/Desktop/CSYE_7245/Labs/airflow_tfx_lab/vlab/lib/python3.7/site-packages/airflow/example_dags/example_branch_operator.py
[2021-03-17 20:22:26,842] {scheduler_job.py:639} INFO - DAG(s) dict_keys(['example_branch_operator']) retrieved from /Users/harika/Desktop/CSYE_7245/Labs/airflow_tfx_lab/vlab/lib/python3.7/site-packages/airflow/example_dags/example_branch_operator.py
[2021-03-17 20:22:26,860] {logging_mixin.py:104} INFO - [2021-03-17 20:22:26,860] {dag.py:1818} INFO - Sync 1 DAGs
[2021-03-17 20:22:26,884] {logging_mixin.py:104} INFO - [2021-03-17 20:22:26,883] {dag.py:2273} INFO - Setting next_dagrun for example_branch_operator to 2021-03-16 00:00:00+00:00
[2021-03-17 20:22:26,892] {scheduler_job.py:190} INFO - Processing /Users/harika/Desktop/CSYE_7245/Labs/airflow_tfx_lab/vlab/lib/python3.7/site-packages/airflow/example_dags/example_branch_operator.py took 0.081 seconds
[2021-03-17 20:23:07,427] {scheduler_job.py:182} INFO - Started process (PID=32332) to work on /Users/harika/Desktop/CSYE_7245/Labs/airflow_tfx_lab/vlab/lib/python3.7/site-packages/airflow/example_dags/example_branch_operator.py
[2021-03-17 20:23:07,429] {scheduler_job.py:629} INFO - Processing file /Users/harika/Desktop/CSYE_7245/Labs/airflow_tfx_lab/vlab/lib/python3.7/site-packages/airflow/example_dags/example_branch_operator.py for tasks to queue
[2021-03-17 20:23:07,430] {logging_mixin.py:104} INFO - [2021-03-17 20:23:07,430] {dagbag.py:448} INFO - Filling up the DagBag from /Users/harika/Desktop/CSYE_7245/Labs/airflow_tfx_lab/vlab/lib/python3.7/site-packages/airflow/example_dags/example_branch_operator.py
[2021-03-17 20:23:07,453] {scheduler_job.py:639} INFO - DAG(s) dict_keys(['example_branch_operator']) retrieved from /Users/harika/Desktop/CSYE_7245/Labs/airflow_tfx_lab/vlab/lib/python3.7/site-packages/airflow/example_dags/example_branch_operator.py
[2021-03-17 20:23:07,481] {logging_mixin.py:104} INFO - [2021-03-17 20:23:07,480] {dag.py:1818} INFO - Sync 1 DAGs
[2021-03-17 20:23:07,509] {logging_mixin.py:104} INFO - [2021-03-17 20:23:07,508] {dag.py:2273} INFO - Setting next_dagrun for example_branch_operator to 2021-03-16 00:00:00+00:00
[2021-03-17 20:23:07,518] {scheduler_job.py:190} INFO - Processing /Users/harika/Desktop/CSYE_7245/Labs/airflow_tfx_lab/vlab/lib/python3.7/site-packages/airflow/example_dags/example_branch_operator.py took 0.095 seconds
[2021-03-17 20:23:50,320] {scheduler_job.py:182} INFO - Started process (PID=32373) to work on /Users/harika/Desktop/CSYE_7245/Labs/airflow_tfx_lab/vlab/lib/python3.7/site-packages/airflow/example_dags/example_branch_operator.py
[2021-03-17 20:23:50,322] {scheduler_job.py:629} INFO - Processing file /Users/harika/Desktop/CSYE_7245/Labs/airflow_tfx_lab/vlab/lib/python3.7/site-packages/airflow/example_dags/example_branch_operator.py for tasks to queue
[2021-03-17 20:23:50,324] {logging_mixin.py:104} INFO - [2021-03-17 20:23:50,324] {dagbag.py:448} INFO - Filling up the DagBag from /Users/harika/Desktop/CSYE_7245/Labs/airflow_tfx_lab/vlab/lib/python3.7/site-packages/airflow/example_dags/example_branch_operator.py
[2021-03-17 20:23:50,347] {scheduler_job.py:639} INFO - DAG(s) dict_keys(['example_branch_operator']) retrieved from /Users/harika/Desktop/CSYE_7245/Labs/airflow_tfx_lab/vlab/lib/python3.7/site-packages/airflow/example_dags/example_branch_operator.py
[2021-03-17 20:23:50,368] {logging_mixin.py:104} INFO - [2021-03-17 20:23:50,368] {dag.py:1818} INFO - Sync 1 DAGs
[2021-03-17 20:23:50,422] {logging_mixin.py:104} INFO - [2021-03-17 20:23:50,422] {dag.py:2273} INFO - Setting next_dagrun for example_branch_operator to 2021-03-16 00:00:00+00:00
[2021-03-17 20:23:50,438] {scheduler_job.py:190} INFO - Processing /Users/harika/Desktop/CSYE_7245/Labs/airflow_tfx_lab/vlab/lib/python3.7/site-packages/airflow/example_dags/example_branch_operator.py took 0.127 seconds
[2021-03-17 20:24:29,241] {scheduler_job.py:182} INFO - Started process (PID=32419) to work on /Users/harika/Desktop/CSYE_7245/Labs/airflow_tfx_lab/vlab/lib/python3.7/site-packages/airflow/example_dags/example_branch_operator.py
[2021-03-17 20:24:29,245] {scheduler_job.py:629} INFO - Processing file /Users/harika/Desktop/CSYE_7245/Labs/airflow_tfx_lab/vlab/lib/python3.7/site-packages/airflow/example_dags/example_branch_operator.py for tasks to queue
[2021-03-17 20:24:29,248] {logging_mixin.py:104} INFO - [2021-03-17 20:24:29,247] {dagbag.py:448} INFO - Filling up the DagBag from /Users/harika/Desktop/CSYE_7245/Labs/airflow_tfx_lab/vlab/lib/python3.7/site-packages/airflow/example_dags/example_branch_operator.py
[2021-03-17 20:24:29,304] {scheduler_job.py:639} INFO - DAG(s) dict_keys(['example_branch_operator']) retrieved from /Users/harika/Desktop/CSYE_7245/Labs/airflow_tfx_lab/vlab/lib/python3.7/site-packages/airflow/example_dags/example_branch_operator.py
[2021-03-17 20:24:29,352] {logging_mixin.py:104} INFO - [2021-03-17 20:24:29,351] {dag.py:1818} INFO - Sync 1 DAGs
[2021-03-17 20:24:29,426] {logging_mixin.py:104} INFO - [2021-03-17 20:24:29,420] {dag.py:2273} INFO - Setting next_dagrun for example_branch_operator to 2021-03-16 00:00:00+00:00
[2021-03-17 20:24:29,451] {scheduler_job.py:190} INFO - Processing /Users/harika/Desktop/CSYE_7245/Labs/airflow_tfx_lab/vlab/lib/python3.7/site-packages/airflow/example_dags/example_branch_operator.py took 0.234 seconds
[2021-03-17 20:25:06,515] {scheduler_job.py:182} INFO - Started process (PID=32460) to work on /Users/harika/Desktop/CSYE_7245/Labs/airflow_tfx_lab/vlab/lib/python3.7/site-packages/airflow/example_dags/example_branch_operator.py
[2021-03-17 20:25:06,518] {scheduler_job.py:629} INFO - Processing file /Users/harika/Desktop/CSYE_7245/Labs/airflow_tfx_lab/vlab/lib/python3.7/site-packages/airflow/example_dags/example_branch_operator.py for tasks to queue
[2021-03-17 20:25:06,520] {logging_mixin.py:104} INFO - [2021-03-17 20:25:06,520] {dagbag.py:448} INFO - Filling up the DagBag from /Users/harika/Desktop/CSYE_7245/Labs/airflow_tfx_lab/vlab/lib/python3.7/site-packages/airflow/example_dags/example_branch_operator.py
[2021-03-17 20:25:06,544] {scheduler_job.py:639} INFO - DAG(s) dict_keys(['example_branch_operator']) retrieved from /Users/harika/Desktop/CSYE_7245/Labs/airflow_tfx_lab/vlab/lib/python3.7/site-packages/airflow/example_dags/example_branch_operator.py
[2021-03-17 20:25:06,564] {logging_mixin.py:104} INFO - [2021-03-17 20:25:06,563] {dag.py:1818} INFO - Sync 1 DAGs
[2021-03-17 20:25:06,586] {logging_mixin.py:104} INFO - [2021-03-17 20:25:06,586] {dag.py:2273} INFO - Setting next_dagrun for example_branch_operator to 2021-03-16 00:00:00+00:00
[2021-03-17 20:25:06,597] {scheduler_job.py:190} INFO - Processing /Users/harika/Desktop/CSYE_7245/Labs/airflow_tfx_lab/vlab/lib/python3.7/site-packages/airflow/example_dags/example_branch_operator.py took 0.086 seconds
