[2021-03-17 20:00:36,112] {scheduler_job.py:182} INFO - Started process (PID=31109) to work on /Users/harika/Desktop/CSYE_7245/Labs/airflow_tfx_lab/vlab/lib/python3.7/site-packages/airflow/example_dags/example_kubernetes_executor.py
[2021-03-17 20:00:36,115] {scheduler_job.py:629} INFO - Processing file /Users/harika/Desktop/CSYE_7245/Labs/airflow_tfx_lab/vlab/lib/python3.7/site-packages/airflow/example_dags/example_kubernetes_executor.py for tasks to queue
[2021-03-17 20:00:36,117] {logging_mixin.py:104} INFO - [2021-03-17 20:00:36,116] {dagbag.py:448} INFO - Filling up the DagBag from /Users/harika/Desktop/CSYE_7245/Labs/airflow_tfx_lab/vlab/lib/python3.7/site-packages/airflow/example_dags/example_kubernetes_executor.py
[2021-03-17 20:00:36,136] {scheduler_job.py:639} INFO - DAG(s) dict_keys(['example_kubernetes_executor']) retrieved from /Users/harika/Desktop/CSYE_7245/Labs/airflow_tfx_lab/vlab/lib/python3.7/site-packages/airflow/example_dags/example_kubernetes_executor.py
[2021-03-17 20:00:36,157] {logging_mixin.py:104} INFO - [2021-03-17 20:00:36,156] {dag.py:1818} INFO - Sync 1 DAGs
[2021-03-17 20:00:36,169] {logging_mixin.py:104} INFO - [2021-03-17 20:00:36,168] {dag.py:2273} INFO - Setting next_dagrun for example_kubernetes_executor to None
[2021-03-17 20:00:36,182] {scheduler_job.py:190} INFO - Processing /Users/harika/Desktop/CSYE_7245/Labs/airflow_tfx_lab/vlab/lib/python3.7/site-packages/airflow/example_dags/example_kubernetes_executor.py took 0.074 seconds
[2021-03-17 20:01:18,352] {scheduler_job.py:182} INFO - Started process (PID=31148) to work on /Users/harika/Desktop/CSYE_7245/Labs/airflow_tfx_lab/vlab/lib/python3.7/site-packages/airflow/example_dags/example_kubernetes_executor.py
[2021-03-17 20:01:18,355] {scheduler_job.py:629} INFO - Processing file /Users/harika/Desktop/CSYE_7245/Labs/airflow_tfx_lab/vlab/lib/python3.7/site-packages/airflow/example_dags/example_kubernetes_executor.py for tasks to queue
[2021-03-17 20:01:18,357] {logging_mixin.py:104} INFO - [2021-03-17 20:01:18,356] {dagbag.py:448} INFO - Filling up the DagBag from /Users/harika/Desktop/CSYE_7245/Labs/airflow_tfx_lab/vlab/lib/python3.7/site-packages/airflow/example_dags/example_kubernetes_executor.py
[2021-03-17 20:01:18,374] {scheduler_job.py:639} INFO - DAG(s) dict_keys(['example_kubernetes_executor']) retrieved from /Users/harika/Desktop/CSYE_7245/Labs/airflow_tfx_lab/vlab/lib/python3.7/site-packages/airflow/example_dags/example_kubernetes_executor.py
[2021-03-17 20:01:18,394] {logging_mixin.py:104} INFO - [2021-03-17 20:01:18,393] {dag.py:1818} INFO - Sync 1 DAGs
[2021-03-17 20:01:18,408] {logging_mixin.py:104} INFO - [2021-03-17 20:01:18,408] {dag.py:2273} INFO - Setting next_dagrun for example_kubernetes_executor to None
[2021-03-17 20:01:18,419] {scheduler_job.py:190} INFO - Processing /Users/harika/Desktop/CSYE_7245/Labs/airflow_tfx_lab/vlab/lib/python3.7/site-packages/airflow/example_dags/example_kubernetes_executor.py took 0.072 seconds
[2021-03-17 20:01:56,715] {scheduler_job.py:182} INFO - Started process (PID=31178) to work on /Users/harika/Desktop/CSYE_7245/Labs/airflow_tfx_lab/vlab/lib/python3.7/site-packages/airflow/example_dags/example_kubernetes_executor.py
[2021-03-17 20:01:56,717] {scheduler_job.py:629} INFO - Processing file /Users/harika/Desktop/CSYE_7245/Labs/airflow_tfx_lab/vlab/lib/python3.7/site-packages/airflow/example_dags/example_kubernetes_executor.py for tasks to queue
[2021-03-17 20:01:56,719] {logging_mixin.py:104} INFO - [2021-03-17 20:01:56,718] {dagbag.py:448} INFO - Filling up the DagBag from /Users/harika/Desktop/CSYE_7245/Labs/airflow_tfx_lab/vlab/lib/python3.7/site-packages/airflow/example_dags/example_kubernetes_executor.py
[2021-03-17 20:01:56,742] {scheduler_job.py:639} INFO - DAG(s) dict_keys(['example_kubernetes_executor']) retrieved from /Users/harika/Desktop/CSYE_7245/Labs/airflow_tfx_lab/vlab/lib/python3.7/site-packages/airflow/example_dags/example_kubernetes_executor.py
[2021-03-17 20:01:56,762] {logging_mixin.py:104} INFO - [2021-03-17 20:01:56,761] {dag.py:1818} INFO - Sync 1 DAGs
[2021-03-17 20:01:56,778] {logging_mixin.py:104} INFO - [2021-03-17 20:01:56,778] {dag.py:2273} INFO - Setting next_dagrun for example_kubernetes_executor to None
[2021-03-17 20:01:56,788] {scheduler_job.py:190} INFO - Processing /Users/harika/Desktop/CSYE_7245/Labs/airflow_tfx_lab/vlab/lib/python3.7/site-packages/airflow/example_dags/example_kubernetes_executor.py took 0.082 seconds
[2021-03-17 20:02:35,297] {scheduler_job.py:182} INFO - Started process (PID=31208) to work on /Users/harika/Desktop/CSYE_7245/Labs/airflow_tfx_lab/vlab/lib/python3.7/site-packages/airflow/example_dags/example_kubernetes_executor.py
[2021-03-17 20:02:35,299] {scheduler_job.py:629} INFO - Processing file /Users/harika/Desktop/CSYE_7245/Labs/airflow_tfx_lab/vlab/lib/python3.7/site-packages/airflow/example_dags/example_kubernetes_executor.py for tasks to queue
[2021-03-17 20:02:35,302] {logging_mixin.py:104} INFO - [2021-03-17 20:02:35,302] {dagbag.py:448} INFO - Filling up the DagBag from /Users/harika/Desktop/CSYE_7245/Labs/airflow_tfx_lab/vlab/lib/python3.7/site-packages/airflow/example_dags/example_kubernetes_executor.py
[2021-03-17 20:02:35,319] {scheduler_job.py:639} INFO - DAG(s) dict_keys(['example_kubernetes_executor']) retrieved from /Users/harika/Desktop/CSYE_7245/Labs/airflow_tfx_lab/vlab/lib/python3.7/site-packages/airflow/example_dags/example_kubernetes_executor.py
[2021-03-17 20:02:35,342] {logging_mixin.py:104} INFO - [2021-03-17 20:02:35,342] {dag.py:1818} INFO - Sync 1 DAGs
[2021-03-17 20:02:35,358] {logging_mixin.py:104} INFO - [2021-03-17 20:02:35,358] {dag.py:2273} INFO - Setting next_dagrun for example_kubernetes_executor to None
[2021-03-17 20:02:35,370] {scheduler_job.py:190} INFO - Processing /Users/harika/Desktop/CSYE_7245/Labs/airflow_tfx_lab/vlab/lib/python3.7/site-packages/airflow/example_dags/example_kubernetes_executor.py took 0.077 seconds
[2021-03-17 20:03:14,957] {scheduler_job.py:182} INFO - Started process (PID=31250) to work on /Users/harika/Desktop/CSYE_7245/Labs/airflow_tfx_lab/vlab/lib/python3.7/site-packages/airflow/example_dags/example_kubernetes_executor.py
[2021-03-17 20:03:14,959] {scheduler_job.py:629} INFO - Processing file /Users/harika/Desktop/CSYE_7245/Labs/airflow_tfx_lab/vlab/lib/python3.7/site-packages/airflow/example_dags/example_kubernetes_executor.py for tasks to queue
[2021-03-17 20:03:14,961] {logging_mixin.py:104} INFO - [2021-03-17 20:03:14,960] {dagbag.py:448} INFO - Filling up the DagBag from /Users/harika/Desktop/CSYE_7245/Labs/airflow_tfx_lab/vlab/lib/python3.7/site-packages/airflow/example_dags/example_kubernetes_executor.py
[2021-03-17 20:03:14,977] {scheduler_job.py:639} INFO - DAG(s) dict_keys(['example_kubernetes_executor']) retrieved from /Users/harika/Desktop/CSYE_7245/Labs/airflow_tfx_lab/vlab/lib/python3.7/site-packages/airflow/example_dags/example_kubernetes_executor.py
[2021-03-17 20:03:14,993] {logging_mixin.py:104} INFO - [2021-03-17 20:03:14,992] {dag.py:1818} INFO - Sync 1 DAGs
[2021-03-17 20:03:15,005] {logging_mixin.py:104} INFO - [2021-03-17 20:03:15,005] {dag.py:2273} INFO - Setting next_dagrun for example_kubernetes_executor to None
[2021-03-17 20:03:15,015] {scheduler_job.py:190} INFO - Processing /Users/harika/Desktop/CSYE_7245/Labs/airflow_tfx_lab/vlab/lib/python3.7/site-packages/airflow/example_dags/example_kubernetes_executor.py took 0.062 seconds
[2021-03-17 20:03:53,522] {scheduler_job.py:182} INFO - Started process (PID=31288) to work on /Users/harika/Desktop/CSYE_7245/Labs/airflow_tfx_lab/vlab/lib/python3.7/site-packages/airflow/example_dags/example_kubernetes_executor.py
[2021-03-17 20:03:53,524] {scheduler_job.py:629} INFO - Processing file /Users/harika/Desktop/CSYE_7245/Labs/airflow_tfx_lab/vlab/lib/python3.7/site-packages/airflow/example_dags/example_kubernetes_executor.py for tasks to queue
[2021-03-17 20:03:53,525] {logging_mixin.py:104} INFO - [2021-03-17 20:03:53,525] {dagbag.py:448} INFO - Filling up the DagBag from /Users/harika/Desktop/CSYE_7245/Labs/airflow_tfx_lab/vlab/lib/python3.7/site-packages/airflow/example_dags/example_kubernetes_executor.py
[2021-03-17 20:03:53,541] {scheduler_job.py:639} INFO - DAG(s) dict_keys(['example_kubernetes_executor']) retrieved from /Users/harika/Desktop/CSYE_7245/Labs/airflow_tfx_lab/vlab/lib/python3.7/site-packages/airflow/example_dags/example_kubernetes_executor.py
[2021-03-17 20:03:53,558] {logging_mixin.py:104} INFO - [2021-03-17 20:03:53,557] {dag.py:1818} INFO - Sync 1 DAGs
[2021-03-17 20:03:53,570] {logging_mixin.py:104} INFO - [2021-03-17 20:03:53,569] {dag.py:2273} INFO - Setting next_dagrun for example_kubernetes_executor to None
[2021-03-17 20:03:53,579] {scheduler_job.py:190} INFO - Processing /Users/harika/Desktop/CSYE_7245/Labs/airflow_tfx_lab/vlab/lib/python3.7/site-packages/airflow/example_dags/example_kubernetes_executor.py took 0.061 seconds
[2021-03-17 20:04:31,899] {scheduler_job.py:182} INFO - Started process (PID=31322) to work on /Users/harika/Desktop/CSYE_7245/Labs/airflow_tfx_lab/vlab/lib/python3.7/site-packages/airflow/example_dags/example_kubernetes_executor.py
[2021-03-17 20:04:31,902] {scheduler_job.py:629} INFO - Processing file /Users/harika/Desktop/CSYE_7245/Labs/airflow_tfx_lab/vlab/lib/python3.7/site-packages/airflow/example_dags/example_kubernetes_executor.py for tasks to queue
[2021-03-17 20:04:31,903] {logging_mixin.py:104} INFO - [2021-03-17 20:04:31,903] {dagbag.py:448} INFO - Filling up the DagBag from /Users/harika/Desktop/CSYE_7245/Labs/airflow_tfx_lab/vlab/lib/python3.7/site-packages/airflow/example_dags/example_kubernetes_executor.py
[2021-03-17 20:04:31,925] {scheduler_job.py:639} INFO - DAG(s) dict_keys(['example_kubernetes_executor']) retrieved from /Users/harika/Desktop/CSYE_7245/Labs/airflow_tfx_lab/vlab/lib/python3.7/site-packages/airflow/example_dags/example_kubernetes_executor.py
[2021-03-17 20:04:31,945] {logging_mixin.py:104} INFO - [2021-03-17 20:04:31,945] {dag.py:1818} INFO - Sync 1 DAGs
[2021-03-17 20:04:31,961] {logging_mixin.py:104} INFO - [2021-03-17 20:04:31,960] {dag.py:2273} INFO - Setting next_dagrun for example_kubernetes_executor to None
[2021-03-17 20:04:31,973] {scheduler_job.py:190} INFO - Processing /Users/harika/Desktop/CSYE_7245/Labs/airflow_tfx_lab/vlab/lib/python3.7/site-packages/airflow/example_dags/example_kubernetes_executor.py took 0.079 seconds
[2021-03-17 20:05:10,447] {scheduler_job.py:182} INFO - Started process (PID=31354) to work on /Users/harika/Desktop/CSYE_7245/Labs/airflow_tfx_lab/vlab/lib/python3.7/site-packages/airflow/example_dags/example_kubernetes_executor.py
[2021-03-17 20:05:10,451] {scheduler_job.py:629} INFO - Processing file /Users/harika/Desktop/CSYE_7245/Labs/airflow_tfx_lab/vlab/lib/python3.7/site-packages/airflow/example_dags/example_kubernetes_executor.py for tasks to queue
[2021-03-17 20:05:10,452] {logging_mixin.py:104} INFO - [2021-03-17 20:05:10,452] {dagbag.py:448} INFO - Filling up the DagBag from /Users/harika/Desktop/CSYE_7245/Labs/airflow_tfx_lab/vlab/lib/python3.7/site-packages/airflow/example_dags/example_kubernetes_executor.py
[2021-03-17 20:05:10,471] {scheduler_job.py:639} INFO - DAG(s) dict_keys(['example_kubernetes_executor']) retrieved from /Users/harika/Desktop/CSYE_7245/Labs/airflow_tfx_lab/vlab/lib/python3.7/site-packages/airflow/example_dags/example_kubernetes_executor.py
[2021-03-17 20:05:10,487] {logging_mixin.py:104} INFO - [2021-03-17 20:05:10,486] {dag.py:1818} INFO - Sync 1 DAGs
[2021-03-17 20:05:10,500] {logging_mixin.py:104} INFO - [2021-03-17 20:05:10,499] {dag.py:2273} INFO - Setting next_dagrun for example_kubernetes_executor to None
[2021-03-17 20:05:10,509] {scheduler_job.py:190} INFO - Processing /Users/harika/Desktop/CSYE_7245/Labs/airflow_tfx_lab/vlab/lib/python3.7/site-packages/airflow/example_dags/example_kubernetes_executor.py took 0.068 seconds
[2021-03-17 20:05:50,935] {scheduler_job.py:182} INFO - Started process (PID=31389) to work on /Users/harika/Desktop/CSYE_7245/Labs/airflow_tfx_lab/vlab/lib/python3.7/site-packages/airflow/example_dags/example_kubernetes_executor.py
[2021-03-17 20:05:50,939] {scheduler_job.py:629} INFO - Processing file /Users/harika/Desktop/CSYE_7245/Labs/airflow_tfx_lab/vlab/lib/python3.7/site-packages/airflow/example_dags/example_kubernetes_executor.py for tasks to queue
[2021-03-17 20:05:50,941] {logging_mixin.py:104} INFO - [2021-03-17 20:05:50,940] {dagbag.py:448} INFO - Filling up the DagBag from /Users/harika/Desktop/CSYE_7245/Labs/airflow_tfx_lab/vlab/lib/python3.7/site-packages/airflow/example_dags/example_kubernetes_executor.py
[2021-03-17 20:05:50,958] {scheduler_job.py:639} INFO - DAG(s) dict_keys(['example_kubernetes_executor']) retrieved from /Users/harika/Desktop/CSYE_7245/Labs/airflow_tfx_lab/vlab/lib/python3.7/site-packages/airflow/example_dags/example_kubernetes_executor.py
[2021-03-17 20:05:50,977] {logging_mixin.py:104} INFO - [2021-03-17 20:05:50,976] {dag.py:1818} INFO - Sync 1 DAGs
[2021-03-17 20:05:50,990] {logging_mixin.py:104} INFO - [2021-03-17 20:05:50,989] {dag.py:2273} INFO - Setting next_dagrun for example_kubernetes_executor to None
[2021-03-17 20:05:50,999] {scheduler_job.py:190} INFO - Processing /Users/harika/Desktop/CSYE_7245/Labs/airflow_tfx_lab/vlab/lib/python3.7/site-packages/airflow/example_dags/example_kubernetes_executor.py took 0.067 seconds
[2021-03-17 20:06:29,102] {scheduler_job.py:182} INFO - Started process (PID=31418) to work on /Users/harika/Desktop/CSYE_7245/Labs/airflow_tfx_lab/vlab/lib/python3.7/site-packages/airflow/example_dags/example_kubernetes_executor.py
[2021-03-17 20:06:29,104] {scheduler_job.py:629} INFO - Processing file /Users/harika/Desktop/CSYE_7245/Labs/airflow_tfx_lab/vlab/lib/python3.7/site-packages/airflow/example_dags/example_kubernetes_executor.py for tasks to queue
[2021-03-17 20:06:29,106] {logging_mixin.py:104} INFO - [2021-03-17 20:06:29,105] {dagbag.py:448} INFO - Filling up the DagBag from /Users/harika/Desktop/CSYE_7245/Labs/airflow_tfx_lab/vlab/lib/python3.7/site-packages/airflow/example_dags/example_kubernetes_executor.py
[2021-03-17 20:06:29,128] {scheduler_job.py:639} INFO - DAG(s) dict_keys(['example_kubernetes_executor']) retrieved from /Users/harika/Desktop/CSYE_7245/Labs/airflow_tfx_lab/vlab/lib/python3.7/site-packages/airflow/example_dags/example_kubernetes_executor.py
[2021-03-17 20:06:29,147] {logging_mixin.py:104} INFO - [2021-03-17 20:06:29,147] {dag.py:1818} INFO - Sync 1 DAGs
[2021-03-17 20:06:29,161] {logging_mixin.py:104} INFO - [2021-03-17 20:06:29,160] {dag.py:2273} INFO - Setting next_dagrun for example_kubernetes_executor to None
[2021-03-17 20:06:29,170] {scheduler_job.py:190} INFO - Processing /Users/harika/Desktop/CSYE_7245/Labs/airflow_tfx_lab/vlab/lib/python3.7/site-packages/airflow/example_dags/example_kubernetes_executor.py took 0.072 seconds
[2021-03-17 20:07:07,584] {scheduler_job.py:182} INFO - Started process (PID=31448) to work on /Users/harika/Desktop/CSYE_7245/Labs/airflow_tfx_lab/vlab/lib/python3.7/site-packages/airflow/example_dags/example_kubernetes_executor.py
[2021-03-17 20:07:07,586] {scheduler_job.py:629} INFO - Processing file /Users/harika/Desktop/CSYE_7245/Labs/airflow_tfx_lab/vlab/lib/python3.7/site-packages/airflow/example_dags/example_kubernetes_executor.py for tasks to queue
[2021-03-17 20:07:07,588] {logging_mixin.py:104} INFO - [2021-03-17 20:07:07,588] {dagbag.py:448} INFO - Filling up the DagBag from /Users/harika/Desktop/CSYE_7245/Labs/airflow_tfx_lab/vlab/lib/python3.7/site-packages/airflow/example_dags/example_kubernetes_executor.py
[2021-03-17 20:07:07,604] {scheduler_job.py:639} INFO - DAG(s) dict_keys(['example_kubernetes_executor']) retrieved from /Users/harika/Desktop/CSYE_7245/Labs/airflow_tfx_lab/vlab/lib/python3.7/site-packages/airflow/example_dags/example_kubernetes_executor.py
[2021-03-17 20:07:07,621] {logging_mixin.py:104} INFO - [2021-03-17 20:07:07,620] {dag.py:1818} INFO - Sync 1 DAGs
[2021-03-17 20:07:07,636] {logging_mixin.py:104} INFO - [2021-03-17 20:07:07,635] {dag.py:2273} INFO - Setting next_dagrun for example_kubernetes_executor to None
[2021-03-17 20:07:07,644] {scheduler_job.py:190} INFO - Processing /Users/harika/Desktop/CSYE_7245/Labs/airflow_tfx_lab/vlab/lib/python3.7/site-packages/airflow/example_dags/example_kubernetes_executor.py took 0.065 seconds
[2021-03-17 20:07:46,445] {scheduler_job.py:182} INFO - Started process (PID=31480) to work on /Users/harika/Desktop/CSYE_7245/Labs/airflow_tfx_lab/vlab/lib/python3.7/site-packages/airflow/example_dags/example_kubernetes_executor.py
[2021-03-17 20:07:46,449] {scheduler_job.py:629} INFO - Processing file /Users/harika/Desktop/CSYE_7245/Labs/airflow_tfx_lab/vlab/lib/python3.7/site-packages/airflow/example_dags/example_kubernetes_executor.py for tasks to queue
[2021-03-17 20:07:46,451] {logging_mixin.py:104} INFO - [2021-03-17 20:07:46,450] {dagbag.py:448} INFO - Filling up the DagBag from /Users/harika/Desktop/CSYE_7245/Labs/airflow_tfx_lab/vlab/lib/python3.7/site-packages/airflow/example_dags/example_kubernetes_executor.py
[2021-03-17 20:07:46,472] {scheduler_job.py:639} INFO - DAG(s) dict_keys(['example_kubernetes_executor']) retrieved from /Users/harika/Desktop/CSYE_7245/Labs/airflow_tfx_lab/vlab/lib/python3.7/site-packages/airflow/example_dags/example_kubernetes_executor.py
[2021-03-17 20:07:46,493] {logging_mixin.py:104} INFO - [2021-03-17 20:07:46,493] {dag.py:1818} INFO - Sync 1 DAGs
[2021-03-17 20:07:46,511] {logging_mixin.py:104} INFO - [2021-03-17 20:07:46,510] {dag.py:2273} INFO - Setting next_dagrun for example_kubernetes_executor to None
[2021-03-17 20:07:46,522] {scheduler_job.py:190} INFO - Processing /Users/harika/Desktop/CSYE_7245/Labs/airflow_tfx_lab/vlab/lib/python3.7/site-packages/airflow/example_dags/example_kubernetes_executor.py took 0.081 seconds
[2021-03-17 20:08:26,007] {scheduler_job.py:182} INFO - Started process (PID=31519) to work on /Users/harika/Desktop/CSYE_7245/Labs/airflow_tfx_lab/vlab/lib/python3.7/site-packages/airflow/example_dags/example_kubernetes_executor.py
[2021-03-17 20:08:26,011] {scheduler_job.py:629} INFO - Processing file /Users/harika/Desktop/CSYE_7245/Labs/airflow_tfx_lab/vlab/lib/python3.7/site-packages/airflow/example_dags/example_kubernetes_executor.py for tasks to queue
[2021-03-17 20:08:26,012] {logging_mixin.py:104} INFO - [2021-03-17 20:08:26,012] {dagbag.py:448} INFO - Filling up the DagBag from /Users/harika/Desktop/CSYE_7245/Labs/airflow_tfx_lab/vlab/lib/python3.7/site-packages/airflow/example_dags/example_kubernetes_executor.py
[2021-03-17 20:08:26,031] {scheduler_job.py:639} INFO - DAG(s) dict_keys(['example_kubernetes_executor']) retrieved from /Users/harika/Desktop/CSYE_7245/Labs/airflow_tfx_lab/vlab/lib/python3.7/site-packages/airflow/example_dags/example_kubernetes_executor.py
[2021-03-17 20:08:26,049] {logging_mixin.py:104} INFO - [2021-03-17 20:08:26,048] {dag.py:1818} INFO - Sync 1 DAGs
[2021-03-17 20:08:26,062] {logging_mixin.py:104} INFO - [2021-03-17 20:08:26,062] {dag.py:2273} INFO - Setting next_dagrun for example_kubernetes_executor to None
[2021-03-17 20:08:26,072] {scheduler_job.py:190} INFO - Processing /Users/harika/Desktop/CSYE_7245/Labs/airflow_tfx_lab/vlab/lib/python3.7/site-packages/airflow/example_dags/example_kubernetes_executor.py took 0.070 seconds
[2021-03-17 20:09:05,210] {scheduler_job.py:182} INFO - Started process (PID=31552) to work on /Users/harika/Desktop/CSYE_7245/Labs/airflow_tfx_lab/vlab/lib/python3.7/site-packages/airflow/example_dags/example_kubernetes_executor.py
[2021-03-17 20:09:05,213] {scheduler_job.py:629} INFO - Processing file /Users/harika/Desktop/CSYE_7245/Labs/airflow_tfx_lab/vlab/lib/python3.7/site-packages/airflow/example_dags/example_kubernetes_executor.py for tasks to queue
[2021-03-17 20:09:05,215] {logging_mixin.py:104} INFO - [2021-03-17 20:09:05,214] {dagbag.py:448} INFO - Filling up the DagBag from /Users/harika/Desktop/CSYE_7245/Labs/airflow_tfx_lab/vlab/lib/python3.7/site-packages/airflow/example_dags/example_kubernetes_executor.py
[2021-03-17 20:09:05,234] {scheduler_job.py:639} INFO - DAG(s) dict_keys(['example_kubernetes_executor']) retrieved from /Users/harika/Desktop/CSYE_7245/Labs/airflow_tfx_lab/vlab/lib/python3.7/site-packages/airflow/example_dags/example_kubernetes_executor.py
[2021-03-17 20:09:05,252] {logging_mixin.py:104} INFO - [2021-03-17 20:09:05,251] {dag.py:1818} INFO - Sync 1 DAGs
[2021-03-17 20:09:05,270] {logging_mixin.py:104} INFO - [2021-03-17 20:09:05,269] {dag.py:2273} INFO - Setting next_dagrun for example_kubernetes_executor to None
[2021-03-17 20:09:05,282] {scheduler_job.py:190} INFO - Processing /Users/harika/Desktop/CSYE_7245/Labs/airflow_tfx_lab/vlab/lib/python3.7/site-packages/airflow/example_dags/example_kubernetes_executor.py took 0.076 seconds
[2021-03-17 20:09:43,504] {scheduler_job.py:182} INFO - Started process (PID=31587) to work on /Users/harika/Desktop/CSYE_7245/Labs/airflow_tfx_lab/vlab/lib/python3.7/site-packages/airflow/example_dags/example_kubernetes_executor.py
[2021-03-17 20:09:43,507] {scheduler_job.py:629} INFO - Processing file /Users/harika/Desktop/CSYE_7245/Labs/airflow_tfx_lab/vlab/lib/python3.7/site-packages/airflow/example_dags/example_kubernetes_executor.py for tasks to queue
[2021-03-17 20:09:43,509] {logging_mixin.py:104} INFO - [2021-03-17 20:09:43,508] {dagbag.py:448} INFO - Filling up the DagBag from /Users/harika/Desktop/CSYE_7245/Labs/airflow_tfx_lab/vlab/lib/python3.7/site-packages/airflow/example_dags/example_kubernetes_executor.py
[2021-03-17 20:09:43,525] {scheduler_job.py:639} INFO - DAG(s) dict_keys(['example_kubernetes_executor']) retrieved from /Users/harika/Desktop/CSYE_7245/Labs/airflow_tfx_lab/vlab/lib/python3.7/site-packages/airflow/example_dags/example_kubernetes_executor.py
[2021-03-17 20:09:43,540] {logging_mixin.py:104} INFO - [2021-03-17 20:09:43,540] {dag.py:1818} INFO - Sync 1 DAGs
[2021-03-17 20:09:43,553] {logging_mixin.py:104} INFO - [2021-03-17 20:09:43,553] {dag.py:2273} INFO - Setting next_dagrun for example_kubernetes_executor to None
[2021-03-17 20:09:43,562] {scheduler_job.py:190} INFO - Processing /Users/harika/Desktop/CSYE_7245/Labs/airflow_tfx_lab/vlab/lib/python3.7/site-packages/airflow/example_dags/example_kubernetes_executor.py took 0.062 seconds
[2021-03-17 20:10:23,928] {scheduler_job.py:182} INFO - Started process (PID=31631) to work on /Users/harika/Desktop/CSYE_7245/Labs/airflow_tfx_lab/vlab/lib/python3.7/site-packages/airflow/example_dags/example_kubernetes_executor.py
[2021-03-17 20:10:23,931] {scheduler_job.py:629} INFO - Processing file /Users/harika/Desktop/CSYE_7245/Labs/airflow_tfx_lab/vlab/lib/python3.7/site-packages/airflow/example_dags/example_kubernetes_executor.py for tasks to queue
[2021-03-17 20:10:23,932] {logging_mixin.py:104} INFO - [2021-03-17 20:10:23,932] {dagbag.py:448} INFO - Filling up the DagBag from /Users/harika/Desktop/CSYE_7245/Labs/airflow_tfx_lab/vlab/lib/python3.7/site-packages/airflow/example_dags/example_kubernetes_executor.py
[2021-03-17 20:10:23,952] {scheduler_job.py:639} INFO - DAG(s) dict_keys(['example_kubernetes_executor']) retrieved from /Users/harika/Desktop/CSYE_7245/Labs/airflow_tfx_lab/vlab/lib/python3.7/site-packages/airflow/example_dags/example_kubernetes_executor.py
[2021-03-17 20:10:23,973] {logging_mixin.py:104} INFO - [2021-03-17 20:10:23,973] {dag.py:1818} INFO - Sync 1 DAGs
[2021-03-17 20:10:23,991] {logging_mixin.py:104} INFO - [2021-03-17 20:10:23,990] {dag.py:2273} INFO - Setting next_dagrun for example_kubernetes_executor to None
[2021-03-17 20:10:24,107] {scheduler_job.py:190} INFO - Processing /Users/harika/Desktop/CSYE_7245/Labs/airflow_tfx_lab/vlab/lib/python3.7/site-packages/airflow/example_dags/example_kubernetes_executor.py took 0.185 seconds
[2021-03-17 20:11:02,296] {scheduler_job.py:182} INFO - Started process (PID=31660) to work on /Users/harika/Desktop/CSYE_7245/Labs/airflow_tfx_lab/vlab/lib/python3.7/site-packages/airflow/example_dags/example_kubernetes_executor.py
[2021-03-17 20:11:02,299] {scheduler_job.py:629} INFO - Processing file /Users/harika/Desktop/CSYE_7245/Labs/airflow_tfx_lab/vlab/lib/python3.7/site-packages/airflow/example_dags/example_kubernetes_executor.py for tasks to queue
[2021-03-17 20:11:02,301] {logging_mixin.py:104} INFO - [2021-03-17 20:11:02,300] {dagbag.py:448} INFO - Filling up the DagBag from /Users/harika/Desktop/CSYE_7245/Labs/airflow_tfx_lab/vlab/lib/python3.7/site-packages/airflow/example_dags/example_kubernetes_executor.py
[2021-03-17 20:11:02,320] {scheduler_job.py:639} INFO - DAG(s) dict_keys(['example_kubernetes_executor']) retrieved from /Users/harika/Desktop/CSYE_7245/Labs/airflow_tfx_lab/vlab/lib/python3.7/site-packages/airflow/example_dags/example_kubernetes_executor.py
[2021-03-17 20:11:02,337] {logging_mixin.py:104} INFO - [2021-03-17 20:11:02,336] {dag.py:1818} INFO - Sync 1 DAGs
[2021-03-17 20:11:02,350] {logging_mixin.py:104} INFO - [2021-03-17 20:11:02,350] {dag.py:2273} INFO - Setting next_dagrun for example_kubernetes_executor to None
[2021-03-17 20:11:02,444] {scheduler_job.py:190} INFO - Processing /Users/harika/Desktop/CSYE_7245/Labs/airflow_tfx_lab/vlab/lib/python3.7/site-packages/airflow/example_dags/example_kubernetes_executor.py took 0.152 seconds
[2021-03-17 20:11:42,509] {scheduler_job.py:182} INFO - Started process (PID=31704) to work on /Users/harika/Desktop/CSYE_7245/Labs/airflow_tfx_lab/vlab/lib/python3.7/site-packages/airflow/example_dags/example_kubernetes_executor.py
[2021-03-17 20:11:42,513] {scheduler_job.py:629} INFO - Processing file /Users/harika/Desktop/CSYE_7245/Labs/airflow_tfx_lab/vlab/lib/python3.7/site-packages/airflow/example_dags/example_kubernetes_executor.py for tasks to queue
[2021-03-17 20:11:42,515] {logging_mixin.py:104} INFO - [2021-03-17 20:11:42,515] {dagbag.py:448} INFO - Filling up the DagBag from /Users/harika/Desktop/CSYE_7245/Labs/airflow_tfx_lab/vlab/lib/python3.7/site-packages/airflow/example_dags/example_kubernetes_executor.py
[2021-03-17 20:11:42,536] {scheduler_job.py:639} INFO - DAG(s) dict_keys(['example_kubernetes_executor']) retrieved from /Users/harika/Desktop/CSYE_7245/Labs/airflow_tfx_lab/vlab/lib/python3.7/site-packages/airflow/example_dags/example_kubernetes_executor.py
[2021-03-17 20:11:42,557] {logging_mixin.py:104} INFO - [2021-03-17 20:11:42,556] {dag.py:1818} INFO - Sync 1 DAGs
[2021-03-17 20:11:42,713] {logging_mixin.py:104} INFO - [2021-03-17 20:11:42,713] {dag.py:2273} INFO - Setting next_dagrun for example_kubernetes_executor to None
[2021-03-17 20:11:42,731] {scheduler_job.py:190} INFO - Processing /Users/harika/Desktop/CSYE_7245/Labs/airflow_tfx_lab/vlab/lib/python3.7/site-packages/airflow/example_dags/example_kubernetes_executor.py took 0.233 seconds
[2021-03-17 20:12:22,889] {scheduler_job.py:182} INFO - Started process (PID=31735) to work on /Users/harika/Desktop/CSYE_7245/Labs/airflow_tfx_lab/vlab/lib/python3.7/site-packages/airflow/example_dags/example_kubernetes_executor.py
[2021-03-17 20:12:22,892] {scheduler_job.py:629} INFO - Processing file /Users/harika/Desktop/CSYE_7245/Labs/airflow_tfx_lab/vlab/lib/python3.7/site-packages/airflow/example_dags/example_kubernetes_executor.py for tasks to queue
[2021-03-17 20:12:22,894] {logging_mixin.py:104} INFO - [2021-03-17 20:12:22,893] {dagbag.py:448} INFO - Filling up the DagBag from /Users/harika/Desktop/CSYE_7245/Labs/airflow_tfx_lab/vlab/lib/python3.7/site-packages/airflow/example_dags/example_kubernetes_executor.py
[2021-03-17 20:12:22,910] {scheduler_job.py:639} INFO - DAG(s) dict_keys(['example_kubernetes_executor']) retrieved from /Users/harika/Desktop/CSYE_7245/Labs/airflow_tfx_lab/vlab/lib/python3.7/site-packages/airflow/example_dags/example_kubernetes_executor.py
[2021-03-17 20:12:22,930] {logging_mixin.py:104} INFO - [2021-03-17 20:12:22,929] {dag.py:1818} INFO - Sync 1 DAGs
[2021-03-17 20:12:23,034] {logging_mixin.py:104} INFO - [2021-03-17 20:12:23,034] {dag.py:2273} INFO - Setting next_dagrun for example_kubernetes_executor to None
[2021-03-17 20:12:23,042] {scheduler_job.py:190} INFO - Processing /Users/harika/Desktop/CSYE_7245/Labs/airflow_tfx_lab/vlab/lib/python3.7/site-packages/airflow/example_dags/example_kubernetes_executor.py took 0.158 seconds
[2021-03-17 20:13:00,572] {scheduler_job.py:182} INFO - Started process (PID=31768) to work on /Users/harika/Desktop/CSYE_7245/Labs/airflow_tfx_lab/vlab/lib/python3.7/site-packages/airflow/example_dags/example_kubernetes_executor.py
[2021-03-17 20:13:00,576] {scheduler_job.py:629} INFO - Processing file /Users/harika/Desktop/CSYE_7245/Labs/airflow_tfx_lab/vlab/lib/python3.7/site-packages/airflow/example_dags/example_kubernetes_executor.py for tasks to queue
[2021-03-17 20:13:00,580] {logging_mixin.py:104} INFO - [2021-03-17 20:13:00,578] {dagbag.py:448} INFO - Filling up the DagBag from /Users/harika/Desktop/CSYE_7245/Labs/airflow_tfx_lab/vlab/lib/python3.7/site-packages/airflow/example_dags/example_kubernetes_executor.py
[2021-03-17 20:13:00,597] {scheduler_job.py:639} INFO - DAG(s) dict_keys(['example_kubernetes_executor']) retrieved from /Users/harika/Desktop/CSYE_7245/Labs/airflow_tfx_lab/vlab/lib/python3.7/site-packages/airflow/example_dags/example_kubernetes_executor.py
[2021-03-17 20:13:00,615] {logging_mixin.py:104} INFO - [2021-03-17 20:13:00,615] {dag.py:1818} INFO - Sync 1 DAGs
[2021-03-17 20:13:00,712] {logging_mixin.py:104} INFO - [2021-03-17 20:13:00,711] {dag.py:2273} INFO - Setting next_dagrun for example_kubernetes_executor to None
[2021-03-17 20:13:00,721] {scheduler_job.py:190} INFO - Processing /Users/harika/Desktop/CSYE_7245/Labs/airflow_tfx_lab/vlab/lib/python3.7/site-packages/airflow/example_dags/example_kubernetes_executor.py took 0.154 seconds
[2021-03-17 20:13:40,214] {scheduler_job.py:182} INFO - Started process (PID=31800) to work on /Users/harika/Desktop/CSYE_7245/Labs/airflow_tfx_lab/vlab/lib/python3.7/site-packages/airflow/example_dags/example_kubernetes_executor.py
[2021-03-17 20:13:40,217] {scheduler_job.py:629} INFO - Processing file /Users/harika/Desktop/CSYE_7245/Labs/airflow_tfx_lab/vlab/lib/python3.7/site-packages/airflow/example_dags/example_kubernetes_executor.py for tasks to queue
[2021-03-17 20:13:40,220] {logging_mixin.py:104} INFO - [2021-03-17 20:13:40,220] {dagbag.py:448} INFO - Filling up the DagBag from /Users/harika/Desktop/CSYE_7245/Labs/airflow_tfx_lab/vlab/lib/python3.7/site-packages/airflow/example_dags/example_kubernetes_executor.py
[2021-03-17 20:13:40,246] {scheduler_job.py:639} INFO - DAG(s) dict_keys(['example_kubernetes_executor']) retrieved from /Users/harika/Desktop/CSYE_7245/Labs/airflow_tfx_lab/vlab/lib/python3.7/site-packages/airflow/example_dags/example_kubernetes_executor.py
[2021-03-17 20:13:40,265] {logging_mixin.py:104} INFO - [2021-03-17 20:13:40,264] {dag.py:1818} INFO - Sync 1 DAGs
[2021-03-17 20:13:40,387] {logging_mixin.py:104} INFO - [2021-03-17 20:13:40,387] {dag.py:2273} INFO - Setting next_dagrun for example_kubernetes_executor to None
[2021-03-17 20:13:40,395] {scheduler_job.py:190} INFO - Processing /Users/harika/Desktop/CSYE_7245/Labs/airflow_tfx_lab/vlab/lib/python3.7/site-packages/airflow/example_dags/example_kubernetes_executor.py took 0.185 seconds
[2021-03-17 20:14:20,001] {scheduler_job.py:182} INFO - Started process (PID=31830) to work on /Users/harika/Desktop/CSYE_7245/Labs/airflow_tfx_lab/vlab/lib/python3.7/site-packages/airflow/example_dags/example_kubernetes_executor.py
[2021-03-17 20:14:20,003] {scheduler_job.py:629} INFO - Processing file /Users/harika/Desktop/CSYE_7245/Labs/airflow_tfx_lab/vlab/lib/python3.7/site-packages/airflow/example_dags/example_kubernetes_executor.py for tasks to queue
[2021-03-17 20:14:20,006] {logging_mixin.py:104} INFO - [2021-03-17 20:14:20,006] {dagbag.py:448} INFO - Filling up the DagBag from /Users/harika/Desktop/CSYE_7245/Labs/airflow_tfx_lab/vlab/lib/python3.7/site-packages/airflow/example_dags/example_kubernetes_executor.py
[2021-03-17 20:14:20,026] {scheduler_job.py:639} INFO - DAG(s) dict_keys(['example_kubernetes_executor']) retrieved from /Users/harika/Desktop/CSYE_7245/Labs/airflow_tfx_lab/vlab/lib/python3.7/site-packages/airflow/example_dags/example_kubernetes_executor.py
[2021-03-17 20:14:20,044] {logging_mixin.py:104} INFO - [2021-03-17 20:14:20,044] {dag.py:1818} INFO - Sync 1 DAGs
[2021-03-17 20:14:20,148] {logging_mixin.py:104} INFO - [2021-03-17 20:14:20,148] {dag.py:2273} INFO - Setting next_dagrun for example_kubernetes_executor to None
[2021-03-17 20:14:20,155] {scheduler_job.py:190} INFO - Processing /Users/harika/Desktop/CSYE_7245/Labs/airflow_tfx_lab/vlab/lib/python3.7/site-packages/airflow/example_dags/example_kubernetes_executor.py took 0.158 seconds
[2021-03-17 20:14:59,173] {scheduler_job.py:182} INFO - Started process (PID=31861) to work on /Users/harika/Desktop/CSYE_7245/Labs/airflow_tfx_lab/vlab/lib/python3.7/site-packages/airflow/example_dags/example_kubernetes_executor.py
[2021-03-17 20:14:59,177] {scheduler_job.py:629} INFO - Processing file /Users/harika/Desktop/CSYE_7245/Labs/airflow_tfx_lab/vlab/lib/python3.7/site-packages/airflow/example_dags/example_kubernetes_executor.py for tasks to queue
[2021-03-17 20:14:59,180] {logging_mixin.py:104} INFO - [2021-03-17 20:14:59,180] {dagbag.py:448} INFO - Filling up the DagBag from /Users/harika/Desktop/CSYE_7245/Labs/airflow_tfx_lab/vlab/lib/python3.7/site-packages/airflow/example_dags/example_kubernetes_executor.py
[2021-03-17 20:14:59,196] {scheduler_job.py:639} INFO - DAG(s) dict_keys(['example_kubernetes_executor']) retrieved from /Users/harika/Desktop/CSYE_7245/Labs/airflow_tfx_lab/vlab/lib/python3.7/site-packages/airflow/example_dags/example_kubernetes_executor.py
[2021-03-17 20:14:59,220] {logging_mixin.py:104} INFO - [2021-03-17 20:14:59,219] {dag.py:1818} INFO - Sync 1 DAGs
[2021-03-17 20:14:59,338] {logging_mixin.py:104} INFO - [2021-03-17 20:14:59,338] {dag.py:2273} INFO - Setting next_dagrun for example_kubernetes_executor to None
[2021-03-17 20:14:59,346] {scheduler_job.py:190} INFO - Processing /Users/harika/Desktop/CSYE_7245/Labs/airflow_tfx_lab/vlab/lib/python3.7/site-packages/airflow/example_dags/example_kubernetes_executor.py took 0.177 seconds
[2021-03-17 20:15:36,719] {scheduler_job.py:182} INFO - Started process (PID=31895) to work on /Users/harika/Desktop/CSYE_7245/Labs/airflow_tfx_lab/vlab/lib/python3.7/site-packages/airflow/example_dags/example_kubernetes_executor.py
[2021-03-17 20:15:36,721] {scheduler_job.py:629} INFO - Processing file /Users/harika/Desktop/CSYE_7245/Labs/airflow_tfx_lab/vlab/lib/python3.7/site-packages/airflow/example_dags/example_kubernetes_executor.py for tasks to queue
[2021-03-17 20:15:36,722] {logging_mixin.py:104} INFO - [2021-03-17 20:15:36,722] {dagbag.py:448} INFO - Filling up the DagBag from /Users/harika/Desktop/CSYE_7245/Labs/airflow_tfx_lab/vlab/lib/python3.7/site-packages/airflow/example_dags/example_kubernetes_executor.py
[2021-03-17 20:15:36,739] {scheduler_job.py:639} INFO - DAG(s) dict_keys(['example_kubernetes_executor']) retrieved from /Users/harika/Desktop/CSYE_7245/Labs/airflow_tfx_lab/vlab/lib/python3.7/site-packages/airflow/example_dags/example_kubernetes_executor.py
[2021-03-17 20:15:36,850] {logging_mixin.py:104} INFO - [2021-03-17 20:15:36,849] {dag.py:1818} INFO - Sync 1 DAGs
[2021-03-17 20:15:36,866] {logging_mixin.py:104} INFO - [2021-03-17 20:15:36,865] {dag.py:2273} INFO - Setting next_dagrun for example_kubernetes_executor to None
[2021-03-17 20:15:36,880] {scheduler_job.py:190} INFO - Processing /Users/harika/Desktop/CSYE_7245/Labs/airflow_tfx_lab/vlab/lib/python3.7/site-packages/airflow/example_dags/example_kubernetes_executor.py took 0.165 seconds
[2021-03-17 20:16:16,065] {scheduler_job.py:182} INFO - Started process (PID=31929) to work on /Users/harika/Desktop/CSYE_7245/Labs/airflow_tfx_lab/vlab/lib/python3.7/site-packages/airflow/example_dags/example_kubernetes_executor.py
[2021-03-17 20:16:16,067] {scheduler_job.py:629} INFO - Processing file /Users/harika/Desktop/CSYE_7245/Labs/airflow_tfx_lab/vlab/lib/python3.7/site-packages/airflow/example_dags/example_kubernetes_executor.py for tasks to queue
[2021-03-17 20:16:16,068] {logging_mixin.py:104} INFO - [2021-03-17 20:16:16,068] {dagbag.py:448} INFO - Filling up the DagBag from /Users/harika/Desktop/CSYE_7245/Labs/airflow_tfx_lab/vlab/lib/python3.7/site-packages/airflow/example_dags/example_kubernetes_executor.py
[2021-03-17 20:16:16,089] {scheduler_job.py:639} INFO - DAG(s) dict_keys(['example_kubernetes_executor']) retrieved from /Users/harika/Desktop/CSYE_7245/Labs/airflow_tfx_lab/vlab/lib/python3.7/site-packages/airflow/example_dags/example_kubernetes_executor.py
[2021-03-17 20:16:16,215] {logging_mixin.py:104} INFO - [2021-03-17 20:16:16,214] {dag.py:1818} INFO - Sync 1 DAGs
[2021-03-17 20:16:16,228] {logging_mixin.py:104} INFO - [2021-03-17 20:16:16,227] {dag.py:2273} INFO - Setting next_dagrun for example_kubernetes_executor to None
[2021-03-17 20:16:16,241] {scheduler_job.py:190} INFO - Processing /Users/harika/Desktop/CSYE_7245/Labs/airflow_tfx_lab/vlab/lib/python3.7/site-packages/airflow/example_dags/example_kubernetes_executor.py took 0.181 seconds
[2021-03-17 20:16:55,472] {scheduler_job.py:182} INFO - Started process (PID=31963) to work on /Users/harika/Desktop/CSYE_7245/Labs/airflow_tfx_lab/vlab/lib/python3.7/site-packages/airflow/example_dags/example_kubernetes_executor.py
[2021-03-17 20:16:55,475] {scheduler_job.py:629} INFO - Processing file /Users/harika/Desktop/CSYE_7245/Labs/airflow_tfx_lab/vlab/lib/python3.7/site-packages/airflow/example_dags/example_kubernetes_executor.py for tasks to queue
[2021-03-17 20:16:55,477] {logging_mixin.py:104} INFO - [2021-03-17 20:16:55,476] {dagbag.py:448} INFO - Filling up the DagBag from /Users/harika/Desktop/CSYE_7245/Labs/airflow_tfx_lab/vlab/lib/python3.7/site-packages/airflow/example_dags/example_kubernetes_executor.py
[2021-03-17 20:16:55,500] {scheduler_job.py:639} INFO - DAG(s) dict_keys(['example_kubernetes_executor']) retrieved from /Users/harika/Desktop/CSYE_7245/Labs/airflow_tfx_lab/vlab/lib/python3.7/site-packages/airflow/example_dags/example_kubernetes_executor.py
[2021-03-17 20:16:55,625] {logging_mixin.py:104} INFO - [2021-03-17 20:16:55,625] {dag.py:1818} INFO - Sync 1 DAGs
[2021-03-17 20:16:55,638] {logging_mixin.py:104} INFO - [2021-03-17 20:16:55,638] {dag.py:2273} INFO - Setting next_dagrun for example_kubernetes_executor to None
[2021-03-17 20:16:55,647] {scheduler_job.py:190} INFO - Processing /Users/harika/Desktop/CSYE_7245/Labs/airflow_tfx_lab/vlab/lib/python3.7/site-packages/airflow/example_dags/example_kubernetes_executor.py took 0.179 seconds
[2021-03-17 20:17:32,776] {scheduler_job.py:182} INFO - Started process (PID=31993) to work on /Users/harika/Desktop/CSYE_7245/Labs/airflow_tfx_lab/vlab/lib/python3.7/site-packages/airflow/example_dags/example_kubernetes_executor.py
[2021-03-17 20:17:32,779] {scheduler_job.py:629} INFO - Processing file /Users/harika/Desktop/CSYE_7245/Labs/airflow_tfx_lab/vlab/lib/python3.7/site-packages/airflow/example_dags/example_kubernetes_executor.py for tasks to queue
[2021-03-17 20:17:32,781] {logging_mixin.py:104} INFO - [2021-03-17 20:17:32,780] {dagbag.py:448} INFO - Filling up the DagBag from /Users/harika/Desktop/CSYE_7245/Labs/airflow_tfx_lab/vlab/lib/python3.7/site-packages/airflow/example_dags/example_kubernetes_executor.py
[2021-03-17 20:17:32,800] {scheduler_job.py:639} INFO - DAG(s) dict_keys(['example_kubernetes_executor']) retrieved from /Users/harika/Desktop/CSYE_7245/Labs/airflow_tfx_lab/vlab/lib/python3.7/site-packages/airflow/example_dags/example_kubernetes_executor.py
[2021-03-17 20:17:32,910] {logging_mixin.py:104} INFO - [2021-03-17 20:17:32,910] {dag.py:1818} INFO - Sync 1 DAGs
[2021-03-17 20:17:32,922] {logging_mixin.py:104} INFO - [2021-03-17 20:17:32,922] {dag.py:2273} INFO - Setting next_dagrun for example_kubernetes_executor to None
[2021-03-17 20:17:32,930] {scheduler_job.py:190} INFO - Processing /Users/harika/Desktop/CSYE_7245/Labs/airflow_tfx_lab/vlab/lib/python3.7/site-packages/airflow/example_dags/example_kubernetes_executor.py took 0.158 seconds
[2021-03-17 20:18:13,672] {scheduler_job.py:182} INFO - Started process (PID=32036) to work on /Users/harika/Desktop/CSYE_7245/Labs/airflow_tfx_lab/vlab/lib/python3.7/site-packages/airflow/example_dags/example_kubernetes_executor.py
[2021-03-17 20:18:13,675] {scheduler_job.py:629} INFO - Processing file /Users/harika/Desktop/CSYE_7245/Labs/airflow_tfx_lab/vlab/lib/python3.7/site-packages/airflow/example_dags/example_kubernetes_executor.py for tasks to queue
[2021-03-17 20:18:13,677] {logging_mixin.py:104} INFO - [2021-03-17 20:18:13,676] {dagbag.py:448} INFO - Filling up the DagBag from /Users/harika/Desktop/CSYE_7245/Labs/airflow_tfx_lab/vlab/lib/python3.7/site-packages/airflow/example_dags/example_kubernetes_executor.py
[2021-03-17 20:18:13,787] {scheduler_job.py:639} INFO - DAG(s) dict_keys(['example_kubernetes_executor']) retrieved from /Users/harika/Desktop/CSYE_7245/Labs/airflow_tfx_lab/vlab/lib/python3.7/site-packages/airflow/example_dags/example_kubernetes_executor.py
[2021-03-17 20:18:13,801] {logging_mixin.py:104} INFO - [2021-03-17 20:18:13,800] {dag.py:1818} INFO - Sync 1 DAGs
[2021-03-17 20:18:13,812] {logging_mixin.py:104} INFO - [2021-03-17 20:18:13,811] {dag.py:2273} INFO - Setting next_dagrun for example_kubernetes_executor to None
[2021-03-17 20:18:13,819] {scheduler_job.py:190} INFO - Processing /Users/harika/Desktop/CSYE_7245/Labs/airflow_tfx_lab/vlab/lib/python3.7/site-packages/airflow/example_dags/example_kubernetes_executor.py took 0.152 seconds
[2021-03-17 20:18:54,995] {scheduler_job.py:182} INFO - Started process (PID=32078) to work on /Users/harika/Desktop/CSYE_7245/Labs/airflow_tfx_lab/vlab/lib/python3.7/site-packages/airflow/example_dags/example_kubernetes_executor.py
[2021-03-17 20:18:54,998] {scheduler_job.py:629} INFO - Processing file /Users/harika/Desktop/CSYE_7245/Labs/airflow_tfx_lab/vlab/lib/python3.7/site-packages/airflow/example_dags/example_kubernetes_executor.py for tasks to queue
[2021-03-17 20:18:55,000] {logging_mixin.py:104} INFO - [2021-03-17 20:18:54,999] {dagbag.py:448} INFO - Filling up the DagBag from /Users/harika/Desktop/CSYE_7245/Labs/airflow_tfx_lab/vlab/lib/python3.7/site-packages/airflow/example_dags/example_kubernetes_executor.py
[2021-03-17 20:18:55,121] {scheduler_job.py:639} INFO - DAG(s) dict_keys(['example_kubernetes_executor']) retrieved from /Users/harika/Desktop/CSYE_7245/Labs/airflow_tfx_lab/vlab/lib/python3.7/site-packages/airflow/example_dags/example_kubernetes_executor.py
[2021-03-17 20:18:55,133] {logging_mixin.py:104} INFO - [2021-03-17 20:18:55,133] {dag.py:1818} INFO - Sync 1 DAGs
[2021-03-17 20:18:55,143] {logging_mixin.py:104} INFO - [2021-03-17 20:18:55,143] {dag.py:2273} INFO - Setting next_dagrun for example_kubernetes_executor to None
[2021-03-17 20:18:55,151] {scheduler_job.py:190} INFO - Processing /Users/harika/Desktop/CSYE_7245/Labs/airflow_tfx_lab/vlab/lib/python3.7/site-packages/airflow/example_dags/example_kubernetes_executor.py took 0.162 seconds
[2021-03-17 20:19:32,899] {scheduler_job.py:182} INFO - Started process (PID=32111) to work on /Users/harika/Desktop/CSYE_7245/Labs/airflow_tfx_lab/vlab/lib/python3.7/site-packages/airflow/example_dags/example_kubernetes_executor.py
[2021-03-17 20:19:32,902] {scheduler_job.py:629} INFO - Processing file /Users/harika/Desktop/CSYE_7245/Labs/airflow_tfx_lab/vlab/lib/python3.7/site-packages/airflow/example_dags/example_kubernetes_executor.py for tasks to queue
[2021-03-17 20:19:32,904] {logging_mixin.py:104} INFO - [2021-03-17 20:19:32,903] {dagbag.py:448} INFO - Filling up the DagBag from /Users/harika/Desktop/CSYE_7245/Labs/airflow_tfx_lab/vlab/lib/python3.7/site-packages/airflow/example_dags/example_kubernetes_executor.py
[2021-03-17 20:19:33,013] {scheduler_job.py:639} INFO - DAG(s) dict_keys(['example_kubernetes_executor']) retrieved from /Users/harika/Desktop/CSYE_7245/Labs/airflow_tfx_lab/vlab/lib/python3.7/site-packages/airflow/example_dags/example_kubernetes_executor.py
[2021-03-17 20:19:33,026] {logging_mixin.py:104} INFO - [2021-03-17 20:19:33,026] {dag.py:1818} INFO - Sync 1 DAGs
[2021-03-17 20:19:33,037] {logging_mixin.py:104} INFO - [2021-03-17 20:19:33,037] {dag.py:2273} INFO - Setting next_dagrun for example_kubernetes_executor to None
[2021-03-17 20:19:33,046] {scheduler_job.py:190} INFO - Processing /Users/harika/Desktop/CSYE_7245/Labs/airflow_tfx_lab/vlab/lib/python3.7/site-packages/airflow/example_dags/example_kubernetes_executor.py took 0.151 seconds
[2021-03-17 20:20:11,405] {scheduler_job.py:182} INFO - Started process (PID=32140) to work on /Users/harika/Desktop/CSYE_7245/Labs/airflow_tfx_lab/vlab/lib/python3.7/site-packages/airflow/example_dags/example_kubernetes_executor.py
[2021-03-17 20:20:11,407] {scheduler_job.py:629} INFO - Processing file /Users/harika/Desktop/CSYE_7245/Labs/airflow_tfx_lab/vlab/lib/python3.7/site-packages/airflow/example_dags/example_kubernetes_executor.py for tasks to queue
[2021-03-17 20:20:11,409] {logging_mixin.py:104} INFO - [2021-03-17 20:20:11,408] {dagbag.py:448} INFO - Filling up the DagBag from /Users/harika/Desktop/CSYE_7245/Labs/airflow_tfx_lab/vlab/lib/python3.7/site-packages/airflow/example_dags/example_kubernetes_executor.py
[2021-03-17 20:20:11,533] {scheduler_job.py:639} INFO - DAG(s) dict_keys(['example_kubernetes_executor']) retrieved from /Users/harika/Desktop/CSYE_7245/Labs/airflow_tfx_lab/vlab/lib/python3.7/site-packages/airflow/example_dags/example_kubernetes_executor.py
[2021-03-17 20:20:11,546] {logging_mixin.py:104} INFO - [2021-03-17 20:20:11,545] {dag.py:1818} INFO - Sync 1 DAGs
[2021-03-17 20:20:11,559] {logging_mixin.py:104} INFO - [2021-03-17 20:20:11,558] {dag.py:2273} INFO - Setting next_dagrun for example_kubernetes_executor to None
[2021-03-17 20:20:11,567] {scheduler_job.py:190} INFO - Processing /Users/harika/Desktop/CSYE_7245/Labs/airflow_tfx_lab/vlab/lib/python3.7/site-packages/airflow/example_dags/example_kubernetes_executor.py took 0.166 seconds
[2021-03-17 20:20:51,270] {scheduler_job.py:182} INFO - Started process (PID=32171) to work on /Users/harika/Desktop/CSYE_7245/Labs/airflow_tfx_lab/vlab/lib/python3.7/site-packages/airflow/example_dags/example_kubernetes_executor.py
[2021-03-17 20:20:51,414] {scheduler_job.py:629} INFO - Processing file /Users/harika/Desktop/CSYE_7245/Labs/airflow_tfx_lab/vlab/lib/python3.7/site-packages/airflow/example_dags/example_kubernetes_executor.py for tasks to queue
[2021-03-17 20:20:51,417] {logging_mixin.py:104} INFO - [2021-03-17 20:20:51,416] {dagbag.py:448} INFO - Filling up the DagBag from /Users/harika/Desktop/CSYE_7245/Labs/airflow_tfx_lab/vlab/lib/python3.7/site-packages/airflow/example_dags/example_kubernetes_executor.py
[2021-03-17 20:20:51,442] {scheduler_job.py:639} INFO - DAG(s) dict_keys(['example_kubernetes_executor']) retrieved from /Users/harika/Desktop/CSYE_7245/Labs/airflow_tfx_lab/vlab/lib/python3.7/site-packages/airflow/example_dags/example_kubernetes_executor.py
[2021-03-17 20:20:51,460] {logging_mixin.py:104} INFO - [2021-03-17 20:20:51,459] {dag.py:1818} INFO - Sync 1 DAGs
[2021-03-17 20:20:51,474] {logging_mixin.py:104} INFO - [2021-03-17 20:20:51,474] {dag.py:2273} INFO - Setting next_dagrun for example_kubernetes_executor to None
[2021-03-17 20:20:51,486] {scheduler_job.py:190} INFO - Processing /Users/harika/Desktop/CSYE_7245/Labs/airflow_tfx_lab/vlab/lib/python3.7/site-packages/airflow/example_dags/example_kubernetes_executor.py took 0.221 seconds
[2021-03-17 20:21:33,722] {scheduler_job.py:182} INFO - Started process (PID=32224) to work on /Users/harika/Desktop/CSYE_7245/Labs/airflow_tfx_lab/vlab/lib/python3.7/site-packages/airflow/example_dags/example_kubernetes_executor.py
[2021-03-17 20:21:33,725] {scheduler_job.py:629} INFO - Processing file /Users/harika/Desktop/CSYE_7245/Labs/airflow_tfx_lab/vlab/lib/python3.7/site-packages/airflow/example_dags/example_kubernetes_executor.py for tasks to queue
[2021-03-17 20:21:33,727] {logging_mixin.py:104} INFO - [2021-03-17 20:21:33,726] {dagbag.py:448} INFO - Filling up the DagBag from /Users/harika/Desktop/CSYE_7245/Labs/airflow_tfx_lab/vlab/lib/python3.7/site-packages/airflow/example_dags/example_kubernetes_executor.py
[2021-03-17 20:21:33,743] {scheduler_job.py:639} INFO - DAG(s) dict_keys(['example_kubernetes_executor']) retrieved from /Users/harika/Desktop/CSYE_7245/Labs/airflow_tfx_lab/vlab/lib/python3.7/site-packages/airflow/example_dags/example_kubernetes_executor.py
[2021-03-17 20:21:33,760] {logging_mixin.py:104} INFO - [2021-03-17 20:21:33,760] {dag.py:1818} INFO - Sync 1 DAGs
[2021-03-17 20:21:33,773] {logging_mixin.py:104} INFO - [2021-03-17 20:21:33,772] {dag.py:2273} INFO - Setting next_dagrun for example_kubernetes_executor to None
[2021-03-17 20:21:33,781] {scheduler_job.py:190} INFO - Processing /Users/harika/Desktop/CSYE_7245/Labs/airflow_tfx_lab/vlab/lib/python3.7/site-packages/airflow/example_dags/example_kubernetes_executor.py took 0.063 seconds
[2021-03-17 20:22:17,955] {scheduler_job.py:182} INFO - Started process (PID=32270) to work on /Users/harika/Desktop/CSYE_7245/Labs/airflow_tfx_lab/vlab/lib/python3.7/site-packages/airflow/example_dags/example_kubernetes_executor.py
[2021-03-17 20:22:17,964] {scheduler_job.py:629} INFO - Processing file /Users/harika/Desktop/CSYE_7245/Labs/airflow_tfx_lab/vlab/lib/python3.7/site-packages/airflow/example_dags/example_kubernetes_executor.py for tasks to queue
[2021-03-17 20:22:17,969] {logging_mixin.py:104} INFO - [2021-03-17 20:22:17,968] {dagbag.py:448} INFO - Filling up the DagBag from /Users/harika/Desktop/CSYE_7245/Labs/airflow_tfx_lab/vlab/lib/python3.7/site-packages/airflow/example_dags/example_kubernetes_executor.py
[2021-03-17 20:22:18,028] {scheduler_job.py:639} INFO - DAG(s) dict_keys(['example_kubernetes_executor']) retrieved from /Users/harika/Desktop/CSYE_7245/Labs/airflow_tfx_lab/vlab/lib/python3.7/site-packages/airflow/example_dags/example_kubernetes_executor.py
[2021-03-17 20:22:18,063] {logging_mixin.py:104} INFO - [2021-03-17 20:22:18,062] {dag.py:1818} INFO - Sync 1 DAGs
[2021-03-17 20:22:18,135] {logging_mixin.py:104} INFO - [2021-03-17 20:22:18,135] {dag.py:2273} INFO - Setting next_dagrun for example_kubernetes_executor to None
[2021-03-17 20:22:18,191] {scheduler_job.py:190} INFO - Processing /Users/harika/Desktop/CSYE_7245/Labs/airflow_tfx_lab/vlab/lib/python3.7/site-packages/airflow/example_dags/example_kubernetes_executor.py took 0.246 seconds
[2021-03-17 20:22:57,063] {scheduler_job.py:182} INFO - Started process (PID=32320) to work on /Users/harika/Desktop/CSYE_7245/Labs/airflow_tfx_lab/vlab/lib/python3.7/site-packages/airflow/example_dags/example_kubernetes_executor.py
[2021-03-17 20:22:57,066] {scheduler_job.py:629} INFO - Processing file /Users/harika/Desktop/CSYE_7245/Labs/airflow_tfx_lab/vlab/lib/python3.7/site-packages/airflow/example_dags/example_kubernetes_executor.py for tasks to queue
[2021-03-17 20:22:57,067] {logging_mixin.py:104} INFO - [2021-03-17 20:22:57,067] {dagbag.py:448} INFO - Filling up the DagBag from /Users/harika/Desktop/CSYE_7245/Labs/airflow_tfx_lab/vlab/lib/python3.7/site-packages/airflow/example_dags/example_kubernetes_executor.py
[2021-03-17 20:22:57,087] {scheduler_job.py:639} INFO - DAG(s) dict_keys(['example_kubernetes_executor']) retrieved from /Users/harika/Desktop/CSYE_7245/Labs/airflow_tfx_lab/vlab/lib/python3.7/site-packages/airflow/example_dags/example_kubernetes_executor.py
[2021-03-17 20:22:57,105] {logging_mixin.py:104} INFO - [2021-03-17 20:22:57,105] {dag.py:1818} INFO - Sync 1 DAGs
[2021-03-17 20:22:57,119] {logging_mixin.py:104} INFO - [2021-03-17 20:22:57,119] {dag.py:2273} INFO - Setting next_dagrun for example_kubernetes_executor to None
[2021-03-17 20:22:57,130] {scheduler_job.py:190} INFO - Processing /Users/harika/Desktop/CSYE_7245/Labs/airflow_tfx_lab/vlab/lib/python3.7/site-packages/airflow/example_dags/example_kubernetes_executor.py took 0.071 seconds
[2021-03-17 20:23:42,421] {scheduler_job.py:182} INFO - Started process (PID=32361) to work on /Users/harika/Desktop/CSYE_7245/Labs/airflow_tfx_lab/vlab/lib/python3.7/site-packages/airflow/example_dags/example_kubernetes_executor.py
[2021-03-17 20:23:42,424] {scheduler_job.py:629} INFO - Processing file /Users/harika/Desktop/CSYE_7245/Labs/airflow_tfx_lab/vlab/lib/python3.7/site-packages/airflow/example_dags/example_kubernetes_executor.py for tasks to queue
[2021-03-17 20:23:42,427] {logging_mixin.py:104} INFO - [2021-03-17 20:23:42,426] {dagbag.py:448} INFO - Filling up the DagBag from /Users/harika/Desktop/CSYE_7245/Labs/airflow_tfx_lab/vlab/lib/python3.7/site-packages/airflow/example_dags/example_kubernetes_executor.py
[2021-03-17 20:23:42,458] {scheduler_job.py:639} INFO - DAG(s) dict_keys(['example_kubernetes_executor']) retrieved from /Users/harika/Desktop/CSYE_7245/Labs/airflow_tfx_lab/vlab/lib/python3.7/site-packages/airflow/example_dags/example_kubernetes_executor.py
[2021-03-17 20:23:42,487] {logging_mixin.py:104} INFO - [2021-03-17 20:23:42,487] {dag.py:1818} INFO - Sync 1 DAGs
[2021-03-17 20:23:42,508] {logging_mixin.py:104} INFO - [2021-03-17 20:23:42,508] {dag.py:2273} INFO - Setting next_dagrun for example_kubernetes_executor to None
[2021-03-17 20:23:42,524] {scheduler_job.py:190} INFO - Processing /Users/harika/Desktop/CSYE_7245/Labs/airflow_tfx_lab/vlab/lib/python3.7/site-packages/airflow/example_dags/example_kubernetes_executor.py took 0.109 seconds
[2021-03-17 20:24:22,701] {scheduler_job.py:182} INFO - Started process (PID=32412) to work on /Users/harika/Desktop/CSYE_7245/Labs/airflow_tfx_lab/vlab/lib/python3.7/site-packages/airflow/example_dags/example_kubernetes_executor.py
[2021-03-17 20:24:22,705] {scheduler_job.py:629} INFO - Processing file /Users/harika/Desktop/CSYE_7245/Labs/airflow_tfx_lab/vlab/lib/python3.7/site-packages/airflow/example_dags/example_kubernetes_executor.py for tasks to queue
[2021-03-17 20:24:22,707] {logging_mixin.py:104} INFO - [2021-03-17 20:24:22,706] {dagbag.py:448} INFO - Filling up the DagBag from /Users/harika/Desktop/CSYE_7245/Labs/airflow_tfx_lab/vlab/lib/python3.7/site-packages/airflow/example_dags/example_kubernetes_executor.py
[2021-03-17 20:24:22,740] {scheduler_job.py:639} INFO - DAG(s) dict_keys(['example_kubernetes_executor']) retrieved from /Users/harika/Desktop/CSYE_7245/Labs/airflow_tfx_lab/vlab/lib/python3.7/site-packages/airflow/example_dags/example_kubernetes_executor.py
[2021-03-17 20:24:22,795] {logging_mixin.py:104} INFO - [2021-03-17 20:24:22,795] {dag.py:1818} INFO - Sync 1 DAGs
[2021-03-17 20:24:22,821] {logging_mixin.py:104} INFO - [2021-03-17 20:24:22,820] {dag.py:2273} INFO - Setting next_dagrun for example_kubernetes_executor to None
[2021-03-17 20:24:22,837] {scheduler_job.py:190} INFO - Processing /Users/harika/Desktop/CSYE_7245/Labs/airflow_tfx_lab/vlab/lib/python3.7/site-packages/airflow/example_dags/example_kubernetes_executor.py took 0.146 seconds
[2021-03-17 20:25:01,356] {scheduler_job.py:182} INFO - Started process (PID=32454) to work on /Users/harika/Desktop/CSYE_7245/Labs/airflow_tfx_lab/vlab/lib/python3.7/site-packages/airflow/example_dags/example_kubernetes_executor.py
[2021-03-17 20:25:01,359] {scheduler_job.py:629} INFO - Processing file /Users/harika/Desktop/CSYE_7245/Labs/airflow_tfx_lab/vlab/lib/python3.7/site-packages/airflow/example_dags/example_kubernetes_executor.py for tasks to queue
[2021-03-17 20:25:01,361] {logging_mixin.py:104} INFO - [2021-03-17 20:25:01,360] {dagbag.py:448} INFO - Filling up the DagBag from /Users/harika/Desktop/CSYE_7245/Labs/airflow_tfx_lab/vlab/lib/python3.7/site-packages/airflow/example_dags/example_kubernetes_executor.py
[2021-03-17 20:25:01,378] {scheduler_job.py:639} INFO - DAG(s) dict_keys(['example_kubernetes_executor']) retrieved from /Users/harika/Desktop/CSYE_7245/Labs/airflow_tfx_lab/vlab/lib/python3.7/site-packages/airflow/example_dags/example_kubernetes_executor.py
[2021-03-17 20:25:01,396] {logging_mixin.py:104} INFO - [2021-03-17 20:25:01,396] {dag.py:1818} INFO - Sync 1 DAGs
[2021-03-17 20:25:01,412] {logging_mixin.py:104} INFO - [2021-03-17 20:25:01,411] {dag.py:2273} INFO - Setting next_dagrun for example_kubernetes_executor to None
[2021-03-17 20:25:01,423] {scheduler_job.py:190} INFO - Processing /Users/harika/Desktop/CSYE_7245/Labs/airflow_tfx_lab/vlab/lib/python3.7/site-packages/airflow/example_dags/example_kubernetes_executor.py took 0.072 seconds
