[2021-03-17 20:00:37,249] {scheduler_job.py:182} INFO - Started process (PID=31110) to work on /Users/harika/Desktop/CSYE_7245/Labs/airflow_tfx_lab/vlab/lib/python3.7/site-packages/airflow/example_dags/example_complex.py
[2021-03-17 20:00:37,251] {scheduler_job.py:629} INFO - Processing file /Users/harika/Desktop/CSYE_7245/Labs/airflow_tfx_lab/vlab/lib/python3.7/site-packages/airflow/example_dags/example_complex.py for tasks to queue
[2021-03-17 20:00:37,252] {logging_mixin.py:104} INFO - [2021-03-17 20:00:37,252] {dagbag.py:448} INFO - Filling up the DagBag from /Users/harika/Desktop/CSYE_7245/Labs/airflow_tfx_lab/vlab/lib/python3.7/site-packages/airflow/example_dags/example_complex.py
[2021-03-17 20:00:37,279] {scheduler_job.py:639} INFO - DAG(s) dict_keys(['example_complex']) retrieved from /Users/harika/Desktop/CSYE_7245/Labs/airflow_tfx_lab/vlab/lib/python3.7/site-packages/airflow/example_dags/example_complex.py
[2021-03-17 20:00:37,305] {logging_mixin.py:104} INFO - [2021-03-17 20:00:37,304] {dag.py:1818} INFO - Sync 1 DAGs
[2021-03-17 20:00:37,327] {logging_mixin.py:104} INFO - [2021-03-17 20:00:37,326] {dag.py:2273} INFO - Setting next_dagrun for example_complex to None
[2021-03-17 20:00:37,342] {scheduler_job.py:190} INFO - Processing /Users/harika/Desktop/CSYE_7245/Labs/airflow_tfx_lab/vlab/lib/python3.7/site-packages/airflow/example_dags/example_complex.py took 0.097 seconds
[2021-03-17 20:01:19,488] {scheduler_job.py:182} INFO - Started process (PID=31149) to work on /Users/harika/Desktop/CSYE_7245/Labs/airflow_tfx_lab/vlab/lib/python3.7/site-packages/airflow/example_dags/example_complex.py
[2021-03-17 20:01:19,490] {scheduler_job.py:629} INFO - Processing file /Users/harika/Desktop/CSYE_7245/Labs/airflow_tfx_lab/vlab/lib/python3.7/site-packages/airflow/example_dags/example_complex.py for tasks to queue
[2021-03-17 20:01:19,492] {logging_mixin.py:104} INFO - [2021-03-17 20:01:19,492] {dagbag.py:448} INFO - Filling up the DagBag from /Users/harika/Desktop/CSYE_7245/Labs/airflow_tfx_lab/vlab/lib/python3.7/site-packages/airflow/example_dags/example_complex.py
[2021-03-17 20:01:19,515] {scheduler_job.py:639} INFO - DAG(s) dict_keys(['example_complex']) retrieved from /Users/harika/Desktop/CSYE_7245/Labs/airflow_tfx_lab/vlab/lib/python3.7/site-packages/airflow/example_dags/example_complex.py
[2021-03-17 20:01:19,537] {logging_mixin.py:104} INFO - [2021-03-17 20:01:19,536] {dag.py:1818} INFO - Sync 1 DAGs
[2021-03-17 20:01:19,549] {logging_mixin.py:104} INFO - [2021-03-17 20:01:19,548] {dag.py:2273} INFO - Setting next_dagrun for example_complex to None
[2021-03-17 20:01:19,564] {scheduler_job.py:190} INFO - Processing /Users/harika/Desktop/CSYE_7245/Labs/airflow_tfx_lab/vlab/lib/python3.7/site-packages/airflow/example_dags/example_complex.py took 0.080 seconds
[2021-03-17 20:01:57,850] {scheduler_job.py:182} INFO - Started process (PID=31179) to work on /Users/harika/Desktop/CSYE_7245/Labs/airflow_tfx_lab/vlab/lib/python3.7/site-packages/airflow/example_dags/example_complex.py
[2021-03-17 20:01:57,853] {scheduler_job.py:629} INFO - Processing file /Users/harika/Desktop/CSYE_7245/Labs/airflow_tfx_lab/vlab/lib/python3.7/site-packages/airflow/example_dags/example_complex.py for tasks to queue
[2021-03-17 20:01:57,855] {logging_mixin.py:104} INFO - [2021-03-17 20:01:57,855] {dagbag.py:448} INFO - Filling up the DagBag from /Users/harika/Desktop/CSYE_7245/Labs/airflow_tfx_lab/vlab/lib/python3.7/site-packages/airflow/example_dags/example_complex.py
[2021-03-17 20:01:57,879] {scheduler_job.py:639} INFO - DAG(s) dict_keys(['example_complex']) retrieved from /Users/harika/Desktop/CSYE_7245/Labs/airflow_tfx_lab/vlab/lib/python3.7/site-packages/airflow/example_dags/example_complex.py
[2021-03-17 20:01:57,905] {logging_mixin.py:104} INFO - [2021-03-17 20:01:57,904] {dag.py:1818} INFO - Sync 1 DAGs
[2021-03-17 20:01:57,919] {logging_mixin.py:104} INFO - [2021-03-17 20:01:57,918] {dag.py:2273} INFO - Setting next_dagrun for example_complex to None
[2021-03-17 20:01:57,932] {scheduler_job.py:190} INFO - Processing /Users/harika/Desktop/CSYE_7245/Labs/airflow_tfx_lab/vlab/lib/python3.7/site-packages/airflow/example_dags/example_complex.py took 0.087 seconds
[2021-03-17 20:02:36,437] {scheduler_job.py:182} INFO - Started process (PID=31209) to work on /Users/harika/Desktop/CSYE_7245/Labs/airflow_tfx_lab/vlab/lib/python3.7/site-packages/airflow/example_dags/example_complex.py
[2021-03-17 20:02:36,440] {scheduler_job.py:629} INFO - Processing file /Users/harika/Desktop/CSYE_7245/Labs/airflow_tfx_lab/vlab/lib/python3.7/site-packages/airflow/example_dags/example_complex.py for tasks to queue
[2021-03-17 20:02:36,443] {logging_mixin.py:104} INFO - [2021-03-17 20:02:36,442] {dagbag.py:448} INFO - Filling up the DagBag from /Users/harika/Desktop/CSYE_7245/Labs/airflow_tfx_lab/vlab/lib/python3.7/site-packages/airflow/example_dags/example_complex.py
[2021-03-17 20:02:36,466] {scheduler_job.py:639} INFO - DAG(s) dict_keys(['example_complex']) retrieved from /Users/harika/Desktop/CSYE_7245/Labs/airflow_tfx_lab/vlab/lib/python3.7/site-packages/airflow/example_dags/example_complex.py
[2021-03-17 20:02:36,490] {logging_mixin.py:104} INFO - [2021-03-17 20:02:36,489] {dag.py:1818} INFO - Sync 1 DAGs
[2021-03-17 20:02:36,503] {logging_mixin.py:104} INFO - [2021-03-17 20:02:36,502] {dag.py:2273} INFO - Setting next_dagrun for example_complex to None
[2021-03-17 20:02:36,512] {scheduler_job.py:190} INFO - Processing /Users/harika/Desktop/CSYE_7245/Labs/airflow_tfx_lab/vlab/lib/python3.7/site-packages/airflow/example_dags/example_complex.py took 0.079 seconds
[2021-03-17 20:03:16,095] {scheduler_job.py:182} INFO - Started process (PID=31251) to work on /Users/harika/Desktop/CSYE_7245/Labs/airflow_tfx_lab/vlab/lib/python3.7/site-packages/airflow/example_dags/example_complex.py
[2021-03-17 20:03:16,098] {scheduler_job.py:629} INFO - Processing file /Users/harika/Desktop/CSYE_7245/Labs/airflow_tfx_lab/vlab/lib/python3.7/site-packages/airflow/example_dags/example_complex.py for tasks to queue
[2021-03-17 20:03:16,100] {logging_mixin.py:104} INFO - [2021-03-17 20:03:16,100] {dagbag.py:448} INFO - Filling up the DagBag from /Users/harika/Desktop/CSYE_7245/Labs/airflow_tfx_lab/vlab/lib/python3.7/site-packages/airflow/example_dags/example_complex.py
[2021-03-17 20:03:16,123] {scheduler_job.py:639} INFO - DAG(s) dict_keys(['example_complex']) retrieved from /Users/harika/Desktop/CSYE_7245/Labs/airflow_tfx_lab/vlab/lib/python3.7/site-packages/airflow/example_dags/example_complex.py
[2021-03-17 20:03:16,154] {logging_mixin.py:104} INFO - [2021-03-17 20:03:16,153] {dag.py:1818} INFO - Sync 1 DAGs
[2021-03-17 20:03:16,169] {logging_mixin.py:104} INFO - [2021-03-17 20:03:16,168] {dag.py:2273} INFO - Setting next_dagrun for example_complex to None
[2021-03-17 20:03:16,179] {scheduler_job.py:190} INFO - Processing /Users/harika/Desktop/CSYE_7245/Labs/airflow_tfx_lab/vlab/lib/python3.7/site-packages/airflow/example_dags/example_complex.py took 0.088 seconds
[2021-03-17 20:03:54,664] {scheduler_job.py:182} INFO - Started process (PID=31289) to work on /Users/harika/Desktop/CSYE_7245/Labs/airflow_tfx_lab/vlab/lib/python3.7/site-packages/airflow/example_dags/example_complex.py
[2021-03-17 20:03:54,666] {scheduler_job.py:629} INFO - Processing file /Users/harika/Desktop/CSYE_7245/Labs/airflow_tfx_lab/vlab/lib/python3.7/site-packages/airflow/example_dags/example_complex.py for tasks to queue
[2021-03-17 20:03:54,667] {logging_mixin.py:104} INFO - [2021-03-17 20:03:54,667] {dagbag.py:448} INFO - Filling up the DagBag from /Users/harika/Desktop/CSYE_7245/Labs/airflow_tfx_lab/vlab/lib/python3.7/site-packages/airflow/example_dags/example_complex.py
[2021-03-17 20:03:54,687] {scheduler_job.py:639} INFO - DAG(s) dict_keys(['example_complex']) retrieved from /Users/harika/Desktop/CSYE_7245/Labs/airflow_tfx_lab/vlab/lib/python3.7/site-packages/airflow/example_dags/example_complex.py
[2021-03-17 20:03:54,711] {logging_mixin.py:104} INFO - [2021-03-17 20:03:54,709] {dag.py:1818} INFO - Sync 1 DAGs
[2021-03-17 20:03:54,726] {logging_mixin.py:104} INFO - [2021-03-17 20:03:54,725] {dag.py:2273} INFO - Setting next_dagrun for example_complex to None
[2021-03-17 20:03:54,738] {scheduler_job.py:190} INFO - Processing /Users/harika/Desktop/CSYE_7245/Labs/airflow_tfx_lab/vlab/lib/python3.7/site-packages/airflow/example_dags/example_complex.py took 0.078 seconds
[2021-03-17 20:04:33,036] {scheduler_job.py:182} INFO - Started process (PID=31323) to work on /Users/harika/Desktop/CSYE_7245/Labs/airflow_tfx_lab/vlab/lib/python3.7/site-packages/airflow/example_dags/example_complex.py
[2021-03-17 20:04:33,039] {scheduler_job.py:629} INFO - Processing file /Users/harika/Desktop/CSYE_7245/Labs/airflow_tfx_lab/vlab/lib/python3.7/site-packages/airflow/example_dags/example_complex.py for tasks to queue
[2021-03-17 20:04:33,041] {logging_mixin.py:104} INFO - [2021-03-17 20:04:33,040] {dagbag.py:448} INFO - Filling up the DagBag from /Users/harika/Desktop/CSYE_7245/Labs/airflow_tfx_lab/vlab/lib/python3.7/site-packages/airflow/example_dags/example_complex.py
[2021-03-17 20:04:33,063] {scheduler_job.py:639} INFO - DAG(s) dict_keys(['example_complex']) retrieved from /Users/harika/Desktop/CSYE_7245/Labs/airflow_tfx_lab/vlab/lib/python3.7/site-packages/airflow/example_dags/example_complex.py
[2021-03-17 20:04:33,087] {logging_mixin.py:104} INFO - [2021-03-17 20:04:33,087] {dag.py:1818} INFO - Sync 1 DAGs
[2021-03-17 20:04:33,104] {logging_mixin.py:104} INFO - [2021-03-17 20:04:33,104] {dag.py:2273} INFO - Setting next_dagrun for example_complex to None
[2021-03-17 20:04:33,114] {scheduler_job.py:190} INFO - Processing /Users/harika/Desktop/CSYE_7245/Labs/airflow_tfx_lab/vlab/lib/python3.7/site-packages/airflow/example_dags/example_complex.py took 0.082 seconds
[2021-03-17 20:05:11,581] {scheduler_job.py:182} INFO - Started process (PID=31355) to work on /Users/harika/Desktop/CSYE_7245/Labs/airflow_tfx_lab/vlab/lib/python3.7/site-packages/airflow/example_dags/example_complex.py
[2021-03-17 20:05:11,584] {scheduler_job.py:629} INFO - Processing file /Users/harika/Desktop/CSYE_7245/Labs/airflow_tfx_lab/vlab/lib/python3.7/site-packages/airflow/example_dags/example_complex.py for tasks to queue
[2021-03-17 20:05:11,586] {logging_mixin.py:104} INFO - [2021-03-17 20:05:11,586] {dagbag.py:448} INFO - Filling up the DagBag from /Users/harika/Desktop/CSYE_7245/Labs/airflow_tfx_lab/vlab/lib/python3.7/site-packages/airflow/example_dags/example_complex.py
[2021-03-17 20:05:11,608] {scheduler_job.py:639} INFO - DAG(s) dict_keys(['example_complex']) retrieved from /Users/harika/Desktop/CSYE_7245/Labs/airflow_tfx_lab/vlab/lib/python3.7/site-packages/airflow/example_dags/example_complex.py
[2021-03-17 20:05:11,629] {logging_mixin.py:104} INFO - [2021-03-17 20:05:11,629] {dag.py:1818} INFO - Sync 1 DAGs
[2021-03-17 20:05:11,645] {logging_mixin.py:104} INFO - [2021-03-17 20:05:11,645] {dag.py:2273} INFO - Setting next_dagrun for example_complex to None
[2021-03-17 20:05:11,656] {scheduler_job.py:190} INFO - Processing /Users/harika/Desktop/CSYE_7245/Labs/airflow_tfx_lab/vlab/lib/python3.7/site-packages/airflow/example_dags/example_complex.py took 0.079 seconds
[2021-03-17 20:05:52,075] {scheduler_job.py:182} INFO - Started process (PID=31390) to work on /Users/harika/Desktop/CSYE_7245/Labs/airflow_tfx_lab/vlab/lib/python3.7/site-packages/airflow/example_dags/example_complex.py
[2021-03-17 20:05:52,079] {scheduler_job.py:629} INFO - Processing file /Users/harika/Desktop/CSYE_7245/Labs/airflow_tfx_lab/vlab/lib/python3.7/site-packages/airflow/example_dags/example_complex.py for tasks to queue
[2021-03-17 20:05:52,080] {logging_mixin.py:104} INFO - [2021-03-17 20:05:52,080] {dagbag.py:448} INFO - Filling up the DagBag from /Users/harika/Desktop/CSYE_7245/Labs/airflow_tfx_lab/vlab/lib/python3.7/site-packages/airflow/example_dags/example_complex.py
[2021-03-17 20:05:52,101] {scheduler_job.py:639} INFO - DAG(s) dict_keys(['example_complex']) retrieved from /Users/harika/Desktop/CSYE_7245/Labs/airflow_tfx_lab/vlab/lib/python3.7/site-packages/airflow/example_dags/example_complex.py
[2021-03-17 20:05:52,122] {logging_mixin.py:104} INFO - [2021-03-17 20:05:52,122] {dag.py:1818} INFO - Sync 1 DAGs
[2021-03-17 20:05:52,135] {logging_mixin.py:104} INFO - [2021-03-17 20:05:52,134] {dag.py:2273} INFO - Setting next_dagrun for example_complex to None
[2021-03-17 20:05:52,144] {scheduler_job.py:190} INFO - Processing /Users/harika/Desktop/CSYE_7245/Labs/airflow_tfx_lab/vlab/lib/python3.7/site-packages/airflow/example_dags/example_complex.py took 0.074 seconds
[2021-03-17 20:06:30,242] {scheduler_job.py:182} INFO - Started process (PID=31419) to work on /Users/harika/Desktop/CSYE_7245/Labs/airflow_tfx_lab/vlab/lib/python3.7/site-packages/airflow/example_dags/example_complex.py
[2021-03-17 20:06:30,244] {scheduler_job.py:629} INFO - Processing file /Users/harika/Desktop/CSYE_7245/Labs/airflow_tfx_lab/vlab/lib/python3.7/site-packages/airflow/example_dags/example_complex.py for tasks to queue
[2021-03-17 20:06:30,246] {logging_mixin.py:104} INFO - [2021-03-17 20:06:30,245] {dagbag.py:448} INFO - Filling up the DagBag from /Users/harika/Desktop/CSYE_7245/Labs/airflow_tfx_lab/vlab/lib/python3.7/site-packages/airflow/example_dags/example_complex.py
[2021-03-17 20:06:30,268] {scheduler_job.py:639} INFO - DAG(s) dict_keys(['example_complex']) retrieved from /Users/harika/Desktop/CSYE_7245/Labs/airflow_tfx_lab/vlab/lib/python3.7/site-packages/airflow/example_dags/example_complex.py
[2021-03-17 20:06:30,292] {logging_mixin.py:104} INFO - [2021-03-17 20:06:30,292] {dag.py:1818} INFO - Sync 1 DAGs
[2021-03-17 20:06:30,308] {logging_mixin.py:104} INFO - [2021-03-17 20:06:30,308] {dag.py:2273} INFO - Setting next_dagrun for example_complex to None
[2021-03-17 20:06:30,320] {scheduler_job.py:190} INFO - Processing /Users/harika/Desktop/CSYE_7245/Labs/airflow_tfx_lab/vlab/lib/python3.7/site-packages/airflow/example_dags/example_complex.py took 0.082 seconds
[2021-03-17 20:07:08,733] {scheduler_job.py:182} INFO - Started process (PID=31449) to work on /Users/harika/Desktop/CSYE_7245/Labs/airflow_tfx_lab/vlab/lib/python3.7/site-packages/airflow/example_dags/example_complex.py
[2021-03-17 20:07:08,735] {scheduler_job.py:629} INFO - Processing file /Users/harika/Desktop/CSYE_7245/Labs/airflow_tfx_lab/vlab/lib/python3.7/site-packages/airflow/example_dags/example_complex.py for tasks to queue
[2021-03-17 20:07:08,738] {logging_mixin.py:104} INFO - [2021-03-17 20:07:08,737] {dagbag.py:448} INFO - Filling up the DagBag from /Users/harika/Desktop/CSYE_7245/Labs/airflow_tfx_lab/vlab/lib/python3.7/site-packages/airflow/example_dags/example_complex.py
[2021-03-17 20:07:08,764] {scheduler_job.py:639} INFO - DAG(s) dict_keys(['example_complex']) retrieved from /Users/harika/Desktop/CSYE_7245/Labs/airflow_tfx_lab/vlab/lib/python3.7/site-packages/airflow/example_dags/example_complex.py
[2021-03-17 20:07:08,789] {logging_mixin.py:104} INFO - [2021-03-17 20:07:08,788] {dag.py:1818} INFO - Sync 1 DAGs
[2021-03-17 20:07:08,802] {logging_mixin.py:104} INFO - [2021-03-17 20:07:08,801] {dag.py:2273} INFO - Setting next_dagrun for example_complex to None
[2021-03-17 20:07:08,812] {scheduler_job.py:190} INFO - Processing /Users/harika/Desktop/CSYE_7245/Labs/airflow_tfx_lab/vlab/lib/python3.7/site-packages/airflow/example_dags/example_complex.py took 0.083 seconds
[2021-03-17 20:07:47,580] {scheduler_job.py:182} INFO - Started process (PID=31481) to work on /Users/harika/Desktop/CSYE_7245/Labs/airflow_tfx_lab/vlab/lib/python3.7/site-packages/airflow/example_dags/example_complex.py
[2021-03-17 20:07:47,583] {scheduler_job.py:629} INFO - Processing file /Users/harika/Desktop/CSYE_7245/Labs/airflow_tfx_lab/vlab/lib/python3.7/site-packages/airflow/example_dags/example_complex.py for tasks to queue
[2021-03-17 20:07:47,585] {logging_mixin.py:104} INFO - [2021-03-17 20:07:47,584] {dagbag.py:448} INFO - Filling up the DagBag from /Users/harika/Desktop/CSYE_7245/Labs/airflow_tfx_lab/vlab/lib/python3.7/site-packages/airflow/example_dags/example_complex.py
[2021-03-17 20:07:47,608] {scheduler_job.py:639} INFO - DAG(s) dict_keys(['example_complex']) retrieved from /Users/harika/Desktop/CSYE_7245/Labs/airflow_tfx_lab/vlab/lib/python3.7/site-packages/airflow/example_dags/example_complex.py
[2021-03-17 20:07:47,631] {logging_mixin.py:104} INFO - [2021-03-17 20:07:47,631] {dag.py:1818} INFO - Sync 1 DAGs
[2021-03-17 20:07:47,645] {logging_mixin.py:104} INFO - [2021-03-17 20:07:47,644] {dag.py:2273} INFO - Setting next_dagrun for example_complex to None
[2021-03-17 20:07:47,654] {scheduler_job.py:190} INFO - Processing /Users/harika/Desktop/CSYE_7245/Labs/airflow_tfx_lab/vlab/lib/python3.7/site-packages/airflow/example_dags/example_complex.py took 0.078 seconds
[2021-03-17 20:08:27,142] {scheduler_job.py:182} INFO - Started process (PID=31520) to work on /Users/harika/Desktop/CSYE_7245/Labs/airflow_tfx_lab/vlab/lib/python3.7/site-packages/airflow/example_dags/example_complex.py
[2021-03-17 20:08:27,146] {scheduler_job.py:629} INFO - Processing file /Users/harika/Desktop/CSYE_7245/Labs/airflow_tfx_lab/vlab/lib/python3.7/site-packages/airflow/example_dags/example_complex.py for tasks to queue
[2021-03-17 20:08:27,148] {logging_mixin.py:104} INFO - [2021-03-17 20:08:27,147] {dagbag.py:448} INFO - Filling up the DagBag from /Users/harika/Desktop/CSYE_7245/Labs/airflow_tfx_lab/vlab/lib/python3.7/site-packages/airflow/example_dags/example_complex.py
[2021-03-17 20:08:27,173] {scheduler_job.py:639} INFO - DAG(s) dict_keys(['example_complex']) retrieved from /Users/harika/Desktop/CSYE_7245/Labs/airflow_tfx_lab/vlab/lib/python3.7/site-packages/airflow/example_dags/example_complex.py
[2021-03-17 20:08:27,195] {logging_mixin.py:104} INFO - [2021-03-17 20:08:27,195] {dag.py:1818} INFO - Sync 1 DAGs
[2021-03-17 20:08:27,208] {logging_mixin.py:104} INFO - [2021-03-17 20:08:27,208] {dag.py:2273} INFO - Setting next_dagrun for example_complex to None
[2021-03-17 20:08:27,301] {scheduler_job.py:190} INFO - Processing /Users/harika/Desktop/CSYE_7245/Labs/airflow_tfx_lab/vlab/lib/python3.7/site-packages/airflow/example_dags/example_complex.py took 0.163 seconds
[2021-03-17 20:09:06,346] {scheduler_job.py:182} INFO - Started process (PID=31553) to work on /Users/harika/Desktop/CSYE_7245/Labs/airflow_tfx_lab/vlab/lib/python3.7/site-packages/airflow/example_dags/example_complex.py
[2021-03-17 20:09:06,349] {scheduler_job.py:629} INFO - Processing file /Users/harika/Desktop/CSYE_7245/Labs/airflow_tfx_lab/vlab/lib/python3.7/site-packages/airflow/example_dags/example_complex.py for tasks to queue
[2021-03-17 20:09:06,351] {logging_mixin.py:104} INFO - [2021-03-17 20:09:06,350] {dagbag.py:448} INFO - Filling up the DagBag from /Users/harika/Desktop/CSYE_7245/Labs/airflow_tfx_lab/vlab/lib/python3.7/site-packages/airflow/example_dags/example_complex.py
[2021-03-17 20:09:06,376] {scheduler_job.py:639} INFO - DAG(s) dict_keys(['example_complex']) retrieved from /Users/harika/Desktop/CSYE_7245/Labs/airflow_tfx_lab/vlab/lib/python3.7/site-packages/airflow/example_dags/example_complex.py
[2021-03-17 20:09:06,406] {logging_mixin.py:104} INFO - [2021-03-17 20:09:06,406] {dag.py:1818} INFO - Sync 1 DAGs
[2021-03-17 20:09:06,522] {logging_mixin.py:104} INFO - [2021-03-17 20:09:06,521] {dag.py:2273} INFO - Setting next_dagrun for example_complex to None
[2021-03-17 20:09:06,548] {scheduler_job.py:190} INFO - Processing /Users/harika/Desktop/CSYE_7245/Labs/airflow_tfx_lab/vlab/lib/python3.7/site-packages/airflow/example_dags/example_complex.py took 0.207 seconds
[2021-03-17 20:09:44,641] {scheduler_job.py:182} INFO - Started process (PID=31588) to work on /Users/harika/Desktop/CSYE_7245/Labs/airflow_tfx_lab/vlab/lib/python3.7/site-packages/airflow/example_dags/example_complex.py
[2021-03-17 20:09:44,646] {scheduler_job.py:629} INFO - Processing file /Users/harika/Desktop/CSYE_7245/Labs/airflow_tfx_lab/vlab/lib/python3.7/site-packages/airflow/example_dags/example_complex.py for tasks to queue
[2021-03-17 20:09:44,650] {logging_mixin.py:104} INFO - [2021-03-17 20:09:44,650] {dagbag.py:448} INFO - Filling up the DagBag from /Users/harika/Desktop/CSYE_7245/Labs/airflow_tfx_lab/vlab/lib/python3.7/site-packages/airflow/example_dags/example_complex.py
[2021-03-17 20:09:44,676] {scheduler_job.py:639} INFO - DAG(s) dict_keys(['example_complex']) retrieved from /Users/harika/Desktop/CSYE_7245/Labs/airflow_tfx_lab/vlab/lib/python3.7/site-packages/airflow/example_dags/example_complex.py
[2021-03-17 20:09:44,698] {logging_mixin.py:104} INFO - [2021-03-17 20:09:44,698] {dag.py:1818} INFO - Sync 1 DAGs
[2021-03-17 20:09:44,808] {logging_mixin.py:104} INFO - [2021-03-17 20:09:44,808] {dag.py:2273} INFO - Setting next_dagrun for example_complex to None
[2021-03-17 20:09:44,816] {scheduler_job.py:190} INFO - Processing /Users/harika/Desktop/CSYE_7245/Labs/airflow_tfx_lab/vlab/lib/python3.7/site-packages/airflow/example_dags/example_complex.py took 0.180 seconds
[2021-03-17 20:10:25,167] {scheduler_job.py:182} INFO - Started process (PID=31632) to work on /Users/harika/Desktop/CSYE_7245/Labs/airflow_tfx_lab/vlab/lib/python3.7/site-packages/airflow/example_dags/example_complex.py
[2021-03-17 20:10:25,170] {scheduler_job.py:629} INFO - Processing file /Users/harika/Desktop/CSYE_7245/Labs/airflow_tfx_lab/vlab/lib/python3.7/site-packages/airflow/example_dags/example_complex.py for tasks to queue
[2021-03-17 20:10:25,172] {logging_mixin.py:104} INFO - [2021-03-17 20:10:25,171] {dagbag.py:448} INFO - Filling up the DagBag from /Users/harika/Desktop/CSYE_7245/Labs/airflow_tfx_lab/vlab/lib/python3.7/site-packages/airflow/example_dags/example_complex.py
[2021-03-17 20:10:25,196] {scheduler_job.py:639} INFO - DAG(s) dict_keys(['example_complex']) retrieved from /Users/harika/Desktop/CSYE_7245/Labs/airflow_tfx_lab/vlab/lib/python3.7/site-packages/airflow/example_dags/example_complex.py
[2021-03-17 20:10:25,222] {logging_mixin.py:104} INFO - [2021-03-17 20:10:25,222] {dag.py:1818} INFO - Sync 1 DAGs
[2021-03-17 20:10:25,337] {logging_mixin.py:104} INFO - [2021-03-17 20:10:25,336] {dag.py:2273} INFO - Setting next_dagrun for example_complex to None
[2021-03-17 20:10:25,346] {scheduler_job.py:190} INFO - Processing /Users/harika/Desktop/CSYE_7245/Labs/airflow_tfx_lab/vlab/lib/python3.7/site-packages/airflow/example_dags/example_complex.py took 0.183 seconds
[2021-03-17 20:11:03,532] {scheduler_job.py:182} INFO - Started process (PID=31661) to work on /Users/harika/Desktop/CSYE_7245/Labs/airflow_tfx_lab/vlab/lib/python3.7/site-packages/airflow/example_dags/example_complex.py
[2021-03-17 20:11:03,535] {scheduler_job.py:629} INFO - Processing file /Users/harika/Desktop/CSYE_7245/Labs/airflow_tfx_lab/vlab/lib/python3.7/site-packages/airflow/example_dags/example_complex.py for tasks to queue
[2021-03-17 20:11:03,537] {logging_mixin.py:104} INFO - [2021-03-17 20:11:03,536] {dagbag.py:448} INFO - Filling up the DagBag from /Users/harika/Desktop/CSYE_7245/Labs/airflow_tfx_lab/vlab/lib/python3.7/site-packages/airflow/example_dags/example_complex.py
[2021-03-17 20:11:03,559] {scheduler_job.py:639} INFO - DAG(s) dict_keys(['example_complex']) retrieved from /Users/harika/Desktop/CSYE_7245/Labs/airflow_tfx_lab/vlab/lib/python3.7/site-packages/airflow/example_dags/example_complex.py
[2021-03-17 20:11:03,581] {logging_mixin.py:104} INFO - [2021-03-17 20:11:03,581] {dag.py:1818} INFO - Sync 1 DAGs
[2021-03-17 20:11:03,686] {logging_mixin.py:104} INFO - [2021-03-17 20:11:03,686] {dag.py:2273} INFO - Setting next_dagrun for example_complex to None
[2021-03-17 20:11:03,694] {scheduler_job.py:190} INFO - Processing /Users/harika/Desktop/CSYE_7245/Labs/airflow_tfx_lab/vlab/lib/python3.7/site-packages/airflow/example_dags/example_complex.py took 0.166 seconds
[2021-03-17 20:11:43,850] {scheduler_job.py:182} INFO - Started process (PID=31705) to work on /Users/harika/Desktop/CSYE_7245/Labs/airflow_tfx_lab/vlab/lib/python3.7/site-packages/airflow/example_dags/example_complex.py
[2021-03-17 20:11:43,853] {scheduler_job.py:629} INFO - Processing file /Users/harika/Desktop/CSYE_7245/Labs/airflow_tfx_lab/vlab/lib/python3.7/site-packages/airflow/example_dags/example_complex.py for tasks to queue
[2021-03-17 20:11:43,855] {logging_mixin.py:104} INFO - [2021-03-17 20:11:43,854] {dagbag.py:448} INFO - Filling up the DagBag from /Users/harika/Desktop/CSYE_7245/Labs/airflow_tfx_lab/vlab/lib/python3.7/site-packages/airflow/example_dags/example_complex.py
[2021-03-17 20:11:43,877] {scheduler_job.py:639} INFO - DAG(s) dict_keys(['example_complex']) retrieved from /Users/harika/Desktop/CSYE_7245/Labs/airflow_tfx_lab/vlab/lib/python3.7/site-packages/airflow/example_dags/example_complex.py
[2021-03-17 20:11:43,900] {logging_mixin.py:104} INFO - [2021-03-17 20:11:43,899] {dag.py:1818} INFO - Sync 1 DAGs
[2021-03-17 20:11:44,010] {logging_mixin.py:104} INFO - [2021-03-17 20:11:44,009] {dag.py:2273} INFO - Setting next_dagrun for example_complex to None
[2021-03-17 20:11:44,021] {scheduler_job.py:190} INFO - Processing /Users/harika/Desktop/CSYE_7245/Labs/airflow_tfx_lab/vlab/lib/python3.7/site-packages/airflow/example_dags/example_complex.py took 0.178 seconds
[2021-03-17 20:12:24,130] {scheduler_job.py:182} INFO - Started process (PID=31736) to work on /Users/harika/Desktop/CSYE_7245/Labs/airflow_tfx_lab/vlab/lib/python3.7/site-packages/airflow/example_dags/example_complex.py
[2021-03-17 20:12:24,134] {scheduler_job.py:629} INFO - Processing file /Users/harika/Desktop/CSYE_7245/Labs/airflow_tfx_lab/vlab/lib/python3.7/site-packages/airflow/example_dags/example_complex.py for tasks to queue
[2021-03-17 20:12:24,136] {logging_mixin.py:104} INFO - [2021-03-17 20:12:24,136] {dagbag.py:448} INFO - Filling up the DagBag from /Users/harika/Desktop/CSYE_7245/Labs/airflow_tfx_lab/vlab/lib/python3.7/site-packages/airflow/example_dags/example_complex.py
[2021-03-17 20:12:24,161] {scheduler_job.py:639} INFO - DAG(s) dict_keys(['example_complex']) retrieved from /Users/harika/Desktop/CSYE_7245/Labs/airflow_tfx_lab/vlab/lib/python3.7/site-packages/airflow/example_dags/example_complex.py
[2021-03-17 20:12:24,192] {logging_mixin.py:104} INFO - [2021-03-17 20:12:24,191] {dag.py:1818} INFO - Sync 1 DAGs
[2021-03-17 20:12:24,295] {logging_mixin.py:104} INFO - [2021-03-17 20:12:24,295] {dag.py:2273} INFO - Setting next_dagrun for example_complex to None
[2021-03-17 20:12:24,306] {scheduler_job.py:190} INFO - Processing /Users/harika/Desktop/CSYE_7245/Labs/airflow_tfx_lab/vlab/lib/python3.7/site-packages/airflow/example_dags/example_complex.py took 0.180 seconds
[2021-03-17 20:13:01,813] {scheduler_job.py:182} INFO - Started process (PID=31769) to work on /Users/harika/Desktop/CSYE_7245/Labs/airflow_tfx_lab/vlab/lib/python3.7/site-packages/airflow/example_dags/example_complex.py
[2021-03-17 20:13:01,814] {scheduler_job.py:629} INFO - Processing file /Users/harika/Desktop/CSYE_7245/Labs/airflow_tfx_lab/vlab/lib/python3.7/site-packages/airflow/example_dags/example_complex.py for tasks to queue
[2021-03-17 20:13:01,816] {logging_mixin.py:104} INFO - [2021-03-17 20:13:01,815] {dagbag.py:448} INFO - Filling up the DagBag from /Users/harika/Desktop/CSYE_7245/Labs/airflow_tfx_lab/vlab/lib/python3.7/site-packages/airflow/example_dags/example_complex.py
[2021-03-17 20:13:01,838] {scheduler_job.py:639} INFO - DAG(s) dict_keys(['example_complex']) retrieved from /Users/harika/Desktop/CSYE_7245/Labs/airflow_tfx_lab/vlab/lib/python3.7/site-packages/airflow/example_dags/example_complex.py
[2021-03-17 20:13:01,947] {logging_mixin.py:104} INFO - [2021-03-17 20:13:01,947] {dag.py:1818} INFO - Sync 1 DAGs
[2021-03-17 20:13:01,964] {logging_mixin.py:104} INFO - [2021-03-17 20:13:01,963] {dag.py:2273} INFO - Setting next_dagrun for example_complex to None
[2021-03-17 20:13:01,976] {scheduler_job.py:190} INFO - Processing /Users/harika/Desktop/CSYE_7245/Labs/airflow_tfx_lab/vlab/lib/python3.7/site-packages/airflow/example_dags/example_complex.py took 0.167 seconds
[2021-03-17 20:13:41,467] {scheduler_job.py:182} INFO - Started process (PID=31801) to work on /Users/harika/Desktop/CSYE_7245/Labs/airflow_tfx_lab/vlab/lib/python3.7/site-packages/airflow/example_dags/example_complex.py
[2021-03-17 20:13:41,469] {scheduler_job.py:629} INFO - Processing file /Users/harika/Desktop/CSYE_7245/Labs/airflow_tfx_lab/vlab/lib/python3.7/site-packages/airflow/example_dags/example_complex.py for tasks to queue
[2021-03-17 20:13:41,471] {logging_mixin.py:104} INFO - [2021-03-17 20:13:41,470] {dagbag.py:448} INFO - Filling up the DagBag from /Users/harika/Desktop/CSYE_7245/Labs/airflow_tfx_lab/vlab/lib/python3.7/site-packages/airflow/example_dags/example_complex.py
[2021-03-17 20:13:41,495] {scheduler_job.py:639} INFO - DAG(s) dict_keys(['example_complex']) retrieved from /Users/harika/Desktop/CSYE_7245/Labs/airflow_tfx_lab/vlab/lib/python3.7/site-packages/airflow/example_dags/example_complex.py
[2021-03-17 20:13:41,645] {logging_mixin.py:104} INFO - [2021-03-17 20:13:41,644] {dag.py:1818} INFO - Sync 1 DAGs
[2021-03-17 20:13:41,658] {logging_mixin.py:104} INFO - [2021-03-17 20:13:41,657] {dag.py:2273} INFO - Setting next_dagrun for example_complex to None
[2021-03-17 20:13:41,669] {scheduler_job.py:190} INFO - Processing /Users/harika/Desktop/CSYE_7245/Labs/airflow_tfx_lab/vlab/lib/python3.7/site-packages/airflow/example_dags/example_complex.py took 0.207 seconds
[2021-03-17 20:14:21,206] {scheduler_job.py:182} INFO - Started process (PID=31831) to work on /Users/harika/Desktop/CSYE_7245/Labs/airflow_tfx_lab/vlab/lib/python3.7/site-packages/airflow/example_dags/example_complex.py
[2021-03-17 20:14:21,208] {scheduler_job.py:629} INFO - Processing file /Users/harika/Desktop/CSYE_7245/Labs/airflow_tfx_lab/vlab/lib/python3.7/site-packages/airflow/example_dags/example_complex.py for tasks to queue
[2021-03-17 20:14:21,209] {logging_mixin.py:104} INFO - [2021-03-17 20:14:21,209] {dagbag.py:448} INFO - Filling up the DagBag from /Users/harika/Desktop/CSYE_7245/Labs/airflow_tfx_lab/vlab/lib/python3.7/site-packages/airflow/example_dags/example_complex.py
[2021-03-17 20:14:21,230] {scheduler_job.py:639} INFO - DAG(s) dict_keys(['example_complex']) retrieved from /Users/harika/Desktop/CSYE_7245/Labs/airflow_tfx_lab/vlab/lib/python3.7/site-packages/airflow/example_dags/example_complex.py
[2021-03-17 20:14:21,352] {logging_mixin.py:104} INFO - [2021-03-17 20:14:21,351] {dag.py:1818} INFO - Sync 1 DAGs
[2021-03-17 20:14:21,364] {logging_mixin.py:104} INFO - [2021-03-17 20:14:21,364] {dag.py:2273} INFO - Setting next_dagrun for example_complex to None
[2021-03-17 20:14:21,374] {scheduler_job.py:190} INFO - Processing /Users/harika/Desktop/CSYE_7245/Labs/airflow_tfx_lab/vlab/lib/python3.7/site-packages/airflow/example_dags/example_complex.py took 0.173 seconds
[2021-03-17 20:15:00,180] {scheduler_job.py:182} INFO - Started process (PID=31862) to work on /Users/harika/Desktop/CSYE_7245/Labs/airflow_tfx_lab/vlab/lib/python3.7/site-packages/airflow/example_dags/example_complex.py
[2021-03-17 20:15:00,184] {scheduler_job.py:629} INFO - Processing file /Users/harika/Desktop/CSYE_7245/Labs/airflow_tfx_lab/vlab/lib/python3.7/site-packages/airflow/example_dags/example_complex.py for tasks to queue
[2021-03-17 20:15:00,185] {logging_mixin.py:104} INFO - [2021-03-17 20:15:00,185] {dagbag.py:448} INFO - Filling up the DagBag from /Users/harika/Desktop/CSYE_7245/Labs/airflow_tfx_lab/vlab/lib/python3.7/site-packages/airflow/example_dags/example_complex.py
[2021-03-17 20:15:00,213] {scheduler_job.py:639} INFO - DAG(s) dict_keys(['example_complex']) retrieved from /Users/harika/Desktop/CSYE_7245/Labs/airflow_tfx_lab/vlab/lib/python3.7/site-packages/airflow/example_dags/example_complex.py
[2021-03-17 20:15:00,331] {logging_mixin.py:104} INFO - [2021-03-17 20:15:00,330] {dag.py:1818} INFO - Sync 1 DAGs
[2021-03-17 20:15:00,342] {logging_mixin.py:104} INFO - [2021-03-17 20:15:00,341] {dag.py:2273} INFO - Setting next_dagrun for example_complex to None
[2021-03-17 20:15:00,351] {scheduler_job.py:190} INFO - Processing /Users/harika/Desktop/CSYE_7245/Labs/airflow_tfx_lab/vlab/lib/python3.7/site-packages/airflow/example_dags/example_complex.py took 0.176 seconds
[2021-03-17 20:15:37,965] {scheduler_job.py:182} INFO - Started process (PID=31896) to work on /Users/harika/Desktop/CSYE_7245/Labs/airflow_tfx_lab/vlab/lib/python3.7/site-packages/airflow/example_dags/example_complex.py
[2021-03-17 20:15:37,967] {scheduler_job.py:629} INFO - Processing file /Users/harika/Desktop/CSYE_7245/Labs/airflow_tfx_lab/vlab/lib/python3.7/site-packages/airflow/example_dags/example_complex.py for tasks to queue
[2021-03-17 20:15:37,969] {logging_mixin.py:104} INFO - [2021-03-17 20:15:37,968] {dagbag.py:448} INFO - Filling up the DagBag from /Users/harika/Desktop/CSYE_7245/Labs/airflow_tfx_lab/vlab/lib/python3.7/site-packages/airflow/example_dags/example_complex.py
[2021-03-17 20:15:38,099] {scheduler_job.py:639} INFO - DAG(s) dict_keys(['example_complex']) retrieved from /Users/harika/Desktop/CSYE_7245/Labs/airflow_tfx_lab/vlab/lib/python3.7/site-packages/airflow/example_dags/example_complex.py
[2021-03-17 20:15:38,119] {logging_mixin.py:104} INFO - [2021-03-17 20:15:38,118] {dag.py:1818} INFO - Sync 1 DAGs
[2021-03-17 20:15:38,132] {logging_mixin.py:104} INFO - [2021-03-17 20:15:38,132] {dag.py:2273} INFO - Setting next_dagrun for example_complex to None
[2021-03-17 20:15:38,143] {scheduler_job.py:190} INFO - Processing /Users/harika/Desktop/CSYE_7245/Labs/airflow_tfx_lab/vlab/lib/python3.7/site-packages/airflow/example_dags/example_complex.py took 0.182 seconds
[2021-03-17 20:16:17,209] {scheduler_job.py:182} INFO - Started process (PID=31930) to work on /Users/harika/Desktop/CSYE_7245/Labs/airflow_tfx_lab/vlab/lib/python3.7/site-packages/airflow/example_dags/example_complex.py
[2021-03-17 20:16:17,210] {scheduler_job.py:629} INFO - Processing file /Users/harika/Desktop/CSYE_7245/Labs/airflow_tfx_lab/vlab/lib/python3.7/site-packages/airflow/example_dags/example_complex.py for tasks to queue
[2021-03-17 20:16:17,212] {logging_mixin.py:104} INFO - [2021-03-17 20:16:17,212] {dagbag.py:448} INFO - Filling up the DagBag from /Users/harika/Desktop/CSYE_7245/Labs/airflow_tfx_lab/vlab/lib/python3.7/site-packages/airflow/example_dags/example_complex.py
[2021-03-17 20:16:17,330] {scheduler_job.py:639} INFO - DAG(s) dict_keys(['example_complex']) retrieved from /Users/harika/Desktop/CSYE_7245/Labs/airflow_tfx_lab/vlab/lib/python3.7/site-packages/airflow/example_dags/example_complex.py
[2021-03-17 20:16:17,348] {logging_mixin.py:104} INFO - [2021-03-17 20:16:17,348] {dag.py:1818} INFO - Sync 1 DAGs
[2021-03-17 20:16:17,359] {logging_mixin.py:104} INFO - [2021-03-17 20:16:17,359] {dag.py:2273} INFO - Setting next_dagrun for example_complex to None
[2021-03-17 20:16:17,367] {scheduler_job.py:190} INFO - Processing /Users/harika/Desktop/CSYE_7245/Labs/airflow_tfx_lab/vlab/lib/python3.7/site-packages/airflow/example_dags/example_complex.py took 0.162 seconds
[2021-03-17 20:16:55,728] {scheduler_job.py:182} INFO - Started process (PID=31964) to work on /Users/harika/Desktop/CSYE_7245/Labs/airflow_tfx_lab/vlab/lib/python3.7/site-packages/airflow/example_dags/example_complex.py
[2021-03-17 20:16:55,730] {scheduler_job.py:629} INFO - Processing file /Users/harika/Desktop/CSYE_7245/Labs/airflow_tfx_lab/vlab/lib/python3.7/site-packages/airflow/example_dags/example_complex.py for tasks to queue
[2021-03-17 20:16:55,731] {logging_mixin.py:104} INFO - [2021-03-17 20:16:55,731] {dagbag.py:448} INFO - Filling up the DagBag from /Users/harika/Desktop/CSYE_7245/Labs/airflow_tfx_lab/vlab/lib/python3.7/site-packages/airflow/example_dags/example_complex.py
[2021-03-17 20:16:55,877] {scheduler_job.py:639} INFO - DAG(s) dict_keys(['example_complex']) retrieved from /Users/harika/Desktop/CSYE_7245/Labs/airflow_tfx_lab/vlab/lib/python3.7/site-packages/airflow/example_dags/example_complex.py
[2021-03-17 20:16:55,897] {logging_mixin.py:104} INFO - [2021-03-17 20:16:55,896] {dag.py:1818} INFO - Sync 1 DAGs
[2021-03-17 20:16:55,910] {logging_mixin.py:104} INFO - [2021-03-17 20:16:55,910] {dag.py:2273} INFO - Setting next_dagrun for example_complex to None
[2021-03-17 20:16:55,921] {scheduler_job.py:190} INFO - Processing /Users/harika/Desktop/CSYE_7245/Labs/airflow_tfx_lab/vlab/lib/python3.7/site-packages/airflow/example_dags/example_complex.py took 0.197 seconds
[2021-03-17 20:17:34,025] {scheduler_job.py:182} INFO - Started process (PID=31994) to work on /Users/harika/Desktop/CSYE_7245/Labs/airflow_tfx_lab/vlab/lib/python3.7/site-packages/airflow/example_dags/example_complex.py
[2021-03-17 20:17:34,028] {scheduler_job.py:629} INFO - Processing file /Users/harika/Desktop/CSYE_7245/Labs/airflow_tfx_lab/vlab/lib/python3.7/site-packages/airflow/example_dags/example_complex.py for tasks to queue
[2021-03-17 20:17:34,029] {logging_mixin.py:104} INFO - [2021-03-17 20:17:34,029] {dagbag.py:448} INFO - Filling up the DagBag from /Users/harika/Desktop/CSYE_7245/Labs/airflow_tfx_lab/vlab/lib/python3.7/site-packages/airflow/example_dags/example_complex.py
[2021-03-17 20:17:34,144] {scheduler_job.py:639} INFO - DAG(s) dict_keys(['example_complex']) retrieved from /Users/harika/Desktop/CSYE_7245/Labs/airflow_tfx_lab/vlab/lib/python3.7/site-packages/airflow/example_dags/example_complex.py
[2021-03-17 20:17:34,162] {logging_mixin.py:104} INFO - [2021-03-17 20:17:34,161] {dag.py:1818} INFO - Sync 1 DAGs
[2021-03-17 20:17:34,172] {logging_mixin.py:104} INFO - [2021-03-17 20:17:34,171] {dag.py:2273} INFO - Setting next_dagrun for example_complex to None
[2021-03-17 20:17:34,180] {scheduler_job.py:190} INFO - Processing /Users/harika/Desktop/CSYE_7245/Labs/airflow_tfx_lab/vlab/lib/python3.7/site-packages/airflow/example_dags/example_complex.py took 0.159 seconds
[2021-03-17 20:18:14,885] {scheduler_job.py:182} INFO - Started process (PID=32039) to work on /Users/harika/Desktop/CSYE_7245/Labs/airflow_tfx_lab/vlab/lib/python3.7/site-packages/airflow/example_dags/example_complex.py
[2021-03-17 20:18:14,887] {scheduler_job.py:629} INFO - Processing file /Users/harika/Desktop/CSYE_7245/Labs/airflow_tfx_lab/vlab/lib/python3.7/site-packages/airflow/example_dags/example_complex.py for tasks to queue
[2021-03-17 20:18:14,890] {logging_mixin.py:104} INFO - [2021-03-17 20:18:14,889] {dagbag.py:448} INFO - Filling up the DagBag from /Users/harika/Desktop/CSYE_7245/Labs/airflow_tfx_lab/vlab/lib/python3.7/site-packages/airflow/example_dags/example_complex.py
[2021-03-17 20:18:15,082] {scheduler_job.py:639} INFO - DAG(s) dict_keys(['example_complex']) retrieved from /Users/harika/Desktop/CSYE_7245/Labs/airflow_tfx_lab/vlab/lib/python3.7/site-packages/airflow/example_dags/example_complex.py
[2021-03-17 20:18:15,115] {logging_mixin.py:104} INFO - [2021-03-17 20:18:15,114] {dag.py:1818} INFO - Sync 1 DAGs
[2021-03-17 20:18:15,134] {logging_mixin.py:104} INFO - [2021-03-17 20:18:15,133] {dag.py:2273} INFO - Setting next_dagrun for example_complex to None
[2021-03-17 20:18:15,148] {scheduler_job.py:190} INFO - Processing /Users/harika/Desktop/CSYE_7245/Labs/airflow_tfx_lab/vlab/lib/python3.7/site-packages/airflow/example_dags/example_complex.py took 0.269 seconds
[2021-03-17 20:18:56,236] {scheduler_job.py:182} INFO - Started process (PID=32079) to work on /Users/harika/Desktop/CSYE_7245/Labs/airflow_tfx_lab/vlab/lib/python3.7/site-packages/airflow/example_dags/example_complex.py
[2021-03-17 20:18:56,239] {scheduler_job.py:629} INFO - Processing file /Users/harika/Desktop/CSYE_7245/Labs/airflow_tfx_lab/vlab/lib/python3.7/site-packages/airflow/example_dags/example_complex.py for tasks to queue
[2021-03-17 20:18:56,241] {logging_mixin.py:104} INFO - [2021-03-17 20:18:56,240] {dagbag.py:448} INFO - Filling up the DagBag from /Users/harika/Desktop/CSYE_7245/Labs/airflow_tfx_lab/vlab/lib/python3.7/site-packages/airflow/example_dags/example_complex.py
[2021-03-17 20:18:56,357] {scheduler_job.py:639} INFO - DAG(s) dict_keys(['example_complex']) retrieved from /Users/harika/Desktop/CSYE_7245/Labs/airflow_tfx_lab/vlab/lib/python3.7/site-packages/airflow/example_dags/example_complex.py
[2021-03-17 20:18:56,374] {logging_mixin.py:104} INFO - [2021-03-17 20:18:56,374] {dag.py:1818} INFO - Sync 1 DAGs
[2021-03-17 20:18:56,384] {logging_mixin.py:104} INFO - [2021-03-17 20:18:56,383] {dag.py:2273} INFO - Setting next_dagrun for example_complex to None
[2021-03-17 20:18:56,393] {scheduler_job.py:190} INFO - Processing /Users/harika/Desktop/CSYE_7245/Labs/airflow_tfx_lab/vlab/lib/python3.7/site-packages/airflow/example_dags/example_complex.py took 0.161 seconds
[2021-03-17 20:19:34,156] {scheduler_job.py:182} INFO - Started process (PID=32112) to work on /Users/harika/Desktop/CSYE_7245/Labs/airflow_tfx_lab/vlab/lib/python3.7/site-packages/airflow/example_dags/example_complex.py
[2021-03-17 20:19:34,159] {scheduler_job.py:629} INFO - Processing file /Users/harika/Desktop/CSYE_7245/Labs/airflow_tfx_lab/vlab/lib/python3.7/site-packages/airflow/example_dags/example_complex.py for tasks to queue
[2021-03-17 20:19:34,161] {logging_mixin.py:104} INFO - [2021-03-17 20:19:34,160] {dagbag.py:448} INFO - Filling up the DagBag from /Users/harika/Desktop/CSYE_7245/Labs/airflow_tfx_lab/vlab/lib/python3.7/site-packages/airflow/example_dags/example_complex.py
[2021-03-17 20:19:34,273] {scheduler_job.py:639} INFO - DAG(s) dict_keys(['example_complex']) retrieved from /Users/harika/Desktop/CSYE_7245/Labs/airflow_tfx_lab/vlab/lib/python3.7/site-packages/airflow/example_dags/example_complex.py
[2021-03-17 20:19:34,289] {logging_mixin.py:104} INFO - [2021-03-17 20:19:34,288] {dag.py:1818} INFO - Sync 1 DAGs
[2021-03-17 20:19:34,300] {logging_mixin.py:104} INFO - [2021-03-17 20:19:34,299] {dag.py:2273} INFO - Setting next_dagrun for example_complex to None
[2021-03-17 20:19:34,307] {scheduler_job.py:190} INFO - Processing /Users/harika/Desktop/CSYE_7245/Labs/airflow_tfx_lab/vlab/lib/python3.7/site-packages/airflow/example_dags/example_complex.py took 0.155 seconds
[2021-03-17 20:20:12,665] {scheduler_job.py:182} INFO - Started process (PID=32141) to work on /Users/harika/Desktop/CSYE_7245/Labs/airflow_tfx_lab/vlab/lib/python3.7/site-packages/airflow/example_dags/example_complex.py
[2021-03-17 20:20:12,667] {scheduler_job.py:629} INFO - Processing file /Users/harika/Desktop/CSYE_7245/Labs/airflow_tfx_lab/vlab/lib/python3.7/site-packages/airflow/example_dags/example_complex.py for tasks to queue
[2021-03-17 20:20:12,668] {logging_mixin.py:104} INFO - [2021-03-17 20:20:12,668] {dagbag.py:448} INFO - Filling up the DagBag from /Users/harika/Desktop/CSYE_7245/Labs/airflow_tfx_lab/vlab/lib/python3.7/site-packages/airflow/example_dags/example_complex.py
[2021-03-17 20:20:12,791] {scheduler_job.py:639} INFO - DAG(s) dict_keys(['example_complex']) retrieved from /Users/harika/Desktop/CSYE_7245/Labs/airflow_tfx_lab/vlab/lib/python3.7/site-packages/airflow/example_dags/example_complex.py
[2021-03-17 20:20:12,807] {logging_mixin.py:104} INFO - [2021-03-17 20:20:12,807] {dag.py:1818} INFO - Sync 1 DAGs
[2021-03-17 20:20:12,819] {logging_mixin.py:104} INFO - [2021-03-17 20:20:12,818] {dag.py:2273} INFO - Setting next_dagrun for example_complex to None
[2021-03-17 20:20:12,826] {scheduler_job.py:190} INFO - Processing /Users/harika/Desktop/CSYE_7245/Labs/airflow_tfx_lab/vlab/lib/python3.7/site-packages/airflow/example_dags/example_complex.py took 0.166 seconds
[2021-03-17 20:20:52,620] {scheduler_job.py:182} INFO - Started process (PID=32172) to work on /Users/harika/Desktop/CSYE_7245/Labs/airflow_tfx_lab/vlab/lib/python3.7/site-packages/airflow/example_dags/example_complex.py
[2021-03-17 20:20:52,751] {scheduler_job.py:629} INFO - Processing file /Users/harika/Desktop/CSYE_7245/Labs/airflow_tfx_lab/vlab/lib/python3.7/site-packages/airflow/example_dags/example_complex.py for tasks to queue
[2021-03-17 20:20:52,752] {logging_mixin.py:104} INFO - [2021-03-17 20:20:52,752] {dagbag.py:448} INFO - Filling up the DagBag from /Users/harika/Desktop/CSYE_7245/Labs/airflow_tfx_lab/vlab/lib/python3.7/site-packages/airflow/example_dags/example_complex.py
[2021-03-17 20:20:52,774] {scheduler_job.py:639} INFO - DAG(s) dict_keys(['example_complex']) retrieved from /Users/harika/Desktop/CSYE_7245/Labs/airflow_tfx_lab/vlab/lib/python3.7/site-packages/airflow/example_dags/example_complex.py
[2021-03-17 20:20:52,793] {logging_mixin.py:104} INFO - [2021-03-17 20:20:52,792] {dag.py:1818} INFO - Sync 1 DAGs
[2021-03-17 20:20:52,807] {logging_mixin.py:104} INFO - [2021-03-17 20:20:52,806] {dag.py:2273} INFO - Setting next_dagrun for example_complex to None
[2021-03-17 20:20:52,818] {scheduler_job.py:190} INFO - Processing /Users/harika/Desktop/CSYE_7245/Labs/airflow_tfx_lab/vlab/lib/python3.7/site-packages/airflow/example_dags/example_complex.py took 0.206 seconds
[2021-03-17 20:21:34,892] {scheduler_job.py:182} INFO - Started process (PID=32225) to work on /Users/harika/Desktop/CSYE_7245/Labs/airflow_tfx_lab/vlab/lib/python3.7/site-packages/airflow/example_dags/example_complex.py
[2021-03-17 20:21:34,894] {scheduler_job.py:629} INFO - Processing file /Users/harika/Desktop/CSYE_7245/Labs/airflow_tfx_lab/vlab/lib/python3.7/site-packages/airflow/example_dags/example_complex.py for tasks to queue
[2021-03-17 20:21:34,896] {logging_mixin.py:104} INFO - [2021-03-17 20:21:34,895] {dagbag.py:448} INFO - Filling up the DagBag from /Users/harika/Desktop/CSYE_7245/Labs/airflow_tfx_lab/vlab/lib/python3.7/site-packages/airflow/example_dags/example_complex.py
[2021-03-17 20:21:34,919] {scheduler_job.py:639} INFO - DAG(s) dict_keys(['example_complex']) retrieved from /Users/harika/Desktop/CSYE_7245/Labs/airflow_tfx_lab/vlab/lib/python3.7/site-packages/airflow/example_dags/example_complex.py
[2021-03-17 20:21:34,954] {logging_mixin.py:104} INFO - [2021-03-17 20:21:34,954] {dag.py:1818} INFO - Sync 1 DAGs
[2021-03-17 20:21:34,969] {logging_mixin.py:104} INFO - [2021-03-17 20:21:34,968] {dag.py:2273} INFO - Setting next_dagrun for example_complex to None
[2021-03-17 20:21:34,978] {scheduler_job.py:190} INFO - Processing /Users/harika/Desktop/CSYE_7245/Labs/airflow_tfx_lab/vlab/lib/python3.7/site-packages/airflow/example_dags/example_complex.py took 0.091 seconds
[2021-03-17 20:22:19,313] {scheduler_job.py:182} INFO - Started process (PID=32274) to work on /Users/harika/Desktop/CSYE_7245/Labs/airflow_tfx_lab/vlab/lib/python3.7/site-packages/airflow/example_dags/example_complex.py
[2021-03-17 20:22:19,317] {scheduler_job.py:629} INFO - Processing file /Users/harika/Desktop/CSYE_7245/Labs/airflow_tfx_lab/vlab/lib/python3.7/site-packages/airflow/example_dags/example_complex.py for tasks to queue
[2021-03-17 20:22:19,319] {logging_mixin.py:104} INFO - [2021-03-17 20:22:19,318] {dagbag.py:448} INFO - Filling up the DagBag from /Users/harika/Desktop/CSYE_7245/Labs/airflow_tfx_lab/vlab/lib/python3.7/site-packages/airflow/example_dags/example_complex.py
[2021-03-17 20:22:19,364] {scheduler_job.py:639} INFO - DAG(s) dict_keys(['example_complex']) retrieved from /Users/harika/Desktop/CSYE_7245/Labs/airflow_tfx_lab/vlab/lib/python3.7/site-packages/airflow/example_dags/example_complex.py
[2021-03-17 20:22:19,399] {logging_mixin.py:104} INFO - [2021-03-17 20:22:19,398] {dag.py:1818} INFO - Sync 1 DAGs
[2021-03-17 20:22:19,418] {logging_mixin.py:104} INFO - [2021-03-17 20:22:19,417] {dag.py:2273} INFO - Setting next_dagrun for example_complex to None
[2021-03-17 20:22:19,449] {scheduler_job.py:190} INFO - Processing /Users/harika/Desktop/CSYE_7245/Labs/airflow_tfx_lab/vlab/lib/python3.7/site-packages/airflow/example_dags/example_complex.py took 0.144 seconds
[2021-03-17 20:22:58,208] {scheduler_job.py:182} INFO - Started process (PID=32321) to work on /Users/harika/Desktop/CSYE_7245/Labs/airflow_tfx_lab/vlab/lib/python3.7/site-packages/airflow/example_dags/example_complex.py
[2021-03-17 20:22:58,212] {scheduler_job.py:629} INFO - Processing file /Users/harika/Desktop/CSYE_7245/Labs/airflow_tfx_lab/vlab/lib/python3.7/site-packages/airflow/example_dags/example_complex.py for tasks to queue
[2021-03-17 20:22:58,215] {logging_mixin.py:104} INFO - [2021-03-17 20:22:58,214] {dagbag.py:448} INFO - Filling up the DagBag from /Users/harika/Desktop/CSYE_7245/Labs/airflow_tfx_lab/vlab/lib/python3.7/site-packages/airflow/example_dags/example_complex.py
[2021-03-17 20:22:58,275] {scheduler_job.py:639} INFO - DAG(s) dict_keys(['example_complex']) retrieved from /Users/harika/Desktop/CSYE_7245/Labs/airflow_tfx_lab/vlab/lib/python3.7/site-packages/airflow/example_dags/example_complex.py
[2021-03-17 20:22:58,435] {logging_mixin.py:104} INFO - [2021-03-17 20:22:58,434] {dag.py:1818} INFO - Sync 1 DAGs
[2021-03-17 20:22:58,463] {logging_mixin.py:104} INFO - [2021-03-17 20:22:58,462] {dag.py:2273} INFO - Setting next_dagrun for example_complex to None
[2021-03-17 20:22:58,488] {scheduler_job.py:190} INFO - Processing /Users/harika/Desktop/CSYE_7245/Labs/airflow_tfx_lab/vlab/lib/python3.7/site-packages/airflow/example_dags/example_complex.py took 0.287 seconds
[2021-03-17 20:23:43,665] {scheduler_job.py:182} INFO - Started process (PID=32362) to work on /Users/harika/Desktop/CSYE_7245/Labs/airflow_tfx_lab/vlab/lib/python3.7/site-packages/airflow/example_dags/example_complex.py
[2021-03-17 20:23:43,668] {scheduler_job.py:629} INFO - Processing file /Users/harika/Desktop/CSYE_7245/Labs/airflow_tfx_lab/vlab/lib/python3.7/site-packages/airflow/example_dags/example_complex.py for tasks to queue
[2021-03-17 20:23:43,670] {logging_mixin.py:104} INFO - [2021-03-17 20:23:43,670] {dagbag.py:448} INFO - Filling up the DagBag from /Users/harika/Desktop/CSYE_7245/Labs/airflow_tfx_lab/vlab/lib/python3.7/site-packages/airflow/example_dags/example_complex.py
[2021-03-17 20:23:43,694] {scheduler_job.py:639} INFO - DAG(s) dict_keys(['example_complex']) retrieved from /Users/harika/Desktop/CSYE_7245/Labs/airflow_tfx_lab/vlab/lib/python3.7/site-packages/airflow/example_dags/example_complex.py
[2021-03-17 20:23:43,725] {logging_mixin.py:104} INFO - [2021-03-17 20:23:43,724] {dag.py:1818} INFO - Sync 1 DAGs
[2021-03-17 20:23:43,740] {logging_mixin.py:104} INFO - [2021-03-17 20:23:43,739] {dag.py:2273} INFO - Setting next_dagrun for example_complex to None
[2021-03-17 20:23:43,752] {scheduler_job.py:190} INFO - Processing /Users/harika/Desktop/CSYE_7245/Labs/airflow_tfx_lab/vlab/lib/python3.7/site-packages/airflow/example_dags/example_complex.py took 0.093 seconds
[2021-03-17 20:24:23,938] {scheduler_job.py:182} INFO - Started process (PID=32413) to work on /Users/harika/Desktop/CSYE_7245/Labs/airflow_tfx_lab/vlab/lib/python3.7/site-packages/airflow/example_dags/example_complex.py
[2021-03-17 20:24:23,940] {scheduler_job.py:629} INFO - Processing file /Users/harika/Desktop/CSYE_7245/Labs/airflow_tfx_lab/vlab/lib/python3.7/site-packages/airflow/example_dags/example_complex.py for tasks to queue
[2021-03-17 20:24:23,942] {logging_mixin.py:104} INFO - [2021-03-17 20:24:23,941] {dagbag.py:448} INFO - Filling up the DagBag from /Users/harika/Desktop/CSYE_7245/Labs/airflow_tfx_lab/vlab/lib/python3.7/site-packages/airflow/example_dags/example_complex.py
[2021-03-17 20:24:23,973] {scheduler_job.py:639} INFO - DAG(s) dict_keys(['example_complex']) retrieved from /Users/harika/Desktop/CSYE_7245/Labs/airflow_tfx_lab/vlab/lib/python3.7/site-packages/airflow/example_dags/example_complex.py
[2021-03-17 20:24:24,003] {logging_mixin.py:104} INFO - [2021-03-17 20:24:24,002] {dag.py:1818} INFO - Sync 1 DAGs
[2021-03-17 20:24:24,021] {logging_mixin.py:104} INFO - [2021-03-17 20:24:24,021] {dag.py:2273} INFO - Setting next_dagrun for example_complex to None
[2021-03-17 20:24:24,034] {scheduler_job.py:190} INFO - Processing /Users/harika/Desktop/CSYE_7245/Labs/airflow_tfx_lab/vlab/lib/python3.7/site-packages/airflow/example_dags/example_complex.py took 0.102 seconds
[2021-03-17 20:25:02,494] {scheduler_job.py:182} INFO - Started process (PID=32455) to work on /Users/harika/Desktop/CSYE_7245/Labs/airflow_tfx_lab/vlab/lib/python3.7/site-packages/airflow/example_dags/example_complex.py
[2021-03-17 20:25:02,497] {scheduler_job.py:629} INFO - Processing file /Users/harika/Desktop/CSYE_7245/Labs/airflow_tfx_lab/vlab/lib/python3.7/site-packages/airflow/example_dags/example_complex.py for tasks to queue
[2021-03-17 20:25:02,499] {logging_mixin.py:104} INFO - [2021-03-17 20:25:02,499] {dagbag.py:448} INFO - Filling up the DagBag from /Users/harika/Desktop/CSYE_7245/Labs/airflow_tfx_lab/vlab/lib/python3.7/site-packages/airflow/example_dags/example_complex.py
[2021-03-17 20:25:02,525] {scheduler_job.py:639} INFO - DAG(s) dict_keys(['example_complex']) retrieved from /Users/harika/Desktop/CSYE_7245/Labs/airflow_tfx_lab/vlab/lib/python3.7/site-packages/airflow/example_dags/example_complex.py
[2021-03-17 20:25:02,548] {logging_mixin.py:104} INFO - [2021-03-17 20:25:02,547] {dag.py:1818} INFO - Sync 1 DAGs
[2021-03-17 20:25:02,561] {logging_mixin.py:104} INFO - [2021-03-17 20:25:02,560] {dag.py:2273} INFO - Setting next_dagrun for example_complex to None
[2021-03-17 20:25:02,571] {scheduler_job.py:190} INFO - Processing /Users/harika/Desktop/CSYE_7245/Labs/airflow_tfx_lab/vlab/lib/python3.7/site-packages/airflow/example_dags/example_complex.py took 0.082 seconds
