[2021-03-17 20:00:34,871] {scheduler_job.py:182} INFO - Started process (PID=31108) to work on /Users/harika/Desktop/CSYE_7245/Labs/airflow_tfx_lab/vlab/lib/python3.7/site-packages/airflow/example_dags/example_xcomargs.py
[2021-03-17 20:00:34,873] {scheduler_job.py:629} INFO - Processing file /Users/harika/Desktop/CSYE_7245/Labs/airflow_tfx_lab/vlab/lib/python3.7/site-packages/airflow/example_dags/example_xcomargs.py for tasks to queue
[2021-03-17 20:00:34,875] {logging_mixin.py:104} INFO - [2021-03-17 20:00:34,874] {dagbag.py:448} INFO - Filling up the DagBag from /Users/harika/Desktop/CSYE_7245/Labs/airflow_tfx_lab/vlab/lib/python3.7/site-packages/airflow/example_dags/example_xcomargs.py
[2021-03-17 20:00:34,902] {scheduler_job.py:639} INFO - DAG(s) dict_keys(['example_xcom_args', 'example_xcom_args_with_operators']) retrieved from /Users/harika/Desktop/CSYE_7245/Labs/airflow_tfx_lab/vlab/lib/python3.7/site-packages/airflow/example_dags/example_xcomargs.py
[2021-03-17 20:00:34,932] {logging_mixin.py:104} INFO - [2021-03-17 20:00:34,932] {dag.py:1818} INFO - Sync 2 DAGs
[2021-03-17 20:00:34,953] {logging_mixin.py:104} INFO - [2021-03-17 20:00:34,952] {dag.py:2273} INFO - Setting next_dagrun for example_xcom_args to None
[2021-03-17 20:00:34,955] {logging_mixin.py:104} INFO - [2021-03-17 20:00:34,955] {dag.py:2273} INFO - Setting next_dagrun for example_xcom_args_with_operators to None
[2021-03-17 20:00:34,967] {scheduler_job.py:190} INFO - Processing /Users/harika/Desktop/CSYE_7245/Labs/airflow_tfx_lab/vlab/lib/python3.7/site-packages/airflow/example_dags/example_xcomargs.py took 0.101 seconds
[2021-03-17 20:01:17,190] {scheduler_job.py:182} INFO - Started process (PID=31147) to work on /Users/harika/Desktop/CSYE_7245/Labs/airflow_tfx_lab/vlab/lib/python3.7/site-packages/airflow/example_dags/example_xcomargs.py
[2021-03-17 20:01:17,193] {scheduler_job.py:629} INFO - Processing file /Users/harika/Desktop/CSYE_7245/Labs/airflow_tfx_lab/vlab/lib/python3.7/site-packages/airflow/example_dags/example_xcomargs.py for tasks to queue
[2021-03-17 20:01:17,195] {logging_mixin.py:104} INFO - [2021-03-17 20:01:17,194] {dagbag.py:448} INFO - Filling up the DagBag from /Users/harika/Desktop/CSYE_7245/Labs/airflow_tfx_lab/vlab/lib/python3.7/site-packages/airflow/example_dags/example_xcomargs.py
[2021-03-17 20:01:17,215] {scheduler_job.py:639} INFO - DAG(s) dict_keys(['example_xcom_args', 'example_xcom_args_with_operators']) retrieved from /Users/harika/Desktop/CSYE_7245/Labs/airflow_tfx_lab/vlab/lib/python3.7/site-packages/airflow/example_dags/example_xcomargs.py
[2021-03-17 20:01:17,238] {logging_mixin.py:104} INFO - [2021-03-17 20:01:17,237] {dag.py:1818} INFO - Sync 2 DAGs
[2021-03-17 20:01:17,253] {logging_mixin.py:104} INFO - [2021-03-17 20:01:17,252] {dag.py:2273} INFO - Setting next_dagrun for example_xcom_args to None
[2021-03-17 20:01:17,256] {logging_mixin.py:104} INFO - [2021-03-17 20:01:17,256] {dag.py:2273} INFO - Setting next_dagrun for example_xcom_args_with_operators to None
[2021-03-17 20:01:17,270] {scheduler_job.py:190} INFO - Processing /Users/harika/Desktop/CSYE_7245/Labs/airflow_tfx_lab/vlab/lib/python3.7/site-packages/airflow/example_dags/example_xcomargs.py took 0.084 seconds
[2021-03-17 20:01:55,542] {scheduler_job.py:182} INFO - Started process (PID=31176) to work on /Users/harika/Desktop/CSYE_7245/Labs/airflow_tfx_lab/vlab/lib/python3.7/site-packages/airflow/example_dags/example_xcomargs.py
[2021-03-17 20:01:55,544] {scheduler_job.py:629} INFO - Processing file /Users/harika/Desktop/CSYE_7245/Labs/airflow_tfx_lab/vlab/lib/python3.7/site-packages/airflow/example_dags/example_xcomargs.py for tasks to queue
[2021-03-17 20:01:55,546] {logging_mixin.py:104} INFO - [2021-03-17 20:01:55,546] {dagbag.py:448} INFO - Filling up the DagBag from /Users/harika/Desktop/CSYE_7245/Labs/airflow_tfx_lab/vlab/lib/python3.7/site-packages/airflow/example_dags/example_xcomargs.py
[2021-03-17 20:01:55,570] {scheduler_job.py:639} INFO - DAG(s) dict_keys(['example_xcom_args', 'example_xcom_args_with_operators']) retrieved from /Users/harika/Desktop/CSYE_7245/Labs/airflow_tfx_lab/vlab/lib/python3.7/site-packages/airflow/example_dags/example_xcomargs.py
[2021-03-17 20:01:55,593] {logging_mixin.py:104} INFO - [2021-03-17 20:01:55,593] {dag.py:1818} INFO - Sync 2 DAGs
[2021-03-17 20:01:55,606] {logging_mixin.py:104} INFO - [2021-03-17 20:01:55,605] {dag.py:2273} INFO - Setting next_dagrun for example_xcom_args to None
[2021-03-17 20:01:55,607] {logging_mixin.py:104} INFO - [2021-03-17 20:01:55,607] {dag.py:2273} INFO - Setting next_dagrun for example_xcom_args_with_operators to None
[2021-03-17 20:01:55,620] {scheduler_job.py:190} INFO - Processing /Users/harika/Desktop/CSYE_7245/Labs/airflow_tfx_lab/vlab/lib/python3.7/site-packages/airflow/example_dags/example_xcomargs.py took 0.083 seconds
[2021-03-17 20:02:34,137] {scheduler_job.py:182} INFO - Started process (PID=31207) to work on /Users/harika/Desktop/CSYE_7245/Labs/airflow_tfx_lab/vlab/lib/python3.7/site-packages/airflow/example_dags/example_xcomargs.py
[2021-03-17 20:02:34,139] {scheduler_job.py:629} INFO - Processing file /Users/harika/Desktop/CSYE_7245/Labs/airflow_tfx_lab/vlab/lib/python3.7/site-packages/airflow/example_dags/example_xcomargs.py for tasks to queue
[2021-03-17 20:02:34,141] {logging_mixin.py:104} INFO - [2021-03-17 20:02:34,141] {dagbag.py:448} INFO - Filling up the DagBag from /Users/harika/Desktop/CSYE_7245/Labs/airflow_tfx_lab/vlab/lib/python3.7/site-packages/airflow/example_dags/example_xcomargs.py
[2021-03-17 20:02:34,159] {scheduler_job.py:639} INFO - DAG(s) dict_keys(['example_xcom_args', 'example_xcom_args_with_operators']) retrieved from /Users/harika/Desktop/CSYE_7245/Labs/airflow_tfx_lab/vlab/lib/python3.7/site-packages/airflow/example_dags/example_xcomargs.py
[2021-03-17 20:02:34,184] {logging_mixin.py:104} INFO - [2021-03-17 20:02:34,183] {dag.py:1818} INFO - Sync 2 DAGs
[2021-03-17 20:02:34,198] {logging_mixin.py:104} INFO - [2021-03-17 20:02:34,197] {dag.py:2273} INFO - Setting next_dagrun for example_xcom_args to None
[2021-03-17 20:02:34,199] {logging_mixin.py:104} INFO - [2021-03-17 20:02:34,199] {dag.py:2273} INFO - Setting next_dagrun for example_xcom_args_with_operators to None
[2021-03-17 20:02:34,212] {scheduler_job.py:190} INFO - Processing /Users/harika/Desktop/CSYE_7245/Labs/airflow_tfx_lab/vlab/lib/python3.7/site-packages/airflow/example_dags/example_xcomargs.py took 0.079 seconds
[2021-03-17 20:03:13,793] {scheduler_job.py:182} INFO - Started process (PID=31249) to work on /Users/harika/Desktop/CSYE_7245/Labs/airflow_tfx_lab/vlab/lib/python3.7/site-packages/airflow/example_dags/example_xcomargs.py
[2021-03-17 20:03:13,796] {scheduler_job.py:629} INFO - Processing file /Users/harika/Desktop/CSYE_7245/Labs/airflow_tfx_lab/vlab/lib/python3.7/site-packages/airflow/example_dags/example_xcomargs.py for tasks to queue
[2021-03-17 20:03:13,797] {logging_mixin.py:104} INFO - [2021-03-17 20:03:13,797] {dagbag.py:448} INFO - Filling up the DagBag from /Users/harika/Desktop/CSYE_7245/Labs/airflow_tfx_lab/vlab/lib/python3.7/site-packages/airflow/example_dags/example_xcomargs.py
[2021-03-17 20:03:13,818] {scheduler_job.py:639} INFO - DAG(s) dict_keys(['example_xcom_args', 'example_xcom_args_with_operators']) retrieved from /Users/harika/Desktop/CSYE_7245/Labs/airflow_tfx_lab/vlab/lib/python3.7/site-packages/airflow/example_dags/example_xcomargs.py
[2021-03-17 20:03:13,841] {logging_mixin.py:104} INFO - [2021-03-17 20:03:13,840] {dag.py:1818} INFO - Sync 2 DAGs
[2021-03-17 20:03:13,856] {logging_mixin.py:104} INFO - [2021-03-17 20:03:13,855] {dag.py:2273} INFO - Setting next_dagrun for example_xcom_args to None
[2021-03-17 20:03:13,857] {logging_mixin.py:104} INFO - [2021-03-17 20:03:13,857] {dag.py:2273} INFO - Setting next_dagrun for example_xcom_args_with_operators to None
[2021-03-17 20:03:13,872] {scheduler_job.py:190} INFO - Processing /Users/harika/Desktop/CSYE_7245/Labs/airflow_tfx_lab/vlab/lib/python3.7/site-packages/airflow/example_dags/example_xcomargs.py took 0.083 seconds
[2021-03-17 20:03:52,362] {scheduler_job.py:182} INFO - Started process (PID=31287) to work on /Users/harika/Desktop/CSYE_7245/Labs/airflow_tfx_lab/vlab/lib/python3.7/site-packages/airflow/example_dags/example_xcomargs.py
[2021-03-17 20:03:52,363] {scheduler_job.py:629} INFO - Processing file /Users/harika/Desktop/CSYE_7245/Labs/airflow_tfx_lab/vlab/lib/python3.7/site-packages/airflow/example_dags/example_xcomargs.py for tasks to queue
[2021-03-17 20:03:52,365] {logging_mixin.py:104} INFO - [2021-03-17 20:03:52,364] {dagbag.py:448} INFO - Filling up the DagBag from /Users/harika/Desktop/CSYE_7245/Labs/airflow_tfx_lab/vlab/lib/python3.7/site-packages/airflow/example_dags/example_xcomargs.py
[2021-03-17 20:03:52,384] {scheduler_job.py:639} INFO - DAG(s) dict_keys(['example_xcom_args', 'example_xcom_args_with_operators']) retrieved from /Users/harika/Desktop/CSYE_7245/Labs/airflow_tfx_lab/vlab/lib/python3.7/site-packages/airflow/example_dags/example_xcomargs.py
[2021-03-17 20:03:52,407] {logging_mixin.py:104} INFO - [2021-03-17 20:03:52,407] {dag.py:1818} INFO - Sync 2 DAGs
[2021-03-17 20:03:52,420] {logging_mixin.py:104} INFO - [2021-03-17 20:03:52,420] {dag.py:2273} INFO - Setting next_dagrun for example_xcom_args to None
[2021-03-17 20:03:52,421] {logging_mixin.py:104} INFO - [2021-03-17 20:03:52,421] {dag.py:2273} INFO - Setting next_dagrun for example_xcom_args_with_operators to None
[2021-03-17 20:03:52,437] {scheduler_job.py:190} INFO - Processing /Users/harika/Desktop/CSYE_7245/Labs/airflow_tfx_lab/vlab/lib/python3.7/site-packages/airflow/example_dags/example_xcomargs.py took 0.080 seconds
[2021-03-17 20:04:30,624] {scheduler_job.py:182} INFO - Started process (PID=31321) to work on /Users/harika/Desktop/CSYE_7245/Labs/airflow_tfx_lab/vlab/lib/python3.7/site-packages/airflow/example_dags/example_xcomargs.py
[2021-03-17 20:04:30,627] {scheduler_job.py:629} INFO - Processing file /Users/harika/Desktop/CSYE_7245/Labs/airflow_tfx_lab/vlab/lib/python3.7/site-packages/airflow/example_dags/example_xcomargs.py for tasks to queue
[2021-03-17 20:04:30,630] {logging_mixin.py:104} INFO - [2021-03-17 20:04:30,629] {dagbag.py:448} INFO - Filling up the DagBag from /Users/harika/Desktop/CSYE_7245/Labs/airflow_tfx_lab/vlab/lib/python3.7/site-packages/airflow/example_dags/example_xcomargs.py
[2021-03-17 20:04:30,650] {scheduler_job.py:639} INFO - DAG(s) dict_keys(['example_xcom_args', 'example_xcom_args_with_operators']) retrieved from /Users/harika/Desktop/CSYE_7245/Labs/airflow_tfx_lab/vlab/lib/python3.7/site-packages/airflow/example_dags/example_xcomargs.py
[2021-03-17 20:04:30,682] {logging_mixin.py:104} INFO - [2021-03-17 20:04:30,682] {dag.py:1818} INFO - Sync 2 DAGs
[2021-03-17 20:04:30,699] {logging_mixin.py:104} INFO - [2021-03-17 20:04:30,698] {dag.py:2273} INFO - Setting next_dagrun for example_xcom_args to None
[2021-03-17 20:04:30,701] {logging_mixin.py:104} INFO - [2021-03-17 20:04:30,700] {dag.py:2273} INFO - Setting next_dagrun for example_xcom_args_with_operators to None
[2021-03-17 20:04:30,715] {scheduler_job.py:190} INFO - Processing /Users/harika/Desktop/CSYE_7245/Labs/airflow_tfx_lab/vlab/lib/python3.7/site-packages/airflow/example_dags/example_xcomargs.py took 0.095 seconds
[2021-03-17 20:05:09,292] {scheduler_job.py:182} INFO - Started process (PID=31353) to work on /Users/harika/Desktop/CSYE_7245/Labs/airflow_tfx_lab/vlab/lib/python3.7/site-packages/airflow/example_dags/example_xcomargs.py
[2021-03-17 20:05:09,296] {scheduler_job.py:629} INFO - Processing file /Users/harika/Desktop/CSYE_7245/Labs/airflow_tfx_lab/vlab/lib/python3.7/site-packages/airflow/example_dags/example_xcomargs.py for tasks to queue
[2021-03-17 20:05:09,298] {logging_mixin.py:104} INFO - [2021-03-17 20:05:09,297] {dagbag.py:448} INFO - Filling up the DagBag from /Users/harika/Desktop/CSYE_7245/Labs/airflow_tfx_lab/vlab/lib/python3.7/site-packages/airflow/example_dags/example_xcomargs.py
[2021-03-17 20:05:09,316] {scheduler_job.py:639} INFO - DAG(s) dict_keys(['example_xcom_args', 'example_xcom_args_with_operators']) retrieved from /Users/harika/Desktop/CSYE_7245/Labs/airflow_tfx_lab/vlab/lib/python3.7/site-packages/airflow/example_dags/example_xcomargs.py
[2021-03-17 20:05:09,337] {logging_mixin.py:104} INFO - [2021-03-17 20:05:09,337] {dag.py:1818} INFO - Sync 2 DAGs
[2021-03-17 20:05:09,350] {logging_mixin.py:104} INFO - [2021-03-17 20:05:09,349] {dag.py:2273} INFO - Setting next_dagrun for example_xcom_args to None
[2021-03-17 20:05:09,351] {logging_mixin.py:104} INFO - [2021-03-17 20:05:09,351] {dag.py:2273} INFO - Setting next_dagrun for example_xcom_args_with_operators to None
[2021-03-17 20:05:09,364] {scheduler_job.py:190} INFO - Processing /Users/harika/Desktop/CSYE_7245/Labs/airflow_tfx_lab/vlab/lib/python3.7/site-packages/airflow/example_dags/example_xcomargs.py took 0.076 seconds
[2021-03-17 20:05:49,778] {scheduler_job.py:182} INFO - Started process (PID=31388) to work on /Users/harika/Desktop/CSYE_7245/Labs/airflow_tfx_lab/vlab/lib/python3.7/site-packages/airflow/example_dags/example_xcomargs.py
[2021-03-17 20:05:49,781] {scheduler_job.py:629} INFO - Processing file /Users/harika/Desktop/CSYE_7245/Labs/airflow_tfx_lab/vlab/lib/python3.7/site-packages/airflow/example_dags/example_xcomargs.py for tasks to queue
[2021-03-17 20:05:49,783] {logging_mixin.py:104} INFO - [2021-03-17 20:05:49,782] {dagbag.py:448} INFO - Filling up the DagBag from /Users/harika/Desktop/CSYE_7245/Labs/airflow_tfx_lab/vlab/lib/python3.7/site-packages/airflow/example_dags/example_xcomargs.py
[2021-03-17 20:05:49,801] {scheduler_job.py:639} INFO - DAG(s) dict_keys(['example_xcom_args', 'example_xcom_args_with_operators']) retrieved from /Users/harika/Desktop/CSYE_7245/Labs/airflow_tfx_lab/vlab/lib/python3.7/site-packages/airflow/example_dags/example_xcomargs.py
[2021-03-17 20:05:49,823] {logging_mixin.py:104} INFO - [2021-03-17 20:05:49,822] {dag.py:1818} INFO - Sync 2 DAGs
[2021-03-17 20:05:49,836] {logging_mixin.py:104} INFO - [2021-03-17 20:05:49,835] {dag.py:2273} INFO - Setting next_dagrun for example_xcom_args to None
[2021-03-17 20:05:49,837] {logging_mixin.py:104} INFO - [2021-03-17 20:05:49,837] {dag.py:2273} INFO - Setting next_dagrun for example_xcom_args_with_operators to None
[2021-03-17 20:05:49,850] {scheduler_job.py:190} INFO - Processing /Users/harika/Desktop/CSYE_7245/Labs/airflow_tfx_lab/vlab/lib/python3.7/site-packages/airflow/example_dags/example_xcomargs.py took 0.076 seconds
[2021-03-17 20:06:27,942] {scheduler_job.py:182} INFO - Started process (PID=31417) to work on /Users/harika/Desktop/CSYE_7245/Labs/airflow_tfx_lab/vlab/lib/python3.7/site-packages/airflow/example_dags/example_xcomargs.py
[2021-03-17 20:06:27,943] {scheduler_job.py:629} INFO - Processing file /Users/harika/Desktop/CSYE_7245/Labs/airflow_tfx_lab/vlab/lib/python3.7/site-packages/airflow/example_dags/example_xcomargs.py for tasks to queue
[2021-03-17 20:06:27,945] {logging_mixin.py:104} INFO - [2021-03-17 20:06:27,944] {dagbag.py:448} INFO - Filling up the DagBag from /Users/harika/Desktop/CSYE_7245/Labs/airflow_tfx_lab/vlab/lib/python3.7/site-packages/airflow/example_dags/example_xcomargs.py
[2021-03-17 20:06:27,968] {scheduler_job.py:639} INFO - DAG(s) dict_keys(['example_xcom_args', 'example_xcom_args_with_operators']) retrieved from /Users/harika/Desktop/CSYE_7245/Labs/airflow_tfx_lab/vlab/lib/python3.7/site-packages/airflow/example_dags/example_xcomargs.py
[2021-03-17 20:06:27,989] {logging_mixin.py:104} INFO - [2021-03-17 20:06:27,989] {dag.py:1818} INFO - Sync 2 DAGs
[2021-03-17 20:06:28,002] {logging_mixin.py:104} INFO - [2021-03-17 20:06:28,001] {dag.py:2273} INFO - Setting next_dagrun for example_xcom_args to None
[2021-03-17 20:06:28,003] {logging_mixin.py:104} INFO - [2021-03-17 20:06:28,003] {dag.py:2273} INFO - Setting next_dagrun for example_xcom_args_with_operators to None
[2021-03-17 20:06:28,017] {scheduler_job.py:190} INFO - Processing /Users/harika/Desktop/CSYE_7245/Labs/airflow_tfx_lab/vlab/lib/python3.7/site-packages/airflow/example_dags/example_xcomargs.py took 0.079 seconds
[2021-03-17 20:07:06,314] {scheduler_job.py:182} INFO - Started process (PID=31447) to work on /Users/harika/Desktop/CSYE_7245/Labs/airflow_tfx_lab/vlab/lib/python3.7/site-packages/airflow/example_dags/example_xcomargs.py
[2021-03-17 20:07:06,317] {scheduler_job.py:629} INFO - Processing file /Users/harika/Desktop/CSYE_7245/Labs/airflow_tfx_lab/vlab/lib/python3.7/site-packages/airflow/example_dags/example_xcomargs.py for tasks to queue
[2021-03-17 20:07:06,318] {logging_mixin.py:104} INFO - [2021-03-17 20:07:06,318] {dagbag.py:448} INFO - Filling up the DagBag from /Users/harika/Desktop/CSYE_7245/Labs/airflow_tfx_lab/vlab/lib/python3.7/site-packages/airflow/example_dags/example_xcomargs.py
[2021-03-17 20:07:06,341] {scheduler_job.py:639} INFO - DAG(s) dict_keys(['example_xcom_args', 'example_xcom_args_with_operators']) retrieved from /Users/harika/Desktop/CSYE_7245/Labs/airflow_tfx_lab/vlab/lib/python3.7/site-packages/airflow/example_dags/example_xcomargs.py
[2021-03-17 20:07:06,370] {logging_mixin.py:104} INFO - [2021-03-17 20:07:06,370] {dag.py:1818} INFO - Sync 2 DAGs
[2021-03-17 20:07:06,394] {logging_mixin.py:104} INFO - [2021-03-17 20:07:06,394] {dag.py:2273} INFO - Setting next_dagrun for example_xcom_args to None
[2021-03-17 20:07:06,396] {logging_mixin.py:104} INFO - [2021-03-17 20:07:06,395] {dag.py:2273} INFO - Setting next_dagrun for example_xcom_args_with_operators to None
[2021-03-17 20:07:06,409] {scheduler_job.py:190} INFO - Processing /Users/harika/Desktop/CSYE_7245/Labs/airflow_tfx_lab/vlab/lib/python3.7/site-packages/airflow/example_dags/example_xcomargs.py took 0.100 seconds
[2021-03-17 20:07:45,286] {scheduler_job.py:182} INFO - Started process (PID=31479) to work on /Users/harika/Desktop/CSYE_7245/Labs/airflow_tfx_lab/vlab/lib/python3.7/site-packages/airflow/example_dags/example_xcomargs.py
[2021-03-17 20:07:45,289] {scheduler_job.py:629} INFO - Processing file /Users/harika/Desktop/CSYE_7245/Labs/airflow_tfx_lab/vlab/lib/python3.7/site-packages/airflow/example_dags/example_xcomargs.py for tasks to queue
[2021-03-17 20:07:45,290] {logging_mixin.py:104} INFO - [2021-03-17 20:07:45,290] {dagbag.py:448} INFO - Filling up the DagBag from /Users/harika/Desktop/CSYE_7245/Labs/airflow_tfx_lab/vlab/lib/python3.7/site-packages/airflow/example_dags/example_xcomargs.py
[2021-03-17 20:07:45,308] {scheduler_job.py:639} INFO - DAG(s) dict_keys(['example_xcom_args', 'example_xcom_args_with_operators']) retrieved from /Users/harika/Desktop/CSYE_7245/Labs/airflow_tfx_lab/vlab/lib/python3.7/site-packages/airflow/example_dags/example_xcomargs.py
[2021-03-17 20:07:45,329] {logging_mixin.py:104} INFO - [2021-03-17 20:07:45,329] {dag.py:1818} INFO - Sync 2 DAGs
[2021-03-17 20:07:45,342] {logging_mixin.py:104} INFO - [2021-03-17 20:07:45,341] {dag.py:2273} INFO - Setting next_dagrun for example_xcom_args to None
[2021-03-17 20:07:45,343] {logging_mixin.py:104} INFO - [2021-03-17 20:07:45,343] {dag.py:2273} INFO - Setting next_dagrun for example_xcom_args_with_operators to None
[2021-03-17 20:07:45,356] {scheduler_job.py:190} INFO - Processing /Users/harika/Desktop/CSYE_7245/Labs/airflow_tfx_lab/vlab/lib/python3.7/site-packages/airflow/example_dags/example_xcomargs.py took 0.074 seconds
[2021-03-17 20:08:24,748] {scheduler_job.py:182} INFO - Started process (PID=31518) to work on /Users/harika/Desktop/CSYE_7245/Labs/airflow_tfx_lab/vlab/lib/python3.7/site-packages/airflow/example_dags/example_xcomargs.py
[2021-03-17 20:08:24,751] {scheduler_job.py:629} INFO - Processing file /Users/harika/Desktop/CSYE_7245/Labs/airflow_tfx_lab/vlab/lib/python3.7/site-packages/airflow/example_dags/example_xcomargs.py for tasks to queue
[2021-03-17 20:08:24,752] {logging_mixin.py:104} INFO - [2021-03-17 20:08:24,752] {dagbag.py:448} INFO - Filling up the DagBag from /Users/harika/Desktop/CSYE_7245/Labs/airflow_tfx_lab/vlab/lib/python3.7/site-packages/airflow/example_dags/example_xcomargs.py
[2021-03-17 20:08:24,770] {scheduler_job.py:639} INFO - DAG(s) dict_keys(['example_xcom_args', 'example_xcom_args_with_operators']) retrieved from /Users/harika/Desktop/CSYE_7245/Labs/airflow_tfx_lab/vlab/lib/python3.7/site-packages/airflow/example_dags/example_xcomargs.py
[2021-03-17 20:08:24,792] {logging_mixin.py:104} INFO - [2021-03-17 20:08:24,791] {dag.py:1818} INFO - Sync 2 DAGs
[2021-03-17 20:08:24,807] {logging_mixin.py:104} INFO - [2021-03-17 20:08:24,807] {dag.py:2273} INFO - Setting next_dagrun for example_xcom_args to None
[2021-03-17 20:08:24,809] {logging_mixin.py:104} INFO - [2021-03-17 20:08:24,808] {dag.py:2273} INFO - Setting next_dagrun for example_xcom_args_with_operators to None
[2021-03-17 20:08:24,907] {scheduler_job.py:190} INFO - Processing /Users/harika/Desktop/CSYE_7245/Labs/airflow_tfx_lab/vlab/lib/python3.7/site-packages/airflow/example_dags/example_xcomargs.py took 0.164 seconds
[2021-03-17 20:09:03,938] {scheduler_job.py:182} INFO - Started process (PID=31551) to work on /Users/harika/Desktop/CSYE_7245/Labs/airflow_tfx_lab/vlab/lib/python3.7/site-packages/airflow/example_dags/example_xcomargs.py
[2021-03-17 20:09:03,940] {scheduler_job.py:629} INFO - Processing file /Users/harika/Desktop/CSYE_7245/Labs/airflow_tfx_lab/vlab/lib/python3.7/site-packages/airflow/example_dags/example_xcomargs.py for tasks to queue
[2021-03-17 20:09:03,942] {logging_mixin.py:104} INFO - [2021-03-17 20:09:03,941] {dagbag.py:448} INFO - Filling up the DagBag from /Users/harika/Desktop/CSYE_7245/Labs/airflow_tfx_lab/vlab/lib/python3.7/site-packages/airflow/example_dags/example_xcomargs.py
[2021-03-17 20:09:03,962] {scheduler_job.py:639} INFO - DAG(s) dict_keys(['example_xcom_args', 'example_xcom_args_with_operators']) retrieved from /Users/harika/Desktop/CSYE_7245/Labs/airflow_tfx_lab/vlab/lib/python3.7/site-packages/airflow/example_dags/example_xcomargs.py
[2021-03-17 20:09:03,987] {logging_mixin.py:104} INFO - [2021-03-17 20:09:03,986] {dag.py:1818} INFO - Sync 2 DAGs
[2021-03-17 20:09:04,115] {logging_mixin.py:104} INFO - [2021-03-17 20:09:04,115] {dag.py:2273} INFO - Setting next_dagrun for example_xcom_args to None
[2021-03-17 20:09:04,117] {logging_mixin.py:104} INFO - [2021-03-17 20:09:04,116] {dag.py:2273} INFO - Setting next_dagrun for example_xcom_args_with_operators to None
[2021-03-17 20:09:04,127] {scheduler_job.py:190} INFO - Processing /Users/harika/Desktop/CSYE_7245/Labs/airflow_tfx_lab/vlab/lib/python3.7/site-packages/airflow/example_dags/example_xcomargs.py took 0.193 seconds
[2021-03-17 20:09:42,248] {scheduler_job.py:182} INFO - Started process (PID=31586) to work on /Users/harika/Desktop/CSYE_7245/Labs/airflow_tfx_lab/vlab/lib/python3.7/site-packages/airflow/example_dags/example_xcomargs.py
[2021-03-17 20:09:42,250] {scheduler_job.py:629} INFO - Processing file /Users/harika/Desktop/CSYE_7245/Labs/airflow_tfx_lab/vlab/lib/python3.7/site-packages/airflow/example_dags/example_xcomargs.py for tasks to queue
[2021-03-17 20:09:42,252] {logging_mixin.py:104} INFO - [2021-03-17 20:09:42,252] {dagbag.py:448} INFO - Filling up the DagBag from /Users/harika/Desktop/CSYE_7245/Labs/airflow_tfx_lab/vlab/lib/python3.7/site-packages/airflow/example_dags/example_xcomargs.py
[2021-03-17 20:09:42,270] {scheduler_job.py:639} INFO - DAG(s) dict_keys(['example_xcom_args', 'example_xcom_args_with_operators']) retrieved from /Users/harika/Desktop/CSYE_7245/Labs/airflow_tfx_lab/vlab/lib/python3.7/site-packages/airflow/example_dags/example_xcomargs.py
[2021-03-17 20:09:42,290] {logging_mixin.py:104} INFO - [2021-03-17 20:09:42,290] {dag.py:1818} INFO - Sync 2 DAGs
[2021-03-17 20:09:42,387] {logging_mixin.py:104} INFO - [2021-03-17 20:09:42,387] {dag.py:2273} INFO - Setting next_dagrun for example_xcom_args to None
[2021-03-17 20:09:42,389] {logging_mixin.py:104} INFO - [2021-03-17 20:09:42,388] {dag.py:2273} INFO - Setting next_dagrun for example_xcom_args_with_operators to None
[2021-03-17 20:09:42,400] {scheduler_job.py:190} INFO - Processing /Users/harika/Desktop/CSYE_7245/Labs/airflow_tfx_lab/vlab/lib/python3.7/site-packages/airflow/example_dags/example_xcomargs.py took 0.156 seconds
[2021-03-17 20:10:22,658] {scheduler_job.py:182} INFO - Started process (PID=31623) to work on /Users/harika/Desktop/CSYE_7245/Labs/airflow_tfx_lab/vlab/lib/python3.7/site-packages/airflow/example_dags/example_xcomargs.py
[2021-03-17 20:10:22,660] {scheduler_job.py:629} INFO - Processing file /Users/harika/Desktop/CSYE_7245/Labs/airflow_tfx_lab/vlab/lib/python3.7/site-packages/airflow/example_dags/example_xcomargs.py for tasks to queue
[2021-03-17 20:10:22,663] {logging_mixin.py:104} INFO - [2021-03-17 20:10:22,662] {dagbag.py:448} INFO - Filling up the DagBag from /Users/harika/Desktop/CSYE_7245/Labs/airflow_tfx_lab/vlab/lib/python3.7/site-packages/airflow/example_dags/example_xcomargs.py
[2021-03-17 20:10:22,684] {scheduler_job.py:639} INFO - DAG(s) dict_keys(['example_xcom_args', 'example_xcom_args_with_operators']) retrieved from /Users/harika/Desktop/CSYE_7245/Labs/airflow_tfx_lab/vlab/lib/python3.7/site-packages/airflow/example_dags/example_xcomargs.py
[2021-03-17 20:10:22,707] {logging_mixin.py:104} INFO - [2021-03-17 20:10:22,707] {dag.py:1818} INFO - Sync 2 DAGs
[2021-03-17 20:10:22,810] {logging_mixin.py:104} INFO - [2021-03-17 20:10:22,810] {dag.py:2273} INFO - Setting next_dagrun for example_xcom_args to None
[2021-03-17 20:10:22,812] {logging_mixin.py:104} INFO - [2021-03-17 20:10:22,812] {dag.py:2273} INFO - Setting next_dagrun for example_xcom_args_with_operators to None
[2021-03-17 20:10:22,824] {scheduler_job.py:190} INFO - Processing /Users/harika/Desktop/CSYE_7245/Labs/airflow_tfx_lab/vlab/lib/python3.7/site-packages/airflow/example_dags/example_xcomargs.py took 0.170 seconds
[2021-03-17 20:11:01,040] {scheduler_job.py:182} INFO - Started process (PID=31659) to work on /Users/harika/Desktop/CSYE_7245/Labs/airflow_tfx_lab/vlab/lib/python3.7/site-packages/airflow/example_dags/example_xcomargs.py
[2021-03-17 20:11:01,043] {scheduler_job.py:629} INFO - Processing file /Users/harika/Desktop/CSYE_7245/Labs/airflow_tfx_lab/vlab/lib/python3.7/site-packages/airflow/example_dags/example_xcomargs.py for tasks to queue
[2021-03-17 20:11:01,045] {logging_mixin.py:104} INFO - [2021-03-17 20:11:01,044] {dagbag.py:448} INFO - Filling up the DagBag from /Users/harika/Desktop/CSYE_7245/Labs/airflow_tfx_lab/vlab/lib/python3.7/site-packages/airflow/example_dags/example_xcomargs.py
[2021-03-17 20:11:01,064] {scheduler_job.py:639} INFO - DAG(s) dict_keys(['example_xcom_args', 'example_xcom_args_with_operators']) retrieved from /Users/harika/Desktop/CSYE_7245/Labs/airflow_tfx_lab/vlab/lib/python3.7/site-packages/airflow/example_dags/example_xcomargs.py
[2021-03-17 20:11:01,087] {logging_mixin.py:104} INFO - [2021-03-17 20:11:01,086] {dag.py:1818} INFO - Sync 2 DAGs
[2021-03-17 20:11:01,183] {logging_mixin.py:104} INFO - [2021-03-17 20:11:01,182] {dag.py:2273} INFO - Setting next_dagrun for example_xcom_args to None
[2021-03-17 20:11:01,184] {logging_mixin.py:104} INFO - [2021-03-17 20:11:01,184] {dag.py:2273} INFO - Setting next_dagrun for example_xcom_args_with_operators to None
[2021-03-17 20:11:01,194] {scheduler_job.py:190} INFO - Processing /Users/harika/Desktop/CSYE_7245/Labs/airflow_tfx_lab/vlab/lib/python3.7/site-packages/airflow/example_dags/example_xcomargs.py took 0.159 seconds
[2021-03-17 20:11:41,236] {scheduler_job.py:182} INFO - Started process (PID=31703) to work on /Users/harika/Desktop/CSYE_7245/Labs/airflow_tfx_lab/vlab/lib/python3.7/site-packages/airflow/example_dags/example_xcomargs.py
[2021-03-17 20:11:41,239] {scheduler_job.py:629} INFO - Processing file /Users/harika/Desktop/CSYE_7245/Labs/airflow_tfx_lab/vlab/lib/python3.7/site-packages/airflow/example_dags/example_xcomargs.py for tasks to queue
[2021-03-17 20:11:41,241] {logging_mixin.py:104} INFO - [2021-03-17 20:11:41,241] {dagbag.py:448} INFO - Filling up the DagBag from /Users/harika/Desktop/CSYE_7245/Labs/airflow_tfx_lab/vlab/lib/python3.7/site-packages/airflow/example_dags/example_xcomargs.py
[2021-03-17 20:11:41,259] {scheduler_job.py:639} INFO - DAG(s) dict_keys(['example_xcom_args', 'example_xcom_args_with_operators']) retrieved from /Users/harika/Desktop/CSYE_7245/Labs/airflow_tfx_lab/vlab/lib/python3.7/site-packages/airflow/example_dags/example_xcomargs.py
[2021-03-17 20:11:41,286] {logging_mixin.py:104} INFO - [2021-03-17 20:11:41,285] {dag.py:1818} INFO - Sync 2 DAGs
[2021-03-17 20:11:41,384] {logging_mixin.py:104} INFO - [2021-03-17 20:11:41,383] {dag.py:2273} INFO - Setting next_dagrun for example_xcom_args to None
[2021-03-17 20:11:41,385] {logging_mixin.py:104} INFO - [2021-03-17 20:11:41,385] {dag.py:2273} INFO - Setting next_dagrun for example_xcom_args_with_operators to None
[2021-03-17 20:11:41,398] {scheduler_job.py:190} INFO - Processing /Users/harika/Desktop/CSYE_7245/Labs/airflow_tfx_lab/vlab/lib/python3.7/site-packages/airflow/example_dags/example_xcomargs.py took 0.166 seconds
[2021-03-17 20:12:21,654] {scheduler_job.py:182} INFO - Started process (PID=31734) to work on /Users/harika/Desktop/CSYE_7245/Labs/airflow_tfx_lab/vlab/lib/python3.7/site-packages/airflow/example_dags/example_xcomargs.py
[2021-03-17 20:12:21,657] {scheduler_job.py:629} INFO - Processing file /Users/harika/Desktop/CSYE_7245/Labs/airflow_tfx_lab/vlab/lib/python3.7/site-packages/airflow/example_dags/example_xcomargs.py for tasks to queue
[2021-03-17 20:12:21,660] {logging_mixin.py:104} INFO - [2021-03-17 20:12:21,659] {dagbag.py:448} INFO - Filling up the DagBag from /Users/harika/Desktop/CSYE_7245/Labs/airflow_tfx_lab/vlab/lib/python3.7/site-packages/airflow/example_dags/example_xcomargs.py
[2021-03-17 20:12:21,679] {scheduler_job.py:639} INFO - DAG(s) dict_keys(['example_xcom_args', 'example_xcom_args_with_operators']) retrieved from /Users/harika/Desktop/CSYE_7245/Labs/airflow_tfx_lab/vlab/lib/python3.7/site-packages/airflow/example_dags/example_xcomargs.py
[2021-03-17 20:12:21,697] {logging_mixin.py:104} INFO - [2021-03-17 20:12:21,697] {dag.py:1818} INFO - Sync 2 DAGs
[2021-03-17 20:12:21,810] {logging_mixin.py:104} INFO - [2021-03-17 20:12:21,809] {dag.py:2273} INFO - Setting next_dagrun for example_xcom_args to None
[2021-03-17 20:12:21,812] {logging_mixin.py:104} INFO - [2021-03-17 20:12:21,811] {dag.py:2273} INFO - Setting next_dagrun for example_xcom_args_with_operators to None
[2021-03-17 20:12:21,822] {scheduler_job.py:190} INFO - Processing /Users/harika/Desktop/CSYE_7245/Labs/airflow_tfx_lab/vlab/lib/python3.7/site-packages/airflow/example_dags/example_xcomargs.py took 0.174 seconds
[2021-03-17 20:12:59,031] {scheduler_job.py:182} INFO - Started process (PID=31766) to work on /Users/harika/Desktop/CSYE_7245/Labs/airflow_tfx_lab/vlab/lib/python3.7/site-packages/airflow/example_dags/example_xcomargs.py
[2021-03-17 20:12:59,033] {scheduler_job.py:629} INFO - Processing file /Users/harika/Desktop/CSYE_7245/Labs/airflow_tfx_lab/vlab/lib/python3.7/site-packages/airflow/example_dags/example_xcomargs.py for tasks to queue
[2021-03-17 20:12:59,035] {logging_mixin.py:104} INFO - [2021-03-17 20:12:59,034] {dagbag.py:448} INFO - Filling up the DagBag from /Users/harika/Desktop/CSYE_7245/Labs/airflow_tfx_lab/vlab/lib/python3.7/site-packages/airflow/example_dags/example_xcomargs.py
[2021-03-17 20:12:59,061] {scheduler_job.py:639} INFO - DAG(s) dict_keys(['example_xcom_args', 'example_xcom_args_with_operators']) retrieved from /Users/harika/Desktop/CSYE_7245/Labs/airflow_tfx_lab/vlab/lib/python3.7/site-packages/airflow/example_dags/example_xcomargs.py
[2021-03-17 20:12:59,083] {logging_mixin.py:104} INFO - [2021-03-17 20:12:59,083] {dag.py:1818} INFO - Sync 2 DAGs
[2021-03-17 20:12:59,187] {logging_mixin.py:104} INFO - [2021-03-17 20:12:59,187] {dag.py:2273} INFO - Setting next_dagrun for example_xcom_args to None
[2021-03-17 20:12:59,190] {logging_mixin.py:104} INFO - [2021-03-17 20:12:59,190] {dag.py:2273} INFO - Setting next_dagrun for example_xcom_args_with_operators to None
[2021-03-17 20:12:59,204] {scheduler_job.py:190} INFO - Processing /Users/harika/Desktop/CSYE_7245/Labs/airflow_tfx_lab/vlab/lib/python3.7/site-packages/airflow/example_dags/example_xcomargs.py took 0.177 seconds
[2021-03-17 20:13:38,874] {scheduler_job.py:182} INFO - Started process (PID=31799) to work on /Users/harika/Desktop/CSYE_7245/Labs/airflow_tfx_lab/vlab/lib/python3.7/site-packages/airflow/example_dags/example_xcomargs.py
[2021-03-17 20:13:38,877] {scheduler_job.py:629} INFO - Processing file /Users/harika/Desktop/CSYE_7245/Labs/airflow_tfx_lab/vlab/lib/python3.7/site-packages/airflow/example_dags/example_xcomargs.py for tasks to queue
[2021-03-17 20:13:38,879] {logging_mixin.py:104} INFO - [2021-03-17 20:13:38,879] {dagbag.py:448} INFO - Filling up the DagBag from /Users/harika/Desktop/CSYE_7245/Labs/airflow_tfx_lab/vlab/lib/python3.7/site-packages/airflow/example_dags/example_xcomargs.py
[2021-03-17 20:13:38,900] {scheduler_job.py:639} INFO - DAG(s) dict_keys(['example_xcom_args', 'example_xcom_args_with_operators']) retrieved from /Users/harika/Desktop/CSYE_7245/Labs/airflow_tfx_lab/vlab/lib/python3.7/site-packages/airflow/example_dags/example_xcomargs.py
[2021-03-17 20:13:39,039] {logging_mixin.py:104} INFO - [2021-03-17 20:13:39,039] {dag.py:1818} INFO - Sync 2 DAGs
[2021-03-17 20:13:39,052] {logging_mixin.py:104} INFO - [2021-03-17 20:13:39,052] {dag.py:2273} INFO - Setting next_dagrun for example_xcom_args to None
[2021-03-17 20:13:39,054] {logging_mixin.py:104} INFO - [2021-03-17 20:13:39,053] {dag.py:2273} INFO - Setting next_dagrun for example_xcom_args_with_operators to None
[2021-03-17 20:13:39,066] {scheduler_job.py:190} INFO - Processing /Users/harika/Desktop/CSYE_7245/Labs/airflow_tfx_lab/vlab/lib/python3.7/site-packages/airflow/example_dags/example_xcomargs.py took 0.197 seconds
[2021-03-17 20:14:18,762] {scheduler_job.py:182} INFO - Started process (PID=31829) to work on /Users/harika/Desktop/CSYE_7245/Labs/airflow_tfx_lab/vlab/lib/python3.7/site-packages/airflow/example_dags/example_xcomargs.py
[2021-03-17 20:14:18,764] {scheduler_job.py:629} INFO - Processing file /Users/harika/Desktop/CSYE_7245/Labs/airflow_tfx_lab/vlab/lib/python3.7/site-packages/airflow/example_dags/example_xcomargs.py for tasks to queue
[2021-03-17 20:14:18,767] {logging_mixin.py:104} INFO - [2021-03-17 20:14:18,767] {dagbag.py:448} INFO - Filling up the DagBag from /Users/harika/Desktop/CSYE_7245/Labs/airflow_tfx_lab/vlab/lib/python3.7/site-packages/airflow/example_dags/example_xcomargs.py
[2021-03-17 20:14:18,791] {scheduler_job.py:639} INFO - DAG(s) dict_keys(['example_xcom_args', 'example_xcom_args_with_operators']) retrieved from /Users/harika/Desktop/CSYE_7245/Labs/airflow_tfx_lab/vlab/lib/python3.7/site-packages/airflow/example_dags/example_xcomargs.py
[2021-03-17 20:14:18,907] {logging_mixin.py:104} INFO - [2021-03-17 20:14:18,906] {dag.py:1818} INFO - Sync 2 DAGs
[2021-03-17 20:14:18,918] {logging_mixin.py:104} INFO - [2021-03-17 20:14:18,917] {dag.py:2273} INFO - Setting next_dagrun for example_xcom_args to None
[2021-03-17 20:14:18,919] {logging_mixin.py:104} INFO - [2021-03-17 20:14:18,918] {dag.py:2273} INFO - Setting next_dagrun for example_xcom_args_with_operators to None
[2021-03-17 20:14:18,932] {scheduler_job.py:190} INFO - Processing /Users/harika/Desktop/CSYE_7245/Labs/airflow_tfx_lab/vlab/lib/python3.7/site-packages/airflow/example_dags/example_xcomargs.py took 0.174 seconds
[2021-03-17 20:14:56,692] {scheduler_job.py:182} INFO - Started process (PID=31859) to work on /Users/harika/Desktop/CSYE_7245/Labs/airflow_tfx_lab/vlab/lib/python3.7/site-packages/airflow/example_dags/example_xcomargs.py
[2021-03-17 20:14:56,697] {scheduler_job.py:629} INFO - Processing file /Users/harika/Desktop/CSYE_7245/Labs/airflow_tfx_lab/vlab/lib/python3.7/site-packages/airflow/example_dags/example_xcomargs.py for tasks to queue
[2021-03-17 20:14:56,699] {logging_mixin.py:104} INFO - [2021-03-17 20:14:56,698] {dagbag.py:448} INFO - Filling up the DagBag from /Users/harika/Desktop/CSYE_7245/Labs/airflow_tfx_lab/vlab/lib/python3.7/site-packages/airflow/example_dags/example_xcomargs.py
[2021-03-17 20:14:56,717] {scheduler_job.py:639} INFO - DAG(s) dict_keys(['example_xcom_args', 'example_xcom_args_with_operators']) retrieved from /Users/harika/Desktop/CSYE_7245/Labs/airflow_tfx_lab/vlab/lib/python3.7/site-packages/airflow/example_dags/example_xcomargs.py
[2021-03-17 20:14:56,838] {logging_mixin.py:104} INFO - [2021-03-17 20:14:56,838] {dag.py:1818} INFO - Sync 2 DAGs
[2021-03-17 20:14:56,849] {logging_mixin.py:104} INFO - [2021-03-17 20:14:56,849] {dag.py:2273} INFO - Setting next_dagrun for example_xcom_args to None
[2021-03-17 20:14:56,851] {logging_mixin.py:104} INFO - [2021-03-17 20:14:56,850] {dag.py:2273} INFO - Setting next_dagrun for example_xcom_args_with_operators to None
[2021-03-17 20:14:56,861] {scheduler_job.py:190} INFO - Processing /Users/harika/Desktop/CSYE_7245/Labs/airflow_tfx_lab/vlab/lib/python3.7/site-packages/airflow/example_dags/example_xcomargs.py took 0.173 seconds
[2021-03-17 20:15:34,217] {scheduler_job.py:182} INFO - Started process (PID=31893) to work on /Users/harika/Desktop/CSYE_7245/Labs/airflow_tfx_lab/vlab/lib/python3.7/site-packages/airflow/example_dags/example_xcomargs.py
[2021-03-17 20:15:34,219] {scheduler_job.py:629} INFO - Processing file /Users/harika/Desktop/CSYE_7245/Labs/airflow_tfx_lab/vlab/lib/python3.7/site-packages/airflow/example_dags/example_xcomargs.py for tasks to queue
[2021-03-17 20:15:34,220] {logging_mixin.py:104} INFO - [2021-03-17 20:15:34,220] {dagbag.py:448} INFO - Filling up the DagBag from /Users/harika/Desktop/CSYE_7245/Labs/airflow_tfx_lab/vlab/lib/python3.7/site-packages/airflow/example_dags/example_xcomargs.py
[2021-03-17 20:15:34,242] {scheduler_job.py:639} INFO - DAG(s) dict_keys(['example_xcom_args', 'example_xcom_args_with_operators']) retrieved from /Users/harika/Desktop/CSYE_7245/Labs/airflow_tfx_lab/vlab/lib/python3.7/site-packages/airflow/example_dags/example_xcomargs.py
[2021-03-17 20:15:34,354] {logging_mixin.py:104} INFO - [2021-03-17 20:15:34,354] {dag.py:1818} INFO - Sync 2 DAGs
[2021-03-17 20:15:34,368] {logging_mixin.py:104} INFO - [2021-03-17 20:15:34,368] {dag.py:2273} INFO - Setting next_dagrun for example_xcom_args to None
[2021-03-17 20:15:34,369] {logging_mixin.py:104} INFO - [2021-03-17 20:15:34,369] {dag.py:2273} INFO - Setting next_dagrun for example_xcom_args_with_operators to None
[2021-03-17 20:15:34,380] {scheduler_job.py:190} INFO - Processing /Users/harika/Desktop/CSYE_7245/Labs/airflow_tfx_lab/vlab/lib/python3.7/site-packages/airflow/example_dags/example_xcomargs.py took 0.175 seconds
[2021-03-17 20:16:13,566] {scheduler_job.py:182} INFO - Started process (PID=31927) to work on /Users/harika/Desktop/CSYE_7245/Labs/airflow_tfx_lab/vlab/lib/python3.7/site-packages/airflow/example_dags/example_xcomargs.py
[2021-03-17 20:16:13,568] {scheduler_job.py:629} INFO - Processing file /Users/harika/Desktop/CSYE_7245/Labs/airflow_tfx_lab/vlab/lib/python3.7/site-packages/airflow/example_dags/example_xcomargs.py for tasks to queue
[2021-03-17 20:16:13,570] {logging_mixin.py:104} INFO - [2021-03-17 20:16:13,569] {dagbag.py:448} INFO - Filling up the DagBag from /Users/harika/Desktop/CSYE_7245/Labs/airflow_tfx_lab/vlab/lib/python3.7/site-packages/airflow/example_dags/example_xcomargs.py
[2021-03-17 20:16:13,592] {scheduler_job.py:639} INFO - DAG(s) dict_keys(['example_xcom_args', 'example_xcom_args_with_operators']) retrieved from /Users/harika/Desktop/CSYE_7245/Labs/airflow_tfx_lab/vlab/lib/python3.7/site-packages/airflow/example_dags/example_xcomargs.py
[2021-03-17 20:16:13,719] {logging_mixin.py:104} INFO - [2021-03-17 20:16:13,718] {dag.py:1818} INFO - Sync 2 DAGs
[2021-03-17 20:16:13,731] {logging_mixin.py:104} INFO - [2021-03-17 20:16:13,731] {dag.py:2273} INFO - Setting next_dagrun for example_xcom_args to None
[2021-03-17 20:16:13,734] {logging_mixin.py:104} INFO - [2021-03-17 20:16:13,733] {dag.py:2273} INFO - Setting next_dagrun for example_xcom_args_with_operators to None
[2021-03-17 20:16:13,747] {scheduler_job.py:190} INFO - Processing /Users/harika/Desktop/CSYE_7245/Labs/airflow_tfx_lab/vlab/lib/python3.7/site-packages/airflow/example_dags/example_xcomargs.py took 0.185 seconds
[2021-03-17 20:16:52,991] {scheduler_job.py:182} INFO - Started process (PID=31961) to work on /Users/harika/Desktop/CSYE_7245/Labs/airflow_tfx_lab/vlab/lib/python3.7/site-packages/airflow/example_dags/example_xcomargs.py
[2021-03-17 20:16:52,992] {scheduler_job.py:629} INFO - Processing file /Users/harika/Desktop/CSYE_7245/Labs/airflow_tfx_lab/vlab/lib/python3.7/site-packages/airflow/example_dags/example_xcomargs.py for tasks to queue
[2021-03-17 20:16:52,995] {logging_mixin.py:104} INFO - [2021-03-17 20:16:52,994] {dagbag.py:448} INFO - Filling up the DagBag from /Users/harika/Desktop/CSYE_7245/Labs/airflow_tfx_lab/vlab/lib/python3.7/site-packages/airflow/example_dags/example_xcomargs.py
[2021-03-17 20:16:53,013] {scheduler_job.py:639} INFO - DAG(s) dict_keys(['example_xcom_args', 'example_xcom_args_with_operators']) retrieved from /Users/harika/Desktop/CSYE_7245/Labs/airflow_tfx_lab/vlab/lib/python3.7/site-packages/airflow/example_dags/example_xcomargs.py
[2021-03-17 20:16:53,133] {logging_mixin.py:104} INFO - [2021-03-17 20:16:53,132] {dag.py:1818} INFO - Sync 2 DAGs
[2021-03-17 20:16:53,144] {logging_mixin.py:104} INFO - [2021-03-17 20:16:53,144] {dag.py:2273} INFO - Setting next_dagrun for example_xcom_args to None
[2021-03-17 20:16:53,146] {logging_mixin.py:104} INFO - [2021-03-17 20:16:53,145] {dag.py:2273} INFO - Setting next_dagrun for example_xcom_args_with_operators to None
[2021-03-17 20:16:53,158] {scheduler_job.py:190} INFO - Processing /Users/harika/Desktop/CSYE_7245/Labs/airflow_tfx_lab/vlab/lib/python3.7/site-packages/airflow/example_dags/example_xcomargs.py took 0.171 seconds
[2021-03-17 20:17:30,267] {scheduler_job.py:182} INFO - Started process (PID=31991) to work on /Users/harika/Desktop/CSYE_7245/Labs/airflow_tfx_lab/vlab/lib/python3.7/site-packages/airflow/example_dags/example_xcomargs.py
[2021-03-17 20:17:30,270] {scheduler_job.py:629} INFO - Processing file /Users/harika/Desktop/CSYE_7245/Labs/airflow_tfx_lab/vlab/lib/python3.7/site-packages/airflow/example_dags/example_xcomargs.py for tasks to queue
[2021-03-17 20:17:30,272] {logging_mixin.py:104} INFO - [2021-03-17 20:17:30,271] {dagbag.py:448} INFO - Filling up the DagBag from /Users/harika/Desktop/CSYE_7245/Labs/airflow_tfx_lab/vlab/lib/python3.7/site-packages/airflow/example_dags/example_xcomargs.py
[2021-03-17 20:17:30,289] {scheduler_job.py:639} INFO - DAG(s) dict_keys(['example_xcom_args', 'example_xcom_args_with_operators']) retrieved from /Users/harika/Desktop/CSYE_7245/Labs/airflow_tfx_lab/vlab/lib/python3.7/site-packages/airflow/example_dags/example_xcomargs.py
[2021-03-17 20:17:30,402] {logging_mixin.py:104} INFO - [2021-03-17 20:17:30,401] {dag.py:1818} INFO - Sync 2 DAGs
[2021-03-17 20:17:30,412] {logging_mixin.py:104} INFO - [2021-03-17 20:17:30,411] {dag.py:2273} INFO - Setting next_dagrun for example_xcom_args to None
[2021-03-17 20:17:30,414] {logging_mixin.py:104} INFO - [2021-03-17 20:17:30,413] {dag.py:2273} INFO - Setting next_dagrun for example_xcom_args_with_operators to None
[2021-03-17 20:17:30,424] {scheduler_job.py:190} INFO - Processing /Users/harika/Desktop/CSYE_7245/Labs/airflow_tfx_lab/vlab/lib/python3.7/site-packages/airflow/example_dags/example_xcomargs.py took 0.160 seconds
[2021-03-17 20:18:09,896] {scheduler_job.py:182} INFO - Started process (PID=32033) to work on /Users/harika/Desktop/CSYE_7245/Labs/airflow_tfx_lab/vlab/lib/python3.7/site-packages/airflow/example_dags/example_xcomargs.py
[2021-03-17 20:18:09,899] {scheduler_job.py:629} INFO - Processing file /Users/harika/Desktop/CSYE_7245/Labs/airflow_tfx_lab/vlab/lib/python3.7/site-packages/airflow/example_dags/example_xcomargs.py for tasks to queue
[2021-03-17 20:18:09,900] {logging_mixin.py:104} INFO - [2021-03-17 20:18:09,900] {dagbag.py:448} INFO - Filling up the DagBag from /Users/harika/Desktop/CSYE_7245/Labs/airflow_tfx_lab/vlab/lib/python3.7/site-packages/airflow/example_dags/example_xcomargs.py
[2021-03-17 20:18:10,018] {scheduler_job.py:639} INFO - DAG(s) dict_keys(['example_xcom_args', 'example_xcom_args_with_operators']) retrieved from /Users/harika/Desktop/CSYE_7245/Labs/airflow_tfx_lab/vlab/lib/python3.7/site-packages/airflow/example_dags/example_xcomargs.py
[2021-03-17 20:18:10,035] {logging_mixin.py:104} INFO - [2021-03-17 20:18:10,035] {dag.py:1818} INFO - Sync 2 DAGs
[2021-03-17 20:18:10,047] {logging_mixin.py:104} INFO - [2021-03-17 20:18:10,046] {dag.py:2273} INFO - Setting next_dagrun for example_xcom_args to None
[2021-03-17 20:18:10,048] {logging_mixin.py:104} INFO - [2021-03-17 20:18:10,048] {dag.py:2273} INFO - Setting next_dagrun for example_xcom_args_with_operators to None
[2021-03-17 20:18:10,063] {scheduler_job.py:190} INFO - Processing /Users/harika/Desktop/CSYE_7245/Labs/airflow_tfx_lab/vlab/lib/python3.7/site-packages/airflow/example_dags/example_xcomargs.py took 0.171 seconds
[2021-03-17 20:18:52,477] {scheduler_job.py:182} INFO - Started process (PID=32076) to work on /Users/harika/Desktop/CSYE_7245/Labs/airflow_tfx_lab/vlab/lib/python3.7/site-packages/airflow/example_dags/example_xcomargs.py
[2021-03-17 20:18:52,482] {scheduler_job.py:629} INFO - Processing file /Users/harika/Desktop/CSYE_7245/Labs/airflow_tfx_lab/vlab/lib/python3.7/site-packages/airflow/example_dags/example_xcomargs.py for tasks to queue
[2021-03-17 20:18:52,484] {logging_mixin.py:104} INFO - [2021-03-17 20:18:52,484] {dagbag.py:448} INFO - Filling up the DagBag from /Users/harika/Desktop/CSYE_7245/Labs/airflow_tfx_lab/vlab/lib/python3.7/site-packages/airflow/example_dags/example_xcomargs.py
[2021-03-17 20:18:52,606] {scheduler_job.py:639} INFO - DAG(s) dict_keys(['example_xcom_args', 'example_xcom_args_with_operators']) retrieved from /Users/harika/Desktop/CSYE_7245/Labs/airflow_tfx_lab/vlab/lib/python3.7/site-packages/airflow/example_dags/example_xcomargs.py
[2021-03-17 20:18:52,624] {logging_mixin.py:104} INFO - [2021-03-17 20:18:52,623] {dag.py:1818} INFO - Sync 2 DAGs
[2021-03-17 20:18:52,634] {logging_mixin.py:104} INFO - [2021-03-17 20:18:52,633] {dag.py:2273} INFO - Setting next_dagrun for example_xcom_args to None
[2021-03-17 20:18:52,635] {logging_mixin.py:104} INFO - [2021-03-17 20:18:52,635] {dag.py:2273} INFO - Setting next_dagrun for example_xcom_args_with_operators to None
[2021-03-17 20:18:52,648] {scheduler_job.py:190} INFO - Processing /Users/harika/Desktop/CSYE_7245/Labs/airflow_tfx_lab/vlab/lib/python3.7/site-packages/airflow/example_dags/example_xcomargs.py took 0.176 seconds
[2021-03-17 20:19:32,625] {scheduler_job.py:182} INFO - Started process (PID=32110) to work on /Users/harika/Desktop/CSYE_7245/Labs/airflow_tfx_lab/vlab/lib/python3.7/site-packages/airflow/example_dags/example_xcomargs.py
[2021-03-17 20:19:32,628] {scheduler_job.py:629} INFO - Processing file /Users/harika/Desktop/CSYE_7245/Labs/airflow_tfx_lab/vlab/lib/python3.7/site-packages/airflow/example_dags/example_xcomargs.py for tasks to queue
[2021-03-17 20:19:32,629] {logging_mixin.py:104} INFO - [2021-03-17 20:19:32,629] {dagbag.py:448} INFO - Filling up the DagBag from /Users/harika/Desktop/CSYE_7245/Labs/airflow_tfx_lab/vlab/lib/python3.7/site-packages/airflow/example_dags/example_xcomargs.py
[2021-03-17 20:19:32,739] {scheduler_job.py:639} INFO - DAG(s) dict_keys(['example_xcom_args', 'example_xcom_args_with_operators']) retrieved from /Users/harika/Desktop/CSYE_7245/Labs/airflow_tfx_lab/vlab/lib/python3.7/site-packages/airflow/example_dags/example_xcomargs.py
[2021-03-17 20:19:32,757] {logging_mixin.py:104} INFO - [2021-03-17 20:19:32,757] {dag.py:1818} INFO - Sync 2 DAGs
[2021-03-17 20:19:32,768] {logging_mixin.py:104} INFO - [2021-03-17 20:19:32,768] {dag.py:2273} INFO - Setting next_dagrun for example_xcom_args to None
[2021-03-17 20:19:32,770] {logging_mixin.py:104} INFO - [2021-03-17 20:19:32,769] {dag.py:2273} INFO - Setting next_dagrun for example_xcom_args_with_operators to None
[2021-03-17 20:19:32,781] {scheduler_job.py:190} INFO - Processing /Users/harika/Desktop/CSYE_7245/Labs/airflow_tfx_lab/vlab/lib/python3.7/site-packages/airflow/example_dags/example_xcomargs.py took 0.160 seconds
[2021-03-17 20:20:11,128] {scheduler_job.py:182} INFO - Started process (PID=32139) to work on /Users/harika/Desktop/CSYE_7245/Labs/airflow_tfx_lab/vlab/lib/python3.7/site-packages/airflow/example_dags/example_xcomargs.py
[2021-03-17 20:20:11,130] {scheduler_job.py:629} INFO - Processing file /Users/harika/Desktop/CSYE_7245/Labs/airflow_tfx_lab/vlab/lib/python3.7/site-packages/airflow/example_dags/example_xcomargs.py for tasks to queue
[2021-03-17 20:20:11,132] {logging_mixin.py:104} INFO - [2021-03-17 20:20:11,131] {dagbag.py:448} INFO - Filling up the DagBag from /Users/harika/Desktop/CSYE_7245/Labs/airflow_tfx_lab/vlab/lib/python3.7/site-packages/airflow/example_dags/example_xcomargs.py
[2021-03-17 20:20:11,248] {scheduler_job.py:639} INFO - DAG(s) dict_keys(['example_xcom_args', 'example_xcom_args_with_operators']) retrieved from /Users/harika/Desktop/CSYE_7245/Labs/airflow_tfx_lab/vlab/lib/python3.7/site-packages/airflow/example_dags/example_xcomargs.py
[2021-03-17 20:20:11,266] {logging_mixin.py:104} INFO - [2021-03-17 20:20:11,265] {dag.py:1818} INFO - Sync 2 DAGs
[2021-03-17 20:20:11,276] {logging_mixin.py:104} INFO - [2021-03-17 20:20:11,276] {dag.py:2273} INFO - Setting next_dagrun for example_xcom_args to None
[2021-03-17 20:20:11,278] {logging_mixin.py:104} INFO - [2021-03-17 20:20:11,278] {dag.py:2273} INFO - Setting next_dagrun for example_xcom_args_with_operators to None
[2021-03-17 20:20:11,290] {scheduler_job.py:190} INFO - Processing /Users/harika/Desktop/CSYE_7245/Labs/airflow_tfx_lab/vlab/lib/python3.7/site-packages/airflow/example_dags/example_xcomargs.py took 0.166 seconds
[2021-03-17 20:20:49,903] {scheduler_job.py:182} INFO - Started process (PID=32170) to work on /Users/harika/Desktop/CSYE_7245/Labs/airflow_tfx_lab/vlab/lib/python3.7/site-packages/airflow/example_dags/example_xcomargs.py
[2021-03-17 20:20:49,906] {scheduler_job.py:629} INFO - Processing file /Users/harika/Desktop/CSYE_7245/Labs/airflow_tfx_lab/vlab/lib/python3.7/site-packages/airflow/example_dags/example_xcomargs.py for tasks to queue
[2021-03-17 20:20:49,912] {logging_mixin.py:104} INFO - [2021-03-17 20:20:49,911] {dagbag.py:448} INFO - Filling up the DagBag from /Users/harika/Desktop/CSYE_7245/Labs/airflow_tfx_lab/vlab/lib/python3.7/site-packages/airflow/example_dags/example_xcomargs.py
[2021-03-17 20:20:50,081] {scheduler_job.py:639} INFO - DAG(s) dict_keys(['example_xcom_args', 'example_xcom_args_with_operators']) retrieved from /Users/harika/Desktop/CSYE_7245/Labs/airflow_tfx_lab/vlab/lib/python3.7/site-packages/airflow/example_dags/example_xcomargs.py
[2021-03-17 20:20:50,107] {logging_mixin.py:104} INFO - [2021-03-17 20:20:50,106] {dag.py:1818} INFO - Sync 2 DAGs
[2021-03-17 20:20:50,124] {logging_mixin.py:104} INFO - [2021-03-17 20:20:50,123] {dag.py:2273} INFO - Setting next_dagrun for example_xcom_args to None
[2021-03-17 20:20:50,126] {logging_mixin.py:104} INFO - [2021-03-17 20:20:50,126] {dag.py:2273} INFO - Setting next_dagrun for example_xcom_args_with_operators to None
[2021-03-17 20:20:50,141] {scheduler_job.py:190} INFO - Processing /Users/harika/Desktop/CSYE_7245/Labs/airflow_tfx_lab/vlab/lib/python3.7/site-packages/airflow/example_dags/example_xcomargs.py took 0.245 seconds
[2021-03-17 20:21:33,243] {scheduler_job.py:182} INFO - Started process (PID=32223) to work on /Users/harika/Desktop/CSYE_7245/Labs/airflow_tfx_lab/vlab/lib/python3.7/site-packages/airflow/example_dags/example_xcomargs.py
[2021-03-17 20:21:33,246] {scheduler_job.py:629} INFO - Processing file /Users/harika/Desktop/CSYE_7245/Labs/airflow_tfx_lab/vlab/lib/python3.7/site-packages/airflow/example_dags/example_xcomargs.py for tasks to queue
[2021-03-17 20:21:33,248] {logging_mixin.py:104} INFO - [2021-03-17 20:21:33,247] {dagbag.py:448} INFO - Filling up the DagBag from /Users/harika/Desktop/CSYE_7245/Labs/airflow_tfx_lab/vlab/lib/python3.7/site-packages/airflow/example_dags/example_xcomargs.py
[2021-03-17 20:21:33,266] {scheduler_job.py:639} INFO - DAG(s) dict_keys(['example_xcom_args', 'example_xcom_args_with_operators']) retrieved from /Users/harika/Desktop/CSYE_7245/Labs/airflow_tfx_lab/vlab/lib/python3.7/site-packages/airflow/example_dags/example_xcomargs.py
[2021-03-17 20:21:33,288] {logging_mixin.py:104} INFO - [2021-03-17 20:21:33,287] {dag.py:1818} INFO - Sync 2 DAGs
[2021-03-17 20:21:33,301] {logging_mixin.py:104} INFO - [2021-03-17 20:21:33,301] {dag.py:2273} INFO - Setting next_dagrun for example_xcom_args to None
[2021-03-17 20:21:33,303] {logging_mixin.py:104} INFO - [2021-03-17 20:21:33,303] {dag.py:2273} INFO - Setting next_dagrun for example_xcom_args_with_operators to None
[2021-03-17 20:21:33,316] {scheduler_job.py:190} INFO - Processing /Users/harika/Desktop/CSYE_7245/Labs/airflow_tfx_lab/vlab/lib/python3.7/site-packages/airflow/example_dags/example_xcomargs.py took 0.076 seconds
[2021-03-17 20:22:16,756] {scheduler_job.py:182} INFO - Started process (PID=32269) to work on /Users/harika/Desktop/CSYE_7245/Labs/airflow_tfx_lab/vlab/lib/python3.7/site-packages/airflow/example_dags/example_xcomargs.py
[2021-03-17 20:22:16,759] {scheduler_job.py:629} INFO - Processing file /Users/harika/Desktop/CSYE_7245/Labs/airflow_tfx_lab/vlab/lib/python3.7/site-packages/airflow/example_dags/example_xcomargs.py for tasks to queue
[2021-03-17 20:22:16,761] {logging_mixin.py:104} INFO - [2021-03-17 20:22:16,760] {dagbag.py:448} INFO - Filling up the DagBag from /Users/harika/Desktop/CSYE_7245/Labs/airflow_tfx_lab/vlab/lib/python3.7/site-packages/airflow/example_dags/example_xcomargs.py
[2021-03-17 20:22:16,782] {scheduler_job.py:639} INFO - DAG(s) dict_keys(['example_xcom_args', 'example_xcom_args_with_operators']) retrieved from /Users/harika/Desktop/CSYE_7245/Labs/airflow_tfx_lab/vlab/lib/python3.7/site-packages/airflow/example_dags/example_xcomargs.py
[2021-03-17 20:22:16,804] {logging_mixin.py:104} INFO - [2021-03-17 20:22:16,804] {dag.py:1818} INFO - Sync 2 DAGs
[2021-03-17 20:22:16,816] {logging_mixin.py:104} INFO - [2021-03-17 20:22:16,816] {dag.py:2273} INFO - Setting next_dagrun for example_xcom_args to None
[2021-03-17 20:22:16,818] {logging_mixin.py:104} INFO - [2021-03-17 20:22:16,817] {dag.py:2273} INFO - Setting next_dagrun for example_xcom_args_with_operators to None
[2021-03-17 20:22:16,830] {scheduler_job.py:190} INFO - Processing /Users/harika/Desktop/CSYE_7245/Labs/airflow_tfx_lab/vlab/lib/python3.7/site-packages/airflow/example_dags/example_xcomargs.py took 0.078 seconds
[2021-03-17 20:22:55,775] {scheduler_job.py:182} INFO - Started process (PID=32319) to work on /Users/harika/Desktop/CSYE_7245/Labs/airflow_tfx_lab/vlab/lib/python3.7/site-packages/airflow/example_dags/example_xcomargs.py
[2021-03-17 20:22:55,777] {scheduler_job.py:629} INFO - Processing file /Users/harika/Desktop/CSYE_7245/Labs/airflow_tfx_lab/vlab/lib/python3.7/site-packages/airflow/example_dags/example_xcomargs.py for tasks to queue
[2021-03-17 20:22:55,779] {logging_mixin.py:104} INFO - [2021-03-17 20:22:55,778] {dagbag.py:448} INFO - Filling up the DagBag from /Users/harika/Desktop/CSYE_7245/Labs/airflow_tfx_lab/vlab/lib/python3.7/site-packages/airflow/example_dags/example_xcomargs.py
[2021-03-17 20:22:55,802] {scheduler_job.py:639} INFO - DAG(s) dict_keys(['example_xcom_args', 'example_xcom_args_with_operators']) retrieved from /Users/harika/Desktop/CSYE_7245/Labs/airflow_tfx_lab/vlab/lib/python3.7/site-packages/airflow/example_dags/example_xcomargs.py
[2021-03-17 20:22:55,836] {logging_mixin.py:104} INFO - [2021-03-17 20:22:55,835] {dag.py:1818} INFO - Sync 2 DAGs
[2021-03-17 20:22:55,862] {logging_mixin.py:104} INFO - [2021-03-17 20:22:55,861] {dag.py:2273} INFO - Setting next_dagrun for example_xcom_args to None
[2021-03-17 20:22:55,865] {logging_mixin.py:104} INFO - [2021-03-17 20:22:55,864] {dag.py:2273} INFO - Setting next_dagrun for example_xcom_args_with_operators to None
[2021-03-17 20:22:55,881] {scheduler_job.py:190} INFO - Processing /Users/harika/Desktop/CSYE_7245/Labs/airflow_tfx_lab/vlab/lib/python3.7/site-packages/airflow/example_dags/example_xcomargs.py took 0.109 seconds
[2021-03-17 20:23:41,155] {scheduler_job.py:182} INFO - Started process (PID=32359) to work on /Users/harika/Desktop/CSYE_7245/Labs/airflow_tfx_lab/vlab/lib/python3.7/site-packages/airflow/example_dags/example_xcomargs.py
[2021-03-17 20:23:41,157] {scheduler_job.py:629} INFO - Processing file /Users/harika/Desktop/CSYE_7245/Labs/airflow_tfx_lab/vlab/lib/python3.7/site-packages/airflow/example_dags/example_xcomargs.py for tasks to queue
[2021-03-17 20:23:41,159] {logging_mixin.py:104} INFO - [2021-03-17 20:23:41,158] {dagbag.py:448} INFO - Filling up the DagBag from /Users/harika/Desktop/CSYE_7245/Labs/airflow_tfx_lab/vlab/lib/python3.7/site-packages/airflow/example_dags/example_xcomargs.py
[2021-03-17 20:23:41,179] {scheduler_job.py:639} INFO - DAG(s) dict_keys(['example_xcom_args', 'example_xcom_args_with_operators']) retrieved from /Users/harika/Desktop/CSYE_7245/Labs/airflow_tfx_lab/vlab/lib/python3.7/site-packages/airflow/example_dags/example_xcomargs.py
[2021-03-17 20:23:41,207] {logging_mixin.py:104} INFO - [2021-03-17 20:23:41,207] {dag.py:1818} INFO - Sync 2 DAGs
[2021-03-17 20:23:41,231] {logging_mixin.py:104} INFO - [2021-03-17 20:23:41,230] {dag.py:2273} INFO - Setting next_dagrun for example_xcom_args to None
[2021-03-17 20:23:41,235] {logging_mixin.py:104} INFO - [2021-03-17 20:23:41,234] {dag.py:2273} INFO - Setting next_dagrun for example_xcom_args_with_operators to None
[2021-03-17 20:23:41,260] {scheduler_job.py:190} INFO - Processing /Users/harika/Desktop/CSYE_7245/Labs/airflow_tfx_lab/vlab/lib/python3.7/site-packages/airflow/example_dags/example_xcomargs.py took 0.110 seconds
[2021-03-17 20:24:21,445] {scheduler_job.py:182} INFO - Started process (PID=32410) to work on /Users/harika/Desktop/CSYE_7245/Labs/airflow_tfx_lab/vlab/lib/python3.7/site-packages/airflow/example_dags/example_xcomargs.py
[2021-03-17 20:24:21,448] {scheduler_job.py:629} INFO - Processing file /Users/harika/Desktop/CSYE_7245/Labs/airflow_tfx_lab/vlab/lib/python3.7/site-packages/airflow/example_dags/example_xcomargs.py for tasks to queue
[2021-03-17 20:24:21,450] {logging_mixin.py:104} INFO - [2021-03-17 20:24:21,449] {dagbag.py:448} INFO - Filling up the DagBag from /Users/harika/Desktop/CSYE_7245/Labs/airflow_tfx_lab/vlab/lib/python3.7/site-packages/airflow/example_dags/example_xcomargs.py
[2021-03-17 20:24:21,475] {scheduler_job.py:639} INFO - DAG(s) dict_keys(['example_xcom_args', 'example_xcom_args_with_operators']) retrieved from /Users/harika/Desktop/CSYE_7245/Labs/airflow_tfx_lab/vlab/lib/python3.7/site-packages/airflow/example_dags/example_xcomargs.py
[2021-03-17 20:24:21,504] {logging_mixin.py:104} INFO - [2021-03-17 20:24:21,504] {dag.py:1818} INFO - Sync 2 DAGs
[2021-03-17 20:24:21,523] {logging_mixin.py:104} INFO - [2021-03-17 20:24:21,523] {dag.py:2273} INFO - Setting next_dagrun for example_xcom_args to None
[2021-03-17 20:24:21,527] {logging_mixin.py:104} INFO - [2021-03-17 20:24:21,526] {dag.py:2273} INFO - Setting next_dagrun for example_xcom_args_with_operators to None
[2021-03-17 20:24:21,545] {scheduler_job.py:190} INFO - Processing /Users/harika/Desktop/CSYE_7245/Labs/airflow_tfx_lab/vlab/lib/python3.7/site-packages/airflow/example_dags/example_xcomargs.py took 0.105 seconds
[2021-03-17 20:25:00,196] {scheduler_job.py:182} INFO - Started process (PID=32453) to work on /Users/harika/Desktop/CSYE_7245/Labs/airflow_tfx_lab/vlab/lib/python3.7/site-packages/airflow/example_dags/example_xcomargs.py
[2021-03-17 20:25:00,200] {scheduler_job.py:629} INFO - Processing file /Users/harika/Desktop/CSYE_7245/Labs/airflow_tfx_lab/vlab/lib/python3.7/site-packages/airflow/example_dags/example_xcomargs.py for tasks to queue
[2021-03-17 20:25:00,201] {logging_mixin.py:104} INFO - [2021-03-17 20:25:00,201] {dagbag.py:448} INFO - Filling up the DagBag from /Users/harika/Desktop/CSYE_7245/Labs/airflow_tfx_lab/vlab/lib/python3.7/site-packages/airflow/example_dags/example_xcomargs.py
[2021-03-17 20:25:00,221] {scheduler_job.py:639} INFO - DAG(s) dict_keys(['example_xcom_args', 'example_xcom_args_with_operators']) retrieved from /Users/harika/Desktop/CSYE_7245/Labs/airflow_tfx_lab/vlab/lib/python3.7/site-packages/airflow/example_dags/example_xcomargs.py
[2021-03-17 20:25:00,244] {logging_mixin.py:104} INFO - [2021-03-17 20:25:00,244] {dag.py:1818} INFO - Sync 2 DAGs
[2021-03-17 20:25:00,257] {logging_mixin.py:104} INFO - [2021-03-17 20:25:00,257] {dag.py:2273} INFO - Setting next_dagrun for example_xcom_args to None
[2021-03-17 20:25:00,260] {logging_mixin.py:104} INFO - [2021-03-17 20:25:00,259] {dag.py:2273} INFO - Setting next_dagrun for example_xcom_args_with_operators to None
[2021-03-17 20:25:00,276] {scheduler_job.py:190} INFO - Processing /Users/harika/Desktop/CSYE_7245/Labs/airflow_tfx_lab/vlab/lib/python3.7/site-packages/airflow/example_dags/example_xcomargs.py took 0.085 seconds
