[2021-03-17 20:00:38,635] {scheduler_job.py:182} INFO - Started process (PID=31112) to work on /Users/harika/Desktop/CSYE_7245/Labs/airflow_tfx_lab/vlab/lib/python3.7/site-packages/airflow/example_dags/tutorial_taskflow_api_etl.py
[2021-03-17 20:00:38,637] {scheduler_job.py:629} INFO - Processing file /Users/harika/Desktop/CSYE_7245/Labs/airflow_tfx_lab/vlab/lib/python3.7/site-packages/airflow/example_dags/tutorial_taskflow_api_etl.py for tasks to queue
[2021-03-17 20:00:38,638] {logging_mixin.py:104} INFO - [2021-03-17 20:00:38,638] {dagbag.py:448} INFO - Filling up the DagBag from /Users/harika/Desktop/CSYE_7245/Labs/airflow_tfx_lab/vlab/lib/python3.7/site-packages/airflow/example_dags/tutorial_taskflow_api_etl.py
[2021-03-17 20:00:38,660] {scheduler_job.py:639} INFO - DAG(s) dict_keys(['tutorial_taskflow_api_etl']) retrieved from /Users/harika/Desktop/CSYE_7245/Labs/airflow_tfx_lab/vlab/lib/python3.7/site-packages/airflow/example_dags/tutorial_taskflow_api_etl.py
[2021-03-17 20:00:38,679] {logging_mixin.py:104} INFO - [2021-03-17 20:00:38,678] {dag.py:1818} INFO - Sync 1 DAGs
[2021-03-17 20:00:38,690] {logging_mixin.py:104} INFO - [2021-03-17 20:00:38,690] {dag.py:2273} INFO - Setting next_dagrun for tutorial_taskflow_api_etl to None
[2021-03-17 20:00:38,703] {scheduler_job.py:190} INFO - Processing /Users/harika/Desktop/CSYE_7245/Labs/airflow_tfx_lab/vlab/lib/python3.7/site-packages/airflow/example_dags/tutorial_taskflow_api_etl.py took 0.072 seconds
[2021-03-17 20:01:21,768] {scheduler_job.py:182} INFO - Started process (PID=31151) to work on /Users/harika/Desktop/CSYE_7245/Labs/airflow_tfx_lab/vlab/lib/python3.7/site-packages/airflow/example_dags/tutorial_taskflow_api_etl.py
[2021-03-17 20:01:21,771] {scheduler_job.py:629} INFO - Processing file /Users/harika/Desktop/CSYE_7245/Labs/airflow_tfx_lab/vlab/lib/python3.7/site-packages/airflow/example_dags/tutorial_taskflow_api_etl.py for tasks to queue
[2021-03-17 20:01:21,774] {logging_mixin.py:104} INFO - [2021-03-17 20:01:21,773] {dagbag.py:448} INFO - Filling up the DagBag from /Users/harika/Desktop/CSYE_7245/Labs/airflow_tfx_lab/vlab/lib/python3.7/site-packages/airflow/example_dags/tutorial_taskflow_api_etl.py
[2021-03-17 20:01:21,791] {scheduler_job.py:639} INFO - DAG(s) dict_keys(['tutorial_taskflow_api_etl']) retrieved from /Users/harika/Desktop/CSYE_7245/Labs/airflow_tfx_lab/vlab/lib/python3.7/site-packages/airflow/example_dags/tutorial_taskflow_api_etl.py
[2021-03-17 20:01:21,809] {logging_mixin.py:104} INFO - [2021-03-17 20:01:21,809] {dag.py:1818} INFO - Sync 1 DAGs
[2021-03-17 20:01:21,822] {logging_mixin.py:104} INFO - [2021-03-17 20:01:21,821] {dag.py:2273} INFO - Setting next_dagrun for tutorial_taskflow_api_etl to None
[2021-03-17 20:01:21,841] {scheduler_job.py:190} INFO - Processing /Users/harika/Desktop/CSYE_7245/Labs/airflow_tfx_lab/vlab/lib/python3.7/site-packages/airflow/example_dags/tutorial_taskflow_api_etl.py took 0.076 seconds
[2021-03-17 20:01:58,997] {scheduler_job.py:182} INFO - Started process (PID=31180) to work on /Users/harika/Desktop/CSYE_7245/Labs/airflow_tfx_lab/vlab/lib/python3.7/site-packages/airflow/example_dags/tutorial_taskflow_api_etl.py
[2021-03-17 20:01:59,000] {scheduler_job.py:629} INFO - Processing file /Users/harika/Desktop/CSYE_7245/Labs/airflow_tfx_lab/vlab/lib/python3.7/site-packages/airflow/example_dags/tutorial_taskflow_api_etl.py for tasks to queue
[2021-03-17 20:01:59,003] {logging_mixin.py:104} INFO - [2021-03-17 20:01:59,002] {dagbag.py:448} INFO - Filling up the DagBag from /Users/harika/Desktop/CSYE_7245/Labs/airflow_tfx_lab/vlab/lib/python3.7/site-packages/airflow/example_dags/tutorial_taskflow_api_etl.py
[2021-03-17 20:01:59,025] {scheduler_job.py:639} INFO - DAG(s) dict_keys(['tutorial_taskflow_api_etl']) retrieved from /Users/harika/Desktop/CSYE_7245/Labs/airflow_tfx_lab/vlab/lib/python3.7/site-packages/airflow/example_dags/tutorial_taskflow_api_etl.py
[2021-03-17 20:01:59,055] {logging_mixin.py:104} INFO - [2021-03-17 20:01:59,054] {dag.py:1818} INFO - Sync 1 DAGs
[2021-03-17 20:01:59,069] {logging_mixin.py:104} INFO - [2021-03-17 20:01:59,068] {dag.py:2273} INFO - Setting next_dagrun for tutorial_taskflow_api_etl to None
[2021-03-17 20:01:59,089] {scheduler_job.py:190} INFO - Processing /Users/harika/Desktop/CSYE_7245/Labs/airflow_tfx_lab/vlab/lib/python3.7/site-packages/airflow/example_dags/tutorial_taskflow_api_etl.py took 0.096 seconds
[2021-03-17 20:02:37,582] {scheduler_job.py:182} INFO - Started process (PID=31210) to work on /Users/harika/Desktop/CSYE_7245/Labs/airflow_tfx_lab/vlab/lib/python3.7/site-packages/airflow/example_dags/tutorial_taskflow_api_etl.py
[2021-03-17 20:02:37,585] {scheduler_job.py:629} INFO - Processing file /Users/harika/Desktop/CSYE_7245/Labs/airflow_tfx_lab/vlab/lib/python3.7/site-packages/airflow/example_dags/tutorial_taskflow_api_etl.py for tasks to queue
[2021-03-17 20:02:37,588] {logging_mixin.py:104} INFO - [2021-03-17 20:02:37,587] {dagbag.py:448} INFO - Filling up the DagBag from /Users/harika/Desktop/CSYE_7245/Labs/airflow_tfx_lab/vlab/lib/python3.7/site-packages/airflow/example_dags/tutorial_taskflow_api_etl.py
[2021-03-17 20:02:37,604] {scheduler_job.py:639} INFO - DAG(s) dict_keys(['tutorial_taskflow_api_etl']) retrieved from /Users/harika/Desktop/CSYE_7245/Labs/airflow_tfx_lab/vlab/lib/python3.7/site-packages/airflow/example_dags/tutorial_taskflow_api_etl.py
[2021-03-17 20:02:37,622] {logging_mixin.py:104} INFO - [2021-03-17 20:02:37,622] {dag.py:1818} INFO - Sync 1 DAGs
[2021-03-17 20:02:37,640] {logging_mixin.py:104} INFO - [2021-03-17 20:02:37,639] {dag.py:2273} INFO - Setting next_dagrun for tutorial_taskflow_api_etl to None
[2021-03-17 20:02:37,652] {scheduler_job.py:190} INFO - Processing /Users/harika/Desktop/CSYE_7245/Labs/airflow_tfx_lab/vlab/lib/python3.7/site-packages/airflow/example_dags/tutorial_taskflow_api_etl.py took 0.074 seconds
[2021-03-17 20:03:17,235] {scheduler_job.py:182} INFO - Started process (PID=31252) to work on /Users/harika/Desktop/CSYE_7245/Labs/airflow_tfx_lab/vlab/lib/python3.7/site-packages/airflow/example_dags/tutorial_taskflow_api_etl.py
[2021-03-17 20:03:17,238] {scheduler_job.py:629} INFO - Processing file /Users/harika/Desktop/CSYE_7245/Labs/airflow_tfx_lab/vlab/lib/python3.7/site-packages/airflow/example_dags/tutorial_taskflow_api_etl.py for tasks to queue
[2021-03-17 20:03:17,240] {logging_mixin.py:104} INFO - [2021-03-17 20:03:17,240] {dagbag.py:448} INFO - Filling up the DagBag from /Users/harika/Desktop/CSYE_7245/Labs/airflow_tfx_lab/vlab/lib/python3.7/site-packages/airflow/example_dags/tutorial_taskflow_api_etl.py
[2021-03-17 20:03:17,256] {scheduler_job.py:639} INFO - DAG(s) dict_keys(['tutorial_taskflow_api_etl']) retrieved from /Users/harika/Desktop/CSYE_7245/Labs/airflow_tfx_lab/vlab/lib/python3.7/site-packages/airflow/example_dags/tutorial_taskflow_api_etl.py
[2021-03-17 20:03:17,275] {logging_mixin.py:104} INFO - [2021-03-17 20:03:17,274] {dag.py:1818} INFO - Sync 1 DAGs
[2021-03-17 20:03:17,286] {logging_mixin.py:104} INFO - [2021-03-17 20:03:17,286] {dag.py:2273} INFO - Setting next_dagrun for tutorial_taskflow_api_etl to None
[2021-03-17 20:03:17,299] {scheduler_job.py:190} INFO - Processing /Users/harika/Desktop/CSYE_7245/Labs/airflow_tfx_lab/vlab/lib/python3.7/site-packages/airflow/example_dags/tutorial_taskflow_api_etl.py took 0.068 seconds
[2021-03-17 20:03:55,805] {scheduler_job.py:182} INFO - Started process (PID=31290) to work on /Users/harika/Desktop/CSYE_7245/Labs/airflow_tfx_lab/vlab/lib/python3.7/site-packages/airflow/example_dags/tutorial_taskflow_api_etl.py
[2021-03-17 20:03:55,807] {scheduler_job.py:629} INFO - Processing file /Users/harika/Desktop/CSYE_7245/Labs/airflow_tfx_lab/vlab/lib/python3.7/site-packages/airflow/example_dags/tutorial_taskflow_api_etl.py for tasks to queue
[2021-03-17 20:03:55,808] {logging_mixin.py:104} INFO - [2021-03-17 20:03:55,808] {dagbag.py:448} INFO - Filling up the DagBag from /Users/harika/Desktop/CSYE_7245/Labs/airflow_tfx_lab/vlab/lib/python3.7/site-packages/airflow/example_dags/tutorial_taskflow_api_etl.py
[2021-03-17 20:03:55,824] {scheduler_job.py:639} INFO - DAG(s) dict_keys(['tutorial_taskflow_api_etl']) retrieved from /Users/harika/Desktop/CSYE_7245/Labs/airflow_tfx_lab/vlab/lib/python3.7/site-packages/airflow/example_dags/tutorial_taskflow_api_etl.py
[2021-03-17 20:03:55,846] {logging_mixin.py:104} INFO - [2021-03-17 20:03:55,845] {dag.py:1818} INFO - Sync 1 DAGs
[2021-03-17 20:03:55,862] {logging_mixin.py:104} INFO - [2021-03-17 20:03:55,861] {dag.py:2273} INFO - Setting next_dagrun for tutorial_taskflow_api_etl to None
[2021-03-17 20:03:55,876] {scheduler_job.py:190} INFO - Processing /Users/harika/Desktop/CSYE_7245/Labs/airflow_tfx_lab/vlab/lib/python3.7/site-packages/airflow/example_dags/tutorial_taskflow_api_etl.py took 0.075 seconds
[2021-03-17 20:04:34,180] {scheduler_job.py:182} INFO - Started process (PID=31324) to work on /Users/harika/Desktop/CSYE_7245/Labs/airflow_tfx_lab/vlab/lib/python3.7/site-packages/airflow/example_dags/tutorial_taskflow_api_etl.py
[2021-03-17 20:04:34,185] {scheduler_job.py:629} INFO - Processing file /Users/harika/Desktop/CSYE_7245/Labs/airflow_tfx_lab/vlab/lib/python3.7/site-packages/airflow/example_dags/tutorial_taskflow_api_etl.py for tasks to queue
[2021-03-17 20:04:34,187] {logging_mixin.py:104} INFO - [2021-03-17 20:04:34,186] {dagbag.py:448} INFO - Filling up the DagBag from /Users/harika/Desktop/CSYE_7245/Labs/airflow_tfx_lab/vlab/lib/python3.7/site-packages/airflow/example_dags/tutorial_taskflow_api_etl.py
[2021-03-17 20:04:34,211] {scheduler_job.py:639} INFO - DAG(s) dict_keys(['tutorial_taskflow_api_etl']) retrieved from /Users/harika/Desktop/CSYE_7245/Labs/airflow_tfx_lab/vlab/lib/python3.7/site-packages/airflow/example_dags/tutorial_taskflow_api_etl.py
[2021-03-17 20:04:34,232] {logging_mixin.py:104} INFO - [2021-03-17 20:04:34,231] {dag.py:1818} INFO - Sync 1 DAGs
[2021-03-17 20:04:34,253] {logging_mixin.py:104} INFO - [2021-03-17 20:04:34,252] {dag.py:2273} INFO - Setting next_dagrun for tutorial_taskflow_api_etl to None
[2021-03-17 20:04:34,265] {scheduler_job.py:190} INFO - Processing /Users/harika/Desktop/CSYE_7245/Labs/airflow_tfx_lab/vlab/lib/python3.7/site-packages/airflow/example_dags/tutorial_taskflow_api_etl.py took 0.091 seconds
[2021-03-17 20:05:12,722] {scheduler_job.py:182} INFO - Started process (PID=31357) to work on /Users/harika/Desktop/CSYE_7245/Labs/airflow_tfx_lab/vlab/lib/python3.7/site-packages/airflow/example_dags/tutorial_taskflow_api_etl.py
[2021-03-17 20:05:12,725] {scheduler_job.py:629} INFO - Processing file /Users/harika/Desktop/CSYE_7245/Labs/airflow_tfx_lab/vlab/lib/python3.7/site-packages/airflow/example_dags/tutorial_taskflow_api_etl.py for tasks to queue
[2021-03-17 20:05:12,727] {logging_mixin.py:104} INFO - [2021-03-17 20:05:12,726] {dagbag.py:448} INFO - Filling up the DagBag from /Users/harika/Desktop/CSYE_7245/Labs/airflow_tfx_lab/vlab/lib/python3.7/site-packages/airflow/example_dags/tutorial_taskflow_api_etl.py
[2021-03-17 20:05:12,743] {scheduler_job.py:639} INFO - DAG(s) dict_keys(['tutorial_taskflow_api_etl']) retrieved from /Users/harika/Desktop/CSYE_7245/Labs/airflow_tfx_lab/vlab/lib/python3.7/site-packages/airflow/example_dags/tutorial_taskflow_api_etl.py
[2021-03-17 20:05:12,761] {logging_mixin.py:104} INFO - [2021-03-17 20:05:12,761] {dag.py:1818} INFO - Sync 1 DAGs
[2021-03-17 20:05:12,774] {logging_mixin.py:104} INFO - [2021-03-17 20:05:12,774] {dag.py:2273} INFO - Setting next_dagrun for tutorial_taskflow_api_etl to None
[2021-03-17 20:05:12,787] {scheduler_job.py:190} INFO - Processing /Users/harika/Desktop/CSYE_7245/Labs/airflow_tfx_lab/vlab/lib/python3.7/site-packages/airflow/example_dags/tutorial_taskflow_api_etl.py took 0.068 seconds
[2021-03-17 20:05:53,211] {scheduler_job.py:182} INFO - Started process (PID=31391) to work on /Users/harika/Desktop/CSYE_7245/Labs/airflow_tfx_lab/vlab/lib/python3.7/site-packages/airflow/example_dags/tutorial_taskflow_api_etl.py
[2021-03-17 20:05:53,215] {scheduler_job.py:629} INFO - Processing file /Users/harika/Desktop/CSYE_7245/Labs/airflow_tfx_lab/vlab/lib/python3.7/site-packages/airflow/example_dags/tutorial_taskflow_api_etl.py for tasks to queue
[2021-03-17 20:05:53,217] {logging_mixin.py:104} INFO - [2021-03-17 20:05:53,216] {dagbag.py:448} INFO - Filling up the DagBag from /Users/harika/Desktop/CSYE_7245/Labs/airflow_tfx_lab/vlab/lib/python3.7/site-packages/airflow/example_dags/tutorial_taskflow_api_etl.py
[2021-03-17 20:05:53,237] {scheduler_job.py:639} INFO - DAG(s) dict_keys(['tutorial_taskflow_api_etl']) retrieved from /Users/harika/Desktop/CSYE_7245/Labs/airflow_tfx_lab/vlab/lib/python3.7/site-packages/airflow/example_dags/tutorial_taskflow_api_etl.py
[2021-03-17 20:05:53,254] {logging_mixin.py:104} INFO - [2021-03-17 20:05:53,253] {dag.py:1818} INFO - Sync 1 DAGs
[2021-03-17 20:05:53,266] {logging_mixin.py:104} INFO - [2021-03-17 20:05:53,265] {dag.py:2273} INFO - Setting next_dagrun for tutorial_taskflow_api_etl to None
[2021-03-17 20:05:53,275] {scheduler_job.py:190} INFO - Processing /Users/harika/Desktop/CSYE_7245/Labs/airflow_tfx_lab/vlab/lib/python3.7/site-packages/airflow/example_dags/tutorial_taskflow_api_etl.py took 0.068 seconds
[2021-03-17 20:06:31,382] {scheduler_job.py:182} INFO - Started process (PID=31421) to work on /Users/harika/Desktop/CSYE_7245/Labs/airflow_tfx_lab/vlab/lib/python3.7/site-packages/airflow/example_dags/tutorial_taskflow_api_etl.py
[2021-03-17 20:06:31,384] {scheduler_job.py:629} INFO - Processing file /Users/harika/Desktop/CSYE_7245/Labs/airflow_tfx_lab/vlab/lib/python3.7/site-packages/airflow/example_dags/tutorial_taskflow_api_etl.py for tasks to queue
[2021-03-17 20:06:31,386] {logging_mixin.py:104} INFO - [2021-03-17 20:06:31,385] {dagbag.py:448} INFO - Filling up the DagBag from /Users/harika/Desktop/CSYE_7245/Labs/airflow_tfx_lab/vlab/lib/python3.7/site-packages/airflow/example_dags/tutorial_taskflow_api_etl.py
[2021-03-17 20:06:31,409] {scheduler_job.py:639} INFO - DAG(s) dict_keys(['tutorial_taskflow_api_etl']) retrieved from /Users/harika/Desktop/CSYE_7245/Labs/airflow_tfx_lab/vlab/lib/python3.7/site-packages/airflow/example_dags/tutorial_taskflow_api_etl.py
[2021-03-17 20:06:31,433] {logging_mixin.py:104} INFO - [2021-03-17 20:06:31,432] {dag.py:1818} INFO - Sync 1 DAGs
[2021-03-17 20:06:31,450] {logging_mixin.py:104} INFO - [2021-03-17 20:06:31,449] {dag.py:2273} INFO - Setting next_dagrun for tutorial_taskflow_api_etl to None
[2021-03-17 20:06:31,463] {scheduler_job.py:190} INFO - Processing /Users/harika/Desktop/CSYE_7245/Labs/airflow_tfx_lab/vlab/lib/python3.7/site-packages/airflow/example_dags/tutorial_taskflow_api_etl.py took 0.086 seconds
[2021-03-17 20:07:09,876] {scheduler_job.py:182} INFO - Started process (PID=31450) to work on /Users/harika/Desktop/CSYE_7245/Labs/airflow_tfx_lab/vlab/lib/python3.7/site-packages/airflow/example_dags/tutorial_taskflow_api_etl.py
[2021-03-17 20:07:09,877] {scheduler_job.py:629} INFO - Processing file /Users/harika/Desktop/CSYE_7245/Labs/airflow_tfx_lab/vlab/lib/python3.7/site-packages/airflow/example_dags/tutorial_taskflow_api_etl.py for tasks to queue
[2021-03-17 20:07:09,880] {logging_mixin.py:104} INFO - [2021-03-17 20:07:09,879] {dagbag.py:448} INFO - Filling up the DagBag from /Users/harika/Desktop/CSYE_7245/Labs/airflow_tfx_lab/vlab/lib/python3.7/site-packages/airflow/example_dags/tutorial_taskflow_api_etl.py
[2021-03-17 20:07:09,899] {scheduler_job.py:639} INFO - DAG(s) dict_keys(['tutorial_taskflow_api_etl']) retrieved from /Users/harika/Desktop/CSYE_7245/Labs/airflow_tfx_lab/vlab/lib/python3.7/site-packages/airflow/example_dags/tutorial_taskflow_api_etl.py
[2021-03-17 20:07:09,918] {logging_mixin.py:104} INFO - [2021-03-17 20:07:09,918] {dag.py:1818} INFO - Sync 1 DAGs
[2021-03-17 20:07:09,932] {logging_mixin.py:104} INFO - [2021-03-17 20:07:09,931] {dag.py:2273} INFO - Setting next_dagrun for tutorial_taskflow_api_etl to None
[2021-03-17 20:07:09,944] {scheduler_job.py:190} INFO - Processing /Users/harika/Desktop/CSYE_7245/Labs/airflow_tfx_lab/vlab/lib/python3.7/site-packages/airflow/example_dags/tutorial_taskflow_api_etl.py took 0.072 seconds
[2021-03-17 20:07:48,729] {scheduler_job.py:182} INFO - Started process (PID=31482) to work on /Users/harika/Desktop/CSYE_7245/Labs/airflow_tfx_lab/vlab/lib/python3.7/site-packages/airflow/example_dags/tutorial_taskflow_api_etl.py
[2021-03-17 20:07:48,734] {scheduler_job.py:629} INFO - Processing file /Users/harika/Desktop/CSYE_7245/Labs/airflow_tfx_lab/vlab/lib/python3.7/site-packages/airflow/example_dags/tutorial_taskflow_api_etl.py for tasks to queue
[2021-03-17 20:07:48,735] {logging_mixin.py:104} INFO - [2021-03-17 20:07:48,735] {dagbag.py:448} INFO - Filling up the DagBag from /Users/harika/Desktop/CSYE_7245/Labs/airflow_tfx_lab/vlab/lib/python3.7/site-packages/airflow/example_dags/tutorial_taskflow_api_etl.py
[2021-03-17 20:07:48,752] {scheduler_job.py:639} INFO - DAG(s) dict_keys(['tutorial_taskflow_api_etl']) retrieved from /Users/harika/Desktop/CSYE_7245/Labs/airflow_tfx_lab/vlab/lib/python3.7/site-packages/airflow/example_dags/tutorial_taskflow_api_etl.py
[2021-03-17 20:07:48,769] {logging_mixin.py:104} INFO - [2021-03-17 20:07:48,768] {dag.py:1818} INFO - Sync 1 DAGs
[2021-03-17 20:07:48,781] {logging_mixin.py:104} INFO - [2021-03-17 20:07:48,780] {dag.py:2273} INFO - Setting next_dagrun for tutorial_taskflow_api_etl to None
[2021-03-17 20:07:48,790] {scheduler_job.py:190} INFO - Processing /Users/harika/Desktop/CSYE_7245/Labs/airflow_tfx_lab/vlab/lib/python3.7/site-packages/airflow/example_dags/tutorial_taskflow_api_etl.py took 0.066 seconds
[2021-03-17 20:08:28,379] {scheduler_job.py:182} INFO - Started process (PID=31521) to work on /Users/harika/Desktop/CSYE_7245/Labs/airflow_tfx_lab/vlab/lib/python3.7/site-packages/airflow/example_dags/tutorial_taskflow_api_etl.py
[2021-03-17 20:08:28,383] {scheduler_job.py:629} INFO - Processing file /Users/harika/Desktop/CSYE_7245/Labs/airflow_tfx_lab/vlab/lib/python3.7/site-packages/airflow/example_dags/tutorial_taskflow_api_etl.py for tasks to queue
[2021-03-17 20:08:28,385] {logging_mixin.py:104} INFO - [2021-03-17 20:08:28,384] {dagbag.py:448} INFO - Filling up the DagBag from /Users/harika/Desktop/CSYE_7245/Labs/airflow_tfx_lab/vlab/lib/python3.7/site-packages/airflow/example_dags/tutorial_taskflow_api_etl.py
[2021-03-17 20:08:28,401] {scheduler_job.py:639} INFO - DAG(s) dict_keys(['tutorial_taskflow_api_etl']) retrieved from /Users/harika/Desktop/CSYE_7245/Labs/airflow_tfx_lab/vlab/lib/python3.7/site-packages/airflow/example_dags/tutorial_taskflow_api_etl.py
[2021-03-17 20:08:28,419] {logging_mixin.py:104} INFO - [2021-03-17 20:08:28,418] {dag.py:1818} INFO - Sync 1 DAGs
[2021-03-17 20:08:28,431] {logging_mixin.py:104} INFO - [2021-03-17 20:08:28,431] {dag.py:2273} INFO - Setting next_dagrun for tutorial_taskflow_api_etl to None
[2021-03-17 20:08:28,527] {scheduler_job.py:190} INFO - Processing /Users/harika/Desktop/CSYE_7245/Labs/airflow_tfx_lab/vlab/lib/python3.7/site-packages/airflow/example_dags/tutorial_taskflow_api_etl.py took 0.153 seconds
[2021-03-17 20:09:07,707] {scheduler_job.py:182} INFO - Started process (PID=31554) to work on /Users/harika/Desktop/CSYE_7245/Labs/airflow_tfx_lab/vlab/lib/python3.7/site-packages/airflow/example_dags/tutorial_taskflow_api_etl.py
[2021-03-17 20:09:07,709] {scheduler_job.py:629} INFO - Processing file /Users/harika/Desktop/CSYE_7245/Labs/airflow_tfx_lab/vlab/lib/python3.7/site-packages/airflow/example_dags/tutorial_taskflow_api_etl.py for tasks to queue
[2021-03-17 20:09:07,711] {logging_mixin.py:104} INFO - [2021-03-17 20:09:07,710] {dagbag.py:448} INFO - Filling up the DagBag from /Users/harika/Desktop/CSYE_7245/Labs/airflow_tfx_lab/vlab/lib/python3.7/site-packages/airflow/example_dags/tutorial_taskflow_api_etl.py
[2021-03-17 20:09:07,739] {scheduler_job.py:639} INFO - DAG(s) dict_keys(['tutorial_taskflow_api_etl']) retrieved from /Users/harika/Desktop/CSYE_7245/Labs/airflow_tfx_lab/vlab/lib/python3.7/site-packages/airflow/example_dags/tutorial_taskflow_api_etl.py
[2021-03-17 20:09:07,774] {logging_mixin.py:104} INFO - [2021-03-17 20:09:07,773] {dag.py:1818} INFO - Sync 1 DAGs
[2021-03-17 20:09:07,807] {logging_mixin.py:104} INFO - [2021-03-17 20:09:07,806] {dag.py:2273} INFO - Setting next_dagrun for tutorial_taskflow_api_etl to None
[2021-03-17 20:09:07,967] {scheduler_job.py:190} INFO - Processing /Users/harika/Desktop/CSYE_7245/Labs/airflow_tfx_lab/vlab/lib/python3.7/site-packages/airflow/example_dags/tutorial_taskflow_api_etl.py took 0.268 seconds
[2021-03-17 20:09:45,877] {scheduler_job.py:182} INFO - Started process (PID=31589) to work on /Users/harika/Desktop/CSYE_7245/Labs/airflow_tfx_lab/vlab/lib/python3.7/site-packages/airflow/example_dags/tutorial_taskflow_api_etl.py
[2021-03-17 20:09:45,880] {scheduler_job.py:629} INFO - Processing file /Users/harika/Desktop/CSYE_7245/Labs/airflow_tfx_lab/vlab/lib/python3.7/site-packages/airflow/example_dags/tutorial_taskflow_api_etl.py for tasks to queue
[2021-03-17 20:09:45,881] {logging_mixin.py:104} INFO - [2021-03-17 20:09:45,881] {dagbag.py:448} INFO - Filling up the DagBag from /Users/harika/Desktop/CSYE_7245/Labs/airflow_tfx_lab/vlab/lib/python3.7/site-packages/airflow/example_dags/tutorial_taskflow_api_etl.py
[2021-03-17 20:09:45,897] {scheduler_job.py:639} INFO - DAG(s) dict_keys(['tutorial_taskflow_api_etl']) retrieved from /Users/harika/Desktop/CSYE_7245/Labs/airflow_tfx_lab/vlab/lib/python3.7/site-packages/airflow/example_dags/tutorial_taskflow_api_etl.py
[2021-03-17 20:09:45,915] {logging_mixin.py:104} INFO - [2021-03-17 20:09:45,915] {dag.py:1818} INFO - Sync 1 DAGs
[2021-03-17 20:09:45,928] {logging_mixin.py:104} INFO - [2021-03-17 20:09:45,928] {dag.py:2273} INFO - Setting next_dagrun for tutorial_taskflow_api_etl to None
[2021-03-17 20:09:46,023] {scheduler_job.py:190} INFO - Processing /Users/harika/Desktop/CSYE_7245/Labs/airflow_tfx_lab/vlab/lib/python3.7/site-packages/airflow/example_dags/tutorial_taskflow_api_etl.py took 0.150 seconds
[2021-03-17 20:10:26,410] {scheduler_job.py:182} INFO - Started process (PID=31633) to work on /Users/harika/Desktop/CSYE_7245/Labs/airflow_tfx_lab/vlab/lib/python3.7/site-packages/airflow/example_dags/tutorial_taskflow_api_etl.py
[2021-03-17 20:10:26,413] {scheduler_job.py:629} INFO - Processing file /Users/harika/Desktop/CSYE_7245/Labs/airflow_tfx_lab/vlab/lib/python3.7/site-packages/airflow/example_dags/tutorial_taskflow_api_etl.py for tasks to queue
[2021-03-17 20:10:26,416] {logging_mixin.py:104} INFO - [2021-03-17 20:10:26,415] {dagbag.py:448} INFO - Filling up the DagBag from /Users/harika/Desktop/CSYE_7245/Labs/airflow_tfx_lab/vlab/lib/python3.7/site-packages/airflow/example_dags/tutorial_taskflow_api_etl.py
[2021-03-17 20:10:26,435] {scheduler_job.py:639} INFO - DAG(s) dict_keys(['tutorial_taskflow_api_etl']) retrieved from /Users/harika/Desktop/CSYE_7245/Labs/airflow_tfx_lab/vlab/lib/python3.7/site-packages/airflow/example_dags/tutorial_taskflow_api_etl.py
[2021-03-17 20:10:26,458] {logging_mixin.py:104} INFO - [2021-03-17 20:10:26,457] {dag.py:1818} INFO - Sync 1 DAGs
[2021-03-17 20:10:26,572] {logging_mixin.py:104} INFO - [2021-03-17 20:10:26,571] {dag.py:2273} INFO - Setting next_dagrun for tutorial_taskflow_api_etl to None
[2021-03-17 20:10:26,585] {scheduler_job.py:190} INFO - Processing /Users/harika/Desktop/CSYE_7245/Labs/airflow_tfx_lab/vlab/lib/python3.7/site-packages/airflow/example_dags/tutorial_taskflow_api_etl.py took 0.180 seconds
[2021-03-17 20:11:04,769] {scheduler_job.py:182} INFO - Started process (PID=31662) to work on /Users/harika/Desktop/CSYE_7245/Labs/airflow_tfx_lab/vlab/lib/python3.7/site-packages/airflow/example_dags/tutorial_taskflow_api_etl.py
[2021-03-17 20:11:04,771] {scheduler_job.py:629} INFO - Processing file /Users/harika/Desktop/CSYE_7245/Labs/airflow_tfx_lab/vlab/lib/python3.7/site-packages/airflow/example_dags/tutorial_taskflow_api_etl.py for tasks to queue
[2021-03-17 20:11:04,773] {logging_mixin.py:104} INFO - [2021-03-17 20:11:04,773] {dagbag.py:448} INFO - Filling up the DagBag from /Users/harika/Desktop/CSYE_7245/Labs/airflow_tfx_lab/vlab/lib/python3.7/site-packages/airflow/example_dags/tutorial_taskflow_api_etl.py
[2021-03-17 20:11:04,790] {scheduler_job.py:639} INFO - DAG(s) dict_keys(['tutorial_taskflow_api_etl']) retrieved from /Users/harika/Desktop/CSYE_7245/Labs/airflow_tfx_lab/vlab/lib/python3.7/site-packages/airflow/example_dags/tutorial_taskflow_api_etl.py
[2021-03-17 20:11:04,809] {logging_mixin.py:104} INFO - [2021-03-17 20:11:04,809] {dag.py:1818} INFO - Sync 1 DAGs
[2021-03-17 20:11:04,929] {logging_mixin.py:104} INFO - [2021-03-17 20:11:04,928] {dag.py:2273} INFO - Setting next_dagrun for tutorial_taskflow_api_etl to None
[2021-03-17 20:11:04,941] {scheduler_job.py:190} INFO - Processing /Users/harika/Desktop/CSYE_7245/Labs/airflow_tfx_lab/vlab/lib/python3.7/site-packages/airflow/example_dags/tutorial_taskflow_api_etl.py took 0.177 seconds
[2021-03-17 20:11:45,090] {scheduler_job.py:182} INFO - Started process (PID=31706) to work on /Users/harika/Desktop/CSYE_7245/Labs/airflow_tfx_lab/vlab/lib/python3.7/site-packages/airflow/example_dags/tutorial_taskflow_api_etl.py
[2021-03-17 20:11:45,094] {scheduler_job.py:629} INFO - Processing file /Users/harika/Desktop/CSYE_7245/Labs/airflow_tfx_lab/vlab/lib/python3.7/site-packages/airflow/example_dags/tutorial_taskflow_api_etl.py for tasks to queue
[2021-03-17 20:11:45,097] {logging_mixin.py:104} INFO - [2021-03-17 20:11:45,096] {dagbag.py:448} INFO - Filling up the DagBag from /Users/harika/Desktop/CSYE_7245/Labs/airflow_tfx_lab/vlab/lib/python3.7/site-packages/airflow/example_dags/tutorial_taskflow_api_etl.py
[2021-03-17 20:11:45,114] {scheduler_job.py:639} INFO - DAG(s) dict_keys(['tutorial_taskflow_api_etl']) retrieved from /Users/harika/Desktop/CSYE_7245/Labs/airflow_tfx_lab/vlab/lib/python3.7/site-packages/airflow/example_dags/tutorial_taskflow_api_etl.py
[2021-03-17 20:11:45,133] {logging_mixin.py:104} INFO - [2021-03-17 20:11:45,133] {dag.py:1818} INFO - Sync 1 DAGs
[2021-03-17 20:11:45,243] {logging_mixin.py:104} INFO - [2021-03-17 20:11:45,242] {dag.py:2273} INFO - Setting next_dagrun for tutorial_taskflow_api_etl to None
[2021-03-17 20:11:45,255] {scheduler_job.py:190} INFO - Processing /Users/harika/Desktop/CSYE_7245/Labs/airflow_tfx_lab/vlab/lib/python3.7/site-packages/airflow/example_dags/tutorial_taskflow_api_etl.py took 0.169 seconds
[2021-03-17 20:12:25,369] {scheduler_job.py:182} INFO - Started process (PID=31737) to work on /Users/harika/Desktop/CSYE_7245/Labs/airflow_tfx_lab/vlab/lib/python3.7/site-packages/airflow/example_dags/tutorial_taskflow_api_etl.py
[2021-03-17 20:12:25,373] {scheduler_job.py:629} INFO - Processing file /Users/harika/Desktop/CSYE_7245/Labs/airflow_tfx_lab/vlab/lib/python3.7/site-packages/airflow/example_dags/tutorial_taskflow_api_etl.py for tasks to queue
[2021-03-17 20:12:25,374] {logging_mixin.py:104} INFO - [2021-03-17 20:12:25,374] {dagbag.py:448} INFO - Filling up the DagBag from /Users/harika/Desktop/CSYE_7245/Labs/airflow_tfx_lab/vlab/lib/python3.7/site-packages/airflow/example_dags/tutorial_taskflow_api_etl.py
[2021-03-17 20:12:25,390] {scheduler_job.py:639} INFO - DAG(s) dict_keys(['tutorial_taskflow_api_etl']) retrieved from /Users/harika/Desktop/CSYE_7245/Labs/airflow_tfx_lab/vlab/lib/python3.7/site-packages/airflow/example_dags/tutorial_taskflow_api_etl.py
[2021-03-17 20:12:25,409] {logging_mixin.py:104} INFO - [2021-03-17 20:12:25,409] {dag.py:1818} INFO - Sync 1 DAGs
[2021-03-17 20:12:25,518] {logging_mixin.py:104} INFO - [2021-03-17 20:12:25,517] {dag.py:2273} INFO - Setting next_dagrun for tutorial_taskflow_api_etl to None
[2021-03-17 20:12:25,532] {scheduler_job.py:190} INFO - Processing /Users/harika/Desktop/CSYE_7245/Labs/airflow_tfx_lab/vlab/lib/python3.7/site-packages/airflow/example_dags/tutorial_taskflow_api_etl.py took 0.170 seconds
[2021-03-17 20:13:03,054] {scheduler_job.py:182} INFO - Started process (PID=31770) to work on /Users/harika/Desktop/CSYE_7245/Labs/airflow_tfx_lab/vlab/lib/python3.7/site-packages/airflow/example_dags/tutorial_taskflow_api_etl.py
[2021-03-17 20:13:03,057] {scheduler_job.py:629} INFO - Processing file /Users/harika/Desktop/CSYE_7245/Labs/airflow_tfx_lab/vlab/lib/python3.7/site-packages/airflow/example_dags/tutorial_taskflow_api_etl.py for tasks to queue
[2021-03-17 20:13:03,060] {logging_mixin.py:104} INFO - [2021-03-17 20:13:03,059] {dagbag.py:448} INFO - Filling up the DagBag from /Users/harika/Desktop/CSYE_7245/Labs/airflow_tfx_lab/vlab/lib/python3.7/site-packages/airflow/example_dags/tutorial_taskflow_api_etl.py
[2021-03-17 20:13:03,076] {scheduler_job.py:639} INFO - DAG(s) dict_keys(['tutorial_taskflow_api_etl']) retrieved from /Users/harika/Desktop/CSYE_7245/Labs/airflow_tfx_lab/vlab/lib/python3.7/site-packages/airflow/example_dags/tutorial_taskflow_api_etl.py
[2021-03-17 20:13:03,103] {logging_mixin.py:104} INFO - [2021-03-17 20:13:03,103] {dag.py:1818} INFO - Sync 1 DAGs
[2021-03-17 20:13:03,209] {logging_mixin.py:104} INFO - [2021-03-17 20:13:03,208] {dag.py:2273} INFO - Setting next_dagrun for tutorial_taskflow_api_etl to None
[2021-03-17 20:13:03,227] {scheduler_job.py:190} INFO - Processing /Users/harika/Desktop/CSYE_7245/Labs/airflow_tfx_lab/vlab/lib/python3.7/site-packages/airflow/example_dags/tutorial_taskflow_api_etl.py took 0.178 seconds
[2021-03-17 20:13:42,530] {scheduler_job.py:182} INFO - Started process (PID=31802) to work on /Users/harika/Desktop/CSYE_7245/Labs/airflow_tfx_lab/vlab/lib/python3.7/site-packages/airflow/example_dags/tutorial_taskflow_api_etl.py
[2021-03-17 20:13:42,534] {scheduler_job.py:629} INFO - Processing file /Users/harika/Desktop/CSYE_7245/Labs/airflow_tfx_lab/vlab/lib/python3.7/site-packages/airflow/example_dags/tutorial_taskflow_api_etl.py for tasks to queue
[2021-03-17 20:13:42,535] {logging_mixin.py:104} INFO - [2021-03-17 20:13:42,535] {dagbag.py:448} INFO - Filling up the DagBag from /Users/harika/Desktop/CSYE_7245/Labs/airflow_tfx_lab/vlab/lib/python3.7/site-packages/airflow/example_dags/tutorial_taskflow_api_etl.py
[2021-03-17 20:13:42,552] {scheduler_job.py:639} INFO - DAG(s) dict_keys(['tutorial_taskflow_api_etl']) retrieved from /Users/harika/Desktop/CSYE_7245/Labs/airflow_tfx_lab/vlab/lib/python3.7/site-packages/airflow/example_dags/tutorial_taskflow_api_etl.py
[2021-03-17 20:13:42,571] {logging_mixin.py:104} INFO - [2021-03-17 20:13:42,571] {dag.py:1818} INFO - Sync 1 DAGs
[2021-03-17 20:13:42,676] {logging_mixin.py:104} INFO - [2021-03-17 20:13:42,675] {dag.py:2273} INFO - Setting next_dagrun for tutorial_taskflow_api_etl to None
[2021-03-17 20:13:42,689] {scheduler_job.py:190} INFO - Processing /Users/harika/Desktop/CSYE_7245/Labs/airflow_tfx_lab/vlab/lib/python3.7/site-packages/airflow/example_dags/tutorial_taskflow_api_etl.py took 0.164 seconds
[2021-03-17 20:14:21,513] {scheduler_job.py:182} INFO - Started process (PID=31832) to work on /Users/harika/Desktop/CSYE_7245/Labs/airflow_tfx_lab/vlab/lib/python3.7/site-packages/airflow/example_dags/tutorial_taskflow_api_etl.py
[2021-03-17 20:14:21,515] {scheduler_job.py:629} INFO - Processing file /Users/harika/Desktop/CSYE_7245/Labs/airflow_tfx_lab/vlab/lib/python3.7/site-packages/airflow/example_dags/tutorial_taskflow_api_etl.py for tasks to queue
[2021-03-17 20:14:21,516] {logging_mixin.py:104} INFO - [2021-03-17 20:14:21,516] {dagbag.py:448} INFO - Filling up the DagBag from /Users/harika/Desktop/CSYE_7245/Labs/airflow_tfx_lab/vlab/lib/python3.7/site-packages/airflow/example_dags/tutorial_taskflow_api_etl.py
[2021-03-17 20:14:21,535] {scheduler_job.py:639} INFO - DAG(s) dict_keys(['tutorial_taskflow_api_etl']) retrieved from /Users/harika/Desktop/CSYE_7245/Labs/airflow_tfx_lab/vlab/lib/python3.7/site-packages/airflow/example_dags/tutorial_taskflow_api_etl.py
[2021-03-17 20:14:21,555] {logging_mixin.py:104} INFO - [2021-03-17 20:14:21,555] {dag.py:1818} INFO - Sync 1 DAGs
[2021-03-17 20:14:21,657] {logging_mixin.py:104} INFO - [2021-03-17 20:14:21,657] {dag.py:2273} INFO - Setting next_dagrun for tutorial_taskflow_api_etl to None
[2021-03-17 20:14:21,669] {scheduler_job.py:190} INFO - Processing /Users/harika/Desktop/CSYE_7245/Labs/airflow_tfx_lab/vlab/lib/python3.7/site-packages/airflow/example_dags/tutorial_taskflow_api_etl.py took 0.160 seconds
[2021-03-17 20:14:53,914] {scheduler_job.py:182} INFO - Started process (PID=31856) to work on /Users/harika/Desktop/CSYE_7245/Labs/airflow_tfx_lab/vlab/lib/python3.7/site-packages/airflow/example_dags/tutorial_taskflow_api_etl.py
[2021-03-17 20:14:53,917] {scheduler_job.py:629} INFO - Processing file /Users/harika/Desktop/CSYE_7245/Labs/airflow_tfx_lab/vlab/lib/python3.7/site-packages/airflow/example_dags/tutorial_taskflow_api_etl.py for tasks to queue
[2021-03-17 20:14:53,919] {logging_mixin.py:104} INFO - [2021-03-17 20:14:53,919] {dagbag.py:448} INFO - Filling up the DagBag from /Users/harika/Desktop/CSYE_7245/Labs/airflow_tfx_lab/vlab/lib/python3.7/site-packages/airflow/example_dags/tutorial_taskflow_api_etl.py
[2021-03-17 20:14:53,937] {scheduler_job.py:639} INFO - DAG(s) dict_keys(['tutorial_taskflow_api_etl']) retrieved from /Users/harika/Desktop/CSYE_7245/Labs/airflow_tfx_lab/vlab/lib/python3.7/site-packages/airflow/example_dags/tutorial_taskflow_api_etl.py
[2021-03-17 20:14:54,065] {logging_mixin.py:104} INFO - [2021-03-17 20:14:54,064] {dag.py:1818} INFO - Sync 1 DAGs
[2021-03-17 20:14:54,076] {logging_mixin.py:104} INFO - [2021-03-17 20:14:54,075] {dag.py:2273} INFO - Setting next_dagrun for tutorial_taskflow_api_etl to None
[2021-03-17 20:14:54,087] {scheduler_job.py:190} INFO - Processing /Users/harika/Desktop/CSYE_7245/Labs/airflow_tfx_lab/vlab/lib/python3.7/site-packages/airflow/example_dags/tutorial_taskflow_api_etl.py took 0.177 seconds
[2021-03-17 20:15:32,676] {scheduler_job.py:182} INFO - Started process (PID=31891) to work on /Users/harika/Desktop/CSYE_7245/Labs/airflow_tfx_lab/vlab/lib/python3.7/site-packages/airflow/example_dags/tutorial_taskflow_api_etl.py
[2021-03-17 20:15:32,678] {scheduler_job.py:629} INFO - Processing file /Users/harika/Desktop/CSYE_7245/Labs/airflow_tfx_lab/vlab/lib/python3.7/site-packages/airflow/example_dags/tutorial_taskflow_api_etl.py for tasks to queue
[2021-03-17 20:15:32,679] {logging_mixin.py:104} INFO - [2021-03-17 20:15:32,679] {dagbag.py:448} INFO - Filling up the DagBag from /Users/harika/Desktop/CSYE_7245/Labs/airflow_tfx_lab/vlab/lib/python3.7/site-packages/airflow/example_dags/tutorial_taskflow_api_etl.py
[2021-03-17 20:15:32,696] {scheduler_job.py:639} INFO - DAG(s) dict_keys(['tutorial_taskflow_api_etl']) retrieved from /Users/harika/Desktop/CSYE_7245/Labs/airflow_tfx_lab/vlab/lib/python3.7/site-packages/airflow/example_dags/tutorial_taskflow_api_etl.py
[2021-03-17 20:15:32,802] {logging_mixin.py:104} INFO - [2021-03-17 20:15:32,801] {dag.py:1818} INFO - Sync 1 DAGs
[2021-03-17 20:15:32,813] {logging_mixin.py:104} INFO - [2021-03-17 20:15:32,812] {dag.py:2273} INFO - Setting next_dagrun for tutorial_taskflow_api_etl to None
[2021-03-17 20:15:32,826] {scheduler_job.py:190} INFO - Processing /Users/harika/Desktop/CSYE_7245/Labs/airflow_tfx_lab/vlab/lib/python3.7/site-packages/airflow/example_dags/tutorial_taskflow_api_etl.py took 0.155 seconds
[2021-03-17 20:16:10,950] {scheduler_job.py:182} INFO - Started process (PID=31923) to work on /Users/harika/Desktop/CSYE_7245/Labs/airflow_tfx_lab/vlab/lib/python3.7/site-packages/airflow/example_dags/tutorial_taskflow_api_etl.py
[2021-03-17 20:16:10,951] {scheduler_job.py:629} INFO - Processing file /Users/harika/Desktop/CSYE_7245/Labs/airflow_tfx_lab/vlab/lib/python3.7/site-packages/airflow/example_dags/tutorial_taskflow_api_etl.py for tasks to queue
[2021-03-17 20:16:10,953] {logging_mixin.py:104} INFO - [2021-03-17 20:16:10,952] {dagbag.py:448} INFO - Filling up the DagBag from /Users/harika/Desktop/CSYE_7245/Labs/airflow_tfx_lab/vlab/lib/python3.7/site-packages/airflow/example_dags/tutorial_taskflow_api_etl.py
[2021-03-17 20:16:10,969] {scheduler_job.py:639} INFO - DAG(s) dict_keys(['tutorial_taskflow_api_etl']) retrieved from /Users/harika/Desktop/CSYE_7245/Labs/airflow_tfx_lab/vlab/lib/python3.7/site-packages/airflow/example_dags/tutorial_taskflow_api_etl.py
[2021-03-17 20:16:11,078] {logging_mixin.py:104} INFO - [2021-03-17 20:16:11,078] {dag.py:1818} INFO - Sync 1 DAGs
[2021-03-17 20:16:11,088] {logging_mixin.py:104} INFO - [2021-03-17 20:16:11,088] {dag.py:2273} INFO - Setting next_dagrun for tutorial_taskflow_api_etl to None
[2021-03-17 20:16:11,100] {scheduler_job.py:190} INFO - Processing /Users/harika/Desktop/CSYE_7245/Labs/airflow_tfx_lab/vlab/lib/python3.7/site-packages/airflow/example_dags/tutorial_taskflow_api_etl.py took 0.154 seconds
[2021-03-17 20:16:50,477] {scheduler_job.py:182} INFO - Started process (PID=31959) to work on /Users/harika/Desktop/CSYE_7245/Labs/airflow_tfx_lab/vlab/lib/python3.7/site-packages/airflow/example_dags/tutorial_taskflow_api_etl.py
[2021-03-17 20:16:50,480] {scheduler_job.py:629} INFO - Processing file /Users/harika/Desktop/CSYE_7245/Labs/airflow_tfx_lab/vlab/lib/python3.7/site-packages/airflow/example_dags/tutorial_taskflow_api_etl.py for tasks to queue
[2021-03-17 20:16:50,482] {logging_mixin.py:104} INFO - [2021-03-17 20:16:50,481] {dagbag.py:448} INFO - Filling up the DagBag from /Users/harika/Desktop/CSYE_7245/Labs/airflow_tfx_lab/vlab/lib/python3.7/site-packages/airflow/example_dags/tutorial_taskflow_api_etl.py
[2021-03-17 20:16:50,498] {scheduler_job.py:639} INFO - DAG(s) dict_keys(['tutorial_taskflow_api_etl']) retrieved from /Users/harika/Desktop/CSYE_7245/Labs/airflow_tfx_lab/vlab/lib/python3.7/site-packages/airflow/example_dags/tutorial_taskflow_api_etl.py
[2021-03-17 20:16:50,609] {logging_mixin.py:104} INFO - [2021-03-17 20:16:50,608] {dag.py:1818} INFO - Sync 1 DAGs
[2021-03-17 20:16:50,620] {logging_mixin.py:104} INFO - [2021-03-17 20:16:50,619] {dag.py:2273} INFO - Setting next_dagrun for tutorial_taskflow_api_etl to None
[2021-03-17 20:16:50,631] {scheduler_job.py:190} INFO - Processing /Users/harika/Desktop/CSYE_7245/Labs/airflow_tfx_lab/vlab/lib/python3.7/site-packages/airflow/example_dags/tutorial_taskflow_api_etl.py took 0.158 seconds
[2021-03-17 20:17:28,756] {scheduler_job.py:182} INFO - Started process (PID=31989) to work on /Users/harika/Desktop/CSYE_7245/Labs/airflow_tfx_lab/vlab/lib/python3.7/site-packages/airflow/example_dags/tutorial_taskflow_api_etl.py
[2021-03-17 20:17:28,759] {scheduler_job.py:629} INFO - Processing file /Users/harika/Desktop/CSYE_7245/Labs/airflow_tfx_lab/vlab/lib/python3.7/site-packages/airflow/example_dags/tutorial_taskflow_api_etl.py for tasks to queue
[2021-03-17 20:17:28,761] {logging_mixin.py:104} INFO - [2021-03-17 20:17:28,760] {dagbag.py:448} INFO - Filling up the DagBag from /Users/harika/Desktop/CSYE_7245/Labs/airflow_tfx_lab/vlab/lib/python3.7/site-packages/airflow/example_dags/tutorial_taskflow_api_etl.py
[2021-03-17 20:17:28,778] {scheduler_job.py:639} INFO - DAG(s) dict_keys(['tutorial_taskflow_api_etl']) retrieved from /Users/harika/Desktop/CSYE_7245/Labs/airflow_tfx_lab/vlab/lib/python3.7/site-packages/airflow/example_dags/tutorial_taskflow_api_etl.py
[2021-03-17 20:17:28,888] {logging_mixin.py:104} INFO - [2021-03-17 20:17:28,888] {dag.py:1818} INFO - Sync 1 DAGs
[2021-03-17 20:17:28,900] {logging_mixin.py:104} INFO - [2021-03-17 20:17:28,900] {dag.py:2273} INFO - Setting next_dagrun for tutorial_taskflow_api_etl to None
[2021-03-17 20:17:28,912] {scheduler_job.py:190} INFO - Processing /Users/harika/Desktop/CSYE_7245/Labs/airflow_tfx_lab/vlab/lib/python3.7/site-packages/airflow/example_dags/tutorial_taskflow_api_etl.py took 0.160 seconds
[2021-03-17 20:18:11,171] {scheduler_job.py:182} INFO - Started process (PID=32034) to work on /Users/harika/Desktop/CSYE_7245/Labs/airflow_tfx_lab/vlab/lib/python3.7/site-packages/airflow/example_dags/tutorial_taskflow_api_etl.py
[2021-03-17 20:18:11,175] {scheduler_job.py:629} INFO - Processing file /Users/harika/Desktop/CSYE_7245/Labs/airflow_tfx_lab/vlab/lib/python3.7/site-packages/airflow/example_dags/tutorial_taskflow_api_etl.py for tasks to queue
[2021-03-17 20:18:11,176] {logging_mixin.py:104} INFO - [2021-03-17 20:18:11,176] {dagbag.py:448} INFO - Filling up the DagBag from /Users/harika/Desktop/CSYE_7245/Labs/airflow_tfx_lab/vlab/lib/python3.7/site-packages/airflow/example_dags/tutorial_taskflow_api_etl.py
[2021-03-17 20:18:11,291] {scheduler_job.py:639} INFO - DAG(s) dict_keys(['tutorial_taskflow_api_etl']) retrieved from /Users/harika/Desktop/CSYE_7245/Labs/airflow_tfx_lab/vlab/lib/python3.7/site-packages/airflow/example_dags/tutorial_taskflow_api_etl.py
[2021-03-17 20:18:11,305] {logging_mixin.py:104} INFO - [2021-03-17 20:18:11,304] {dag.py:1818} INFO - Sync 1 DAGs
[2021-03-17 20:18:11,315] {logging_mixin.py:104} INFO - [2021-03-17 20:18:11,314] {dag.py:2273} INFO - Setting next_dagrun for tutorial_taskflow_api_etl to None
[2021-03-17 20:18:11,325] {scheduler_job.py:190} INFO - Processing /Users/harika/Desktop/CSYE_7245/Labs/airflow_tfx_lab/vlab/lib/python3.7/site-packages/airflow/example_dags/tutorial_taskflow_api_etl.py took 0.158 seconds
[2021-03-17 20:18:53,745] {scheduler_job.py:182} INFO - Started process (PID=32077) to work on /Users/harika/Desktop/CSYE_7245/Labs/airflow_tfx_lab/vlab/lib/python3.7/site-packages/airflow/example_dags/tutorial_taskflow_api_etl.py
[2021-03-17 20:18:53,748] {scheduler_job.py:629} INFO - Processing file /Users/harika/Desktop/CSYE_7245/Labs/airflow_tfx_lab/vlab/lib/python3.7/site-packages/airflow/example_dags/tutorial_taskflow_api_etl.py for tasks to queue
[2021-03-17 20:18:53,750] {logging_mixin.py:104} INFO - [2021-03-17 20:18:53,749] {dagbag.py:448} INFO - Filling up the DagBag from /Users/harika/Desktop/CSYE_7245/Labs/airflow_tfx_lab/vlab/lib/python3.7/site-packages/airflow/example_dags/tutorial_taskflow_api_etl.py
[2021-03-17 20:18:53,864] {scheduler_job.py:639} INFO - DAG(s) dict_keys(['tutorial_taskflow_api_etl']) retrieved from /Users/harika/Desktop/CSYE_7245/Labs/airflow_tfx_lab/vlab/lib/python3.7/site-packages/airflow/example_dags/tutorial_taskflow_api_etl.py
[2021-03-17 20:18:53,878] {logging_mixin.py:104} INFO - [2021-03-17 20:18:53,877] {dag.py:1818} INFO - Sync 1 DAGs
[2021-03-17 20:18:53,887] {logging_mixin.py:104} INFO - [2021-03-17 20:18:53,887] {dag.py:2273} INFO - Setting next_dagrun for tutorial_taskflow_api_etl to None
[2021-03-17 20:18:53,898] {scheduler_job.py:190} INFO - Processing /Users/harika/Desktop/CSYE_7245/Labs/airflow_tfx_lab/vlab/lib/python3.7/site-packages/airflow/example_dags/tutorial_taskflow_api_etl.py took 0.156 seconds
[2021-03-17 20:19:35,398] {scheduler_job.py:182} INFO - Started process (PID=32113) to work on /Users/harika/Desktop/CSYE_7245/Labs/airflow_tfx_lab/vlab/lib/python3.7/site-packages/airflow/example_dags/tutorial_taskflow_api_etl.py
[2021-03-17 20:19:35,400] {scheduler_job.py:629} INFO - Processing file /Users/harika/Desktop/CSYE_7245/Labs/airflow_tfx_lab/vlab/lib/python3.7/site-packages/airflow/example_dags/tutorial_taskflow_api_etl.py for tasks to queue
[2021-03-17 20:19:35,402] {logging_mixin.py:104} INFO - [2021-03-17 20:19:35,401] {dagbag.py:448} INFO - Filling up the DagBag from /Users/harika/Desktop/CSYE_7245/Labs/airflow_tfx_lab/vlab/lib/python3.7/site-packages/airflow/example_dags/tutorial_taskflow_api_etl.py
[2021-03-17 20:19:35,519] {scheduler_job.py:639} INFO - DAG(s) dict_keys(['tutorial_taskflow_api_etl']) retrieved from /Users/harika/Desktop/CSYE_7245/Labs/airflow_tfx_lab/vlab/lib/python3.7/site-packages/airflow/example_dags/tutorial_taskflow_api_etl.py
[2021-03-17 20:19:35,532] {logging_mixin.py:104} INFO - [2021-03-17 20:19:35,532] {dag.py:1818} INFO - Sync 1 DAGs
[2021-03-17 20:19:35,542] {logging_mixin.py:104} INFO - [2021-03-17 20:19:35,541] {dag.py:2273} INFO - Setting next_dagrun for tutorial_taskflow_api_etl to None
[2021-03-17 20:19:35,553] {scheduler_job.py:190} INFO - Processing /Users/harika/Desktop/CSYE_7245/Labs/airflow_tfx_lab/vlab/lib/python3.7/site-packages/airflow/example_dags/tutorial_taskflow_api_etl.py took 0.160 seconds
[2021-03-17 20:20:13,904] {scheduler_job.py:182} INFO - Started process (PID=32142) to work on /Users/harika/Desktop/CSYE_7245/Labs/airflow_tfx_lab/vlab/lib/python3.7/site-packages/airflow/example_dags/tutorial_taskflow_api_etl.py
[2021-03-17 20:20:13,906] {scheduler_job.py:629} INFO - Processing file /Users/harika/Desktop/CSYE_7245/Labs/airflow_tfx_lab/vlab/lib/python3.7/site-packages/airflow/example_dags/tutorial_taskflow_api_etl.py for tasks to queue
[2021-03-17 20:20:13,907] {logging_mixin.py:104} INFO - [2021-03-17 20:20:13,907] {dagbag.py:448} INFO - Filling up the DagBag from /Users/harika/Desktop/CSYE_7245/Labs/airflow_tfx_lab/vlab/lib/python3.7/site-packages/airflow/example_dags/tutorial_taskflow_api_etl.py
[2021-03-17 20:20:14,020] {scheduler_job.py:639} INFO - DAG(s) dict_keys(['tutorial_taskflow_api_etl']) retrieved from /Users/harika/Desktop/CSYE_7245/Labs/airflow_tfx_lab/vlab/lib/python3.7/site-packages/airflow/example_dags/tutorial_taskflow_api_etl.py
[2021-03-17 20:20:14,033] {logging_mixin.py:104} INFO - [2021-03-17 20:20:14,033] {dag.py:1818} INFO - Sync 1 DAGs
[2021-03-17 20:20:14,043] {logging_mixin.py:104} INFO - [2021-03-17 20:20:14,043] {dag.py:2273} INFO - Setting next_dagrun for tutorial_taskflow_api_etl to None
[2021-03-17 20:20:14,054] {scheduler_job.py:190} INFO - Processing /Users/harika/Desktop/CSYE_7245/Labs/airflow_tfx_lab/vlab/lib/python3.7/site-packages/airflow/example_dags/tutorial_taskflow_api_etl.py took 0.154 seconds
[2021-03-17 20:20:53,958] {scheduler_job.py:182} INFO - Started process (PID=32173) to work on /Users/harika/Desktop/CSYE_7245/Labs/airflow_tfx_lab/vlab/lib/python3.7/site-packages/airflow/example_dags/tutorial_taskflow_api_etl.py
[2021-03-17 20:20:54,090] {scheduler_job.py:629} INFO - Processing file /Users/harika/Desktop/CSYE_7245/Labs/airflow_tfx_lab/vlab/lib/python3.7/site-packages/airflow/example_dags/tutorial_taskflow_api_etl.py for tasks to queue
[2021-03-17 20:20:54,091] {logging_mixin.py:104} INFO - [2021-03-17 20:20:54,091] {dagbag.py:448} INFO - Filling up the DagBag from /Users/harika/Desktop/CSYE_7245/Labs/airflow_tfx_lab/vlab/lib/python3.7/site-packages/airflow/example_dags/tutorial_taskflow_api_etl.py
[2021-03-17 20:20:54,107] {scheduler_job.py:639} INFO - DAG(s) dict_keys(['tutorial_taskflow_api_etl']) retrieved from /Users/harika/Desktop/CSYE_7245/Labs/airflow_tfx_lab/vlab/lib/python3.7/site-packages/airflow/example_dags/tutorial_taskflow_api_etl.py
[2021-03-17 20:20:54,139] {logging_mixin.py:104} INFO - [2021-03-17 20:20:54,138] {dag.py:1818} INFO - Sync 1 DAGs
[2021-03-17 20:20:54,156] {logging_mixin.py:104} INFO - [2021-03-17 20:20:54,156] {dag.py:2273} INFO - Setting next_dagrun for tutorial_taskflow_api_etl to None
[2021-03-17 20:20:54,171] {scheduler_job.py:190} INFO - Processing /Users/harika/Desktop/CSYE_7245/Labs/airflow_tfx_lab/vlab/lib/python3.7/site-packages/airflow/example_dags/tutorial_taskflow_api_etl.py took 0.217 seconds
[2021-03-17 20:21:37,169] {scheduler_job.py:182} INFO - Started process (PID=32227) to work on /Users/harika/Desktop/CSYE_7245/Labs/airflow_tfx_lab/vlab/lib/python3.7/site-packages/airflow/example_dags/tutorial_taskflow_api_etl.py
[2021-03-17 20:21:37,173] {scheduler_job.py:629} INFO - Processing file /Users/harika/Desktop/CSYE_7245/Labs/airflow_tfx_lab/vlab/lib/python3.7/site-packages/airflow/example_dags/tutorial_taskflow_api_etl.py for tasks to queue
[2021-03-17 20:21:37,175] {logging_mixin.py:104} INFO - [2021-03-17 20:21:37,175] {dagbag.py:448} INFO - Filling up the DagBag from /Users/harika/Desktop/CSYE_7245/Labs/airflow_tfx_lab/vlab/lib/python3.7/site-packages/airflow/example_dags/tutorial_taskflow_api_etl.py
[2021-03-17 20:21:37,194] {scheduler_job.py:639} INFO - DAG(s) dict_keys(['tutorial_taskflow_api_etl']) retrieved from /Users/harika/Desktop/CSYE_7245/Labs/airflow_tfx_lab/vlab/lib/python3.7/site-packages/airflow/example_dags/tutorial_taskflow_api_etl.py
[2021-03-17 20:21:37,213] {logging_mixin.py:104} INFO - [2021-03-17 20:21:37,213] {dag.py:1818} INFO - Sync 1 DAGs
[2021-03-17 20:21:37,225] {logging_mixin.py:104} INFO - [2021-03-17 20:21:37,224] {dag.py:2273} INFO - Setting next_dagrun for tutorial_taskflow_api_etl to None
[2021-03-17 20:21:37,237] {scheduler_job.py:190} INFO - Processing /Users/harika/Desktop/CSYE_7245/Labs/airflow_tfx_lab/vlab/lib/python3.7/site-packages/airflow/example_dags/tutorial_taskflow_api_etl.py took 0.072 seconds
[2021-03-17 20:22:20,588] {scheduler_job.py:182} INFO - Started process (PID=32280) to work on /Users/harika/Desktop/CSYE_7245/Labs/airflow_tfx_lab/vlab/lib/python3.7/site-packages/airflow/example_dags/tutorial_taskflow_api_etl.py
[2021-03-17 20:22:20,591] {scheduler_job.py:629} INFO - Processing file /Users/harika/Desktop/CSYE_7245/Labs/airflow_tfx_lab/vlab/lib/python3.7/site-packages/airflow/example_dags/tutorial_taskflow_api_etl.py for tasks to queue
[2021-03-17 20:22:20,593] {logging_mixin.py:104} INFO - [2021-03-17 20:22:20,593] {dagbag.py:448} INFO - Filling up the DagBag from /Users/harika/Desktop/CSYE_7245/Labs/airflow_tfx_lab/vlab/lib/python3.7/site-packages/airflow/example_dags/tutorial_taskflow_api_etl.py
[2021-03-17 20:22:20,621] {scheduler_job.py:639} INFO - DAG(s) dict_keys(['tutorial_taskflow_api_etl']) retrieved from /Users/harika/Desktop/CSYE_7245/Labs/airflow_tfx_lab/vlab/lib/python3.7/site-packages/airflow/example_dags/tutorial_taskflow_api_etl.py
[2021-03-17 20:22:20,647] {logging_mixin.py:104} INFO - [2021-03-17 20:22:20,647] {dag.py:1818} INFO - Sync 1 DAGs
[2021-03-17 20:22:20,664] {logging_mixin.py:104} INFO - [2021-03-17 20:22:20,664] {dag.py:2273} INFO - Setting next_dagrun for tutorial_taskflow_api_etl to None
[2021-03-17 20:22:20,674] {scheduler_job.py:190} INFO - Processing /Users/harika/Desktop/CSYE_7245/Labs/airflow_tfx_lab/vlab/lib/python3.7/site-packages/airflow/example_dags/tutorial_taskflow_api_etl.py took 0.091 seconds
[2021-03-17 20:22:59,570] {scheduler_job.py:182} INFO - Started process (PID=32323) to work on /Users/harika/Desktop/CSYE_7245/Labs/airflow_tfx_lab/vlab/lib/python3.7/site-packages/airflow/example_dags/tutorial_taskflow_api_etl.py
[2021-03-17 20:22:59,583] {scheduler_job.py:629} INFO - Processing file /Users/harika/Desktop/CSYE_7245/Labs/airflow_tfx_lab/vlab/lib/python3.7/site-packages/airflow/example_dags/tutorial_taskflow_api_etl.py for tasks to queue
[2021-03-17 20:22:59,586] {logging_mixin.py:104} INFO - [2021-03-17 20:22:59,585] {dagbag.py:448} INFO - Filling up the DagBag from /Users/harika/Desktop/CSYE_7245/Labs/airflow_tfx_lab/vlab/lib/python3.7/site-packages/airflow/example_dags/tutorial_taskflow_api_etl.py
[2021-03-17 20:22:59,625] {scheduler_job.py:639} INFO - DAG(s) dict_keys(['tutorial_taskflow_api_etl']) retrieved from /Users/harika/Desktop/CSYE_7245/Labs/airflow_tfx_lab/vlab/lib/python3.7/site-packages/airflow/example_dags/tutorial_taskflow_api_etl.py
[2021-03-17 20:22:59,667] {logging_mixin.py:104} INFO - [2021-03-17 20:22:59,662] {dag.py:1818} INFO - Sync 1 DAGs
[2021-03-17 20:22:59,773] {logging_mixin.py:104} INFO - [2021-03-17 20:22:59,772] {dag.py:2273} INFO - Setting next_dagrun for tutorial_taskflow_api_etl to None
[2021-03-17 20:22:59,808] {scheduler_job.py:190} INFO - Processing /Users/harika/Desktop/CSYE_7245/Labs/airflow_tfx_lab/vlab/lib/python3.7/site-packages/airflow/example_dags/tutorial_taskflow_api_etl.py took 0.245 seconds
[2021-03-17 20:23:44,815] {scheduler_job.py:182} INFO - Started process (PID=32363) to work on /Users/harika/Desktop/CSYE_7245/Labs/airflow_tfx_lab/vlab/lib/python3.7/site-packages/airflow/example_dags/tutorial_taskflow_api_etl.py
[2021-03-17 20:23:44,817] {scheduler_job.py:629} INFO - Processing file /Users/harika/Desktop/CSYE_7245/Labs/airflow_tfx_lab/vlab/lib/python3.7/site-packages/airflow/example_dags/tutorial_taskflow_api_etl.py for tasks to queue
[2021-03-17 20:23:44,819] {logging_mixin.py:104} INFO - [2021-03-17 20:23:44,819] {dagbag.py:448} INFO - Filling up the DagBag from /Users/harika/Desktop/CSYE_7245/Labs/airflow_tfx_lab/vlab/lib/python3.7/site-packages/airflow/example_dags/tutorial_taskflow_api_etl.py
[2021-03-17 20:23:44,837] {scheduler_job.py:639} INFO - DAG(s) dict_keys(['tutorial_taskflow_api_etl']) retrieved from /Users/harika/Desktop/CSYE_7245/Labs/airflow_tfx_lab/vlab/lib/python3.7/site-packages/airflow/example_dags/tutorial_taskflow_api_etl.py
[2021-03-17 20:23:44,858] {logging_mixin.py:104} INFO - [2021-03-17 20:23:44,857] {dag.py:1818} INFO - Sync 1 DAGs
[2021-03-17 20:23:44,871] {logging_mixin.py:104} INFO - [2021-03-17 20:23:44,870] {dag.py:2273} INFO - Setting next_dagrun for tutorial_taskflow_api_etl to None
[2021-03-17 20:23:44,884] {scheduler_job.py:190} INFO - Processing /Users/harika/Desktop/CSYE_7245/Labs/airflow_tfx_lab/vlab/lib/python3.7/site-packages/airflow/example_dags/tutorial_taskflow_api_etl.py took 0.074 seconds
[2021-03-17 20:24:25,143] {scheduler_job.py:182} INFO - Started process (PID=32414) to work on /Users/harika/Desktop/CSYE_7245/Labs/airflow_tfx_lab/vlab/lib/python3.7/site-packages/airflow/example_dags/tutorial_taskflow_api_etl.py
[2021-03-17 20:24:25,147] {scheduler_job.py:629} INFO - Processing file /Users/harika/Desktop/CSYE_7245/Labs/airflow_tfx_lab/vlab/lib/python3.7/site-packages/airflow/example_dags/tutorial_taskflow_api_etl.py for tasks to queue
[2021-03-17 20:24:25,149] {logging_mixin.py:104} INFO - [2021-03-17 20:24:25,148] {dagbag.py:448} INFO - Filling up the DagBag from /Users/harika/Desktop/CSYE_7245/Labs/airflow_tfx_lab/vlab/lib/python3.7/site-packages/airflow/example_dags/tutorial_taskflow_api_etl.py
[2021-03-17 20:24:25,177] {scheduler_job.py:639} INFO - DAG(s) dict_keys(['tutorial_taskflow_api_etl']) retrieved from /Users/harika/Desktop/CSYE_7245/Labs/airflow_tfx_lab/vlab/lib/python3.7/site-packages/airflow/example_dags/tutorial_taskflow_api_etl.py
[2021-03-17 20:24:25,204] {logging_mixin.py:104} INFO - [2021-03-17 20:24:25,204] {dag.py:1818} INFO - Sync 1 DAGs
[2021-03-17 20:24:25,221] {logging_mixin.py:104} INFO - [2021-03-17 20:24:25,221] {dag.py:2273} INFO - Setting next_dagrun for tutorial_taskflow_api_etl to None
[2021-03-17 20:24:25,238] {scheduler_job.py:190} INFO - Processing /Users/harika/Desktop/CSYE_7245/Labs/airflow_tfx_lab/vlab/lib/python3.7/site-packages/airflow/example_dags/tutorial_taskflow_api_etl.py took 0.100 seconds
[2021-03-17 20:25:03,640] {scheduler_job.py:182} INFO - Started process (PID=32456) to work on /Users/harika/Desktop/CSYE_7245/Labs/airflow_tfx_lab/vlab/lib/python3.7/site-packages/airflow/example_dags/tutorial_taskflow_api_etl.py
[2021-03-17 20:25:03,643] {scheduler_job.py:629} INFO - Processing file /Users/harika/Desktop/CSYE_7245/Labs/airflow_tfx_lab/vlab/lib/python3.7/site-packages/airflow/example_dags/tutorial_taskflow_api_etl.py for tasks to queue
[2021-03-17 20:25:03,644] {logging_mixin.py:104} INFO - [2021-03-17 20:25:03,644] {dagbag.py:448} INFO - Filling up the DagBag from /Users/harika/Desktop/CSYE_7245/Labs/airflow_tfx_lab/vlab/lib/python3.7/site-packages/airflow/example_dags/tutorial_taskflow_api_etl.py
[2021-03-17 20:25:03,663] {scheduler_job.py:639} INFO - DAG(s) dict_keys(['tutorial_taskflow_api_etl']) retrieved from /Users/harika/Desktop/CSYE_7245/Labs/airflow_tfx_lab/vlab/lib/python3.7/site-packages/airflow/example_dags/tutorial_taskflow_api_etl.py
[2021-03-17 20:25:03,682] {logging_mixin.py:104} INFO - [2021-03-17 20:25:03,682] {dag.py:1818} INFO - Sync 1 DAGs
[2021-03-17 20:25:03,695] {logging_mixin.py:104} INFO - [2021-03-17 20:25:03,695] {dag.py:2273} INFO - Setting next_dagrun for tutorial_taskflow_api_etl to None
[2021-03-17 20:25:03,707] {scheduler_job.py:190} INFO - Processing /Users/harika/Desktop/CSYE_7245/Labs/airflow_tfx_lab/vlab/lib/python3.7/site-packages/airflow/example_dags/tutorial_taskflow_api_etl.py took 0.073 seconds
