[2021-03-30 23:14:42,816] {taskinstance.py:851} INFO - Dependencies all met for <TaskInstance: CMAPS_SNOWFLAKE_INGESTION.DataLoadSnowflake 2021-03-31T03:13:09+00:00 [queued]>
[2021-03-30 23:14:42,834] {taskinstance.py:851} INFO - Dependencies all met for <TaskInstance: CMAPS_SNOWFLAKE_INGESTION.DataLoadSnowflake 2021-03-31T03:13:09+00:00 [queued]>
[2021-03-30 23:14:42,834] {taskinstance.py:1042} INFO - 
--------------------------------------------------------------------------------
[2021-03-30 23:14:42,834] {taskinstance.py:1043} INFO - Starting attempt 1 of 1
[2021-03-30 23:14:42,834] {taskinstance.py:1044} INFO - 
--------------------------------------------------------------------------------
[2021-03-30 23:14:42,895] {taskinstance.py:1063} INFO - Executing <Task(PythonOperator): DataLoadSnowflake> on 2021-03-31T03:13:09+00:00
[2021-03-30 23:14:42,912] {standard_task_runner.py:76} INFO - Running: ['airflow', 'tasks', 'run', 'CMAPS_SNOWFLAKE_INGESTION', 'DataLoadSnowflake', '2021-03-31T03:13:09+00:00', '--job-id', '32', '--pool', 'default_pool', '--raw', '--subdir', 'DAGS_FOLDER/cmaps_pipeline.py', '--cfg-path', '/var/folders/j6/755w2l7n4x1c9313788klj880000gq/T/tmpdgc3czmw', '--error-file', '/var/folders/j6/755w2l7n4x1c9313788klj880000gq/T/tmpp9zfptie']
[2021-03-30 23:14:42,921] {standard_task_runner.py:77} INFO - Job 32: Subtask DataLoadSnowflake
[2021-03-30 23:14:42,908] {standard_task_runner.py:52} INFO - Started process 27865 to run task
[2021-03-30 23:14:43,001] {logging_mixin.py:104} INFO - Running <TaskInstance: CMAPS_SNOWFLAKE_INGESTION.DataLoadSnowflake 2021-03-31T03:13:09+00:00 [running]> on host 152.1.168.192.in-addr.arpa
[2021-03-30 23:14:43,134] {taskinstance.py:1255} INFO - Exporting the following env vars:
AIRFLOW_CTX_DAG_OWNER=airflow
AIRFLOW_CTX_DAG_ID=CMAPS_SNOWFLAKE_INGESTION
AIRFLOW_CTX_TASK_ID=DataLoadSnowflake
AIRFLOW_CTX_EXECUTION_DATE=2021-03-31T03:13:09+00:00
AIRFLOW_CTX_DAG_RUN_ID=manual__2021-03-31T03:13:09+00:00
[2021-03-30 23:14:47,010] {connection.py:218} INFO - Snowflake Connector for Python Version: 2.4.1, Python Version: 3.9.1, Platform: macOS-10.16-x86_64-i386-64bit
[2021-03-30 23:14:47,012] {connection.py:773} INFO - This connection is in OCSP Fail Open Mode. TLS Certificates would be checked for validity and revocation status. Any other Certificate Revocation related exceptions or OCSP Responder failures would be disregarded in favor of connectivity.
[2021-03-30 23:14:48,474] {cursor.py:556} INFO - query: [USE ROLE SYSADMIN]
[2021-03-30 23:14:48,565] {cursor.py:572} INFO - query execution done
[2021-03-30 23:14:48,572] {cursor.py:556} INFO - query: [CREATE WAREHOUSE IF NOT EXISTS CMAPS WITH WAREHOUSE_SIZE = XSMALL]
[2021-03-30 23:14:48,668] {cursor.py:572} INFO - query execution done
[2021-03-30 23:14:48,669] {cursor.py:556} INFO - query: [USE WAREHOUSE CMAPS]
[2021-03-30 23:14:48,750] {cursor.py:572} INFO - query execution done
[2021-03-30 23:14:48,751] {cursor.py:556} INFO - query: [CREATE DATABASE IF NOT EXISTS NASA_CMAPS]
[2021-03-30 23:14:48,836] {cursor.py:572} INFO - query execution done
[2021-03-30 23:14:48,837] {cursor.py:556} INFO - query: [USE DATABASE NASA_CMAPS]
[2021-03-30 23:14:48,929] {cursor.py:572} INFO - query execution done
[2021-03-30 23:14:48,931] {cursor.py:556} INFO - query: [CREATE SCHEMA IF NOT EXISTS DEV]
[2021-03-30 23:14:49,010] {cursor.py:572} INFO - query execution done
[2021-03-30 23:14:49,011] {cursor.py:556} INFO - query: [USE SCHEMA DEV]
[2021-03-30 23:14:49,099] {cursor.py:572} INFO - query execution done
[2021-03-30 23:14:49,100] {cursor.py:556} INFO - query: [CREATE TABLE IF NOT EXISTS TRAIN_TEST (unit_number INT, time_in_cycles INT, oper...]
[2021-03-30 23:14:49,278] {cursor.py:572} INFO - query execution done
[2021-03-30 23:14:49,280] {cursor.py:556} INFO - query: [CREATE TABLE IF NOT EXISTS RUL(rul INT,fault STRING,unit_number INT)]
[2021-03-30 23:14:49,443] {cursor.py:572} INFO - query execution done
[2021-03-30 23:14:49,446] {logging_mixin.py:104} INFO - Database objects created successfully
[2021-03-30 23:14:49,447] {cursor.py:556} INFO - query: [create temporary stage /* Python:snowflake.connector.pandas_tools.write_pandas()...]
[2021-03-30 23:14:49,552] {cursor.py:572} INFO - query execution done
[2021-03-30 23:14:49,553] {json_result.py:117} INFO - fetching data done
[2021-03-30 23:14:52,753] {cursor.py:556} INFO - query: [PUT /* Python:snowflake.connector.pandas_tools.write_pandas() */ 'file:///var/fo...]
[2021-03-30 23:14:52,869] {cursor.py:572} INFO - query execution done
[2021-03-30 23:14:54,994] {cursor.py:556} INFO - query: [COPY INTO "TRAIN_TEST" /* Python:snowflake.connector.pandas_tools.write_pandas()...]
[2021-03-30 23:15:01,470] {cursor.py:572} INFO - query execution done
[2021-03-30 23:15:01,471] {json_result.py:117} INFO - fetching data done
[2021-03-30 23:15:01,473] {cursor.py:556} INFO - query: [create temporary stage /* Python:snowflake.connector.pandas_tools.write_pandas()...]
[2021-03-30 23:15:01,571] {cursor.py:572} INFO - query execution done
[2021-03-30 23:15:01,572] {json_result.py:117} INFO - fetching data done
[2021-03-30 23:15:01,592] {cursor.py:556} INFO - query: [PUT /* Python:snowflake.connector.pandas_tools.write_pandas() */ 'file:///var/fo...]
[2021-03-30 23:15:01,696] {cursor.py:572} INFO - query execution done
[2021-03-30 23:15:02,589] {cursor.py:556} INFO - query: [COPY INTO "RUL" /* Python:snowflake.connector.pandas_tools.write_pandas() */ ("R...]
[2021-03-30 23:15:03,795] {cursor.py:572} INFO - query execution done
[2021-03-30 23:15:03,795] {json_result.py:117} INFO - fetching data done
[2021-03-30 23:15:03,796] {logging_mixin.py:104} INFO - Database objects loaded successfully
[2021-03-30 23:15:03,797] {python.py:118} INFO - Done. Returned value was: None
[2021-03-30 23:15:03,810] {taskinstance.py:1159} INFO - Marking task as SUCCESS. dag_id=CMAPS_SNOWFLAKE_INGESTION, task_id=DataLoadSnowflake, execution_date=20210331T031309, start_date=20210331T031442, end_date=20210331T031503
[2021-03-30 23:15:03,831] {taskinstance.py:1220} INFO - 0 downstream tasks scheduled from follow-on schedule check
[2021-03-30 23:15:03,885] {local_task_job.py:146} INFO - Task exited with return code 0
