[2021-03-30 19:08:37,264] {scheduler_job.py:182} INFO - Started process (PID=20519) to work on /Users/harika/Desktop/CSYE_7245/Assignment3/FastAPI/vlab/lib/python3.7/site-packages/airflow/example_dags/example_short_circuit_operator.py
[2021-03-30 19:08:37,268] {scheduler_job.py:629} INFO - Processing file /Users/harika/Desktop/CSYE_7245/Assignment3/FastAPI/vlab/lib/python3.7/site-packages/airflow/example_dags/example_short_circuit_operator.py for tasks to queue
[2021-03-30 19:08:37,272] {logging_mixin.py:104} INFO - [2021-03-30 19:08:37,271] {dagbag.py:448} INFO - Filling up the DagBag from /Users/harika/Desktop/CSYE_7245/Assignment3/FastAPI/vlab/lib/python3.7/site-packages/airflow/example_dags/example_short_circuit_operator.py
[2021-03-30 19:08:37,322] {scheduler_job.py:639} INFO - DAG(s) dict_keys(['example_short_circuit_operator']) retrieved from /Users/harika/Desktop/CSYE_7245/Assignment3/FastAPI/vlab/lib/python3.7/site-packages/airflow/example_dags/example_short_circuit_operator.py
[2021-03-30 19:08:37,387] {logging_mixin.py:104} INFO - [2021-03-30 19:08:37,386] {dag.py:1818} INFO - Sync 1 DAGs
[2021-03-30 19:08:37,544] {logging_mixin.py:104} INFO - [2021-03-30 19:08:37,543] {dag.py:2273} INFO - Setting next_dagrun for example_short_circuit_operator to 2021-03-28 00:00:00+00:00
[2021-03-30 19:08:37,673] {scheduler_job.py:190} INFO - Processing /Users/harika/Desktop/CSYE_7245/Assignment3/FastAPI/vlab/lib/python3.7/site-packages/airflow/example_dags/example_short_circuit_operator.py took 0.419 seconds
[2021-03-30 19:09:21,229] {scheduler_job.py:182} INFO - Started process (PID=20589) to work on /Users/harika/Desktop/CSYE_7245/Assignment3/FastAPI/vlab/lib/python3.7/site-packages/airflow/example_dags/example_short_circuit_operator.py
[2021-03-30 19:09:21,232] {scheduler_job.py:629} INFO - Processing file /Users/harika/Desktop/CSYE_7245/Assignment3/FastAPI/vlab/lib/python3.7/site-packages/airflow/example_dags/example_short_circuit_operator.py for tasks to queue
[2021-03-30 19:09:21,235] {logging_mixin.py:104} INFO - [2021-03-30 19:09:21,234] {dagbag.py:448} INFO - Filling up the DagBag from /Users/harika/Desktop/CSYE_7245/Assignment3/FastAPI/vlab/lib/python3.7/site-packages/airflow/example_dags/example_short_circuit_operator.py
[2021-03-30 19:09:21,258] {scheduler_job.py:639} INFO - DAG(s) dict_keys(['example_short_circuit_operator']) retrieved from /Users/harika/Desktop/CSYE_7245/Assignment3/FastAPI/vlab/lib/python3.7/site-packages/airflow/example_dags/example_short_circuit_operator.py
[2021-03-30 19:09:21,278] {logging_mixin.py:104} INFO - [2021-03-30 19:09:21,278] {dag.py:1818} INFO - Sync 1 DAGs
[2021-03-30 19:09:21,296] {logging_mixin.py:104} INFO - [2021-03-30 19:09:21,295] {dag.py:2273} INFO - Setting next_dagrun for example_short_circuit_operator to 2021-03-28 00:00:00+00:00
[2021-03-30 19:09:21,306] {scheduler_job.py:190} INFO - Processing /Users/harika/Desktop/CSYE_7245/Assignment3/FastAPI/vlab/lib/python3.7/site-packages/airflow/example_dags/example_short_circuit_operator.py took 0.081 seconds
[2021-03-30 19:13:04,962] {scheduler_job.py:182} INFO - Started process (PID=20658) to work on /Users/harika/Desktop/CSYE_7245/Assignment3/FastAPI/vlab/lib/python3.7/site-packages/airflow/example_dags/example_short_circuit_operator.py
[2021-03-30 19:13:04,967] {scheduler_job.py:629} INFO - Processing file /Users/harika/Desktop/CSYE_7245/Assignment3/FastAPI/vlab/lib/python3.7/site-packages/airflow/example_dags/example_short_circuit_operator.py for tasks to queue
[2021-03-30 19:13:04,970] {logging_mixin.py:104} INFO - [2021-03-30 19:13:04,969] {dagbag.py:448} INFO - Filling up the DagBag from /Users/harika/Desktop/CSYE_7245/Assignment3/FastAPI/vlab/lib/python3.7/site-packages/airflow/example_dags/example_short_circuit_operator.py
[2021-03-30 19:13:05,003] {scheduler_job.py:639} INFO - DAG(s) dict_keys(['example_short_circuit_operator']) retrieved from /Users/harika/Desktop/CSYE_7245/Assignment3/FastAPI/vlab/lib/python3.7/site-packages/airflow/example_dags/example_short_circuit_operator.py
[2021-03-30 19:13:05,073] {logging_mixin.py:104} INFO - [2021-03-30 19:13:05,072] {dag.py:1818} INFO - Sync 1 DAGs
[2021-03-30 19:13:05,153] {logging_mixin.py:104} INFO - [2021-03-30 19:13:05,104] {dag.py:2273} INFO - Setting next_dagrun for example_short_circuit_operator to 2021-03-28 00:00:00+00:00
[2021-03-30 19:13:05,183] {scheduler_job.py:190} INFO - Processing /Users/harika/Desktop/CSYE_7245/Assignment3/FastAPI/vlab/lib/python3.7/site-packages/airflow/example_dags/example_short_circuit_operator.py took 0.228 seconds
[2021-03-30 19:15:48,486] {scheduler_job.py:182} INFO - Started process (PID=20738) to work on /Users/harika/Desktop/CSYE_7245/Assignment3/FastAPI/vlab/lib/python3.7/site-packages/airflow/example_dags/example_short_circuit_operator.py
[2021-03-30 19:15:48,490] {scheduler_job.py:629} INFO - Processing file /Users/harika/Desktop/CSYE_7245/Assignment3/FastAPI/vlab/lib/python3.7/site-packages/airflow/example_dags/example_short_circuit_operator.py for tasks to queue
[2021-03-30 19:15:48,493] {logging_mixin.py:104} INFO - [2021-03-30 19:15:48,492] {dagbag.py:448} INFO - Filling up the DagBag from /Users/harika/Desktop/CSYE_7245/Assignment3/FastAPI/vlab/lib/python3.7/site-packages/airflow/example_dags/example_short_circuit_operator.py
[2021-03-30 19:15:48,514] {scheduler_job.py:639} INFO - DAG(s) dict_keys(['example_short_circuit_operator']) retrieved from /Users/harika/Desktop/CSYE_7245/Assignment3/FastAPI/vlab/lib/python3.7/site-packages/airflow/example_dags/example_short_circuit_operator.py
[2021-03-30 19:15:48,549] {logging_mixin.py:104} INFO - [2021-03-30 19:15:48,545] {dag.py:1818} INFO - Sync 1 DAGs
[2021-03-30 19:15:48,569] {logging_mixin.py:104} INFO - [2021-03-30 19:15:48,569] {dag.py:2273} INFO - Setting next_dagrun for example_short_circuit_operator to 2021-03-28 00:00:00+00:00
[2021-03-30 19:15:48,585] {scheduler_job.py:190} INFO - Processing /Users/harika/Desktop/CSYE_7245/Assignment3/FastAPI/vlab/lib/python3.7/site-packages/airflow/example_dags/example_short_circuit_operator.py took 0.103 seconds
[2021-03-30 19:16:21,950] {scheduler_job.py:182} INFO - Started process (PID=20772) to work on /Users/harika/Desktop/CSYE_7245/Assignment3/FastAPI/vlab/lib/python3.7/site-packages/airflow/example_dags/example_short_circuit_operator.py
[2021-03-30 19:16:21,959] {scheduler_job.py:629} INFO - Processing file /Users/harika/Desktop/CSYE_7245/Assignment3/FastAPI/vlab/lib/python3.7/site-packages/airflow/example_dags/example_short_circuit_operator.py for tasks to queue
[2021-03-30 19:16:21,963] {logging_mixin.py:104} INFO - [2021-03-30 19:16:21,962] {dagbag.py:448} INFO - Filling up the DagBag from /Users/harika/Desktop/CSYE_7245/Assignment3/FastAPI/vlab/lib/python3.7/site-packages/airflow/example_dags/example_short_circuit_operator.py
[2021-03-30 19:16:21,986] {scheduler_job.py:639} INFO - DAG(s) dict_keys(['example_short_circuit_operator']) retrieved from /Users/harika/Desktop/CSYE_7245/Assignment3/FastAPI/vlab/lib/python3.7/site-packages/airflow/example_dags/example_short_circuit_operator.py
[2021-03-30 19:16:22,028] {logging_mixin.py:104} INFO - [2021-03-30 19:16:22,026] {dag.py:1818} INFO - Sync 1 DAGs
[2021-03-30 19:16:22,255] {logging_mixin.py:104} INFO - [2021-03-30 19:16:22,254] {dag.py:2273} INFO - Setting next_dagrun for example_short_circuit_operator to 2021-03-28 00:00:00+00:00
[2021-03-30 19:16:22,296] {scheduler_job.py:190} INFO - Processing /Users/harika/Desktop/CSYE_7245/Assignment3/FastAPI/vlab/lib/python3.7/site-packages/airflow/example_dags/example_short_circuit_operator.py took 0.353 seconds
[2021-03-30 19:16:57,777] {scheduler_job.py:182} INFO - Started process (PID=20814) to work on /Users/harika/Desktop/CSYE_7245/Assignment3/FastAPI/vlab/lib/python3.7/site-packages/airflow/example_dags/example_short_circuit_operator.py
[2021-03-30 19:16:57,781] {scheduler_job.py:629} INFO - Processing file /Users/harika/Desktop/CSYE_7245/Assignment3/FastAPI/vlab/lib/python3.7/site-packages/airflow/example_dags/example_short_circuit_operator.py for tasks to queue
[2021-03-30 19:16:57,784] {logging_mixin.py:104} INFO - [2021-03-30 19:16:57,783] {dagbag.py:448} INFO - Filling up the DagBag from /Users/harika/Desktop/CSYE_7245/Assignment3/FastAPI/vlab/lib/python3.7/site-packages/airflow/example_dags/example_short_circuit_operator.py
[2021-03-30 19:16:57,809] {scheduler_job.py:639} INFO - DAG(s) dict_keys(['example_short_circuit_operator']) retrieved from /Users/harika/Desktop/CSYE_7245/Assignment3/FastAPI/vlab/lib/python3.7/site-packages/airflow/example_dags/example_short_circuit_operator.py
[2021-03-30 19:16:57,837] {logging_mixin.py:104} INFO - [2021-03-30 19:16:57,837] {dag.py:1818} INFO - Sync 1 DAGs
[2021-03-30 19:16:57,862] {logging_mixin.py:104} INFO - [2021-03-30 19:16:57,861] {dag.py:2273} INFO - Setting next_dagrun for example_short_circuit_operator to 2021-03-28 00:00:00+00:00
[2021-03-30 19:16:57,878] {scheduler_job.py:190} INFO - Processing /Users/harika/Desktop/CSYE_7245/Assignment3/FastAPI/vlab/lib/python3.7/site-packages/airflow/example_dags/example_short_circuit_operator.py took 0.108 seconds
[2021-03-30 19:17:31,982] {scheduler_job.py:182} INFO - Started process (PID=20843) to work on /Users/harika/Desktop/CSYE_7245/Assignment3/FastAPI/vlab/lib/python3.7/site-packages/airflow/example_dags/example_short_circuit_operator.py
[2021-03-30 19:17:31,985] {scheduler_job.py:629} INFO - Processing file /Users/harika/Desktop/CSYE_7245/Assignment3/FastAPI/vlab/lib/python3.7/site-packages/airflow/example_dags/example_short_circuit_operator.py for tasks to queue
[2021-03-30 19:17:31,987] {logging_mixin.py:104} INFO - [2021-03-30 19:17:31,986] {dagbag.py:448} INFO - Filling up the DagBag from /Users/harika/Desktop/CSYE_7245/Assignment3/FastAPI/vlab/lib/python3.7/site-packages/airflow/example_dags/example_short_circuit_operator.py
[2021-03-30 19:17:32,012] {scheduler_job.py:639} INFO - DAG(s) dict_keys(['example_short_circuit_operator']) retrieved from /Users/harika/Desktop/CSYE_7245/Assignment3/FastAPI/vlab/lib/python3.7/site-packages/airflow/example_dags/example_short_circuit_operator.py
[2021-03-30 19:17:32,039] {logging_mixin.py:104} INFO - [2021-03-30 19:17:32,038] {dag.py:1818} INFO - Sync 1 DAGs
[2021-03-30 19:17:32,070] {logging_mixin.py:104} INFO - [2021-03-30 19:17:32,069] {dag.py:2273} INFO - Setting next_dagrun for example_short_circuit_operator to 2021-03-28 00:00:00+00:00
[2021-03-30 19:17:32,097] {scheduler_job.py:190} INFO - Processing /Users/harika/Desktop/CSYE_7245/Assignment3/FastAPI/vlab/lib/python3.7/site-packages/airflow/example_dags/example_short_circuit_operator.py took 0.120 seconds
[2021-03-30 19:18:10,158] {scheduler_job.py:182} INFO - Started process (PID=20881) to work on /Users/harika/Desktop/CSYE_7245/Assignment3/FastAPI/vlab/lib/python3.7/site-packages/airflow/example_dags/example_short_circuit_operator.py
[2021-03-30 19:18:10,164] {scheduler_job.py:629} INFO - Processing file /Users/harika/Desktop/CSYE_7245/Assignment3/FastAPI/vlab/lib/python3.7/site-packages/airflow/example_dags/example_short_circuit_operator.py for tasks to queue
[2021-03-30 19:18:10,167] {logging_mixin.py:104} INFO - [2021-03-30 19:18:10,166] {dagbag.py:448} INFO - Filling up the DagBag from /Users/harika/Desktop/CSYE_7245/Assignment3/FastAPI/vlab/lib/python3.7/site-packages/airflow/example_dags/example_short_circuit_operator.py
[2021-03-30 19:18:10,187] {scheduler_job.py:639} INFO - DAG(s) dict_keys(['example_short_circuit_operator']) retrieved from /Users/harika/Desktop/CSYE_7245/Assignment3/FastAPI/vlab/lib/python3.7/site-packages/airflow/example_dags/example_short_circuit_operator.py
[2021-03-30 19:18:10,205] {logging_mixin.py:104} INFO - [2021-03-30 19:18:10,204] {dag.py:1818} INFO - Sync 1 DAGs
[2021-03-30 19:18:10,221] {logging_mixin.py:104} INFO - [2021-03-30 19:18:10,221] {dag.py:2273} INFO - Setting next_dagrun for example_short_circuit_operator to 2021-03-28 00:00:00+00:00
[2021-03-30 19:18:10,239] {scheduler_job.py:190} INFO - Processing /Users/harika/Desktop/CSYE_7245/Assignment3/FastAPI/vlab/lib/python3.7/site-packages/airflow/example_dags/example_short_circuit_operator.py took 0.089 seconds
[2021-03-30 19:21:30,266] {scheduler_job.py:182} INFO - Started process (PID=20966) to work on /Users/harika/Desktop/CSYE_7245/Assignment3/FastAPI/vlab/lib/python3.7/site-packages/airflow/example_dags/example_short_circuit_operator.py
[2021-03-30 19:21:30,271] {scheduler_job.py:629} INFO - Processing file /Users/harika/Desktop/CSYE_7245/Assignment3/FastAPI/vlab/lib/python3.7/site-packages/airflow/example_dags/example_short_circuit_operator.py for tasks to queue
[2021-03-30 19:21:30,274] {logging_mixin.py:104} INFO - [2021-03-30 19:21:30,273] {dagbag.py:448} INFO - Filling up the DagBag from /Users/harika/Desktop/CSYE_7245/Assignment3/FastAPI/vlab/lib/python3.7/site-packages/airflow/example_dags/example_short_circuit_operator.py
[2021-03-30 19:21:30,302] {scheduler_job.py:639} INFO - DAG(s) dict_keys(['example_short_circuit_operator']) retrieved from /Users/harika/Desktop/CSYE_7245/Assignment3/FastAPI/vlab/lib/python3.7/site-packages/airflow/example_dags/example_short_circuit_operator.py
[2021-03-30 19:21:30,338] {logging_mixin.py:104} INFO - [2021-03-30 19:21:30,337] {dag.py:1818} INFO - Sync 1 DAGs
[2021-03-30 19:21:30,386] {logging_mixin.py:104} INFO - [2021-03-30 19:21:30,385] {dag.py:2273} INFO - Setting next_dagrun for example_short_circuit_operator to 2021-03-28 00:00:00+00:00
[2021-03-30 19:21:30,752] {scheduler_job.py:190} INFO - Processing /Users/harika/Desktop/CSYE_7245/Assignment3/FastAPI/vlab/lib/python3.7/site-packages/airflow/example_dags/example_short_circuit_operator.py took 0.498 seconds
[2021-03-30 19:22:20,432] {scheduler_job.py:182} INFO - Started process (PID=21021) to work on /Users/harika/Desktop/CSYE_7245/Assignment3/FastAPI/vlab/lib/python3.7/site-packages/airflow/example_dags/example_short_circuit_operator.py
[2021-03-30 19:22:20,435] {scheduler_job.py:629} INFO - Processing file /Users/harika/Desktop/CSYE_7245/Assignment3/FastAPI/vlab/lib/python3.7/site-packages/airflow/example_dags/example_short_circuit_operator.py for tasks to queue
[2021-03-30 19:22:20,443] {logging_mixin.py:104} INFO - [2021-03-30 19:22:20,441] {dagbag.py:448} INFO - Filling up the DagBag from /Users/harika/Desktop/CSYE_7245/Assignment3/FastAPI/vlab/lib/python3.7/site-packages/airflow/example_dags/example_short_circuit_operator.py
[2021-03-30 19:22:20,473] {scheduler_job.py:639} INFO - DAG(s) dict_keys(['example_short_circuit_operator']) retrieved from /Users/harika/Desktop/CSYE_7245/Assignment3/FastAPI/vlab/lib/python3.7/site-packages/airflow/example_dags/example_short_circuit_operator.py
[2021-03-30 19:22:20,512] {logging_mixin.py:104} INFO - [2021-03-30 19:22:20,510] {dag.py:1818} INFO - Sync 1 DAGs
[2021-03-30 19:22:20,560] {logging_mixin.py:104} INFO - [2021-03-30 19:22:20,559] {dag.py:2273} INFO - Setting next_dagrun for example_short_circuit_operator to 2021-03-28 00:00:00+00:00
[2021-03-30 19:22:20,580] {scheduler_job.py:190} INFO - Processing /Users/harika/Desktop/CSYE_7245/Assignment3/FastAPI/vlab/lib/python3.7/site-packages/airflow/example_dags/example_short_circuit_operator.py took 0.155 seconds
[2021-03-30 19:23:10,619] {scheduler_job.py:182} INFO - Started process (PID=21065) to work on /Users/harika/Desktop/CSYE_7245/Assignment3/FastAPI/vlab/lib/python3.7/site-packages/airflow/example_dags/example_short_circuit_operator.py
[2021-03-30 19:23:10,623] {scheduler_job.py:629} INFO - Processing file /Users/harika/Desktop/CSYE_7245/Assignment3/FastAPI/vlab/lib/python3.7/site-packages/airflow/example_dags/example_short_circuit_operator.py for tasks to queue
[2021-03-30 19:23:10,626] {logging_mixin.py:104} INFO - [2021-03-30 19:23:10,625] {dagbag.py:448} INFO - Filling up the DagBag from /Users/harika/Desktop/CSYE_7245/Assignment3/FastAPI/vlab/lib/python3.7/site-packages/airflow/example_dags/example_short_circuit_operator.py
[2021-03-30 19:23:10,671] {scheduler_job.py:639} INFO - DAG(s) dict_keys(['example_short_circuit_operator']) retrieved from /Users/harika/Desktop/CSYE_7245/Assignment3/FastAPI/vlab/lib/python3.7/site-packages/airflow/example_dags/example_short_circuit_operator.py
[2021-03-30 19:23:10,703] {logging_mixin.py:104} INFO - [2021-03-30 19:23:10,702] {dag.py:1818} INFO - Sync 1 DAGs
[2021-03-30 19:23:10,751] {logging_mixin.py:104} INFO - [2021-03-30 19:23:10,750] {dag.py:2273} INFO - Setting next_dagrun for example_short_circuit_operator to 2021-03-28 00:00:00+00:00
[2021-03-30 19:23:10,906] {scheduler_job.py:190} INFO - Processing /Users/harika/Desktop/CSYE_7245/Assignment3/FastAPI/vlab/lib/python3.7/site-packages/airflow/example_dags/example_short_circuit_operator.py took 0.298 seconds
[2021-03-30 19:23:55,021] {scheduler_job.py:182} INFO - Started process (PID=21107) to work on /Users/harika/Desktop/CSYE_7245/Assignment3/FastAPI/vlab/lib/python3.7/site-packages/airflow/example_dags/example_short_circuit_operator.py
[2021-03-30 19:23:55,025] {scheduler_job.py:629} INFO - Processing file /Users/harika/Desktop/CSYE_7245/Assignment3/FastAPI/vlab/lib/python3.7/site-packages/airflow/example_dags/example_short_circuit_operator.py for tasks to queue
[2021-03-30 19:23:55,028] {logging_mixin.py:104} INFO - [2021-03-30 19:23:55,027] {dagbag.py:448} INFO - Filling up the DagBag from /Users/harika/Desktop/CSYE_7245/Assignment3/FastAPI/vlab/lib/python3.7/site-packages/airflow/example_dags/example_short_circuit_operator.py
[2021-03-30 19:23:55,076] {scheduler_job.py:639} INFO - DAG(s) dict_keys(['example_short_circuit_operator']) retrieved from /Users/harika/Desktop/CSYE_7245/Assignment3/FastAPI/vlab/lib/python3.7/site-packages/airflow/example_dags/example_short_circuit_operator.py
[2021-03-30 19:23:55,127] {logging_mixin.py:104} INFO - [2021-03-30 19:23:55,126] {dag.py:1818} INFO - Sync 1 DAGs
[2021-03-30 19:23:55,177] {logging_mixin.py:104} INFO - [2021-03-30 19:23:55,176] {dag.py:2273} INFO - Setting next_dagrun for example_short_circuit_operator to 2021-03-28 00:00:00+00:00
[2021-03-30 19:23:55,196] {scheduler_job.py:190} INFO - Processing /Users/harika/Desktop/CSYE_7245/Assignment3/FastAPI/vlab/lib/python3.7/site-packages/airflow/example_dags/example_short_circuit_operator.py took 0.183 seconds
[2021-03-30 19:24:32,212] {scheduler_job.py:182} INFO - Started process (PID=21141) to work on /Users/harika/Desktop/CSYE_7245/Assignment3/FastAPI/vlab/lib/python3.7/site-packages/airflow/example_dags/example_short_circuit_operator.py
[2021-03-30 19:24:32,217] {scheduler_job.py:629} INFO - Processing file /Users/harika/Desktop/CSYE_7245/Assignment3/FastAPI/vlab/lib/python3.7/site-packages/airflow/example_dags/example_short_circuit_operator.py for tasks to queue
[2021-03-30 19:24:32,221] {logging_mixin.py:104} INFO - [2021-03-30 19:24:32,219] {dagbag.py:448} INFO - Filling up the DagBag from /Users/harika/Desktop/CSYE_7245/Assignment3/FastAPI/vlab/lib/python3.7/site-packages/airflow/example_dags/example_short_circuit_operator.py
[2021-03-30 19:24:32,249] {scheduler_job.py:639} INFO - DAG(s) dict_keys(['example_short_circuit_operator']) retrieved from /Users/harika/Desktop/CSYE_7245/Assignment3/FastAPI/vlab/lib/python3.7/site-packages/airflow/example_dags/example_short_circuit_operator.py
[2021-03-30 19:24:32,288] {logging_mixin.py:104} INFO - [2021-03-30 19:24:32,287] {dag.py:1818} INFO - Sync 1 DAGs
[2021-03-30 19:24:32,312] {logging_mixin.py:104} INFO - [2021-03-30 19:24:32,311] {dag.py:2273} INFO - Setting next_dagrun for example_short_circuit_operator to 2021-03-28 00:00:00+00:00
[2021-03-30 19:24:32,362] {scheduler_job.py:190} INFO - Processing /Users/harika/Desktop/CSYE_7245/Assignment3/FastAPI/vlab/lib/python3.7/site-packages/airflow/example_dags/example_short_circuit_operator.py took 0.156 seconds
[2021-03-30 19:25:11,303] {scheduler_job.py:182} INFO - Started process (PID=21178) to work on /Users/harika/Desktop/CSYE_7245/Assignment3/FastAPI/vlab/lib/python3.7/site-packages/airflow/example_dags/example_short_circuit_operator.py
[2021-03-30 19:25:11,308] {scheduler_job.py:629} INFO - Processing file /Users/harika/Desktop/CSYE_7245/Assignment3/FastAPI/vlab/lib/python3.7/site-packages/airflow/example_dags/example_short_circuit_operator.py for tasks to queue
[2021-03-30 19:25:11,311] {logging_mixin.py:104} INFO - [2021-03-30 19:25:11,310] {dagbag.py:448} INFO - Filling up the DagBag from /Users/harika/Desktop/CSYE_7245/Assignment3/FastAPI/vlab/lib/python3.7/site-packages/airflow/example_dags/example_short_circuit_operator.py
[2021-03-30 19:25:11,376] {scheduler_job.py:639} INFO - DAG(s) dict_keys(['example_short_circuit_operator']) retrieved from /Users/harika/Desktop/CSYE_7245/Assignment3/FastAPI/vlab/lib/python3.7/site-packages/airflow/example_dags/example_short_circuit_operator.py
[2021-03-30 19:25:11,433] {logging_mixin.py:104} INFO - [2021-03-30 19:25:11,431] {dag.py:1818} INFO - Sync 1 DAGs
[2021-03-30 19:25:11,481] {logging_mixin.py:104} INFO - [2021-03-30 19:25:11,481] {dag.py:2273} INFO - Setting next_dagrun for example_short_circuit_operator to 2021-03-28 00:00:00+00:00
[2021-03-30 19:25:11,518] {scheduler_job.py:190} INFO - Processing /Users/harika/Desktop/CSYE_7245/Assignment3/FastAPI/vlab/lib/python3.7/site-packages/airflow/example_dags/example_short_circuit_operator.py took 0.229 seconds
[2021-03-30 19:25:49,583] {scheduler_job.py:182} INFO - Started process (PID=21217) to work on /Users/harika/Desktop/CSYE_7245/Assignment3/FastAPI/vlab/lib/python3.7/site-packages/airflow/example_dags/example_short_circuit_operator.py
[2021-03-30 19:25:49,586] {scheduler_job.py:629} INFO - Processing file /Users/harika/Desktop/CSYE_7245/Assignment3/FastAPI/vlab/lib/python3.7/site-packages/airflow/example_dags/example_short_circuit_operator.py for tasks to queue
[2021-03-30 19:25:49,589] {logging_mixin.py:104} INFO - [2021-03-30 19:25:49,589] {dagbag.py:448} INFO - Filling up the DagBag from /Users/harika/Desktop/CSYE_7245/Assignment3/FastAPI/vlab/lib/python3.7/site-packages/airflow/example_dags/example_short_circuit_operator.py
[2021-03-30 19:25:49,622] {scheduler_job.py:639} INFO - DAG(s) dict_keys(['example_short_circuit_operator']) retrieved from /Users/harika/Desktop/CSYE_7245/Assignment3/FastAPI/vlab/lib/python3.7/site-packages/airflow/example_dags/example_short_circuit_operator.py
[2021-03-30 19:25:49,650] {logging_mixin.py:104} INFO - [2021-03-30 19:25:49,650] {dag.py:1818} INFO - Sync 1 DAGs
[2021-03-30 19:25:49,680] {logging_mixin.py:104} INFO - [2021-03-30 19:25:49,679] {dag.py:2273} INFO - Setting next_dagrun for example_short_circuit_operator to 2021-03-28 00:00:00+00:00
[2021-03-30 19:25:49,700] {scheduler_job.py:190} INFO - Processing /Users/harika/Desktop/CSYE_7245/Assignment3/FastAPI/vlab/lib/python3.7/site-packages/airflow/example_dags/example_short_circuit_operator.py took 0.123 seconds
[2021-03-30 19:26:31,705] {scheduler_job.py:182} INFO - Started process (PID=21261) to work on /Users/harika/Desktop/CSYE_7245/Assignment3/FastAPI/vlab/lib/python3.7/site-packages/airflow/example_dags/example_short_circuit_operator.py
[2021-03-30 19:26:31,708] {scheduler_job.py:629} INFO - Processing file /Users/harika/Desktop/CSYE_7245/Assignment3/FastAPI/vlab/lib/python3.7/site-packages/airflow/example_dags/example_short_circuit_operator.py for tasks to queue
[2021-03-30 19:26:31,711] {logging_mixin.py:104} INFO - [2021-03-30 19:26:31,710] {dagbag.py:448} INFO - Filling up the DagBag from /Users/harika/Desktop/CSYE_7245/Assignment3/FastAPI/vlab/lib/python3.7/site-packages/airflow/example_dags/example_short_circuit_operator.py
[2021-03-30 19:26:31,742] {scheduler_job.py:639} INFO - DAG(s) dict_keys(['example_short_circuit_operator']) retrieved from /Users/harika/Desktop/CSYE_7245/Assignment3/FastAPI/vlab/lib/python3.7/site-packages/airflow/example_dags/example_short_circuit_operator.py
[2021-03-30 19:26:31,784] {logging_mixin.py:104} INFO - [2021-03-30 19:26:31,783] {dag.py:1818} INFO - Sync 1 DAGs
[2021-03-30 19:26:31,813] {logging_mixin.py:104} INFO - [2021-03-30 19:26:31,813] {dag.py:2273} INFO - Setting next_dagrun for example_short_circuit_operator to 2021-03-28 00:00:00+00:00
[2021-03-30 19:26:31,830] {scheduler_job.py:190} INFO - Processing /Users/harika/Desktop/CSYE_7245/Assignment3/FastAPI/vlab/lib/python3.7/site-packages/airflow/example_dags/example_short_circuit_operator.py took 0.136 seconds
[2021-03-30 19:32:35,211] {scheduler_job.py:182} INFO - Started process (PID=21411) to work on /Users/harika/Desktop/CSYE_7245/Assignment3/FastAPI/vlab/lib/python3.7/site-packages/airflow/example_dags/example_short_circuit_operator.py
[2021-03-30 19:32:35,214] {scheduler_job.py:629} INFO - Processing file /Users/harika/Desktop/CSYE_7245/Assignment3/FastAPI/vlab/lib/python3.7/site-packages/airflow/example_dags/example_short_circuit_operator.py for tasks to queue
[2021-03-30 19:32:35,217] {logging_mixin.py:104} INFO - [2021-03-30 19:32:35,215] {dagbag.py:448} INFO - Filling up the DagBag from /Users/harika/Desktop/CSYE_7245/Assignment3/FastAPI/vlab/lib/python3.7/site-packages/airflow/example_dags/example_short_circuit_operator.py
[2021-03-30 19:32:35,247] {scheduler_job.py:639} INFO - DAG(s) dict_keys(['example_short_circuit_operator']) retrieved from /Users/harika/Desktop/CSYE_7245/Assignment3/FastAPI/vlab/lib/python3.7/site-packages/airflow/example_dags/example_short_circuit_operator.py
[2021-03-30 19:32:35,280] {logging_mixin.py:104} INFO - [2021-03-30 19:32:35,279] {dag.py:1818} INFO - Sync 1 DAGs
[2021-03-30 19:32:35,330] {logging_mixin.py:104} INFO - [2021-03-30 19:32:35,329] {dag.py:2273} INFO - Setting next_dagrun for example_short_circuit_operator to 2021-03-28 00:00:00+00:00
[2021-03-30 19:32:35,370] {scheduler_job.py:190} INFO - Processing /Users/harika/Desktop/CSYE_7245/Assignment3/FastAPI/vlab/lib/python3.7/site-packages/airflow/example_dags/example_short_circuit_operator.py took 0.166 seconds
[2021-03-30 19:33:19,788] {scheduler_job.py:182} INFO - Started process (PID=21457) to work on /Users/harika/Desktop/CSYE_7245/Assignment3/FastAPI/vlab/lib/python3.7/site-packages/airflow/example_dags/example_short_circuit_operator.py
[2021-03-30 19:33:19,792] {scheduler_job.py:629} INFO - Processing file /Users/harika/Desktop/CSYE_7245/Assignment3/FastAPI/vlab/lib/python3.7/site-packages/airflow/example_dags/example_short_circuit_operator.py for tasks to queue
[2021-03-30 19:33:19,794] {logging_mixin.py:104} INFO - [2021-03-30 19:33:19,793] {dagbag.py:448} INFO - Filling up the DagBag from /Users/harika/Desktop/CSYE_7245/Assignment3/FastAPI/vlab/lib/python3.7/site-packages/airflow/example_dags/example_short_circuit_operator.py
[2021-03-30 19:33:19,838] {scheduler_job.py:639} INFO - DAG(s) dict_keys(['example_short_circuit_operator']) retrieved from /Users/harika/Desktop/CSYE_7245/Assignment3/FastAPI/vlab/lib/python3.7/site-packages/airflow/example_dags/example_short_circuit_operator.py
[2021-03-30 19:33:19,876] {logging_mixin.py:104} INFO - [2021-03-30 19:33:19,874] {dag.py:1818} INFO - Sync 1 DAGs
[2021-03-30 19:33:19,923] {logging_mixin.py:104} INFO - [2021-03-30 19:33:19,922] {dag.py:2273} INFO - Setting next_dagrun for example_short_circuit_operator to 2021-03-28 00:00:00+00:00
[2021-03-30 19:33:19,951] {scheduler_job.py:190} INFO - Processing /Users/harika/Desktop/CSYE_7245/Assignment3/FastAPI/vlab/lib/python3.7/site-packages/airflow/example_dags/example_short_circuit_operator.py took 0.178 seconds
[2021-03-30 19:33:56,139] {scheduler_job.py:182} INFO - Started process (PID=21493) to work on /Users/harika/Desktop/CSYE_7245/Assignment3/FastAPI/vlab/lib/python3.7/site-packages/airflow/example_dags/example_short_circuit_operator.py
[2021-03-30 19:33:56,145] {scheduler_job.py:629} INFO - Processing file /Users/harika/Desktop/CSYE_7245/Assignment3/FastAPI/vlab/lib/python3.7/site-packages/airflow/example_dags/example_short_circuit_operator.py for tasks to queue
[2021-03-30 19:33:56,149] {logging_mixin.py:104} INFO - [2021-03-30 19:33:56,147] {dagbag.py:448} INFO - Filling up the DagBag from /Users/harika/Desktop/CSYE_7245/Assignment3/FastAPI/vlab/lib/python3.7/site-packages/airflow/example_dags/example_short_circuit_operator.py
[2021-03-30 19:33:56,177] {scheduler_job.py:639} INFO - DAG(s) dict_keys(['example_short_circuit_operator']) retrieved from /Users/harika/Desktop/CSYE_7245/Assignment3/FastAPI/vlab/lib/python3.7/site-packages/airflow/example_dags/example_short_circuit_operator.py
[2021-03-30 19:33:56,195] {logging_mixin.py:104} INFO - [2021-03-30 19:33:56,195] {dag.py:1818} INFO - Sync 1 DAGs
[2021-03-30 19:33:56,220] {logging_mixin.py:104} INFO - [2021-03-30 19:33:56,219] {dag.py:2273} INFO - Setting next_dagrun for example_short_circuit_operator to 2021-03-28 00:00:00+00:00
[2021-03-30 19:33:56,237] {scheduler_job.py:190} INFO - Processing /Users/harika/Desktop/CSYE_7245/Assignment3/FastAPI/vlab/lib/python3.7/site-packages/airflow/example_dags/example_short_circuit_operator.py took 0.103 seconds
[2021-03-30 19:34:35,787] {scheduler_job.py:182} INFO - Started process (PID=21533) to work on /Users/harika/Desktop/CSYE_7245/Assignment3/FastAPI/vlab/lib/python3.7/site-packages/airflow/example_dags/example_short_circuit_operator.py
[2021-03-30 19:34:35,791] {scheduler_job.py:629} INFO - Processing file /Users/harika/Desktop/CSYE_7245/Assignment3/FastAPI/vlab/lib/python3.7/site-packages/airflow/example_dags/example_short_circuit_operator.py for tasks to queue
[2021-03-30 19:34:35,794] {logging_mixin.py:104} INFO - [2021-03-30 19:34:35,793] {dagbag.py:448} INFO - Filling up the DagBag from /Users/harika/Desktop/CSYE_7245/Assignment3/FastAPI/vlab/lib/python3.7/site-packages/airflow/example_dags/example_short_circuit_operator.py
[2021-03-30 19:34:35,830] {scheduler_job.py:639} INFO - DAG(s) dict_keys(['example_short_circuit_operator']) retrieved from /Users/harika/Desktop/CSYE_7245/Assignment3/FastAPI/vlab/lib/python3.7/site-packages/airflow/example_dags/example_short_circuit_operator.py
[2021-03-30 19:34:35,873] {logging_mixin.py:104} INFO - [2021-03-30 19:34:35,871] {dag.py:1818} INFO - Sync 1 DAGs
[2021-03-30 19:34:35,907] {logging_mixin.py:104} INFO - [2021-03-30 19:34:35,905] {dag.py:2273} INFO - Setting next_dagrun for example_short_circuit_operator to 2021-03-28 00:00:00+00:00
[2021-03-30 19:34:35,931] {scheduler_job.py:190} INFO - Processing /Users/harika/Desktop/CSYE_7245/Assignment3/FastAPI/vlab/lib/python3.7/site-packages/airflow/example_dags/example_short_circuit_operator.py took 0.152 seconds
[2021-03-30 19:35:11,964] {scheduler_job.py:182} INFO - Started process (PID=21582) to work on /Users/harika/Desktop/CSYE_7245/Assignment3/FastAPI/vlab/lib/python3.7/site-packages/airflow/example_dags/example_short_circuit_operator.py
[2021-03-30 19:35:11,968] {scheduler_job.py:629} INFO - Processing file /Users/harika/Desktop/CSYE_7245/Assignment3/FastAPI/vlab/lib/python3.7/site-packages/airflow/example_dags/example_short_circuit_operator.py for tasks to queue
[2021-03-30 19:35:11,971] {logging_mixin.py:104} INFO - [2021-03-30 19:35:11,970] {dagbag.py:448} INFO - Filling up the DagBag from /Users/harika/Desktop/CSYE_7245/Assignment3/FastAPI/vlab/lib/python3.7/site-packages/airflow/example_dags/example_short_circuit_operator.py
[2021-03-30 19:35:12,111] {scheduler_job.py:639} INFO - DAG(s) dict_keys(['example_short_circuit_operator']) retrieved from /Users/harika/Desktop/CSYE_7245/Assignment3/FastAPI/vlab/lib/python3.7/site-packages/airflow/example_dags/example_short_circuit_operator.py
[2021-03-30 19:35:12,208] {logging_mixin.py:104} INFO - [2021-03-30 19:35:12,206] {dag.py:1818} INFO - Sync 1 DAGs
[2021-03-30 19:35:12,244] {logging_mixin.py:104} INFO - [2021-03-30 19:35:12,243] {dag.py:2273} INFO - Setting next_dagrun for example_short_circuit_operator to 2021-03-28 00:00:00+00:00
[2021-03-30 19:35:12,274] {scheduler_job.py:190} INFO - Processing /Users/harika/Desktop/CSYE_7245/Assignment3/FastAPI/vlab/lib/python3.7/site-packages/airflow/example_dags/example_short_circuit_operator.py took 0.325 seconds
[2021-03-30 19:35:48,606] {scheduler_job.py:182} INFO - Started process (PID=21626) to work on /Users/harika/Desktop/CSYE_7245/Assignment3/FastAPI/vlab/lib/python3.7/site-packages/airflow/example_dags/example_short_circuit_operator.py
[2021-03-30 19:35:48,611] {scheduler_job.py:629} INFO - Processing file /Users/harika/Desktop/CSYE_7245/Assignment3/FastAPI/vlab/lib/python3.7/site-packages/airflow/example_dags/example_short_circuit_operator.py for tasks to queue
[2021-03-30 19:35:48,614] {logging_mixin.py:104} INFO - [2021-03-30 19:35:48,613] {dagbag.py:448} INFO - Filling up the DagBag from /Users/harika/Desktop/CSYE_7245/Assignment3/FastAPI/vlab/lib/python3.7/site-packages/airflow/example_dags/example_short_circuit_operator.py
[2021-03-30 19:35:48,641] {scheduler_job.py:639} INFO - DAG(s) dict_keys(['example_short_circuit_operator']) retrieved from /Users/harika/Desktop/CSYE_7245/Assignment3/FastAPI/vlab/lib/python3.7/site-packages/airflow/example_dags/example_short_circuit_operator.py
[2021-03-30 19:35:48,691] {logging_mixin.py:104} INFO - [2021-03-30 19:35:48,690] {dag.py:1818} INFO - Sync 1 DAGs
[2021-03-30 19:35:48,728] {logging_mixin.py:104} INFO - [2021-03-30 19:35:48,724] {dag.py:2273} INFO - Setting next_dagrun for example_short_circuit_operator to 2021-03-28 00:00:00+00:00
[2021-03-30 19:35:48,757] {scheduler_job.py:190} INFO - Processing /Users/harika/Desktop/CSYE_7245/Assignment3/FastAPI/vlab/lib/python3.7/site-packages/airflow/example_dags/example_short_circuit_operator.py took 0.160 seconds
[2021-03-30 19:36:35,138] {scheduler_job.py:182} INFO - Started process (PID=21681) to work on /Users/harika/Desktop/CSYE_7245/Assignment3/FastAPI/vlab/lib/python3.7/site-packages/airflow/example_dags/example_short_circuit_operator.py
[2021-03-30 19:36:35,143] {scheduler_job.py:629} INFO - Processing file /Users/harika/Desktop/CSYE_7245/Assignment3/FastAPI/vlab/lib/python3.7/site-packages/airflow/example_dags/example_short_circuit_operator.py for tasks to queue
[2021-03-30 19:36:35,147] {logging_mixin.py:104} INFO - [2021-03-30 19:36:35,145] {dagbag.py:448} INFO - Filling up the DagBag from /Users/harika/Desktop/CSYE_7245/Assignment3/FastAPI/vlab/lib/python3.7/site-packages/airflow/example_dags/example_short_circuit_operator.py
[2021-03-30 19:36:35,180] {scheduler_job.py:639} INFO - DAG(s) dict_keys(['example_short_circuit_operator']) retrieved from /Users/harika/Desktop/CSYE_7245/Assignment3/FastAPI/vlab/lib/python3.7/site-packages/airflow/example_dags/example_short_circuit_operator.py
[2021-03-30 19:36:35,216] {logging_mixin.py:104} INFO - [2021-03-30 19:36:35,216] {dag.py:1818} INFO - Sync 1 DAGs
[2021-03-30 19:36:35,232] {logging_mixin.py:104} INFO - [2021-03-30 19:36:35,232] {dag.py:2273} INFO - Setting next_dagrun for example_short_circuit_operator to 2021-03-28 00:00:00+00:00
[2021-03-30 19:36:35,251] {scheduler_job.py:190} INFO - Processing /Users/harika/Desktop/CSYE_7245/Assignment3/FastAPI/vlab/lib/python3.7/site-packages/airflow/example_dags/example_short_circuit_operator.py took 0.122 seconds
[2021-03-30 19:37:23,822] {scheduler_job.py:182} INFO - Started process (PID=21741) to work on /Users/harika/Desktop/CSYE_7245/Assignment3/FastAPI/vlab/lib/python3.7/site-packages/airflow/example_dags/example_short_circuit_operator.py
[2021-03-30 19:37:23,833] {scheduler_job.py:629} INFO - Processing file /Users/harika/Desktop/CSYE_7245/Assignment3/FastAPI/vlab/lib/python3.7/site-packages/airflow/example_dags/example_short_circuit_operator.py for tasks to queue
[2021-03-30 19:37:23,839] {logging_mixin.py:104} INFO - [2021-03-30 19:37:23,838] {dagbag.py:448} INFO - Filling up the DagBag from /Users/harika/Desktop/CSYE_7245/Assignment3/FastAPI/vlab/lib/python3.7/site-packages/airflow/example_dags/example_short_circuit_operator.py
[2021-03-30 19:37:23,875] {scheduler_job.py:639} INFO - DAG(s) dict_keys(['example_short_circuit_operator']) retrieved from /Users/harika/Desktop/CSYE_7245/Assignment3/FastAPI/vlab/lib/python3.7/site-packages/airflow/example_dags/example_short_circuit_operator.py
[2021-03-30 19:37:23,910] {logging_mixin.py:104} INFO - [2021-03-30 19:37:23,910] {dag.py:1818} INFO - Sync 1 DAGs
[2021-03-30 19:37:23,945] {logging_mixin.py:104} INFO - [2021-03-30 19:37:23,944] {dag.py:2273} INFO - Setting next_dagrun for example_short_circuit_operator to 2021-03-28 00:00:00+00:00
[2021-03-30 19:37:23,976] {scheduler_job.py:190} INFO - Processing /Users/harika/Desktop/CSYE_7245/Assignment3/FastAPI/vlab/lib/python3.7/site-packages/airflow/example_dags/example_short_circuit_operator.py took 0.164 seconds
[2021-03-30 19:38:10,704] {scheduler_job.py:182} INFO - Started process (PID=21805) to work on /Users/harika/Desktop/CSYE_7245/Assignment3/FastAPI/vlab/lib/python3.7/site-packages/airflow/example_dags/example_short_circuit_operator.py
[2021-03-30 19:38:10,721] {scheduler_job.py:629} INFO - Processing file /Users/harika/Desktop/CSYE_7245/Assignment3/FastAPI/vlab/lib/python3.7/site-packages/airflow/example_dags/example_short_circuit_operator.py for tasks to queue
[2021-03-30 19:38:10,725] {logging_mixin.py:104} INFO - [2021-03-30 19:38:10,724] {dagbag.py:448} INFO - Filling up the DagBag from /Users/harika/Desktop/CSYE_7245/Assignment3/FastAPI/vlab/lib/python3.7/site-packages/airflow/example_dags/example_short_circuit_operator.py
[2021-03-30 19:38:10,792] {scheduler_job.py:639} INFO - DAG(s) dict_keys(['example_short_circuit_operator']) retrieved from /Users/harika/Desktop/CSYE_7245/Assignment3/FastAPI/vlab/lib/python3.7/site-packages/airflow/example_dags/example_short_circuit_operator.py
[2021-03-30 19:38:10,827] {logging_mixin.py:104} INFO - [2021-03-30 19:38:10,826] {dag.py:1818} INFO - Sync 1 DAGs
[2021-03-30 19:38:10,859] {logging_mixin.py:104} INFO - [2021-03-30 19:38:10,858] {dag.py:2273} INFO - Setting next_dagrun for example_short_circuit_operator to 2021-03-28 00:00:00+00:00
[2021-03-30 19:38:10,885] {scheduler_job.py:190} INFO - Processing /Users/harika/Desktop/CSYE_7245/Assignment3/FastAPI/vlab/lib/python3.7/site-packages/airflow/example_dags/example_short_circuit_operator.py took 0.191 seconds
[2021-03-30 19:38:50,720] {scheduler_job.py:182} INFO - Started process (PID=21845) to work on /Users/harika/Desktop/CSYE_7245/Assignment3/FastAPI/vlab/lib/python3.7/site-packages/airflow/example_dags/example_short_circuit_operator.py
[2021-03-30 19:38:50,733] {scheduler_job.py:629} INFO - Processing file /Users/harika/Desktop/CSYE_7245/Assignment3/FastAPI/vlab/lib/python3.7/site-packages/airflow/example_dags/example_short_circuit_operator.py for tasks to queue
[2021-03-30 19:38:50,737] {logging_mixin.py:104} INFO - [2021-03-30 19:38:50,735] {dagbag.py:448} INFO - Filling up the DagBag from /Users/harika/Desktop/CSYE_7245/Assignment3/FastAPI/vlab/lib/python3.7/site-packages/airflow/example_dags/example_short_circuit_operator.py
[2021-03-30 19:38:50,775] {scheduler_job.py:639} INFO - DAG(s) dict_keys(['example_short_circuit_operator']) retrieved from /Users/harika/Desktop/CSYE_7245/Assignment3/FastAPI/vlab/lib/python3.7/site-packages/airflow/example_dags/example_short_circuit_operator.py
[2021-03-30 19:38:50,813] {logging_mixin.py:104} INFO - [2021-03-30 19:38:50,811] {dag.py:1818} INFO - Sync 1 DAGs
[2021-03-30 19:38:50,859] {logging_mixin.py:104} INFO - [2021-03-30 19:38:50,858] {dag.py:2273} INFO - Setting next_dagrun for example_short_circuit_operator to 2021-03-28 00:00:00+00:00
[2021-03-30 19:38:50,886] {scheduler_job.py:190} INFO - Processing /Users/harika/Desktop/CSYE_7245/Assignment3/FastAPI/vlab/lib/python3.7/site-packages/airflow/example_dags/example_short_circuit_operator.py took 0.176 seconds
[2021-03-30 19:43:46,767] {scheduler_job.py:182} INFO - Started process (PID=21989) to work on /Users/harika/Desktop/CSYE_7245/Assignment3/FastAPI/vlab/lib/python3.7/site-packages/airflow/example_dags/example_short_circuit_operator.py
[2021-03-30 19:43:46,774] {scheduler_job.py:629} INFO - Processing file /Users/harika/Desktop/CSYE_7245/Assignment3/FastAPI/vlab/lib/python3.7/site-packages/airflow/example_dags/example_short_circuit_operator.py for tasks to queue
[2021-03-30 19:43:46,801] {logging_mixin.py:104} INFO - [2021-03-30 19:43:46,777] {dagbag.py:448} INFO - Filling up the DagBag from /Users/harika/Desktop/CSYE_7245/Assignment3/FastAPI/vlab/lib/python3.7/site-packages/airflow/example_dags/example_short_circuit_operator.py
[2021-03-30 19:43:46,848] {scheduler_job.py:639} INFO - DAG(s) dict_keys(['example_short_circuit_operator']) retrieved from /Users/harika/Desktop/CSYE_7245/Assignment3/FastAPI/vlab/lib/python3.7/site-packages/airflow/example_dags/example_short_circuit_operator.py
[2021-03-30 19:43:47,124] {logging_mixin.py:104} INFO - [2021-03-30 19:43:47,122] {dag.py:1818} INFO - Sync 1 DAGs
[2021-03-30 19:43:47,271] {logging_mixin.py:104} INFO - [2021-03-30 19:43:47,270] {dag.py:2273} INFO - Setting next_dagrun for example_short_circuit_operator to 2021-03-28 00:00:00+00:00
[2021-03-30 19:43:47,295] {scheduler_job.py:190} INFO - Processing /Users/harika/Desktop/CSYE_7245/Assignment3/FastAPI/vlab/lib/python3.7/site-packages/airflow/example_dags/example_short_circuit_operator.py took 0.538 seconds
[2021-03-30 19:44:27,022] {scheduler_job.py:182} INFO - Started process (PID=22022) to work on /Users/harika/Desktop/CSYE_7245/Assignment3/FastAPI/vlab/lib/python3.7/site-packages/airflow/example_dags/example_short_circuit_operator.py
[2021-03-30 19:44:27,033] {scheduler_job.py:629} INFO - Processing file /Users/harika/Desktop/CSYE_7245/Assignment3/FastAPI/vlab/lib/python3.7/site-packages/airflow/example_dags/example_short_circuit_operator.py for tasks to queue
[2021-03-30 19:44:27,035] {logging_mixin.py:104} INFO - [2021-03-30 19:44:27,034] {dagbag.py:448} INFO - Filling up the DagBag from /Users/harika/Desktop/CSYE_7245/Assignment3/FastAPI/vlab/lib/python3.7/site-packages/airflow/example_dags/example_short_circuit_operator.py
[2021-03-30 19:44:27,080] {scheduler_job.py:639} INFO - DAG(s) dict_keys(['example_short_circuit_operator']) retrieved from /Users/harika/Desktop/CSYE_7245/Assignment3/FastAPI/vlab/lib/python3.7/site-packages/airflow/example_dags/example_short_circuit_operator.py
[2021-03-30 19:44:27,140] {logging_mixin.py:104} INFO - [2021-03-30 19:44:27,139] {dag.py:1818} INFO - Sync 1 DAGs
[2021-03-30 19:44:27,177] {logging_mixin.py:104} INFO - [2021-03-30 19:44:27,176] {dag.py:2273} INFO - Setting next_dagrun for example_short_circuit_operator to 2021-03-28 00:00:00+00:00
[2021-03-30 19:44:27,210] {scheduler_job.py:190} INFO - Processing /Users/harika/Desktop/CSYE_7245/Assignment3/FastAPI/vlab/lib/python3.7/site-packages/airflow/example_dags/example_short_circuit_operator.py took 0.195 seconds
[2021-03-30 19:45:12,145] {scheduler_job.py:182} INFO - Started process (PID=22059) to work on /Users/harika/Desktop/CSYE_7245/Assignment3/FastAPI/vlab/lib/python3.7/site-packages/airflow/example_dags/example_short_circuit_operator.py
[2021-03-30 19:45:12,152] {scheduler_job.py:629} INFO - Processing file /Users/harika/Desktop/CSYE_7245/Assignment3/FastAPI/vlab/lib/python3.7/site-packages/airflow/example_dags/example_short_circuit_operator.py for tasks to queue
[2021-03-30 19:45:12,156] {logging_mixin.py:104} INFO - [2021-03-30 19:45:12,154] {dagbag.py:448} INFO - Filling up the DagBag from /Users/harika/Desktop/CSYE_7245/Assignment3/FastAPI/vlab/lib/python3.7/site-packages/airflow/example_dags/example_short_circuit_operator.py
[2021-03-30 19:45:12,197] {scheduler_job.py:639} INFO - DAG(s) dict_keys(['example_short_circuit_operator']) retrieved from /Users/harika/Desktop/CSYE_7245/Assignment3/FastAPI/vlab/lib/python3.7/site-packages/airflow/example_dags/example_short_circuit_operator.py
[2021-03-30 19:45:12,444] {logging_mixin.py:104} INFO - [2021-03-30 19:45:12,433] {dag.py:1818} INFO - Sync 1 DAGs
[2021-03-30 19:45:12,524] {logging_mixin.py:104} INFO - [2021-03-30 19:45:12,520] {dag.py:2273} INFO - Setting next_dagrun for example_short_circuit_operator to 2021-03-28 00:00:00+00:00
[2021-03-30 19:45:12,566] {scheduler_job.py:190} INFO - Processing /Users/harika/Desktop/CSYE_7245/Assignment3/FastAPI/vlab/lib/python3.7/site-packages/airflow/example_dags/example_short_circuit_operator.py took 0.436 seconds
[2021-03-30 19:46:03,502] {scheduler_job.py:182} INFO - Started process (PID=22124) to work on /Users/harika/Desktop/CSYE_7245/Assignment3/FastAPI/vlab/lib/python3.7/site-packages/airflow/example_dags/example_short_circuit_operator.py
[2021-03-30 19:46:03,506] {scheduler_job.py:629} INFO - Processing file /Users/harika/Desktop/CSYE_7245/Assignment3/FastAPI/vlab/lib/python3.7/site-packages/airflow/example_dags/example_short_circuit_operator.py for tasks to queue
[2021-03-30 19:46:03,509] {logging_mixin.py:104} INFO - [2021-03-30 19:46:03,507] {dagbag.py:448} INFO - Filling up the DagBag from /Users/harika/Desktop/CSYE_7245/Assignment3/FastAPI/vlab/lib/python3.7/site-packages/airflow/example_dags/example_short_circuit_operator.py
[2021-03-30 19:46:03,539] {scheduler_job.py:639} INFO - DAG(s) dict_keys(['example_short_circuit_operator']) retrieved from /Users/harika/Desktop/CSYE_7245/Assignment3/FastAPI/vlab/lib/python3.7/site-packages/airflow/example_dags/example_short_circuit_operator.py
[2021-03-30 19:46:03,573] {logging_mixin.py:104} INFO - [2021-03-30 19:46:03,572] {dag.py:1818} INFO - Sync 1 DAGs
[2021-03-30 19:46:03,611] {logging_mixin.py:104} INFO - [2021-03-30 19:46:03,610] {dag.py:2273} INFO - Setting next_dagrun for example_short_circuit_operator to 2021-03-28 00:00:00+00:00
[2021-03-30 19:46:03,629] {scheduler_job.py:190} INFO - Processing /Users/harika/Desktop/CSYE_7245/Assignment3/FastAPI/vlab/lib/python3.7/site-packages/airflow/example_dags/example_short_circuit_operator.py took 0.134 seconds
[2021-03-30 19:46:39,643] {scheduler_job.py:182} INFO - Started process (PID=22154) to work on /Users/harika/Desktop/CSYE_7245/Assignment3/FastAPI/vlab/lib/python3.7/site-packages/airflow/example_dags/example_short_circuit_operator.py
[2021-03-30 19:46:39,651] {scheduler_job.py:629} INFO - Processing file /Users/harika/Desktop/CSYE_7245/Assignment3/FastAPI/vlab/lib/python3.7/site-packages/airflow/example_dags/example_short_circuit_operator.py for tasks to queue
[2021-03-30 19:46:39,654] {logging_mixin.py:104} INFO - [2021-03-30 19:46:39,653] {dagbag.py:448} INFO - Filling up the DagBag from /Users/harika/Desktop/CSYE_7245/Assignment3/FastAPI/vlab/lib/python3.7/site-packages/airflow/example_dags/example_short_circuit_operator.py
[2021-03-30 19:46:39,709] {scheduler_job.py:639} INFO - DAG(s) dict_keys(['example_short_circuit_operator']) retrieved from /Users/harika/Desktop/CSYE_7245/Assignment3/FastAPI/vlab/lib/python3.7/site-packages/airflow/example_dags/example_short_circuit_operator.py
[2021-03-30 19:46:39,762] {logging_mixin.py:104} INFO - [2021-03-30 19:46:39,761] {dag.py:1818} INFO - Sync 1 DAGs
[2021-03-30 19:46:39,827] {logging_mixin.py:104} INFO - [2021-03-30 19:46:39,826] {dag.py:2273} INFO - Setting next_dagrun for example_short_circuit_operator to 2021-03-28 00:00:00+00:00
[2021-03-30 19:46:39,872] {scheduler_job.py:190} INFO - Processing /Users/harika/Desktop/CSYE_7245/Assignment3/FastAPI/vlab/lib/python3.7/site-packages/airflow/example_dags/example_short_circuit_operator.py took 0.242 seconds
[2021-03-30 19:47:16,735] {scheduler_job.py:182} INFO - Started process (PID=22186) to work on /Users/harika/Desktop/CSYE_7245/Assignment3/FastAPI/vlab/lib/python3.7/site-packages/airflow/example_dags/example_short_circuit_operator.py
[2021-03-30 19:47:16,746] {scheduler_job.py:629} INFO - Processing file /Users/harika/Desktop/CSYE_7245/Assignment3/FastAPI/vlab/lib/python3.7/site-packages/airflow/example_dags/example_short_circuit_operator.py for tasks to queue
[2021-03-30 19:47:16,751] {logging_mixin.py:104} INFO - [2021-03-30 19:47:16,749] {dagbag.py:448} INFO - Filling up the DagBag from /Users/harika/Desktop/CSYE_7245/Assignment3/FastAPI/vlab/lib/python3.7/site-packages/airflow/example_dags/example_short_circuit_operator.py
[2021-03-30 19:47:16,815] {scheduler_job.py:639} INFO - DAG(s) dict_keys(['example_short_circuit_operator']) retrieved from /Users/harika/Desktop/CSYE_7245/Assignment3/FastAPI/vlab/lib/python3.7/site-packages/airflow/example_dags/example_short_circuit_operator.py
[2021-03-30 19:47:16,941] {logging_mixin.py:104} INFO - [2021-03-30 19:47:16,940] {dag.py:1818} INFO - Sync 1 DAGs
[2021-03-30 19:47:17,060] {logging_mixin.py:104} INFO - [2021-03-30 19:47:17,058] {dag.py:2273} INFO - Setting next_dagrun for example_short_circuit_operator to 2021-03-28 00:00:00+00:00
[2021-03-30 19:47:17,090] {scheduler_job.py:190} INFO - Processing /Users/harika/Desktop/CSYE_7245/Assignment3/FastAPI/vlab/lib/python3.7/site-packages/airflow/example_dags/example_short_circuit_operator.py took 0.370 seconds
[2021-03-30 19:47:58,099] {scheduler_job.py:182} INFO - Started process (PID=22224) to work on /Users/harika/Desktop/CSYE_7245/Assignment3/FastAPI/vlab/lib/python3.7/site-packages/airflow/example_dags/example_short_circuit_operator.py
[2021-03-30 19:47:58,103] {scheduler_job.py:629} INFO - Processing file /Users/harika/Desktop/CSYE_7245/Assignment3/FastAPI/vlab/lib/python3.7/site-packages/airflow/example_dags/example_short_circuit_operator.py for tasks to queue
[2021-03-30 19:47:58,107] {logging_mixin.py:104} INFO - [2021-03-30 19:47:58,105] {dagbag.py:448} INFO - Filling up the DagBag from /Users/harika/Desktop/CSYE_7245/Assignment3/FastAPI/vlab/lib/python3.7/site-packages/airflow/example_dags/example_short_circuit_operator.py
[2021-03-30 19:47:58,145] {scheduler_job.py:639} INFO - DAG(s) dict_keys(['example_short_circuit_operator']) retrieved from /Users/harika/Desktop/CSYE_7245/Assignment3/FastAPI/vlab/lib/python3.7/site-packages/airflow/example_dags/example_short_circuit_operator.py
[2021-03-30 19:47:58,380] {logging_mixin.py:104} INFO - [2021-03-30 19:47:58,377] {dag.py:1818} INFO - Sync 1 DAGs
[2021-03-30 19:47:58,407] {logging_mixin.py:104} INFO - [2021-03-30 19:47:58,406] {dag.py:2273} INFO - Setting next_dagrun for example_short_circuit_operator to 2021-03-28 00:00:00+00:00
[2021-03-30 19:47:58,440] {scheduler_job.py:190} INFO - Processing /Users/harika/Desktop/CSYE_7245/Assignment3/FastAPI/vlab/lib/python3.7/site-packages/airflow/example_dags/example_short_circuit_operator.py took 0.351 seconds
[2021-03-30 19:58:02,358] {scheduler_job.py:182} INFO - Started process (PID=22489) to work on /Library/Frameworks/Python.framework/Versions/3.9/lib/python3.9/site-packages/airflow/example_dags/example_short_circuit_operator.py
[2021-03-30 19:58:02,359] {scheduler_job.py:629} INFO - Processing file /Library/Frameworks/Python.framework/Versions/3.9/lib/python3.9/site-packages/airflow/example_dags/example_short_circuit_operator.py for tasks to queue
[2021-03-30 19:58:02,360] {logging_mixin.py:104} INFO - [2021-03-30 19:58:02,360] {dagbag.py:448} INFO - Filling up the DagBag from /Library/Frameworks/Python.framework/Versions/3.9/lib/python3.9/site-packages/airflow/example_dags/example_short_circuit_operator.py
[2021-03-30 19:58:02,391] {scheduler_job.py:639} INFO - DAG(s) dict_keys(['example_short_circuit_operator']) retrieved from /Library/Frameworks/Python.framework/Versions/3.9/lib/python3.9/site-packages/airflow/example_dags/example_short_circuit_operator.py
[2021-03-30 19:58:02,514] {logging_mixin.py:104} INFO - [2021-03-30 19:58:02,514] {dag.py:1818} INFO - Sync 1 DAGs
[2021-03-30 19:58:02,539] {logging_mixin.py:104} INFO - [2021-03-30 19:58:02,538] {dag.py:2273} INFO - Setting next_dagrun for example_short_circuit_operator to 2021-03-28 00:00:00+00:00
[2021-03-30 19:58:02,578] {scheduler_job.py:190} INFO - Processing /Library/Frameworks/Python.framework/Versions/3.9/lib/python3.9/site-packages/airflow/example_dags/example_short_circuit_operator.py took 0.222 seconds
