[2021-03-30 19:08:55,132] {scheduler_job.py:182} INFO - Started process (PID=20551) to work on /Users/harika/Desktop/CSYE_7245/Assignment3/FastAPI/vlab/lib/python3.7/site-packages/airflow/example_dags/example_complex.py
[2021-03-30 19:08:55,137] {scheduler_job.py:629} INFO - Processing file /Users/harika/Desktop/CSYE_7245/Assignment3/FastAPI/vlab/lib/python3.7/site-packages/airflow/example_dags/example_complex.py for tasks to queue
[2021-03-30 19:08:55,141] {logging_mixin.py:104} INFO - [2021-03-30 19:08:55,139] {dagbag.py:448} INFO - Filling up the DagBag from /Users/harika/Desktop/CSYE_7245/Assignment3/FastAPI/vlab/lib/python3.7/site-packages/airflow/example_dags/example_complex.py
[2021-03-30 19:08:55,185] {scheduler_job.py:639} INFO - DAG(s) dict_keys(['example_complex']) retrieved from /Users/harika/Desktop/CSYE_7245/Assignment3/FastAPI/vlab/lib/python3.7/site-packages/airflow/example_dags/example_complex.py
[2021-03-30 19:08:55,228] {logging_mixin.py:104} INFO - [2021-03-30 19:08:55,228] {dag.py:1818} INFO - Sync 1 DAGs
[2021-03-30 19:08:55,253] {logging_mixin.py:104} INFO - [2021-03-30 19:08:55,251] {dag.py:2273} INFO - Setting next_dagrun for example_complex to None
[2021-03-30 19:08:55,276] {scheduler_job.py:190} INFO - Processing /Users/harika/Desktop/CSYE_7245/Assignment3/FastAPI/vlab/lib/python3.7/site-packages/airflow/example_dags/example_complex.py took 0.149 seconds
[2021-03-30 19:14:11,697] {scheduler_job.py:182} INFO - Started process (PID=20694) to work on /Users/harika/Desktop/CSYE_7245/Assignment3/FastAPI/vlab/lib/python3.7/site-packages/airflow/example_dags/example_complex.py
[2021-03-30 19:14:11,702] {scheduler_job.py:629} INFO - Processing file /Users/harika/Desktop/CSYE_7245/Assignment3/FastAPI/vlab/lib/python3.7/site-packages/airflow/example_dags/example_complex.py for tasks to queue
[2021-03-30 19:14:11,704] {logging_mixin.py:104} INFO - [2021-03-30 19:14:11,704] {dagbag.py:448} INFO - Filling up the DagBag from /Users/harika/Desktop/CSYE_7245/Assignment3/FastAPI/vlab/lib/python3.7/site-packages/airflow/example_dags/example_complex.py
[2021-03-30 19:14:11,732] {scheduler_job.py:639} INFO - DAG(s) dict_keys(['example_complex']) retrieved from /Users/harika/Desktop/CSYE_7245/Assignment3/FastAPI/vlab/lib/python3.7/site-packages/airflow/example_dags/example_complex.py
[2021-03-30 19:14:11,766] {logging_mixin.py:104} INFO - [2021-03-30 19:14:11,765] {dag.py:1818} INFO - Sync 1 DAGs
[2021-03-30 19:14:11,782] {logging_mixin.py:104} INFO - [2021-03-30 19:14:11,782] {dag.py:2273} INFO - Setting next_dagrun for example_complex to None
[2021-03-30 19:14:11,796] {scheduler_job.py:190} INFO - Processing /Users/harika/Desktop/CSYE_7245/Assignment3/FastAPI/vlab/lib/python3.7/site-packages/airflow/example_dags/example_complex.py took 0.106 seconds
[2021-03-30 19:16:10,832] {scheduler_job.py:182} INFO - Started process (PID=20755) to work on /Users/harika/Desktop/CSYE_7245/Assignment3/FastAPI/vlab/lib/python3.7/site-packages/airflow/example_dags/example_complex.py
[2021-03-30 19:16:10,838] {scheduler_job.py:629} INFO - Processing file /Users/harika/Desktop/CSYE_7245/Assignment3/FastAPI/vlab/lib/python3.7/site-packages/airflow/example_dags/example_complex.py for tasks to queue
[2021-03-30 19:16:10,843] {logging_mixin.py:104} INFO - [2021-03-30 19:16:10,841] {dagbag.py:448} INFO - Filling up the DagBag from /Users/harika/Desktop/CSYE_7245/Assignment3/FastAPI/vlab/lib/python3.7/site-packages/airflow/example_dags/example_complex.py
[2021-03-30 19:16:10,880] {scheduler_job.py:639} INFO - DAG(s) dict_keys(['example_complex']) retrieved from /Users/harika/Desktop/CSYE_7245/Assignment3/FastAPI/vlab/lib/python3.7/site-packages/airflow/example_dags/example_complex.py
[2021-03-30 19:16:10,963] {logging_mixin.py:104} INFO - [2021-03-30 19:16:10,960] {dag.py:1818} INFO - Sync 1 DAGs
[2021-03-30 19:16:10,983] {logging_mixin.py:104} INFO - [2021-03-30 19:16:10,983] {dag.py:2273} INFO - Setting next_dagrun for example_complex to None
[2021-03-30 19:16:11,011] {scheduler_job.py:190} INFO - Processing /Users/harika/Desktop/CSYE_7245/Assignment3/FastAPI/vlab/lib/python3.7/site-packages/airflow/example_dags/example_complex.py took 0.196 seconds
[2021-03-30 19:16:55,187] {scheduler_job.py:182} INFO - Started process (PID=20812) to work on /Users/harika/Desktop/CSYE_7245/Assignment3/FastAPI/vlab/lib/python3.7/site-packages/airflow/example_dags/example_complex.py
[2021-03-30 19:16:55,192] {scheduler_job.py:629} INFO - Processing file /Users/harika/Desktop/CSYE_7245/Assignment3/FastAPI/vlab/lib/python3.7/site-packages/airflow/example_dags/example_complex.py for tasks to queue
[2021-03-30 19:16:55,196] {logging_mixin.py:104} INFO - [2021-03-30 19:16:55,195] {dagbag.py:448} INFO - Filling up the DagBag from /Users/harika/Desktop/CSYE_7245/Assignment3/FastAPI/vlab/lib/python3.7/site-packages/airflow/example_dags/example_complex.py
[2021-03-30 19:16:55,241] {scheduler_job.py:639} INFO - DAG(s) dict_keys(['example_complex']) retrieved from /Users/harika/Desktop/CSYE_7245/Assignment3/FastAPI/vlab/lib/python3.7/site-packages/airflow/example_dags/example_complex.py
[2021-03-30 19:16:55,298] {logging_mixin.py:104} INFO - [2021-03-30 19:16:55,297] {dag.py:1818} INFO - Sync 1 DAGs
[2021-03-30 19:16:55,325] {logging_mixin.py:104} INFO - [2021-03-30 19:16:55,325] {dag.py:2273} INFO - Setting next_dagrun for example_complex to None
[2021-03-30 19:16:55,360] {scheduler_job.py:190} INFO - Processing /Users/harika/Desktop/CSYE_7245/Assignment3/FastAPI/vlab/lib/python3.7/site-packages/airflow/example_dags/example_complex.py took 0.182 seconds
[2021-03-30 19:17:35,836] {scheduler_job.py:182} INFO - Started process (PID=20846) to work on /Users/harika/Desktop/CSYE_7245/Assignment3/FastAPI/vlab/lib/python3.7/site-packages/airflow/example_dags/example_complex.py
[2021-03-30 19:17:35,839] {scheduler_job.py:629} INFO - Processing file /Users/harika/Desktop/CSYE_7245/Assignment3/FastAPI/vlab/lib/python3.7/site-packages/airflow/example_dags/example_complex.py for tasks to queue
[2021-03-30 19:17:35,841] {logging_mixin.py:104} INFO - [2021-03-30 19:17:35,841] {dagbag.py:448} INFO - Filling up the DagBag from /Users/harika/Desktop/CSYE_7245/Assignment3/FastAPI/vlab/lib/python3.7/site-packages/airflow/example_dags/example_complex.py
[2021-03-30 19:17:35,878] {scheduler_job.py:639} INFO - DAG(s) dict_keys(['example_complex']) retrieved from /Users/harika/Desktop/CSYE_7245/Assignment3/FastAPI/vlab/lib/python3.7/site-packages/airflow/example_dags/example_complex.py
[2021-03-30 19:17:35,906] {logging_mixin.py:104} INFO - [2021-03-30 19:17:35,906] {dag.py:1818} INFO - Sync 1 DAGs
[2021-03-30 19:17:35,948] {logging_mixin.py:104} INFO - [2021-03-30 19:17:35,947] {dag.py:2273} INFO - Setting next_dagrun for example_complex to None
[2021-03-30 19:17:36,008] {scheduler_job.py:190} INFO - Processing /Users/harika/Desktop/CSYE_7245/Assignment3/FastAPI/vlab/lib/python3.7/site-packages/airflow/example_dags/example_complex.py took 0.177 seconds
[2021-03-30 19:18:14,157] {scheduler_job.py:182} INFO - Started process (PID=20884) to work on /Users/harika/Desktop/CSYE_7245/Assignment3/FastAPI/vlab/lib/python3.7/site-packages/airflow/example_dags/example_complex.py
[2021-03-30 19:18:14,160] {scheduler_job.py:629} INFO - Processing file /Users/harika/Desktop/CSYE_7245/Assignment3/FastAPI/vlab/lib/python3.7/site-packages/airflow/example_dags/example_complex.py for tasks to queue
[2021-03-30 19:18:14,161] {logging_mixin.py:104} INFO - [2021-03-30 19:18:14,161] {dagbag.py:448} INFO - Filling up the DagBag from /Users/harika/Desktop/CSYE_7245/Assignment3/FastAPI/vlab/lib/python3.7/site-packages/airflow/example_dags/example_complex.py
[2021-03-30 19:18:14,201] {scheduler_job.py:639} INFO - DAG(s) dict_keys(['example_complex']) retrieved from /Users/harika/Desktop/CSYE_7245/Assignment3/FastAPI/vlab/lib/python3.7/site-packages/airflow/example_dags/example_complex.py
[2021-03-30 19:18:14,241] {logging_mixin.py:104} INFO - [2021-03-30 19:18:14,240] {dag.py:1818} INFO - Sync 1 DAGs
[2021-03-30 19:18:14,276] {logging_mixin.py:104} INFO - [2021-03-30 19:18:14,275] {dag.py:2273} INFO - Setting next_dagrun for example_complex to None
[2021-03-30 19:18:14,316] {scheduler_job.py:190} INFO - Processing /Users/harika/Desktop/CSYE_7245/Assignment3/FastAPI/vlab/lib/python3.7/site-packages/airflow/example_dags/example_complex.py took 0.164 seconds
[2021-03-30 19:21:27,843] {scheduler_job.py:182} INFO - Started process (PID=20964) to work on /Users/harika/Desktop/CSYE_7245/Assignment3/FastAPI/vlab/lib/python3.7/site-packages/airflow/example_dags/example_complex.py
[2021-03-30 19:21:27,849] {scheduler_job.py:629} INFO - Processing file /Users/harika/Desktop/CSYE_7245/Assignment3/FastAPI/vlab/lib/python3.7/site-packages/airflow/example_dags/example_complex.py for tasks to queue
[2021-03-30 19:21:27,851] {logging_mixin.py:104} INFO - [2021-03-30 19:21:27,850] {dagbag.py:448} INFO - Filling up the DagBag from /Users/harika/Desktop/CSYE_7245/Assignment3/FastAPI/vlab/lib/python3.7/site-packages/airflow/example_dags/example_complex.py
[2021-03-30 19:21:27,905] {scheduler_job.py:639} INFO - DAG(s) dict_keys(['example_complex']) retrieved from /Users/harika/Desktop/CSYE_7245/Assignment3/FastAPI/vlab/lib/python3.7/site-packages/airflow/example_dags/example_complex.py
[2021-03-30 19:21:28,008] {logging_mixin.py:104} INFO - [2021-03-30 19:21:28,007] {dag.py:1818} INFO - Sync 1 DAGs
[2021-03-30 19:21:28,058] {logging_mixin.py:104} INFO - [2021-03-30 19:21:28,057] {dag.py:2273} INFO - Setting next_dagrun for example_complex to None
[2021-03-30 19:21:28,136] {scheduler_job.py:190} INFO - Processing /Users/harika/Desktop/CSYE_7245/Assignment3/FastAPI/vlab/lib/python3.7/site-packages/airflow/example_dags/example_complex.py took 0.300 seconds
[2021-03-30 19:22:16,463] {scheduler_job.py:182} INFO - Started process (PID=21017) to work on /Users/harika/Desktop/CSYE_7245/Assignment3/FastAPI/vlab/lib/python3.7/site-packages/airflow/example_dags/example_complex.py
[2021-03-30 19:22:16,473] {scheduler_job.py:629} INFO - Processing file /Users/harika/Desktop/CSYE_7245/Assignment3/FastAPI/vlab/lib/python3.7/site-packages/airflow/example_dags/example_complex.py for tasks to queue
[2021-03-30 19:22:16,480] {logging_mixin.py:104} INFO - [2021-03-30 19:22:16,478] {dagbag.py:448} INFO - Filling up the DagBag from /Users/harika/Desktop/CSYE_7245/Assignment3/FastAPI/vlab/lib/python3.7/site-packages/airflow/example_dags/example_complex.py
[2021-03-30 19:22:16,565] {scheduler_job.py:639} INFO - DAG(s) dict_keys(['example_complex']) retrieved from /Users/harika/Desktop/CSYE_7245/Assignment3/FastAPI/vlab/lib/python3.7/site-packages/airflow/example_dags/example_complex.py
[2021-03-30 19:22:16,628] {logging_mixin.py:104} INFO - [2021-03-30 19:22:16,627] {dag.py:1818} INFO - Sync 1 DAGs
[2021-03-30 19:22:16,669] {logging_mixin.py:104} INFO - [2021-03-30 19:22:16,668] {dag.py:2273} INFO - Setting next_dagrun for example_complex to None
[2021-03-30 19:22:16,696] {scheduler_job.py:190} INFO - Processing /Users/harika/Desktop/CSYE_7245/Assignment3/FastAPI/vlab/lib/python3.7/site-packages/airflow/example_dags/example_complex.py took 0.241 seconds
[2021-03-30 19:22:58,433] {scheduler_job.py:182} INFO - Started process (PID=21048) to work on /Users/harika/Desktop/CSYE_7245/Assignment3/FastAPI/vlab/lib/python3.7/site-packages/airflow/example_dags/example_complex.py
[2021-03-30 19:22:58,437] {scheduler_job.py:629} INFO - Processing file /Users/harika/Desktop/CSYE_7245/Assignment3/FastAPI/vlab/lib/python3.7/site-packages/airflow/example_dags/example_complex.py for tasks to queue
[2021-03-30 19:22:58,443] {logging_mixin.py:104} INFO - [2021-03-30 19:22:58,440] {dagbag.py:448} INFO - Filling up the DagBag from /Users/harika/Desktop/CSYE_7245/Assignment3/FastAPI/vlab/lib/python3.7/site-packages/airflow/example_dags/example_complex.py
[2021-03-30 19:22:58,497] {scheduler_job.py:639} INFO - DAG(s) dict_keys(['example_complex']) retrieved from /Users/harika/Desktop/CSYE_7245/Assignment3/FastAPI/vlab/lib/python3.7/site-packages/airflow/example_dags/example_complex.py
[2021-03-30 19:22:59,011] {logging_mixin.py:104} INFO - [2021-03-30 19:22:59,008] {dag.py:1818} INFO - Sync 1 DAGs
[2021-03-30 19:22:59,058] {logging_mixin.py:104} INFO - [2021-03-30 19:22:59,057] {dag.py:2273} INFO - Setting next_dagrun for example_complex to None
[2021-03-30 19:22:59,252] {scheduler_job.py:190} INFO - Processing /Users/harika/Desktop/CSYE_7245/Assignment3/FastAPI/vlab/lib/python3.7/site-packages/airflow/example_dags/example_complex.py took 0.829 seconds
[2021-03-30 19:23:46,255] {scheduler_job.py:182} INFO - Started process (PID=21094) to work on /Users/harika/Desktop/CSYE_7245/Assignment3/FastAPI/vlab/lib/python3.7/site-packages/airflow/example_dags/example_complex.py
[2021-03-30 19:23:46,270] {scheduler_job.py:629} INFO - Processing file /Users/harika/Desktop/CSYE_7245/Assignment3/FastAPI/vlab/lib/python3.7/site-packages/airflow/example_dags/example_complex.py for tasks to queue
[2021-03-30 19:23:46,321] {logging_mixin.py:104} INFO - [2021-03-30 19:23:46,274] {dagbag.py:448} INFO - Filling up the DagBag from /Users/harika/Desktop/CSYE_7245/Assignment3/FastAPI/vlab/lib/python3.7/site-packages/airflow/example_dags/example_complex.py
[2021-03-30 19:23:46,440] {scheduler_job.py:639} INFO - DAG(s) dict_keys(['example_complex']) retrieved from /Users/harika/Desktop/CSYE_7245/Assignment3/FastAPI/vlab/lib/python3.7/site-packages/airflow/example_dags/example_complex.py
[2021-03-30 19:23:46,622] {logging_mixin.py:104} INFO - [2021-03-30 19:23:46,619] {dag.py:1818} INFO - Sync 1 DAGs
[2021-03-30 19:23:46,668] {logging_mixin.py:104} INFO - [2021-03-30 19:23:46,667] {dag.py:2273} INFO - Setting next_dagrun for example_complex to None
[2021-03-30 19:23:46,694] {scheduler_job.py:190} INFO - Processing /Users/harika/Desktop/CSYE_7245/Assignment3/FastAPI/vlab/lib/python3.7/site-packages/airflow/example_dags/example_complex.py took 0.455 seconds
[2021-03-30 19:24:20,215] {scheduler_job.py:182} INFO - Started process (PID=21129) to work on /Users/harika/Desktop/CSYE_7245/Assignment3/FastAPI/vlab/lib/python3.7/site-packages/airflow/example_dags/example_complex.py
[2021-03-30 19:24:20,219] {scheduler_job.py:629} INFO - Processing file /Users/harika/Desktop/CSYE_7245/Assignment3/FastAPI/vlab/lib/python3.7/site-packages/airflow/example_dags/example_complex.py for tasks to queue
[2021-03-30 19:24:20,222] {logging_mixin.py:104} INFO - [2021-03-30 19:24:20,221] {dagbag.py:448} INFO - Filling up the DagBag from /Users/harika/Desktop/CSYE_7245/Assignment3/FastAPI/vlab/lib/python3.7/site-packages/airflow/example_dags/example_complex.py
[2021-03-30 19:24:20,257] {scheduler_job.py:639} INFO - DAG(s) dict_keys(['example_complex']) retrieved from /Users/harika/Desktop/CSYE_7245/Assignment3/FastAPI/vlab/lib/python3.7/site-packages/airflow/example_dags/example_complex.py
[2021-03-30 19:24:20,304] {logging_mixin.py:104} INFO - [2021-03-30 19:24:20,302] {dag.py:1818} INFO - Sync 1 DAGs
[2021-03-30 19:24:20,325] {logging_mixin.py:104} INFO - [2021-03-30 19:24:20,324] {dag.py:2273} INFO - Setting next_dagrun for example_complex to None
[2021-03-30 19:24:20,354] {scheduler_job.py:190} INFO - Processing /Users/harika/Desktop/CSYE_7245/Assignment3/FastAPI/vlab/lib/python3.7/site-packages/airflow/example_dags/example_complex.py took 0.146 seconds
[2021-03-30 19:24:57,791] {scheduler_job.py:182} INFO - Started process (PID=21167) to work on /Users/harika/Desktop/CSYE_7245/Assignment3/FastAPI/vlab/lib/python3.7/site-packages/airflow/example_dags/example_complex.py
[2021-03-30 19:24:57,794] {scheduler_job.py:629} INFO - Processing file /Users/harika/Desktop/CSYE_7245/Assignment3/FastAPI/vlab/lib/python3.7/site-packages/airflow/example_dags/example_complex.py for tasks to queue
[2021-03-30 19:24:57,796] {logging_mixin.py:104} INFO - [2021-03-30 19:24:57,796] {dagbag.py:448} INFO - Filling up the DagBag from /Users/harika/Desktop/CSYE_7245/Assignment3/FastAPI/vlab/lib/python3.7/site-packages/airflow/example_dags/example_complex.py
[2021-03-30 19:24:57,832] {scheduler_job.py:639} INFO - DAG(s) dict_keys(['example_complex']) retrieved from /Users/harika/Desktop/CSYE_7245/Assignment3/FastAPI/vlab/lib/python3.7/site-packages/airflow/example_dags/example_complex.py
[2021-03-30 19:24:57,895] {logging_mixin.py:104} INFO - [2021-03-30 19:24:57,895] {dag.py:1818} INFO - Sync 1 DAGs
[2021-03-30 19:24:57,933] {logging_mixin.py:104} INFO - [2021-03-30 19:24:57,931] {dag.py:2273} INFO - Setting next_dagrun for example_complex to None
[2021-03-30 19:24:57,966] {scheduler_job.py:190} INFO - Processing /Users/harika/Desktop/CSYE_7245/Assignment3/FastAPI/vlab/lib/python3.7/site-packages/airflow/example_dags/example_complex.py took 0.186 seconds
[2021-03-30 19:25:40,775] {scheduler_job.py:182} INFO - Started process (PID=21207) to work on /Users/harika/Desktop/CSYE_7245/Assignment3/FastAPI/vlab/lib/python3.7/site-packages/airflow/example_dags/example_complex.py
[2021-03-30 19:25:40,778] {scheduler_job.py:629} INFO - Processing file /Users/harika/Desktop/CSYE_7245/Assignment3/FastAPI/vlab/lib/python3.7/site-packages/airflow/example_dags/example_complex.py for tasks to queue
[2021-03-30 19:25:40,779] {logging_mixin.py:104} INFO - [2021-03-30 19:25:40,779] {dagbag.py:448} INFO - Filling up the DagBag from /Users/harika/Desktop/CSYE_7245/Assignment3/FastAPI/vlab/lib/python3.7/site-packages/airflow/example_dags/example_complex.py
[2021-03-30 19:25:40,817] {scheduler_job.py:639} INFO - DAG(s) dict_keys(['example_complex']) retrieved from /Users/harika/Desktop/CSYE_7245/Assignment3/FastAPI/vlab/lib/python3.7/site-packages/airflow/example_dags/example_complex.py
[2021-03-30 19:25:40,885] {logging_mixin.py:104} INFO - [2021-03-30 19:25:40,884] {dag.py:1818} INFO - Sync 1 DAGs
[2021-03-30 19:25:40,908] {logging_mixin.py:104} INFO - [2021-03-30 19:25:40,907] {dag.py:2273} INFO - Setting next_dagrun for example_complex to None
[2021-03-30 19:25:40,918] {scheduler_job.py:190} INFO - Processing /Users/harika/Desktop/CSYE_7245/Assignment3/FastAPI/vlab/lib/python3.7/site-packages/airflow/example_dags/example_complex.py took 0.152 seconds
[2021-03-30 19:26:20,845] {scheduler_job.py:182} INFO - Started process (PID=21250) to work on /Users/harika/Desktop/CSYE_7245/Assignment3/FastAPI/vlab/lib/python3.7/site-packages/airflow/example_dags/example_complex.py
[2021-03-30 19:26:20,850] {scheduler_job.py:629} INFO - Processing file /Users/harika/Desktop/CSYE_7245/Assignment3/FastAPI/vlab/lib/python3.7/site-packages/airflow/example_dags/example_complex.py for tasks to queue
[2021-03-30 19:26:20,854] {logging_mixin.py:104} INFO - [2021-03-30 19:26:20,852] {dagbag.py:448} INFO - Filling up the DagBag from /Users/harika/Desktop/CSYE_7245/Assignment3/FastAPI/vlab/lib/python3.7/site-packages/airflow/example_dags/example_complex.py
[2021-03-30 19:26:21,078] {scheduler_job.py:639} INFO - DAG(s) dict_keys(['example_complex']) retrieved from /Users/harika/Desktop/CSYE_7245/Assignment3/FastAPI/vlab/lib/python3.7/site-packages/airflow/example_dags/example_complex.py
[2021-03-30 19:26:21,202] {logging_mixin.py:104} INFO - [2021-03-30 19:26:21,201] {dag.py:1818} INFO - Sync 1 DAGs
[2021-03-30 19:26:21,317] {logging_mixin.py:104} INFO - [2021-03-30 19:26:21,316] {dag.py:2273} INFO - Setting next_dagrun for example_complex to None
[2021-03-30 19:26:21,437] {scheduler_job.py:190} INFO - Processing /Users/harika/Desktop/CSYE_7245/Assignment3/FastAPI/vlab/lib/python3.7/site-packages/airflow/example_dags/example_complex.py took 0.615 seconds
[2021-03-30 19:27:05,649] {scheduler_job.py:182} INFO - Started process (PID=21301) to work on /Users/harika/Desktop/CSYE_7245/Assignment3/FastAPI/vlab/lib/python3.7/site-packages/airflow/example_dags/example_complex.py
[2021-03-30 19:27:05,662] {scheduler_job.py:629} INFO - Processing file /Users/harika/Desktop/CSYE_7245/Assignment3/FastAPI/vlab/lib/python3.7/site-packages/airflow/example_dags/example_complex.py for tasks to queue
[2021-03-30 19:27:05,665] {logging_mixin.py:104} INFO - [2021-03-30 19:27:05,664] {dagbag.py:448} INFO - Filling up the DagBag from /Users/harika/Desktop/CSYE_7245/Assignment3/FastAPI/vlab/lib/python3.7/site-packages/airflow/example_dags/example_complex.py
[2021-03-30 19:27:05,704] {scheduler_job.py:639} INFO - DAG(s) dict_keys(['example_complex']) retrieved from /Users/harika/Desktop/CSYE_7245/Assignment3/FastAPI/vlab/lib/python3.7/site-packages/airflow/example_dags/example_complex.py
[2021-03-30 19:27:05,777] {logging_mixin.py:104} INFO - [2021-03-30 19:27:05,776] {dag.py:1818} INFO - Sync 1 DAGs
[2021-03-30 19:27:05,812] {logging_mixin.py:104} INFO - [2021-03-30 19:27:05,809] {dag.py:2273} INFO - Setting next_dagrun for example_complex to None
[2021-03-30 19:27:05,833] {scheduler_job.py:190} INFO - Processing /Users/harika/Desktop/CSYE_7245/Assignment3/FastAPI/vlab/lib/python3.7/site-packages/airflow/example_dags/example_complex.py took 0.192 seconds
[2021-03-30 19:32:42,421] {scheduler_job.py:182} INFO - Started process (PID=21417) to work on /Users/harika/Desktop/CSYE_7245/Assignment3/FastAPI/vlab/lib/python3.7/site-packages/airflow/example_dags/example_complex.py
[2021-03-30 19:32:42,425] {scheduler_job.py:629} INFO - Processing file /Users/harika/Desktop/CSYE_7245/Assignment3/FastAPI/vlab/lib/python3.7/site-packages/airflow/example_dags/example_complex.py for tasks to queue
[2021-03-30 19:32:42,429] {logging_mixin.py:104} INFO - [2021-03-30 19:32:42,428] {dagbag.py:448} INFO - Filling up the DagBag from /Users/harika/Desktop/CSYE_7245/Assignment3/FastAPI/vlab/lib/python3.7/site-packages/airflow/example_dags/example_complex.py
[2021-03-30 19:32:42,504] {scheduler_job.py:639} INFO - DAG(s) dict_keys(['example_complex']) retrieved from /Users/harika/Desktop/CSYE_7245/Assignment3/FastAPI/vlab/lib/python3.7/site-packages/airflow/example_dags/example_complex.py
[2021-03-30 19:32:42,717] {logging_mixin.py:104} INFO - [2021-03-30 19:32:42,715] {dag.py:1818} INFO - Sync 1 DAGs
[2021-03-30 19:32:42,759] {logging_mixin.py:104} INFO - [2021-03-30 19:32:42,758] {dag.py:2273} INFO - Setting next_dagrun for example_complex to None
[2021-03-30 19:32:42,994] {scheduler_job.py:190} INFO - Processing /Users/harika/Desktop/CSYE_7245/Assignment3/FastAPI/vlab/lib/python3.7/site-packages/airflow/example_dags/example_complex.py took 0.584 seconds
[2021-03-30 19:33:27,831] {scheduler_job.py:182} INFO - Started process (PID=21465) to work on /Users/harika/Desktop/CSYE_7245/Assignment3/FastAPI/vlab/lib/python3.7/site-packages/airflow/example_dags/example_complex.py
[2021-03-30 19:33:27,839] {scheduler_job.py:629} INFO - Processing file /Users/harika/Desktop/CSYE_7245/Assignment3/FastAPI/vlab/lib/python3.7/site-packages/airflow/example_dags/example_complex.py for tasks to queue
[2021-03-30 19:33:27,842] {logging_mixin.py:104} INFO - [2021-03-30 19:33:27,841] {dagbag.py:448} INFO - Filling up the DagBag from /Users/harika/Desktop/CSYE_7245/Assignment3/FastAPI/vlab/lib/python3.7/site-packages/airflow/example_dags/example_complex.py
[2021-03-30 19:33:27,919] {scheduler_job.py:639} INFO - DAG(s) dict_keys(['example_complex']) retrieved from /Users/harika/Desktop/CSYE_7245/Assignment3/FastAPI/vlab/lib/python3.7/site-packages/airflow/example_dags/example_complex.py
[2021-03-30 19:33:28,007] {logging_mixin.py:104} INFO - [2021-03-30 19:33:28,006] {dag.py:1818} INFO - Sync 1 DAGs
[2021-03-30 19:33:28,047] {logging_mixin.py:104} INFO - [2021-03-30 19:33:28,046] {dag.py:2273} INFO - Setting next_dagrun for example_complex to None
[2021-03-30 19:33:28,074] {scheduler_job.py:190} INFO - Processing /Users/harika/Desktop/CSYE_7245/Assignment3/FastAPI/vlab/lib/python3.7/site-packages/airflow/example_dags/example_complex.py took 0.247 seconds
[2021-03-30 19:34:03,283] {scheduler_job.py:182} INFO - Started process (PID=21500) to work on /Users/harika/Desktop/CSYE_7245/Assignment3/FastAPI/vlab/lib/python3.7/site-packages/airflow/example_dags/example_complex.py
[2021-03-30 19:34:03,286] {scheduler_job.py:629} INFO - Processing file /Users/harika/Desktop/CSYE_7245/Assignment3/FastAPI/vlab/lib/python3.7/site-packages/airflow/example_dags/example_complex.py for tasks to queue
[2021-03-30 19:34:03,294] {logging_mixin.py:104} INFO - [2021-03-30 19:34:03,292] {dagbag.py:448} INFO - Filling up the DagBag from /Users/harika/Desktop/CSYE_7245/Assignment3/FastAPI/vlab/lib/python3.7/site-packages/airflow/example_dags/example_complex.py
[2021-03-30 19:34:03,327] {scheduler_job.py:639} INFO - DAG(s) dict_keys(['example_complex']) retrieved from /Users/harika/Desktop/CSYE_7245/Assignment3/FastAPI/vlab/lib/python3.7/site-packages/airflow/example_dags/example_complex.py
[2021-03-30 19:34:03,359] {logging_mixin.py:104} INFO - [2021-03-30 19:34:03,357] {dag.py:1818} INFO - Sync 1 DAGs
[2021-03-30 19:34:03,381] {logging_mixin.py:104} INFO - [2021-03-30 19:34:03,380] {dag.py:2273} INFO - Setting next_dagrun for example_complex to None
[2021-03-30 19:34:03,396] {scheduler_job.py:190} INFO - Processing /Users/harika/Desktop/CSYE_7245/Assignment3/FastAPI/vlab/lib/python3.7/site-packages/airflow/example_dags/example_complex.py took 0.118 seconds
[2021-03-30 19:34:51,690] {scheduler_job.py:182} INFO - Started process (PID=21556) to work on /Users/harika/Desktop/CSYE_7245/Assignment3/FastAPI/vlab/lib/python3.7/site-packages/airflow/example_dags/example_complex.py
[2021-03-30 19:34:51,698] {scheduler_job.py:629} INFO - Processing file /Users/harika/Desktop/CSYE_7245/Assignment3/FastAPI/vlab/lib/python3.7/site-packages/airflow/example_dags/example_complex.py for tasks to queue
[2021-03-30 19:34:51,701] {logging_mixin.py:104} INFO - [2021-03-30 19:34:51,700] {dagbag.py:448} INFO - Filling up the DagBag from /Users/harika/Desktop/CSYE_7245/Assignment3/FastAPI/vlab/lib/python3.7/site-packages/airflow/example_dags/example_complex.py
[2021-03-30 19:34:51,765] {scheduler_job.py:639} INFO - DAG(s) dict_keys(['example_complex']) retrieved from /Users/harika/Desktop/CSYE_7245/Assignment3/FastAPI/vlab/lib/python3.7/site-packages/airflow/example_dags/example_complex.py
[2021-03-30 19:34:51,868] {logging_mixin.py:104} INFO - [2021-03-30 19:34:51,867] {dag.py:1818} INFO - Sync 1 DAGs
[2021-03-30 19:34:51,910] {logging_mixin.py:104} INFO - [2021-03-30 19:34:51,909] {dag.py:2273} INFO - Setting next_dagrun for example_complex to None
[2021-03-30 19:34:51,962] {scheduler_job.py:190} INFO - Processing /Users/harika/Desktop/CSYE_7245/Assignment3/FastAPI/vlab/lib/python3.7/site-packages/airflow/example_dags/example_complex.py took 0.279 seconds
[2021-03-30 19:35:33,874] {scheduler_job.py:182} INFO - Started process (PID=21607) to work on /Users/harika/Desktop/CSYE_7245/Assignment3/FastAPI/vlab/lib/python3.7/site-packages/airflow/example_dags/example_complex.py
[2021-03-30 19:35:33,876] {scheduler_job.py:629} INFO - Processing file /Users/harika/Desktop/CSYE_7245/Assignment3/FastAPI/vlab/lib/python3.7/site-packages/airflow/example_dags/example_complex.py for tasks to queue
[2021-03-30 19:35:33,878] {logging_mixin.py:104} INFO - [2021-03-30 19:35:33,877] {dagbag.py:448} INFO - Filling up the DagBag from /Users/harika/Desktop/CSYE_7245/Assignment3/FastAPI/vlab/lib/python3.7/site-packages/airflow/example_dags/example_complex.py
[2021-03-30 19:35:33,924] {scheduler_job.py:639} INFO - DAG(s) dict_keys(['example_complex']) retrieved from /Users/harika/Desktop/CSYE_7245/Assignment3/FastAPI/vlab/lib/python3.7/site-packages/airflow/example_dags/example_complex.py
[2021-03-30 19:35:33,961] {logging_mixin.py:104} INFO - [2021-03-30 19:35:33,961] {dag.py:1818} INFO - Sync 1 DAGs
[2021-03-30 19:35:33,996] {logging_mixin.py:104} INFO - [2021-03-30 19:35:33,995] {dag.py:2273} INFO - Setting next_dagrun for example_complex to None
[2021-03-30 19:35:34,011] {scheduler_job.py:190} INFO - Processing /Users/harika/Desktop/CSYE_7245/Assignment3/FastAPI/vlab/lib/python3.7/site-packages/airflow/example_dags/example_complex.py took 0.141 seconds
[2021-03-30 19:36:16,592] {scheduler_job.py:182} INFO - Started process (PID=21663) to work on /Users/harika/Desktop/CSYE_7245/Assignment3/FastAPI/vlab/lib/python3.7/site-packages/airflow/example_dags/example_complex.py
[2021-03-30 19:36:16,596] {scheduler_job.py:629} INFO - Processing file /Users/harika/Desktop/CSYE_7245/Assignment3/FastAPI/vlab/lib/python3.7/site-packages/airflow/example_dags/example_complex.py for tasks to queue
[2021-03-30 19:36:16,599] {logging_mixin.py:104} INFO - [2021-03-30 19:36:16,598] {dagbag.py:448} INFO - Filling up the DagBag from /Users/harika/Desktop/CSYE_7245/Assignment3/FastAPI/vlab/lib/python3.7/site-packages/airflow/example_dags/example_complex.py
[2021-03-30 19:36:16,641] {scheduler_job.py:639} INFO - DAG(s) dict_keys(['example_complex']) retrieved from /Users/harika/Desktop/CSYE_7245/Assignment3/FastAPI/vlab/lib/python3.7/site-packages/airflow/example_dags/example_complex.py
[2021-03-30 19:36:16,988] {logging_mixin.py:104} INFO - [2021-03-30 19:36:16,981] {dag.py:1818} INFO - Sync 1 DAGs
[2021-03-30 19:36:17,047] {logging_mixin.py:104} INFO - [2021-03-30 19:36:17,047] {dag.py:2273} INFO - Setting next_dagrun for example_complex to None
[2021-03-30 19:36:17,087] {scheduler_job.py:190} INFO - Processing /Users/harika/Desktop/CSYE_7245/Assignment3/FastAPI/vlab/lib/python3.7/site-packages/airflow/example_dags/example_complex.py took 0.504 seconds
[2021-03-30 19:36:58,358] {scheduler_job.py:182} INFO - Started process (PID=21717) to work on /Users/harika/Desktop/CSYE_7245/Assignment3/FastAPI/vlab/lib/python3.7/site-packages/airflow/example_dags/example_complex.py
[2021-03-30 19:36:58,362] {scheduler_job.py:629} INFO - Processing file /Users/harika/Desktop/CSYE_7245/Assignment3/FastAPI/vlab/lib/python3.7/site-packages/airflow/example_dags/example_complex.py for tasks to queue
[2021-03-30 19:36:58,368] {logging_mixin.py:104} INFO - [2021-03-30 19:36:58,365] {dagbag.py:448} INFO - Filling up the DagBag from /Users/harika/Desktop/CSYE_7245/Assignment3/FastAPI/vlab/lib/python3.7/site-packages/airflow/example_dags/example_complex.py
[2021-03-30 19:36:58,406] {scheduler_job.py:639} INFO - DAG(s) dict_keys(['example_complex']) retrieved from /Users/harika/Desktop/CSYE_7245/Assignment3/FastAPI/vlab/lib/python3.7/site-packages/airflow/example_dags/example_complex.py
[2021-03-30 19:36:58,461] {logging_mixin.py:104} INFO - [2021-03-30 19:36:58,459] {dag.py:1818} INFO - Sync 1 DAGs
[2021-03-30 19:36:58,491] {logging_mixin.py:104} INFO - [2021-03-30 19:36:58,490] {dag.py:2273} INFO - Setting next_dagrun for example_complex to None
[2021-03-30 19:36:58,514] {scheduler_job.py:190} INFO - Processing /Users/harika/Desktop/CSYE_7245/Assignment3/FastAPI/vlab/lib/python3.7/site-packages/airflow/example_dags/example_complex.py took 0.165 seconds
[2021-03-30 19:37:50,659] {scheduler_job.py:182} INFO - Started process (PID=21785) to work on /Users/harika/Desktop/CSYE_7245/Assignment3/FastAPI/vlab/lib/python3.7/site-packages/airflow/example_dags/example_complex.py
[2021-03-30 19:37:50,663] {scheduler_job.py:629} INFO - Processing file /Users/harika/Desktop/CSYE_7245/Assignment3/FastAPI/vlab/lib/python3.7/site-packages/airflow/example_dags/example_complex.py for tasks to queue
[2021-03-30 19:37:50,664] {logging_mixin.py:104} INFO - [2021-03-30 19:37:50,664] {dagbag.py:448} INFO - Filling up the DagBag from /Users/harika/Desktop/CSYE_7245/Assignment3/FastAPI/vlab/lib/python3.7/site-packages/airflow/example_dags/example_complex.py
[2021-03-30 19:37:50,715] {scheduler_job.py:639} INFO - DAG(s) dict_keys(['example_complex']) retrieved from /Users/harika/Desktop/CSYE_7245/Assignment3/FastAPI/vlab/lib/python3.7/site-packages/airflow/example_dags/example_complex.py
[2021-03-30 19:37:50,773] {logging_mixin.py:104} INFO - [2021-03-30 19:37:50,773] {dag.py:1818} INFO - Sync 1 DAGs
[2021-03-30 19:37:50,806] {logging_mixin.py:104} INFO - [2021-03-30 19:37:50,804] {dag.py:2273} INFO - Setting next_dagrun for example_complex to None
[2021-03-30 19:37:50,853] {scheduler_job.py:190} INFO - Processing /Users/harika/Desktop/CSYE_7245/Assignment3/FastAPI/vlab/lib/python3.7/site-packages/airflow/example_dags/example_complex.py took 0.201 seconds
[2021-03-30 19:38:31,020] {scheduler_job.py:182} INFO - Started process (PID=21825) to work on /Users/harika/Desktop/CSYE_7245/Assignment3/FastAPI/vlab/lib/python3.7/site-packages/airflow/example_dags/example_complex.py
[2021-03-30 19:38:31,026] {scheduler_job.py:629} INFO - Processing file /Users/harika/Desktop/CSYE_7245/Assignment3/FastAPI/vlab/lib/python3.7/site-packages/airflow/example_dags/example_complex.py for tasks to queue
[2021-03-30 19:38:31,030] {logging_mixin.py:104} INFO - [2021-03-30 19:38:31,028] {dagbag.py:448} INFO - Filling up the DagBag from /Users/harika/Desktop/CSYE_7245/Assignment3/FastAPI/vlab/lib/python3.7/site-packages/airflow/example_dags/example_complex.py
[2021-03-30 19:38:31,079] {scheduler_job.py:639} INFO - DAG(s) dict_keys(['example_complex']) retrieved from /Users/harika/Desktop/CSYE_7245/Assignment3/FastAPI/vlab/lib/python3.7/site-packages/airflow/example_dags/example_complex.py
[2021-03-30 19:38:31,127] {logging_mixin.py:104} INFO - [2021-03-30 19:38:31,126] {dag.py:1818} INFO - Sync 1 DAGs
[2021-03-30 19:38:31,156] {logging_mixin.py:104} INFO - [2021-03-30 19:38:31,155] {dag.py:2273} INFO - Setting next_dagrun for example_complex to None
[2021-03-30 19:38:31,195] {scheduler_job.py:190} INFO - Processing /Users/harika/Desktop/CSYE_7245/Assignment3/FastAPI/vlab/lib/python3.7/site-packages/airflow/example_dags/example_complex.py took 0.183 seconds
[2021-03-30 19:43:50,392] {scheduler_job.py:182} INFO - Started process (PID=21992) to work on /Users/harika/Desktop/CSYE_7245/Assignment3/FastAPI/vlab/lib/python3.7/site-packages/airflow/example_dags/example_complex.py
[2021-03-30 19:43:50,401] {scheduler_job.py:629} INFO - Processing file /Users/harika/Desktop/CSYE_7245/Assignment3/FastAPI/vlab/lib/python3.7/site-packages/airflow/example_dags/example_complex.py for tasks to queue
[2021-03-30 19:43:50,404] {logging_mixin.py:104} INFO - [2021-03-30 19:43:50,403] {dagbag.py:448} INFO - Filling up the DagBag from /Users/harika/Desktop/CSYE_7245/Assignment3/FastAPI/vlab/lib/python3.7/site-packages/airflow/example_dags/example_complex.py
[2021-03-30 19:43:50,459] {scheduler_job.py:639} INFO - DAG(s) dict_keys(['example_complex']) retrieved from /Users/harika/Desktop/CSYE_7245/Assignment3/FastAPI/vlab/lib/python3.7/site-packages/airflow/example_dags/example_complex.py
[2021-03-30 19:43:50,541] {logging_mixin.py:104} INFO - [2021-03-30 19:43:50,541] {dag.py:1818} INFO - Sync 1 DAGs
[2021-03-30 19:43:50,585] {logging_mixin.py:104} INFO - [2021-03-30 19:43:50,583] {dag.py:2273} INFO - Setting next_dagrun for example_complex to None
[2021-03-30 19:43:50,624] {scheduler_job.py:190} INFO - Processing /Users/harika/Desktop/CSYE_7245/Assignment3/FastAPI/vlab/lib/python3.7/site-packages/airflow/example_dags/example_complex.py took 0.244 seconds
[2021-03-30 19:44:41,283] {scheduler_job.py:182} INFO - Started process (PID=22034) to work on /Users/harika/Desktop/CSYE_7245/Assignment3/FastAPI/vlab/lib/python3.7/site-packages/airflow/example_dags/example_complex.py
[2021-03-30 19:44:41,289] {scheduler_job.py:629} INFO - Processing file /Users/harika/Desktop/CSYE_7245/Assignment3/FastAPI/vlab/lib/python3.7/site-packages/airflow/example_dags/example_complex.py for tasks to queue
[2021-03-30 19:44:41,293] {logging_mixin.py:104} INFO - [2021-03-30 19:44:41,292] {dagbag.py:448} INFO - Filling up the DagBag from /Users/harika/Desktop/CSYE_7245/Assignment3/FastAPI/vlab/lib/python3.7/site-packages/airflow/example_dags/example_complex.py
[2021-03-30 19:44:41,342] {scheduler_job.py:639} INFO - DAG(s) dict_keys(['example_complex']) retrieved from /Users/harika/Desktop/CSYE_7245/Assignment3/FastAPI/vlab/lib/python3.7/site-packages/airflow/example_dags/example_complex.py
[2021-03-30 19:44:41,437] {logging_mixin.py:104} INFO - [2021-03-30 19:44:41,434] {dag.py:1818} INFO - Sync 1 DAGs
[2021-03-30 19:44:41,471] {logging_mixin.py:104} INFO - [2021-03-30 19:44:41,469] {dag.py:2273} INFO - Setting next_dagrun for example_complex to None
[2021-03-30 19:44:41,499] {scheduler_job.py:190} INFO - Processing /Users/harika/Desktop/CSYE_7245/Assignment3/FastAPI/vlab/lib/python3.7/site-packages/airflow/example_dags/example_complex.py took 0.227 seconds
[2021-03-30 19:45:28,662] {scheduler_job.py:182} INFO - Started process (PID=22096) to work on /Users/harika/Desktop/CSYE_7245/Assignment3/FastAPI/vlab/lib/python3.7/site-packages/airflow/example_dags/example_complex.py
[2021-03-30 19:45:28,666] {scheduler_job.py:629} INFO - Processing file /Users/harika/Desktop/CSYE_7245/Assignment3/FastAPI/vlab/lib/python3.7/site-packages/airflow/example_dags/example_complex.py for tasks to queue
[2021-03-30 19:45:28,673] {logging_mixin.py:104} INFO - [2021-03-30 19:45:28,670] {dagbag.py:448} INFO - Filling up the DagBag from /Users/harika/Desktop/CSYE_7245/Assignment3/FastAPI/vlab/lib/python3.7/site-packages/airflow/example_dags/example_complex.py
[2021-03-30 19:45:28,853] {scheduler_job.py:639} INFO - DAG(s) dict_keys(['example_complex']) retrieved from /Users/harika/Desktop/CSYE_7245/Assignment3/FastAPI/vlab/lib/python3.7/site-packages/airflow/example_dags/example_complex.py
[2021-03-30 19:45:29,002] {logging_mixin.py:104} INFO - [2021-03-30 19:45:29,001] {dag.py:1818} INFO - Sync 1 DAGs
[2021-03-30 19:45:29,071] {logging_mixin.py:104} INFO - [2021-03-30 19:45:29,069] {dag.py:2273} INFO - Setting next_dagrun for example_complex to None
[2021-03-30 19:45:29,368] {scheduler_job.py:190} INFO - Processing /Users/harika/Desktop/CSYE_7245/Assignment3/FastAPI/vlab/lib/python3.7/site-packages/airflow/example_dags/example_complex.py took 0.713 seconds
[2021-03-30 19:46:15,362] {scheduler_job.py:182} INFO - Started process (PID=22132) to work on /Users/harika/Desktop/CSYE_7245/Assignment3/FastAPI/vlab/lib/python3.7/site-packages/airflow/example_dags/example_complex.py
[2021-03-30 19:46:15,367] {scheduler_job.py:629} INFO - Processing file /Users/harika/Desktop/CSYE_7245/Assignment3/FastAPI/vlab/lib/python3.7/site-packages/airflow/example_dags/example_complex.py for tasks to queue
[2021-03-30 19:46:15,375] {logging_mixin.py:104} INFO - [2021-03-30 19:46:15,374] {dagbag.py:448} INFO - Filling up the DagBag from /Users/harika/Desktop/CSYE_7245/Assignment3/FastAPI/vlab/lib/python3.7/site-packages/airflow/example_dags/example_complex.py
[2021-03-30 19:46:15,416] {scheduler_job.py:639} INFO - DAG(s) dict_keys(['example_complex']) retrieved from /Users/harika/Desktop/CSYE_7245/Assignment3/FastAPI/vlab/lib/python3.7/site-packages/airflow/example_dags/example_complex.py
[2021-03-30 19:46:15,457] {logging_mixin.py:104} INFO - [2021-03-30 19:46:15,456] {dag.py:1818} INFO - Sync 1 DAGs
[2021-03-30 19:46:15,492] {logging_mixin.py:104} INFO - [2021-03-30 19:46:15,490] {dag.py:2273} INFO - Setting next_dagrun for example_complex to None
[2021-03-30 19:46:15,526] {scheduler_job.py:190} INFO - Processing /Users/harika/Desktop/CSYE_7245/Assignment3/FastAPI/vlab/lib/python3.7/site-packages/airflow/example_dags/example_complex.py took 0.170 seconds
[2021-03-30 19:46:59,496] {scheduler_job.py:182} INFO - Started process (PID=22170) to work on /Users/harika/Desktop/CSYE_7245/Assignment3/FastAPI/vlab/lib/python3.7/site-packages/airflow/example_dags/example_complex.py
[2021-03-30 19:46:59,501] {scheduler_job.py:629} INFO - Processing file /Users/harika/Desktop/CSYE_7245/Assignment3/FastAPI/vlab/lib/python3.7/site-packages/airflow/example_dags/example_complex.py for tasks to queue
[2021-03-30 19:46:59,503] {logging_mixin.py:104} INFO - [2021-03-30 19:46:59,502] {dagbag.py:448} INFO - Filling up the DagBag from /Users/harika/Desktop/CSYE_7245/Assignment3/FastAPI/vlab/lib/python3.7/site-packages/airflow/example_dags/example_complex.py
[2021-03-30 19:46:59,550] {scheduler_job.py:639} INFO - DAG(s) dict_keys(['example_complex']) retrieved from /Users/harika/Desktop/CSYE_7245/Assignment3/FastAPI/vlab/lib/python3.7/site-packages/airflow/example_dags/example_complex.py
[2021-03-30 19:46:59,582] {logging_mixin.py:104} INFO - [2021-03-30 19:46:59,581] {dag.py:1818} INFO - Sync 1 DAGs
[2021-03-30 19:46:59,601] {logging_mixin.py:104} INFO - [2021-03-30 19:46:59,600] {dag.py:2273} INFO - Setting next_dagrun for example_complex to None
[2021-03-30 19:46:59,627] {scheduler_job.py:190} INFO - Processing /Users/harika/Desktop/CSYE_7245/Assignment3/FastAPI/vlab/lib/python3.7/site-packages/airflow/example_dags/example_complex.py took 0.139 seconds
[2021-03-30 19:47:44,475] {scheduler_job.py:182} INFO - Started process (PID=22211) to work on /Users/harika/Desktop/CSYE_7245/Assignment3/FastAPI/vlab/lib/python3.7/site-packages/airflow/example_dags/example_complex.py
[2021-03-30 19:47:44,486] {scheduler_job.py:629} INFO - Processing file /Users/harika/Desktop/CSYE_7245/Assignment3/FastAPI/vlab/lib/python3.7/site-packages/airflow/example_dags/example_complex.py for tasks to queue
[2021-03-30 19:47:44,490] {logging_mixin.py:104} INFO - [2021-03-30 19:47:44,489] {dagbag.py:448} INFO - Filling up the DagBag from /Users/harika/Desktop/CSYE_7245/Assignment3/FastAPI/vlab/lib/python3.7/site-packages/airflow/example_dags/example_complex.py
[2021-03-30 19:47:44,532] {scheduler_job.py:639} INFO - DAG(s) dict_keys(['example_complex']) retrieved from /Users/harika/Desktop/CSYE_7245/Assignment3/FastAPI/vlab/lib/python3.7/site-packages/airflow/example_dags/example_complex.py
[2021-03-30 19:47:44,576] {logging_mixin.py:104} INFO - [2021-03-30 19:47:44,575] {dag.py:1818} INFO - Sync 1 DAGs
[2021-03-30 19:47:44,593] {logging_mixin.py:104} INFO - [2021-03-30 19:47:44,593] {dag.py:2273} INFO - Setting next_dagrun for example_complex to None
[2021-03-30 19:47:44,616] {scheduler_job.py:190} INFO - Processing /Users/harika/Desktop/CSYE_7245/Assignment3/FastAPI/vlab/lib/python3.7/site-packages/airflow/example_dags/example_complex.py took 0.142 seconds
[2021-03-30 19:57:02,728] {scheduler_job.py:182} INFO - Started process (PID=22468) to work on /Library/Frameworks/Python.framework/Versions/3.9/lib/python3.9/site-packages/airflow/example_dags/example_complex.py
[2021-03-30 19:57:02,731] {scheduler_job.py:629} INFO - Processing file /Library/Frameworks/Python.framework/Versions/3.9/lib/python3.9/site-packages/airflow/example_dags/example_complex.py for tasks to queue
[2021-03-30 19:57:02,732] {logging_mixin.py:104} INFO - [2021-03-30 19:57:02,732] {dagbag.py:448} INFO - Filling up the DagBag from /Library/Frameworks/Python.framework/Versions/3.9/lib/python3.9/site-packages/airflow/example_dags/example_complex.py
[2021-03-30 19:57:02,755] {scheduler_job.py:639} INFO - DAG(s) dict_keys(['example_complex']) retrieved from /Library/Frameworks/Python.framework/Versions/3.9/lib/python3.9/site-packages/airflow/example_dags/example_complex.py
[2021-03-30 19:57:02,856] {logging_mixin.py:104} INFO - [2021-03-30 19:57:02,855] {dag.py:1818} INFO - Sync 1 DAGs
[2021-03-30 19:57:02,879] {logging_mixin.py:104} INFO - [2021-03-30 19:57:02,879] {dag.py:2273} INFO - Setting next_dagrun for example_complex to None
[2021-03-30 19:57:02,983] {scheduler_job.py:190} INFO - Processing /Library/Frameworks/Python.framework/Versions/3.9/lib/python3.9/site-packages/airflow/example_dags/example_complex.py took 0.256 seconds
[2021-03-30 19:59:14,614] {scheduler_job.py:182} INFO - Started process (PID=22516) to work on /Library/Frameworks/Python.framework/Versions/3.9/lib/python3.9/site-packages/airflow/example_dags/example_complex.py
[2021-03-30 19:59:14,617] {scheduler_job.py:629} INFO - Processing file /Library/Frameworks/Python.framework/Versions/3.9/lib/python3.9/site-packages/airflow/example_dags/example_complex.py for tasks to queue
[2021-03-30 19:59:14,620] {logging_mixin.py:104} INFO - [2021-03-30 19:59:14,620] {dagbag.py:448} INFO - Filling up the DagBag from /Library/Frameworks/Python.framework/Versions/3.9/lib/python3.9/site-packages/airflow/example_dags/example_complex.py
[2021-03-30 19:59:14,657] {scheduler_job.py:639} INFO - DAG(s) dict_keys(['example_complex']) retrieved from /Library/Frameworks/Python.framework/Versions/3.9/lib/python3.9/site-packages/airflow/example_dags/example_complex.py
[2021-03-30 19:59:14,870] {logging_mixin.py:104} INFO - [2021-03-30 19:59:14,869] {dag.py:1818} INFO - Sync 1 DAGs
[2021-03-30 19:59:14,899] {logging_mixin.py:104} INFO - [2021-03-30 19:59:14,899] {dag.py:2273} INFO - Setting next_dagrun for example_complex to None
[2021-03-30 19:59:14,929] {scheduler_job.py:190} INFO - Processing /Library/Frameworks/Python.framework/Versions/3.9/lib/python3.9/site-packages/airflow/example_dags/example_complex.py took 0.317 seconds
