[2021-03-30 19:08:41,147] {scheduler_job.py:182} INFO - Started process (PID=20526) to work on /Users/harika/Desktop/CSYE_7245/Assignment3/FastAPI/vlab/lib/python3.7/site-packages/airflow/example_dags/example_kubernetes_executor.py
[2021-03-30 19:08:41,152] {scheduler_job.py:629} INFO - Processing file /Users/harika/Desktop/CSYE_7245/Assignment3/FastAPI/vlab/lib/python3.7/site-packages/airflow/example_dags/example_kubernetes_executor.py for tasks to queue
[2021-03-30 19:08:41,157] {logging_mixin.py:104} INFO - [2021-03-30 19:08:41,155] {dagbag.py:448} INFO - Filling up the DagBag from /Users/harika/Desktop/CSYE_7245/Assignment3/FastAPI/vlab/lib/python3.7/site-packages/airflow/example_dags/example_kubernetes_executor.py
[2021-03-30 19:08:41,215] {scheduler_job.py:639} INFO - DAG(s) dict_keys(['example_kubernetes_executor']) retrieved from /Users/harika/Desktop/CSYE_7245/Assignment3/FastAPI/vlab/lib/python3.7/site-packages/airflow/example_dags/example_kubernetes_executor.py
[2021-03-30 19:08:41,281] {logging_mixin.py:104} INFO - [2021-03-30 19:08:41,280] {dag.py:1818} INFO - Sync 1 DAGs
[2021-03-30 19:08:41,314] {logging_mixin.py:104} INFO - [2021-03-30 19:08:41,313] {dag.py:2273} INFO - Setting next_dagrun for example_kubernetes_executor to None
[2021-03-30 19:08:41,338] {scheduler_job.py:190} INFO - Processing /Users/harika/Desktop/CSYE_7245/Assignment3/FastAPI/vlab/lib/python3.7/site-packages/airflow/example_dags/example_kubernetes_executor.py took 0.202 seconds
[2021-03-30 19:09:15,936] {scheduler_job.py:182} INFO - Started process (PID=20584) to work on /Users/harika/Desktop/CSYE_7245/Assignment3/FastAPI/vlab/lib/python3.7/site-packages/airflow/example_dags/example_kubernetes_executor.py
[2021-03-30 19:09:15,947] {scheduler_job.py:629} INFO - Processing file /Users/harika/Desktop/CSYE_7245/Assignment3/FastAPI/vlab/lib/python3.7/site-packages/airflow/example_dags/example_kubernetes_executor.py for tasks to queue
[2021-03-30 19:09:15,957] {logging_mixin.py:104} INFO - [2021-03-30 19:09:15,952] {dagbag.py:448} INFO - Filling up the DagBag from /Users/harika/Desktop/CSYE_7245/Assignment3/FastAPI/vlab/lib/python3.7/site-packages/airflow/example_dags/example_kubernetes_executor.py
[2021-03-30 19:09:16,009] {scheduler_job.py:639} INFO - DAG(s) dict_keys(['example_kubernetes_executor']) retrieved from /Users/harika/Desktop/CSYE_7245/Assignment3/FastAPI/vlab/lib/python3.7/site-packages/airflow/example_dags/example_kubernetes_executor.py
[2021-03-30 19:09:16,053] {logging_mixin.py:104} INFO - [2021-03-30 19:09:16,053] {dag.py:1818} INFO - Sync 1 DAGs
[2021-03-30 19:09:16,089] {logging_mixin.py:104} INFO - [2021-03-30 19:09:16,088] {dag.py:2273} INFO - Setting next_dagrun for example_kubernetes_executor to None
[2021-03-30 19:09:16,110] {scheduler_job.py:190} INFO - Processing /Users/harika/Desktop/CSYE_7245/Assignment3/FastAPI/vlab/lib/python3.7/site-packages/airflow/example_dags/example_kubernetes_executor.py took 0.184 seconds
[2021-03-30 19:12:56,652] {scheduler_job.py:182} INFO - Started process (PID=20642) to work on /Users/harika/Desktop/CSYE_7245/Assignment3/FastAPI/vlab/lib/python3.7/site-packages/airflow/example_dags/example_kubernetes_executor.py
[2021-03-30 19:12:56,657] {scheduler_job.py:629} INFO - Processing file /Users/harika/Desktop/CSYE_7245/Assignment3/FastAPI/vlab/lib/python3.7/site-packages/airflow/example_dags/example_kubernetes_executor.py for tasks to queue
[2021-03-30 19:12:56,663] {logging_mixin.py:104} INFO - [2021-03-30 19:12:56,662] {dagbag.py:448} INFO - Filling up the DagBag from /Users/harika/Desktop/CSYE_7245/Assignment3/FastAPI/vlab/lib/python3.7/site-packages/airflow/example_dags/example_kubernetes_executor.py
[2021-03-30 19:12:56,712] {scheduler_job.py:639} INFO - DAG(s) dict_keys(['example_kubernetes_executor']) retrieved from /Users/harika/Desktop/CSYE_7245/Assignment3/FastAPI/vlab/lib/python3.7/site-packages/airflow/example_dags/example_kubernetes_executor.py
[2021-03-30 19:12:56,796] {logging_mixin.py:104} INFO - [2021-03-30 19:12:56,796] {dag.py:1818} INFO - Sync 1 DAGs
[2021-03-30 19:12:56,826] {logging_mixin.py:104} INFO - [2021-03-30 19:12:56,823] {dag.py:2273} INFO - Setting next_dagrun for example_kubernetes_executor to None
[2021-03-30 19:12:56,854] {scheduler_job.py:190} INFO - Processing /Users/harika/Desktop/CSYE_7245/Assignment3/FastAPI/vlab/lib/python3.7/site-packages/airflow/example_dags/example_kubernetes_executor.py took 0.214 seconds
[2021-03-30 19:15:40,653] {scheduler_job.py:182} INFO - Started process (PID=20730) to work on /Users/harika/Desktop/CSYE_7245/Assignment3/FastAPI/vlab/lib/python3.7/site-packages/airflow/example_dags/example_kubernetes_executor.py
[2021-03-30 19:15:40,657] {scheduler_job.py:629} INFO - Processing file /Users/harika/Desktop/CSYE_7245/Assignment3/FastAPI/vlab/lib/python3.7/site-packages/airflow/example_dags/example_kubernetes_executor.py for tasks to queue
[2021-03-30 19:15:40,659] {logging_mixin.py:104} INFO - [2021-03-30 19:15:40,659] {dagbag.py:448} INFO - Filling up the DagBag from /Users/harika/Desktop/CSYE_7245/Assignment3/FastAPI/vlab/lib/python3.7/site-packages/airflow/example_dags/example_kubernetes_executor.py
[2021-03-30 19:15:40,682] {scheduler_job.py:639} INFO - DAG(s) dict_keys(['example_kubernetes_executor']) retrieved from /Users/harika/Desktop/CSYE_7245/Assignment3/FastAPI/vlab/lib/python3.7/site-packages/airflow/example_dags/example_kubernetes_executor.py
[2021-03-30 19:15:40,726] {logging_mixin.py:104} INFO - [2021-03-30 19:15:40,725] {dag.py:1818} INFO - Sync 1 DAGs
[2021-03-30 19:15:40,776] {logging_mixin.py:104} INFO - [2021-03-30 19:15:40,775] {dag.py:2273} INFO - Setting next_dagrun for example_kubernetes_executor to None
[2021-03-30 19:15:40,799] {scheduler_job.py:190} INFO - Processing /Users/harika/Desktop/CSYE_7245/Assignment3/FastAPI/vlab/lib/python3.7/site-packages/airflow/example_dags/example_kubernetes_executor.py took 0.150 seconds
[2021-03-30 19:16:18,968] {scheduler_job.py:182} INFO - Started process (PID=20768) to work on /Users/harika/Desktop/CSYE_7245/Assignment3/FastAPI/vlab/lib/python3.7/site-packages/airflow/example_dags/example_kubernetes_executor.py
[2021-03-30 19:16:18,970] {scheduler_job.py:629} INFO - Processing file /Users/harika/Desktop/CSYE_7245/Assignment3/FastAPI/vlab/lib/python3.7/site-packages/airflow/example_dags/example_kubernetes_executor.py for tasks to queue
[2021-03-30 19:16:18,973] {logging_mixin.py:104} INFO - [2021-03-30 19:16:18,972] {dagbag.py:448} INFO - Filling up the DagBag from /Users/harika/Desktop/CSYE_7245/Assignment3/FastAPI/vlab/lib/python3.7/site-packages/airflow/example_dags/example_kubernetes_executor.py
[2021-03-30 19:16:18,996] {scheduler_job.py:639} INFO - DAG(s) dict_keys(['example_kubernetes_executor']) retrieved from /Users/harika/Desktop/CSYE_7245/Assignment3/FastAPI/vlab/lib/python3.7/site-packages/airflow/example_dags/example_kubernetes_executor.py
[2021-03-30 19:16:19,034] {logging_mixin.py:104} INFO - [2021-03-30 19:16:19,034] {dag.py:1818} INFO - Sync 1 DAGs
[2021-03-30 19:16:19,058] {logging_mixin.py:104} INFO - [2021-03-30 19:16:19,056] {dag.py:2273} INFO - Setting next_dagrun for example_kubernetes_executor to None
[2021-03-30 19:16:19,088] {scheduler_job.py:190} INFO - Processing /Users/harika/Desktop/CSYE_7245/Assignment3/FastAPI/vlab/lib/python3.7/site-packages/airflow/example_dags/example_kubernetes_executor.py took 0.123 seconds
[2021-03-30 19:17:00,417] {scheduler_job.py:182} INFO - Started process (PID=20816) to work on /Users/harika/Desktop/CSYE_7245/Assignment3/FastAPI/vlab/lib/python3.7/site-packages/airflow/example_dags/example_kubernetes_executor.py
[2021-03-30 19:17:00,421] {scheduler_job.py:629} INFO - Processing file /Users/harika/Desktop/CSYE_7245/Assignment3/FastAPI/vlab/lib/python3.7/site-packages/airflow/example_dags/example_kubernetes_executor.py for tasks to queue
[2021-03-30 19:17:00,424] {logging_mixin.py:104} INFO - [2021-03-30 19:17:00,423] {dagbag.py:448} INFO - Filling up the DagBag from /Users/harika/Desktop/CSYE_7245/Assignment3/FastAPI/vlab/lib/python3.7/site-packages/airflow/example_dags/example_kubernetes_executor.py
[2021-03-30 19:17:00,478] {scheduler_job.py:639} INFO - DAG(s) dict_keys(['example_kubernetes_executor']) retrieved from /Users/harika/Desktop/CSYE_7245/Assignment3/FastAPI/vlab/lib/python3.7/site-packages/airflow/example_dags/example_kubernetes_executor.py
[2021-03-30 19:17:00,515] {logging_mixin.py:104} INFO - [2021-03-30 19:17:00,514] {dag.py:1818} INFO - Sync 1 DAGs
[2021-03-30 19:17:00,532] {logging_mixin.py:104} INFO - [2021-03-30 19:17:00,532] {dag.py:2273} INFO - Setting next_dagrun for example_kubernetes_executor to None
[2021-03-30 19:17:00,559] {scheduler_job.py:190} INFO - Processing /Users/harika/Desktop/CSYE_7245/Assignment3/FastAPI/vlab/lib/python3.7/site-packages/airflow/example_dags/example_kubernetes_executor.py took 0.149 seconds
[2021-03-30 19:17:40,869] {scheduler_job.py:182} INFO - Started process (PID=20854) to work on /Users/harika/Desktop/CSYE_7245/Assignment3/FastAPI/vlab/lib/python3.7/site-packages/airflow/example_dags/example_kubernetes_executor.py
[2021-03-30 19:17:40,872] {scheduler_job.py:629} INFO - Processing file /Users/harika/Desktop/CSYE_7245/Assignment3/FastAPI/vlab/lib/python3.7/site-packages/airflow/example_dags/example_kubernetes_executor.py for tasks to queue
[2021-03-30 19:17:40,875] {logging_mixin.py:104} INFO - [2021-03-30 19:17:40,874] {dagbag.py:448} INFO - Filling up the DagBag from /Users/harika/Desktop/CSYE_7245/Assignment3/FastAPI/vlab/lib/python3.7/site-packages/airflow/example_dags/example_kubernetes_executor.py
[2021-03-30 19:17:40,898] {scheduler_job.py:639} INFO - DAG(s) dict_keys(['example_kubernetes_executor']) retrieved from /Users/harika/Desktop/CSYE_7245/Assignment3/FastAPI/vlab/lib/python3.7/site-packages/airflow/example_dags/example_kubernetes_executor.py
[2021-03-30 19:17:40,949] {logging_mixin.py:104} INFO - [2021-03-30 19:17:40,948] {dag.py:1818} INFO - Sync 1 DAGs
[2021-03-30 19:17:41,012] {logging_mixin.py:104} INFO - [2021-03-30 19:17:41,011] {dag.py:2273} INFO - Setting next_dagrun for example_kubernetes_executor to None
[2021-03-30 19:17:41,036] {scheduler_job.py:190} INFO - Processing /Users/harika/Desktop/CSYE_7245/Assignment3/FastAPI/vlab/lib/python3.7/site-packages/airflow/example_dags/example_kubernetes_executor.py took 0.175 seconds
[2021-03-30 19:18:17,989] {scheduler_job.py:182} INFO - Started process (PID=20888) to work on /Users/harika/Desktop/CSYE_7245/Assignment3/FastAPI/vlab/lib/python3.7/site-packages/airflow/example_dags/example_kubernetes_executor.py
[2021-03-30 19:18:17,991] {scheduler_job.py:629} INFO - Processing file /Users/harika/Desktop/CSYE_7245/Assignment3/FastAPI/vlab/lib/python3.7/site-packages/airflow/example_dags/example_kubernetes_executor.py for tasks to queue
[2021-03-30 19:18:17,992] {logging_mixin.py:104} INFO - [2021-03-30 19:18:17,992] {dagbag.py:448} INFO - Filling up the DagBag from /Users/harika/Desktop/CSYE_7245/Assignment3/FastAPI/vlab/lib/python3.7/site-packages/airflow/example_dags/example_kubernetes_executor.py
[2021-03-30 19:18:18,012] {scheduler_job.py:639} INFO - DAG(s) dict_keys(['example_kubernetes_executor']) retrieved from /Users/harika/Desktop/CSYE_7245/Assignment3/FastAPI/vlab/lib/python3.7/site-packages/airflow/example_dags/example_kubernetes_executor.py
[2021-03-30 19:18:18,057] {logging_mixin.py:104} INFO - [2021-03-30 19:18:18,054] {dag.py:1818} INFO - Sync 1 DAGs
[2021-03-30 19:18:18,102] {logging_mixin.py:104} INFO - [2021-03-30 19:18:18,093] {dag.py:2273} INFO - Setting next_dagrun for example_kubernetes_executor to None
[2021-03-30 19:18:18,127] {scheduler_job.py:190} INFO - Processing /Users/harika/Desktop/CSYE_7245/Assignment3/FastAPI/vlab/lib/python3.7/site-packages/airflow/example_dags/example_kubernetes_executor.py took 0.146 seconds
[2021-03-30 19:21:44,312] {scheduler_job.py:182} INFO - Started process (PID=20987) to work on /Users/harika/Desktop/CSYE_7245/Assignment3/FastAPI/vlab/lib/python3.7/site-packages/airflow/example_dags/example_kubernetes_executor.py
[2021-03-30 19:21:44,315] {scheduler_job.py:629} INFO - Processing file /Users/harika/Desktop/CSYE_7245/Assignment3/FastAPI/vlab/lib/python3.7/site-packages/airflow/example_dags/example_kubernetes_executor.py for tasks to queue
[2021-03-30 19:21:44,317] {logging_mixin.py:104} INFO - [2021-03-30 19:21:44,316] {dagbag.py:448} INFO - Filling up the DagBag from /Users/harika/Desktop/CSYE_7245/Assignment3/FastAPI/vlab/lib/python3.7/site-packages/airflow/example_dags/example_kubernetes_executor.py
[2021-03-30 19:21:44,353] {scheduler_job.py:639} INFO - DAG(s) dict_keys(['example_kubernetes_executor']) retrieved from /Users/harika/Desktop/CSYE_7245/Assignment3/FastAPI/vlab/lib/python3.7/site-packages/airflow/example_dags/example_kubernetes_executor.py
[2021-03-30 19:21:44,397] {logging_mixin.py:104} INFO - [2021-03-30 19:21:44,396] {dag.py:1818} INFO - Sync 1 DAGs
[2021-03-30 19:21:44,430] {logging_mixin.py:104} INFO - [2021-03-30 19:21:44,429] {dag.py:2273} INFO - Setting next_dagrun for example_kubernetes_executor to None
[2021-03-30 19:21:44,460] {scheduler_job.py:190} INFO - Processing /Users/harika/Desktop/CSYE_7245/Assignment3/FastAPI/vlab/lib/python3.7/site-packages/airflow/example_dags/example_kubernetes_executor.py took 0.152 seconds
[2021-03-30 19:22:35,020] {scheduler_job.py:182} INFO - Started process (PID=21032) to work on /Users/harika/Desktop/CSYE_7245/Assignment3/FastAPI/vlab/lib/python3.7/site-packages/airflow/example_dags/example_kubernetes_executor.py
[2021-03-30 19:22:35,024] {scheduler_job.py:629} INFO - Processing file /Users/harika/Desktop/CSYE_7245/Assignment3/FastAPI/vlab/lib/python3.7/site-packages/airflow/example_dags/example_kubernetes_executor.py for tasks to queue
[2021-03-30 19:22:35,027] {logging_mixin.py:104} INFO - [2021-03-30 19:22:35,026] {dagbag.py:448} INFO - Filling up the DagBag from /Users/harika/Desktop/CSYE_7245/Assignment3/FastAPI/vlab/lib/python3.7/site-packages/airflow/example_dags/example_kubernetes_executor.py
[2021-03-30 19:22:35,055] {scheduler_job.py:639} INFO - DAG(s) dict_keys(['example_kubernetes_executor']) retrieved from /Users/harika/Desktop/CSYE_7245/Assignment3/FastAPI/vlab/lib/python3.7/site-packages/airflow/example_dags/example_kubernetes_executor.py
[2021-03-30 19:22:35,083] {logging_mixin.py:104} INFO - [2021-03-30 19:22:35,082] {dag.py:1818} INFO - Sync 1 DAGs
[2021-03-30 19:22:35,103] {logging_mixin.py:104} INFO - [2021-03-30 19:22:35,101] {dag.py:2273} INFO - Setting next_dagrun for example_kubernetes_executor to None
[2021-03-30 19:22:35,127] {scheduler_job.py:190} INFO - Processing /Users/harika/Desktop/CSYE_7245/Assignment3/FastAPI/vlab/lib/python3.7/site-packages/airflow/example_dags/example_kubernetes_executor.py took 0.112 seconds
[2021-03-30 19:23:19,873] {scheduler_job.py:182} INFO - Started process (PID=21074) to work on /Users/harika/Desktop/CSYE_7245/Assignment3/FastAPI/vlab/lib/python3.7/site-packages/airflow/example_dags/example_kubernetes_executor.py
[2021-03-30 19:23:19,877] {scheduler_job.py:629} INFO - Processing file /Users/harika/Desktop/CSYE_7245/Assignment3/FastAPI/vlab/lib/python3.7/site-packages/airflow/example_dags/example_kubernetes_executor.py for tasks to queue
[2021-03-30 19:23:19,888] {logging_mixin.py:104} INFO - [2021-03-30 19:23:19,887] {dagbag.py:448} INFO - Filling up the DagBag from /Users/harika/Desktop/CSYE_7245/Assignment3/FastAPI/vlab/lib/python3.7/site-packages/airflow/example_dags/example_kubernetes_executor.py
[2021-03-30 19:23:19,925] {scheduler_job.py:639} INFO - DAG(s) dict_keys(['example_kubernetes_executor']) retrieved from /Users/harika/Desktop/CSYE_7245/Assignment3/FastAPI/vlab/lib/python3.7/site-packages/airflow/example_dags/example_kubernetes_executor.py
[2021-03-30 19:23:19,957] {logging_mixin.py:104} INFO - [2021-03-30 19:23:19,956] {dag.py:1818} INFO - Sync 1 DAGs
[2021-03-30 19:23:19,986] {logging_mixin.py:104} INFO - [2021-03-30 19:23:19,985] {dag.py:2273} INFO - Setting next_dagrun for example_kubernetes_executor to None
[2021-03-30 19:23:20,003] {scheduler_job.py:190} INFO - Processing /Users/harika/Desktop/CSYE_7245/Assignment3/FastAPI/vlab/lib/python3.7/site-packages/airflow/example_dags/example_kubernetes_executor.py took 0.145 seconds
[2021-03-30 19:24:02,740] {scheduler_job.py:182} INFO - Started process (PID=21114) to work on /Users/harika/Desktop/CSYE_7245/Assignment3/FastAPI/vlab/lib/python3.7/site-packages/airflow/example_dags/example_kubernetes_executor.py
[2021-03-30 19:24:02,744] {scheduler_job.py:629} INFO - Processing file /Users/harika/Desktop/CSYE_7245/Assignment3/FastAPI/vlab/lib/python3.7/site-packages/airflow/example_dags/example_kubernetes_executor.py for tasks to queue
[2021-03-30 19:24:02,747] {logging_mixin.py:104} INFO - [2021-03-30 19:24:02,746] {dagbag.py:448} INFO - Filling up the DagBag from /Users/harika/Desktop/CSYE_7245/Assignment3/FastAPI/vlab/lib/python3.7/site-packages/airflow/example_dags/example_kubernetes_executor.py
[2021-03-30 19:24:02,776] {scheduler_job.py:639} INFO - DAG(s) dict_keys(['example_kubernetes_executor']) retrieved from /Users/harika/Desktop/CSYE_7245/Assignment3/FastAPI/vlab/lib/python3.7/site-packages/airflow/example_dags/example_kubernetes_executor.py
[2021-03-30 19:24:02,800] {logging_mixin.py:104} INFO - [2021-03-30 19:24:02,799] {dag.py:1818} INFO - Sync 1 DAGs
[2021-03-30 19:24:02,829] {logging_mixin.py:104} INFO - [2021-03-30 19:24:02,829] {dag.py:2273} INFO - Setting next_dagrun for example_kubernetes_executor to None
[2021-03-30 19:24:02,844] {scheduler_job.py:190} INFO - Processing /Users/harika/Desktop/CSYE_7245/Assignment3/FastAPI/vlab/lib/python3.7/site-packages/airflow/example_dags/example_kubernetes_executor.py took 0.114 seconds
[2021-03-30 19:24:39,578] {scheduler_job.py:182} INFO - Started process (PID=21149) to work on /Users/harika/Desktop/CSYE_7245/Assignment3/FastAPI/vlab/lib/python3.7/site-packages/airflow/example_dags/example_kubernetes_executor.py
[2021-03-30 19:24:39,581] {scheduler_job.py:629} INFO - Processing file /Users/harika/Desktop/CSYE_7245/Assignment3/FastAPI/vlab/lib/python3.7/site-packages/airflow/example_dags/example_kubernetes_executor.py for tasks to queue
[2021-03-30 19:24:39,584] {logging_mixin.py:104} INFO - [2021-03-30 19:24:39,583] {dagbag.py:448} INFO - Filling up the DagBag from /Users/harika/Desktop/CSYE_7245/Assignment3/FastAPI/vlab/lib/python3.7/site-packages/airflow/example_dags/example_kubernetes_executor.py
[2021-03-30 19:24:39,626] {scheduler_job.py:639} INFO - DAG(s) dict_keys(['example_kubernetes_executor']) retrieved from /Users/harika/Desktop/CSYE_7245/Assignment3/FastAPI/vlab/lib/python3.7/site-packages/airflow/example_dags/example_kubernetes_executor.py
[2021-03-30 19:24:39,667] {logging_mixin.py:104} INFO - [2021-03-30 19:24:39,666] {dag.py:1818} INFO - Sync 1 DAGs
[2021-03-30 19:24:39,735] {logging_mixin.py:104} INFO - [2021-03-30 19:24:39,735] {dag.py:2273} INFO - Setting next_dagrun for example_kubernetes_executor to None
[2021-03-30 19:24:39,752] {scheduler_job.py:190} INFO - Processing /Users/harika/Desktop/CSYE_7245/Assignment3/FastAPI/vlab/lib/python3.7/site-packages/airflow/example_dags/example_kubernetes_executor.py took 0.182 seconds
[2021-03-30 19:25:18,453] {scheduler_job.py:182} INFO - Started process (PID=21189) to work on /Users/harika/Desktop/CSYE_7245/Assignment3/FastAPI/vlab/lib/python3.7/site-packages/airflow/example_dags/example_kubernetes_executor.py
[2021-03-30 19:25:18,460] {scheduler_job.py:629} INFO - Processing file /Users/harika/Desktop/CSYE_7245/Assignment3/FastAPI/vlab/lib/python3.7/site-packages/airflow/example_dags/example_kubernetes_executor.py for tasks to queue
[2021-03-30 19:25:18,462] {logging_mixin.py:104} INFO - [2021-03-30 19:25:18,461] {dagbag.py:448} INFO - Filling up the DagBag from /Users/harika/Desktop/CSYE_7245/Assignment3/FastAPI/vlab/lib/python3.7/site-packages/airflow/example_dags/example_kubernetes_executor.py
[2021-03-30 19:25:18,605] {scheduler_job.py:639} INFO - DAG(s) dict_keys(['example_kubernetes_executor']) retrieved from /Users/harika/Desktop/CSYE_7245/Assignment3/FastAPI/vlab/lib/python3.7/site-packages/airflow/example_dags/example_kubernetes_executor.py
[2021-03-30 19:25:18,697] {logging_mixin.py:104} INFO - [2021-03-30 19:25:18,695] {dag.py:1818} INFO - Sync 1 DAGs
[2021-03-30 19:25:18,862] {logging_mixin.py:104} INFO - [2021-03-30 19:25:18,862] {dag.py:2273} INFO - Setting next_dagrun for example_kubernetes_executor to None
[2021-03-30 19:25:18,941] {scheduler_job.py:190} INFO - Processing /Users/harika/Desktop/CSYE_7245/Assignment3/FastAPI/vlab/lib/python3.7/site-packages/airflow/example_dags/example_kubernetes_executor.py took 0.494 seconds
[2021-03-30 19:25:51,517] {scheduler_job.py:182} INFO - Started process (PID=21219) to work on /Users/harika/Desktop/CSYE_7245/Assignment3/FastAPI/vlab/lib/python3.7/site-packages/airflow/example_dags/example_kubernetes_executor.py
[2021-03-30 19:25:51,522] {scheduler_job.py:629} INFO - Processing file /Users/harika/Desktop/CSYE_7245/Assignment3/FastAPI/vlab/lib/python3.7/site-packages/airflow/example_dags/example_kubernetes_executor.py for tasks to queue
[2021-03-30 19:25:51,526] {logging_mixin.py:104} INFO - [2021-03-30 19:25:51,525] {dagbag.py:448} INFO - Filling up the DagBag from /Users/harika/Desktop/CSYE_7245/Assignment3/FastAPI/vlab/lib/python3.7/site-packages/airflow/example_dags/example_kubernetes_executor.py
[2021-03-30 19:25:51,560] {scheduler_job.py:639} INFO - DAG(s) dict_keys(['example_kubernetes_executor']) retrieved from /Users/harika/Desktop/CSYE_7245/Assignment3/FastAPI/vlab/lib/python3.7/site-packages/airflow/example_dags/example_kubernetes_executor.py
[2021-03-30 19:25:51,599] {logging_mixin.py:104} INFO - [2021-03-30 19:25:51,598] {dag.py:1818} INFO - Sync 1 DAGs
[2021-03-30 19:25:51,630] {logging_mixin.py:104} INFO - [2021-03-30 19:25:51,630] {dag.py:2273} INFO - Setting next_dagrun for example_kubernetes_executor to None
[2021-03-30 19:25:51,669] {scheduler_job.py:190} INFO - Processing /Users/harika/Desktop/CSYE_7245/Assignment3/FastAPI/vlab/lib/python3.7/site-packages/airflow/example_dags/example_kubernetes_executor.py took 0.158 seconds
[2021-03-30 19:26:32,971] {scheduler_job.py:182} INFO - Started process (PID=21264) to work on /Users/harika/Desktop/CSYE_7245/Assignment3/FastAPI/vlab/lib/python3.7/site-packages/airflow/example_dags/example_kubernetes_executor.py
[2021-03-30 19:26:32,982] {scheduler_job.py:629} INFO - Processing file /Users/harika/Desktop/CSYE_7245/Assignment3/FastAPI/vlab/lib/python3.7/site-packages/airflow/example_dags/example_kubernetes_executor.py for tasks to queue
[2021-03-30 19:26:32,984] {logging_mixin.py:104} INFO - [2021-03-30 19:26:32,983] {dagbag.py:448} INFO - Filling up the DagBag from /Users/harika/Desktop/CSYE_7245/Assignment3/FastAPI/vlab/lib/python3.7/site-packages/airflow/example_dags/example_kubernetes_executor.py
[2021-03-30 19:26:33,019] {scheduler_job.py:639} INFO - DAG(s) dict_keys(['example_kubernetes_executor']) retrieved from /Users/harika/Desktop/CSYE_7245/Assignment3/FastAPI/vlab/lib/python3.7/site-packages/airflow/example_dags/example_kubernetes_executor.py
[2021-03-30 19:26:33,057] {logging_mixin.py:104} INFO - [2021-03-30 19:26:33,056] {dag.py:1818} INFO - Sync 1 DAGs
[2021-03-30 19:26:33,087] {logging_mixin.py:104} INFO - [2021-03-30 19:26:33,086] {dag.py:2273} INFO - Setting next_dagrun for example_kubernetes_executor to None
[2021-03-30 19:26:33,104] {scheduler_job.py:190} INFO - Processing /Users/harika/Desktop/CSYE_7245/Assignment3/FastAPI/vlab/lib/python3.7/site-packages/airflow/example_dags/example_kubernetes_executor.py took 0.139 seconds
[2021-03-30 19:33:02,803] {scheduler_job.py:182} INFO - Started process (PID=21428) to work on /Users/harika/Desktop/CSYE_7245/Assignment3/FastAPI/vlab/lib/python3.7/site-packages/airflow/example_dags/example_kubernetes_executor.py
[2021-03-30 19:33:02,808] {scheduler_job.py:629} INFO - Processing file /Users/harika/Desktop/CSYE_7245/Assignment3/FastAPI/vlab/lib/python3.7/site-packages/airflow/example_dags/example_kubernetes_executor.py for tasks to queue
[2021-03-30 19:33:02,812] {logging_mixin.py:104} INFO - [2021-03-30 19:33:02,811] {dagbag.py:448} INFO - Filling up the DagBag from /Users/harika/Desktop/CSYE_7245/Assignment3/FastAPI/vlab/lib/python3.7/site-packages/airflow/example_dags/example_kubernetes_executor.py
[2021-03-30 19:33:02,847] {scheduler_job.py:639} INFO - DAG(s) dict_keys(['example_kubernetes_executor']) retrieved from /Users/harika/Desktop/CSYE_7245/Assignment3/FastAPI/vlab/lib/python3.7/site-packages/airflow/example_dags/example_kubernetes_executor.py
[2021-03-30 19:33:02,919] {logging_mixin.py:104} INFO - [2021-03-30 19:33:02,917] {dag.py:1818} INFO - Sync 1 DAGs
[2021-03-30 19:33:02,985] {logging_mixin.py:104} INFO - [2021-03-30 19:33:02,963] {dag.py:2273} INFO - Setting next_dagrun for example_kubernetes_executor to None
[2021-03-30 19:33:03,057] {scheduler_job.py:190} INFO - Processing /Users/harika/Desktop/CSYE_7245/Assignment3/FastAPI/vlab/lib/python3.7/site-packages/airflow/example_dags/example_kubernetes_executor.py took 0.259 seconds
[2021-03-30 19:33:41,800] {scheduler_job.py:182} INFO - Started process (PID=21479) to work on /Users/harika/Desktop/CSYE_7245/Assignment3/FastAPI/vlab/lib/python3.7/site-packages/airflow/example_dags/example_kubernetes_executor.py
[2021-03-30 19:33:41,803] {scheduler_job.py:629} INFO - Processing file /Users/harika/Desktop/CSYE_7245/Assignment3/FastAPI/vlab/lib/python3.7/site-packages/airflow/example_dags/example_kubernetes_executor.py for tasks to queue
[2021-03-30 19:33:41,812] {logging_mixin.py:104} INFO - [2021-03-30 19:33:41,809] {dagbag.py:448} INFO - Filling up the DagBag from /Users/harika/Desktop/CSYE_7245/Assignment3/FastAPI/vlab/lib/python3.7/site-packages/airflow/example_dags/example_kubernetes_executor.py
[2021-03-30 19:33:41,849] {scheduler_job.py:639} INFO - DAG(s) dict_keys(['example_kubernetes_executor']) retrieved from /Users/harika/Desktop/CSYE_7245/Assignment3/FastAPI/vlab/lib/python3.7/site-packages/airflow/example_dags/example_kubernetes_executor.py
[2021-03-30 19:33:41,883] {logging_mixin.py:104} INFO - [2021-03-30 19:33:41,883] {dag.py:1818} INFO - Sync 1 DAGs
[2021-03-30 19:33:41,919] {logging_mixin.py:104} INFO - [2021-03-30 19:33:41,918] {dag.py:2273} INFO - Setting next_dagrun for example_kubernetes_executor to None
[2021-03-30 19:33:41,954] {scheduler_job.py:190} INFO - Processing /Users/harika/Desktop/CSYE_7245/Assignment3/FastAPI/vlab/lib/python3.7/site-packages/airflow/example_dags/example_kubernetes_executor.py took 0.159 seconds
[2021-03-30 19:34:21,354] {scheduler_job.py:182} INFO - Started process (PID=21521) to work on /Users/harika/Desktop/CSYE_7245/Assignment3/FastAPI/vlab/lib/python3.7/site-packages/airflow/example_dags/example_kubernetes_executor.py
[2021-03-30 19:34:21,360] {scheduler_job.py:629} INFO - Processing file /Users/harika/Desktop/CSYE_7245/Assignment3/FastAPI/vlab/lib/python3.7/site-packages/airflow/example_dags/example_kubernetes_executor.py for tasks to queue
[2021-03-30 19:34:21,364] {logging_mixin.py:104} INFO - [2021-03-30 19:34:21,363] {dagbag.py:448} INFO - Filling up the DagBag from /Users/harika/Desktop/CSYE_7245/Assignment3/FastAPI/vlab/lib/python3.7/site-packages/airflow/example_dags/example_kubernetes_executor.py
[2021-03-30 19:34:21,384] {scheduler_job.py:639} INFO - DAG(s) dict_keys(['example_kubernetes_executor']) retrieved from /Users/harika/Desktop/CSYE_7245/Assignment3/FastAPI/vlab/lib/python3.7/site-packages/airflow/example_dags/example_kubernetes_executor.py
[2021-03-30 19:34:21,436] {logging_mixin.py:104} INFO - [2021-03-30 19:34:21,431] {dag.py:1818} INFO - Sync 1 DAGs
[2021-03-30 19:34:21,479] {logging_mixin.py:104} INFO - [2021-03-30 19:34:21,477] {dag.py:2273} INFO - Setting next_dagrun for example_kubernetes_executor to None
[2021-03-30 19:34:21,500] {scheduler_job.py:190} INFO - Processing /Users/harika/Desktop/CSYE_7245/Assignment3/FastAPI/vlab/lib/python3.7/site-packages/airflow/example_dags/example_kubernetes_executor.py took 0.150 seconds
[2021-03-30 19:34:58,669] {scheduler_job.py:182} INFO - Started process (PID=21568) to work on /Users/harika/Desktop/CSYE_7245/Assignment3/FastAPI/vlab/lib/python3.7/site-packages/airflow/example_dags/example_kubernetes_executor.py
[2021-03-30 19:34:58,672] {scheduler_job.py:629} INFO - Processing file /Users/harika/Desktop/CSYE_7245/Assignment3/FastAPI/vlab/lib/python3.7/site-packages/airflow/example_dags/example_kubernetes_executor.py for tasks to queue
[2021-03-30 19:34:58,675] {logging_mixin.py:104} INFO - [2021-03-30 19:34:58,674] {dagbag.py:448} INFO - Filling up the DagBag from /Users/harika/Desktop/CSYE_7245/Assignment3/FastAPI/vlab/lib/python3.7/site-packages/airflow/example_dags/example_kubernetes_executor.py
[2021-03-30 19:34:58,721] {scheduler_job.py:639} INFO - DAG(s) dict_keys(['example_kubernetes_executor']) retrieved from /Users/harika/Desktop/CSYE_7245/Assignment3/FastAPI/vlab/lib/python3.7/site-packages/airflow/example_dags/example_kubernetes_executor.py
[2021-03-30 19:34:58,758] {logging_mixin.py:104} INFO - [2021-03-30 19:34:58,757] {dag.py:1818} INFO - Sync 1 DAGs
[2021-03-30 19:34:58,811] {logging_mixin.py:104} INFO - [2021-03-30 19:34:58,810] {dag.py:2273} INFO - Setting next_dagrun for example_kubernetes_executor to None
[2021-03-30 19:34:58,928] {scheduler_job.py:190} INFO - Processing /Users/harika/Desktop/CSYE_7245/Assignment3/FastAPI/vlab/lib/python3.7/site-packages/airflow/example_dags/example_kubernetes_executor.py took 0.268 seconds
[2021-03-30 19:35:35,268] {scheduler_job.py:182} INFO - Started process (PID=21609) to work on /Users/harika/Desktop/CSYE_7245/Assignment3/FastAPI/vlab/lib/python3.7/site-packages/airflow/example_dags/example_kubernetes_executor.py
[2021-03-30 19:35:35,274] {scheduler_job.py:629} INFO - Processing file /Users/harika/Desktop/CSYE_7245/Assignment3/FastAPI/vlab/lib/python3.7/site-packages/airflow/example_dags/example_kubernetes_executor.py for tasks to queue
[2021-03-30 19:35:35,279] {logging_mixin.py:104} INFO - [2021-03-30 19:35:35,276] {dagbag.py:448} INFO - Filling up the DagBag from /Users/harika/Desktop/CSYE_7245/Assignment3/FastAPI/vlab/lib/python3.7/site-packages/airflow/example_dags/example_kubernetes_executor.py
[2021-03-30 19:35:35,306] {scheduler_job.py:639} INFO - DAG(s) dict_keys(['example_kubernetes_executor']) retrieved from /Users/harika/Desktop/CSYE_7245/Assignment3/FastAPI/vlab/lib/python3.7/site-packages/airflow/example_dags/example_kubernetes_executor.py
[2021-03-30 19:35:35,352] {logging_mixin.py:104} INFO - [2021-03-30 19:35:35,352] {dag.py:1818} INFO - Sync 1 DAGs
[2021-03-30 19:35:35,373] {logging_mixin.py:104} INFO - [2021-03-30 19:35:35,372] {dag.py:2273} INFO - Setting next_dagrun for example_kubernetes_executor to None
[2021-03-30 19:35:35,397] {scheduler_job.py:190} INFO - Processing /Users/harika/Desktop/CSYE_7245/Assignment3/FastAPI/vlab/lib/python3.7/site-packages/airflow/example_dags/example_kubernetes_executor.py took 0.142 seconds
[2021-03-30 19:36:12,365] {scheduler_job.py:182} INFO - Started process (PID=21659) to work on /Users/harika/Desktop/CSYE_7245/Assignment3/FastAPI/vlab/lib/python3.7/site-packages/airflow/example_dags/example_kubernetes_executor.py
[2021-03-30 19:36:12,368] {scheduler_job.py:629} INFO - Processing file /Users/harika/Desktop/CSYE_7245/Assignment3/FastAPI/vlab/lib/python3.7/site-packages/airflow/example_dags/example_kubernetes_executor.py for tasks to queue
[2021-03-30 19:36:12,371] {logging_mixin.py:104} INFO - [2021-03-30 19:36:12,370] {dagbag.py:448} INFO - Filling up the DagBag from /Users/harika/Desktop/CSYE_7245/Assignment3/FastAPI/vlab/lib/python3.7/site-packages/airflow/example_dags/example_kubernetes_executor.py
[2021-03-30 19:36:12,407] {scheduler_job.py:639} INFO - DAG(s) dict_keys(['example_kubernetes_executor']) retrieved from /Users/harika/Desktop/CSYE_7245/Assignment3/FastAPI/vlab/lib/python3.7/site-packages/airflow/example_dags/example_kubernetes_executor.py
[2021-03-30 19:36:12,566] {logging_mixin.py:104} INFO - [2021-03-30 19:36:12,566] {dag.py:1818} INFO - Sync 1 DAGs
[2021-03-30 19:36:12,593] {logging_mixin.py:104} INFO - [2021-03-30 19:36:12,592] {dag.py:2273} INFO - Setting next_dagrun for example_kubernetes_executor to None
[2021-03-30 19:36:12,611] {scheduler_job.py:190} INFO - Processing /Users/harika/Desktop/CSYE_7245/Assignment3/FastAPI/vlab/lib/python3.7/site-packages/airflow/example_dags/example_kubernetes_executor.py took 0.254 seconds
[2021-03-30 19:36:53,286] {scheduler_job.py:182} INFO - Started process (PID=21711) to work on /Users/harika/Desktop/CSYE_7245/Assignment3/FastAPI/vlab/lib/python3.7/site-packages/airflow/example_dags/example_kubernetes_executor.py
[2021-03-30 19:36:53,289] {scheduler_job.py:629} INFO - Processing file /Users/harika/Desktop/CSYE_7245/Assignment3/FastAPI/vlab/lib/python3.7/site-packages/airflow/example_dags/example_kubernetes_executor.py for tasks to queue
[2021-03-30 19:36:53,291] {logging_mixin.py:104} INFO - [2021-03-30 19:36:53,290] {dagbag.py:448} INFO - Filling up the DagBag from /Users/harika/Desktop/CSYE_7245/Assignment3/FastAPI/vlab/lib/python3.7/site-packages/airflow/example_dags/example_kubernetes_executor.py
[2021-03-30 19:36:53,324] {scheduler_job.py:639} INFO - DAG(s) dict_keys(['example_kubernetes_executor']) retrieved from /Users/harika/Desktop/CSYE_7245/Assignment3/FastAPI/vlab/lib/python3.7/site-packages/airflow/example_dags/example_kubernetes_executor.py
[2021-03-30 19:36:53,355] {logging_mixin.py:104} INFO - [2021-03-30 19:36:53,354] {dag.py:1818} INFO - Sync 1 DAGs
[2021-03-30 19:36:53,382] {logging_mixin.py:104} INFO - [2021-03-30 19:36:53,381] {dag.py:2273} INFO - Setting next_dagrun for example_kubernetes_executor to None
[2021-03-30 19:36:53,407] {scheduler_job.py:190} INFO - Processing /Users/harika/Desktop/CSYE_7245/Assignment3/FastAPI/vlab/lib/python3.7/site-packages/airflow/example_dags/example_kubernetes_executor.py took 0.126 seconds
[2021-03-30 19:37:32,869] {scheduler_job.py:182} INFO - Started process (PID=21759) to work on /Users/harika/Desktop/CSYE_7245/Assignment3/FastAPI/vlab/lib/python3.7/site-packages/airflow/example_dags/example_kubernetes_executor.py
[2021-03-30 19:37:32,871] {scheduler_job.py:629} INFO - Processing file /Users/harika/Desktop/CSYE_7245/Assignment3/FastAPI/vlab/lib/python3.7/site-packages/airflow/example_dags/example_kubernetes_executor.py for tasks to queue
[2021-03-30 19:37:32,875] {logging_mixin.py:104} INFO - [2021-03-30 19:37:32,874] {dagbag.py:448} INFO - Filling up the DagBag from /Users/harika/Desktop/CSYE_7245/Assignment3/FastAPI/vlab/lib/python3.7/site-packages/airflow/example_dags/example_kubernetes_executor.py
[2021-03-30 19:37:32,900] {scheduler_job.py:639} INFO - DAG(s) dict_keys(['example_kubernetes_executor']) retrieved from /Users/harika/Desktop/CSYE_7245/Assignment3/FastAPI/vlab/lib/python3.7/site-packages/airflow/example_dags/example_kubernetes_executor.py
[2021-03-30 19:37:32,932] {logging_mixin.py:104} INFO - [2021-03-30 19:37:32,931] {dag.py:1818} INFO - Sync 1 DAGs
[2021-03-30 19:37:32,954] {logging_mixin.py:104} INFO - [2021-03-30 19:37:32,954] {dag.py:2273} INFO - Setting next_dagrun for example_kubernetes_executor to None
[2021-03-30 19:37:32,979] {scheduler_job.py:190} INFO - Processing /Users/harika/Desktop/CSYE_7245/Assignment3/FastAPI/vlab/lib/python3.7/site-packages/airflow/example_dags/example_kubernetes_executor.py took 0.117 seconds
[2021-03-30 19:38:17,433] {scheduler_job.py:182} INFO - Started process (PID=21813) to work on /Users/harika/Desktop/CSYE_7245/Assignment3/FastAPI/vlab/lib/python3.7/site-packages/airflow/example_dags/example_kubernetes_executor.py
[2021-03-30 19:38:17,438] {scheduler_job.py:629} INFO - Processing file /Users/harika/Desktop/CSYE_7245/Assignment3/FastAPI/vlab/lib/python3.7/site-packages/airflow/example_dags/example_kubernetes_executor.py for tasks to queue
[2021-03-30 19:38:17,440] {logging_mixin.py:104} INFO - [2021-03-30 19:38:17,439] {dagbag.py:448} INFO - Filling up the DagBag from /Users/harika/Desktop/CSYE_7245/Assignment3/FastAPI/vlab/lib/python3.7/site-packages/airflow/example_dags/example_kubernetes_executor.py
[2021-03-30 19:38:17,489] {scheduler_job.py:639} INFO - DAG(s) dict_keys(['example_kubernetes_executor']) retrieved from /Users/harika/Desktop/CSYE_7245/Assignment3/FastAPI/vlab/lib/python3.7/site-packages/airflow/example_dags/example_kubernetes_executor.py
[2021-03-30 19:38:17,559] {logging_mixin.py:104} INFO - [2021-03-30 19:38:17,558] {dag.py:1818} INFO - Sync 1 DAGs
[2021-03-30 19:38:17,604] {logging_mixin.py:104} INFO - [2021-03-30 19:38:17,603] {dag.py:2273} INFO - Setting next_dagrun for example_kubernetes_executor to None
[2021-03-30 19:38:17,626] {scheduler_job.py:190} INFO - Processing /Users/harika/Desktop/CSYE_7245/Assignment3/FastAPI/vlab/lib/python3.7/site-packages/airflow/example_dags/example_kubernetes_executor.py took 0.200 seconds
[2021-03-30 19:38:56,883] {scheduler_job.py:182} INFO - Started process (PID=21855) to work on /Users/harika/Desktop/CSYE_7245/Assignment3/FastAPI/vlab/lib/python3.7/site-packages/airflow/example_dags/example_kubernetes_executor.py
[2021-03-30 19:38:56,889] {scheduler_job.py:629} INFO - Processing file /Users/harika/Desktop/CSYE_7245/Assignment3/FastAPI/vlab/lib/python3.7/site-packages/airflow/example_dags/example_kubernetes_executor.py for tasks to queue
[2021-03-30 19:38:56,900] {logging_mixin.py:104} INFO - [2021-03-30 19:38:56,895] {dagbag.py:448} INFO - Filling up the DagBag from /Users/harika/Desktop/CSYE_7245/Assignment3/FastAPI/vlab/lib/python3.7/site-packages/airflow/example_dags/example_kubernetes_executor.py
[2021-03-30 19:38:57,135] {scheduler_job.py:639} INFO - DAG(s) dict_keys(['example_kubernetes_executor']) retrieved from /Users/harika/Desktop/CSYE_7245/Assignment3/FastAPI/vlab/lib/python3.7/site-packages/airflow/example_dags/example_kubernetes_executor.py
[2021-03-30 19:38:57,221] {logging_mixin.py:104} INFO - [2021-03-30 19:38:57,220] {dag.py:1818} INFO - Sync 1 DAGs
[2021-03-30 19:38:57,286] {logging_mixin.py:104} INFO - [2021-03-30 19:38:57,285] {dag.py:2273} INFO - Setting next_dagrun for example_kubernetes_executor to None
[2021-03-30 19:38:57,336] {scheduler_job.py:190} INFO - Processing /Users/harika/Desktop/CSYE_7245/Assignment3/FastAPI/vlab/lib/python3.7/site-packages/airflow/example_dags/example_kubernetes_executor.py took 0.468 seconds
[2021-03-30 19:43:39,824] {scheduler_job.py:182} INFO - Started process (PID=21974) to work on /Users/harika/Desktop/CSYE_7245/Assignment3/FastAPI/vlab/lib/python3.7/site-packages/airflow/example_dags/example_kubernetes_executor.py
[2021-03-30 19:43:39,830] {scheduler_job.py:629} INFO - Processing file /Users/harika/Desktop/CSYE_7245/Assignment3/FastAPI/vlab/lib/python3.7/site-packages/airflow/example_dags/example_kubernetes_executor.py for tasks to queue
[2021-03-30 19:43:39,834] {logging_mixin.py:104} INFO - [2021-03-30 19:43:39,833] {dagbag.py:448} INFO - Filling up the DagBag from /Users/harika/Desktop/CSYE_7245/Assignment3/FastAPI/vlab/lib/python3.7/site-packages/airflow/example_dags/example_kubernetes_executor.py
[2021-03-30 19:43:39,869] {scheduler_job.py:639} INFO - DAG(s) dict_keys(['example_kubernetes_executor']) retrieved from /Users/harika/Desktop/CSYE_7245/Assignment3/FastAPI/vlab/lib/python3.7/site-packages/airflow/example_dags/example_kubernetes_executor.py
[2021-03-30 19:43:39,907] {logging_mixin.py:104} INFO - [2021-03-30 19:43:39,906] {dag.py:1818} INFO - Sync 1 DAGs
[2021-03-30 19:43:39,946] {logging_mixin.py:104} INFO - [2021-03-30 19:43:39,945] {dag.py:2273} INFO - Setting next_dagrun for example_kubernetes_executor to None
[2021-03-30 19:43:40,063] {scheduler_job.py:190} INFO - Processing /Users/harika/Desktop/CSYE_7245/Assignment3/FastAPI/vlab/lib/python3.7/site-packages/airflow/example_dags/example_kubernetes_executor.py took 0.246 seconds
[2021-03-30 19:44:21,225] {scheduler_job.py:182} INFO - Started process (PID=22017) to work on /Users/harika/Desktop/CSYE_7245/Assignment3/FastAPI/vlab/lib/python3.7/site-packages/airflow/example_dags/example_kubernetes_executor.py
[2021-03-30 19:44:21,230] {scheduler_job.py:629} INFO - Processing file /Users/harika/Desktop/CSYE_7245/Assignment3/FastAPI/vlab/lib/python3.7/site-packages/airflow/example_dags/example_kubernetes_executor.py for tasks to queue
[2021-03-30 19:44:21,237] {logging_mixin.py:104} INFO - [2021-03-30 19:44:21,236] {dagbag.py:448} INFO - Filling up the DagBag from /Users/harika/Desktop/CSYE_7245/Assignment3/FastAPI/vlab/lib/python3.7/site-packages/airflow/example_dags/example_kubernetes_executor.py
[2021-03-30 19:44:21,282] {scheduler_job.py:639} INFO - DAG(s) dict_keys(['example_kubernetes_executor']) retrieved from /Users/harika/Desktop/CSYE_7245/Assignment3/FastAPI/vlab/lib/python3.7/site-packages/airflow/example_dags/example_kubernetes_executor.py
[2021-03-30 19:44:21,329] {logging_mixin.py:104} INFO - [2021-03-30 19:44:21,329] {dag.py:1818} INFO - Sync 1 DAGs
[2021-03-30 19:44:21,363] {logging_mixin.py:104} INFO - [2021-03-30 19:44:21,362] {dag.py:2273} INFO - Setting next_dagrun for example_kubernetes_executor to None
[2021-03-30 19:44:21,399] {scheduler_job.py:190} INFO - Processing /Users/harika/Desktop/CSYE_7245/Assignment3/FastAPI/vlab/lib/python3.7/site-packages/airflow/example_dags/example_kubernetes_executor.py took 0.183 seconds
[2021-03-30 19:45:02,913] {scheduler_job.py:182} INFO - Started process (PID=22051) to work on /Users/harika/Desktop/CSYE_7245/Assignment3/FastAPI/vlab/lib/python3.7/site-packages/airflow/example_dags/example_kubernetes_executor.py
[2021-03-30 19:45:02,918] {scheduler_job.py:629} INFO - Processing file /Users/harika/Desktop/CSYE_7245/Assignment3/FastAPI/vlab/lib/python3.7/site-packages/airflow/example_dags/example_kubernetes_executor.py for tasks to queue
[2021-03-30 19:45:02,921] {logging_mixin.py:104} INFO - [2021-03-30 19:45:02,920] {dagbag.py:448} INFO - Filling up the DagBag from /Users/harika/Desktop/CSYE_7245/Assignment3/FastAPI/vlab/lib/python3.7/site-packages/airflow/example_dags/example_kubernetes_executor.py
[2021-03-30 19:45:02,945] {scheduler_job.py:639} INFO - DAG(s) dict_keys(['example_kubernetes_executor']) retrieved from /Users/harika/Desktop/CSYE_7245/Assignment3/FastAPI/vlab/lib/python3.7/site-packages/airflow/example_dags/example_kubernetes_executor.py
[2021-03-30 19:45:02,992] {logging_mixin.py:104} INFO - [2021-03-30 19:45:02,992] {dag.py:1818} INFO - Sync 1 DAGs
[2021-03-30 19:45:03,019] {logging_mixin.py:104} INFO - [2021-03-30 19:45:03,018] {dag.py:2273} INFO - Setting next_dagrun for example_kubernetes_executor to None
[2021-03-30 19:45:03,062] {scheduler_job.py:190} INFO - Processing /Users/harika/Desktop/CSYE_7245/Assignment3/FastAPI/vlab/lib/python3.7/site-packages/airflow/example_dags/example_kubernetes_executor.py took 0.154 seconds
[2021-03-30 19:45:49,459] {scheduler_job.py:182} INFO - Started process (PID=22113) to work on /Users/harika/Desktop/CSYE_7245/Assignment3/FastAPI/vlab/lib/python3.7/site-packages/airflow/example_dags/example_kubernetes_executor.py
[2021-03-30 19:45:49,464] {scheduler_job.py:629} INFO - Processing file /Users/harika/Desktop/CSYE_7245/Assignment3/FastAPI/vlab/lib/python3.7/site-packages/airflow/example_dags/example_kubernetes_executor.py for tasks to queue
[2021-03-30 19:45:49,467] {logging_mixin.py:104} INFO - [2021-03-30 19:45:49,466] {dagbag.py:448} INFO - Filling up the DagBag from /Users/harika/Desktop/CSYE_7245/Assignment3/FastAPI/vlab/lib/python3.7/site-packages/airflow/example_dags/example_kubernetes_executor.py
[2021-03-30 19:45:49,497] {scheduler_job.py:639} INFO - DAG(s) dict_keys(['example_kubernetes_executor']) retrieved from /Users/harika/Desktop/CSYE_7245/Assignment3/FastAPI/vlab/lib/python3.7/site-packages/airflow/example_dags/example_kubernetes_executor.py
[2021-03-30 19:45:49,545] {logging_mixin.py:104} INFO - [2021-03-30 19:45:49,544] {dag.py:1818} INFO - Sync 1 DAGs
[2021-03-30 19:45:49,574] {logging_mixin.py:104} INFO - [2021-03-30 19:45:49,574] {dag.py:2273} INFO - Setting next_dagrun for example_kubernetes_executor to None
[2021-03-30 19:45:49,617] {scheduler_job.py:190} INFO - Processing /Users/harika/Desktop/CSYE_7245/Assignment3/FastAPI/vlab/lib/python3.7/site-packages/airflow/example_dags/example_kubernetes_executor.py took 0.164 seconds
[2021-03-30 19:46:31,856] {scheduler_job.py:182} INFO - Started process (PID=22147) to work on /Users/harika/Desktop/CSYE_7245/Assignment3/FastAPI/vlab/lib/python3.7/site-packages/airflow/example_dags/example_kubernetes_executor.py
[2021-03-30 19:46:31,860] {scheduler_job.py:629} INFO - Processing file /Users/harika/Desktop/CSYE_7245/Assignment3/FastAPI/vlab/lib/python3.7/site-packages/airflow/example_dags/example_kubernetes_executor.py for tasks to queue
[2021-03-30 19:46:31,868] {logging_mixin.py:104} INFO - [2021-03-30 19:46:31,868] {dagbag.py:448} INFO - Filling up the DagBag from /Users/harika/Desktop/CSYE_7245/Assignment3/FastAPI/vlab/lib/python3.7/site-packages/airflow/example_dags/example_kubernetes_executor.py
[2021-03-30 19:46:31,902] {scheduler_job.py:639} INFO - DAG(s) dict_keys(['example_kubernetes_executor']) retrieved from /Users/harika/Desktop/CSYE_7245/Assignment3/FastAPI/vlab/lib/python3.7/site-packages/airflow/example_dags/example_kubernetes_executor.py
[2021-03-30 19:46:31,940] {logging_mixin.py:104} INFO - [2021-03-30 19:46:31,939] {dag.py:1818} INFO - Sync 1 DAGs
[2021-03-30 19:46:31,983] {logging_mixin.py:104} INFO - [2021-03-30 19:46:31,983] {dag.py:2273} INFO - Setting next_dagrun for example_kubernetes_executor to None
[2021-03-30 19:46:31,999] {scheduler_job.py:190} INFO - Processing /Users/harika/Desktop/CSYE_7245/Assignment3/FastAPI/vlab/lib/python3.7/site-packages/airflow/example_dags/example_kubernetes_executor.py took 0.150 seconds
[2021-03-30 19:47:11,463] {scheduler_job.py:182} INFO - Started process (PID=22181) to work on /Users/harika/Desktop/CSYE_7245/Assignment3/FastAPI/vlab/lib/python3.7/site-packages/airflow/example_dags/example_kubernetes_executor.py
[2021-03-30 19:47:11,470] {scheduler_job.py:629} INFO - Processing file /Users/harika/Desktop/CSYE_7245/Assignment3/FastAPI/vlab/lib/python3.7/site-packages/airflow/example_dags/example_kubernetes_executor.py for tasks to queue
[2021-03-30 19:47:11,473] {logging_mixin.py:104} INFO - [2021-03-30 19:47:11,472] {dagbag.py:448} INFO - Filling up the DagBag from /Users/harika/Desktop/CSYE_7245/Assignment3/FastAPI/vlab/lib/python3.7/site-packages/airflow/example_dags/example_kubernetes_executor.py
[2021-03-30 19:47:11,501] {scheduler_job.py:639} INFO - DAG(s) dict_keys(['example_kubernetes_executor']) retrieved from /Users/harika/Desktop/CSYE_7245/Assignment3/FastAPI/vlab/lib/python3.7/site-packages/airflow/example_dags/example_kubernetes_executor.py
[2021-03-30 19:47:11,530] {logging_mixin.py:104} INFO - [2021-03-30 19:47:11,529] {dag.py:1818} INFO - Sync 1 DAGs
[2021-03-30 19:47:11,551] {logging_mixin.py:104} INFO - [2021-03-30 19:47:11,551] {dag.py:2273} INFO - Setting next_dagrun for example_kubernetes_executor to None
[2021-03-30 19:47:11,563] {scheduler_job.py:190} INFO - Processing /Users/harika/Desktop/CSYE_7245/Assignment3/FastAPI/vlab/lib/python3.7/site-packages/airflow/example_dags/example_kubernetes_executor.py took 0.108 seconds
[2021-03-30 19:47:51,292] {scheduler_job.py:182} INFO - Started process (PID=22219) to work on /Users/harika/Desktop/CSYE_7245/Assignment3/FastAPI/vlab/lib/python3.7/site-packages/airflow/example_dags/example_kubernetes_executor.py
[2021-03-30 19:47:51,295] {scheduler_job.py:629} INFO - Processing file /Users/harika/Desktop/CSYE_7245/Assignment3/FastAPI/vlab/lib/python3.7/site-packages/airflow/example_dags/example_kubernetes_executor.py for tasks to queue
[2021-03-30 19:47:51,299] {logging_mixin.py:104} INFO - [2021-03-30 19:47:51,298] {dagbag.py:448} INFO - Filling up the DagBag from /Users/harika/Desktop/CSYE_7245/Assignment3/FastAPI/vlab/lib/python3.7/site-packages/airflow/example_dags/example_kubernetes_executor.py
[2021-03-30 19:47:51,350] {scheduler_job.py:639} INFO - DAG(s) dict_keys(['example_kubernetes_executor']) retrieved from /Users/harika/Desktop/CSYE_7245/Assignment3/FastAPI/vlab/lib/python3.7/site-packages/airflow/example_dags/example_kubernetes_executor.py
[2021-03-30 19:47:51,425] {logging_mixin.py:104} INFO - [2021-03-30 19:47:51,424] {dag.py:1818} INFO - Sync 1 DAGs
[2021-03-30 19:47:51,509] {logging_mixin.py:104} INFO - [2021-03-30 19:47:51,508] {dag.py:2273} INFO - Setting next_dagrun for example_kubernetes_executor to None
[2021-03-30 19:47:51,575] {scheduler_job.py:190} INFO - Processing /Users/harika/Desktop/CSYE_7245/Assignment3/FastAPI/vlab/lib/python3.7/site-packages/airflow/example_dags/example_kubernetes_executor.py took 0.292 seconds
[2021-03-30 19:58:36,357] {scheduler_job.py:182} INFO - Started process (PID=22503) to work on /Library/Frameworks/Python.framework/Versions/3.9/lib/python3.9/site-packages/airflow/example_dags/example_kubernetes_executor.py
[2021-03-30 19:58:36,359] {scheduler_job.py:629} INFO - Processing file /Library/Frameworks/Python.framework/Versions/3.9/lib/python3.9/site-packages/airflow/example_dags/example_kubernetes_executor.py for tasks to queue
[2021-03-30 19:58:36,360] {logging_mixin.py:104} INFO - [2021-03-30 19:58:36,360] {dagbag.py:448} INFO - Filling up the DagBag from /Library/Frameworks/Python.framework/Versions/3.9/lib/python3.9/site-packages/airflow/example_dags/example_kubernetes_executor.py
[2021-03-30 19:58:36,377] {scheduler_job.py:639} INFO - DAG(s) dict_keys(['example_kubernetes_executor']) retrieved from /Library/Frameworks/Python.framework/Versions/3.9/lib/python3.9/site-packages/airflow/example_dags/example_kubernetes_executor.py
[2021-03-30 19:58:36,479] {logging_mixin.py:104} INFO - [2021-03-30 19:58:36,479] {dag.py:1818} INFO - Sync 1 DAGs
[2021-03-30 19:58:36,516] {logging_mixin.py:104} INFO - [2021-03-30 19:58:36,516] {dag.py:2273} INFO - Setting next_dagrun for example_kubernetes_executor to None
[2021-03-30 19:58:36,566] {scheduler_job.py:190} INFO - Processing /Library/Frameworks/Python.framework/Versions/3.9/lib/python3.9/site-packages/airflow/example_dags/example_kubernetes_executor.py took 0.213 seconds
