[2021-03-30 19:08:33,912] {scheduler_job.py:182} INFO - Started process (PID=20513) to work on /Users/harika/Desktop/CSYE_7245/Assignment3/FastAPI/vlab/lib/python3.7/site-packages/airflow/example_dags/example_trigger_target_dag.py
[2021-03-30 19:08:33,915] {scheduler_job.py:629} INFO - Processing file /Users/harika/Desktop/CSYE_7245/Assignment3/FastAPI/vlab/lib/python3.7/site-packages/airflow/example_dags/example_trigger_target_dag.py for tasks to queue
[2021-03-30 19:08:33,918] {logging_mixin.py:104} INFO - [2021-03-30 19:08:33,917] {dagbag.py:448} INFO - Filling up the DagBag from /Users/harika/Desktop/CSYE_7245/Assignment3/FastAPI/vlab/lib/python3.7/site-packages/airflow/example_dags/example_trigger_target_dag.py
[2021-03-30 19:08:33,967] {scheduler_job.py:639} INFO - DAG(s) dict_keys(['example_trigger_target_dag']) retrieved from /Users/harika/Desktop/CSYE_7245/Assignment3/FastAPI/vlab/lib/python3.7/site-packages/airflow/example_dags/example_trigger_target_dag.py
[2021-03-30 19:08:34,247] {logging_mixin.py:104} INFO - [2021-03-30 19:08:34,247] {dag.py:1818} INFO - Sync 1 DAGs
[2021-03-30 19:08:34,464] {logging_mixin.py:104} INFO - [2021-03-30 19:08:34,417] {dag.py:2273} INFO - Setting next_dagrun for example_trigger_target_dag to None
[2021-03-30 19:08:34,486] {scheduler_job.py:190} INFO - Processing /Users/harika/Desktop/CSYE_7245/Assignment3/FastAPI/vlab/lib/python3.7/site-packages/airflow/example_dags/example_trigger_target_dag.py took 0.589 seconds
[2021-03-30 19:09:14,728] {scheduler_job.py:182} INFO - Started process (PID=20583) to work on /Users/harika/Desktop/CSYE_7245/Assignment3/FastAPI/vlab/lib/python3.7/site-packages/airflow/example_dags/example_trigger_target_dag.py
[2021-03-30 19:09:14,735] {scheduler_job.py:629} INFO - Processing file /Users/harika/Desktop/CSYE_7245/Assignment3/FastAPI/vlab/lib/python3.7/site-packages/airflow/example_dags/example_trigger_target_dag.py for tasks to queue
[2021-03-30 19:09:14,742] {logging_mixin.py:104} INFO - [2021-03-30 19:09:14,739] {dagbag.py:448} INFO - Filling up the DagBag from /Users/harika/Desktop/CSYE_7245/Assignment3/FastAPI/vlab/lib/python3.7/site-packages/airflow/example_dags/example_trigger_target_dag.py
[2021-03-30 19:09:14,783] {scheduler_job.py:639} INFO - DAG(s) dict_keys(['example_trigger_target_dag']) retrieved from /Users/harika/Desktop/CSYE_7245/Assignment3/FastAPI/vlab/lib/python3.7/site-packages/airflow/example_dags/example_trigger_target_dag.py
[2021-03-30 19:09:14,847] {logging_mixin.py:104} INFO - [2021-03-30 19:09:14,846] {dag.py:1818} INFO - Sync 1 DAGs
[2021-03-30 19:09:15,037] {logging_mixin.py:104} INFO - [2021-03-30 19:09:15,025] {dag.py:2273} INFO - Setting next_dagrun for example_trigger_target_dag to None
[2021-03-30 19:09:15,134] {scheduler_job.py:190} INFO - Processing /Users/harika/Desktop/CSYE_7245/Assignment3/FastAPI/vlab/lib/python3.7/site-packages/airflow/example_dags/example_trigger_target_dag.py took 0.416 seconds
[2021-03-30 19:13:09,419] {scheduler_job.py:182} INFO - Started process (PID=20665) to work on /Users/harika/Desktop/CSYE_7245/Assignment3/FastAPI/vlab/lib/python3.7/site-packages/airflow/example_dags/example_trigger_target_dag.py
[2021-03-30 19:13:09,423] {scheduler_job.py:629} INFO - Processing file /Users/harika/Desktop/CSYE_7245/Assignment3/FastAPI/vlab/lib/python3.7/site-packages/airflow/example_dags/example_trigger_target_dag.py for tasks to queue
[2021-03-30 19:13:09,426] {logging_mixin.py:104} INFO - [2021-03-30 19:13:09,425] {dagbag.py:448} INFO - Filling up the DagBag from /Users/harika/Desktop/CSYE_7245/Assignment3/FastAPI/vlab/lib/python3.7/site-packages/airflow/example_dags/example_trigger_target_dag.py
[2021-03-30 19:13:09,460] {scheduler_job.py:639} INFO - DAG(s) dict_keys(['example_trigger_target_dag']) retrieved from /Users/harika/Desktop/CSYE_7245/Assignment3/FastAPI/vlab/lib/python3.7/site-packages/airflow/example_dags/example_trigger_target_dag.py
[2021-03-30 19:13:09,489] {logging_mixin.py:104} INFO - [2021-03-30 19:13:09,488] {dag.py:1818} INFO - Sync 1 DAGs
[2021-03-30 19:13:09,516] {logging_mixin.py:104} INFO - [2021-03-30 19:13:09,515] {dag.py:2273} INFO - Setting next_dagrun for example_trigger_target_dag to None
[2021-03-30 19:13:09,558] {scheduler_job.py:190} INFO - Processing /Users/harika/Desktop/CSYE_7245/Assignment3/FastAPI/vlab/lib/python3.7/site-packages/airflow/example_dags/example_trigger_target_dag.py took 0.145 seconds
[2021-03-30 19:15:51,237] {scheduler_job.py:182} INFO - Started process (PID=20741) to work on /Users/harika/Desktop/CSYE_7245/Assignment3/FastAPI/vlab/lib/python3.7/site-packages/airflow/example_dags/example_trigger_target_dag.py
[2021-03-30 19:15:51,242] {scheduler_job.py:629} INFO - Processing file /Users/harika/Desktop/CSYE_7245/Assignment3/FastAPI/vlab/lib/python3.7/site-packages/airflow/example_dags/example_trigger_target_dag.py for tasks to queue
[2021-03-30 19:15:51,245] {logging_mixin.py:104} INFO - [2021-03-30 19:15:51,244] {dagbag.py:448} INFO - Filling up the DagBag from /Users/harika/Desktop/CSYE_7245/Assignment3/FastAPI/vlab/lib/python3.7/site-packages/airflow/example_dags/example_trigger_target_dag.py
[2021-03-30 19:15:51,265] {scheduler_job.py:639} INFO - DAG(s) dict_keys(['example_trigger_target_dag']) retrieved from /Users/harika/Desktop/CSYE_7245/Assignment3/FastAPI/vlab/lib/python3.7/site-packages/airflow/example_dags/example_trigger_target_dag.py
[2021-03-30 19:15:51,294] {logging_mixin.py:104} INFO - [2021-03-30 19:15:51,292] {dag.py:1818} INFO - Sync 1 DAGs
[2021-03-30 19:15:51,319] {logging_mixin.py:104} INFO - [2021-03-30 19:15:51,318] {dag.py:2273} INFO - Setting next_dagrun for example_trigger_target_dag to None
[2021-03-30 19:15:51,331] {scheduler_job.py:190} INFO - Processing /Users/harika/Desktop/CSYE_7245/Assignment3/FastAPI/vlab/lib/python3.7/site-packages/airflow/example_dags/example_trigger_target_dag.py took 0.107 seconds
[2021-03-30 19:16:29,919] {scheduler_job.py:182} INFO - Started process (PID=20784) to work on /Users/harika/Desktop/CSYE_7245/Assignment3/FastAPI/vlab/lib/python3.7/site-packages/airflow/example_dags/example_trigger_target_dag.py
[2021-03-30 19:16:29,922] {scheduler_job.py:629} INFO - Processing file /Users/harika/Desktop/CSYE_7245/Assignment3/FastAPI/vlab/lib/python3.7/site-packages/airflow/example_dags/example_trigger_target_dag.py for tasks to queue
[2021-03-30 19:16:29,926] {logging_mixin.py:104} INFO - [2021-03-30 19:16:29,925] {dagbag.py:448} INFO - Filling up the DagBag from /Users/harika/Desktop/CSYE_7245/Assignment3/FastAPI/vlab/lib/python3.7/site-packages/airflow/example_dags/example_trigger_target_dag.py
[2021-03-30 19:16:29,962] {scheduler_job.py:639} INFO - DAG(s) dict_keys(['example_trigger_target_dag']) retrieved from /Users/harika/Desktop/CSYE_7245/Assignment3/FastAPI/vlab/lib/python3.7/site-packages/airflow/example_dags/example_trigger_target_dag.py
[2021-03-30 19:16:30,011] {logging_mixin.py:104} INFO - [2021-03-30 19:16:30,008] {dag.py:1818} INFO - Sync 1 DAGs
[2021-03-30 19:16:30,052] {logging_mixin.py:104} INFO - [2021-03-30 19:16:30,051] {dag.py:2273} INFO - Setting next_dagrun for example_trigger_target_dag to None
[2021-03-30 19:16:30,100] {scheduler_job.py:190} INFO - Processing /Users/harika/Desktop/CSYE_7245/Assignment3/FastAPI/vlab/lib/python3.7/site-packages/airflow/example_dags/example_trigger_target_dag.py took 0.188 seconds
[2021-03-30 19:17:05,752] {scheduler_job.py:182} INFO - Started process (PID=20821) to work on /Users/harika/Desktop/CSYE_7245/Assignment3/FastAPI/vlab/lib/python3.7/site-packages/airflow/example_dags/example_trigger_target_dag.py
[2021-03-30 19:17:05,761] {scheduler_job.py:629} INFO - Processing file /Users/harika/Desktop/CSYE_7245/Assignment3/FastAPI/vlab/lib/python3.7/site-packages/airflow/example_dags/example_trigger_target_dag.py for tasks to queue
[2021-03-30 19:17:05,765] {logging_mixin.py:104} INFO - [2021-03-30 19:17:05,763] {dagbag.py:448} INFO - Filling up the DagBag from /Users/harika/Desktop/CSYE_7245/Assignment3/FastAPI/vlab/lib/python3.7/site-packages/airflow/example_dags/example_trigger_target_dag.py
[2021-03-30 19:17:05,782] {scheduler_job.py:639} INFO - DAG(s) dict_keys(['example_trigger_target_dag']) retrieved from /Users/harika/Desktop/CSYE_7245/Assignment3/FastAPI/vlab/lib/python3.7/site-packages/airflow/example_dags/example_trigger_target_dag.py
[2021-03-30 19:17:05,802] {logging_mixin.py:104} INFO - [2021-03-30 19:17:05,802] {dag.py:1818} INFO - Sync 1 DAGs
[2021-03-30 19:17:05,820] {logging_mixin.py:104} INFO - [2021-03-30 19:17:05,819] {dag.py:2273} INFO - Setting next_dagrun for example_trigger_target_dag to None
[2021-03-30 19:17:05,842] {scheduler_job.py:190} INFO - Processing /Users/harika/Desktop/CSYE_7245/Assignment3/FastAPI/vlab/lib/python3.7/site-packages/airflow/example_dags/example_trigger_target_dag.py took 0.097 seconds
[2021-03-30 19:17:38,499] {scheduler_job.py:182} INFO - Started process (PID=20851) to work on /Users/harika/Desktop/CSYE_7245/Assignment3/FastAPI/vlab/lib/python3.7/site-packages/airflow/example_dags/example_trigger_target_dag.py
[2021-03-30 19:17:38,504] {scheduler_job.py:629} INFO - Processing file /Users/harika/Desktop/CSYE_7245/Assignment3/FastAPI/vlab/lib/python3.7/site-packages/airflow/example_dags/example_trigger_target_dag.py for tasks to queue
[2021-03-30 19:17:38,509] {logging_mixin.py:104} INFO - [2021-03-30 19:17:38,506] {dagbag.py:448} INFO - Filling up the DagBag from /Users/harika/Desktop/CSYE_7245/Assignment3/FastAPI/vlab/lib/python3.7/site-packages/airflow/example_dags/example_trigger_target_dag.py
[2021-03-30 19:17:38,531] {scheduler_job.py:639} INFO - DAG(s) dict_keys(['example_trigger_target_dag']) retrieved from /Users/harika/Desktop/CSYE_7245/Assignment3/FastAPI/vlab/lib/python3.7/site-packages/airflow/example_dags/example_trigger_target_dag.py
[2021-03-30 19:17:38,575] {logging_mixin.py:104} INFO - [2021-03-30 19:17:38,574] {dag.py:1818} INFO - Sync 1 DAGs
[2021-03-30 19:17:38,612] {logging_mixin.py:104} INFO - [2021-03-30 19:17:38,611] {dag.py:2273} INFO - Setting next_dagrun for example_trigger_target_dag to None
[2021-03-30 19:17:38,638] {scheduler_job.py:190} INFO - Processing /Users/harika/Desktop/CSYE_7245/Assignment3/FastAPI/vlab/lib/python3.7/site-packages/airflow/example_dags/example_trigger_target_dag.py took 0.154 seconds
[2021-03-30 19:18:16,699] {scheduler_job.py:182} INFO - Started process (PID=20886) to work on /Users/harika/Desktop/CSYE_7245/Assignment3/FastAPI/vlab/lib/python3.7/site-packages/airflow/example_dags/example_trigger_target_dag.py
[2021-03-30 19:18:16,702] {scheduler_job.py:629} INFO - Processing file /Users/harika/Desktop/CSYE_7245/Assignment3/FastAPI/vlab/lib/python3.7/site-packages/airflow/example_dags/example_trigger_target_dag.py for tasks to queue
[2021-03-30 19:18:16,705] {logging_mixin.py:104} INFO - [2021-03-30 19:18:16,704] {dagbag.py:448} INFO - Filling up the DagBag from /Users/harika/Desktop/CSYE_7245/Assignment3/FastAPI/vlab/lib/python3.7/site-packages/airflow/example_dags/example_trigger_target_dag.py
[2021-03-30 19:18:16,723] {scheduler_job.py:639} INFO - DAG(s) dict_keys(['example_trigger_target_dag']) retrieved from /Users/harika/Desktop/CSYE_7245/Assignment3/FastAPI/vlab/lib/python3.7/site-packages/airflow/example_dags/example_trigger_target_dag.py
[2021-03-30 19:18:16,763] {logging_mixin.py:104} INFO - [2021-03-30 19:18:16,762] {dag.py:1818} INFO - Sync 1 DAGs
[2021-03-30 19:18:16,859] {logging_mixin.py:104} INFO - [2021-03-30 19:18:16,855] {dag.py:2273} INFO - Setting next_dagrun for example_trigger_target_dag to None
[2021-03-30 19:18:16,877] {scheduler_job.py:190} INFO - Processing /Users/harika/Desktop/CSYE_7245/Assignment3/FastAPI/vlab/lib/python3.7/site-packages/airflow/example_dags/example_trigger_target_dag.py took 0.183 seconds
[2021-03-30 19:21:48,262] {scheduler_job.py:182} INFO - Started process (PID=20992) to work on /Users/harika/Desktop/CSYE_7245/Assignment3/FastAPI/vlab/lib/python3.7/site-packages/airflow/example_dags/example_trigger_target_dag.py
[2021-03-30 19:21:48,272] {scheduler_job.py:629} INFO - Processing file /Users/harika/Desktop/CSYE_7245/Assignment3/FastAPI/vlab/lib/python3.7/site-packages/airflow/example_dags/example_trigger_target_dag.py for tasks to queue
[2021-03-30 19:21:48,274] {logging_mixin.py:104} INFO - [2021-03-30 19:21:48,274] {dagbag.py:448} INFO - Filling up the DagBag from /Users/harika/Desktop/CSYE_7245/Assignment3/FastAPI/vlab/lib/python3.7/site-packages/airflow/example_dags/example_trigger_target_dag.py
[2021-03-30 19:21:48,317] {scheduler_job.py:639} INFO - DAG(s) dict_keys(['example_trigger_target_dag']) retrieved from /Users/harika/Desktop/CSYE_7245/Assignment3/FastAPI/vlab/lib/python3.7/site-packages/airflow/example_dags/example_trigger_target_dag.py
[2021-03-30 19:21:48,362] {logging_mixin.py:104} INFO - [2021-03-30 19:21:48,361] {dag.py:1818} INFO - Sync 1 DAGs
[2021-03-30 19:21:48,385] {logging_mixin.py:104} INFO - [2021-03-30 19:21:48,383] {dag.py:2273} INFO - Setting next_dagrun for example_trigger_target_dag to None
[2021-03-30 19:21:48,417] {scheduler_job.py:190} INFO - Processing /Users/harika/Desktop/CSYE_7245/Assignment3/FastAPI/vlab/lib/python3.7/site-packages/airflow/example_dags/example_trigger_target_dag.py took 0.161 seconds
[2021-03-30 19:22:31,060] {scheduler_job.py:182} INFO - Started process (PID=21029) to work on /Users/harika/Desktop/CSYE_7245/Assignment3/FastAPI/vlab/lib/python3.7/site-packages/airflow/example_dags/example_trigger_target_dag.py
[2021-03-30 19:22:31,064] {scheduler_job.py:629} INFO - Processing file /Users/harika/Desktop/CSYE_7245/Assignment3/FastAPI/vlab/lib/python3.7/site-packages/airflow/example_dags/example_trigger_target_dag.py for tasks to queue
[2021-03-30 19:22:31,068] {logging_mixin.py:104} INFO - [2021-03-30 19:22:31,066] {dagbag.py:448} INFO - Filling up the DagBag from /Users/harika/Desktop/CSYE_7245/Assignment3/FastAPI/vlab/lib/python3.7/site-packages/airflow/example_dags/example_trigger_target_dag.py
[2021-03-30 19:22:31,098] {scheduler_job.py:639} INFO - DAG(s) dict_keys(['example_trigger_target_dag']) retrieved from /Users/harika/Desktop/CSYE_7245/Assignment3/FastAPI/vlab/lib/python3.7/site-packages/airflow/example_dags/example_trigger_target_dag.py
[2021-03-30 19:22:31,134] {logging_mixin.py:104} INFO - [2021-03-30 19:22:31,134] {dag.py:1818} INFO - Sync 1 DAGs
[2021-03-30 19:22:31,164] {logging_mixin.py:104} INFO - [2021-03-30 19:22:31,163] {dag.py:2273} INFO - Setting next_dagrun for example_trigger_target_dag to None
[2021-03-30 19:22:31,200] {scheduler_job.py:190} INFO - Processing /Users/harika/Desktop/CSYE_7245/Assignment3/FastAPI/vlab/lib/python3.7/site-packages/airflow/example_dags/example_trigger_target_dag.py took 0.147 seconds
[2021-03-30 19:23:15,930] {scheduler_job.py:182} INFO - Started process (PID=21070) to work on /Users/harika/Desktop/CSYE_7245/Assignment3/FastAPI/vlab/lib/python3.7/site-packages/airflow/example_dags/example_trigger_target_dag.py
[2021-03-30 19:23:15,936] {scheduler_job.py:629} INFO - Processing file /Users/harika/Desktop/CSYE_7245/Assignment3/FastAPI/vlab/lib/python3.7/site-packages/airflow/example_dags/example_trigger_target_dag.py for tasks to queue
[2021-03-30 19:23:15,939] {logging_mixin.py:104} INFO - [2021-03-30 19:23:15,938] {dagbag.py:448} INFO - Filling up the DagBag from /Users/harika/Desktop/CSYE_7245/Assignment3/FastAPI/vlab/lib/python3.7/site-packages/airflow/example_dags/example_trigger_target_dag.py
[2021-03-30 19:23:15,993] {scheduler_job.py:639} INFO - DAG(s) dict_keys(['example_trigger_target_dag']) retrieved from /Users/harika/Desktop/CSYE_7245/Assignment3/FastAPI/vlab/lib/python3.7/site-packages/airflow/example_dags/example_trigger_target_dag.py
[2021-03-30 19:23:16,091] {logging_mixin.py:104} INFO - [2021-03-30 19:23:16,091] {dag.py:1818} INFO - Sync 1 DAGs
[2021-03-30 19:23:16,370] {logging_mixin.py:104} INFO - [2021-03-30 19:23:16,369] {dag.py:2273} INFO - Setting next_dagrun for example_trigger_target_dag to None
[2021-03-30 19:23:16,390] {scheduler_job.py:190} INFO - Processing /Users/harika/Desktop/CSYE_7245/Assignment3/FastAPI/vlab/lib/python3.7/site-packages/airflow/example_dags/example_trigger_target_dag.py took 0.507 seconds
[2021-03-30 19:23:46,907] {scheduler_job.py:182} INFO - Started process (PID=21095) to work on /Users/harika/Desktop/CSYE_7245/Assignment3/FastAPI/vlab/lib/python3.7/site-packages/airflow/example_dags/example_trigger_target_dag.py
[2021-03-30 19:23:46,918] {scheduler_job.py:629} INFO - Processing file /Users/harika/Desktop/CSYE_7245/Assignment3/FastAPI/vlab/lib/python3.7/site-packages/airflow/example_dags/example_trigger_target_dag.py for tasks to queue
[2021-03-30 19:23:46,928] {logging_mixin.py:104} INFO - [2021-03-30 19:23:46,926] {dagbag.py:448} INFO - Filling up the DagBag from /Users/harika/Desktop/CSYE_7245/Assignment3/FastAPI/vlab/lib/python3.7/site-packages/airflow/example_dags/example_trigger_target_dag.py
[2021-03-30 19:23:46,991] {scheduler_job.py:639} INFO - DAG(s) dict_keys(['example_trigger_target_dag']) retrieved from /Users/harika/Desktop/CSYE_7245/Assignment3/FastAPI/vlab/lib/python3.7/site-packages/airflow/example_dags/example_trigger_target_dag.py
[2021-03-30 19:23:47,063] {logging_mixin.py:104} INFO - [2021-03-30 19:23:47,061] {dag.py:1818} INFO - Sync 1 DAGs
[2021-03-30 19:23:47,101] {logging_mixin.py:104} INFO - [2021-03-30 19:23:47,100] {dag.py:2273} INFO - Setting next_dagrun for example_trigger_target_dag to None
[2021-03-30 19:23:47,126] {scheduler_job.py:190} INFO - Processing /Users/harika/Desktop/CSYE_7245/Assignment3/FastAPI/vlab/lib/python3.7/site-packages/airflow/example_dags/example_trigger_target_dag.py took 0.225 seconds
[2021-03-30 19:24:22,818] {scheduler_job.py:182} INFO - Started process (PID=21132) to work on /Users/harika/Desktop/CSYE_7245/Assignment3/FastAPI/vlab/lib/python3.7/site-packages/airflow/example_dags/example_trigger_target_dag.py
[2021-03-30 19:24:22,821] {scheduler_job.py:629} INFO - Processing file /Users/harika/Desktop/CSYE_7245/Assignment3/FastAPI/vlab/lib/python3.7/site-packages/airflow/example_dags/example_trigger_target_dag.py for tasks to queue
[2021-03-30 19:24:22,824] {logging_mixin.py:104} INFO - [2021-03-30 19:24:22,823] {dagbag.py:448} INFO - Filling up the DagBag from /Users/harika/Desktop/CSYE_7245/Assignment3/FastAPI/vlab/lib/python3.7/site-packages/airflow/example_dags/example_trigger_target_dag.py
[2021-03-30 19:24:22,862] {scheduler_job.py:639} INFO - DAG(s) dict_keys(['example_trigger_target_dag']) retrieved from /Users/harika/Desktop/CSYE_7245/Assignment3/FastAPI/vlab/lib/python3.7/site-packages/airflow/example_dags/example_trigger_target_dag.py
[2021-03-30 19:24:22,897] {logging_mixin.py:104} INFO - [2021-03-30 19:24:22,896] {dag.py:1818} INFO - Sync 1 DAGs
[2021-03-30 19:24:22,929] {logging_mixin.py:104} INFO - [2021-03-30 19:24:22,928] {dag.py:2273} INFO - Setting next_dagrun for example_trigger_target_dag to None
[2021-03-30 19:24:22,988] {scheduler_job.py:190} INFO - Processing /Users/harika/Desktop/CSYE_7245/Assignment3/FastAPI/vlab/lib/python3.7/site-packages/airflow/example_dags/example_trigger_target_dag.py took 0.179 seconds
[2021-03-30 19:25:00,527] {scheduler_job.py:182} INFO - Started process (PID=21169) to work on /Users/harika/Desktop/CSYE_7245/Assignment3/FastAPI/vlab/lib/python3.7/site-packages/airflow/example_dags/example_trigger_target_dag.py
[2021-03-30 19:25:00,535] {scheduler_job.py:629} INFO - Processing file /Users/harika/Desktop/CSYE_7245/Assignment3/FastAPI/vlab/lib/python3.7/site-packages/airflow/example_dags/example_trigger_target_dag.py for tasks to queue
[2021-03-30 19:25:00,542] {logging_mixin.py:104} INFO - [2021-03-30 19:25:00,541] {dagbag.py:448} INFO - Filling up the DagBag from /Users/harika/Desktop/CSYE_7245/Assignment3/FastAPI/vlab/lib/python3.7/site-packages/airflow/example_dags/example_trigger_target_dag.py
[2021-03-30 19:25:00,647] {scheduler_job.py:639} INFO - DAG(s) dict_keys(['example_trigger_target_dag']) retrieved from /Users/harika/Desktop/CSYE_7245/Assignment3/FastAPI/vlab/lib/python3.7/site-packages/airflow/example_dags/example_trigger_target_dag.py
[2021-03-30 19:25:00,746] {logging_mixin.py:104} INFO - [2021-03-30 19:25:00,745] {dag.py:1818} INFO - Sync 1 DAGs
[2021-03-30 19:25:00,824] {logging_mixin.py:104} INFO - [2021-03-30 19:25:00,822] {dag.py:2273} INFO - Setting next_dagrun for example_trigger_target_dag to None
[2021-03-30 19:25:00,872] {scheduler_job.py:190} INFO - Processing /Users/harika/Desktop/CSYE_7245/Assignment3/FastAPI/vlab/lib/python3.7/site-packages/airflow/example_dags/example_trigger_target_dag.py took 0.361 seconds
[2021-03-30 19:25:36,950] {scheduler_job.py:182} INFO - Started process (PID=21204) to work on /Users/harika/Desktop/CSYE_7245/Assignment3/FastAPI/vlab/lib/python3.7/site-packages/airflow/example_dags/example_trigger_target_dag.py
[2021-03-30 19:25:36,959] {scheduler_job.py:629} INFO - Processing file /Users/harika/Desktop/CSYE_7245/Assignment3/FastAPI/vlab/lib/python3.7/site-packages/airflow/example_dags/example_trigger_target_dag.py for tasks to queue
[2021-03-30 19:25:36,962] {logging_mixin.py:104} INFO - [2021-03-30 19:25:36,961] {dagbag.py:448} INFO - Filling up the DagBag from /Users/harika/Desktop/CSYE_7245/Assignment3/FastAPI/vlab/lib/python3.7/site-packages/airflow/example_dags/example_trigger_target_dag.py
[2021-03-30 19:25:36,996] {scheduler_job.py:639} INFO - DAG(s) dict_keys(['example_trigger_target_dag']) retrieved from /Users/harika/Desktop/CSYE_7245/Assignment3/FastAPI/vlab/lib/python3.7/site-packages/airflow/example_dags/example_trigger_target_dag.py
[2021-03-30 19:25:37,028] {logging_mixin.py:104} INFO - [2021-03-30 19:25:37,027] {dag.py:1818} INFO - Sync 1 DAGs
[2021-03-30 19:25:37,061] {logging_mixin.py:104} INFO - [2021-03-30 19:25:37,061] {dag.py:2273} INFO - Setting next_dagrun for example_trigger_target_dag to None
[2021-03-30 19:25:37,074] {scheduler_job.py:190} INFO - Processing /Users/harika/Desktop/CSYE_7245/Assignment3/FastAPI/vlab/lib/python3.7/site-packages/airflow/example_dags/example_trigger_target_dag.py took 0.130 seconds
[2021-03-30 19:26:17,862] {scheduler_job.py:182} INFO - Started process (PID=21246) to work on /Users/harika/Desktop/CSYE_7245/Assignment3/FastAPI/vlab/lib/python3.7/site-packages/airflow/example_dags/example_trigger_target_dag.py
[2021-03-30 19:26:17,864] {scheduler_job.py:629} INFO - Processing file /Users/harika/Desktop/CSYE_7245/Assignment3/FastAPI/vlab/lib/python3.7/site-packages/airflow/example_dags/example_trigger_target_dag.py for tasks to queue
[2021-03-30 19:26:17,866] {logging_mixin.py:104} INFO - [2021-03-30 19:26:17,865] {dagbag.py:448} INFO - Filling up the DagBag from /Users/harika/Desktop/CSYE_7245/Assignment3/FastAPI/vlab/lib/python3.7/site-packages/airflow/example_dags/example_trigger_target_dag.py
[2021-03-30 19:26:17,889] {scheduler_job.py:639} INFO - DAG(s) dict_keys(['example_trigger_target_dag']) retrieved from /Users/harika/Desktop/CSYE_7245/Assignment3/FastAPI/vlab/lib/python3.7/site-packages/airflow/example_dags/example_trigger_target_dag.py
[2021-03-30 19:26:17,917] {logging_mixin.py:104} INFO - [2021-03-30 19:26:17,916] {dag.py:1818} INFO - Sync 1 DAGs
[2021-03-30 19:26:17,938] {logging_mixin.py:104} INFO - [2021-03-30 19:26:17,936] {dag.py:2273} INFO - Setting next_dagrun for example_trigger_target_dag to None
[2021-03-30 19:26:17,951] {scheduler_job.py:190} INFO - Processing /Users/harika/Desktop/CSYE_7245/Assignment3/FastAPI/vlab/lib/python3.7/site-packages/airflow/example_dags/example_trigger_target_dag.py took 0.095 seconds
[2021-03-30 19:26:54,559] {scheduler_job.py:182} INFO - Started process (PID=21288) to work on /Users/harika/Desktop/CSYE_7245/Assignment3/FastAPI/vlab/lib/python3.7/site-packages/airflow/example_dags/example_trigger_target_dag.py
[2021-03-30 19:26:54,568] {scheduler_job.py:629} INFO - Processing file /Users/harika/Desktop/CSYE_7245/Assignment3/FastAPI/vlab/lib/python3.7/site-packages/airflow/example_dags/example_trigger_target_dag.py for tasks to queue
[2021-03-30 19:26:54,570] {logging_mixin.py:104} INFO - [2021-03-30 19:26:54,570] {dagbag.py:448} INFO - Filling up the DagBag from /Users/harika/Desktop/CSYE_7245/Assignment3/FastAPI/vlab/lib/python3.7/site-packages/airflow/example_dags/example_trigger_target_dag.py
[2021-03-30 19:26:54,601] {scheduler_job.py:639} INFO - DAG(s) dict_keys(['example_trigger_target_dag']) retrieved from /Users/harika/Desktop/CSYE_7245/Assignment3/FastAPI/vlab/lib/python3.7/site-packages/airflow/example_dags/example_trigger_target_dag.py
[2021-03-30 19:26:54,634] {logging_mixin.py:104} INFO - [2021-03-30 19:26:54,633] {dag.py:1818} INFO - Sync 1 DAGs
[2021-03-30 19:26:54,664] {logging_mixin.py:104} INFO - [2021-03-30 19:26:54,663] {dag.py:2273} INFO - Setting next_dagrun for example_trigger_target_dag to None
[2021-03-30 19:26:54,675] {scheduler_job.py:190} INFO - Processing /Users/harika/Desktop/CSYE_7245/Assignment3/FastAPI/vlab/lib/python3.7/site-packages/airflow/example_dags/example_trigger_target_dag.py took 0.123 seconds
[2021-03-30 19:33:08,437] {scheduler_job.py:182} INFO - Started process (PID=21446) to work on /Users/harika/Desktop/CSYE_7245/Assignment3/FastAPI/vlab/lib/python3.7/site-packages/airflow/example_dags/example_trigger_target_dag.py
[2021-03-30 19:33:08,441] {scheduler_job.py:629} INFO - Processing file /Users/harika/Desktop/CSYE_7245/Assignment3/FastAPI/vlab/lib/python3.7/site-packages/airflow/example_dags/example_trigger_target_dag.py for tasks to queue
[2021-03-30 19:33:08,444] {logging_mixin.py:104} INFO - [2021-03-30 19:33:08,443] {dagbag.py:448} INFO - Filling up the DagBag from /Users/harika/Desktop/CSYE_7245/Assignment3/FastAPI/vlab/lib/python3.7/site-packages/airflow/example_dags/example_trigger_target_dag.py
[2021-03-30 19:33:08,490] {scheduler_job.py:639} INFO - DAG(s) dict_keys(['example_trigger_target_dag']) retrieved from /Users/harika/Desktop/CSYE_7245/Assignment3/FastAPI/vlab/lib/python3.7/site-packages/airflow/example_dags/example_trigger_target_dag.py
[2021-03-30 19:33:08,571] {logging_mixin.py:104} INFO - [2021-03-30 19:33:08,570] {dag.py:1818} INFO - Sync 1 DAGs
[2021-03-30 19:33:08,682] {logging_mixin.py:104} INFO - [2021-03-30 19:33:08,681] {dag.py:2273} INFO - Setting next_dagrun for example_trigger_target_dag to None
[2021-03-30 19:33:08,705] {scheduler_job.py:190} INFO - Processing /Users/harika/Desktop/CSYE_7245/Assignment3/FastAPI/vlab/lib/python3.7/site-packages/airflow/example_dags/example_trigger_target_dag.py took 0.278 seconds
[2021-03-30 19:33:46,771] {scheduler_job.py:182} INFO - Started process (PID=21483) to work on /Users/harika/Desktop/CSYE_7245/Assignment3/FastAPI/vlab/lib/python3.7/site-packages/airflow/example_dags/example_trigger_target_dag.py
[2021-03-30 19:33:46,774] {scheduler_job.py:629} INFO - Processing file /Users/harika/Desktop/CSYE_7245/Assignment3/FastAPI/vlab/lib/python3.7/site-packages/airflow/example_dags/example_trigger_target_dag.py for tasks to queue
[2021-03-30 19:33:46,777] {logging_mixin.py:104} INFO - [2021-03-30 19:33:46,776] {dagbag.py:448} INFO - Filling up the DagBag from /Users/harika/Desktop/CSYE_7245/Assignment3/FastAPI/vlab/lib/python3.7/site-packages/airflow/example_dags/example_trigger_target_dag.py
[2021-03-30 19:33:46,829] {scheduler_job.py:639} INFO - DAG(s) dict_keys(['example_trigger_target_dag']) retrieved from /Users/harika/Desktop/CSYE_7245/Assignment3/FastAPI/vlab/lib/python3.7/site-packages/airflow/example_dags/example_trigger_target_dag.py
[2021-03-30 19:33:46,868] {logging_mixin.py:104} INFO - [2021-03-30 19:33:46,867] {dag.py:1818} INFO - Sync 1 DAGs
[2021-03-30 19:33:46,890] {logging_mixin.py:104} INFO - [2021-03-30 19:33:46,890] {dag.py:2273} INFO - Setting next_dagrun for example_trigger_target_dag to None
[2021-03-30 19:33:46,908] {scheduler_job.py:190} INFO - Processing /Users/harika/Desktop/CSYE_7245/Assignment3/FastAPI/vlab/lib/python3.7/site-packages/airflow/example_dags/example_trigger_target_dag.py took 0.143 seconds
[2021-03-30 19:34:19,976] {scheduler_job.py:182} INFO - Started process (PID=21520) to work on /Users/harika/Desktop/CSYE_7245/Assignment3/FastAPI/vlab/lib/python3.7/site-packages/airflow/example_dags/example_trigger_target_dag.py
[2021-03-30 19:34:19,981] {scheduler_job.py:629} INFO - Processing file /Users/harika/Desktop/CSYE_7245/Assignment3/FastAPI/vlab/lib/python3.7/site-packages/airflow/example_dags/example_trigger_target_dag.py for tasks to queue
[2021-03-30 19:34:19,985] {logging_mixin.py:104} INFO - [2021-03-30 19:34:19,983] {dagbag.py:448} INFO - Filling up the DagBag from /Users/harika/Desktop/CSYE_7245/Assignment3/FastAPI/vlab/lib/python3.7/site-packages/airflow/example_dags/example_trigger_target_dag.py
[2021-03-30 19:34:20,037] {scheduler_job.py:639} INFO - DAG(s) dict_keys(['example_trigger_target_dag']) retrieved from /Users/harika/Desktop/CSYE_7245/Assignment3/FastAPI/vlab/lib/python3.7/site-packages/airflow/example_dags/example_trigger_target_dag.py
[2021-03-30 19:34:20,082] {logging_mixin.py:104} INFO - [2021-03-30 19:34:20,081] {dag.py:1818} INFO - Sync 1 DAGs
[2021-03-30 19:34:20,119] {logging_mixin.py:104} INFO - [2021-03-30 19:34:20,118] {dag.py:2273} INFO - Setting next_dagrun for example_trigger_target_dag to None
[2021-03-30 19:34:20,164] {scheduler_job.py:190} INFO - Processing /Users/harika/Desktop/CSYE_7245/Assignment3/FastAPI/vlab/lib/python3.7/site-packages/airflow/example_dags/example_trigger_target_dag.py took 0.194 seconds
[2021-03-30 19:35:04,004] {scheduler_job.py:182} INFO - Started process (PID=21574) to work on /Users/harika/Desktop/CSYE_7245/Assignment3/FastAPI/vlab/lib/python3.7/site-packages/airflow/example_dags/example_trigger_target_dag.py
[2021-03-30 19:35:04,020] {scheduler_job.py:629} INFO - Processing file /Users/harika/Desktop/CSYE_7245/Assignment3/FastAPI/vlab/lib/python3.7/site-packages/airflow/example_dags/example_trigger_target_dag.py for tasks to queue
[2021-03-30 19:35:04,023] {logging_mixin.py:104} INFO - [2021-03-30 19:35:04,022] {dagbag.py:448} INFO - Filling up the DagBag from /Users/harika/Desktop/CSYE_7245/Assignment3/FastAPI/vlab/lib/python3.7/site-packages/airflow/example_dags/example_trigger_target_dag.py
[2021-03-30 19:35:04,059] {scheduler_job.py:639} INFO - DAG(s) dict_keys(['example_trigger_target_dag']) retrieved from /Users/harika/Desktop/CSYE_7245/Assignment3/FastAPI/vlab/lib/python3.7/site-packages/airflow/example_dags/example_trigger_target_dag.py
[2021-03-30 19:35:04,093] {logging_mixin.py:104} INFO - [2021-03-30 19:35:04,092] {dag.py:1818} INFO - Sync 1 DAGs
[2021-03-30 19:35:04,156] {logging_mixin.py:104} INFO - [2021-03-30 19:35:04,155] {dag.py:2273} INFO - Setting next_dagrun for example_trigger_target_dag to None
[2021-03-30 19:35:04,196] {scheduler_job.py:190} INFO - Processing /Users/harika/Desktop/CSYE_7245/Assignment3/FastAPI/vlab/lib/python3.7/site-packages/airflow/example_dags/example_trigger_target_dag.py took 0.202 seconds
[2021-03-30 19:35:38,056] {scheduler_job.py:182} INFO - Started process (PID=21614) to work on /Users/harika/Desktop/CSYE_7245/Assignment3/FastAPI/vlab/lib/python3.7/site-packages/airflow/example_dags/example_trigger_target_dag.py
[2021-03-30 19:35:38,060] {scheduler_job.py:629} INFO - Processing file /Users/harika/Desktop/CSYE_7245/Assignment3/FastAPI/vlab/lib/python3.7/site-packages/airflow/example_dags/example_trigger_target_dag.py for tasks to queue
[2021-03-30 19:35:38,066] {logging_mixin.py:104} INFO - [2021-03-30 19:35:38,064] {dagbag.py:448} INFO - Filling up the DagBag from /Users/harika/Desktop/CSYE_7245/Assignment3/FastAPI/vlab/lib/python3.7/site-packages/airflow/example_dags/example_trigger_target_dag.py
[2021-03-30 19:35:38,125] {scheduler_job.py:639} INFO - DAG(s) dict_keys(['example_trigger_target_dag']) retrieved from /Users/harika/Desktop/CSYE_7245/Assignment3/FastAPI/vlab/lib/python3.7/site-packages/airflow/example_dags/example_trigger_target_dag.py
[2021-03-30 19:35:38,197] {logging_mixin.py:104} INFO - [2021-03-30 19:35:38,196] {dag.py:1818} INFO - Sync 1 DAGs
[2021-03-30 19:35:38,371] {logging_mixin.py:104} INFO - [2021-03-30 19:35:38,356] {dag.py:2273} INFO - Setting next_dagrun for example_trigger_target_dag to None
[2021-03-30 19:35:38,434] {scheduler_job.py:190} INFO - Processing /Users/harika/Desktop/CSYE_7245/Assignment3/FastAPI/vlab/lib/python3.7/site-packages/airflow/example_dags/example_trigger_target_dag.py took 0.392 seconds
[2021-03-30 19:36:25,767] {scheduler_job.py:182} INFO - Started process (PID=21673) to work on /Users/harika/Desktop/CSYE_7245/Assignment3/FastAPI/vlab/lib/python3.7/site-packages/airflow/example_dags/example_trigger_target_dag.py
[2021-03-30 19:36:25,770] {scheduler_job.py:629} INFO - Processing file /Users/harika/Desktop/CSYE_7245/Assignment3/FastAPI/vlab/lib/python3.7/site-packages/airflow/example_dags/example_trigger_target_dag.py for tasks to queue
[2021-03-30 19:36:25,774] {logging_mixin.py:104} INFO - [2021-03-30 19:36:25,773] {dagbag.py:448} INFO - Filling up the DagBag from /Users/harika/Desktop/CSYE_7245/Assignment3/FastAPI/vlab/lib/python3.7/site-packages/airflow/example_dags/example_trigger_target_dag.py
[2021-03-30 19:36:25,813] {scheduler_job.py:639} INFO - DAG(s) dict_keys(['example_trigger_target_dag']) retrieved from /Users/harika/Desktop/CSYE_7245/Assignment3/FastAPI/vlab/lib/python3.7/site-packages/airflow/example_dags/example_trigger_target_dag.py
[2021-03-30 19:36:25,893] {logging_mixin.py:104} INFO - [2021-03-30 19:36:25,890] {dag.py:1818} INFO - Sync 1 DAGs
[2021-03-30 19:36:25,928] {logging_mixin.py:104} INFO - [2021-03-30 19:36:25,927] {dag.py:2273} INFO - Setting next_dagrun for example_trigger_target_dag to None
[2021-03-30 19:36:25,958] {scheduler_job.py:190} INFO - Processing /Users/harika/Desktop/CSYE_7245/Assignment3/FastAPI/vlab/lib/python3.7/site-packages/airflow/example_dags/example_trigger_target_dag.py took 0.200 seconds
[2021-03-30 19:37:09,044] {scheduler_job.py:182} INFO - Started process (PID=21728) to work on /Users/harika/Desktop/CSYE_7245/Assignment3/FastAPI/vlab/lib/python3.7/site-packages/airflow/example_dags/example_trigger_target_dag.py
[2021-03-30 19:37:09,049] {scheduler_job.py:629} INFO - Processing file /Users/harika/Desktop/CSYE_7245/Assignment3/FastAPI/vlab/lib/python3.7/site-packages/airflow/example_dags/example_trigger_target_dag.py for tasks to queue
[2021-03-30 19:37:09,053] {logging_mixin.py:104} INFO - [2021-03-30 19:37:09,052] {dagbag.py:448} INFO - Filling up the DagBag from /Users/harika/Desktop/CSYE_7245/Assignment3/FastAPI/vlab/lib/python3.7/site-packages/airflow/example_dags/example_trigger_target_dag.py
[2021-03-30 19:37:09,100] {scheduler_job.py:639} INFO - DAG(s) dict_keys(['example_trigger_target_dag']) retrieved from /Users/harika/Desktop/CSYE_7245/Assignment3/FastAPI/vlab/lib/python3.7/site-packages/airflow/example_dags/example_trigger_target_dag.py
[2021-03-30 19:37:09,153] {logging_mixin.py:104} INFO - [2021-03-30 19:37:09,148] {dag.py:1818} INFO - Sync 1 DAGs
[2021-03-30 19:37:09,191] {logging_mixin.py:104} INFO - [2021-03-30 19:37:09,190] {dag.py:2273} INFO - Setting next_dagrun for example_trigger_target_dag to None
[2021-03-30 19:37:09,232] {scheduler_job.py:190} INFO - Processing /Users/harika/Desktop/CSYE_7245/Assignment3/FastAPI/vlab/lib/python3.7/site-packages/airflow/example_dags/example_trigger_target_dag.py took 0.200 seconds
[2021-03-30 19:37:53,221] {scheduler_job.py:182} INFO - Started process (PID=21788) to work on /Users/harika/Desktop/CSYE_7245/Assignment3/FastAPI/vlab/lib/python3.7/site-packages/airflow/example_dags/example_trigger_target_dag.py
[2021-03-30 19:37:53,226] {scheduler_job.py:629} INFO - Processing file /Users/harika/Desktop/CSYE_7245/Assignment3/FastAPI/vlab/lib/python3.7/site-packages/airflow/example_dags/example_trigger_target_dag.py for tasks to queue
[2021-03-30 19:37:53,230] {logging_mixin.py:104} INFO - [2021-03-30 19:37:53,228] {dagbag.py:448} INFO - Filling up the DagBag from /Users/harika/Desktop/CSYE_7245/Assignment3/FastAPI/vlab/lib/python3.7/site-packages/airflow/example_dags/example_trigger_target_dag.py
[2021-03-30 19:37:53,298] {scheduler_job.py:639} INFO - DAG(s) dict_keys(['example_trigger_target_dag']) retrieved from /Users/harika/Desktop/CSYE_7245/Assignment3/FastAPI/vlab/lib/python3.7/site-packages/airflow/example_dags/example_trigger_target_dag.py
[2021-03-30 19:37:53,358] {logging_mixin.py:104} INFO - [2021-03-30 19:37:53,357] {dag.py:1818} INFO - Sync 1 DAGs
[2021-03-30 19:37:53,455] {logging_mixin.py:104} INFO - [2021-03-30 19:37:53,448] {dag.py:2273} INFO - Setting next_dagrun for example_trigger_target_dag to None
[2021-03-30 19:37:53,490] {scheduler_job.py:190} INFO - Processing /Users/harika/Desktop/CSYE_7245/Assignment3/FastAPI/vlab/lib/python3.7/site-packages/airflow/example_dags/example_trigger_target_dag.py took 0.277 seconds
[2021-03-30 19:38:32,440] {scheduler_job.py:182} INFO - Started process (PID=21826) to work on /Users/harika/Desktop/CSYE_7245/Assignment3/FastAPI/vlab/lib/python3.7/site-packages/airflow/example_dags/example_trigger_target_dag.py
[2021-03-30 19:38:32,446] {scheduler_job.py:629} INFO - Processing file /Users/harika/Desktop/CSYE_7245/Assignment3/FastAPI/vlab/lib/python3.7/site-packages/airflow/example_dags/example_trigger_target_dag.py for tasks to queue
[2021-03-30 19:38:32,451] {logging_mixin.py:104} INFO - [2021-03-30 19:38:32,449] {dagbag.py:448} INFO - Filling up the DagBag from /Users/harika/Desktop/CSYE_7245/Assignment3/FastAPI/vlab/lib/python3.7/site-packages/airflow/example_dags/example_trigger_target_dag.py
[2021-03-30 19:38:32,483] {scheduler_job.py:639} INFO - DAG(s) dict_keys(['example_trigger_target_dag']) retrieved from /Users/harika/Desktop/CSYE_7245/Assignment3/FastAPI/vlab/lib/python3.7/site-packages/airflow/example_dags/example_trigger_target_dag.py
[2021-03-30 19:38:32,519] {logging_mixin.py:104} INFO - [2021-03-30 19:38:32,518] {dag.py:1818} INFO - Sync 1 DAGs
[2021-03-30 19:38:32,680] {logging_mixin.py:104} INFO - [2021-03-30 19:38:32,679] {dag.py:2273} INFO - Setting next_dagrun for example_trigger_target_dag to None
[2021-03-30 19:38:32,701] {scheduler_job.py:190} INFO - Processing /Users/harika/Desktop/CSYE_7245/Assignment3/FastAPI/vlab/lib/python3.7/site-packages/airflow/example_dags/example_trigger_target_dag.py took 0.268 seconds
[2021-03-30 19:43:11,839] {scheduler_job.py:182} INFO - Started process (PID=21956) to work on /Users/harika/Desktop/CSYE_7245/Assignment3/FastAPI/vlab/lib/python3.7/site-packages/airflow/example_dags/example_trigger_target_dag.py
[2021-03-30 19:43:11,844] {scheduler_job.py:629} INFO - Processing file /Users/harika/Desktop/CSYE_7245/Assignment3/FastAPI/vlab/lib/python3.7/site-packages/airflow/example_dags/example_trigger_target_dag.py for tasks to queue
[2021-03-30 19:43:11,849] {logging_mixin.py:104} INFO - [2021-03-30 19:43:11,848] {dagbag.py:448} INFO - Filling up the DagBag from /Users/harika/Desktop/CSYE_7245/Assignment3/FastAPI/vlab/lib/python3.7/site-packages/airflow/example_dags/example_trigger_target_dag.py
[2021-03-30 19:43:11,878] {scheduler_job.py:639} INFO - DAG(s) dict_keys(['example_trigger_target_dag']) retrieved from /Users/harika/Desktop/CSYE_7245/Assignment3/FastAPI/vlab/lib/python3.7/site-packages/airflow/example_dags/example_trigger_target_dag.py
[2021-03-30 19:43:11,922] {logging_mixin.py:104} INFO - [2021-03-30 19:43:11,921] {dag.py:1818} INFO - Sync 1 DAGs
[2021-03-30 19:43:11,953] {logging_mixin.py:104} INFO - [2021-03-30 19:43:11,953] {dag.py:2273} INFO - Setting next_dagrun for example_trigger_target_dag to None
[2021-03-30 19:43:12,053] {scheduler_job.py:190} INFO - Processing /Users/harika/Desktop/CSYE_7245/Assignment3/FastAPI/vlab/lib/python3.7/site-packages/airflow/example_dags/example_trigger_target_dag.py took 0.222 seconds
[2021-03-30 19:44:02,969] {scheduler_job.py:182} INFO - Started process (PID=22002) to work on /Users/harika/Desktop/CSYE_7245/Assignment3/FastAPI/vlab/lib/python3.7/site-packages/airflow/example_dags/example_trigger_target_dag.py
[2021-03-30 19:44:02,975] {scheduler_job.py:629} INFO - Processing file /Users/harika/Desktop/CSYE_7245/Assignment3/FastAPI/vlab/lib/python3.7/site-packages/airflow/example_dags/example_trigger_target_dag.py for tasks to queue
[2021-03-30 19:44:02,992] {logging_mixin.py:104} INFO - [2021-03-30 19:44:02,978] {dagbag.py:448} INFO - Filling up the DagBag from /Users/harika/Desktop/CSYE_7245/Assignment3/FastAPI/vlab/lib/python3.7/site-packages/airflow/example_dags/example_trigger_target_dag.py
[2021-03-30 19:44:03,210] {scheduler_job.py:639} INFO - DAG(s) dict_keys(['example_trigger_target_dag']) retrieved from /Users/harika/Desktop/CSYE_7245/Assignment3/FastAPI/vlab/lib/python3.7/site-packages/airflow/example_dags/example_trigger_target_dag.py
[2021-03-30 19:44:03,255] {logging_mixin.py:104} INFO - [2021-03-30 19:44:03,254] {dag.py:1818} INFO - Sync 1 DAGs
[2021-03-30 19:44:03,286] {logging_mixin.py:104} INFO - [2021-03-30 19:44:03,285] {dag.py:2273} INFO - Setting next_dagrun for example_trigger_target_dag to None
[2021-03-30 19:44:03,312] {scheduler_job.py:190} INFO - Processing /Users/harika/Desktop/CSYE_7245/Assignment3/FastAPI/vlab/lib/python3.7/site-packages/airflow/example_dags/example_trigger_target_dag.py took 0.362 seconds
[2021-03-30 19:44:50,556] {scheduler_job.py:182} INFO - Started process (PID=22044) to work on /Users/harika/Desktop/CSYE_7245/Assignment3/FastAPI/vlab/lib/python3.7/site-packages/airflow/example_dags/example_trigger_target_dag.py
[2021-03-30 19:44:50,563] {scheduler_job.py:629} INFO - Processing file /Users/harika/Desktop/CSYE_7245/Assignment3/FastAPI/vlab/lib/python3.7/site-packages/airflow/example_dags/example_trigger_target_dag.py for tasks to queue
[2021-03-30 19:44:50,571] {logging_mixin.py:104} INFO - [2021-03-30 19:44:50,566] {dagbag.py:448} INFO - Filling up the DagBag from /Users/harika/Desktop/CSYE_7245/Assignment3/FastAPI/vlab/lib/python3.7/site-packages/airflow/example_dags/example_trigger_target_dag.py
[2021-03-30 19:44:50,605] {scheduler_job.py:639} INFO - DAG(s) dict_keys(['example_trigger_target_dag']) retrieved from /Users/harika/Desktop/CSYE_7245/Assignment3/FastAPI/vlab/lib/python3.7/site-packages/airflow/example_dags/example_trigger_target_dag.py
[2021-03-30 19:44:50,643] {logging_mixin.py:104} INFO - [2021-03-30 19:44:50,642] {dag.py:1818} INFO - Sync 1 DAGs
[2021-03-30 19:44:50,671] {logging_mixin.py:104} INFO - [2021-03-30 19:44:50,670] {dag.py:2273} INFO - Setting next_dagrun for example_trigger_target_dag to None
[2021-03-30 19:44:50,749] {scheduler_job.py:190} INFO - Processing /Users/harika/Desktop/CSYE_7245/Assignment3/FastAPI/vlab/lib/python3.7/site-packages/airflow/example_dags/example_trigger_target_dag.py took 0.214 seconds
[2021-03-30 19:45:40,672] {scheduler_job.py:182} INFO - Started process (PID=22104) to work on /Users/harika/Desktop/CSYE_7245/Assignment3/FastAPI/vlab/lib/python3.7/site-packages/airflow/example_dags/example_trigger_target_dag.py
[2021-03-30 19:45:40,682] {scheduler_job.py:629} INFO - Processing file /Users/harika/Desktop/CSYE_7245/Assignment3/FastAPI/vlab/lib/python3.7/site-packages/airflow/example_dags/example_trigger_target_dag.py for tasks to queue
[2021-03-30 19:45:40,685] {logging_mixin.py:104} INFO - [2021-03-30 19:45:40,684] {dagbag.py:448} INFO - Filling up the DagBag from /Users/harika/Desktop/CSYE_7245/Assignment3/FastAPI/vlab/lib/python3.7/site-packages/airflow/example_dags/example_trigger_target_dag.py
[2021-03-30 19:45:40,727] {scheduler_job.py:639} INFO - DAG(s) dict_keys(['example_trigger_target_dag']) retrieved from /Users/harika/Desktop/CSYE_7245/Assignment3/FastAPI/vlab/lib/python3.7/site-packages/airflow/example_dags/example_trigger_target_dag.py
[2021-03-30 19:45:40,795] {logging_mixin.py:104} INFO - [2021-03-30 19:45:40,792] {dag.py:1818} INFO - Sync 1 DAGs
[2021-03-30 19:45:40,907] {logging_mixin.py:104} INFO - [2021-03-30 19:45:40,906] {dag.py:2273} INFO - Setting next_dagrun for example_trigger_target_dag to None
[2021-03-30 19:45:40,959] {scheduler_job.py:190} INFO - Processing /Users/harika/Desktop/CSYE_7245/Assignment3/FastAPI/vlab/lib/python3.7/site-packages/airflow/example_dags/example_trigger_target_dag.py took 0.297 seconds
[2021-03-30 19:46:25,037] {scheduler_job.py:182} INFO - Started process (PID=22141) to work on /Users/harika/Desktop/CSYE_7245/Assignment3/FastAPI/vlab/lib/python3.7/site-packages/airflow/example_dags/example_trigger_target_dag.py
[2021-03-30 19:46:25,041] {scheduler_job.py:629} INFO - Processing file /Users/harika/Desktop/CSYE_7245/Assignment3/FastAPI/vlab/lib/python3.7/site-packages/airflow/example_dags/example_trigger_target_dag.py for tasks to queue
[2021-03-30 19:46:25,044] {logging_mixin.py:104} INFO - [2021-03-30 19:46:25,044] {dagbag.py:448} INFO - Filling up the DagBag from /Users/harika/Desktop/CSYE_7245/Assignment3/FastAPI/vlab/lib/python3.7/site-packages/airflow/example_dags/example_trigger_target_dag.py
[2021-03-30 19:46:25,072] {scheduler_job.py:639} INFO - DAG(s) dict_keys(['example_trigger_target_dag']) retrieved from /Users/harika/Desktop/CSYE_7245/Assignment3/FastAPI/vlab/lib/python3.7/site-packages/airflow/example_dags/example_trigger_target_dag.py
[2021-03-30 19:46:25,111] {logging_mixin.py:104} INFO - [2021-03-30 19:46:25,110] {dag.py:1818} INFO - Sync 1 DAGs
[2021-03-30 19:46:25,150] {logging_mixin.py:104} INFO - [2021-03-30 19:46:25,150] {dag.py:2273} INFO - Setting next_dagrun for example_trigger_target_dag to None
[2021-03-30 19:46:25,174] {scheduler_job.py:190} INFO - Processing /Users/harika/Desktop/CSYE_7245/Assignment3/FastAPI/vlab/lib/python3.7/site-packages/airflow/example_dags/example_trigger_target_dag.py took 0.148 seconds
[2021-03-30 19:47:06,176] {scheduler_job.py:182} INFO - Started process (PID=22176) to work on /Users/harika/Desktop/CSYE_7245/Assignment3/FastAPI/vlab/lib/python3.7/site-packages/airflow/example_dags/example_trigger_target_dag.py
[2021-03-30 19:47:06,181] {scheduler_job.py:629} INFO - Processing file /Users/harika/Desktop/CSYE_7245/Assignment3/FastAPI/vlab/lib/python3.7/site-packages/airflow/example_dags/example_trigger_target_dag.py for tasks to queue
[2021-03-30 19:47:06,182] {logging_mixin.py:104} INFO - [2021-03-30 19:47:06,182] {dagbag.py:448} INFO - Filling up the DagBag from /Users/harika/Desktop/CSYE_7245/Assignment3/FastAPI/vlab/lib/python3.7/site-packages/airflow/example_dags/example_trigger_target_dag.py
[2021-03-30 19:47:06,206] {scheduler_job.py:639} INFO - DAG(s) dict_keys(['example_trigger_target_dag']) retrieved from /Users/harika/Desktop/CSYE_7245/Assignment3/FastAPI/vlab/lib/python3.7/site-packages/airflow/example_dags/example_trigger_target_dag.py
[2021-03-30 19:47:06,246] {logging_mixin.py:104} INFO - [2021-03-30 19:47:06,244] {dag.py:1818} INFO - Sync 1 DAGs
[2021-03-30 19:47:06,261] {logging_mixin.py:104} INFO - [2021-03-30 19:47:06,261] {dag.py:2273} INFO - Setting next_dagrun for example_trigger_target_dag to None
[2021-03-30 19:47:06,273] {scheduler_job.py:190} INFO - Processing /Users/harika/Desktop/CSYE_7245/Assignment3/FastAPI/vlab/lib/python3.7/site-packages/airflow/example_dags/example_trigger_target_dag.py took 0.103 seconds
[2021-03-30 19:47:49,944] {scheduler_job.py:182} INFO - Started process (PID=22217) to work on /Users/harika/Desktop/CSYE_7245/Assignment3/FastAPI/vlab/lib/python3.7/site-packages/airflow/example_dags/example_trigger_target_dag.py
[2021-03-30 19:47:49,951] {scheduler_job.py:629} INFO - Processing file /Users/harika/Desktop/CSYE_7245/Assignment3/FastAPI/vlab/lib/python3.7/site-packages/airflow/example_dags/example_trigger_target_dag.py for tasks to queue
[2021-03-30 19:47:49,956] {logging_mixin.py:104} INFO - [2021-03-30 19:47:49,955] {dagbag.py:448} INFO - Filling up the DagBag from /Users/harika/Desktop/CSYE_7245/Assignment3/FastAPI/vlab/lib/python3.7/site-packages/airflow/example_dags/example_trigger_target_dag.py
[2021-03-30 19:47:49,997] {scheduler_job.py:639} INFO - DAG(s) dict_keys(['example_trigger_target_dag']) retrieved from /Users/harika/Desktop/CSYE_7245/Assignment3/FastAPI/vlab/lib/python3.7/site-packages/airflow/example_dags/example_trigger_target_dag.py
[2021-03-30 19:47:50,029] {logging_mixin.py:104} INFO - [2021-03-30 19:47:50,028] {dag.py:1818} INFO - Sync 1 DAGs
[2021-03-30 19:47:50,061] {logging_mixin.py:104} INFO - [2021-03-30 19:47:50,060] {dag.py:2273} INFO - Setting next_dagrun for example_trigger_target_dag to None
[2021-03-30 19:47:50,090] {scheduler_job.py:190} INFO - Processing /Users/harika/Desktop/CSYE_7245/Assignment3/FastAPI/vlab/lib/python3.7/site-packages/airflow/example_dags/example_trigger_target_dag.py took 0.152 seconds
[2021-03-30 19:54:04,312] {scheduler_job.py:182} INFO - Started process (PID=22361) to work on /Library/Frameworks/Python.framework/Versions/3.9/lib/python3.9/site-packages/airflow/example_dags/example_trigger_target_dag.py
[2021-03-30 19:54:04,314] {scheduler_job.py:629} INFO - Processing file /Library/Frameworks/Python.framework/Versions/3.9/lib/python3.9/site-packages/airflow/example_dags/example_trigger_target_dag.py for tasks to queue
[2021-03-30 19:54:04,315] {logging_mixin.py:104} INFO - [2021-03-30 19:54:04,314] {dagbag.py:448} INFO - Filling up the DagBag from /Library/Frameworks/Python.framework/Versions/3.9/lib/python3.9/site-packages/airflow/example_dags/example_trigger_target_dag.py
[2021-03-30 19:54:04,344] {scheduler_job.py:639} INFO - DAG(s) dict_keys(['example_trigger_target_dag']) retrieved from /Library/Frameworks/Python.framework/Versions/3.9/lib/python3.9/site-packages/airflow/example_dags/example_trigger_target_dag.py
[2021-03-30 19:54:04,505] {logging_mixin.py:104} INFO - [2021-03-30 19:54:04,504] {dag.py:1818} INFO - Sync 1 DAGs
[2021-03-30 19:54:04,523] {logging_mixin.py:104} INFO - [2021-03-30 19:54:04,523] {dag.py:2273} INFO - Setting next_dagrun for example_trigger_target_dag to None
[2021-03-30 19:54:04,551] {scheduler_job.py:190} INFO - Processing /Library/Frameworks/Python.framework/Versions/3.9/lib/python3.9/site-packages/airflow/example_dags/example_trigger_target_dag.py took 0.240 seconds
[2021-03-30 19:56:49,646] {scheduler_job.py:182} INFO - Started process (PID=22453) to work on /Library/Frameworks/Python.framework/Versions/3.9/lib/python3.9/site-packages/airflow/example_dags/example_trigger_target_dag.py
[2021-03-30 19:56:49,651] {scheduler_job.py:629} INFO - Processing file /Library/Frameworks/Python.framework/Versions/3.9/lib/python3.9/site-packages/airflow/example_dags/example_trigger_target_dag.py for tasks to queue
[2021-03-30 19:56:49,652] {logging_mixin.py:104} INFO - [2021-03-30 19:56:49,651] {dagbag.py:448} INFO - Filling up the DagBag from /Library/Frameworks/Python.framework/Versions/3.9/lib/python3.9/site-packages/airflow/example_dags/example_trigger_target_dag.py
[2021-03-30 19:56:49,711] {scheduler_job.py:639} INFO - DAG(s) dict_keys(['example_trigger_target_dag']) retrieved from /Library/Frameworks/Python.framework/Versions/3.9/lib/python3.9/site-packages/airflow/example_dags/example_trigger_target_dag.py
[2021-03-30 19:56:50,389] {logging_mixin.py:104} INFO - [2021-03-30 19:56:50,389] {dag.py:1818} INFO - Sync 1 DAGs
[2021-03-30 19:56:50,433] {logging_mixin.py:104} INFO - [2021-03-30 19:56:50,433] {dag.py:2273} INFO - Setting next_dagrun for example_trigger_target_dag to None
[2021-03-30 19:56:50,646] {scheduler_job.py:190} INFO - Processing /Library/Frameworks/Python.framework/Versions/3.9/lib/python3.9/site-packages/airflow/example_dags/example_trigger_target_dag.py took 1.001 seconds
[2021-03-30 19:59:01,284] {scheduler_job.py:182} INFO - Started process (PID=22511) to work on /Library/Frameworks/Python.framework/Versions/3.9/lib/python3.9/site-packages/airflow/example_dags/example_trigger_target_dag.py
[2021-03-30 19:59:01,287] {scheduler_job.py:629} INFO - Processing file /Library/Frameworks/Python.framework/Versions/3.9/lib/python3.9/site-packages/airflow/example_dags/example_trigger_target_dag.py for tasks to queue
[2021-03-30 19:59:01,288] {logging_mixin.py:104} INFO - [2021-03-30 19:59:01,288] {dagbag.py:448} INFO - Filling up the DagBag from /Library/Frameworks/Python.framework/Versions/3.9/lib/python3.9/site-packages/airflow/example_dags/example_trigger_target_dag.py
[2021-03-30 19:59:01,311] {scheduler_job.py:639} INFO - DAG(s) dict_keys(['example_trigger_target_dag']) retrieved from /Library/Frameworks/Python.framework/Versions/3.9/lib/python3.9/site-packages/airflow/example_dags/example_trigger_target_dag.py
[2021-03-30 19:59:01,445] {logging_mixin.py:104} INFO - [2021-03-30 19:59:01,444] {dag.py:1818} INFO - Sync 1 DAGs
[2021-03-30 19:59:01,492] {logging_mixin.py:104} INFO - [2021-03-30 19:59:01,492] {dag.py:2273} INFO - Setting next_dagrun for example_trigger_target_dag to None
[2021-03-30 19:59:01,511] {scheduler_job.py:190} INFO - Processing /Library/Frameworks/Python.framework/Versions/3.9/lib/python3.9/site-packages/airflow/example_dags/example_trigger_target_dag.py took 0.228 seconds
