[2021-03-30 19:08:57,666] {scheduler_job.py:182} INFO - Started process (PID=20560) to work on /Users/harika/Desktop/CSYE_7245/Assignment3/FastAPI/vlab/lib/python3.7/site-packages/airflow/example_dags/example_python_operator.py
[2021-03-30 19:08:57,669] {scheduler_job.py:629} INFO - Processing file /Users/harika/Desktop/CSYE_7245/Assignment3/FastAPI/vlab/lib/python3.7/site-packages/airflow/example_dags/example_python_operator.py for tasks to queue
[2021-03-30 19:08:57,671] {logging_mixin.py:104} INFO - [2021-03-30 19:08:57,670] {dagbag.py:448} INFO - Filling up the DagBag from /Users/harika/Desktop/CSYE_7245/Assignment3/FastAPI/vlab/lib/python3.7/site-packages/airflow/example_dags/example_python_operator.py
[2021-03-30 19:08:57,699] {scheduler_job.py:639} INFO - DAG(s) dict_keys(['example_python_operator']) retrieved from /Users/harika/Desktop/CSYE_7245/Assignment3/FastAPI/vlab/lib/python3.7/site-packages/airflow/example_dags/example_python_operator.py
[2021-03-30 19:08:57,729] {logging_mixin.py:104} INFO - [2021-03-30 19:08:57,728] {dag.py:1818} INFO - Sync 1 DAGs
[2021-03-30 19:08:57,749] {logging_mixin.py:104} INFO - [2021-03-30 19:08:57,749] {dag.py:2273} INFO - Setting next_dagrun for example_python_operator to None
[2021-03-30 19:08:57,769] {scheduler_job.py:190} INFO - Processing /Users/harika/Desktop/CSYE_7245/Assignment3/FastAPI/vlab/lib/python3.7/site-packages/airflow/example_dags/example_python_operator.py took 0.110 seconds
[2021-03-30 19:13:03,570] {scheduler_job.py:182} INFO - Started process (PID=20657) to work on /Users/harika/Desktop/CSYE_7245/Assignment3/FastAPI/vlab/lib/python3.7/site-packages/airflow/example_dags/example_python_operator.py
[2021-03-30 19:13:03,573] {scheduler_job.py:629} INFO - Processing file /Users/harika/Desktop/CSYE_7245/Assignment3/FastAPI/vlab/lib/python3.7/site-packages/airflow/example_dags/example_python_operator.py for tasks to queue
[2021-03-30 19:13:03,576] {logging_mixin.py:104} INFO - [2021-03-30 19:13:03,575] {dagbag.py:448} INFO - Filling up the DagBag from /Users/harika/Desktop/CSYE_7245/Assignment3/FastAPI/vlab/lib/python3.7/site-packages/airflow/example_dags/example_python_operator.py
[2021-03-30 19:13:03,607] {scheduler_job.py:639} INFO - DAG(s) dict_keys(['example_python_operator']) retrieved from /Users/harika/Desktop/CSYE_7245/Assignment3/FastAPI/vlab/lib/python3.7/site-packages/airflow/example_dags/example_python_operator.py
[2021-03-30 19:13:03,719] {logging_mixin.py:104} INFO - [2021-03-30 19:13:03,718] {dag.py:1818} INFO - Sync 1 DAGs
[2021-03-30 19:13:03,781] {logging_mixin.py:104} INFO - [2021-03-30 19:13:03,770] {dag.py:2273} INFO - Setting next_dagrun for example_python_operator to None
[2021-03-30 19:13:03,835] {scheduler_job.py:190} INFO - Processing /Users/harika/Desktop/CSYE_7245/Assignment3/FastAPI/vlab/lib/python3.7/site-packages/airflow/example_dags/example_python_operator.py took 0.275 seconds
[2021-03-30 19:15:47,231] {scheduler_job.py:182} INFO - Started process (PID=20737) to work on /Users/harika/Desktop/CSYE_7245/Assignment3/FastAPI/vlab/lib/python3.7/site-packages/airflow/example_dags/example_python_operator.py
[2021-03-30 19:15:47,234] {scheduler_job.py:629} INFO - Processing file /Users/harika/Desktop/CSYE_7245/Assignment3/FastAPI/vlab/lib/python3.7/site-packages/airflow/example_dags/example_python_operator.py for tasks to queue
[2021-03-30 19:15:47,236] {logging_mixin.py:104} INFO - [2021-03-30 19:15:47,235] {dagbag.py:448} INFO - Filling up the DagBag from /Users/harika/Desktop/CSYE_7245/Assignment3/FastAPI/vlab/lib/python3.7/site-packages/airflow/example_dags/example_python_operator.py
[2021-03-30 19:15:47,249] {scheduler_job.py:639} INFO - DAG(s) dict_keys(['example_python_operator']) retrieved from /Users/harika/Desktop/CSYE_7245/Assignment3/FastAPI/vlab/lib/python3.7/site-packages/airflow/example_dags/example_python_operator.py
[2021-03-30 19:15:47,283] {logging_mixin.py:104} INFO - [2021-03-30 19:15:47,281] {dag.py:1818} INFO - Sync 1 DAGs
[2021-03-30 19:15:47,298] {logging_mixin.py:104} INFO - [2021-03-30 19:15:47,298] {dag.py:2273} INFO - Setting next_dagrun for example_python_operator to None
[2021-03-30 19:15:47,316] {scheduler_job.py:190} INFO - Processing /Users/harika/Desktop/CSYE_7245/Assignment3/FastAPI/vlab/lib/python3.7/site-packages/airflow/example_dags/example_python_operator.py took 0.093 seconds
[2021-03-30 19:16:20,179] {scheduler_job.py:182} INFO - Started process (PID=20769) to work on /Users/harika/Desktop/CSYE_7245/Assignment3/FastAPI/vlab/lib/python3.7/site-packages/airflow/example_dags/example_python_operator.py
[2021-03-30 19:16:20,183] {scheduler_job.py:629} INFO - Processing file /Users/harika/Desktop/CSYE_7245/Assignment3/FastAPI/vlab/lib/python3.7/site-packages/airflow/example_dags/example_python_operator.py for tasks to queue
[2021-03-30 19:16:20,188] {logging_mixin.py:104} INFO - [2021-03-30 19:16:20,187] {dagbag.py:448} INFO - Filling up the DagBag from /Users/harika/Desktop/CSYE_7245/Assignment3/FastAPI/vlab/lib/python3.7/site-packages/airflow/example_dags/example_python_operator.py
[2021-03-30 19:16:20,212] {scheduler_job.py:639} INFO - DAG(s) dict_keys(['example_python_operator']) retrieved from /Users/harika/Desktop/CSYE_7245/Assignment3/FastAPI/vlab/lib/python3.7/site-packages/airflow/example_dags/example_python_operator.py
[2021-03-30 19:16:20,314] {logging_mixin.py:104} INFO - [2021-03-30 19:16:20,258] {dag.py:1818} INFO - Sync 1 DAGs
[2021-03-30 19:16:20,520] {logging_mixin.py:104} INFO - [2021-03-30 19:16:20,519] {dag.py:2273} INFO - Setting next_dagrun for example_python_operator to None
[2021-03-30 19:16:20,678] {scheduler_job.py:190} INFO - Processing /Users/harika/Desktop/CSYE_7245/Assignment3/FastAPI/vlab/lib/python3.7/site-packages/airflow/example_dags/example_python_operator.py took 0.519 seconds
[2021-03-30 19:16:56,564] {scheduler_job.py:182} INFO - Started process (PID=20813) to work on /Users/harika/Desktop/CSYE_7245/Assignment3/FastAPI/vlab/lib/python3.7/site-packages/airflow/example_dags/example_python_operator.py
[2021-03-30 19:16:56,569] {scheduler_job.py:629} INFO - Processing file /Users/harika/Desktop/CSYE_7245/Assignment3/FastAPI/vlab/lib/python3.7/site-packages/airflow/example_dags/example_python_operator.py for tasks to queue
[2021-03-30 19:16:56,572] {logging_mixin.py:104} INFO - [2021-03-30 19:16:56,571] {dagbag.py:448} INFO - Filling up the DagBag from /Users/harika/Desktop/CSYE_7245/Assignment3/FastAPI/vlab/lib/python3.7/site-packages/airflow/example_dags/example_python_operator.py
[2021-03-30 19:16:56,598] {scheduler_job.py:639} INFO - DAG(s) dict_keys(['example_python_operator']) retrieved from /Users/harika/Desktop/CSYE_7245/Assignment3/FastAPI/vlab/lib/python3.7/site-packages/airflow/example_dags/example_python_operator.py
[2021-03-30 19:16:56,636] {logging_mixin.py:104} INFO - [2021-03-30 19:16:56,635] {dag.py:1818} INFO - Sync 1 DAGs
[2021-03-30 19:16:56,669] {logging_mixin.py:104} INFO - [2021-03-30 19:16:56,668] {dag.py:2273} INFO - Setting next_dagrun for example_python_operator to None
[2021-03-30 19:16:56,695] {scheduler_job.py:190} INFO - Processing /Users/harika/Desktop/CSYE_7245/Assignment3/FastAPI/vlab/lib/python3.7/site-packages/airflow/example_dags/example_python_operator.py took 0.140 seconds
[2021-03-30 19:17:34,570] {scheduler_job.py:182} INFO - Started process (PID=20845) to work on /Users/harika/Desktop/CSYE_7245/Assignment3/FastAPI/vlab/lib/python3.7/site-packages/airflow/example_dags/example_python_operator.py
[2021-03-30 19:17:34,576] {scheduler_job.py:629} INFO - Processing file /Users/harika/Desktop/CSYE_7245/Assignment3/FastAPI/vlab/lib/python3.7/site-packages/airflow/example_dags/example_python_operator.py for tasks to queue
[2021-03-30 19:17:34,579] {logging_mixin.py:104} INFO - [2021-03-30 19:17:34,578] {dagbag.py:448} INFO - Filling up the DagBag from /Users/harika/Desktop/CSYE_7245/Assignment3/FastAPI/vlab/lib/python3.7/site-packages/airflow/example_dags/example_python_operator.py
[2021-03-30 19:17:34,598] {scheduler_job.py:639} INFO - DAG(s) dict_keys(['example_python_operator']) retrieved from /Users/harika/Desktop/CSYE_7245/Assignment3/FastAPI/vlab/lib/python3.7/site-packages/airflow/example_dags/example_python_operator.py
[2021-03-30 19:17:34,617] {logging_mixin.py:104} INFO - [2021-03-30 19:17:34,617] {dag.py:1818} INFO - Sync 1 DAGs
[2021-03-30 19:17:34,635] {logging_mixin.py:104} INFO - [2021-03-30 19:17:34,634] {dag.py:2273} INFO - Setting next_dagrun for example_python_operator to None
[2021-03-30 19:17:34,657] {scheduler_job.py:190} INFO - Processing /Users/harika/Desktop/CSYE_7245/Assignment3/FastAPI/vlab/lib/python3.7/site-packages/airflow/example_dags/example_python_operator.py took 0.095 seconds
[2021-03-30 19:18:12,813] {scheduler_job.py:182} INFO - Started process (PID=20883) to work on /Users/harika/Desktop/CSYE_7245/Assignment3/FastAPI/vlab/lib/python3.7/site-packages/airflow/example_dags/example_python_operator.py
[2021-03-30 19:18:12,817] {scheduler_job.py:629} INFO - Processing file /Users/harika/Desktop/CSYE_7245/Assignment3/FastAPI/vlab/lib/python3.7/site-packages/airflow/example_dags/example_python_operator.py for tasks to queue
[2021-03-30 19:18:12,834] {logging_mixin.py:104} INFO - [2021-03-30 19:18:12,820] {dagbag.py:448} INFO - Filling up the DagBag from /Users/harika/Desktop/CSYE_7245/Assignment3/FastAPI/vlab/lib/python3.7/site-packages/airflow/example_dags/example_python_operator.py
[2021-03-30 19:18:12,862] {scheduler_job.py:639} INFO - DAG(s) dict_keys(['example_python_operator']) retrieved from /Users/harika/Desktop/CSYE_7245/Assignment3/FastAPI/vlab/lib/python3.7/site-packages/airflow/example_dags/example_python_operator.py
[2021-03-30 19:18:13,027] {logging_mixin.py:104} INFO - [2021-03-30 19:18:13,025] {dag.py:1818} INFO - Sync 1 DAGs
[2021-03-30 19:18:13,089] {logging_mixin.py:104} INFO - [2021-03-30 19:18:13,088] {dag.py:2273} INFO - Setting next_dagrun for example_python_operator to None
[2021-03-30 19:18:13,123] {scheduler_job.py:190} INFO - Processing /Users/harika/Desktop/CSYE_7245/Assignment3/FastAPI/vlab/lib/python3.7/site-packages/airflow/example_dags/example_python_operator.py took 0.320 seconds
[2021-03-30 19:21:52,264] {scheduler_job.py:182} INFO - Started process (PID=20998) to work on /Users/harika/Desktop/CSYE_7245/Assignment3/FastAPI/vlab/lib/python3.7/site-packages/airflow/example_dags/example_python_operator.py
[2021-03-30 19:21:52,267] {scheduler_job.py:629} INFO - Processing file /Users/harika/Desktop/CSYE_7245/Assignment3/FastAPI/vlab/lib/python3.7/site-packages/airflow/example_dags/example_python_operator.py for tasks to queue
[2021-03-30 19:21:52,270] {logging_mixin.py:104} INFO - [2021-03-30 19:21:52,269] {dagbag.py:448} INFO - Filling up the DagBag from /Users/harika/Desktop/CSYE_7245/Assignment3/FastAPI/vlab/lib/python3.7/site-packages/airflow/example_dags/example_python_operator.py
[2021-03-30 19:21:52,321] {scheduler_job.py:639} INFO - DAG(s) dict_keys(['example_python_operator']) retrieved from /Users/harika/Desktop/CSYE_7245/Assignment3/FastAPI/vlab/lib/python3.7/site-packages/airflow/example_dags/example_python_operator.py
[2021-03-30 19:21:52,396] {logging_mixin.py:104} INFO - [2021-03-30 19:21:52,394] {dag.py:1818} INFO - Sync 1 DAGs
[2021-03-30 19:21:52,433] {logging_mixin.py:104} INFO - [2021-03-30 19:21:52,432] {dag.py:2273} INFO - Setting next_dagrun for example_python_operator to None
[2021-03-30 19:21:52,584] {scheduler_job.py:190} INFO - Processing /Users/harika/Desktop/CSYE_7245/Assignment3/FastAPI/vlab/lib/python3.7/site-packages/airflow/example_dags/example_python_operator.py took 0.334 seconds
[2021-03-30 19:22:26,873] {scheduler_job.py:182} INFO - Started process (PID=21026) to work on /Users/harika/Desktop/CSYE_7245/Assignment3/FastAPI/vlab/lib/python3.7/site-packages/airflow/example_dags/example_python_operator.py
[2021-03-30 19:22:26,877] {scheduler_job.py:629} INFO - Processing file /Users/harika/Desktop/CSYE_7245/Assignment3/FastAPI/vlab/lib/python3.7/site-packages/airflow/example_dags/example_python_operator.py for tasks to queue
[2021-03-30 19:22:26,880] {logging_mixin.py:104} INFO - [2021-03-30 19:22:26,879] {dagbag.py:448} INFO - Filling up the DagBag from /Users/harika/Desktop/CSYE_7245/Assignment3/FastAPI/vlab/lib/python3.7/site-packages/airflow/example_dags/example_python_operator.py
[2021-03-30 19:22:26,919] {scheduler_job.py:639} INFO - DAG(s) dict_keys(['example_python_operator']) retrieved from /Users/harika/Desktop/CSYE_7245/Assignment3/FastAPI/vlab/lib/python3.7/site-packages/airflow/example_dags/example_python_operator.py
[2021-03-30 19:22:27,000] {logging_mixin.py:104} INFO - [2021-03-30 19:22:26,998] {dag.py:1818} INFO - Sync 1 DAGs
[2021-03-30 19:22:27,033] {logging_mixin.py:104} INFO - [2021-03-30 19:22:27,031] {dag.py:2273} INFO - Setting next_dagrun for example_python_operator to None
[2021-03-30 19:22:27,054] {scheduler_job.py:190} INFO - Processing /Users/harika/Desktop/CSYE_7245/Assignment3/FastAPI/vlab/lib/python3.7/site-packages/airflow/example_dags/example_python_operator.py took 0.189 seconds
[2021-03-30 19:23:11,264] {scheduler_job.py:182} INFO - Started process (PID=21066) to work on /Users/harika/Desktop/CSYE_7245/Assignment3/FastAPI/vlab/lib/python3.7/site-packages/airflow/example_dags/example_python_operator.py
[2021-03-30 19:23:11,268] {scheduler_job.py:629} INFO - Processing file /Users/harika/Desktop/CSYE_7245/Assignment3/FastAPI/vlab/lib/python3.7/site-packages/airflow/example_dags/example_python_operator.py for tasks to queue
[2021-03-30 19:23:11,270] {logging_mixin.py:104} INFO - [2021-03-30 19:23:11,269] {dagbag.py:448} INFO - Filling up the DagBag from /Users/harika/Desktop/CSYE_7245/Assignment3/FastAPI/vlab/lib/python3.7/site-packages/airflow/example_dags/example_python_operator.py
[2021-03-30 19:23:11,330] {scheduler_job.py:639} INFO - DAG(s) dict_keys(['example_python_operator']) retrieved from /Users/harika/Desktop/CSYE_7245/Assignment3/FastAPI/vlab/lib/python3.7/site-packages/airflow/example_dags/example_python_operator.py
[2021-03-30 19:23:11,377] {logging_mixin.py:104} INFO - [2021-03-30 19:23:11,376] {dag.py:1818} INFO - Sync 1 DAGs
[2021-03-30 19:23:11,469] {logging_mixin.py:104} INFO - [2021-03-30 19:23:11,468] {dag.py:2273} INFO - Setting next_dagrun for example_python_operator to None
[2021-03-30 19:23:11,515] {scheduler_job.py:190} INFO - Processing /Users/harika/Desktop/CSYE_7245/Assignment3/FastAPI/vlab/lib/python3.7/site-packages/airflow/example_dags/example_python_operator.py took 0.270 seconds
[2021-03-30 19:23:56,297] {scheduler_job.py:182} INFO - Started process (PID=21108) to work on /Users/harika/Desktop/CSYE_7245/Assignment3/FastAPI/vlab/lib/python3.7/site-packages/airflow/example_dags/example_python_operator.py
[2021-03-30 19:23:56,301] {scheduler_job.py:629} INFO - Processing file /Users/harika/Desktop/CSYE_7245/Assignment3/FastAPI/vlab/lib/python3.7/site-packages/airflow/example_dags/example_python_operator.py for tasks to queue
[2021-03-30 19:23:56,305] {logging_mixin.py:104} INFO - [2021-03-30 19:23:56,303] {dagbag.py:448} INFO - Filling up the DagBag from /Users/harika/Desktop/CSYE_7245/Assignment3/FastAPI/vlab/lib/python3.7/site-packages/airflow/example_dags/example_python_operator.py
[2021-03-30 19:23:56,336] {scheduler_job.py:639} INFO - DAG(s) dict_keys(['example_python_operator']) retrieved from /Users/harika/Desktop/CSYE_7245/Assignment3/FastAPI/vlab/lib/python3.7/site-packages/airflow/example_dags/example_python_operator.py
[2021-03-30 19:23:56,373] {logging_mixin.py:104} INFO - [2021-03-30 19:23:56,372] {dag.py:1818} INFO - Sync 1 DAGs
[2021-03-30 19:23:56,413] {logging_mixin.py:104} INFO - [2021-03-30 19:23:56,413] {dag.py:2273} INFO - Setting next_dagrun for example_python_operator to None
[2021-03-30 19:23:56,439] {scheduler_job.py:190} INFO - Processing /Users/harika/Desktop/CSYE_7245/Assignment3/FastAPI/vlab/lib/python3.7/site-packages/airflow/example_dags/example_python_operator.py took 0.149 seconds
[2021-03-30 19:24:32,510] {scheduler_job.py:182} INFO - Started process (PID=21142) to work on /Users/harika/Desktop/CSYE_7245/Assignment3/FastAPI/vlab/lib/python3.7/site-packages/airflow/example_dags/example_python_operator.py
[2021-03-30 19:24:32,513] {scheduler_job.py:629} INFO - Processing file /Users/harika/Desktop/CSYE_7245/Assignment3/FastAPI/vlab/lib/python3.7/site-packages/airflow/example_dags/example_python_operator.py for tasks to queue
[2021-03-30 19:24:32,515] {logging_mixin.py:104} INFO - [2021-03-30 19:24:32,514] {dagbag.py:448} INFO - Filling up the DagBag from /Users/harika/Desktop/CSYE_7245/Assignment3/FastAPI/vlab/lib/python3.7/site-packages/airflow/example_dags/example_python_operator.py
[2021-03-30 19:24:32,551] {scheduler_job.py:639} INFO - DAG(s) dict_keys(['example_python_operator']) retrieved from /Users/harika/Desktop/CSYE_7245/Assignment3/FastAPI/vlab/lib/python3.7/site-packages/airflow/example_dags/example_python_operator.py
[2021-03-30 19:24:32,582] {logging_mixin.py:104} INFO - [2021-03-30 19:24:32,581] {dag.py:1818} INFO - Sync 1 DAGs
[2021-03-30 19:24:32,616] {logging_mixin.py:104} INFO - [2021-03-30 19:24:32,615] {dag.py:2273} INFO - Setting next_dagrun for example_python_operator to None
[2021-03-30 19:24:32,638] {scheduler_job.py:190} INFO - Processing /Users/harika/Desktop/CSYE_7245/Assignment3/FastAPI/vlab/lib/python3.7/site-packages/airflow/example_dags/example_python_operator.py took 0.136 seconds
[2021-03-30 19:25:12,647] {scheduler_job.py:182} INFO - Started process (PID=21179) to work on /Users/harika/Desktop/CSYE_7245/Assignment3/FastAPI/vlab/lib/python3.7/site-packages/airflow/example_dags/example_python_operator.py
[2021-03-30 19:25:12,651] {scheduler_job.py:629} INFO - Processing file /Users/harika/Desktop/CSYE_7245/Assignment3/FastAPI/vlab/lib/python3.7/site-packages/airflow/example_dags/example_python_operator.py for tasks to queue
[2021-03-30 19:25:12,653] {logging_mixin.py:104} INFO - [2021-03-30 19:25:12,652] {dagbag.py:448} INFO - Filling up the DagBag from /Users/harika/Desktop/CSYE_7245/Assignment3/FastAPI/vlab/lib/python3.7/site-packages/airflow/example_dags/example_python_operator.py
[2021-03-30 19:25:12,694] {scheduler_job.py:639} INFO - DAG(s) dict_keys(['example_python_operator']) retrieved from /Users/harika/Desktop/CSYE_7245/Assignment3/FastAPI/vlab/lib/python3.7/site-packages/airflow/example_dags/example_python_operator.py
[2021-03-30 19:25:12,719] {logging_mixin.py:104} INFO - [2021-03-30 19:25:12,719] {dag.py:1818} INFO - Sync 1 DAGs
[2021-03-30 19:25:12,767] {logging_mixin.py:104} INFO - [2021-03-30 19:25:12,767] {dag.py:2273} INFO - Setting next_dagrun for example_python_operator to None
[2021-03-30 19:25:12,786] {scheduler_job.py:190} INFO - Processing /Users/harika/Desktop/CSYE_7245/Assignment3/FastAPI/vlab/lib/python3.7/site-packages/airflow/example_dags/example_python_operator.py took 0.145 seconds
[2021-03-30 19:25:57,010] {scheduler_job.py:182} INFO - Started process (PID=21224) to work on /Users/harika/Desktop/CSYE_7245/Assignment3/FastAPI/vlab/lib/python3.7/site-packages/airflow/example_dags/example_python_operator.py
[2021-03-30 19:25:57,015] {scheduler_job.py:629} INFO - Processing file /Users/harika/Desktop/CSYE_7245/Assignment3/FastAPI/vlab/lib/python3.7/site-packages/airflow/example_dags/example_python_operator.py for tasks to queue
[2021-03-30 19:25:57,018] {logging_mixin.py:104} INFO - [2021-03-30 19:25:57,017] {dagbag.py:448} INFO - Filling up the DagBag from /Users/harika/Desktop/CSYE_7245/Assignment3/FastAPI/vlab/lib/python3.7/site-packages/airflow/example_dags/example_python_operator.py
[2021-03-30 19:25:57,054] {scheduler_job.py:639} INFO - DAG(s) dict_keys(['example_python_operator']) retrieved from /Users/harika/Desktop/CSYE_7245/Assignment3/FastAPI/vlab/lib/python3.7/site-packages/airflow/example_dags/example_python_operator.py
[2021-03-30 19:25:57,114] {logging_mixin.py:104} INFO - [2021-03-30 19:25:57,113] {dag.py:1818} INFO - Sync 1 DAGs
[2021-03-30 19:25:57,186] {logging_mixin.py:104} INFO - [2021-03-30 19:25:57,185] {dag.py:2273} INFO - Setting next_dagrun for example_python_operator to None
[2021-03-30 19:25:57,271] {scheduler_job.py:190} INFO - Processing /Users/harika/Desktop/CSYE_7245/Assignment3/FastAPI/vlab/lib/python3.7/site-packages/airflow/example_dags/example_python_operator.py took 0.266 seconds
[2021-03-30 19:26:40,551] {scheduler_job.py:182} INFO - Started process (PID=21270) to work on /Users/harika/Desktop/CSYE_7245/Assignment3/FastAPI/vlab/lib/python3.7/site-packages/airflow/example_dags/example_python_operator.py
[2021-03-30 19:26:40,555] {scheduler_job.py:629} INFO - Processing file /Users/harika/Desktop/CSYE_7245/Assignment3/FastAPI/vlab/lib/python3.7/site-packages/airflow/example_dags/example_python_operator.py for tasks to queue
[2021-03-30 19:26:40,557] {logging_mixin.py:104} INFO - [2021-03-30 19:26:40,557] {dagbag.py:448} INFO - Filling up the DagBag from /Users/harika/Desktop/CSYE_7245/Assignment3/FastAPI/vlab/lib/python3.7/site-packages/airflow/example_dags/example_python_operator.py
[2021-03-30 19:26:40,588] {scheduler_job.py:639} INFO - DAG(s) dict_keys(['example_python_operator']) retrieved from /Users/harika/Desktop/CSYE_7245/Assignment3/FastAPI/vlab/lib/python3.7/site-packages/airflow/example_dags/example_python_operator.py
[2021-03-30 19:26:40,611] {logging_mixin.py:104} INFO - [2021-03-30 19:26:40,611] {dag.py:1818} INFO - Sync 1 DAGs
[2021-03-30 19:26:40,635] {logging_mixin.py:104} INFO - [2021-03-30 19:26:40,633] {dag.py:2273} INFO - Setting next_dagrun for example_python_operator to None
[2021-03-30 19:26:40,646] {scheduler_job.py:190} INFO - Processing /Users/harika/Desktop/CSYE_7245/Assignment3/FastAPI/vlab/lib/python3.7/site-packages/airflow/example_dags/example_python_operator.py took 0.101 seconds
[2021-03-30 19:33:01,370] {scheduler_job.py:182} INFO - Started process (PID=21427) to work on /Users/harika/Desktop/CSYE_7245/Assignment3/FastAPI/vlab/lib/python3.7/site-packages/airflow/example_dags/example_python_operator.py
[2021-03-30 19:33:01,376] {scheduler_job.py:629} INFO - Processing file /Users/harika/Desktop/CSYE_7245/Assignment3/FastAPI/vlab/lib/python3.7/site-packages/airflow/example_dags/example_python_operator.py for tasks to queue
[2021-03-30 19:33:01,380] {logging_mixin.py:104} INFO - [2021-03-30 19:33:01,379] {dagbag.py:448} INFO - Filling up the DagBag from /Users/harika/Desktop/CSYE_7245/Assignment3/FastAPI/vlab/lib/python3.7/site-packages/airflow/example_dags/example_python_operator.py
[2021-03-30 19:33:01,414] {scheduler_job.py:639} INFO - DAG(s) dict_keys(['example_python_operator']) retrieved from /Users/harika/Desktop/CSYE_7245/Assignment3/FastAPI/vlab/lib/python3.7/site-packages/airflow/example_dags/example_python_operator.py
[2021-03-30 19:33:01,463] {logging_mixin.py:104} INFO - [2021-03-30 19:33:01,462] {dag.py:1818} INFO - Sync 1 DAGs
[2021-03-30 19:33:01,568] {logging_mixin.py:104} INFO - [2021-03-30 19:33:01,568] {dag.py:2273} INFO - Setting next_dagrun for example_python_operator to None
[2021-03-30 19:33:01,634] {scheduler_job.py:190} INFO - Processing /Users/harika/Desktop/CSYE_7245/Assignment3/FastAPI/vlab/lib/python3.7/site-packages/airflow/example_dags/example_python_operator.py took 0.271 seconds
[2021-03-30 19:33:39,172] {scheduler_job.py:182} INFO - Started process (PID=21477) to work on /Users/harika/Desktop/CSYE_7245/Assignment3/FastAPI/vlab/lib/python3.7/site-packages/airflow/example_dags/example_python_operator.py
[2021-03-30 19:33:39,181] {scheduler_job.py:629} INFO - Processing file /Users/harika/Desktop/CSYE_7245/Assignment3/FastAPI/vlab/lib/python3.7/site-packages/airflow/example_dags/example_python_operator.py for tasks to queue
[2021-03-30 19:33:39,188] {logging_mixin.py:104} INFO - [2021-03-30 19:33:39,186] {dagbag.py:448} INFO - Filling up the DagBag from /Users/harika/Desktop/CSYE_7245/Assignment3/FastAPI/vlab/lib/python3.7/site-packages/airflow/example_dags/example_python_operator.py
[2021-03-30 19:33:39,248] {scheduler_job.py:639} INFO - DAG(s) dict_keys(['example_python_operator']) retrieved from /Users/harika/Desktop/CSYE_7245/Assignment3/FastAPI/vlab/lib/python3.7/site-packages/airflow/example_dags/example_python_operator.py
[2021-03-30 19:33:39,287] {logging_mixin.py:104} INFO - [2021-03-30 19:33:39,286] {dag.py:1818} INFO - Sync 1 DAGs
[2021-03-30 19:33:39,326] {logging_mixin.py:104} INFO - [2021-03-30 19:33:39,325] {dag.py:2273} INFO - Setting next_dagrun for example_python_operator to None
[2021-03-30 19:33:39,400] {scheduler_job.py:190} INFO - Processing /Users/harika/Desktop/CSYE_7245/Assignment3/FastAPI/vlab/lib/python3.7/site-packages/airflow/example_dags/example_python_operator.py took 0.244 seconds
[2021-03-30 19:34:13,354] {scheduler_job.py:182} INFO - Started process (PID=21509) to work on /Users/harika/Desktop/CSYE_7245/Assignment3/FastAPI/vlab/lib/python3.7/site-packages/airflow/example_dags/example_python_operator.py
[2021-03-30 19:34:13,366] {scheduler_job.py:629} INFO - Processing file /Users/harika/Desktop/CSYE_7245/Assignment3/FastAPI/vlab/lib/python3.7/site-packages/airflow/example_dags/example_python_operator.py for tasks to queue
[2021-03-30 19:34:13,374] {logging_mixin.py:104} INFO - [2021-03-30 19:34:13,371] {dagbag.py:448} INFO - Filling up the DagBag from /Users/harika/Desktop/CSYE_7245/Assignment3/FastAPI/vlab/lib/python3.7/site-packages/airflow/example_dags/example_python_operator.py
[2021-03-30 19:34:13,420] {scheduler_job.py:639} INFO - DAG(s) dict_keys(['example_python_operator']) retrieved from /Users/harika/Desktop/CSYE_7245/Assignment3/FastAPI/vlab/lib/python3.7/site-packages/airflow/example_dags/example_python_operator.py
[2021-03-30 19:34:13,466] {logging_mixin.py:104} INFO - [2021-03-30 19:34:13,465] {dag.py:1818} INFO - Sync 1 DAGs
[2021-03-30 19:34:13,518] {logging_mixin.py:104} INFO - [2021-03-30 19:34:13,517] {dag.py:2273} INFO - Setting next_dagrun for example_python_operator to None
[2021-03-30 19:34:13,537] {scheduler_job.py:190} INFO - Processing /Users/harika/Desktop/CSYE_7245/Assignment3/FastAPI/vlab/lib/python3.7/site-packages/airflow/example_dags/example_python_operator.py took 0.203 seconds
[2021-03-30 19:34:57,184] {scheduler_job.py:182} INFO - Started process (PID=21567) to work on /Users/harika/Desktop/CSYE_7245/Assignment3/FastAPI/vlab/lib/python3.7/site-packages/airflow/example_dags/example_python_operator.py
[2021-03-30 19:34:57,192] {scheduler_job.py:629} INFO - Processing file /Users/harika/Desktop/CSYE_7245/Assignment3/FastAPI/vlab/lib/python3.7/site-packages/airflow/example_dags/example_python_operator.py for tasks to queue
[2021-03-30 19:34:57,200] {logging_mixin.py:104} INFO - [2021-03-30 19:34:57,198] {dagbag.py:448} INFO - Filling up the DagBag from /Users/harika/Desktop/CSYE_7245/Assignment3/FastAPI/vlab/lib/python3.7/site-packages/airflow/example_dags/example_python_operator.py
[2021-03-30 19:34:57,242] {scheduler_job.py:639} INFO - DAG(s) dict_keys(['example_python_operator']) retrieved from /Users/harika/Desktop/CSYE_7245/Assignment3/FastAPI/vlab/lib/python3.7/site-packages/airflow/example_dags/example_python_operator.py
[2021-03-30 19:34:57,361] {logging_mixin.py:104} INFO - [2021-03-30 19:34:57,360] {dag.py:1818} INFO - Sync 1 DAGs
[2021-03-30 19:34:57,490] {logging_mixin.py:104} INFO - [2021-03-30 19:34:57,490] {dag.py:2273} INFO - Setting next_dagrun for example_python_operator to None
[2021-03-30 19:34:57,521] {scheduler_job.py:190} INFO - Processing /Users/harika/Desktop/CSYE_7245/Assignment3/FastAPI/vlab/lib/python3.7/site-packages/airflow/example_dags/example_python_operator.py took 0.345 seconds
[2021-03-30 19:35:34,768] {scheduler_job.py:182} INFO - Started process (PID=21608) to work on /Users/harika/Desktop/CSYE_7245/Assignment3/FastAPI/vlab/lib/python3.7/site-packages/airflow/example_dags/example_python_operator.py
[2021-03-30 19:35:34,770] {scheduler_job.py:629} INFO - Processing file /Users/harika/Desktop/CSYE_7245/Assignment3/FastAPI/vlab/lib/python3.7/site-packages/airflow/example_dags/example_python_operator.py for tasks to queue
[2021-03-30 19:35:34,772] {logging_mixin.py:104} INFO - [2021-03-30 19:35:34,771] {dagbag.py:448} INFO - Filling up the DagBag from /Users/harika/Desktop/CSYE_7245/Assignment3/FastAPI/vlab/lib/python3.7/site-packages/airflow/example_dags/example_python_operator.py
[2021-03-30 19:35:34,809] {scheduler_job.py:639} INFO - DAG(s) dict_keys(['example_python_operator']) retrieved from /Users/harika/Desktop/CSYE_7245/Assignment3/FastAPI/vlab/lib/python3.7/site-packages/airflow/example_dags/example_python_operator.py
[2021-03-30 19:35:34,838] {logging_mixin.py:104} INFO - [2021-03-30 19:35:34,837] {dag.py:1818} INFO - Sync 1 DAGs
[2021-03-30 19:35:34,875] {logging_mixin.py:104} INFO - [2021-03-30 19:35:34,875] {dag.py:2273} INFO - Setting next_dagrun for example_python_operator to None
[2021-03-30 19:35:34,892] {scheduler_job.py:190} INFO - Processing /Users/harika/Desktop/CSYE_7245/Assignment3/FastAPI/vlab/lib/python3.7/site-packages/airflow/example_dags/example_python_operator.py took 0.131 seconds
[2021-03-30 19:36:11,091] {scheduler_job.py:182} INFO - Started process (PID=21657) to work on /Users/harika/Desktop/CSYE_7245/Assignment3/FastAPI/vlab/lib/python3.7/site-packages/airflow/example_dags/example_python_operator.py
[2021-03-30 19:36:11,094] {scheduler_job.py:629} INFO - Processing file /Users/harika/Desktop/CSYE_7245/Assignment3/FastAPI/vlab/lib/python3.7/site-packages/airflow/example_dags/example_python_operator.py for tasks to queue
[2021-03-30 19:36:11,097] {logging_mixin.py:104} INFO - [2021-03-30 19:36:11,096] {dagbag.py:448} INFO - Filling up the DagBag from /Users/harika/Desktop/CSYE_7245/Assignment3/FastAPI/vlab/lib/python3.7/site-packages/airflow/example_dags/example_python_operator.py
[2021-03-30 19:36:11,131] {scheduler_job.py:639} INFO - DAG(s) dict_keys(['example_python_operator']) retrieved from /Users/harika/Desktop/CSYE_7245/Assignment3/FastAPI/vlab/lib/python3.7/site-packages/airflow/example_dags/example_python_operator.py
[2021-03-30 19:36:11,172] {logging_mixin.py:104} INFO - [2021-03-30 19:36:11,172] {dag.py:1818} INFO - Sync 1 DAGs
[2021-03-30 19:36:11,194] {logging_mixin.py:104} INFO - [2021-03-30 19:36:11,193] {dag.py:2273} INFO - Setting next_dagrun for example_python_operator to None
[2021-03-30 19:36:11,214] {scheduler_job.py:190} INFO - Processing /Users/harika/Desktop/CSYE_7245/Assignment3/FastAPI/vlab/lib/python3.7/site-packages/airflow/example_dags/example_python_operator.py took 0.129 seconds
[2021-03-30 19:36:52,111] {scheduler_job.py:182} INFO - Started process (PID=21709) to work on /Users/harika/Desktop/CSYE_7245/Assignment3/FastAPI/vlab/lib/python3.7/site-packages/airflow/example_dags/example_python_operator.py
[2021-03-30 19:36:52,114] {scheduler_job.py:629} INFO - Processing file /Users/harika/Desktop/CSYE_7245/Assignment3/FastAPI/vlab/lib/python3.7/site-packages/airflow/example_dags/example_python_operator.py for tasks to queue
[2021-03-30 19:36:52,119] {logging_mixin.py:104} INFO - [2021-03-30 19:36:52,118] {dagbag.py:448} INFO - Filling up the DagBag from /Users/harika/Desktop/CSYE_7245/Assignment3/FastAPI/vlab/lib/python3.7/site-packages/airflow/example_dags/example_python_operator.py
[2021-03-30 19:36:52,151] {scheduler_job.py:639} INFO - DAG(s) dict_keys(['example_python_operator']) retrieved from /Users/harika/Desktop/CSYE_7245/Assignment3/FastAPI/vlab/lib/python3.7/site-packages/airflow/example_dags/example_python_operator.py
[2021-03-30 19:36:52,189] {logging_mixin.py:104} INFO - [2021-03-30 19:36:52,189] {dag.py:1818} INFO - Sync 1 DAGs
[2021-03-30 19:36:52,464] {logging_mixin.py:104} INFO - [2021-03-30 19:36:52,463] {dag.py:2273} INFO - Setting next_dagrun for example_python_operator to None
[2021-03-30 19:36:52,493] {scheduler_job.py:190} INFO - Processing /Users/harika/Desktop/CSYE_7245/Assignment3/FastAPI/vlab/lib/python3.7/site-packages/airflow/example_dags/example_python_operator.py took 0.390 seconds
[2021-03-30 19:37:31,678] {scheduler_job.py:182} INFO - Started process (PID=21757) to work on /Users/harika/Desktop/CSYE_7245/Assignment3/FastAPI/vlab/lib/python3.7/site-packages/airflow/example_dags/example_python_operator.py
[2021-03-30 19:37:31,680] {scheduler_job.py:629} INFO - Processing file /Users/harika/Desktop/CSYE_7245/Assignment3/FastAPI/vlab/lib/python3.7/site-packages/airflow/example_dags/example_python_operator.py for tasks to queue
[2021-03-30 19:37:31,682] {logging_mixin.py:104} INFO - [2021-03-30 19:37:31,682] {dagbag.py:448} INFO - Filling up the DagBag from /Users/harika/Desktop/CSYE_7245/Assignment3/FastAPI/vlab/lib/python3.7/site-packages/airflow/example_dags/example_python_operator.py
[2021-03-30 19:37:31,714] {scheduler_job.py:639} INFO - DAG(s) dict_keys(['example_python_operator']) retrieved from /Users/harika/Desktop/CSYE_7245/Assignment3/FastAPI/vlab/lib/python3.7/site-packages/airflow/example_dags/example_python_operator.py
[2021-03-30 19:37:31,743] {logging_mixin.py:104} INFO - [2021-03-30 19:37:31,742] {dag.py:1818} INFO - Sync 1 DAGs
[2021-03-30 19:37:31,758] {logging_mixin.py:104} INFO - [2021-03-30 19:37:31,757] {dag.py:2273} INFO - Setting next_dagrun for example_python_operator to None
[2021-03-30 19:37:31,776] {scheduler_job.py:190} INFO - Processing /Users/harika/Desktop/CSYE_7245/Assignment3/FastAPI/vlab/lib/python3.7/site-packages/airflow/example_dags/example_python_operator.py took 0.106 seconds
[2021-03-30 19:38:16,147] {scheduler_job.py:182} INFO - Started process (PID=21812) to work on /Users/harika/Desktop/CSYE_7245/Assignment3/FastAPI/vlab/lib/python3.7/site-packages/airflow/example_dags/example_python_operator.py
[2021-03-30 19:38:16,150] {scheduler_job.py:629} INFO - Processing file /Users/harika/Desktop/CSYE_7245/Assignment3/FastAPI/vlab/lib/python3.7/site-packages/airflow/example_dags/example_python_operator.py for tasks to queue
[2021-03-30 19:38:16,154] {logging_mixin.py:104} INFO - [2021-03-30 19:38:16,152] {dagbag.py:448} INFO - Filling up the DagBag from /Users/harika/Desktop/CSYE_7245/Assignment3/FastAPI/vlab/lib/python3.7/site-packages/airflow/example_dags/example_python_operator.py
[2021-03-30 19:38:16,185] {scheduler_job.py:639} INFO - DAG(s) dict_keys(['example_python_operator']) retrieved from /Users/harika/Desktop/CSYE_7245/Assignment3/FastAPI/vlab/lib/python3.7/site-packages/airflow/example_dags/example_python_operator.py
[2021-03-30 19:38:16,224] {logging_mixin.py:104} INFO - [2021-03-30 19:38:16,223] {dag.py:1818} INFO - Sync 1 DAGs
[2021-03-30 19:38:16,256] {logging_mixin.py:104} INFO - [2021-03-30 19:38:16,255] {dag.py:2273} INFO - Setting next_dagrun for example_python_operator to None
[2021-03-30 19:38:16,292] {scheduler_job.py:190} INFO - Processing /Users/harika/Desktop/CSYE_7245/Assignment3/FastAPI/vlab/lib/python3.7/site-packages/airflow/example_dags/example_python_operator.py took 0.156 seconds
[2021-03-30 19:38:55,490] {scheduler_job.py:182} INFO - Started process (PID=21850) to work on /Users/harika/Desktop/CSYE_7245/Assignment3/FastAPI/vlab/lib/python3.7/site-packages/airflow/example_dags/example_python_operator.py
[2021-03-30 19:38:55,493] {scheduler_job.py:629} INFO - Processing file /Users/harika/Desktop/CSYE_7245/Assignment3/FastAPI/vlab/lib/python3.7/site-packages/airflow/example_dags/example_python_operator.py for tasks to queue
[2021-03-30 19:38:55,497] {logging_mixin.py:104} INFO - [2021-03-30 19:38:55,495] {dagbag.py:448} INFO - Filling up the DagBag from /Users/harika/Desktop/CSYE_7245/Assignment3/FastAPI/vlab/lib/python3.7/site-packages/airflow/example_dags/example_python_operator.py
[2021-03-30 19:38:55,535] {scheduler_job.py:639} INFO - DAG(s) dict_keys(['example_python_operator']) retrieved from /Users/harika/Desktop/CSYE_7245/Assignment3/FastAPI/vlab/lib/python3.7/site-packages/airflow/example_dags/example_python_operator.py
[2021-03-30 19:38:55,576] {logging_mixin.py:104} INFO - [2021-03-30 19:38:55,574] {dag.py:1818} INFO - Sync 1 DAGs
[2021-03-30 19:38:55,612] {logging_mixin.py:104} INFO - [2021-03-30 19:38:55,611] {dag.py:2273} INFO - Setting next_dagrun for example_python_operator to None
[2021-03-30 19:38:55,642] {scheduler_job.py:190} INFO - Processing /Users/harika/Desktop/CSYE_7245/Assignment3/FastAPI/vlab/lib/python3.7/site-packages/airflow/example_dags/example_python_operator.py took 0.161 seconds
[2021-03-30 19:43:49,007] {scheduler_job.py:182} INFO - Started process (PID=21991) to work on /Users/harika/Desktop/CSYE_7245/Assignment3/FastAPI/vlab/lib/python3.7/site-packages/airflow/example_dags/example_python_operator.py
[2021-03-30 19:43:49,014] {scheduler_job.py:629} INFO - Processing file /Users/harika/Desktop/CSYE_7245/Assignment3/FastAPI/vlab/lib/python3.7/site-packages/airflow/example_dags/example_python_operator.py for tasks to queue
[2021-03-30 19:43:49,021] {logging_mixin.py:104} INFO - [2021-03-30 19:43:49,021] {dagbag.py:448} INFO - Filling up the DagBag from /Users/harika/Desktop/CSYE_7245/Assignment3/FastAPI/vlab/lib/python3.7/site-packages/airflow/example_dags/example_python_operator.py
[2021-03-30 19:43:49,069] {scheduler_job.py:639} INFO - DAG(s) dict_keys(['example_python_operator']) retrieved from /Users/harika/Desktop/CSYE_7245/Assignment3/FastAPI/vlab/lib/python3.7/site-packages/airflow/example_dags/example_python_operator.py
[2021-03-30 19:43:49,119] {logging_mixin.py:104} INFO - [2021-03-30 19:43:49,119] {dag.py:1818} INFO - Sync 1 DAGs
[2021-03-30 19:43:49,176] {logging_mixin.py:104} INFO - [2021-03-30 19:43:49,173] {dag.py:2273} INFO - Setting next_dagrun for example_python_operator to None
[2021-03-30 19:43:49,228] {scheduler_job.py:190} INFO - Processing /Users/harika/Desktop/CSYE_7245/Assignment3/FastAPI/vlab/lib/python3.7/site-packages/airflow/example_dags/example_python_operator.py took 0.236 seconds
[2021-03-30 19:44:29,764] {scheduler_job.py:182} INFO - Started process (PID=22024) to work on /Users/harika/Desktop/CSYE_7245/Assignment3/FastAPI/vlab/lib/python3.7/site-packages/airflow/example_dags/example_python_operator.py
[2021-03-30 19:44:29,787] {scheduler_job.py:629} INFO - Processing file /Users/harika/Desktop/CSYE_7245/Assignment3/FastAPI/vlab/lib/python3.7/site-packages/airflow/example_dags/example_python_operator.py for tasks to queue
[2021-03-30 19:44:29,791] {logging_mixin.py:104} INFO - [2021-03-30 19:44:29,789] {dagbag.py:448} INFO - Filling up the DagBag from /Users/harika/Desktop/CSYE_7245/Assignment3/FastAPI/vlab/lib/python3.7/site-packages/airflow/example_dags/example_python_operator.py
[2021-03-30 19:44:29,837] {scheduler_job.py:639} INFO - DAG(s) dict_keys(['example_python_operator']) retrieved from /Users/harika/Desktop/CSYE_7245/Assignment3/FastAPI/vlab/lib/python3.7/site-packages/airflow/example_dags/example_python_operator.py
[2021-03-30 19:44:29,911] {logging_mixin.py:104} INFO - [2021-03-30 19:44:29,910] {dag.py:1818} INFO - Sync 1 DAGs
[2021-03-30 19:44:29,966] {logging_mixin.py:104} INFO - [2021-03-30 19:44:29,966] {dag.py:2273} INFO - Setting next_dagrun for example_python_operator to None
[2021-03-30 19:44:29,985] {scheduler_job.py:190} INFO - Processing /Users/harika/Desktop/CSYE_7245/Assignment3/FastAPI/vlab/lib/python3.7/site-packages/airflow/example_dags/example_python_operator.py took 0.228 seconds
[2021-03-30 19:45:15,306] {scheduler_job.py:182} INFO - Started process (PID=22065) to work on /Users/harika/Desktop/CSYE_7245/Assignment3/FastAPI/vlab/lib/python3.7/site-packages/airflow/example_dags/example_python_operator.py
[2021-03-30 19:45:15,309] {scheduler_job.py:629} INFO - Processing file /Users/harika/Desktop/CSYE_7245/Assignment3/FastAPI/vlab/lib/python3.7/site-packages/airflow/example_dags/example_python_operator.py for tasks to queue
[2021-03-30 19:45:15,314] {logging_mixin.py:104} INFO - [2021-03-30 19:45:15,312] {dagbag.py:448} INFO - Filling up the DagBag from /Users/harika/Desktop/CSYE_7245/Assignment3/FastAPI/vlab/lib/python3.7/site-packages/airflow/example_dags/example_python_operator.py
[2021-03-30 19:45:15,376] {scheduler_job.py:639} INFO - DAG(s) dict_keys(['example_python_operator']) retrieved from /Users/harika/Desktop/CSYE_7245/Assignment3/FastAPI/vlab/lib/python3.7/site-packages/airflow/example_dags/example_python_operator.py
[2021-03-30 19:45:15,746] {logging_mixin.py:104} INFO - [2021-03-30 19:45:15,744] {dag.py:1818} INFO - Sync 1 DAGs
[2021-03-30 19:45:16,091] {logging_mixin.py:104} INFO - [2021-03-30 19:45:15,824] {dag.py:2273} INFO - Setting next_dagrun for example_python_operator to None
[2021-03-30 19:45:16,123] {scheduler_job.py:190} INFO - Processing /Users/harika/Desktop/CSYE_7245/Assignment3/FastAPI/vlab/lib/python3.7/site-packages/airflow/example_dags/example_python_operator.py took 0.825 seconds
[2021-03-30 19:46:06,041] {scheduler_job.py:182} INFO - Started process (PID=22126) to work on /Users/harika/Desktop/CSYE_7245/Assignment3/FastAPI/vlab/lib/python3.7/site-packages/airflow/example_dags/example_python_operator.py
[2021-03-30 19:46:06,043] {scheduler_job.py:629} INFO - Processing file /Users/harika/Desktop/CSYE_7245/Assignment3/FastAPI/vlab/lib/python3.7/site-packages/airflow/example_dags/example_python_operator.py for tasks to queue
[2021-03-30 19:46:06,052] {logging_mixin.py:104} INFO - [2021-03-30 19:46:06,050] {dagbag.py:448} INFO - Filling up the DagBag from /Users/harika/Desktop/CSYE_7245/Assignment3/FastAPI/vlab/lib/python3.7/site-packages/airflow/example_dags/example_python_operator.py
[2021-03-30 19:46:06,098] {scheduler_job.py:639} INFO - DAG(s) dict_keys(['example_python_operator']) retrieved from /Users/harika/Desktop/CSYE_7245/Assignment3/FastAPI/vlab/lib/python3.7/site-packages/airflow/example_dags/example_python_operator.py
[2021-03-30 19:46:06,170] {logging_mixin.py:104} INFO - [2021-03-30 19:46:06,170] {dag.py:1818} INFO - Sync 1 DAGs
[2021-03-30 19:46:06,199] {logging_mixin.py:104} INFO - [2021-03-30 19:46:06,193] {dag.py:2273} INFO - Setting next_dagrun for example_python_operator to None
[2021-03-30 19:46:06,216] {scheduler_job.py:190} INFO - Processing /Users/harika/Desktop/CSYE_7245/Assignment3/FastAPI/vlab/lib/python3.7/site-packages/airflow/example_dags/example_python_operator.py took 0.181 seconds
[2021-03-30 19:46:43,672] {scheduler_job.py:182} INFO - Started process (PID=22157) to work on /Users/harika/Desktop/CSYE_7245/Assignment3/FastAPI/vlab/lib/python3.7/site-packages/airflow/example_dags/example_python_operator.py
[2021-03-30 19:46:43,675] {scheduler_job.py:629} INFO - Processing file /Users/harika/Desktop/CSYE_7245/Assignment3/FastAPI/vlab/lib/python3.7/site-packages/airflow/example_dags/example_python_operator.py for tasks to queue
[2021-03-30 19:46:43,678] {logging_mixin.py:104} INFO - [2021-03-30 19:46:43,677] {dagbag.py:448} INFO - Filling up the DagBag from /Users/harika/Desktop/CSYE_7245/Assignment3/FastAPI/vlab/lib/python3.7/site-packages/airflow/example_dags/example_python_operator.py
[2021-03-30 19:46:43,710] {scheduler_job.py:639} INFO - DAG(s) dict_keys(['example_python_operator']) retrieved from /Users/harika/Desktop/CSYE_7245/Assignment3/FastAPI/vlab/lib/python3.7/site-packages/airflow/example_dags/example_python_operator.py
[2021-03-30 19:46:43,739] {logging_mixin.py:104} INFO - [2021-03-30 19:46:43,738] {dag.py:1818} INFO - Sync 1 DAGs
[2021-03-30 19:46:43,770] {logging_mixin.py:104} INFO - [2021-03-30 19:46:43,768] {dag.py:2273} INFO - Setting next_dagrun for example_python_operator to None
[2021-03-30 19:46:43,792] {scheduler_job.py:190} INFO - Processing /Users/harika/Desktop/CSYE_7245/Assignment3/FastAPI/vlab/lib/python3.7/site-packages/airflow/example_dags/example_python_operator.py took 0.128 seconds
[2021-03-30 19:47:21,075] {scheduler_job.py:182} INFO - Started process (PID=22191) to work on /Users/harika/Desktop/CSYE_7245/Assignment3/FastAPI/vlab/lib/python3.7/site-packages/airflow/example_dags/example_python_operator.py
[2021-03-30 19:47:21,079] {scheduler_job.py:629} INFO - Processing file /Users/harika/Desktop/CSYE_7245/Assignment3/FastAPI/vlab/lib/python3.7/site-packages/airflow/example_dags/example_python_operator.py for tasks to queue
[2021-03-30 19:47:21,083] {logging_mixin.py:104} INFO - [2021-03-30 19:47:21,082] {dagbag.py:448} INFO - Filling up the DagBag from /Users/harika/Desktop/CSYE_7245/Assignment3/FastAPI/vlab/lib/python3.7/site-packages/airflow/example_dags/example_python_operator.py
[2021-03-30 19:47:21,121] {scheduler_job.py:639} INFO - DAG(s) dict_keys(['example_python_operator']) retrieved from /Users/harika/Desktop/CSYE_7245/Assignment3/FastAPI/vlab/lib/python3.7/site-packages/airflow/example_dags/example_python_operator.py
[2021-03-30 19:47:21,165] {logging_mixin.py:104} INFO - [2021-03-30 19:47:21,164] {dag.py:1818} INFO - Sync 1 DAGs
[2021-03-30 19:47:21,246] {logging_mixin.py:104} INFO - [2021-03-30 19:47:21,245] {dag.py:2273} INFO - Setting next_dagrun for example_python_operator to None
[2021-03-30 19:47:21,288] {scheduler_job.py:190} INFO - Processing /Users/harika/Desktop/CSYE_7245/Assignment3/FastAPI/vlab/lib/python3.7/site-packages/airflow/example_dags/example_python_operator.py took 0.225 seconds
[2021-03-30 19:57:16,064] {scheduler_job.py:182} INFO - Started process (PID=22474) to work on /Library/Frameworks/Python.framework/Versions/3.9/lib/python3.9/site-packages/airflow/example_dags/example_python_operator.py
[2021-03-30 19:57:16,065] {scheduler_job.py:629} INFO - Processing file /Library/Frameworks/Python.framework/Versions/3.9/lib/python3.9/site-packages/airflow/example_dags/example_python_operator.py for tasks to queue
[2021-03-30 19:57:16,067] {logging_mixin.py:104} INFO - [2021-03-30 19:57:16,066] {dagbag.py:448} INFO - Filling up the DagBag from /Library/Frameworks/Python.framework/Versions/3.9/lib/python3.9/site-packages/airflow/example_dags/example_python_operator.py
[2021-03-30 19:57:16,091] {scheduler_job.py:639} INFO - DAG(s) dict_keys(['example_python_operator']) retrieved from /Library/Frameworks/Python.framework/Versions/3.9/lib/python3.9/site-packages/airflow/example_dags/example_python_operator.py
[2021-03-30 19:57:16,204] {logging_mixin.py:104} INFO - [2021-03-30 19:57:16,204] {dag.py:1818} INFO - Sync 1 DAGs
[2021-03-30 19:57:16,246] {logging_mixin.py:104} INFO - [2021-03-30 19:57:16,246] {dag.py:2273} INFO - Setting next_dagrun for example_python_operator to None
[2021-03-30 19:57:16,472] {scheduler_job.py:190} INFO - Processing /Library/Frameworks/Python.framework/Versions/3.9/lib/python3.9/site-packages/airflow/example_dags/example_python_operator.py took 0.409 seconds
[2021-03-30 19:59:28,870] {scheduler_job.py:182} INFO - Started process (PID=22525) to work on /Library/Frameworks/Python.framework/Versions/3.9/lib/python3.9/site-packages/airflow/example_dags/example_python_operator.py
[2021-03-30 19:59:28,874] {scheduler_job.py:629} INFO - Processing file /Library/Frameworks/Python.framework/Versions/3.9/lib/python3.9/site-packages/airflow/example_dags/example_python_operator.py for tasks to queue
[2021-03-30 19:59:28,875] {logging_mixin.py:104} INFO - [2021-03-30 19:59:28,874] {dagbag.py:448} INFO - Filling up the DagBag from /Library/Frameworks/Python.framework/Versions/3.9/lib/python3.9/site-packages/airflow/example_dags/example_python_operator.py
[2021-03-30 19:59:28,904] {scheduler_job.py:639} INFO - DAG(s) dict_keys(['example_python_operator']) retrieved from /Library/Frameworks/Python.framework/Versions/3.9/lib/python3.9/site-packages/airflow/example_dags/example_python_operator.py
[2021-03-30 19:59:29,123] {logging_mixin.py:104} INFO - [2021-03-30 19:59:29,123] {dag.py:1818} INFO - Sync 1 DAGs
[2021-03-30 19:59:29,145] {logging_mixin.py:104} INFO - [2021-03-30 19:59:29,145] {dag.py:2273} INFO - Setting next_dagrun for example_python_operator to None
[2021-03-30 19:59:29,204] {scheduler_job.py:190} INFO - Processing /Library/Frameworks/Python.framework/Versions/3.9/lib/python3.9/site-packages/airflow/example_dags/example_python_operator.py took 0.339 seconds
