[2021-03-30 19:08:46,467] {scheduler_job.py:182} INFO - Started process (PID=20537) to work on /Users/harika/Desktop/CSYE_7245/Assignment3/FastAPI/vlab/lib/python3.7/site-packages/airflow/example_dags/example_xcomargs.py
[2021-03-30 19:08:46,469] {scheduler_job.py:629} INFO - Processing file /Users/harika/Desktop/CSYE_7245/Assignment3/FastAPI/vlab/lib/python3.7/site-packages/airflow/example_dags/example_xcomargs.py for tasks to queue
[2021-03-30 19:08:46,471] {logging_mixin.py:104} INFO - [2021-03-30 19:08:46,470] {dagbag.py:448} INFO - Filling up the DagBag from /Users/harika/Desktop/CSYE_7245/Assignment3/FastAPI/vlab/lib/python3.7/site-packages/airflow/example_dags/example_xcomargs.py
[2021-03-30 19:08:46,511] {scheduler_job.py:639} INFO - DAG(s) dict_keys(['example_xcom_args', 'example_xcom_args_with_operators']) retrieved from /Users/harika/Desktop/CSYE_7245/Assignment3/FastAPI/vlab/lib/python3.7/site-packages/airflow/example_dags/example_xcomargs.py
[2021-03-30 19:08:46,543] {logging_mixin.py:104} INFO - [2021-03-30 19:08:46,542] {dag.py:1818} INFO - Sync 2 DAGs
[2021-03-30 19:08:46,569] {logging_mixin.py:104} INFO - [2021-03-30 19:08:46,568] {dag.py:2273} INFO - Setting next_dagrun for example_xcom_args to None
[2021-03-30 19:08:46,576] {logging_mixin.py:104} INFO - [2021-03-30 19:08:46,575] {dag.py:2273} INFO - Setting next_dagrun for example_xcom_args_with_operators to None
[2021-03-30 19:08:46,592] {scheduler_job.py:190} INFO - Processing /Users/harika/Desktop/CSYE_7245/Assignment3/FastAPI/vlab/lib/python3.7/site-packages/airflow/example_dags/example_xcomargs.py took 0.131 seconds
[2021-03-30 19:12:51,677] {scheduler_job.py:182} INFO - Started process (PID=20637) to work on /Users/harika/Desktop/CSYE_7245/Assignment3/FastAPI/vlab/lib/python3.7/site-packages/airflow/example_dags/example_xcomargs.py
[2021-03-30 19:12:51,680] {scheduler_job.py:629} INFO - Processing file /Users/harika/Desktop/CSYE_7245/Assignment3/FastAPI/vlab/lib/python3.7/site-packages/airflow/example_dags/example_xcomargs.py for tasks to queue
[2021-03-30 19:12:51,683] {logging_mixin.py:104} INFO - [2021-03-30 19:12:51,682] {dagbag.py:448} INFO - Filling up the DagBag from /Users/harika/Desktop/CSYE_7245/Assignment3/FastAPI/vlab/lib/python3.7/site-packages/airflow/example_dags/example_xcomargs.py
[2021-03-30 19:12:51,730] {scheduler_job.py:639} INFO - DAG(s) dict_keys(['example_xcom_args', 'example_xcom_args_with_operators']) retrieved from /Users/harika/Desktop/CSYE_7245/Assignment3/FastAPI/vlab/lib/python3.7/site-packages/airflow/example_dags/example_xcomargs.py
[2021-03-30 19:12:52,006] {logging_mixin.py:104} INFO - [2021-03-30 19:12:52,005] {dag.py:1818} INFO - Sync 2 DAGs
[2021-03-30 19:12:52,096] {logging_mixin.py:104} INFO - [2021-03-30 19:12:52,096] {dag.py:2273} INFO - Setting next_dagrun for example_xcom_args to None
[2021-03-30 19:12:52,101] {logging_mixin.py:104} INFO - [2021-03-30 19:12:52,098] {dag.py:2273} INFO - Setting next_dagrun for example_xcom_args_with_operators to None
[2021-03-30 19:12:52,194] {scheduler_job.py:190} INFO - Processing /Users/harika/Desktop/CSYE_7245/Assignment3/FastAPI/vlab/lib/python3.7/site-packages/airflow/example_dags/example_xcomargs.py took 0.528 seconds
[2021-03-30 19:15:35,749] {scheduler_job.py:182} INFO - Started process (PID=20726) to work on /Users/harika/Desktop/CSYE_7245/Assignment3/FastAPI/vlab/lib/python3.7/site-packages/airflow/example_dags/example_xcomargs.py
[2021-03-30 19:15:35,753] {scheduler_job.py:629} INFO - Processing file /Users/harika/Desktop/CSYE_7245/Assignment3/FastAPI/vlab/lib/python3.7/site-packages/airflow/example_dags/example_xcomargs.py for tasks to queue
[2021-03-30 19:15:35,756] {logging_mixin.py:104} INFO - [2021-03-30 19:15:35,755] {dagbag.py:448} INFO - Filling up the DagBag from /Users/harika/Desktop/CSYE_7245/Assignment3/FastAPI/vlab/lib/python3.7/site-packages/airflow/example_dags/example_xcomargs.py
[2021-03-30 19:15:35,780] {scheduler_job.py:639} INFO - DAG(s) dict_keys(['example_xcom_args', 'example_xcom_args_with_operators']) retrieved from /Users/harika/Desktop/CSYE_7245/Assignment3/FastAPI/vlab/lib/python3.7/site-packages/airflow/example_dags/example_xcomargs.py
[2021-03-30 19:15:35,818] {logging_mixin.py:104} INFO - [2021-03-30 19:15:35,818] {dag.py:1818} INFO - Sync 2 DAGs
[2021-03-30 19:15:35,862] {logging_mixin.py:104} INFO - [2021-03-30 19:15:35,862] {dag.py:2273} INFO - Setting next_dagrun for example_xcom_args to None
[2021-03-30 19:15:35,865] {logging_mixin.py:104} INFO - [2021-03-30 19:15:35,864] {dag.py:2273} INFO - Setting next_dagrun for example_xcom_args_with_operators to None
[2021-03-30 19:15:35,901] {scheduler_job.py:190} INFO - Processing /Users/harika/Desktop/CSYE_7245/Assignment3/FastAPI/vlab/lib/python3.7/site-packages/airflow/example_dags/example_xcomargs.py took 0.156 seconds
[2021-03-30 19:16:13,416] {scheduler_job.py:182} INFO - Started process (PID=20762) to work on /Users/harika/Desktop/CSYE_7245/Assignment3/FastAPI/vlab/lib/python3.7/site-packages/airflow/example_dags/example_xcomargs.py
[2021-03-30 19:16:13,433] {scheduler_job.py:629} INFO - Processing file /Users/harika/Desktop/CSYE_7245/Assignment3/FastAPI/vlab/lib/python3.7/site-packages/airflow/example_dags/example_xcomargs.py for tasks to queue
[2021-03-30 19:16:13,440] {logging_mixin.py:104} INFO - [2021-03-30 19:16:13,439] {dagbag.py:448} INFO - Filling up the DagBag from /Users/harika/Desktop/CSYE_7245/Assignment3/FastAPI/vlab/lib/python3.7/site-packages/airflow/example_dags/example_xcomargs.py
[2021-03-30 19:16:13,518] {scheduler_job.py:639} INFO - DAG(s) dict_keys(['example_xcom_args', 'example_xcom_args_with_operators']) retrieved from /Users/harika/Desktop/CSYE_7245/Assignment3/FastAPI/vlab/lib/python3.7/site-packages/airflow/example_dags/example_xcomargs.py
[2021-03-30 19:16:13,665] {logging_mixin.py:104} INFO - [2021-03-30 19:16:13,597] {dag.py:1818} INFO - Sync 2 DAGs
[2021-03-30 19:16:13,769] {logging_mixin.py:104} INFO - [2021-03-30 19:16:13,766] {dag.py:2273} INFO - Setting next_dagrun for example_xcom_args to None
[2021-03-30 19:16:13,774] {logging_mixin.py:104} INFO - [2021-03-30 19:16:13,773] {dag.py:2273} INFO - Setting next_dagrun for example_xcom_args_with_operators to None
[2021-03-30 19:16:13,846] {scheduler_job.py:190} INFO - Processing /Users/harika/Desktop/CSYE_7245/Assignment3/FastAPI/vlab/lib/python3.7/site-packages/airflow/example_dags/example_xcomargs.py took 0.441 seconds
[2021-03-30 19:16:49,827] {scheduler_job.py:182} INFO - Started process (PID=20803) to work on /Users/harika/Desktop/CSYE_7245/Assignment3/FastAPI/vlab/lib/python3.7/site-packages/airflow/example_dags/example_xcomargs.py
[2021-03-30 19:16:49,833] {scheduler_job.py:629} INFO - Processing file /Users/harika/Desktop/CSYE_7245/Assignment3/FastAPI/vlab/lib/python3.7/site-packages/airflow/example_dags/example_xcomargs.py for tasks to queue
[2021-03-30 19:16:49,836] {logging_mixin.py:104} INFO - [2021-03-30 19:16:49,835] {dagbag.py:448} INFO - Filling up the DagBag from /Users/harika/Desktop/CSYE_7245/Assignment3/FastAPI/vlab/lib/python3.7/site-packages/airflow/example_dags/example_xcomargs.py
[2021-03-30 19:16:49,866] {scheduler_job.py:639} INFO - DAG(s) dict_keys(['example_xcom_args', 'example_xcom_args_with_operators']) retrieved from /Users/harika/Desktop/CSYE_7245/Assignment3/FastAPI/vlab/lib/python3.7/site-packages/airflow/example_dags/example_xcomargs.py
[2021-03-30 19:16:49,939] {logging_mixin.py:104} INFO - [2021-03-30 19:16:49,938] {dag.py:1818} INFO - Sync 2 DAGs
[2021-03-30 19:16:49,983] {logging_mixin.py:104} INFO - [2021-03-30 19:16:49,982] {dag.py:2273} INFO - Setting next_dagrun for example_xcom_args to None
[2021-03-30 19:16:49,987] {logging_mixin.py:104} INFO - [2021-03-30 19:16:49,985] {dag.py:2273} INFO - Setting next_dagrun for example_xcom_args_with_operators to None
[2021-03-30 19:16:50,017] {scheduler_job.py:190} INFO - Processing /Users/harika/Desktop/CSYE_7245/Assignment3/FastAPI/vlab/lib/python3.7/site-packages/airflow/example_dags/example_xcomargs.py took 0.212 seconds
[2021-03-30 19:17:28,170] {scheduler_job.py:182} INFO - Started process (PID=20840) to work on /Users/harika/Desktop/CSYE_7245/Assignment3/FastAPI/vlab/lib/python3.7/site-packages/airflow/example_dags/example_xcomargs.py
[2021-03-30 19:17:28,174] {scheduler_job.py:629} INFO - Processing file /Users/harika/Desktop/CSYE_7245/Assignment3/FastAPI/vlab/lib/python3.7/site-packages/airflow/example_dags/example_xcomargs.py for tasks to queue
[2021-03-30 19:17:28,177] {logging_mixin.py:104} INFO - [2021-03-30 19:17:28,176] {dagbag.py:448} INFO - Filling up the DagBag from /Users/harika/Desktop/CSYE_7245/Assignment3/FastAPI/vlab/lib/python3.7/site-packages/airflow/example_dags/example_xcomargs.py
[2021-03-30 19:17:28,202] {scheduler_job.py:639} INFO - DAG(s) dict_keys(['example_xcom_args', 'example_xcom_args_with_operators']) retrieved from /Users/harika/Desktop/CSYE_7245/Assignment3/FastAPI/vlab/lib/python3.7/site-packages/airflow/example_dags/example_xcomargs.py
[2021-03-30 19:17:28,246] {logging_mixin.py:104} INFO - [2021-03-30 19:17:28,245] {dag.py:1818} INFO - Sync 2 DAGs
[2021-03-30 19:17:28,270] {logging_mixin.py:104} INFO - [2021-03-30 19:17:28,268] {dag.py:2273} INFO - Setting next_dagrun for example_xcom_args to None
[2021-03-30 19:17:28,274] {logging_mixin.py:104} INFO - [2021-03-30 19:17:28,273] {dag.py:2273} INFO - Setting next_dagrun for example_xcom_args_with_operators to None
[2021-03-30 19:17:28,296] {scheduler_job.py:190} INFO - Processing /Users/harika/Desktop/CSYE_7245/Assignment3/FastAPI/vlab/lib/python3.7/site-packages/airflow/example_dags/example_xcomargs.py took 0.132 seconds
[2021-03-30 19:18:06,319] {scheduler_job.py:182} INFO - Started process (PID=20876) to work on /Users/harika/Desktop/CSYE_7245/Assignment3/FastAPI/vlab/lib/python3.7/site-packages/airflow/example_dags/example_xcomargs.py
[2021-03-30 19:18:06,326] {scheduler_job.py:629} INFO - Processing file /Users/harika/Desktop/CSYE_7245/Assignment3/FastAPI/vlab/lib/python3.7/site-packages/airflow/example_dags/example_xcomargs.py for tasks to queue
[2021-03-30 19:18:06,330] {logging_mixin.py:104} INFO - [2021-03-30 19:18:06,329] {dagbag.py:448} INFO - Filling up the DagBag from /Users/harika/Desktop/CSYE_7245/Assignment3/FastAPI/vlab/lib/python3.7/site-packages/airflow/example_dags/example_xcomargs.py
[2021-03-30 19:18:06,357] {scheduler_job.py:639} INFO - DAG(s) dict_keys(['example_xcom_args', 'example_xcom_args_with_operators']) retrieved from /Users/harika/Desktop/CSYE_7245/Assignment3/FastAPI/vlab/lib/python3.7/site-packages/airflow/example_dags/example_xcomargs.py
[2021-03-30 19:18:06,404] {logging_mixin.py:104} INFO - [2021-03-30 19:18:06,403] {dag.py:1818} INFO - Sync 2 DAGs
[2021-03-30 19:18:06,427] {logging_mixin.py:104} INFO - [2021-03-30 19:18:06,426] {dag.py:2273} INFO - Setting next_dagrun for example_xcom_args to None
[2021-03-30 19:18:06,430] {logging_mixin.py:104} INFO - [2021-03-30 19:18:06,429] {dag.py:2273} INFO - Setting next_dagrun for example_xcom_args_with_operators to None
[2021-03-30 19:18:06,452] {scheduler_job.py:190} INFO - Processing /Users/harika/Desktop/CSYE_7245/Assignment3/FastAPI/vlab/lib/python3.7/site-packages/airflow/example_dags/example_xcomargs.py took 0.146 seconds
[2021-03-30 19:21:22,344] {scheduler_job.py:182} INFO - Started process (PID=20960) to work on /Users/harika/Desktop/CSYE_7245/Assignment3/FastAPI/vlab/lib/python3.7/site-packages/airflow/example_dags/example_xcomargs.py
[2021-03-30 19:21:22,349] {scheduler_job.py:629} INFO - Processing file /Users/harika/Desktop/CSYE_7245/Assignment3/FastAPI/vlab/lib/python3.7/site-packages/airflow/example_dags/example_xcomargs.py for tasks to queue
[2021-03-30 19:21:22,360] {logging_mixin.py:104} INFO - [2021-03-30 19:21:22,359] {dagbag.py:448} INFO - Filling up the DagBag from /Users/harika/Desktop/CSYE_7245/Assignment3/FastAPI/vlab/lib/python3.7/site-packages/airflow/example_dags/example_xcomargs.py
[2021-03-30 19:21:22,398] {scheduler_job.py:639} INFO - DAG(s) dict_keys(['example_xcom_args', 'example_xcom_args_with_operators']) retrieved from /Users/harika/Desktop/CSYE_7245/Assignment3/FastAPI/vlab/lib/python3.7/site-packages/airflow/example_dags/example_xcomargs.py
[2021-03-30 19:21:22,449] {logging_mixin.py:104} INFO - [2021-03-30 19:21:22,448] {dag.py:1818} INFO - Sync 2 DAGs
[2021-03-30 19:21:22,519] {logging_mixin.py:104} INFO - [2021-03-30 19:21:22,519] {dag.py:2273} INFO - Setting next_dagrun for example_xcom_args to None
[2021-03-30 19:21:22,525] {logging_mixin.py:104} INFO - [2021-03-30 19:21:22,524] {dag.py:2273} INFO - Setting next_dagrun for example_xcom_args_with_operators to None
[2021-03-30 19:21:22,547] {scheduler_job.py:190} INFO - Processing /Users/harika/Desktop/CSYE_7245/Assignment3/FastAPI/vlab/lib/python3.7/site-packages/airflow/example_dags/example_xcomargs.py took 0.211 seconds
[2021-03-30 19:22:08,524] {scheduler_job.py:182} INFO - Started process (PID=21010) to work on /Users/harika/Desktop/CSYE_7245/Assignment3/FastAPI/vlab/lib/python3.7/site-packages/airflow/example_dags/example_xcomargs.py
[2021-03-30 19:22:08,528] {scheduler_job.py:629} INFO - Processing file /Users/harika/Desktop/CSYE_7245/Assignment3/FastAPI/vlab/lib/python3.7/site-packages/airflow/example_dags/example_xcomargs.py for tasks to queue
[2021-03-30 19:22:08,532] {logging_mixin.py:104} INFO - [2021-03-30 19:22:08,531] {dagbag.py:448} INFO - Filling up the DagBag from /Users/harika/Desktop/CSYE_7245/Assignment3/FastAPI/vlab/lib/python3.7/site-packages/airflow/example_dags/example_xcomargs.py
[2021-03-30 19:22:08,574] {scheduler_job.py:639} INFO - DAG(s) dict_keys(['example_xcom_args', 'example_xcom_args_with_operators']) retrieved from /Users/harika/Desktop/CSYE_7245/Assignment3/FastAPI/vlab/lib/python3.7/site-packages/airflow/example_dags/example_xcomargs.py
[2021-03-30 19:22:08,636] {logging_mixin.py:104} INFO - [2021-03-30 19:22:08,633] {dag.py:1818} INFO - Sync 2 DAGs
[2021-03-30 19:22:08,665] {logging_mixin.py:104} INFO - [2021-03-30 19:22:08,665] {dag.py:2273} INFO - Setting next_dagrun for example_xcom_args to None
[2021-03-30 19:22:08,668] {logging_mixin.py:104} INFO - [2021-03-30 19:22:08,667] {dag.py:2273} INFO - Setting next_dagrun for example_xcom_args_with_operators to None
[2021-03-30 19:22:08,701] {scheduler_job.py:190} INFO - Processing /Users/harika/Desktop/CSYE_7245/Assignment3/FastAPI/vlab/lib/python3.7/site-packages/airflow/example_dags/example_xcomargs.py took 0.184 seconds
[2021-03-30 19:22:56,746] {scheduler_job.py:182} INFO - Started process (PID=21047) to work on /Users/harika/Desktop/CSYE_7245/Assignment3/FastAPI/vlab/lib/python3.7/site-packages/airflow/example_dags/example_xcomargs.py
[2021-03-30 19:22:56,751] {scheduler_job.py:629} INFO - Processing file /Users/harika/Desktop/CSYE_7245/Assignment3/FastAPI/vlab/lib/python3.7/site-packages/airflow/example_dags/example_xcomargs.py for tasks to queue
[2021-03-30 19:22:56,755] {logging_mixin.py:104} INFO - [2021-03-30 19:22:56,754] {dagbag.py:448} INFO - Filling up the DagBag from /Users/harika/Desktop/CSYE_7245/Assignment3/FastAPI/vlab/lib/python3.7/site-packages/airflow/example_dags/example_xcomargs.py
[2021-03-30 19:22:56,801] {scheduler_job.py:639} INFO - DAG(s) dict_keys(['example_xcom_args', 'example_xcom_args_with_operators']) retrieved from /Users/harika/Desktop/CSYE_7245/Assignment3/FastAPI/vlab/lib/python3.7/site-packages/airflow/example_dags/example_xcomargs.py
[2021-03-30 19:22:56,863] {logging_mixin.py:104} INFO - [2021-03-30 19:22:56,862] {dag.py:1818} INFO - Sync 2 DAGs
[2021-03-30 19:22:57,093] {logging_mixin.py:104} INFO - [2021-03-30 19:22:57,092] {dag.py:2273} INFO - Setting next_dagrun for example_xcom_args to None
[2021-03-30 19:22:57,133] {logging_mixin.py:104} INFO - [2021-03-30 19:22:57,131] {dag.py:2273} INFO - Setting next_dagrun for example_xcom_args_with_operators to None
[2021-03-30 19:22:57,293] {scheduler_job.py:190} INFO - Processing /Users/harika/Desktop/CSYE_7245/Assignment3/FastAPI/vlab/lib/python3.7/site-packages/airflow/example_dags/example_xcomargs.py took 0.558 seconds
[2021-03-30 19:23:41,510] {scheduler_job.py:182} INFO - Started process (PID=21089) to work on /Users/harika/Desktop/CSYE_7245/Assignment3/FastAPI/vlab/lib/python3.7/site-packages/airflow/example_dags/example_xcomargs.py
[2021-03-30 19:23:41,519] {scheduler_job.py:629} INFO - Processing file /Users/harika/Desktop/CSYE_7245/Assignment3/FastAPI/vlab/lib/python3.7/site-packages/airflow/example_dags/example_xcomargs.py for tasks to queue
[2021-03-30 19:23:41,523] {logging_mixin.py:104} INFO - [2021-03-30 19:23:41,522] {dagbag.py:448} INFO - Filling up the DagBag from /Users/harika/Desktop/CSYE_7245/Assignment3/FastAPI/vlab/lib/python3.7/site-packages/airflow/example_dags/example_xcomargs.py
[2021-03-30 19:23:41,571] {scheduler_job.py:639} INFO - DAG(s) dict_keys(['example_xcom_args', 'example_xcom_args_with_operators']) retrieved from /Users/harika/Desktop/CSYE_7245/Assignment3/FastAPI/vlab/lib/python3.7/site-packages/airflow/example_dags/example_xcomargs.py
[2021-03-30 19:23:41,627] {logging_mixin.py:104} INFO - [2021-03-30 19:23:41,626] {dag.py:1818} INFO - Sync 2 DAGs
[2021-03-30 19:23:41,671] {logging_mixin.py:104} INFO - [2021-03-30 19:23:41,670] {dag.py:2273} INFO - Setting next_dagrun for example_xcom_args to None
[2021-03-30 19:23:41,674] {logging_mixin.py:104} INFO - [2021-03-30 19:23:41,673] {dag.py:2273} INFO - Setting next_dagrun for example_xcom_args_with_operators to None
[2021-03-30 19:23:41,699] {scheduler_job.py:190} INFO - Processing /Users/harika/Desktop/CSYE_7245/Assignment3/FastAPI/vlab/lib/python3.7/site-packages/airflow/example_dags/example_xcomargs.py took 0.201 seconds
[2021-03-30 19:24:18,527] {scheduler_job.py:182} INFO - Started process (PID=21126) to work on /Users/harika/Desktop/CSYE_7245/Assignment3/FastAPI/vlab/lib/python3.7/site-packages/airflow/example_dags/example_xcomargs.py
[2021-03-30 19:24:18,536] {scheduler_job.py:629} INFO - Processing file /Users/harika/Desktop/CSYE_7245/Assignment3/FastAPI/vlab/lib/python3.7/site-packages/airflow/example_dags/example_xcomargs.py for tasks to queue
[2021-03-30 19:24:18,548] {logging_mixin.py:104} INFO - [2021-03-30 19:24:18,541] {dagbag.py:448} INFO - Filling up the DagBag from /Users/harika/Desktop/CSYE_7245/Assignment3/FastAPI/vlab/lib/python3.7/site-packages/airflow/example_dags/example_xcomargs.py
[2021-03-30 19:24:18,613] {scheduler_job.py:639} INFO - DAG(s) dict_keys(['example_xcom_args', 'example_xcom_args_with_operators']) retrieved from /Users/harika/Desktop/CSYE_7245/Assignment3/FastAPI/vlab/lib/python3.7/site-packages/airflow/example_dags/example_xcomargs.py
[2021-03-30 19:24:18,659] {logging_mixin.py:104} INFO - [2021-03-30 19:24:18,658] {dag.py:1818} INFO - Sync 2 DAGs
[2021-03-30 19:24:18,689] {logging_mixin.py:104} INFO - [2021-03-30 19:24:18,688] {dag.py:2273} INFO - Setting next_dagrun for example_xcom_args to None
[2021-03-30 19:24:18,691] {logging_mixin.py:104} INFO - [2021-03-30 19:24:18,691] {dag.py:2273} INFO - Setting next_dagrun for example_xcom_args_with_operators to None
[2021-03-30 19:24:18,712] {scheduler_job.py:190} INFO - Processing /Users/harika/Desktop/CSYE_7245/Assignment3/FastAPI/vlab/lib/python3.7/site-packages/airflow/example_dags/example_xcomargs.py took 0.200 seconds
[2021-03-30 19:24:55,401] {scheduler_job.py:182} INFO - Started process (PID=21165) to work on /Users/harika/Desktop/CSYE_7245/Assignment3/FastAPI/vlab/lib/python3.7/site-packages/airflow/example_dags/example_xcomargs.py
[2021-03-30 19:24:55,405] {scheduler_job.py:629} INFO - Processing file /Users/harika/Desktop/CSYE_7245/Assignment3/FastAPI/vlab/lib/python3.7/site-packages/airflow/example_dags/example_xcomargs.py for tasks to queue
[2021-03-30 19:24:55,406] {logging_mixin.py:104} INFO - [2021-03-30 19:24:55,406] {dagbag.py:448} INFO - Filling up the DagBag from /Users/harika/Desktop/CSYE_7245/Assignment3/FastAPI/vlab/lib/python3.7/site-packages/airflow/example_dags/example_xcomargs.py
[2021-03-30 19:24:55,436] {scheduler_job.py:639} INFO - DAG(s) dict_keys(['example_xcom_args', 'example_xcom_args_with_operators']) retrieved from /Users/harika/Desktop/CSYE_7245/Assignment3/FastAPI/vlab/lib/python3.7/site-packages/airflow/example_dags/example_xcomargs.py
[2021-03-30 19:24:55,500] {logging_mixin.py:104} INFO - [2021-03-30 19:24:55,499] {dag.py:1818} INFO - Sync 2 DAGs
[2021-03-30 19:24:55,539] {logging_mixin.py:104} INFO - [2021-03-30 19:24:55,538] {dag.py:2273} INFO - Setting next_dagrun for example_xcom_args to None
[2021-03-30 19:24:55,542] {logging_mixin.py:104} INFO - [2021-03-30 19:24:55,541] {dag.py:2273} INFO - Setting next_dagrun for example_xcom_args_with_operators to None
[2021-03-30 19:24:55,581] {scheduler_job.py:190} INFO - Processing /Users/harika/Desktop/CSYE_7245/Assignment3/FastAPI/vlab/lib/python3.7/site-packages/airflow/example_dags/example_xcomargs.py took 0.188 seconds
[2021-03-30 19:25:35,587] {scheduler_job.py:182} INFO - Started process (PID=21203) to work on /Users/harika/Desktop/CSYE_7245/Assignment3/FastAPI/vlab/lib/python3.7/site-packages/airflow/example_dags/example_xcomargs.py
[2021-03-30 19:25:35,591] {scheduler_job.py:629} INFO - Processing file /Users/harika/Desktop/CSYE_7245/Assignment3/FastAPI/vlab/lib/python3.7/site-packages/airflow/example_dags/example_xcomargs.py for tasks to queue
[2021-03-30 19:25:35,594] {logging_mixin.py:104} INFO - [2021-03-30 19:25:35,593] {dagbag.py:448} INFO - Filling up the DagBag from /Users/harika/Desktop/CSYE_7245/Assignment3/FastAPI/vlab/lib/python3.7/site-packages/airflow/example_dags/example_xcomargs.py
[2021-03-30 19:25:35,634] {scheduler_job.py:639} INFO - DAG(s) dict_keys(['example_xcom_args', 'example_xcom_args_with_operators']) retrieved from /Users/harika/Desktop/CSYE_7245/Assignment3/FastAPI/vlab/lib/python3.7/site-packages/airflow/example_dags/example_xcomargs.py
[2021-03-30 19:25:35,697] {logging_mixin.py:104} INFO - [2021-03-30 19:25:35,697] {dag.py:1818} INFO - Sync 2 DAGs
[2021-03-30 19:25:35,747] {logging_mixin.py:104} INFO - [2021-03-30 19:25:35,746] {dag.py:2273} INFO - Setting next_dagrun for example_xcom_args to None
[2021-03-30 19:25:35,752] {logging_mixin.py:104} INFO - [2021-03-30 19:25:35,750] {dag.py:2273} INFO - Setting next_dagrun for example_xcom_args_with_operators to None
[2021-03-30 19:25:35,811] {scheduler_job.py:190} INFO - Processing /Users/harika/Desktop/CSYE_7245/Assignment3/FastAPI/vlab/lib/python3.7/site-packages/airflow/example_dags/example_xcomargs.py took 0.232 seconds
[2021-03-30 19:26:16,597] {scheduler_job.py:182} INFO - Started process (PID=21245) to work on /Users/harika/Desktop/CSYE_7245/Assignment3/FastAPI/vlab/lib/python3.7/site-packages/airflow/example_dags/example_xcomargs.py
[2021-03-30 19:26:16,600] {scheduler_job.py:629} INFO - Processing file /Users/harika/Desktop/CSYE_7245/Assignment3/FastAPI/vlab/lib/python3.7/site-packages/airflow/example_dags/example_xcomargs.py for tasks to queue
[2021-03-30 19:26:16,605] {logging_mixin.py:104} INFO - [2021-03-30 19:26:16,602] {dagbag.py:448} INFO - Filling up the DagBag from /Users/harika/Desktop/CSYE_7245/Assignment3/FastAPI/vlab/lib/python3.7/site-packages/airflow/example_dags/example_xcomargs.py
[2021-03-30 19:26:16,637] {scheduler_job.py:639} INFO - DAG(s) dict_keys(['example_xcom_args', 'example_xcom_args_with_operators']) retrieved from /Users/harika/Desktop/CSYE_7245/Assignment3/FastAPI/vlab/lib/python3.7/site-packages/airflow/example_dags/example_xcomargs.py
[2021-03-30 19:26:16,664] {logging_mixin.py:104} INFO - [2021-03-30 19:26:16,663] {dag.py:1818} INFO - Sync 2 DAGs
[2021-03-30 19:26:16,684] {logging_mixin.py:104} INFO - [2021-03-30 19:26:16,683] {dag.py:2273} INFO - Setting next_dagrun for example_xcom_args to None
[2021-03-30 19:26:16,686] {logging_mixin.py:104} INFO - [2021-03-30 19:26:16,685] {dag.py:2273} INFO - Setting next_dagrun for example_xcom_args_with_operators to None
[2021-03-30 19:26:16,714] {scheduler_job.py:190} INFO - Processing /Users/harika/Desktop/CSYE_7245/Assignment3/FastAPI/vlab/lib/python3.7/site-packages/airflow/example_dags/example_xcomargs.py took 0.121 seconds
[2021-03-30 19:26:58,679] {scheduler_job.py:182} INFO - Started process (PID=21295) to work on /Users/harika/Desktop/CSYE_7245/Assignment3/FastAPI/vlab/lib/python3.7/site-packages/airflow/example_dags/example_xcomargs.py
[2021-03-30 19:26:58,687] {scheduler_job.py:629} INFO - Processing file /Users/harika/Desktop/CSYE_7245/Assignment3/FastAPI/vlab/lib/python3.7/site-packages/airflow/example_dags/example_xcomargs.py for tasks to queue
[2021-03-30 19:26:58,690] {logging_mixin.py:104} INFO - [2021-03-30 19:26:58,688] {dagbag.py:448} INFO - Filling up the DagBag from /Users/harika/Desktop/CSYE_7245/Assignment3/FastAPI/vlab/lib/python3.7/site-packages/airflow/example_dags/example_xcomargs.py
[2021-03-30 19:26:58,736] {scheduler_job.py:639} INFO - DAG(s) dict_keys(['example_xcom_args', 'example_xcom_args_with_operators']) retrieved from /Users/harika/Desktop/CSYE_7245/Assignment3/FastAPI/vlab/lib/python3.7/site-packages/airflow/example_dags/example_xcomargs.py
[2021-03-30 19:26:58,945] {logging_mixin.py:104} INFO - [2021-03-30 19:26:58,944] {dag.py:1818} INFO - Sync 2 DAGs
[2021-03-30 19:26:59,056] {logging_mixin.py:104} INFO - [2021-03-30 19:26:59,048] {dag.py:2273} INFO - Setting next_dagrun for example_xcom_args to None
[2021-03-30 19:26:59,069] {logging_mixin.py:104} INFO - [2021-03-30 19:26:59,068] {dag.py:2273} INFO - Setting next_dagrun for example_xcom_args_with_operators to None
[2021-03-30 19:26:59,215] {scheduler_job.py:190} INFO - Processing /Users/harika/Desktop/CSYE_7245/Assignment3/FastAPI/vlab/lib/python3.7/site-packages/airflow/example_dags/example_xcomargs.py took 0.545 seconds
[2021-03-30 19:33:06,801] {scheduler_job.py:182} INFO - Started process (PID=21440) to work on /Users/harika/Desktop/CSYE_7245/Assignment3/FastAPI/vlab/lib/python3.7/site-packages/airflow/example_dags/example_xcomargs.py
[2021-03-30 19:33:06,804] {scheduler_job.py:629} INFO - Processing file /Users/harika/Desktop/CSYE_7245/Assignment3/FastAPI/vlab/lib/python3.7/site-packages/airflow/example_dags/example_xcomargs.py for tasks to queue
[2021-03-30 19:33:06,808] {logging_mixin.py:104} INFO - [2021-03-30 19:33:06,807] {dagbag.py:448} INFO - Filling up the DagBag from /Users/harika/Desktop/CSYE_7245/Assignment3/FastAPI/vlab/lib/python3.7/site-packages/airflow/example_dags/example_xcomargs.py
[2021-03-30 19:33:06,857] {scheduler_job.py:639} INFO - DAG(s) dict_keys(['example_xcom_args', 'example_xcom_args_with_operators']) retrieved from /Users/harika/Desktop/CSYE_7245/Assignment3/FastAPI/vlab/lib/python3.7/site-packages/airflow/example_dags/example_xcomargs.py
[2021-03-30 19:33:07,078] {logging_mixin.py:104} INFO - [2021-03-30 19:33:07,078] {dag.py:1818} INFO - Sync 2 DAGs
[2021-03-30 19:33:07,161] {logging_mixin.py:104} INFO - [2021-03-30 19:33:07,160] {dag.py:2273} INFO - Setting next_dagrun for example_xcom_args to None
[2021-03-30 19:33:07,181] {logging_mixin.py:104} INFO - [2021-03-30 19:33:07,164] {dag.py:2273} INFO - Setting next_dagrun for example_xcom_args_with_operators to None
[2021-03-30 19:33:07,265] {scheduler_job.py:190} INFO - Processing /Users/harika/Desktop/CSYE_7245/Assignment3/FastAPI/vlab/lib/python3.7/site-packages/airflow/example_dags/example_xcomargs.py took 0.473 seconds
[2021-03-30 19:33:45,500] {scheduler_job.py:182} INFO - Started process (PID=21482) to work on /Users/harika/Desktop/CSYE_7245/Assignment3/FastAPI/vlab/lib/python3.7/site-packages/airflow/example_dags/example_xcomargs.py
[2021-03-30 19:33:45,503] {scheduler_job.py:629} INFO - Processing file /Users/harika/Desktop/CSYE_7245/Assignment3/FastAPI/vlab/lib/python3.7/site-packages/airflow/example_dags/example_xcomargs.py for tasks to queue
[2021-03-30 19:33:45,510] {logging_mixin.py:104} INFO - [2021-03-30 19:33:45,505] {dagbag.py:448} INFO - Filling up the DagBag from /Users/harika/Desktop/CSYE_7245/Assignment3/FastAPI/vlab/lib/python3.7/site-packages/airflow/example_dags/example_xcomargs.py
[2021-03-30 19:33:45,549] {scheduler_job.py:639} INFO - DAG(s) dict_keys(['example_xcom_args', 'example_xcom_args_with_operators']) retrieved from /Users/harika/Desktop/CSYE_7245/Assignment3/FastAPI/vlab/lib/python3.7/site-packages/airflow/example_dags/example_xcomargs.py
[2021-03-30 19:33:45,595] {logging_mixin.py:104} INFO - [2021-03-30 19:33:45,591] {dag.py:1818} INFO - Sync 2 DAGs
[2021-03-30 19:33:45,621] {logging_mixin.py:104} INFO - [2021-03-30 19:33:45,621] {dag.py:2273} INFO - Setting next_dagrun for example_xcom_args to None
[2021-03-30 19:33:45,624] {logging_mixin.py:104} INFO - [2021-03-30 19:33:45,623] {dag.py:2273} INFO - Setting next_dagrun for example_xcom_args_with_operators to None
[2021-03-30 19:33:45,652] {scheduler_job.py:190} INFO - Processing /Users/harika/Desktop/CSYE_7245/Assignment3/FastAPI/vlab/lib/python3.7/site-packages/airflow/example_dags/example_xcomargs.py took 0.158 seconds
[2021-03-30 19:34:18,665] {scheduler_job.py:182} INFO - Started process (PID=21519) to work on /Users/harika/Desktop/CSYE_7245/Assignment3/FastAPI/vlab/lib/python3.7/site-packages/airflow/example_dags/example_xcomargs.py
[2021-03-30 19:34:18,670] {scheduler_job.py:629} INFO - Processing file /Users/harika/Desktop/CSYE_7245/Assignment3/FastAPI/vlab/lib/python3.7/site-packages/airflow/example_dags/example_xcomargs.py for tasks to queue
[2021-03-30 19:34:18,675] {logging_mixin.py:104} INFO - [2021-03-30 19:34:18,672] {dagbag.py:448} INFO - Filling up the DagBag from /Users/harika/Desktop/CSYE_7245/Assignment3/FastAPI/vlab/lib/python3.7/site-packages/airflow/example_dags/example_xcomargs.py
[2021-03-30 19:34:18,703] {scheduler_job.py:639} INFO - DAG(s) dict_keys(['example_xcom_args', 'example_xcom_args_with_operators']) retrieved from /Users/harika/Desktop/CSYE_7245/Assignment3/FastAPI/vlab/lib/python3.7/site-packages/airflow/example_dags/example_xcomargs.py
[2021-03-30 19:34:18,749] {logging_mixin.py:104} INFO - [2021-03-30 19:34:18,749] {dag.py:1818} INFO - Sync 2 DAGs
[2021-03-30 19:34:18,771] {logging_mixin.py:104} INFO - [2021-03-30 19:34:18,771] {dag.py:2273} INFO - Setting next_dagrun for example_xcom_args to None
[2021-03-30 19:34:18,773] {logging_mixin.py:104} INFO - [2021-03-30 19:34:18,773] {dag.py:2273} INFO - Setting next_dagrun for example_xcom_args_with_operators to None
[2021-03-30 19:34:18,800] {scheduler_job.py:190} INFO - Processing /Users/harika/Desktop/CSYE_7245/Assignment3/FastAPI/vlab/lib/python3.7/site-packages/airflow/example_dags/example_xcomargs.py took 0.148 seconds
[2021-03-30 19:35:02,729] {scheduler_job.py:182} INFO - Started process (PID=21573) to work on /Users/harika/Desktop/CSYE_7245/Assignment3/FastAPI/vlab/lib/python3.7/site-packages/airflow/example_dags/example_xcomargs.py
[2021-03-30 19:35:02,733] {scheduler_job.py:629} INFO - Processing file /Users/harika/Desktop/CSYE_7245/Assignment3/FastAPI/vlab/lib/python3.7/site-packages/airflow/example_dags/example_xcomargs.py for tasks to queue
[2021-03-30 19:35:02,736] {logging_mixin.py:104} INFO - [2021-03-30 19:35:02,735] {dagbag.py:448} INFO - Filling up the DagBag from /Users/harika/Desktop/CSYE_7245/Assignment3/FastAPI/vlab/lib/python3.7/site-packages/airflow/example_dags/example_xcomargs.py
[2021-03-30 19:35:02,768] {scheduler_job.py:639} INFO - DAG(s) dict_keys(['example_xcom_args', 'example_xcom_args_with_operators']) retrieved from /Users/harika/Desktop/CSYE_7245/Assignment3/FastAPI/vlab/lib/python3.7/site-packages/airflow/example_dags/example_xcomargs.py
[2021-03-30 19:35:02,809] {logging_mixin.py:104} INFO - [2021-03-30 19:35:02,809] {dag.py:1818} INFO - Sync 2 DAGs
[2021-03-30 19:35:02,841] {logging_mixin.py:104} INFO - [2021-03-30 19:35:02,840] {dag.py:2273} INFO - Setting next_dagrun for example_xcom_args to None
[2021-03-30 19:35:02,845] {logging_mixin.py:104} INFO - [2021-03-30 19:35:02,844] {dag.py:2273} INFO - Setting next_dagrun for example_xcom_args_with_operators to None
[2021-03-30 19:35:02,868] {scheduler_job.py:190} INFO - Processing /Users/harika/Desktop/CSYE_7245/Assignment3/FastAPI/vlab/lib/python3.7/site-packages/airflow/example_dags/example_xcomargs.py took 0.144 seconds
[2021-03-30 19:35:36,585] {scheduler_job.py:182} INFO - Started process (PID=21610) to work on /Users/harika/Desktop/CSYE_7245/Assignment3/FastAPI/vlab/lib/python3.7/site-packages/airflow/example_dags/example_xcomargs.py
[2021-03-30 19:35:36,591] {scheduler_job.py:629} INFO - Processing file /Users/harika/Desktop/CSYE_7245/Assignment3/FastAPI/vlab/lib/python3.7/site-packages/airflow/example_dags/example_xcomargs.py for tasks to queue
[2021-03-30 19:35:36,595] {logging_mixin.py:104} INFO - [2021-03-30 19:35:36,594] {dagbag.py:448} INFO - Filling up the DagBag from /Users/harika/Desktop/CSYE_7245/Assignment3/FastAPI/vlab/lib/python3.7/site-packages/airflow/example_dags/example_xcomargs.py
[2021-03-30 19:35:36,655] {scheduler_job.py:639} INFO - DAG(s) dict_keys(['example_xcom_args', 'example_xcom_args_with_operators']) retrieved from /Users/harika/Desktop/CSYE_7245/Assignment3/FastAPI/vlab/lib/python3.7/site-packages/airflow/example_dags/example_xcomargs.py
[2021-03-30 19:35:36,761] {logging_mixin.py:104} INFO - [2021-03-30 19:35:36,760] {dag.py:1818} INFO - Sync 2 DAGs
[2021-03-30 19:35:36,859] {logging_mixin.py:104} INFO - [2021-03-30 19:35:36,855] {dag.py:2273} INFO - Setting next_dagrun for example_xcom_args to None
[2021-03-30 19:35:36,862] {logging_mixin.py:104} INFO - [2021-03-30 19:35:36,861] {dag.py:2273} INFO - Setting next_dagrun for example_xcom_args_with_operators to None
[2021-03-30 19:35:36,912] {scheduler_job.py:190} INFO - Processing /Users/harika/Desktop/CSYE_7245/Assignment3/FastAPI/vlab/lib/python3.7/site-packages/airflow/example_dags/example_xcomargs.py took 0.336 seconds
[2021-03-30 19:36:15,083] {scheduler_job.py:182} INFO - Started process (PID=21662) to work on /Users/harika/Desktop/CSYE_7245/Assignment3/FastAPI/vlab/lib/python3.7/site-packages/airflow/example_dags/example_xcomargs.py
[2021-03-30 19:36:15,087] {scheduler_job.py:629} INFO - Processing file /Users/harika/Desktop/CSYE_7245/Assignment3/FastAPI/vlab/lib/python3.7/site-packages/airflow/example_dags/example_xcomargs.py for tasks to queue
[2021-03-30 19:36:15,091] {logging_mixin.py:104} INFO - [2021-03-30 19:36:15,089] {dagbag.py:448} INFO - Filling up the DagBag from /Users/harika/Desktop/CSYE_7245/Assignment3/FastAPI/vlab/lib/python3.7/site-packages/airflow/example_dags/example_xcomargs.py
[2021-03-30 19:36:15,143] {scheduler_job.py:639} INFO - DAG(s) dict_keys(['example_xcom_args', 'example_xcom_args_with_operators']) retrieved from /Users/harika/Desktop/CSYE_7245/Assignment3/FastAPI/vlab/lib/python3.7/site-packages/airflow/example_dags/example_xcomargs.py
[2021-03-30 19:36:15,276] {logging_mixin.py:104} INFO - [2021-03-30 19:36:15,275] {dag.py:1818} INFO - Sync 2 DAGs
[2021-03-30 19:36:15,341] {logging_mixin.py:104} INFO - [2021-03-30 19:36:15,340] {dag.py:2273} INFO - Setting next_dagrun for example_xcom_args to None
[2021-03-30 19:36:15,344] {logging_mixin.py:104} INFO - [2021-03-30 19:36:15,343] {dag.py:2273} INFO - Setting next_dagrun for example_xcom_args_with_operators to None
[2021-03-30 19:36:15,391] {scheduler_job.py:190} INFO - Processing /Users/harika/Desktop/CSYE_7245/Assignment3/FastAPI/vlab/lib/python3.7/site-packages/airflow/example_dags/example_xcomargs.py took 0.315 seconds
[2021-03-30 19:36:50,672] {scheduler_job.py:182} INFO - Started process (PID=21707) to work on /Users/harika/Desktop/CSYE_7245/Assignment3/FastAPI/vlab/lib/python3.7/site-packages/airflow/example_dags/example_xcomargs.py
[2021-03-30 19:36:50,693] {scheduler_job.py:629} INFO - Processing file /Users/harika/Desktop/CSYE_7245/Assignment3/FastAPI/vlab/lib/python3.7/site-packages/airflow/example_dags/example_xcomargs.py for tasks to queue
[2021-03-30 19:36:50,696] {logging_mixin.py:104} INFO - [2021-03-30 19:36:50,695] {dagbag.py:448} INFO - Filling up the DagBag from /Users/harika/Desktop/CSYE_7245/Assignment3/FastAPI/vlab/lib/python3.7/site-packages/airflow/example_dags/example_xcomargs.py
[2021-03-30 19:36:50,766] {scheduler_job.py:639} INFO - DAG(s) dict_keys(['example_xcom_args', 'example_xcom_args_with_operators']) retrieved from /Users/harika/Desktop/CSYE_7245/Assignment3/FastAPI/vlab/lib/python3.7/site-packages/airflow/example_dags/example_xcomargs.py
[2021-03-30 19:36:50,825] {logging_mixin.py:104} INFO - [2021-03-30 19:36:50,824] {dag.py:1818} INFO - Sync 2 DAGs
[2021-03-30 19:36:50,849] {logging_mixin.py:104} INFO - [2021-03-30 19:36:50,848] {dag.py:2273} INFO - Setting next_dagrun for example_xcom_args to None
[2021-03-30 19:36:50,852] {logging_mixin.py:104} INFO - [2021-03-30 19:36:50,851] {dag.py:2273} INFO - Setting next_dagrun for example_xcom_args_with_operators to None
[2021-03-30 19:36:50,880] {scheduler_job.py:190} INFO - Processing /Users/harika/Desktop/CSYE_7245/Assignment3/FastAPI/vlab/lib/python3.7/site-packages/airflow/example_dags/example_xcomargs.py took 0.246 seconds
[2021-03-30 19:37:36,728] {scheduler_job.py:182} INFO - Started process (PID=21765) to work on /Users/harika/Desktop/CSYE_7245/Assignment3/FastAPI/vlab/lib/python3.7/site-packages/airflow/example_dags/example_xcomargs.py
[2021-03-30 19:37:36,732] {scheduler_job.py:629} INFO - Processing file /Users/harika/Desktop/CSYE_7245/Assignment3/FastAPI/vlab/lib/python3.7/site-packages/airflow/example_dags/example_xcomargs.py for tasks to queue
[2021-03-30 19:37:36,736] {logging_mixin.py:104} INFO - [2021-03-30 19:37:36,734] {dagbag.py:448} INFO - Filling up the DagBag from /Users/harika/Desktop/CSYE_7245/Assignment3/FastAPI/vlab/lib/python3.7/site-packages/airflow/example_dags/example_xcomargs.py
[2021-03-30 19:37:36,829] {scheduler_job.py:639} INFO - DAG(s) dict_keys(['example_xcom_args', 'example_xcom_args_with_operators']) retrieved from /Users/harika/Desktop/CSYE_7245/Assignment3/FastAPI/vlab/lib/python3.7/site-packages/airflow/example_dags/example_xcomargs.py
[2021-03-30 19:37:37,318] {logging_mixin.py:104} INFO - [2021-03-30 19:37:37,247] {dag.py:1818} INFO - Sync 2 DAGs
[2021-03-30 19:37:37,442] {logging_mixin.py:104} INFO - [2021-03-30 19:37:37,440] {dag.py:2273} INFO - Setting next_dagrun for example_xcom_args to None
[2021-03-30 19:37:37,496] {logging_mixin.py:104} INFO - [2021-03-30 19:37:37,445] {dag.py:2273} INFO - Setting next_dagrun for example_xcom_args_with_operators to None
[2021-03-30 19:37:37,750] {scheduler_job.py:190} INFO - Processing /Users/harika/Desktop/CSYE_7245/Assignment3/FastAPI/vlab/lib/python3.7/site-packages/airflow/example_dags/example_xcomargs.py took 1.033 seconds
[2021-03-30 19:38:24,243] {scheduler_job.py:182} INFO - Started process (PID=21818) to work on /Users/harika/Desktop/CSYE_7245/Assignment3/FastAPI/vlab/lib/python3.7/site-packages/airflow/example_dags/example_xcomargs.py
[2021-03-30 19:38:24,247] {scheduler_job.py:629} INFO - Processing file /Users/harika/Desktop/CSYE_7245/Assignment3/FastAPI/vlab/lib/python3.7/site-packages/airflow/example_dags/example_xcomargs.py for tasks to queue
[2021-03-30 19:38:24,250] {logging_mixin.py:104} INFO - [2021-03-30 19:38:24,249] {dagbag.py:448} INFO - Filling up the DagBag from /Users/harika/Desktop/CSYE_7245/Assignment3/FastAPI/vlab/lib/python3.7/site-packages/airflow/example_dags/example_xcomargs.py
[2021-03-30 19:38:24,300] {scheduler_job.py:639} INFO - DAG(s) dict_keys(['example_xcom_args', 'example_xcom_args_with_operators']) retrieved from /Users/harika/Desktop/CSYE_7245/Assignment3/FastAPI/vlab/lib/python3.7/site-packages/airflow/example_dags/example_xcomargs.py
[2021-03-30 19:38:24,409] {logging_mixin.py:104} INFO - [2021-03-30 19:38:24,408] {dag.py:1818} INFO - Sync 2 DAGs
[2021-03-30 19:38:24,453] {logging_mixin.py:104} INFO - [2021-03-30 19:38:24,452] {dag.py:2273} INFO - Setting next_dagrun for example_xcom_args to None
[2021-03-30 19:38:24,458] {logging_mixin.py:104} INFO - [2021-03-30 19:38:24,457] {dag.py:2273} INFO - Setting next_dagrun for example_xcom_args_with_operators to None
[2021-03-30 19:38:24,524] {scheduler_job.py:190} INFO - Processing /Users/harika/Desktop/CSYE_7245/Assignment3/FastAPI/vlab/lib/python3.7/site-packages/airflow/example_dags/example_xcomargs.py took 0.286 seconds
[2021-03-30 19:43:03,961] {scheduler_job.py:182} INFO - Started process (PID=21949) to work on /Users/harika/Desktop/CSYE_7245/Assignment3/FastAPI/vlab/lib/python3.7/site-packages/airflow/example_dags/example_xcomargs.py
[2021-03-30 19:43:03,965] {scheduler_job.py:629} INFO - Processing file /Users/harika/Desktop/CSYE_7245/Assignment3/FastAPI/vlab/lib/python3.7/site-packages/airflow/example_dags/example_xcomargs.py for tasks to queue
[2021-03-30 19:43:03,968] {logging_mixin.py:104} INFO - [2021-03-30 19:43:03,967] {dagbag.py:448} INFO - Filling up the DagBag from /Users/harika/Desktop/CSYE_7245/Assignment3/FastAPI/vlab/lib/python3.7/site-packages/airflow/example_dags/example_xcomargs.py
[2021-03-30 19:43:04,013] {scheduler_job.py:639} INFO - DAG(s) dict_keys(['example_xcom_args', 'example_xcom_args_with_operators']) retrieved from /Users/harika/Desktop/CSYE_7245/Assignment3/FastAPI/vlab/lib/python3.7/site-packages/airflow/example_dags/example_xcomargs.py
[2021-03-30 19:43:04,086] {logging_mixin.py:104} INFO - [2021-03-30 19:43:04,085] {dag.py:1818} INFO - Sync 2 DAGs
[2021-03-30 19:43:04,175] {logging_mixin.py:104} INFO - [2021-03-30 19:43:04,169] {dag.py:2273} INFO - Setting next_dagrun for example_xcom_args to None
[2021-03-30 19:43:04,184] {logging_mixin.py:104} INFO - [2021-03-30 19:43:04,178] {dag.py:2273} INFO - Setting next_dagrun for example_xcom_args_with_operators to None
[2021-03-30 19:43:04,229] {scheduler_job.py:190} INFO - Processing /Users/harika/Desktop/CSYE_7245/Assignment3/FastAPI/vlab/lib/python3.7/site-packages/airflow/example_dags/example_xcomargs.py took 0.274 seconds
[2021-03-30 19:43:53,037] {scheduler_job.py:182} INFO - Started process (PID=21994) to work on /Users/harika/Desktop/CSYE_7245/Assignment3/FastAPI/vlab/lib/python3.7/site-packages/airflow/example_dags/example_xcomargs.py
[2021-03-30 19:43:53,044] {scheduler_job.py:629} INFO - Processing file /Users/harika/Desktop/CSYE_7245/Assignment3/FastAPI/vlab/lib/python3.7/site-packages/airflow/example_dags/example_xcomargs.py for tasks to queue
[2021-03-30 19:43:53,048] {logging_mixin.py:104} INFO - [2021-03-30 19:43:53,048] {dagbag.py:448} INFO - Filling up the DagBag from /Users/harika/Desktop/CSYE_7245/Assignment3/FastAPI/vlab/lib/python3.7/site-packages/airflow/example_dags/example_xcomargs.py
[2021-03-30 19:43:53,111] {scheduler_job.py:639} INFO - DAG(s) dict_keys(['example_xcom_args', 'example_xcom_args_with_operators']) retrieved from /Users/harika/Desktop/CSYE_7245/Assignment3/FastAPI/vlab/lib/python3.7/site-packages/airflow/example_dags/example_xcomargs.py
[2021-03-30 19:43:53,410] {logging_mixin.py:104} INFO - [2021-03-30 19:43:53,409] {dag.py:1818} INFO - Sync 2 DAGs
[2021-03-30 19:43:53,479] {logging_mixin.py:104} INFO - [2021-03-30 19:43:53,477] {dag.py:2273} INFO - Setting next_dagrun for example_xcom_args to None
[2021-03-30 19:43:53,485] {logging_mixin.py:104} INFO - [2021-03-30 19:43:53,483] {dag.py:2273} INFO - Setting next_dagrun for example_xcom_args_with_operators to None
[2021-03-30 19:43:53,556] {scheduler_job.py:190} INFO - Processing /Users/harika/Desktop/CSYE_7245/Assignment3/FastAPI/vlab/lib/python3.7/site-packages/airflow/example_dags/example_xcomargs.py took 0.551 seconds
[2021-03-30 19:44:32,419] {scheduler_job.py:182} INFO - Started process (PID=22026) to work on /Users/harika/Desktop/CSYE_7245/Assignment3/FastAPI/vlab/lib/python3.7/site-packages/airflow/example_dags/example_xcomargs.py
[2021-03-30 19:44:32,422] {scheduler_job.py:629} INFO - Processing file /Users/harika/Desktop/CSYE_7245/Assignment3/FastAPI/vlab/lib/python3.7/site-packages/airflow/example_dags/example_xcomargs.py for tasks to queue
[2021-03-30 19:44:32,430] {logging_mixin.py:104} INFO - [2021-03-30 19:44:32,425] {dagbag.py:448} INFO - Filling up the DagBag from /Users/harika/Desktop/CSYE_7245/Assignment3/FastAPI/vlab/lib/python3.7/site-packages/airflow/example_dags/example_xcomargs.py
[2021-03-30 19:44:32,476] {scheduler_job.py:639} INFO - DAG(s) dict_keys(['example_xcom_args', 'example_xcom_args_with_operators']) retrieved from /Users/harika/Desktop/CSYE_7245/Assignment3/FastAPI/vlab/lib/python3.7/site-packages/airflow/example_dags/example_xcomargs.py
[2021-03-30 19:44:32,522] {logging_mixin.py:104} INFO - [2021-03-30 19:44:32,521] {dag.py:1818} INFO - Sync 2 DAGs
[2021-03-30 19:44:32,542] {logging_mixin.py:104} INFO - [2021-03-30 19:44:32,541] {dag.py:2273} INFO - Setting next_dagrun for example_xcom_args to None
[2021-03-30 19:44:32,544] {logging_mixin.py:104} INFO - [2021-03-30 19:44:32,543] {dag.py:2273} INFO - Setting next_dagrun for example_xcom_args_with_operators to None
[2021-03-30 19:44:32,591] {scheduler_job.py:190} INFO - Processing /Users/harika/Desktop/CSYE_7245/Assignment3/FastAPI/vlab/lib/python3.7/site-packages/airflow/example_dags/example_xcomargs.py took 0.179 seconds
[2021-03-30 19:45:06,146] {scheduler_job.py:182} INFO - Started process (PID=22054) to work on /Users/harika/Desktop/CSYE_7245/Assignment3/FastAPI/vlab/lib/python3.7/site-packages/airflow/example_dags/example_xcomargs.py
[2021-03-30 19:45:06,156] {scheduler_job.py:629} INFO - Processing file /Users/harika/Desktop/CSYE_7245/Assignment3/FastAPI/vlab/lib/python3.7/site-packages/airflow/example_dags/example_xcomargs.py for tasks to queue
[2021-03-30 19:45:06,158] {logging_mixin.py:104} INFO - [2021-03-30 19:45:06,157] {dagbag.py:448} INFO - Filling up the DagBag from /Users/harika/Desktop/CSYE_7245/Assignment3/FastAPI/vlab/lib/python3.7/site-packages/airflow/example_dags/example_xcomargs.py
[2021-03-30 19:45:06,204] {scheduler_job.py:639} INFO - DAG(s) dict_keys(['example_xcom_args', 'example_xcom_args_with_operators']) retrieved from /Users/harika/Desktop/CSYE_7245/Assignment3/FastAPI/vlab/lib/python3.7/site-packages/airflow/example_dags/example_xcomargs.py
[2021-03-30 19:45:06,257] {logging_mixin.py:104} INFO - [2021-03-30 19:45:06,256] {dag.py:1818} INFO - Sync 2 DAGs
[2021-03-30 19:45:06,296] {logging_mixin.py:104} INFO - [2021-03-30 19:45:06,295] {dag.py:2273} INFO - Setting next_dagrun for example_xcom_args to None
[2021-03-30 19:45:06,301] {logging_mixin.py:104} INFO - [2021-03-30 19:45:06,300] {dag.py:2273} INFO - Setting next_dagrun for example_xcom_args_with_operators to None
[2021-03-30 19:45:06,325] {scheduler_job.py:190} INFO - Processing /Users/harika/Desktop/CSYE_7245/Assignment3/FastAPI/vlab/lib/python3.7/site-packages/airflow/example_dags/example_xcomargs.py took 0.185 seconds
[2021-03-30 19:45:43,594] {scheduler_job.py:182} INFO - Started process (PID=22106) to work on /Users/harika/Desktop/CSYE_7245/Assignment3/FastAPI/vlab/lib/python3.7/site-packages/airflow/example_dags/example_xcomargs.py
[2021-03-30 19:45:43,597] {scheduler_job.py:629} INFO - Processing file /Users/harika/Desktop/CSYE_7245/Assignment3/FastAPI/vlab/lib/python3.7/site-packages/airflow/example_dags/example_xcomargs.py for tasks to queue
[2021-03-30 19:45:43,600] {logging_mixin.py:104} INFO - [2021-03-30 19:45:43,599] {dagbag.py:448} INFO - Filling up the DagBag from /Users/harika/Desktop/CSYE_7245/Assignment3/FastAPI/vlab/lib/python3.7/site-packages/airflow/example_dags/example_xcomargs.py
[2021-03-30 19:45:43,630] {scheduler_job.py:639} INFO - DAG(s) dict_keys(['example_xcom_args', 'example_xcom_args_with_operators']) retrieved from /Users/harika/Desktop/CSYE_7245/Assignment3/FastAPI/vlab/lib/python3.7/site-packages/airflow/example_dags/example_xcomargs.py
[2021-03-30 19:45:43,676] {logging_mixin.py:104} INFO - [2021-03-30 19:45:43,675] {dag.py:1818} INFO - Sync 2 DAGs
[2021-03-30 19:45:43,702] {logging_mixin.py:104} INFO - [2021-03-30 19:45:43,701] {dag.py:2273} INFO - Setting next_dagrun for example_xcom_args to None
[2021-03-30 19:45:43,708] {logging_mixin.py:104} INFO - [2021-03-30 19:45:43,707] {dag.py:2273} INFO - Setting next_dagrun for example_xcom_args_with_operators to None
[2021-03-30 19:45:43,742] {scheduler_job.py:190} INFO - Processing /Users/harika/Desktop/CSYE_7245/Assignment3/FastAPI/vlab/lib/python3.7/site-packages/airflow/example_dags/example_xcomargs.py took 0.160 seconds
[2021-03-30 19:46:18,123] {scheduler_job.py:182} INFO - Started process (PID=22136) to work on /Users/harika/Desktop/CSYE_7245/Assignment3/FastAPI/vlab/lib/python3.7/site-packages/airflow/example_dags/example_xcomargs.py
[2021-03-30 19:46:18,145] {scheduler_job.py:629} INFO - Processing file /Users/harika/Desktop/CSYE_7245/Assignment3/FastAPI/vlab/lib/python3.7/site-packages/airflow/example_dags/example_xcomargs.py for tasks to queue
[2021-03-30 19:46:18,148] {logging_mixin.py:104} INFO - [2021-03-30 19:46:18,147] {dagbag.py:448} INFO - Filling up the DagBag from /Users/harika/Desktop/CSYE_7245/Assignment3/FastAPI/vlab/lib/python3.7/site-packages/airflow/example_dags/example_xcomargs.py
[2021-03-30 19:46:18,195] {scheduler_job.py:639} INFO - DAG(s) dict_keys(['example_xcom_args', 'example_xcom_args_with_operators']) retrieved from /Users/harika/Desktop/CSYE_7245/Assignment3/FastAPI/vlab/lib/python3.7/site-packages/airflow/example_dags/example_xcomargs.py
[2021-03-30 19:46:18,264] {logging_mixin.py:104} INFO - [2021-03-30 19:46:18,262] {dag.py:1818} INFO - Sync 2 DAGs
[2021-03-30 19:46:18,437] {logging_mixin.py:104} INFO - [2021-03-30 19:46:18,432] {dag.py:2273} INFO - Setting next_dagrun for example_xcom_args to None
[2021-03-30 19:46:18,456] {logging_mixin.py:104} INFO - [2021-03-30 19:46:18,455] {dag.py:2273} INFO - Setting next_dagrun for example_xcom_args_with_operators to None
[2021-03-30 19:46:18,532] {scheduler_job.py:190} INFO - Processing /Users/harika/Desktop/CSYE_7245/Assignment3/FastAPI/vlab/lib/python3.7/site-packages/airflow/example_dags/example_xcomargs.py took 0.419 seconds
[2021-03-30 19:46:54,437] {scheduler_job.py:182} INFO - Started process (PID=22166) to work on /Users/harika/Desktop/CSYE_7245/Assignment3/FastAPI/vlab/lib/python3.7/site-packages/airflow/example_dags/example_xcomargs.py
[2021-03-30 19:46:54,443] {scheduler_job.py:629} INFO - Processing file /Users/harika/Desktop/CSYE_7245/Assignment3/FastAPI/vlab/lib/python3.7/site-packages/airflow/example_dags/example_xcomargs.py for tasks to queue
[2021-03-30 19:46:54,447] {logging_mixin.py:104} INFO - [2021-03-30 19:46:54,446] {dagbag.py:448} INFO - Filling up the DagBag from /Users/harika/Desktop/CSYE_7245/Assignment3/FastAPI/vlab/lib/python3.7/site-packages/airflow/example_dags/example_xcomargs.py
[2021-03-30 19:46:54,488] {scheduler_job.py:639} INFO - DAG(s) dict_keys(['example_xcom_args', 'example_xcom_args_with_operators']) retrieved from /Users/harika/Desktop/CSYE_7245/Assignment3/FastAPI/vlab/lib/python3.7/site-packages/airflow/example_dags/example_xcomargs.py
[2021-03-30 19:46:54,554] {logging_mixin.py:104} INFO - [2021-03-30 19:46:54,550] {dag.py:1818} INFO - Sync 2 DAGs
[2021-03-30 19:46:54,588] {logging_mixin.py:104} INFO - [2021-03-30 19:46:54,586] {dag.py:2273} INFO - Setting next_dagrun for example_xcom_args to None
[2021-03-30 19:46:54,593] {logging_mixin.py:104} INFO - [2021-03-30 19:46:54,592] {dag.py:2273} INFO - Setting next_dagrun for example_xcom_args_with_operators to None
[2021-03-30 19:46:54,613] {scheduler_job.py:190} INFO - Processing /Users/harika/Desktop/CSYE_7245/Assignment3/FastAPI/vlab/lib/python3.7/site-packages/airflow/example_dags/example_xcomargs.py took 0.187 seconds
[2021-03-30 19:47:35,232] {scheduler_job.py:182} INFO - Started process (PID=22204) to work on /Users/harika/Desktop/CSYE_7245/Assignment3/FastAPI/vlab/lib/python3.7/site-packages/airflow/example_dags/example_xcomargs.py
[2021-03-30 19:47:35,242] {scheduler_job.py:629} INFO - Processing file /Users/harika/Desktop/CSYE_7245/Assignment3/FastAPI/vlab/lib/python3.7/site-packages/airflow/example_dags/example_xcomargs.py for tasks to queue
[2021-03-30 19:47:35,246] {logging_mixin.py:104} INFO - [2021-03-30 19:47:35,245] {dagbag.py:448} INFO - Filling up the DagBag from /Users/harika/Desktop/CSYE_7245/Assignment3/FastAPI/vlab/lib/python3.7/site-packages/airflow/example_dags/example_xcomargs.py
[2021-03-30 19:47:35,304] {scheduler_job.py:639} INFO - DAG(s) dict_keys(['example_xcom_args', 'example_xcom_args_with_operators']) retrieved from /Users/harika/Desktop/CSYE_7245/Assignment3/FastAPI/vlab/lib/python3.7/site-packages/airflow/example_dags/example_xcomargs.py
[2021-03-30 19:47:35,490] {logging_mixin.py:104} INFO - [2021-03-30 19:47:35,485] {dag.py:1818} INFO - Sync 2 DAGs
[2021-03-30 19:47:35,567] {logging_mixin.py:104} INFO - [2021-03-30 19:47:35,566] {dag.py:2273} INFO - Setting next_dagrun for example_xcom_args to None
[2021-03-30 19:47:35,577] {logging_mixin.py:104} INFO - [2021-03-30 19:47:35,575] {dag.py:2273} INFO - Setting next_dagrun for example_xcom_args_with_operators to None
[2021-03-30 19:47:35,612] {scheduler_job.py:190} INFO - Processing /Users/harika/Desktop/CSYE_7245/Assignment3/FastAPI/vlab/lib/python3.7/site-packages/airflow/example_dags/example_xcomargs.py took 0.388 seconds
[2021-03-30 19:58:41,648] {scheduler_job.py:182} INFO - Started process (PID=22504) to work on /Library/Frameworks/Python.framework/Versions/3.9/lib/python3.9/site-packages/airflow/example_dags/example_xcomargs.py
[2021-03-30 19:58:41,650] {scheduler_job.py:629} INFO - Processing file /Library/Frameworks/Python.framework/Versions/3.9/lib/python3.9/site-packages/airflow/example_dags/example_xcomargs.py for tasks to queue
[2021-03-30 19:58:41,652] {logging_mixin.py:104} INFO - [2021-03-30 19:58:41,651] {dagbag.py:448} INFO - Filling up the DagBag from /Library/Frameworks/Python.framework/Versions/3.9/lib/python3.9/site-packages/airflow/example_dags/example_xcomargs.py
[2021-03-30 19:58:41,681] {scheduler_job.py:639} INFO - DAG(s) dict_keys(['example_xcom_args', 'example_xcom_args_with_operators']) retrieved from /Library/Frameworks/Python.framework/Versions/3.9/lib/python3.9/site-packages/airflow/example_dags/example_xcomargs.py
[2021-03-30 19:58:41,797] {logging_mixin.py:104} INFO - [2021-03-30 19:58:41,796] {dag.py:1818} INFO - Sync 2 DAGs
[2021-03-30 19:58:41,827] {logging_mixin.py:104} INFO - [2021-03-30 19:58:41,827] {dag.py:2273} INFO - Setting next_dagrun for example_xcom_args to None
[2021-03-30 19:58:41,828] {logging_mixin.py:104} INFO - [2021-03-30 19:58:41,828] {dag.py:2273} INFO - Setting next_dagrun for example_xcom_args_with_operators to None
[2021-03-30 19:58:41,900] {scheduler_job.py:190} INFO - Processing /Library/Frameworks/Python.framework/Versions/3.9/lib/python3.9/site-packages/airflow/example_dags/example_xcomargs.py took 0.254 seconds
