[2021-03-30 19:08:26,115] {scheduler_job.py:182} INFO - Started process (PID=20496) to work on /Users/harika/Desktop/CSYE_7245/Assignment3/FastAPI/vlab/lib/python3.7/site-packages/airflow/example_dags/example_external_task_marker_dag.py
[2021-03-30 19:08:26,118] {scheduler_job.py:629} INFO - Processing file /Users/harika/Desktop/CSYE_7245/Assignment3/FastAPI/vlab/lib/python3.7/site-packages/airflow/example_dags/example_external_task_marker_dag.py for tasks to queue
[2021-03-30 19:08:26,121] {logging_mixin.py:104} INFO - [2021-03-30 19:08:26,120] {dagbag.py:448} INFO - Filling up the DagBag from /Users/harika/Desktop/CSYE_7245/Assignment3/FastAPI/vlab/lib/python3.7/site-packages/airflow/example_dags/example_external_task_marker_dag.py
[2021-03-30 19:08:26,146] {scheduler_job.py:639} INFO - DAG(s) dict_keys(['example_external_task_marker_parent', 'example_external_task_marker_child']) retrieved from /Users/harika/Desktop/CSYE_7245/Assignment3/FastAPI/vlab/lib/python3.7/site-packages/airflow/example_dags/example_external_task_marker_dag.py
[2021-03-30 19:08:26,201] {logging_mixin.py:104} INFO - [2021-03-30 19:08:26,200] {dag.py:1818} INFO - Sync 2 DAGs
[2021-03-30 19:08:26,248] {logging_mixin.py:104} INFO - [2021-03-30 19:08:26,247] {dag.py:2273} INFO - Setting next_dagrun for example_external_task_marker_child to None
[2021-03-30 19:08:26,252] {logging_mixin.py:104} INFO - [2021-03-30 19:08:26,251] {dag.py:2273} INFO - Setting next_dagrun for example_external_task_marker_parent to None
[2021-03-30 19:08:26,303] {scheduler_job.py:190} INFO - Processing /Users/harika/Desktop/CSYE_7245/Assignment3/FastAPI/vlab/lib/python3.7/site-packages/airflow/example_dags/example_external_task_marker_dag.py took 0.200 seconds
[2021-03-30 19:09:06,886] {scheduler_job.py:182} INFO - Started process (PID=20574) to work on /Users/harika/Desktop/CSYE_7245/Assignment3/FastAPI/vlab/lib/python3.7/site-packages/airflow/example_dags/example_external_task_marker_dag.py
[2021-03-30 19:09:06,889] {scheduler_job.py:629} INFO - Processing file /Users/harika/Desktop/CSYE_7245/Assignment3/FastAPI/vlab/lib/python3.7/site-packages/airflow/example_dags/example_external_task_marker_dag.py for tasks to queue
[2021-03-30 19:09:06,893] {logging_mixin.py:104} INFO - [2021-03-30 19:09:06,891] {dagbag.py:448} INFO - Filling up the DagBag from /Users/harika/Desktop/CSYE_7245/Assignment3/FastAPI/vlab/lib/python3.7/site-packages/airflow/example_dags/example_external_task_marker_dag.py
[2021-03-30 19:09:06,918] {scheduler_job.py:639} INFO - DAG(s) dict_keys(['example_external_task_marker_parent', 'example_external_task_marker_child']) retrieved from /Users/harika/Desktop/CSYE_7245/Assignment3/FastAPI/vlab/lib/python3.7/site-packages/airflow/example_dags/example_external_task_marker_dag.py
[2021-03-30 19:09:06,947] {logging_mixin.py:104} INFO - [2021-03-30 19:09:06,946] {dag.py:1818} INFO - Sync 2 DAGs
[2021-03-30 19:09:06,966] {logging_mixin.py:104} INFO - [2021-03-30 19:09:06,965] {dag.py:2273} INFO - Setting next_dagrun for example_external_task_marker_child to None
[2021-03-30 19:09:06,974] {logging_mixin.py:104} INFO - [2021-03-30 19:09:06,972] {dag.py:2273} INFO - Setting next_dagrun for example_external_task_marker_parent to None
[2021-03-30 19:09:06,992] {scheduler_job.py:190} INFO - Processing /Users/harika/Desktop/CSYE_7245/Assignment3/FastAPI/vlab/lib/python3.7/site-packages/airflow/example_dags/example_external_task_marker_dag.py took 0.110 seconds
[2021-03-30 19:13:10,725] {scheduler_job.py:182} INFO - Started process (PID=20667) to work on /Users/harika/Desktop/CSYE_7245/Assignment3/FastAPI/vlab/lib/python3.7/site-packages/airflow/example_dags/example_external_task_marker_dag.py
[2021-03-30 19:13:10,733] {scheduler_job.py:629} INFO - Processing file /Users/harika/Desktop/CSYE_7245/Assignment3/FastAPI/vlab/lib/python3.7/site-packages/airflow/example_dags/example_external_task_marker_dag.py for tasks to queue
[2021-03-30 19:13:10,736] {logging_mixin.py:104} INFO - [2021-03-30 19:13:10,735] {dagbag.py:448} INFO - Filling up the DagBag from /Users/harika/Desktop/CSYE_7245/Assignment3/FastAPI/vlab/lib/python3.7/site-packages/airflow/example_dags/example_external_task_marker_dag.py
[2021-03-30 19:13:10,775] {scheduler_job.py:639} INFO - DAG(s) dict_keys(['example_external_task_marker_parent', 'example_external_task_marker_child']) retrieved from /Users/harika/Desktop/CSYE_7245/Assignment3/FastAPI/vlab/lib/python3.7/site-packages/airflow/example_dags/example_external_task_marker_dag.py
[2021-03-30 19:13:11,159] {logging_mixin.py:104} INFO - [2021-03-30 19:13:11,158] {dag.py:1818} INFO - Sync 2 DAGs
[2021-03-30 19:13:11,200] {logging_mixin.py:104} INFO - [2021-03-30 19:13:11,199] {dag.py:2273} INFO - Setting next_dagrun for example_external_task_marker_child to None
[2021-03-30 19:13:11,203] {logging_mixin.py:104} INFO - [2021-03-30 19:13:11,202] {dag.py:2273} INFO - Setting next_dagrun for example_external_task_marker_parent to None
[2021-03-30 19:13:11,242] {scheduler_job.py:190} INFO - Processing /Users/harika/Desktop/CSYE_7245/Assignment3/FastAPI/vlab/lib/python3.7/site-packages/airflow/example_dags/example_external_task_marker_dag.py took 0.524 seconds
[2021-03-30 19:15:52,523] {scheduler_job.py:182} INFO - Started process (PID=20742) to work on /Users/harika/Desktop/CSYE_7245/Assignment3/FastAPI/vlab/lib/python3.7/site-packages/airflow/example_dags/example_external_task_marker_dag.py
[2021-03-30 19:15:52,527] {scheduler_job.py:629} INFO - Processing file /Users/harika/Desktop/CSYE_7245/Assignment3/FastAPI/vlab/lib/python3.7/site-packages/airflow/example_dags/example_external_task_marker_dag.py for tasks to queue
[2021-03-30 19:15:52,530] {logging_mixin.py:104} INFO - [2021-03-30 19:15:52,529] {dagbag.py:448} INFO - Filling up the DagBag from /Users/harika/Desktop/CSYE_7245/Assignment3/FastAPI/vlab/lib/python3.7/site-packages/airflow/example_dags/example_external_task_marker_dag.py
[2021-03-30 19:15:52,550] {scheduler_job.py:639} INFO - DAG(s) dict_keys(['example_external_task_marker_parent', 'example_external_task_marker_child']) retrieved from /Users/harika/Desktop/CSYE_7245/Assignment3/FastAPI/vlab/lib/python3.7/site-packages/airflow/example_dags/example_external_task_marker_dag.py
[2021-03-30 19:15:52,601] {logging_mixin.py:104} INFO - [2021-03-30 19:15:52,601] {dag.py:1818} INFO - Sync 2 DAGs
[2021-03-30 19:15:52,620] {logging_mixin.py:104} INFO - [2021-03-30 19:15:52,620] {dag.py:2273} INFO - Setting next_dagrun for example_external_task_marker_child to None
[2021-03-30 19:15:52,623] {logging_mixin.py:104} INFO - [2021-03-30 19:15:52,623] {dag.py:2273} INFO - Setting next_dagrun for example_external_task_marker_parent to None
[2021-03-30 19:15:52,646] {scheduler_job.py:190} INFO - Processing /Users/harika/Desktop/CSYE_7245/Assignment3/FastAPI/vlab/lib/python3.7/site-packages/airflow/example_dags/example_external_task_marker_dag.py took 0.130 seconds
[2021-03-30 19:16:32,567] {scheduler_job.py:182} INFO - Started process (PID=20786) to work on /Users/harika/Desktop/CSYE_7245/Assignment3/FastAPI/vlab/lib/python3.7/site-packages/airflow/example_dags/example_external_task_marker_dag.py
[2021-03-30 19:16:32,568] {scheduler_job.py:629} INFO - Processing file /Users/harika/Desktop/CSYE_7245/Assignment3/FastAPI/vlab/lib/python3.7/site-packages/airflow/example_dags/example_external_task_marker_dag.py for tasks to queue
[2021-03-30 19:16:32,570] {logging_mixin.py:104} INFO - [2021-03-30 19:16:32,569] {dagbag.py:448} INFO - Filling up the DagBag from /Users/harika/Desktop/CSYE_7245/Assignment3/FastAPI/vlab/lib/python3.7/site-packages/airflow/example_dags/example_external_task_marker_dag.py
[2021-03-30 19:16:32,588] {scheduler_job.py:639} INFO - DAG(s) dict_keys(['example_external_task_marker_parent', 'example_external_task_marker_child']) retrieved from /Users/harika/Desktop/CSYE_7245/Assignment3/FastAPI/vlab/lib/python3.7/site-packages/airflow/example_dags/example_external_task_marker_dag.py
[2021-03-30 19:16:32,615] {logging_mixin.py:104} INFO - [2021-03-30 19:16:32,615] {dag.py:1818} INFO - Sync 2 DAGs
[2021-03-30 19:16:32,629] {logging_mixin.py:104} INFO - [2021-03-30 19:16:32,628] {dag.py:2273} INFO - Setting next_dagrun for example_external_task_marker_child to None
[2021-03-30 19:16:32,633] {logging_mixin.py:104} INFO - [2021-03-30 19:16:32,632] {dag.py:2273} INFO - Setting next_dagrun for example_external_task_marker_parent to None
[2021-03-30 19:16:32,644] {scheduler_job.py:190} INFO - Processing /Users/harika/Desktop/CSYE_7245/Assignment3/FastAPI/vlab/lib/python3.7/site-packages/airflow/example_dags/example_external_task_marker_dag.py took 0.083 seconds
[2021-03-30 19:17:08,304] {scheduler_job.py:182} INFO - Started process (PID=20823) to work on /Users/harika/Desktop/CSYE_7245/Assignment3/FastAPI/vlab/lib/python3.7/site-packages/airflow/example_dags/example_external_task_marker_dag.py
[2021-03-30 19:17:08,316] {scheduler_job.py:629} INFO - Processing file /Users/harika/Desktop/CSYE_7245/Assignment3/FastAPI/vlab/lib/python3.7/site-packages/airflow/example_dags/example_external_task_marker_dag.py for tasks to queue
[2021-03-30 19:17:08,321] {logging_mixin.py:104} INFO - [2021-03-30 19:17:08,317] {dagbag.py:448} INFO - Filling up the DagBag from /Users/harika/Desktop/CSYE_7245/Assignment3/FastAPI/vlab/lib/python3.7/site-packages/airflow/example_dags/example_external_task_marker_dag.py
[2021-03-30 19:17:08,337] {scheduler_job.py:639} INFO - DAG(s) dict_keys(['example_external_task_marker_parent', 'example_external_task_marker_child']) retrieved from /Users/harika/Desktop/CSYE_7245/Assignment3/FastAPI/vlab/lib/python3.7/site-packages/airflow/example_dags/example_external_task_marker_dag.py
[2021-03-30 19:17:08,369] {logging_mixin.py:104} INFO - [2021-03-30 19:17:08,367] {dag.py:1818} INFO - Sync 2 DAGs
[2021-03-30 19:17:08,393] {logging_mixin.py:104} INFO - [2021-03-30 19:17:08,392] {dag.py:2273} INFO - Setting next_dagrun for example_external_task_marker_child to None
[2021-03-30 19:17:08,395] {logging_mixin.py:104} INFO - [2021-03-30 19:17:08,394] {dag.py:2273} INFO - Setting next_dagrun for example_external_task_marker_parent to None
[2021-03-30 19:17:08,411] {scheduler_job.py:190} INFO - Processing /Users/harika/Desktop/CSYE_7245/Assignment3/FastAPI/vlab/lib/python3.7/site-packages/airflow/example_dags/example_external_task_marker_dag.py took 0.117 seconds
[2021-03-30 19:17:47,520] {scheduler_job.py:182} INFO - Started process (PID=20861) to work on /Users/harika/Desktop/CSYE_7245/Assignment3/FastAPI/vlab/lib/python3.7/site-packages/airflow/example_dags/example_external_task_marker_dag.py
[2021-03-30 19:17:47,524] {scheduler_job.py:629} INFO - Processing file /Users/harika/Desktop/CSYE_7245/Assignment3/FastAPI/vlab/lib/python3.7/site-packages/airflow/example_dags/example_external_task_marker_dag.py for tasks to queue
[2021-03-30 19:17:47,526] {logging_mixin.py:104} INFO - [2021-03-30 19:17:47,526] {dagbag.py:448} INFO - Filling up the DagBag from /Users/harika/Desktop/CSYE_7245/Assignment3/FastAPI/vlab/lib/python3.7/site-packages/airflow/example_dags/example_external_task_marker_dag.py
[2021-03-30 19:17:47,548] {scheduler_job.py:639} INFO - DAG(s) dict_keys(['example_external_task_marker_parent', 'example_external_task_marker_child']) retrieved from /Users/harika/Desktop/CSYE_7245/Assignment3/FastAPI/vlab/lib/python3.7/site-packages/airflow/example_dags/example_external_task_marker_dag.py
[2021-03-30 19:17:47,589] {logging_mixin.py:104} INFO - [2021-03-30 19:17:47,588] {dag.py:1818} INFO - Sync 2 DAGs
[2021-03-30 19:17:47,630] {logging_mixin.py:104} INFO - [2021-03-30 19:17:47,629] {dag.py:2273} INFO - Setting next_dagrun for example_external_task_marker_child to None
[2021-03-30 19:17:47,642] {logging_mixin.py:104} INFO - [2021-03-30 19:17:47,642] {dag.py:2273} INFO - Setting next_dagrun for example_external_task_marker_parent to None
[2021-03-30 19:17:47,657] {scheduler_job.py:190} INFO - Processing /Users/harika/Desktop/CSYE_7245/Assignment3/FastAPI/vlab/lib/python3.7/site-packages/airflow/example_dags/example_external_task_marker_dag.py took 0.144 seconds
[2021-03-30 19:18:28,085] {scheduler_job.py:182} INFO - Started process (PID=20896) to work on /Users/harika/Desktop/CSYE_7245/Assignment3/FastAPI/vlab/lib/python3.7/site-packages/airflow/example_dags/example_external_task_marker_dag.py
[2021-03-30 19:18:28,091] {scheduler_job.py:629} INFO - Processing file /Users/harika/Desktop/CSYE_7245/Assignment3/FastAPI/vlab/lib/python3.7/site-packages/airflow/example_dags/example_external_task_marker_dag.py for tasks to queue
[2021-03-30 19:18:28,093] {logging_mixin.py:104} INFO - [2021-03-30 19:18:28,093] {dagbag.py:448} INFO - Filling up the DagBag from /Users/harika/Desktop/CSYE_7245/Assignment3/FastAPI/vlab/lib/python3.7/site-packages/airflow/example_dags/example_external_task_marker_dag.py
[2021-03-30 19:18:28,105] {scheduler_job.py:639} INFO - DAG(s) dict_keys(['example_external_task_marker_parent', 'example_external_task_marker_child']) retrieved from /Users/harika/Desktop/CSYE_7245/Assignment3/FastAPI/vlab/lib/python3.7/site-packages/airflow/example_dags/example_external_task_marker_dag.py
[2021-03-30 19:18:28,148] {logging_mixin.py:104} INFO - [2021-03-30 19:18:28,148] {dag.py:1818} INFO - Sync 2 DAGs
[2021-03-30 19:18:28,175] {logging_mixin.py:104} INFO - [2021-03-30 19:18:28,173] {dag.py:2273} INFO - Setting next_dagrun for example_external_task_marker_child to None
[2021-03-30 19:18:28,180] {logging_mixin.py:104} INFO - [2021-03-30 19:18:28,179] {dag.py:2273} INFO - Setting next_dagrun for example_external_task_marker_parent to None
[2021-03-30 19:18:28,202] {scheduler_job.py:190} INFO - Processing /Users/harika/Desktop/CSYE_7245/Assignment3/FastAPI/vlab/lib/python3.7/site-packages/airflow/example_dags/example_external_task_marker_dag.py took 0.125 seconds
[2021-03-30 19:21:37,676] {scheduler_job.py:182} INFO - Started process (PID=20976) to work on /Users/harika/Desktop/CSYE_7245/Assignment3/FastAPI/vlab/lib/python3.7/site-packages/airflow/example_dags/example_external_task_marker_dag.py
[2021-03-30 19:21:37,682] {scheduler_job.py:629} INFO - Processing file /Users/harika/Desktop/CSYE_7245/Assignment3/FastAPI/vlab/lib/python3.7/site-packages/airflow/example_dags/example_external_task_marker_dag.py for tasks to queue
[2021-03-30 19:21:37,684] {logging_mixin.py:104} INFO - [2021-03-30 19:21:37,684] {dagbag.py:448} INFO - Filling up the DagBag from /Users/harika/Desktop/CSYE_7245/Assignment3/FastAPI/vlab/lib/python3.7/site-packages/airflow/example_dags/example_external_task_marker_dag.py
[2021-03-30 19:21:37,809] {scheduler_job.py:639} INFO - DAG(s) dict_keys(['example_external_task_marker_parent', 'example_external_task_marker_child']) retrieved from /Users/harika/Desktop/CSYE_7245/Assignment3/FastAPI/vlab/lib/python3.7/site-packages/airflow/example_dags/example_external_task_marker_dag.py
[2021-03-30 19:21:37,933] {logging_mixin.py:104} INFO - [2021-03-30 19:21:37,930] {dag.py:1818} INFO - Sync 2 DAGs
[2021-03-30 19:21:38,090] {logging_mixin.py:104} INFO - [2021-03-30 19:21:38,074] {dag.py:2273} INFO - Setting next_dagrun for example_external_task_marker_child to None
[2021-03-30 19:21:38,105] {logging_mixin.py:104} INFO - [2021-03-30 19:21:38,105] {dag.py:2273} INFO - Setting next_dagrun for example_external_task_marker_parent to None
[2021-03-30 19:21:38,138] {scheduler_job.py:190} INFO - Processing /Users/harika/Desktop/CSYE_7245/Assignment3/FastAPI/vlab/lib/python3.7/site-packages/airflow/example_dags/example_external_task_marker_dag.py took 0.469 seconds
[2021-03-30 19:22:14,124] {scheduler_job.py:182} INFO - Started process (PID=21015) to work on /Users/harika/Desktop/CSYE_7245/Assignment3/FastAPI/vlab/lib/python3.7/site-packages/airflow/example_dags/example_external_task_marker_dag.py
[2021-03-30 19:22:14,129] {scheduler_job.py:629} INFO - Processing file /Users/harika/Desktop/CSYE_7245/Assignment3/FastAPI/vlab/lib/python3.7/site-packages/airflow/example_dags/example_external_task_marker_dag.py for tasks to queue
[2021-03-30 19:22:14,132] {logging_mixin.py:104} INFO - [2021-03-30 19:22:14,131] {dagbag.py:448} INFO - Filling up the DagBag from /Users/harika/Desktop/CSYE_7245/Assignment3/FastAPI/vlab/lib/python3.7/site-packages/airflow/example_dags/example_external_task_marker_dag.py
[2021-03-30 19:22:14,169] {scheduler_job.py:639} INFO - DAG(s) dict_keys(['example_external_task_marker_parent', 'example_external_task_marker_child']) retrieved from /Users/harika/Desktop/CSYE_7245/Assignment3/FastAPI/vlab/lib/python3.7/site-packages/airflow/example_dags/example_external_task_marker_dag.py
[2021-03-30 19:22:14,242] {logging_mixin.py:104} INFO - [2021-03-30 19:22:14,241] {dag.py:1818} INFO - Sync 2 DAGs
[2021-03-30 19:22:14,384] {logging_mixin.py:104} INFO - [2021-03-30 19:22:14,378] {dag.py:2273} INFO - Setting next_dagrun for example_external_task_marker_child to None
[2021-03-30 19:22:14,388] {logging_mixin.py:104} INFO - [2021-03-30 19:22:14,387] {dag.py:2273} INFO - Setting next_dagrun for example_external_task_marker_parent to None
[2021-03-30 19:22:14,513] {scheduler_job.py:190} INFO - Processing /Users/harika/Desktop/CSYE_7245/Assignment3/FastAPI/vlab/lib/python3.7/site-packages/airflow/example_dags/example_external_task_marker_dag.py took 0.406 seconds
[2021-03-30 19:22:52,783] {scheduler_job.py:182} INFO - Started process (PID=21044) to work on /Users/harika/Desktop/CSYE_7245/Assignment3/FastAPI/vlab/lib/python3.7/site-packages/airflow/example_dags/example_external_task_marker_dag.py
[2021-03-30 19:22:52,787] {scheduler_job.py:629} INFO - Processing file /Users/harika/Desktop/CSYE_7245/Assignment3/FastAPI/vlab/lib/python3.7/site-packages/airflow/example_dags/example_external_task_marker_dag.py for tasks to queue
[2021-03-30 19:22:52,790] {logging_mixin.py:104} INFO - [2021-03-30 19:22:52,789] {dagbag.py:448} INFO - Filling up the DagBag from /Users/harika/Desktop/CSYE_7245/Assignment3/FastAPI/vlab/lib/python3.7/site-packages/airflow/example_dags/example_external_task_marker_dag.py
[2021-03-30 19:22:52,831] {scheduler_job.py:639} INFO - DAG(s) dict_keys(['example_external_task_marker_parent', 'example_external_task_marker_child']) retrieved from /Users/harika/Desktop/CSYE_7245/Assignment3/FastAPI/vlab/lib/python3.7/site-packages/airflow/example_dags/example_external_task_marker_dag.py
[2021-03-30 19:22:52,931] {logging_mixin.py:104} INFO - [2021-03-30 19:22:52,930] {dag.py:1818} INFO - Sync 2 DAGs
[2021-03-30 19:22:53,059] {logging_mixin.py:104} INFO - [2021-03-30 19:22:53,057] {dag.py:2273} INFO - Setting next_dagrun for example_external_task_marker_child to None
[2021-03-30 19:22:53,075] {logging_mixin.py:104} INFO - [2021-03-30 19:22:53,065] {dag.py:2273} INFO - Setting next_dagrun for example_external_task_marker_parent to None
[2021-03-30 19:22:53,146] {scheduler_job.py:190} INFO - Processing /Users/harika/Desktop/CSYE_7245/Assignment3/FastAPI/vlab/lib/python3.7/site-packages/airflow/example_dags/example_external_task_marker_dag.py took 0.371 seconds
[2021-03-30 19:23:36,110] {scheduler_job.py:182} INFO - Started process (PID=21084) to work on /Users/harika/Desktop/CSYE_7245/Assignment3/FastAPI/vlab/lib/python3.7/site-packages/airflow/example_dags/example_external_task_marker_dag.py
[2021-03-30 19:23:36,118] {scheduler_job.py:629} INFO - Processing file /Users/harika/Desktop/CSYE_7245/Assignment3/FastAPI/vlab/lib/python3.7/site-packages/airflow/example_dags/example_external_task_marker_dag.py for tasks to queue
[2021-03-30 19:23:36,121] {logging_mixin.py:104} INFO - [2021-03-30 19:23:36,120] {dagbag.py:448} INFO - Filling up the DagBag from /Users/harika/Desktop/CSYE_7245/Assignment3/FastAPI/vlab/lib/python3.7/site-packages/airflow/example_dags/example_external_task_marker_dag.py
[2021-03-30 19:23:36,180] {scheduler_job.py:639} INFO - DAG(s) dict_keys(['example_external_task_marker_parent', 'example_external_task_marker_child']) retrieved from /Users/harika/Desktop/CSYE_7245/Assignment3/FastAPI/vlab/lib/python3.7/site-packages/airflow/example_dags/example_external_task_marker_dag.py
[2021-03-30 19:23:36,252] {logging_mixin.py:104} INFO - [2021-03-30 19:23:36,251] {dag.py:1818} INFO - Sync 2 DAGs
[2021-03-30 19:23:36,307] {logging_mixin.py:104} INFO - [2021-03-30 19:23:36,305] {dag.py:2273} INFO - Setting next_dagrun for example_external_task_marker_child to None
[2021-03-30 19:23:36,314] {logging_mixin.py:104} INFO - [2021-03-30 19:23:36,311] {dag.py:2273} INFO - Setting next_dagrun for example_external_task_marker_parent to None
[2021-03-30 19:23:36,334] {scheduler_job.py:190} INFO - Processing /Users/harika/Desktop/CSYE_7245/Assignment3/FastAPI/vlab/lib/python3.7/site-packages/airflow/example_dags/example_external_task_marker_dag.py took 0.250 seconds
[2021-03-30 19:24:14,846] {scheduler_job.py:182} INFO - Started process (PID=21122) to work on /Users/harika/Desktop/CSYE_7245/Assignment3/FastAPI/vlab/lib/python3.7/site-packages/airflow/example_dags/example_external_task_marker_dag.py
[2021-03-30 19:24:14,850] {scheduler_job.py:629} INFO - Processing file /Users/harika/Desktop/CSYE_7245/Assignment3/FastAPI/vlab/lib/python3.7/site-packages/airflow/example_dags/example_external_task_marker_dag.py for tasks to queue
[2021-03-30 19:24:14,852] {logging_mixin.py:104} INFO - [2021-03-30 19:24:14,852] {dagbag.py:448} INFO - Filling up the DagBag from /Users/harika/Desktop/CSYE_7245/Assignment3/FastAPI/vlab/lib/python3.7/site-packages/airflow/example_dags/example_external_task_marker_dag.py
[2021-03-30 19:24:14,882] {scheduler_job.py:639} INFO - DAG(s) dict_keys(['example_external_task_marker_parent', 'example_external_task_marker_child']) retrieved from /Users/harika/Desktop/CSYE_7245/Assignment3/FastAPI/vlab/lib/python3.7/site-packages/airflow/example_dags/example_external_task_marker_dag.py
[2021-03-30 19:24:14,995] {logging_mixin.py:104} INFO - [2021-03-30 19:24:14,990] {dag.py:1818} INFO - Sync 2 DAGs
[2021-03-30 19:24:15,024] {logging_mixin.py:104} INFO - [2021-03-30 19:24:15,019] {dag.py:2273} INFO - Setting next_dagrun for example_external_task_marker_child to None
[2021-03-30 19:24:15,029] {logging_mixin.py:104} INFO - [2021-03-30 19:24:15,028] {dag.py:2273} INFO - Setting next_dagrun for example_external_task_marker_parent to None
[2021-03-30 19:24:15,051] {scheduler_job.py:190} INFO - Processing /Users/harika/Desktop/CSYE_7245/Assignment3/FastAPI/vlab/lib/python3.7/site-packages/airflow/example_dags/example_external_task_marker_dag.py took 0.215 seconds
[2021-03-30 19:24:51,586] {scheduler_job.py:182} INFO - Started process (PID=21161) to work on /Users/harika/Desktop/CSYE_7245/Assignment3/FastAPI/vlab/lib/python3.7/site-packages/airflow/example_dags/example_external_task_marker_dag.py
[2021-03-30 19:24:51,591] {scheduler_job.py:629} INFO - Processing file /Users/harika/Desktop/CSYE_7245/Assignment3/FastAPI/vlab/lib/python3.7/site-packages/airflow/example_dags/example_external_task_marker_dag.py for tasks to queue
[2021-03-30 19:24:51,596] {logging_mixin.py:104} INFO - [2021-03-30 19:24:51,594] {dagbag.py:448} INFO - Filling up the DagBag from /Users/harika/Desktop/CSYE_7245/Assignment3/FastAPI/vlab/lib/python3.7/site-packages/airflow/example_dags/example_external_task_marker_dag.py
[2021-03-30 19:24:51,620] {scheduler_job.py:639} INFO - DAG(s) dict_keys(['example_external_task_marker_parent', 'example_external_task_marker_child']) retrieved from /Users/harika/Desktop/CSYE_7245/Assignment3/FastAPI/vlab/lib/python3.7/site-packages/airflow/example_dags/example_external_task_marker_dag.py
[2021-03-30 19:24:51,652] {logging_mixin.py:104} INFO - [2021-03-30 19:24:51,651] {dag.py:1818} INFO - Sync 2 DAGs
[2021-03-30 19:24:51,678] {logging_mixin.py:104} INFO - [2021-03-30 19:24:51,677] {dag.py:2273} INFO - Setting next_dagrun for example_external_task_marker_child to None
[2021-03-30 19:24:51,684] {logging_mixin.py:104} INFO - [2021-03-30 19:24:51,682] {dag.py:2273} INFO - Setting next_dagrun for example_external_task_marker_parent to None
[2021-03-30 19:24:51,692] {scheduler_job.py:190} INFO - Processing /Users/harika/Desktop/CSYE_7245/Assignment3/FastAPI/vlab/lib/python3.7/site-packages/airflow/example_dags/example_external_task_marker_dag.py took 0.113 seconds
[2021-03-30 19:25:31,744] {scheduler_job.py:182} INFO - Started process (PID=21200) to work on /Users/harika/Desktop/CSYE_7245/Assignment3/FastAPI/vlab/lib/python3.7/site-packages/airflow/example_dags/example_external_task_marker_dag.py
[2021-03-30 19:25:31,751] {scheduler_job.py:629} INFO - Processing file /Users/harika/Desktop/CSYE_7245/Assignment3/FastAPI/vlab/lib/python3.7/site-packages/airflow/example_dags/example_external_task_marker_dag.py for tasks to queue
[2021-03-30 19:25:31,754] {logging_mixin.py:104} INFO - [2021-03-30 19:25:31,753] {dagbag.py:448} INFO - Filling up the DagBag from /Users/harika/Desktop/CSYE_7245/Assignment3/FastAPI/vlab/lib/python3.7/site-packages/airflow/example_dags/example_external_task_marker_dag.py
[2021-03-30 19:25:31,799] {scheduler_job.py:639} INFO - DAG(s) dict_keys(['example_external_task_marker_parent', 'example_external_task_marker_child']) retrieved from /Users/harika/Desktop/CSYE_7245/Assignment3/FastAPI/vlab/lib/python3.7/site-packages/airflow/example_dags/example_external_task_marker_dag.py
[2021-03-30 19:25:31,844] {logging_mixin.py:104} INFO - [2021-03-30 19:25:31,844] {dag.py:1818} INFO - Sync 2 DAGs
[2021-03-30 19:25:31,867] {logging_mixin.py:104} INFO - [2021-03-30 19:25:31,866] {dag.py:2273} INFO - Setting next_dagrun for example_external_task_marker_child to None
[2021-03-30 19:25:31,869] {logging_mixin.py:104} INFO - [2021-03-30 19:25:31,869] {dag.py:2273} INFO - Setting next_dagrun for example_external_task_marker_parent to None
[2021-03-30 19:25:31,900] {scheduler_job.py:190} INFO - Processing /Users/harika/Desktop/CSYE_7245/Assignment3/FastAPI/vlab/lib/python3.7/site-packages/airflow/example_dags/example_external_task_marker_dag.py took 0.164 seconds
[2021-03-30 19:26:10,172] {scheduler_job.py:182} INFO - Started process (PID=21232) to work on /Users/harika/Desktop/CSYE_7245/Assignment3/FastAPI/vlab/lib/python3.7/site-packages/airflow/example_dags/example_external_task_marker_dag.py
[2021-03-30 19:26:10,175] {scheduler_job.py:629} INFO - Processing file /Users/harika/Desktop/CSYE_7245/Assignment3/FastAPI/vlab/lib/python3.7/site-packages/airflow/example_dags/example_external_task_marker_dag.py for tasks to queue
[2021-03-30 19:26:10,177] {logging_mixin.py:104} INFO - [2021-03-30 19:26:10,176] {dagbag.py:448} INFO - Filling up the DagBag from /Users/harika/Desktop/CSYE_7245/Assignment3/FastAPI/vlab/lib/python3.7/site-packages/airflow/example_dags/example_external_task_marker_dag.py
[2021-03-30 19:26:10,207] {scheduler_job.py:639} INFO - DAG(s) dict_keys(['example_external_task_marker_parent', 'example_external_task_marker_child']) retrieved from /Users/harika/Desktop/CSYE_7245/Assignment3/FastAPI/vlab/lib/python3.7/site-packages/airflow/example_dags/example_external_task_marker_dag.py
[2021-03-30 19:26:10,273] {logging_mixin.py:104} INFO - [2021-03-30 19:26:10,272] {dag.py:1818} INFO - Sync 2 DAGs
[2021-03-30 19:26:10,311] {logging_mixin.py:104} INFO - [2021-03-30 19:26:10,311] {dag.py:2273} INFO - Setting next_dagrun for example_external_task_marker_child to None
[2021-03-30 19:26:10,313] {logging_mixin.py:104} INFO - [2021-03-30 19:26:10,312] {dag.py:2273} INFO - Setting next_dagrun for example_external_task_marker_parent to None
[2021-03-30 19:26:10,338] {scheduler_job.py:190} INFO - Processing /Users/harika/Desktop/CSYE_7245/Assignment3/FastAPI/vlab/lib/python3.7/site-packages/airflow/example_dags/example_external_task_marker_dag.py took 0.173 seconds
[2021-03-30 19:26:48,058] {scheduler_job.py:182} INFO - Started process (PID=21275) to work on /Users/harika/Desktop/CSYE_7245/Assignment3/FastAPI/vlab/lib/python3.7/site-packages/airflow/example_dags/example_external_task_marker_dag.py
[2021-03-30 19:26:48,060] {scheduler_job.py:629} INFO - Processing file /Users/harika/Desktop/CSYE_7245/Assignment3/FastAPI/vlab/lib/python3.7/site-packages/airflow/example_dags/example_external_task_marker_dag.py for tasks to queue
[2021-03-30 19:26:48,062] {logging_mixin.py:104} INFO - [2021-03-30 19:26:48,061] {dagbag.py:448} INFO - Filling up the DagBag from /Users/harika/Desktop/CSYE_7245/Assignment3/FastAPI/vlab/lib/python3.7/site-packages/airflow/example_dags/example_external_task_marker_dag.py
[2021-03-30 19:26:48,080] {scheduler_job.py:639} INFO - DAG(s) dict_keys(['example_external_task_marker_parent', 'example_external_task_marker_child']) retrieved from /Users/harika/Desktop/CSYE_7245/Assignment3/FastAPI/vlab/lib/python3.7/site-packages/airflow/example_dags/example_external_task_marker_dag.py
[2021-03-30 19:26:48,118] {logging_mixin.py:104} INFO - [2021-03-30 19:26:48,117] {dag.py:1818} INFO - Sync 2 DAGs
[2021-03-30 19:26:48,136] {logging_mixin.py:104} INFO - [2021-03-30 19:26:48,135] {dag.py:2273} INFO - Setting next_dagrun for example_external_task_marker_child to None
[2021-03-30 19:26:48,139] {logging_mixin.py:104} INFO - [2021-03-30 19:26:48,137] {dag.py:2273} INFO - Setting next_dagrun for example_external_task_marker_parent to None
[2021-03-30 19:26:48,152] {scheduler_job.py:190} INFO - Processing /Users/harika/Desktop/CSYE_7245/Assignment3/FastAPI/vlab/lib/python3.7/site-packages/airflow/example_dags/example_external_task_marker_dag.py took 0.100 seconds
[2021-03-30 19:33:00,673] {scheduler_job.py:182} INFO - Started process (PID=21426) to work on /Users/harika/Desktop/CSYE_7245/Assignment3/FastAPI/vlab/lib/python3.7/site-packages/airflow/example_dags/example_external_task_marker_dag.py
[2021-03-30 19:33:00,677] {scheduler_job.py:629} INFO - Processing file /Users/harika/Desktop/CSYE_7245/Assignment3/FastAPI/vlab/lib/python3.7/site-packages/airflow/example_dags/example_external_task_marker_dag.py for tasks to queue
[2021-03-30 19:33:00,680] {logging_mixin.py:104} INFO - [2021-03-30 19:33:00,679] {dagbag.py:448} INFO - Filling up the DagBag from /Users/harika/Desktop/CSYE_7245/Assignment3/FastAPI/vlab/lib/python3.7/site-packages/airflow/example_dags/example_external_task_marker_dag.py
[2021-03-30 19:33:00,732] {scheduler_job.py:639} INFO - DAG(s) dict_keys(['example_external_task_marker_parent', 'example_external_task_marker_child']) retrieved from /Users/harika/Desktop/CSYE_7245/Assignment3/FastAPI/vlab/lib/python3.7/site-packages/airflow/example_dags/example_external_task_marker_dag.py
[2021-03-30 19:33:00,796] {logging_mixin.py:104} INFO - [2021-03-30 19:33:00,795] {dag.py:1818} INFO - Sync 2 DAGs
[2021-03-30 19:33:00,867] {logging_mixin.py:104} INFO - [2021-03-30 19:33:00,866] {dag.py:2273} INFO - Setting next_dagrun for example_external_task_marker_child to None
[2021-03-30 19:33:00,872] {logging_mixin.py:104} INFO - [2021-03-30 19:33:00,870] {dag.py:2273} INFO - Setting next_dagrun for example_external_task_marker_parent to None
[2021-03-30 19:33:00,914] {scheduler_job.py:190} INFO - Processing /Users/harika/Desktop/CSYE_7245/Assignment3/FastAPI/vlab/lib/python3.7/site-packages/airflow/example_dags/example_external_task_marker_dag.py took 0.248 seconds
[2021-03-30 19:33:37,870] {scheduler_job.py:182} INFO - Started process (PID=21476) to work on /Users/harika/Desktop/CSYE_7245/Assignment3/FastAPI/vlab/lib/python3.7/site-packages/airflow/example_dags/example_external_task_marker_dag.py
[2021-03-30 19:33:37,874] {scheduler_job.py:629} INFO - Processing file /Users/harika/Desktop/CSYE_7245/Assignment3/FastAPI/vlab/lib/python3.7/site-packages/airflow/example_dags/example_external_task_marker_dag.py for tasks to queue
[2021-03-30 19:33:37,877] {logging_mixin.py:104} INFO - [2021-03-30 19:33:37,876] {dagbag.py:448} INFO - Filling up the DagBag from /Users/harika/Desktop/CSYE_7245/Assignment3/FastAPI/vlab/lib/python3.7/site-packages/airflow/example_dags/example_external_task_marker_dag.py
[2021-03-30 19:33:37,915] {scheduler_job.py:639} INFO - DAG(s) dict_keys(['example_external_task_marker_parent', 'example_external_task_marker_child']) retrieved from /Users/harika/Desktop/CSYE_7245/Assignment3/FastAPI/vlab/lib/python3.7/site-packages/airflow/example_dags/example_external_task_marker_dag.py
[2021-03-30 19:33:37,958] {logging_mixin.py:104} INFO - [2021-03-30 19:33:37,957] {dag.py:1818} INFO - Sync 2 DAGs
[2021-03-30 19:33:37,987] {logging_mixin.py:104} INFO - [2021-03-30 19:33:37,986] {dag.py:2273} INFO - Setting next_dagrun for example_external_task_marker_child to None
[2021-03-30 19:33:37,994] {logging_mixin.py:104} INFO - [2021-03-30 19:33:37,992] {dag.py:2273} INFO - Setting next_dagrun for example_external_task_marker_parent to None
[2021-03-30 19:33:38,043] {scheduler_job.py:190} INFO - Processing /Users/harika/Desktop/CSYE_7245/Assignment3/FastAPI/vlab/lib/python3.7/site-packages/airflow/example_dags/example_external_task_marker_dag.py took 0.179 seconds
[2021-03-30 19:34:12,058] {scheduler_job.py:182} INFO - Started process (PID=21507) to work on /Users/harika/Desktop/CSYE_7245/Assignment3/FastAPI/vlab/lib/python3.7/site-packages/airflow/example_dags/example_external_task_marker_dag.py
[2021-03-30 19:34:12,067] {scheduler_job.py:629} INFO - Processing file /Users/harika/Desktop/CSYE_7245/Assignment3/FastAPI/vlab/lib/python3.7/site-packages/airflow/example_dags/example_external_task_marker_dag.py for tasks to queue
[2021-03-30 19:34:12,070] {logging_mixin.py:104} INFO - [2021-03-30 19:34:12,069] {dagbag.py:448} INFO - Filling up the DagBag from /Users/harika/Desktop/CSYE_7245/Assignment3/FastAPI/vlab/lib/python3.7/site-packages/airflow/example_dags/example_external_task_marker_dag.py
[2021-03-30 19:34:12,099] {scheduler_job.py:639} INFO - DAG(s) dict_keys(['example_external_task_marker_parent', 'example_external_task_marker_child']) retrieved from /Users/harika/Desktop/CSYE_7245/Assignment3/FastAPI/vlab/lib/python3.7/site-packages/airflow/example_dags/example_external_task_marker_dag.py
[2021-03-30 19:34:12,139] {logging_mixin.py:104} INFO - [2021-03-30 19:34:12,138] {dag.py:1818} INFO - Sync 2 DAGs
[2021-03-30 19:34:12,167] {logging_mixin.py:104} INFO - [2021-03-30 19:34:12,166] {dag.py:2273} INFO - Setting next_dagrun for example_external_task_marker_child to None
[2021-03-30 19:34:12,169] {logging_mixin.py:104} INFO - [2021-03-30 19:34:12,168] {dag.py:2273} INFO - Setting next_dagrun for example_external_task_marker_parent to None
[2021-03-30 19:34:12,195] {scheduler_job.py:190} INFO - Processing /Users/harika/Desktop/CSYE_7245/Assignment3/FastAPI/vlab/lib/python3.7/site-packages/airflow/example_dags/example_external_task_marker_dag.py took 0.144 seconds
[2021-03-30 19:34:54,277] {scheduler_job.py:182} INFO - Started process (PID=21561) to work on /Users/harika/Desktop/CSYE_7245/Assignment3/FastAPI/vlab/lib/python3.7/site-packages/airflow/example_dags/example_external_task_marker_dag.py
[2021-03-30 19:34:54,285] {scheduler_job.py:629} INFO - Processing file /Users/harika/Desktop/CSYE_7245/Assignment3/FastAPI/vlab/lib/python3.7/site-packages/airflow/example_dags/example_external_task_marker_dag.py for tasks to queue
[2021-03-30 19:34:54,291] {logging_mixin.py:104} INFO - [2021-03-30 19:34:54,290] {dagbag.py:448} INFO - Filling up the DagBag from /Users/harika/Desktop/CSYE_7245/Assignment3/FastAPI/vlab/lib/python3.7/site-packages/airflow/example_dags/example_external_task_marker_dag.py
[2021-03-30 19:34:54,339] {scheduler_job.py:639} INFO - DAG(s) dict_keys(['example_external_task_marker_parent', 'example_external_task_marker_child']) retrieved from /Users/harika/Desktop/CSYE_7245/Assignment3/FastAPI/vlab/lib/python3.7/site-packages/airflow/example_dags/example_external_task_marker_dag.py
[2021-03-30 19:34:54,479] {logging_mixin.py:104} INFO - [2021-03-30 19:34:54,475] {dag.py:1818} INFO - Sync 2 DAGs
[2021-03-30 19:34:54,508] {logging_mixin.py:104} INFO - [2021-03-30 19:34:54,507] {dag.py:2273} INFO - Setting next_dagrun for example_external_task_marker_child to None
[2021-03-30 19:34:54,544] {logging_mixin.py:104} INFO - [2021-03-30 19:34:54,509] {dag.py:2273} INFO - Setting next_dagrun for example_external_task_marker_parent to None
[2021-03-30 19:34:54,574] {scheduler_job.py:190} INFO - Processing /Users/harika/Desktop/CSYE_7245/Assignment3/FastAPI/vlab/lib/python3.7/site-packages/airflow/example_dags/example_external_task_marker_dag.py took 0.305 seconds
[2021-03-30 19:35:31,256] {scheduler_job.py:182} INFO - Started process (PID=21604) to work on /Users/harika/Desktop/CSYE_7245/Assignment3/FastAPI/vlab/lib/python3.7/site-packages/airflow/example_dags/example_external_task_marker_dag.py
[2021-03-30 19:35:31,258] {scheduler_job.py:629} INFO - Processing file /Users/harika/Desktop/CSYE_7245/Assignment3/FastAPI/vlab/lib/python3.7/site-packages/airflow/example_dags/example_external_task_marker_dag.py for tasks to queue
[2021-03-30 19:35:31,259] {logging_mixin.py:104} INFO - [2021-03-30 19:35:31,259] {dagbag.py:448} INFO - Filling up the DagBag from /Users/harika/Desktop/CSYE_7245/Assignment3/FastAPI/vlab/lib/python3.7/site-packages/airflow/example_dags/example_external_task_marker_dag.py
[2021-03-30 19:35:31,277] {scheduler_job.py:639} INFO - DAG(s) dict_keys(['example_external_task_marker_parent', 'example_external_task_marker_child']) retrieved from /Users/harika/Desktop/CSYE_7245/Assignment3/FastAPI/vlab/lib/python3.7/site-packages/airflow/example_dags/example_external_task_marker_dag.py
[2021-03-30 19:35:31,308] {logging_mixin.py:104} INFO - [2021-03-30 19:35:31,308] {dag.py:1818} INFO - Sync 2 DAGs
[2021-03-30 19:35:31,329] {logging_mixin.py:104} INFO - [2021-03-30 19:35:31,328] {dag.py:2273} INFO - Setting next_dagrun for example_external_task_marker_child to None
[2021-03-30 19:35:31,331] {logging_mixin.py:104} INFO - [2021-03-30 19:35:31,330] {dag.py:2273} INFO - Setting next_dagrun for example_external_task_marker_parent to None
[2021-03-30 19:35:31,345] {scheduler_job.py:190} INFO - Processing /Users/harika/Desktop/CSYE_7245/Assignment3/FastAPI/vlab/lib/python3.7/site-packages/airflow/example_dags/example_external_task_marker_dag.py took 0.093 seconds
[2021-03-30 19:36:08,814] {scheduler_job.py:182} INFO - Started process (PID=21655) to work on /Users/harika/Desktop/CSYE_7245/Assignment3/FastAPI/vlab/lib/python3.7/site-packages/airflow/example_dags/example_external_task_marker_dag.py
[2021-03-30 19:36:08,825] {scheduler_job.py:629} INFO - Processing file /Users/harika/Desktop/CSYE_7245/Assignment3/FastAPI/vlab/lib/python3.7/site-packages/airflow/example_dags/example_external_task_marker_dag.py for tasks to queue
[2021-03-30 19:36:08,828] {logging_mixin.py:104} INFO - [2021-03-30 19:36:08,827] {dagbag.py:448} INFO - Filling up the DagBag from /Users/harika/Desktop/CSYE_7245/Assignment3/FastAPI/vlab/lib/python3.7/site-packages/airflow/example_dags/example_external_task_marker_dag.py
[2021-03-30 19:36:08,882] {scheduler_job.py:639} INFO - DAG(s) dict_keys(['example_external_task_marker_parent', 'example_external_task_marker_child']) retrieved from /Users/harika/Desktop/CSYE_7245/Assignment3/FastAPI/vlab/lib/python3.7/site-packages/airflow/example_dags/example_external_task_marker_dag.py
[2021-03-30 19:36:08,932] {logging_mixin.py:104} INFO - [2021-03-30 19:36:08,932] {dag.py:1818} INFO - Sync 2 DAGs
[2021-03-30 19:36:09,044] {logging_mixin.py:104} INFO - [2021-03-30 19:36:09,042] {dag.py:2273} INFO - Setting next_dagrun for example_external_task_marker_child to None
[2021-03-30 19:36:09,056] {logging_mixin.py:104} INFO - [2021-03-30 19:36:09,051] {dag.py:2273} INFO - Setting next_dagrun for example_external_task_marker_parent to None
[2021-03-30 19:36:09,072] {scheduler_job.py:190} INFO - Processing /Users/harika/Desktop/CSYE_7245/Assignment3/FastAPI/vlab/lib/python3.7/site-packages/airflow/example_dags/example_external_task_marker_dag.py took 0.264 seconds
[2021-03-30 19:36:48,023] {scheduler_job.py:182} INFO - Started process (PID=21704) to work on /Users/harika/Desktop/CSYE_7245/Assignment3/FastAPI/vlab/lib/python3.7/site-packages/airflow/example_dags/example_external_task_marker_dag.py
[2021-03-30 19:36:48,027] {scheduler_job.py:629} INFO - Processing file /Users/harika/Desktop/CSYE_7245/Assignment3/FastAPI/vlab/lib/python3.7/site-packages/airflow/example_dags/example_external_task_marker_dag.py for tasks to queue
[2021-03-30 19:36:48,029] {logging_mixin.py:104} INFO - [2021-03-30 19:36:48,028] {dagbag.py:448} INFO - Filling up the DagBag from /Users/harika/Desktop/CSYE_7245/Assignment3/FastAPI/vlab/lib/python3.7/site-packages/airflow/example_dags/example_external_task_marker_dag.py
[2021-03-30 19:36:48,063] {scheduler_job.py:639} INFO - DAG(s) dict_keys(['example_external_task_marker_parent', 'example_external_task_marker_child']) retrieved from /Users/harika/Desktop/CSYE_7245/Assignment3/FastAPI/vlab/lib/python3.7/site-packages/airflow/example_dags/example_external_task_marker_dag.py
[2021-03-30 19:36:48,106] {logging_mixin.py:104} INFO - [2021-03-30 19:36:48,105] {dag.py:1818} INFO - Sync 2 DAGs
[2021-03-30 19:36:48,141] {logging_mixin.py:104} INFO - [2021-03-30 19:36:48,140] {dag.py:2273} INFO - Setting next_dagrun for example_external_task_marker_child to None
[2021-03-30 19:36:48,144] {logging_mixin.py:104} INFO - [2021-03-30 19:36:48,144] {dag.py:2273} INFO - Setting next_dagrun for example_external_task_marker_parent to None
[2021-03-30 19:36:48,161] {scheduler_job.py:190} INFO - Processing /Users/harika/Desktop/CSYE_7245/Assignment3/FastAPI/vlab/lib/python3.7/site-packages/airflow/example_dags/example_external_task_marker_dag.py took 0.151 seconds
[2021-03-30 19:37:30,100] {scheduler_job.py:182} INFO - Started process (PID=21756) to work on /Users/harika/Desktop/CSYE_7245/Assignment3/FastAPI/vlab/lib/python3.7/site-packages/airflow/example_dags/example_external_task_marker_dag.py
[2021-03-30 19:37:30,104] {scheduler_job.py:629} INFO - Processing file /Users/harika/Desktop/CSYE_7245/Assignment3/FastAPI/vlab/lib/python3.7/site-packages/airflow/example_dags/example_external_task_marker_dag.py for tasks to queue
[2021-03-30 19:37:30,107] {logging_mixin.py:104} INFO - [2021-03-30 19:37:30,106] {dagbag.py:448} INFO - Filling up the DagBag from /Users/harika/Desktop/CSYE_7245/Assignment3/FastAPI/vlab/lib/python3.7/site-packages/airflow/example_dags/example_external_task_marker_dag.py
[2021-03-30 19:37:30,184] {scheduler_job.py:639} INFO - DAG(s) dict_keys(['example_external_task_marker_parent', 'example_external_task_marker_child']) retrieved from /Users/harika/Desktop/CSYE_7245/Assignment3/FastAPI/vlab/lib/python3.7/site-packages/airflow/example_dags/example_external_task_marker_dag.py
[2021-03-30 19:37:30,249] {logging_mixin.py:104} INFO - [2021-03-30 19:37:30,248] {dag.py:1818} INFO - Sync 2 DAGs
[2021-03-30 19:37:30,452] {logging_mixin.py:104} INFO - [2021-03-30 19:37:30,451] {dag.py:2273} INFO - Setting next_dagrun for example_external_task_marker_child to None
[2021-03-30 19:37:30,468] {logging_mixin.py:104} INFO - [2021-03-30 19:37:30,467] {dag.py:2273} INFO - Setting next_dagrun for example_external_task_marker_parent to None
[2021-03-30 19:37:30,503] {scheduler_job.py:190} INFO - Processing /Users/harika/Desktop/CSYE_7245/Assignment3/FastAPI/vlab/lib/python3.7/site-packages/airflow/example_dags/example_external_task_marker_dag.py took 0.409 seconds
[2021-03-30 19:38:14,645] {scheduler_job.py:182} INFO - Started process (PID=21811) to work on /Users/harika/Desktop/CSYE_7245/Assignment3/FastAPI/vlab/lib/python3.7/site-packages/airflow/example_dags/example_external_task_marker_dag.py
[2021-03-30 19:38:14,652] {scheduler_job.py:629} INFO - Processing file /Users/harika/Desktop/CSYE_7245/Assignment3/FastAPI/vlab/lib/python3.7/site-packages/airflow/example_dags/example_external_task_marker_dag.py for tasks to queue
[2021-03-30 19:38:14,655] {logging_mixin.py:104} INFO - [2021-03-30 19:38:14,654] {dagbag.py:448} INFO - Filling up the DagBag from /Users/harika/Desktop/CSYE_7245/Assignment3/FastAPI/vlab/lib/python3.7/site-packages/airflow/example_dags/example_external_task_marker_dag.py
[2021-03-30 19:38:14,695] {scheduler_job.py:639} INFO - DAG(s) dict_keys(['example_external_task_marker_parent', 'example_external_task_marker_child']) retrieved from /Users/harika/Desktop/CSYE_7245/Assignment3/FastAPI/vlab/lib/python3.7/site-packages/airflow/example_dags/example_external_task_marker_dag.py
[2021-03-30 19:38:14,741] {logging_mixin.py:104} INFO - [2021-03-30 19:38:14,740] {dag.py:1818} INFO - Sync 2 DAGs
[2021-03-30 19:38:14,795] {logging_mixin.py:104} INFO - [2021-03-30 19:38:14,794] {dag.py:2273} INFO - Setting next_dagrun for example_external_task_marker_child to None
[2021-03-30 19:38:14,799] {logging_mixin.py:104} INFO - [2021-03-30 19:38:14,797] {dag.py:2273} INFO - Setting next_dagrun for example_external_task_marker_parent to None
[2021-03-30 19:38:14,831] {scheduler_job.py:190} INFO - Processing /Users/harika/Desktop/CSYE_7245/Assignment3/FastAPI/vlab/lib/python3.7/site-packages/airflow/example_dags/example_external_task_marker_dag.py took 0.193 seconds
[2021-03-30 19:38:54,719] {scheduler_job.py:182} INFO - Started process (PID=21848) to work on /Users/harika/Desktop/CSYE_7245/Assignment3/FastAPI/vlab/lib/python3.7/site-packages/airflow/example_dags/example_external_task_marker_dag.py
[2021-03-30 19:38:54,724] {scheduler_job.py:629} INFO - Processing file /Users/harika/Desktop/CSYE_7245/Assignment3/FastAPI/vlab/lib/python3.7/site-packages/airflow/example_dags/example_external_task_marker_dag.py for tasks to queue
[2021-03-30 19:38:54,727] {logging_mixin.py:104} INFO - [2021-03-30 19:38:54,726] {dagbag.py:448} INFO - Filling up the DagBag from /Users/harika/Desktop/CSYE_7245/Assignment3/FastAPI/vlab/lib/python3.7/site-packages/airflow/example_dags/example_external_task_marker_dag.py
[2021-03-30 19:38:54,760] {scheduler_job.py:639} INFO - DAG(s) dict_keys(['example_external_task_marker_parent', 'example_external_task_marker_child']) retrieved from /Users/harika/Desktop/CSYE_7245/Assignment3/FastAPI/vlab/lib/python3.7/site-packages/airflow/example_dags/example_external_task_marker_dag.py
[2021-03-30 19:38:54,951] {logging_mixin.py:104} INFO - [2021-03-30 19:38:54,944] {dag.py:1818} INFO - Sync 2 DAGs
[2021-03-30 19:38:55,013] {logging_mixin.py:104} INFO - [2021-03-30 19:38:55,012] {dag.py:2273} INFO - Setting next_dagrun for example_external_task_marker_child to None
[2021-03-30 19:38:55,023] {logging_mixin.py:104} INFO - [2021-03-30 19:38:55,022] {dag.py:2273} INFO - Setting next_dagrun for example_external_task_marker_parent to None
[2021-03-30 19:38:55,143] {scheduler_job.py:190} INFO - Processing /Users/harika/Desktop/CSYE_7245/Assignment3/FastAPI/vlab/lib/python3.7/site-packages/airflow/example_dags/example_external_task_marker_dag.py took 0.435 seconds
[2021-03-30 19:43:34,936] {scheduler_job.py:182} INFO - Started process (PID=21971) to work on /Users/harika/Desktop/CSYE_7245/Assignment3/FastAPI/vlab/lib/python3.7/site-packages/airflow/example_dags/example_external_task_marker_dag.py
[2021-03-30 19:43:34,954] {scheduler_job.py:629} INFO - Processing file /Users/harika/Desktop/CSYE_7245/Assignment3/FastAPI/vlab/lib/python3.7/site-packages/airflow/example_dags/example_external_task_marker_dag.py for tasks to queue
[2021-03-30 19:43:34,959] {logging_mixin.py:104} INFO - [2021-03-30 19:43:34,958] {dagbag.py:448} INFO - Filling up the DagBag from /Users/harika/Desktop/CSYE_7245/Assignment3/FastAPI/vlab/lib/python3.7/site-packages/airflow/example_dags/example_external_task_marker_dag.py
[2021-03-30 19:43:34,994] {scheduler_job.py:639} INFO - DAG(s) dict_keys(['example_external_task_marker_parent', 'example_external_task_marker_child']) retrieved from /Users/harika/Desktop/CSYE_7245/Assignment3/FastAPI/vlab/lib/python3.7/site-packages/airflow/example_dags/example_external_task_marker_dag.py
[2021-03-30 19:43:35,328] {logging_mixin.py:104} INFO - [2021-03-30 19:43:35,327] {dag.py:1818} INFO - Sync 2 DAGs
[2021-03-30 19:43:35,481] {logging_mixin.py:104} INFO - [2021-03-30 19:43:35,479] {dag.py:2273} INFO - Setting next_dagrun for example_external_task_marker_child to None
[2021-03-30 19:43:35,484] {logging_mixin.py:104} INFO - [2021-03-30 19:43:35,483] {dag.py:2273} INFO - Setting next_dagrun for example_external_task_marker_parent to None
[2021-03-30 19:43:35,656] {scheduler_job.py:190} INFO - Processing /Users/harika/Desktop/CSYE_7245/Assignment3/FastAPI/vlab/lib/python3.7/site-packages/airflow/example_dags/example_external_task_marker_dag.py took 0.734 seconds
[2021-03-30 19:44:18,453] {scheduler_job.py:182} INFO - Started process (PID=22015) to work on /Users/harika/Desktop/CSYE_7245/Assignment3/FastAPI/vlab/lib/python3.7/site-packages/airflow/example_dags/example_external_task_marker_dag.py
[2021-03-30 19:44:18,457] {scheduler_job.py:629} INFO - Processing file /Users/harika/Desktop/CSYE_7245/Assignment3/FastAPI/vlab/lib/python3.7/site-packages/airflow/example_dags/example_external_task_marker_dag.py for tasks to queue
[2021-03-30 19:44:18,461] {logging_mixin.py:104} INFO - [2021-03-30 19:44:18,460] {dagbag.py:448} INFO - Filling up the DagBag from /Users/harika/Desktop/CSYE_7245/Assignment3/FastAPI/vlab/lib/python3.7/site-packages/airflow/example_dags/example_external_task_marker_dag.py
[2021-03-30 19:44:18,500] {scheduler_job.py:639} INFO - DAG(s) dict_keys(['example_external_task_marker_parent', 'example_external_task_marker_child']) retrieved from /Users/harika/Desktop/CSYE_7245/Assignment3/FastAPI/vlab/lib/python3.7/site-packages/airflow/example_dags/example_external_task_marker_dag.py
[2021-03-30 19:44:18,556] {logging_mixin.py:104} INFO - [2021-03-30 19:44:18,552] {dag.py:1818} INFO - Sync 2 DAGs
[2021-03-30 19:44:18,588] {logging_mixin.py:104} INFO - [2021-03-30 19:44:18,587] {dag.py:2273} INFO - Setting next_dagrun for example_external_task_marker_child to None
[2021-03-30 19:44:18,596] {logging_mixin.py:104} INFO - [2021-03-30 19:44:18,590] {dag.py:2273} INFO - Setting next_dagrun for example_external_task_marker_parent to None
[2021-03-30 19:44:18,629] {scheduler_job.py:190} INFO - Processing /Users/harika/Desktop/CSYE_7245/Assignment3/FastAPI/vlab/lib/python3.7/site-packages/airflow/example_dags/example_external_task_marker_dag.py took 0.182 seconds
[2021-03-30 19:45:00,377] {scheduler_job.py:182} INFO - Started process (PID=22049) to work on /Users/harika/Desktop/CSYE_7245/Assignment3/FastAPI/vlab/lib/python3.7/site-packages/airflow/example_dags/example_external_task_marker_dag.py
[2021-03-30 19:45:00,384] {scheduler_job.py:629} INFO - Processing file /Users/harika/Desktop/CSYE_7245/Assignment3/FastAPI/vlab/lib/python3.7/site-packages/airflow/example_dags/example_external_task_marker_dag.py for tasks to queue
[2021-03-30 19:45:00,387] {logging_mixin.py:104} INFO - [2021-03-30 19:45:00,386] {dagbag.py:448} INFO - Filling up the DagBag from /Users/harika/Desktop/CSYE_7245/Assignment3/FastAPI/vlab/lib/python3.7/site-packages/airflow/example_dags/example_external_task_marker_dag.py
[2021-03-30 19:45:00,433] {scheduler_job.py:639} INFO - DAG(s) dict_keys(['example_external_task_marker_parent', 'example_external_task_marker_child']) retrieved from /Users/harika/Desktop/CSYE_7245/Assignment3/FastAPI/vlab/lib/python3.7/site-packages/airflow/example_dags/example_external_task_marker_dag.py
[2021-03-30 19:45:00,479] {logging_mixin.py:104} INFO - [2021-03-30 19:45:00,478] {dag.py:1818} INFO - Sync 2 DAGs
[2021-03-30 19:45:00,510] {logging_mixin.py:104} INFO - [2021-03-30 19:45:00,509] {dag.py:2273} INFO - Setting next_dagrun for example_external_task_marker_child to None
[2021-03-30 19:45:00,518] {logging_mixin.py:104} INFO - [2021-03-30 19:45:00,517] {dag.py:2273} INFO - Setting next_dagrun for example_external_task_marker_parent to None
[2021-03-30 19:45:00,552] {scheduler_job.py:190} INFO - Processing /Users/harika/Desktop/CSYE_7245/Assignment3/FastAPI/vlab/lib/python3.7/site-packages/airflow/example_dags/example_external_task_marker_dag.py took 0.182 seconds
[2021-03-30 19:45:46,212] {scheduler_job.py:182} INFO - Started process (PID=22111) to work on /Users/harika/Desktop/CSYE_7245/Assignment3/FastAPI/vlab/lib/python3.7/site-packages/airflow/example_dags/example_external_task_marker_dag.py
[2021-03-30 19:45:46,216] {scheduler_job.py:629} INFO - Processing file /Users/harika/Desktop/CSYE_7245/Assignment3/FastAPI/vlab/lib/python3.7/site-packages/airflow/example_dags/example_external_task_marker_dag.py for tasks to queue
[2021-03-30 19:45:46,221] {logging_mixin.py:104} INFO - [2021-03-30 19:45:46,220] {dagbag.py:448} INFO - Filling up the DagBag from /Users/harika/Desktop/CSYE_7245/Assignment3/FastAPI/vlab/lib/python3.7/site-packages/airflow/example_dags/example_external_task_marker_dag.py
[2021-03-30 19:45:46,257] {scheduler_job.py:639} INFO - DAG(s) dict_keys(['example_external_task_marker_parent', 'example_external_task_marker_child']) retrieved from /Users/harika/Desktop/CSYE_7245/Assignment3/FastAPI/vlab/lib/python3.7/site-packages/airflow/example_dags/example_external_task_marker_dag.py
[2021-03-30 19:45:46,317] {logging_mixin.py:104} INFO - [2021-03-30 19:45:46,315] {dag.py:1818} INFO - Sync 2 DAGs
[2021-03-30 19:45:46,384] {logging_mixin.py:104} INFO - [2021-03-30 19:45:46,382] {dag.py:2273} INFO - Setting next_dagrun for example_external_task_marker_child to None
[2021-03-30 19:45:46,394] {logging_mixin.py:104} INFO - [2021-03-30 19:45:46,388] {dag.py:2273} INFO - Setting next_dagrun for example_external_task_marker_parent to None
[2021-03-30 19:45:46,415] {scheduler_job.py:190} INFO - Processing /Users/harika/Desktop/CSYE_7245/Assignment3/FastAPI/vlab/lib/python3.7/site-packages/airflow/example_dags/example_external_task_marker_dag.py took 0.214 seconds
[2021-03-30 19:46:22,649] {scheduler_job.py:182} INFO - Started process (PID=22139) to work on /Users/harika/Desktop/CSYE_7245/Assignment3/FastAPI/vlab/lib/python3.7/site-packages/airflow/example_dags/example_external_task_marker_dag.py
[2021-03-30 19:46:22,653] {scheduler_job.py:629} INFO - Processing file /Users/harika/Desktop/CSYE_7245/Assignment3/FastAPI/vlab/lib/python3.7/site-packages/airflow/example_dags/example_external_task_marker_dag.py for tasks to queue
[2021-03-30 19:46:22,656] {logging_mixin.py:104} INFO - [2021-03-30 19:46:22,655] {dagbag.py:448} INFO - Filling up the DagBag from /Users/harika/Desktop/CSYE_7245/Assignment3/FastAPI/vlab/lib/python3.7/site-packages/airflow/example_dags/example_external_task_marker_dag.py
[2021-03-30 19:46:22,692] {scheduler_job.py:639} INFO - DAG(s) dict_keys(['example_external_task_marker_parent', 'example_external_task_marker_child']) retrieved from /Users/harika/Desktop/CSYE_7245/Assignment3/FastAPI/vlab/lib/python3.7/site-packages/airflow/example_dags/example_external_task_marker_dag.py
[2021-03-30 19:46:22,743] {logging_mixin.py:104} INFO - [2021-03-30 19:46:22,733] {dag.py:1818} INFO - Sync 2 DAGs
[2021-03-30 19:46:22,777] {logging_mixin.py:104} INFO - [2021-03-30 19:46:22,776] {dag.py:2273} INFO - Setting next_dagrun for example_external_task_marker_child to None
[2021-03-30 19:46:22,780] {logging_mixin.py:104} INFO - [2021-03-30 19:46:22,779] {dag.py:2273} INFO - Setting next_dagrun for example_external_task_marker_parent to None
[2021-03-30 19:46:22,796] {scheduler_job.py:190} INFO - Processing /Users/harika/Desktop/CSYE_7245/Assignment3/FastAPI/vlab/lib/python3.7/site-packages/airflow/example_dags/example_external_task_marker_dag.py took 0.153 seconds
[2021-03-30 19:46:56,758] {scheduler_job.py:182} INFO - Started process (PID=22168) to work on /Users/harika/Desktop/CSYE_7245/Assignment3/FastAPI/vlab/lib/python3.7/site-packages/airflow/example_dags/example_external_task_marker_dag.py
[2021-03-30 19:46:56,761] {scheduler_job.py:629} INFO - Processing file /Users/harika/Desktop/CSYE_7245/Assignment3/FastAPI/vlab/lib/python3.7/site-packages/airflow/example_dags/example_external_task_marker_dag.py for tasks to queue
[2021-03-30 19:46:56,763] {logging_mixin.py:104} INFO - [2021-03-30 19:46:56,763] {dagbag.py:448} INFO - Filling up the DagBag from /Users/harika/Desktop/CSYE_7245/Assignment3/FastAPI/vlab/lib/python3.7/site-packages/airflow/example_dags/example_external_task_marker_dag.py
[2021-03-30 19:46:56,805] {scheduler_job.py:639} INFO - DAG(s) dict_keys(['example_external_task_marker_parent', 'example_external_task_marker_child']) retrieved from /Users/harika/Desktop/CSYE_7245/Assignment3/FastAPI/vlab/lib/python3.7/site-packages/airflow/example_dags/example_external_task_marker_dag.py
[2021-03-30 19:46:56,906] {logging_mixin.py:104} INFO - [2021-03-30 19:46:56,865] {dag.py:1818} INFO - Sync 2 DAGs
[2021-03-30 19:46:56,944] {logging_mixin.py:104} INFO - [2021-03-30 19:46:56,943] {dag.py:2273} INFO - Setting next_dagrun for example_external_task_marker_child to None
[2021-03-30 19:46:56,947] {logging_mixin.py:104} INFO - [2021-03-30 19:46:56,946] {dag.py:2273} INFO - Setting next_dagrun for example_external_task_marker_parent to None
[2021-03-30 19:46:56,968] {scheduler_job.py:190} INFO - Processing /Users/harika/Desktop/CSYE_7245/Assignment3/FastAPI/vlab/lib/python3.7/site-packages/airflow/example_dags/example_external_task_marker_dag.py took 0.217 seconds
[2021-03-30 19:47:39,034] {scheduler_job.py:182} INFO - Started process (PID=22207) to work on /Users/harika/Desktop/CSYE_7245/Assignment3/FastAPI/vlab/lib/python3.7/site-packages/airflow/example_dags/example_external_task_marker_dag.py
[2021-03-30 19:47:39,038] {scheduler_job.py:629} INFO - Processing file /Users/harika/Desktop/CSYE_7245/Assignment3/FastAPI/vlab/lib/python3.7/site-packages/airflow/example_dags/example_external_task_marker_dag.py for tasks to queue
[2021-03-30 19:47:39,041] {logging_mixin.py:104} INFO - [2021-03-30 19:47:39,040] {dagbag.py:448} INFO - Filling up the DagBag from /Users/harika/Desktop/CSYE_7245/Assignment3/FastAPI/vlab/lib/python3.7/site-packages/airflow/example_dags/example_external_task_marker_dag.py
[2021-03-30 19:47:39,079] {scheduler_job.py:639} INFO - DAG(s) dict_keys(['example_external_task_marker_parent', 'example_external_task_marker_child']) retrieved from /Users/harika/Desktop/CSYE_7245/Assignment3/FastAPI/vlab/lib/python3.7/site-packages/airflow/example_dags/example_external_task_marker_dag.py
[2021-03-30 19:47:39,136] {logging_mixin.py:104} INFO - [2021-03-30 19:47:39,135] {dag.py:1818} INFO - Sync 2 DAGs
[2021-03-30 19:47:39,183] {logging_mixin.py:104} INFO - [2021-03-30 19:47:39,182] {dag.py:2273} INFO - Setting next_dagrun for example_external_task_marker_child to None
[2021-03-30 19:47:39,185] {logging_mixin.py:104} INFO - [2021-03-30 19:47:39,184] {dag.py:2273} INFO - Setting next_dagrun for example_external_task_marker_parent to None
[2021-03-30 19:47:39,218] {scheduler_job.py:190} INFO - Processing /Users/harika/Desktop/CSYE_7245/Assignment3/FastAPI/vlab/lib/python3.7/site-packages/airflow/example_dags/example_external_task_marker_dag.py took 0.193 seconds
[2021-03-30 19:53:42,395] {scheduler_job.py:182} INFO - Started process (PID=22355) to work on /Library/Frameworks/Python.framework/Versions/3.9/lib/python3.9/site-packages/airflow/example_dags/example_external_task_marker_dag.py
[2021-03-30 19:53:42,397] {scheduler_job.py:629} INFO - Processing file /Library/Frameworks/Python.framework/Versions/3.9/lib/python3.9/site-packages/airflow/example_dags/example_external_task_marker_dag.py for tasks to queue
[2021-03-30 19:53:42,397] {logging_mixin.py:104} INFO - [2021-03-30 19:53:42,397] {dagbag.py:448} INFO - Filling up the DagBag from /Library/Frameworks/Python.framework/Versions/3.9/lib/python3.9/site-packages/airflow/example_dags/example_external_task_marker_dag.py
[2021-03-30 19:53:42,419] {scheduler_job.py:639} INFO - DAG(s) dict_keys(['example_external_task_marker_parent', 'example_external_task_marker_child']) retrieved from /Library/Frameworks/Python.framework/Versions/3.9/lib/python3.9/site-packages/airflow/example_dags/example_external_task_marker_dag.py
[2021-03-30 19:53:43,032] {logging_mixin.py:104} INFO - [2021-03-30 19:53:43,032] {dag.py:1818} INFO - Sync 2 DAGs
[2021-03-30 19:53:43,083] {logging_mixin.py:104} INFO - [2021-03-30 19:53:43,083] {dag.py:2273} INFO - Setting next_dagrun for example_external_task_marker_child to None
[2021-03-30 19:53:43,084] {logging_mixin.py:104} INFO - [2021-03-30 19:53:43,084] {dag.py:2273} INFO - Setting next_dagrun for example_external_task_marker_parent to None
[2021-03-30 19:53:43,112] {scheduler_job.py:190} INFO - Processing /Library/Frameworks/Python.framework/Versions/3.9/lib/python3.9/site-packages/airflow/example_dags/example_external_task_marker_dag.py took 0.717 seconds
[2021-03-30 19:56:27,933] {scheduler_job.py:182} INFO - Started process (PID=22450) to work on /Library/Frameworks/Python.framework/Versions/3.9/lib/python3.9/site-packages/airflow/example_dags/example_external_task_marker_dag.py
[2021-03-30 19:56:27,935] {scheduler_job.py:629} INFO - Processing file /Library/Frameworks/Python.framework/Versions/3.9/lib/python3.9/site-packages/airflow/example_dags/example_external_task_marker_dag.py for tasks to queue
[2021-03-30 19:56:27,936] {logging_mixin.py:104} INFO - [2021-03-30 19:56:27,936] {dagbag.py:448} INFO - Filling up the DagBag from /Library/Frameworks/Python.framework/Versions/3.9/lib/python3.9/site-packages/airflow/example_dags/example_external_task_marker_dag.py
[2021-03-30 19:56:27,957] {scheduler_job.py:639} INFO - DAG(s) dict_keys(['example_external_task_marker_parent', 'example_external_task_marker_child']) retrieved from /Library/Frameworks/Python.framework/Versions/3.9/lib/python3.9/site-packages/airflow/example_dags/example_external_task_marker_dag.py
[2021-03-30 19:56:28,719] {logging_mixin.py:104} INFO - [2021-03-30 19:56:28,718] {dag.py:1818} INFO - Sync 2 DAGs
[2021-03-30 19:56:28,763] {logging_mixin.py:104} INFO - [2021-03-30 19:56:28,763] {dag.py:2273} INFO - Setting next_dagrun for example_external_task_marker_child to None
[2021-03-30 19:56:28,764] {logging_mixin.py:104} INFO - [2021-03-30 19:56:28,764] {dag.py:2273} INFO - Setting next_dagrun for example_external_task_marker_parent to None
[2021-03-30 19:56:28,784] {scheduler_job.py:190} INFO - Processing /Library/Frameworks/Python.framework/Versions/3.9/lib/python3.9/site-packages/airflow/example_dags/example_external_task_marker_dag.py took 0.853 seconds
[2021-03-30 19:58:45,369] {scheduler_job.py:182} INFO - Started process (PID=22506) to work on /Library/Frameworks/Python.framework/Versions/3.9/lib/python3.9/site-packages/airflow/example_dags/example_external_task_marker_dag.py
[2021-03-30 19:58:45,371] {scheduler_job.py:629} INFO - Processing file /Library/Frameworks/Python.framework/Versions/3.9/lib/python3.9/site-packages/airflow/example_dags/example_external_task_marker_dag.py for tasks to queue
[2021-03-30 19:58:45,371] {logging_mixin.py:104} INFO - [2021-03-30 19:58:45,371] {dagbag.py:448} INFO - Filling up the DagBag from /Library/Frameworks/Python.framework/Versions/3.9/lib/python3.9/site-packages/airflow/example_dags/example_external_task_marker_dag.py
[2021-03-30 19:58:45,447] {scheduler_job.py:639} INFO - DAG(s) dict_keys(['example_external_task_marker_parent', 'example_external_task_marker_child']) retrieved from /Library/Frameworks/Python.framework/Versions/3.9/lib/python3.9/site-packages/airflow/example_dags/example_external_task_marker_dag.py
[2021-03-30 19:58:45,747] {logging_mixin.py:104} INFO - [2021-03-30 19:58:45,747] {dag.py:1818} INFO - Sync 2 DAGs
[2021-03-30 19:58:45,787] {logging_mixin.py:104} INFO - [2021-03-30 19:58:45,787] {dag.py:2273} INFO - Setting next_dagrun for example_external_task_marker_child to None
[2021-03-30 19:58:45,796] {logging_mixin.py:104} INFO - [2021-03-30 19:58:45,796] {dag.py:2273} INFO - Setting next_dagrun for example_external_task_marker_parent to None
[2021-03-30 19:58:45,847] {scheduler_job.py:190} INFO - Processing /Library/Frameworks/Python.framework/Versions/3.9/lib/python3.9/site-packages/airflow/example_dags/example_external_task_marker_dag.py took 0.481 seconds
