[2021-03-30 19:09:03,048] {scheduler_job.py:182} INFO - Started process (PID=20571) to work on /Users/harika/Desktop/CSYE_7245/Assignment3/FastAPI/vlab/lib/python3.7/site-packages/airflow/example_dags/example_bash_operator.py
[2021-03-30 19:09:03,051] {scheduler_job.py:629} INFO - Processing file /Users/harika/Desktop/CSYE_7245/Assignment3/FastAPI/vlab/lib/python3.7/site-packages/airflow/example_dags/example_bash_operator.py for tasks to queue
[2021-03-30 19:09:03,053] {logging_mixin.py:104} INFO - [2021-03-30 19:09:03,052] {dagbag.py:448} INFO - Filling up the DagBag from /Users/harika/Desktop/CSYE_7245/Assignment3/FastAPI/vlab/lib/python3.7/site-packages/airflow/example_dags/example_bash_operator.py
[2021-03-30 19:09:03,088] {scheduler_job.py:639} INFO - DAG(s) dict_keys(['example_bash_operator']) retrieved from /Users/harika/Desktop/CSYE_7245/Assignment3/FastAPI/vlab/lib/python3.7/site-packages/airflow/example_dags/example_bash_operator.py
[2021-03-30 19:09:03,117] {logging_mixin.py:104} INFO - [2021-03-30 19:09:03,117] {dag.py:1818} INFO - Sync 1 DAGs
[2021-03-30 19:09:03,159] {logging_mixin.py:104} INFO - [2021-03-30 19:09:03,159] {dag.py:2273} INFO - Setting next_dagrun for example_bash_operator to 2021-03-28 00:00:00+00:00
[2021-03-30 19:09:03,177] {scheduler_job.py:190} INFO - Processing /Users/harika/Desktop/CSYE_7245/Assignment3/FastAPI/vlab/lib/python3.7/site-packages/airflow/example_dags/example_bash_operator.py took 0.134 seconds
[2021-03-30 19:13:07,852] {scheduler_job.py:182} INFO - Started process (PID=20661) to work on /Users/harika/Desktop/CSYE_7245/Assignment3/FastAPI/vlab/lib/python3.7/site-packages/airflow/example_dags/example_bash_operator.py
[2021-03-30 19:13:07,856] {scheduler_job.py:629} INFO - Processing file /Users/harika/Desktop/CSYE_7245/Assignment3/FastAPI/vlab/lib/python3.7/site-packages/airflow/example_dags/example_bash_operator.py for tasks to queue
[2021-03-30 19:13:07,858] {logging_mixin.py:104} INFO - [2021-03-30 19:13:07,857] {dagbag.py:448} INFO - Filling up the DagBag from /Users/harika/Desktop/CSYE_7245/Assignment3/FastAPI/vlab/lib/python3.7/site-packages/airflow/example_dags/example_bash_operator.py
[2021-03-30 19:13:07,898] {scheduler_job.py:639} INFO - DAG(s) dict_keys(['example_bash_operator']) retrieved from /Users/harika/Desktop/CSYE_7245/Assignment3/FastAPI/vlab/lib/python3.7/site-packages/airflow/example_dags/example_bash_operator.py
[2021-03-30 19:13:08,032] {logging_mixin.py:104} INFO - [2021-03-30 19:13:07,983] {dag.py:1818} INFO - Sync 1 DAGs
[2021-03-30 19:13:08,213] {logging_mixin.py:104} INFO - [2021-03-30 19:13:08,212] {dag.py:2273} INFO - Setting next_dagrun for example_bash_operator to 2021-03-28 00:00:00+00:00
[2021-03-30 19:13:08,275] {scheduler_job.py:190} INFO - Processing /Users/harika/Desktop/CSYE_7245/Assignment3/FastAPI/vlab/lib/python3.7/site-packages/airflow/example_dags/example_bash_operator.py took 0.432 seconds
[2021-03-30 19:15:50,746] {scheduler_job.py:182} INFO - Started process (PID=20740) to work on /Users/harika/Desktop/CSYE_7245/Assignment3/FastAPI/vlab/lib/python3.7/site-packages/airflow/example_dags/example_bash_operator.py
[2021-03-30 19:15:50,750] {scheduler_job.py:629} INFO - Processing file /Users/harika/Desktop/CSYE_7245/Assignment3/FastAPI/vlab/lib/python3.7/site-packages/airflow/example_dags/example_bash_operator.py for tasks to queue
[2021-03-30 19:15:50,752] {logging_mixin.py:104} INFO - [2021-03-30 19:15:50,752] {dagbag.py:448} INFO - Filling up the DagBag from /Users/harika/Desktop/CSYE_7245/Assignment3/FastAPI/vlab/lib/python3.7/site-packages/airflow/example_dags/example_bash_operator.py
[2021-03-30 19:15:50,772] {scheduler_job.py:639} INFO - DAG(s) dict_keys(['example_bash_operator']) retrieved from /Users/harika/Desktop/CSYE_7245/Assignment3/FastAPI/vlab/lib/python3.7/site-packages/airflow/example_dags/example_bash_operator.py
[2021-03-30 19:15:50,803] {logging_mixin.py:104} INFO - [2021-03-30 19:15:50,802] {dag.py:1818} INFO - Sync 1 DAGs
[2021-03-30 19:15:50,844] {logging_mixin.py:104} INFO - [2021-03-30 19:15:50,842] {dag.py:2273} INFO - Setting next_dagrun for example_bash_operator to 2021-03-28 00:00:00+00:00
[2021-03-30 19:15:50,857] {scheduler_job.py:190} INFO - Processing /Users/harika/Desktop/CSYE_7245/Assignment3/FastAPI/vlab/lib/python3.7/site-packages/airflow/example_dags/example_bash_operator.py took 0.120 seconds
[2021-03-30 19:16:31,271] {scheduler_job.py:182} INFO - Started process (PID=20785) to work on /Users/harika/Desktop/CSYE_7245/Assignment3/FastAPI/vlab/lib/python3.7/site-packages/airflow/example_dags/example_bash_operator.py
[2021-03-30 19:16:31,273] {scheduler_job.py:629} INFO - Processing file /Users/harika/Desktop/CSYE_7245/Assignment3/FastAPI/vlab/lib/python3.7/site-packages/airflow/example_dags/example_bash_operator.py for tasks to queue
[2021-03-30 19:16:31,276] {logging_mixin.py:104} INFO - [2021-03-30 19:16:31,275] {dagbag.py:448} INFO - Filling up the DagBag from /Users/harika/Desktop/CSYE_7245/Assignment3/FastAPI/vlab/lib/python3.7/site-packages/airflow/example_dags/example_bash_operator.py
[2021-03-30 19:16:31,293] {scheduler_job.py:639} INFO - DAG(s) dict_keys(['example_bash_operator']) retrieved from /Users/harika/Desktop/CSYE_7245/Assignment3/FastAPI/vlab/lib/python3.7/site-packages/airflow/example_dags/example_bash_operator.py
[2021-03-30 19:16:31,332] {logging_mixin.py:104} INFO - [2021-03-30 19:16:31,331] {dag.py:1818} INFO - Sync 1 DAGs
[2021-03-30 19:16:31,379] {logging_mixin.py:104} INFO - [2021-03-30 19:16:31,377] {dag.py:2273} INFO - Setting next_dagrun for example_bash_operator to 2021-03-28 00:00:00+00:00
[2021-03-30 19:16:31,398] {scheduler_job.py:190} INFO - Processing /Users/harika/Desktop/CSYE_7245/Assignment3/FastAPI/vlab/lib/python3.7/site-packages/airflow/example_dags/example_bash_operator.py took 0.133 seconds
[2021-03-30 19:17:07,020] {scheduler_job.py:182} INFO - Started process (PID=20822) to work on /Users/harika/Desktop/CSYE_7245/Assignment3/FastAPI/vlab/lib/python3.7/site-packages/airflow/example_dags/example_bash_operator.py
[2021-03-30 19:17:07,025] {scheduler_job.py:629} INFO - Processing file /Users/harika/Desktop/CSYE_7245/Assignment3/FastAPI/vlab/lib/python3.7/site-packages/airflow/example_dags/example_bash_operator.py for tasks to queue
[2021-03-30 19:17:07,027] {logging_mixin.py:104} INFO - [2021-03-30 19:17:07,026] {dagbag.py:448} INFO - Filling up the DagBag from /Users/harika/Desktop/CSYE_7245/Assignment3/FastAPI/vlab/lib/python3.7/site-packages/airflow/example_dags/example_bash_operator.py
[2021-03-30 19:17:07,057] {scheduler_job.py:639} INFO - DAG(s) dict_keys(['example_bash_operator']) retrieved from /Users/harika/Desktop/CSYE_7245/Assignment3/FastAPI/vlab/lib/python3.7/site-packages/airflow/example_dags/example_bash_operator.py
[2021-03-30 19:17:07,089] {logging_mixin.py:104} INFO - [2021-03-30 19:17:07,089] {dag.py:1818} INFO - Sync 1 DAGs
[2021-03-30 19:17:07,126] {logging_mixin.py:104} INFO - [2021-03-30 19:17:07,126] {dag.py:2273} INFO - Setting next_dagrun for example_bash_operator to 2021-03-28 00:00:00+00:00
[2021-03-30 19:17:07,137] {scheduler_job.py:190} INFO - Processing /Users/harika/Desktop/CSYE_7245/Assignment3/FastAPI/vlab/lib/python3.7/site-packages/airflow/example_dags/example_bash_operator.py took 0.129 seconds
[2021-03-30 19:17:46,195] {scheduler_job.py:182} INFO - Started process (PID=20859) to work on /Users/harika/Desktop/CSYE_7245/Assignment3/FastAPI/vlab/lib/python3.7/site-packages/airflow/example_dags/example_bash_operator.py
[2021-03-30 19:17:46,203] {scheduler_job.py:629} INFO - Processing file /Users/harika/Desktop/CSYE_7245/Assignment3/FastAPI/vlab/lib/python3.7/site-packages/airflow/example_dags/example_bash_operator.py for tasks to queue
[2021-03-30 19:17:46,205] {logging_mixin.py:104} INFO - [2021-03-30 19:17:46,204] {dagbag.py:448} INFO - Filling up the DagBag from /Users/harika/Desktop/CSYE_7245/Assignment3/FastAPI/vlab/lib/python3.7/site-packages/airflow/example_dags/example_bash_operator.py
[2021-03-30 19:17:46,222] {scheduler_job.py:639} INFO - DAG(s) dict_keys(['example_bash_operator']) retrieved from /Users/harika/Desktop/CSYE_7245/Assignment3/FastAPI/vlab/lib/python3.7/site-packages/airflow/example_dags/example_bash_operator.py
[2021-03-30 19:17:46,258] {logging_mixin.py:104} INFO - [2021-03-30 19:17:46,258] {dag.py:1818} INFO - Sync 1 DAGs
[2021-03-30 19:17:46,294] {logging_mixin.py:104} INFO - [2021-03-30 19:17:46,294] {dag.py:2273} INFO - Setting next_dagrun for example_bash_operator to 2021-03-28 00:00:00+00:00
[2021-03-30 19:17:46,315] {scheduler_job.py:190} INFO - Processing /Users/harika/Desktop/CSYE_7245/Assignment3/FastAPI/vlab/lib/python3.7/site-packages/airflow/example_dags/example_bash_operator.py took 0.127 seconds
[2021-03-30 19:18:26,807] {scheduler_job.py:182} INFO - Started process (PID=20895) to work on /Users/harika/Desktop/CSYE_7245/Assignment3/FastAPI/vlab/lib/python3.7/site-packages/airflow/example_dags/example_bash_operator.py
[2021-03-30 19:18:26,811] {scheduler_job.py:629} INFO - Processing file /Users/harika/Desktop/CSYE_7245/Assignment3/FastAPI/vlab/lib/python3.7/site-packages/airflow/example_dags/example_bash_operator.py for tasks to queue
[2021-03-30 19:18:26,813] {logging_mixin.py:104} INFO - [2021-03-30 19:18:26,812] {dagbag.py:448} INFO - Filling up the DagBag from /Users/harika/Desktop/CSYE_7245/Assignment3/FastAPI/vlab/lib/python3.7/site-packages/airflow/example_dags/example_bash_operator.py
[2021-03-30 19:18:26,828] {scheduler_job.py:639} INFO - DAG(s) dict_keys(['example_bash_operator']) retrieved from /Users/harika/Desktop/CSYE_7245/Assignment3/FastAPI/vlab/lib/python3.7/site-packages/airflow/example_dags/example_bash_operator.py
[2021-03-30 19:18:26,865] {logging_mixin.py:104} INFO - [2021-03-30 19:18:26,864] {dag.py:1818} INFO - Sync 1 DAGs
[2021-03-30 19:18:26,908] {logging_mixin.py:104} INFO - [2021-03-30 19:18:26,907] {dag.py:2273} INFO - Setting next_dagrun for example_bash_operator to 2021-03-28 00:00:00+00:00
[2021-03-30 19:18:26,940] {scheduler_job.py:190} INFO - Processing /Users/harika/Desktop/CSYE_7245/Assignment3/FastAPI/vlab/lib/python3.7/site-packages/airflow/example_dags/example_bash_operator.py took 0.143 seconds
[2021-03-30 19:21:50,820] {scheduler_job.py:182} INFO - Started process (PID=20995) to work on /Users/harika/Desktop/CSYE_7245/Assignment3/FastAPI/vlab/lib/python3.7/site-packages/airflow/example_dags/example_bash_operator.py
[2021-03-30 19:21:50,826] {scheduler_job.py:629} INFO - Processing file /Users/harika/Desktop/CSYE_7245/Assignment3/FastAPI/vlab/lib/python3.7/site-packages/airflow/example_dags/example_bash_operator.py for tasks to queue
[2021-03-30 19:21:50,830] {logging_mixin.py:104} INFO - [2021-03-30 19:21:50,829] {dagbag.py:448} INFO - Filling up the DagBag from /Users/harika/Desktop/CSYE_7245/Assignment3/FastAPI/vlab/lib/python3.7/site-packages/airflow/example_dags/example_bash_operator.py
[2021-03-30 19:21:50,897] {scheduler_job.py:639} INFO - DAG(s) dict_keys(['example_bash_operator']) retrieved from /Users/harika/Desktop/CSYE_7245/Assignment3/FastAPI/vlab/lib/python3.7/site-packages/airflow/example_dags/example_bash_operator.py
[2021-03-30 19:21:51,013] {logging_mixin.py:104} INFO - [2021-03-30 19:21:51,013] {dag.py:1818} INFO - Sync 1 DAGs
[2021-03-30 19:21:51,242] {logging_mixin.py:104} INFO - [2021-03-30 19:21:51,234] {dag.py:2273} INFO - Setting next_dagrun for example_bash_operator to 2021-03-28 00:00:00+00:00
[2021-03-30 19:21:51,267] {scheduler_job.py:190} INFO - Processing /Users/harika/Desktop/CSYE_7245/Assignment3/FastAPI/vlab/lib/python3.7/site-packages/airflow/example_dags/example_bash_operator.py took 0.453 seconds
[2021-03-30 19:22:33,770] {scheduler_job.py:182} INFO - Started process (PID=21031) to work on /Users/harika/Desktop/CSYE_7245/Assignment3/FastAPI/vlab/lib/python3.7/site-packages/airflow/example_dags/example_bash_operator.py
[2021-03-30 19:22:33,774] {scheduler_job.py:629} INFO - Processing file /Users/harika/Desktop/CSYE_7245/Assignment3/FastAPI/vlab/lib/python3.7/site-packages/airflow/example_dags/example_bash_operator.py for tasks to queue
[2021-03-30 19:22:33,778] {logging_mixin.py:104} INFO - [2021-03-30 19:22:33,776] {dagbag.py:448} INFO - Filling up the DagBag from /Users/harika/Desktop/CSYE_7245/Assignment3/FastAPI/vlab/lib/python3.7/site-packages/airflow/example_dags/example_bash_operator.py
[2021-03-30 19:22:33,812] {scheduler_job.py:639} INFO - DAG(s) dict_keys(['example_bash_operator']) retrieved from /Users/harika/Desktop/CSYE_7245/Assignment3/FastAPI/vlab/lib/python3.7/site-packages/airflow/example_dags/example_bash_operator.py
[2021-03-30 19:22:33,848] {logging_mixin.py:104} INFO - [2021-03-30 19:22:33,847] {dag.py:1818} INFO - Sync 1 DAGs
[2021-03-30 19:22:33,898] {logging_mixin.py:104} INFO - [2021-03-30 19:22:33,897] {dag.py:2273} INFO - Setting next_dagrun for example_bash_operator to 2021-03-28 00:00:00+00:00
[2021-03-30 19:22:33,938] {scheduler_job.py:190} INFO - Processing /Users/harika/Desktop/CSYE_7245/Assignment3/FastAPI/vlab/lib/python3.7/site-packages/airflow/example_dags/example_bash_operator.py took 0.175 seconds
[2021-03-30 19:23:18,066] {scheduler_job.py:182} INFO - Started process (PID=21072) to work on /Users/harika/Desktop/CSYE_7245/Assignment3/FastAPI/vlab/lib/python3.7/site-packages/airflow/example_dags/example_bash_operator.py
[2021-03-30 19:23:18,071] {scheduler_job.py:629} INFO - Processing file /Users/harika/Desktop/CSYE_7245/Assignment3/FastAPI/vlab/lib/python3.7/site-packages/airflow/example_dags/example_bash_operator.py for tasks to queue
[2021-03-30 19:23:18,078] {logging_mixin.py:104} INFO - [2021-03-30 19:23:18,075] {dagbag.py:448} INFO - Filling up the DagBag from /Users/harika/Desktop/CSYE_7245/Assignment3/FastAPI/vlab/lib/python3.7/site-packages/airflow/example_dags/example_bash_operator.py
[2021-03-30 19:23:18,225] {scheduler_job.py:639} INFO - DAG(s) dict_keys(['example_bash_operator']) retrieved from /Users/harika/Desktop/CSYE_7245/Assignment3/FastAPI/vlab/lib/python3.7/site-packages/airflow/example_dags/example_bash_operator.py
[2021-03-30 19:23:18,386] {logging_mixin.py:104} INFO - [2021-03-30 19:23:18,307] {dag.py:1818} INFO - Sync 1 DAGs
[2021-03-30 19:23:18,668] {logging_mixin.py:104} INFO - [2021-03-30 19:23:18,667] {dag.py:2273} INFO - Setting next_dagrun for example_bash_operator to 2021-03-28 00:00:00+00:00
[2021-03-30 19:23:18,688] {scheduler_job.py:190} INFO - Processing /Users/harika/Desktop/CSYE_7245/Assignment3/FastAPI/vlab/lib/python3.7/site-packages/airflow/example_dags/example_bash_operator.py took 0.627 seconds
[2021-03-30 19:24:01,839] {scheduler_job.py:182} INFO - Started process (PID=21113) to work on /Users/harika/Desktop/CSYE_7245/Assignment3/FastAPI/vlab/lib/python3.7/site-packages/airflow/example_dags/example_bash_operator.py
[2021-03-30 19:24:01,843] {scheduler_job.py:629} INFO - Processing file /Users/harika/Desktop/CSYE_7245/Assignment3/FastAPI/vlab/lib/python3.7/site-packages/airflow/example_dags/example_bash_operator.py for tasks to queue
[2021-03-30 19:24:01,845] {logging_mixin.py:104} INFO - [2021-03-30 19:24:01,845] {dagbag.py:448} INFO - Filling up the DagBag from /Users/harika/Desktop/CSYE_7245/Assignment3/FastAPI/vlab/lib/python3.7/site-packages/airflow/example_dags/example_bash_operator.py
[2021-03-30 19:24:01,904] {scheduler_job.py:639} INFO - DAG(s) dict_keys(['example_bash_operator']) retrieved from /Users/harika/Desktop/CSYE_7245/Assignment3/FastAPI/vlab/lib/python3.7/site-packages/airflow/example_dags/example_bash_operator.py
[2021-03-30 19:24:01,947] {logging_mixin.py:104} INFO - [2021-03-30 19:24:01,946] {dag.py:1818} INFO - Sync 1 DAGs
[2021-03-30 19:24:02,045] {logging_mixin.py:104} INFO - [2021-03-30 19:24:02,044] {dag.py:2273} INFO - Setting next_dagrun for example_bash_operator to 2021-03-28 00:00:00+00:00
[2021-03-30 19:24:02,118] {scheduler_job.py:190} INFO - Processing /Users/harika/Desktop/CSYE_7245/Assignment3/FastAPI/vlab/lib/python3.7/site-packages/airflow/example_dags/example_bash_operator.py took 0.287 seconds
[2021-03-30 19:24:38,005] {scheduler_job.py:182} INFO - Started process (PID=21147) to work on /Users/harika/Desktop/CSYE_7245/Assignment3/FastAPI/vlab/lib/python3.7/site-packages/airflow/example_dags/example_bash_operator.py
[2021-03-30 19:24:38,012] {scheduler_job.py:629} INFO - Processing file /Users/harika/Desktop/CSYE_7245/Assignment3/FastAPI/vlab/lib/python3.7/site-packages/airflow/example_dags/example_bash_operator.py for tasks to queue
[2021-03-30 19:24:38,015] {logging_mixin.py:104} INFO - [2021-03-30 19:24:38,014] {dagbag.py:448} INFO - Filling up the DagBag from /Users/harika/Desktop/CSYE_7245/Assignment3/FastAPI/vlab/lib/python3.7/site-packages/airflow/example_dags/example_bash_operator.py
[2021-03-30 19:24:38,049] {scheduler_job.py:639} INFO - DAG(s) dict_keys(['example_bash_operator']) retrieved from /Users/harika/Desktop/CSYE_7245/Assignment3/FastAPI/vlab/lib/python3.7/site-packages/airflow/example_dags/example_bash_operator.py
[2021-03-30 19:24:38,233] {logging_mixin.py:104} INFO - [2021-03-30 19:24:38,231] {dag.py:1818} INFO - Sync 1 DAGs
[2021-03-30 19:24:38,412] {logging_mixin.py:104} INFO - [2021-03-30 19:24:38,411] {dag.py:2273} INFO - Setting next_dagrun for example_bash_operator to 2021-03-28 00:00:00+00:00
[2021-03-30 19:24:38,457] {scheduler_job.py:190} INFO - Processing /Users/harika/Desktop/CSYE_7245/Assignment3/FastAPI/vlab/lib/python3.7/site-packages/airflow/example_dags/example_bash_operator.py took 0.460 seconds
[2021-03-30 19:25:17,965] {scheduler_job.py:182} INFO - Started process (PID=21186) to work on /Users/harika/Desktop/CSYE_7245/Assignment3/FastAPI/vlab/lib/python3.7/site-packages/airflow/example_dags/example_bash_operator.py
[2021-03-30 19:25:17,969] {scheduler_job.py:629} INFO - Processing file /Users/harika/Desktop/CSYE_7245/Assignment3/FastAPI/vlab/lib/python3.7/site-packages/airflow/example_dags/example_bash_operator.py for tasks to queue
[2021-03-30 19:25:17,973] {logging_mixin.py:104} INFO - [2021-03-30 19:25:17,972] {dagbag.py:448} INFO - Filling up the DagBag from /Users/harika/Desktop/CSYE_7245/Assignment3/FastAPI/vlab/lib/python3.7/site-packages/airflow/example_dags/example_bash_operator.py
[2021-03-30 19:25:17,999] {scheduler_job.py:639} INFO - DAG(s) dict_keys(['example_bash_operator']) retrieved from /Users/harika/Desktop/CSYE_7245/Assignment3/FastAPI/vlab/lib/python3.7/site-packages/airflow/example_dags/example_bash_operator.py
[2021-03-30 19:25:18,033] {logging_mixin.py:104} INFO - [2021-03-30 19:25:18,032] {dag.py:1818} INFO - Sync 1 DAGs
[2021-03-30 19:25:18,072] {logging_mixin.py:104} INFO - [2021-03-30 19:25:18,070] {dag.py:2273} INFO - Setting next_dagrun for example_bash_operator to 2021-03-28 00:00:00+00:00
[2021-03-30 19:25:18,132] {scheduler_job.py:190} INFO - Processing /Users/harika/Desktop/CSYE_7245/Assignment3/FastAPI/vlab/lib/python3.7/site-packages/airflow/example_dags/example_bash_operator.py took 0.177 seconds
[2021-03-30 19:25:55,479] {scheduler_job.py:182} INFO - Started process (PID=21223) to work on /Users/harika/Desktop/CSYE_7245/Assignment3/FastAPI/vlab/lib/python3.7/site-packages/airflow/example_dags/example_bash_operator.py
[2021-03-30 19:25:55,483] {scheduler_job.py:629} INFO - Processing file /Users/harika/Desktop/CSYE_7245/Assignment3/FastAPI/vlab/lib/python3.7/site-packages/airflow/example_dags/example_bash_operator.py for tasks to queue
[2021-03-30 19:25:55,485] {logging_mixin.py:104} INFO - [2021-03-30 19:25:55,485] {dagbag.py:448} INFO - Filling up the DagBag from /Users/harika/Desktop/CSYE_7245/Assignment3/FastAPI/vlab/lib/python3.7/site-packages/airflow/example_dags/example_bash_operator.py
[2021-03-30 19:25:55,568] {scheduler_job.py:639} INFO - DAG(s) dict_keys(['example_bash_operator']) retrieved from /Users/harika/Desktop/CSYE_7245/Assignment3/FastAPI/vlab/lib/python3.7/site-packages/airflow/example_dags/example_bash_operator.py
[2021-03-30 19:25:55,613] {logging_mixin.py:104} INFO - [2021-03-30 19:25:55,611] {dag.py:1818} INFO - Sync 1 DAGs
[2021-03-30 19:25:55,801] {logging_mixin.py:104} INFO - [2021-03-30 19:25:55,796] {dag.py:2273} INFO - Setting next_dagrun for example_bash_operator to 2021-03-28 00:00:00+00:00
[2021-03-30 19:25:55,856] {scheduler_job.py:190} INFO - Processing /Users/harika/Desktop/CSYE_7245/Assignment3/FastAPI/vlab/lib/python3.7/site-packages/airflow/example_dags/example_bash_operator.py took 0.384 seconds
[2021-03-30 19:26:39,183] {scheduler_job.py:182} INFO - Started process (PID=21269) to work on /Users/harika/Desktop/CSYE_7245/Assignment3/FastAPI/vlab/lib/python3.7/site-packages/airflow/example_dags/example_bash_operator.py
[2021-03-30 19:26:39,187] {scheduler_job.py:629} INFO - Processing file /Users/harika/Desktop/CSYE_7245/Assignment3/FastAPI/vlab/lib/python3.7/site-packages/airflow/example_dags/example_bash_operator.py for tasks to queue
[2021-03-30 19:26:39,189] {logging_mixin.py:104} INFO - [2021-03-30 19:26:39,188] {dagbag.py:448} INFO - Filling up the DagBag from /Users/harika/Desktop/CSYE_7245/Assignment3/FastAPI/vlab/lib/python3.7/site-packages/airflow/example_dags/example_bash_operator.py
[2021-03-30 19:26:39,237] {scheduler_job.py:639} INFO - DAG(s) dict_keys(['example_bash_operator']) retrieved from /Users/harika/Desktop/CSYE_7245/Assignment3/FastAPI/vlab/lib/python3.7/site-packages/airflow/example_dags/example_bash_operator.py
[2021-03-30 19:26:39,289] {logging_mixin.py:104} INFO - [2021-03-30 19:26:39,288] {dag.py:1818} INFO - Sync 1 DAGs
[2021-03-30 19:26:39,394] {logging_mixin.py:104} INFO - [2021-03-30 19:26:39,394] {dag.py:2273} INFO - Setting next_dagrun for example_bash_operator to 2021-03-28 00:00:00+00:00
[2021-03-30 19:26:39,416] {scheduler_job.py:190} INFO - Processing /Users/harika/Desktop/CSYE_7245/Assignment3/FastAPI/vlab/lib/python3.7/site-packages/airflow/example_dags/example_bash_operator.py took 0.242 seconds
[2021-03-30 19:32:40,658] {scheduler_job.py:182} INFO - Started process (PID=21415) to work on /Users/harika/Desktop/CSYE_7245/Assignment3/FastAPI/vlab/lib/python3.7/site-packages/airflow/example_dags/example_bash_operator.py
[2021-03-30 19:32:40,662] {scheduler_job.py:629} INFO - Processing file /Users/harika/Desktop/CSYE_7245/Assignment3/FastAPI/vlab/lib/python3.7/site-packages/airflow/example_dags/example_bash_operator.py for tasks to queue
[2021-03-30 19:32:40,667] {logging_mixin.py:104} INFO - [2021-03-30 19:32:40,664] {dagbag.py:448} INFO - Filling up the DagBag from /Users/harika/Desktop/CSYE_7245/Assignment3/FastAPI/vlab/lib/python3.7/site-packages/airflow/example_dags/example_bash_operator.py
[2021-03-30 19:32:40,775] {scheduler_job.py:639} INFO - DAG(s) dict_keys(['example_bash_operator']) retrieved from /Users/harika/Desktop/CSYE_7245/Assignment3/FastAPI/vlab/lib/python3.7/site-packages/airflow/example_dags/example_bash_operator.py
[2021-03-30 19:32:40,812] {logging_mixin.py:104} INFO - [2021-03-30 19:32:40,812] {dag.py:1818} INFO - Sync 1 DAGs
[2021-03-30 19:32:40,873] {logging_mixin.py:104} INFO - [2021-03-30 19:32:40,872] {dag.py:2273} INFO - Setting next_dagrun for example_bash_operator to 2021-03-28 00:00:00+00:00
[2021-03-30 19:32:40,990] {scheduler_job.py:190} INFO - Processing /Users/harika/Desktop/CSYE_7245/Assignment3/FastAPI/vlab/lib/python3.7/site-packages/airflow/example_dags/example_bash_operator.py took 0.336 seconds
[2021-03-30 19:33:25,254] {scheduler_job.py:182} INFO - Started process (PID=21463) to work on /Users/harika/Desktop/CSYE_7245/Assignment3/FastAPI/vlab/lib/python3.7/site-packages/airflow/example_dags/example_bash_operator.py
[2021-03-30 19:33:25,259] {scheduler_job.py:629} INFO - Processing file /Users/harika/Desktop/CSYE_7245/Assignment3/FastAPI/vlab/lib/python3.7/site-packages/airflow/example_dags/example_bash_operator.py for tasks to queue
[2021-03-30 19:33:25,262] {logging_mixin.py:104} INFO - [2021-03-30 19:33:25,261] {dagbag.py:448} INFO - Filling up the DagBag from /Users/harika/Desktop/CSYE_7245/Assignment3/FastAPI/vlab/lib/python3.7/site-packages/airflow/example_dags/example_bash_operator.py
[2021-03-30 19:33:25,301] {scheduler_job.py:639} INFO - DAG(s) dict_keys(['example_bash_operator']) retrieved from /Users/harika/Desktop/CSYE_7245/Assignment3/FastAPI/vlab/lib/python3.7/site-packages/airflow/example_dags/example_bash_operator.py
[2021-03-30 19:33:25,339] {logging_mixin.py:104} INFO - [2021-03-30 19:33:25,338] {dag.py:1818} INFO - Sync 1 DAGs
[2021-03-30 19:33:25,411] {logging_mixin.py:104} INFO - [2021-03-30 19:33:25,410] {dag.py:2273} INFO - Setting next_dagrun for example_bash_operator to 2021-03-28 00:00:00+00:00
[2021-03-30 19:33:25,448] {scheduler_job.py:190} INFO - Processing /Users/harika/Desktop/CSYE_7245/Assignment3/FastAPI/vlab/lib/python3.7/site-packages/airflow/example_dags/example_bash_operator.py took 0.208 seconds
[2021-03-30 19:33:58,866] {scheduler_job.py:182} INFO - Started process (PID=21496) to work on /Users/harika/Desktop/CSYE_7245/Assignment3/FastAPI/vlab/lib/python3.7/site-packages/airflow/example_dags/example_bash_operator.py
[2021-03-30 19:33:58,870] {scheduler_job.py:629} INFO - Processing file /Users/harika/Desktop/CSYE_7245/Assignment3/FastAPI/vlab/lib/python3.7/site-packages/airflow/example_dags/example_bash_operator.py for tasks to queue
[2021-03-30 19:33:58,873] {logging_mixin.py:104} INFO - [2021-03-30 19:33:58,872] {dagbag.py:448} INFO - Filling up the DagBag from /Users/harika/Desktop/CSYE_7245/Assignment3/FastAPI/vlab/lib/python3.7/site-packages/airflow/example_dags/example_bash_operator.py
[2021-03-30 19:33:58,906] {scheduler_job.py:639} INFO - DAG(s) dict_keys(['example_bash_operator']) retrieved from /Users/harika/Desktop/CSYE_7245/Assignment3/FastAPI/vlab/lib/python3.7/site-packages/airflow/example_dags/example_bash_operator.py
[2021-03-30 19:33:58,948] {logging_mixin.py:104} INFO - [2021-03-30 19:33:58,947] {dag.py:1818} INFO - Sync 1 DAGs
[2021-03-30 19:33:59,014] {logging_mixin.py:104} INFO - [2021-03-30 19:33:59,013] {dag.py:2273} INFO - Setting next_dagrun for example_bash_operator to 2021-03-28 00:00:00+00:00
[2021-03-30 19:33:59,180] {scheduler_job.py:190} INFO - Processing /Users/harika/Desktop/CSYE_7245/Assignment3/FastAPI/vlab/lib/python3.7/site-packages/airflow/example_dags/example_bash_operator.py took 0.319 seconds
[2021-03-30 19:34:34,100] {scheduler_job.py:182} INFO - Started process (PID=21531) to work on /Users/harika/Desktop/CSYE_7245/Assignment3/FastAPI/vlab/lib/python3.7/site-packages/airflow/example_dags/example_bash_operator.py
[2021-03-30 19:34:34,104] {scheduler_job.py:629} INFO - Processing file /Users/harika/Desktop/CSYE_7245/Assignment3/FastAPI/vlab/lib/python3.7/site-packages/airflow/example_dags/example_bash_operator.py for tasks to queue
[2021-03-30 19:34:34,107] {logging_mixin.py:104} INFO - [2021-03-30 19:34:34,107] {dagbag.py:448} INFO - Filling up the DagBag from /Users/harika/Desktop/CSYE_7245/Assignment3/FastAPI/vlab/lib/python3.7/site-packages/airflow/example_dags/example_bash_operator.py
[2021-03-30 19:34:34,130] {scheduler_job.py:639} INFO - DAG(s) dict_keys(['example_bash_operator']) retrieved from /Users/harika/Desktop/CSYE_7245/Assignment3/FastAPI/vlab/lib/python3.7/site-packages/airflow/example_dags/example_bash_operator.py
[2021-03-30 19:34:34,165] {logging_mixin.py:104} INFO - [2021-03-30 19:34:34,165] {dag.py:1818} INFO - Sync 1 DAGs
[2021-03-30 19:34:34,202] {logging_mixin.py:104} INFO - [2021-03-30 19:34:34,201] {dag.py:2273} INFO - Setting next_dagrun for example_bash_operator to 2021-03-28 00:00:00+00:00
[2021-03-30 19:34:34,218] {scheduler_job.py:190} INFO - Processing /Users/harika/Desktop/CSYE_7245/Assignment3/FastAPI/vlab/lib/python3.7/site-packages/airflow/example_dags/example_bash_operator.py took 0.123 seconds
[2021-03-30 19:35:15,950] {scheduler_job.py:182} INFO - Started process (PID=21587) to work on /Users/harika/Desktop/CSYE_7245/Assignment3/FastAPI/vlab/lib/python3.7/site-packages/airflow/example_dags/example_bash_operator.py
[2021-03-30 19:35:15,962] {scheduler_job.py:629} INFO - Processing file /Users/harika/Desktop/CSYE_7245/Assignment3/FastAPI/vlab/lib/python3.7/site-packages/airflow/example_dags/example_bash_operator.py for tasks to queue
[2021-03-30 19:35:15,965] {logging_mixin.py:104} INFO - [2021-03-30 19:35:15,964] {dagbag.py:448} INFO - Filling up the DagBag from /Users/harika/Desktop/CSYE_7245/Assignment3/FastAPI/vlab/lib/python3.7/site-packages/airflow/example_dags/example_bash_operator.py
[2021-03-30 19:35:16,004] {scheduler_job.py:639} INFO - DAG(s) dict_keys(['example_bash_operator']) retrieved from /Users/harika/Desktop/CSYE_7245/Assignment3/FastAPI/vlab/lib/python3.7/site-packages/airflow/example_dags/example_bash_operator.py
[2021-03-30 19:35:16,050] {logging_mixin.py:104} INFO - [2021-03-30 19:35:16,050] {dag.py:1818} INFO - Sync 1 DAGs
[2021-03-30 19:35:16,129] {logging_mixin.py:104} INFO - [2021-03-30 19:35:16,128] {dag.py:2273} INFO - Setting next_dagrun for example_bash_operator to 2021-03-28 00:00:00+00:00
[2021-03-30 19:35:16,162] {scheduler_job.py:190} INFO - Processing /Users/harika/Desktop/CSYE_7245/Assignment3/FastAPI/vlab/lib/python3.7/site-packages/airflow/example_dags/example_bash_operator.py took 0.222 seconds
[2021-03-30 19:35:52,602] {scheduler_job.py:182} INFO - Started process (PID=21630) to work on /Users/harika/Desktop/CSYE_7245/Assignment3/FastAPI/vlab/lib/python3.7/site-packages/airflow/example_dags/example_bash_operator.py
[2021-03-30 19:35:52,607] {scheduler_job.py:629} INFO - Processing file /Users/harika/Desktop/CSYE_7245/Assignment3/FastAPI/vlab/lib/python3.7/site-packages/airflow/example_dags/example_bash_operator.py for tasks to queue
[2021-03-30 19:35:52,610] {logging_mixin.py:104} INFO - [2021-03-30 19:35:52,609] {dagbag.py:448} INFO - Filling up the DagBag from /Users/harika/Desktop/CSYE_7245/Assignment3/FastAPI/vlab/lib/python3.7/site-packages/airflow/example_dags/example_bash_operator.py
[2021-03-30 19:35:52,650] {scheduler_job.py:639} INFO - DAG(s) dict_keys(['example_bash_operator']) retrieved from /Users/harika/Desktop/CSYE_7245/Assignment3/FastAPI/vlab/lib/python3.7/site-packages/airflow/example_dags/example_bash_operator.py
[2021-03-30 19:35:52,829] {logging_mixin.py:104} INFO - [2021-03-30 19:35:52,828] {dag.py:1818} INFO - Sync 1 DAGs
[2021-03-30 19:35:52,894] {logging_mixin.py:104} INFO - [2021-03-30 19:35:52,888] {dag.py:2273} INFO - Setting next_dagrun for example_bash_operator to 2021-03-28 00:00:00+00:00
[2021-03-30 19:35:52,935] {scheduler_job.py:190} INFO - Processing /Users/harika/Desktop/CSYE_7245/Assignment3/FastAPI/vlab/lib/python3.7/site-packages/airflow/example_dags/example_bash_operator.py took 0.342 seconds
[2021-03-30 19:36:31,303] {scheduler_job.py:182} INFO - Started process (PID=21678) to work on /Users/harika/Desktop/CSYE_7245/Assignment3/FastAPI/vlab/lib/python3.7/site-packages/airflow/example_dags/example_bash_operator.py
[2021-03-30 19:36:31,308] {scheduler_job.py:629} INFO - Processing file /Users/harika/Desktop/CSYE_7245/Assignment3/FastAPI/vlab/lib/python3.7/site-packages/airflow/example_dags/example_bash_operator.py for tasks to queue
[2021-03-30 19:36:31,314] {logging_mixin.py:104} INFO - [2021-03-30 19:36:31,312] {dagbag.py:448} INFO - Filling up the DagBag from /Users/harika/Desktop/CSYE_7245/Assignment3/FastAPI/vlab/lib/python3.7/site-packages/airflow/example_dags/example_bash_operator.py
[2021-03-30 19:36:31,336] {scheduler_job.py:639} INFO - DAG(s) dict_keys(['example_bash_operator']) retrieved from /Users/harika/Desktop/CSYE_7245/Assignment3/FastAPI/vlab/lib/python3.7/site-packages/airflow/example_dags/example_bash_operator.py
[2021-03-30 19:36:31,378] {logging_mixin.py:104} INFO - [2021-03-30 19:36:31,377] {dag.py:1818} INFO - Sync 1 DAGs
[2021-03-30 19:36:31,435] {logging_mixin.py:104} INFO - [2021-03-30 19:36:31,429] {dag.py:2273} INFO - Setting next_dagrun for example_bash_operator to 2021-03-28 00:00:00+00:00
[2021-03-30 19:36:31,459] {scheduler_job.py:190} INFO - Processing /Users/harika/Desktop/CSYE_7245/Assignment3/FastAPI/vlab/lib/python3.7/site-packages/airflow/example_dags/example_bash_operator.py took 0.172 seconds
[2021-03-30 19:37:07,553] {scheduler_job.py:182} INFO - Started process (PID=21727) to work on /Users/harika/Desktop/CSYE_7245/Assignment3/FastAPI/vlab/lib/python3.7/site-packages/airflow/example_dags/example_bash_operator.py
[2021-03-30 19:37:07,558] {scheduler_job.py:629} INFO - Processing file /Users/harika/Desktop/CSYE_7245/Assignment3/FastAPI/vlab/lib/python3.7/site-packages/airflow/example_dags/example_bash_operator.py for tasks to queue
[2021-03-30 19:37:07,563] {logging_mixin.py:104} INFO - [2021-03-30 19:37:07,560] {dagbag.py:448} INFO - Filling up the DagBag from /Users/harika/Desktop/CSYE_7245/Assignment3/FastAPI/vlab/lib/python3.7/site-packages/airflow/example_dags/example_bash_operator.py
[2021-03-30 19:37:07,624] {scheduler_job.py:639} INFO - DAG(s) dict_keys(['example_bash_operator']) retrieved from /Users/harika/Desktop/CSYE_7245/Assignment3/FastAPI/vlab/lib/python3.7/site-packages/airflow/example_dags/example_bash_operator.py
[2021-03-30 19:37:07,678] {logging_mixin.py:104} INFO - [2021-03-30 19:37:07,677] {dag.py:1818} INFO - Sync 1 DAGs
[2021-03-30 19:37:07,903] {logging_mixin.py:104} INFO - [2021-03-30 19:37:07,902] {dag.py:2273} INFO - Setting next_dagrun for example_bash_operator to 2021-03-28 00:00:00+00:00
[2021-03-30 19:37:07,925] {scheduler_job.py:190} INFO - Processing /Users/harika/Desktop/CSYE_7245/Assignment3/FastAPI/vlab/lib/python3.7/site-packages/airflow/example_dags/example_bash_operator.py took 0.381 seconds
[2021-03-30 19:37:48,883] {scheduler_job.py:182} INFO - Started process (PID=21782) to work on /Users/harika/Desktop/CSYE_7245/Assignment3/FastAPI/vlab/lib/python3.7/site-packages/airflow/example_dags/example_bash_operator.py
[2021-03-30 19:37:48,890] {scheduler_job.py:629} INFO - Processing file /Users/harika/Desktop/CSYE_7245/Assignment3/FastAPI/vlab/lib/python3.7/site-packages/airflow/example_dags/example_bash_operator.py for tasks to queue
[2021-03-30 19:37:48,893] {logging_mixin.py:104} INFO - [2021-03-30 19:37:48,893] {dagbag.py:448} INFO - Filling up the DagBag from /Users/harika/Desktop/CSYE_7245/Assignment3/FastAPI/vlab/lib/python3.7/site-packages/airflow/example_dags/example_bash_operator.py
[2021-03-30 19:37:48,944] {scheduler_job.py:639} INFO - DAG(s) dict_keys(['example_bash_operator']) retrieved from /Users/harika/Desktop/CSYE_7245/Assignment3/FastAPI/vlab/lib/python3.7/site-packages/airflow/example_dags/example_bash_operator.py
[2021-03-30 19:37:49,119] {logging_mixin.py:104} INFO - [2021-03-30 19:37:48,977] {dag.py:1818} INFO - Sync 1 DAGs
[2021-03-30 19:37:49,238] {logging_mixin.py:104} INFO - [2021-03-30 19:37:49,235] {dag.py:2273} INFO - Setting next_dagrun for example_bash_operator to 2021-03-28 00:00:00+00:00
[2021-03-30 19:37:49,447] {scheduler_job.py:190} INFO - Processing /Users/harika/Desktop/CSYE_7245/Assignment3/FastAPI/vlab/lib/python3.7/site-packages/airflow/example_dags/example_bash_operator.py took 0.586 seconds
[2021-03-30 19:38:29,602] {scheduler_job.py:182} INFO - Started process (PID=21824) to work on /Users/harika/Desktop/CSYE_7245/Assignment3/FastAPI/vlab/lib/python3.7/site-packages/airflow/example_dags/example_bash_operator.py
[2021-03-30 19:38:29,612] {scheduler_job.py:629} INFO - Processing file /Users/harika/Desktop/CSYE_7245/Assignment3/FastAPI/vlab/lib/python3.7/site-packages/airflow/example_dags/example_bash_operator.py for tasks to queue
[2021-03-30 19:38:29,615] {logging_mixin.py:104} INFO - [2021-03-30 19:38:29,615] {dagbag.py:448} INFO - Filling up the DagBag from /Users/harika/Desktop/CSYE_7245/Assignment3/FastAPI/vlab/lib/python3.7/site-packages/airflow/example_dags/example_bash_operator.py
[2021-03-30 19:38:29,660] {scheduler_job.py:639} INFO - DAG(s) dict_keys(['example_bash_operator']) retrieved from /Users/harika/Desktop/CSYE_7245/Assignment3/FastAPI/vlab/lib/python3.7/site-packages/airflow/example_dags/example_bash_operator.py
[2021-03-30 19:38:29,723] {logging_mixin.py:104} INFO - [2021-03-30 19:38:29,719] {dag.py:1818} INFO - Sync 1 DAGs
[2021-03-30 19:38:29,796] {logging_mixin.py:104} INFO - [2021-03-30 19:38:29,795] {dag.py:2273} INFO - Setting next_dagrun for example_bash_operator to 2021-03-28 00:00:00+00:00
[2021-03-30 19:38:29,818] {scheduler_job.py:190} INFO - Processing /Users/harika/Desktop/CSYE_7245/Assignment3/FastAPI/vlab/lib/python3.7/site-packages/airflow/example_dags/example_bash_operator.py took 0.226 seconds
[2021-03-30 19:43:12,497] {scheduler_job.py:182} INFO - Started process (PID=21958) to work on /Users/harika/Desktop/CSYE_7245/Assignment3/FastAPI/vlab/lib/python3.7/site-packages/airflow/example_dags/example_bash_operator.py
[2021-03-30 19:43:12,505] {scheduler_job.py:629} INFO - Processing file /Users/harika/Desktop/CSYE_7245/Assignment3/FastAPI/vlab/lib/python3.7/site-packages/airflow/example_dags/example_bash_operator.py for tasks to queue
[2021-03-30 19:43:12,507] {logging_mixin.py:104} INFO - [2021-03-30 19:43:12,506] {dagbag.py:448} INFO - Filling up the DagBag from /Users/harika/Desktop/CSYE_7245/Assignment3/FastAPI/vlab/lib/python3.7/site-packages/airflow/example_dags/example_bash_operator.py
[2021-03-30 19:43:12,544] {scheduler_job.py:639} INFO - DAG(s) dict_keys(['example_bash_operator']) retrieved from /Users/harika/Desktop/CSYE_7245/Assignment3/FastAPI/vlab/lib/python3.7/site-packages/airflow/example_dags/example_bash_operator.py
[2021-03-30 19:43:12,595] {logging_mixin.py:104} INFO - [2021-03-30 19:43:12,593] {dag.py:1818} INFO - Sync 1 DAGs
[2021-03-30 19:43:12,694] {logging_mixin.py:104} INFO - [2021-03-30 19:43:12,694] {dag.py:2273} INFO - Setting next_dagrun for example_bash_operator to 2021-03-28 00:00:00+00:00
[2021-03-30 19:43:12,738] {scheduler_job.py:190} INFO - Processing /Users/harika/Desktop/CSYE_7245/Assignment3/FastAPI/vlab/lib/python3.7/site-packages/airflow/example_dags/example_bash_operator.py took 0.248 seconds
[2021-03-30 19:44:04,105] {scheduler_job.py:182} INFO - Started process (PID=22003) to work on /Users/harika/Desktop/CSYE_7245/Assignment3/FastAPI/vlab/lib/python3.7/site-packages/airflow/example_dags/example_bash_operator.py
[2021-03-30 19:44:04,113] {scheduler_job.py:629} INFO - Processing file /Users/harika/Desktop/CSYE_7245/Assignment3/FastAPI/vlab/lib/python3.7/site-packages/airflow/example_dags/example_bash_operator.py for tasks to queue
[2021-03-30 19:44:04,116] {logging_mixin.py:104} INFO - [2021-03-30 19:44:04,115] {dagbag.py:448} INFO - Filling up the DagBag from /Users/harika/Desktop/CSYE_7245/Assignment3/FastAPI/vlab/lib/python3.7/site-packages/airflow/example_dags/example_bash_operator.py
[2021-03-30 19:44:04,159] {scheduler_job.py:639} INFO - DAG(s) dict_keys(['example_bash_operator']) retrieved from /Users/harika/Desktop/CSYE_7245/Assignment3/FastAPI/vlab/lib/python3.7/site-packages/airflow/example_dags/example_bash_operator.py
[2021-03-30 19:44:04,206] {logging_mixin.py:104} INFO - [2021-03-30 19:44:04,204] {dag.py:1818} INFO - Sync 1 DAGs
[2021-03-30 19:44:04,287] {logging_mixin.py:104} INFO - [2021-03-30 19:44:04,283] {dag.py:2273} INFO - Setting next_dagrun for example_bash_operator to 2021-03-28 00:00:00+00:00
[2021-03-30 19:44:04,309] {scheduler_job.py:190} INFO - Processing /Users/harika/Desktop/CSYE_7245/Assignment3/FastAPI/vlab/lib/python3.7/site-packages/airflow/example_dags/example_bash_operator.py took 0.215 seconds
[2021-03-30 19:44:42,817] {scheduler_job.py:182} INFO - Started process (PID=22037) to work on /Users/harika/Desktop/CSYE_7245/Assignment3/FastAPI/vlab/lib/python3.7/site-packages/airflow/example_dags/example_bash_operator.py
[2021-03-30 19:44:42,826] {scheduler_job.py:629} INFO - Processing file /Users/harika/Desktop/CSYE_7245/Assignment3/FastAPI/vlab/lib/python3.7/site-packages/airflow/example_dags/example_bash_operator.py for tasks to queue
[2021-03-30 19:44:42,843] {logging_mixin.py:104} INFO - [2021-03-30 19:44:42,842] {dagbag.py:448} INFO - Filling up the DagBag from /Users/harika/Desktop/CSYE_7245/Assignment3/FastAPI/vlab/lib/python3.7/site-packages/airflow/example_dags/example_bash_operator.py
[2021-03-30 19:44:42,911] {scheduler_job.py:639} INFO - DAG(s) dict_keys(['example_bash_operator']) retrieved from /Users/harika/Desktop/CSYE_7245/Assignment3/FastAPI/vlab/lib/python3.7/site-packages/airflow/example_dags/example_bash_operator.py
[2021-03-30 19:44:43,098] {logging_mixin.py:104} INFO - [2021-03-30 19:44:43,097] {dag.py:1818} INFO - Sync 1 DAGs
[2021-03-30 19:44:43,219] {logging_mixin.py:104} INFO - [2021-03-30 19:44:43,217] {dag.py:2273} INFO - Setting next_dagrun for example_bash_operator to 2021-03-28 00:00:00+00:00
[2021-03-30 19:44:43,265] {scheduler_job.py:190} INFO - Processing /Users/harika/Desktop/CSYE_7245/Assignment3/FastAPI/vlab/lib/python3.7/site-packages/airflow/example_dags/example_bash_operator.py took 0.458 seconds
[2021-03-30 19:45:24,493] {scheduler_job.py:182} INFO - Started process (PID=22088) to work on /Users/harika/Desktop/CSYE_7245/Assignment3/FastAPI/vlab/lib/python3.7/site-packages/airflow/example_dags/example_bash_operator.py
[2021-03-30 19:45:24,497] {scheduler_job.py:629} INFO - Processing file /Users/harika/Desktop/CSYE_7245/Assignment3/FastAPI/vlab/lib/python3.7/site-packages/airflow/example_dags/example_bash_operator.py for tasks to queue
[2021-03-30 19:45:24,500] {logging_mixin.py:104} INFO - [2021-03-30 19:45:24,499] {dagbag.py:448} INFO - Filling up the DagBag from /Users/harika/Desktop/CSYE_7245/Assignment3/FastAPI/vlab/lib/python3.7/site-packages/airflow/example_dags/example_bash_operator.py
[2021-03-30 19:45:24,543] {scheduler_job.py:639} INFO - DAG(s) dict_keys(['example_bash_operator']) retrieved from /Users/harika/Desktop/CSYE_7245/Assignment3/FastAPI/vlab/lib/python3.7/site-packages/airflow/example_dags/example_bash_operator.py
[2021-03-30 19:45:24,581] {logging_mixin.py:104} INFO - [2021-03-30 19:45:24,580] {dag.py:1818} INFO - Sync 1 DAGs
[2021-03-30 19:45:24,659] {logging_mixin.py:104} INFO - [2021-03-30 19:45:24,658] {dag.py:2273} INFO - Setting next_dagrun for example_bash_operator to 2021-03-28 00:00:00+00:00
[2021-03-30 19:45:24,690] {scheduler_job.py:190} INFO - Processing /Users/harika/Desktop/CSYE_7245/Assignment3/FastAPI/vlab/lib/python3.7/site-packages/airflow/example_dags/example_bash_operator.py took 0.204 seconds
[2021-03-30 19:46:02,117] {scheduler_job.py:182} INFO - Started process (PID=22123) to work on /Users/harika/Desktop/CSYE_7245/Assignment3/FastAPI/vlab/lib/python3.7/site-packages/airflow/example_dags/example_bash_operator.py
[2021-03-30 19:46:02,123] {scheduler_job.py:629} INFO - Processing file /Users/harika/Desktop/CSYE_7245/Assignment3/FastAPI/vlab/lib/python3.7/site-packages/airflow/example_dags/example_bash_operator.py for tasks to queue
[2021-03-30 19:46:02,131] {logging_mixin.py:104} INFO - [2021-03-30 19:46:02,125] {dagbag.py:448} INFO - Filling up the DagBag from /Users/harika/Desktop/CSYE_7245/Assignment3/FastAPI/vlab/lib/python3.7/site-packages/airflow/example_dags/example_bash_operator.py
[2021-03-30 19:46:02,174] {scheduler_job.py:639} INFO - DAG(s) dict_keys(['example_bash_operator']) retrieved from /Users/harika/Desktop/CSYE_7245/Assignment3/FastAPI/vlab/lib/python3.7/site-packages/airflow/example_dags/example_bash_operator.py
[2021-03-30 19:46:02,211] {logging_mixin.py:104} INFO - [2021-03-30 19:46:02,210] {dag.py:1818} INFO - Sync 1 DAGs
[2021-03-30 19:46:02,270] {logging_mixin.py:104} INFO - [2021-03-30 19:46:02,269] {dag.py:2273} INFO - Setting next_dagrun for example_bash_operator to 2021-03-28 00:00:00+00:00
[2021-03-30 19:46:02,308] {scheduler_job.py:190} INFO - Processing /Users/harika/Desktop/CSYE_7245/Assignment3/FastAPI/vlab/lib/python3.7/site-packages/airflow/example_dags/example_bash_operator.py took 0.199 seconds
[2021-03-30 19:46:34,352] {scheduler_job.py:182} INFO - Started process (PID=22149) to work on /Users/harika/Desktop/CSYE_7245/Assignment3/FastAPI/vlab/lib/python3.7/site-packages/airflow/example_dags/example_bash_operator.py
[2021-03-30 19:46:34,355] {scheduler_job.py:629} INFO - Processing file /Users/harika/Desktop/CSYE_7245/Assignment3/FastAPI/vlab/lib/python3.7/site-packages/airflow/example_dags/example_bash_operator.py for tasks to queue
[2021-03-30 19:46:34,357] {logging_mixin.py:104} INFO - [2021-03-30 19:46:34,356] {dagbag.py:448} INFO - Filling up the DagBag from /Users/harika/Desktop/CSYE_7245/Assignment3/FastAPI/vlab/lib/python3.7/site-packages/airflow/example_dags/example_bash_operator.py
[2021-03-30 19:46:34,391] {scheduler_job.py:639} INFO - DAG(s) dict_keys(['example_bash_operator']) retrieved from /Users/harika/Desktop/CSYE_7245/Assignment3/FastAPI/vlab/lib/python3.7/site-packages/airflow/example_dags/example_bash_operator.py
[2021-03-30 19:46:34,415] {logging_mixin.py:104} INFO - [2021-03-30 19:46:34,415] {dag.py:1818} INFO - Sync 1 DAGs
[2021-03-30 19:46:34,455] {logging_mixin.py:104} INFO - [2021-03-30 19:46:34,454] {dag.py:2273} INFO - Setting next_dagrun for example_bash_operator to 2021-03-28 00:00:00+00:00
[2021-03-30 19:46:34,469] {scheduler_job.py:190} INFO - Processing /Users/harika/Desktop/CSYE_7245/Assignment3/FastAPI/vlab/lib/python3.7/site-packages/airflow/example_dags/example_bash_operator.py took 0.122 seconds
[2021-03-30 19:47:07,168] {scheduler_job.py:182} INFO - Started process (PID=22177) to work on /Users/harika/Desktop/CSYE_7245/Assignment3/FastAPI/vlab/lib/python3.7/site-packages/airflow/example_dags/example_bash_operator.py
[2021-03-30 19:47:07,171] {scheduler_job.py:629} INFO - Processing file /Users/harika/Desktop/CSYE_7245/Assignment3/FastAPI/vlab/lib/python3.7/site-packages/airflow/example_dags/example_bash_operator.py for tasks to queue
[2021-03-30 19:47:07,173] {logging_mixin.py:104} INFO - [2021-03-30 19:47:07,172] {dagbag.py:448} INFO - Filling up the DagBag from /Users/harika/Desktop/CSYE_7245/Assignment3/FastAPI/vlab/lib/python3.7/site-packages/airflow/example_dags/example_bash_operator.py
[2021-03-30 19:47:07,193] {scheduler_job.py:639} INFO - DAG(s) dict_keys(['example_bash_operator']) retrieved from /Users/harika/Desktop/CSYE_7245/Assignment3/FastAPI/vlab/lib/python3.7/site-packages/airflow/example_dags/example_bash_operator.py
[2021-03-30 19:47:07,221] {logging_mixin.py:104} INFO - [2021-03-30 19:47:07,220] {dag.py:1818} INFO - Sync 1 DAGs
[2021-03-30 19:47:07,282] {logging_mixin.py:104} INFO - [2021-03-30 19:47:07,282] {dag.py:2273} INFO - Setting next_dagrun for example_bash_operator to 2021-03-28 00:00:00+00:00
[2021-03-30 19:47:07,303] {scheduler_job.py:190} INFO - Processing /Users/harika/Desktop/CSYE_7245/Assignment3/FastAPI/vlab/lib/python3.7/site-packages/airflow/example_dags/example_bash_operator.py took 0.141 seconds
[2021-03-30 19:47:54,110] {scheduler_job.py:182} INFO - Started process (PID=22221) to work on /Users/harika/Desktop/CSYE_7245/Assignment3/FastAPI/vlab/lib/python3.7/site-packages/airflow/example_dags/example_bash_operator.py
[2021-03-30 19:47:54,113] {scheduler_job.py:629} INFO - Processing file /Users/harika/Desktop/CSYE_7245/Assignment3/FastAPI/vlab/lib/python3.7/site-packages/airflow/example_dags/example_bash_operator.py for tasks to queue
[2021-03-30 19:47:54,116] {logging_mixin.py:104} INFO - [2021-03-30 19:47:54,115] {dagbag.py:448} INFO - Filling up the DagBag from /Users/harika/Desktop/CSYE_7245/Assignment3/FastAPI/vlab/lib/python3.7/site-packages/airflow/example_dags/example_bash_operator.py
[2021-03-30 19:47:54,157] {scheduler_job.py:639} INFO - DAG(s) dict_keys(['example_bash_operator']) retrieved from /Users/harika/Desktop/CSYE_7245/Assignment3/FastAPI/vlab/lib/python3.7/site-packages/airflow/example_dags/example_bash_operator.py
[2021-03-30 19:47:54,194] {logging_mixin.py:104} INFO - [2021-03-30 19:47:54,193] {dag.py:1818} INFO - Sync 1 DAGs
[2021-03-30 19:47:54,332] {logging_mixin.py:104} INFO - [2021-03-30 19:47:54,330] {dag.py:2273} INFO - Setting next_dagrun for example_bash_operator to 2021-03-28 00:00:00+00:00
[2021-03-30 19:47:54,387] {scheduler_job.py:190} INFO - Processing /Users/harika/Desktop/CSYE_7245/Assignment3/FastAPI/vlab/lib/python3.7/site-packages/airflow/example_dags/example_bash_operator.py took 0.289 seconds
[2021-03-30 19:57:42,565] {scheduler_job.py:182} INFO - Started process (PID=22481) to work on /Library/Frameworks/Python.framework/Versions/3.9/lib/python3.9/site-packages/airflow/example_dags/example_bash_operator.py
[2021-03-30 19:57:42,566] {scheduler_job.py:629} INFO - Processing file /Library/Frameworks/Python.framework/Versions/3.9/lib/python3.9/site-packages/airflow/example_dags/example_bash_operator.py for tasks to queue
[2021-03-30 19:57:42,567] {logging_mixin.py:104} INFO - [2021-03-30 19:57:42,567] {dagbag.py:448} INFO - Filling up the DagBag from /Library/Frameworks/Python.framework/Versions/3.9/lib/python3.9/site-packages/airflow/example_dags/example_bash_operator.py
[2021-03-30 19:57:42,580] {scheduler_job.py:639} INFO - DAG(s) dict_keys(['example_bash_operator']) retrieved from /Library/Frameworks/Python.framework/Versions/3.9/lib/python3.9/site-packages/airflow/example_dags/example_bash_operator.py
[2021-03-30 19:57:42,648] {logging_mixin.py:104} INFO - [2021-03-30 19:57:42,648] {dag.py:1818} INFO - Sync 1 DAGs
[2021-03-30 19:57:42,678] {logging_mixin.py:104} INFO - [2021-03-30 19:57:42,678] {dag.py:2273} INFO - Setting next_dagrun for example_bash_operator to 2021-03-28 00:00:00+00:00
[2021-03-30 19:57:42,696] {scheduler_job.py:190} INFO - Processing /Library/Frameworks/Python.framework/Versions/3.9/lib/python3.9/site-packages/airflow/example_dags/example_bash_operator.py took 0.132 seconds
