[2021-03-30 19:08:27,481] {scheduler_job.py:182} INFO - Started process (PID=20501) to work on /Users/harika/Desktop/CSYE_7245/Assignment3/FastAPI/vlab/lib/python3.7/site-packages/airflow/example_dags/example_latest_only_with_trigger.py
[2021-03-30 19:08:27,483] {scheduler_job.py:629} INFO - Processing file /Users/harika/Desktop/CSYE_7245/Assignment3/FastAPI/vlab/lib/python3.7/site-packages/airflow/example_dags/example_latest_only_with_trigger.py for tasks to queue
[2021-03-30 19:08:27,485] {logging_mixin.py:104} INFO - [2021-03-30 19:08:27,484] {dagbag.py:448} INFO - Filling up the DagBag from /Users/harika/Desktop/CSYE_7245/Assignment3/FastAPI/vlab/lib/python3.7/site-packages/airflow/example_dags/example_latest_only_with_trigger.py
[2021-03-30 19:08:27,513] {scheduler_job.py:639} INFO - DAG(s) dict_keys(['latest_only_with_trigger']) retrieved from /Users/harika/Desktop/CSYE_7245/Assignment3/FastAPI/vlab/lib/python3.7/site-packages/airflow/example_dags/example_latest_only_with_trigger.py
[2021-03-30 19:08:27,547] {logging_mixin.py:104} INFO - [2021-03-30 19:08:27,547] {dag.py:1818} INFO - Sync 1 DAGs
[2021-03-30 19:08:27,580] {logging_mixin.py:104} INFO - [2021-03-30 19:08:27,579] {dag.py:2273} INFO - Setting next_dagrun for latest_only_with_trigger to 2021-03-28 00:00:00+00:00
[2021-03-30 19:08:27,609] {scheduler_job.py:190} INFO - Processing /Users/harika/Desktop/CSYE_7245/Assignment3/FastAPI/vlab/lib/python3.7/site-packages/airflow/example_dags/example_latest_only_with_trigger.py took 0.132 seconds
[2021-03-30 19:09:08,142] {scheduler_job.py:182} INFO - Started process (PID=20575) to work on /Users/harika/Desktop/CSYE_7245/Assignment3/FastAPI/vlab/lib/python3.7/site-packages/airflow/example_dags/example_latest_only_with_trigger.py
[2021-03-30 19:09:08,148] {scheduler_job.py:629} INFO - Processing file /Users/harika/Desktop/CSYE_7245/Assignment3/FastAPI/vlab/lib/python3.7/site-packages/airflow/example_dags/example_latest_only_with_trigger.py for tasks to queue
[2021-03-30 19:09:08,150] {logging_mixin.py:104} INFO - [2021-03-30 19:09:08,149] {dagbag.py:448} INFO - Filling up the DagBag from /Users/harika/Desktop/CSYE_7245/Assignment3/FastAPI/vlab/lib/python3.7/site-packages/airflow/example_dags/example_latest_only_with_trigger.py
[2021-03-30 19:09:08,169] {scheduler_job.py:639} INFO - DAG(s) dict_keys(['latest_only_with_trigger']) retrieved from /Users/harika/Desktop/CSYE_7245/Assignment3/FastAPI/vlab/lib/python3.7/site-packages/airflow/example_dags/example_latest_only_with_trigger.py
[2021-03-30 19:09:08,201] {logging_mixin.py:104} INFO - [2021-03-30 19:09:08,200] {dag.py:1818} INFO - Sync 1 DAGs
[2021-03-30 19:09:08,216] {logging_mixin.py:104} INFO - [2021-03-30 19:09:08,216] {dag.py:2273} INFO - Setting next_dagrun for latest_only_with_trigger to 2021-03-28 00:00:00+00:00
[2021-03-30 19:09:08,226] {scheduler_job.py:190} INFO - Processing /Users/harika/Desktop/CSYE_7245/Assignment3/FastAPI/vlab/lib/python3.7/site-packages/airflow/example_dags/example_latest_only_with_trigger.py took 0.098 seconds
[2021-03-30 19:13:22,660] {scheduler_job.py:182} INFO - Started process (PID=20679) to work on /Users/harika/Desktop/CSYE_7245/Assignment3/FastAPI/vlab/lib/python3.7/site-packages/airflow/example_dags/example_latest_only_with_trigger.py
[2021-03-30 19:13:22,664] {scheduler_job.py:629} INFO - Processing file /Users/harika/Desktop/CSYE_7245/Assignment3/FastAPI/vlab/lib/python3.7/site-packages/airflow/example_dags/example_latest_only_with_trigger.py for tasks to queue
[2021-03-30 19:13:22,672] {logging_mixin.py:104} INFO - [2021-03-30 19:13:22,666] {dagbag.py:448} INFO - Filling up the DagBag from /Users/harika/Desktop/CSYE_7245/Assignment3/FastAPI/vlab/lib/python3.7/site-packages/airflow/example_dags/example_latest_only_with_trigger.py
[2021-03-30 19:13:22,731] {scheduler_job.py:639} INFO - DAG(s) dict_keys(['latest_only_with_trigger']) retrieved from /Users/harika/Desktop/CSYE_7245/Assignment3/FastAPI/vlab/lib/python3.7/site-packages/airflow/example_dags/example_latest_only_with_trigger.py
[2021-03-30 19:13:22,789] {logging_mixin.py:104} INFO - [2021-03-30 19:13:22,780] {dag.py:1818} INFO - Sync 1 DAGs
[2021-03-30 19:13:22,963] {logging_mixin.py:104} INFO - [2021-03-30 19:13:22,962] {dag.py:2273} INFO - Setting next_dagrun for latest_only_with_trigger to 2021-03-28 00:00:00+00:00
[2021-03-30 19:13:23,000] {scheduler_job.py:190} INFO - Processing /Users/harika/Desktop/CSYE_7245/Assignment3/FastAPI/vlab/lib/python3.7/site-packages/airflow/example_dags/example_latest_only_with_trigger.py took 0.348 seconds
[2021-03-30 19:16:04,277] {scheduler_job.py:182} INFO - Started process (PID=20752) to work on /Users/harika/Desktop/CSYE_7245/Assignment3/FastAPI/vlab/lib/python3.7/site-packages/airflow/example_dags/example_latest_only_with_trigger.py
[2021-03-30 19:16:04,282] {scheduler_job.py:629} INFO - Processing file /Users/harika/Desktop/CSYE_7245/Assignment3/FastAPI/vlab/lib/python3.7/site-packages/airflow/example_dags/example_latest_only_with_trigger.py for tasks to queue
[2021-03-30 19:16:04,287] {logging_mixin.py:104} INFO - [2021-03-30 19:16:04,284] {dagbag.py:448} INFO - Filling up the DagBag from /Users/harika/Desktop/CSYE_7245/Assignment3/FastAPI/vlab/lib/python3.7/site-packages/airflow/example_dags/example_latest_only_with_trigger.py
[2021-03-30 19:16:04,307] {scheduler_job.py:639} INFO - DAG(s) dict_keys(['latest_only_with_trigger']) retrieved from /Users/harika/Desktop/CSYE_7245/Assignment3/FastAPI/vlab/lib/python3.7/site-packages/airflow/example_dags/example_latest_only_with_trigger.py
[2021-03-30 19:16:04,368] {logging_mixin.py:104} INFO - [2021-03-30 19:16:04,368] {dag.py:1818} INFO - Sync 1 DAGs
[2021-03-30 19:16:04,409] {logging_mixin.py:104} INFO - [2021-03-30 19:16:04,405] {dag.py:2273} INFO - Setting next_dagrun for latest_only_with_trigger to 2021-03-28 00:00:00+00:00
[2021-03-30 19:16:04,454] {scheduler_job.py:190} INFO - Processing /Users/harika/Desktop/CSYE_7245/Assignment3/FastAPI/vlab/lib/python3.7/site-packages/airflow/example_dags/example_latest_only_with_trigger.py took 0.183 seconds
[2021-03-30 19:16:43,155] {scheduler_job.py:182} INFO - Started process (PID=20797) to work on /Users/harika/Desktop/CSYE_7245/Assignment3/FastAPI/vlab/lib/python3.7/site-packages/airflow/example_dags/example_latest_only_with_trigger.py
[2021-03-30 19:16:43,165] {scheduler_job.py:629} INFO - Processing file /Users/harika/Desktop/CSYE_7245/Assignment3/FastAPI/vlab/lib/python3.7/site-packages/airflow/example_dags/example_latest_only_with_trigger.py for tasks to queue
[2021-03-30 19:16:43,169] {logging_mixin.py:104} INFO - [2021-03-30 19:16:43,168] {dagbag.py:448} INFO - Filling up the DagBag from /Users/harika/Desktop/CSYE_7245/Assignment3/FastAPI/vlab/lib/python3.7/site-packages/airflow/example_dags/example_latest_only_with_trigger.py
[2021-03-30 19:16:43,186] {scheduler_job.py:639} INFO - DAG(s) dict_keys(['latest_only_with_trigger']) retrieved from /Users/harika/Desktop/CSYE_7245/Assignment3/FastAPI/vlab/lib/python3.7/site-packages/airflow/example_dags/example_latest_only_with_trigger.py
[2021-03-30 19:16:43,217] {logging_mixin.py:104} INFO - [2021-03-30 19:16:43,216] {dag.py:1818} INFO - Sync 1 DAGs
[2021-03-30 19:16:43,244] {logging_mixin.py:104} INFO - [2021-03-30 19:16:43,243] {dag.py:2273} INFO - Setting next_dagrun for latest_only_with_trigger to 2021-03-28 00:00:00+00:00
[2021-03-30 19:16:43,256] {scheduler_job.py:190} INFO - Processing /Users/harika/Desktop/CSYE_7245/Assignment3/FastAPI/vlab/lib/python3.7/site-packages/airflow/example_dags/example_latest_only_with_trigger.py took 0.112 seconds
[2021-03-30 19:17:20,275] {scheduler_job.py:182} INFO - Started process (PID=20836) to work on /Users/harika/Desktop/CSYE_7245/Assignment3/FastAPI/vlab/lib/python3.7/site-packages/airflow/example_dags/example_latest_only_with_trigger.py
[2021-03-30 19:17:20,279] {scheduler_job.py:629} INFO - Processing file /Users/harika/Desktop/CSYE_7245/Assignment3/FastAPI/vlab/lib/python3.7/site-packages/airflow/example_dags/example_latest_only_with_trigger.py for tasks to queue
[2021-03-30 19:17:20,282] {logging_mixin.py:104} INFO - [2021-03-30 19:17:20,281] {dagbag.py:448} INFO - Filling up the DagBag from /Users/harika/Desktop/CSYE_7245/Assignment3/FastAPI/vlab/lib/python3.7/site-packages/airflow/example_dags/example_latest_only_with_trigger.py
[2021-03-30 19:17:20,305] {scheduler_job.py:639} INFO - DAG(s) dict_keys(['latest_only_with_trigger']) retrieved from /Users/harika/Desktop/CSYE_7245/Assignment3/FastAPI/vlab/lib/python3.7/site-packages/airflow/example_dags/example_latest_only_with_trigger.py
[2021-03-30 19:17:20,346] {logging_mixin.py:104} INFO - [2021-03-30 19:17:20,345] {dag.py:1818} INFO - Sync 1 DAGs
[2021-03-30 19:17:20,374] {logging_mixin.py:104} INFO - [2021-03-30 19:17:20,371] {dag.py:2273} INFO - Setting next_dagrun for latest_only_with_trigger to 2021-03-28 00:00:00+00:00
[2021-03-30 19:17:20,395] {scheduler_job.py:190} INFO - Processing /Users/harika/Desktop/CSYE_7245/Assignment3/FastAPI/vlab/lib/python3.7/site-packages/airflow/example_dags/example_latest_only_with_trigger.py took 0.131 seconds
[2021-03-30 19:17:56,166] {scheduler_job.py:182} INFO - Started process (PID=20868) to work on /Users/harika/Desktop/CSYE_7245/Assignment3/FastAPI/vlab/lib/python3.7/site-packages/airflow/example_dags/example_latest_only_with_trigger.py
[2021-03-30 19:17:56,172] {scheduler_job.py:629} INFO - Processing file /Users/harika/Desktop/CSYE_7245/Assignment3/FastAPI/vlab/lib/python3.7/site-packages/airflow/example_dags/example_latest_only_with_trigger.py for tasks to queue
[2021-03-30 19:17:56,174] {logging_mixin.py:104} INFO - [2021-03-30 19:17:56,173] {dagbag.py:448} INFO - Filling up the DagBag from /Users/harika/Desktop/CSYE_7245/Assignment3/FastAPI/vlab/lib/python3.7/site-packages/airflow/example_dags/example_latest_only_with_trigger.py
[2021-03-30 19:17:56,185] {scheduler_job.py:639} INFO - DAG(s) dict_keys(['latest_only_with_trigger']) retrieved from /Users/harika/Desktop/CSYE_7245/Assignment3/FastAPI/vlab/lib/python3.7/site-packages/airflow/example_dags/example_latest_only_with_trigger.py
[2021-03-30 19:17:56,232] {logging_mixin.py:104} INFO - [2021-03-30 19:17:56,230] {dag.py:1818} INFO - Sync 1 DAGs
[2021-03-30 19:17:56,260] {logging_mixin.py:104} INFO - [2021-03-30 19:17:56,259] {dag.py:2273} INFO - Setting next_dagrun for latest_only_with_trigger to 2021-03-28 00:00:00+00:00
[2021-03-30 19:17:56,292] {scheduler_job.py:190} INFO - Processing /Users/harika/Desktop/CSYE_7245/Assignment3/FastAPI/vlab/lib/python3.7/site-packages/airflow/example_dags/example_latest_only_with_trigger.py took 0.136 seconds
[2021-03-30 19:18:34,822] {scheduler_job.py:182} INFO - Started process (PID=20902) to work on /Users/harika/Desktop/CSYE_7245/Assignment3/FastAPI/vlab/lib/python3.7/site-packages/airflow/example_dags/example_latest_only_with_trigger.py
[2021-03-30 19:18:34,824] {scheduler_job.py:629} INFO - Processing file /Users/harika/Desktop/CSYE_7245/Assignment3/FastAPI/vlab/lib/python3.7/site-packages/airflow/example_dags/example_latest_only_with_trigger.py for tasks to queue
[2021-03-30 19:18:34,826] {logging_mixin.py:104} INFO - [2021-03-30 19:18:34,825] {dagbag.py:448} INFO - Filling up the DagBag from /Users/harika/Desktop/CSYE_7245/Assignment3/FastAPI/vlab/lib/python3.7/site-packages/airflow/example_dags/example_latest_only_with_trigger.py
[2021-03-30 19:18:34,836] {scheduler_job.py:639} INFO - DAG(s) dict_keys(['latest_only_with_trigger']) retrieved from /Users/harika/Desktop/CSYE_7245/Assignment3/FastAPI/vlab/lib/python3.7/site-packages/airflow/example_dags/example_latest_only_with_trigger.py
[2021-03-30 19:18:34,870] {logging_mixin.py:104} INFO - [2021-03-30 19:18:34,869] {dag.py:1818} INFO - Sync 1 DAGs
[2021-03-30 19:18:34,885] {logging_mixin.py:104} INFO - [2021-03-30 19:18:34,885] {dag.py:2273} INFO - Setting next_dagrun for latest_only_with_trigger to 2021-03-28 00:00:00+00:00
[2021-03-30 19:18:34,899] {scheduler_job.py:190} INFO - Processing /Users/harika/Desktop/CSYE_7245/Assignment3/FastAPI/vlab/lib/python3.7/site-packages/airflow/example_dags/example_latest_only_with_trigger.py took 0.082 seconds
[2021-03-30 19:21:20,984] {scheduler_job.py:182} INFO - Started process (PID=20959) to work on /Users/harika/Desktop/CSYE_7245/Assignment3/FastAPI/vlab/lib/python3.7/site-packages/airflow/example_dags/example_latest_only_with_trigger.py
[2021-03-30 19:21:20,991] {scheduler_job.py:629} INFO - Processing file /Users/harika/Desktop/CSYE_7245/Assignment3/FastAPI/vlab/lib/python3.7/site-packages/airflow/example_dags/example_latest_only_with_trigger.py for tasks to queue
[2021-03-30 19:21:20,998] {logging_mixin.py:104} INFO - [2021-03-30 19:21:20,996] {dagbag.py:448} INFO - Filling up the DagBag from /Users/harika/Desktop/CSYE_7245/Assignment3/FastAPI/vlab/lib/python3.7/site-packages/airflow/example_dags/example_latest_only_with_trigger.py
[2021-03-30 19:21:21,029] {scheduler_job.py:639} INFO - DAG(s) dict_keys(['latest_only_with_trigger']) retrieved from /Users/harika/Desktop/CSYE_7245/Assignment3/FastAPI/vlab/lib/python3.7/site-packages/airflow/example_dags/example_latest_only_with_trigger.py
[2021-03-30 19:21:21,072] {logging_mixin.py:104} INFO - [2021-03-30 19:21:21,071] {dag.py:1818} INFO - Sync 1 DAGs
[2021-03-30 19:21:21,146] {logging_mixin.py:104} INFO - [2021-03-30 19:21:21,144] {dag.py:2273} INFO - Setting next_dagrun for latest_only_with_trigger to 2021-03-28 00:00:00+00:00
[2021-03-30 19:21:21,187] {scheduler_job.py:190} INFO - Processing /Users/harika/Desktop/CSYE_7245/Assignment3/FastAPI/vlab/lib/python3.7/site-packages/airflow/example_dags/example_latest_only_with_trigger.py took 0.217 seconds
[2021-03-30 19:22:07,152] {scheduler_job.py:182} INFO - Started process (PID=21009) to work on /Users/harika/Desktop/CSYE_7245/Assignment3/FastAPI/vlab/lib/python3.7/site-packages/airflow/example_dags/example_latest_only_with_trigger.py
[2021-03-30 19:22:07,156] {scheduler_job.py:629} INFO - Processing file /Users/harika/Desktop/CSYE_7245/Assignment3/FastAPI/vlab/lib/python3.7/site-packages/airflow/example_dags/example_latest_only_with_trigger.py for tasks to queue
[2021-03-30 19:22:07,158] {logging_mixin.py:104} INFO - [2021-03-30 19:22:07,157] {dagbag.py:448} INFO - Filling up the DagBag from /Users/harika/Desktop/CSYE_7245/Assignment3/FastAPI/vlab/lib/python3.7/site-packages/airflow/example_dags/example_latest_only_with_trigger.py
[2021-03-30 19:22:07,193] {scheduler_job.py:639} INFO - DAG(s) dict_keys(['latest_only_with_trigger']) retrieved from /Users/harika/Desktop/CSYE_7245/Assignment3/FastAPI/vlab/lib/python3.7/site-packages/airflow/example_dags/example_latest_only_with_trigger.py
[2021-03-30 19:22:07,233] {logging_mixin.py:104} INFO - [2021-03-30 19:22:07,233] {dag.py:1818} INFO - Sync 1 DAGs
[2021-03-30 19:22:07,272] {logging_mixin.py:104} INFO - [2021-03-30 19:22:07,270] {dag.py:2273} INFO - Setting next_dagrun for latest_only_with_trigger to 2021-03-28 00:00:00+00:00
[2021-03-30 19:22:07,330] {scheduler_job.py:190} INFO - Processing /Users/harika/Desktop/CSYE_7245/Assignment3/FastAPI/vlab/lib/python3.7/site-packages/airflow/example_dags/example_latest_only_with_trigger.py took 0.188 seconds
[2021-03-30 19:22:55,205] {scheduler_job.py:182} INFO - Started process (PID=21046) to work on /Users/harika/Desktop/CSYE_7245/Assignment3/FastAPI/vlab/lib/python3.7/site-packages/airflow/example_dags/example_latest_only_with_trigger.py
[2021-03-30 19:22:55,209] {scheduler_job.py:629} INFO - Processing file /Users/harika/Desktop/CSYE_7245/Assignment3/FastAPI/vlab/lib/python3.7/site-packages/airflow/example_dags/example_latest_only_with_trigger.py for tasks to queue
[2021-03-30 19:22:55,213] {logging_mixin.py:104} INFO - [2021-03-30 19:22:55,212] {dagbag.py:448} INFO - Filling up the DagBag from /Users/harika/Desktop/CSYE_7245/Assignment3/FastAPI/vlab/lib/python3.7/site-packages/airflow/example_dags/example_latest_only_with_trigger.py
[2021-03-30 19:22:55,252] {scheduler_job.py:639} INFO - DAG(s) dict_keys(['latest_only_with_trigger']) retrieved from /Users/harika/Desktop/CSYE_7245/Assignment3/FastAPI/vlab/lib/python3.7/site-packages/airflow/example_dags/example_latest_only_with_trigger.py
[2021-03-30 19:22:55,300] {logging_mixin.py:104} INFO - [2021-03-30 19:22:55,299] {dag.py:1818} INFO - Sync 1 DAGs
[2021-03-30 19:22:55,494] {logging_mixin.py:104} INFO - [2021-03-30 19:22:55,493] {dag.py:2273} INFO - Setting next_dagrun for latest_only_with_trigger to 2021-03-28 00:00:00+00:00
[2021-03-30 19:22:55,524] {scheduler_job.py:190} INFO - Processing /Users/harika/Desktop/CSYE_7245/Assignment3/FastAPI/vlab/lib/python3.7/site-packages/airflow/example_dags/example_latest_only_with_trigger.py took 0.327 seconds
[2021-03-30 19:23:38,937] {scheduler_job.py:182} INFO - Started process (PID=21086) to work on /Users/harika/Desktop/CSYE_7245/Assignment3/FastAPI/vlab/lib/python3.7/site-packages/airflow/example_dags/example_latest_only_with_trigger.py
[2021-03-30 19:23:38,943] {scheduler_job.py:629} INFO - Processing file /Users/harika/Desktop/CSYE_7245/Assignment3/FastAPI/vlab/lib/python3.7/site-packages/airflow/example_dags/example_latest_only_with_trigger.py for tasks to queue
[2021-03-30 19:23:38,947] {logging_mixin.py:104} INFO - [2021-03-30 19:23:38,947] {dagbag.py:448} INFO - Filling up the DagBag from /Users/harika/Desktop/CSYE_7245/Assignment3/FastAPI/vlab/lib/python3.7/site-packages/airflow/example_dags/example_latest_only_with_trigger.py
[2021-03-30 19:23:38,978] {scheduler_job.py:639} INFO - DAG(s) dict_keys(['latest_only_with_trigger']) retrieved from /Users/harika/Desktop/CSYE_7245/Assignment3/FastAPI/vlab/lib/python3.7/site-packages/airflow/example_dags/example_latest_only_with_trigger.py
[2021-03-30 19:23:39,012] {logging_mixin.py:104} INFO - [2021-03-30 19:23:39,011] {dag.py:1818} INFO - Sync 1 DAGs
[2021-03-30 19:23:39,048] {logging_mixin.py:104} INFO - [2021-03-30 19:23:39,047] {dag.py:2273} INFO - Setting next_dagrun for latest_only_with_trigger to 2021-03-28 00:00:00+00:00
[2021-03-30 19:23:39,070] {scheduler_job.py:190} INFO - Processing /Users/harika/Desktop/CSYE_7245/Assignment3/FastAPI/vlab/lib/python3.7/site-packages/airflow/example_dags/example_latest_only_with_trigger.py took 0.139 seconds
[2021-03-30 19:24:17,239] {scheduler_job.py:182} INFO - Started process (PID=21125) to work on /Users/harika/Desktop/CSYE_7245/Assignment3/FastAPI/vlab/lib/python3.7/site-packages/airflow/example_dags/example_latest_only_with_trigger.py
[2021-03-30 19:24:17,248] {scheduler_job.py:629} INFO - Processing file /Users/harika/Desktop/CSYE_7245/Assignment3/FastAPI/vlab/lib/python3.7/site-packages/airflow/example_dags/example_latest_only_with_trigger.py for tasks to queue
[2021-03-30 19:24:17,250] {logging_mixin.py:104} INFO - [2021-03-30 19:24:17,249] {dagbag.py:448} INFO - Filling up the DagBag from /Users/harika/Desktop/CSYE_7245/Assignment3/FastAPI/vlab/lib/python3.7/site-packages/airflow/example_dags/example_latest_only_with_trigger.py
[2021-03-30 19:24:17,279] {scheduler_job.py:639} INFO - DAG(s) dict_keys(['latest_only_with_trigger']) retrieved from /Users/harika/Desktop/CSYE_7245/Assignment3/FastAPI/vlab/lib/python3.7/site-packages/airflow/example_dags/example_latest_only_with_trigger.py
[2021-03-30 19:24:17,316] {logging_mixin.py:104} INFO - [2021-03-30 19:24:17,315] {dag.py:1818} INFO - Sync 1 DAGs
[2021-03-30 19:24:17,337] {logging_mixin.py:104} INFO - [2021-03-30 19:24:17,337] {dag.py:2273} INFO - Setting next_dagrun for latest_only_with_trigger to 2021-03-28 00:00:00+00:00
[2021-03-30 19:24:17,348] {scheduler_job.py:190} INFO - Processing /Users/harika/Desktop/CSYE_7245/Assignment3/FastAPI/vlab/lib/python3.7/site-packages/airflow/example_dags/example_latest_only_with_trigger.py took 0.117 seconds
[2021-03-30 19:24:53,833] {scheduler_job.py:182} INFO - Started process (PID=21164) to work on /Users/harika/Desktop/CSYE_7245/Assignment3/FastAPI/vlab/lib/python3.7/site-packages/airflow/example_dags/example_latest_only_with_trigger.py
[2021-03-30 19:24:53,837] {scheduler_job.py:629} INFO - Processing file /Users/harika/Desktop/CSYE_7245/Assignment3/FastAPI/vlab/lib/python3.7/site-packages/airflow/example_dags/example_latest_only_with_trigger.py for tasks to queue
[2021-03-30 19:24:53,839] {logging_mixin.py:104} INFO - [2021-03-30 19:24:53,839] {dagbag.py:448} INFO - Filling up the DagBag from /Users/harika/Desktop/CSYE_7245/Assignment3/FastAPI/vlab/lib/python3.7/site-packages/airflow/example_dags/example_latest_only_with_trigger.py
[2021-03-30 19:24:53,878] {scheduler_job.py:639} INFO - DAG(s) dict_keys(['latest_only_with_trigger']) retrieved from /Users/harika/Desktop/CSYE_7245/Assignment3/FastAPI/vlab/lib/python3.7/site-packages/airflow/example_dags/example_latest_only_with_trigger.py
[2021-03-30 19:24:53,923] {logging_mixin.py:104} INFO - [2021-03-30 19:24:53,922] {dag.py:1818} INFO - Sync 1 DAGs
[2021-03-30 19:24:54,137] {logging_mixin.py:104} INFO - [2021-03-30 19:24:54,136] {dag.py:2273} INFO - Setting next_dagrun for latest_only_with_trigger to 2021-03-28 00:00:00+00:00
[2021-03-30 19:24:54,226] {scheduler_job.py:190} INFO - Processing /Users/harika/Desktop/CSYE_7245/Assignment3/FastAPI/vlab/lib/python3.7/site-packages/airflow/example_dags/example_latest_only_with_trigger.py took 0.418 seconds
[2021-03-30 19:25:34,277] {scheduler_job.py:182} INFO - Started process (PID=21202) to work on /Users/harika/Desktop/CSYE_7245/Assignment3/FastAPI/vlab/lib/python3.7/site-packages/airflow/example_dags/example_latest_only_with_trigger.py
[2021-03-30 19:25:34,284] {scheduler_job.py:629} INFO - Processing file /Users/harika/Desktop/CSYE_7245/Assignment3/FastAPI/vlab/lib/python3.7/site-packages/airflow/example_dags/example_latest_only_with_trigger.py for tasks to queue
[2021-03-30 19:25:34,287] {logging_mixin.py:104} INFO - [2021-03-30 19:25:34,285] {dagbag.py:448} INFO - Filling up the DagBag from /Users/harika/Desktop/CSYE_7245/Assignment3/FastAPI/vlab/lib/python3.7/site-packages/airflow/example_dags/example_latest_only_with_trigger.py
[2021-03-30 19:25:34,311] {scheduler_job.py:639} INFO - DAG(s) dict_keys(['latest_only_with_trigger']) retrieved from /Users/harika/Desktop/CSYE_7245/Assignment3/FastAPI/vlab/lib/python3.7/site-packages/airflow/example_dags/example_latest_only_with_trigger.py
[2021-03-30 19:25:34,345] {logging_mixin.py:104} INFO - [2021-03-30 19:25:34,344] {dag.py:1818} INFO - Sync 1 DAGs
[2021-03-30 19:25:34,375] {logging_mixin.py:104} INFO - [2021-03-30 19:25:34,374] {dag.py:2273} INFO - Setting next_dagrun for latest_only_with_trigger to 2021-03-28 00:00:00+00:00
[2021-03-30 19:25:34,399] {scheduler_job.py:190} INFO - Processing /Users/harika/Desktop/CSYE_7245/Assignment3/FastAPI/vlab/lib/python3.7/site-packages/airflow/example_dags/example_latest_only_with_trigger.py took 0.126 seconds
[2021-03-30 19:26:15,445] {scheduler_job.py:182} INFO - Started process (PID=21244) to work on /Users/harika/Desktop/CSYE_7245/Assignment3/FastAPI/vlab/lib/python3.7/site-packages/airflow/example_dags/example_latest_only_with_trigger.py
[2021-03-30 19:26:15,448] {scheduler_job.py:629} INFO - Processing file /Users/harika/Desktop/CSYE_7245/Assignment3/FastAPI/vlab/lib/python3.7/site-packages/airflow/example_dags/example_latest_only_with_trigger.py for tasks to queue
[2021-03-30 19:26:15,450] {logging_mixin.py:104} INFO - [2021-03-30 19:26:15,449] {dagbag.py:448} INFO - Filling up the DagBag from /Users/harika/Desktop/CSYE_7245/Assignment3/FastAPI/vlab/lib/python3.7/site-packages/airflow/example_dags/example_latest_only_with_trigger.py
[2021-03-30 19:26:15,476] {scheduler_job.py:639} INFO - DAG(s) dict_keys(['latest_only_with_trigger']) retrieved from /Users/harika/Desktop/CSYE_7245/Assignment3/FastAPI/vlab/lib/python3.7/site-packages/airflow/example_dags/example_latest_only_with_trigger.py
[2021-03-30 19:26:15,501] {logging_mixin.py:104} INFO - [2021-03-30 19:26:15,501] {dag.py:1818} INFO - Sync 1 DAGs
[2021-03-30 19:26:15,517] {logging_mixin.py:104} INFO - [2021-03-30 19:26:15,516] {dag.py:2273} INFO - Setting next_dagrun for latest_only_with_trigger to 2021-03-28 00:00:00+00:00
[2021-03-30 19:26:15,528] {scheduler_job.py:190} INFO - Processing /Users/harika/Desktop/CSYE_7245/Assignment3/FastAPI/vlab/lib/python3.7/site-packages/airflow/example_dags/example_latest_only_with_trigger.py took 0.088 seconds
[2021-03-30 19:26:57,274] {scheduler_job.py:182} INFO - Started process (PID=21293) to work on /Users/harika/Desktop/CSYE_7245/Assignment3/FastAPI/vlab/lib/python3.7/site-packages/airflow/example_dags/example_latest_only_with_trigger.py
[2021-03-30 19:26:57,279] {scheduler_job.py:629} INFO - Processing file /Users/harika/Desktop/CSYE_7245/Assignment3/FastAPI/vlab/lib/python3.7/site-packages/airflow/example_dags/example_latest_only_with_trigger.py for tasks to queue
[2021-03-30 19:26:57,282] {logging_mixin.py:104} INFO - [2021-03-30 19:26:57,281] {dagbag.py:448} INFO - Filling up the DagBag from /Users/harika/Desktop/CSYE_7245/Assignment3/FastAPI/vlab/lib/python3.7/site-packages/airflow/example_dags/example_latest_only_with_trigger.py
[2021-03-30 19:26:57,327] {scheduler_job.py:639} INFO - DAG(s) dict_keys(['latest_only_with_trigger']) retrieved from /Users/harika/Desktop/CSYE_7245/Assignment3/FastAPI/vlab/lib/python3.7/site-packages/airflow/example_dags/example_latest_only_with_trigger.py
[2021-03-30 19:26:57,375] {logging_mixin.py:104} INFO - [2021-03-30 19:26:57,373] {dag.py:1818} INFO - Sync 1 DAGs
[2021-03-30 19:26:57,417] {logging_mixin.py:104} INFO - [2021-03-30 19:26:57,415] {dag.py:2273} INFO - Setting next_dagrun for latest_only_with_trigger to 2021-03-28 00:00:00+00:00
[2021-03-30 19:26:57,444] {scheduler_job.py:190} INFO - Processing /Users/harika/Desktop/CSYE_7245/Assignment3/FastAPI/vlab/lib/python3.7/site-packages/airflow/example_dags/example_latest_only_with_trigger.py took 0.176 seconds
[2021-03-30 19:33:04,181] {scheduler_job.py:182} INFO - Started process (PID=21429) to work on /Users/harika/Desktop/CSYE_7245/Assignment3/FastAPI/vlab/lib/python3.7/site-packages/airflow/example_dags/example_latest_only_with_trigger.py
[2021-03-30 19:33:04,186] {scheduler_job.py:629} INFO - Processing file /Users/harika/Desktop/CSYE_7245/Assignment3/FastAPI/vlab/lib/python3.7/site-packages/airflow/example_dags/example_latest_only_with_trigger.py for tasks to queue
[2021-03-30 19:33:04,189] {logging_mixin.py:104} INFO - [2021-03-30 19:33:04,187] {dagbag.py:448} INFO - Filling up the DagBag from /Users/harika/Desktop/CSYE_7245/Assignment3/FastAPI/vlab/lib/python3.7/site-packages/airflow/example_dags/example_latest_only_with_trigger.py
[2021-03-30 19:33:04,238] {scheduler_job.py:639} INFO - DAG(s) dict_keys(['latest_only_with_trigger']) retrieved from /Users/harika/Desktop/CSYE_7245/Assignment3/FastAPI/vlab/lib/python3.7/site-packages/airflow/example_dags/example_latest_only_with_trigger.py
[2021-03-30 19:33:04,334] {logging_mixin.py:104} INFO - [2021-03-30 19:33:04,333] {dag.py:1818} INFO - Sync 1 DAGs
[2021-03-30 19:33:04,382] {logging_mixin.py:104} INFO - [2021-03-30 19:33:04,380] {dag.py:2273} INFO - Setting next_dagrun for latest_only_with_trigger to 2021-03-28 00:00:00+00:00
[2021-03-30 19:33:04,448] {scheduler_job.py:190} INFO - Processing /Users/harika/Desktop/CSYE_7245/Assignment3/FastAPI/vlab/lib/python3.7/site-packages/airflow/example_dags/example_latest_only_with_trigger.py took 0.275 seconds
[2021-03-30 19:33:40,530] {scheduler_job.py:182} INFO - Started process (PID=21478) to work on /Users/harika/Desktop/CSYE_7245/Assignment3/FastAPI/vlab/lib/python3.7/site-packages/airflow/example_dags/example_latest_only_with_trigger.py
[2021-03-30 19:33:40,533] {scheduler_job.py:629} INFO - Processing file /Users/harika/Desktop/CSYE_7245/Assignment3/FastAPI/vlab/lib/python3.7/site-packages/airflow/example_dags/example_latest_only_with_trigger.py for tasks to queue
[2021-03-30 19:33:40,540] {logging_mixin.py:104} INFO - [2021-03-30 19:33:40,539] {dagbag.py:448} INFO - Filling up the DagBag from /Users/harika/Desktop/CSYE_7245/Assignment3/FastAPI/vlab/lib/python3.7/site-packages/airflow/example_dags/example_latest_only_with_trigger.py
[2021-03-30 19:33:40,566] {scheduler_job.py:639} INFO - DAG(s) dict_keys(['latest_only_with_trigger']) retrieved from /Users/harika/Desktop/CSYE_7245/Assignment3/FastAPI/vlab/lib/python3.7/site-packages/airflow/example_dags/example_latest_only_with_trigger.py
[2021-03-30 19:33:40,601] {logging_mixin.py:104} INFO - [2021-03-30 19:33:40,600] {dag.py:1818} INFO - Sync 1 DAGs
[2021-03-30 19:33:40,623] {logging_mixin.py:104} INFO - [2021-03-30 19:33:40,622] {dag.py:2273} INFO - Setting next_dagrun for latest_only_with_trigger to 2021-03-28 00:00:00+00:00
[2021-03-30 19:33:40,636] {scheduler_job.py:190} INFO - Processing /Users/harika/Desktop/CSYE_7245/Assignment3/FastAPI/vlab/lib/python3.7/site-packages/airflow/example_dags/example_latest_only_with_trigger.py took 0.113 seconds
[2021-03-30 19:34:14,752] {scheduler_job.py:182} INFO - Started process (PID=21511) to work on /Users/harika/Desktop/CSYE_7245/Assignment3/FastAPI/vlab/lib/python3.7/site-packages/airflow/example_dags/example_latest_only_with_trigger.py
[2021-03-30 19:34:14,755] {scheduler_job.py:629} INFO - Processing file /Users/harika/Desktop/CSYE_7245/Assignment3/FastAPI/vlab/lib/python3.7/site-packages/airflow/example_dags/example_latest_only_with_trigger.py for tasks to queue
[2021-03-30 19:34:14,758] {logging_mixin.py:104} INFO - [2021-03-30 19:34:14,757] {dagbag.py:448} INFO - Filling up the DagBag from /Users/harika/Desktop/CSYE_7245/Assignment3/FastAPI/vlab/lib/python3.7/site-packages/airflow/example_dags/example_latest_only_with_trigger.py
[2021-03-30 19:34:14,792] {scheduler_job.py:639} INFO - DAG(s) dict_keys(['latest_only_with_trigger']) retrieved from /Users/harika/Desktop/CSYE_7245/Assignment3/FastAPI/vlab/lib/python3.7/site-packages/airflow/example_dags/example_latest_only_with_trigger.py
[2021-03-30 19:34:14,827] {logging_mixin.py:104} INFO - [2021-03-30 19:34:14,827] {dag.py:1818} INFO - Sync 1 DAGs
[2021-03-30 19:34:14,872] {logging_mixin.py:104} INFO - [2021-03-30 19:34:14,872] {dag.py:2273} INFO - Setting next_dagrun for latest_only_with_trigger to 2021-03-28 00:00:00+00:00
[2021-03-30 19:34:14,895] {scheduler_job.py:190} INFO - Processing /Users/harika/Desktop/CSYE_7245/Assignment3/FastAPI/vlab/lib/python3.7/site-packages/airflow/example_dags/example_latest_only_with_trigger.py took 0.150 seconds
[2021-03-30 19:34:59,847] {scheduler_job.py:182} INFO - Started process (PID=21570) to work on /Users/harika/Desktop/CSYE_7245/Assignment3/FastAPI/vlab/lib/python3.7/site-packages/airflow/example_dags/example_latest_only_with_trigger.py
[2021-03-30 19:34:59,867] {scheduler_job.py:629} INFO - Processing file /Users/harika/Desktop/CSYE_7245/Assignment3/FastAPI/vlab/lib/python3.7/site-packages/airflow/example_dags/example_latest_only_with_trigger.py for tasks to queue
[2021-03-30 19:34:59,875] {logging_mixin.py:104} INFO - [2021-03-30 19:34:59,874] {dagbag.py:448} INFO - Filling up the DagBag from /Users/harika/Desktop/CSYE_7245/Assignment3/FastAPI/vlab/lib/python3.7/site-packages/airflow/example_dags/example_latest_only_with_trigger.py
[2021-03-30 19:34:59,920] {scheduler_job.py:639} INFO - DAG(s) dict_keys(['latest_only_with_trigger']) retrieved from /Users/harika/Desktop/CSYE_7245/Assignment3/FastAPI/vlab/lib/python3.7/site-packages/airflow/example_dags/example_latest_only_with_trigger.py
[2021-03-30 19:35:00,066] {logging_mixin.py:104} INFO - [2021-03-30 19:35:00,045] {dag.py:1818} INFO - Sync 1 DAGs
[2021-03-30 19:35:00,203] {logging_mixin.py:104} INFO - [2021-03-30 19:35:00,198] {dag.py:2273} INFO - Setting next_dagrun for latest_only_with_trigger to 2021-03-28 00:00:00+00:00
[2021-03-30 19:35:00,234] {scheduler_job.py:190} INFO - Processing /Users/harika/Desktop/CSYE_7245/Assignment3/FastAPI/vlab/lib/python3.7/site-packages/airflow/example_dags/example_latest_only_with_trigger.py took 0.402 seconds
[2021-03-30 19:35:39,624] {scheduler_job.py:182} INFO - Started process (PID=21615) to work on /Users/harika/Desktop/CSYE_7245/Assignment3/FastAPI/vlab/lib/python3.7/site-packages/airflow/example_dags/example_latest_only_with_trigger.py
[2021-03-30 19:35:39,626] {scheduler_job.py:629} INFO - Processing file /Users/harika/Desktop/CSYE_7245/Assignment3/FastAPI/vlab/lib/python3.7/site-packages/airflow/example_dags/example_latest_only_with_trigger.py for tasks to queue
[2021-03-30 19:35:39,628] {logging_mixin.py:104} INFO - [2021-03-30 19:35:39,628] {dagbag.py:448} INFO - Filling up the DagBag from /Users/harika/Desktop/CSYE_7245/Assignment3/FastAPI/vlab/lib/python3.7/site-packages/airflow/example_dags/example_latest_only_with_trigger.py
[2021-03-30 19:35:39,665] {scheduler_job.py:639} INFO - DAG(s) dict_keys(['latest_only_with_trigger']) retrieved from /Users/harika/Desktop/CSYE_7245/Assignment3/FastAPI/vlab/lib/python3.7/site-packages/airflow/example_dags/example_latest_only_with_trigger.py
[2021-03-30 19:35:39,705] {logging_mixin.py:104} INFO - [2021-03-30 19:35:39,704] {dag.py:1818} INFO - Sync 1 DAGs
[2021-03-30 19:35:39,754] {logging_mixin.py:104} INFO - [2021-03-30 19:35:39,754] {dag.py:2273} INFO - Setting next_dagrun for latest_only_with_trigger to 2021-03-28 00:00:00+00:00
[2021-03-30 19:35:39,787] {scheduler_job.py:190} INFO - Processing /Users/harika/Desktop/CSYE_7245/Assignment3/FastAPI/vlab/lib/python3.7/site-packages/airflow/example_dags/example_latest_only_with_trigger.py took 0.172 seconds
[2021-03-30 19:36:20,276] {scheduler_job.py:182} INFO - Started process (PID=21666) to work on /Users/harika/Desktop/CSYE_7245/Assignment3/FastAPI/vlab/lib/python3.7/site-packages/airflow/example_dags/example_latest_only_with_trigger.py
[2021-03-30 19:36:20,282] {scheduler_job.py:629} INFO - Processing file /Users/harika/Desktop/CSYE_7245/Assignment3/FastAPI/vlab/lib/python3.7/site-packages/airflow/example_dags/example_latest_only_with_trigger.py for tasks to queue
[2021-03-30 19:36:20,285] {logging_mixin.py:104} INFO - [2021-03-30 19:36:20,284] {dagbag.py:448} INFO - Filling up the DagBag from /Users/harika/Desktop/CSYE_7245/Assignment3/FastAPI/vlab/lib/python3.7/site-packages/airflow/example_dags/example_latest_only_with_trigger.py
[2021-03-30 19:36:20,322] {scheduler_job.py:639} INFO - DAG(s) dict_keys(['latest_only_with_trigger']) retrieved from /Users/harika/Desktop/CSYE_7245/Assignment3/FastAPI/vlab/lib/python3.7/site-packages/airflow/example_dags/example_latest_only_with_trigger.py
[2021-03-30 19:36:20,369] {logging_mixin.py:104} INFO - [2021-03-30 19:36:20,368] {dag.py:1818} INFO - Sync 1 DAGs
[2021-03-30 19:36:20,429] {logging_mixin.py:104} INFO - [2021-03-30 19:36:20,428] {dag.py:2273} INFO - Setting next_dagrun for latest_only_with_trigger to 2021-03-28 00:00:00+00:00
[2021-03-30 19:36:20,495] {scheduler_job.py:190} INFO - Processing /Users/harika/Desktop/CSYE_7245/Assignment3/FastAPI/vlab/lib/python3.7/site-packages/airflow/example_dags/example_latest_only_with_trigger.py took 0.227 seconds
[2021-03-30 19:36:59,665] {scheduler_job.py:182} INFO - Started process (PID=21720) to work on /Users/harika/Desktop/CSYE_7245/Assignment3/FastAPI/vlab/lib/python3.7/site-packages/airflow/example_dags/example_latest_only_with_trigger.py
[2021-03-30 19:36:59,668] {scheduler_job.py:629} INFO - Processing file /Users/harika/Desktop/CSYE_7245/Assignment3/FastAPI/vlab/lib/python3.7/site-packages/airflow/example_dags/example_latest_only_with_trigger.py for tasks to queue
[2021-03-30 19:36:59,670] {logging_mixin.py:104} INFO - [2021-03-30 19:36:59,669] {dagbag.py:448} INFO - Filling up the DagBag from /Users/harika/Desktop/CSYE_7245/Assignment3/FastAPI/vlab/lib/python3.7/site-packages/airflow/example_dags/example_latest_only_with_trigger.py
[2021-03-30 19:36:59,703] {scheduler_job.py:639} INFO - DAG(s) dict_keys(['latest_only_with_trigger']) retrieved from /Users/harika/Desktop/CSYE_7245/Assignment3/FastAPI/vlab/lib/python3.7/site-packages/airflow/example_dags/example_latest_only_with_trigger.py
[2021-03-30 19:36:59,733] {logging_mixin.py:104} INFO - [2021-03-30 19:36:59,733] {dag.py:1818} INFO - Sync 1 DAGs
[2021-03-30 19:36:59,754] {logging_mixin.py:104} INFO - [2021-03-30 19:36:59,753] {dag.py:2273} INFO - Setting next_dagrun for latest_only_with_trigger to 2021-03-28 00:00:00+00:00
[2021-03-30 19:36:59,774] {scheduler_job.py:190} INFO - Processing /Users/harika/Desktop/CSYE_7245/Assignment3/FastAPI/vlab/lib/python3.7/site-packages/airflow/example_dags/example_latest_only_with_trigger.py took 0.114 seconds
[2021-03-30 19:37:40,525] {scheduler_job.py:182} INFO - Started process (PID=21771) to work on /Users/harika/Desktop/CSYE_7245/Assignment3/FastAPI/vlab/lib/python3.7/site-packages/airflow/example_dags/example_latest_only_with_trigger.py
[2021-03-30 19:37:40,530] {scheduler_job.py:629} INFO - Processing file /Users/harika/Desktop/CSYE_7245/Assignment3/FastAPI/vlab/lib/python3.7/site-packages/airflow/example_dags/example_latest_only_with_trigger.py for tasks to queue
[2021-03-30 19:37:40,535] {logging_mixin.py:104} INFO - [2021-03-30 19:37:40,534] {dagbag.py:448} INFO - Filling up the DagBag from /Users/harika/Desktop/CSYE_7245/Assignment3/FastAPI/vlab/lib/python3.7/site-packages/airflow/example_dags/example_latest_only_with_trigger.py
[2021-03-30 19:37:40,576] {scheduler_job.py:639} INFO - DAG(s) dict_keys(['latest_only_with_trigger']) retrieved from /Users/harika/Desktop/CSYE_7245/Assignment3/FastAPI/vlab/lib/python3.7/site-packages/airflow/example_dags/example_latest_only_with_trigger.py
[2021-03-30 19:37:40,705] {logging_mixin.py:104} INFO - [2021-03-30 19:37:40,698] {dag.py:1818} INFO - Sync 1 DAGs
[2021-03-30 19:37:40,802] {logging_mixin.py:104} INFO - [2021-03-30 19:37:40,801] {dag.py:2273} INFO - Setting next_dagrun for latest_only_with_trigger to 2021-03-28 00:00:00+00:00
[2021-03-30 19:37:40,840] {scheduler_job.py:190} INFO - Processing /Users/harika/Desktop/CSYE_7245/Assignment3/FastAPI/vlab/lib/python3.7/site-packages/airflow/example_dags/example_latest_only_with_trigger.py took 0.327 seconds
[2021-03-30 19:38:18,797] {scheduler_job.py:182} INFO - Started process (PID=21814) to work on /Users/harika/Desktop/CSYE_7245/Assignment3/FastAPI/vlab/lib/python3.7/site-packages/airflow/example_dags/example_latest_only_with_trigger.py
[2021-03-30 19:38:18,806] {scheduler_job.py:629} INFO - Processing file /Users/harika/Desktop/CSYE_7245/Assignment3/FastAPI/vlab/lib/python3.7/site-packages/airflow/example_dags/example_latest_only_with_trigger.py for tasks to queue
[2021-03-30 19:38:18,808] {logging_mixin.py:104} INFO - [2021-03-30 19:38:18,807] {dagbag.py:448} INFO - Filling up the DagBag from /Users/harika/Desktop/CSYE_7245/Assignment3/FastAPI/vlab/lib/python3.7/site-packages/airflow/example_dags/example_latest_only_with_trigger.py
[2021-03-30 19:38:18,845] {scheduler_job.py:639} INFO - DAG(s) dict_keys(['latest_only_with_trigger']) retrieved from /Users/harika/Desktop/CSYE_7245/Assignment3/FastAPI/vlab/lib/python3.7/site-packages/airflow/example_dags/example_latest_only_with_trigger.py
[2021-03-30 19:38:18,894] {logging_mixin.py:104} INFO - [2021-03-30 19:38:18,893] {dag.py:1818} INFO - Sync 1 DAGs
[2021-03-30 19:38:18,937] {logging_mixin.py:104} INFO - [2021-03-30 19:38:18,936] {dag.py:2273} INFO - Setting next_dagrun for latest_only_with_trigger to 2021-03-28 00:00:00+00:00
[2021-03-30 19:38:18,962] {scheduler_job.py:190} INFO - Processing /Users/harika/Desktop/CSYE_7245/Assignment3/FastAPI/vlab/lib/python3.7/site-packages/airflow/example_dags/example_latest_only_with_trigger.py took 0.172 seconds
[2021-03-30 19:38:58,540] {scheduler_job.py:182} INFO - Started process (PID=21856) to work on /Users/harika/Desktop/CSYE_7245/Assignment3/FastAPI/vlab/lib/python3.7/site-packages/airflow/example_dags/example_latest_only_with_trigger.py
[2021-03-30 19:38:58,552] {scheduler_job.py:629} INFO - Processing file /Users/harika/Desktop/CSYE_7245/Assignment3/FastAPI/vlab/lib/python3.7/site-packages/airflow/example_dags/example_latest_only_with_trigger.py for tasks to queue
[2021-03-30 19:38:58,559] {logging_mixin.py:104} INFO - [2021-03-30 19:38:58,557] {dagbag.py:448} INFO - Filling up the DagBag from /Users/harika/Desktop/CSYE_7245/Assignment3/FastAPI/vlab/lib/python3.7/site-packages/airflow/example_dags/example_latest_only_with_trigger.py
[2021-03-30 19:38:58,596] {scheduler_job.py:639} INFO - DAG(s) dict_keys(['latest_only_with_trigger']) retrieved from /Users/harika/Desktop/CSYE_7245/Assignment3/FastAPI/vlab/lib/python3.7/site-packages/airflow/example_dags/example_latest_only_with_trigger.py
[2021-03-30 19:38:58,639] {logging_mixin.py:104} INFO - [2021-03-30 19:38:58,638] {dag.py:1818} INFO - Sync 1 DAGs
[2021-03-30 19:38:58,672] {logging_mixin.py:104} INFO - [2021-03-30 19:38:58,668] {dag.py:2273} INFO - Setting next_dagrun for latest_only_with_trigger to 2021-03-28 00:00:00+00:00
[2021-03-30 19:38:58,697] {scheduler_job.py:190} INFO - Processing /Users/harika/Desktop/CSYE_7245/Assignment3/FastAPI/vlab/lib/python3.7/site-packages/airflow/example_dags/example_latest_only_with_trigger.py took 0.166 seconds
[2021-03-30 19:43:42,263] {scheduler_job.py:182} INFO - Started process (PID=21976) to work on /Users/harika/Desktop/CSYE_7245/Assignment3/FastAPI/vlab/lib/python3.7/site-packages/airflow/example_dags/example_latest_only_with_trigger.py
[2021-03-30 19:43:42,269] {scheduler_job.py:629} INFO - Processing file /Users/harika/Desktop/CSYE_7245/Assignment3/FastAPI/vlab/lib/python3.7/site-packages/airflow/example_dags/example_latest_only_with_trigger.py for tasks to queue
[2021-03-30 19:43:42,280] {logging_mixin.py:104} INFO - [2021-03-30 19:43:42,273] {dagbag.py:448} INFO - Filling up the DagBag from /Users/harika/Desktop/CSYE_7245/Assignment3/FastAPI/vlab/lib/python3.7/site-packages/airflow/example_dags/example_latest_only_with_trigger.py
[2021-03-30 19:43:42,317] {scheduler_job.py:639} INFO - DAG(s) dict_keys(['latest_only_with_trigger']) retrieved from /Users/harika/Desktop/CSYE_7245/Assignment3/FastAPI/vlab/lib/python3.7/site-packages/airflow/example_dags/example_latest_only_with_trigger.py
[2021-03-30 19:43:42,362] {logging_mixin.py:104} INFO - [2021-03-30 19:43:42,361] {dag.py:1818} INFO - Sync 1 DAGs
[2021-03-30 19:43:42,463] {logging_mixin.py:104} INFO - [2021-03-30 19:43:42,462] {dag.py:2273} INFO - Setting next_dagrun for latest_only_with_trigger to 2021-03-28 00:00:00+00:00
[2021-03-30 19:43:42,563] {scheduler_job.py:190} INFO - Processing /Users/harika/Desktop/CSYE_7245/Assignment3/FastAPI/vlab/lib/python3.7/site-packages/airflow/example_dags/example_latest_only_with_trigger.py took 0.309 seconds
[2021-03-30 19:44:23,091] {scheduler_job.py:182} INFO - Started process (PID=22019) to work on /Users/harika/Desktop/CSYE_7245/Assignment3/FastAPI/vlab/lib/python3.7/site-packages/airflow/example_dags/example_latest_only_with_trigger.py
[2021-03-30 19:44:23,095] {scheduler_job.py:629} INFO - Processing file /Users/harika/Desktop/CSYE_7245/Assignment3/FastAPI/vlab/lib/python3.7/site-packages/airflow/example_dags/example_latest_only_with_trigger.py for tasks to queue
[2021-03-30 19:44:23,098] {logging_mixin.py:104} INFO - [2021-03-30 19:44:23,097] {dagbag.py:448} INFO - Filling up the DagBag from /Users/harika/Desktop/CSYE_7245/Assignment3/FastAPI/vlab/lib/python3.7/site-packages/airflow/example_dags/example_latest_only_with_trigger.py
[2021-03-30 19:44:23,129] {scheduler_job.py:639} INFO - DAG(s) dict_keys(['latest_only_with_trigger']) retrieved from /Users/harika/Desktop/CSYE_7245/Assignment3/FastAPI/vlab/lib/python3.7/site-packages/airflow/example_dags/example_latest_only_with_trigger.py
[2021-03-30 19:44:23,167] {logging_mixin.py:104} INFO - [2021-03-30 19:44:23,167] {dag.py:1818} INFO - Sync 1 DAGs
[2021-03-30 19:44:23,204] {logging_mixin.py:104} INFO - [2021-03-30 19:44:23,203] {dag.py:2273} INFO - Setting next_dagrun for latest_only_with_trigger to 2021-03-28 00:00:00+00:00
[2021-03-30 19:44:23,231] {scheduler_job.py:190} INFO - Processing /Users/harika/Desktop/CSYE_7245/Assignment3/FastAPI/vlab/lib/python3.7/site-packages/airflow/example_dags/example_latest_only_with_trigger.py took 0.148 seconds
[2021-03-30 19:45:08,209] {scheduler_job.py:182} INFO - Started process (PID=22056) to work on /Users/harika/Desktop/CSYE_7245/Assignment3/FastAPI/vlab/lib/python3.7/site-packages/airflow/example_dags/example_latest_only_with_trigger.py
[2021-03-30 19:45:08,213] {scheduler_job.py:629} INFO - Processing file /Users/harika/Desktop/CSYE_7245/Assignment3/FastAPI/vlab/lib/python3.7/site-packages/airflow/example_dags/example_latest_only_with_trigger.py for tasks to queue
[2021-03-30 19:45:08,218] {logging_mixin.py:104} INFO - [2021-03-30 19:45:08,216] {dagbag.py:448} INFO - Filling up the DagBag from /Users/harika/Desktop/CSYE_7245/Assignment3/FastAPI/vlab/lib/python3.7/site-packages/airflow/example_dags/example_latest_only_with_trigger.py
[2021-03-30 19:45:08,237] {scheduler_job.py:639} INFO - DAG(s) dict_keys(['latest_only_with_trigger']) retrieved from /Users/harika/Desktop/CSYE_7245/Assignment3/FastAPI/vlab/lib/python3.7/site-packages/airflow/example_dags/example_latest_only_with_trigger.py
[2021-03-30 19:45:08,259] {logging_mixin.py:104} INFO - [2021-03-30 19:45:08,258] {dag.py:1818} INFO - Sync 1 DAGs
[2021-03-30 19:45:08,292] {logging_mixin.py:104} INFO - [2021-03-30 19:45:08,292] {dag.py:2273} INFO - Setting next_dagrun for latest_only_with_trigger to 2021-03-28 00:00:00+00:00
[2021-03-30 19:45:08,310] {scheduler_job.py:190} INFO - Processing /Users/harika/Desktop/CSYE_7245/Assignment3/FastAPI/vlab/lib/python3.7/site-packages/airflow/example_dags/example_latest_only_with_trigger.py took 0.108 seconds
[2021-03-30 19:45:51,668] {scheduler_job.py:182} INFO - Started process (PID=22115) to work on /Users/harika/Desktop/CSYE_7245/Assignment3/FastAPI/vlab/lib/python3.7/site-packages/airflow/example_dags/example_latest_only_with_trigger.py
[2021-03-30 19:45:51,674] {scheduler_job.py:629} INFO - Processing file /Users/harika/Desktop/CSYE_7245/Assignment3/FastAPI/vlab/lib/python3.7/site-packages/airflow/example_dags/example_latest_only_with_trigger.py for tasks to queue
[2021-03-30 19:45:51,677] {logging_mixin.py:104} INFO - [2021-03-30 19:45:51,676] {dagbag.py:448} INFO - Filling up the DagBag from /Users/harika/Desktop/CSYE_7245/Assignment3/FastAPI/vlab/lib/python3.7/site-packages/airflow/example_dags/example_latest_only_with_trigger.py
[2021-03-30 19:45:51,703] {scheduler_job.py:639} INFO - DAG(s) dict_keys(['latest_only_with_trigger']) retrieved from /Users/harika/Desktop/CSYE_7245/Assignment3/FastAPI/vlab/lib/python3.7/site-packages/airflow/example_dags/example_latest_only_with_trigger.py
[2021-03-30 19:45:51,743] {logging_mixin.py:104} INFO - [2021-03-30 19:45:51,743] {dag.py:1818} INFO - Sync 1 DAGs
[2021-03-30 19:45:51,782] {logging_mixin.py:104} INFO - [2021-03-30 19:45:51,781] {dag.py:2273} INFO - Setting next_dagrun for latest_only_with_trigger to 2021-03-28 00:00:00+00:00
[2021-03-30 19:45:51,811] {scheduler_job.py:190} INFO - Processing /Users/harika/Desktop/CSYE_7245/Assignment3/FastAPI/vlab/lib/python3.7/site-packages/airflow/example_dags/example_latest_only_with_trigger.py took 0.149 seconds
[2021-03-30 19:46:26,304] {scheduler_job.py:182} INFO - Started process (PID=22142) to work on /Users/harika/Desktop/CSYE_7245/Assignment3/FastAPI/vlab/lib/python3.7/site-packages/airflow/example_dags/example_latest_only_with_trigger.py
[2021-03-30 19:46:26,309] {scheduler_job.py:629} INFO - Processing file /Users/harika/Desktop/CSYE_7245/Assignment3/FastAPI/vlab/lib/python3.7/site-packages/airflow/example_dags/example_latest_only_with_trigger.py for tasks to queue
[2021-03-30 19:46:26,314] {logging_mixin.py:104} INFO - [2021-03-30 19:46:26,311] {dagbag.py:448} INFO - Filling up the DagBag from /Users/harika/Desktop/CSYE_7245/Assignment3/FastAPI/vlab/lib/python3.7/site-packages/airflow/example_dags/example_latest_only_with_trigger.py
[2021-03-30 19:46:26,337] {scheduler_job.py:639} INFO - DAG(s) dict_keys(['latest_only_with_trigger']) retrieved from /Users/harika/Desktop/CSYE_7245/Assignment3/FastAPI/vlab/lib/python3.7/site-packages/airflow/example_dags/example_latest_only_with_trigger.py
[2021-03-30 19:46:26,361] {logging_mixin.py:104} INFO - [2021-03-30 19:46:26,359] {dag.py:1818} INFO - Sync 1 DAGs
[2021-03-30 19:46:26,387] {logging_mixin.py:104} INFO - [2021-03-30 19:46:26,386] {dag.py:2273} INFO - Setting next_dagrun for latest_only_with_trigger to 2021-03-28 00:00:00+00:00
[2021-03-30 19:46:26,403] {scheduler_job.py:190} INFO - Processing /Users/harika/Desktop/CSYE_7245/Assignment3/FastAPI/vlab/lib/python3.7/site-packages/airflow/example_dags/example_latest_only_with_trigger.py took 0.108 seconds
[2021-03-30 19:47:00,772] {scheduler_job.py:182} INFO - Started process (PID=22171) to work on /Users/harika/Desktop/CSYE_7245/Assignment3/FastAPI/vlab/lib/python3.7/site-packages/airflow/example_dags/example_latest_only_with_trigger.py
[2021-03-30 19:47:00,777] {scheduler_job.py:629} INFO - Processing file /Users/harika/Desktop/CSYE_7245/Assignment3/FastAPI/vlab/lib/python3.7/site-packages/airflow/example_dags/example_latest_only_with_trigger.py for tasks to queue
[2021-03-30 19:47:00,781] {logging_mixin.py:104} INFO - [2021-03-30 19:47:00,779] {dagbag.py:448} INFO - Filling up the DagBag from /Users/harika/Desktop/CSYE_7245/Assignment3/FastAPI/vlab/lib/python3.7/site-packages/airflow/example_dags/example_latest_only_with_trigger.py
[2021-03-30 19:47:00,818] {scheduler_job.py:639} INFO - DAG(s) dict_keys(['latest_only_with_trigger']) retrieved from /Users/harika/Desktop/CSYE_7245/Assignment3/FastAPI/vlab/lib/python3.7/site-packages/airflow/example_dags/example_latest_only_with_trigger.py
[2021-03-30 19:47:00,854] {logging_mixin.py:104} INFO - [2021-03-30 19:47:00,853] {dag.py:1818} INFO - Sync 1 DAGs
[2021-03-30 19:47:00,882] {logging_mixin.py:104} INFO - [2021-03-30 19:47:00,881] {dag.py:2273} INFO - Setting next_dagrun for latest_only_with_trigger to 2021-03-28 00:00:00+00:00
[2021-03-30 19:47:00,906] {scheduler_job.py:190} INFO - Processing /Users/harika/Desktop/CSYE_7245/Assignment3/FastAPI/vlab/lib/python3.7/site-packages/airflow/example_dags/example_latest_only_with_trigger.py took 0.142 seconds
[2021-03-30 19:47:41,887] {scheduler_job.py:182} INFO - Started process (PID=22209) to work on /Users/harika/Desktop/CSYE_7245/Assignment3/FastAPI/vlab/lib/python3.7/site-packages/airflow/example_dags/example_latest_only_with_trigger.py
[2021-03-30 19:47:41,897] {scheduler_job.py:629} INFO - Processing file /Users/harika/Desktop/CSYE_7245/Assignment3/FastAPI/vlab/lib/python3.7/site-packages/airflow/example_dags/example_latest_only_with_trigger.py for tasks to queue
[2021-03-30 19:47:41,921] {logging_mixin.py:104} INFO - [2021-03-30 19:47:41,912] {dagbag.py:448} INFO - Filling up the DagBag from /Users/harika/Desktop/CSYE_7245/Assignment3/FastAPI/vlab/lib/python3.7/site-packages/airflow/example_dags/example_latest_only_with_trigger.py
[2021-03-30 19:47:41,985] {scheduler_job.py:639} INFO - DAG(s) dict_keys(['latest_only_with_trigger']) retrieved from /Users/harika/Desktop/CSYE_7245/Assignment3/FastAPI/vlab/lib/python3.7/site-packages/airflow/example_dags/example_latest_only_with_trigger.py
[2021-03-30 19:47:42,034] {logging_mixin.py:104} INFO - [2021-03-30 19:47:42,033] {dag.py:1818} INFO - Sync 1 DAGs
[2021-03-30 19:47:42,085] {logging_mixin.py:104} INFO - [2021-03-30 19:47:42,084] {dag.py:2273} INFO - Setting next_dagrun for latest_only_with_trigger to 2021-03-28 00:00:00+00:00
[2021-03-30 19:47:42,124] {scheduler_job.py:190} INFO - Processing /Users/harika/Desktop/CSYE_7245/Assignment3/FastAPI/vlab/lib/python3.7/site-packages/airflow/example_dags/example_latest_only_with_trigger.py took 0.257 seconds
[2021-03-30 19:57:12,593] {scheduler_job.py:182} INFO - Started process (PID=22473) to work on /Library/Frameworks/Python.framework/Versions/3.9/lib/python3.9/site-packages/airflow/example_dags/example_latest_only_with_trigger.py
[2021-03-30 19:57:12,599] {scheduler_job.py:629} INFO - Processing file /Library/Frameworks/Python.framework/Versions/3.9/lib/python3.9/site-packages/airflow/example_dags/example_latest_only_with_trigger.py for tasks to queue
[2021-03-30 19:57:12,600] {logging_mixin.py:104} INFO - [2021-03-30 19:57:12,600] {dagbag.py:448} INFO - Filling up the DagBag from /Library/Frameworks/Python.framework/Versions/3.9/lib/python3.9/site-packages/airflow/example_dags/example_latest_only_with_trigger.py
[2021-03-30 19:57:12,615] {scheduler_job.py:639} INFO - DAG(s) dict_keys(['latest_only_with_trigger']) retrieved from /Library/Frameworks/Python.framework/Versions/3.9/lib/python3.9/site-packages/airflow/example_dags/example_latest_only_with_trigger.py
[2021-03-30 19:57:12,781] {logging_mixin.py:104} INFO - [2021-03-30 19:57:12,780] {dag.py:1818} INFO - Sync 1 DAGs
[2021-03-30 19:57:12,802] {logging_mixin.py:104} INFO - [2021-03-30 19:57:12,801] {dag.py:2273} INFO - Setting next_dagrun for latest_only_with_trigger to 2021-03-28 00:00:00+00:00
[2021-03-30 19:57:12,834] {scheduler_job.py:190} INFO - Processing /Library/Frameworks/Python.framework/Versions/3.9/lib/python3.9/site-packages/airflow/example_dags/example_latest_only_with_trigger.py took 0.242 seconds
[2021-03-30 19:59:24,052] {scheduler_job.py:182} INFO - Started process (PID=22522) to work on /Library/Frameworks/Python.framework/Versions/3.9/lib/python3.9/site-packages/airflow/example_dags/example_latest_only_with_trigger.py
[2021-03-30 19:59:24,053] {scheduler_job.py:629} INFO - Processing file /Library/Frameworks/Python.framework/Versions/3.9/lib/python3.9/site-packages/airflow/example_dags/example_latest_only_with_trigger.py for tasks to queue
[2021-03-30 19:59:24,055] {logging_mixin.py:104} INFO - [2021-03-30 19:59:24,055] {dagbag.py:448} INFO - Filling up the DagBag from /Library/Frameworks/Python.framework/Versions/3.9/lib/python3.9/site-packages/airflow/example_dags/example_latest_only_with_trigger.py
[2021-03-30 19:59:24,098] {scheduler_job.py:639} INFO - DAG(s) dict_keys(['latest_only_with_trigger']) retrieved from /Library/Frameworks/Python.framework/Versions/3.9/lib/python3.9/site-packages/airflow/example_dags/example_latest_only_with_trigger.py
[2021-03-30 19:59:24,300] {logging_mixin.py:104} INFO - [2021-03-30 19:59:24,300] {dag.py:1818} INFO - Sync 1 DAGs
[2021-03-30 19:59:24,321] {logging_mixin.py:104} INFO - [2021-03-30 19:59:24,321] {dag.py:2273} INFO - Setting next_dagrun for latest_only_with_trigger to 2021-03-28 00:00:00+00:00
[2021-03-30 19:59:24,350] {scheduler_job.py:190} INFO - Processing /Library/Frameworks/Python.framework/Versions/3.9/lib/python3.9/site-packages/airflow/example_dags/example_latest_only_with_trigger.py took 0.299 seconds
