[2021-03-30 19:08:29,664] {scheduler_job.py:182} INFO - Started process (PID=20505) to work on /Users/harika/Desktop/CSYE_7245/Assignment3/FastAPI/vlab/lib/python3.7/site-packages/airflow/example_dags/example_branch_python_dop_operator_3.py
[2021-03-30 19:08:29,669] {scheduler_job.py:629} INFO - Processing file /Users/harika/Desktop/CSYE_7245/Assignment3/FastAPI/vlab/lib/python3.7/site-packages/airflow/example_dags/example_branch_python_dop_operator_3.py for tasks to queue
[2021-03-30 19:08:29,671] {logging_mixin.py:104} INFO - [2021-03-30 19:08:29,670] {dagbag.py:448} INFO - Filling up the DagBag from /Users/harika/Desktop/CSYE_7245/Assignment3/FastAPI/vlab/lib/python3.7/site-packages/airflow/example_dags/example_branch_python_dop_operator_3.py
[2021-03-30 19:08:29,706] {scheduler_job.py:639} INFO - DAG(s) dict_keys(['example_branch_dop_operator_v3']) retrieved from /Users/harika/Desktop/CSYE_7245/Assignment3/FastAPI/vlab/lib/python3.7/site-packages/airflow/example_dags/example_branch_python_dop_operator_3.py
[2021-03-30 19:08:29,746] {logging_mixin.py:104} INFO - [2021-03-30 19:08:29,745] {dag.py:1818} INFO - Sync 1 DAGs
[2021-03-30 19:08:29,815] {logging_mixin.py:104} INFO - [2021-03-30 19:08:29,815] {dag.py:2273} INFO - Setting next_dagrun for example_branch_dop_operator_v3 to 2021-03-28 00:00:00+00:00
[2021-03-30 19:08:29,844] {scheduler_job.py:190} INFO - Processing /Users/harika/Desktop/CSYE_7245/Assignment3/FastAPI/vlab/lib/python3.7/site-packages/airflow/example_dags/example_branch_python_dop_operator_3.py took 0.195 seconds
[2021-03-30 19:09:10,413] {scheduler_job.py:182} INFO - Started process (PID=20577) to work on /Users/harika/Desktop/CSYE_7245/Assignment3/FastAPI/vlab/lib/python3.7/site-packages/airflow/example_dags/example_branch_python_dop_operator_3.py
[2021-03-30 19:09:10,418] {scheduler_job.py:629} INFO - Processing file /Users/harika/Desktop/CSYE_7245/Assignment3/FastAPI/vlab/lib/python3.7/site-packages/airflow/example_dags/example_branch_python_dop_operator_3.py for tasks to queue
[2021-03-30 19:09:10,421] {logging_mixin.py:104} INFO - [2021-03-30 19:09:10,419] {dagbag.py:448} INFO - Filling up the DagBag from /Users/harika/Desktop/CSYE_7245/Assignment3/FastAPI/vlab/lib/python3.7/site-packages/airflow/example_dags/example_branch_python_dop_operator_3.py
[2021-03-30 19:09:10,455] {scheduler_job.py:639} INFO - DAG(s) dict_keys(['example_branch_dop_operator_v3']) retrieved from /Users/harika/Desktop/CSYE_7245/Assignment3/FastAPI/vlab/lib/python3.7/site-packages/airflow/example_dags/example_branch_python_dop_operator_3.py
[2021-03-30 19:09:10,512] {logging_mixin.py:104} INFO - [2021-03-30 19:09:10,510] {dag.py:1818} INFO - Sync 1 DAGs
[2021-03-30 19:09:10,699] {logging_mixin.py:104} INFO - [2021-03-30 19:09:10,691] {dag.py:2273} INFO - Setting next_dagrun for example_branch_dop_operator_v3 to 2021-03-28 00:00:00+00:00
[2021-03-30 19:09:10,722] {scheduler_job.py:190} INFO - Processing /Users/harika/Desktop/CSYE_7245/Assignment3/FastAPI/vlab/lib/python3.7/site-packages/airflow/example_dags/example_branch_python_dop_operator_3.py took 0.319 seconds
[2021-03-30 19:12:55,038] {scheduler_job.py:182} INFO - Started process (PID=20641) to work on /Users/harika/Desktop/CSYE_7245/Assignment3/FastAPI/vlab/lib/python3.7/site-packages/airflow/example_dags/example_branch_python_dop_operator_3.py
[2021-03-30 19:12:55,041] {scheduler_job.py:629} INFO - Processing file /Users/harika/Desktop/CSYE_7245/Assignment3/FastAPI/vlab/lib/python3.7/site-packages/airflow/example_dags/example_branch_python_dop_operator_3.py for tasks to queue
[2021-03-30 19:12:55,044] {logging_mixin.py:104} INFO - [2021-03-30 19:12:55,043] {dagbag.py:448} INFO - Filling up the DagBag from /Users/harika/Desktop/CSYE_7245/Assignment3/FastAPI/vlab/lib/python3.7/site-packages/airflow/example_dags/example_branch_python_dop_operator_3.py
[2021-03-30 19:12:55,106] {scheduler_job.py:639} INFO - DAG(s) dict_keys(['example_branch_dop_operator_v3']) retrieved from /Users/harika/Desktop/CSYE_7245/Assignment3/FastAPI/vlab/lib/python3.7/site-packages/airflow/example_dags/example_branch_python_dop_operator_3.py
[2021-03-30 19:12:55,137] {logging_mixin.py:104} INFO - [2021-03-30 19:12:55,136] {dag.py:1818} INFO - Sync 1 DAGs
[2021-03-30 19:12:55,293] {logging_mixin.py:104} INFO - [2021-03-30 19:12:55,291] {dag.py:2273} INFO - Setting next_dagrun for example_branch_dop_operator_v3 to 2021-03-28 00:00:00+00:00
[2021-03-30 19:12:55,343] {scheduler_job.py:190} INFO - Processing /Users/harika/Desktop/CSYE_7245/Assignment3/FastAPI/vlab/lib/python3.7/site-packages/airflow/example_dags/example_branch_python_dop_operator_3.py took 0.312 seconds
[2021-03-30 19:15:39,404] {scheduler_job.py:182} INFO - Started process (PID=20729) to work on /Users/harika/Desktop/CSYE_7245/Assignment3/FastAPI/vlab/lib/python3.7/site-packages/airflow/example_dags/example_branch_python_dop_operator_3.py
[2021-03-30 19:15:39,408] {scheduler_job.py:629} INFO - Processing file /Users/harika/Desktop/CSYE_7245/Assignment3/FastAPI/vlab/lib/python3.7/site-packages/airflow/example_dags/example_branch_python_dop_operator_3.py for tasks to queue
[2021-03-30 19:15:39,410] {logging_mixin.py:104} INFO - [2021-03-30 19:15:39,409] {dagbag.py:448} INFO - Filling up the DagBag from /Users/harika/Desktop/CSYE_7245/Assignment3/FastAPI/vlab/lib/python3.7/site-packages/airflow/example_dags/example_branch_python_dop_operator_3.py
[2021-03-30 19:15:39,429] {scheduler_job.py:639} INFO - DAG(s) dict_keys(['example_branch_dop_operator_v3']) retrieved from /Users/harika/Desktop/CSYE_7245/Assignment3/FastAPI/vlab/lib/python3.7/site-packages/airflow/example_dags/example_branch_python_dop_operator_3.py
[2021-03-30 19:15:39,448] {logging_mixin.py:104} INFO - [2021-03-30 19:15:39,448] {dag.py:1818} INFO - Sync 1 DAGs
[2021-03-30 19:15:39,495] {logging_mixin.py:104} INFO - [2021-03-30 19:15:39,495] {dag.py:2273} INFO - Setting next_dagrun for example_branch_dop_operator_v3 to 2021-03-28 00:00:00+00:00
[2021-03-30 19:15:39,510] {scheduler_job.py:190} INFO - Processing /Users/harika/Desktop/CSYE_7245/Assignment3/FastAPI/vlab/lib/python3.7/site-packages/airflow/example_dags/example_branch_python_dop_operator_3.py took 0.115 seconds
[2021-03-30 19:16:17,606] {scheduler_job.py:182} INFO - Started process (PID=20767) to work on /Users/harika/Desktop/CSYE_7245/Assignment3/FastAPI/vlab/lib/python3.7/site-packages/airflow/example_dags/example_branch_python_dop_operator_3.py
[2021-03-30 19:16:17,613] {scheduler_job.py:629} INFO - Processing file /Users/harika/Desktop/CSYE_7245/Assignment3/FastAPI/vlab/lib/python3.7/site-packages/airflow/example_dags/example_branch_python_dop_operator_3.py for tasks to queue
[2021-03-30 19:16:17,615] {logging_mixin.py:104} INFO - [2021-03-30 19:16:17,614] {dagbag.py:448} INFO - Filling up the DagBag from /Users/harika/Desktop/CSYE_7245/Assignment3/FastAPI/vlab/lib/python3.7/site-packages/airflow/example_dags/example_branch_python_dop_operator_3.py
[2021-03-30 19:16:17,636] {scheduler_job.py:639} INFO - DAG(s) dict_keys(['example_branch_dop_operator_v3']) retrieved from /Users/harika/Desktop/CSYE_7245/Assignment3/FastAPI/vlab/lib/python3.7/site-packages/airflow/example_dags/example_branch_python_dop_operator_3.py
[2021-03-30 19:16:17,690] {logging_mixin.py:104} INFO - [2021-03-30 19:16:17,689] {dag.py:1818} INFO - Sync 1 DAGs
[2021-03-30 19:16:17,771] {logging_mixin.py:104} INFO - [2021-03-30 19:16:17,769] {dag.py:2273} INFO - Setting next_dagrun for example_branch_dop_operator_v3 to 2021-03-28 00:00:00+00:00
[2021-03-30 19:16:17,807] {scheduler_job.py:190} INFO - Processing /Users/harika/Desktop/CSYE_7245/Assignment3/FastAPI/vlab/lib/python3.7/site-packages/airflow/example_dags/example_branch_python_dop_operator_3.py took 0.208 seconds
[2021-03-30 19:16:53,802] {scheduler_job.py:182} INFO - Started process (PID=20811) to work on /Users/harika/Desktop/CSYE_7245/Assignment3/FastAPI/vlab/lib/python3.7/site-packages/airflow/example_dags/example_branch_python_dop_operator_3.py
[2021-03-30 19:16:53,811] {scheduler_job.py:629} INFO - Processing file /Users/harika/Desktop/CSYE_7245/Assignment3/FastAPI/vlab/lib/python3.7/site-packages/airflow/example_dags/example_branch_python_dop_operator_3.py for tasks to queue
[2021-03-30 19:16:53,814] {logging_mixin.py:104} INFO - [2021-03-30 19:16:53,814] {dagbag.py:448} INFO - Filling up the DagBag from /Users/harika/Desktop/CSYE_7245/Assignment3/FastAPI/vlab/lib/python3.7/site-packages/airflow/example_dags/example_branch_python_dop_operator_3.py
[2021-03-30 19:16:53,842] {scheduler_job.py:639} INFO - DAG(s) dict_keys(['example_branch_dop_operator_v3']) retrieved from /Users/harika/Desktop/CSYE_7245/Assignment3/FastAPI/vlab/lib/python3.7/site-packages/airflow/example_dags/example_branch_python_dop_operator_3.py
[2021-03-30 19:16:53,885] {logging_mixin.py:104} INFO - [2021-03-30 19:16:53,884] {dag.py:1818} INFO - Sync 1 DAGs
[2021-03-30 19:16:53,967] {logging_mixin.py:104} INFO - [2021-03-30 19:16:53,967] {dag.py:2273} INFO - Setting next_dagrun for example_branch_dop_operator_v3 to 2021-03-28 00:00:00+00:00
[2021-03-30 19:16:53,983] {scheduler_job.py:190} INFO - Processing /Users/harika/Desktop/CSYE_7245/Assignment3/FastAPI/vlab/lib/python3.7/site-packages/airflow/example_dags/example_branch_python_dop_operator_3.py took 0.189 seconds
[2021-03-30 19:17:33,321] {scheduler_job.py:182} INFO - Started process (PID=20844) to work on /Users/harika/Desktop/CSYE_7245/Assignment3/FastAPI/vlab/lib/python3.7/site-packages/airflow/example_dags/example_branch_python_dop_operator_3.py
[2021-03-30 19:17:33,325] {scheduler_job.py:629} INFO - Processing file /Users/harika/Desktop/CSYE_7245/Assignment3/FastAPI/vlab/lib/python3.7/site-packages/airflow/example_dags/example_branch_python_dop_operator_3.py for tasks to queue
[2021-03-30 19:17:33,327] {logging_mixin.py:104} INFO - [2021-03-30 19:17:33,326] {dagbag.py:448} INFO - Filling up the DagBag from /Users/harika/Desktop/CSYE_7245/Assignment3/FastAPI/vlab/lib/python3.7/site-packages/airflow/example_dags/example_branch_python_dop_operator_3.py
[2021-03-30 19:17:33,341] {scheduler_job.py:639} INFO - DAG(s) dict_keys(['example_branch_dop_operator_v3']) retrieved from /Users/harika/Desktop/CSYE_7245/Assignment3/FastAPI/vlab/lib/python3.7/site-packages/airflow/example_dags/example_branch_python_dop_operator_3.py
[2021-03-30 19:17:33,367] {logging_mixin.py:104} INFO - [2021-03-30 19:17:33,366] {dag.py:1818} INFO - Sync 1 DAGs
[2021-03-30 19:17:33,409] {logging_mixin.py:104} INFO - [2021-03-30 19:17:33,409] {dag.py:2273} INFO - Setting next_dagrun for example_branch_dop_operator_v3 to 2021-03-28 00:00:00+00:00
[2021-03-30 19:17:33,421] {scheduler_job.py:190} INFO - Processing /Users/harika/Desktop/CSYE_7245/Assignment3/FastAPI/vlab/lib/python3.7/site-packages/airflow/example_dags/example_branch_python_dop_operator_3.py took 0.109 seconds
[2021-03-30 19:18:11,406] {scheduler_job.py:182} INFO - Started process (PID=20882) to work on /Users/harika/Desktop/CSYE_7245/Assignment3/FastAPI/vlab/lib/python3.7/site-packages/airflow/example_dags/example_branch_python_dop_operator_3.py
[2021-03-30 19:18:11,409] {scheduler_job.py:629} INFO - Processing file /Users/harika/Desktop/CSYE_7245/Assignment3/FastAPI/vlab/lib/python3.7/site-packages/airflow/example_dags/example_branch_python_dop_operator_3.py for tasks to queue
[2021-03-30 19:18:11,411] {logging_mixin.py:104} INFO - [2021-03-30 19:18:11,410] {dagbag.py:448} INFO - Filling up the DagBag from /Users/harika/Desktop/CSYE_7245/Assignment3/FastAPI/vlab/lib/python3.7/site-packages/airflow/example_dags/example_branch_python_dop_operator_3.py
[2021-03-30 19:18:11,441] {scheduler_job.py:639} INFO - DAG(s) dict_keys(['example_branch_dop_operator_v3']) retrieved from /Users/harika/Desktop/CSYE_7245/Assignment3/FastAPI/vlab/lib/python3.7/site-packages/airflow/example_dags/example_branch_python_dop_operator_3.py
[2021-03-30 19:18:11,486] {logging_mixin.py:104} INFO - [2021-03-30 19:18:11,485] {dag.py:1818} INFO - Sync 1 DAGs
[2021-03-30 19:18:11,587] {logging_mixin.py:104} INFO - [2021-03-30 19:18:11,587] {dag.py:2273} INFO - Setting next_dagrun for example_branch_dop_operator_v3 to 2021-03-28 00:00:00+00:00
[2021-03-30 19:18:11,608] {scheduler_job.py:190} INFO - Processing /Users/harika/Desktop/CSYE_7245/Assignment3/FastAPI/vlab/lib/python3.7/site-packages/airflow/example_dags/example_branch_python_dop_operator_3.py took 0.206 seconds
[2021-03-30 19:21:29,331] {scheduler_job.py:182} INFO - Started process (PID=20965) to work on /Users/harika/Desktop/CSYE_7245/Assignment3/FastAPI/vlab/lib/python3.7/site-packages/airflow/example_dags/example_branch_python_dop_operator_3.py
[2021-03-30 19:21:29,335] {scheduler_job.py:629} INFO - Processing file /Users/harika/Desktop/CSYE_7245/Assignment3/FastAPI/vlab/lib/python3.7/site-packages/airflow/example_dags/example_branch_python_dop_operator_3.py for tasks to queue
[2021-03-30 19:21:29,338] {logging_mixin.py:104} INFO - [2021-03-30 19:21:29,337] {dagbag.py:448} INFO - Filling up the DagBag from /Users/harika/Desktop/CSYE_7245/Assignment3/FastAPI/vlab/lib/python3.7/site-packages/airflow/example_dags/example_branch_python_dop_operator_3.py
[2021-03-30 19:21:29,376] {scheduler_job.py:639} INFO - DAG(s) dict_keys(['example_branch_dop_operator_v3']) retrieved from /Users/harika/Desktop/CSYE_7245/Assignment3/FastAPI/vlab/lib/python3.7/site-packages/airflow/example_dags/example_branch_python_dop_operator_3.py
[2021-03-30 19:21:29,419] {logging_mixin.py:104} INFO - [2021-03-30 19:21:29,418] {dag.py:1818} INFO - Sync 1 DAGs
[2021-03-30 19:21:29,741] {logging_mixin.py:104} INFO - [2021-03-30 19:21:29,740] {dag.py:2273} INFO - Setting next_dagrun for example_branch_dop_operator_v3 to 2021-03-28 00:00:00+00:00
[2021-03-30 19:21:29,789] {scheduler_job.py:190} INFO - Processing /Users/harika/Desktop/CSYE_7245/Assignment3/FastAPI/vlab/lib/python3.7/site-packages/airflow/example_dags/example_branch_python_dop_operator_3.py took 0.466 seconds
[2021-03-30 19:22:19,913] {scheduler_job.py:182} INFO - Started process (PID=21020) to work on /Users/harika/Desktop/CSYE_7245/Assignment3/FastAPI/vlab/lib/python3.7/site-packages/airflow/example_dags/example_branch_python_dop_operator_3.py
[2021-03-30 19:22:19,917] {scheduler_job.py:629} INFO - Processing file /Users/harika/Desktop/CSYE_7245/Assignment3/FastAPI/vlab/lib/python3.7/site-packages/airflow/example_dags/example_branch_python_dop_operator_3.py for tasks to queue
[2021-03-30 19:22:19,924] {logging_mixin.py:104} INFO - [2021-03-30 19:22:19,923] {dagbag.py:448} INFO - Filling up the DagBag from /Users/harika/Desktop/CSYE_7245/Assignment3/FastAPI/vlab/lib/python3.7/site-packages/airflow/example_dags/example_branch_python_dop_operator_3.py
[2021-03-30 19:22:19,971] {scheduler_job.py:639} INFO - DAG(s) dict_keys(['example_branch_dop_operator_v3']) retrieved from /Users/harika/Desktop/CSYE_7245/Assignment3/FastAPI/vlab/lib/python3.7/site-packages/airflow/example_dags/example_branch_python_dop_operator_3.py
[2021-03-30 19:22:20,032] {logging_mixin.py:104} INFO - [2021-03-30 19:22:20,031] {dag.py:1818} INFO - Sync 1 DAGs
[2021-03-30 19:22:20,128] {logging_mixin.py:104} INFO - [2021-03-30 19:22:20,128] {dag.py:2273} INFO - Setting next_dagrun for example_branch_dop_operator_v3 to 2021-03-28 00:00:00+00:00
[2021-03-30 19:22:20,173] {scheduler_job.py:190} INFO - Processing /Users/harika/Desktop/CSYE_7245/Assignment3/FastAPI/vlab/lib/python3.7/site-packages/airflow/example_dags/example_branch_python_dop_operator_3.py took 0.266 seconds
[2021-03-30 19:23:07,267] {scheduler_job.py:182} INFO - Started process (PID=21062) to work on /Users/harika/Desktop/CSYE_7245/Assignment3/FastAPI/vlab/lib/python3.7/site-packages/airflow/example_dags/example_branch_python_dop_operator_3.py
[2021-03-30 19:23:07,274] {scheduler_job.py:629} INFO - Processing file /Users/harika/Desktop/CSYE_7245/Assignment3/FastAPI/vlab/lib/python3.7/site-packages/airflow/example_dags/example_branch_python_dop_operator_3.py for tasks to queue
[2021-03-30 19:23:07,279] {logging_mixin.py:104} INFO - [2021-03-30 19:23:07,276] {dagbag.py:448} INFO - Filling up the DagBag from /Users/harika/Desktop/CSYE_7245/Assignment3/FastAPI/vlab/lib/python3.7/site-packages/airflow/example_dags/example_branch_python_dop_operator_3.py
[2021-03-30 19:23:07,337] {scheduler_job.py:639} INFO - DAG(s) dict_keys(['example_branch_dop_operator_v3']) retrieved from /Users/harika/Desktop/CSYE_7245/Assignment3/FastAPI/vlab/lib/python3.7/site-packages/airflow/example_dags/example_branch_python_dop_operator_3.py
[2021-03-30 19:23:07,497] {logging_mixin.py:104} INFO - [2021-03-30 19:23:07,465] {dag.py:1818} INFO - Sync 1 DAGs
[2021-03-30 19:23:07,654] {logging_mixin.py:104} INFO - [2021-03-30 19:23:07,653] {dag.py:2273} INFO - Setting next_dagrun for example_branch_dop_operator_v3 to 2021-03-28 00:00:00+00:00
[2021-03-30 19:23:07,720] {scheduler_job.py:190} INFO - Processing /Users/harika/Desktop/CSYE_7245/Assignment3/FastAPI/vlab/lib/python3.7/site-packages/airflow/example_dags/example_branch_python_dop_operator_3.py took 0.462 seconds
[2021-03-30 19:23:53,744] {scheduler_job.py:182} INFO - Started process (PID=21102) to work on /Users/harika/Desktop/CSYE_7245/Assignment3/FastAPI/vlab/lib/python3.7/site-packages/airflow/example_dags/example_branch_python_dop_operator_3.py
[2021-03-30 19:23:53,747] {scheduler_job.py:629} INFO - Processing file /Users/harika/Desktop/CSYE_7245/Assignment3/FastAPI/vlab/lib/python3.7/site-packages/airflow/example_dags/example_branch_python_dop_operator_3.py for tasks to queue
[2021-03-30 19:23:53,750] {logging_mixin.py:104} INFO - [2021-03-30 19:23:53,749] {dagbag.py:448} INFO - Filling up the DagBag from /Users/harika/Desktop/CSYE_7245/Assignment3/FastAPI/vlab/lib/python3.7/site-packages/airflow/example_dags/example_branch_python_dop_operator_3.py
[2021-03-30 19:23:53,794] {scheduler_job.py:639} INFO - DAG(s) dict_keys(['example_branch_dop_operator_v3']) retrieved from /Users/harika/Desktop/CSYE_7245/Assignment3/FastAPI/vlab/lib/python3.7/site-packages/airflow/example_dags/example_branch_python_dop_operator_3.py
[2021-03-30 19:23:53,826] {logging_mixin.py:104} INFO - [2021-03-30 19:23:53,824] {dag.py:1818} INFO - Sync 1 DAGs
[2021-03-30 19:23:53,912] {logging_mixin.py:104} INFO - [2021-03-30 19:23:53,911] {dag.py:2273} INFO - Setting next_dagrun for example_branch_dop_operator_v3 to 2021-03-28 00:00:00+00:00
[2021-03-30 19:23:53,928] {scheduler_job.py:190} INFO - Processing /Users/harika/Desktop/CSYE_7245/Assignment3/FastAPI/vlab/lib/python3.7/site-packages/airflow/example_dags/example_branch_python_dop_operator_3.py took 0.191 seconds
[2021-03-30 19:24:30,818] {scheduler_job.py:182} INFO - Started process (PID=21140) to work on /Users/harika/Desktop/CSYE_7245/Assignment3/FastAPI/vlab/lib/python3.7/site-packages/airflow/example_dags/example_branch_python_dop_operator_3.py
[2021-03-30 19:24:30,824] {scheduler_job.py:629} INFO - Processing file /Users/harika/Desktop/CSYE_7245/Assignment3/FastAPI/vlab/lib/python3.7/site-packages/airflow/example_dags/example_branch_python_dop_operator_3.py for tasks to queue
[2021-03-30 19:24:30,829] {logging_mixin.py:104} INFO - [2021-03-30 19:24:30,829] {dagbag.py:448} INFO - Filling up the DagBag from /Users/harika/Desktop/CSYE_7245/Assignment3/FastAPI/vlab/lib/python3.7/site-packages/airflow/example_dags/example_branch_python_dop_operator_3.py
[2021-03-30 19:24:30,872] {scheduler_job.py:639} INFO - DAG(s) dict_keys(['example_branch_dop_operator_v3']) retrieved from /Users/harika/Desktop/CSYE_7245/Assignment3/FastAPI/vlab/lib/python3.7/site-packages/airflow/example_dags/example_branch_python_dop_operator_3.py
[2021-03-30 19:24:30,901] {logging_mixin.py:104} INFO - [2021-03-30 19:24:30,900] {dag.py:1818} INFO - Sync 1 DAGs
[2021-03-30 19:24:31,029] {logging_mixin.py:104} INFO - [2021-03-30 19:24:31,029] {dag.py:2273} INFO - Setting next_dagrun for example_branch_dop_operator_v3 to 2021-03-28 00:00:00+00:00
[2021-03-30 19:24:31,056] {scheduler_job.py:190} INFO - Processing /Users/harika/Desktop/CSYE_7245/Assignment3/FastAPI/vlab/lib/python3.7/site-packages/airflow/example_dags/example_branch_python_dop_operator_3.py took 0.245 seconds
[2021-03-30 19:25:09,884] {scheduler_job.py:182} INFO - Started process (PID=21177) to work on /Users/harika/Desktop/CSYE_7245/Assignment3/FastAPI/vlab/lib/python3.7/site-packages/airflow/example_dags/example_branch_python_dop_operator_3.py
[2021-03-30 19:25:09,888] {scheduler_job.py:629} INFO - Processing file /Users/harika/Desktop/CSYE_7245/Assignment3/FastAPI/vlab/lib/python3.7/site-packages/airflow/example_dags/example_branch_python_dop_operator_3.py for tasks to queue
[2021-03-30 19:25:09,892] {logging_mixin.py:104} INFO - [2021-03-30 19:25:09,891] {dagbag.py:448} INFO - Filling up the DagBag from /Users/harika/Desktop/CSYE_7245/Assignment3/FastAPI/vlab/lib/python3.7/site-packages/airflow/example_dags/example_branch_python_dop_operator_3.py
[2021-03-30 19:25:09,931] {scheduler_job.py:639} INFO - DAG(s) dict_keys(['example_branch_dop_operator_v3']) retrieved from /Users/harika/Desktop/CSYE_7245/Assignment3/FastAPI/vlab/lib/python3.7/site-packages/airflow/example_dags/example_branch_python_dop_operator_3.py
[2021-03-30 19:25:09,961] {logging_mixin.py:104} INFO - [2021-03-30 19:25:09,959] {dag.py:1818} INFO - Sync 1 DAGs
[2021-03-30 19:25:10,078] {logging_mixin.py:104} INFO - [2021-03-30 19:25:10,078] {dag.py:2273} INFO - Setting next_dagrun for example_branch_dop_operator_v3 to 2021-03-28 00:00:00+00:00
[2021-03-30 19:25:10,096] {scheduler_job.py:190} INFO - Processing /Users/harika/Desktop/CSYE_7245/Assignment3/FastAPI/vlab/lib/python3.7/site-packages/airflow/example_dags/example_branch_python_dop_operator_3.py took 0.217 seconds
[2021-03-30 19:25:48,915] {scheduler_job.py:182} INFO - Started process (PID=21216) to work on /Users/harika/Desktop/CSYE_7245/Assignment3/FastAPI/vlab/lib/python3.7/site-packages/airflow/example_dags/example_branch_python_dop_operator_3.py
[2021-03-30 19:25:48,919] {scheduler_job.py:629} INFO - Processing file /Users/harika/Desktop/CSYE_7245/Assignment3/FastAPI/vlab/lib/python3.7/site-packages/airflow/example_dags/example_branch_python_dop_operator_3.py for tasks to queue
[2021-03-30 19:25:48,921] {logging_mixin.py:104} INFO - [2021-03-30 19:25:48,920] {dagbag.py:448} INFO - Filling up the DagBag from /Users/harika/Desktop/CSYE_7245/Assignment3/FastAPI/vlab/lib/python3.7/site-packages/airflow/example_dags/example_branch_python_dop_operator_3.py
[2021-03-30 19:25:48,979] {scheduler_job.py:639} INFO - DAG(s) dict_keys(['example_branch_dop_operator_v3']) retrieved from /Users/harika/Desktop/CSYE_7245/Assignment3/FastAPI/vlab/lib/python3.7/site-packages/airflow/example_dags/example_branch_python_dop_operator_3.py
[2021-03-30 19:25:49,032] {logging_mixin.py:104} INFO - [2021-03-30 19:25:49,031] {dag.py:1818} INFO - Sync 1 DAGs
[2021-03-30 19:25:49,109] {logging_mixin.py:104} INFO - [2021-03-30 19:25:49,108] {dag.py:2273} INFO - Setting next_dagrun for example_branch_dop_operator_v3 to 2021-03-28 00:00:00+00:00
[2021-03-30 19:25:49,119] {scheduler_job.py:190} INFO - Processing /Users/harika/Desktop/CSYE_7245/Assignment3/FastAPI/vlab/lib/python3.7/site-packages/airflow/example_dags/example_branch_python_dop_operator_3.py took 0.212 seconds
[2021-03-30 19:26:30,087] {scheduler_job.py:182} INFO - Started process (PID=21260) to work on /Users/harika/Desktop/CSYE_7245/Assignment3/FastAPI/vlab/lib/python3.7/site-packages/airflow/example_dags/example_branch_python_dop_operator_3.py
[2021-03-30 19:26:30,091] {scheduler_job.py:629} INFO - Processing file /Users/harika/Desktop/CSYE_7245/Assignment3/FastAPI/vlab/lib/python3.7/site-packages/airflow/example_dags/example_branch_python_dop_operator_3.py for tasks to queue
[2021-03-30 19:26:30,094] {logging_mixin.py:104} INFO - [2021-03-30 19:26:30,093] {dagbag.py:448} INFO - Filling up the DagBag from /Users/harika/Desktop/CSYE_7245/Assignment3/FastAPI/vlab/lib/python3.7/site-packages/airflow/example_dags/example_branch_python_dop_operator_3.py
[2021-03-30 19:26:30,248] {scheduler_job.py:639} INFO - DAG(s) dict_keys(['example_branch_dop_operator_v3']) retrieved from /Users/harika/Desktop/CSYE_7245/Assignment3/FastAPI/vlab/lib/python3.7/site-packages/airflow/example_dags/example_branch_python_dop_operator_3.py
[2021-03-30 19:26:30,364] {logging_mixin.py:104} INFO - [2021-03-30 19:26:30,358] {dag.py:1818} INFO - Sync 1 DAGs
[2021-03-30 19:26:30,536] {logging_mixin.py:104} INFO - [2021-03-30 19:26:30,535] {dag.py:2273} INFO - Setting next_dagrun for example_branch_dop_operator_v3 to 2021-03-28 00:00:00+00:00
[2021-03-30 19:26:30,567] {scheduler_job.py:190} INFO - Processing /Users/harika/Desktop/CSYE_7245/Assignment3/FastAPI/vlab/lib/python3.7/site-packages/airflow/example_dags/example_branch_python_dop_operator_3.py took 0.488 seconds
[2021-03-30 19:32:30,765] {scheduler_job.py:182} INFO - Started process (PID=21408) to work on /Users/harika/Desktop/CSYE_7245/Assignment3/FastAPI/vlab/lib/python3.7/site-packages/airflow/example_dags/example_branch_python_dop_operator_3.py
[2021-03-30 19:32:30,768] {scheduler_job.py:629} INFO - Processing file /Users/harika/Desktop/CSYE_7245/Assignment3/FastAPI/vlab/lib/python3.7/site-packages/airflow/example_dags/example_branch_python_dop_operator_3.py for tasks to queue
[2021-03-30 19:32:30,771] {logging_mixin.py:104} INFO - [2021-03-30 19:32:30,770] {dagbag.py:448} INFO - Filling up the DagBag from /Users/harika/Desktop/CSYE_7245/Assignment3/FastAPI/vlab/lib/python3.7/site-packages/airflow/example_dags/example_branch_python_dop_operator_3.py
[2021-03-30 19:32:30,803] {scheduler_job.py:639} INFO - DAG(s) dict_keys(['example_branch_dop_operator_v3']) retrieved from /Users/harika/Desktop/CSYE_7245/Assignment3/FastAPI/vlab/lib/python3.7/site-packages/airflow/example_dags/example_branch_python_dop_operator_3.py
[2021-03-30 19:32:30,859] {logging_mixin.py:104} INFO - [2021-03-30 19:32:30,856] {dag.py:1818} INFO - Sync 1 DAGs
[2021-03-30 19:32:31,120] {logging_mixin.py:104} INFO - [2021-03-30 19:32:31,059] {dag.py:2273} INFO - Setting next_dagrun for example_branch_dop_operator_v3 to 2021-03-28 00:00:00+00:00
[2021-03-30 19:32:31,179] {scheduler_job.py:190} INFO - Processing /Users/harika/Desktop/CSYE_7245/Assignment3/FastAPI/vlab/lib/python3.7/site-packages/airflow/example_dags/example_branch_python_dop_operator_3.py took 0.423 seconds
[2021-03-30 19:33:14,835] {scheduler_job.py:182} INFO - Started process (PID=21452) to work on /Users/harika/Desktop/CSYE_7245/Assignment3/FastAPI/vlab/lib/python3.7/site-packages/airflow/example_dags/example_branch_python_dop_operator_3.py
[2021-03-30 19:33:14,839] {scheduler_job.py:629} INFO - Processing file /Users/harika/Desktop/CSYE_7245/Assignment3/FastAPI/vlab/lib/python3.7/site-packages/airflow/example_dags/example_branch_python_dop_operator_3.py for tasks to queue
[2021-03-30 19:33:14,849] {logging_mixin.py:104} INFO - [2021-03-30 19:33:14,843] {dagbag.py:448} INFO - Filling up the DagBag from /Users/harika/Desktop/CSYE_7245/Assignment3/FastAPI/vlab/lib/python3.7/site-packages/airflow/example_dags/example_branch_python_dop_operator_3.py
[2021-03-30 19:33:14,892] {scheduler_job.py:639} INFO - DAG(s) dict_keys(['example_branch_dop_operator_v3']) retrieved from /Users/harika/Desktop/CSYE_7245/Assignment3/FastAPI/vlab/lib/python3.7/site-packages/airflow/example_dags/example_branch_python_dop_operator_3.py
[2021-03-30 19:33:14,941] {logging_mixin.py:104} INFO - [2021-03-30 19:33:14,940] {dag.py:1818} INFO - Sync 1 DAGs
[2021-03-30 19:33:15,037] {logging_mixin.py:104} INFO - [2021-03-30 19:33:15,037] {dag.py:2273} INFO - Setting next_dagrun for example_branch_dop_operator_v3 to 2021-03-28 00:00:00+00:00
[2021-03-30 19:33:15,102] {scheduler_job.py:190} INFO - Processing /Users/harika/Desktop/CSYE_7245/Assignment3/FastAPI/vlab/lib/python3.7/site-packages/airflow/example_dags/example_branch_python_dop_operator_3.py took 0.273 seconds
[2021-03-30 19:33:52,218] {scheduler_job.py:182} INFO - Started process (PID=21490) to work on /Users/harika/Desktop/CSYE_7245/Assignment3/FastAPI/vlab/lib/python3.7/site-packages/airflow/example_dags/example_branch_python_dop_operator_3.py
[2021-03-30 19:33:52,220] {scheduler_job.py:629} INFO - Processing file /Users/harika/Desktop/CSYE_7245/Assignment3/FastAPI/vlab/lib/python3.7/site-packages/airflow/example_dags/example_branch_python_dop_operator_3.py for tasks to queue
[2021-03-30 19:33:52,222] {logging_mixin.py:104} INFO - [2021-03-30 19:33:52,221] {dagbag.py:448} INFO - Filling up the DagBag from /Users/harika/Desktop/CSYE_7245/Assignment3/FastAPI/vlab/lib/python3.7/site-packages/airflow/example_dags/example_branch_python_dop_operator_3.py
[2021-03-30 19:33:52,264] {scheduler_job.py:639} INFO - DAG(s) dict_keys(['example_branch_dop_operator_v3']) retrieved from /Users/harika/Desktop/CSYE_7245/Assignment3/FastAPI/vlab/lib/python3.7/site-packages/airflow/example_dags/example_branch_python_dop_operator_3.py
[2021-03-30 19:33:52,310] {logging_mixin.py:104} INFO - [2021-03-30 19:33:52,308] {dag.py:1818} INFO - Sync 1 DAGs
[2021-03-30 19:33:52,388] {logging_mixin.py:104} INFO - [2021-03-30 19:33:52,387] {dag.py:2273} INFO - Setting next_dagrun for example_branch_dop_operator_v3 to 2021-03-28 00:00:00+00:00
[2021-03-30 19:33:52,407] {scheduler_job.py:190} INFO - Processing /Users/harika/Desktop/CSYE_7245/Assignment3/FastAPI/vlab/lib/python3.7/site-packages/airflow/example_dags/example_branch_python_dop_operator_3.py took 0.197 seconds
[2021-03-30 19:34:25,077] {scheduler_job.py:182} INFO - Started process (PID=21524) to work on /Users/harika/Desktop/CSYE_7245/Assignment3/FastAPI/vlab/lib/python3.7/site-packages/airflow/example_dags/example_branch_python_dop_operator_3.py
[2021-03-30 19:34:25,082] {scheduler_job.py:629} INFO - Processing file /Users/harika/Desktop/CSYE_7245/Assignment3/FastAPI/vlab/lib/python3.7/site-packages/airflow/example_dags/example_branch_python_dop_operator_3.py for tasks to queue
[2021-03-30 19:34:25,085] {logging_mixin.py:104} INFO - [2021-03-30 19:34:25,084] {dagbag.py:448} INFO - Filling up the DagBag from /Users/harika/Desktop/CSYE_7245/Assignment3/FastAPI/vlab/lib/python3.7/site-packages/airflow/example_dags/example_branch_python_dop_operator_3.py
[2021-03-30 19:34:25,108] {scheduler_job.py:639} INFO - DAG(s) dict_keys(['example_branch_dop_operator_v3']) retrieved from /Users/harika/Desktop/CSYE_7245/Assignment3/FastAPI/vlab/lib/python3.7/site-packages/airflow/example_dags/example_branch_python_dop_operator_3.py
[2021-03-30 19:34:25,141] {logging_mixin.py:104} INFO - [2021-03-30 19:34:25,140] {dag.py:1818} INFO - Sync 1 DAGs
[2021-03-30 19:34:25,205] {logging_mixin.py:104} INFO - [2021-03-30 19:34:25,204] {dag.py:2273} INFO - Setting next_dagrun for example_branch_dop_operator_v3 to 2021-03-28 00:00:00+00:00
[2021-03-30 19:34:25,223] {scheduler_job.py:190} INFO - Processing /Users/harika/Desktop/CSYE_7245/Assignment3/FastAPI/vlab/lib/python3.7/site-packages/airflow/example_dags/example_branch_python_dop_operator_3.py took 0.150 seconds
[2021-03-30 19:35:07,891] {scheduler_job.py:182} INFO - Started process (PID=21579) to work on /Users/harika/Desktop/CSYE_7245/Assignment3/FastAPI/vlab/lib/python3.7/site-packages/airflow/example_dags/example_branch_python_dop_operator_3.py
[2021-03-30 19:35:07,894] {scheduler_job.py:629} INFO - Processing file /Users/harika/Desktop/CSYE_7245/Assignment3/FastAPI/vlab/lib/python3.7/site-packages/airflow/example_dags/example_branch_python_dop_operator_3.py for tasks to queue
[2021-03-30 19:35:07,896] {logging_mixin.py:104} INFO - [2021-03-30 19:35:07,896] {dagbag.py:448} INFO - Filling up the DagBag from /Users/harika/Desktop/CSYE_7245/Assignment3/FastAPI/vlab/lib/python3.7/site-packages/airflow/example_dags/example_branch_python_dop_operator_3.py
[2021-03-30 19:35:07,941] {scheduler_job.py:639} INFO - DAG(s) dict_keys(['example_branch_dop_operator_v3']) retrieved from /Users/harika/Desktop/CSYE_7245/Assignment3/FastAPI/vlab/lib/python3.7/site-packages/airflow/example_dags/example_branch_python_dop_operator_3.py
[2021-03-30 19:35:07,988] {logging_mixin.py:104} INFO - [2021-03-30 19:35:07,987] {dag.py:1818} INFO - Sync 1 DAGs
[2021-03-30 19:35:08,141] {logging_mixin.py:104} INFO - [2021-03-30 19:35:08,141] {dag.py:2273} INFO - Setting next_dagrun for example_branch_dop_operator_v3 to 2021-03-28 00:00:00+00:00
[2021-03-30 19:35:08,162] {scheduler_job.py:190} INFO - Processing /Users/harika/Desktop/CSYE_7245/Assignment3/FastAPI/vlab/lib/python3.7/site-packages/airflow/example_dags/example_branch_python_dop_operator_3.py took 0.280 seconds
[2021-03-30 19:35:44,663] {scheduler_job.py:182} INFO - Started process (PID=21622) to work on /Users/harika/Desktop/CSYE_7245/Assignment3/FastAPI/vlab/lib/python3.7/site-packages/airflow/example_dags/example_branch_python_dop_operator_3.py
[2021-03-30 19:35:44,672] {scheduler_job.py:629} INFO - Processing file /Users/harika/Desktop/CSYE_7245/Assignment3/FastAPI/vlab/lib/python3.7/site-packages/airflow/example_dags/example_branch_python_dop_operator_3.py for tasks to queue
[2021-03-30 19:35:44,677] {logging_mixin.py:104} INFO - [2021-03-30 19:35:44,676] {dagbag.py:448} INFO - Filling up the DagBag from /Users/harika/Desktop/CSYE_7245/Assignment3/FastAPI/vlab/lib/python3.7/site-packages/airflow/example_dags/example_branch_python_dop_operator_3.py
[2021-03-30 19:35:44,748] {scheduler_job.py:639} INFO - DAG(s) dict_keys(['example_branch_dop_operator_v3']) retrieved from /Users/harika/Desktop/CSYE_7245/Assignment3/FastAPI/vlab/lib/python3.7/site-packages/airflow/example_dags/example_branch_python_dop_operator_3.py
[2021-03-30 19:35:44,801] {logging_mixin.py:104} INFO - [2021-03-30 19:35:44,800] {dag.py:1818} INFO - Sync 1 DAGs
[2021-03-30 19:35:45,090] {logging_mixin.py:104} INFO - [2021-03-30 19:35:45,088] {dag.py:2273} INFO - Setting next_dagrun for example_branch_dop_operator_v3 to 2021-03-28 00:00:00+00:00
[2021-03-30 19:35:45,118] {scheduler_job.py:190} INFO - Processing /Users/harika/Desktop/CSYE_7245/Assignment3/FastAPI/vlab/lib/python3.7/site-packages/airflow/example_dags/example_branch_python_dop_operator_3.py took 0.468 seconds
[2021-03-30 19:36:19,556] {scheduler_job.py:182} INFO - Started process (PID=21665) to work on /Users/harika/Desktop/CSYE_7245/Assignment3/FastAPI/vlab/lib/python3.7/site-packages/airflow/example_dags/example_branch_python_dop_operator_3.py
[2021-03-30 19:36:19,561] {scheduler_job.py:629} INFO - Processing file /Users/harika/Desktop/CSYE_7245/Assignment3/FastAPI/vlab/lib/python3.7/site-packages/airflow/example_dags/example_branch_python_dop_operator_3.py for tasks to queue
[2021-03-30 19:36:19,563] {logging_mixin.py:104} INFO - [2021-03-30 19:36:19,562] {dagbag.py:448} INFO - Filling up the DagBag from /Users/harika/Desktop/CSYE_7245/Assignment3/FastAPI/vlab/lib/python3.7/site-packages/airflow/example_dags/example_branch_python_dop_operator_3.py
[2021-03-30 19:36:19,603] {scheduler_job.py:639} INFO - DAG(s) dict_keys(['example_branch_dop_operator_v3']) retrieved from /Users/harika/Desktop/CSYE_7245/Assignment3/FastAPI/vlab/lib/python3.7/site-packages/airflow/example_dags/example_branch_python_dop_operator_3.py
[2021-03-30 19:36:19,636] {logging_mixin.py:104} INFO - [2021-03-30 19:36:19,635] {dag.py:1818} INFO - Sync 1 DAGs
[2021-03-30 19:36:19,705] {logging_mixin.py:104} INFO - [2021-03-30 19:36:19,704] {dag.py:2273} INFO - Setting next_dagrun for example_branch_dop_operator_v3 to 2021-03-28 00:00:00+00:00
[2021-03-30 19:36:19,727] {scheduler_job.py:190} INFO - Processing /Users/harika/Desktop/CSYE_7245/Assignment3/FastAPI/vlab/lib/python3.7/site-packages/airflow/example_dags/example_branch_python_dop_operator_3.py took 0.177 seconds
[2021-03-30 19:36:57,017] {scheduler_job.py:182} INFO - Started process (PID=21716) to work on /Users/harika/Desktop/CSYE_7245/Assignment3/FastAPI/vlab/lib/python3.7/site-packages/airflow/example_dags/example_branch_python_dop_operator_3.py
[2021-03-30 19:36:57,023] {scheduler_job.py:629} INFO - Processing file /Users/harika/Desktop/CSYE_7245/Assignment3/FastAPI/vlab/lib/python3.7/site-packages/airflow/example_dags/example_branch_python_dop_operator_3.py for tasks to queue
[2021-03-30 19:36:57,026] {logging_mixin.py:104} INFO - [2021-03-30 19:36:57,025] {dagbag.py:448} INFO - Filling up the DagBag from /Users/harika/Desktop/CSYE_7245/Assignment3/FastAPI/vlab/lib/python3.7/site-packages/airflow/example_dags/example_branch_python_dop_operator_3.py
[2021-03-30 19:36:57,070] {scheduler_job.py:639} INFO - DAG(s) dict_keys(['example_branch_dop_operator_v3']) retrieved from /Users/harika/Desktop/CSYE_7245/Assignment3/FastAPI/vlab/lib/python3.7/site-packages/airflow/example_dags/example_branch_python_dop_operator_3.py
[2021-03-30 19:36:57,112] {logging_mixin.py:104} INFO - [2021-03-30 19:36:57,111] {dag.py:1818} INFO - Sync 1 DAGs
[2021-03-30 19:36:57,179] {logging_mixin.py:104} INFO - [2021-03-30 19:36:57,178] {dag.py:2273} INFO - Setting next_dagrun for example_branch_dop_operator_v3 to 2021-03-28 00:00:00+00:00
[2021-03-30 19:36:57,191] {scheduler_job.py:190} INFO - Processing /Users/harika/Desktop/CSYE_7245/Assignment3/FastAPI/vlab/lib/python3.7/site-packages/airflow/example_dags/example_branch_python_dop_operator_3.py took 0.192 seconds
[2021-03-30 19:37:39,262] {scheduler_job.py:182} INFO - Started process (PID=21767) to work on /Users/harika/Desktop/CSYE_7245/Assignment3/FastAPI/vlab/lib/python3.7/site-packages/airflow/example_dags/example_branch_python_dop_operator_3.py
[2021-03-30 19:37:39,267] {scheduler_job.py:629} INFO - Processing file /Users/harika/Desktop/CSYE_7245/Assignment3/FastAPI/vlab/lib/python3.7/site-packages/airflow/example_dags/example_branch_python_dop_operator_3.py for tasks to queue
[2021-03-30 19:37:39,277] {logging_mixin.py:104} INFO - [2021-03-30 19:37:39,269] {dagbag.py:448} INFO - Filling up the DagBag from /Users/harika/Desktop/CSYE_7245/Assignment3/FastAPI/vlab/lib/python3.7/site-packages/airflow/example_dags/example_branch_python_dop_operator_3.py
[2021-03-30 19:37:39,318] {scheduler_job.py:639} INFO - DAG(s) dict_keys(['example_branch_dop_operator_v3']) retrieved from /Users/harika/Desktop/CSYE_7245/Assignment3/FastAPI/vlab/lib/python3.7/site-packages/airflow/example_dags/example_branch_python_dop_operator_3.py
[2021-03-30 19:37:39,343] {logging_mixin.py:104} INFO - [2021-03-30 19:37:39,342] {dag.py:1818} INFO - Sync 1 DAGs
[2021-03-30 19:37:39,389] {logging_mixin.py:104} INFO - [2021-03-30 19:37:39,388] {dag.py:2273} INFO - Setting next_dagrun for example_branch_dop_operator_v3 to 2021-03-28 00:00:00+00:00
[2021-03-30 19:37:39,412] {scheduler_job.py:190} INFO - Processing /Users/harika/Desktop/CSYE_7245/Assignment3/FastAPI/vlab/lib/python3.7/site-packages/airflow/example_dags/example_branch_python_dop_operator_3.py took 0.158 seconds
[2021-03-30 19:38:13,513] {scheduler_job.py:182} INFO - Started process (PID=21810) to work on /Users/harika/Desktop/CSYE_7245/Assignment3/FastAPI/vlab/lib/python3.7/site-packages/airflow/example_dags/example_branch_python_dop_operator_3.py
[2021-03-30 19:38:13,521] {scheduler_job.py:629} INFO - Processing file /Users/harika/Desktop/CSYE_7245/Assignment3/FastAPI/vlab/lib/python3.7/site-packages/airflow/example_dags/example_branch_python_dop_operator_3.py for tasks to queue
[2021-03-30 19:38:13,524] {logging_mixin.py:104} INFO - [2021-03-30 19:38:13,523] {dagbag.py:448} INFO - Filling up the DagBag from /Users/harika/Desktop/CSYE_7245/Assignment3/FastAPI/vlab/lib/python3.7/site-packages/airflow/example_dags/example_branch_python_dop_operator_3.py
[2021-03-30 19:38:13,565] {scheduler_job.py:639} INFO - DAG(s) dict_keys(['example_branch_dop_operator_v3']) retrieved from /Users/harika/Desktop/CSYE_7245/Assignment3/FastAPI/vlab/lib/python3.7/site-packages/airflow/example_dags/example_branch_python_dop_operator_3.py
[2021-03-30 19:38:13,602] {logging_mixin.py:104} INFO - [2021-03-30 19:38:13,602] {dag.py:1818} INFO - Sync 1 DAGs
[2021-03-30 19:38:14,140] {logging_mixin.py:104} INFO - [2021-03-30 19:38:14,138] {dag.py:2273} INFO - Setting next_dagrun for example_branch_dop_operator_v3 to 2021-03-28 00:00:00+00:00
[2021-03-30 19:38:14,178] {scheduler_job.py:190} INFO - Processing /Users/harika/Desktop/CSYE_7245/Assignment3/FastAPI/vlab/lib/python3.7/site-packages/airflow/example_dags/example_branch_python_dop_operator_3.py took 0.678 seconds
[2021-03-30 19:38:53,530] {scheduler_job.py:182} INFO - Started process (PID=21847) to work on /Users/harika/Desktop/CSYE_7245/Assignment3/FastAPI/vlab/lib/python3.7/site-packages/airflow/example_dags/example_branch_python_dop_operator_3.py
[2021-03-30 19:38:53,534] {scheduler_job.py:629} INFO - Processing file /Users/harika/Desktop/CSYE_7245/Assignment3/FastAPI/vlab/lib/python3.7/site-packages/airflow/example_dags/example_branch_python_dop_operator_3.py for tasks to queue
[2021-03-30 19:38:53,537] {logging_mixin.py:104} INFO - [2021-03-30 19:38:53,536] {dagbag.py:448} INFO - Filling up the DagBag from /Users/harika/Desktop/CSYE_7245/Assignment3/FastAPI/vlab/lib/python3.7/site-packages/airflow/example_dags/example_branch_python_dop_operator_3.py
[2021-03-30 19:38:53,601] {scheduler_job.py:639} INFO - DAG(s) dict_keys(['example_branch_dop_operator_v3']) retrieved from /Users/harika/Desktop/CSYE_7245/Assignment3/FastAPI/vlab/lib/python3.7/site-packages/airflow/example_dags/example_branch_python_dop_operator_3.py
[2021-03-30 19:38:53,731] {logging_mixin.py:104} INFO - [2021-03-30 19:38:53,729] {dag.py:1818} INFO - Sync 1 DAGs
[2021-03-30 19:38:53,861] {logging_mixin.py:104} INFO - [2021-03-30 19:38:53,860] {dag.py:2273} INFO - Setting next_dagrun for example_branch_dop_operator_v3 to 2021-03-28 00:00:00+00:00
[2021-03-30 19:38:53,907] {scheduler_job.py:190} INFO - Processing /Users/harika/Desktop/CSYE_7245/Assignment3/FastAPI/vlab/lib/python3.7/site-packages/airflow/example_dags/example_branch_python_dop_operator_3.py took 0.385 seconds
[2021-03-30 19:43:45,084] {scheduler_job.py:182} INFO - Started process (PID=21980) to work on /Users/harika/Desktop/CSYE_7245/Assignment3/FastAPI/vlab/lib/python3.7/site-packages/airflow/example_dags/example_branch_python_dop_operator_3.py
[2021-03-30 19:43:45,092] {scheduler_job.py:629} INFO - Processing file /Users/harika/Desktop/CSYE_7245/Assignment3/FastAPI/vlab/lib/python3.7/site-packages/airflow/example_dags/example_branch_python_dop_operator_3.py for tasks to queue
[2021-03-30 19:43:45,098] {logging_mixin.py:104} INFO - [2021-03-30 19:43:45,097] {dagbag.py:448} INFO - Filling up the DagBag from /Users/harika/Desktop/CSYE_7245/Assignment3/FastAPI/vlab/lib/python3.7/site-packages/airflow/example_dags/example_branch_python_dop_operator_3.py
[2021-03-30 19:43:45,171] {scheduler_job.py:639} INFO - DAG(s) dict_keys(['example_branch_dop_operator_v3']) retrieved from /Users/harika/Desktop/CSYE_7245/Assignment3/FastAPI/vlab/lib/python3.7/site-packages/airflow/example_dags/example_branch_python_dop_operator_3.py
[2021-03-30 19:43:45,347] {logging_mixin.py:104} INFO - [2021-03-30 19:43:45,342] {dag.py:1818} INFO - Sync 1 DAGs
[2021-03-30 19:43:45,529] {logging_mixin.py:104} INFO - [2021-03-30 19:43:45,528] {dag.py:2273} INFO - Setting next_dagrun for example_branch_dop_operator_v3 to 2021-03-28 00:00:00+00:00
[2021-03-30 19:43:45,568] {scheduler_job.py:190} INFO - Processing /Users/harika/Desktop/CSYE_7245/Assignment3/FastAPI/vlab/lib/python3.7/site-packages/airflow/example_dags/example_branch_python_dop_operator_3.py took 0.491 seconds
[2021-03-30 19:44:25,630] {scheduler_job.py:182} INFO - Started process (PID=22021) to work on /Users/harika/Desktop/CSYE_7245/Assignment3/FastAPI/vlab/lib/python3.7/site-packages/airflow/example_dags/example_branch_python_dop_operator_3.py
[2021-03-30 19:44:25,634] {scheduler_job.py:629} INFO - Processing file /Users/harika/Desktop/CSYE_7245/Assignment3/FastAPI/vlab/lib/python3.7/site-packages/airflow/example_dags/example_branch_python_dop_operator_3.py for tasks to queue
[2021-03-30 19:44:25,637] {logging_mixin.py:104} INFO - [2021-03-30 19:44:25,636] {dagbag.py:448} INFO - Filling up the DagBag from /Users/harika/Desktop/CSYE_7245/Assignment3/FastAPI/vlab/lib/python3.7/site-packages/airflow/example_dags/example_branch_python_dop_operator_3.py
[2021-03-30 19:44:25,682] {scheduler_job.py:639} INFO - DAG(s) dict_keys(['example_branch_dop_operator_v3']) retrieved from /Users/harika/Desktop/CSYE_7245/Assignment3/FastAPI/vlab/lib/python3.7/site-packages/airflow/example_dags/example_branch_python_dop_operator_3.py
[2021-03-30 19:44:25,724] {logging_mixin.py:104} INFO - [2021-03-30 19:44:25,720] {dag.py:1818} INFO - Sync 1 DAGs
[2021-03-30 19:44:25,836] {logging_mixin.py:104} INFO - [2021-03-30 19:44:25,835] {dag.py:2273} INFO - Setting next_dagrun for example_branch_dop_operator_v3 to 2021-03-28 00:00:00+00:00
[2021-03-30 19:44:25,864] {scheduler_job.py:190} INFO - Processing /Users/harika/Desktop/CSYE_7245/Assignment3/FastAPI/vlab/lib/python3.7/site-packages/airflow/example_dags/example_branch_python_dop_operator_3.py took 0.241 seconds
[2021-03-30 19:45:10,731] {scheduler_job.py:182} INFO - Started process (PID=22058) to work on /Users/harika/Desktop/CSYE_7245/Assignment3/FastAPI/vlab/lib/python3.7/site-packages/airflow/example_dags/example_branch_python_dop_operator_3.py
[2021-03-30 19:45:10,736] {scheduler_job.py:629} INFO - Processing file /Users/harika/Desktop/CSYE_7245/Assignment3/FastAPI/vlab/lib/python3.7/site-packages/airflow/example_dags/example_branch_python_dop_operator_3.py for tasks to queue
[2021-03-30 19:45:10,740] {logging_mixin.py:104} INFO - [2021-03-30 19:45:10,738] {dagbag.py:448} INFO - Filling up the DagBag from /Users/harika/Desktop/CSYE_7245/Assignment3/FastAPI/vlab/lib/python3.7/site-packages/airflow/example_dags/example_branch_python_dop_operator_3.py
[2021-03-30 19:45:10,812] {scheduler_job.py:639} INFO - DAG(s) dict_keys(['example_branch_dop_operator_v3']) retrieved from /Users/harika/Desktop/CSYE_7245/Assignment3/FastAPI/vlab/lib/python3.7/site-packages/airflow/example_dags/example_branch_python_dop_operator_3.py
[2021-03-30 19:45:10,854] {logging_mixin.py:104} INFO - [2021-03-30 19:45:10,853] {dag.py:1818} INFO - Sync 1 DAGs
[2021-03-30 19:45:10,971] {logging_mixin.py:104} INFO - [2021-03-30 19:45:10,960] {dag.py:2273} INFO - Setting next_dagrun for example_branch_dop_operator_v3 to 2021-03-28 00:00:00+00:00
[2021-03-30 19:45:10,999] {scheduler_job.py:190} INFO - Processing /Users/harika/Desktop/CSYE_7245/Assignment3/FastAPI/vlab/lib/python3.7/site-packages/airflow/example_dags/example_branch_python_dop_operator_3.py took 0.276 seconds
[2021-03-30 19:45:54,136] {scheduler_job.py:182} INFO - Started process (PID=22117) to work on /Users/harika/Desktop/CSYE_7245/Assignment3/FastAPI/vlab/lib/python3.7/site-packages/airflow/example_dags/example_branch_python_dop_operator_3.py
[2021-03-30 19:45:54,148] {scheduler_job.py:629} INFO - Processing file /Users/harika/Desktop/CSYE_7245/Assignment3/FastAPI/vlab/lib/python3.7/site-packages/airflow/example_dags/example_branch_python_dop_operator_3.py for tasks to queue
[2021-03-30 19:45:54,153] {logging_mixin.py:104} INFO - [2021-03-30 19:45:54,152] {dagbag.py:448} INFO - Filling up the DagBag from /Users/harika/Desktop/CSYE_7245/Assignment3/FastAPI/vlab/lib/python3.7/site-packages/airflow/example_dags/example_branch_python_dop_operator_3.py
[2021-03-30 19:45:54,218] {scheduler_job.py:639} INFO - DAG(s) dict_keys(['example_branch_dop_operator_v3']) retrieved from /Users/harika/Desktop/CSYE_7245/Assignment3/FastAPI/vlab/lib/python3.7/site-packages/airflow/example_dags/example_branch_python_dop_operator_3.py
[2021-03-30 19:45:54,266] {logging_mixin.py:104} INFO - [2021-03-30 19:45:54,265] {dag.py:1818} INFO - Sync 1 DAGs
[2021-03-30 19:45:54,486] {logging_mixin.py:104} INFO - [2021-03-30 19:45:54,486] {dag.py:2273} INFO - Setting next_dagrun for example_branch_dop_operator_v3 to 2021-03-28 00:00:00+00:00
[2021-03-30 19:45:54,503] {scheduler_job.py:190} INFO - Processing /Users/harika/Desktop/CSYE_7245/Assignment3/FastAPI/vlab/lib/python3.7/site-packages/airflow/example_dags/example_branch_python_dop_operator_3.py took 0.374 seconds
[2021-03-30 19:46:29,047] {scheduler_job.py:182} INFO - Started process (PID=22145) to work on /Users/harika/Desktop/CSYE_7245/Assignment3/FastAPI/vlab/lib/python3.7/site-packages/airflow/example_dags/example_branch_python_dop_operator_3.py
[2021-03-30 19:46:29,052] {scheduler_job.py:629} INFO - Processing file /Users/harika/Desktop/CSYE_7245/Assignment3/FastAPI/vlab/lib/python3.7/site-packages/airflow/example_dags/example_branch_python_dop_operator_3.py for tasks to queue
[2021-03-30 19:46:29,056] {logging_mixin.py:104} INFO - [2021-03-30 19:46:29,055] {dagbag.py:448} INFO - Filling up the DagBag from /Users/harika/Desktop/CSYE_7245/Assignment3/FastAPI/vlab/lib/python3.7/site-packages/airflow/example_dags/example_branch_python_dop_operator_3.py
[2021-03-30 19:46:29,109] {scheduler_job.py:639} INFO - DAG(s) dict_keys(['example_branch_dop_operator_v3']) retrieved from /Users/harika/Desktop/CSYE_7245/Assignment3/FastAPI/vlab/lib/python3.7/site-packages/airflow/example_dags/example_branch_python_dop_operator_3.py
[2021-03-30 19:46:29,148] {logging_mixin.py:104} INFO - [2021-03-30 19:46:29,145] {dag.py:1818} INFO - Sync 1 DAGs
[2021-03-30 19:46:29,233] {logging_mixin.py:104} INFO - [2021-03-30 19:46:29,233] {dag.py:2273} INFO - Setting next_dagrun for example_branch_dop_operator_v3 to 2021-03-28 00:00:00+00:00
[2021-03-30 19:46:29,248] {scheduler_job.py:190} INFO - Processing /Users/harika/Desktop/CSYE_7245/Assignment3/FastAPI/vlab/lib/python3.7/site-packages/airflow/example_dags/example_branch_python_dop_operator_3.py took 0.211 seconds
[2021-03-30 19:47:04,521] {scheduler_job.py:182} INFO - Started process (PID=22174) to work on /Users/harika/Desktop/CSYE_7245/Assignment3/FastAPI/vlab/lib/python3.7/site-packages/airflow/example_dags/example_branch_python_dop_operator_3.py
[2021-03-30 19:47:04,526] {scheduler_job.py:629} INFO - Processing file /Users/harika/Desktop/CSYE_7245/Assignment3/FastAPI/vlab/lib/python3.7/site-packages/airflow/example_dags/example_branch_python_dop_operator_3.py for tasks to queue
[2021-03-30 19:47:04,529] {logging_mixin.py:104} INFO - [2021-03-30 19:47:04,528] {dagbag.py:448} INFO - Filling up the DagBag from /Users/harika/Desktop/CSYE_7245/Assignment3/FastAPI/vlab/lib/python3.7/site-packages/airflow/example_dags/example_branch_python_dop_operator_3.py
[2021-03-30 19:47:04,562] {scheduler_job.py:639} INFO - DAG(s) dict_keys(['example_branch_dop_operator_v3']) retrieved from /Users/harika/Desktop/CSYE_7245/Assignment3/FastAPI/vlab/lib/python3.7/site-packages/airflow/example_dags/example_branch_python_dop_operator_3.py
[2021-03-30 19:47:04,585] {logging_mixin.py:104} INFO - [2021-03-30 19:47:04,585] {dag.py:1818} INFO - Sync 1 DAGs
[2021-03-30 19:47:04,643] {logging_mixin.py:104} INFO - [2021-03-30 19:47:04,642] {dag.py:2273} INFO - Setting next_dagrun for example_branch_dop_operator_v3 to 2021-03-28 00:00:00+00:00
[2021-03-30 19:47:04,654] {scheduler_job.py:190} INFO - Processing /Users/harika/Desktop/CSYE_7245/Assignment3/FastAPI/vlab/lib/python3.7/site-packages/airflow/example_dags/example_branch_python_dop_operator_3.py took 0.138 seconds
[2021-03-30 19:47:56,787] {scheduler_job.py:182} INFO - Started process (PID=22223) to work on /Users/harika/Desktop/CSYE_7245/Assignment3/FastAPI/vlab/lib/python3.7/site-packages/airflow/example_dags/example_branch_python_dop_operator_3.py
[2021-03-30 19:47:56,791] {scheduler_job.py:629} INFO - Processing file /Users/harika/Desktop/CSYE_7245/Assignment3/FastAPI/vlab/lib/python3.7/site-packages/airflow/example_dags/example_branch_python_dop_operator_3.py for tasks to queue
[2021-03-30 19:47:56,794] {logging_mixin.py:104} INFO - [2021-03-30 19:47:56,793] {dagbag.py:448} INFO - Filling up the DagBag from /Users/harika/Desktop/CSYE_7245/Assignment3/FastAPI/vlab/lib/python3.7/site-packages/airflow/example_dags/example_branch_python_dop_operator_3.py
[2021-03-30 19:47:56,972] {scheduler_job.py:639} INFO - DAG(s) dict_keys(['example_branch_dop_operator_v3']) retrieved from /Users/harika/Desktop/CSYE_7245/Assignment3/FastAPI/vlab/lib/python3.7/site-packages/airflow/example_dags/example_branch_python_dop_operator_3.py
[2021-03-30 19:47:57,160] {logging_mixin.py:104} INFO - [2021-03-30 19:47:57,158] {dag.py:1818} INFO - Sync 1 DAGs
[2021-03-30 19:47:57,539] {logging_mixin.py:104} INFO - [2021-03-30 19:47:57,532] {dag.py:2273} INFO - Setting next_dagrun for example_branch_dop_operator_v3 to 2021-03-28 00:00:00+00:00
[2021-03-30 19:47:57,743] {scheduler_job.py:190} INFO - Processing /Users/harika/Desktop/CSYE_7245/Assignment3/FastAPI/vlab/lib/python3.7/site-packages/airflow/example_dags/example_branch_python_dop_operator_3.py took 0.965 seconds
[2021-03-30 19:58:05,892] {scheduler_job.py:182} INFO - Started process (PID=22491) to work on /Library/Frameworks/Python.framework/Versions/3.9/lib/python3.9/site-packages/airflow/example_dags/example_branch_python_dop_operator_3.py
[2021-03-30 19:58:05,894] {scheduler_job.py:629} INFO - Processing file /Library/Frameworks/Python.framework/Versions/3.9/lib/python3.9/site-packages/airflow/example_dags/example_branch_python_dop_operator_3.py for tasks to queue
[2021-03-30 19:58:05,894] {logging_mixin.py:104} INFO - [2021-03-30 19:58:05,894] {dagbag.py:448} INFO - Filling up the DagBag from /Library/Frameworks/Python.framework/Versions/3.9/lib/python3.9/site-packages/airflow/example_dags/example_branch_python_dop_operator_3.py
[2021-03-30 19:58:05,914] {scheduler_job.py:639} INFO - DAG(s) dict_keys(['example_branch_dop_operator_v3']) retrieved from /Library/Frameworks/Python.framework/Versions/3.9/lib/python3.9/site-packages/airflow/example_dags/example_branch_python_dop_operator_3.py
[2021-03-30 19:58:06,031] {logging_mixin.py:104} INFO - [2021-03-30 19:58:06,031] {dag.py:1818} INFO - Sync 1 DAGs
[2021-03-30 19:58:06,125] {logging_mixin.py:104} INFO - [2021-03-30 19:58:06,125] {dag.py:2273} INFO - Setting next_dagrun for example_branch_dop_operator_v3 to 2021-03-28 00:00:00+00:00
[2021-03-30 19:58:06,165] {scheduler_job.py:190} INFO - Processing /Library/Frameworks/Python.framework/Versions/3.9/lib/python3.9/site-packages/airflow/example_dags/example_branch_python_dop_operator_3.py took 0.274 seconds
