[2021-03-30 19:09:04,296] {scheduler_job.py:182} INFO - Started process (PID=20572) to work on /Users/harika/Desktop/CSYE_7245/Assignment3/FastAPI/vlab/lib/python3.7/site-packages/airflow/example_dags/tutorial.py
[2021-03-30 19:09:04,300] {scheduler_job.py:629} INFO - Processing file /Users/harika/Desktop/CSYE_7245/Assignment3/FastAPI/vlab/lib/python3.7/site-packages/airflow/example_dags/tutorial.py for tasks to queue
[2021-03-30 19:09:04,303] {logging_mixin.py:104} INFO - [2021-03-30 19:09:04,302] {dagbag.py:448} INFO - Filling up the DagBag from /Users/harika/Desktop/CSYE_7245/Assignment3/FastAPI/vlab/lib/python3.7/site-packages/airflow/example_dags/tutorial.py
[2021-03-30 19:09:04,327] {scheduler_job.py:639} INFO - DAG(s) dict_keys(['tutorial']) retrieved from /Users/harika/Desktop/CSYE_7245/Assignment3/FastAPI/vlab/lib/python3.7/site-packages/airflow/example_dags/tutorial.py
[2021-03-30 19:09:04,359] {logging_mixin.py:104} INFO - [2021-03-30 19:09:04,358] {dag.py:1818} INFO - Sync 1 DAGs
[2021-03-30 19:09:04,395] {logging_mixin.py:104} INFO - [2021-03-30 19:09:04,394] {dag.py:2273} INFO - Setting next_dagrun for tutorial to 2021-03-28 00:00:00+00:00
[2021-03-30 19:09:04,413] {scheduler_job.py:190} INFO - Processing /Users/harika/Desktop/CSYE_7245/Assignment3/FastAPI/vlab/lib/python3.7/site-packages/airflow/example_dags/tutorial.py took 0.125 seconds
[2021-03-30 19:13:21,808] {scheduler_job.py:182} INFO - Started process (PID=20678) to work on /Users/harika/Desktop/CSYE_7245/Assignment3/FastAPI/vlab/lib/python3.7/site-packages/airflow/example_dags/tutorial.py
[2021-03-30 19:13:21,836] {scheduler_job.py:629} INFO - Processing file /Users/harika/Desktop/CSYE_7245/Assignment3/FastAPI/vlab/lib/python3.7/site-packages/airflow/example_dags/tutorial.py for tasks to queue
[2021-03-30 19:13:21,839] {logging_mixin.py:104} INFO - [2021-03-30 19:13:21,838] {dagbag.py:448} INFO - Filling up the DagBag from /Users/harika/Desktop/CSYE_7245/Assignment3/FastAPI/vlab/lib/python3.7/site-packages/airflow/example_dags/tutorial.py
[2021-03-30 19:13:21,883] {scheduler_job.py:639} INFO - DAG(s) dict_keys(['tutorial']) retrieved from /Users/harika/Desktop/CSYE_7245/Assignment3/FastAPI/vlab/lib/python3.7/site-packages/airflow/example_dags/tutorial.py
[2021-03-30 19:13:21,942] {logging_mixin.py:104} INFO - [2021-03-30 19:13:21,942] {dag.py:1818} INFO - Sync 1 DAGs
[2021-03-30 19:13:21,996] {logging_mixin.py:104} INFO - [2021-03-30 19:13:21,994] {dag.py:2273} INFO - Setting next_dagrun for tutorial to 2021-03-28 00:00:00+00:00
[2021-03-30 19:13:22,175] {scheduler_job.py:190} INFO - Processing /Users/harika/Desktop/CSYE_7245/Assignment3/FastAPI/vlab/lib/python3.7/site-packages/airflow/example_dags/tutorial.py took 0.394 seconds
[2021-03-30 19:16:02,929] {scheduler_job.py:182} INFO - Started process (PID=20751) to work on /Users/harika/Desktop/CSYE_7245/Assignment3/FastAPI/vlab/lib/python3.7/site-packages/airflow/example_dags/tutorial.py
[2021-03-30 19:16:02,937] {scheduler_job.py:629} INFO - Processing file /Users/harika/Desktop/CSYE_7245/Assignment3/FastAPI/vlab/lib/python3.7/site-packages/airflow/example_dags/tutorial.py for tasks to queue
[2021-03-30 19:16:02,942] {logging_mixin.py:104} INFO - [2021-03-30 19:16:02,941] {dagbag.py:448} INFO - Filling up the DagBag from /Users/harika/Desktop/CSYE_7245/Assignment3/FastAPI/vlab/lib/python3.7/site-packages/airflow/example_dags/tutorial.py
[2021-03-30 19:16:02,955] {scheduler_job.py:639} INFO - DAG(s) dict_keys(['tutorial']) retrieved from /Users/harika/Desktop/CSYE_7245/Assignment3/FastAPI/vlab/lib/python3.7/site-packages/airflow/example_dags/tutorial.py
[2021-03-30 19:16:03,000] {logging_mixin.py:104} INFO - [2021-03-30 19:16:02,999] {dag.py:1818} INFO - Sync 1 DAGs
[2021-03-30 19:16:03,112] {logging_mixin.py:104} INFO - [2021-03-30 19:16:03,111] {dag.py:2273} INFO - Setting next_dagrun for tutorial to 2021-03-28 00:00:00+00:00
[2021-03-30 19:16:03,133] {scheduler_job.py:190} INFO - Processing /Users/harika/Desktop/CSYE_7245/Assignment3/FastAPI/vlab/lib/python3.7/site-packages/airflow/example_dags/tutorial.py took 0.211 seconds
[2021-03-30 19:16:41,794] {scheduler_job.py:182} INFO - Started process (PID=20796) to work on /Users/harika/Desktop/CSYE_7245/Assignment3/FastAPI/vlab/lib/python3.7/site-packages/airflow/example_dags/tutorial.py
[2021-03-30 19:16:41,796] {scheduler_job.py:629} INFO - Processing file /Users/harika/Desktop/CSYE_7245/Assignment3/FastAPI/vlab/lib/python3.7/site-packages/airflow/example_dags/tutorial.py for tasks to queue
[2021-03-30 19:16:41,799] {logging_mixin.py:104} INFO - [2021-03-30 19:16:41,798] {dagbag.py:448} INFO - Filling up the DagBag from /Users/harika/Desktop/CSYE_7245/Assignment3/FastAPI/vlab/lib/python3.7/site-packages/airflow/example_dags/tutorial.py
[2021-03-30 19:16:41,820] {scheduler_job.py:639} INFO - DAG(s) dict_keys(['tutorial']) retrieved from /Users/harika/Desktop/CSYE_7245/Assignment3/FastAPI/vlab/lib/python3.7/site-packages/airflow/example_dags/tutorial.py
[2021-03-30 19:16:41,860] {logging_mixin.py:104} INFO - [2021-03-30 19:16:41,860] {dag.py:1818} INFO - Sync 1 DAGs
[2021-03-30 19:16:41,906] {logging_mixin.py:104} INFO - [2021-03-30 19:16:41,905] {dag.py:2273} INFO - Setting next_dagrun for tutorial to 2021-03-28 00:00:00+00:00
[2021-03-30 19:16:41,926] {scheduler_job.py:190} INFO - Processing /Users/harika/Desktop/CSYE_7245/Assignment3/FastAPI/vlab/lib/python3.7/site-packages/airflow/example_dags/tutorial.py took 0.140 seconds
[2021-03-30 19:17:26,905] {scheduler_job.py:182} INFO - Started process (PID=20839) to work on /Users/harika/Desktop/CSYE_7245/Assignment3/FastAPI/vlab/lib/python3.7/site-packages/airflow/example_dags/tutorial.py
[2021-03-30 19:17:26,909] {scheduler_job.py:629} INFO - Processing file /Users/harika/Desktop/CSYE_7245/Assignment3/FastAPI/vlab/lib/python3.7/site-packages/airflow/example_dags/tutorial.py for tasks to queue
[2021-03-30 19:17:26,911] {logging_mixin.py:104} INFO - [2021-03-30 19:17:26,910] {dagbag.py:448} INFO - Filling up the DagBag from /Users/harika/Desktop/CSYE_7245/Assignment3/FastAPI/vlab/lib/python3.7/site-packages/airflow/example_dags/tutorial.py
[2021-03-30 19:17:26,926] {scheduler_job.py:639} INFO - DAG(s) dict_keys(['tutorial']) retrieved from /Users/harika/Desktop/CSYE_7245/Assignment3/FastAPI/vlab/lib/python3.7/site-packages/airflow/example_dags/tutorial.py
[2021-03-30 19:17:26,957] {logging_mixin.py:104} INFO - [2021-03-30 19:17:26,955] {dag.py:1818} INFO - Sync 1 DAGs
[2021-03-30 19:17:26,978] {logging_mixin.py:104} INFO - [2021-03-30 19:17:26,977] {dag.py:2273} INFO - Setting next_dagrun for tutorial to 2021-03-28 00:00:00+00:00
[2021-03-30 19:17:26,989] {scheduler_job.py:190} INFO - Processing /Users/harika/Desktop/CSYE_7245/Assignment3/FastAPI/vlab/lib/python3.7/site-packages/airflow/example_dags/tutorial.py took 0.090 seconds
[2021-03-30 19:18:05,005] {scheduler_job.py:182} INFO - Started process (PID=20875) to work on /Users/harika/Desktop/CSYE_7245/Assignment3/FastAPI/vlab/lib/python3.7/site-packages/airflow/example_dags/tutorial.py
[2021-03-30 19:18:05,009] {scheduler_job.py:629} INFO - Processing file /Users/harika/Desktop/CSYE_7245/Assignment3/FastAPI/vlab/lib/python3.7/site-packages/airflow/example_dags/tutorial.py for tasks to queue
[2021-03-30 19:18:05,015] {logging_mixin.py:104} INFO - [2021-03-30 19:18:05,013] {dagbag.py:448} INFO - Filling up the DagBag from /Users/harika/Desktop/CSYE_7245/Assignment3/FastAPI/vlab/lib/python3.7/site-packages/airflow/example_dags/tutorial.py
[2021-03-30 19:18:05,025] {scheduler_job.py:639} INFO - DAG(s) dict_keys(['tutorial']) retrieved from /Users/harika/Desktop/CSYE_7245/Assignment3/FastAPI/vlab/lib/python3.7/site-packages/airflow/example_dags/tutorial.py
[2021-03-30 19:18:05,073] {logging_mixin.py:104} INFO - [2021-03-30 19:18:05,073] {dag.py:1818} INFO - Sync 1 DAGs
[2021-03-30 19:18:05,100] {logging_mixin.py:104} INFO - [2021-03-30 19:18:05,099] {dag.py:2273} INFO - Setting next_dagrun for tutorial to 2021-03-28 00:00:00+00:00
[2021-03-30 19:18:05,136] {scheduler_job.py:190} INFO - Processing /Users/harika/Desktop/CSYE_7245/Assignment3/FastAPI/vlab/lib/python3.7/site-packages/airflow/example_dags/tutorial.py took 0.138 seconds
[2021-03-30 19:21:49,543] {scheduler_job.py:182} INFO - Started process (PID=20993) to work on /Users/harika/Desktop/CSYE_7245/Assignment3/FastAPI/vlab/lib/python3.7/site-packages/airflow/example_dags/tutorial.py
[2021-03-30 19:21:49,547] {scheduler_job.py:629} INFO - Processing file /Users/harika/Desktop/CSYE_7245/Assignment3/FastAPI/vlab/lib/python3.7/site-packages/airflow/example_dags/tutorial.py for tasks to queue
[2021-03-30 19:21:49,551] {logging_mixin.py:104} INFO - [2021-03-30 19:21:49,550] {dagbag.py:448} INFO - Filling up the DagBag from /Users/harika/Desktop/CSYE_7245/Assignment3/FastAPI/vlab/lib/python3.7/site-packages/airflow/example_dags/tutorial.py
[2021-03-30 19:21:49,580] {scheduler_job.py:639} INFO - DAG(s) dict_keys(['tutorial']) retrieved from /Users/harika/Desktop/CSYE_7245/Assignment3/FastAPI/vlab/lib/python3.7/site-packages/airflow/example_dags/tutorial.py
[2021-03-30 19:21:49,627] {logging_mixin.py:104} INFO - [2021-03-30 19:21:49,627] {dag.py:1818} INFO - Sync 1 DAGs
[2021-03-30 19:21:49,649] {logging_mixin.py:104} INFO - [2021-03-30 19:21:49,648] {dag.py:2273} INFO - Setting next_dagrun for tutorial to 2021-03-28 00:00:00+00:00
[2021-03-30 19:21:49,676] {scheduler_job.py:190} INFO - Processing /Users/harika/Desktop/CSYE_7245/Assignment3/FastAPI/vlab/lib/python3.7/site-packages/airflow/example_dags/tutorial.py took 0.150 seconds
[2021-03-30 19:22:32,394] {scheduler_job.py:182} INFO - Started process (PID=21030) to work on /Users/harika/Desktop/CSYE_7245/Assignment3/FastAPI/vlab/lib/python3.7/site-packages/airflow/example_dags/tutorial.py
[2021-03-30 19:22:32,399] {scheduler_job.py:629} INFO - Processing file /Users/harika/Desktop/CSYE_7245/Assignment3/FastAPI/vlab/lib/python3.7/site-packages/airflow/example_dags/tutorial.py for tasks to queue
[2021-03-30 19:22:32,403] {logging_mixin.py:104} INFO - [2021-03-30 19:22:32,402] {dagbag.py:448} INFO - Filling up the DagBag from /Users/harika/Desktop/CSYE_7245/Assignment3/FastAPI/vlab/lib/python3.7/site-packages/airflow/example_dags/tutorial.py
[2021-03-30 19:22:32,431] {scheduler_job.py:639} INFO - DAG(s) dict_keys(['tutorial']) retrieved from /Users/harika/Desktop/CSYE_7245/Assignment3/FastAPI/vlab/lib/python3.7/site-packages/airflow/example_dags/tutorial.py
[2021-03-30 19:22:32,475] {logging_mixin.py:104} INFO - [2021-03-30 19:22:32,473] {dag.py:1818} INFO - Sync 1 DAGs
[2021-03-30 19:22:32,525] {logging_mixin.py:104} INFO - [2021-03-30 19:22:32,524] {dag.py:2273} INFO - Setting next_dagrun for tutorial to 2021-03-28 00:00:00+00:00
[2021-03-30 19:22:32,572] {scheduler_job.py:190} INFO - Processing /Users/harika/Desktop/CSYE_7245/Assignment3/FastAPI/vlab/lib/python3.7/site-packages/airflow/example_dags/tutorial.py took 0.185 seconds
[2021-03-30 19:23:16,661] {scheduler_job.py:182} INFO - Started process (PID=21071) to work on /Users/harika/Desktop/CSYE_7245/Assignment3/FastAPI/vlab/lib/python3.7/site-packages/airflow/example_dags/tutorial.py
[2021-03-30 19:23:16,664] {scheduler_job.py:629} INFO - Processing file /Users/harika/Desktop/CSYE_7245/Assignment3/FastAPI/vlab/lib/python3.7/site-packages/airflow/example_dags/tutorial.py for tasks to queue
[2021-03-30 19:23:16,667] {logging_mixin.py:104} INFO - [2021-03-30 19:23:16,666] {dagbag.py:448} INFO - Filling up the DagBag from /Users/harika/Desktop/CSYE_7245/Assignment3/FastAPI/vlab/lib/python3.7/site-packages/airflow/example_dags/tutorial.py
[2021-03-30 19:23:16,700] {scheduler_job.py:639} INFO - DAG(s) dict_keys(['tutorial']) retrieved from /Users/harika/Desktop/CSYE_7245/Assignment3/FastAPI/vlab/lib/python3.7/site-packages/airflow/example_dags/tutorial.py
[2021-03-30 19:23:16,737] {logging_mixin.py:104} INFO - [2021-03-30 19:23:16,736] {dag.py:1818} INFO - Sync 1 DAGs
[2021-03-30 19:23:16,799] {logging_mixin.py:104} INFO - [2021-03-30 19:23:16,798] {dag.py:2273} INFO - Setting next_dagrun for tutorial to 2021-03-28 00:00:00+00:00
[2021-03-30 19:23:16,853] {scheduler_job.py:190} INFO - Processing /Users/harika/Desktop/CSYE_7245/Assignment3/FastAPI/vlab/lib/python3.7/site-packages/airflow/example_dags/tutorial.py took 0.197 seconds
[2021-03-30 19:24:01,411] {scheduler_job.py:182} INFO - Started process (PID=21112) to work on /Users/harika/Desktop/CSYE_7245/Assignment3/FastAPI/vlab/lib/python3.7/site-packages/airflow/example_dags/tutorial.py
[2021-03-30 19:24:01,415] {scheduler_job.py:629} INFO - Processing file /Users/harika/Desktop/CSYE_7245/Assignment3/FastAPI/vlab/lib/python3.7/site-packages/airflow/example_dags/tutorial.py for tasks to queue
[2021-03-30 19:24:01,417] {logging_mixin.py:104} INFO - [2021-03-30 19:24:01,417] {dagbag.py:448} INFO - Filling up the DagBag from /Users/harika/Desktop/CSYE_7245/Assignment3/FastAPI/vlab/lib/python3.7/site-packages/airflow/example_dags/tutorial.py
[2021-03-30 19:24:01,444] {scheduler_job.py:639} INFO - DAG(s) dict_keys(['tutorial']) retrieved from /Users/harika/Desktop/CSYE_7245/Assignment3/FastAPI/vlab/lib/python3.7/site-packages/airflow/example_dags/tutorial.py
[2021-03-30 19:24:01,490] {logging_mixin.py:104} INFO - [2021-03-30 19:24:01,489] {dag.py:1818} INFO - Sync 1 DAGs
[2021-03-30 19:24:01,541] {logging_mixin.py:104} INFO - [2021-03-30 19:24:01,533] {dag.py:2273} INFO - Setting next_dagrun for tutorial to 2021-03-28 00:00:00+00:00
[2021-03-30 19:24:01,573] {scheduler_job.py:190} INFO - Processing /Users/harika/Desktop/CSYE_7245/Assignment3/FastAPI/vlab/lib/python3.7/site-packages/airflow/example_dags/tutorial.py took 0.175 seconds
[2021-03-30 19:24:36,247] {scheduler_job.py:182} INFO - Started process (PID=21145) to work on /Users/harika/Desktop/CSYE_7245/Assignment3/FastAPI/vlab/lib/python3.7/site-packages/airflow/example_dags/tutorial.py
[2021-03-30 19:24:36,251] {scheduler_job.py:629} INFO - Processing file /Users/harika/Desktop/CSYE_7245/Assignment3/FastAPI/vlab/lib/python3.7/site-packages/airflow/example_dags/tutorial.py for tasks to queue
[2021-03-30 19:24:36,256] {logging_mixin.py:104} INFO - [2021-03-30 19:24:36,254] {dagbag.py:448} INFO - Filling up the DagBag from /Users/harika/Desktop/CSYE_7245/Assignment3/FastAPI/vlab/lib/python3.7/site-packages/airflow/example_dags/tutorial.py
[2021-03-30 19:24:36,360] {scheduler_job.py:639} INFO - DAG(s) dict_keys(['tutorial']) retrieved from /Users/harika/Desktop/CSYE_7245/Assignment3/FastAPI/vlab/lib/python3.7/site-packages/airflow/example_dags/tutorial.py
[2021-03-30 19:24:36,550] {logging_mixin.py:104} INFO - [2021-03-30 19:24:36,547] {dag.py:1818} INFO - Sync 1 DAGs
[2021-03-30 19:24:36,784] {logging_mixin.py:104} INFO - [2021-03-30 19:24:36,783] {dag.py:2273} INFO - Setting next_dagrun for tutorial to 2021-03-28 00:00:00+00:00
[2021-03-30 19:24:36,822] {scheduler_job.py:190} INFO - Processing /Users/harika/Desktop/CSYE_7245/Assignment3/FastAPI/vlab/lib/python3.7/site-packages/airflow/example_dags/tutorial.py took 0.582 seconds
[2021-03-30 19:25:16,473] {scheduler_job.py:182} INFO - Started process (PID=21184) to work on /Users/harika/Desktop/CSYE_7245/Assignment3/FastAPI/vlab/lib/python3.7/site-packages/airflow/example_dags/tutorial.py
[2021-03-30 19:25:16,478] {scheduler_job.py:629} INFO - Processing file /Users/harika/Desktop/CSYE_7245/Assignment3/FastAPI/vlab/lib/python3.7/site-packages/airflow/example_dags/tutorial.py for tasks to queue
[2021-03-30 19:25:16,481] {logging_mixin.py:104} INFO - [2021-03-30 19:25:16,480] {dagbag.py:448} INFO - Filling up the DagBag from /Users/harika/Desktop/CSYE_7245/Assignment3/FastAPI/vlab/lib/python3.7/site-packages/airflow/example_dags/tutorial.py
[2021-03-30 19:25:16,525] {scheduler_job.py:639} INFO - DAG(s) dict_keys(['tutorial']) retrieved from /Users/harika/Desktop/CSYE_7245/Assignment3/FastAPI/vlab/lib/python3.7/site-packages/airflow/example_dags/tutorial.py
[2021-03-30 19:25:16,573] {logging_mixin.py:104} INFO - [2021-03-30 19:25:16,571] {dag.py:1818} INFO - Sync 1 DAGs
[2021-03-30 19:25:16,716] {logging_mixin.py:104} INFO - [2021-03-30 19:25:16,715] {dag.py:2273} INFO - Setting next_dagrun for tutorial to 2021-03-28 00:00:00+00:00
[2021-03-30 19:25:16,771] {scheduler_job.py:190} INFO - Processing /Users/harika/Desktop/CSYE_7245/Assignment3/FastAPI/vlab/lib/python3.7/site-packages/airflow/example_dags/tutorial.py took 0.304 seconds
[2021-03-30 19:25:54,084] {scheduler_job.py:182} INFO - Started process (PID=21222) to work on /Users/harika/Desktop/CSYE_7245/Assignment3/FastAPI/vlab/lib/python3.7/site-packages/airflow/example_dags/tutorial.py
[2021-03-30 19:25:54,087] {scheduler_job.py:629} INFO - Processing file /Users/harika/Desktop/CSYE_7245/Assignment3/FastAPI/vlab/lib/python3.7/site-packages/airflow/example_dags/tutorial.py for tasks to queue
[2021-03-30 19:25:54,091] {logging_mixin.py:104} INFO - [2021-03-30 19:25:54,089] {dagbag.py:448} INFO - Filling up the DagBag from /Users/harika/Desktop/CSYE_7245/Assignment3/FastAPI/vlab/lib/python3.7/site-packages/airflow/example_dags/tutorial.py
[2021-03-30 19:25:54,144] {scheduler_job.py:639} INFO - DAG(s) dict_keys(['tutorial']) retrieved from /Users/harika/Desktop/CSYE_7245/Assignment3/FastAPI/vlab/lib/python3.7/site-packages/airflow/example_dags/tutorial.py
[2021-03-30 19:25:54,186] {logging_mixin.py:104} INFO - [2021-03-30 19:25:54,185] {dag.py:1818} INFO - Sync 1 DAGs
[2021-03-30 19:25:54,267] {logging_mixin.py:104} INFO - [2021-03-30 19:25:54,266] {dag.py:2273} INFO - Setting next_dagrun for tutorial to 2021-03-28 00:00:00+00:00
[2021-03-30 19:25:54,311] {scheduler_job.py:190} INFO - Processing /Users/harika/Desktop/CSYE_7245/Assignment3/FastAPI/vlab/lib/python3.7/site-packages/airflow/example_dags/tutorial.py took 0.233 seconds
[2021-03-30 19:26:35,647] {scheduler_job.py:182} INFO - Started process (PID=21266) to work on /Users/harika/Desktop/CSYE_7245/Assignment3/FastAPI/vlab/lib/python3.7/site-packages/airflow/example_dags/tutorial.py
[2021-03-30 19:26:35,652] {scheduler_job.py:629} INFO - Processing file /Users/harika/Desktop/CSYE_7245/Assignment3/FastAPI/vlab/lib/python3.7/site-packages/airflow/example_dags/tutorial.py for tasks to queue
[2021-03-30 19:26:35,655] {logging_mixin.py:104} INFO - [2021-03-30 19:26:35,654] {dagbag.py:448} INFO - Filling up the DagBag from /Users/harika/Desktop/CSYE_7245/Assignment3/FastAPI/vlab/lib/python3.7/site-packages/airflow/example_dags/tutorial.py
[2021-03-30 19:26:35,683] {scheduler_job.py:639} INFO - DAG(s) dict_keys(['tutorial']) retrieved from /Users/harika/Desktop/CSYE_7245/Assignment3/FastAPI/vlab/lib/python3.7/site-packages/airflow/example_dags/tutorial.py
[2021-03-30 19:26:35,742] {logging_mixin.py:104} INFO - [2021-03-30 19:26:35,742] {dag.py:1818} INFO - Sync 1 DAGs
[2021-03-30 19:26:35,787] {logging_mixin.py:104} INFO - [2021-03-30 19:26:35,786] {dag.py:2273} INFO - Setting next_dagrun for tutorial to 2021-03-28 00:00:00+00:00
[2021-03-30 19:26:35,818] {scheduler_job.py:190} INFO - Processing /Users/harika/Desktop/CSYE_7245/Assignment3/FastAPI/vlab/lib/python3.7/site-packages/airflow/example_dags/tutorial.py took 0.182 seconds
[2021-03-30 19:32:43,274] {scheduler_job.py:182} INFO - Started process (PID=21418) to work on /Users/harika/Desktop/CSYE_7245/Assignment3/FastAPI/vlab/lib/python3.7/site-packages/airflow/example_dags/tutorial.py
[2021-03-30 19:32:43,278] {scheduler_job.py:629} INFO - Processing file /Users/harika/Desktop/CSYE_7245/Assignment3/FastAPI/vlab/lib/python3.7/site-packages/airflow/example_dags/tutorial.py for tasks to queue
[2021-03-30 19:32:43,281] {logging_mixin.py:104} INFO - [2021-03-30 19:32:43,280] {dagbag.py:448} INFO - Filling up the DagBag from /Users/harika/Desktop/CSYE_7245/Assignment3/FastAPI/vlab/lib/python3.7/site-packages/airflow/example_dags/tutorial.py
[2021-03-30 19:32:43,309] {scheduler_job.py:639} INFO - DAG(s) dict_keys(['tutorial']) retrieved from /Users/harika/Desktop/CSYE_7245/Assignment3/FastAPI/vlab/lib/python3.7/site-packages/airflow/example_dags/tutorial.py
[2021-03-30 19:32:43,365] {logging_mixin.py:104} INFO - [2021-03-30 19:32:43,356] {dag.py:1818} INFO - Sync 1 DAGs
[2021-03-30 19:32:43,604] {logging_mixin.py:104} INFO - [2021-03-30 19:32:43,585] {dag.py:2273} INFO - Setting next_dagrun for tutorial to 2021-03-28 00:00:00+00:00
[2021-03-30 19:32:43,645] {scheduler_job.py:190} INFO - Processing /Users/harika/Desktop/CSYE_7245/Assignment3/FastAPI/vlab/lib/python3.7/site-packages/airflow/example_dags/tutorial.py took 0.381 seconds
[2021-03-30 19:33:28,844] {scheduler_job.py:182} INFO - Started process (PID=21469) to work on /Users/harika/Desktop/CSYE_7245/Assignment3/FastAPI/vlab/lib/python3.7/site-packages/airflow/example_dags/tutorial.py
[2021-03-30 19:33:28,849] {scheduler_job.py:629} INFO - Processing file /Users/harika/Desktop/CSYE_7245/Assignment3/FastAPI/vlab/lib/python3.7/site-packages/airflow/example_dags/tutorial.py for tasks to queue
[2021-03-30 19:33:28,853] {logging_mixin.py:104} INFO - [2021-03-30 19:33:28,851] {dagbag.py:448} INFO - Filling up the DagBag from /Users/harika/Desktop/CSYE_7245/Assignment3/FastAPI/vlab/lib/python3.7/site-packages/airflow/example_dags/tutorial.py
[2021-03-30 19:33:28,880] {scheduler_job.py:639} INFO - DAG(s) dict_keys(['tutorial']) retrieved from /Users/harika/Desktop/CSYE_7245/Assignment3/FastAPI/vlab/lib/python3.7/site-packages/airflow/example_dags/tutorial.py
[2021-03-30 19:33:28,963] {logging_mixin.py:104} INFO - [2021-03-30 19:33:28,962] {dag.py:1818} INFO - Sync 1 DAGs
[2021-03-30 19:33:28,992] {logging_mixin.py:104} INFO - [2021-03-30 19:33:28,992] {dag.py:2273} INFO - Setting next_dagrun for tutorial to 2021-03-28 00:00:00+00:00
[2021-03-30 19:33:29,013] {scheduler_job.py:190} INFO - Processing /Users/harika/Desktop/CSYE_7245/Assignment3/FastAPI/vlab/lib/python3.7/site-packages/airflow/example_dags/tutorial.py took 0.181 seconds
[2021-03-30 19:34:02,021] {scheduler_job.py:182} INFO - Started process (PID=21499) to work on /Users/harika/Desktop/CSYE_7245/Assignment3/FastAPI/vlab/lib/python3.7/site-packages/airflow/example_dags/tutorial.py
[2021-03-30 19:34:02,024] {scheduler_job.py:629} INFO - Processing file /Users/harika/Desktop/CSYE_7245/Assignment3/FastAPI/vlab/lib/python3.7/site-packages/airflow/example_dags/tutorial.py for tasks to queue
[2021-03-30 19:34:02,027] {logging_mixin.py:104} INFO - [2021-03-30 19:34:02,026] {dagbag.py:448} INFO - Filling up the DagBag from /Users/harika/Desktop/CSYE_7245/Assignment3/FastAPI/vlab/lib/python3.7/site-packages/airflow/example_dags/tutorial.py
[2021-03-30 19:34:02,050] {scheduler_job.py:639} INFO - DAG(s) dict_keys(['tutorial']) retrieved from /Users/harika/Desktop/CSYE_7245/Assignment3/FastAPI/vlab/lib/python3.7/site-packages/airflow/example_dags/tutorial.py
[2021-03-30 19:34:02,076] {logging_mixin.py:104} INFO - [2021-03-30 19:34:02,076] {dag.py:1818} INFO - Sync 1 DAGs
[2021-03-30 19:34:02,112] {logging_mixin.py:104} INFO - [2021-03-30 19:34:02,111] {dag.py:2273} INFO - Setting next_dagrun for tutorial to 2021-03-28 00:00:00+00:00
[2021-03-30 19:34:02,127] {scheduler_job.py:190} INFO - Processing /Users/harika/Desktop/CSYE_7245/Assignment3/FastAPI/vlab/lib/python3.7/site-packages/airflow/example_dags/tutorial.py took 0.114 seconds
[2021-03-30 19:34:39,793] {scheduler_job.py:182} INFO - Started process (PID=21540) to work on /Users/harika/Desktop/CSYE_7245/Assignment3/FastAPI/vlab/lib/python3.7/site-packages/airflow/example_dags/tutorial.py
[2021-03-30 19:34:39,797] {scheduler_job.py:629} INFO - Processing file /Users/harika/Desktop/CSYE_7245/Assignment3/FastAPI/vlab/lib/python3.7/site-packages/airflow/example_dags/tutorial.py for tasks to queue
[2021-03-30 19:34:39,801] {logging_mixin.py:104} INFO - [2021-03-30 19:34:39,799] {dagbag.py:448} INFO - Filling up the DagBag from /Users/harika/Desktop/CSYE_7245/Assignment3/FastAPI/vlab/lib/python3.7/site-packages/airflow/example_dags/tutorial.py
[2021-03-30 19:34:39,853] {scheduler_job.py:639} INFO - DAG(s) dict_keys(['tutorial']) retrieved from /Users/harika/Desktop/CSYE_7245/Assignment3/FastAPI/vlab/lib/python3.7/site-packages/airflow/example_dags/tutorial.py
[2021-03-30 19:34:39,920] {logging_mixin.py:104} INFO - [2021-03-30 19:34:39,918] {dag.py:1818} INFO - Sync 1 DAGs
[2021-03-30 19:34:40,056] {logging_mixin.py:104} INFO - [2021-03-30 19:34:40,054] {dag.py:2273} INFO - Setting next_dagrun for tutorial to 2021-03-28 00:00:00+00:00
[2021-03-30 19:34:40,086] {scheduler_job.py:190} INFO - Processing /Users/harika/Desktop/CSYE_7245/Assignment3/FastAPI/vlab/lib/python3.7/site-packages/airflow/example_dags/tutorial.py took 0.300 seconds
[2021-03-30 19:35:20,795] {scheduler_job.py:182} INFO - Started process (PID=21591) to work on /Users/harika/Desktop/CSYE_7245/Assignment3/FastAPI/vlab/lib/python3.7/site-packages/airflow/example_dags/tutorial.py
[2021-03-30 19:35:20,800] {scheduler_job.py:629} INFO - Processing file /Users/harika/Desktop/CSYE_7245/Assignment3/FastAPI/vlab/lib/python3.7/site-packages/airflow/example_dags/tutorial.py for tasks to queue
[2021-03-30 19:35:20,802] {logging_mixin.py:104} INFO - [2021-03-30 19:35:20,801] {dagbag.py:448} INFO - Filling up the DagBag from /Users/harika/Desktop/CSYE_7245/Assignment3/FastAPI/vlab/lib/python3.7/site-packages/airflow/example_dags/tutorial.py
[2021-03-30 19:35:20,827] {scheduler_job.py:639} INFO - DAG(s) dict_keys(['tutorial']) retrieved from /Users/harika/Desktop/CSYE_7245/Assignment3/FastAPI/vlab/lib/python3.7/site-packages/airflow/example_dags/tutorial.py
[2021-03-30 19:35:20,862] {logging_mixin.py:104} INFO - [2021-03-30 19:35:20,862] {dag.py:1818} INFO - Sync 1 DAGs
[2021-03-30 19:35:20,895] {logging_mixin.py:104} INFO - [2021-03-30 19:35:20,891] {dag.py:2273} INFO - Setting next_dagrun for tutorial to 2021-03-28 00:00:00+00:00
[2021-03-30 19:35:20,925] {scheduler_job.py:190} INFO - Processing /Users/harika/Desktop/CSYE_7245/Assignment3/FastAPI/vlab/lib/python3.7/site-packages/airflow/example_dags/tutorial.py took 0.138 seconds
[2021-03-30 19:35:58,400] {scheduler_job.py:182} INFO - Started process (PID=21644) to work on /Users/harika/Desktop/CSYE_7245/Assignment3/FastAPI/vlab/lib/python3.7/site-packages/airflow/example_dags/tutorial.py
[2021-03-30 19:35:58,404] {scheduler_job.py:629} INFO - Processing file /Users/harika/Desktop/CSYE_7245/Assignment3/FastAPI/vlab/lib/python3.7/site-packages/airflow/example_dags/tutorial.py for tasks to queue
[2021-03-30 19:35:58,411] {logging_mixin.py:104} INFO - [2021-03-30 19:35:58,407] {dagbag.py:448} INFO - Filling up the DagBag from /Users/harika/Desktop/CSYE_7245/Assignment3/FastAPI/vlab/lib/python3.7/site-packages/airflow/example_dags/tutorial.py
[2021-03-30 19:35:58,438] {scheduler_job.py:639} INFO - DAG(s) dict_keys(['tutorial']) retrieved from /Users/harika/Desktop/CSYE_7245/Assignment3/FastAPI/vlab/lib/python3.7/site-packages/airflow/example_dags/tutorial.py
[2021-03-30 19:35:58,468] {logging_mixin.py:104} INFO - [2021-03-30 19:35:58,467] {dag.py:1818} INFO - Sync 1 DAGs
[2021-03-30 19:35:58,507] {logging_mixin.py:104} INFO - [2021-03-30 19:35:58,506] {dag.py:2273} INFO - Setting next_dagrun for tutorial to 2021-03-28 00:00:00+00:00
[2021-03-30 19:35:58,526] {scheduler_job.py:190} INFO - Processing /Users/harika/Desktop/CSYE_7245/Assignment3/FastAPI/vlab/lib/python3.7/site-packages/airflow/example_dags/tutorial.py took 0.134 seconds
[2021-03-30 19:36:36,637] {scheduler_job.py:182} INFO - Started process (PID=21686) to work on /Users/harika/Desktop/CSYE_7245/Assignment3/FastAPI/vlab/lib/python3.7/site-packages/airflow/example_dags/tutorial.py
[2021-03-30 19:36:36,642] {scheduler_job.py:629} INFO - Processing file /Users/harika/Desktop/CSYE_7245/Assignment3/FastAPI/vlab/lib/python3.7/site-packages/airflow/example_dags/tutorial.py for tasks to queue
[2021-03-30 19:36:36,645] {logging_mixin.py:104} INFO - [2021-03-30 19:36:36,645] {dagbag.py:448} INFO - Filling up the DagBag from /Users/harika/Desktop/CSYE_7245/Assignment3/FastAPI/vlab/lib/python3.7/site-packages/airflow/example_dags/tutorial.py
[2021-03-30 19:36:36,686] {scheduler_job.py:639} INFO - DAG(s) dict_keys(['tutorial']) retrieved from /Users/harika/Desktop/CSYE_7245/Assignment3/FastAPI/vlab/lib/python3.7/site-packages/airflow/example_dags/tutorial.py
[2021-03-30 19:36:36,771] {logging_mixin.py:104} INFO - [2021-03-30 19:36:36,770] {dag.py:1818} INFO - Sync 1 DAGs
[2021-03-30 19:36:36,806] {logging_mixin.py:104} INFO - [2021-03-30 19:36:36,805] {dag.py:2273} INFO - Setting next_dagrun for tutorial to 2021-03-28 00:00:00+00:00
[2021-03-30 19:36:37,041] {scheduler_job.py:190} INFO - Processing /Users/harika/Desktop/CSYE_7245/Assignment3/FastAPI/vlab/lib/python3.7/site-packages/airflow/example_dags/tutorial.py took 0.413 seconds
[2021-03-30 19:37:15,793] {scheduler_job.py:182} INFO - Started process (PID=21736) to work on /Users/harika/Desktop/CSYE_7245/Assignment3/FastAPI/vlab/lib/python3.7/site-packages/airflow/example_dags/tutorial.py
[2021-03-30 19:37:15,796] {scheduler_job.py:629} INFO - Processing file /Users/harika/Desktop/CSYE_7245/Assignment3/FastAPI/vlab/lib/python3.7/site-packages/airflow/example_dags/tutorial.py for tasks to queue
[2021-03-30 19:37:15,799] {logging_mixin.py:104} INFO - [2021-03-30 19:37:15,798] {dagbag.py:448} INFO - Filling up the DagBag from /Users/harika/Desktop/CSYE_7245/Assignment3/FastAPI/vlab/lib/python3.7/site-packages/airflow/example_dags/tutorial.py
[2021-03-30 19:37:15,837] {scheduler_job.py:639} INFO - DAG(s) dict_keys(['tutorial']) retrieved from /Users/harika/Desktop/CSYE_7245/Assignment3/FastAPI/vlab/lib/python3.7/site-packages/airflow/example_dags/tutorial.py
[2021-03-30 19:37:15,875] {logging_mixin.py:104} INFO - [2021-03-30 19:37:15,874] {dag.py:1818} INFO - Sync 1 DAGs
[2021-03-30 19:37:15,915] {logging_mixin.py:104} INFO - [2021-03-30 19:37:15,911] {dag.py:2273} INFO - Setting next_dagrun for tutorial to 2021-03-28 00:00:00+00:00
[2021-03-30 19:37:15,931] {scheduler_job.py:190} INFO - Processing /Users/harika/Desktop/CSYE_7245/Assignment3/FastAPI/vlab/lib/python3.7/site-packages/airflow/example_dags/tutorial.py took 0.142 seconds
[2021-03-30 19:37:52,055] {scheduler_job.py:182} INFO - Started process (PID=21786) to work on /Users/harika/Desktop/CSYE_7245/Assignment3/FastAPI/vlab/lib/python3.7/site-packages/airflow/example_dags/tutorial.py
[2021-03-30 19:37:52,061] {scheduler_job.py:629} INFO - Processing file /Users/harika/Desktop/CSYE_7245/Assignment3/FastAPI/vlab/lib/python3.7/site-packages/airflow/example_dags/tutorial.py for tasks to queue
[2021-03-30 19:37:52,064] {logging_mixin.py:104} INFO - [2021-03-30 19:37:52,063] {dagbag.py:448} INFO - Filling up the DagBag from /Users/harika/Desktop/CSYE_7245/Assignment3/FastAPI/vlab/lib/python3.7/site-packages/airflow/example_dags/tutorial.py
[2021-03-30 19:37:52,092] {scheduler_job.py:639} INFO - DAG(s) dict_keys(['tutorial']) retrieved from /Users/harika/Desktop/CSYE_7245/Assignment3/FastAPI/vlab/lib/python3.7/site-packages/airflow/example_dags/tutorial.py
[2021-03-30 19:37:52,127] {logging_mixin.py:104} INFO - [2021-03-30 19:37:52,126] {dag.py:1818} INFO - Sync 1 DAGs
[2021-03-30 19:37:52,398] {logging_mixin.py:104} INFO - [2021-03-30 19:37:52,397] {dag.py:2273} INFO - Setting next_dagrun for tutorial to 2021-03-28 00:00:00+00:00
[2021-03-30 19:37:52,422] {scheduler_job.py:190} INFO - Processing /Users/harika/Desktop/CSYE_7245/Assignment3/FastAPI/vlab/lib/python3.7/site-packages/airflow/example_dags/tutorial.py took 0.379 seconds
[2021-03-30 19:38:33,912] {scheduler_job.py:182} INFO - Started process (PID=21827) to work on /Users/harika/Desktop/CSYE_7245/Assignment3/FastAPI/vlab/lib/python3.7/site-packages/airflow/example_dags/tutorial.py
[2021-03-30 19:38:33,917] {scheduler_job.py:629} INFO - Processing file /Users/harika/Desktop/CSYE_7245/Assignment3/FastAPI/vlab/lib/python3.7/site-packages/airflow/example_dags/tutorial.py for tasks to queue
[2021-03-30 19:38:33,922] {logging_mixin.py:104} INFO - [2021-03-30 19:38:33,920] {dagbag.py:448} INFO - Filling up the DagBag from /Users/harika/Desktop/CSYE_7245/Assignment3/FastAPI/vlab/lib/python3.7/site-packages/airflow/example_dags/tutorial.py
[2021-03-30 19:38:33,957] {scheduler_job.py:639} INFO - DAG(s) dict_keys(['tutorial']) retrieved from /Users/harika/Desktop/CSYE_7245/Assignment3/FastAPI/vlab/lib/python3.7/site-packages/airflow/example_dags/tutorial.py
[2021-03-30 19:38:34,015] {logging_mixin.py:104} INFO - [2021-03-30 19:38:34,013] {dag.py:1818} INFO - Sync 1 DAGs
[2021-03-30 19:38:34,186] {logging_mixin.py:104} INFO - [2021-03-30 19:38:34,184] {dag.py:2273} INFO - Setting next_dagrun for tutorial to 2021-03-28 00:00:00+00:00
[2021-03-30 19:38:34,265] {scheduler_job.py:190} INFO - Processing /Users/harika/Desktop/CSYE_7245/Assignment3/FastAPI/vlab/lib/python3.7/site-packages/airflow/example_dags/tutorial.py took 0.365 seconds
[2021-03-30 19:43:17,940] {scheduler_job.py:182} INFO - Started process (PID=21964) to work on /Users/harika/Desktop/CSYE_7245/Assignment3/FastAPI/vlab/lib/python3.7/site-packages/airflow/example_dags/tutorial.py
[2021-03-30 19:43:17,946] {scheduler_job.py:629} INFO - Processing file /Users/harika/Desktop/CSYE_7245/Assignment3/FastAPI/vlab/lib/python3.7/site-packages/airflow/example_dags/tutorial.py for tasks to queue
[2021-03-30 19:43:17,950] {logging_mixin.py:104} INFO - [2021-03-30 19:43:17,949] {dagbag.py:448} INFO - Filling up the DagBag from /Users/harika/Desktop/CSYE_7245/Assignment3/FastAPI/vlab/lib/python3.7/site-packages/airflow/example_dags/tutorial.py
[2021-03-30 19:43:17,978] {scheduler_job.py:639} INFO - DAG(s) dict_keys(['tutorial']) retrieved from /Users/harika/Desktop/CSYE_7245/Assignment3/FastAPI/vlab/lib/python3.7/site-packages/airflow/example_dags/tutorial.py
[2021-03-30 19:43:18,137] {logging_mixin.py:104} INFO - [2021-03-30 19:43:18,135] {dag.py:1818} INFO - Sync 1 DAGs
[2021-03-30 19:43:18,220] {logging_mixin.py:104} INFO - [2021-03-30 19:43:18,217] {dag.py:2273} INFO - Setting next_dagrun for tutorial to 2021-03-28 00:00:00+00:00
[2021-03-30 19:43:18,256] {scheduler_job.py:190} INFO - Processing /Users/harika/Desktop/CSYE_7245/Assignment3/FastAPI/vlab/lib/python3.7/site-packages/airflow/example_dags/tutorial.py took 0.327 seconds
[2021-03-30 19:44:00,066] {scheduler_job.py:182} INFO - Started process (PID=22000) to work on /Users/harika/Desktop/CSYE_7245/Assignment3/FastAPI/vlab/lib/python3.7/site-packages/airflow/example_dags/tutorial.py
[2021-03-30 19:44:00,071] {scheduler_job.py:629} INFO - Processing file /Users/harika/Desktop/CSYE_7245/Assignment3/FastAPI/vlab/lib/python3.7/site-packages/airflow/example_dags/tutorial.py for tasks to queue
[2021-03-30 19:44:00,076] {logging_mixin.py:104} INFO - [2021-03-30 19:44:00,074] {dagbag.py:448} INFO - Filling up the DagBag from /Users/harika/Desktop/CSYE_7245/Assignment3/FastAPI/vlab/lib/python3.7/site-packages/airflow/example_dags/tutorial.py
[2021-03-30 19:44:00,109] {scheduler_job.py:639} INFO - DAG(s) dict_keys(['tutorial']) retrieved from /Users/harika/Desktop/CSYE_7245/Assignment3/FastAPI/vlab/lib/python3.7/site-packages/airflow/example_dags/tutorial.py
[2021-03-30 19:44:00,147] {logging_mixin.py:104} INFO - [2021-03-30 19:44:00,146] {dag.py:1818} INFO - Sync 1 DAGs
[2021-03-30 19:44:00,408] {logging_mixin.py:104} INFO - [2021-03-30 19:44:00,395] {dag.py:2273} INFO - Setting next_dagrun for tutorial to 2021-03-28 00:00:00+00:00
[2021-03-30 19:44:00,469] {scheduler_job.py:190} INFO - Processing /Users/harika/Desktop/CSYE_7245/Assignment3/FastAPI/vlab/lib/python3.7/site-packages/airflow/example_dags/tutorial.py took 0.410 seconds
[2021-03-30 19:44:39,670] {scheduler_job.py:182} INFO - Started process (PID=22033) to work on /Users/harika/Desktop/CSYE_7245/Assignment3/FastAPI/vlab/lib/python3.7/site-packages/airflow/example_dags/tutorial.py
[2021-03-30 19:44:39,673] {scheduler_job.py:629} INFO - Processing file /Users/harika/Desktop/CSYE_7245/Assignment3/FastAPI/vlab/lib/python3.7/site-packages/airflow/example_dags/tutorial.py for tasks to queue
[2021-03-30 19:44:39,676] {logging_mixin.py:104} INFO - [2021-03-30 19:44:39,675] {dagbag.py:448} INFO - Filling up the DagBag from /Users/harika/Desktop/CSYE_7245/Assignment3/FastAPI/vlab/lib/python3.7/site-packages/airflow/example_dags/tutorial.py
[2021-03-30 19:44:39,727] {scheduler_job.py:639} INFO - DAG(s) dict_keys(['tutorial']) retrieved from /Users/harika/Desktop/CSYE_7245/Assignment3/FastAPI/vlab/lib/python3.7/site-packages/airflow/example_dags/tutorial.py
[2021-03-30 19:44:39,830] {logging_mixin.py:104} INFO - [2021-03-30 19:44:39,816] {dag.py:1818} INFO - Sync 1 DAGs
[2021-03-30 19:44:40,062] {logging_mixin.py:104} INFO - [2021-03-30 19:44:40,061] {dag.py:2273} INFO - Setting next_dagrun for tutorial to 2021-03-28 00:00:00+00:00
[2021-03-30 19:44:40,146] {scheduler_job.py:190} INFO - Processing /Users/harika/Desktop/CSYE_7245/Assignment3/FastAPI/vlab/lib/python3.7/site-packages/airflow/example_dags/tutorial.py took 0.489 seconds
[2021-03-30 19:45:20,160] {scheduler_job.py:182} INFO - Started process (PID=22078) to work on /Users/harika/Desktop/CSYE_7245/Assignment3/FastAPI/vlab/lib/python3.7/site-packages/airflow/example_dags/tutorial.py
[2021-03-30 19:45:20,165] {scheduler_job.py:629} INFO - Processing file /Users/harika/Desktop/CSYE_7245/Assignment3/FastAPI/vlab/lib/python3.7/site-packages/airflow/example_dags/tutorial.py for tasks to queue
[2021-03-30 19:45:20,167] {logging_mixin.py:104} INFO - [2021-03-30 19:45:20,167] {dagbag.py:448} INFO - Filling up the DagBag from /Users/harika/Desktop/CSYE_7245/Assignment3/FastAPI/vlab/lib/python3.7/site-packages/airflow/example_dags/tutorial.py
[2021-03-30 19:45:20,210] {scheduler_job.py:639} INFO - DAG(s) dict_keys(['tutorial']) retrieved from /Users/harika/Desktop/CSYE_7245/Assignment3/FastAPI/vlab/lib/python3.7/site-packages/airflow/example_dags/tutorial.py
[2021-03-30 19:45:20,277] {logging_mixin.py:104} INFO - [2021-03-30 19:45:20,276] {dag.py:1818} INFO - Sync 1 DAGs
[2021-03-30 19:45:20,307] {logging_mixin.py:104} INFO - [2021-03-30 19:45:20,306] {dag.py:2273} INFO - Setting next_dagrun for tutorial to 2021-03-28 00:00:00+00:00
[2021-03-30 19:45:20,333] {scheduler_job.py:190} INFO - Processing /Users/harika/Desktop/CSYE_7245/Assignment3/FastAPI/vlab/lib/python3.7/site-packages/airflow/example_dags/tutorial.py took 0.183 seconds
[2021-03-30 19:45:56,840] {scheduler_job.py:182} INFO - Started process (PID=22119) to work on /Users/harika/Desktop/CSYE_7245/Assignment3/FastAPI/vlab/lib/python3.7/site-packages/airflow/example_dags/tutorial.py
[2021-03-30 19:45:56,846] {scheduler_job.py:629} INFO - Processing file /Users/harika/Desktop/CSYE_7245/Assignment3/FastAPI/vlab/lib/python3.7/site-packages/airflow/example_dags/tutorial.py for tasks to queue
[2021-03-30 19:45:56,849] {logging_mixin.py:104} INFO - [2021-03-30 19:45:56,848] {dagbag.py:448} INFO - Filling up the DagBag from /Users/harika/Desktop/CSYE_7245/Assignment3/FastAPI/vlab/lib/python3.7/site-packages/airflow/example_dags/tutorial.py
[2021-03-30 19:45:56,931] {scheduler_job.py:639} INFO - DAG(s) dict_keys(['tutorial']) retrieved from /Users/harika/Desktop/CSYE_7245/Assignment3/FastAPI/vlab/lib/python3.7/site-packages/airflow/example_dags/tutorial.py
[2021-03-30 19:45:57,034] {logging_mixin.py:104} INFO - [2021-03-30 19:45:57,034] {dag.py:1818} INFO - Sync 1 DAGs
[2021-03-30 19:45:57,063] {logging_mixin.py:104} INFO - [2021-03-30 19:45:57,062] {dag.py:2273} INFO - Setting next_dagrun for tutorial to 2021-03-28 00:00:00+00:00
[2021-03-30 19:45:57,082] {scheduler_job.py:190} INFO - Processing /Users/harika/Desktop/CSYE_7245/Assignment3/FastAPI/vlab/lib/python3.7/site-packages/airflow/example_dags/tutorial.py took 0.256 seconds
[2021-03-30 19:46:36,649] {scheduler_job.py:182} INFO - Started process (PID=22151) to work on /Users/harika/Desktop/CSYE_7245/Assignment3/FastAPI/vlab/lib/python3.7/site-packages/airflow/example_dags/tutorial.py
[2021-03-30 19:46:36,653] {scheduler_job.py:629} INFO - Processing file /Users/harika/Desktop/CSYE_7245/Assignment3/FastAPI/vlab/lib/python3.7/site-packages/airflow/example_dags/tutorial.py for tasks to queue
[2021-03-30 19:46:36,660] {logging_mixin.py:104} INFO - [2021-03-30 19:46:36,659] {dagbag.py:448} INFO - Filling up the DagBag from /Users/harika/Desktop/CSYE_7245/Assignment3/FastAPI/vlab/lib/python3.7/site-packages/airflow/example_dags/tutorial.py
[2021-03-30 19:46:36,691] {scheduler_job.py:639} INFO - DAG(s) dict_keys(['tutorial']) retrieved from /Users/harika/Desktop/CSYE_7245/Assignment3/FastAPI/vlab/lib/python3.7/site-packages/airflow/example_dags/tutorial.py
[2021-03-30 19:46:36,745] {logging_mixin.py:104} INFO - [2021-03-30 19:46:36,739] {dag.py:1818} INFO - Sync 1 DAGs
[2021-03-30 19:46:36,794] {logging_mixin.py:104} INFO - [2021-03-30 19:46:36,793] {dag.py:2273} INFO - Setting next_dagrun for tutorial to 2021-03-28 00:00:00+00:00
[2021-03-30 19:46:36,830] {scheduler_job.py:190} INFO - Processing /Users/harika/Desktop/CSYE_7245/Assignment3/FastAPI/vlab/lib/python3.7/site-packages/airflow/example_dags/tutorial.py took 0.188 seconds
[2021-03-30 19:47:09,650] {scheduler_job.py:182} INFO - Started process (PID=22179) to work on /Users/harika/Desktop/CSYE_7245/Assignment3/FastAPI/vlab/lib/python3.7/site-packages/airflow/example_dags/tutorial.py
[2021-03-30 19:47:09,654] {scheduler_job.py:629} INFO - Processing file /Users/harika/Desktop/CSYE_7245/Assignment3/FastAPI/vlab/lib/python3.7/site-packages/airflow/example_dags/tutorial.py for tasks to queue
[2021-03-30 19:47:09,656] {logging_mixin.py:104} INFO - [2021-03-30 19:47:09,655] {dagbag.py:448} INFO - Filling up the DagBag from /Users/harika/Desktop/CSYE_7245/Assignment3/FastAPI/vlab/lib/python3.7/site-packages/airflow/example_dags/tutorial.py
[2021-03-30 19:47:09,673] {scheduler_job.py:639} INFO - DAG(s) dict_keys(['tutorial']) retrieved from /Users/harika/Desktop/CSYE_7245/Assignment3/FastAPI/vlab/lib/python3.7/site-packages/airflow/example_dags/tutorial.py
[2021-03-30 19:47:09,691] {logging_mixin.py:104} INFO - [2021-03-30 19:47:09,691] {dag.py:1818} INFO - Sync 1 DAGs
[2021-03-30 19:47:09,718] {logging_mixin.py:104} INFO - [2021-03-30 19:47:09,716] {dag.py:2273} INFO - Setting next_dagrun for tutorial to 2021-03-28 00:00:00+00:00
[2021-03-30 19:47:09,732] {scheduler_job.py:190} INFO - Processing /Users/harika/Desktop/CSYE_7245/Assignment3/FastAPI/vlab/lib/python3.7/site-packages/airflow/example_dags/tutorial.py took 0.089 seconds
[2021-03-30 19:47:47,011] {scheduler_job.py:182} INFO - Started process (PID=22213) to work on /Users/harika/Desktop/CSYE_7245/Assignment3/FastAPI/vlab/lib/python3.7/site-packages/airflow/example_dags/tutorial.py
[2021-03-30 19:47:47,015] {scheduler_job.py:629} INFO - Processing file /Users/harika/Desktop/CSYE_7245/Assignment3/FastAPI/vlab/lib/python3.7/site-packages/airflow/example_dags/tutorial.py for tasks to queue
[2021-03-30 19:47:47,017] {logging_mixin.py:104} INFO - [2021-03-30 19:47:47,017] {dagbag.py:448} INFO - Filling up the DagBag from /Users/harika/Desktop/CSYE_7245/Assignment3/FastAPI/vlab/lib/python3.7/site-packages/airflow/example_dags/tutorial.py
[2021-03-30 19:47:47,048] {scheduler_job.py:639} INFO - DAG(s) dict_keys(['tutorial']) retrieved from /Users/harika/Desktop/CSYE_7245/Assignment3/FastAPI/vlab/lib/python3.7/site-packages/airflow/example_dags/tutorial.py
[2021-03-30 19:47:47,105] {logging_mixin.py:104} INFO - [2021-03-30 19:47:47,104] {dag.py:1818} INFO - Sync 1 DAGs
[2021-03-30 19:47:47,143] {logging_mixin.py:104} INFO - [2021-03-30 19:47:47,141] {dag.py:2273} INFO - Setting next_dagrun for tutorial to 2021-03-28 00:00:00+00:00
[2021-03-30 19:47:47,166] {scheduler_job.py:190} INFO - Processing /Users/harika/Desktop/CSYE_7245/Assignment3/FastAPI/vlab/lib/python3.7/site-packages/airflow/example_dags/tutorial.py took 0.159 seconds
[2021-03-30 19:58:19,733] {scheduler_job.py:182} INFO - Started process (PID=22498) to work on /Library/Frameworks/Python.framework/Versions/3.9/lib/python3.9/site-packages/airflow/example_dags/tutorial.py
[2021-03-30 19:58:19,739] {scheduler_job.py:629} INFO - Processing file /Library/Frameworks/Python.framework/Versions/3.9/lib/python3.9/site-packages/airflow/example_dags/tutorial.py for tasks to queue
[2021-03-30 19:58:19,744] {logging_mixin.py:104} INFO - [2021-03-30 19:58:19,741] {dagbag.py:448} INFO - Filling up the DagBag from /Library/Frameworks/Python.framework/Versions/3.9/lib/python3.9/site-packages/airflow/example_dags/tutorial.py
[2021-03-30 19:58:19,770] {scheduler_job.py:639} INFO - DAG(s) dict_keys(['tutorial']) retrieved from /Library/Frameworks/Python.framework/Versions/3.9/lib/python3.9/site-packages/airflow/example_dags/tutorial.py
[2021-03-30 19:58:19,886] {logging_mixin.py:104} INFO - [2021-03-30 19:58:19,885] {dag.py:1818} INFO - Sync 1 DAGs
[2021-03-30 19:58:19,906] {logging_mixin.py:104} INFO - [2021-03-30 19:58:19,906] {dag.py:2273} INFO - Setting next_dagrun for tutorial to 2021-03-28 00:00:00+00:00
[2021-03-30 19:58:19,928] {scheduler_job.py:190} INFO - Processing /Library/Frameworks/Python.framework/Versions/3.9/lib/python3.9/site-packages/airflow/example_dags/tutorial.py took 0.197 seconds
